2023-11-03 17:26:46,753 - fewshot_modelnet_linear_classification - INFO - Copy the Config file from cfgs/fewshot_modelnet_linear_classification.yaml to ./experiments/fewshot_modelnet_linear_classification/cfgs/lr0.003/config.yaml
2023-11-03 17:26:46,753 - fewshot_modelnet_linear_classification - INFO - args.config : cfgs/fewshot_modelnet_linear_classification.yaml
2023-11-03 17:26:46,753 - fewshot_modelnet_linear_classification - INFO - args.launcher : none
2023-11-03 17:26:46,753 - fewshot_modelnet_linear_classification - INFO - args.local_rank : 0
2023-11-03 17:26:46,753 - fewshot_modelnet_linear_classification - INFO - args.num_workers : 8
2023-11-03 17:26:46,753 - fewshot_modelnet_linear_classification - INFO - args.seed : 0
2023-11-03 17:26:46,754 - fewshot_modelnet_linear_classification - INFO - args.deterministic : False
2023-11-03 17:26:46,754 - fewshot_modelnet_linear_classification - INFO - args.sync_bn : True
2023-11-03 17:26:46,754 - fewshot_modelnet_linear_classification - INFO - args.large_group : 5
2023-11-03 17:26:46,754 - fewshot_modelnet_linear_classification - INFO - args.small_group : 10
2023-11-03 17:26:46,754 - fewshot_modelnet_linear_classification - INFO - args.large_patch : 6
2023-11-03 17:26:46,754 - fewshot_modelnet_linear_classification - INFO - args.small_patch : 3
2023-11-03 17:26:46,754 - fewshot_modelnet_linear_classification - INFO - args.queue_length : 8192
2023-11-03 17:26:46,754 - fewshot_modelnet_linear_classification - INFO - args.epoch_queue_starts : 10
2023-11-03 17:26:46,754 - fewshot_modelnet_linear_classification - INFO - args.nmb_crops : 64
2023-11-03 17:26:46,754 - fewshot_modelnet_linear_classification - INFO - args.sample_num : 16
2023-11-03 17:26:46,754 - fewshot_modelnet_linear_classification - INFO - args.fea_dim : 384
2023-11-03 17:26:46,754 - fewshot_modelnet_linear_classification - INFO - args.hidden_mlp : 256
2023-11-03 17:26:46,754 - fewshot_modelnet_linear_classification - INFO - args.output_dim : 128
2023-11-03 17:26:46,754 - fewshot_modelnet_linear_classification - INFO - args.nmb_prototypes : 200
2023-11-03 17:26:46,754 - fewshot_modelnet_linear_classification - INFO - args.temperature : 0.1
2023-11-03 17:26:46,754 - fewshot_modelnet_linear_classification - INFO - args.epsilon : 0.05
2023-11-03 17:26:46,754 - fewshot_modelnet_linear_classification - INFO - args.sinkhorn_iterations : 3
2023-11-03 17:26:46,754 - fewshot_modelnet_linear_classification - INFO - args.world_size : 1
2023-11-03 17:26:46,754 - fewshot_modelnet_linear_classification - INFO - args.exp_name : lr0.003
2023-11-03 17:26:46,754 - fewshot_modelnet_linear_classification - INFO - args.loss : cd1
2023-11-03 17:26:46,754 - fewshot_modelnet_linear_classification - INFO - args.start_ckpts : None
2023-11-03 17:26:46,754 - fewshot_modelnet_linear_classification - INFO - args.ckpts : ./experiments/pretrain_MaskSurf/cfgs/add_as_normal/ckpt-last.pth
2023-11-03 17:26:46,754 - fewshot_modelnet_linear_classification - INFO - args.val_freq : 1
2023-11-03 17:26:46,755 - fewshot_modelnet_linear_classification - INFO - args.vote : False
2023-11-03 17:26:46,755 - fewshot_modelnet_linear_classification - INFO - args.resume : False
2023-11-03 17:26:46,755 - fewshot_modelnet_linear_classification - INFO - args.test : False
2023-11-03 17:26:46,755 - fewshot_modelnet_linear_classification - INFO - args.finetune_model : True
2023-11-03 17:26:46,755 - fewshot_modelnet_linear_classification - INFO - args.scratch_model : False
2023-11-03 17:26:46,755 - fewshot_modelnet_linear_classification - INFO - args.mode : None
2023-11-03 17:26:46,755 - fewshot_modelnet_linear_classification - INFO - args.way : 10
2023-11-03 17:26:46,755 - fewshot_modelnet_linear_classification - INFO - args.shot : 10
2023-11-03 17:26:46,755 - fewshot_modelnet_linear_classification - INFO - args.fold : 7
2023-11-03 17:26:46,755 - fewshot_modelnet_linear_classification - INFO - args.experiment_path : ./experiments/fewshot_modelnet_linear_classification/cfgs/lr0.003
2023-11-03 17:26:46,755 - fewshot_modelnet_linear_classification - INFO - args.tfboard_path : ./experiments/fewshot_modelnet_linear_classification/cfgs/TFBoard/lr0.003
2023-11-03 17:26:46,755 - fewshot_modelnet_linear_classification - INFO - args.log_name : fewshot_modelnet_linear_classification
2023-11-03 17:26:46,755 - fewshot_modelnet_linear_classification - INFO - args.use_gpu : True
2023-11-03 17:26:46,755 - fewshot_modelnet_linear_classification - INFO - args.distributed : False
2023-11-03 17:26:46,755 - fewshot_modelnet_linear_classification - INFO - config.optimizer = edict()
2023-11-03 17:26:46,755 - fewshot_modelnet_linear_classification - INFO - config.optimizer.type : AdamW
2023-11-03 17:26:46,755 - fewshot_modelnet_linear_classification - INFO - config.optimizer.part : only_new
2023-11-03 17:26:46,755 - fewshot_modelnet_linear_classification - INFO - config.optimizer.kwargs = edict()
2023-11-03 17:26:46,755 - fewshot_modelnet_linear_classification - INFO - config.optimizer.kwargs.lr : 0.003
2023-11-03 17:26:46,755 - fewshot_modelnet_linear_classification - INFO - config.optimizer.kwargs.weight_decay : 0.05
2023-11-03 17:26:46,755 - fewshot_modelnet_linear_classification - INFO - config.scheduler = edict()
2023-11-03 17:26:46,755 - fewshot_modelnet_linear_classification - INFO - config.scheduler.type : CosLR
2023-11-03 17:26:46,755 - fewshot_modelnet_linear_classification - INFO - config.scheduler.kwargs = edict()
2023-11-03 17:26:46,756 - fewshot_modelnet_linear_classification - INFO - config.scheduler.kwargs.epochs : 150
2023-11-03 17:26:46,756 - fewshot_modelnet_linear_classification - INFO - config.scheduler.kwargs.initial_epochs : 10
2023-11-03 17:26:46,756 - fewshot_modelnet_linear_classification - INFO - config.dataset = edict()
2023-11-03 17:26:46,756 - fewshot_modelnet_linear_classification - INFO - config.dataset.train = edict()
2023-11-03 17:26:46,756 - fewshot_modelnet_linear_classification - INFO - config.dataset.train._base_ = edict()
2023-11-03 17:26:46,756 - fewshot_modelnet_linear_classification - INFO - config.dataset.train._base_.NAME : ModelNetFewShot
2023-11-03 17:26:46,756 - fewshot_modelnet_linear_classification - INFO - config.dataset.train._base_.DATA_PATH : data/ModelNetFewshot
2023-11-03 17:26:46,756 - fewshot_modelnet_linear_classification - INFO - config.dataset.train._base_.N_POINTS : 8192
2023-11-03 17:26:46,756 - fewshot_modelnet_linear_classification - INFO - config.dataset.train._base_.NUM_CATEGORY : 40
2023-11-03 17:26:46,756 - fewshot_modelnet_linear_classification - INFO - config.dataset.train._base_.USE_NORMALS : False
2023-11-03 17:26:46,756 - fewshot_modelnet_linear_classification - INFO - config.dataset.train.others = edict()
2023-11-03 17:26:46,756 - fewshot_modelnet_linear_classification - INFO - config.dataset.train.others.subset : train
2023-11-03 17:26:46,756 - fewshot_modelnet_linear_classification - INFO - config.dataset.train.others.bs : 32
2023-11-03 17:26:46,756 - fewshot_modelnet_linear_classification - INFO - config.dataset.val = edict()
2023-11-03 17:26:46,756 - fewshot_modelnet_linear_classification - INFO - config.dataset.val._base_ = edict()
2023-11-03 17:26:46,756 - fewshot_modelnet_linear_classification - INFO - config.dataset.val._base_.NAME : ModelNetFewShot
2023-11-03 17:26:46,756 - fewshot_modelnet_linear_classification - INFO - config.dataset.val._base_.DATA_PATH : data/ModelNetFewshot
2023-11-03 17:26:46,756 - fewshot_modelnet_linear_classification - INFO - config.dataset.val._base_.N_POINTS : 8192
2023-11-03 17:26:46,756 - fewshot_modelnet_linear_classification - INFO - config.dataset.val._base_.NUM_CATEGORY : 40
2023-11-03 17:26:46,756 - fewshot_modelnet_linear_classification - INFO - config.dataset.val._base_.USE_NORMALS : False
2023-11-03 17:26:46,756 - fewshot_modelnet_linear_classification - INFO - config.dataset.val.others = edict()
2023-11-03 17:26:46,756 - fewshot_modelnet_linear_classification - INFO - config.dataset.val.others.subset : test
2023-11-03 17:26:46,757 - fewshot_modelnet_linear_classification - INFO - config.dataset.val.others.bs : 64
2023-11-03 17:26:46,757 - fewshot_modelnet_linear_classification - INFO - config.dataset.test = edict()
2023-11-03 17:26:46,757 - fewshot_modelnet_linear_classification - INFO - config.dataset.test._base_ = edict()
2023-11-03 17:26:46,757 - fewshot_modelnet_linear_classification - INFO - config.dataset.test._base_.NAME : ModelNet
2023-11-03 17:26:46,757 - fewshot_modelnet_linear_classification - INFO - config.dataset.test._base_.DATA_PATH : data/ModelNet/modelnet40_normal_resampled
2023-11-03 17:26:46,757 - fewshot_modelnet_linear_classification - INFO - config.dataset.test._base_.N_POINTS : 8192
2023-11-03 17:26:46,757 - fewshot_modelnet_linear_classification - INFO - config.dataset.test._base_.NUM_CATEGORY : 40
2023-11-03 17:26:46,757 - fewshot_modelnet_linear_classification - INFO - config.dataset.test._base_.USE_NORMALS : False
2023-11-03 17:26:46,757 - fewshot_modelnet_linear_classification - INFO - config.dataset.test.others = edict()
2023-11-03 17:26:46,757 - fewshot_modelnet_linear_classification - INFO - config.dataset.test.others.subset : test
2023-11-03 17:26:46,757 - fewshot_modelnet_linear_classification - INFO - config.dataset.test.others.bs : 32
2023-11-03 17:26:46,757 - fewshot_modelnet_linear_classification - INFO - config.model = edict()
2023-11-03 17:26:46,757 - fewshot_modelnet_linear_classification - INFO - config.model.NAME : PointTransformerLinearClassification
2023-11-03 17:26:46,757 - fewshot_modelnet_linear_classification - INFO - config.model.trans_dim : 384
2023-11-03 17:26:46,757 - fewshot_modelnet_linear_classification - INFO - config.model.depth : 12
2023-11-03 17:26:46,757 - fewshot_modelnet_linear_classification - INFO - config.model.drop_path_rate : 0.1
2023-11-03 17:26:46,757 - fewshot_modelnet_linear_classification - INFO - config.model.cls_dim : 40
2023-11-03 17:26:46,757 - fewshot_modelnet_linear_classification - INFO - config.model.num_heads : 6
2023-11-03 17:26:46,757 - fewshot_modelnet_linear_classification - INFO - config.model.group_size : 32
2023-11-03 17:26:46,757 - fewshot_modelnet_linear_classification - INFO - config.model.num_group : 64
2023-11-03 17:26:46,757 - fewshot_modelnet_linear_classification - INFO - config.model.encoder_dims : 384
2023-11-03 17:26:46,757 - fewshot_modelnet_linear_classification - INFO - config.npoints : 1024
2023-11-03 17:26:46,757 - fewshot_modelnet_linear_classification - INFO - config.total_bs : 32
2023-11-03 17:26:46,758 - fewshot_modelnet_linear_classification - INFO - config.step_per_update : 1
2023-11-03 17:26:46,758 - fewshot_modelnet_linear_classification - INFO - config.max_epoch : 150
2023-11-03 17:26:46,758 - fewshot_modelnet_linear_classification - INFO - config.grad_norm_clip : 10
2023-11-03 17:26:46,758 - fewshot_modelnet_linear_classification - INFO - Distributed training: False
2023-11-03 17:26:46,758 - fewshot_modelnet_linear_classification - INFO - Set random seed to 0, deterministic: False
2023-11-03 17:26:50,457 - fewshot_modelnet_linear_classification - INFO - Using Data parallel ...
2023-11-03 17:26:58,426 - fewshot_modelnet_linear_classification - INFO - [Training] EPOCH: 0 EpochTime = 7.964 (s) Losses = ['3.7636', '2.0833'] lr = 0.000001
2023-11-03 17:26:59,596 - fewshot_modelnet_linear_classification - INFO - Save checkpoint at ./experiments/fewshot_modelnet_linear_classification/cfgs/lr0.003/ckpt-last.pth
2023-11-03 17:27:01,897 - fewshot_modelnet_linear_classification - INFO - [Training] EPOCH: 1 EpochTime = 2.299 (s) Losses = ['3.7559', '2.0833'] lr = 0.000301
2023-11-03 17:27:05,341 - fewshot_modelnet_linear_classification - INFO - [Validation] EPOCH: 1  acc = 2.5000
2023-11-03 17:27:06,190 - fewshot_modelnet_linear_classification - INFO - Save checkpoint at ./experiments/fewshot_modelnet_linear_classification/cfgs/lr0.003/ckpt-best.pth
2023-11-03 17:27:06,190 - fewshot_modelnet_linear_classification - INFO - --------------------------------------------------------------------------------------------
2023-11-03 17:27:06,812 - fewshot_modelnet_linear_classification - INFO - Save checkpoint at ./experiments/fewshot_modelnet_linear_classification/cfgs/lr0.003/ckpt-last.pth
2023-11-03 17:27:09,179 - fewshot_modelnet_linear_classification - INFO - [Training] EPOCH: 2 EpochTime = 2.366 (s) Losses = ['3.5300', '6.2500'] lr = 0.000601
2023-11-03 17:27:11,460 - fewshot_modelnet_linear_classification - INFO - [Validation] EPOCH: 2  acc = 10.0000
2023-11-03 17:27:12,006 - fewshot_modelnet_linear_classification - INFO - Save checkpoint at ./experiments/fewshot_modelnet_linear_classification/cfgs/lr0.003/ckpt-best.pth
2023-11-03 17:27:12,007 - fewshot_modelnet_linear_classification - INFO - --------------------------------------------------------------------------------------------
2023-11-03 17:27:12,544 - fewshot_modelnet_linear_classification - INFO - Save checkpoint at ./experiments/fewshot_modelnet_linear_classification/cfgs/lr0.003/ckpt-last.pth
2023-11-03 17:27:14,861 - fewshot_modelnet_linear_classification - INFO - [Training] EPOCH: 3 EpochTime = 2.315 (s) Losses = ['2.9104', '11.4583'] lr = 0.000901
2023-11-03 17:27:17,071 - fewshot_modelnet_linear_classification - INFO - [Validation] EPOCH: 3  acc = 10.0000
2023-11-03 17:27:17,621 - fewshot_modelnet_linear_classification - INFO - Save checkpoint at ./experiments/fewshot_modelnet_linear_classification/cfgs/lr0.003/ckpt-last.pth
2023-11-03 17:27:20,049 - fewshot_modelnet_linear_classification - INFO - [Training] EPOCH: 4 EpochTime = 2.426 (s) Losses = ['2.4257', '19.7917'] lr = 0.001201
2023-11-03 17:27:22,378 - fewshot_modelnet_linear_classification - INFO - [Validation] EPOCH: 4  acc = 20.0000
2023-11-03 17:27:22,967 - fewshot_modelnet_linear_classification - INFO - Save checkpoint at ./experiments/fewshot_modelnet_linear_classification/cfgs/lr0.003/ckpt-best.pth
2023-11-03 17:27:22,967 - fewshot_modelnet_linear_classification - INFO - --------------------------------------------------------------------------------------------
2023-11-03 17:27:23,578 - fewshot_modelnet_linear_classification - INFO - Save checkpoint at ./experiments/fewshot_modelnet_linear_classification/cfgs/lr0.003/ckpt-last.pth
2023-11-03 17:27:25,849 - fewshot_modelnet_linear_classification - INFO - [Training] EPOCH: 5 EpochTime = 2.270 (s) Losses = ['2.2381', '16.6667'] lr = 0.001500
2023-11-03 17:27:28,201 - fewshot_modelnet_linear_classification - INFO - [Validation] EPOCH: 5  acc = 16.0000
2023-11-03 17:27:28,802 - fewshot_modelnet_linear_classification - INFO - Save checkpoint at ./experiments/fewshot_modelnet_linear_classification/cfgs/lr0.003/ckpt-last.pth
2023-11-03 17:27:30,328 - fewshot_modelnet_linear_classification - INFO - [Training] EPOCH: 6 EpochTime = 1.524 (s) Losses = ['2.1336', '20.8333'] lr = 0.001800
2023-11-03 17:27:32,812 - fewshot_modelnet_linear_classification - INFO - [Validation] EPOCH: 6  acc = 25.5000
2023-11-03 17:27:33,344 - fewshot_modelnet_linear_classification - INFO - Save checkpoint at ./experiments/fewshot_modelnet_linear_classification/cfgs/lr0.003/ckpt-best.pth
2023-11-03 17:27:33,344 - fewshot_modelnet_linear_classification - INFO - --------------------------------------------------------------------------------------------
2023-11-03 17:27:33,960 - fewshot_modelnet_linear_classification - INFO - Save checkpoint at ./experiments/fewshot_modelnet_linear_classification/cfgs/lr0.003/ckpt-last.pth
2023-11-03 17:27:35,670 - fewshot_modelnet_linear_classification - INFO - [Training] EPOCH: 7 EpochTime = 1.707 (s) Losses = ['1.9989', '33.3333'] lr = 0.002100
2023-11-03 17:27:38,043 - fewshot_modelnet_linear_classification - INFO - [Validation] EPOCH: 7  acc = 46.5000
2023-11-03 17:27:38,613 - fewshot_modelnet_linear_classification - INFO - Save checkpoint at ./experiments/fewshot_modelnet_linear_classification/cfgs/lr0.003/ckpt-best.pth
2023-11-03 17:27:38,613 - fewshot_modelnet_linear_classification - INFO - --------------------------------------------------------------------------------------------
2023-11-03 17:27:39,238 - fewshot_modelnet_linear_classification - INFO - Save checkpoint at ./experiments/fewshot_modelnet_linear_classification/cfgs/lr0.003/ckpt-last.pth
2023-11-03 17:27:41,687 - fewshot_modelnet_linear_classification - INFO - [Training] EPOCH: 8 EpochTime = 2.447 (s) Losses = ['1.8138', '60.4167'] lr = 0.002400
2023-11-03 17:27:44,057 - fewshot_modelnet_linear_classification - INFO - [Validation] EPOCH: 8  acc = 54.0000
2023-11-03 17:27:44,558 - fewshot_modelnet_linear_classification - INFO - Save checkpoint at ./experiments/fewshot_modelnet_linear_classification/cfgs/lr0.003/ckpt-best.pth
2023-11-03 17:27:44,559 - fewshot_modelnet_linear_classification - INFO - --------------------------------------------------------------------------------------------
2023-11-03 17:27:45,233 - fewshot_modelnet_linear_classification - INFO - Save checkpoint at ./experiments/fewshot_modelnet_linear_classification/cfgs/lr0.003/ckpt-last.pth
2023-11-03 17:27:47,404 - fewshot_modelnet_linear_classification - INFO - [Training] EPOCH: 9 EpochTime = 2.169 (s) Losses = ['1.6475', '67.7083'] lr = 0.002700
2023-11-03 17:27:49,669 - fewshot_modelnet_linear_classification - INFO - [Validation] EPOCH: 9  acc = 64.0000
2023-11-03 17:27:50,144 - fewshot_modelnet_linear_classification - INFO - Save checkpoint at ./experiments/fewshot_modelnet_linear_classification/cfgs/lr0.003/ckpt-best.pth
2023-11-03 17:27:50,144 - fewshot_modelnet_linear_classification - INFO - --------------------------------------------------------------------------------------------
2023-11-03 17:27:50,687 - fewshot_modelnet_linear_classification - INFO - Save checkpoint at ./experiments/fewshot_modelnet_linear_classification/cfgs/lr0.003/ckpt-last.pth
2023-11-03 17:27:53,151 - fewshot_modelnet_linear_classification - INFO - [Training] EPOCH: 10 EpochTime = 2.462 (s) Losses = ['1.5195', '65.6250'] lr = 0.002967
2023-11-03 17:27:55,484 - fewshot_modelnet_linear_classification - INFO - [Validation] EPOCH: 10  acc = 59.0000
2023-11-03 17:27:56,061 - fewshot_modelnet_linear_classification - INFO - Save checkpoint at ./experiments/fewshot_modelnet_linear_classification/cfgs/lr0.003/ckpt-last.pth
2023-11-03 17:27:58,267 - fewshot_modelnet_linear_classification - INFO - [Training] EPOCH: 11 EpochTime = 2.204 (s) Losses = ['1.2810', '79.1667'] lr = 0.002960
2023-11-03 17:28:00,687 - fewshot_modelnet_linear_classification - INFO - [Validation] EPOCH: 11  acc = 62.0000
2023-11-03 17:28:01,250 - fewshot_modelnet_linear_classification - INFO - Save checkpoint at ./experiments/fewshot_modelnet_linear_classification/cfgs/lr0.003/ckpt-last.pth
2023-11-03 17:28:03,677 - fewshot_modelnet_linear_classification - INFO - [Training] EPOCH: 12 EpochTime = 2.426 (s) Losses = ['1.1436', '80.2083'] lr = 0.002953
2023-11-03 17:28:05,987 - fewshot_modelnet_linear_classification - INFO - [Validation] EPOCH: 12  acc = 59.5000
2023-11-03 17:28:07,045 - fewshot_modelnet_linear_classification - INFO - Save checkpoint at ./experiments/fewshot_modelnet_linear_classification/cfgs/lr0.003/ckpt-last.pth
2023-11-03 17:28:09,472 - fewshot_modelnet_linear_classification - INFO - [Training] EPOCH: 13 EpochTime = 2.426 (s) Losses = ['1.0789', '78.1250'] lr = 0.002945
2023-11-03 17:28:11,931 - fewshot_modelnet_linear_classification - INFO - [Validation] EPOCH: 13  acc = 66.0000
2023-11-03 17:28:12,479 - fewshot_modelnet_linear_classification - INFO - Save checkpoint at ./experiments/fewshot_modelnet_linear_classification/cfgs/lr0.003/ckpt-best.pth
2023-11-03 17:28:12,480 - fewshot_modelnet_linear_classification - INFO - --------------------------------------------------------------------------------------------
2023-11-03 17:28:13,085 - fewshot_modelnet_linear_classification - INFO - Save checkpoint at ./experiments/fewshot_modelnet_linear_classification/cfgs/lr0.003/ckpt-last.pth
2023-11-03 17:28:15,406 - fewshot_modelnet_linear_classification - INFO - [Training] EPOCH: 14 EpochTime = 2.319 (s) Losses = ['0.9830', '80.2083'] lr = 0.002936
2023-11-03 17:28:17,630 - fewshot_modelnet_linear_classification - INFO - [Validation] EPOCH: 14  acc = 66.5000
2023-11-03 17:28:18,171 - fewshot_modelnet_linear_classification - INFO - Save checkpoint at ./experiments/fewshot_modelnet_linear_classification/cfgs/lr0.003/ckpt-best.pth
2023-11-03 17:28:18,172 - fewshot_modelnet_linear_classification - INFO - --------------------------------------------------------------------------------------------
2023-11-03 17:28:18,685 - fewshot_modelnet_linear_classification - INFO - Save checkpoint at ./experiments/fewshot_modelnet_linear_classification/cfgs/lr0.003/ckpt-last.pth
2023-11-03 17:28:20,912 - fewshot_modelnet_linear_classification - INFO - [Training] EPOCH: 15 EpochTime = 2.225 (s) Losses = ['0.8003', '83.3333'] lr = 0.002927
2023-11-03 17:28:23,321 - fewshot_modelnet_linear_classification - INFO - [Validation] EPOCH: 15  acc = 64.0000
2023-11-03 17:28:23,860 - fewshot_modelnet_linear_classification - INFO - Save checkpoint at ./experiments/fewshot_modelnet_linear_classification/cfgs/lr0.003/ckpt-last.pth
2023-11-03 17:28:26,045 - fewshot_modelnet_linear_classification - INFO - [Training] EPOCH: 16 EpochTime = 2.183 (s) Losses = ['0.7396', '91.6667'] lr = 0.002917
2023-11-03 17:28:28,296 - fewshot_modelnet_linear_classification - INFO - [Validation] EPOCH: 16  acc = 66.0000
2023-11-03 17:28:28,811 - fewshot_modelnet_linear_classification - INFO - Save checkpoint at ./experiments/fewshot_modelnet_linear_classification/cfgs/lr0.003/ckpt-last.pth
2023-11-03 17:28:31,193 - fewshot_modelnet_linear_classification - INFO - [Training] EPOCH: 17 EpochTime = 2.381 (s) Losses = ['0.7289', '87.5000'] lr = 0.002906
2023-11-03 17:28:33,495 - fewshot_modelnet_linear_classification - INFO - [Validation] EPOCH: 17  acc = 65.5000
2023-11-03 17:28:34,013 - fewshot_modelnet_linear_classification - INFO - Save checkpoint at ./experiments/fewshot_modelnet_linear_classification/cfgs/lr0.003/ckpt-last.pth
2023-11-03 17:28:36,320 - fewshot_modelnet_linear_classification - INFO - [Training] EPOCH: 18 EpochTime = 2.305 (s) Losses = ['0.7325', '84.3750'] lr = 0.002895
2023-11-03 17:28:38,634 - fewshot_modelnet_linear_classification - INFO - [Validation] EPOCH: 18  acc = 70.0000
2023-11-03 17:28:39,109 - fewshot_modelnet_linear_classification - INFO - Save checkpoint at ./experiments/fewshot_modelnet_linear_classification/cfgs/lr0.003/ckpt-best.pth
2023-11-03 17:28:39,109 - fewshot_modelnet_linear_classification - INFO - --------------------------------------------------------------------------------------------
2023-11-03 17:28:40,179 - fewshot_modelnet_linear_classification - INFO - Save checkpoint at ./experiments/fewshot_modelnet_linear_classification/cfgs/lr0.003/ckpt-last.pth
2023-11-03 17:28:42,610 - fewshot_modelnet_linear_classification - INFO - [Training] EPOCH: 19 EpochTime = 2.429 (s) Losses = ['0.6158', '87.5000'] lr = 0.002883
2023-11-03 17:28:44,603 - fewshot_modelnet_linear_classification - INFO - [Validation] EPOCH: 19  acc = 67.5000
2023-11-03 17:28:45,175 - fewshot_modelnet_linear_classification - INFO - Save checkpoint at ./experiments/fewshot_modelnet_linear_classification/cfgs/lr0.003/ckpt-last.pth
2023-11-03 17:28:47,641 - fewshot_modelnet_linear_classification - INFO - [Training] EPOCH: 20 EpochTime = 2.464 (s) Losses = ['0.5862', '86.4583'] lr = 0.002870
2023-11-03 17:28:49,819 - fewshot_modelnet_linear_classification - INFO - [Validation] EPOCH: 20  acc = 68.5000
2023-11-03 17:28:50,550 - fewshot_modelnet_linear_classification - INFO - Save checkpoint at ./experiments/fewshot_modelnet_linear_classification/cfgs/lr0.003/ckpt-last.pth
2023-11-03 17:28:52,794 - fewshot_modelnet_linear_classification - INFO - [Training] EPOCH: 21 EpochTime = 2.242 (s) Losses = ['0.5346', '91.6667'] lr = 0.002857
2023-11-03 17:28:55,003 - fewshot_modelnet_linear_classification - INFO - [Validation] EPOCH: 21  acc = 67.5000
2023-11-03 17:28:55,499 - fewshot_modelnet_linear_classification - INFO - Save checkpoint at ./experiments/fewshot_modelnet_linear_classification/cfgs/lr0.003/ckpt-last.pth
2023-11-03 17:28:57,908 - fewshot_modelnet_linear_classification - INFO - [Training] EPOCH: 22 EpochTime = 2.408 (s) Losses = ['0.5743', '86.4583'] lr = 0.002844
2023-11-03 17:29:00,244 - fewshot_modelnet_linear_classification - INFO - [Validation] EPOCH: 22  acc = 71.0000
2023-11-03 17:29:00,694 - fewshot_modelnet_linear_classification - INFO - Save checkpoint at ./experiments/fewshot_modelnet_linear_classification/cfgs/lr0.003/ckpt-best.pth
2023-11-03 17:29:00,694 - fewshot_modelnet_linear_classification - INFO - --------------------------------------------------------------------------------------------
2023-11-03 17:29:01,277 - fewshot_modelnet_linear_classification - INFO - Save checkpoint at ./experiments/fewshot_modelnet_linear_classification/cfgs/lr0.003/ckpt-last.pth
2023-11-03 17:29:03,631 - fewshot_modelnet_linear_classification - INFO - [Training] EPOCH: 23 EpochTime = 2.352 (s) Losses = ['0.5515', '87.5000'] lr = 0.002829
2023-11-03 17:29:05,978 - fewshot_modelnet_linear_classification - INFO - [Validation] EPOCH: 23  acc = 75.0000
2023-11-03 17:29:06,484 - fewshot_modelnet_linear_classification - INFO - Save checkpoint at ./experiments/fewshot_modelnet_linear_classification/cfgs/lr0.003/ckpt-best.pth
2023-11-03 17:29:06,484 - fewshot_modelnet_linear_classification - INFO - --------------------------------------------------------------------------------------------
2023-11-03 17:29:06,980 - fewshot_modelnet_linear_classification - INFO - Save checkpoint at ./experiments/fewshot_modelnet_linear_classification/cfgs/lr0.003/ckpt-last.pth
2023-11-03 17:29:09,413 - fewshot_modelnet_linear_classification - INFO - [Training] EPOCH: 24 EpochTime = 2.430 (s) Losses = ['0.5149', '91.6667'] lr = 0.002815
2023-11-03 17:29:11,728 - fewshot_modelnet_linear_classification - INFO - [Validation] EPOCH: 24  acc = 75.0000
2023-11-03 17:29:12,349 - fewshot_modelnet_linear_classification - INFO - Save checkpoint at ./experiments/fewshot_modelnet_linear_classification/cfgs/lr0.003/ckpt-last.pth
2023-11-03 17:29:14,453 - fewshot_modelnet_linear_classification - INFO - [Training] EPOCH: 25 EpochTime = 2.102 (s) Losses = ['0.4822', '90.6250'] lr = 0.002799
2023-11-03 17:29:16,852 - fewshot_modelnet_linear_classification - INFO - [Validation] EPOCH: 25  acc = 71.5000
2023-11-03 17:29:17,300 - fewshot_modelnet_linear_classification - INFO - Save checkpoint at ./experiments/fewshot_modelnet_linear_classification/cfgs/lr0.003/ckpt-last.pth
2023-11-03 17:29:19,537 - fewshot_modelnet_linear_classification - INFO - [Training] EPOCH: 26 EpochTime = 2.235 (s) Losses = ['0.3564', '97.9167'] lr = 0.002783
2023-11-03 17:29:21,563 - fewshot_modelnet_linear_classification - INFO - [Validation] EPOCH: 26  acc = 69.0000
2023-11-03 17:29:22,017 - fewshot_modelnet_linear_classification - INFO - Save checkpoint at ./experiments/fewshot_modelnet_linear_classification/cfgs/lr0.003/ckpt-last.pth
2023-11-03 17:29:24,443 - fewshot_modelnet_linear_classification - INFO - [Training] EPOCH: 27 EpochTime = 2.425 (s) Losses = ['0.4260', '90.6250'] lr = 0.002767
2023-11-03 17:29:26,840 - fewshot_modelnet_linear_classification - INFO - [Validation] EPOCH: 27  acc = 74.5000
2023-11-03 17:29:27,400 - fewshot_modelnet_linear_classification - INFO - Save checkpoint at ./experiments/fewshot_modelnet_linear_classification/cfgs/lr0.003/ckpt-last.pth
2023-11-03 17:29:29,599 - fewshot_modelnet_linear_classification - INFO - [Training] EPOCH: 28 EpochTime = 2.196 (s) Losses = ['0.3943', '93.7500'] lr = 0.002749
2023-11-03 17:29:31,817 - fewshot_modelnet_linear_classification - INFO - [Validation] EPOCH: 28  acc = 75.5000
2023-11-03 17:29:32,260 - fewshot_modelnet_linear_classification - INFO - Save checkpoint at ./experiments/fewshot_modelnet_linear_classification/cfgs/lr0.003/ckpt-best.pth
2023-11-03 17:29:32,260 - fewshot_modelnet_linear_classification - INFO - --------------------------------------------------------------------------------------------
2023-11-03 17:29:32,764 - fewshot_modelnet_linear_classification - INFO - Save checkpoint at ./experiments/fewshot_modelnet_linear_classification/cfgs/lr0.003/ckpt-last.pth
2023-11-03 17:29:34,990 - fewshot_modelnet_linear_classification - INFO - [Training] EPOCH: 29 EpochTime = 2.224 (s) Losses = ['0.4461', '90.6250'] lr = 0.002732
2023-11-03 17:29:37,242 - fewshot_modelnet_linear_classification - INFO - [Validation] EPOCH: 29  acc = 77.5000
2023-11-03 17:29:37,720 - fewshot_modelnet_linear_classification - INFO - Save checkpoint at ./experiments/fewshot_modelnet_linear_classification/cfgs/lr0.003/ckpt-best.pth
2023-11-03 17:29:37,721 - fewshot_modelnet_linear_classification - INFO - --------------------------------------------------------------------------------------------
2023-11-03 17:29:38,198 - fewshot_modelnet_linear_classification - INFO - Save checkpoint at ./experiments/fewshot_modelnet_linear_classification/cfgs/lr0.003/ckpt-last.pth
2023-11-03 17:29:40,399 - fewshot_modelnet_linear_classification - INFO - [Training] EPOCH: 30 EpochTime = 2.199 (s) Losses = ['0.3751', '94.7917'] lr = 0.002714
2023-11-03 17:29:42,649 - fewshot_modelnet_linear_classification - INFO - [Validation] EPOCH: 30  acc = 76.0000
2023-11-03 17:29:43,207 - fewshot_modelnet_linear_classification - INFO - Save checkpoint at ./experiments/fewshot_modelnet_linear_classification/cfgs/lr0.003/ckpt-last.pth
2023-11-03 17:29:45,526 - fewshot_modelnet_linear_classification - INFO - [Training] EPOCH: 31 EpochTime = 2.316 (s) Losses = ['0.3670', '90.6250'] lr = 0.002695
2023-11-03 17:29:47,722 - fewshot_modelnet_linear_classification - INFO - [Validation] EPOCH: 31  acc = 74.5000
2023-11-03 17:29:48,243 - fewshot_modelnet_linear_classification - INFO - Save checkpoint at ./experiments/fewshot_modelnet_linear_classification/cfgs/lr0.003/ckpt-last.pth
2023-11-03 17:29:50,652 - fewshot_modelnet_linear_classification - INFO - [Training] EPOCH: 32 EpochTime = 2.407 (s) Losses = ['0.3205', '94.7917'] lr = 0.002676
2023-11-03 17:29:53,071 - fewshot_modelnet_linear_classification - INFO - [Validation] EPOCH: 32  acc = 74.0000
2023-11-03 17:29:53,632 - fewshot_modelnet_linear_classification - INFO - Save checkpoint at ./experiments/fewshot_modelnet_linear_classification/cfgs/lr0.003/ckpt-last.pth
2023-11-03 17:29:55,753 - fewshot_modelnet_linear_classification - INFO - [Training] EPOCH: 33 EpochTime = 2.118 (s) Losses = ['0.3389', '94.7917'] lr = 0.002656
2023-11-03 17:29:58,140 - fewshot_modelnet_linear_classification - INFO - [Validation] EPOCH: 33  acc = 78.0000
2023-11-03 17:29:58,632 - fewshot_modelnet_linear_classification - INFO - Save checkpoint at ./experiments/fewshot_modelnet_linear_classification/cfgs/lr0.003/ckpt-best.pth
2023-11-03 17:29:58,633 - fewshot_modelnet_linear_classification - INFO - --------------------------------------------------------------------------------------------
2023-11-03 17:29:59,180 - fewshot_modelnet_linear_classification - INFO - Save checkpoint at ./experiments/fewshot_modelnet_linear_classification/cfgs/lr0.003/ckpt-last.pth
2023-11-03 17:30:01,657 - fewshot_modelnet_linear_classification - INFO - [Training] EPOCH: 34 EpochTime = 2.475 (s) Losses = ['0.2724', '96.8750'] lr = 0.002636
2023-11-03 17:30:04,291 - fewshot_modelnet_linear_classification - INFO - [Validation] EPOCH: 34  acc = 79.5000
2023-11-03 17:30:04,927 - fewshot_modelnet_linear_classification - INFO - Save checkpoint at ./experiments/fewshot_modelnet_linear_classification/cfgs/lr0.003/ckpt-best.pth
2023-11-03 17:30:04,927 - fewshot_modelnet_linear_classification - INFO - --------------------------------------------------------------------------------------------
2023-11-03 17:30:06,501 - fewshot_modelnet_linear_classification - INFO - Save checkpoint at ./experiments/fewshot_modelnet_linear_classification/cfgs/lr0.003/ckpt-last.pth
2023-11-03 17:30:08,977 - fewshot_modelnet_linear_classification - INFO - [Training] EPOCH: 35 EpochTime = 2.474 (s) Losses = ['0.3175', '94.7917'] lr = 0.002615
2023-11-03 17:30:11,368 - fewshot_modelnet_linear_classification - INFO - [Validation] EPOCH: 35  acc = 79.0000
2023-11-03 17:30:12,245 - fewshot_modelnet_linear_classification - INFO - Save checkpoint at ./experiments/fewshot_modelnet_linear_classification/cfgs/lr0.003/ckpt-last.pth
2023-11-03 17:30:14,441 - fewshot_modelnet_linear_classification - INFO - [Training] EPOCH: 36 EpochTime = 2.193 (s) Losses = ['0.3137', '96.8750'] lr = 0.002594
2023-11-03 17:30:16,796 - fewshot_modelnet_linear_classification - INFO - [Validation] EPOCH: 36  acc = 78.5000
2023-11-03 17:30:17,400 - fewshot_modelnet_linear_classification - INFO - Save checkpoint at ./experiments/fewshot_modelnet_linear_classification/cfgs/lr0.003/ckpt-last.pth
2023-11-03 17:30:19,528 - fewshot_modelnet_linear_classification - INFO - [Training] EPOCH: 37 EpochTime = 2.125 (s) Losses = ['0.2530', '95.8333'] lr = 0.002572
2023-11-03 17:30:22,046 - fewshot_modelnet_linear_classification - INFO - [Validation] EPOCH: 37  acc = 78.5000
2023-11-03 17:30:22,632 - fewshot_modelnet_linear_classification - INFO - Save checkpoint at ./experiments/fewshot_modelnet_linear_classification/cfgs/lr0.003/ckpt-last.pth
2023-11-03 17:30:25,204 - fewshot_modelnet_linear_classification - INFO - [Training] EPOCH: 38 EpochTime = 2.571 (s) Losses = ['0.2531', '95.8333'] lr = 0.002550
2023-11-03 17:30:27,568 - fewshot_modelnet_linear_classification - INFO - [Validation] EPOCH: 38  acc = 80.0000
2023-11-03 17:30:28,161 - fewshot_modelnet_linear_classification - INFO - Save checkpoint at ./experiments/fewshot_modelnet_linear_classification/cfgs/lr0.003/ckpt-best.pth
2023-11-03 17:30:28,161 - fewshot_modelnet_linear_classification - INFO - --------------------------------------------------------------------------------------------
2023-11-03 17:30:28,757 - fewshot_modelnet_linear_classification - INFO - Save checkpoint at ./experiments/fewshot_modelnet_linear_classification/cfgs/lr0.003/ckpt-last.pth
2023-11-03 17:30:30,906 - fewshot_modelnet_linear_classification - INFO - [Training] EPOCH: 39 EpochTime = 2.147 (s) Losses = ['0.2859', '96.8750'] lr = 0.002527
2023-11-03 17:30:33,263 - fewshot_modelnet_linear_classification - INFO - [Validation] EPOCH: 39  acc = 80.0000
2023-11-03 17:30:33,825 - fewshot_modelnet_linear_classification - INFO - Save checkpoint at ./experiments/fewshot_modelnet_linear_classification/cfgs/lr0.003/ckpt-last.pth
2023-11-03 17:30:36,021 - fewshot_modelnet_linear_classification - INFO - [Training] EPOCH: 40 EpochTime = 2.195 (s) Losses = ['0.2331', '97.9167'] lr = 0.002504
2023-11-03 17:30:38,264 - fewshot_modelnet_linear_classification - INFO - [Validation] EPOCH: 40  acc = 79.0000
2023-11-03 17:30:38,888 - fewshot_modelnet_linear_classification - INFO - Save checkpoint at ./experiments/fewshot_modelnet_linear_classification/cfgs/lr0.003/ckpt-last.pth
2023-11-03 17:30:41,311 - fewshot_modelnet_linear_classification - INFO - [Training] EPOCH: 41 EpochTime = 2.420 (s) Losses = ['0.2513', '95.8333'] lr = 0.002480
2023-11-03 17:30:42,976 - fewshot_modelnet_linear_classification - INFO - [Validation] EPOCH: 41  acc = 79.5000
2023-11-03 17:30:43,944 - fewshot_modelnet_linear_classification - INFO - Save checkpoint at ./experiments/fewshot_modelnet_linear_classification/cfgs/lr0.003/ckpt-last.pth
2023-11-03 17:30:46,085 - fewshot_modelnet_linear_classification - INFO - [Training] EPOCH: 42 EpochTime = 2.139 (s) Losses = ['0.2241', '98.9583'] lr = 0.002456
2023-11-03 17:30:48,454 - fewshot_modelnet_linear_classification - INFO - [Validation] EPOCH: 42  acc = 80.5000
2023-11-03 17:30:49,229 - fewshot_modelnet_linear_classification - INFO - Save checkpoint at ./experiments/fewshot_modelnet_linear_classification/cfgs/lr0.003/ckpt-best.pth
2023-11-03 17:30:49,229 - fewshot_modelnet_linear_classification - INFO - --------------------------------------------------------------------------------------------
2023-11-03 17:30:50,240 - fewshot_modelnet_linear_classification - INFO - Save checkpoint at ./experiments/fewshot_modelnet_linear_classification/cfgs/lr0.003/ckpt-last.pth
2023-11-03 17:30:52,469 - fewshot_modelnet_linear_classification - INFO - [Training] EPOCH: 43 EpochTime = 2.225 (s) Losses = ['0.2364', '98.9583'] lr = 0.002432
2023-11-03 17:30:54,769 - fewshot_modelnet_linear_classification - INFO - [Validation] EPOCH: 43  acc = 78.5000
2023-11-03 17:30:55,512 - fewshot_modelnet_linear_classification - INFO - Save checkpoint at ./experiments/fewshot_modelnet_linear_classification/cfgs/lr0.003/ckpt-last.pth
2023-11-03 17:30:57,836 - fewshot_modelnet_linear_classification - INFO - [Training] EPOCH: 44 EpochTime = 2.323 (s) Losses = ['0.2049', '97.9167'] lr = 0.002407
2023-11-03 17:31:00,203 - fewshot_modelnet_linear_classification - INFO - [Validation] EPOCH: 44  acc = 77.0000
2023-11-03 17:31:00,824 - fewshot_modelnet_linear_classification - INFO - Save checkpoint at ./experiments/fewshot_modelnet_linear_classification/cfgs/lr0.003/ckpt-last.pth
2023-11-03 17:31:03,286 - fewshot_modelnet_linear_classification - INFO - [Training] EPOCH: 45 EpochTime = 2.460 (s) Losses = ['0.2220', '98.9583'] lr = 0.002382
2023-11-03 17:31:05,652 - fewshot_modelnet_linear_classification - INFO - [Validation] EPOCH: 45  acc = 77.5000
2023-11-03 17:31:06,246 - fewshot_modelnet_linear_classification - INFO - Save checkpoint at ./experiments/fewshot_modelnet_linear_classification/cfgs/lr0.003/ckpt-last.pth
2023-11-03 17:31:08,343 - fewshot_modelnet_linear_classification - INFO - [Training] EPOCH: 46 EpochTime = 2.094 (s) Losses = ['0.2213', '97.9167'] lr = 0.002356
2023-11-03 17:31:10,594 - fewshot_modelnet_linear_classification - INFO - [Validation] EPOCH: 46  acc = 78.5000
2023-11-03 17:31:11,135 - fewshot_modelnet_linear_classification - INFO - Save checkpoint at ./experiments/fewshot_modelnet_linear_classification/cfgs/lr0.003/ckpt-last.pth
2023-11-03 17:31:13,451 - fewshot_modelnet_linear_classification - INFO - [Training] EPOCH: 47 EpochTime = 2.314 (s) Losses = ['0.2101', '97.9167'] lr = 0.002330
2023-11-03 17:31:16,135 - fewshot_modelnet_linear_classification - INFO - [Validation] EPOCH: 47  acc = 79.5000
2023-11-03 17:31:16,669 - fewshot_modelnet_linear_classification - INFO - Save checkpoint at ./experiments/fewshot_modelnet_linear_classification/cfgs/lr0.003/ckpt-last.pth
2023-11-03 17:31:19,049 - fewshot_modelnet_linear_classification - INFO - [Training] EPOCH: 48 EpochTime = 2.378 (s) Losses = ['0.2033', '97.9167'] lr = 0.002304
2023-11-03 17:31:20,707 - fewshot_modelnet_linear_classification - INFO - [Validation] EPOCH: 48  acc = 78.5000
2023-11-03 17:31:21,614 - fewshot_modelnet_linear_classification - INFO - Save checkpoint at ./experiments/fewshot_modelnet_linear_classification/cfgs/lr0.003/ckpt-last.pth
2023-11-03 17:31:23,815 - fewshot_modelnet_linear_classification - INFO - [Training] EPOCH: 49 EpochTime = 2.197 (s) Losses = ['0.1934', '100.0000'] lr = 0.002277
2023-11-03 17:31:26,123 - fewshot_modelnet_linear_classification - INFO - [Validation] EPOCH: 49  acc = 78.5000
2023-11-03 17:31:27,179 - fewshot_modelnet_linear_classification - INFO - Save checkpoint at ./experiments/fewshot_modelnet_linear_classification/cfgs/lr0.003/ckpt-last.pth
2023-11-03 17:31:29,440 - fewshot_modelnet_linear_classification - INFO - [Training] EPOCH: 50 EpochTime = 2.260 (s) Losses = ['0.1737', '98.9583'] lr = 0.002250
2023-11-03 17:31:31,883 - fewshot_modelnet_linear_classification - INFO - [Validation] EPOCH: 50  acc = 79.0000
2023-11-03 17:31:32,572 - fewshot_modelnet_linear_classification - INFO - Save checkpoint at ./experiments/fewshot_modelnet_linear_classification/cfgs/lr0.003/ckpt-last.pth
2023-11-03 17:31:34,934 - fewshot_modelnet_linear_classification - INFO - [Training] EPOCH: 51 EpochTime = 2.360 (s) Losses = ['0.1834', '98.9583'] lr = 0.002223
2023-11-03 17:31:37,295 - fewshot_modelnet_linear_classification - INFO - [Validation] EPOCH: 51  acc = 79.0000
2023-11-03 17:31:37,932 - fewshot_modelnet_linear_classification - INFO - Save checkpoint at ./experiments/fewshot_modelnet_linear_classification/cfgs/lr0.003/ckpt-last.pth
2023-11-03 17:31:40,238 - fewshot_modelnet_linear_classification - INFO - [Training] EPOCH: 52 EpochTime = 2.304 (s) Losses = ['0.1739', '98.9583'] lr = 0.002195
2023-11-03 17:31:42,471 - fewshot_modelnet_linear_classification - INFO - [Validation] EPOCH: 52  acc = 79.5000
2023-11-03 17:31:43,085 - fewshot_modelnet_linear_classification - INFO - Save checkpoint at ./experiments/fewshot_modelnet_linear_classification/cfgs/lr0.003/ckpt-last.pth
2023-11-03 17:31:45,450 - fewshot_modelnet_linear_classification - INFO - [Training] EPOCH: 53 EpochTime = 2.363 (s) Losses = ['0.1892', '98.9583'] lr = 0.002167
2023-11-03 17:31:47,775 - fewshot_modelnet_linear_classification - INFO - [Validation] EPOCH: 53  acc = 81.0000
2023-11-03 17:31:48,387 - fewshot_modelnet_linear_classification - INFO - Save checkpoint at ./experiments/fewshot_modelnet_linear_classification/cfgs/lr0.003/ckpt-best.pth
2023-11-03 17:31:48,387 - fewshot_modelnet_linear_classification - INFO - --------------------------------------------------------------------------------------------
2023-11-03 17:31:49,013 - fewshot_modelnet_linear_classification - INFO - Save checkpoint at ./experiments/fewshot_modelnet_linear_classification/cfgs/lr0.003/ckpt-last.pth
2023-11-03 17:31:50,831 - fewshot_modelnet_linear_classification - INFO - [Training] EPOCH: 54 EpochTime = 1.817 (s) Losses = ['0.1824', '97.9167'] lr = 0.002139
2023-11-03 17:31:53,362 - fewshot_modelnet_linear_classification - INFO - [Validation] EPOCH: 54  acc = 79.0000
2023-11-03 17:31:54,111 - fewshot_modelnet_linear_classification - INFO - Save checkpoint at ./experiments/fewshot_modelnet_linear_classification/cfgs/lr0.003/ckpt-last.pth
2023-11-03 17:31:56,382 - fewshot_modelnet_linear_classification - INFO - [Training] EPOCH: 55 EpochTime = 2.269 (s) Losses = ['0.1688', '100.0000'] lr = 0.002110
2023-11-03 17:31:58,410 - fewshot_modelnet_linear_classification - INFO - [Validation] EPOCH: 55  acc = 79.0000
2023-11-03 17:31:59,071 - fewshot_modelnet_linear_classification - INFO - Save checkpoint at ./experiments/fewshot_modelnet_linear_classification/cfgs/lr0.003/ckpt-last.pth
2023-11-03 17:32:01,161 - fewshot_modelnet_linear_classification - INFO - [Training] EPOCH: 56 EpochTime = 2.088 (s) Losses = ['0.1471', '97.9167'] lr = 0.002082
2023-11-03 17:32:03,319 - fewshot_modelnet_linear_classification - INFO - [Validation] EPOCH: 56  acc = 78.5000
2023-11-03 17:32:04,314 - fewshot_modelnet_linear_classification - INFO - Save checkpoint at ./experiments/fewshot_modelnet_linear_classification/cfgs/lr0.003/ckpt-last.pth
2023-11-03 17:32:06,580 - fewshot_modelnet_linear_classification - INFO - [Training] EPOCH: 57 EpochTime = 2.264 (s) Losses = ['0.1635', '100.0000'] lr = 0.002053
2023-11-03 17:32:08,904 - fewshot_modelnet_linear_classification - INFO - [Validation] EPOCH: 57  acc = 79.5000
2023-11-03 17:32:09,432 - fewshot_modelnet_linear_classification - INFO - Save checkpoint at ./experiments/fewshot_modelnet_linear_classification/cfgs/lr0.003/ckpt-last.pth
2023-11-03 17:32:11,669 - fewshot_modelnet_linear_classification - INFO - [Training] EPOCH: 58 EpochTime = 2.235 (s) Losses = ['0.1573', '98.9583'] lr = 0.002023
2023-11-03 17:32:13,931 - fewshot_modelnet_linear_classification - INFO - [Validation] EPOCH: 58  acc = 79.5000
2023-11-03 17:32:14,544 - fewshot_modelnet_linear_classification - INFO - Save checkpoint at ./experiments/fewshot_modelnet_linear_classification/cfgs/lr0.003/ckpt-last.pth
2023-11-03 17:32:16,808 - fewshot_modelnet_linear_classification - INFO - [Training] EPOCH: 59 EpochTime = 2.263 (s) Losses = ['0.1250', '100.0000'] lr = 0.001994
2023-11-03 17:32:19,191 - fewshot_modelnet_linear_classification - INFO - [Validation] EPOCH: 59  acc = 79.5000
2023-11-03 17:32:19,989 - fewshot_modelnet_linear_classification - INFO - Save checkpoint at ./experiments/fewshot_modelnet_linear_classification/cfgs/lr0.003/ckpt-last.pth
2023-11-03 17:32:22,275 - fewshot_modelnet_linear_classification - INFO - [Training] EPOCH: 60 EpochTime = 2.284 (s) Losses = ['0.1092', '100.0000'] lr = 0.001964
2023-11-03 17:32:24,569 - fewshot_modelnet_linear_classification - INFO - [Validation] EPOCH: 60  acc = 80.5000
2023-11-03 17:32:25,240 - fewshot_modelnet_linear_classification - INFO - Save checkpoint at ./experiments/fewshot_modelnet_linear_classification/cfgs/lr0.003/ckpt-last.pth
2023-11-03 17:32:27,607 - fewshot_modelnet_linear_classification - INFO - [Training] EPOCH: 61 EpochTime = 2.364 (s) Losses = ['0.1687', '95.8333'] lr = 0.001934
2023-11-03 17:32:29,441 - fewshot_modelnet_linear_classification - INFO - [Validation] EPOCH: 61  acc = 80.5000
2023-11-03 17:32:30,074 - fewshot_modelnet_linear_classification - INFO - Save checkpoint at ./experiments/fewshot_modelnet_linear_classification/cfgs/lr0.003/ckpt-last.pth
2023-11-03 17:32:32,616 - fewshot_modelnet_linear_classification - INFO - [Training] EPOCH: 62 EpochTime = 2.540 (s) Losses = ['0.1336', '98.9583'] lr = 0.001904
2023-11-03 17:32:34,390 - fewshot_modelnet_linear_classification - INFO - [Validation] EPOCH: 62  acc = 81.5000
2023-11-03 17:32:34,988 - fewshot_modelnet_linear_classification - INFO - Save checkpoint at ./experiments/fewshot_modelnet_linear_classification/cfgs/lr0.003/ckpt-best.pth
2023-11-03 17:32:34,988 - fewshot_modelnet_linear_classification - INFO - --------------------------------------------------------------------------------------------
2023-11-03 17:32:35,597 - fewshot_modelnet_linear_classification - INFO - Save checkpoint at ./experiments/fewshot_modelnet_linear_classification/cfgs/lr0.003/ckpt-last.pth
2023-11-03 17:32:37,931 - fewshot_modelnet_linear_classification - INFO - [Training] EPOCH: 63 EpochTime = 2.332 (s) Losses = ['0.1450', '98.9583'] lr = 0.001873
2023-11-03 17:32:40,292 - fewshot_modelnet_linear_classification - INFO - [Validation] EPOCH: 63  acc = 80.5000
2023-11-03 17:32:40,818 - fewshot_modelnet_linear_classification - INFO - Save checkpoint at ./experiments/fewshot_modelnet_linear_classification/cfgs/lr0.003/ckpt-last.pth
2023-11-03 17:32:43,307 - fewshot_modelnet_linear_classification - INFO - [Training] EPOCH: 64 EpochTime = 2.488 (s) Losses = ['0.1474', '100.0000'] lr = 0.001843
2023-11-03 17:32:45,669 - fewshot_modelnet_linear_classification - INFO - [Validation] EPOCH: 64  acc = 80.0000
2023-11-03 17:32:46,259 - fewshot_modelnet_linear_classification - INFO - Save checkpoint at ./experiments/fewshot_modelnet_linear_classification/cfgs/lr0.003/ckpt-last.pth
2023-11-03 17:32:48,402 - fewshot_modelnet_linear_classification - INFO - [Training] EPOCH: 65 EpochTime = 2.141 (s) Losses = ['0.1604', '98.9583'] lr = 0.001812
2023-11-03 17:32:50,596 - fewshot_modelnet_linear_classification - INFO - [Validation] EPOCH: 65  acc = 80.0000
2023-11-03 17:32:51,234 - fewshot_modelnet_linear_classification - INFO - Save checkpoint at ./experiments/fewshot_modelnet_linear_classification/cfgs/lr0.003/ckpt-last.pth
2023-11-03 17:32:53,538 - fewshot_modelnet_linear_classification - INFO - [Training] EPOCH: 66 EpochTime = 2.301 (s) Losses = ['0.1314', '98.9583'] lr = 0.001781
2023-11-03 17:32:55,731 - fewshot_modelnet_linear_classification - INFO - [Validation] EPOCH: 66  acc = 80.5000
2023-11-03 17:32:56,435 - fewshot_modelnet_linear_classification - INFO - Save checkpoint at ./experiments/fewshot_modelnet_linear_classification/cfgs/lr0.003/ckpt-last.pth
2023-11-03 17:32:58,626 - fewshot_modelnet_linear_classification - INFO - [Training] EPOCH: 67 EpochTime = 2.190 (s) Losses = ['0.1257', '100.0000'] lr = 0.001751
2023-11-03 17:33:00,861 - fewshot_modelnet_linear_classification - INFO - [Validation] EPOCH: 67  acc = 80.5000
2023-11-03 17:33:01,490 - fewshot_modelnet_linear_classification - INFO - Save checkpoint at ./experiments/fewshot_modelnet_linear_classification/cfgs/lr0.003/ckpt-last.pth
2023-11-03 17:33:03,759 - fewshot_modelnet_linear_classification - INFO - [Training] EPOCH: 68 EpochTime = 2.268 (s) Losses = ['0.1560', '97.9167'] lr = 0.001720
2023-11-03 17:33:05,480 - fewshot_modelnet_linear_classification - INFO - [Validation] EPOCH: 68  acc = 80.0000
2023-11-03 17:33:06,159 - fewshot_modelnet_linear_classification - INFO - Save checkpoint at ./experiments/fewshot_modelnet_linear_classification/cfgs/lr0.003/ckpt-last.pth
2023-11-03 17:33:08,895 - fewshot_modelnet_linear_classification - INFO - [Training] EPOCH: 69 EpochTime = 2.733 (s) Losses = ['0.1252', '98.9583'] lr = 0.001688
2023-11-03 17:33:10,736 - fewshot_modelnet_linear_classification - INFO - [Validation] EPOCH: 69  acc = 79.0000
2023-11-03 17:33:11,280 - fewshot_modelnet_linear_classification - INFO - Save checkpoint at ./experiments/fewshot_modelnet_linear_classification/cfgs/lr0.003/ckpt-last.pth
2023-11-03 17:33:13,810 - fewshot_modelnet_linear_classification - INFO - [Training] EPOCH: 70 EpochTime = 2.528 (s) Losses = ['0.1554', '97.9167'] lr = 0.001657
2023-11-03 17:33:16,059 - fewshot_modelnet_linear_classification - INFO - [Validation] EPOCH: 70  acc = 79.5000
2023-11-03 17:33:16,658 - fewshot_modelnet_linear_classification - INFO - Save checkpoint at ./experiments/fewshot_modelnet_linear_classification/cfgs/lr0.003/ckpt-last.pth
2023-11-03 17:33:18,942 - fewshot_modelnet_linear_classification - INFO - [Training] EPOCH: 71 EpochTime = 2.281 (s) Losses = ['0.1491', '98.9583'] lr = 0.001626
2023-11-03 17:33:21,298 - fewshot_modelnet_linear_classification - INFO - [Validation] EPOCH: 71  acc = 81.0000
2023-11-03 17:33:22,431 - fewshot_modelnet_linear_classification - INFO - Save checkpoint at ./experiments/fewshot_modelnet_linear_classification/cfgs/lr0.003/ckpt-last.pth
2023-11-03 17:33:24,646 - fewshot_modelnet_linear_classification - INFO - [Training] EPOCH: 72 EpochTime = 2.213 (s) Losses = ['0.1160', '100.0000'] lr = 0.001595
2023-11-03 17:33:27,058 - fewshot_modelnet_linear_classification - INFO - [Validation] EPOCH: 72  acc = 81.0000
2023-11-03 17:33:27,782 - fewshot_modelnet_linear_classification - INFO - Save checkpoint at ./experiments/fewshot_modelnet_linear_classification/cfgs/lr0.003/ckpt-last.pth
2023-11-03 17:33:30,098 - fewshot_modelnet_linear_classification - INFO - [Training] EPOCH: 73 EpochTime = 2.314 (s) Losses = ['0.1246', '100.0000'] lr = 0.001563
2023-11-03 17:33:32,412 - fewshot_modelnet_linear_classification - INFO - [Validation] EPOCH: 73  acc = 81.0000
2023-11-03 17:33:32,968 - fewshot_modelnet_linear_classification - INFO - Save checkpoint at ./experiments/fewshot_modelnet_linear_classification/cfgs/lr0.003/ckpt-last.pth
2023-11-03 17:33:35,187 - fewshot_modelnet_linear_classification - INFO - [Training] EPOCH: 74 EpochTime = 2.216 (s) Losses = ['0.1016', '98.9583'] lr = 0.001532
2023-11-03 17:33:37,579 - fewshot_modelnet_linear_classification - INFO - [Validation] EPOCH: 74  acc = 80.5000
2023-11-03 17:33:38,132 - fewshot_modelnet_linear_classification - INFO - Save checkpoint at ./experiments/fewshot_modelnet_linear_classification/cfgs/lr0.003/ckpt-last.pth
2023-11-03 17:33:40,272 - fewshot_modelnet_linear_classification - INFO - [Training] EPOCH: 75 EpochTime = 2.138 (s) Losses = ['0.1159', '100.0000'] lr = 0.001500
2023-11-03 17:33:42,029 - fewshot_modelnet_linear_classification - INFO - [Validation] EPOCH: 75  acc = 80.0000
2023-11-03 17:33:43,054 - fewshot_modelnet_linear_classification - INFO - Save checkpoint at ./experiments/fewshot_modelnet_linear_classification/cfgs/lr0.003/ckpt-last.pth
2023-11-03 17:33:45,458 - fewshot_modelnet_linear_classification - INFO - [Training] EPOCH: 76 EpochTime = 2.403 (s) Losses = ['0.1025', '98.9583'] lr = 0.001469
2023-11-03 17:33:47,093 - fewshot_modelnet_linear_classification - INFO - [Validation] EPOCH: 76  acc = 80.0000
2023-11-03 17:33:47,923 - fewshot_modelnet_linear_classification - INFO - Save checkpoint at ./experiments/fewshot_modelnet_linear_classification/cfgs/lr0.003/ckpt-last.pth
2023-11-03 17:33:50,096 - fewshot_modelnet_linear_classification - INFO - [Training] EPOCH: 77 EpochTime = 2.171 (s) Losses = ['0.1015', '100.0000'] lr = 0.001438
2023-11-03 17:33:52,475 - fewshot_modelnet_linear_classification - INFO - [Validation] EPOCH: 77  acc = 80.5000
2023-11-03 17:33:53,357 - fewshot_modelnet_linear_classification - INFO - Save checkpoint at ./experiments/fewshot_modelnet_linear_classification/cfgs/lr0.003/ckpt-last.pth
2023-11-03 17:33:55,530 - fewshot_modelnet_linear_classification - INFO - [Training] EPOCH: 78 EpochTime = 2.171 (s) Losses = ['0.1046', '100.0000'] lr = 0.001406
2023-11-03 17:33:57,892 - fewshot_modelnet_linear_classification - INFO - [Validation] EPOCH: 78  acc = 80.0000
2023-11-03 17:33:58,817 - fewshot_modelnet_linear_classification - INFO - Save checkpoint at ./experiments/fewshot_modelnet_linear_classification/cfgs/lr0.003/ckpt-last.pth
2023-11-03 17:34:01,266 - fewshot_modelnet_linear_classification - INFO - [Training] EPOCH: 79 EpochTime = 2.447 (s) Losses = ['0.1017', '100.0000'] lr = 0.001375
2023-11-03 17:34:03,671 - fewshot_modelnet_linear_classification - INFO - [Validation] EPOCH: 79  acc = 81.0000
2023-11-03 17:34:04,338 - fewshot_modelnet_linear_classification - INFO - Save checkpoint at ./experiments/fewshot_modelnet_linear_classification/cfgs/lr0.003/ckpt-last.pth
2023-11-03 17:34:06,673 - fewshot_modelnet_linear_classification - INFO - [Training] EPOCH: 80 EpochTime = 2.333 (s) Losses = ['0.1132', '98.9583'] lr = 0.001344
2023-11-03 17:34:08,928 - fewshot_modelnet_linear_classification - INFO - [Validation] EPOCH: 80  acc = 80.5000
2023-11-03 17:34:09,517 - fewshot_modelnet_linear_classification - INFO - Save checkpoint at ./experiments/fewshot_modelnet_linear_classification/cfgs/lr0.003/ckpt-last.pth
2023-11-03 17:34:11,797 - fewshot_modelnet_linear_classification - INFO - [Training] EPOCH: 81 EpochTime = 2.279 (s) Losses = ['0.1262', '98.9583'] lr = 0.001313
2023-11-03 17:34:14,035 - fewshot_modelnet_linear_classification - INFO - [Validation] EPOCH: 81  acc = 81.0000
2023-11-03 17:34:14,661 - fewshot_modelnet_linear_classification - INFO - Save checkpoint at ./experiments/fewshot_modelnet_linear_classification/cfgs/lr0.003/ckpt-last.pth
2023-11-03 17:34:16,809 - fewshot_modelnet_linear_classification - INFO - [Training] EPOCH: 82 EpochTime = 2.147 (s) Losses = ['0.1069', '100.0000'] lr = 0.001281
2023-11-03 17:34:18,603 - fewshot_modelnet_linear_classification - INFO - [Validation] EPOCH: 82  acc = 80.5000
2023-11-03 17:34:19,218 - fewshot_modelnet_linear_classification - INFO - Save checkpoint at ./experiments/fewshot_modelnet_linear_classification/cfgs/lr0.003/ckpt-last.pth
2023-11-03 17:34:21,669 - fewshot_modelnet_linear_classification - INFO - [Training] EPOCH: 83 EpochTime = 2.449 (s) Losses = ['0.1166', '98.9583'] lr = 0.001250
2023-11-03 17:34:23,312 - fewshot_modelnet_linear_classification - INFO - [Validation] EPOCH: 83  acc = 80.5000
2023-11-03 17:34:24,116 - fewshot_modelnet_linear_classification - INFO - Save checkpoint at ./experiments/fewshot_modelnet_linear_classification/cfgs/lr0.003/ckpt-last.pth
2023-11-03 17:34:26,503 - fewshot_modelnet_linear_classification - INFO - [Training] EPOCH: 84 EpochTime = 2.385 (s) Losses = ['0.0972', '100.0000'] lr = 0.001220
2023-11-03 17:34:28,862 - fewshot_modelnet_linear_classification - INFO - [Validation] EPOCH: 84  acc = 81.0000
2023-11-03 17:34:29,401 - fewshot_modelnet_linear_classification - INFO - Save checkpoint at ./experiments/fewshot_modelnet_linear_classification/cfgs/lr0.003/ckpt-last.pth
2023-11-03 17:34:31,602 - fewshot_modelnet_linear_classification - INFO - [Training] EPOCH: 85 EpochTime = 2.199 (s) Losses = ['0.1262', '98.9583'] lr = 0.001189
2023-11-03 17:34:33,959 - fewshot_modelnet_linear_classification - INFO - [Validation] EPOCH: 85  acc = 81.0000
2023-11-03 17:34:34,479 - fewshot_modelnet_linear_classification - INFO - Save checkpoint at ./experiments/fewshot_modelnet_linear_classification/cfgs/lr0.003/ckpt-last.pth
2023-11-03 17:34:36,700 - fewshot_modelnet_linear_classification - INFO - [Training] EPOCH: 86 EpochTime = 2.219 (s) Losses = ['0.0998', '100.0000'] lr = 0.001158
2023-11-03 17:34:38,945 - fewshot_modelnet_linear_classification - INFO - [Validation] EPOCH: 86  acc = 81.5000
2023-11-03 17:34:39,379 - fewshot_modelnet_linear_classification - INFO - Save checkpoint at ./experiments/fewshot_modelnet_linear_classification/cfgs/lr0.003/ckpt-last.pth
2023-11-03 17:34:41,802 - fewshot_modelnet_linear_classification - INFO - [Training] EPOCH: 87 EpochTime = 2.422 (s) Losses = ['0.1367', '98.9583'] lr = 0.001128
2023-11-03 17:34:43,988 - fewshot_modelnet_linear_classification - INFO - [Validation] EPOCH: 87  acc = 80.5000
2023-11-03 17:34:44,594 - fewshot_modelnet_linear_classification - INFO - Save checkpoint at ./experiments/fewshot_modelnet_linear_classification/cfgs/lr0.003/ckpt-last.pth
2023-11-03 17:34:46,923 - fewshot_modelnet_linear_classification - INFO - [Training] EPOCH: 88 EpochTime = 2.328 (s) Losses = ['0.1095', '100.0000'] lr = 0.001097
2023-11-03 17:34:49,274 - fewshot_modelnet_linear_classification - INFO - [Validation] EPOCH: 88  acc = 80.5000
2023-11-03 17:34:49,846 - fewshot_modelnet_linear_classification - INFO - Save checkpoint at ./experiments/fewshot_modelnet_linear_classification/cfgs/lr0.003/ckpt-last.pth
2023-11-03 17:34:52,126 - fewshot_modelnet_linear_classification - INFO - [Training] EPOCH: 89 EpochTime = 2.277 (s) Losses = ['0.0995', '100.0000'] lr = 0.001067
2023-11-03 17:34:54,398 - fewshot_modelnet_linear_classification - INFO - [Validation] EPOCH: 89  acc = 80.5000
2023-11-03 17:34:54,909 - fewshot_modelnet_linear_classification - INFO - Save checkpoint at ./experiments/fewshot_modelnet_linear_classification/cfgs/lr0.003/ckpt-last.pth
2023-11-03 17:34:57,432 - fewshot_modelnet_linear_classification - INFO - [Training] EPOCH: 90 EpochTime = 2.521 (s) Losses = ['0.0844', '100.0000'] lr = 0.001037
2023-11-03 17:35:00,072 - fewshot_modelnet_linear_classification - INFO - [Validation] EPOCH: 90  acc = 81.0000
2023-11-03 17:35:00,596 - fewshot_modelnet_linear_classification - INFO - Save checkpoint at ./experiments/fewshot_modelnet_linear_classification/cfgs/lr0.003/ckpt-last.pth
2023-11-03 17:35:02,090 - fewshot_modelnet_linear_classification - INFO - [Training] EPOCH: 91 EpochTime = 1.492 (s) Losses = ['0.1052', '98.9583'] lr = 0.001007
2023-11-03 17:35:04,506 - fewshot_modelnet_linear_classification - INFO - [Validation] EPOCH: 91  acc = 81.0000
2023-11-03 17:35:04,964 - fewshot_modelnet_linear_classification - INFO - Save checkpoint at ./experiments/fewshot_modelnet_linear_classification/cfgs/lr0.003/ckpt-last.pth
2023-11-03 17:35:07,572 - fewshot_modelnet_linear_classification - INFO - [Training] EPOCH: 92 EpochTime = 2.605 (s) Losses = ['0.1128', '100.0000'] lr = 0.000978
2023-11-03 17:35:09,914 - fewshot_modelnet_linear_classification - INFO - [Validation] EPOCH: 92  acc = 80.5000
2023-11-03 17:35:10,471 - fewshot_modelnet_linear_classification - INFO - Save checkpoint at ./experiments/fewshot_modelnet_linear_classification/cfgs/lr0.003/ckpt-last.pth
2023-11-03 17:35:12,639 - fewshot_modelnet_linear_classification - INFO - [Training] EPOCH: 93 EpochTime = 2.166 (s) Losses = ['0.1052', '98.9583'] lr = 0.000948
2023-11-03 17:35:14,951 - fewshot_modelnet_linear_classification - INFO - [Validation] EPOCH: 93  acc = 80.0000
2023-11-03 17:35:15,651 - fewshot_modelnet_linear_classification - INFO - Save checkpoint at ./experiments/fewshot_modelnet_linear_classification/cfgs/lr0.003/ckpt-last.pth
2023-11-03 17:35:18,050 - fewshot_modelnet_linear_classification - INFO - [Training] EPOCH: 94 EpochTime = 2.398 (s) Losses = ['0.0848', '100.0000'] lr = 0.000919
2023-11-03 17:35:20,288 - fewshot_modelnet_linear_classification - INFO - [Validation] EPOCH: 94  acc = 80.0000
2023-11-03 17:35:20,827 - fewshot_modelnet_linear_classification - INFO - Save checkpoint at ./experiments/fewshot_modelnet_linear_classification/cfgs/lr0.003/ckpt-last.pth
2023-11-03 17:35:23,168 - fewshot_modelnet_linear_classification - INFO - [Training] EPOCH: 95 EpochTime = 2.340 (s) Losses = ['0.1169', '100.0000'] lr = 0.000891
2023-11-03 17:35:25,523 - fewshot_modelnet_linear_classification - INFO - [Validation] EPOCH: 95  acc = 80.5000
2023-11-03 17:35:26,140 - fewshot_modelnet_linear_classification - INFO - Save checkpoint at ./experiments/fewshot_modelnet_linear_classification/cfgs/lr0.003/ckpt-last.pth
2023-11-03 17:35:28,607 - fewshot_modelnet_linear_classification - INFO - [Training] EPOCH: 96 EpochTime = 2.465 (s) Losses = ['0.0881', '100.0000'] lr = 0.000862
2023-11-03 17:35:30,988 - fewshot_modelnet_linear_classification - INFO - [Validation] EPOCH: 96  acc = 80.5000
2023-11-03 17:35:31,518 - fewshot_modelnet_linear_classification - INFO - Save checkpoint at ./experiments/fewshot_modelnet_linear_classification/cfgs/lr0.003/ckpt-last.pth
2023-11-03 17:35:33,037 - fewshot_modelnet_linear_classification - INFO - [Training] EPOCH: 97 EpochTime = 1.516 (s) Losses = ['0.0871', '100.0000'] lr = 0.000834
2023-11-03 17:35:35,564 - fewshot_modelnet_linear_classification - INFO - [Validation] EPOCH: 97  acc = 80.5000
2023-11-03 17:35:36,095 - fewshot_modelnet_linear_classification - INFO - Save checkpoint at ./experiments/fewshot_modelnet_linear_classification/cfgs/lr0.003/ckpt-last.pth
2023-11-03 17:35:37,927 - fewshot_modelnet_linear_classification - INFO - [Training] EPOCH: 98 EpochTime = 1.831 (s) Losses = ['0.0875', '100.0000'] lr = 0.000806
2023-11-03 17:35:40,045 - fewshot_modelnet_linear_classification - INFO - [Validation] EPOCH: 98  acc = 80.5000
2023-11-03 17:35:40,511 - fewshot_modelnet_linear_classification - INFO - Save checkpoint at ./experiments/fewshot_modelnet_linear_classification/cfgs/lr0.003/ckpt-last.pth
2023-11-03 17:35:42,909 - fewshot_modelnet_linear_classification - INFO - [Training] EPOCH: 99 EpochTime = 2.396 (s) Losses = ['0.0934', '100.0000'] lr = 0.000778
2023-11-03 17:35:45,320 - fewshot_modelnet_linear_classification - INFO - [Validation] EPOCH: 99  acc = 80.5000
2023-11-03 17:35:45,806 - fewshot_modelnet_linear_classification - INFO - Save checkpoint at ./experiments/fewshot_modelnet_linear_classification/cfgs/lr0.003/ckpt-last.pth
2023-11-03 17:35:47,997 - fewshot_modelnet_linear_classification - INFO - [Training] EPOCH: 100 EpochTime = 2.186 (s) Losses = ['0.0834', '100.0000'] lr = 0.000751
2023-11-03 17:35:50,244 - fewshot_modelnet_linear_classification - INFO - [Validation] EPOCH: 100  acc = 81.0000
2023-11-03 17:35:50,828 - fewshot_modelnet_linear_classification - INFO - Save checkpoint at ./experiments/fewshot_modelnet_linear_classification/cfgs/lr0.003/ckpt-last.pth
2023-11-03 17:35:53,090 - fewshot_modelnet_linear_classification - INFO - [Training] EPOCH: 101 EpochTime = 2.261 (s) Losses = ['0.0830', '100.0000'] lr = 0.000724
2023-11-03 17:35:55,453 - fewshot_modelnet_linear_classification - INFO - [Validation] EPOCH: 101  acc = 81.0000
2023-11-03 17:35:56,269 - fewshot_modelnet_linear_classification - INFO - Save checkpoint at ./experiments/fewshot_modelnet_linear_classification/cfgs/lr0.003/ckpt-last.pth
2023-11-03 17:35:58,482 - fewshot_modelnet_linear_classification - INFO - [Training] EPOCH: 102 EpochTime = 2.211 (s) Losses = ['0.0755', '100.0000'] lr = 0.000697
2023-11-03 17:36:00,838 - fewshot_modelnet_linear_classification - INFO - [Validation] EPOCH: 102  acc = 81.5000
2023-11-03 17:36:01,315 - fewshot_modelnet_linear_classification - INFO - Save checkpoint at ./experiments/fewshot_modelnet_linear_classification/cfgs/lr0.003/ckpt-last.pth
2023-11-03 17:36:03,610 - fewshot_modelnet_linear_classification - INFO - [Training] EPOCH: 103 EpochTime = 2.293 (s) Losses = ['0.0884', '100.0000'] lr = 0.000671
2023-11-03 17:36:05,965 - fewshot_modelnet_linear_classification - INFO - [Validation] EPOCH: 103  acc = 81.0000
2023-11-03 17:36:06,439 - fewshot_modelnet_linear_classification - INFO - Save checkpoint at ./experiments/fewshot_modelnet_linear_classification/cfgs/lr0.003/ckpt-last.pth
2023-11-03 17:36:08,722 - fewshot_modelnet_linear_classification - INFO - [Training] EPOCH: 104 EpochTime = 2.280 (s) Losses = ['0.0888', '100.0000'] lr = 0.000645
2023-11-03 17:36:10,423 - fewshot_modelnet_linear_classification - INFO - [Validation] EPOCH: 104  acc = 81.0000
2023-11-03 17:36:11,321 - fewshot_modelnet_linear_classification - INFO - Save checkpoint at ./experiments/fewshot_modelnet_linear_classification/cfgs/lr0.003/ckpt-last.pth
2023-11-03 17:36:13,771 - fewshot_modelnet_linear_classification - INFO - [Training] EPOCH: 105 EpochTime = 2.448 (s) Losses = ['0.0936', '100.0000'] lr = 0.000619
2023-11-03 17:36:15,447 - fewshot_modelnet_linear_classification - INFO - [Validation] EPOCH: 105  acc = 81.0000
2023-11-03 17:36:15,895 - fewshot_modelnet_linear_classification - INFO - Save checkpoint at ./experiments/fewshot_modelnet_linear_classification/cfgs/lr0.003/ckpt-last.pth
2023-11-03 17:36:18,307 - fewshot_modelnet_linear_classification - INFO - [Training] EPOCH: 106 EpochTime = 2.410 (s) Losses = ['0.0919', '100.0000'] lr = 0.000594
2023-11-03 17:36:20,758 - fewshot_modelnet_linear_classification - INFO - [Validation] EPOCH: 106  acc = 81.0000
2023-11-03 17:36:21,230 - fewshot_modelnet_linear_classification - INFO - Save checkpoint at ./experiments/fewshot_modelnet_linear_classification/cfgs/lr0.003/ckpt-last.pth
2023-11-03 17:36:23,411 - fewshot_modelnet_linear_classification - INFO - [Training] EPOCH: 107 EpochTime = 2.179 (s) Losses = ['0.1033', '100.0000'] lr = 0.000569
2023-11-03 17:36:25,742 - fewshot_modelnet_linear_classification - INFO - [Validation] EPOCH: 107  acc = 80.5000
2023-11-03 17:36:26,214 - fewshot_modelnet_linear_classification - INFO - Save checkpoint at ./experiments/fewshot_modelnet_linear_classification/cfgs/lr0.003/ckpt-last.pth
2023-11-03 17:36:28,512 - fewshot_modelnet_linear_classification - INFO - [Training] EPOCH: 108 EpochTime = 2.296 (s) Losses = ['0.0734', '100.0000'] lr = 0.000545
2023-11-03 17:36:30,703 - fewshot_modelnet_linear_classification - INFO - [Validation] EPOCH: 108  acc = 80.5000
2023-11-03 17:36:31,161 - fewshot_modelnet_linear_classification - INFO - Save checkpoint at ./experiments/fewshot_modelnet_linear_classification/cfgs/lr0.003/ckpt-last.pth
2023-11-03 17:36:33,327 - fewshot_modelnet_linear_classification - INFO - [Training] EPOCH: 109 EpochTime = 2.163 (s) Losses = ['0.0862', '100.0000'] lr = 0.000521
2023-11-03 17:36:35,578 - fewshot_modelnet_linear_classification - INFO - [Validation] EPOCH: 109  acc = 80.0000
2023-11-03 17:36:36,088 - fewshot_modelnet_linear_classification - INFO - Save checkpoint at ./experiments/fewshot_modelnet_linear_classification/cfgs/lr0.003/ckpt-last.pth
2023-11-03 17:36:38,424 - fewshot_modelnet_linear_classification - INFO - [Training] EPOCH: 110 EpochTime = 2.335 (s) Losses = ['0.0938', '100.0000'] lr = 0.000497
2023-11-03 17:36:40,776 - fewshot_modelnet_linear_classification - INFO - [Validation] EPOCH: 110  acc = 80.0000
2023-11-03 17:36:41,343 - fewshot_modelnet_linear_classification - INFO - Save checkpoint at ./experiments/fewshot_modelnet_linear_classification/cfgs/lr0.003/ckpt-last.pth
2023-11-03 17:36:43,537 - fewshot_modelnet_linear_classification - INFO - [Training] EPOCH: 111 EpochTime = 2.192 (s) Losses = ['0.1136', '98.9583'] lr = 0.000474
2023-11-03 17:36:45,829 - fewshot_modelnet_linear_classification - INFO - [Validation] EPOCH: 111  acc = 80.0000
2023-11-03 17:36:46,306 - fewshot_modelnet_linear_classification - INFO - Save checkpoint at ./experiments/fewshot_modelnet_linear_classification/cfgs/lr0.003/ckpt-last.pth
2023-11-03 17:36:48,293 - fewshot_modelnet_linear_classification - INFO - [Training] EPOCH: 112 EpochTime = 1.985 (s) Losses = ['0.0731', '100.0000'] lr = 0.000451
2023-11-03 17:36:50,872 - fewshot_modelnet_linear_classification - INFO - [Validation] EPOCH: 112  acc = 80.0000
2023-11-03 17:36:51,521 - fewshot_modelnet_linear_classification - INFO - Save checkpoint at ./experiments/fewshot_modelnet_linear_classification/cfgs/lr0.003/ckpt-last.pth
2023-11-03 17:36:52,984 - fewshot_modelnet_linear_classification - INFO - [Training] EPOCH: 113 EpochTime = 1.462 (s) Losses = ['0.0963', '100.0000'] lr = 0.000429
2023-11-03 17:36:55,311 - fewshot_modelnet_linear_classification - INFO - [Validation] EPOCH: 113  acc = 80.5000
2023-11-03 17:36:55,782 - fewshot_modelnet_linear_classification - INFO - Save checkpoint at ./experiments/fewshot_modelnet_linear_classification/cfgs/lr0.003/ckpt-last.pth
2023-11-03 17:36:57,993 - fewshot_modelnet_linear_classification - INFO - [Training] EPOCH: 114 EpochTime = 2.209 (s) Losses = ['0.0796', '100.0000'] lr = 0.000407
2023-11-03 17:37:00,205 - fewshot_modelnet_linear_classification - INFO - [Validation] EPOCH: 114  acc = 80.0000
2023-11-03 17:37:00,719 - fewshot_modelnet_linear_classification - INFO - Save checkpoint at ./experiments/fewshot_modelnet_linear_classification/cfgs/lr0.003/ckpt-last.pth
2023-11-03 17:37:03,068 - fewshot_modelnet_linear_classification - INFO - [Training] EPOCH: 115 EpochTime = 2.348 (s) Losses = ['0.0753', '100.0000'] lr = 0.000386
2023-11-03 17:37:05,406 - fewshot_modelnet_linear_classification - INFO - [Validation] EPOCH: 115  acc = 80.0000
2023-11-03 17:37:05,937 - fewshot_modelnet_linear_classification - INFO - Save checkpoint at ./experiments/fewshot_modelnet_linear_classification/cfgs/lr0.003/ckpt-last.pth
2023-11-03 17:37:08,191 - fewshot_modelnet_linear_classification - INFO - [Training] EPOCH: 116 EpochTime = 2.252 (s) Losses = ['0.0841', '100.0000'] lr = 0.000365
2023-11-03 17:37:10,524 - fewshot_modelnet_linear_classification - INFO - [Validation] EPOCH: 116  acc = 80.0000
2023-11-03 17:37:11,051 - fewshot_modelnet_linear_classification - INFO - Save checkpoint at ./experiments/fewshot_modelnet_linear_classification/cfgs/lr0.003/ckpt-last.pth
2023-11-03 17:37:13,186 - fewshot_modelnet_linear_classification - INFO - [Training] EPOCH: 117 EpochTime = 2.134 (s) Losses = ['0.0851', '100.0000'] lr = 0.000345
2023-11-03 17:37:15,398 - fewshot_modelnet_linear_classification - INFO - [Validation] EPOCH: 117  acc = 80.5000
2023-11-03 17:37:15,935 - fewshot_modelnet_linear_classification - INFO - Save checkpoint at ./experiments/fewshot_modelnet_linear_classification/cfgs/lr0.003/ckpt-last.pth
2023-11-03 17:37:18,442 - fewshot_modelnet_linear_classification - INFO - [Training] EPOCH: 118 EpochTime = 2.505 (s) Losses = ['0.0659', '100.0000'] lr = 0.000325
2023-11-03 17:37:20,752 - fewshot_modelnet_linear_classification - INFO - [Validation] EPOCH: 118  acc = 80.5000
2023-11-03 17:37:21,243 - fewshot_modelnet_linear_classification - INFO - Save checkpoint at ./experiments/fewshot_modelnet_linear_classification/cfgs/lr0.003/ckpt-last.pth
2023-11-03 17:37:23,603 - fewshot_modelnet_linear_classification - INFO - [Training] EPOCH: 119 EpochTime = 2.358 (s) Losses = ['0.0955', '100.0000'] lr = 0.000306
2023-11-03 17:37:25,618 - fewshot_modelnet_linear_classification - INFO - [Validation] EPOCH: 119  acc = 81.0000
2023-11-03 17:37:26,585 - fewshot_modelnet_linear_classification - INFO - Save checkpoint at ./experiments/fewshot_modelnet_linear_classification/cfgs/lr0.003/ckpt-last.pth
2023-11-03 17:37:29,016 - fewshot_modelnet_linear_classification - INFO - [Training] EPOCH: 120 EpochTime = 2.429 (s) Losses = ['0.0935', '100.0000'] lr = 0.000287
2023-11-03 17:37:30,946 - fewshot_modelnet_linear_classification - INFO - [Validation] EPOCH: 120  acc = 81.0000
2023-11-03 17:37:31,403 - fewshot_modelnet_linear_classification - INFO - Save checkpoint at ./experiments/fewshot_modelnet_linear_classification/cfgs/lr0.003/ckpt-last.pth
2023-11-03 17:37:33,708 - fewshot_modelnet_linear_classification - INFO - [Training] EPOCH: 121 EpochTime = 2.303 (s) Losses = ['0.0915', '100.0000'] lr = 0.000269
2023-11-03 17:37:36,111 - fewshot_modelnet_linear_classification - INFO - [Validation] EPOCH: 121  acc = 81.0000
2023-11-03 17:37:36,610 - fewshot_modelnet_linear_classification - INFO - Save checkpoint at ./experiments/fewshot_modelnet_linear_classification/cfgs/lr0.003/ckpt-last.pth
2023-11-03 17:37:38,773 - fewshot_modelnet_linear_classification - INFO - [Training] EPOCH: 122 EpochTime = 2.159 (s) Losses = ['0.1047', '100.0000'] lr = 0.000252
2023-11-03 17:37:41,005 - fewshot_modelnet_linear_classification - INFO - [Validation] EPOCH: 122  acc = 80.5000
2023-11-03 17:37:41,486 - fewshot_modelnet_linear_classification - INFO - Save checkpoint at ./experiments/fewshot_modelnet_linear_classification/cfgs/lr0.003/ckpt-last.pth
2023-11-03 17:37:43,969 - fewshot_modelnet_linear_classification - INFO - [Training] EPOCH: 123 EpochTime = 2.481 (s) Losses = ['0.0775', '100.0000'] lr = 0.000234
2023-11-03 17:37:46,329 - fewshot_modelnet_linear_classification - INFO - [Validation] EPOCH: 123  acc = 80.5000
2023-11-03 17:37:46,823 - fewshot_modelnet_linear_classification - INFO - Save checkpoint at ./experiments/fewshot_modelnet_linear_classification/cfgs/lr0.003/ckpt-last.pth
2023-11-03 17:37:49,019 - fewshot_modelnet_linear_classification - INFO - [Training] EPOCH: 124 EpochTime = 2.194 (s) Losses = ['0.0733', '100.0000'] lr = 0.000218
2023-11-03 17:37:51,370 - fewshot_modelnet_linear_classification - INFO - [Validation] EPOCH: 124  acc = 80.5000
2023-11-03 17:37:52,243 - fewshot_modelnet_linear_classification - INFO - Save checkpoint at ./experiments/fewshot_modelnet_linear_classification/cfgs/lr0.003/ckpt-last.pth
2023-11-03 17:37:54,410 - fewshot_modelnet_linear_classification - INFO - [Training] EPOCH: 125 EpochTime = 2.165 (s) Losses = ['0.0677', '100.0000'] lr = 0.000202
2023-11-03 17:37:56,783 - fewshot_modelnet_linear_classification - INFO - [Validation] EPOCH: 125  acc = 81.0000
2023-11-03 17:37:57,261 - fewshot_modelnet_linear_classification - INFO - Save checkpoint at ./experiments/fewshot_modelnet_linear_classification/cfgs/lr0.003/ckpt-last.pth
2023-11-03 17:37:59,542 - fewshot_modelnet_linear_classification - INFO - [Training] EPOCH: 126 EpochTime = 2.279 (s) Losses = ['0.0768', '100.0000'] lr = 0.000186
2023-11-03 17:38:01,558 - fewshot_modelnet_linear_classification - INFO - [Validation] EPOCH: 126  acc = 81.0000
2023-11-03 17:38:02,709 - fewshot_modelnet_linear_classification - INFO - Save checkpoint at ./experiments/fewshot_modelnet_linear_classification/cfgs/lr0.003/ckpt-last.pth
2023-11-03 17:38:05,334 - fewshot_modelnet_linear_classification - INFO - [Training] EPOCH: 127 EpochTime = 2.622 (s) Losses = ['0.0739', '100.0000'] lr = 0.000172
2023-11-03 17:38:07,010 - fewshot_modelnet_linear_classification - INFO - [Validation] EPOCH: 127  acc = 81.0000
2023-11-03 17:38:07,670 - fewshot_modelnet_linear_classification - INFO - Save checkpoint at ./experiments/fewshot_modelnet_linear_classification/cfgs/lr0.003/ckpt-last.pth
2023-11-03 17:38:10,116 - fewshot_modelnet_linear_classification - INFO - [Training] EPOCH: 128 EpochTime = 2.444 (s) Losses = ['0.0824', '100.0000'] lr = 0.000157
2023-11-03 17:38:12,449 - fewshot_modelnet_linear_classification - INFO - [Validation] EPOCH: 128  acc = 80.5000
2023-11-03 17:38:12,973 - fewshot_modelnet_linear_classification - INFO - Save checkpoint at ./experiments/fewshot_modelnet_linear_classification/cfgs/lr0.003/ckpt-last.pth
2023-11-03 17:38:15,272 - fewshot_modelnet_linear_classification - INFO - [Training] EPOCH: 129 EpochTime = 2.297 (s) Losses = ['0.0749', '100.0000'] lr = 0.000144
2023-11-03 17:38:17,594 - fewshot_modelnet_linear_classification - INFO - [Validation] EPOCH: 129  acc = 80.5000
2023-11-03 17:38:18,134 - fewshot_modelnet_linear_classification - INFO - Save checkpoint at ./experiments/fewshot_modelnet_linear_classification/cfgs/lr0.003/ckpt-last.pth
2023-11-03 17:38:20,331 - fewshot_modelnet_linear_classification - INFO - [Training] EPOCH: 130 EpochTime = 2.195 (s) Losses = ['0.0749', '98.9583'] lr = 0.000131
2023-11-03 17:38:22,561 - fewshot_modelnet_linear_classification - INFO - [Validation] EPOCH: 130  acc = 80.0000
2023-11-03 17:38:23,001 - fewshot_modelnet_linear_classification - INFO - Save checkpoint at ./experiments/fewshot_modelnet_linear_classification/cfgs/lr0.003/ckpt-last.pth
2023-11-03 17:38:25,380 - fewshot_modelnet_linear_classification - INFO - [Training] EPOCH: 131 EpochTime = 2.377 (s) Losses = ['0.1044', '96.8750'] lr = 0.000118
2023-11-03 17:38:27,665 - fewshot_modelnet_linear_classification - INFO - [Validation] EPOCH: 131  acc = 80.0000
2023-11-03 17:38:28,140 - fewshot_modelnet_linear_classification - INFO - Save checkpoint at ./experiments/fewshot_modelnet_linear_classification/cfgs/lr0.003/ckpt-last.pth
2023-11-03 17:38:30,276 - fewshot_modelnet_linear_classification - INFO - [Training] EPOCH: 132 EpochTime = 2.135 (s) Losses = ['0.0735', '100.0000'] lr = 0.000106
2023-11-03 17:38:32,474 - fewshot_modelnet_linear_classification - INFO - [Validation] EPOCH: 132  acc = 80.0000
2023-11-03 17:38:33,002 - fewshot_modelnet_linear_classification - INFO - Save checkpoint at ./experiments/fewshot_modelnet_linear_classification/cfgs/lr0.003/ckpt-last.pth
2023-11-03 17:38:35,066 - fewshot_modelnet_linear_classification - INFO - [Training] EPOCH: 133 EpochTime = 2.061 (s) Losses = ['0.0903', '100.0000'] lr = 0.000095
2023-11-03 17:38:37,391 - fewshot_modelnet_linear_classification - INFO - [Validation] EPOCH: 133  acc = 80.0000
2023-11-03 17:38:37,962 - fewshot_modelnet_linear_classification - INFO - Save checkpoint at ./experiments/fewshot_modelnet_linear_classification/cfgs/lr0.003/ckpt-last.pth
2023-11-03 17:38:39,485 - fewshot_modelnet_linear_classification - INFO - [Training] EPOCH: 134 EpochTime = 1.521 (s) Losses = ['0.0941', '98.9583'] lr = 0.000084
2023-11-03 17:38:42,060 - fewshot_modelnet_linear_classification - INFO - [Validation] EPOCH: 134  acc = 80.0000
2023-11-03 17:38:42,536 - fewshot_modelnet_linear_classification - INFO - Save checkpoint at ./experiments/fewshot_modelnet_linear_classification/cfgs/lr0.003/ckpt-last.pth
2023-11-03 17:38:44,456 - fewshot_modelnet_linear_classification - INFO - [Training] EPOCH: 135 EpochTime = 1.919 (s) Losses = ['0.0700', '100.0000'] lr = 0.000074
2023-11-03 17:38:46,186 - fewshot_modelnet_linear_classification - INFO - [Validation] EPOCH: 135  acc = 80.5000
2023-11-03 17:38:46,684 - fewshot_modelnet_linear_classification - INFO - Save checkpoint at ./experiments/fewshot_modelnet_linear_classification/cfgs/lr0.003/ckpt-last.pth
2023-11-03 17:38:48,869 - fewshot_modelnet_linear_classification - INFO - [Training] EPOCH: 136 EpochTime = 2.184 (s) Losses = ['0.1050', '100.0000'] lr = 0.000065
2023-11-03 17:38:51,094 - fewshot_modelnet_linear_classification - INFO - [Validation] EPOCH: 136  acc = 80.5000
2023-11-03 17:38:51,661 - fewshot_modelnet_linear_classification - INFO - Save checkpoint at ./experiments/fewshot_modelnet_linear_classification/cfgs/lr0.003/ckpt-last.pth
2023-11-03 17:38:53,965 - fewshot_modelnet_linear_classification - INFO - [Training] EPOCH: 137 EpochTime = 2.302 (s) Losses = ['0.0997', '98.9583'] lr = 0.000056
2023-11-03 17:38:56,180 - fewshot_modelnet_linear_classification - INFO - [Validation] EPOCH: 137  acc = 80.0000
2023-11-03 17:38:56,635 - fewshot_modelnet_linear_classification - INFO - Save checkpoint at ./experiments/fewshot_modelnet_linear_classification/cfgs/lr0.003/ckpt-last.pth
2023-11-03 17:38:58,788 - fewshot_modelnet_linear_classification - INFO - [Training] EPOCH: 138 EpochTime = 2.151 (s) Losses = ['0.0822', '100.0000'] lr = 0.000048
2023-11-03 17:39:00,994 - fewshot_modelnet_linear_classification - INFO - [Validation] EPOCH: 138  acc = 80.0000
2023-11-03 17:39:01,547 - fewshot_modelnet_linear_classification - INFO - Save checkpoint at ./experiments/fewshot_modelnet_linear_classification/cfgs/lr0.003/ckpt-last.pth
2023-11-03 17:39:03,901 - fewshot_modelnet_linear_classification - INFO - [Training] EPOCH: 139 EpochTime = 2.352 (s) Losses = ['0.0957', '100.0000'] lr = 0.000041
2023-11-03 17:39:06,279 - fewshot_modelnet_linear_classification - INFO - [Validation] EPOCH: 139  acc = 80.0000
2023-11-03 17:39:06,747 - fewshot_modelnet_linear_classification - INFO - Save checkpoint at ./experiments/fewshot_modelnet_linear_classification/cfgs/lr0.003/ckpt-last.pth
2023-11-03 17:39:09,008 - fewshot_modelnet_linear_classification - INFO - [Training] EPOCH: 140 EpochTime = 2.259 (s) Losses = ['0.1076', '97.9167'] lr = 0.000034
2023-11-03 17:39:11,384 - fewshot_modelnet_linear_classification - INFO - [Validation] EPOCH: 140  acc = 80.0000
2023-11-03 17:39:11,853 - fewshot_modelnet_linear_classification - INFO - Save checkpoint at ./experiments/fewshot_modelnet_linear_classification/cfgs/lr0.003/ckpt-last.pth
2023-11-03 17:39:14,101 - fewshot_modelnet_linear_classification - INFO - [Training] EPOCH: 141 EpochTime = 2.247 (s) Losses = ['0.0827', '100.0000'] lr = 0.000028
2023-11-03 17:39:16,493 - fewshot_modelnet_linear_classification - INFO - [Validation] EPOCH: 141  acc = 80.0000
2023-11-03 17:39:17,039 - fewshot_modelnet_linear_classification - INFO - Save checkpoint at ./experiments/fewshot_modelnet_linear_classification/cfgs/lr0.003/ckpt-last.pth
2023-11-03 17:39:17,586 - fewshot_modelnet_linear_classification - INFO - Save checkpoint at ./experiments/fewshot_modelnet_linear_classification/cfgs/lr0.003/ckpt-epoch-141.pth
2023-11-03 17:39:19,956 - fewshot_modelnet_linear_classification - INFO - [Training] EPOCH: 142 EpochTime = 2.368 (s) Losses = ['0.0943', '98.9583'] lr = 0.000022
2023-11-03 17:39:22,518 - fewshot_modelnet_linear_classification - INFO - [Validation] EPOCH: 142  acc = 80.0000
2023-11-03 17:39:23,042 - fewshot_modelnet_linear_classification - INFO - Save checkpoint at ./experiments/fewshot_modelnet_linear_classification/cfgs/lr0.003/ckpt-last.pth
2023-11-03 17:39:24,045 - fewshot_modelnet_linear_classification - INFO - Save checkpoint at ./experiments/fewshot_modelnet_linear_classification/cfgs/lr0.003/ckpt-epoch-142.pth
2023-11-03 17:39:26,444 - fewshot_modelnet_linear_classification - INFO - [Training] EPOCH: 143 EpochTime = 2.397 (s) Losses = ['0.1056', '98.9583'] lr = 0.000017
2023-11-03 17:39:28,650 - fewshot_modelnet_linear_classification - INFO - [Validation] EPOCH: 143  acc = 80.0000
2023-11-03 17:39:29,125 - fewshot_modelnet_linear_classification - INFO - Save checkpoint at ./experiments/fewshot_modelnet_linear_classification/cfgs/lr0.003/ckpt-last.pth
2023-11-03 17:39:29,617 - fewshot_modelnet_linear_classification - INFO - Save checkpoint at ./experiments/fewshot_modelnet_linear_classification/cfgs/lr0.003/ckpt-epoch-143.pth
2023-11-03 17:39:31,898 - fewshot_modelnet_linear_classification - INFO - [Training] EPOCH: 144 EpochTime = 2.278 (s) Losses = ['0.0788', '100.0000'] lr = 0.000013
2023-11-03 17:39:34,235 - fewshot_modelnet_linear_classification - INFO - [Validation] EPOCH: 144  acc = 80.0000
2023-11-03 17:39:34,718 - fewshot_modelnet_linear_classification - INFO - Save checkpoint at ./experiments/fewshot_modelnet_linear_classification/cfgs/lr0.003/ckpt-last.pth
2023-11-03 17:39:35,253 - fewshot_modelnet_linear_classification - INFO - Save checkpoint at ./experiments/fewshot_modelnet_linear_classification/cfgs/lr0.003/ckpt-epoch-144.pth
2023-11-03 17:39:37,642 - fewshot_modelnet_linear_classification - INFO - [Training] EPOCH: 145 EpochTime = 2.388 (s) Losses = ['0.0644', '100.0000'] lr = 0.000009
2023-11-03 17:39:39,941 - fewshot_modelnet_linear_classification - INFO - [Validation] EPOCH: 145  acc = 80.0000
2023-11-03 17:39:40,411 - fewshot_modelnet_linear_classification - INFO - Save checkpoint at ./experiments/fewshot_modelnet_linear_classification/cfgs/lr0.003/ckpt-last.pth
2023-11-03 17:39:41,055 - fewshot_modelnet_linear_classification - INFO - Save checkpoint at ./experiments/fewshot_modelnet_linear_classification/cfgs/lr0.003/ckpt-epoch-145.pth
2023-11-03 17:39:43,352 - fewshot_modelnet_linear_classification - INFO - [Training] EPOCH: 146 EpochTime = 2.295 (s) Losses = ['0.0740', '100.0000'] lr = 0.000006
2023-11-03 17:39:45,723 - fewshot_modelnet_linear_classification - INFO - [Validation] EPOCH: 146  acc = 80.0000
2023-11-03 17:39:46,250 - fewshot_modelnet_linear_classification - INFO - Save checkpoint at ./experiments/fewshot_modelnet_linear_classification/cfgs/lr0.003/ckpt-last.pth
2023-11-03 17:39:47,208 - fewshot_modelnet_linear_classification - INFO - Save checkpoint at ./experiments/fewshot_modelnet_linear_classification/cfgs/lr0.003/ckpt-epoch-146.pth
2023-11-03 17:39:49,430 - fewshot_modelnet_linear_classification - INFO - [Training] EPOCH: 147 EpochTime = 2.220 (s) Losses = ['0.0831', '100.0000'] lr = 0.000004
2023-11-03 17:39:51,836 - fewshot_modelnet_linear_classification - INFO - [Validation] EPOCH: 147  acc = 80.0000
2023-11-03 17:39:52,469 - fewshot_modelnet_linear_classification - INFO - Save checkpoint at ./experiments/fewshot_modelnet_linear_classification/cfgs/lr0.003/ckpt-last.pth
2023-11-03 17:39:53,176 - fewshot_modelnet_linear_classification - INFO - Save checkpoint at ./experiments/fewshot_modelnet_linear_classification/cfgs/lr0.003/ckpt-epoch-147.pth
2023-11-03 17:39:54,858 - fewshot_modelnet_linear_classification - INFO - [Training] EPOCH: 148 EpochTime = 1.680 (s) Losses = ['0.0823', '100.0000'] lr = 0.000002
2023-11-03 17:39:57,377 - fewshot_modelnet_linear_classification - INFO - [Validation] EPOCH: 148  acc = 80.0000
2023-11-03 17:39:57,997 - fewshot_modelnet_linear_classification - INFO - Save checkpoint at ./experiments/fewshot_modelnet_linear_classification/cfgs/lr0.003/ckpt-last.pth
2023-11-03 17:39:59,203 - fewshot_modelnet_linear_classification - INFO - Save checkpoint at ./experiments/fewshot_modelnet_linear_classification/cfgs/lr0.003/ckpt-epoch-148.pth
2023-11-03 17:40:00,764 - fewshot_modelnet_linear_classification - INFO - [Training] EPOCH: 149 EpochTime = 1.558 (s) Losses = ['0.0803', '100.0000'] lr = 0.000001
2023-11-03 17:40:03,158 - fewshot_modelnet_linear_classification - INFO - [Validation] EPOCH: 149  acc = 80.0000
2023-11-03 17:40:03,746 - fewshot_modelnet_linear_classification - INFO - Save checkpoint at ./experiments/fewshot_modelnet_linear_classification/cfgs/lr0.003/ckpt-last.pth
2023-11-03 17:40:04,937 - fewshot_modelnet_linear_classification - INFO - Save checkpoint at ./experiments/fewshot_modelnet_linear_classification/cfgs/lr0.003/ckpt-epoch-149.pth
2023-11-03 17:40:07,369 - fewshot_modelnet_linear_classification - INFO - [Training] EPOCH: 150 EpochTime = 2.428 (s) Losses = ['0.0861', '100.0000'] lr = 0.000001
2023-11-03 17:40:09,751 - fewshot_modelnet_linear_classification - INFO - [Validation] EPOCH: 150  acc = 80.0000
2023-11-03 17:40:10,303 - fewshot_modelnet_linear_classification - INFO - Save checkpoint at ./experiments/fewshot_modelnet_linear_classification/cfgs/lr0.003/ckpt-last.pth
2023-11-03 17:40:10,806 - fewshot_modelnet_linear_classification - INFO - Save checkpoint at ./experiments/fewshot_modelnet_linear_classification/cfgs/lr0.003/ckpt-epoch-150.pth
