2023-11-03 16:01:02,676 - fewshot_modelnet_linear_classification - INFO - Copy the Config file from cfgs/fewshot_modelnet_linear_classification.yaml to ./experiments/fewshot_modelnet_linear_classification/cfgs/lr0.003/config.yaml
2023-11-03 16:01:02,676 - fewshot_modelnet_linear_classification - INFO - args.config : cfgs/fewshot_modelnet_linear_classification.yaml
2023-11-03 16:01:02,676 - fewshot_modelnet_linear_classification - INFO - args.launcher : none
2023-11-03 16:01:02,676 - fewshot_modelnet_linear_classification - INFO - args.local_rank : 0
2023-11-03 16:01:02,677 - fewshot_modelnet_linear_classification - INFO - args.num_workers : 8
2023-11-03 16:01:02,677 - fewshot_modelnet_linear_classification - INFO - args.seed : 0
2023-11-03 16:01:02,677 - fewshot_modelnet_linear_classification - INFO - args.deterministic : False
2023-11-03 16:01:02,677 - fewshot_modelnet_linear_classification - INFO - args.sync_bn : True
2023-11-03 16:01:02,677 - fewshot_modelnet_linear_classification - INFO - args.large_group : 5
2023-11-03 16:01:02,677 - fewshot_modelnet_linear_classification - INFO - args.small_group : 10
2023-11-03 16:01:02,678 - fewshot_modelnet_linear_classification - INFO - args.large_patch : 6
2023-11-03 16:01:02,678 - fewshot_modelnet_linear_classification - INFO - args.small_patch : 3
2023-11-03 16:01:02,678 - fewshot_modelnet_linear_classification - INFO - args.queue_length : 8192
2023-11-03 16:01:02,678 - fewshot_modelnet_linear_classification - INFO - args.epoch_queue_starts : 10
2023-11-03 16:01:02,678 - fewshot_modelnet_linear_classification - INFO - args.nmb_crops : 64
2023-11-03 16:01:02,678 - fewshot_modelnet_linear_classification - INFO - args.sample_num : 16
2023-11-03 16:01:02,678 - fewshot_modelnet_linear_classification - INFO - args.fea_dim : 384
2023-11-03 16:01:02,678 - fewshot_modelnet_linear_classification - INFO - args.hidden_mlp : 256
2023-11-03 16:01:02,679 - fewshot_modelnet_linear_classification - INFO - args.output_dim : 128
2023-11-03 16:01:02,679 - fewshot_modelnet_linear_classification - INFO - args.nmb_prototypes : 200
2023-11-03 16:01:02,679 - fewshot_modelnet_linear_classification - INFO - args.temperature : 0.1
2023-11-03 16:01:02,679 - fewshot_modelnet_linear_classification - INFO - args.epsilon : 0.05
2023-11-03 16:01:02,679 - fewshot_modelnet_linear_classification - INFO - args.sinkhorn_iterations : 3
2023-11-03 16:01:02,679 - fewshot_modelnet_linear_classification - INFO - args.world_size : 1
2023-11-03 16:01:02,679 - fewshot_modelnet_linear_classification - INFO - args.exp_name : lr0.003
2023-11-03 16:01:02,679 - fewshot_modelnet_linear_classification - INFO - args.loss : cd1
2023-11-03 16:01:02,680 - fewshot_modelnet_linear_classification - INFO - args.start_ckpts : None
2023-11-03 16:01:02,680 - fewshot_modelnet_linear_classification - INFO - args.ckpts : ./experiments/pretrain_MaskSurf/cfgs/add_as_normal/ckpt-last.pth
2023-11-03 16:01:02,680 - fewshot_modelnet_linear_classification - INFO - args.val_freq : 1
2023-11-03 16:01:02,680 - fewshot_modelnet_linear_classification - INFO - args.vote : False
2023-11-03 16:01:02,680 - fewshot_modelnet_linear_classification - INFO - args.resume : False
2023-11-03 16:01:02,680 - fewshot_modelnet_linear_classification - INFO - args.test : False
2023-11-03 16:01:02,680 - fewshot_modelnet_linear_classification - INFO - args.finetune_model : True
2023-11-03 16:01:02,680 - fewshot_modelnet_linear_classification - INFO - args.scratch_model : False
2023-11-03 16:01:02,681 - fewshot_modelnet_linear_classification - INFO - args.mode : None
2023-11-03 16:01:02,681 - fewshot_modelnet_linear_classification - INFO - args.way : 10
2023-11-03 16:01:02,681 - fewshot_modelnet_linear_classification - INFO - args.shot : 10
2023-11-03 16:01:02,681 - fewshot_modelnet_linear_classification - INFO - args.fold : 1
2023-11-03 16:01:02,681 - fewshot_modelnet_linear_classification - INFO - args.experiment_path : ./experiments/fewshot_modelnet_linear_classification/cfgs/lr0.003
2023-11-03 16:01:02,681 - fewshot_modelnet_linear_classification - INFO - args.tfboard_path : ./experiments/fewshot_modelnet_linear_classification/cfgs/TFBoard/lr0.003
2023-11-03 16:01:02,681 - fewshot_modelnet_linear_classification - INFO - args.log_name : fewshot_modelnet_linear_classification
2023-11-03 16:01:02,681 - fewshot_modelnet_linear_classification - INFO - args.use_gpu : True
2023-11-03 16:01:02,682 - fewshot_modelnet_linear_classification - INFO - args.distributed : False
2023-11-03 16:01:02,682 - fewshot_modelnet_linear_classification - INFO - config.optimizer = edict()
2023-11-03 16:01:02,682 - fewshot_modelnet_linear_classification - INFO - config.optimizer.type : AdamW
2023-11-03 16:01:02,682 - fewshot_modelnet_linear_classification - INFO - config.optimizer.part : only_new
2023-11-03 16:01:02,682 - fewshot_modelnet_linear_classification - INFO - config.optimizer.kwargs = edict()
2023-11-03 16:01:02,682 - fewshot_modelnet_linear_classification - INFO - config.optimizer.kwargs.lr : 0.003
2023-11-03 16:01:02,682 - fewshot_modelnet_linear_classification - INFO - config.optimizer.kwargs.weight_decay : 0.05
2023-11-03 16:01:02,683 - fewshot_modelnet_linear_classification - INFO - config.scheduler = edict()
2023-11-03 16:01:02,683 - fewshot_modelnet_linear_classification - INFO - config.scheduler.type : CosLR
2023-11-03 16:01:02,683 - fewshot_modelnet_linear_classification - INFO - config.scheduler.kwargs = edict()
2023-11-03 16:01:02,683 - fewshot_modelnet_linear_classification - INFO - config.scheduler.kwargs.epochs : 150
2023-11-03 16:01:02,683 - fewshot_modelnet_linear_classification - INFO - config.scheduler.kwargs.initial_epochs : 10
2023-11-03 16:01:02,683 - fewshot_modelnet_linear_classification - INFO - config.dataset = edict()
2023-11-03 16:01:02,683 - fewshot_modelnet_linear_classification - INFO - config.dataset.train = edict()
2023-11-03 16:01:02,683 - fewshot_modelnet_linear_classification - INFO - config.dataset.train._base_ = edict()
2023-11-03 16:01:02,684 - fewshot_modelnet_linear_classification - INFO - config.dataset.train._base_.NAME : ModelNetFewShot
2023-11-03 16:01:02,684 - fewshot_modelnet_linear_classification - INFO - config.dataset.train._base_.DATA_PATH : data/ModelNetFewshot
2023-11-03 16:01:02,684 - fewshot_modelnet_linear_classification - INFO - config.dataset.train._base_.N_POINTS : 8192
2023-11-03 16:01:02,684 - fewshot_modelnet_linear_classification - INFO - config.dataset.train._base_.NUM_CATEGORY : 40
2023-11-03 16:01:02,684 - fewshot_modelnet_linear_classification - INFO - config.dataset.train._base_.USE_NORMALS : False
2023-11-03 16:01:02,684 - fewshot_modelnet_linear_classification - INFO - config.dataset.train.others = edict()
2023-11-03 16:01:02,684 - fewshot_modelnet_linear_classification - INFO - config.dataset.train.others.subset : train
2023-11-03 16:01:02,684 - fewshot_modelnet_linear_classification - INFO - config.dataset.train.others.bs : 32
2023-11-03 16:01:02,685 - fewshot_modelnet_linear_classification - INFO - config.dataset.val = edict()
2023-11-03 16:01:02,685 - fewshot_modelnet_linear_classification - INFO - config.dataset.val._base_ = edict()
2023-11-03 16:01:02,685 - fewshot_modelnet_linear_classification - INFO - config.dataset.val._base_.NAME : ModelNetFewShot
2023-11-03 16:01:02,685 - fewshot_modelnet_linear_classification - INFO - config.dataset.val._base_.DATA_PATH : data/ModelNetFewshot
2023-11-03 16:01:02,685 - fewshot_modelnet_linear_classification - INFO - config.dataset.val._base_.N_POINTS : 8192
2023-11-03 16:01:02,685 - fewshot_modelnet_linear_classification - INFO - config.dataset.val._base_.NUM_CATEGORY : 40
2023-11-03 16:01:02,685 - fewshot_modelnet_linear_classification - INFO - config.dataset.val._base_.USE_NORMALS : False
2023-11-03 16:01:02,685 - fewshot_modelnet_linear_classification - INFO - config.dataset.val.others = edict()
2023-11-03 16:01:02,686 - fewshot_modelnet_linear_classification - INFO - config.dataset.val.others.subset : test
2023-11-03 16:01:02,686 - fewshot_modelnet_linear_classification - INFO - config.dataset.val.others.bs : 64
2023-11-03 16:01:02,686 - fewshot_modelnet_linear_classification - INFO - config.dataset.test = edict()
2023-11-03 16:01:02,686 - fewshot_modelnet_linear_classification - INFO - config.dataset.test._base_ = edict()
2023-11-03 16:01:02,686 - fewshot_modelnet_linear_classification - INFO - config.dataset.test._base_.NAME : ModelNet
2023-11-03 16:01:02,686 - fewshot_modelnet_linear_classification - INFO - config.dataset.test._base_.DATA_PATH : data/ModelNet/modelnet40_normal_resampled
2023-11-03 16:01:02,686 - fewshot_modelnet_linear_classification - INFO - config.dataset.test._base_.N_POINTS : 8192
2023-11-03 16:01:02,686 - fewshot_modelnet_linear_classification - INFO - config.dataset.test._base_.NUM_CATEGORY : 40
2023-11-03 16:01:02,686 - fewshot_modelnet_linear_classification - INFO - config.dataset.test._base_.USE_NORMALS : False
2023-11-03 16:01:02,686 - fewshot_modelnet_linear_classification - INFO - config.dataset.test.others = edict()
2023-11-03 16:01:02,687 - fewshot_modelnet_linear_classification - INFO - config.dataset.test.others.subset : test
2023-11-03 16:01:02,687 - fewshot_modelnet_linear_classification - INFO - config.dataset.test.others.bs : 32
2023-11-03 16:01:02,687 - fewshot_modelnet_linear_classification - INFO - config.model = edict()
2023-11-03 16:01:02,687 - fewshot_modelnet_linear_classification - INFO - config.model.NAME : PointTransformerLinearClassification
2023-11-03 16:01:02,687 - fewshot_modelnet_linear_classification - INFO - config.model.trans_dim : 384
2023-11-03 16:01:02,687 - fewshot_modelnet_linear_classification - INFO - config.model.depth : 12
2023-11-03 16:01:02,687 - fewshot_modelnet_linear_classification - INFO - config.model.drop_path_rate : 0.1
2023-11-03 16:01:02,687 - fewshot_modelnet_linear_classification - INFO - config.model.cls_dim : 40
2023-11-03 16:01:02,687 - fewshot_modelnet_linear_classification - INFO - config.model.num_heads : 6
2023-11-03 16:01:02,687 - fewshot_modelnet_linear_classification - INFO - config.model.group_size : 32
2023-11-03 16:01:02,687 - fewshot_modelnet_linear_classification - INFO - config.model.num_group : 64
2023-11-03 16:01:02,687 - fewshot_modelnet_linear_classification - INFO - config.model.encoder_dims : 384
2023-11-03 16:01:02,688 - fewshot_modelnet_linear_classification - INFO - config.npoints : 1024
2023-11-03 16:01:02,688 - fewshot_modelnet_linear_classification - INFO - config.total_bs : 32
2023-11-03 16:01:02,688 - fewshot_modelnet_linear_classification - INFO - config.step_per_update : 1
2023-11-03 16:01:02,688 - fewshot_modelnet_linear_classification - INFO - config.max_epoch : 150
2023-11-03 16:01:02,688 - fewshot_modelnet_linear_classification - INFO - config.grad_norm_clip : 10
2023-11-03 16:01:02,688 - fewshot_modelnet_linear_classification - INFO - Distributed training: False
2023-11-03 16:01:02,688 - fewshot_modelnet_linear_classification - INFO - Set random seed to 0, deterministic: False
2023-11-03 16:01:06,318 - fewshot_modelnet_linear_classification - INFO - Using Data parallel ...
2023-11-03 16:01:14,408 - fewshot_modelnet_linear_classification - INFO - [Training] EPOCH: 0 EpochTime = 8.085 (s) Losses = ['3.7514', '1.0417'] lr = 0.000001
2023-11-03 16:01:15,612 - fewshot_modelnet_linear_classification - INFO - Save checkpoint at ./experiments/fewshot_modelnet_linear_classification/cfgs/lr0.003/ckpt-last.pth
2023-11-03 16:01:17,926 - fewshot_modelnet_linear_classification - INFO - [Training] EPOCH: 1 EpochTime = 2.312 (s) Losses = ['3.7536', '1.0417'] lr = 0.000301
2023-11-03 16:01:21,379 - fewshot_modelnet_linear_classification - INFO - [Validation] EPOCH: 1  acc = 0.0000
2023-11-03 16:01:21,987 - fewshot_modelnet_linear_classification - INFO - Save checkpoint at ./experiments/fewshot_modelnet_linear_classification/cfgs/lr0.003/ckpt-last.pth
2023-11-03 16:01:24,244 - fewshot_modelnet_linear_classification - INFO - [Training] EPOCH: 2 EpochTime = 2.255 (s) Losses = ['3.5396', '5.2083'] lr = 0.000601
2023-11-03 16:01:26,479 - fewshot_modelnet_linear_classification - INFO - [Validation] EPOCH: 2  acc = 12.0000
2023-11-03 16:01:27,485 - fewshot_modelnet_linear_classification - INFO - Save checkpoint at ./experiments/fewshot_modelnet_linear_classification/cfgs/lr0.003/ckpt-best.pth
2023-11-03 16:01:27,485 - fewshot_modelnet_linear_classification - INFO - --------------------------------------------------------------------------------------------
2023-11-03 16:01:28,325 - fewshot_modelnet_linear_classification - INFO - Save checkpoint at ./experiments/fewshot_modelnet_linear_classification/cfgs/lr0.003/ckpt-last.pth
2023-11-03 16:01:30,599 - fewshot_modelnet_linear_classification - INFO - [Training] EPOCH: 3 EpochTime = 2.273 (s) Losses = ['2.9147', '7.2917'] lr = 0.000901
2023-11-03 16:01:32,974 - fewshot_modelnet_linear_classification - INFO - [Validation] EPOCH: 3  acc = 13.5000
2023-11-03 16:01:33,562 - fewshot_modelnet_linear_classification - INFO - Save checkpoint at ./experiments/fewshot_modelnet_linear_classification/cfgs/lr0.003/ckpt-best.pth
2023-11-03 16:01:33,563 - fewshot_modelnet_linear_classification - INFO - --------------------------------------------------------------------------------------------
2023-11-03 16:01:34,090 - fewshot_modelnet_linear_classification - INFO - Save checkpoint at ./experiments/fewshot_modelnet_linear_classification/cfgs/lr0.003/ckpt-last.pth
2023-11-03 16:01:36,273 - fewshot_modelnet_linear_classification - INFO - [Training] EPOCH: 4 EpochTime = 2.182 (s) Losses = ['2.4354', '11.4583'] lr = 0.001201
2023-11-03 16:01:38,510 - fewshot_modelnet_linear_classification - INFO - [Validation] EPOCH: 4  acc = 19.0000
2023-11-03 16:01:39,027 - fewshot_modelnet_linear_classification - INFO - Save checkpoint at ./experiments/fewshot_modelnet_linear_classification/cfgs/lr0.003/ckpt-best.pth
2023-11-03 16:01:39,028 - fewshot_modelnet_linear_classification - INFO - --------------------------------------------------------------------------------------------
2023-11-03 16:01:40,190 - fewshot_modelnet_linear_classification - INFO - Save checkpoint at ./experiments/fewshot_modelnet_linear_classification/cfgs/lr0.003/ckpt-last.pth
2023-11-03 16:01:42,285 - fewshot_modelnet_linear_classification - INFO - [Training] EPOCH: 5 EpochTime = 2.094 (s) Losses = ['2.2368', '22.9167'] lr = 0.001500
2023-11-03 16:01:44,428 - fewshot_modelnet_linear_classification - INFO - [Validation] EPOCH: 5  acc = 25.0000
2023-11-03 16:01:45,065 - fewshot_modelnet_linear_classification - INFO - Save checkpoint at ./experiments/fewshot_modelnet_linear_classification/cfgs/lr0.003/ckpt-best.pth
2023-11-03 16:01:45,066 - fewshot_modelnet_linear_classification - INFO - --------------------------------------------------------------------------------------------
2023-11-03 16:01:46,399 - fewshot_modelnet_linear_classification - INFO - Save checkpoint at ./experiments/fewshot_modelnet_linear_classification/cfgs/lr0.003/ckpt-last.pth
2023-11-03 16:01:48,852 - fewshot_modelnet_linear_classification - INFO - [Training] EPOCH: 6 EpochTime = 2.450 (s) Losses = ['2.1463', '26.0417'] lr = 0.001800
2023-11-03 16:01:51,231 - fewshot_modelnet_linear_classification - INFO - [Validation] EPOCH: 6  acc = 20.5000
2023-11-03 16:01:52,251 - fewshot_modelnet_linear_classification - INFO - Save checkpoint at ./experiments/fewshot_modelnet_linear_classification/cfgs/lr0.003/ckpt-last.pth
2023-11-03 16:01:53,620 - fewshot_modelnet_linear_classification - INFO - [Training] EPOCH: 7 EpochTime = 1.367 (s) Losses = ['2.0845', '19.7917'] lr = 0.002100
2023-11-03 16:01:55,558 - fewshot_modelnet_linear_classification - INFO - [Validation] EPOCH: 7  acc = 38.0000
2023-11-03 16:01:56,336 - fewshot_modelnet_linear_classification - INFO - Save checkpoint at ./experiments/fewshot_modelnet_linear_classification/cfgs/lr0.003/ckpt-best.pth
2023-11-03 16:01:56,337 - fewshot_modelnet_linear_classification - INFO - --------------------------------------------------------------------------------------------
2023-11-03 16:01:58,052 - fewshot_modelnet_linear_classification - INFO - Save checkpoint at ./experiments/fewshot_modelnet_linear_classification/cfgs/lr0.003/ckpt-last.pth
2023-11-03 16:02:00,129 - fewshot_modelnet_linear_classification - INFO - [Training] EPOCH: 8 EpochTime = 2.075 (s) Losses = ['1.9172', '50.0000'] lr = 0.002400
2023-11-03 16:02:02,257 - fewshot_modelnet_linear_classification - INFO - [Validation] EPOCH: 8  acc = 46.5000
2023-11-03 16:02:02,843 - fewshot_modelnet_linear_classification - INFO - Save checkpoint at ./experiments/fewshot_modelnet_linear_classification/cfgs/lr0.003/ckpt-best.pth
2023-11-03 16:02:02,844 - fewshot_modelnet_linear_classification - INFO - --------------------------------------------------------------------------------------------
2023-11-03 16:02:03,477 - fewshot_modelnet_linear_classification - INFO - Save checkpoint at ./experiments/fewshot_modelnet_linear_classification/cfgs/lr0.003/ckpt-last.pth
2023-11-03 16:02:05,504 - fewshot_modelnet_linear_classification - INFO - [Training] EPOCH: 9 EpochTime = 2.026 (s) Losses = ['1.8482', '41.6667'] lr = 0.002700
2023-11-03 16:02:07,699 - fewshot_modelnet_linear_classification - INFO - [Validation] EPOCH: 9  acc = 61.0000
2023-11-03 16:02:08,234 - fewshot_modelnet_linear_classification - INFO - Save checkpoint at ./experiments/fewshot_modelnet_linear_classification/cfgs/lr0.003/ckpt-best.pth
2023-11-03 16:02:08,234 - fewshot_modelnet_linear_classification - INFO - --------------------------------------------------------------------------------------------
2023-11-03 16:02:08,765 - fewshot_modelnet_linear_classification - INFO - Save checkpoint at ./experiments/fewshot_modelnet_linear_classification/cfgs/lr0.003/ckpt-last.pth
2023-11-03 16:02:10,920 - fewshot_modelnet_linear_classification - INFO - [Training] EPOCH: 10 EpochTime = 2.153 (s) Losses = ['1.6405', '65.6250'] lr = 0.002967
2023-11-03 16:02:13,300 - fewshot_modelnet_linear_classification - INFO - [Validation] EPOCH: 10  acc = 60.5000
2023-11-03 16:02:13,890 - fewshot_modelnet_linear_classification - INFO - Save checkpoint at ./experiments/fewshot_modelnet_linear_classification/cfgs/lr0.003/ckpt-last.pth
2023-11-03 16:02:16,354 - fewshot_modelnet_linear_classification - INFO - [Training] EPOCH: 11 EpochTime = 2.462 (s) Losses = ['1.4950', '54.1667'] lr = 0.002960
2023-11-03 16:02:18,752 - fewshot_modelnet_linear_classification - INFO - [Validation] EPOCH: 11  acc = 67.0000
2023-11-03 16:02:19,541 - fewshot_modelnet_linear_classification - INFO - Save checkpoint at ./experiments/fewshot_modelnet_linear_classification/cfgs/lr0.003/ckpt-best.pth
2023-11-03 16:02:19,542 - fewshot_modelnet_linear_classification - INFO - --------------------------------------------------------------------------------------------
2023-11-03 16:02:21,292 - fewshot_modelnet_linear_classification - INFO - Save checkpoint at ./experiments/fewshot_modelnet_linear_classification/cfgs/lr0.003/ckpt-last.pth
2023-11-03 16:02:23,572 - fewshot_modelnet_linear_classification - INFO - [Training] EPOCH: 12 EpochTime = 2.277 (s) Losses = ['1.3939', '62.5000'] lr = 0.002953
2023-11-03 16:02:26,035 - fewshot_modelnet_linear_classification - INFO - [Validation] EPOCH: 12  acc = 72.5000
2023-11-03 16:02:26,596 - fewshot_modelnet_linear_classification - INFO - Save checkpoint at ./experiments/fewshot_modelnet_linear_classification/cfgs/lr0.003/ckpt-best.pth
2023-11-03 16:02:26,596 - fewshot_modelnet_linear_classification - INFO - --------------------------------------------------------------------------------------------
2023-11-03 16:02:27,103 - fewshot_modelnet_linear_classification - INFO - Save checkpoint at ./experiments/fewshot_modelnet_linear_classification/cfgs/lr0.003/ckpt-last.pth
2023-11-03 16:02:29,210 - fewshot_modelnet_linear_classification - INFO - [Training] EPOCH: 13 EpochTime = 2.105 (s) Losses = ['1.3255', '67.7083'] lr = 0.002945
2023-11-03 16:02:30,760 - fewshot_modelnet_linear_classification - INFO - [Validation] EPOCH: 13  acc = 66.5000
2023-11-03 16:02:32,272 - fewshot_modelnet_linear_classification - INFO - Save checkpoint at ./experiments/fewshot_modelnet_linear_classification/cfgs/lr0.003/ckpt-last.pth
2023-11-03 16:02:34,283 - fewshot_modelnet_linear_classification - INFO - [Training] EPOCH: 14 EpochTime = 2.010 (s) Losses = ['1.1249', '78.1250'] lr = 0.002936
2023-11-03 16:02:36,508 - fewshot_modelnet_linear_classification - INFO - [Validation] EPOCH: 14  acc = 73.0000
2023-11-03 16:02:37,088 - fewshot_modelnet_linear_classification - INFO - Save checkpoint at ./experiments/fewshot_modelnet_linear_classification/cfgs/lr0.003/ckpt-best.pth
2023-11-03 16:02:37,089 - fewshot_modelnet_linear_classification - INFO - --------------------------------------------------------------------------------------------
2023-11-03 16:02:37,991 - fewshot_modelnet_linear_classification - INFO - Save checkpoint at ./experiments/fewshot_modelnet_linear_classification/cfgs/lr0.003/ckpt-last.pth
2023-11-03 16:02:40,192 - fewshot_modelnet_linear_classification - INFO - [Training] EPOCH: 15 EpochTime = 2.200 (s) Losses = ['0.9620', '84.3750'] lr = 0.002927
2023-11-03 16:02:42,456 - fewshot_modelnet_linear_classification - INFO - [Validation] EPOCH: 15  acc = 75.0000
2023-11-03 16:02:43,550 - fewshot_modelnet_linear_classification - INFO - Save checkpoint at ./experiments/fewshot_modelnet_linear_classification/cfgs/lr0.003/ckpt-best.pth
2023-11-03 16:02:43,550 - fewshot_modelnet_linear_classification - INFO - --------------------------------------------------------------------------------------------
2023-11-03 16:02:44,723 - fewshot_modelnet_linear_classification - INFO - Save checkpoint at ./experiments/fewshot_modelnet_linear_classification/cfgs/lr0.003/ckpt-last.pth
2023-11-03 16:02:46,900 - fewshot_modelnet_linear_classification - INFO - [Training] EPOCH: 16 EpochTime = 2.175 (s) Losses = ['0.9302', '83.3333'] lr = 0.002917
2023-11-03 16:02:49,237 - fewshot_modelnet_linear_classification - INFO - [Validation] EPOCH: 16  acc = 79.0000
2023-11-03 16:02:49,866 - fewshot_modelnet_linear_classification - INFO - Save checkpoint at ./experiments/fewshot_modelnet_linear_classification/cfgs/lr0.003/ckpt-best.pth
2023-11-03 16:02:49,866 - fewshot_modelnet_linear_classification - INFO - --------------------------------------------------------------------------------------------
2023-11-03 16:02:51,031 - fewshot_modelnet_linear_classification - INFO - Save checkpoint at ./experiments/fewshot_modelnet_linear_classification/cfgs/lr0.003/ckpt-last.pth
2023-11-03 16:02:53,089 - fewshot_modelnet_linear_classification - INFO - [Training] EPOCH: 17 EpochTime = 2.057 (s) Losses = ['0.8485', '83.3333'] lr = 0.002906
2023-11-03 16:02:55,322 - fewshot_modelnet_linear_classification - INFO - [Validation] EPOCH: 17  acc = 78.5000
2023-11-03 16:02:55,955 - fewshot_modelnet_linear_classification - INFO - Save checkpoint at ./experiments/fewshot_modelnet_linear_classification/cfgs/lr0.003/ckpt-last.pth
2023-11-03 16:02:58,311 - fewshot_modelnet_linear_classification - INFO - [Training] EPOCH: 18 EpochTime = 2.354 (s) Losses = ['0.8393', '78.1250'] lr = 0.002895
2023-11-03 16:03:00,551 - fewshot_modelnet_linear_classification - INFO - [Validation] EPOCH: 18  acc = 79.0000
2023-11-03 16:03:01,215 - fewshot_modelnet_linear_classification - INFO - Save checkpoint at ./experiments/fewshot_modelnet_linear_classification/cfgs/lr0.003/ckpt-last.pth
2023-11-03 16:03:02,742 - fewshot_modelnet_linear_classification - INFO - [Training] EPOCH: 19 EpochTime = 1.524 (s) Losses = ['0.7113', '87.5000'] lr = 0.002883
2023-11-03 16:03:05,201 - fewshot_modelnet_linear_classification - INFO - [Validation] EPOCH: 19  acc = 77.5000
2023-11-03 16:03:05,758 - fewshot_modelnet_linear_classification - INFO - Save checkpoint at ./experiments/fewshot_modelnet_linear_classification/cfgs/lr0.003/ckpt-last.pth
2023-11-03 16:03:08,004 - fewshot_modelnet_linear_classification - INFO - [Training] EPOCH: 20 EpochTime = 2.244 (s) Losses = ['0.6774', '87.5000'] lr = 0.002870
2023-11-03 16:03:09,594 - fewshot_modelnet_linear_classification - INFO - [Validation] EPOCH: 20  acc = 79.5000
2023-11-03 16:03:11,167 - fewshot_modelnet_linear_classification - INFO - Save checkpoint at ./experiments/fewshot_modelnet_linear_classification/cfgs/lr0.003/ckpt-best.pth
2023-11-03 16:03:11,168 - fewshot_modelnet_linear_classification - INFO - --------------------------------------------------------------------------------------------
2023-11-03 16:03:12,890 - fewshot_modelnet_linear_classification - INFO - Save checkpoint at ./experiments/fewshot_modelnet_linear_classification/cfgs/lr0.003/ckpt-last.pth
2023-11-03 16:03:15,134 - fewshot_modelnet_linear_classification - INFO - [Training] EPOCH: 21 EpochTime = 2.241 (s) Losses = ['0.6796', '82.2917'] lr = 0.002857
2023-11-03 16:03:17,452 - fewshot_modelnet_linear_classification - INFO - [Validation] EPOCH: 21  acc = 84.0000
2023-11-03 16:03:18,020 - fewshot_modelnet_linear_classification - INFO - Save checkpoint at ./experiments/fewshot_modelnet_linear_classification/cfgs/lr0.003/ckpt-best.pth
2023-11-03 16:03:18,020 - fewshot_modelnet_linear_classification - INFO - --------------------------------------------------------------------------------------------
2023-11-03 16:03:18,656 - fewshot_modelnet_linear_classification - INFO - Save checkpoint at ./experiments/fewshot_modelnet_linear_classification/cfgs/lr0.003/ckpt-last.pth
2023-11-03 16:03:21,020 - fewshot_modelnet_linear_classification - INFO - [Training] EPOCH: 22 EpochTime = 2.362 (s) Losses = ['0.6655', '88.5417'] lr = 0.002844
2023-11-03 16:03:23,187 - fewshot_modelnet_linear_classification - INFO - [Validation] EPOCH: 22  acc = 85.5000
2023-11-03 16:03:23,870 - fewshot_modelnet_linear_classification - INFO - Save checkpoint at ./experiments/fewshot_modelnet_linear_classification/cfgs/lr0.003/ckpt-best.pth
2023-11-03 16:03:23,871 - fewshot_modelnet_linear_classification - INFO - --------------------------------------------------------------------------------------------
2023-11-03 16:03:25,562 - fewshot_modelnet_linear_classification - INFO - Save checkpoint at ./experiments/fewshot_modelnet_linear_classification/cfgs/lr0.003/ckpt-last.pth
2023-11-03 16:03:27,698 - fewshot_modelnet_linear_classification - INFO - [Training] EPOCH: 23 EpochTime = 2.134 (s) Losses = ['0.6010', '87.5000'] lr = 0.002829
2023-11-03 16:03:29,895 - fewshot_modelnet_linear_classification - INFO - [Validation] EPOCH: 23  acc = 83.5000
2023-11-03 16:03:30,410 - fewshot_modelnet_linear_classification - INFO - Save checkpoint at ./experiments/fewshot_modelnet_linear_classification/cfgs/lr0.003/ckpt-last.pth
2023-11-03 16:03:32,475 - fewshot_modelnet_linear_classification - INFO - [Training] EPOCH: 24 EpochTime = 2.063 (s) Losses = ['0.5572', '90.6250'] lr = 0.002815
2023-11-03 16:03:34,846 - fewshot_modelnet_linear_classification - INFO - [Validation] EPOCH: 24  acc = 85.0000
2023-11-03 16:03:35,409 - fewshot_modelnet_linear_classification - INFO - Save checkpoint at ./experiments/fewshot_modelnet_linear_classification/cfgs/lr0.003/ckpt-last.pth
2023-11-03 16:03:37,616 - fewshot_modelnet_linear_classification - INFO - [Training] EPOCH: 25 EpochTime = 2.206 (s) Losses = ['0.4881', '93.7500'] lr = 0.002799
2023-11-03 16:03:39,802 - fewshot_modelnet_linear_classification - INFO - [Validation] EPOCH: 25  acc = 88.0000
2023-11-03 16:03:40,516 - fewshot_modelnet_linear_classification - INFO - Save checkpoint at ./experiments/fewshot_modelnet_linear_classification/cfgs/lr0.003/ckpt-best.pth
2023-11-03 16:03:40,517 - fewshot_modelnet_linear_classification - INFO - --------------------------------------------------------------------------------------------
2023-11-03 16:03:41,794 - fewshot_modelnet_linear_classification - INFO - Save checkpoint at ./experiments/fewshot_modelnet_linear_classification/cfgs/lr0.003/ckpt-last.pth
2023-11-03 16:03:44,095 - fewshot_modelnet_linear_classification - INFO - [Training] EPOCH: 26 EpochTime = 2.299 (s) Losses = ['0.4487', '94.7917'] lr = 0.002783
2023-11-03 16:03:45,871 - fewshot_modelnet_linear_classification - INFO - [Validation] EPOCH: 26  acc = 87.0000
2023-11-03 16:03:48,640 - fewshot_modelnet_linear_classification - INFO - Save checkpoint at ./experiments/fewshot_modelnet_linear_classification/cfgs/lr0.003/ckpt-last.pth
2023-11-03 16:03:50,634 - fewshot_modelnet_linear_classification - INFO - [Training] EPOCH: 27 EpochTime = 1.992 (s) Losses = ['0.5148', '89.5833'] lr = 0.002767
2023-11-03 16:03:52,994 - fewshot_modelnet_linear_classification - INFO - [Validation] EPOCH: 27  acc = 86.5000
2023-11-03 16:03:53,654 - fewshot_modelnet_linear_classification - INFO - Save checkpoint at ./experiments/fewshot_modelnet_linear_classification/cfgs/lr0.003/ckpt-last.pth
2023-11-03 16:03:55,799 - fewshot_modelnet_linear_classification - INFO - [Training] EPOCH: 28 EpochTime = 2.143 (s) Losses = ['0.4190', '93.7500'] lr = 0.002749
2023-11-03 16:03:57,911 - fewshot_modelnet_linear_classification - INFO - [Validation] EPOCH: 28  acc = 88.0000
2023-11-03 16:03:58,515 - fewshot_modelnet_linear_classification - INFO - Save checkpoint at ./experiments/fewshot_modelnet_linear_classification/cfgs/lr0.003/ckpt-last.pth
2023-11-03 16:04:00,849 - fewshot_modelnet_linear_classification - INFO - [Training] EPOCH: 29 EpochTime = 2.331 (s) Losses = ['0.4080', '95.8333'] lr = 0.002732
2023-11-03 16:04:03,142 - fewshot_modelnet_linear_classification - INFO - [Validation] EPOCH: 29  acc = 88.0000
2023-11-03 16:04:03,802 - fewshot_modelnet_linear_classification - INFO - Save checkpoint at ./experiments/fewshot_modelnet_linear_classification/cfgs/lr0.003/ckpt-last.pth
2023-11-03 16:04:06,013 - fewshot_modelnet_linear_classification - INFO - [Training] EPOCH: 30 EpochTime = 2.209 (s) Losses = ['0.3797', '95.8333'] lr = 0.002714
2023-11-03 16:04:08,306 - fewshot_modelnet_linear_classification - INFO - [Validation] EPOCH: 30  acc = 88.5000
2023-11-03 16:04:09,594 - fewshot_modelnet_linear_classification - INFO - Save checkpoint at ./experiments/fewshot_modelnet_linear_classification/cfgs/lr0.003/ckpt-best.pth
2023-11-03 16:04:09,594 - fewshot_modelnet_linear_classification - INFO - --------------------------------------------------------------------------------------------
2023-11-03 16:04:10,163 - fewshot_modelnet_linear_classification - INFO - Save checkpoint at ./experiments/fewshot_modelnet_linear_classification/cfgs/lr0.003/ckpt-last.pth
2023-11-03 16:04:12,345 - fewshot_modelnet_linear_classification - INFO - [Training] EPOCH: 31 EpochTime = 2.180 (s) Losses = ['0.3308', '94.7917'] lr = 0.002695
2023-11-03 16:04:14,589 - fewshot_modelnet_linear_classification - INFO - [Validation] EPOCH: 31  acc = 90.5000
2023-11-03 16:04:15,131 - fewshot_modelnet_linear_classification - INFO - Save checkpoint at ./experiments/fewshot_modelnet_linear_classification/cfgs/lr0.003/ckpt-best.pth
2023-11-03 16:04:15,131 - fewshot_modelnet_linear_classification - INFO - --------------------------------------------------------------------------------------------
2023-11-03 16:04:15,656 - fewshot_modelnet_linear_classification - INFO - Save checkpoint at ./experiments/fewshot_modelnet_linear_classification/cfgs/lr0.003/ckpt-last.pth
2023-11-03 16:04:18,025 - fewshot_modelnet_linear_classification - INFO - [Training] EPOCH: 32 EpochTime = 2.367 (s) Losses = ['0.3387', '95.8333'] lr = 0.002676
2023-11-03 16:04:20,045 - fewshot_modelnet_linear_classification - INFO - [Validation] EPOCH: 32  acc = 89.0000
2023-11-03 16:04:20,677 - fewshot_modelnet_linear_classification - INFO - Save checkpoint at ./experiments/fewshot_modelnet_linear_classification/cfgs/lr0.003/ckpt-last.pth
2023-11-03 16:04:23,139 - fewshot_modelnet_linear_classification - INFO - [Training] EPOCH: 33 EpochTime = 2.460 (s) Losses = ['0.3258', '96.8750'] lr = 0.002656
2023-11-03 16:04:25,561 - fewshot_modelnet_linear_classification - INFO - [Validation] EPOCH: 33  acc = 88.0000
2023-11-03 16:04:26,294 - fewshot_modelnet_linear_classification - INFO - Save checkpoint at ./experiments/fewshot_modelnet_linear_classification/cfgs/lr0.003/ckpt-last.pth
2023-11-03 16:04:28,635 - fewshot_modelnet_linear_classification - INFO - [Training] EPOCH: 34 EpochTime = 2.339 (s) Losses = ['0.3191', '95.8333'] lr = 0.002636
2023-11-03 16:04:30,863 - fewshot_modelnet_linear_classification - INFO - [Validation] EPOCH: 34  acc = 88.5000
2023-11-03 16:04:31,795 - fewshot_modelnet_linear_classification - INFO - Save checkpoint at ./experiments/fewshot_modelnet_linear_classification/cfgs/lr0.003/ckpt-last.pth
2023-11-03 16:04:33,997 - fewshot_modelnet_linear_classification - INFO - [Training] EPOCH: 35 EpochTime = 2.201 (s) Losses = ['0.3323', '95.8333'] lr = 0.002615
2023-11-03 16:04:36,159 - fewshot_modelnet_linear_classification - INFO - [Validation] EPOCH: 35  acc = 89.0000
2023-11-03 16:04:36,986 - fewshot_modelnet_linear_classification - INFO - Save checkpoint at ./experiments/fewshot_modelnet_linear_classification/cfgs/lr0.003/ckpt-last.pth
2023-11-03 16:04:39,061 - fewshot_modelnet_linear_classification - INFO - [Training] EPOCH: 36 EpochTime = 2.073 (s) Losses = ['0.3451', '95.8333'] lr = 0.002594
2023-11-03 16:04:41,453 - fewshot_modelnet_linear_classification - INFO - [Validation] EPOCH: 36  acc = 89.0000
2023-11-03 16:04:42,498 - fewshot_modelnet_linear_classification - INFO - Save checkpoint at ./experiments/fewshot_modelnet_linear_classification/cfgs/lr0.003/ckpt-last.pth
2023-11-03 16:04:44,808 - fewshot_modelnet_linear_classification - INFO - [Training] EPOCH: 37 EpochTime = 2.307 (s) Losses = ['0.3318', '97.9167'] lr = 0.002572
2023-11-03 16:04:46,963 - fewshot_modelnet_linear_classification - INFO - [Validation] EPOCH: 37  acc = 90.0000
2023-11-03 16:04:47,976 - fewshot_modelnet_linear_classification - INFO - Save checkpoint at ./experiments/fewshot_modelnet_linear_classification/cfgs/lr0.003/ckpt-last.pth
2023-11-03 16:04:50,215 - fewshot_modelnet_linear_classification - INFO - [Training] EPOCH: 38 EpochTime = 2.238 (s) Losses = ['0.2788', '98.9583'] lr = 0.002550
2023-11-03 16:04:52,415 - fewshot_modelnet_linear_classification - INFO - [Validation] EPOCH: 38  acc = 88.5000
2023-11-03 16:04:52,979 - fewshot_modelnet_linear_classification - INFO - Save checkpoint at ./experiments/fewshot_modelnet_linear_classification/cfgs/lr0.003/ckpt-last.pth
2023-11-03 16:04:55,308 - fewshot_modelnet_linear_classification - INFO - [Training] EPOCH: 39 EpochTime = 2.327 (s) Losses = ['0.2901', '97.9167'] lr = 0.002527
2023-11-03 16:04:57,501 - fewshot_modelnet_linear_classification - INFO - [Validation] EPOCH: 39  acc = 87.5000
2023-11-03 16:04:58,317 - fewshot_modelnet_linear_classification - INFO - Save checkpoint at ./experiments/fewshot_modelnet_linear_classification/cfgs/lr0.003/ckpt-last.pth
2023-11-03 16:05:00,741 - fewshot_modelnet_linear_classification - INFO - [Training] EPOCH: 40 EpochTime = 2.422 (s) Losses = ['0.3040', '96.8750'] lr = 0.002504
2023-11-03 16:05:03,199 - fewshot_modelnet_linear_classification - INFO - [Validation] EPOCH: 40  acc = 89.0000
2023-11-03 16:05:04,463 - fewshot_modelnet_linear_classification - INFO - Save checkpoint at ./experiments/fewshot_modelnet_linear_classification/cfgs/lr0.003/ckpt-last.pth
2023-11-03 16:05:06,711 - fewshot_modelnet_linear_classification - INFO - [Training] EPOCH: 41 EpochTime = 2.246 (s) Losses = ['0.2844', '94.7917'] lr = 0.002480
2023-11-03 16:05:08,935 - fewshot_modelnet_linear_classification - INFO - [Validation] EPOCH: 41  acc = 90.0000
2023-11-03 16:05:09,535 - fewshot_modelnet_linear_classification - INFO - Save checkpoint at ./experiments/fewshot_modelnet_linear_classification/cfgs/lr0.003/ckpt-last.pth
2023-11-03 16:05:11,834 - fewshot_modelnet_linear_classification - INFO - [Training] EPOCH: 42 EpochTime = 2.297 (s) Losses = ['0.2578', '97.9167'] lr = 0.002456
2023-11-03 16:05:13,960 - fewshot_modelnet_linear_classification - INFO - [Validation] EPOCH: 42  acc = 91.0000
2023-11-03 16:05:14,744 - fewshot_modelnet_linear_classification - INFO - Save checkpoint at ./experiments/fewshot_modelnet_linear_classification/cfgs/lr0.003/ckpt-best.pth
2023-11-03 16:05:14,744 - fewshot_modelnet_linear_classification - INFO - --------------------------------------------------------------------------------------------
2023-11-03 16:05:15,253 - fewshot_modelnet_linear_classification - INFO - Save checkpoint at ./experiments/fewshot_modelnet_linear_classification/cfgs/lr0.003/ckpt-last.pth
2023-11-03 16:05:17,559 - fewshot_modelnet_linear_classification - INFO - [Training] EPOCH: 43 EpochTime = 2.304 (s) Losses = ['0.2449', '100.0000'] lr = 0.002432
2023-11-03 16:05:19,828 - fewshot_modelnet_linear_classification - INFO - [Validation] EPOCH: 43  acc = 90.0000
2023-11-03 16:05:20,383 - fewshot_modelnet_linear_classification - INFO - Save checkpoint at ./experiments/fewshot_modelnet_linear_classification/cfgs/lr0.003/ckpt-last.pth
2023-11-03 16:05:22,647 - fewshot_modelnet_linear_classification - INFO - [Training] EPOCH: 44 EpochTime = 2.263 (s) Losses = ['0.2838', '94.7917'] lr = 0.002407
2023-11-03 16:05:24,757 - fewshot_modelnet_linear_classification - INFO - [Validation] EPOCH: 44  acc = 90.5000
2023-11-03 16:05:25,315 - fewshot_modelnet_linear_classification - INFO - Save checkpoint at ./experiments/fewshot_modelnet_linear_classification/cfgs/lr0.003/ckpt-last.pth
2023-11-03 16:05:27,418 - fewshot_modelnet_linear_classification - INFO - [Training] EPOCH: 45 EpochTime = 2.101 (s) Losses = ['0.2529', '96.8750'] lr = 0.002382
2023-11-03 16:05:29,553 - fewshot_modelnet_linear_classification - INFO - [Validation] EPOCH: 45  acc = 88.5000
2023-11-03 16:05:30,362 - fewshot_modelnet_linear_classification - INFO - Save checkpoint at ./experiments/fewshot_modelnet_linear_classification/cfgs/lr0.003/ckpt-last.pth
2023-11-03 16:05:32,508 - fewshot_modelnet_linear_classification - INFO - [Training] EPOCH: 46 EpochTime = 2.145 (s) Losses = ['0.2380', '98.9583'] lr = 0.002356
2023-11-03 16:05:34,728 - fewshot_modelnet_linear_classification - INFO - [Validation] EPOCH: 46  acc = 88.0000
2023-11-03 16:05:35,750 - fewshot_modelnet_linear_classification - INFO - Save checkpoint at ./experiments/fewshot_modelnet_linear_classification/cfgs/lr0.003/ckpt-last.pth
2023-11-03 16:05:38,025 - fewshot_modelnet_linear_classification - INFO - [Training] EPOCH: 47 EpochTime = 2.274 (s) Losses = ['0.2576', '98.9583'] lr = 0.002330
2023-11-03 16:05:40,477 - fewshot_modelnet_linear_classification - INFO - [Validation] EPOCH: 47  acc = 89.5000
2023-11-03 16:05:41,128 - fewshot_modelnet_linear_classification - INFO - Save checkpoint at ./experiments/fewshot_modelnet_linear_classification/cfgs/lr0.003/ckpt-last.pth
2023-11-03 16:05:42,494 - fewshot_modelnet_linear_classification - INFO - [Training] EPOCH: 48 EpochTime = 1.364 (s) Losses = ['0.2542', '95.8333'] lr = 0.002304
2023-11-03 16:05:44,047 - fewshot_modelnet_linear_classification - INFO - [Validation] EPOCH: 48  acc = 92.5000
2023-11-03 16:05:45,155 - fewshot_modelnet_linear_classification - INFO - Save checkpoint at ./experiments/fewshot_modelnet_linear_classification/cfgs/lr0.003/ckpt-best.pth
2023-11-03 16:05:45,155 - fewshot_modelnet_linear_classification - INFO - --------------------------------------------------------------------------------------------
2023-11-03 16:05:45,849 - fewshot_modelnet_linear_classification - INFO - Save checkpoint at ./experiments/fewshot_modelnet_linear_classification/cfgs/lr0.003/ckpt-last.pth
2023-11-03 16:05:47,962 - fewshot_modelnet_linear_classification - INFO - [Training] EPOCH: 49 EpochTime = 2.111 (s) Losses = ['0.2545', '96.8750'] lr = 0.002277
2023-11-03 16:05:50,326 - fewshot_modelnet_linear_classification - INFO - [Validation] EPOCH: 49  acc = 92.5000
2023-11-03 16:05:50,964 - fewshot_modelnet_linear_classification - INFO - Save checkpoint at ./experiments/fewshot_modelnet_linear_classification/cfgs/lr0.003/ckpt-last.pth
2023-11-03 16:05:53,398 - fewshot_modelnet_linear_classification - INFO - [Training] EPOCH: 50 EpochTime = 2.432 (s) Losses = ['0.1748', '100.0000'] lr = 0.002250
2023-11-03 16:05:55,684 - fewshot_modelnet_linear_classification - INFO - [Validation] EPOCH: 50  acc = 89.0000
2023-11-03 16:05:56,272 - fewshot_modelnet_linear_classification - INFO - Save checkpoint at ./experiments/fewshot_modelnet_linear_classification/cfgs/lr0.003/ckpt-last.pth
2023-11-03 16:05:58,452 - fewshot_modelnet_linear_classification - INFO - [Training] EPOCH: 51 EpochTime = 2.178 (s) Losses = ['0.1816', '98.9583'] lr = 0.002223
2023-11-03 16:06:00,582 - fewshot_modelnet_linear_classification - INFO - [Validation] EPOCH: 51  acc = 89.0000
2023-11-03 16:06:01,199 - fewshot_modelnet_linear_classification - INFO - Save checkpoint at ./experiments/fewshot_modelnet_linear_classification/cfgs/lr0.003/ckpt-last.pth
2023-11-03 16:06:03,542 - fewshot_modelnet_linear_classification - INFO - [Training] EPOCH: 52 EpochTime = 2.341 (s) Losses = ['0.2055', '97.9167'] lr = 0.002195
2023-11-03 16:06:05,692 - fewshot_modelnet_linear_classification - INFO - [Validation] EPOCH: 52  acc = 89.0000
2023-11-03 16:06:06,735 - fewshot_modelnet_linear_classification - INFO - Save checkpoint at ./experiments/fewshot_modelnet_linear_classification/cfgs/lr0.003/ckpt-last.pth
2023-11-03 16:06:08,937 - fewshot_modelnet_linear_classification - INFO - [Training] EPOCH: 53 EpochTime = 2.201 (s) Losses = ['0.1639', '98.9583'] lr = 0.002167
2023-11-03 16:06:11,169 - fewshot_modelnet_linear_classification - INFO - [Validation] EPOCH: 53  acc = 90.0000
2023-11-03 16:06:12,096 - fewshot_modelnet_linear_classification - INFO - Save checkpoint at ./experiments/fewshot_modelnet_linear_classification/cfgs/lr0.003/ckpt-last.pth
2023-11-03 16:06:14,381 - fewshot_modelnet_linear_classification - INFO - [Training] EPOCH: 54 EpochTime = 2.283 (s) Losses = ['0.1815', '98.9583'] lr = 0.002139
2023-11-03 16:06:16,665 - fewshot_modelnet_linear_classification - INFO - [Validation] EPOCH: 54  acc = 91.0000
2023-11-03 16:06:17,713 - fewshot_modelnet_linear_classification - INFO - Save checkpoint at ./experiments/fewshot_modelnet_linear_classification/cfgs/lr0.003/ckpt-last.pth
2023-11-03 16:06:20,111 - fewshot_modelnet_linear_classification - INFO - [Training] EPOCH: 55 EpochTime = 2.396 (s) Losses = ['0.1867', '98.9583'] lr = 0.002110
2023-11-03 16:06:21,791 - fewshot_modelnet_linear_classification - INFO - [Validation] EPOCH: 55  acc = 92.5000
2023-11-03 16:06:22,653 - fewshot_modelnet_linear_classification - INFO - Save checkpoint at ./experiments/fewshot_modelnet_linear_classification/cfgs/lr0.003/ckpt-last.pth
2023-11-03 16:06:24,907 - fewshot_modelnet_linear_classification - INFO - [Training] EPOCH: 56 EpochTime = 2.251 (s) Losses = ['0.1979', '97.9167'] lr = 0.002082
2023-11-03 16:06:27,233 - fewshot_modelnet_linear_classification - INFO - [Validation] EPOCH: 56  acc = 90.5000
2023-11-03 16:06:27,855 - fewshot_modelnet_linear_classification - INFO - Save checkpoint at ./experiments/fewshot_modelnet_linear_classification/cfgs/lr0.003/ckpt-last.pth
2023-11-03 16:06:29,952 - fewshot_modelnet_linear_classification - INFO - [Training] EPOCH: 57 EpochTime = 2.095 (s) Losses = ['0.2095', '95.8333'] lr = 0.002053
2023-11-03 16:06:32,113 - fewshot_modelnet_linear_classification - INFO - [Validation] EPOCH: 57  acc = 89.5000
2023-11-03 16:06:32,676 - fewshot_modelnet_linear_classification - INFO - Save checkpoint at ./experiments/fewshot_modelnet_linear_classification/cfgs/lr0.003/ckpt-last.pth
2023-11-03 16:06:34,773 - fewshot_modelnet_linear_classification - INFO - [Training] EPOCH: 58 EpochTime = 2.095 (s) Losses = ['0.2036', '98.9583'] lr = 0.002023
2023-11-03 16:06:37,133 - fewshot_modelnet_linear_classification - INFO - [Validation] EPOCH: 58  acc = 90.0000
2023-11-03 16:06:37,718 - fewshot_modelnet_linear_classification - INFO - Save checkpoint at ./experiments/fewshot_modelnet_linear_classification/cfgs/lr0.003/ckpt-last.pth
2023-11-03 16:06:39,902 - fewshot_modelnet_linear_classification - INFO - [Training] EPOCH: 59 EpochTime = 2.182 (s) Losses = ['0.1773', '98.9583'] lr = 0.001994
2023-11-03 16:06:42,090 - fewshot_modelnet_linear_classification - INFO - [Validation] EPOCH: 59  acc = 91.5000
2023-11-03 16:06:42,738 - fewshot_modelnet_linear_classification - INFO - Save checkpoint at ./experiments/fewshot_modelnet_linear_classification/cfgs/lr0.003/ckpt-last.pth
2023-11-03 16:06:44,993 - fewshot_modelnet_linear_classification - INFO - [Training] EPOCH: 60 EpochTime = 2.252 (s) Losses = ['0.1829', '98.9583'] lr = 0.001964
2023-11-03 16:06:47,280 - fewshot_modelnet_linear_classification - INFO - [Validation] EPOCH: 60  acc = 91.5000
2023-11-03 16:06:47,875 - fewshot_modelnet_linear_classification - INFO - Save checkpoint at ./experiments/fewshot_modelnet_linear_classification/cfgs/lr0.003/ckpt-last.pth
2023-11-03 16:06:50,126 - fewshot_modelnet_linear_classification - INFO - [Training] EPOCH: 61 EpochTime = 2.250 (s) Losses = ['0.1618', '100.0000'] lr = 0.001934
2023-11-03 16:06:52,400 - fewshot_modelnet_linear_classification - INFO - [Validation] EPOCH: 61  acc = 91.0000
2023-11-03 16:06:53,275 - fewshot_modelnet_linear_classification - INFO - Save checkpoint at ./experiments/fewshot_modelnet_linear_classification/cfgs/lr0.003/ckpt-last.pth
2023-11-03 16:06:55,606 - fewshot_modelnet_linear_classification - INFO - [Training] EPOCH: 62 EpochTime = 2.329 (s) Losses = ['0.1220', '100.0000'] lr = 0.001904
2023-11-03 16:06:58,070 - fewshot_modelnet_linear_classification - INFO - [Validation] EPOCH: 62  acc = 92.5000
2023-11-03 16:06:59,553 - fewshot_modelnet_linear_classification - INFO - Save checkpoint at ./experiments/fewshot_modelnet_linear_classification/cfgs/lr0.003/ckpt-last.pth
2023-11-03 16:07:01,318 - fewshot_modelnet_linear_classification - INFO - [Training] EPOCH: 63 EpochTime = 1.763 (s) Losses = ['0.1670', '98.9583'] lr = 0.001873
2023-11-03 16:07:03,639 - fewshot_modelnet_linear_classification - INFO - [Validation] EPOCH: 63  acc = 91.0000
2023-11-03 16:07:04,227 - fewshot_modelnet_linear_classification - INFO - Save checkpoint at ./experiments/fewshot_modelnet_linear_classification/cfgs/lr0.003/ckpt-last.pth
2023-11-03 16:07:06,425 - fewshot_modelnet_linear_classification - INFO - [Training] EPOCH: 64 EpochTime = 2.196 (s) Losses = ['0.1749', '98.9583'] lr = 0.001843
2023-11-03 16:07:08,602 - fewshot_modelnet_linear_classification - INFO - [Validation] EPOCH: 64  acc = 91.5000
2023-11-03 16:07:09,496 - fewshot_modelnet_linear_classification - INFO - Save checkpoint at ./experiments/fewshot_modelnet_linear_classification/cfgs/lr0.003/ckpt-last.pth
2023-11-03 16:07:11,813 - fewshot_modelnet_linear_classification - INFO - [Training] EPOCH: 65 EpochTime = 2.316 (s) Losses = ['0.2009', '96.8750'] lr = 0.001812
2023-11-03 16:07:14,078 - fewshot_modelnet_linear_classification - INFO - [Validation] EPOCH: 65  acc = 91.5000
2023-11-03 16:07:14,666 - fewshot_modelnet_linear_classification - INFO - Save checkpoint at ./experiments/fewshot_modelnet_linear_classification/cfgs/lr0.003/ckpt-last.pth
2023-11-03 16:07:16,921 - fewshot_modelnet_linear_classification - INFO - [Training] EPOCH: 66 EpochTime = 2.252 (s) Losses = ['0.1351', '100.0000'] lr = 0.001781
2023-11-03 16:07:19,041 - fewshot_modelnet_linear_classification - INFO - [Validation] EPOCH: 66  acc = 92.0000
2023-11-03 16:07:19,967 - fewshot_modelnet_linear_classification - INFO - Save checkpoint at ./experiments/fewshot_modelnet_linear_classification/cfgs/lr0.003/ckpt-last.pth
2023-11-03 16:07:22,044 - fewshot_modelnet_linear_classification - INFO - [Training] EPOCH: 67 EpochTime = 2.075 (s) Losses = ['0.1581', '97.9167'] lr = 0.001751
2023-11-03 16:07:24,291 - fewshot_modelnet_linear_classification - INFO - [Validation] EPOCH: 67  acc = 91.5000
2023-11-03 16:07:25,073 - fewshot_modelnet_linear_classification - INFO - Save checkpoint at ./experiments/fewshot_modelnet_linear_classification/cfgs/lr0.003/ckpt-last.pth
2023-11-03 16:07:27,475 - fewshot_modelnet_linear_classification - INFO - [Training] EPOCH: 68 EpochTime = 2.400 (s) Losses = ['0.1591', '97.9167'] lr = 0.001720
2023-11-03 16:07:29,658 - fewshot_modelnet_linear_classification - INFO - [Validation] EPOCH: 68  acc = 91.0000
2023-11-03 16:07:30,165 - fewshot_modelnet_linear_classification - INFO - Save checkpoint at ./experiments/fewshot_modelnet_linear_classification/cfgs/lr0.003/ckpt-last.pth
2023-11-03 16:07:31,614 - fewshot_modelnet_linear_classification - INFO - [Training] EPOCH: 69 EpochTime = 1.446 (s) Losses = ['0.1838', '96.8750'] lr = 0.001688
2023-11-03 16:07:34,147 - fewshot_modelnet_linear_classification - INFO - [Validation] EPOCH: 69  acc = 92.0000
2023-11-03 16:07:34,601 - fewshot_modelnet_linear_classification - INFO - Save checkpoint at ./experiments/fewshot_modelnet_linear_classification/cfgs/lr0.003/ckpt-last.pth
2023-11-03 16:07:36,782 - fewshot_modelnet_linear_classification - INFO - [Training] EPOCH: 70 EpochTime = 2.180 (s) Losses = ['0.1552', '97.9167'] lr = 0.001657
2023-11-03 16:07:38,412 - fewshot_modelnet_linear_classification - INFO - [Validation] EPOCH: 70  acc = 92.0000
2023-11-03 16:07:39,022 - fewshot_modelnet_linear_classification - INFO - Save checkpoint at ./experiments/fewshot_modelnet_linear_classification/cfgs/lr0.003/ckpt-last.pth
2023-11-03 16:07:41,130 - fewshot_modelnet_linear_classification - INFO - [Training] EPOCH: 71 EpochTime = 2.106 (s) Losses = ['0.1762', '98.9583'] lr = 0.001626
2023-11-03 16:07:43,362 - fewshot_modelnet_linear_classification - INFO - [Validation] EPOCH: 71  acc = 91.5000
2023-11-03 16:07:43,926 - fewshot_modelnet_linear_classification - INFO - Save checkpoint at ./experiments/fewshot_modelnet_linear_classification/cfgs/lr0.003/ckpt-last.pth
2023-11-03 16:07:45,916 - fewshot_modelnet_linear_classification - INFO - [Training] EPOCH: 72 EpochTime = 1.989 (s) Losses = ['0.1522', '97.9167'] lr = 0.001595
2023-11-03 16:07:48,044 - fewshot_modelnet_linear_classification - INFO - [Validation] EPOCH: 72  acc = 89.0000
2023-11-03 16:07:48,488 - fewshot_modelnet_linear_classification - INFO - Save checkpoint at ./experiments/fewshot_modelnet_linear_classification/cfgs/lr0.003/ckpt-last.pth
2023-11-03 16:07:50,741 - fewshot_modelnet_linear_classification - INFO - [Training] EPOCH: 73 EpochTime = 2.252 (s) Losses = ['0.1317', '100.0000'] lr = 0.001563
2023-11-03 16:07:52,890 - fewshot_modelnet_linear_classification - INFO - [Validation] EPOCH: 73  acc = 89.5000
2023-11-03 16:07:53,410 - fewshot_modelnet_linear_classification - INFO - Save checkpoint at ./experiments/fewshot_modelnet_linear_classification/cfgs/lr0.003/ckpt-last.pth
2023-11-03 16:07:55,599 - fewshot_modelnet_linear_classification - INFO - [Training] EPOCH: 74 EpochTime = 2.188 (s) Losses = ['0.1186', '100.0000'] lr = 0.001532
2023-11-03 16:07:57,874 - fewshot_modelnet_linear_classification - INFO - [Validation] EPOCH: 74  acc = 90.5000
2023-11-03 16:07:58,457 - fewshot_modelnet_linear_classification - INFO - Save checkpoint at ./experiments/fewshot_modelnet_linear_classification/cfgs/lr0.003/ckpt-last.pth
2023-11-03 16:08:00,689 - fewshot_modelnet_linear_classification - INFO - [Training] EPOCH: 75 EpochTime = 2.230 (s) Losses = ['0.1375', '98.9583'] lr = 0.001500
2023-11-03 16:08:03,063 - fewshot_modelnet_linear_classification - INFO - [Validation] EPOCH: 75  acc = 92.0000
2023-11-03 16:08:03,874 - fewshot_modelnet_linear_classification - INFO - Save checkpoint at ./experiments/fewshot_modelnet_linear_classification/cfgs/lr0.003/ckpt-last.pth
2023-11-03 16:08:06,122 - fewshot_modelnet_linear_classification - INFO - [Training] EPOCH: 76 EpochTime = 2.246 (s) Losses = ['0.1502', '98.9583'] lr = 0.001469
2023-11-03 16:08:08,291 - fewshot_modelnet_linear_classification - INFO - [Validation] EPOCH: 76  acc = 92.5000
2023-11-03 16:08:08,918 - fewshot_modelnet_linear_classification - INFO - Save checkpoint at ./experiments/fewshot_modelnet_linear_classification/cfgs/lr0.003/ckpt-last.pth
2023-11-03 16:08:10,323 - fewshot_modelnet_linear_classification - INFO - [Training] EPOCH: 77 EpochTime = 1.404 (s) Losses = ['0.1620', '96.8750'] lr = 0.001438
2023-11-03 16:08:12,765 - fewshot_modelnet_linear_classification - INFO - [Validation] EPOCH: 77  acc = 92.0000
2023-11-03 16:08:13,982 - fewshot_modelnet_linear_classification - INFO - Save checkpoint at ./experiments/fewshot_modelnet_linear_classification/cfgs/lr0.003/ckpt-last.pth
2023-11-03 16:08:15,380 - fewshot_modelnet_linear_classification - INFO - [Training] EPOCH: 78 EpochTime = 1.397 (s) Losses = ['0.1380', '98.9583'] lr = 0.001406
2023-11-03 16:08:17,178 - fewshot_modelnet_linear_classification - INFO - [Validation] EPOCH: 78  acc = 92.5000
2023-11-03 16:08:17,738 - fewshot_modelnet_linear_classification - INFO - Save checkpoint at ./experiments/fewshot_modelnet_linear_classification/cfgs/lr0.003/ckpt-last.pth
2023-11-03 16:08:19,927 - fewshot_modelnet_linear_classification - INFO - [Training] EPOCH: 79 EpochTime = 2.188 (s) Losses = ['0.1508', '97.9167'] lr = 0.001375
2023-11-03 16:08:22,099 - fewshot_modelnet_linear_classification - INFO - [Validation] EPOCH: 79  acc = 91.0000
2023-11-03 16:08:23,162 - fewshot_modelnet_linear_classification - INFO - Save checkpoint at ./experiments/fewshot_modelnet_linear_classification/cfgs/lr0.003/ckpt-last.pth
2023-11-03 16:08:25,297 - fewshot_modelnet_linear_classification - INFO - [Training] EPOCH: 80 EpochTime = 2.133 (s) Losses = ['0.0980', '100.0000'] lr = 0.001344
2023-11-03 16:08:27,414 - fewshot_modelnet_linear_classification - INFO - [Validation] EPOCH: 80  acc = 90.0000
2023-11-03 16:08:27,992 - fewshot_modelnet_linear_classification - INFO - Save checkpoint at ./experiments/fewshot_modelnet_linear_classification/cfgs/lr0.003/ckpt-last.pth
2023-11-03 16:08:30,097 - fewshot_modelnet_linear_classification - INFO - [Training] EPOCH: 81 EpochTime = 2.103 (s) Losses = ['0.1330', '98.9583'] lr = 0.001313
2023-11-03 16:08:32,233 - fewshot_modelnet_linear_classification - INFO - [Validation] EPOCH: 81  acc = 89.5000
2023-11-03 16:08:32,857 - fewshot_modelnet_linear_classification - INFO - Save checkpoint at ./experiments/fewshot_modelnet_linear_classification/cfgs/lr0.003/ckpt-last.pth
2023-11-03 16:08:35,253 - fewshot_modelnet_linear_classification - INFO - [Training] EPOCH: 82 EpochTime = 2.393 (s) Losses = ['0.1303', '97.9167'] lr = 0.001281
2023-11-03 16:08:37,433 - fewshot_modelnet_linear_classification - INFO - [Validation] EPOCH: 82  acc = 91.0000
2023-11-03 16:08:38,795 - fewshot_modelnet_linear_classification - INFO - Save checkpoint at ./experiments/fewshot_modelnet_linear_classification/cfgs/lr0.003/ckpt-last.pth
2023-11-03 16:08:41,255 - fewshot_modelnet_linear_classification - INFO - [Training] EPOCH: 83 EpochTime = 2.458 (s) Losses = ['0.1429', '98.9583'] lr = 0.001250
2023-11-03 16:08:43,517 - fewshot_modelnet_linear_classification - INFO - [Validation] EPOCH: 83  acc = 91.0000
2023-11-03 16:08:44,123 - fewshot_modelnet_linear_classification - INFO - Save checkpoint at ./experiments/fewshot_modelnet_linear_classification/cfgs/lr0.003/ckpt-last.pth
2023-11-03 16:08:46,342 - fewshot_modelnet_linear_classification - INFO - [Training] EPOCH: 84 EpochTime = 2.217 (s) Losses = ['0.1358', '98.9583'] lr = 0.001220
2023-11-03 16:08:48,009 - fewshot_modelnet_linear_classification - INFO - [Validation] EPOCH: 84  acc = 91.0000
2023-11-03 16:08:48,629 - fewshot_modelnet_linear_classification - INFO - Save checkpoint at ./experiments/fewshot_modelnet_linear_classification/cfgs/lr0.003/ckpt-last.pth
2023-11-03 16:08:50,998 - fewshot_modelnet_linear_classification - INFO - [Training] EPOCH: 85 EpochTime = 2.368 (s) Losses = ['0.1108', '100.0000'] lr = 0.001189
2023-11-03 16:08:52,871 - fewshot_modelnet_linear_classification - INFO - [Validation] EPOCH: 85  acc = 91.5000
2023-11-03 16:08:53,800 - fewshot_modelnet_linear_classification - INFO - Save checkpoint at ./experiments/fewshot_modelnet_linear_classification/cfgs/lr0.003/ckpt-last.pth
2023-11-03 16:08:55,846 - fewshot_modelnet_linear_classification - INFO - [Training] EPOCH: 86 EpochTime = 2.043 (s) Losses = ['0.1313', '100.0000'] lr = 0.001158
2023-11-03 16:08:58,264 - fewshot_modelnet_linear_classification - INFO - [Validation] EPOCH: 86  acc = 92.5000
2023-11-03 16:08:58,914 - fewshot_modelnet_linear_classification - INFO - Save checkpoint at ./experiments/fewshot_modelnet_linear_classification/cfgs/lr0.003/ckpt-last.pth
2023-11-03 16:09:01,277 - fewshot_modelnet_linear_classification - INFO - [Training] EPOCH: 87 EpochTime = 2.361 (s) Losses = ['0.1316', '98.9583'] lr = 0.001128
2023-11-03 16:09:03,677 - fewshot_modelnet_linear_classification - INFO - [Validation] EPOCH: 87  acc = 92.0000
2023-11-03 16:09:04,193 - fewshot_modelnet_linear_classification - INFO - Save checkpoint at ./experiments/fewshot_modelnet_linear_classification/cfgs/lr0.003/ckpt-last.pth
2023-11-03 16:09:06,392 - fewshot_modelnet_linear_classification - INFO - [Training] EPOCH: 88 EpochTime = 2.197 (s) Losses = ['0.1394', '98.9583'] lr = 0.001097
2023-11-03 16:09:08,799 - fewshot_modelnet_linear_classification - INFO - [Validation] EPOCH: 88  acc = 90.5000
2023-11-03 16:09:09,451 - fewshot_modelnet_linear_classification - INFO - Save checkpoint at ./experiments/fewshot_modelnet_linear_classification/cfgs/lr0.003/ckpt-last.pth
2023-11-03 16:09:11,518 - fewshot_modelnet_linear_classification - INFO - [Training] EPOCH: 89 EpochTime = 2.066 (s) Losses = ['0.1393', '100.0000'] lr = 0.001067
2023-11-03 16:09:13,793 - fewshot_modelnet_linear_classification - INFO - [Validation] EPOCH: 89  acc = 90.0000
2023-11-03 16:09:14,342 - fewshot_modelnet_linear_classification - INFO - Save checkpoint at ./experiments/fewshot_modelnet_linear_classification/cfgs/lr0.003/ckpt-last.pth
2023-11-03 16:09:16,713 - fewshot_modelnet_linear_classification - INFO - [Training] EPOCH: 90 EpochTime = 2.369 (s) Losses = ['0.1013', '100.0000'] lr = 0.001037
2023-11-03 16:09:19,219 - fewshot_modelnet_linear_classification - INFO - [Validation] EPOCH: 90  acc = 90.5000
2023-11-03 16:09:19,746 - fewshot_modelnet_linear_classification - INFO - Save checkpoint at ./experiments/fewshot_modelnet_linear_classification/cfgs/lr0.003/ckpt-last.pth
2023-11-03 16:09:22,073 - fewshot_modelnet_linear_classification - INFO - [Training] EPOCH: 91 EpochTime = 2.325 (s) Losses = ['0.1113', '100.0000'] lr = 0.001007
2023-11-03 16:09:24,285 - fewshot_modelnet_linear_classification - INFO - [Validation] EPOCH: 91  acc = 91.0000
2023-11-03 16:09:24,838 - fewshot_modelnet_linear_classification - INFO - Save checkpoint at ./experiments/fewshot_modelnet_linear_classification/cfgs/lr0.003/ckpt-last.pth
2023-11-03 16:09:27,425 - fewshot_modelnet_linear_classification - INFO - [Training] EPOCH: 92 EpochTime = 2.585 (s) Losses = ['0.1120', '100.0000'] lr = 0.000978
2023-11-03 16:09:29,981 - fewshot_modelnet_linear_classification - INFO - [Validation] EPOCH: 92  acc = 91.5000
2023-11-03 16:09:30,707 - fewshot_modelnet_linear_classification - INFO - Save checkpoint at ./experiments/fewshot_modelnet_linear_classification/cfgs/lr0.003/ckpt-last.pth
2023-11-03 16:09:32,120 - fewshot_modelnet_linear_classification - INFO - [Training] EPOCH: 93 EpochTime = 1.410 (s) Losses = ['0.1127', '100.0000'] lr = 0.000948
2023-11-03 16:09:34,378 - fewshot_modelnet_linear_classification - INFO - [Validation] EPOCH: 93  acc = 91.0000
2023-11-03 16:09:35,332 - fewshot_modelnet_linear_classification - INFO - Save checkpoint at ./experiments/fewshot_modelnet_linear_classification/cfgs/lr0.003/ckpt-last.pth
2023-11-03 16:09:37,612 - fewshot_modelnet_linear_classification - INFO - [Training] EPOCH: 94 EpochTime = 2.278 (s) Losses = ['0.1416', '98.9583'] lr = 0.000919
2023-11-03 16:09:39,829 - fewshot_modelnet_linear_classification - INFO - [Validation] EPOCH: 94  acc = 90.5000
2023-11-03 16:09:40,453 - fewshot_modelnet_linear_classification - INFO - Save checkpoint at ./experiments/fewshot_modelnet_linear_classification/cfgs/lr0.003/ckpt-last.pth
2023-11-03 16:09:42,725 - fewshot_modelnet_linear_classification - INFO - [Training] EPOCH: 95 EpochTime = 2.271 (s) Losses = ['0.1388', '96.8750'] lr = 0.000891
2023-11-03 16:09:44,938 - fewshot_modelnet_linear_classification - INFO - [Validation] EPOCH: 95  acc = 92.0000
2023-11-03 16:09:45,898 - fewshot_modelnet_linear_classification - INFO - Save checkpoint at ./experiments/fewshot_modelnet_linear_classification/cfgs/lr0.003/ckpt-last.pth
2023-11-03 16:09:48,200 - fewshot_modelnet_linear_classification - INFO - [Training] EPOCH: 96 EpochTime = 2.299 (s) Losses = ['0.1071', '100.0000'] lr = 0.000862
2023-11-03 16:09:50,620 - fewshot_modelnet_linear_classification - INFO - [Validation] EPOCH: 96  acc = 92.5000
2023-11-03 16:09:51,209 - fewshot_modelnet_linear_classification - INFO - Save checkpoint at ./experiments/fewshot_modelnet_linear_classification/cfgs/lr0.003/ckpt-last.pth
2023-11-03 16:09:53,306 - fewshot_modelnet_linear_classification - INFO - [Training] EPOCH: 97 EpochTime = 2.094 (s) Losses = ['0.1162', '98.9583'] lr = 0.000834
2023-11-03 16:09:55,643 - fewshot_modelnet_linear_classification - INFO - [Validation] EPOCH: 97  acc = 92.0000
2023-11-03 16:09:56,699 - fewshot_modelnet_linear_classification - INFO - Save checkpoint at ./experiments/fewshot_modelnet_linear_classification/cfgs/lr0.003/ckpt-last.pth
2023-11-03 16:09:59,027 - fewshot_modelnet_linear_classification - INFO - [Training] EPOCH: 98 EpochTime = 2.326 (s) Losses = ['0.1096', '98.9583'] lr = 0.000806
2023-11-03 16:10:01,259 - fewshot_modelnet_linear_classification - INFO - [Validation] EPOCH: 98  acc = 92.5000
2023-11-03 16:10:02,304 - fewshot_modelnet_linear_classification - INFO - Save checkpoint at ./experiments/fewshot_modelnet_linear_classification/cfgs/lr0.003/ckpt-last.pth
2023-11-03 16:10:04,695 - fewshot_modelnet_linear_classification - INFO - [Training] EPOCH: 99 EpochTime = 2.389 (s) Losses = ['0.1127', '98.9583'] lr = 0.000778
2023-11-03 16:10:07,089 - fewshot_modelnet_linear_classification - INFO - [Validation] EPOCH: 99  acc = 91.0000
2023-11-03 16:10:08,066 - fewshot_modelnet_linear_classification - INFO - Save checkpoint at ./experiments/fewshot_modelnet_linear_classification/cfgs/lr0.003/ckpt-last.pth
2023-11-03 16:10:09,496 - fewshot_modelnet_linear_classification - INFO - [Training] EPOCH: 100 EpochTime = 1.428 (s) Losses = ['0.1118', '98.9583'] lr = 0.000751
2023-11-03 16:10:11,740 - fewshot_modelnet_linear_classification - INFO - [Validation] EPOCH: 100  acc = 89.5000
2023-11-03 16:10:12,875 - fewshot_modelnet_linear_classification - INFO - Save checkpoint at ./experiments/fewshot_modelnet_linear_classification/cfgs/lr0.003/ckpt-last.pth
2023-11-03 16:10:15,070 - fewshot_modelnet_linear_classification - INFO - [Training] EPOCH: 101 EpochTime = 2.193 (s) Losses = ['0.1332', '98.9583'] lr = 0.000724
2023-11-03 16:10:17,290 - fewshot_modelnet_linear_classification - INFO - [Validation] EPOCH: 101  acc = 90.0000
2023-11-03 16:10:17,987 - fewshot_modelnet_linear_classification - INFO - Save checkpoint at ./experiments/fewshot_modelnet_linear_classification/cfgs/lr0.003/ckpt-last.pth
2023-11-03 16:10:20,165 - fewshot_modelnet_linear_classification - INFO - [Training] EPOCH: 102 EpochTime = 2.176 (s) Losses = ['0.1041', '100.0000'] lr = 0.000697
2023-11-03 16:10:22,333 - fewshot_modelnet_linear_classification - INFO - [Validation] EPOCH: 102  acc = 91.0000
2023-11-03 16:10:22,754 - fewshot_modelnet_linear_classification - INFO - Save checkpoint at ./experiments/fewshot_modelnet_linear_classification/cfgs/lr0.003/ckpt-last.pth
2023-11-03 16:10:24,955 - fewshot_modelnet_linear_classification - INFO - [Training] EPOCH: 103 EpochTime = 2.199 (s) Losses = ['0.1037', '97.9167'] lr = 0.000671
2023-11-03 16:10:27,105 - fewshot_modelnet_linear_classification - INFO - [Validation] EPOCH: 103  acc = 91.0000
2023-11-03 16:10:28,053 - fewshot_modelnet_linear_classification - INFO - Save checkpoint at ./experiments/fewshot_modelnet_linear_classification/cfgs/lr0.003/ckpt-last.pth
2023-11-03 16:10:30,381 - fewshot_modelnet_linear_classification - INFO - [Training] EPOCH: 104 EpochTime = 2.326 (s) Losses = ['0.1023', '100.0000'] lr = 0.000645
2023-11-03 16:10:32,784 - fewshot_modelnet_linear_classification - INFO - [Validation] EPOCH: 104  acc = 91.5000
2023-11-03 16:10:33,343 - fewshot_modelnet_linear_classification - INFO - Save checkpoint at ./experiments/fewshot_modelnet_linear_classification/cfgs/lr0.003/ckpt-last.pth
2023-11-03 16:10:35,455 - fewshot_modelnet_linear_classification - INFO - [Training] EPOCH: 105 EpochTime = 2.110 (s) Losses = ['0.1061', '100.0000'] lr = 0.000619
2023-11-03 16:10:37,675 - fewshot_modelnet_linear_classification - INFO - [Validation] EPOCH: 105  acc = 91.5000
2023-11-03 16:10:38,139 - fewshot_modelnet_linear_classification - INFO - Save checkpoint at ./experiments/fewshot_modelnet_linear_classification/cfgs/lr0.003/ckpt-last.pth
2023-11-03 16:10:40,263 - fewshot_modelnet_linear_classification - INFO - [Training] EPOCH: 106 EpochTime = 2.123 (s) Losses = ['0.1066', '98.9583'] lr = 0.000594
2023-11-03 16:10:41,932 - fewshot_modelnet_linear_classification - INFO - [Validation] EPOCH: 106  acc = 91.5000
2023-11-03 16:10:42,632 - fewshot_modelnet_linear_classification - INFO - Save checkpoint at ./experiments/fewshot_modelnet_linear_classification/cfgs/lr0.003/ckpt-last.pth
2023-11-03 16:10:45,014 - fewshot_modelnet_linear_classification - INFO - [Training] EPOCH: 107 EpochTime = 2.379 (s) Losses = ['0.1019', '100.0000'] lr = 0.000569
2023-11-03 16:10:46,710 - fewshot_modelnet_linear_classification - INFO - [Validation] EPOCH: 107  acc = 91.5000
2023-11-03 16:10:47,905 - fewshot_modelnet_linear_classification - INFO - Save checkpoint at ./experiments/fewshot_modelnet_linear_classification/cfgs/lr0.003/ckpt-last.pth
2023-11-03 16:10:50,008 - fewshot_modelnet_linear_classification - INFO - [Training] EPOCH: 108 EpochTime = 2.101 (s) Losses = ['0.0965', '100.0000'] lr = 0.000545
2023-11-03 16:10:52,285 - fewshot_modelnet_linear_classification - INFO - [Validation] EPOCH: 108  acc = 91.5000
2023-11-03 16:10:52,758 - fewshot_modelnet_linear_classification - INFO - Save checkpoint at ./experiments/fewshot_modelnet_linear_classification/cfgs/lr0.003/ckpt-last.pth
2023-11-03 16:10:55,150 - fewshot_modelnet_linear_classification - INFO - [Training] EPOCH: 109 EpochTime = 2.390 (s) Losses = ['0.1098', '100.0000'] lr = 0.000521
2023-11-03 16:10:57,320 - fewshot_modelnet_linear_classification - INFO - [Validation] EPOCH: 109  acc = 91.5000
2023-11-03 16:10:58,097 - fewshot_modelnet_linear_classification - INFO - Save checkpoint at ./experiments/fewshot_modelnet_linear_classification/cfgs/lr0.003/ckpt-last.pth
2023-11-03 16:11:00,225 - fewshot_modelnet_linear_classification - INFO - [Training] EPOCH: 110 EpochTime = 2.126 (s) Losses = ['0.1222', '98.9583'] lr = 0.000497
2023-11-03 16:11:02,430 - fewshot_modelnet_linear_classification - INFO - [Validation] EPOCH: 110  acc = 91.5000
2023-11-03 16:11:02,898 - fewshot_modelnet_linear_classification - INFO - Save checkpoint at ./experiments/fewshot_modelnet_linear_classification/cfgs/lr0.003/ckpt-last.pth
2023-11-03 16:11:05,025 - fewshot_modelnet_linear_classification - INFO - [Training] EPOCH: 111 EpochTime = 2.126 (s) Losses = ['0.0885', '100.0000'] lr = 0.000474
2023-11-03 16:11:07,150 - fewshot_modelnet_linear_classification - INFO - [Validation] EPOCH: 111  acc = 91.0000
2023-11-03 16:11:08,062 - fewshot_modelnet_linear_classification - INFO - Save checkpoint at ./experiments/fewshot_modelnet_linear_classification/cfgs/lr0.003/ckpt-last.pth
2023-11-03 16:11:10,120 - fewshot_modelnet_linear_classification - INFO - [Training] EPOCH: 112 EpochTime = 2.057 (s) Losses = ['0.1124', '98.9583'] lr = 0.000451
2023-11-03 16:11:12,356 - fewshot_modelnet_linear_classification - INFO - [Validation] EPOCH: 112  acc = 90.5000
2023-11-03 16:11:12,956 - fewshot_modelnet_linear_classification - INFO - Save checkpoint at ./experiments/fewshot_modelnet_linear_classification/cfgs/lr0.003/ckpt-last.pth
2023-11-03 16:11:15,233 - fewshot_modelnet_linear_classification - INFO - [Training] EPOCH: 113 EpochTime = 2.274 (s) Losses = ['0.1103', '100.0000'] lr = 0.000429
2023-11-03 16:11:17,326 - fewshot_modelnet_linear_classification - INFO - [Validation] EPOCH: 113  acc = 90.5000
2023-11-03 16:11:17,823 - fewshot_modelnet_linear_classification - INFO - Save checkpoint at ./experiments/fewshot_modelnet_linear_classification/cfgs/lr0.003/ckpt-last.pth
2023-11-03 16:11:19,247 - fewshot_modelnet_linear_classification - INFO - [Training] EPOCH: 114 EpochTime = 1.421 (s) Losses = ['0.1165', '98.9583'] lr = 0.000407
2023-11-03 16:11:21,721 - fewshot_modelnet_linear_classification - INFO - [Validation] EPOCH: 114  acc = 90.5000
2023-11-03 16:11:22,244 - fewshot_modelnet_linear_classification - INFO - Save checkpoint at ./experiments/fewshot_modelnet_linear_classification/cfgs/lr0.003/ckpt-last.pth
2023-11-03 16:11:24,330 - fewshot_modelnet_linear_classification - INFO - [Training] EPOCH: 115 EpochTime = 2.085 (s) Losses = ['0.1092', '98.9583'] lr = 0.000386
2023-11-03 16:11:25,941 - fewshot_modelnet_linear_classification - INFO - [Validation] EPOCH: 115  acc = 90.0000
2023-11-03 16:11:26,978 - fewshot_modelnet_linear_classification - INFO - Save checkpoint at ./experiments/fewshot_modelnet_linear_classification/cfgs/lr0.003/ckpt-last.pth
2023-11-03 16:11:29,033 - fewshot_modelnet_linear_classification - INFO - [Training] EPOCH: 116 EpochTime = 2.053 (s) Losses = ['0.1009', '98.9583'] lr = 0.000365
2023-11-03 16:11:31,182 - fewshot_modelnet_linear_classification - INFO - [Validation] EPOCH: 116  acc = 90.5000
2023-11-03 16:11:31,659 - fewshot_modelnet_linear_classification - INFO - Save checkpoint at ./experiments/fewshot_modelnet_linear_classification/cfgs/lr0.003/ckpt-last.pth
2023-11-03 16:11:33,841 - fewshot_modelnet_linear_classification - INFO - [Training] EPOCH: 117 EpochTime = 2.180 (s) Losses = ['0.1161', '98.9583'] lr = 0.000345
2023-11-03 16:11:36,149 - fewshot_modelnet_linear_classification - INFO - [Validation] EPOCH: 117  acc = 90.5000
2023-11-03 16:11:36,719 - fewshot_modelnet_linear_classification - INFO - Save checkpoint at ./experiments/fewshot_modelnet_linear_classification/cfgs/lr0.003/ckpt-last.pth
2023-11-03 16:11:38,941 - fewshot_modelnet_linear_classification - INFO - [Training] EPOCH: 118 EpochTime = 2.221 (s) Losses = ['0.0889', '100.0000'] lr = 0.000325
2023-11-03 16:11:41,271 - fewshot_modelnet_linear_classification - INFO - [Validation] EPOCH: 118  acc = 91.0000
2023-11-03 16:11:41,859 - fewshot_modelnet_linear_classification - INFO - Save checkpoint at ./experiments/fewshot_modelnet_linear_classification/cfgs/lr0.003/ckpt-last.pth
2023-11-03 16:11:44,023 - fewshot_modelnet_linear_classification - INFO - [Training] EPOCH: 119 EpochTime = 2.163 (s) Losses = ['0.1121', '97.9167'] lr = 0.000306
2023-11-03 16:11:46,208 - fewshot_modelnet_linear_classification - INFO - [Validation] EPOCH: 119  acc = 91.0000
2023-11-03 16:11:46,739 - fewshot_modelnet_linear_classification - INFO - Save checkpoint at ./experiments/fewshot_modelnet_linear_classification/cfgs/lr0.003/ckpt-last.pth
2023-11-03 16:11:48,797 - fewshot_modelnet_linear_classification - INFO - [Training] EPOCH: 120 EpochTime = 2.056 (s) Losses = ['0.0956', '100.0000'] lr = 0.000287
2023-11-03 16:11:50,916 - fewshot_modelnet_linear_classification - INFO - [Validation] EPOCH: 120  acc = 91.5000
2023-11-03 16:11:51,393 - fewshot_modelnet_linear_classification - INFO - Save checkpoint at ./experiments/fewshot_modelnet_linear_classification/cfgs/lr0.003/ckpt-last.pth
2023-11-03 16:11:53,630 - fewshot_modelnet_linear_classification - INFO - [Training] EPOCH: 121 EpochTime = 2.236 (s) Losses = ['0.1004', '100.0000'] lr = 0.000269
2023-11-03 16:11:55,811 - fewshot_modelnet_linear_classification - INFO - [Validation] EPOCH: 121  acc = 91.5000
2023-11-03 16:11:56,633 - fewshot_modelnet_linear_classification - INFO - Save checkpoint at ./experiments/fewshot_modelnet_linear_classification/cfgs/lr0.003/ckpt-last.pth
2023-11-03 16:11:58,818 - fewshot_modelnet_linear_classification - INFO - [Training] EPOCH: 122 EpochTime = 2.183 (s) Losses = ['0.1217', '98.9583'] lr = 0.000252
2023-11-03 16:12:01,256 - fewshot_modelnet_linear_classification - INFO - [Validation] EPOCH: 122  acc = 91.5000
2023-11-03 16:12:01,867 - fewshot_modelnet_linear_classification - INFO - Save checkpoint at ./experiments/fewshot_modelnet_linear_classification/cfgs/lr0.003/ckpt-last.pth
2023-11-03 16:12:03,251 - fewshot_modelnet_linear_classification - INFO - [Training] EPOCH: 123 EpochTime = 1.382 (s) Losses = ['0.1067', '100.0000'] lr = 0.000234
2023-11-03 16:12:05,396 - fewshot_modelnet_linear_classification - INFO - [Validation] EPOCH: 123  acc = 91.5000
2023-11-03 16:12:06,033 - fewshot_modelnet_linear_classification - INFO - Save checkpoint at ./experiments/fewshot_modelnet_linear_classification/cfgs/lr0.003/ckpt-last.pth
2023-11-03 16:12:08,322 - fewshot_modelnet_linear_classification - INFO - [Training] EPOCH: 124 EpochTime = 2.288 (s) Losses = ['0.0930', '100.0000'] lr = 0.000218
2023-11-03 16:12:10,519 - fewshot_modelnet_linear_classification - INFO - [Validation] EPOCH: 124  acc = 91.5000
2023-11-03 16:12:11,044 - fewshot_modelnet_linear_classification - INFO - Save checkpoint at ./experiments/fewshot_modelnet_linear_classification/cfgs/lr0.003/ckpt-last.pth
2023-11-03 16:12:13,195 - fewshot_modelnet_linear_classification - INFO - [Training] EPOCH: 125 EpochTime = 2.036 (s) Losses = ['0.0919', '100.0000'] lr = 0.000202
2023-11-03 16:12:15,508 - fewshot_modelnet_linear_classification - INFO - [Validation] EPOCH: 125  acc = 92.0000
2023-11-03 16:12:16,427 - fewshot_modelnet_linear_classification - INFO - Save checkpoint at ./experiments/fewshot_modelnet_linear_classification/cfgs/lr0.003/ckpt-last.pth
2023-11-03 16:12:18,567 - fewshot_modelnet_linear_classification - INFO - [Training] EPOCH: 126 EpochTime = 2.138 (s) Losses = ['0.0996', '98.9583'] lr = 0.000186
2023-11-03 16:12:20,914 - fewshot_modelnet_linear_classification - INFO - [Validation] EPOCH: 126  acc = 92.0000
2023-11-03 16:12:21,399 - fewshot_modelnet_linear_classification - INFO - Save checkpoint at ./experiments/fewshot_modelnet_linear_classification/cfgs/lr0.003/ckpt-last.pth
2023-11-03 16:12:23,686 - fewshot_modelnet_linear_classification - INFO - [Training] EPOCH: 127 EpochTime = 2.286 (s) Losses = ['0.0761', '100.0000'] lr = 0.000172
2023-11-03 16:12:25,857 - fewshot_modelnet_linear_classification - INFO - [Validation] EPOCH: 127  acc = 92.0000
2023-11-03 16:12:26,423 - fewshot_modelnet_linear_classification - INFO - Save checkpoint at ./experiments/fewshot_modelnet_linear_classification/cfgs/lr0.003/ckpt-last.pth
2023-11-03 16:12:28,820 - fewshot_modelnet_linear_classification - INFO - [Training] EPOCH: 128 EpochTime = 2.394 (s) Losses = ['0.0957', '100.0000'] lr = 0.000157
2023-11-03 16:12:31,042 - fewshot_modelnet_linear_classification - INFO - [Validation] EPOCH: 128  acc = 91.5000
2023-11-03 16:12:31,926 - fewshot_modelnet_linear_classification - INFO - Save checkpoint at ./experiments/fewshot_modelnet_linear_classification/cfgs/lr0.003/ckpt-last.pth
2023-11-03 16:12:34,239 - fewshot_modelnet_linear_classification - INFO - [Training] EPOCH: 129 EpochTime = 2.312 (s) Losses = ['0.1297', '98.9583'] lr = 0.000144
2023-11-03 16:12:36,075 - fewshot_modelnet_linear_classification - INFO - [Validation] EPOCH: 129  acc = 92.0000
2023-11-03 16:12:36,962 - fewshot_modelnet_linear_classification - INFO - Save checkpoint at ./experiments/fewshot_modelnet_linear_classification/cfgs/lr0.003/ckpt-last.pth
2023-11-03 16:12:39,383 - fewshot_modelnet_linear_classification - INFO - [Training] EPOCH: 130 EpochTime = 2.419 (s) Losses = ['0.0859', '100.0000'] lr = 0.000131
2023-11-03 16:12:41,095 - fewshot_modelnet_linear_classification - INFO - [Validation] EPOCH: 130  acc = 92.0000
2023-11-03 16:12:41,752 - fewshot_modelnet_linear_classification - INFO - Save checkpoint at ./experiments/fewshot_modelnet_linear_classification/cfgs/lr0.003/ckpt-last.pth
2023-11-03 16:12:43,991 - fewshot_modelnet_linear_classification - INFO - [Training] EPOCH: 131 EpochTime = 2.237 (s) Losses = ['0.0973', '100.0000'] lr = 0.000118
2023-11-03 16:12:46,289 - fewshot_modelnet_linear_classification - INFO - [Validation] EPOCH: 131  acc = 92.0000
2023-11-03 16:12:47,512 - fewshot_modelnet_linear_classification - INFO - Save checkpoint at ./experiments/fewshot_modelnet_linear_classification/cfgs/lr0.003/ckpt-last.pth
2023-11-03 16:12:49,915 - fewshot_modelnet_linear_classification - INFO - [Training] EPOCH: 132 EpochTime = 2.401 (s) Losses = ['0.1126', '100.0000'] lr = 0.000106
2023-11-03 16:12:52,241 - fewshot_modelnet_linear_classification - INFO - [Validation] EPOCH: 132  acc = 92.0000
2023-11-03 16:12:53,638 - fewshot_modelnet_linear_classification - INFO - Save checkpoint at ./experiments/fewshot_modelnet_linear_classification/cfgs/lr0.003/ckpt-last.pth
2023-11-03 16:12:55,961 - fewshot_modelnet_linear_classification - INFO - [Training] EPOCH: 133 EpochTime = 2.321 (s) Losses = ['0.0982', '100.0000'] lr = 0.000095
2023-11-03 16:12:58,182 - fewshot_modelnet_linear_classification - INFO - [Validation] EPOCH: 133  acc = 92.0000
2023-11-03 16:12:59,275 - fewshot_modelnet_linear_classification - INFO - Save checkpoint at ./experiments/fewshot_modelnet_linear_classification/cfgs/lr0.003/ckpt-last.pth
2023-11-03 16:13:01,372 - fewshot_modelnet_linear_classification - INFO - [Training] EPOCH: 134 EpochTime = 2.094 (s) Losses = ['0.0949', '100.0000'] lr = 0.000084
2023-11-03 16:13:03,489 - fewshot_modelnet_linear_classification - INFO - [Validation] EPOCH: 134  acc = 92.0000
2023-11-03 16:13:04,223 - fewshot_modelnet_linear_classification - INFO - Save checkpoint at ./experiments/fewshot_modelnet_linear_classification/cfgs/lr0.003/ckpt-last.pth
2023-11-03 16:13:06,488 - fewshot_modelnet_linear_classification - INFO - [Training] EPOCH: 135 EpochTime = 2.264 (s) Losses = ['0.1009', '100.0000'] lr = 0.000074
2023-11-03 16:13:08,702 - fewshot_modelnet_linear_classification - INFO - [Validation] EPOCH: 135  acc = 92.0000
2023-11-03 16:13:09,834 - fewshot_modelnet_linear_classification - INFO - Save checkpoint at ./experiments/fewshot_modelnet_linear_classification/cfgs/lr0.003/ckpt-last.pth
2023-11-03 16:13:11,553 - fewshot_modelnet_linear_classification - INFO - [Training] EPOCH: 136 EpochTime = 1.716 (s) Losses = ['0.1102', '100.0000'] lr = 0.000065
2023-11-03 16:13:13,999 - fewshot_modelnet_linear_classification - INFO - [Validation] EPOCH: 136  acc = 91.5000
2023-11-03 16:13:15,205 - fewshot_modelnet_linear_classification - INFO - Save checkpoint at ./experiments/fewshot_modelnet_linear_classification/cfgs/lr0.003/ckpt-last.pth
2023-11-03 16:13:16,720 - fewshot_modelnet_linear_classification - INFO - [Training] EPOCH: 137 EpochTime = 1.511 (s) Losses = ['0.0864', '97.9167'] lr = 0.000056
2023-11-03 16:13:18,863 - fewshot_modelnet_linear_classification - INFO - [Validation] EPOCH: 137  acc = 91.5000
2023-11-03 16:13:19,450 - fewshot_modelnet_linear_classification - INFO - Save checkpoint at ./experiments/fewshot_modelnet_linear_classification/cfgs/lr0.003/ckpt-last.pth
2023-11-03 16:13:21,479 - fewshot_modelnet_linear_classification - INFO - [Training] EPOCH: 138 EpochTime = 2.027 (s) Losses = ['0.0913', '100.0000'] lr = 0.000048
2023-11-03 16:13:23,600 - fewshot_modelnet_linear_classification - INFO - [Validation] EPOCH: 138  acc = 91.5000
2023-11-03 16:13:24,243 - fewshot_modelnet_linear_classification - INFO - Save checkpoint at ./experiments/fewshot_modelnet_linear_classification/cfgs/lr0.003/ckpt-last.pth
2023-11-03 16:13:26,243 - fewshot_modelnet_linear_classification - INFO - [Training] EPOCH: 139 EpochTime = 1.998 (s) Losses = ['0.0949', '100.0000'] lr = 0.000041
2023-11-03 16:13:28,483 - fewshot_modelnet_linear_classification - INFO - [Validation] EPOCH: 139  acc = 91.5000
2023-11-03 16:13:29,838 - fewshot_modelnet_linear_classification - INFO - Save checkpoint at ./experiments/fewshot_modelnet_linear_classification/cfgs/lr0.003/ckpt-last.pth
2023-11-03 16:13:31,956 - fewshot_modelnet_linear_classification - INFO - [Training] EPOCH: 140 EpochTime = 2.117 (s) Losses = ['0.0906', '100.0000'] lr = 0.000034
2023-11-03 16:13:34,063 - fewshot_modelnet_linear_classification - INFO - [Validation] EPOCH: 140  acc = 91.5000
2023-11-03 16:13:35,123 - fewshot_modelnet_linear_classification - INFO - Save checkpoint at ./experiments/fewshot_modelnet_linear_classification/cfgs/lr0.003/ckpt-last.pth
2023-11-03 16:13:37,372 - fewshot_modelnet_linear_classification - INFO - [Training] EPOCH: 141 EpochTime = 2.247 (s) Losses = ['0.0855', '100.0000'] lr = 0.000028
2023-11-03 16:13:39,795 - fewshot_modelnet_linear_classification - INFO - [Validation] EPOCH: 141  acc = 91.5000
2023-11-03 16:13:40,542 - fewshot_modelnet_linear_classification - INFO - Save checkpoint at ./experiments/fewshot_modelnet_linear_classification/cfgs/lr0.003/ckpt-last.pth
2023-11-03 16:13:41,836 - fewshot_modelnet_linear_classification - INFO - Save checkpoint at ./experiments/fewshot_modelnet_linear_classification/cfgs/lr0.003/ckpt-epoch-141.pth
2023-11-03 16:13:44,002 - fewshot_modelnet_linear_classification - INFO - [Training] EPOCH: 142 EpochTime = 2.164 (s) Losses = ['0.0868', '100.0000'] lr = 0.000022
2023-11-03 16:13:46,235 - fewshot_modelnet_linear_classification - INFO - [Validation] EPOCH: 142  acc = 91.5000
2023-11-03 16:13:47,339 - fewshot_modelnet_linear_classification - INFO - Save checkpoint at ./experiments/fewshot_modelnet_linear_classification/cfgs/lr0.003/ckpt-last.pth
2023-11-03 16:13:47,974 - fewshot_modelnet_linear_classification - INFO - Save checkpoint at ./experiments/fewshot_modelnet_linear_classification/cfgs/lr0.003/ckpt-epoch-142.pth
2023-11-03 16:13:50,335 - fewshot_modelnet_linear_classification - INFO - [Training] EPOCH: 143 EpochTime = 2.358 (s) Losses = ['0.1059', '100.0000'] lr = 0.000017
2023-11-03 16:13:52,703 - fewshot_modelnet_linear_classification - INFO - [Validation] EPOCH: 143  acc = 91.5000
2023-11-03 16:13:53,252 - fewshot_modelnet_linear_classification - INFO - Save checkpoint at ./experiments/fewshot_modelnet_linear_classification/cfgs/lr0.003/ckpt-last.pth
2023-11-03 16:13:54,686 - fewshot_modelnet_linear_classification - INFO - Save checkpoint at ./experiments/fewshot_modelnet_linear_classification/cfgs/lr0.003/ckpt-epoch-143.pth
2023-11-03 16:13:56,436 - fewshot_modelnet_linear_classification - INFO - [Training] EPOCH: 144 EpochTime = 1.748 (s) Losses = ['0.1201', '98.9583'] lr = 0.000013
2023-11-03 16:13:58,644 - fewshot_modelnet_linear_classification - INFO - [Validation] EPOCH: 144  acc = 91.5000
2023-11-03 16:13:59,787 - fewshot_modelnet_linear_classification - INFO - Save checkpoint at ./experiments/fewshot_modelnet_linear_classification/cfgs/lr0.003/ckpt-last.pth
2023-11-03 16:14:00,948 - fewshot_modelnet_linear_classification - INFO - Save checkpoint at ./experiments/fewshot_modelnet_linear_classification/cfgs/lr0.003/ckpt-epoch-144.pth
2023-11-03 16:14:03,310 - fewshot_modelnet_linear_classification - INFO - [Training] EPOCH: 145 EpochTime = 2.360 (s) Losses = ['0.1001', '98.9583'] lr = 0.000009
2023-11-03 16:14:05,554 - fewshot_modelnet_linear_classification - INFO - [Validation] EPOCH: 145  acc = 91.5000
2023-11-03 16:14:06,633 - fewshot_modelnet_linear_classification - INFO - Save checkpoint at ./experiments/fewshot_modelnet_linear_classification/cfgs/lr0.003/ckpt-last.pth
2023-11-03 16:14:07,809 - fewshot_modelnet_linear_classification - INFO - Save checkpoint at ./experiments/fewshot_modelnet_linear_classification/cfgs/lr0.003/ckpt-epoch-145.pth
2023-11-03 16:14:09,946 - fewshot_modelnet_linear_classification - INFO - [Training] EPOCH: 146 EpochTime = 2.135 (s) Losses = ['0.0960', '98.9583'] lr = 0.000006
2023-11-03 16:14:12,138 - fewshot_modelnet_linear_classification - INFO - [Validation] EPOCH: 146  acc = 91.5000
2023-11-03 16:14:12,952 - fewshot_modelnet_linear_classification - INFO - Save checkpoint at ./experiments/fewshot_modelnet_linear_classification/cfgs/lr0.003/ckpt-last.pth
2023-11-03 16:14:14,913 - fewshot_modelnet_linear_classification - INFO - Save checkpoint at ./experiments/fewshot_modelnet_linear_classification/cfgs/lr0.003/ckpt-epoch-146.pth
2023-11-03 16:14:17,163 - fewshot_modelnet_linear_classification - INFO - [Training] EPOCH: 147 EpochTime = 2.248 (s) Losses = ['0.0965', '100.0000'] lr = 0.000004
2023-11-03 16:14:19,288 - fewshot_modelnet_linear_classification - INFO - [Validation] EPOCH: 147  acc = 91.5000
2023-11-03 16:14:19,955 - fewshot_modelnet_linear_classification - INFO - Save checkpoint at ./experiments/fewshot_modelnet_linear_classification/cfgs/lr0.003/ckpt-last.pth
2023-11-03 16:14:21,267 - fewshot_modelnet_linear_classification - INFO - Save checkpoint at ./experiments/fewshot_modelnet_linear_classification/cfgs/lr0.003/ckpt-epoch-147.pth
2023-11-03 16:14:23,767 - fewshot_modelnet_linear_classification - INFO - [Training] EPOCH: 148 EpochTime = 2.498 (s) Losses = ['0.0776', '100.0000'] lr = 0.000002
2023-11-03 16:14:26,231 - fewshot_modelnet_linear_classification - INFO - [Validation] EPOCH: 148  acc = 91.5000
2023-11-03 16:14:27,032 - fewshot_modelnet_linear_classification - INFO - Save checkpoint at ./experiments/fewshot_modelnet_linear_classification/cfgs/lr0.003/ckpt-last.pth
2023-11-03 16:14:28,038 - fewshot_modelnet_linear_classification - INFO - Save checkpoint at ./experiments/fewshot_modelnet_linear_classification/cfgs/lr0.003/ckpt-epoch-148.pth
2023-11-03 16:14:29,381 - fewshot_modelnet_linear_classification - INFO - [Training] EPOCH: 149 EpochTime = 1.342 (s) Losses = ['0.1043', '100.0000'] lr = 0.000001
2023-11-03 16:14:31,697 - fewshot_modelnet_linear_classification - INFO - [Validation] EPOCH: 149  acc = 91.5000
2023-11-03 16:14:32,601 - fewshot_modelnet_linear_classification - INFO - Save checkpoint at ./experiments/fewshot_modelnet_linear_classification/cfgs/lr0.003/ckpt-last.pth
2023-11-03 16:14:33,154 - fewshot_modelnet_linear_classification - INFO - Save checkpoint at ./experiments/fewshot_modelnet_linear_classification/cfgs/lr0.003/ckpt-epoch-149.pth
2023-11-03 16:14:35,359 - fewshot_modelnet_linear_classification - INFO - [Training] EPOCH: 150 EpochTime = 2.203 (s) Losses = ['0.0850', '100.0000'] lr = 0.000001
2023-11-03 16:14:37,566 - fewshot_modelnet_linear_classification - INFO - [Validation] EPOCH: 150  acc = 91.5000
2023-11-03 16:14:38,196 - fewshot_modelnet_linear_classification - INFO - Save checkpoint at ./experiments/fewshot_modelnet_linear_classification/cfgs/lr0.003/ckpt-last.pth
2023-11-03 16:14:39,465 - fewshot_modelnet_linear_classification - INFO - Save checkpoint at ./experiments/fewshot_modelnet_linear_classification/cfgs/lr0.003/ckpt-epoch-150.pth
