2023-09-26 10:21:04,859 - fewshot_modelnet_non_linear_classification - INFO - Copy the Config file from cfgs/fewshot_modelnet_non_linear_classification.yaml to ./experiments/fewshot_modelnet_non_linear_classification/cfgs/add_as_normal/config.yaml
2023-09-26 10:21:04,859 - fewshot_modelnet_non_linear_classification - INFO - args.config : cfgs/fewshot_modelnet_non_linear_classification.yaml
2023-09-26 10:21:04,859 - fewshot_modelnet_non_linear_classification - INFO - args.launcher : none
2023-09-26 10:21:04,859 - fewshot_modelnet_non_linear_classification - INFO - args.local_rank : 0
2023-09-26 10:21:04,859 - fewshot_modelnet_non_linear_classification - INFO - args.num_workers : 8
2023-09-26 10:21:04,859 - fewshot_modelnet_non_linear_classification - INFO - args.seed : 0
2023-09-26 10:21:04,859 - fewshot_modelnet_non_linear_classification - INFO - args.deterministic : False
2023-09-26 10:21:04,859 - fewshot_modelnet_non_linear_classification - INFO - args.sync_bn : True
2023-09-26 10:21:04,859 - fewshot_modelnet_non_linear_classification - INFO - args.update_weights_every : 1
2023-09-26 10:21:04,859 - fewshot_modelnet_non_linear_classification - INFO - args.main_task : 0
2023-09-26 10:21:04,859 - fewshot_modelnet_non_linear_classification - INFO - args.nashmtl_optim_niter : 20
2023-09-26 10:21:04,859 - fewshot_modelnet_non_linear_classification - INFO - args.c : 0.4
2023-09-26 10:21:04,859 - fewshot_modelnet_non_linear_classification - INFO - args.dwa_temp : 2.0
2023-09-26 10:21:04,859 - fewshot_modelnet_non_linear_classification - INFO - args.method_params_lr : 0.025
2023-09-26 10:21:04,860 - fewshot_modelnet_non_linear_classification - INFO - args.method : nashmtl
2023-09-26 10:21:04,860 - fewshot_modelnet_non_linear_classification - INFO - args.gpu : 5
2023-09-26 10:21:04,860 - fewshot_modelnet_non_linear_classification - INFO - args.large_group : 5
2023-09-26 10:21:04,860 - fewshot_modelnet_non_linear_classification - INFO - args.small_group : 10
2023-09-26 10:21:04,860 - fewshot_modelnet_non_linear_classification - INFO - args.large_patch : 6
2023-09-26 10:21:04,860 - fewshot_modelnet_non_linear_classification - INFO - args.small_patch : 3
2023-09-26 10:21:04,860 - fewshot_modelnet_non_linear_classification - INFO - args.queue_length : 8192
2023-09-26 10:21:04,860 - fewshot_modelnet_non_linear_classification - INFO - args.epoch_queue_starts : 10
2023-09-26 10:21:04,860 - fewshot_modelnet_non_linear_classification - INFO - args.nmb_crops : [5, 10]
2023-09-26 10:21:04,860 - fewshot_modelnet_non_linear_classification - INFO - args.fea_dim : 384
2023-09-26 10:21:04,860 - fewshot_modelnet_non_linear_classification - INFO - args.hidden_mlp : 256
2023-09-26 10:21:04,861 - fewshot_modelnet_non_linear_classification - INFO - args.output_dim : 128
2023-09-26 10:21:04,861 - fewshot_modelnet_non_linear_classification - INFO - args.nmb_prototypes : 200
2023-09-26 10:21:04,861 - fewshot_modelnet_non_linear_classification - INFO - args.temperature : 0.1
2023-09-26 10:21:04,861 - fewshot_modelnet_non_linear_classification - INFO - args.epsilon : 0.05
2023-09-26 10:21:04,861 - fewshot_modelnet_non_linear_classification - INFO - args.sinkhorn_iterations : 3
2023-09-26 10:21:04,861 - fewshot_modelnet_non_linear_classification - INFO - args.world_size : 1
2023-09-26 10:21:04,861 - fewshot_modelnet_non_linear_classification - INFO - args.exp_name : add_as_normal
2023-09-26 10:21:04,861 - fewshot_modelnet_non_linear_classification - INFO - args.loss : cd1
2023-09-26 10:21:04,861 - fewshot_modelnet_non_linear_classification - INFO - args.start_ckpts : None
2023-09-26 10:21:04,861 - fewshot_modelnet_non_linear_classification - INFO - args.ckpts : ./experiments/pretrain_MaskSurf/cfgs/add_as_normal/ckpt-last.pth
2023-09-26 10:21:04,861 - fewshot_modelnet_non_linear_classification - INFO - args.val_freq : 1
2023-09-26 10:21:04,862 - fewshot_modelnet_non_linear_classification - INFO - args.vote : False
2023-09-26 10:21:04,862 - fewshot_modelnet_non_linear_classification - INFO - args.resume : False
2023-09-26 10:21:04,862 - fewshot_modelnet_non_linear_classification - INFO - args.test : False
2023-09-26 10:21:04,862 - fewshot_modelnet_non_linear_classification - INFO - args.finetune_model : True
2023-09-26 10:21:04,862 - fewshot_modelnet_non_linear_classification - INFO - args.scratch_model : False
2023-09-26 10:21:04,862 - fewshot_modelnet_non_linear_classification - INFO - args.mode : None
2023-09-26 10:21:04,862 - fewshot_modelnet_non_linear_classification - INFO - args.way : 5
2023-09-26 10:21:04,862 - fewshot_modelnet_non_linear_classification - INFO - args.shot : 20
2023-09-26 10:21:04,862 - fewshot_modelnet_non_linear_classification - INFO - args.fold : 0
2023-09-26 10:21:04,862 - fewshot_modelnet_non_linear_classification - INFO - args.experiment_path : ./experiments/fewshot_modelnet_non_linear_classification/cfgs/add_as_normal
2023-09-26 10:21:04,863 - fewshot_modelnet_non_linear_classification - INFO - args.tfboard_path : ./experiments/fewshot_modelnet_non_linear_classification/cfgs/TFBoard/add_as_normal
2023-09-26 10:21:04,863 - fewshot_modelnet_non_linear_classification - INFO - args.log_name : fewshot_modelnet_non_linear_classification
2023-09-26 10:21:04,863 - fewshot_modelnet_non_linear_classification - INFO - args.use_gpu : True
2023-09-26 10:21:04,863 - fewshot_modelnet_non_linear_classification - INFO - args.distributed : False
2023-09-26 10:21:04,863 - fewshot_modelnet_non_linear_classification - INFO - config.optimizer = edict()
2023-09-26 10:21:04,863 - fewshot_modelnet_non_linear_classification - INFO - config.optimizer.type : AdamW
2023-09-26 10:21:04,863 - fewshot_modelnet_non_linear_classification - INFO - config.optimizer.part : only_new
2023-09-26 10:21:04,863 - fewshot_modelnet_non_linear_classification - INFO - config.optimizer.kwargs = edict()
2023-09-26 10:21:04,863 - fewshot_modelnet_non_linear_classification - INFO - config.optimizer.kwargs.lr : 0.0007
2023-09-26 10:21:04,863 - fewshot_modelnet_non_linear_classification - INFO - config.optimizer.kwargs.weight_decay : 0.05
2023-09-26 10:21:04,863 - fewshot_modelnet_non_linear_classification - INFO - config.scheduler = edict()
2023-09-26 10:21:04,864 - fewshot_modelnet_non_linear_classification - INFO - config.scheduler.type : CosLR
2023-09-26 10:21:04,864 - fewshot_modelnet_non_linear_classification - INFO - config.scheduler.kwargs = edict()
2023-09-26 10:21:04,864 - fewshot_modelnet_non_linear_classification - INFO - config.scheduler.kwargs.epochs : 150
2023-09-26 10:21:04,864 - fewshot_modelnet_non_linear_classification - INFO - config.scheduler.kwargs.initial_epochs : 10
2023-09-26 10:21:04,864 - fewshot_modelnet_non_linear_classification - INFO - config.dataset = edict()
2023-09-26 10:21:04,864 - fewshot_modelnet_non_linear_classification - INFO - config.dataset.train = edict()
2023-09-26 10:21:04,864 - fewshot_modelnet_non_linear_classification - INFO - config.dataset.train._base_ = edict()
2023-09-26 10:21:04,864 - fewshot_modelnet_non_linear_classification - INFO - config.dataset.train._base_.NAME : ModelNetFewShot
2023-09-26 10:21:04,864 - fewshot_modelnet_non_linear_classification - INFO - config.dataset.train._base_.DATA_PATH : data/ModelNetFewshot
2023-09-26 10:21:04,864 - fewshot_modelnet_non_linear_classification - INFO - config.dataset.train._base_.N_POINTS : 8192
2023-09-26 10:21:04,864 - fewshot_modelnet_non_linear_classification - INFO - config.dataset.train._base_.NUM_CATEGORY : 40
2023-09-26 10:21:04,865 - fewshot_modelnet_non_linear_classification - INFO - config.dataset.train._base_.USE_NORMALS : False
2023-09-26 10:21:04,865 - fewshot_modelnet_non_linear_classification - INFO - config.dataset.train.others = edict()
2023-09-26 10:21:04,865 - fewshot_modelnet_non_linear_classification - INFO - config.dataset.train.others.subset : train
2023-09-26 10:21:04,865 - fewshot_modelnet_non_linear_classification - INFO - config.dataset.train.others.bs : 32
2023-09-26 10:21:04,865 - fewshot_modelnet_non_linear_classification - INFO - config.dataset.val = edict()
2023-09-26 10:21:04,865 - fewshot_modelnet_non_linear_classification - INFO - config.dataset.val._base_ = edict()
2023-09-26 10:21:04,865 - fewshot_modelnet_non_linear_classification - INFO - config.dataset.val._base_.NAME : ModelNetFewShot
2023-09-26 10:21:04,865 - fewshot_modelnet_non_linear_classification - INFO - config.dataset.val._base_.DATA_PATH : data/ModelNetFewshot
2023-09-26 10:21:04,865 - fewshot_modelnet_non_linear_classification - INFO - config.dataset.val._base_.N_POINTS : 8192
2023-09-26 10:21:04,865 - fewshot_modelnet_non_linear_classification - INFO - config.dataset.val._base_.NUM_CATEGORY : 40
2023-09-26 10:21:04,866 - fewshot_modelnet_non_linear_classification - INFO - config.dataset.val._base_.USE_NORMALS : False
2023-09-26 10:21:04,866 - fewshot_modelnet_non_linear_classification - INFO - config.dataset.val.others = edict()
2023-09-26 10:21:04,866 - fewshot_modelnet_non_linear_classification - INFO - config.dataset.val.others.subset : test
2023-09-26 10:21:04,866 - fewshot_modelnet_non_linear_classification - INFO - config.dataset.val.others.bs : 64
2023-09-26 10:21:04,866 - fewshot_modelnet_non_linear_classification - INFO - config.dataset.test = edict()
2023-09-26 10:21:04,866 - fewshot_modelnet_non_linear_classification - INFO - config.dataset.test._base_ = edict()
2023-09-26 10:21:04,866 - fewshot_modelnet_non_linear_classification - INFO - config.dataset.test._base_.NAME : ModelNet
2023-09-26 10:21:04,866 - fewshot_modelnet_non_linear_classification - INFO - config.dataset.test._base_.DATA_PATH : data/ModelNet/modelnet40_normal_resampled
2023-09-26 10:21:04,866 - fewshot_modelnet_non_linear_classification - INFO - config.dataset.test._base_.N_POINTS : 8192
2023-09-26 10:21:04,867 - fewshot_modelnet_non_linear_classification - INFO - config.dataset.test._base_.NUM_CATEGORY : 40
2023-09-26 10:21:04,867 - fewshot_modelnet_non_linear_classification - INFO - config.dataset.test._base_.USE_NORMALS : False
2023-09-26 10:21:04,867 - fewshot_modelnet_non_linear_classification - INFO - config.dataset.test.others = edict()
2023-09-26 10:21:04,867 - fewshot_modelnet_non_linear_classification - INFO - config.dataset.test.others.subset : test
2023-09-26 10:21:04,867 - fewshot_modelnet_non_linear_classification - INFO - config.dataset.test.others.bs : 32
2023-09-26 10:21:04,867 - fewshot_modelnet_non_linear_classification - INFO - config.model = edict()
2023-09-26 10:21:04,867 - fewshot_modelnet_non_linear_classification - INFO - config.model.NAME : PointTransformer
2023-09-26 10:21:04,867 - fewshot_modelnet_non_linear_classification - INFO - config.model.trans_dim : 384
2023-09-26 10:21:04,867 - fewshot_modelnet_non_linear_classification - INFO - config.model.depth : 12
2023-09-26 10:21:04,867 - fewshot_modelnet_non_linear_classification - INFO - config.model.drop_path_rate : 0.1
2023-09-26 10:21:04,867 - fewshot_modelnet_non_linear_classification - INFO - config.model.cls_dim : 40
2023-09-26 10:21:04,868 - fewshot_modelnet_non_linear_classification - INFO - config.model.num_heads : 6
2023-09-26 10:21:04,868 - fewshot_modelnet_non_linear_classification - INFO - config.model.group_size : 32
2023-09-26 10:21:04,868 - fewshot_modelnet_non_linear_classification - INFO - config.model.num_group : 64
2023-09-26 10:21:04,868 - fewshot_modelnet_non_linear_classification - INFO - config.model.encoder_dims : 384
2023-09-26 10:21:04,868 - fewshot_modelnet_non_linear_classification - INFO - config.npoints : 1024
2023-09-26 10:21:04,868 - fewshot_modelnet_non_linear_classification - INFO - config.total_bs : 32
2023-09-26 10:21:04,868 - fewshot_modelnet_non_linear_classification - INFO - config.step_per_update : 1
2023-09-26 10:21:04,868 - fewshot_modelnet_non_linear_classification - INFO - config.max_epoch : 150
2023-09-26 10:21:04,868 - fewshot_modelnet_non_linear_classification - INFO - config.grad_norm_clip : 10
2023-09-26 10:21:04,868 - fewshot_modelnet_non_linear_classification - INFO - Distributed training: False
2023-09-26 10:21:04,868 - fewshot_modelnet_non_linear_classification - INFO - Set random seed to 0, deterministic: False
2023-09-26 10:21:07,393 - fewshot_modelnet_non_linear_classification - INFO - Using Data parallel ...
2023-09-26 10:21:12,814 - fewshot_modelnet_non_linear_classification - INFO - [Training] EPOCH: 0 EpochTime = 5.416 (s) Losses = ['3.7039', '2.0833'] lr = 0.000001
2023-09-26 10:21:13,296 - fewshot_modelnet_non_linear_classification - INFO - Save checkpoint at ./experiments/fewshot_modelnet_non_linear_classification/cfgs/add_as_normal/ckpt-last.pth
2023-09-26 10:21:14,669 - fewshot_modelnet_non_linear_classification - INFO - [Training] EPOCH: 1 EpochTime = 1.371 (s) Losses = ['3.7661', '2.0833'] lr = 0.000071
2023-09-26 10:21:17,269 - fewshot_modelnet_non_linear_classification - INFO - [Validation] EPOCH: 1  acc = 1.0000
2023-09-26 10:21:17,781 - fewshot_modelnet_non_linear_classification - INFO - Save checkpoint at ./experiments/fewshot_modelnet_non_linear_classification/cfgs/add_as_normal/ckpt-best.pth
2023-09-26 10:21:17,781 - fewshot_modelnet_non_linear_classification - INFO - --------------------------------------------------------------------------------------------
2023-09-26 10:21:18,260 - fewshot_modelnet_non_linear_classification - INFO - Save checkpoint at ./experiments/fewshot_modelnet_non_linear_classification/cfgs/add_as_normal/ckpt-last.pth
2023-09-26 10:21:19,590 - fewshot_modelnet_non_linear_classification - INFO - [Training] EPOCH: 2 EpochTime = 1.328 (s) Losses = ['3.8020', '2.0833'] lr = 0.000141
2023-09-26 10:21:20,630 - fewshot_modelnet_non_linear_classification - INFO - [Validation] EPOCH: 2  acc = 1.0000
2023-09-26 10:21:21,146 - fewshot_modelnet_non_linear_classification - INFO - Save checkpoint at ./experiments/fewshot_modelnet_non_linear_classification/cfgs/add_as_normal/ckpt-last.pth
2023-09-26 10:21:22,457 - fewshot_modelnet_non_linear_classification - INFO - [Training] EPOCH: 3 EpochTime = 1.309 (s) Losses = ['3.6506', '3.1250'] lr = 0.000211
2023-09-26 10:21:23,519 - fewshot_modelnet_non_linear_classification - INFO - [Validation] EPOCH: 3  acc = 11.0000
2023-09-26 10:21:24,004 - fewshot_modelnet_non_linear_classification - INFO - Save checkpoint at ./experiments/fewshot_modelnet_non_linear_classification/cfgs/add_as_normal/ckpt-best.pth
2023-09-26 10:21:24,005 - fewshot_modelnet_non_linear_classification - INFO - --------------------------------------------------------------------------------------------
2023-09-26 10:21:24,509 - fewshot_modelnet_non_linear_classification - INFO - Save checkpoint at ./experiments/fewshot_modelnet_non_linear_classification/cfgs/add_as_normal/ckpt-last.pth
2023-09-26 10:21:25,869 - fewshot_modelnet_non_linear_classification - INFO - [Training] EPOCH: 4 EpochTime = 1.358 (s) Losses = ['3.3513', '12.5000'] lr = 0.000281
2023-09-26 10:21:26,988 - fewshot_modelnet_non_linear_classification - INFO - [Validation] EPOCH: 4  acc = 34.0000
2023-09-26 10:21:27,495 - fewshot_modelnet_non_linear_classification - INFO - Save checkpoint at ./experiments/fewshot_modelnet_non_linear_classification/cfgs/add_as_normal/ckpt-best.pth
2023-09-26 10:21:27,496 - fewshot_modelnet_non_linear_classification - INFO - --------------------------------------------------------------------------------------------
2023-09-26 10:21:27,970 - fewshot_modelnet_non_linear_classification - INFO - Save checkpoint at ./experiments/fewshot_modelnet_non_linear_classification/cfgs/add_as_normal/ckpt-last.pth
2023-09-26 10:21:29,389 - fewshot_modelnet_non_linear_classification - INFO - [Training] EPOCH: 5 EpochTime = 1.417 (s) Losses = ['3.2032', '21.8750'] lr = 0.000351
2023-09-26 10:21:30,590 - fewshot_modelnet_non_linear_classification - INFO - [Validation] EPOCH: 5  acc = 48.0000
2023-09-26 10:21:31,108 - fewshot_modelnet_non_linear_classification - INFO - Save checkpoint at ./experiments/fewshot_modelnet_non_linear_classification/cfgs/add_as_normal/ckpt-best.pth
2023-09-26 10:21:31,108 - fewshot_modelnet_non_linear_classification - INFO - --------------------------------------------------------------------------------------------
2023-09-26 10:21:31,616 - fewshot_modelnet_non_linear_classification - INFO - Save checkpoint at ./experiments/fewshot_modelnet_non_linear_classification/cfgs/add_as_normal/ckpt-last.pth
2023-09-26 10:21:33,051 - fewshot_modelnet_non_linear_classification - INFO - [Training] EPOCH: 6 EpochTime = 1.433 (s) Losses = ['2.7891', '48.9583'] lr = 0.000420
2023-09-26 10:21:34,155 - fewshot_modelnet_non_linear_classification - INFO - [Validation] EPOCH: 6  acc = 68.0000
2023-09-26 10:21:34,636 - fewshot_modelnet_non_linear_classification - INFO - Save checkpoint at ./experiments/fewshot_modelnet_non_linear_classification/cfgs/add_as_normal/ckpt-best.pth
2023-09-26 10:21:34,636 - fewshot_modelnet_non_linear_classification - INFO - --------------------------------------------------------------------------------------------
2023-09-26 10:21:35,133 - fewshot_modelnet_non_linear_classification - INFO - Save checkpoint at ./experiments/fewshot_modelnet_non_linear_classification/cfgs/add_as_normal/ckpt-last.pth
2023-09-26 10:21:36,458 - fewshot_modelnet_non_linear_classification - INFO - [Training] EPOCH: 7 EpochTime = 1.324 (s) Losses = ['2.4600', '61.4583'] lr = 0.000490
2023-09-26 10:21:37,651 - fewshot_modelnet_non_linear_classification - INFO - [Validation] EPOCH: 7  acc = 75.0000
2023-09-26 10:21:38,149 - fewshot_modelnet_non_linear_classification - INFO - Save checkpoint at ./experiments/fewshot_modelnet_non_linear_classification/cfgs/add_as_normal/ckpt-best.pth
2023-09-26 10:21:38,149 - fewshot_modelnet_non_linear_classification - INFO - --------------------------------------------------------------------------------------------
2023-09-26 10:21:38,760 - fewshot_modelnet_non_linear_classification - INFO - Save checkpoint at ./experiments/fewshot_modelnet_non_linear_classification/cfgs/add_as_normal/ckpt-last.pth
2023-09-26 10:21:40,109 - fewshot_modelnet_non_linear_classification - INFO - [Training] EPOCH: 8 EpochTime = 1.347 (s) Losses = ['2.0893', '73.9583'] lr = 0.000560
2023-09-26 10:21:41,214 - fewshot_modelnet_non_linear_classification - INFO - [Validation] EPOCH: 8  acc = 73.0000
2023-09-26 10:21:41,875 - fewshot_modelnet_non_linear_classification - INFO - Save checkpoint at ./experiments/fewshot_modelnet_non_linear_classification/cfgs/add_as_normal/ckpt-last.pth
2023-09-26 10:21:43,233 - fewshot_modelnet_non_linear_classification - INFO - [Training] EPOCH: 9 EpochTime = 1.356 (s) Losses = ['1.7792', '78.1250'] lr = 0.000630
2023-09-26 10:21:44,391 - fewshot_modelnet_non_linear_classification - INFO - [Validation] EPOCH: 9  acc = 73.0000
2023-09-26 10:21:44,965 - fewshot_modelnet_non_linear_classification - INFO - Save checkpoint at ./experiments/fewshot_modelnet_non_linear_classification/cfgs/add_as_normal/ckpt-last.pth
2023-09-26 10:21:46,427 - fewshot_modelnet_non_linear_classification - INFO - [Training] EPOCH: 10 EpochTime = 1.460 (s) Losses = ['1.5162', '80.2083'] lr = 0.000692
2023-09-26 10:21:47,523 - fewshot_modelnet_non_linear_classification - INFO - [Validation] EPOCH: 10  acc = 73.0000
2023-09-26 10:21:48,052 - fewshot_modelnet_non_linear_classification - INFO - Save checkpoint at ./experiments/fewshot_modelnet_non_linear_classification/cfgs/add_as_normal/ckpt-last.pth
2023-09-26 10:21:49,333 - fewshot_modelnet_non_linear_classification - INFO - [Training] EPOCH: 11 EpochTime = 1.280 (s) Losses = ['1.2238', '87.5000'] lr = 0.000691
2023-09-26 10:21:50,391 - fewshot_modelnet_non_linear_classification - INFO - [Validation] EPOCH: 11  acc = 73.0000
2023-09-26 10:21:50,907 - fewshot_modelnet_non_linear_classification - INFO - Save checkpoint at ./experiments/fewshot_modelnet_non_linear_classification/cfgs/add_as_normal/ckpt-last.pth
2023-09-26 10:21:52,219 - fewshot_modelnet_non_linear_classification - INFO - [Training] EPOCH: 12 EpochTime = 1.310 (s) Losses = ['1.0725', '84.3750'] lr = 0.000689
2023-09-26 10:21:53,338 - fewshot_modelnet_non_linear_classification - INFO - [Validation] EPOCH: 12  acc = 77.0000
2023-09-26 10:21:53,919 - fewshot_modelnet_non_linear_classification - INFO - Save checkpoint at ./experiments/fewshot_modelnet_non_linear_classification/cfgs/add_as_normal/ckpt-best.pth
2023-09-26 10:21:53,919 - fewshot_modelnet_non_linear_classification - INFO - --------------------------------------------------------------------------------------------
2023-09-26 10:21:54,433 - fewshot_modelnet_non_linear_classification - INFO - Save checkpoint at ./experiments/fewshot_modelnet_non_linear_classification/cfgs/add_as_normal/ckpt-last.pth
2023-09-26 10:21:55,797 - fewshot_modelnet_non_linear_classification - INFO - [Training] EPOCH: 13 EpochTime = 1.361 (s) Losses = ['0.8008', '89.5833'] lr = 0.000687
2023-09-26 10:21:56,955 - fewshot_modelnet_non_linear_classification - INFO - [Validation] EPOCH: 13  acc = 81.0000
2023-09-26 10:21:57,510 - fewshot_modelnet_non_linear_classification - INFO - Save checkpoint at ./experiments/fewshot_modelnet_non_linear_classification/cfgs/add_as_normal/ckpt-best.pth
2023-09-26 10:21:57,511 - fewshot_modelnet_non_linear_classification - INFO - --------------------------------------------------------------------------------------------
2023-09-26 10:21:58,010 - fewshot_modelnet_non_linear_classification - INFO - Save checkpoint at ./experiments/fewshot_modelnet_non_linear_classification/cfgs/add_as_normal/ckpt-last.pth
2023-09-26 10:21:59,502 - fewshot_modelnet_non_linear_classification - INFO - [Training] EPOCH: 14 EpochTime = 1.489 (s) Losses = ['0.7251', '89.5833'] lr = 0.000685
2023-09-26 10:22:00,557 - fewshot_modelnet_non_linear_classification - INFO - [Validation] EPOCH: 14  acc = 82.0000
2023-09-26 10:22:01,059 - fewshot_modelnet_non_linear_classification - INFO - Save checkpoint at ./experiments/fewshot_modelnet_non_linear_classification/cfgs/add_as_normal/ckpt-best.pth
2023-09-26 10:22:01,059 - fewshot_modelnet_non_linear_classification - INFO - --------------------------------------------------------------------------------------------
2023-09-26 10:22:01,520 - fewshot_modelnet_non_linear_classification - INFO - Save checkpoint at ./experiments/fewshot_modelnet_non_linear_classification/cfgs/add_as_normal/ckpt-last.pth
2023-09-26 10:22:02,932 - fewshot_modelnet_non_linear_classification - INFO - [Training] EPOCH: 15 EpochTime = 1.410 (s) Losses = ['0.5504', '93.7500'] lr = 0.000683
2023-09-26 10:22:03,975 - fewshot_modelnet_non_linear_classification - INFO - [Validation] EPOCH: 15  acc = 84.0000
2023-09-26 10:22:04,486 - fewshot_modelnet_non_linear_classification - INFO - Save checkpoint at ./experiments/fewshot_modelnet_non_linear_classification/cfgs/add_as_normal/ckpt-best.pth
2023-09-26 10:22:04,487 - fewshot_modelnet_non_linear_classification - INFO - --------------------------------------------------------------------------------------------
2023-09-26 10:22:05,072 - fewshot_modelnet_non_linear_classification - INFO - Save checkpoint at ./experiments/fewshot_modelnet_non_linear_classification/cfgs/add_as_normal/ckpt-last.pth
2023-09-26 10:22:06,431 - fewshot_modelnet_non_linear_classification - INFO - [Training] EPOCH: 16 EpochTime = 1.357 (s) Losses = ['0.4505', '96.8750'] lr = 0.000681
2023-09-26 10:22:07,531 - fewshot_modelnet_non_linear_classification - INFO - [Validation] EPOCH: 16  acc = 87.0000
2023-09-26 10:22:08,039 - fewshot_modelnet_non_linear_classification - INFO - Save checkpoint at ./experiments/fewshot_modelnet_non_linear_classification/cfgs/add_as_normal/ckpt-best.pth
2023-09-26 10:22:08,040 - fewshot_modelnet_non_linear_classification - INFO - --------------------------------------------------------------------------------------------
2023-09-26 10:22:08,735 - fewshot_modelnet_non_linear_classification - INFO - Save checkpoint at ./experiments/fewshot_modelnet_non_linear_classification/cfgs/add_as_normal/ckpt-last.pth
2023-09-26 10:22:10,138 - fewshot_modelnet_non_linear_classification - INFO - [Training] EPOCH: 17 EpochTime = 1.402 (s) Losses = ['0.4013', '95.8333'] lr = 0.000678
2023-09-26 10:22:11,224 - fewshot_modelnet_non_linear_classification - INFO - [Validation] EPOCH: 17  acc = 87.0000
2023-09-26 10:22:11,764 - fewshot_modelnet_non_linear_classification - INFO - Save checkpoint at ./experiments/fewshot_modelnet_non_linear_classification/cfgs/add_as_normal/ckpt-last.pth
2023-09-26 10:22:13,154 - fewshot_modelnet_non_linear_classification - INFO - [Training] EPOCH: 18 EpochTime = 1.388 (s) Losses = ['0.3250', '97.9167'] lr = 0.000675
2023-09-26 10:22:14,195 - fewshot_modelnet_non_linear_classification - INFO - [Validation] EPOCH: 18  acc = 89.0000
2023-09-26 10:22:14,744 - fewshot_modelnet_non_linear_classification - INFO - Save checkpoint at ./experiments/fewshot_modelnet_non_linear_classification/cfgs/add_as_normal/ckpt-best.pth
2023-09-26 10:22:14,745 - fewshot_modelnet_non_linear_classification - INFO - --------------------------------------------------------------------------------------------
2023-09-26 10:22:15,232 - fewshot_modelnet_non_linear_classification - INFO - Save checkpoint at ./experiments/fewshot_modelnet_non_linear_classification/cfgs/add_as_normal/ckpt-last.pth
2023-09-26 10:22:16,637 - fewshot_modelnet_non_linear_classification - INFO - [Training] EPOCH: 19 EpochTime = 1.404 (s) Losses = ['0.2896', '98.9583'] lr = 0.000673
2023-09-26 10:22:17,775 - fewshot_modelnet_non_linear_classification - INFO - [Validation] EPOCH: 19  acc = 91.0000
2023-09-26 10:22:18,807 - fewshot_modelnet_non_linear_classification - INFO - Save checkpoint at ./experiments/fewshot_modelnet_non_linear_classification/cfgs/add_as_normal/ckpt-best.pth
2023-09-26 10:22:18,807 - fewshot_modelnet_non_linear_classification - INFO - --------------------------------------------------------------------------------------------
2023-09-26 10:22:19,720 - fewshot_modelnet_non_linear_classification - INFO - Save checkpoint at ./experiments/fewshot_modelnet_non_linear_classification/cfgs/add_as_normal/ckpt-last.pth
2023-09-26 10:22:21,080 - fewshot_modelnet_non_linear_classification - INFO - [Training] EPOCH: 20 EpochTime = 1.358 (s) Losses = ['0.2907', '96.8750'] lr = 0.000670
2023-09-26 10:22:22,123 - fewshot_modelnet_non_linear_classification - INFO - [Validation] EPOCH: 20  acc = 94.0000
2023-09-26 10:22:22,617 - fewshot_modelnet_non_linear_classification - INFO - Save checkpoint at ./experiments/fewshot_modelnet_non_linear_classification/cfgs/add_as_normal/ckpt-best.pth
2023-09-26 10:22:22,617 - fewshot_modelnet_non_linear_classification - INFO - --------------------------------------------------------------------------------------------
2023-09-26 10:22:23,145 - fewshot_modelnet_non_linear_classification - INFO - Save checkpoint at ./experiments/fewshot_modelnet_non_linear_classification/cfgs/add_as_normal/ckpt-last.pth
2023-09-26 10:22:24,491 - fewshot_modelnet_non_linear_classification - INFO - [Training] EPOCH: 21 EpochTime = 1.344 (s) Losses = ['0.2394', '96.8750'] lr = 0.000667
2023-09-26 10:22:25,556 - fewshot_modelnet_non_linear_classification - INFO - [Validation] EPOCH: 21  acc = 94.0000
2023-09-26 10:22:26,086 - fewshot_modelnet_non_linear_classification - INFO - Save checkpoint at ./experiments/fewshot_modelnet_non_linear_classification/cfgs/add_as_normal/ckpt-last.pth
2023-09-26 10:22:27,472 - fewshot_modelnet_non_linear_classification - INFO - [Training] EPOCH: 22 EpochTime = 1.384 (s) Losses = ['0.3087', '95.8333'] lr = 0.000664
2023-09-26 10:22:28,531 - fewshot_modelnet_non_linear_classification - INFO - [Validation] EPOCH: 22  acc = 94.0000
2023-09-26 10:22:29,076 - fewshot_modelnet_non_linear_classification - INFO - Save checkpoint at ./experiments/fewshot_modelnet_non_linear_classification/cfgs/add_as_normal/ckpt-last.pth
2023-09-26 10:22:30,412 - fewshot_modelnet_non_linear_classification - INFO - [Training] EPOCH: 23 EpochTime = 1.334 (s) Losses = ['0.2170', '97.9167'] lr = 0.000660
2023-09-26 10:22:31,446 - fewshot_modelnet_non_linear_classification - INFO - [Validation] EPOCH: 23  acc = 94.0000
2023-09-26 10:22:31,932 - fewshot_modelnet_non_linear_classification - INFO - Save checkpoint at ./experiments/fewshot_modelnet_non_linear_classification/cfgs/add_as_normal/ckpt-last.pth
2023-09-26 10:22:33,249 - fewshot_modelnet_non_linear_classification - INFO - [Training] EPOCH: 24 EpochTime = 1.315 (s) Losses = ['0.2262', '95.8333'] lr = 0.000657
2023-09-26 10:22:34,290 - fewshot_modelnet_non_linear_classification - INFO - [Validation] EPOCH: 24  acc = 94.0000
2023-09-26 10:22:34,864 - fewshot_modelnet_non_linear_classification - INFO - Save checkpoint at ./experiments/fewshot_modelnet_non_linear_classification/cfgs/add_as_normal/ckpt-last.pth
2023-09-26 10:22:36,227 - fewshot_modelnet_non_linear_classification - INFO - [Training] EPOCH: 25 EpochTime = 1.362 (s) Losses = ['0.2179', '94.7917'] lr = 0.000653
2023-09-26 10:22:37,367 - fewshot_modelnet_non_linear_classification - INFO - [Validation] EPOCH: 25  acc = 94.0000
2023-09-26 10:22:37,902 - fewshot_modelnet_non_linear_classification - INFO - Save checkpoint at ./experiments/fewshot_modelnet_non_linear_classification/cfgs/add_as_normal/ckpt-last.pth
2023-09-26 10:22:39,200 - fewshot_modelnet_non_linear_classification - INFO - [Training] EPOCH: 26 EpochTime = 1.295 (s) Losses = ['0.1820', '98.9583'] lr = 0.000649
2023-09-26 10:22:40,406 - fewshot_modelnet_non_linear_classification - INFO - [Validation] EPOCH: 26  acc = 94.0000
2023-09-26 10:22:40,925 - fewshot_modelnet_non_linear_classification - INFO - Save checkpoint at ./experiments/fewshot_modelnet_non_linear_classification/cfgs/add_as_normal/ckpt-last.pth
2023-09-26 10:22:42,315 - fewshot_modelnet_non_linear_classification - INFO - [Training] EPOCH: 27 EpochTime = 1.388 (s) Losses = ['0.1766', '97.9167'] lr = 0.000646
2023-09-26 10:22:43,400 - fewshot_modelnet_non_linear_classification - INFO - [Validation] EPOCH: 27  acc = 94.0000
2023-09-26 10:22:43,934 - fewshot_modelnet_non_linear_classification - INFO - Save checkpoint at ./experiments/fewshot_modelnet_non_linear_classification/cfgs/add_as_normal/ckpt-last.pth
2023-09-26 10:22:45,439 - fewshot_modelnet_non_linear_classification - INFO - [Training] EPOCH: 28 EpochTime = 1.503 (s) Losses = ['0.1836', '97.9167'] lr = 0.000642
2023-09-26 10:22:46,532 - fewshot_modelnet_non_linear_classification - INFO - [Validation] EPOCH: 28  acc = 94.0000
2023-09-26 10:22:47,021 - fewshot_modelnet_non_linear_classification - INFO - Save checkpoint at ./experiments/fewshot_modelnet_non_linear_classification/cfgs/add_as_normal/ckpt-last.pth
2023-09-26 10:22:48,404 - fewshot_modelnet_non_linear_classification - INFO - [Training] EPOCH: 29 EpochTime = 1.382 (s) Losses = ['0.1390', '98.9583'] lr = 0.000637
2023-09-26 10:22:49,617 - fewshot_modelnet_non_linear_classification - INFO - [Validation] EPOCH: 29  acc = 94.0000
2023-09-26 10:22:50,162 - fewshot_modelnet_non_linear_classification - INFO - Save checkpoint at ./experiments/fewshot_modelnet_non_linear_classification/cfgs/add_as_normal/ckpt-last.pth
2023-09-26 10:22:51,572 - fewshot_modelnet_non_linear_classification - INFO - [Training] EPOCH: 30 EpochTime = 1.408 (s) Losses = ['0.1494', '97.9167'] lr = 0.000633
2023-09-26 10:22:52,603 - fewshot_modelnet_non_linear_classification - INFO - [Validation] EPOCH: 30  acc = 95.0000
2023-09-26 10:22:53,128 - fewshot_modelnet_non_linear_classification - INFO - Save checkpoint at ./experiments/fewshot_modelnet_non_linear_classification/cfgs/add_as_normal/ckpt-best.pth
2023-09-26 10:22:53,128 - fewshot_modelnet_non_linear_classification - INFO - --------------------------------------------------------------------------------------------
2023-09-26 10:22:53,663 - fewshot_modelnet_non_linear_classification - INFO - Save checkpoint at ./experiments/fewshot_modelnet_non_linear_classification/cfgs/add_as_normal/ckpt-last.pth
2023-09-26 10:22:54,982 - fewshot_modelnet_non_linear_classification - INFO - [Training] EPOCH: 31 EpochTime = 1.317 (s) Losses = ['0.1329', '97.9167'] lr = 0.000629
2023-09-26 10:22:56,039 - fewshot_modelnet_non_linear_classification - INFO - [Validation] EPOCH: 31  acc = 96.0000
2023-09-26 10:22:56,526 - fewshot_modelnet_non_linear_classification - INFO - Save checkpoint at ./experiments/fewshot_modelnet_non_linear_classification/cfgs/add_as_normal/ckpt-best.pth
2023-09-26 10:22:56,526 - fewshot_modelnet_non_linear_classification - INFO - --------------------------------------------------------------------------------------------
2023-09-26 10:22:57,013 - fewshot_modelnet_non_linear_classification - INFO - Save checkpoint at ./experiments/fewshot_modelnet_non_linear_classification/cfgs/add_as_normal/ckpt-last.pth
2023-09-26 10:22:58,424 - fewshot_modelnet_non_linear_classification - INFO - [Training] EPOCH: 32 EpochTime = 1.409 (s) Losses = ['0.1214', '97.9167'] lr = 0.000624
2023-09-26 10:22:59,627 - fewshot_modelnet_non_linear_classification - INFO - [Validation] EPOCH: 32  acc = 95.0000
2023-09-26 10:23:00,144 - fewshot_modelnet_non_linear_classification - INFO - Save checkpoint at ./experiments/fewshot_modelnet_non_linear_classification/cfgs/add_as_normal/ckpt-last.pth
2023-09-26 10:23:01,539 - fewshot_modelnet_non_linear_classification - INFO - [Training] EPOCH: 33 EpochTime = 1.394 (s) Losses = ['0.1039', '100.0000'] lr = 0.000620
2023-09-26 10:23:02,576 - fewshot_modelnet_non_linear_classification - INFO - [Validation] EPOCH: 33  acc = 95.0000
2023-09-26 10:23:03,105 - fewshot_modelnet_non_linear_classification - INFO - Save checkpoint at ./experiments/fewshot_modelnet_non_linear_classification/cfgs/add_as_normal/ckpt-last.pth
2023-09-26 10:23:04,456 - fewshot_modelnet_non_linear_classification - INFO - [Training] EPOCH: 34 EpochTime = 1.349 (s) Losses = ['0.0894', '98.9583'] lr = 0.000615
2023-09-26 10:23:05,619 - fewshot_modelnet_non_linear_classification - INFO - [Validation] EPOCH: 34  acc = 95.0000
2023-09-26 10:23:06,100 - fewshot_modelnet_non_linear_classification - INFO - Save checkpoint at ./experiments/fewshot_modelnet_non_linear_classification/cfgs/add_as_normal/ckpt-last.pth
2023-09-26 10:23:07,461 - fewshot_modelnet_non_linear_classification - INFO - [Training] EPOCH: 35 EpochTime = 1.359 (s) Losses = ['0.1299', '97.9167'] lr = 0.000610
2023-09-26 10:23:08,561 - fewshot_modelnet_non_linear_classification - INFO - [Validation] EPOCH: 35  acc = 95.0000
2023-09-26 10:23:09,146 - fewshot_modelnet_non_linear_classification - INFO - Save checkpoint at ./experiments/fewshot_modelnet_non_linear_classification/cfgs/add_as_normal/ckpt-last.pth
2023-09-26 10:23:10,519 - fewshot_modelnet_non_linear_classification - INFO - [Training] EPOCH: 36 EpochTime = 1.372 (s) Losses = ['0.0980', '98.9583'] lr = 0.000605
2023-09-26 10:23:11,666 - fewshot_modelnet_non_linear_classification - INFO - [Validation] EPOCH: 36  acc = 94.0000
2023-09-26 10:23:12,191 - fewshot_modelnet_non_linear_classification - INFO - Save checkpoint at ./experiments/fewshot_modelnet_non_linear_classification/cfgs/add_as_normal/ckpt-last.pth
2023-09-26 10:23:13,500 - fewshot_modelnet_non_linear_classification - INFO - [Training] EPOCH: 37 EpochTime = 1.308 (s) Losses = ['0.0963', '97.9167'] lr = 0.000600
2023-09-26 10:23:14,535 - fewshot_modelnet_non_linear_classification - INFO - [Validation] EPOCH: 37  acc = 95.0000
2023-09-26 10:23:15,037 - fewshot_modelnet_non_linear_classification - INFO - Save checkpoint at ./experiments/fewshot_modelnet_non_linear_classification/cfgs/add_as_normal/ckpt-last.pth
2023-09-26 10:23:16,382 - fewshot_modelnet_non_linear_classification - INFO - [Training] EPOCH: 38 EpochTime = 1.342 (s) Losses = ['0.0718', '98.9583'] lr = 0.000595
2023-09-26 10:23:17,473 - fewshot_modelnet_non_linear_classification - INFO - [Validation] EPOCH: 38  acc = 95.0000
2023-09-26 10:23:17,933 - fewshot_modelnet_non_linear_classification - INFO - Save checkpoint at ./experiments/fewshot_modelnet_non_linear_classification/cfgs/add_as_normal/ckpt-last.pth
2023-09-26 10:23:19,278 - fewshot_modelnet_non_linear_classification - INFO - [Training] EPOCH: 39 EpochTime = 1.343 (s) Losses = ['0.0880', '100.0000'] lr = 0.000590
2023-09-26 10:23:20,363 - fewshot_modelnet_non_linear_classification - INFO - [Validation] EPOCH: 39  acc = 95.0000
2023-09-26 10:23:20,905 - fewshot_modelnet_non_linear_classification - INFO - Save checkpoint at ./experiments/fewshot_modelnet_non_linear_classification/cfgs/add_as_normal/ckpt-last.pth
2023-09-26 10:23:22,279 - fewshot_modelnet_non_linear_classification - INFO - [Training] EPOCH: 40 EpochTime = 1.371 (s) Losses = ['0.0859', '97.9167'] lr = 0.000584
2023-09-26 10:23:23,453 - fewshot_modelnet_non_linear_classification - INFO - [Validation] EPOCH: 40  acc = 95.0000
2023-09-26 10:23:23,952 - fewshot_modelnet_non_linear_classification - INFO - Save checkpoint at ./experiments/fewshot_modelnet_non_linear_classification/cfgs/add_as_normal/ckpt-last.pth
2023-09-26 10:23:25,321 - fewshot_modelnet_non_linear_classification - INFO - [Training] EPOCH: 41 EpochTime = 1.367 (s) Losses = ['0.1014', '100.0000'] lr = 0.000579
2023-09-26 10:23:26,369 - fewshot_modelnet_non_linear_classification - INFO - [Validation] EPOCH: 41  acc = 95.0000
2023-09-26 10:23:26,837 - fewshot_modelnet_non_linear_classification - INFO - Save checkpoint at ./experiments/fewshot_modelnet_non_linear_classification/cfgs/add_as_normal/ckpt-last.pth
2023-09-26 10:23:28,220 - fewshot_modelnet_non_linear_classification - INFO - [Training] EPOCH: 42 EpochTime = 1.382 (s) Losses = ['0.0961', '100.0000'] lr = 0.000573
2023-09-26 10:23:29,330 - fewshot_modelnet_non_linear_classification - INFO - [Validation] EPOCH: 42  acc = 95.0000
2023-09-26 10:23:29,821 - fewshot_modelnet_non_linear_classification - INFO - Save checkpoint at ./experiments/fewshot_modelnet_non_linear_classification/cfgs/add_as_normal/ckpt-last.pth
2023-09-26 10:23:31,167 - fewshot_modelnet_non_linear_classification - INFO - [Training] EPOCH: 43 EpochTime = 1.344 (s) Losses = ['0.0815', '98.9583'] lr = 0.000568
2023-09-26 10:23:32,298 - fewshot_modelnet_non_linear_classification - INFO - [Validation] EPOCH: 43  acc = 95.0000
2023-09-26 10:23:32,775 - fewshot_modelnet_non_linear_classification - INFO - Save checkpoint at ./experiments/fewshot_modelnet_non_linear_classification/cfgs/add_as_normal/ckpt-last.pth
2023-09-26 10:23:34,074 - fewshot_modelnet_non_linear_classification - INFO - [Training] EPOCH: 44 EpochTime = 1.298 (s) Losses = ['0.0735', '97.9167'] lr = 0.000562
2023-09-26 10:23:35,188 - fewshot_modelnet_non_linear_classification - INFO - [Validation] EPOCH: 44  acc = 95.0000
2023-09-26 10:23:35,685 - fewshot_modelnet_non_linear_classification - INFO - Save checkpoint at ./experiments/fewshot_modelnet_non_linear_classification/cfgs/add_as_normal/ckpt-last.pth
2023-09-26 10:23:37,030 - fewshot_modelnet_non_linear_classification - INFO - [Training] EPOCH: 45 EpochTime = 1.343 (s) Losses = ['0.0529', '100.0000'] lr = 0.000556
2023-09-26 10:23:38,111 - fewshot_modelnet_non_linear_classification - INFO - [Validation] EPOCH: 45  acc = 95.0000
2023-09-26 10:23:38,622 - fewshot_modelnet_non_linear_classification - INFO - Save checkpoint at ./experiments/fewshot_modelnet_non_linear_classification/cfgs/add_as_normal/ckpt-last.pth
2023-09-26 10:23:39,943 - fewshot_modelnet_non_linear_classification - INFO - [Training] EPOCH: 46 EpochTime = 1.320 (s) Losses = ['0.0570', '98.9583'] lr = 0.000550
2023-09-26 10:23:40,983 - fewshot_modelnet_non_linear_classification - INFO - [Validation] EPOCH: 46  acc = 96.0000
2023-09-26 10:23:41,536 - fewshot_modelnet_non_linear_classification - INFO - Save checkpoint at ./experiments/fewshot_modelnet_non_linear_classification/cfgs/add_as_normal/ckpt-last.pth
2023-09-26 10:23:42,930 - fewshot_modelnet_non_linear_classification - INFO - [Training] EPOCH: 47 EpochTime = 1.392 (s) Losses = ['0.0701', '100.0000'] lr = 0.000544
2023-09-26 10:23:43,985 - fewshot_modelnet_non_linear_classification - INFO - [Validation] EPOCH: 47  acc = 96.0000
2023-09-26 10:23:44,510 - fewshot_modelnet_non_linear_classification - INFO - Save checkpoint at ./experiments/fewshot_modelnet_non_linear_classification/cfgs/add_as_normal/ckpt-last.pth
2023-09-26 10:23:45,799 - fewshot_modelnet_non_linear_classification - INFO - [Training] EPOCH: 48 EpochTime = 1.286 (s) Losses = ['0.1026', '97.9167'] lr = 0.000538
2023-09-26 10:23:46,853 - fewshot_modelnet_non_linear_classification - INFO - [Validation] EPOCH: 48  acc = 96.0000
2023-09-26 10:23:47,351 - fewshot_modelnet_non_linear_classification - INFO - Save checkpoint at ./experiments/fewshot_modelnet_non_linear_classification/cfgs/add_as_normal/ckpt-last.pth
2023-09-26 10:23:48,652 - fewshot_modelnet_non_linear_classification - INFO - [Training] EPOCH: 49 EpochTime = 1.299 (s) Losses = ['0.0872', '98.9583'] lr = 0.000532
2023-09-26 10:23:49,778 - fewshot_modelnet_non_linear_classification - INFO - [Validation] EPOCH: 49  acc = 96.0000
2023-09-26 10:23:50,256 - fewshot_modelnet_non_linear_classification - INFO - Save checkpoint at ./experiments/fewshot_modelnet_non_linear_classification/cfgs/add_as_normal/ckpt-last.pth
2023-09-26 10:23:51,603 - fewshot_modelnet_non_linear_classification - INFO - [Training] EPOCH: 50 EpochTime = 1.345 (s) Losses = ['0.0452', '100.0000'] lr = 0.000525
2023-09-26 10:23:52,968 - fewshot_modelnet_non_linear_classification - INFO - [Validation] EPOCH: 50  acc = 96.0000
2023-09-26 10:23:53,433 - fewshot_modelnet_non_linear_classification - INFO - Save checkpoint at ./experiments/fewshot_modelnet_non_linear_classification/cfgs/add_as_normal/ckpt-last.pth
2023-09-26 10:23:54,790 - fewshot_modelnet_non_linear_classification - INFO - [Training] EPOCH: 51 EpochTime = 1.354 (s) Losses = ['0.0916', '98.9583'] lr = 0.000519
2023-09-26 10:23:55,881 - fewshot_modelnet_non_linear_classification - INFO - [Validation] EPOCH: 51  acc = 96.0000
2023-09-26 10:23:56,414 - fewshot_modelnet_non_linear_classification - INFO - Save checkpoint at ./experiments/fewshot_modelnet_non_linear_classification/cfgs/add_as_normal/ckpt-last.pth
2023-09-26 10:23:58,009 - fewshot_modelnet_non_linear_classification - INFO - [Training] EPOCH: 52 EpochTime = 1.592 (s) Losses = ['0.0664', '97.9167'] lr = 0.000512
2023-09-26 10:23:59,121 - fewshot_modelnet_non_linear_classification - INFO - [Validation] EPOCH: 52  acc = 96.0000
2023-09-26 10:23:59,632 - fewshot_modelnet_non_linear_classification - INFO - Save checkpoint at ./experiments/fewshot_modelnet_non_linear_classification/cfgs/add_as_normal/ckpt-last.pth
2023-09-26 10:24:00,943 - fewshot_modelnet_non_linear_classification - INFO - [Training] EPOCH: 53 EpochTime = 1.310 (s) Losses = ['0.0494', '100.0000'] lr = 0.000506
2023-09-26 10:24:01,996 - fewshot_modelnet_non_linear_classification - INFO - [Validation] EPOCH: 53  acc = 96.0000
2023-09-26 10:24:02,495 - fewshot_modelnet_non_linear_classification - INFO - Save checkpoint at ./experiments/fewshot_modelnet_non_linear_classification/cfgs/add_as_normal/ckpt-last.pth
2023-09-26 10:24:03,782 - fewshot_modelnet_non_linear_classification - INFO - [Training] EPOCH: 54 EpochTime = 1.285 (s) Losses = ['0.0769', '100.0000'] lr = 0.000499
2023-09-26 10:24:04,839 - fewshot_modelnet_non_linear_classification - INFO - [Validation] EPOCH: 54  acc = 96.0000
2023-09-26 10:24:05,393 - fewshot_modelnet_non_linear_classification - INFO - Save checkpoint at ./experiments/fewshot_modelnet_non_linear_classification/cfgs/add_as_normal/ckpt-last.pth
2023-09-26 10:24:06,687 - fewshot_modelnet_non_linear_classification - INFO - [Training] EPOCH: 55 EpochTime = 1.293 (s) Losses = ['0.0681', '100.0000'] lr = 0.000493
2023-09-26 10:24:07,757 - fewshot_modelnet_non_linear_classification - INFO - [Validation] EPOCH: 55  acc = 96.0000
2023-09-26 10:24:08,368 - fewshot_modelnet_non_linear_classification - INFO - Save checkpoint at ./experiments/fewshot_modelnet_non_linear_classification/cfgs/add_as_normal/ckpt-last.pth
2023-09-26 10:24:09,840 - fewshot_modelnet_non_linear_classification - INFO - [Training] EPOCH: 56 EpochTime = 1.469 (s) Losses = ['0.0411', '100.0000'] lr = 0.000486
2023-09-26 10:24:11,026 - fewshot_modelnet_non_linear_classification - INFO - [Validation] EPOCH: 56  acc = 96.0000
2023-09-26 10:24:11,558 - fewshot_modelnet_non_linear_classification - INFO - Save checkpoint at ./experiments/fewshot_modelnet_non_linear_classification/cfgs/add_as_normal/ckpt-last.pth
2023-09-26 10:24:12,861 - fewshot_modelnet_non_linear_classification - INFO - [Training] EPOCH: 57 EpochTime = 1.301 (s) Losses = ['0.0990', '100.0000'] lr = 0.000479
2023-09-26 10:24:13,919 - fewshot_modelnet_non_linear_classification - INFO - [Validation] EPOCH: 57  acc = 96.0000
2023-09-26 10:24:14,471 - fewshot_modelnet_non_linear_classification - INFO - Save checkpoint at ./experiments/fewshot_modelnet_non_linear_classification/cfgs/add_as_normal/ckpt-last.pth
2023-09-26 10:24:15,800 - fewshot_modelnet_non_linear_classification - INFO - [Training] EPOCH: 58 EpochTime = 1.327 (s) Losses = ['0.0402', '100.0000'] lr = 0.000472
2023-09-26 10:24:16,893 - fewshot_modelnet_non_linear_classification - INFO - [Validation] EPOCH: 58  acc = 96.0000
2023-09-26 10:24:17,359 - fewshot_modelnet_non_linear_classification - INFO - Save checkpoint at ./experiments/fewshot_modelnet_non_linear_classification/cfgs/add_as_normal/ckpt-last.pth
2023-09-26 10:24:18,717 - fewshot_modelnet_non_linear_classification - INFO - [Training] EPOCH: 59 EpochTime = 1.356 (s) Losses = ['0.0316', '100.0000'] lr = 0.000465
2023-09-26 10:24:19,817 - fewshot_modelnet_non_linear_classification - INFO - [Validation] EPOCH: 59  acc = 96.0000
2023-09-26 10:24:20,358 - fewshot_modelnet_non_linear_classification - INFO - Save checkpoint at ./experiments/fewshot_modelnet_non_linear_classification/cfgs/add_as_normal/ckpt-last.pth
2023-09-26 10:24:21,670 - fewshot_modelnet_non_linear_classification - INFO - [Training] EPOCH: 60 EpochTime = 1.310 (s) Losses = ['0.0606', '98.9583'] lr = 0.000459
2023-09-26 10:24:22,792 - fewshot_modelnet_non_linear_classification - INFO - [Validation] EPOCH: 60  acc = 96.0000
2023-09-26 10:24:23,341 - fewshot_modelnet_non_linear_classification - INFO - Save checkpoint at ./experiments/fewshot_modelnet_non_linear_classification/cfgs/add_as_normal/ckpt-last.pth
2023-09-26 10:24:24,669 - fewshot_modelnet_non_linear_classification - INFO - [Training] EPOCH: 61 EpochTime = 1.327 (s) Losses = ['0.0560', '98.9583'] lr = 0.000452
2023-09-26 10:24:25,747 - fewshot_modelnet_non_linear_classification - INFO - [Validation] EPOCH: 61  acc = 96.0000
2023-09-26 10:24:26,249 - fewshot_modelnet_non_linear_classification - INFO - Save checkpoint at ./experiments/fewshot_modelnet_non_linear_classification/cfgs/add_as_normal/ckpt-last.pth
2023-09-26 10:24:27,617 - fewshot_modelnet_non_linear_classification - INFO - [Training] EPOCH: 62 EpochTime = 1.367 (s) Losses = ['0.0578', '98.9583'] lr = 0.000444
2023-09-26 10:24:28,678 - fewshot_modelnet_non_linear_classification - INFO - [Validation] EPOCH: 62  acc = 96.0000
2023-09-26 10:24:29,456 - fewshot_modelnet_non_linear_classification - INFO - Save checkpoint at ./experiments/fewshot_modelnet_non_linear_classification/cfgs/add_as_normal/ckpt-last.pth
2023-09-26 10:24:30,893 - fewshot_modelnet_non_linear_classification - INFO - [Training] EPOCH: 63 EpochTime = 1.434 (s) Losses = ['0.0385', '100.0000'] lr = 0.000437
2023-09-26 10:24:32,017 - fewshot_modelnet_non_linear_classification - INFO - [Validation] EPOCH: 63  acc = 96.0000
2023-09-26 10:24:32,506 - fewshot_modelnet_non_linear_classification - INFO - Save checkpoint at ./experiments/fewshot_modelnet_non_linear_classification/cfgs/add_as_normal/ckpt-last.pth
2023-09-26 10:24:33,895 - fewshot_modelnet_non_linear_classification - INFO - [Training] EPOCH: 64 EpochTime = 1.387 (s) Losses = ['0.0477', '100.0000'] lr = 0.000430
2023-09-26 10:24:35,024 - fewshot_modelnet_non_linear_classification - INFO - [Validation] EPOCH: 64  acc = 96.0000
2023-09-26 10:24:35,558 - fewshot_modelnet_non_linear_classification - INFO - Save checkpoint at ./experiments/fewshot_modelnet_non_linear_classification/cfgs/add_as_normal/ckpt-last.pth
2023-09-26 10:24:36,888 - fewshot_modelnet_non_linear_classification - INFO - [Training] EPOCH: 65 EpochTime = 1.329 (s) Losses = ['0.0436', '100.0000'] lr = 0.000423
2023-09-26 10:24:38,030 - fewshot_modelnet_non_linear_classification - INFO - [Validation] EPOCH: 65  acc = 96.0000
2023-09-26 10:24:38,536 - fewshot_modelnet_non_linear_classification - INFO - Save checkpoint at ./experiments/fewshot_modelnet_non_linear_classification/cfgs/add_as_normal/ckpt-last.pth
2023-09-26 10:24:39,864 - fewshot_modelnet_non_linear_classification - INFO - [Training] EPOCH: 66 EpochTime = 1.325 (s) Losses = ['0.0530', '100.0000'] lr = 0.000416
2023-09-26 10:24:40,939 - fewshot_modelnet_non_linear_classification - INFO - [Validation] EPOCH: 66  acc = 96.0000
2023-09-26 10:24:41,478 - fewshot_modelnet_non_linear_classification - INFO - Save checkpoint at ./experiments/fewshot_modelnet_non_linear_classification/cfgs/add_as_normal/ckpt-last.pth
2023-09-26 10:24:42,799 - fewshot_modelnet_non_linear_classification - INFO - [Training] EPOCH: 67 EpochTime = 1.320 (s) Losses = ['0.0395', '100.0000'] lr = 0.000409
2023-09-26 10:24:43,867 - fewshot_modelnet_non_linear_classification - INFO - [Validation] EPOCH: 67  acc = 96.0000
2023-09-26 10:24:44,406 - fewshot_modelnet_non_linear_classification - INFO - Save checkpoint at ./experiments/fewshot_modelnet_non_linear_classification/cfgs/add_as_normal/ckpt-last.pth
2023-09-26 10:24:45,772 - fewshot_modelnet_non_linear_classification - INFO - [Training] EPOCH: 68 EpochTime = 1.364 (s) Losses = ['0.0306', '100.0000'] lr = 0.000402
2023-09-26 10:24:46,867 - fewshot_modelnet_non_linear_classification - INFO - [Validation] EPOCH: 68  acc = 96.0000
2023-09-26 10:24:47,361 - fewshot_modelnet_non_linear_classification - INFO - Save checkpoint at ./experiments/fewshot_modelnet_non_linear_classification/cfgs/add_as_normal/ckpt-last.pth
2023-09-26 10:24:48,730 - fewshot_modelnet_non_linear_classification - INFO - [Training] EPOCH: 69 EpochTime = 1.368 (s) Losses = ['0.0420', '100.0000'] lr = 0.000394
2023-09-26 10:24:49,778 - fewshot_modelnet_non_linear_classification - INFO - [Validation] EPOCH: 69  acc = 97.0000
2023-09-26 10:24:50,297 - fewshot_modelnet_non_linear_classification - INFO - Save checkpoint at ./experiments/fewshot_modelnet_non_linear_classification/cfgs/add_as_normal/ckpt-best.pth
2023-09-26 10:24:50,297 - fewshot_modelnet_non_linear_classification - INFO - --------------------------------------------------------------------------------------------
2023-09-26 10:24:50,776 - fewshot_modelnet_non_linear_classification - INFO - Save checkpoint at ./experiments/fewshot_modelnet_non_linear_classification/cfgs/add_as_normal/ckpt-last.pth
2023-09-26 10:24:52,079 - fewshot_modelnet_non_linear_classification - INFO - [Training] EPOCH: 70 EpochTime = 1.302 (s) Losses = ['0.0334', '100.0000'] lr = 0.000387
2023-09-26 10:24:53,162 - fewshot_modelnet_non_linear_classification - INFO - [Validation] EPOCH: 70  acc = 96.0000
2023-09-26 10:24:53,674 - fewshot_modelnet_non_linear_classification - INFO - Save checkpoint at ./experiments/fewshot_modelnet_non_linear_classification/cfgs/add_as_normal/ckpt-last.pth
2023-09-26 10:24:54,982 - fewshot_modelnet_non_linear_classification - INFO - [Training] EPOCH: 71 EpochTime = 1.306 (s) Losses = ['0.0714', '98.9583'] lr = 0.000380
2023-09-26 10:24:56,079 - fewshot_modelnet_non_linear_classification - INFO - [Validation] EPOCH: 71  acc = 96.0000
2023-09-26 10:24:56,679 - fewshot_modelnet_non_linear_classification - INFO - Save checkpoint at ./experiments/fewshot_modelnet_non_linear_classification/cfgs/add_as_normal/ckpt-last.pth
2023-09-26 10:24:58,161 - fewshot_modelnet_non_linear_classification - INFO - [Training] EPOCH: 72 EpochTime = 1.480 (s) Losses = ['0.0344', '100.0000'] lr = 0.000372
2023-09-26 10:24:59,311 - fewshot_modelnet_non_linear_classification - INFO - [Validation] EPOCH: 72  acc = 97.0000
2023-09-26 10:24:59,848 - fewshot_modelnet_non_linear_classification - INFO - Save checkpoint at ./experiments/fewshot_modelnet_non_linear_classification/cfgs/add_as_normal/ckpt-last.pth
2023-09-26 10:25:01,240 - fewshot_modelnet_non_linear_classification - INFO - [Training] EPOCH: 73 EpochTime = 1.389 (s) Losses = ['0.0977', '97.9167'] lr = 0.000365
2023-09-26 10:25:02,426 - fewshot_modelnet_non_linear_classification - INFO - [Validation] EPOCH: 73  acc = 97.0000
2023-09-26 10:25:02,916 - fewshot_modelnet_non_linear_classification - INFO - Save checkpoint at ./experiments/fewshot_modelnet_non_linear_classification/cfgs/add_as_normal/ckpt-last.pth
2023-09-26 10:25:04,359 - fewshot_modelnet_non_linear_classification - INFO - [Training] EPOCH: 74 EpochTime = 1.441 (s) Losses = ['0.0354', '100.0000'] lr = 0.000358
2023-09-26 10:25:05,400 - fewshot_modelnet_non_linear_classification - INFO - [Validation] EPOCH: 74  acc = 96.0000
2023-09-26 10:25:05,950 - fewshot_modelnet_non_linear_classification - INFO - Save checkpoint at ./experiments/fewshot_modelnet_non_linear_classification/cfgs/add_as_normal/ckpt-last.pth
2023-09-26 10:25:07,296 - fewshot_modelnet_non_linear_classification - INFO - [Training] EPOCH: 75 EpochTime = 1.343 (s) Losses = ['0.0328', '100.0000'] lr = 0.000351
2023-09-26 10:25:08,391 - fewshot_modelnet_non_linear_classification - INFO - [Validation] EPOCH: 75  acc = 96.0000
2023-09-26 10:25:08,857 - fewshot_modelnet_non_linear_classification - INFO - Save checkpoint at ./experiments/fewshot_modelnet_non_linear_classification/cfgs/add_as_normal/ckpt-last.pth
2023-09-26 10:25:10,184 - fewshot_modelnet_non_linear_classification - INFO - [Training] EPOCH: 76 EpochTime = 1.325 (s) Losses = ['0.0227', '100.0000'] lr = 0.000343
2023-09-26 10:25:11,300 - fewshot_modelnet_non_linear_classification - INFO - [Validation] EPOCH: 76  acc = 96.0000
2023-09-26 10:25:11,798 - fewshot_modelnet_non_linear_classification - INFO - Save checkpoint at ./experiments/fewshot_modelnet_non_linear_classification/cfgs/add_as_normal/ckpt-last.pth
2023-09-26 10:25:13,118 - fewshot_modelnet_non_linear_classification - INFO - [Training] EPOCH: 77 EpochTime = 1.317 (s) Losses = ['0.0462', '98.9583'] lr = 0.000336
2023-09-26 10:25:14,173 - fewshot_modelnet_non_linear_classification - INFO - [Validation] EPOCH: 77  acc = 96.0000
2023-09-26 10:25:14,741 - fewshot_modelnet_non_linear_classification - INFO - Save checkpoint at ./experiments/fewshot_modelnet_non_linear_classification/cfgs/add_as_normal/ckpt-last.pth
2023-09-26 10:25:16,112 - fewshot_modelnet_non_linear_classification - INFO - [Training] EPOCH: 78 EpochTime = 1.369 (s) Losses = ['0.0981', '97.9167'] lr = 0.000329
2023-09-26 10:25:17,196 - fewshot_modelnet_non_linear_classification - INFO - [Validation] EPOCH: 78  acc = 96.0000
2023-09-26 10:25:17,666 - fewshot_modelnet_non_linear_classification - INFO - Save checkpoint at ./experiments/fewshot_modelnet_non_linear_classification/cfgs/add_as_normal/ckpt-last.pth
2023-09-26 10:25:19,020 - fewshot_modelnet_non_linear_classification - INFO - [Training] EPOCH: 79 EpochTime = 1.352 (s) Losses = ['0.0272', '100.0000'] lr = 0.000321
2023-09-26 10:25:20,074 - fewshot_modelnet_non_linear_classification - INFO - [Validation] EPOCH: 79  acc = 97.0000
2023-09-26 10:25:20,606 - fewshot_modelnet_non_linear_classification - INFO - Save checkpoint at ./experiments/fewshot_modelnet_non_linear_classification/cfgs/add_as_normal/ckpt-last.pth
2023-09-26 10:25:21,945 - fewshot_modelnet_non_linear_classification - INFO - [Training] EPOCH: 80 EpochTime = 1.337 (s) Losses = ['0.0315', '100.0000'] lr = 0.000314
2023-09-26 10:25:23,010 - fewshot_modelnet_non_linear_classification - INFO - [Validation] EPOCH: 80  acc = 97.0000
2023-09-26 10:25:23,529 - fewshot_modelnet_non_linear_classification - INFO - Save checkpoint at ./experiments/fewshot_modelnet_non_linear_classification/cfgs/add_as_normal/ckpt-last.pth
2023-09-26 10:25:24,899 - fewshot_modelnet_non_linear_classification - INFO - [Training] EPOCH: 81 EpochTime = 1.369 (s) Losses = ['0.0390', '100.0000'] lr = 0.000307
2023-09-26 10:25:25,984 - fewshot_modelnet_non_linear_classification - INFO - [Validation] EPOCH: 81  acc = 97.0000
2023-09-26 10:25:26,558 - fewshot_modelnet_non_linear_classification - INFO - Save checkpoint at ./experiments/fewshot_modelnet_non_linear_classification/cfgs/add_as_normal/ckpt-last.pth
2023-09-26 10:25:27,927 - fewshot_modelnet_non_linear_classification - INFO - [Training] EPOCH: 82 EpochTime = 1.368 (s) Losses = ['0.0449', '100.0000'] lr = 0.000299
2023-09-26 10:25:29,039 - fewshot_modelnet_non_linear_classification - INFO - [Validation] EPOCH: 82  acc = 97.0000
2023-09-26 10:25:29,638 - fewshot_modelnet_non_linear_classification - INFO - Save checkpoint at ./experiments/fewshot_modelnet_non_linear_classification/cfgs/add_as_normal/ckpt-last.pth
2023-09-26 10:25:30,973 - fewshot_modelnet_non_linear_classification - INFO - [Training] EPOCH: 83 EpochTime = 1.332 (s) Losses = ['0.0381', '100.0000'] lr = 0.000292
2023-09-26 10:25:32,088 - fewshot_modelnet_non_linear_classification - INFO - [Validation] EPOCH: 83  acc = 97.0000
2023-09-26 10:25:32,613 - fewshot_modelnet_non_linear_classification - INFO - Save checkpoint at ./experiments/fewshot_modelnet_non_linear_classification/cfgs/add_as_normal/ckpt-last.pth
2023-09-26 10:25:33,950 - fewshot_modelnet_non_linear_classification - INFO - [Training] EPOCH: 84 EpochTime = 1.335 (s) Losses = ['0.0421', '100.0000'] lr = 0.000285
2023-09-26 10:25:35,067 - fewshot_modelnet_non_linear_classification - INFO - [Validation] EPOCH: 84  acc = 97.0000
2023-09-26 10:25:35,645 - fewshot_modelnet_non_linear_classification - INFO - Save checkpoint at ./experiments/fewshot_modelnet_non_linear_classification/cfgs/add_as_normal/ckpt-last.pth
2023-09-26 10:25:37,195 - fewshot_modelnet_non_linear_classification - INFO - [Training] EPOCH: 85 EpochTime = 1.547 (s) Losses = ['0.0364', '100.0000'] lr = 0.000278
2023-09-26 10:25:38,260 - fewshot_modelnet_non_linear_classification - INFO - [Validation] EPOCH: 85  acc = 97.0000
2023-09-26 10:25:38,825 - fewshot_modelnet_non_linear_classification - INFO - Save checkpoint at ./experiments/fewshot_modelnet_non_linear_classification/cfgs/add_as_normal/ckpt-last.pth
2023-09-26 10:25:40,186 - fewshot_modelnet_non_linear_classification - INFO - [Training] EPOCH: 86 EpochTime = 1.359 (s) Losses = ['0.0263', '100.0000'] lr = 0.000271
2023-09-26 10:25:41,303 - fewshot_modelnet_non_linear_classification - INFO - [Validation] EPOCH: 86  acc = 97.0000
2023-09-26 10:25:41,852 - fewshot_modelnet_non_linear_classification - INFO - Save checkpoint at ./experiments/fewshot_modelnet_non_linear_classification/cfgs/add_as_normal/ckpt-last.pth
2023-09-26 10:25:43,238 - fewshot_modelnet_non_linear_classification - INFO - [Training] EPOCH: 87 EpochTime = 1.384 (s) Losses = ['0.0379', '100.0000'] lr = 0.000264
2023-09-26 10:25:44,396 - fewshot_modelnet_non_linear_classification - INFO - [Validation] EPOCH: 87  acc = 97.0000
2023-09-26 10:25:44,839 - fewshot_modelnet_non_linear_classification - INFO - Save checkpoint at ./experiments/fewshot_modelnet_non_linear_classification/cfgs/add_as_normal/ckpt-last.pth
2023-09-26 10:25:46,231 - fewshot_modelnet_non_linear_classification - INFO - [Training] EPOCH: 88 EpochTime = 1.390 (s) Losses = ['0.0340', '100.0000'] lr = 0.000257
2023-09-26 10:25:47,321 - fewshot_modelnet_non_linear_classification - INFO - [Validation] EPOCH: 88  acc = 97.0000
2023-09-26 10:25:47,824 - fewshot_modelnet_non_linear_classification - INFO - Save checkpoint at ./experiments/fewshot_modelnet_non_linear_classification/cfgs/add_as_normal/ckpt-last.pth
2023-09-26 10:25:49,146 - fewshot_modelnet_non_linear_classification - INFO - [Training] EPOCH: 89 EpochTime = 1.321 (s) Losses = ['0.0317', '100.0000'] lr = 0.000249
2023-09-26 10:25:50,216 - fewshot_modelnet_non_linear_classification - INFO - [Validation] EPOCH: 89  acc = 97.0000
2023-09-26 10:25:50,738 - fewshot_modelnet_non_linear_classification - INFO - Save checkpoint at ./experiments/fewshot_modelnet_non_linear_classification/cfgs/add_as_normal/ckpt-last.pth
2023-09-26 10:25:52,082 - fewshot_modelnet_non_linear_classification - INFO - [Training] EPOCH: 90 EpochTime = 1.342 (s) Losses = ['0.0619', '98.9583'] lr = 0.000242
2023-09-26 10:25:53,141 - fewshot_modelnet_non_linear_classification - INFO - [Validation] EPOCH: 90  acc = 97.0000
2023-09-26 10:25:53,616 - fewshot_modelnet_non_linear_classification - INFO - Save checkpoint at ./experiments/fewshot_modelnet_non_linear_classification/cfgs/add_as_normal/ckpt-last.pth
2023-09-26 10:25:54,951 - fewshot_modelnet_non_linear_classification - INFO - [Training] EPOCH: 91 EpochTime = 1.333 (s) Losses = ['0.0371', '100.0000'] lr = 0.000236
2023-09-26 10:25:55,999 - fewshot_modelnet_non_linear_classification - INFO - [Validation] EPOCH: 91  acc = 97.0000
2023-09-26 10:25:56,548 - fewshot_modelnet_non_linear_classification - INFO - Save checkpoint at ./experiments/fewshot_modelnet_non_linear_classification/cfgs/add_as_normal/ckpt-last.pth
2023-09-26 10:25:57,831 - fewshot_modelnet_non_linear_classification - INFO - [Training] EPOCH: 92 EpochTime = 1.281 (s) Losses = ['0.0409', '100.0000'] lr = 0.000229
2023-09-26 10:25:58,903 - fewshot_modelnet_non_linear_classification - INFO - [Validation] EPOCH: 92  acc = 96.0000
2023-09-26 10:25:59,375 - fewshot_modelnet_non_linear_classification - INFO - Save checkpoint at ./experiments/fewshot_modelnet_non_linear_classification/cfgs/add_as_normal/ckpt-last.pth
2023-09-26 10:26:00,671 - fewshot_modelnet_non_linear_classification - INFO - [Training] EPOCH: 93 EpochTime = 1.295 (s) Losses = ['0.0337', '100.0000'] lr = 0.000222
2023-09-26 10:26:01,742 - fewshot_modelnet_non_linear_classification - INFO - [Validation] EPOCH: 93  acc = 97.0000
2023-09-26 10:26:02,278 - fewshot_modelnet_non_linear_classification - INFO - Save checkpoint at ./experiments/fewshot_modelnet_non_linear_classification/cfgs/add_as_normal/ckpt-last.pth
2023-09-26 10:26:03,611 - fewshot_modelnet_non_linear_classification - INFO - [Training] EPOCH: 94 EpochTime = 1.332 (s) Losses = ['0.0552', '98.9583'] lr = 0.000215
2023-09-26 10:26:04,683 - fewshot_modelnet_non_linear_classification - INFO - [Validation] EPOCH: 94  acc = 97.0000
2023-09-26 10:26:05,212 - fewshot_modelnet_non_linear_classification - INFO - Save checkpoint at ./experiments/fewshot_modelnet_non_linear_classification/cfgs/add_as_normal/ckpt-last.pth
2023-09-26 10:26:06,527 - fewshot_modelnet_non_linear_classification - INFO - [Training] EPOCH: 95 EpochTime = 1.314 (s) Losses = ['0.0247', '100.0000'] lr = 0.000208
2023-09-26 10:26:07,584 - fewshot_modelnet_non_linear_classification - INFO - [Validation] EPOCH: 95  acc = 97.0000
2023-09-26 10:26:08,050 - fewshot_modelnet_non_linear_classification - INFO - Save checkpoint at ./experiments/fewshot_modelnet_non_linear_classification/cfgs/add_as_normal/ckpt-last.pth
2023-09-26 10:26:09,337 - fewshot_modelnet_non_linear_classification - INFO - [Training] EPOCH: 96 EpochTime = 1.285 (s) Losses = ['0.0192', '100.0000'] lr = 0.000202
2023-09-26 10:26:10,422 - fewshot_modelnet_non_linear_classification - INFO - [Validation] EPOCH: 96  acc = 97.0000
2023-09-26 10:26:10,959 - fewshot_modelnet_non_linear_classification - INFO - Save checkpoint at ./experiments/fewshot_modelnet_non_linear_classification/cfgs/add_as_normal/ckpt-last.pth
2023-09-26 10:26:12,272 - fewshot_modelnet_non_linear_classification - INFO - [Training] EPOCH: 97 EpochTime = 1.311 (s) Losses = ['0.0365', '100.0000'] lr = 0.000195
2023-09-26 10:26:13,463 - fewshot_modelnet_non_linear_classification - INFO - [Validation] EPOCH: 97  acc = 97.0000
2023-09-26 10:26:13,996 - fewshot_modelnet_non_linear_classification - INFO - Save checkpoint at ./experiments/fewshot_modelnet_non_linear_classification/cfgs/add_as_normal/ckpt-last.pth
2023-09-26 10:26:15,370 - fewshot_modelnet_non_linear_classification - INFO - [Training] EPOCH: 98 EpochTime = 1.371 (s) Losses = ['0.0313', '100.0000'] lr = 0.000189
2023-09-26 10:26:16,434 - fewshot_modelnet_non_linear_classification - INFO - [Validation] EPOCH: 98  acc = 97.0000
2023-09-26 10:26:16,947 - fewshot_modelnet_non_linear_classification - INFO - Save checkpoint at ./experiments/fewshot_modelnet_non_linear_classification/cfgs/add_as_normal/ckpt-last.pth
2023-09-26 10:26:18,265 - fewshot_modelnet_non_linear_classification - INFO - [Training] EPOCH: 99 EpochTime = 1.316 (s) Losses = ['0.0291', '100.0000'] lr = 0.000182
2023-09-26 10:26:19,277 - fewshot_modelnet_non_linear_classification - INFO - [Validation] EPOCH: 99  acc = 97.0000
2023-09-26 10:26:19,748 - fewshot_modelnet_non_linear_classification - INFO - Save checkpoint at ./experiments/fewshot_modelnet_non_linear_classification/cfgs/add_as_normal/ckpt-last.pth
2023-09-26 10:26:21,183 - fewshot_modelnet_non_linear_classification - INFO - [Training] EPOCH: 100 EpochTime = 1.433 (s) Losses = ['0.0281', '100.0000'] lr = 0.000176
2023-09-26 10:26:22,492 - fewshot_modelnet_non_linear_classification - INFO - [Validation] EPOCH: 100  acc = 97.0000
2023-09-26 10:26:22,953 - fewshot_modelnet_non_linear_classification - INFO - Save checkpoint at ./experiments/fewshot_modelnet_non_linear_classification/cfgs/add_as_normal/ckpt-last.pth
2023-09-26 10:26:24,280 - fewshot_modelnet_non_linear_classification - INFO - [Training] EPOCH: 101 EpochTime = 1.326 (s) Losses = ['0.0186', '100.0000'] lr = 0.000169
2023-09-26 10:26:25,370 - fewshot_modelnet_non_linear_classification - INFO - [Validation] EPOCH: 101  acc = 97.0000
2023-09-26 10:26:25,910 - fewshot_modelnet_non_linear_classification - INFO - Save checkpoint at ./experiments/fewshot_modelnet_non_linear_classification/cfgs/add_as_normal/ckpt-last.pth
2023-09-26 10:26:27,209 - fewshot_modelnet_non_linear_classification - INFO - [Training] EPOCH: 102 EpochTime = 1.297 (s) Losses = ['0.0169', '100.0000'] lr = 0.000163
2023-09-26 10:26:28,277 - fewshot_modelnet_non_linear_classification - INFO - [Validation] EPOCH: 102  acc = 97.0000
2023-09-26 10:26:28,778 - fewshot_modelnet_non_linear_classification - INFO - Save checkpoint at ./experiments/fewshot_modelnet_non_linear_classification/cfgs/add_as_normal/ckpt-last.pth
2023-09-26 10:26:30,144 - fewshot_modelnet_non_linear_classification - INFO - [Training] EPOCH: 103 EpochTime = 1.364 (s) Losses = ['0.0210', '100.0000'] lr = 0.000157
2023-09-26 10:26:31,202 - fewshot_modelnet_non_linear_classification - INFO - [Validation] EPOCH: 103  acc = 97.0000
2023-09-26 10:26:31,728 - fewshot_modelnet_non_linear_classification - INFO - Save checkpoint at ./experiments/fewshot_modelnet_non_linear_classification/cfgs/add_as_normal/ckpt-last.pth
2023-09-26 10:26:33,102 - fewshot_modelnet_non_linear_classification - INFO - [Training] EPOCH: 104 EpochTime = 1.372 (s) Losses = ['0.0349', '98.9583'] lr = 0.000151
2023-09-26 10:26:34,216 - fewshot_modelnet_non_linear_classification - INFO - [Validation] EPOCH: 104  acc = 97.0000
2023-09-26 10:26:34,752 - fewshot_modelnet_non_linear_classification - INFO - Save checkpoint at ./experiments/fewshot_modelnet_non_linear_classification/cfgs/add_as_normal/ckpt-last.pth
2023-09-26 10:26:36,080 - fewshot_modelnet_non_linear_classification - INFO - [Training] EPOCH: 105 EpochTime = 1.325 (s) Losses = ['0.0334', '100.0000'] lr = 0.000145
2023-09-26 10:26:37,307 - fewshot_modelnet_non_linear_classification - INFO - [Validation] EPOCH: 105  acc = 96.0000
2023-09-26 10:26:37,958 - fewshot_modelnet_non_linear_classification - INFO - Save checkpoint at ./experiments/fewshot_modelnet_non_linear_classification/cfgs/add_as_normal/ckpt-last.pth
2023-09-26 10:26:39,270 - fewshot_modelnet_non_linear_classification - INFO - [Training] EPOCH: 106 EpochTime = 1.309 (s) Losses = ['0.0489', '98.9583'] lr = 0.000139
2023-09-26 10:26:40,367 - fewshot_modelnet_non_linear_classification - INFO - [Validation] EPOCH: 106  acc = 96.0000
2023-09-26 10:26:40,903 - fewshot_modelnet_non_linear_classification - INFO - Save checkpoint at ./experiments/fewshot_modelnet_non_linear_classification/cfgs/add_as_normal/ckpt-last.pth
2023-09-26 10:26:42,316 - fewshot_modelnet_non_linear_classification - INFO - [Training] EPOCH: 107 EpochTime = 1.411 (s) Losses = ['0.0252', '100.0000'] lr = 0.000133
2023-09-26 10:26:43,521 - fewshot_modelnet_non_linear_classification - INFO - [Validation] EPOCH: 107  acc = 97.0000
2023-09-26 10:26:44,016 - fewshot_modelnet_non_linear_classification - INFO - Save checkpoint at ./experiments/fewshot_modelnet_non_linear_classification/cfgs/add_as_normal/ckpt-last.pth
2023-09-26 10:26:45,341 - fewshot_modelnet_non_linear_classification - INFO - [Training] EPOCH: 108 EpochTime = 1.324 (s) Losses = ['0.0418', '98.9583'] lr = 0.000128
2023-09-26 10:26:46,402 - fewshot_modelnet_non_linear_classification - INFO - [Validation] EPOCH: 108  acc = 96.0000
2023-09-26 10:26:46,928 - fewshot_modelnet_non_linear_classification - INFO - Save checkpoint at ./experiments/fewshot_modelnet_non_linear_classification/cfgs/add_as_normal/ckpt-last.pth
2023-09-26 10:26:48,357 - fewshot_modelnet_non_linear_classification - INFO - [Training] EPOCH: 109 EpochTime = 1.428 (s) Losses = ['0.0246', '100.0000'] lr = 0.000122
2023-09-26 10:26:49,421 - fewshot_modelnet_non_linear_classification - INFO - [Validation] EPOCH: 109  acc = 96.0000
2023-09-26 10:26:49,908 - fewshot_modelnet_non_linear_classification - INFO - Save checkpoint at ./experiments/fewshot_modelnet_non_linear_classification/cfgs/add_as_normal/ckpt-last.pth
2023-09-26 10:26:51,217 - fewshot_modelnet_non_linear_classification - INFO - [Training] EPOCH: 110 EpochTime = 1.307 (s) Losses = ['0.0493', '100.0000'] lr = 0.000117
2023-09-26 10:26:52,336 - fewshot_modelnet_non_linear_classification - INFO - [Validation] EPOCH: 110  acc = 96.0000
2023-09-26 10:26:52,878 - fewshot_modelnet_non_linear_classification - INFO - Save checkpoint at ./experiments/fewshot_modelnet_non_linear_classification/cfgs/add_as_normal/ckpt-last.pth
2023-09-26 10:26:54,253 - fewshot_modelnet_non_linear_classification - INFO - [Training] EPOCH: 111 EpochTime = 1.372 (s) Losses = ['0.0189', '100.0000'] lr = 0.000111
2023-09-26 10:26:55,282 - fewshot_modelnet_non_linear_classification - INFO - [Validation] EPOCH: 111  acc = 96.0000
2023-09-26 10:26:55,770 - fewshot_modelnet_non_linear_classification - INFO - Save checkpoint at ./experiments/fewshot_modelnet_non_linear_classification/cfgs/add_as_normal/ckpt-last.pth
2023-09-26 10:26:57,179 - fewshot_modelnet_non_linear_classification - INFO - [Training] EPOCH: 112 EpochTime = 1.407 (s) Losses = ['0.0251', '100.0000'] lr = 0.000106
2023-09-26 10:26:58,300 - fewshot_modelnet_non_linear_classification - INFO - [Validation] EPOCH: 112  acc = 96.0000
2023-09-26 10:26:58,783 - fewshot_modelnet_non_linear_classification - INFO - Save checkpoint at ./experiments/fewshot_modelnet_non_linear_classification/cfgs/add_as_normal/ckpt-last.pth
2023-09-26 10:27:00,163 - fewshot_modelnet_non_linear_classification - INFO - [Training] EPOCH: 113 EpochTime = 1.378 (s) Losses = ['0.0194', '100.0000'] lr = 0.000101
2023-09-26 10:27:01,218 - fewshot_modelnet_non_linear_classification - INFO - [Validation] EPOCH: 113  acc = 96.0000
2023-09-26 10:27:01,696 - fewshot_modelnet_non_linear_classification - INFO - Save checkpoint at ./experiments/fewshot_modelnet_non_linear_classification/cfgs/add_as_normal/ckpt-last.pth
2023-09-26 10:27:03,078 - fewshot_modelnet_non_linear_classification - INFO - [Training] EPOCH: 114 EpochTime = 1.380 (s) Losses = ['0.0210', '100.0000'] lr = 0.000096
2023-09-26 10:27:04,136 - fewshot_modelnet_non_linear_classification - INFO - [Validation] EPOCH: 114  acc = 96.0000
2023-09-26 10:27:04,663 - fewshot_modelnet_non_linear_classification - INFO - Save checkpoint at ./experiments/fewshot_modelnet_non_linear_classification/cfgs/add_as_normal/ckpt-last.pth
2023-09-26 10:27:05,986 - fewshot_modelnet_non_linear_classification - INFO - [Training] EPOCH: 115 EpochTime = 1.320 (s) Losses = ['0.0215', '100.0000'] lr = 0.000091
2023-09-26 10:27:07,096 - fewshot_modelnet_non_linear_classification - INFO - [Validation] EPOCH: 115  acc = 96.0000
2023-09-26 10:27:07,675 - fewshot_modelnet_non_linear_classification - INFO - Save checkpoint at ./experiments/fewshot_modelnet_non_linear_classification/cfgs/add_as_normal/ckpt-last.pth
2023-09-26 10:27:09,043 - fewshot_modelnet_non_linear_classification - INFO - [Training] EPOCH: 116 EpochTime = 1.367 (s) Losses = ['0.0282', '100.0000'] lr = 0.000086
2023-09-26 10:27:10,168 - fewshot_modelnet_non_linear_classification - INFO - [Validation] EPOCH: 116  acc = 96.0000
2023-09-26 10:27:10,701 - fewshot_modelnet_non_linear_classification - INFO - Save checkpoint at ./experiments/fewshot_modelnet_non_linear_classification/cfgs/add_as_normal/ckpt-last.pth
2023-09-26 10:27:12,090 - fewshot_modelnet_non_linear_classification - INFO - [Training] EPOCH: 117 EpochTime = 1.388 (s) Losses = ['0.0178', '100.0000'] lr = 0.000081
2023-09-26 10:27:13,236 - fewshot_modelnet_non_linear_classification - INFO - [Validation] EPOCH: 117  acc = 96.0000
2023-09-26 10:27:13,741 - fewshot_modelnet_non_linear_classification - INFO - Save checkpoint at ./experiments/fewshot_modelnet_non_linear_classification/cfgs/add_as_normal/ckpt-last.pth
2023-09-26 10:27:15,088 - fewshot_modelnet_non_linear_classification - INFO - [Training] EPOCH: 118 EpochTime = 1.345 (s) Losses = ['0.0339', '100.0000'] lr = 0.000077
2023-09-26 10:27:16,232 - fewshot_modelnet_non_linear_classification - INFO - [Validation] EPOCH: 118  acc = 96.0000
2023-09-26 10:27:16,722 - fewshot_modelnet_non_linear_classification - INFO - Save checkpoint at ./experiments/fewshot_modelnet_non_linear_classification/cfgs/add_as_normal/ckpt-last.pth
2023-09-26 10:27:18,030 - fewshot_modelnet_non_linear_classification - INFO - [Training] EPOCH: 119 EpochTime = 1.306 (s) Losses = ['0.0210', '100.0000'] lr = 0.000072
2023-09-26 10:27:19,141 - fewshot_modelnet_non_linear_classification - INFO - [Validation] EPOCH: 119  acc = 96.0000
2023-09-26 10:27:19,621 - fewshot_modelnet_non_linear_classification - INFO - Save checkpoint at ./experiments/fewshot_modelnet_non_linear_classification/cfgs/add_as_normal/ckpt-last.pth
2023-09-26 10:27:21,021 - fewshot_modelnet_non_linear_classification - INFO - [Training] EPOCH: 120 EpochTime = 1.398 (s) Losses = ['0.0207', '100.0000'] lr = 0.000068
2023-09-26 10:27:22,143 - fewshot_modelnet_non_linear_classification - INFO - [Validation] EPOCH: 120  acc = 96.0000
2023-09-26 10:27:22,888 - fewshot_modelnet_non_linear_classification - INFO - Save checkpoint at ./experiments/fewshot_modelnet_non_linear_classification/cfgs/add_as_normal/ckpt-last.pth
2023-09-26 10:27:24,262 - fewshot_modelnet_non_linear_classification - INFO - [Training] EPOCH: 121 EpochTime = 1.372 (s) Losses = ['0.0313', '100.0000'] lr = 0.000064
2023-09-26 10:27:25,372 - fewshot_modelnet_non_linear_classification - INFO - [Validation] EPOCH: 121  acc = 96.0000
2023-09-26 10:27:25,963 - fewshot_modelnet_non_linear_classification - INFO - Save checkpoint at ./experiments/fewshot_modelnet_non_linear_classification/cfgs/add_as_normal/ckpt-last.pth
2023-09-26 10:27:27,284 - fewshot_modelnet_non_linear_classification - INFO - [Training] EPOCH: 122 EpochTime = 1.319 (s) Losses = ['0.0296', '100.0000'] lr = 0.000059
2023-09-26 10:27:28,384 - fewshot_modelnet_non_linear_classification - INFO - [Validation] EPOCH: 122  acc = 96.0000
2023-09-26 10:27:28,848 - fewshot_modelnet_non_linear_classification - INFO - Save checkpoint at ./experiments/fewshot_modelnet_non_linear_classification/cfgs/add_as_normal/ckpt-last.pth
2023-09-26 10:27:30,318 - fewshot_modelnet_non_linear_classification - INFO - [Training] EPOCH: 123 EpochTime = 1.468 (s) Losses = ['0.0175', '100.0000'] lr = 0.000055
2023-09-26 10:27:31,397 - fewshot_modelnet_non_linear_classification - INFO - [Validation] EPOCH: 123  acc = 96.0000
2023-09-26 10:27:31,904 - fewshot_modelnet_non_linear_classification - INFO - Save checkpoint at ./experiments/fewshot_modelnet_non_linear_classification/cfgs/add_as_normal/ckpt-last.pth
2023-09-26 10:27:33,292 - fewshot_modelnet_non_linear_classification - INFO - [Training] EPOCH: 124 EpochTime = 1.384 (s) Losses = ['0.0244', '100.0000'] lr = 0.000052
2023-09-26 10:27:34,470 - fewshot_modelnet_non_linear_classification - INFO - [Validation] EPOCH: 124  acc = 96.0000
2023-09-26 10:27:34,976 - fewshot_modelnet_non_linear_classification - INFO - Save checkpoint at ./experiments/fewshot_modelnet_non_linear_classification/cfgs/add_as_normal/ckpt-last.pth
2023-09-26 10:27:36,382 - fewshot_modelnet_non_linear_classification - INFO - [Training] EPOCH: 125 EpochTime = 1.404 (s) Losses = ['0.0292', '100.0000'] lr = 0.000048
2023-09-26 10:27:37,466 - fewshot_modelnet_non_linear_classification - INFO - [Validation] EPOCH: 125  acc = 96.0000
2023-09-26 10:27:37,958 - fewshot_modelnet_non_linear_classification - INFO - Save checkpoint at ./experiments/fewshot_modelnet_non_linear_classification/cfgs/add_as_normal/ckpt-last.pth
2023-09-26 10:27:39,450 - fewshot_modelnet_non_linear_classification - INFO - [Training] EPOCH: 126 EpochTime = 1.488 (s) Losses = ['0.0311', '100.0000'] lr = 0.000044
2023-09-26 10:27:40,565 - fewshot_modelnet_non_linear_classification - INFO - [Validation] EPOCH: 126  acc = 96.0000
2023-09-26 10:27:41,105 - fewshot_modelnet_non_linear_classification - INFO - Save checkpoint at ./experiments/fewshot_modelnet_non_linear_classification/cfgs/add_as_normal/ckpt-last.pth
2023-09-26 10:27:42,520 - fewshot_modelnet_non_linear_classification - INFO - [Training] EPOCH: 127 EpochTime = 1.413 (s) Losses = ['0.0257', '100.0000'] lr = 0.000041
2023-09-26 10:27:43,694 - fewshot_modelnet_non_linear_classification - INFO - [Validation] EPOCH: 127  acc = 96.0000
2023-09-26 10:27:44,171 - fewshot_modelnet_non_linear_classification - INFO - Save checkpoint at ./experiments/fewshot_modelnet_non_linear_classification/cfgs/add_as_normal/ckpt-last.pth
2023-09-26 10:27:45,536 - fewshot_modelnet_non_linear_classification - INFO - [Training] EPOCH: 128 EpochTime = 1.363 (s) Losses = ['0.0413', '100.0000'] lr = 0.000037
2023-09-26 10:27:46,578 - fewshot_modelnet_non_linear_classification - INFO - [Validation] EPOCH: 128  acc = 96.0000
2023-09-26 10:27:47,090 - fewshot_modelnet_non_linear_classification - INFO - Save checkpoint at ./experiments/fewshot_modelnet_non_linear_classification/cfgs/add_as_normal/ckpt-last.pth
2023-09-26 10:27:48,431 - fewshot_modelnet_non_linear_classification - INFO - [Training] EPOCH: 129 EpochTime = 1.340 (s) Losses = ['0.0282', '100.0000'] lr = 0.000034
2023-09-26 10:27:49,505 - fewshot_modelnet_non_linear_classification - INFO - [Validation] EPOCH: 129  acc = 96.0000
2023-09-26 10:27:49,983 - fewshot_modelnet_non_linear_classification - INFO - Save checkpoint at ./experiments/fewshot_modelnet_non_linear_classification/cfgs/add_as_normal/ckpt-last.pth
2023-09-26 10:27:51,402 - fewshot_modelnet_non_linear_classification - INFO - [Training] EPOCH: 130 EpochTime = 1.417 (s) Losses = ['0.0216', '100.0000'] lr = 0.000031
2023-09-26 10:27:52,545 - fewshot_modelnet_non_linear_classification - INFO - [Validation] EPOCH: 130  acc = 96.0000
2023-09-26 10:27:53,081 - fewshot_modelnet_non_linear_classification - INFO - Save checkpoint at ./experiments/fewshot_modelnet_non_linear_classification/cfgs/add_as_normal/ckpt-last.pth
2023-09-26 10:27:54,459 - fewshot_modelnet_non_linear_classification - INFO - [Training] EPOCH: 131 EpochTime = 1.319 (s) Losses = ['0.0197', '100.0000'] lr = 0.000028
2023-09-26 10:27:55,531 - fewshot_modelnet_non_linear_classification - INFO - [Validation] EPOCH: 131  acc = 96.0000
2023-09-26 10:27:56,092 - fewshot_modelnet_non_linear_classification - INFO - Save checkpoint at ./experiments/fewshot_modelnet_non_linear_classification/cfgs/add_as_normal/ckpt-last.pth
2023-09-26 10:27:57,498 - fewshot_modelnet_non_linear_classification - INFO - [Training] EPOCH: 132 EpochTime = 1.403 (s) Losses = ['0.0275', '100.0000'] lr = 0.000026
2023-09-26 10:27:58,560 - fewshot_modelnet_non_linear_classification - INFO - [Validation] EPOCH: 132  acc = 96.0000
2023-09-26 10:27:59,125 - fewshot_modelnet_non_linear_classification - INFO - Save checkpoint at ./experiments/fewshot_modelnet_non_linear_classification/cfgs/add_as_normal/ckpt-last.pth
2023-09-26 10:28:00,507 - fewshot_modelnet_non_linear_classification - INFO - [Training] EPOCH: 133 EpochTime = 1.379 (s) Losses = ['0.0176', '100.0000'] lr = 0.000023
2023-09-26 10:28:01,551 - fewshot_modelnet_non_linear_classification - INFO - [Validation] EPOCH: 133  acc = 96.0000
2023-09-26 10:28:02,133 - fewshot_modelnet_non_linear_classification - INFO - Save checkpoint at ./experiments/fewshot_modelnet_non_linear_classification/cfgs/add_as_normal/ckpt-last.pth
2023-09-26 10:28:03,527 - fewshot_modelnet_non_linear_classification - INFO - [Training] EPOCH: 134 EpochTime = 1.393 (s) Losses = ['0.0283', '100.0000'] lr = 0.000020
2023-09-26 10:28:04,614 - fewshot_modelnet_non_linear_classification - INFO - [Validation] EPOCH: 134  acc = 96.0000
2023-09-26 10:28:05,093 - fewshot_modelnet_non_linear_classification - INFO - Save checkpoint at ./experiments/fewshot_modelnet_non_linear_classification/cfgs/add_as_normal/ckpt-last.pth
2023-09-26 10:28:06,459 - fewshot_modelnet_non_linear_classification - INFO - [Training] EPOCH: 135 EpochTime = 1.363 (s) Losses = ['0.0263', '100.0000'] lr = 0.000018
2023-09-26 10:28:07,496 - fewshot_modelnet_non_linear_classification - INFO - [Validation] EPOCH: 135  acc = 96.0000
2023-09-26 10:28:07,983 - fewshot_modelnet_non_linear_classification - INFO - Save checkpoint at ./experiments/fewshot_modelnet_non_linear_classification/cfgs/add_as_normal/ckpt-last.pth
2023-09-26 10:28:09,357 - fewshot_modelnet_non_linear_classification - INFO - [Training] EPOCH: 136 EpochTime = 1.373 (s) Losses = ['0.0217', '100.0000'] lr = 0.000016
2023-09-26 10:28:10,420 - fewshot_modelnet_non_linear_classification - INFO - [Validation] EPOCH: 136  acc = 96.0000
2023-09-26 10:28:10,940 - fewshot_modelnet_non_linear_classification - INFO - Save checkpoint at ./experiments/fewshot_modelnet_non_linear_classification/cfgs/add_as_normal/ckpt-last.pth
2023-09-26 10:28:12,238 - fewshot_modelnet_non_linear_classification - INFO - [Training] EPOCH: 137 EpochTime = 1.297 (s) Losses = ['0.0192', '100.0000'] lr = 0.000014
2023-09-26 10:28:13,271 - fewshot_modelnet_non_linear_classification - INFO - [Validation] EPOCH: 137  acc = 96.0000
2023-09-26 10:28:13,762 - fewshot_modelnet_non_linear_classification - INFO - Save checkpoint at ./experiments/fewshot_modelnet_non_linear_classification/cfgs/add_as_normal/ckpt-last.pth
2023-09-26 10:28:15,138 - fewshot_modelnet_non_linear_classification - INFO - [Training] EPOCH: 138 EpochTime = 1.374 (s) Losses = ['0.0396', '100.0000'] lr = 0.000012
2023-09-26 10:28:16,273 - fewshot_modelnet_non_linear_classification - INFO - [Validation] EPOCH: 138  acc = 96.0000
2023-09-26 10:28:16,842 - fewshot_modelnet_non_linear_classification - INFO - Save checkpoint at ./experiments/fewshot_modelnet_non_linear_classification/cfgs/add_as_normal/ckpt-last.pth
2023-09-26 10:28:18,230 - fewshot_modelnet_non_linear_classification - INFO - [Training] EPOCH: 139 EpochTime = 1.386 (s) Losses = ['0.0309', '100.0000'] lr = 0.000010
2023-09-26 10:28:19,351 - fewshot_modelnet_non_linear_classification - INFO - [Validation] EPOCH: 139  acc = 96.0000
2023-09-26 10:28:19,839 - fewshot_modelnet_non_linear_classification - INFO - Save checkpoint at ./experiments/fewshot_modelnet_non_linear_classification/cfgs/add_as_normal/ckpt-last.pth
2023-09-26 10:28:21,199 - fewshot_modelnet_non_linear_classification - INFO - [Training] EPOCH: 140 EpochTime = 1.357 (s) Losses = ['0.0202', '100.0000'] lr = 0.000009
2023-09-26 10:28:22,450 - fewshot_modelnet_non_linear_classification - INFO - [Validation] EPOCH: 140  acc = 96.0000
2023-09-26 10:28:22,989 - fewshot_modelnet_non_linear_classification - INFO - Save checkpoint at ./experiments/fewshot_modelnet_non_linear_classification/cfgs/add_as_normal/ckpt-last.pth
2023-09-26 10:28:24,313 - fewshot_modelnet_non_linear_classification - INFO - [Training] EPOCH: 141 EpochTime = 1.322 (s) Losses = ['0.0432', '100.0000'] lr = 0.000007
2023-09-26 10:28:25,439 - fewshot_modelnet_non_linear_classification - INFO - [Validation] EPOCH: 141  acc = 96.0000
2023-09-26 10:28:25,957 - fewshot_modelnet_non_linear_classification - INFO - Save checkpoint at ./experiments/fewshot_modelnet_non_linear_classification/cfgs/add_as_normal/ckpt-last.pth
2023-09-26 10:28:26,419 - fewshot_modelnet_non_linear_classification - INFO - Save checkpoint at ./experiments/fewshot_modelnet_non_linear_classification/cfgs/add_as_normal/ckpt-epoch-141.pth
2023-09-26 10:28:27,851 - fewshot_modelnet_non_linear_classification - INFO - [Training] EPOCH: 142 EpochTime = 1.430 (s) Losses = ['0.0319', '100.0000'] lr = 0.000006
2023-09-26 10:28:28,965 - fewshot_modelnet_non_linear_classification - INFO - [Validation] EPOCH: 142  acc = 96.0000
2023-09-26 10:28:29,437 - fewshot_modelnet_non_linear_classification - INFO - Save checkpoint at ./experiments/fewshot_modelnet_non_linear_classification/cfgs/add_as_normal/ckpt-last.pth
2023-09-26 10:28:29,875 - fewshot_modelnet_non_linear_classification - INFO - Save checkpoint at ./experiments/fewshot_modelnet_non_linear_classification/cfgs/add_as_normal/ckpt-epoch-142.pth
2023-09-26 10:28:31,353 - fewshot_modelnet_non_linear_classification - INFO - [Training] EPOCH: 143 EpochTime = 1.475 (s) Losses = ['0.0344', '100.0000'] lr = 0.000005
2023-09-26 10:28:32,473 - fewshot_modelnet_non_linear_classification - INFO - [Validation] EPOCH: 143  acc = 96.0000
2023-09-26 10:28:32,972 - fewshot_modelnet_non_linear_classification - INFO - Save checkpoint at ./experiments/fewshot_modelnet_non_linear_classification/cfgs/add_as_normal/ckpt-last.pth
2023-09-26 10:28:33,380 - fewshot_modelnet_non_linear_classification - INFO - Save checkpoint at ./experiments/fewshot_modelnet_non_linear_classification/cfgs/add_as_normal/ckpt-epoch-143.pth
2023-09-26 10:28:34,752 - fewshot_modelnet_non_linear_classification - INFO - [Training] EPOCH: 144 EpochTime = 1.370 (s) Losses = ['0.0288', '100.0000'] lr = 0.000004
2023-09-26 10:28:35,837 - fewshot_modelnet_non_linear_classification - INFO - [Validation] EPOCH: 144  acc = 96.0000
2023-09-26 10:28:36,377 - fewshot_modelnet_non_linear_classification - INFO - Save checkpoint at ./experiments/fewshot_modelnet_non_linear_classification/cfgs/add_as_normal/ckpt-last.pth
2023-09-26 10:28:36,802 - fewshot_modelnet_non_linear_classification - INFO - Save checkpoint at ./experiments/fewshot_modelnet_non_linear_classification/cfgs/add_as_normal/ckpt-epoch-144.pth
2023-09-26 10:28:38,127 - fewshot_modelnet_non_linear_classification - INFO - [Training] EPOCH: 145 EpochTime = 1.323 (s) Losses = ['0.0268', '100.0000'] lr = 0.000003
2023-09-26 10:28:39,308 - fewshot_modelnet_non_linear_classification - INFO - [Validation] EPOCH: 145  acc = 96.0000
2023-09-26 10:28:39,777 - fewshot_modelnet_non_linear_classification - INFO - Save checkpoint at ./experiments/fewshot_modelnet_non_linear_classification/cfgs/add_as_normal/ckpt-last.pth
2023-09-26 10:28:40,201 - fewshot_modelnet_non_linear_classification - INFO - Save checkpoint at ./experiments/fewshot_modelnet_non_linear_classification/cfgs/add_as_normal/ckpt-epoch-145.pth
2023-09-26 10:28:41,531 - fewshot_modelnet_non_linear_classification - INFO - [Training] EPOCH: 146 EpochTime = 1.328 (s) Losses = ['0.0291', '100.0000'] lr = 0.000002
2023-09-26 10:28:42,613 - fewshot_modelnet_non_linear_classification - INFO - [Validation] EPOCH: 146  acc = 96.0000
2023-09-26 10:28:43,078 - fewshot_modelnet_non_linear_classification - INFO - Save checkpoint at ./experiments/fewshot_modelnet_non_linear_classification/cfgs/add_as_normal/ckpt-last.pth
2023-09-26 10:28:43,573 - fewshot_modelnet_non_linear_classification - INFO - Save checkpoint at ./experiments/fewshot_modelnet_non_linear_classification/cfgs/add_as_normal/ckpt-epoch-146.pth
2023-09-26 10:28:44,968 - fewshot_modelnet_non_linear_classification - INFO - [Training] EPOCH: 147 EpochTime = 1.393 (s) Losses = ['0.0459', '100.0000'] lr = 0.000002
2023-09-26 10:28:46,072 - fewshot_modelnet_non_linear_classification - INFO - [Validation] EPOCH: 147  acc = 96.0000
2023-09-26 10:28:46,621 - fewshot_modelnet_non_linear_classification - INFO - Save checkpoint at ./experiments/fewshot_modelnet_non_linear_classification/cfgs/add_as_normal/ckpt-last.pth
2023-09-26 10:28:47,102 - fewshot_modelnet_non_linear_classification - INFO - Save checkpoint at ./experiments/fewshot_modelnet_non_linear_classification/cfgs/add_as_normal/ckpt-epoch-147.pth
2023-09-26 10:28:48,420 - fewshot_modelnet_non_linear_classification - INFO - [Training] EPOCH: 148 EpochTime = 1.316 (s) Losses = ['0.0349', '100.0000'] lr = 0.000001
2023-09-26 10:28:49,654 - fewshot_modelnet_non_linear_classification - INFO - [Validation] EPOCH: 148  acc = 96.0000
2023-09-26 10:28:50,124 - fewshot_modelnet_non_linear_classification - INFO - Save checkpoint at ./experiments/fewshot_modelnet_non_linear_classification/cfgs/add_as_normal/ckpt-last.pth
2023-09-26 10:28:50,632 - fewshot_modelnet_non_linear_classification - INFO - Save checkpoint at ./experiments/fewshot_modelnet_non_linear_classification/cfgs/add_as_normal/ckpt-epoch-148.pth
2023-09-26 10:28:52,047 - fewshot_modelnet_non_linear_classification - INFO - [Training] EPOCH: 149 EpochTime = 1.413 (s) Losses = ['0.0233', '100.0000'] lr = 0.000001
2023-09-26 10:28:53,215 - fewshot_modelnet_non_linear_classification - INFO - [Validation] EPOCH: 149  acc = 96.0000
2023-09-26 10:28:53,747 - fewshot_modelnet_non_linear_classification - INFO - Save checkpoint at ./experiments/fewshot_modelnet_non_linear_classification/cfgs/add_as_normal/ckpt-last.pth
2023-09-26 10:28:54,198 - fewshot_modelnet_non_linear_classification - INFO - Save checkpoint at ./experiments/fewshot_modelnet_non_linear_classification/cfgs/add_as_normal/ckpt-epoch-149.pth
2023-09-26 10:28:55,540 - fewshot_modelnet_non_linear_classification - INFO - [Training] EPOCH: 150 EpochTime = 1.340 (s) Losses = ['0.0204', '100.0000'] lr = 0.000001
2023-09-26 10:28:56,585 - fewshot_modelnet_non_linear_classification - INFO - [Validation] EPOCH: 150  acc = 96.0000
2023-09-26 10:28:57,130 - fewshot_modelnet_non_linear_classification - INFO - Save checkpoint at ./experiments/fewshot_modelnet_non_linear_classification/cfgs/add_as_normal/ckpt-last.pth
2023-09-26 10:28:57,648 - fewshot_modelnet_non_linear_classification - INFO - Save checkpoint at ./experiments/fewshot_modelnet_non_linear_classification/cfgs/add_as_normal/ckpt-epoch-150.pth
