2023-09-26 13:54:11,823 - fewshot_modelnet_non_linear_classification - INFO - Copy the Config file from cfgs/fewshot_modelnet_non_linear_classification.yaml to ./experiments/fewshot_modelnet_non_linear_classification/cfgs/add_as_normal/config.yaml
2023-09-26 13:54:11,823 - fewshot_modelnet_non_linear_classification - INFO - args.config : cfgs/fewshot_modelnet_non_linear_classification.yaml
2023-09-26 13:54:11,823 - fewshot_modelnet_non_linear_classification - INFO - args.launcher : none
2023-09-26 13:54:11,823 - fewshot_modelnet_non_linear_classification - INFO - args.local_rank : 0
2023-09-26 13:54:11,823 - fewshot_modelnet_non_linear_classification - INFO - args.num_workers : 8
2023-09-26 13:54:11,823 - fewshot_modelnet_non_linear_classification - INFO - args.seed : 0
2023-09-26 13:54:11,823 - fewshot_modelnet_non_linear_classification - INFO - args.deterministic : False
2023-09-26 13:54:11,823 - fewshot_modelnet_non_linear_classification - INFO - args.sync_bn : True
2023-09-26 13:54:11,823 - fewshot_modelnet_non_linear_classification - INFO - args.update_weights_every : 1
2023-09-26 13:54:11,823 - fewshot_modelnet_non_linear_classification - INFO - args.main_task : 0
2023-09-26 13:54:11,823 - fewshot_modelnet_non_linear_classification - INFO - args.nashmtl_optim_niter : 20
2023-09-26 13:54:11,824 - fewshot_modelnet_non_linear_classification - INFO - args.c : 0.4
2023-09-26 13:54:11,824 - fewshot_modelnet_non_linear_classification - INFO - args.dwa_temp : 2.0
2023-09-26 13:54:11,824 - fewshot_modelnet_non_linear_classification - INFO - args.method_params_lr : 0.025
2023-09-26 13:54:11,824 - fewshot_modelnet_non_linear_classification - INFO - args.method : nashmtl
2023-09-26 13:54:11,824 - fewshot_modelnet_non_linear_classification - INFO - args.gpu : 5
2023-09-26 13:54:11,824 - fewshot_modelnet_non_linear_classification - INFO - args.large_group : 5
2023-09-26 13:54:11,824 - fewshot_modelnet_non_linear_classification - INFO - args.small_group : 10
2023-09-26 13:54:11,824 - fewshot_modelnet_non_linear_classification - INFO - args.large_patch : 6
2023-09-26 13:54:11,824 - fewshot_modelnet_non_linear_classification - INFO - args.small_patch : 3
2023-09-26 13:54:11,824 - fewshot_modelnet_non_linear_classification - INFO - args.queue_length : 8192
2023-09-26 13:54:11,824 - fewshot_modelnet_non_linear_classification - INFO - args.epoch_queue_starts : 10
2023-09-26 13:54:11,824 - fewshot_modelnet_non_linear_classification - INFO - args.nmb_crops : [5, 10]
2023-09-26 13:54:11,824 - fewshot_modelnet_non_linear_classification - INFO - args.fea_dim : 384
2023-09-26 13:54:11,824 - fewshot_modelnet_non_linear_classification - INFO - args.hidden_mlp : 256
2023-09-26 13:54:11,824 - fewshot_modelnet_non_linear_classification - INFO - args.output_dim : 128
2023-09-26 13:54:11,824 - fewshot_modelnet_non_linear_classification - INFO - args.nmb_prototypes : 200
2023-09-26 13:54:11,824 - fewshot_modelnet_non_linear_classification - INFO - args.temperature : 0.1
2023-09-26 13:54:11,824 - fewshot_modelnet_non_linear_classification - INFO - args.epsilon : 0.05
2023-09-26 13:54:11,824 - fewshot_modelnet_non_linear_classification - INFO - args.sinkhorn_iterations : 3
2023-09-26 13:54:11,824 - fewshot_modelnet_non_linear_classification - INFO - args.world_size : 1
2023-09-26 13:54:11,825 - fewshot_modelnet_non_linear_classification - INFO - args.exp_name : add_as_normal
2023-09-26 13:54:11,825 - fewshot_modelnet_non_linear_classification - INFO - args.loss : cd1
2023-09-26 13:54:11,825 - fewshot_modelnet_non_linear_classification - INFO - args.start_ckpts : None
2023-09-26 13:54:11,825 - fewshot_modelnet_non_linear_classification - INFO - args.ckpts : ./experiments/pretrain_MaskSurf/cfgs/add_as_normal/ckpt-last.pth
2023-09-26 13:54:11,825 - fewshot_modelnet_non_linear_classification - INFO - args.val_freq : 1
2023-09-26 13:54:11,825 - fewshot_modelnet_non_linear_classification - INFO - args.vote : False
2023-09-26 13:54:11,825 - fewshot_modelnet_non_linear_classification - INFO - args.resume : False
2023-09-26 13:54:11,825 - fewshot_modelnet_non_linear_classification - INFO - args.test : False
2023-09-26 13:54:11,825 - fewshot_modelnet_non_linear_classification - INFO - args.finetune_model : True
2023-09-26 13:54:11,825 - fewshot_modelnet_non_linear_classification - INFO - args.scratch_model : False
2023-09-26 13:54:11,825 - fewshot_modelnet_non_linear_classification - INFO - args.mode : None
2023-09-26 13:54:11,825 - fewshot_modelnet_non_linear_classification - INFO - args.way : 10
2023-09-26 13:54:11,825 - fewshot_modelnet_non_linear_classification - INFO - args.shot : 20
2023-09-26 13:54:11,825 - fewshot_modelnet_non_linear_classification - INFO - args.fold : 5
2023-09-26 13:54:11,825 - fewshot_modelnet_non_linear_classification - INFO - args.experiment_path : ./experiments/fewshot_modelnet_non_linear_classification/cfgs/add_as_normal
2023-09-26 13:54:11,825 - fewshot_modelnet_non_linear_classification - INFO - args.tfboard_path : ./experiments/fewshot_modelnet_non_linear_classification/cfgs/TFBoard/add_as_normal
2023-09-26 13:54:11,825 - fewshot_modelnet_non_linear_classification - INFO - args.log_name : fewshot_modelnet_non_linear_classification
2023-09-26 13:54:11,825 - fewshot_modelnet_non_linear_classification - INFO - args.use_gpu : True
2023-09-26 13:54:11,826 - fewshot_modelnet_non_linear_classification - INFO - args.distributed : False
2023-09-26 13:54:11,826 - fewshot_modelnet_non_linear_classification - INFO - config.optimizer = edict()
2023-09-26 13:54:11,826 - fewshot_modelnet_non_linear_classification - INFO - config.optimizer.type : AdamW
2023-09-26 13:54:11,826 - fewshot_modelnet_non_linear_classification - INFO - config.optimizer.part : only_new
2023-09-26 13:54:11,826 - fewshot_modelnet_non_linear_classification - INFO - config.optimizer.kwargs = edict()
2023-09-26 13:54:11,826 - fewshot_modelnet_non_linear_classification - INFO - config.optimizer.kwargs.lr : 0.0007
2023-09-26 13:54:11,826 - fewshot_modelnet_non_linear_classification - INFO - config.optimizer.kwargs.weight_decay : 0.05
2023-09-26 13:54:11,826 - fewshot_modelnet_non_linear_classification - INFO - config.scheduler = edict()
2023-09-26 13:54:11,826 - fewshot_modelnet_non_linear_classification - INFO - config.scheduler.type : CosLR
2023-09-26 13:54:11,826 - fewshot_modelnet_non_linear_classification - INFO - config.scheduler.kwargs = edict()
2023-09-26 13:54:11,826 - fewshot_modelnet_non_linear_classification - INFO - config.scheduler.kwargs.epochs : 150
2023-09-26 13:54:11,826 - fewshot_modelnet_non_linear_classification - INFO - config.scheduler.kwargs.initial_epochs : 10
2023-09-26 13:54:11,826 - fewshot_modelnet_non_linear_classification - INFO - config.dataset = edict()
2023-09-26 13:54:11,826 - fewshot_modelnet_non_linear_classification - INFO - config.dataset.train = edict()
2023-09-26 13:54:11,826 - fewshot_modelnet_non_linear_classification - INFO - config.dataset.train._base_ = edict()
2023-09-26 13:54:11,826 - fewshot_modelnet_non_linear_classification - INFO - config.dataset.train._base_.NAME : ModelNetFewShot
2023-09-26 13:54:11,826 - fewshot_modelnet_non_linear_classification - INFO - config.dataset.train._base_.DATA_PATH : data/ModelNetFewshot
2023-09-26 13:54:11,827 - fewshot_modelnet_non_linear_classification - INFO - config.dataset.train._base_.N_POINTS : 8192
2023-09-26 13:54:11,827 - fewshot_modelnet_non_linear_classification - INFO - config.dataset.train._base_.NUM_CATEGORY : 40
2023-09-26 13:54:11,827 - fewshot_modelnet_non_linear_classification - INFO - config.dataset.train._base_.USE_NORMALS : False
2023-09-26 13:54:11,827 - fewshot_modelnet_non_linear_classification - INFO - config.dataset.train.others = edict()
2023-09-26 13:54:11,827 - fewshot_modelnet_non_linear_classification - INFO - config.dataset.train.others.subset : train
2023-09-26 13:54:11,827 - fewshot_modelnet_non_linear_classification - INFO - config.dataset.train.others.bs : 32
2023-09-26 13:54:11,827 - fewshot_modelnet_non_linear_classification - INFO - config.dataset.val = edict()
2023-09-26 13:54:11,827 - fewshot_modelnet_non_linear_classification - INFO - config.dataset.val._base_ = edict()
2023-09-26 13:54:11,827 - fewshot_modelnet_non_linear_classification - INFO - config.dataset.val._base_.NAME : ModelNetFewShot
2023-09-26 13:54:11,827 - fewshot_modelnet_non_linear_classification - INFO - config.dataset.val._base_.DATA_PATH : data/ModelNetFewshot
2023-09-26 13:54:11,827 - fewshot_modelnet_non_linear_classification - INFO - config.dataset.val._base_.N_POINTS : 8192
2023-09-26 13:54:11,827 - fewshot_modelnet_non_linear_classification - INFO - config.dataset.val._base_.NUM_CATEGORY : 40
2023-09-26 13:54:11,827 - fewshot_modelnet_non_linear_classification - INFO - config.dataset.val._base_.USE_NORMALS : False
2023-09-26 13:54:11,827 - fewshot_modelnet_non_linear_classification - INFO - config.dataset.val.others = edict()
2023-09-26 13:54:11,827 - fewshot_modelnet_non_linear_classification - INFO - config.dataset.val.others.subset : test
2023-09-26 13:54:11,827 - fewshot_modelnet_non_linear_classification - INFO - config.dataset.val.others.bs : 64
2023-09-26 13:54:11,827 - fewshot_modelnet_non_linear_classification - INFO - config.dataset.test = edict()
2023-09-26 13:54:11,827 - fewshot_modelnet_non_linear_classification - INFO - config.dataset.test._base_ = edict()
2023-09-26 13:54:11,828 - fewshot_modelnet_non_linear_classification - INFO - config.dataset.test._base_.NAME : ModelNet
2023-09-26 13:54:11,828 - fewshot_modelnet_non_linear_classification - INFO - config.dataset.test._base_.DATA_PATH : data/ModelNet/modelnet40_normal_resampled
2023-09-26 13:54:11,828 - fewshot_modelnet_non_linear_classification - INFO - config.dataset.test._base_.N_POINTS : 8192
2023-09-26 13:54:11,828 - fewshot_modelnet_non_linear_classification - INFO - config.dataset.test._base_.NUM_CATEGORY : 40
2023-09-26 13:54:11,828 - fewshot_modelnet_non_linear_classification - INFO - config.dataset.test._base_.USE_NORMALS : False
2023-09-26 13:54:11,828 - fewshot_modelnet_non_linear_classification - INFO - config.dataset.test.others = edict()
2023-09-26 13:54:11,828 - fewshot_modelnet_non_linear_classification - INFO - config.dataset.test.others.subset : test
2023-09-26 13:54:11,828 - fewshot_modelnet_non_linear_classification - INFO - config.dataset.test.others.bs : 32
2023-09-26 13:54:11,828 - fewshot_modelnet_non_linear_classification - INFO - config.model = edict()
2023-09-26 13:54:11,828 - fewshot_modelnet_non_linear_classification - INFO - config.model.NAME : PointTransformer
2023-09-26 13:54:11,828 - fewshot_modelnet_non_linear_classification - INFO - config.model.trans_dim : 384
2023-09-26 13:54:11,828 - fewshot_modelnet_non_linear_classification - INFO - config.model.depth : 12
2023-09-26 13:54:11,828 - fewshot_modelnet_non_linear_classification - INFO - config.model.drop_path_rate : 0.1
2023-09-26 13:54:11,828 - fewshot_modelnet_non_linear_classification - INFO - config.model.cls_dim : 40
2023-09-26 13:54:11,828 - fewshot_modelnet_non_linear_classification - INFO - config.model.num_heads : 6
2023-09-26 13:54:11,828 - fewshot_modelnet_non_linear_classification - INFO - config.model.group_size : 32
2023-09-26 13:54:11,828 - fewshot_modelnet_non_linear_classification - INFO - config.model.num_group : 64
2023-09-26 13:54:11,828 - fewshot_modelnet_non_linear_classification - INFO - config.model.encoder_dims : 384
2023-09-26 13:54:11,829 - fewshot_modelnet_non_linear_classification - INFO - config.npoints : 1024
2023-09-26 13:54:11,829 - fewshot_modelnet_non_linear_classification - INFO - config.total_bs : 32
2023-09-26 13:54:11,829 - fewshot_modelnet_non_linear_classification - INFO - config.step_per_update : 1
2023-09-26 13:54:11,829 - fewshot_modelnet_non_linear_classification - INFO - config.max_epoch : 150
2023-09-26 13:54:11,829 - fewshot_modelnet_non_linear_classification - INFO - config.grad_norm_clip : 10
2023-09-26 13:54:11,829 - fewshot_modelnet_non_linear_classification - INFO - Distributed training: False
2023-09-26 13:54:11,829 - fewshot_modelnet_non_linear_classification - INFO - Set random seed to 0, deterministic: False
2023-09-26 13:54:13,989 - fewshot_modelnet_non_linear_classification - INFO - Using Data parallel ...
2023-09-26 13:54:19,550 - fewshot_modelnet_non_linear_classification - INFO - [Training] EPOCH: 0 EpochTime = 5.556 (s) Losses = ['3.8094', '3.6458'] lr = 0.000001
2023-09-26 13:54:20,020 - fewshot_modelnet_non_linear_classification - INFO - Save checkpoint at ./experiments/fewshot_modelnet_non_linear_classification/cfgs/add_as_normal/ckpt-last.pth
2023-09-26 13:54:21,785 - fewshot_modelnet_non_linear_classification - INFO - [Training] EPOCH: 1 EpochTime = 1.763 (s) Losses = ['3.7598', '3.6458'] lr = 0.000071
2023-09-26 13:54:23,819 - fewshot_modelnet_non_linear_classification - INFO - [Validation] EPOCH: 1  acc = 0.5000
2023-09-26 13:54:24,301 - fewshot_modelnet_non_linear_classification - INFO - Save checkpoint at ./experiments/fewshot_modelnet_non_linear_classification/cfgs/add_as_normal/ckpt-best.pth
2023-09-26 13:54:24,415 - fewshot_modelnet_non_linear_classification - INFO - --------------------------------------------------------------------------------------------
2023-09-26 13:54:24,860 - fewshot_modelnet_non_linear_classification - INFO - Save checkpoint at ./experiments/fewshot_modelnet_non_linear_classification/cfgs/add_as_normal/ckpt-last.pth
2023-09-26 13:54:26,625 - fewshot_modelnet_non_linear_classification - INFO - [Training] EPOCH: 2 EpochTime = 1.763 (s) Losses = ['3.6917', '4.1667'] lr = 0.000141
2023-09-26 13:54:28,040 - fewshot_modelnet_non_linear_classification - INFO - [Validation] EPOCH: 2  acc = 3.0000
2023-09-26 13:54:28,540 - fewshot_modelnet_non_linear_classification - INFO - Save checkpoint at ./experiments/fewshot_modelnet_non_linear_classification/cfgs/add_as_normal/ckpt-best.pth
2023-09-26 13:54:28,540 - fewshot_modelnet_non_linear_classification - INFO - --------------------------------------------------------------------------------------------
2023-09-26 13:54:28,985 - fewshot_modelnet_non_linear_classification - INFO - Save checkpoint at ./experiments/fewshot_modelnet_non_linear_classification/cfgs/add_as_normal/ckpt-last.pth
2023-09-26 13:54:30,852 - fewshot_modelnet_non_linear_classification - INFO - [Training] EPOCH: 3 EpochTime = 1.866 (s) Losses = ['3.5794', '5.2083'] lr = 0.000211
2023-09-26 13:54:32,320 - fewshot_modelnet_non_linear_classification - INFO - [Validation] EPOCH: 3  acc = 24.5000
2023-09-26 13:54:32,915 - fewshot_modelnet_non_linear_classification - INFO - Save checkpoint at ./experiments/fewshot_modelnet_non_linear_classification/cfgs/add_as_normal/ckpt-best.pth
2023-09-26 13:54:32,915 - fewshot_modelnet_non_linear_classification - INFO - --------------------------------------------------------------------------------------------
2023-09-26 13:54:33,539 - fewshot_modelnet_non_linear_classification - INFO - Save checkpoint at ./experiments/fewshot_modelnet_non_linear_classification/cfgs/add_as_normal/ckpt-last.pth
2023-09-26 13:54:35,310 - fewshot_modelnet_non_linear_classification - INFO - [Training] EPOCH: 4 EpochTime = 1.769 (s) Losses = ['3.3157', '16.1458'] lr = 0.000281
2023-09-26 13:54:36,852 - fewshot_modelnet_non_linear_classification - INFO - [Validation] EPOCH: 4  acc = 48.0000
2023-09-26 13:54:37,309 - fewshot_modelnet_non_linear_classification - INFO - Save checkpoint at ./experiments/fewshot_modelnet_non_linear_classification/cfgs/add_as_normal/ckpt-best.pth
2023-09-26 13:54:37,310 - fewshot_modelnet_non_linear_classification - INFO - --------------------------------------------------------------------------------------------
2023-09-26 13:54:37,743 - fewshot_modelnet_non_linear_classification - INFO - Save checkpoint at ./experiments/fewshot_modelnet_non_linear_classification/cfgs/add_as_normal/ckpt-last.pth
2023-09-26 13:54:39,525 - fewshot_modelnet_non_linear_classification - INFO - [Training] EPOCH: 5 EpochTime = 1.780 (s) Losses = ['3.0067', '27.0833'] lr = 0.000351
2023-09-26 13:54:41,075 - fewshot_modelnet_non_linear_classification - INFO - [Validation] EPOCH: 5  acc = 62.0000
2023-09-26 13:54:41,561 - fewshot_modelnet_non_linear_classification - INFO - Save checkpoint at ./experiments/fewshot_modelnet_non_linear_classification/cfgs/add_as_normal/ckpt-best.pth
2023-09-26 13:54:41,562 - fewshot_modelnet_non_linear_classification - INFO - --------------------------------------------------------------------------------------------
2023-09-26 13:54:42,096 - fewshot_modelnet_non_linear_classification - INFO - Save checkpoint at ./experiments/fewshot_modelnet_non_linear_classification/cfgs/add_as_normal/ckpt-last.pth
2023-09-26 13:54:44,061 - fewshot_modelnet_non_linear_classification - INFO - [Training] EPOCH: 6 EpochTime = 1.963 (s) Losses = ['2.7234', '40.1042'] lr = 0.000420
2023-09-26 13:54:45,557 - fewshot_modelnet_non_linear_classification - INFO - [Validation] EPOCH: 6  acc = 75.5000
2023-09-26 13:54:46,024 - fewshot_modelnet_non_linear_classification - INFO - Save checkpoint at ./experiments/fewshot_modelnet_non_linear_classification/cfgs/add_as_normal/ckpt-best.pth
2023-09-26 13:54:46,024 - fewshot_modelnet_non_linear_classification - INFO - --------------------------------------------------------------------------------------------
2023-09-26 13:54:46,504 - fewshot_modelnet_non_linear_classification - INFO - Save checkpoint at ./experiments/fewshot_modelnet_non_linear_classification/cfgs/add_as_normal/ckpt-last.pth
2023-09-26 13:54:48,393 - fewshot_modelnet_non_linear_classification - INFO - [Training] EPOCH: 7 EpochTime = 1.887 (s) Losses = ['2.3327', '55.7292'] lr = 0.000490
2023-09-26 13:54:49,850 - fewshot_modelnet_non_linear_classification - INFO - [Validation] EPOCH: 7  acc = 79.0000
2023-09-26 13:54:50,357 - fewshot_modelnet_non_linear_classification - INFO - Save checkpoint at ./experiments/fewshot_modelnet_non_linear_classification/cfgs/add_as_normal/ckpt-best.pth
2023-09-26 13:54:50,357 - fewshot_modelnet_non_linear_classification - INFO - --------------------------------------------------------------------------------------------
2023-09-26 13:54:50,810 - fewshot_modelnet_non_linear_classification - INFO - Save checkpoint at ./experiments/fewshot_modelnet_non_linear_classification/cfgs/add_as_normal/ckpt-last.pth
2023-09-26 13:54:52,588 - fewshot_modelnet_non_linear_classification - INFO - [Training] EPOCH: 8 EpochTime = 1.776 (s) Losses = ['1.9699', '61.9792'] lr = 0.000560
2023-09-26 13:54:54,026 - fewshot_modelnet_non_linear_classification - INFO - [Validation] EPOCH: 8  acc = 85.0000
2023-09-26 13:54:54,454 - fewshot_modelnet_non_linear_classification - INFO - Save checkpoint at ./experiments/fewshot_modelnet_non_linear_classification/cfgs/add_as_normal/ckpt-best.pth
2023-09-26 13:54:54,454 - fewshot_modelnet_non_linear_classification - INFO - --------------------------------------------------------------------------------------------
2023-09-26 13:54:54,901 - fewshot_modelnet_non_linear_classification - INFO - Save checkpoint at ./experiments/fewshot_modelnet_non_linear_classification/cfgs/add_as_normal/ckpt-last.pth
2023-09-26 13:54:56,680 - fewshot_modelnet_non_linear_classification - INFO - [Training] EPOCH: 9 EpochTime = 1.777 (s) Losses = ['1.6568', '73.9583'] lr = 0.000630
2023-09-26 13:54:58,243 - fewshot_modelnet_non_linear_classification - INFO - [Validation] EPOCH: 9  acc = 83.0000
2023-09-26 13:54:58,690 - fewshot_modelnet_non_linear_classification - INFO - Save checkpoint at ./experiments/fewshot_modelnet_non_linear_classification/cfgs/add_as_normal/ckpt-last.pth
2023-09-26 13:55:00,488 - fewshot_modelnet_non_linear_classification - INFO - [Training] EPOCH: 10 EpochTime = 1.796 (s) Losses = ['1.3826', '80.2083'] lr = 0.000692
2023-09-26 13:55:01,935 - fewshot_modelnet_non_linear_classification - INFO - [Validation] EPOCH: 10  acc = 85.0000
2023-09-26 13:55:02,438 - fewshot_modelnet_non_linear_classification - INFO - Save checkpoint at ./experiments/fewshot_modelnet_non_linear_classification/cfgs/add_as_normal/ckpt-last.pth
2023-09-26 13:55:04,243 - fewshot_modelnet_non_linear_classification - INFO - [Training] EPOCH: 11 EpochTime = 1.804 (s) Losses = ['1.1963', '82.2917'] lr = 0.000691
2023-09-26 13:55:05,691 - fewshot_modelnet_non_linear_classification - INFO - [Validation] EPOCH: 11  acc = 87.0000
2023-09-26 13:55:06,139 - fewshot_modelnet_non_linear_classification - INFO - Save checkpoint at ./experiments/fewshot_modelnet_non_linear_classification/cfgs/add_as_normal/ckpt-best.pth
2023-09-26 13:55:06,140 - fewshot_modelnet_non_linear_classification - INFO - --------------------------------------------------------------------------------------------
2023-09-26 13:55:06,612 - fewshot_modelnet_non_linear_classification - INFO - Save checkpoint at ./experiments/fewshot_modelnet_non_linear_classification/cfgs/add_as_normal/ckpt-last.pth
2023-09-26 13:55:08,380 - fewshot_modelnet_non_linear_classification - INFO - [Training] EPOCH: 12 EpochTime = 1.766 (s) Losses = ['0.9710', '85.9375'] lr = 0.000689
2023-09-26 13:55:09,933 - fewshot_modelnet_non_linear_classification - INFO - [Validation] EPOCH: 12  acc = 89.5000
2023-09-26 13:55:10,408 - fewshot_modelnet_non_linear_classification - INFO - Save checkpoint at ./experiments/fewshot_modelnet_non_linear_classification/cfgs/add_as_normal/ckpt-best.pth
2023-09-26 13:55:10,408 - fewshot_modelnet_non_linear_classification - INFO - --------------------------------------------------------------------------------------------
2023-09-26 13:55:10,830 - fewshot_modelnet_non_linear_classification - INFO - Save checkpoint at ./experiments/fewshot_modelnet_non_linear_classification/cfgs/add_as_normal/ckpt-last.pth
2023-09-26 13:55:12,611 - fewshot_modelnet_non_linear_classification - INFO - [Training] EPOCH: 13 EpochTime = 1.779 (s) Losses = ['0.8457', '90.1042'] lr = 0.000687
2023-09-26 13:55:14,068 - fewshot_modelnet_non_linear_classification - INFO - [Validation] EPOCH: 13  acc = 89.0000
2023-09-26 13:55:14,550 - fewshot_modelnet_non_linear_classification - INFO - Save checkpoint at ./experiments/fewshot_modelnet_non_linear_classification/cfgs/add_as_normal/ckpt-last.pth
2023-09-26 13:55:16,325 - fewshot_modelnet_non_linear_classification - INFO - [Training] EPOCH: 14 EpochTime = 1.773 (s) Losses = ['0.7470', '90.1042'] lr = 0.000685
2023-09-26 13:55:17,895 - fewshot_modelnet_non_linear_classification - INFO - [Validation] EPOCH: 14  acc = 90.5000
2023-09-26 13:55:18,367 - fewshot_modelnet_non_linear_classification - INFO - Save checkpoint at ./experiments/fewshot_modelnet_non_linear_classification/cfgs/add_as_normal/ckpt-best.pth
2023-09-26 13:55:18,368 - fewshot_modelnet_non_linear_classification - INFO - --------------------------------------------------------------------------------------------
2023-09-26 13:55:18,838 - fewshot_modelnet_non_linear_classification - INFO - Save checkpoint at ./experiments/fewshot_modelnet_non_linear_classification/cfgs/add_as_normal/ckpt-last.pth
2023-09-26 13:55:20,619 - fewshot_modelnet_non_linear_classification - INFO - [Training] EPOCH: 15 EpochTime = 1.780 (s) Losses = ['0.6135', '91.6667'] lr = 0.000683
2023-09-26 13:55:22,122 - fewshot_modelnet_non_linear_classification - INFO - [Validation] EPOCH: 15  acc = 91.0000
2023-09-26 13:55:22,616 - fewshot_modelnet_non_linear_classification - INFO - Save checkpoint at ./experiments/fewshot_modelnet_non_linear_classification/cfgs/add_as_normal/ckpt-best.pth
2023-09-26 13:55:22,616 - fewshot_modelnet_non_linear_classification - INFO - --------------------------------------------------------------------------------------------
2023-09-26 13:55:23,077 - fewshot_modelnet_non_linear_classification - INFO - Save checkpoint at ./experiments/fewshot_modelnet_non_linear_classification/cfgs/add_as_normal/ckpt-last.pth
2023-09-26 13:55:24,930 - fewshot_modelnet_non_linear_classification - INFO - [Training] EPOCH: 16 EpochTime = 1.851 (s) Losses = ['0.5966', '89.5833'] lr = 0.000681
2023-09-26 13:55:26,380 - fewshot_modelnet_non_linear_classification - INFO - [Validation] EPOCH: 16  acc = 91.5000
2023-09-26 13:55:26,898 - fewshot_modelnet_non_linear_classification - INFO - Save checkpoint at ./experiments/fewshot_modelnet_non_linear_classification/cfgs/add_as_normal/ckpt-best.pth
2023-09-26 13:55:26,898 - fewshot_modelnet_non_linear_classification - INFO - --------------------------------------------------------------------------------------------
2023-09-26 13:55:27,361 - fewshot_modelnet_non_linear_classification - INFO - Save checkpoint at ./experiments/fewshot_modelnet_non_linear_classification/cfgs/add_as_normal/ckpt-last.pth
2023-09-26 13:55:29,218 - fewshot_modelnet_non_linear_classification - INFO - [Training] EPOCH: 17 EpochTime = 1.855 (s) Losses = ['0.5058', '94.7917'] lr = 0.000678
2023-09-26 13:55:30,734 - fewshot_modelnet_non_linear_classification - INFO - [Validation] EPOCH: 17  acc = 91.0000
2023-09-26 13:55:31,228 - fewshot_modelnet_non_linear_classification - INFO - Save checkpoint at ./experiments/fewshot_modelnet_non_linear_classification/cfgs/add_as_normal/ckpt-last.pth
2023-09-26 13:55:33,050 - fewshot_modelnet_non_linear_classification - INFO - [Training] EPOCH: 18 EpochTime = 1.821 (s) Losses = ['0.4301', '96.8750'] lr = 0.000675
2023-09-26 13:55:34,645 - fewshot_modelnet_non_linear_classification - INFO - [Validation] EPOCH: 18  acc = 92.0000
2023-09-26 13:55:35,153 - fewshot_modelnet_non_linear_classification - INFO - Save checkpoint at ./experiments/fewshot_modelnet_non_linear_classification/cfgs/add_as_normal/ckpt-best.pth
2023-09-26 13:55:35,154 - fewshot_modelnet_non_linear_classification - INFO - --------------------------------------------------------------------------------------------
2023-09-26 13:55:35,635 - fewshot_modelnet_non_linear_classification - INFO - Save checkpoint at ./experiments/fewshot_modelnet_non_linear_classification/cfgs/add_as_normal/ckpt-last.pth
2023-09-26 13:55:37,420 - fewshot_modelnet_non_linear_classification - INFO - [Training] EPOCH: 19 EpochTime = 1.783 (s) Losses = ['0.4362', '93.2292'] lr = 0.000673
2023-09-26 13:55:38,871 - fewshot_modelnet_non_linear_classification - INFO - [Validation] EPOCH: 19  acc = 94.5000
2023-09-26 13:55:39,364 - fewshot_modelnet_non_linear_classification - INFO - Save checkpoint at ./experiments/fewshot_modelnet_non_linear_classification/cfgs/add_as_normal/ckpt-best.pth
2023-09-26 13:55:39,364 - fewshot_modelnet_non_linear_classification - INFO - --------------------------------------------------------------------------------------------
2023-09-26 13:55:39,816 - fewshot_modelnet_non_linear_classification - INFO - Save checkpoint at ./experiments/fewshot_modelnet_non_linear_classification/cfgs/add_as_normal/ckpt-last.pth
2023-09-26 13:55:41,602 - fewshot_modelnet_non_linear_classification - INFO - [Training] EPOCH: 20 EpochTime = 1.784 (s) Losses = ['0.4257', '94.2708'] lr = 0.000670
2023-09-26 13:55:43,131 - fewshot_modelnet_non_linear_classification - INFO - [Validation] EPOCH: 20  acc = 93.5000
2023-09-26 13:55:43,615 - fewshot_modelnet_non_linear_classification - INFO - Save checkpoint at ./experiments/fewshot_modelnet_non_linear_classification/cfgs/add_as_normal/ckpt-last.pth
2023-09-26 13:55:45,466 - fewshot_modelnet_non_linear_classification - INFO - [Training] EPOCH: 21 EpochTime = 1.850 (s) Losses = ['0.3170', '94.7917'] lr = 0.000667
2023-09-26 13:55:47,117 - fewshot_modelnet_non_linear_classification - INFO - [Validation] EPOCH: 21  acc = 92.5000
2023-09-26 13:55:47,576 - fewshot_modelnet_non_linear_classification - INFO - Save checkpoint at ./experiments/fewshot_modelnet_non_linear_classification/cfgs/add_as_normal/ckpt-last.pth
2023-09-26 13:55:49,374 - fewshot_modelnet_non_linear_classification - INFO - [Training] EPOCH: 22 EpochTime = 1.797 (s) Losses = ['0.3258', '95.8333'] lr = 0.000664
2023-09-26 13:55:50,853 - fewshot_modelnet_non_linear_classification - INFO - [Validation] EPOCH: 22  acc = 92.0000
2023-09-26 13:55:51,297 - fewshot_modelnet_non_linear_classification - INFO - Save checkpoint at ./experiments/fewshot_modelnet_non_linear_classification/cfgs/add_as_normal/ckpt-last.pth
2023-09-26 13:55:53,094 - fewshot_modelnet_non_linear_classification - INFO - [Training] EPOCH: 23 EpochTime = 1.795 (s) Losses = ['0.2881', '96.3542'] lr = 0.000660
2023-09-26 13:55:54,567 - fewshot_modelnet_non_linear_classification - INFO - [Validation] EPOCH: 23  acc = 93.0000
2023-09-26 13:55:55,090 - fewshot_modelnet_non_linear_classification - INFO - Save checkpoint at ./experiments/fewshot_modelnet_non_linear_classification/cfgs/add_as_normal/ckpt-last.pth
2023-09-26 13:55:56,913 - fewshot_modelnet_non_linear_classification - INFO - [Training] EPOCH: 24 EpochTime = 1.821 (s) Losses = ['0.2342', '100.0000'] lr = 0.000657
2023-09-26 13:55:58,419 - fewshot_modelnet_non_linear_classification - INFO - [Validation] EPOCH: 24  acc = 93.0000
2023-09-26 13:55:58,890 - fewshot_modelnet_non_linear_classification - INFO - Save checkpoint at ./experiments/fewshot_modelnet_non_linear_classification/cfgs/add_as_normal/ckpt-last.pth
2023-09-26 13:56:00,849 - fewshot_modelnet_non_linear_classification - INFO - [Training] EPOCH: 25 EpochTime = 1.956 (s) Losses = ['0.2731', '97.3958'] lr = 0.000653
2023-09-26 13:56:02,324 - fewshot_modelnet_non_linear_classification - INFO - [Validation] EPOCH: 25  acc = 94.0000
2023-09-26 13:56:02,793 - fewshot_modelnet_non_linear_classification - INFO - Save checkpoint at ./experiments/fewshot_modelnet_non_linear_classification/cfgs/add_as_normal/ckpt-last.pth
2023-09-26 13:56:04,698 - fewshot_modelnet_non_linear_classification - INFO - [Training] EPOCH: 26 EpochTime = 1.904 (s) Losses = ['0.2565', '95.8333'] lr = 0.000649
2023-09-26 13:56:06,146 - fewshot_modelnet_non_linear_classification - INFO - [Validation] EPOCH: 26  acc = 94.5000
2023-09-26 13:56:06,655 - fewshot_modelnet_non_linear_classification - INFO - Save checkpoint at ./experiments/fewshot_modelnet_non_linear_classification/cfgs/add_as_normal/ckpt-last.pth
2023-09-26 13:56:08,445 - fewshot_modelnet_non_linear_classification - INFO - [Training] EPOCH: 27 EpochTime = 1.789 (s) Losses = ['0.2231', '96.8750'] lr = 0.000646
2023-09-26 13:56:09,908 - fewshot_modelnet_non_linear_classification - INFO - [Validation] EPOCH: 27  acc = 94.5000
2023-09-26 13:56:10,405 - fewshot_modelnet_non_linear_classification - INFO - Save checkpoint at ./experiments/fewshot_modelnet_non_linear_classification/cfgs/add_as_normal/ckpt-last.pth
2023-09-26 13:56:12,206 - fewshot_modelnet_non_linear_classification - INFO - [Training] EPOCH: 28 EpochTime = 1.800 (s) Losses = ['0.2068', '97.3958'] lr = 0.000642
2023-09-26 13:56:13,697 - fewshot_modelnet_non_linear_classification - INFO - [Validation] EPOCH: 28  acc = 95.0000
2023-09-26 13:56:14,116 - fewshot_modelnet_non_linear_classification - INFO - Save checkpoint at ./experiments/fewshot_modelnet_non_linear_classification/cfgs/add_as_normal/ckpt-best.pth
2023-09-26 13:56:14,116 - fewshot_modelnet_non_linear_classification - INFO - --------------------------------------------------------------------------------------------
2023-09-26 13:56:14,567 - fewshot_modelnet_non_linear_classification - INFO - Save checkpoint at ./experiments/fewshot_modelnet_non_linear_classification/cfgs/add_as_normal/ckpt-last.pth
2023-09-26 13:56:16,383 - fewshot_modelnet_non_linear_classification - INFO - [Training] EPOCH: 29 EpochTime = 1.814 (s) Losses = ['0.1971', '96.3542'] lr = 0.000637
2023-09-26 13:56:17,884 - fewshot_modelnet_non_linear_classification - INFO - [Validation] EPOCH: 29  acc = 95.0000
2023-09-26 13:56:18,435 - fewshot_modelnet_non_linear_classification - INFO - Save checkpoint at ./experiments/fewshot_modelnet_non_linear_classification/cfgs/add_as_normal/ckpt-last.pth
2023-09-26 13:56:20,239 - fewshot_modelnet_non_linear_classification - INFO - [Training] EPOCH: 30 EpochTime = 1.803 (s) Losses = ['0.1876', '96.8750'] lr = 0.000633
2023-09-26 13:56:21,698 - fewshot_modelnet_non_linear_classification - INFO - [Validation] EPOCH: 30  acc = 95.0000
2023-09-26 13:56:22,203 - fewshot_modelnet_non_linear_classification - INFO - Save checkpoint at ./experiments/fewshot_modelnet_non_linear_classification/cfgs/add_as_normal/ckpt-last.pth
2023-09-26 13:56:23,999 - fewshot_modelnet_non_linear_classification - INFO - [Training] EPOCH: 31 EpochTime = 1.795 (s) Losses = ['0.1469', '96.8750'] lr = 0.000629
2023-09-26 13:56:25,517 - fewshot_modelnet_non_linear_classification - INFO - [Validation] EPOCH: 31  acc = 94.5000
2023-09-26 13:56:25,992 - fewshot_modelnet_non_linear_classification - INFO - Save checkpoint at ./experiments/fewshot_modelnet_non_linear_classification/cfgs/add_as_normal/ckpt-last.pth
2023-09-26 13:56:27,801 - fewshot_modelnet_non_linear_classification - INFO - [Training] EPOCH: 32 EpochTime = 1.807 (s) Losses = ['0.1915', '96.3542'] lr = 0.000624
2023-09-26 13:56:29,325 - fewshot_modelnet_non_linear_classification - INFO - [Validation] EPOCH: 32  acc = 93.0000
2023-09-26 13:56:29,800 - fewshot_modelnet_non_linear_classification - INFO - Save checkpoint at ./experiments/fewshot_modelnet_non_linear_classification/cfgs/add_as_normal/ckpt-last.pth
2023-09-26 13:56:31,615 - fewshot_modelnet_non_linear_classification - INFO - [Training] EPOCH: 33 EpochTime = 1.814 (s) Losses = ['0.1833', '96.8750'] lr = 0.000620
2023-09-26 13:56:33,232 - fewshot_modelnet_non_linear_classification - INFO - [Validation] EPOCH: 33  acc = 93.5000
2023-09-26 13:56:33,734 - fewshot_modelnet_non_linear_classification - INFO - Save checkpoint at ./experiments/fewshot_modelnet_non_linear_classification/cfgs/add_as_normal/ckpt-last.pth
2023-09-26 13:56:35,633 - fewshot_modelnet_non_linear_classification - INFO - [Training] EPOCH: 34 EpochTime = 1.896 (s) Losses = ['0.1403', '98.9583'] lr = 0.000615
2023-09-26 13:56:37,072 - fewshot_modelnet_non_linear_classification - INFO - [Validation] EPOCH: 34  acc = 94.0000
2023-09-26 13:56:37,560 - fewshot_modelnet_non_linear_classification - INFO - Save checkpoint at ./experiments/fewshot_modelnet_non_linear_classification/cfgs/add_as_normal/ckpt-last.pth
2023-09-26 13:56:39,369 - fewshot_modelnet_non_linear_classification - INFO - [Training] EPOCH: 35 EpochTime = 1.806 (s) Losses = ['0.1720', '96.8750'] lr = 0.000610
2023-09-26 13:56:40,849 - fewshot_modelnet_non_linear_classification - INFO - [Validation] EPOCH: 35  acc = 93.5000
2023-09-26 13:56:41,412 - fewshot_modelnet_non_linear_classification - INFO - Save checkpoint at ./experiments/fewshot_modelnet_non_linear_classification/cfgs/add_as_normal/ckpt-last.pth
2023-09-26 13:56:43,214 - fewshot_modelnet_non_linear_classification - INFO - [Training] EPOCH: 36 EpochTime = 1.800 (s) Losses = ['0.1513', '97.9167'] lr = 0.000605
2023-09-26 13:56:44,749 - fewshot_modelnet_non_linear_classification - INFO - [Validation] EPOCH: 36  acc = 94.5000
2023-09-26 13:56:45,368 - fewshot_modelnet_non_linear_classification - INFO - Save checkpoint at ./experiments/fewshot_modelnet_non_linear_classification/cfgs/add_as_normal/ckpt-last.pth
2023-09-26 13:56:47,201 - fewshot_modelnet_non_linear_classification - INFO - [Training] EPOCH: 37 EpochTime = 1.831 (s) Losses = ['0.1331', '97.3958'] lr = 0.000600
2023-09-26 13:56:48,681 - fewshot_modelnet_non_linear_classification - INFO - [Validation] EPOCH: 37  acc = 93.5000
2023-09-26 13:56:49,225 - fewshot_modelnet_non_linear_classification - INFO - Save checkpoint at ./experiments/fewshot_modelnet_non_linear_classification/cfgs/add_as_normal/ckpt-last.pth
2023-09-26 13:56:51,023 - fewshot_modelnet_non_linear_classification - INFO - [Training] EPOCH: 38 EpochTime = 1.797 (s) Losses = ['0.1239', '99.4792'] lr = 0.000595
2023-09-26 13:56:52,513 - fewshot_modelnet_non_linear_classification - INFO - [Validation] EPOCH: 38  acc = 94.5000
2023-09-26 13:56:53,004 - fewshot_modelnet_non_linear_classification - INFO - Save checkpoint at ./experiments/fewshot_modelnet_non_linear_classification/cfgs/add_as_normal/ckpt-last.pth
2023-09-26 13:56:54,808 - fewshot_modelnet_non_linear_classification - INFO - [Training] EPOCH: 39 EpochTime = 1.803 (s) Losses = ['0.1431', '97.9167'] lr = 0.000590
2023-09-26 13:56:56,272 - fewshot_modelnet_non_linear_classification - INFO - [Validation] EPOCH: 39  acc = 94.0000
2023-09-26 13:56:56,781 - fewshot_modelnet_non_linear_classification - INFO - Save checkpoint at ./experiments/fewshot_modelnet_non_linear_classification/cfgs/add_as_normal/ckpt-last.pth
2023-09-26 13:56:58,557 - fewshot_modelnet_non_linear_classification - INFO - [Training] EPOCH: 40 EpochTime = 1.775 (s) Losses = ['0.1304', '98.9583'] lr = 0.000584
2023-09-26 13:57:00,118 - fewshot_modelnet_non_linear_classification - INFO - [Validation] EPOCH: 40  acc = 94.0000
2023-09-26 13:57:00,616 - fewshot_modelnet_non_linear_classification - INFO - Save checkpoint at ./experiments/fewshot_modelnet_non_linear_classification/cfgs/add_as_normal/ckpt-last.pth
2023-09-26 13:57:02,434 - fewshot_modelnet_non_linear_classification - INFO - [Training] EPOCH: 41 EpochTime = 1.816 (s) Losses = ['0.0992', '98.9583'] lr = 0.000579
2023-09-26 13:57:03,897 - fewshot_modelnet_non_linear_classification - INFO - [Validation] EPOCH: 41  acc = 94.0000
2023-09-26 13:57:04,374 - fewshot_modelnet_non_linear_classification - INFO - Save checkpoint at ./experiments/fewshot_modelnet_non_linear_classification/cfgs/add_as_normal/ckpt-last.pth
2023-09-26 13:57:06,163 - fewshot_modelnet_non_linear_classification - INFO - [Training] EPOCH: 42 EpochTime = 1.787 (s) Losses = ['0.1107', '100.0000'] lr = 0.000573
2023-09-26 13:57:07,612 - fewshot_modelnet_non_linear_classification - INFO - [Validation] EPOCH: 42  acc = 93.5000
2023-09-26 13:57:08,093 - fewshot_modelnet_non_linear_classification - INFO - Save checkpoint at ./experiments/fewshot_modelnet_non_linear_classification/cfgs/add_as_normal/ckpt-last.pth
2023-09-26 13:57:09,884 - fewshot_modelnet_non_linear_classification - INFO - [Training] EPOCH: 43 EpochTime = 1.789 (s) Losses = ['0.0885', '99.4792'] lr = 0.000568
2023-09-26 13:57:11,399 - fewshot_modelnet_non_linear_classification - INFO - [Validation] EPOCH: 43  acc = 93.5000
2023-09-26 13:57:11,911 - fewshot_modelnet_non_linear_classification - INFO - Save checkpoint at ./experiments/fewshot_modelnet_non_linear_classification/cfgs/add_as_normal/ckpt-last.pth
2023-09-26 13:57:13,695 - fewshot_modelnet_non_linear_classification - INFO - [Training] EPOCH: 44 EpochTime = 1.783 (s) Losses = ['0.0895', '99.4792'] lr = 0.000562
2023-09-26 13:57:15,173 - fewshot_modelnet_non_linear_classification - INFO - [Validation] EPOCH: 44  acc = 95.0000
2023-09-26 13:57:15,635 - fewshot_modelnet_non_linear_classification - INFO - Save checkpoint at ./experiments/fewshot_modelnet_non_linear_classification/cfgs/add_as_normal/ckpt-last.pth
2023-09-26 13:57:17,591 - fewshot_modelnet_non_linear_classification - INFO - [Training] EPOCH: 45 EpochTime = 1.955 (s) Losses = ['0.0919', '100.0000'] lr = 0.000556
2023-09-26 13:57:19,039 - fewshot_modelnet_non_linear_classification - INFO - [Validation] EPOCH: 45  acc = 95.0000
2023-09-26 13:57:19,574 - fewshot_modelnet_non_linear_classification - INFO - Save checkpoint at ./experiments/fewshot_modelnet_non_linear_classification/cfgs/add_as_normal/ckpt-last.pth
2023-09-26 13:57:21,488 - fewshot_modelnet_non_linear_classification - INFO - [Training] EPOCH: 46 EpochTime = 1.912 (s) Losses = ['0.0831', '99.4792'] lr = 0.000550
2023-09-26 13:57:22,940 - fewshot_modelnet_non_linear_classification - INFO - [Validation] EPOCH: 46  acc = 95.5000
2023-09-26 13:57:23,419 - fewshot_modelnet_non_linear_classification - INFO - Save checkpoint at ./experiments/fewshot_modelnet_non_linear_classification/cfgs/add_as_normal/ckpt-best.pth
2023-09-26 13:57:23,420 - fewshot_modelnet_non_linear_classification - INFO - --------------------------------------------------------------------------------------------
2023-09-26 13:57:23,918 - fewshot_modelnet_non_linear_classification - INFO - Save checkpoint at ./experiments/fewshot_modelnet_non_linear_classification/cfgs/add_as_normal/ckpt-last.pth
2023-09-26 13:57:25,742 - fewshot_modelnet_non_linear_classification - INFO - [Training] EPOCH: 47 EpochTime = 1.822 (s) Losses = ['0.0933', '98.4375'] lr = 0.000544
2023-09-26 13:57:27,312 - fewshot_modelnet_non_linear_classification - INFO - [Validation] EPOCH: 47  acc = 95.0000
2023-09-26 13:57:27,805 - fewshot_modelnet_non_linear_classification - INFO - Save checkpoint at ./experiments/fewshot_modelnet_non_linear_classification/cfgs/add_as_normal/ckpt-last.pth
2023-09-26 13:57:29,576 - fewshot_modelnet_non_linear_classification - INFO - [Training] EPOCH: 48 EpochTime = 1.770 (s) Losses = ['0.0940', '99.4792'] lr = 0.000538
2023-09-26 13:57:31,011 - fewshot_modelnet_non_linear_classification - INFO - [Validation] EPOCH: 48  acc = 95.5000
2023-09-26 13:57:31,488 - fewshot_modelnet_non_linear_classification - INFO - Save checkpoint at ./experiments/fewshot_modelnet_non_linear_classification/cfgs/add_as_normal/ckpt-last.pth
2023-09-26 13:57:33,325 - fewshot_modelnet_non_linear_classification - INFO - [Training] EPOCH: 49 EpochTime = 1.835 (s) Losses = ['0.1089', '98.4375'] lr = 0.000532
2023-09-26 13:57:34,800 - fewshot_modelnet_non_linear_classification - INFO - [Validation] EPOCH: 49  acc = 94.5000
2023-09-26 13:57:35,280 - fewshot_modelnet_non_linear_classification - INFO - Save checkpoint at ./experiments/fewshot_modelnet_non_linear_classification/cfgs/add_as_normal/ckpt-last.pth
2023-09-26 13:57:37,053 - fewshot_modelnet_non_linear_classification - INFO - [Training] EPOCH: 50 EpochTime = 1.771 (s) Losses = ['0.0825', '98.9583'] lr = 0.000525
2023-09-26 13:57:38,485 - fewshot_modelnet_non_linear_classification - INFO - [Validation] EPOCH: 50  acc = 93.5000
2023-09-26 13:57:38,955 - fewshot_modelnet_non_linear_classification - INFO - Save checkpoint at ./experiments/fewshot_modelnet_non_linear_classification/cfgs/add_as_normal/ckpt-last.pth
2023-09-26 13:57:40,728 - fewshot_modelnet_non_linear_classification - INFO - [Training] EPOCH: 51 EpochTime = 1.771 (s) Losses = ['0.0696', '100.0000'] lr = 0.000519
2023-09-26 13:57:42,190 - fewshot_modelnet_non_linear_classification - INFO - [Validation] EPOCH: 51  acc = 92.5000
2023-09-26 13:57:42,677 - fewshot_modelnet_non_linear_classification - INFO - Save checkpoint at ./experiments/fewshot_modelnet_non_linear_classification/cfgs/add_as_normal/ckpt-last.pth
2023-09-26 13:57:44,570 - fewshot_modelnet_non_linear_classification - INFO - [Training] EPOCH: 52 EpochTime = 1.890 (s) Losses = ['0.0630', '100.0000'] lr = 0.000512
2023-09-26 13:57:46,033 - fewshot_modelnet_non_linear_classification - INFO - [Validation] EPOCH: 52  acc = 93.0000
2023-09-26 13:57:46,529 - fewshot_modelnet_non_linear_classification - INFO - Save checkpoint at ./experiments/fewshot_modelnet_non_linear_classification/cfgs/add_as_normal/ckpt-last.pth
2023-09-26 13:57:48,397 - fewshot_modelnet_non_linear_classification - INFO - [Training] EPOCH: 53 EpochTime = 1.867 (s) Losses = ['0.0808', '100.0000'] lr = 0.000506
2023-09-26 13:57:49,851 - fewshot_modelnet_non_linear_classification - INFO - [Validation] EPOCH: 53  acc = 93.5000
2023-09-26 13:57:50,425 - fewshot_modelnet_non_linear_classification - INFO - Save checkpoint at ./experiments/fewshot_modelnet_non_linear_classification/cfgs/add_as_normal/ckpt-last.pth
2023-09-26 13:57:52,253 - fewshot_modelnet_non_linear_classification - INFO - [Training] EPOCH: 54 EpochTime = 1.826 (s) Losses = ['0.0689', '98.9583'] lr = 0.000499
2023-09-26 13:57:53,703 - fewshot_modelnet_non_linear_classification - INFO - [Validation] EPOCH: 54  acc = 94.0000
2023-09-26 13:57:54,178 - fewshot_modelnet_non_linear_classification - INFO - Save checkpoint at ./experiments/fewshot_modelnet_non_linear_classification/cfgs/add_as_normal/ckpt-last.pth
2023-09-26 13:57:56,054 - fewshot_modelnet_non_linear_classification - INFO - [Training] EPOCH: 55 EpochTime = 1.874 (s) Losses = ['0.1376', '96.3542'] lr = 0.000493
2023-09-26 13:57:57,528 - fewshot_modelnet_non_linear_classification - INFO - [Validation] EPOCH: 55  acc = 94.0000
2023-09-26 13:57:58,020 - fewshot_modelnet_non_linear_classification - INFO - Save checkpoint at ./experiments/fewshot_modelnet_non_linear_classification/cfgs/add_as_normal/ckpt-last.pth
2023-09-26 13:57:59,806 - fewshot_modelnet_non_linear_classification - INFO - [Training] EPOCH: 56 EpochTime = 1.784 (s) Losses = ['0.0609', '99.4792'] lr = 0.000486
2023-09-26 13:58:01,253 - fewshot_modelnet_non_linear_classification - INFO - [Validation] EPOCH: 56  acc = 93.5000
2023-09-26 13:58:01,752 - fewshot_modelnet_non_linear_classification - INFO - Save checkpoint at ./experiments/fewshot_modelnet_non_linear_classification/cfgs/add_as_normal/ckpt-last.pth
2023-09-26 13:58:03,615 - fewshot_modelnet_non_linear_classification - INFO - [Training] EPOCH: 57 EpochTime = 1.861 (s) Losses = ['0.0590', '100.0000'] lr = 0.000479
2023-09-26 13:58:05,070 - fewshot_modelnet_non_linear_classification - INFO - [Validation] EPOCH: 57  acc = 93.5000
2023-09-26 13:58:05,536 - fewshot_modelnet_non_linear_classification - INFO - Save checkpoint at ./experiments/fewshot_modelnet_non_linear_classification/cfgs/add_as_normal/ckpt-last.pth
2023-09-26 13:58:07,406 - fewshot_modelnet_non_linear_classification - INFO - [Training] EPOCH: 58 EpochTime = 1.866 (s) Losses = ['0.0763', '98.9583'] lr = 0.000472
2023-09-26 13:58:08,892 - fewshot_modelnet_non_linear_classification - INFO - [Validation] EPOCH: 58  acc = 94.0000
2023-09-26 13:58:09,330 - fewshot_modelnet_non_linear_classification - INFO - Save checkpoint at ./experiments/fewshot_modelnet_non_linear_classification/cfgs/add_as_normal/ckpt-last.pth
2023-09-26 13:58:11,099 - fewshot_modelnet_non_linear_classification - INFO - [Training] EPOCH: 59 EpochTime = 1.767 (s) Losses = ['0.0581', '99.4792'] lr = 0.000465
2023-09-26 13:58:12,545 - fewshot_modelnet_non_linear_classification - INFO - [Validation] EPOCH: 59  acc = 94.5000
2023-09-26 13:58:13,009 - fewshot_modelnet_non_linear_classification - INFO - Save checkpoint at ./experiments/fewshot_modelnet_non_linear_classification/cfgs/add_as_normal/ckpt-last.pth
2023-09-26 13:58:14,781 - fewshot_modelnet_non_linear_classification - INFO - [Training] EPOCH: 60 EpochTime = 1.770 (s) Losses = ['0.0713', '99.4792'] lr = 0.000459
2023-09-26 13:58:16,215 - fewshot_modelnet_non_linear_classification - INFO - [Validation] EPOCH: 60  acc = 95.0000
2023-09-26 13:58:16,718 - fewshot_modelnet_non_linear_classification - INFO - Save checkpoint at ./experiments/fewshot_modelnet_non_linear_classification/cfgs/add_as_normal/ckpt-last.pth
2023-09-26 13:58:18,559 - fewshot_modelnet_non_linear_classification - INFO - [Training] EPOCH: 61 EpochTime = 1.840 (s) Losses = ['0.0613', '98.9583'] lr = 0.000452
2023-09-26 13:58:20,021 - fewshot_modelnet_non_linear_classification - INFO - [Validation] EPOCH: 61  acc = 95.0000
2023-09-26 13:58:20,455 - fewshot_modelnet_non_linear_classification - INFO - Save checkpoint at ./experiments/fewshot_modelnet_non_linear_classification/cfgs/add_as_normal/ckpt-last.pth
2023-09-26 13:58:22,243 - fewshot_modelnet_non_linear_classification - INFO - [Training] EPOCH: 62 EpochTime = 1.785 (s) Losses = ['0.0854', '98.9583'] lr = 0.000444
2023-09-26 13:58:23,768 - fewshot_modelnet_non_linear_classification - INFO - [Validation] EPOCH: 62  acc = 94.5000
2023-09-26 13:58:24,250 - fewshot_modelnet_non_linear_classification - INFO - Save checkpoint at ./experiments/fewshot_modelnet_non_linear_classification/cfgs/add_as_normal/ckpt-last.pth
2023-09-26 13:58:26,079 - fewshot_modelnet_non_linear_classification - INFO - [Training] EPOCH: 63 EpochTime = 1.827 (s) Losses = ['0.0628', '99.4792'] lr = 0.000437
2023-09-26 13:58:27,589 - fewshot_modelnet_non_linear_classification - INFO - [Validation] EPOCH: 63  acc = 95.0000
2023-09-26 13:58:28,090 - fewshot_modelnet_non_linear_classification - INFO - Save checkpoint at ./experiments/fewshot_modelnet_non_linear_classification/cfgs/add_as_normal/ckpt-last.pth
2023-09-26 13:58:29,934 - fewshot_modelnet_non_linear_classification - INFO - [Training] EPOCH: 64 EpochTime = 1.842 (s) Losses = ['0.0496', '99.4792'] lr = 0.000430
2023-09-26 13:58:31,486 - fewshot_modelnet_non_linear_classification - INFO - [Validation] EPOCH: 64  acc = 94.5000
2023-09-26 13:58:31,977 - fewshot_modelnet_non_linear_classification - INFO - Save checkpoint at ./experiments/fewshot_modelnet_non_linear_classification/cfgs/add_as_normal/ckpt-last.pth
2023-09-26 13:58:33,859 - fewshot_modelnet_non_linear_classification - INFO - [Training] EPOCH: 65 EpochTime = 1.880 (s) Losses = ['0.0691', '98.4375'] lr = 0.000423
2023-09-26 13:58:35,318 - fewshot_modelnet_non_linear_classification - INFO - [Validation] EPOCH: 65  acc = 94.5000
2023-09-26 13:58:35,864 - fewshot_modelnet_non_linear_classification - INFO - Save checkpoint at ./experiments/fewshot_modelnet_non_linear_classification/cfgs/add_as_normal/ckpt-last.pth
2023-09-26 13:58:37,690 - fewshot_modelnet_non_linear_classification - INFO - [Training] EPOCH: 66 EpochTime = 1.824 (s) Losses = ['0.0574', '100.0000'] lr = 0.000416
2023-09-26 13:58:39,176 - fewshot_modelnet_non_linear_classification - INFO - [Validation] EPOCH: 66  acc = 95.0000
2023-09-26 13:58:39,653 - fewshot_modelnet_non_linear_classification - INFO - Save checkpoint at ./experiments/fewshot_modelnet_non_linear_classification/cfgs/add_as_normal/ckpt-last.pth
2023-09-26 13:58:41,562 - fewshot_modelnet_non_linear_classification - INFO - [Training] EPOCH: 67 EpochTime = 1.907 (s) Losses = ['0.0571', '100.0000'] lr = 0.000409
2023-09-26 13:58:43,165 - fewshot_modelnet_non_linear_classification - INFO - [Validation] EPOCH: 67  acc = 94.5000
2023-09-26 13:58:43,652 - fewshot_modelnet_non_linear_classification - INFO - Save checkpoint at ./experiments/fewshot_modelnet_non_linear_classification/cfgs/add_as_normal/ckpt-last.pth
2023-09-26 13:58:45,451 - fewshot_modelnet_non_linear_classification - INFO - [Training] EPOCH: 68 EpochTime = 1.797 (s) Losses = ['0.0650', '98.9583'] lr = 0.000402
2023-09-26 13:58:46,955 - fewshot_modelnet_non_linear_classification - INFO - [Validation] EPOCH: 68  acc = 94.0000
2023-09-26 13:58:47,433 - fewshot_modelnet_non_linear_classification - INFO - Save checkpoint at ./experiments/fewshot_modelnet_non_linear_classification/cfgs/add_as_normal/ckpt-last.pth
2023-09-26 13:58:49,211 - fewshot_modelnet_non_linear_classification - INFO - [Training] EPOCH: 69 EpochTime = 1.777 (s) Losses = ['0.0554', '99.4792'] lr = 0.000394
2023-09-26 13:58:50,694 - fewshot_modelnet_non_linear_classification - INFO - [Validation] EPOCH: 69  acc = 92.5000
2023-09-26 13:58:51,122 - fewshot_modelnet_non_linear_classification - INFO - Save checkpoint at ./experiments/fewshot_modelnet_non_linear_classification/cfgs/add_as_normal/ckpt-last.pth
2023-09-26 13:58:52,931 - fewshot_modelnet_non_linear_classification - INFO - [Training] EPOCH: 70 EpochTime = 1.808 (s) Losses = ['0.0724', '98.9583'] lr = 0.000387
2023-09-26 13:58:54,394 - fewshot_modelnet_non_linear_classification - INFO - [Validation] EPOCH: 70  acc = 93.0000
2023-09-26 13:58:54,868 - fewshot_modelnet_non_linear_classification - INFO - Save checkpoint at ./experiments/fewshot_modelnet_non_linear_classification/cfgs/add_as_normal/ckpt-last.pth
2023-09-26 13:58:56,685 - fewshot_modelnet_non_linear_classification - INFO - [Training] EPOCH: 71 EpochTime = 1.816 (s) Losses = ['0.0534', '98.9583'] lr = 0.000380
2023-09-26 13:58:58,320 - fewshot_modelnet_non_linear_classification - INFO - [Validation] EPOCH: 71  acc = 93.0000
2023-09-26 13:58:58,766 - fewshot_modelnet_non_linear_classification - INFO - Save checkpoint at ./experiments/fewshot_modelnet_non_linear_classification/cfgs/add_as_normal/ckpt-last.pth
2023-09-26 13:59:00,567 - fewshot_modelnet_non_linear_classification - INFO - [Training] EPOCH: 72 EpochTime = 1.799 (s) Losses = ['0.0634', '98.9583'] lr = 0.000372
2023-09-26 13:59:02,041 - fewshot_modelnet_non_linear_classification - INFO - [Validation] EPOCH: 72  acc = 93.0000
2023-09-26 13:59:02,517 - fewshot_modelnet_non_linear_classification - INFO - Save checkpoint at ./experiments/fewshot_modelnet_non_linear_classification/cfgs/add_as_normal/ckpt-last.pth
2023-09-26 13:59:04,294 - fewshot_modelnet_non_linear_classification - INFO - [Training] EPOCH: 73 EpochTime = 1.776 (s) Losses = ['0.0617', '99.4792'] lr = 0.000365
2023-09-26 13:59:05,729 - fewshot_modelnet_non_linear_classification - INFO - [Validation] EPOCH: 73  acc = 93.5000
2023-09-26 13:59:06,196 - fewshot_modelnet_non_linear_classification - INFO - Save checkpoint at ./experiments/fewshot_modelnet_non_linear_classification/cfgs/add_as_normal/ckpt-last.pth
2023-09-26 13:59:08,019 - fewshot_modelnet_non_linear_classification - INFO - [Training] EPOCH: 74 EpochTime = 1.821 (s) Losses = ['0.0508', '100.0000'] lr = 0.000358
2023-09-26 13:59:09,452 - fewshot_modelnet_non_linear_classification - INFO - [Validation] EPOCH: 74  acc = 94.5000
2023-09-26 13:59:09,944 - fewshot_modelnet_non_linear_classification - INFO - Save checkpoint at ./experiments/fewshot_modelnet_non_linear_classification/cfgs/add_as_normal/ckpt-last.pth
2023-09-26 13:59:11,713 - fewshot_modelnet_non_linear_classification - INFO - [Training] EPOCH: 75 EpochTime = 1.767 (s) Losses = ['0.0903', '97.9167'] lr = 0.000351
2023-09-26 13:59:13,140 - fewshot_modelnet_non_linear_classification - INFO - [Validation] EPOCH: 75  acc = 94.5000
2023-09-26 13:59:13,600 - fewshot_modelnet_non_linear_classification - INFO - Save checkpoint at ./experiments/fewshot_modelnet_non_linear_classification/cfgs/add_as_normal/ckpt-last.pth
2023-09-26 13:59:15,395 - fewshot_modelnet_non_linear_classification - INFO - [Training] EPOCH: 76 EpochTime = 1.793 (s) Losses = ['0.0641', '98.9583'] lr = 0.000343
2023-09-26 13:59:16,875 - fewshot_modelnet_non_linear_classification - INFO - [Validation] EPOCH: 76  acc = 94.5000
2023-09-26 13:59:17,360 - fewshot_modelnet_non_linear_classification - INFO - Save checkpoint at ./experiments/fewshot_modelnet_non_linear_classification/cfgs/add_as_normal/ckpt-last.pth
2023-09-26 13:59:19,163 - fewshot_modelnet_non_linear_classification - INFO - [Training] EPOCH: 77 EpochTime = 1.801 (s) Losses = ['0.0495', '99.4792'] lr = 0.000336
2023-09-26 13:59:20,728 - fewshot_modelnet_non_linear_classification - INFO - [Validation] EPOCH: 77  acc = 94.5000
2023-09-26 13:59:21,211 - fewshot_modelnet_non_linear_classification - INFO - Save checkpoint at ./experiments/fewshot_modelnet_non_linear_classification/cfgs/add_as_normal/ckpt-last.pth
2023-09-26 13:59:23,060 - fewshot_modelnet_non_linear_classification - INFO - [Training] EPOCH: 78 EpochTime = 1.848 (s) Losses = ['0.0514', '98.9583'] lr = 0.000329
2023-09-26 13:59:24,561 - fewshot_modelnet_non_linear_classification - INFO - [Validation] EPOCH: 78  acc = 94.5000
2023-09-26 13:59:25,056 - fewshot_modelnet_non_linear_classification - INFO - Save checkpoint at ./experiments/fewshot_modelnet_non_linear_classification/cfgs/add_as_normal/ckpt-last.pth
2023-09-26 13:59:26,849 - fewshot_modelnet_non_linear_classification - INFO - [Training] EPOCH: 79 EpochTime = 1.790 (s) Losses = ['0.0687', '98.9583'] lr = 0.000321
2023-09-26 13:59:28,362 - fewshot_modelnet_non_linear_classification - INFO - [Validation] EPOCH: 79  acc = 94.0000
2023-09-26 13:59:28,822 - fewshot_modelnet_non_linear_classification - INFO - Save checkpoint at ./experiments/fewshot_modelnet_non_linear_classification/cfgs/add_as_normal/ckpt-last.pth
2023-09-26 13:59:30,609 - fewshot_modelnet_non_linear_classification - INFO - [Training] EPOCH: 80 EpochTime = 1.785 (s) Losses = ['0.0397', '100.0000'] lr = 0.000314
2023-09-26 13:59:32,069 - fewshot_modelnet_non_linear_classification - INFO - [Validation] EPOCH: 80  acc = 94.0000
2023-09-26 13:59:32,565 - fewshot_modelnet_non_linear_classification - INFO - Save checkpoint at ./experiments/fewshot_modelnet_non_linear_classification/cfgs/add_as_normal/ckpt-last.pth
2023-09-26 13:59:34,353 - fewshot_modelnet_non_linear_classification - INFO - [Training] EPOCH: 81 EpochTime = 1.786 (s) Losses = ['0.0366', '99.4792'] lr = 0.000307
2023-09-26 13:59:35,872 - fewshot_modelnet_non_linear_classification - INFO - [Validation] EPOCH: 81  acc = 94.0000
2023-09-26 13:59:36,332 - fewshot_modelnet_non_linear_classification - INFO - Save checkpoint at ./experiments/fewshot_modelnet_non_linear_classification/cfgs/add_as_normal/ckpt-last.pth
2023-09-26 13:59:38,170 - fewshot_modelnet_non_linear_classification - INFO - [Training] EPOCH: 82 EpochTime = 1.837 (s) Losses = ['0.0472', '98.9583'] lr = 0.000299
2023-09-26 13:59:39,611 - fewshot_modelnet_non_linear_classification - INFO - [Validation] EPOCH: 82  acc = 94.0000
2023-09-26 13:59:40,104 - fewshot_modelnet_non_linear_classification - INFO - Save checkpoint at ./experiments/fewshot_modelnet_non_linear_classification/cfgs/add_as_normal/ckpt-last.pth
2023-09-26 13:59:41,861 - fewshot_modelnet_non_linear_classification - INFO - [Training] EPOCH: 83 EpochTime = 1.755 (s) Losses = ['0.0643', '98.9583'] lr = 0.000292
2023-09-26 13:59:43,315 - fewshot_modelnet_non_linear_classification - INFO - [Validation] EPOCH: 83  acc = 93.5000
2023-09-26 13:59:43,752 - fewshot_modelnet_non_linear_classification - INFO - Save checkpoint at ./experiments/fewshot_modelnet_non_linear_classification/cfgs/add_as_normal/ckpt-last.pth
2023-09-26 13:59:45,514 - fewshot_modelnet_non_linear_classification - INFO - [Training] EPOCH: 84 EpochTime = 1.761 (s) Losses = ['0.0344', '99.4792'] lr = 0.000285
2023-09-26 13:59:47,015 - fewshot_modelnet_non_linear_classification - INFO - [Validation] EPOCH: 84  acc = 94.0000
2023-09-26 13:59:47,473 - fewshot_modelnet_non_linear_classification - INFO - Save checkpoint at ./experiments/fewshot_modelnet_non_linear_classification/cfgs/add_as_normal/ckpt-last.pth
2023-09-26 13:59:49,294 - fewshot_modelnet_non_linear_classification - INFO - [Training] EPOCH: 85 EpochTime = 1.820 (s) Losses = ['0.0423', '100.0000'] lr = 0.000278
2023-09-26 13:59:50,809 - fewshot_modelnet_non_linear_classification - INFO - [Validation] EPOCH: 85  acc = 94.5000
2023-09-26 13:59:51,304 - fewshot_modelnet_non_linear_classification - INFO - Save checkpoint at ./experiments/fewshot_modelnet_non_linear_classification/cfgs/add_as_normal/ckpt-last.pth
2023-09-26 13:59:53,087 - fewshot_modelnet_non_linear_classification - INFO - [Training] EPOCH: 86 EpochTime = 1.782 (s) Losses = ['0.0519', '100.0000'] lr = 0.000271
2023-09-26 13:59:54,539 - fewshot_modelnet_non_linear_classification - INFO - [Validation] EPOCH: 86  acc = 94.0000
2023-09-26 13:59:55,035 - fewshot_modelnet_non_linear_classification - INFO - Save checkpoint at ./experiments/fewshot_modelnet_non_linear_classification/cfgs/add_as_normal/ckpt-last.pth
2023-09-26 13:59:56,826 - fewshot_modelnet_non_linear_classification - INFO - [Training] EPOCH: 87 EpochTime = 1.789 (s) Losses = ['0.0418', '100.0000'] lr = 0.000264
2023-09-26 13:59:58,276 - fewshot_modelnet_non_linear_classification - INFO - [Validation] EPOCH: 87  acc = 94.0000
2023-09-26 13:59:58,712 - fewshot_modelnet_non_linear_classification - INFO - Save checkpoint at ./experiments/fewshot_modelnet_non_linear_classification/cfgs/add_as_normal/ckpt-last.pth
2023-09-26 14:00:00,541 - fewshot_modelnet_non_linear_classification - INFO - [Training] EPOCH: 88 EpochTime = 1.828 (s) Losses = ['0.0297', '100.0000'] lr = 0.000257
2023-09-26 14:00:01,974 - fewshot_modelnet_non_linear_classification - INFO - [Validation] EPOCH: 88  acc = 93.5000
2023-09-26 14:00:02,440 - fewshot_modelnet_non_linear_classification - INFO - Save checkpoint at ./experiments/fewshot_modelnet_non_linear_classification/cfgs/add_as_normal/ckpt-last.pth
2023-09-26 14:00:04,250 - fewshot_modelnet_non_linear_classification - INFO - [Training] EPOCH: 89 EpochTime = 1.809 (s) Losses = ['0.0579', '98.9583'] lr = 0.000249
2023-09-26 14:00:05,709 - fewshot_modelnet_non_linear_classification - INFO - [Validation] EPOCH: 89  acc = 93.5000
2023-09-26 14:00:06,210 - fewshot_modelnet_non_linear_classification - INFO - Save checkpoint at ./experiments/fewshot_modelnet_non_linear_classification/cfgs/add_as_normal/ckpt-last.pth
2023-09-26 14:00:08,007 - fewshot_modelnet_non_linear_classification - INFO - [Training] EPOCH: 90 EpochTime = 1.795 (s) Losses = ['0.0301', '100.0000'] lr = 0.000242
2023-09-26 14:00:09,494 - fewshot_modelnet_non_linear_classification - INFO - [Validation] EPOCH: 90  acc = 93.5000
2023-09-26 14:00:09,979 - fewshot_modelnet_non_linear_classification - INFO - Save checkpoint at ./experiments/fewshot_modelnet_non_linear_classification/cfgs/add_as_normal/ckpt-last.pth
2023-09-26 14:00:11,777 - fewshot_modelnet_non_linear_classification - INFO - [Training] EPOCH: 91 EpochTime = 1.796 (s) Losses = ['0.0585', '98.9583'] lr = 0.000236
2023-09-26 14:00:13,244 - fewshot_modelnet_non_linear_classification - INFO - [Validation] EPOCH: 91  acc = 93.5000
2023-09-26 14:00:13,739 - fewshot_modelnet_non_linear_classification - INFO - Save checkpoint at ./experiments/fewshot_modelnet_non_linear_classification/cfgs/add_as_normal/ckpt-last.pth
2023-09-26 14:00:15,509 - fewshot_modelnet_non_linear_classification - INFO - [Training] EPOCH: 92 EpochTime = 1.768 (s) Losses = ['0.0598', '99.4792'] lr = 0.000229
2023-09-26 14:00:16,980 - fewshot_modelnet_non_linear_classification - INFO - [Validation] EPOCH: 92  acc = 93.5000
2023-09-26 14:00:17,472 - fewshot_modelnet_non_linear_classification - INFO - Save checkpoint at ./experiments/fewshot_modelnet_non_linear_classification/cfgs/add_as_normal/ckpt-last.pth
2023-09-26 14:00:19,309 - fewshot_modelnet_non_linear_classification - INFO - [Training] EPOCH: 93 EpochTime = 1.835 (s) Losses = ['0.0465', '99.4792'] lr = 0.000222
2023-09-26 14:00:20,816 - fewshot_modelnet_non_linear_classification - INFO - [Validation] EPOCH: 93  acc = 93.5000
2023-09-26 14:00:21,374 - fewshot_modelnet_non_linear_classification - INFO - Save checkpoint at ./experiments/fewshot_modelnet_non_linear_classification/cfgs/add_as_normal/ckpt-last.pth
2023-09-26 14:00:23,231 - fewshot_modelnet_non_linear_classification - INFO - [Training] EPOCH: 94 EpochTime = 1.854 (s) Losses = ['0.0428', '99.4792'] lr = 0.000215
2023-09-26 14:00:24,723 - fewshot_modelnet_non_linear_classification - INFO - [Validation] EPOCH: 94  acc = 93.5000
2023-09-26 14:00:25,219 - fewshot_modelnet_non_linear_classification - INFO - Save checkpoint at ./experiments/fewshot_modelnet_non_linear_classification/cfgs/add_as_normal/ckpt-last.pth
2023-09-26 14:00:27,073 - fewshot_modelnet_non_linear_classification - INFO - [Training] EPOCH: 95 EpochTime = 1.851 (s) Losses = ['0.0318', '100.0000'] lr = 0.000208
2023-09-26 14:00:28,583 - fewshot_modelnet_non_linear_classification - INFO - [Validation] EPOCH: 95  acc = 93.5000
2023-09-26 14:00:29,040 - fewshot_modelnet_non_linear_classification - INFO - Save checkpoint at ./experiments/fewshot_modelnet_non_linear_classification/cfgs/add_as_normal/ckpt-last.pth
2023-09-26 14:00:30,927 - fewshot_modelnet_non_linear_classification - INFO - [Training] EPOCH: 96 EpochTime = 1.885 (s) Losses = ['0.0384', '100.0000'] lr = 0.000202
2023-09-26 14:00:32,363 - fewshot_modelnet_non_linear_classification - INFO - [Validation] EPOCH: 96  acc = 93.5000
2023-09-26 14:00:32,907 - fewshot_modelnet_non_linear_classification - INFO - Save checkpoint at ./experiments/fewshot_modelnet_non_linear_classification/cfgs/add_as_normal/ckpt-last.pth
2023-09-26 14:00:34,713 - fewshot_modelnet_non_linear_classification - INFO - [Training] EPOCH: 97 EpochTime = 1.805 (s) Losses = ['0.0298', '99.4792'] lr = 0.000195
2023-09-26 14:00:36,242 - fewshot_modelnet_non_linear_classification - INFO - [Validation] EPOCH: 97  acc = 94.0000
2023-09-26 14:00:36,735 - fewshot_modelnet_non_linear_classification - INFO - Save checkpoint at ./experiments/fewshot_modelnet_non_linear_classification/cfgs/add_as_normal/ckpt-last.pth
2023-09-26 14:00:38,679 - fewshot_modelnet_non_linear_classification - INFO - [Training] EPOCH: 98 EpochTime = 1.942 (s) Losses = ['0.0293', '100.0000'] lr = 0.000189
2023-09-26 14:00:40,193 - fewshot_modelnet_non_linear_classification - INFO - [Validation] EPOCH: 98  acc = 93.5000
2023-09-26 14:00:40,675 - fewshot_modelnet_non_linear_classification - INFO - Save checkpoint at ./experiments/fewshot_modelnet_non_linear_classification/cfgs/add_as_normal/ckpt-last.pth
2023-09-26 14:00:42,485 - fewshot_modelnet_non_linear_classification - INFO - [Training] EPOCH: 99 EpochTime = 1.808 (s) Losses = ['0.0426', '98.9583'] lr = 0.000182
2023-09-26 14:00:43,959 - fewshot_modelnet_non_linear_classification - INFO - [Validation] EPOCH: 99  acc = 94.0000
2023-09-26 14:00:44,395 - fewshot_modelnet_non_linear_classification - INFO - Save checkpoint at ./experiments/fewshot_modelnet_non_linear_classification/cfgs/add_as_normal/ckpt-last.pth
2023-09-26 14:00:46,188 - fewshot_modelnet_non_linear_classification - INFO - [Training] EPOCH: 100 EpochTime = 1.791 (s) Losses = ['0.0307', '100.0000'] lr = 0.000176
2023-09-26 14:00:47,650 - fewshot_modelnet_non_linear_classification - INFO - [Validation] EPOCH: 100  acc = 93.5000
2023-09-26 14:00:48,157 - fewshot_modelnet_non_linear_classification - INFO - Save checkpoint at ./experiments/fewshot_modelnet_non_linear_classification/cfgs/add_as_normal/ckpt-last.pth
2023-09-26 14:00:50,082 - fewshot_modelnet_non_linear_classification - INFO - [Training] EPOCH: 101 EpochTime = 1.923 (s) Losses = ['0.0350', '100.0000'] lr = 0.000169
2023-09-26 14:00:51,562 - fewshot_modelnet_non_linear_classification - INFO - [Validation] EPOCH: 101  acc = 94.0000
2023-09-26 14:00:52,055 - fewshot_modelnet_non_linear_classification - INFO - Save checkpoint at ./experiments/fewshot_modelnet_non_linear_classification/cfgs/add_as_normal/ckpt-last.pth
2023-09-26 14:00:53,856 - fewshot_modelnet_non_linear_classification - INFO - [Training] EPOCH: 102 EpochTime = 1.800 (s) Losses = ['0.0382', '100.0000'] lr = 0.000163
2023-09-26 14:00:55,329 - fewshot_modelnet_non_linear_classification - INFO - [Validation] EPOCH: 102  acc = 93.5000
2023-09-26 14:00:55,773 - fewshot_modelnet_non_linear_classification - INFO - Save checkpoint at ./experiments/fewshot_modelnet_non_linear_classification/cfgs/add_as_normal/ckpt-last.pth
2023-09-26 14:00:57,558 - fewshot_modelnet_non_linear_classification - INFO - [Training] EPOCH: 103 EpochTime = 1.784 (s) Losses = ['0.0481', '99.4792'] lr = 0.000157
2023-09-26 14:00:59,008 - fewshot_modelnet_non_linear_classification - INFO - [Validation] EPOCH: 103  acc = 95.0000
2023-09-26 14:00:59,530 - fewshot_modelnet_non_linear_classification - INFO - Save checkpoint at ./experiments/fewshot_modelnet_non_linear_classification/cfgs/add_as_normal/ckpt-last.pth
2023-09-26 14:01:01,330 - fewshot_modelnet_non_linear_classification - INFO - [Training] EPOCH: 104 EpochTime = 1.798 (s) Losses = ['0.0298', '100.0000'] lr = 0.000151
2023-09-26 14:01:02,755 - fewshot_modelnet_non_linear_classification - INFO - [Validation] EPOCH: 104  acc = 95.0000
2023-09-26 14:01:03,274 - fewshot_modelnet_non_linear_classification - INFO - Save checkpoint at ./experiments/fewshot_modelnet_non_linear_classification/cfgs/add_as_normal/ckpt-last.pth
2023-09-26 14:01:05,042 - fewshot_modelnet_non_linear_classification - INFO - [Training] EPOCH: 105 EpochTime = 1.766 (s) Losses = ['0.0297', '100.0000'] lr = 0.000145
2023-09-26 14:01:06,543 - fewshot_modelnet_non_linear_classification - INFO - [Validation] EPOCH: 105  acc = 95.0000
2023-09-26 14:01:07,078 - fewshot_modelnet_non_linear_classification - INFO - Save checkpoint at ./experiments/fewshot_modelnet_non_linear_classification/cfgs/add_as_normal/ckpt-last.pth
2023-09-26 14:01:08,884 - fewshot_modelnet_non_linear_classification - INFO - [Training] EPOCH: 106 EpochTime = 1.804 (s) Losses = ['0.0299', '100.0000'] lr = 0.000139
2023-09-26 14:01:10,378 - fewshot_modelnet_non_linear_classification - INFO - [Validation] EPOCH: 106  acc = 95.0000
2023-09-26 14:01:10,825 - fewshot_modelnet_non_linear_classification - INFO - Save checkpoint at ./experiments/fewshot_modelnet_non_linear_classification/cfgs/add_as_normal/ckpt-last.pth
2023-09-26 14:01:12,585 - fewshot_modelnet_non_linear_classification - INFO - [Training] EPOCH: 107 EpochTime = 1.758 (s) Losses = ['0.0270', '100.0000'] lr = 0.000133
2023-09-26 14:01:14,084 - fewshot_modelnet_non_linear_classification - INFO - [Validation] EPOCH: 107  acc = 95.0000
2023-09-26 14:01:14,628 - fewshot_modelnet_non_linear_classification - INFO - Save checkpoint at ./experiments/fewshot_modelnet_non_linear_classification/cfgs/add_as_normal/ckpt-last.pth
2023-09-26 14:01:16,432 - fewshot_modelnet_non_linear_classification - INFO - [Training] EPOCH: 108 EpochTime = 1.802 (s) Losses = ['0.0444', '100.0000'] lr = 0.000128
2023-09-26 14:01:17,903 - fewshot_modelnet_non_linear_classification - INFO - [Validation] EPOCH: 108  acc = 94.0000
2023-09-26 14:01:18,391 - fewshot_modelnet_non_linear_classification - INFO - Save checkpoint at ./experiments/fewshot_modelnet_non_linear_classification/cfgs/add_as_normal/ckpt-last.pth
2023-09-26 14:01:20,222 - fewshot_modelnet_non_linear_classification - INFO - [Training] EPOCH: 109 EpochTime = 1.829 (s) Losses = ['0.0345', '100.0000'] lr = 0.000122
2023-09-26 14:01:21,678 - fewshot_modelnet_non_linear_classification - INFO - [Validation] EPOCH: 109  acc = 94.0000
2023-09-26 14:01:22,174 - fewshot_modelnet_non_linear_classification - INFO - Save checkpoint at ./experiments/fewshot_modelnet_non_linear_classification/cfgs/add_as_normal/ckpt-last.pth
2023-09-26 14:01:23,999 - fewshot_modelnet_non_linear_classification - INFO - [Training] EPOCH: 110 EpochTime = 1.822 (s) Losses = ['0.0355', '99.4792'] lr = 0.000117
2023-09-26 14:01:25,437 - fewshot_modelnet_non_linear_classification - INFO - [Validation] EPOCH: 110  acc = 94.5000
2023-09-26 14:01:25,896 - fewshot_modelnet_non_linear_classification - INFO - Save checkpoint at ./experiments/fewshot_modelnet_non_linear_classification/cfgs/add_as_normal/ckpt-last.pth
2023-09-26 14:01:27,671 - fewshot_modelnet_non_linear_classification - INFO - [Training] EPOCH: 111 EpochTime = 1.774 (s) Losses = ['0.0249', '100.0000'] lr = 0.000111
2023-09-26 14:01:29,134 - fewshot_modelnet_non_linear_classification - INFO - [Validation] EPOCH: 111  acc = 93.5000
2023-09-26 14:01:29,687 - fewshot_modelnet_non_linear_classification - INFO - Save checkpoint at ./experiments/fewshot_modelnet_non_linear_classification/cfgs/add_as_normal/ckpt-last.pth
2023-09-26 14:01:31,487 - fewshot_modelnet_non_linear_classification - INFO - [Training] EPOCH: 112 EpochTime = 1.797 (s) Losses = ['0.0317', '100.0000'] lr = 0.000106
2023-09-26 14:01:32,941 - fewshot_modelnet_non_linear_classification - INFO - [Validation] EPOCH: 112  acc = 93.5000
2023-09-26 14:01:33,441 - fewshot_modelnet_non_linear_classification - INFO - Save checkpoint at ./experiments/fewshot_modelnet_non_linear_classification/cfgs/add_as_normal/ckpt-last.pth
2023-09-26 14:01:35,248 - fewshot_modelnet_non_linear_classification - INFO - [Training] EPOCH: 113 EpochTime = 1.805 (s) Losses = ['0.0370', '99.4792'] lr = 0.000101
2023-09-26 14:01:36,885 - fewshot_modelnet_non_linear_classification - INFO - [Validation] EPOCH: 113  acc = 94.0000
2023-09-26 14:01:37,375 - fewshot_modelnet_non_linear_classification - INFO - Save checkpoint at ./experiments/fewshot_modelnet_non_linear_classification/cfgs/add_as_normal/ckpt-last.pth
2023-09-26 14:01:39,140 - fewshot_modelnet_non_linear_classification - INFO - [Training] EPOCH: 114 EpochTime = 1.763 (s) Losses = ['0.0284', '99.4792'] lr = 0.000096
2023-09-26 14:01:40,589 - fewshot_modelnet_non_linear_classification - INFO - [Validation] EPOCH: 114  acc = 94.5000
2023-09-26 14:01:41,059 - fewshot_modelnet_non_linear_classification - INFO - Save checkpoint at ./experiments/fewshot_modelnet_non_linear_classification/cfgs/add_as_normal/ckpt-last.pth
2023-09-26 14:01:42,877 - fewshot_modelnet_non_linear_classification - INFO - [Training] EPOCH: 115 EpochTime = 1.816 (s) Losses = ['0.0575', '98.9583'] lr = 0.000091
2023-09-26 14:01:44,369 - fewshot_modelnet_non_linear_classification - INFO - [Validation] EPOCH: 115  acc = 94.5000
2023-09-26 14:01:44,883 - fewshot_modelnet_non_linear_classification - INFO - Save checkpoint at ./experiments/fewshot_modelnet_non_linear_classification/cfgs/add_as_normal/ckpt-last.pth
2023-09-26 14:01:46,718 - fewshot_modelnet_non_linear_classification - INFO - [Training] EPOCH: 116 EpochTime = 1.833 (s) Losses = ['0.0357', '100.0000'] lr = 0.000086
2023-09-26 14:01:48,204 - fewshot_modelnet_non_linear_classification - INFO - [Validation] EPOCH: 116  acc = 93.5000
2023-09-26 14:01:48,701 - fewshot_modelnet_non_linear_classification - INFO - Save checkpoint at ./experiments/fewshot_modelnet_non_linear_classification/cfgs/add_as_normal/ckpt-last.pth
2023-09-26 14:01:50,503 - fewshot_modelnet_non_linear_classification - INFO - [Training] EPOCH: 117 EpochTime = 1.800 (s) Losses = ['0.0296', '100.0000'] lr = 0.000081
2023-09-26 14:01:51,953 - fewshot_modelnet_non_linear_classification - INFO - [Validation] EPOCH: 117  acc = 93.5000
2023-09-26 14:01:52,436 - fewshot_modelnet_non_linear_classification - INFO - Save checkpoint at ./experiments/fewshot_modelnet_non_linear_classification/cfgs/add_as_normal/ckpt-last.pth
2023-09-26 14:01:54,241 - fewshot_modelnet_non_linear_classification - INFO - [Training] EPOCH: 118 EpochTime = 1.803 (s) Losses = ['0.0298', '100.0000'] lr = 0.000077
2023-09-26 14:01:55,702 - fewshot_modelnet_non_linear_classification - INFO - [Validation] EPOCH: 118  acc = 93.5000
2023-09-26 14:01:56,193 - fewshot_modelnet_non_linear_classification - INFO - Save checkpoint at ./experiments/fewshot_modelnet_non_linear_classification/cfgs/add_as_normal/ckpt-last.pth
2023-09-26 14:01:58,126 - fewshot_modelnet_non_linear_classification - INFO - [Training] EPOCH: 119 EpochTime = 1.931 (s) Losses = ['0.0408', '100.0000'] lr = 0.000072
2023-09-26 14:01:59,664 - fewshot_modelnet_non_linear_classification - INFO - [Validation] EPOCH: 119  acc = 93.5000
2023-09-26 14:02:00,150 - fewshot_modelnet_non_linear_classification - INFO - Save checkpoint at ./experiments/fewshot_modelnet_non_linear_classification/cfgs/add_as_normal/ckpt-last.pth
2023-09-26 14:02:01,948 - fewshot_modelnet_non_linear_classification - INFO - [Training] EPOCH: 120 EpochTime = 1.796 (s) Losses = ['0.0480', '99.4792'] lr = 0.000068
2023-09-26 14:02:03,557 - fewshot_modelnet_non_linear_classification - INFO - [Validation] EPOCH: 120  acc = 94.0000
2023-09-26 14:02:04,056 - fewshot_modelnet_non_linear_classification - INFO - Save checkpoint at ./experiments/fewshot_modelnet_non_linear_classification/cfgs/add_as_normal/ckpt-last.pth
2023-09-26 14:02:06,057 - fewshot_modelnet_non_linear_classification - INFO - [Training] EPOCH: 121 EpochTime = 1.999 (s) Losses = ['0.0274', '100.0000'] lr = 0.000064
2023-09-26 14:02:07,645 - fewshot_modelnet_non_linear_classification - INFO - [Validation] EPOCH: 121  acc = 94.0000
2023-09-26 14:02:08,210 - fewshot_modelnet_non_linear_classification - INFO - Save checkpoint at ./experiments/fewshot_modelnet_non_linear_classification/cfgs/add_as_normal/ckpt-last.pth
2023-09-26 14:02:10,126 - fewshot_modelnet_non_linear_classification - INFO - [Training] EPOCH: 122 EpochTime = 1.912 (s) Losses = ['0.0274', '100.0000'] lr = 0.000059
2023-09-26 14:02:11,576 - fewshot_modelnet_non_linear_classification - INFO - [Validation] EPOCH: 122  acc = 93.5000
2023-09-26 14:02:12,104 - fewshot_modelnet_non_linear_classification - INFO - Save checkpoint at ./experiments/fewshot_modelnet_non_linear_classification/cfgs/add_as_normal/ckpt-last.pth
2023-09-26 14:02:13,926 - fewshot_modelnet_non_linear_classification - INFO - [Training] EPOCH: 123 EpochTime = 1.820 (s) Losses = ['0.0284', '100.0000'] lr = 0.000055
2023-09-26 14:02:15,403 - fewshot_modelnet_non_linear_classification - INFO - [Validation] EPOCH: 123  acc = 94.0000
2023-09-26 14:02:15,917 - fewshot_modelnet_non_linear_classification - INFO - Save checkpoint at ./experiments/fewshot_modelnet_non_linear_classification/cfgs/add_as_normal/ckpt-last.pth
2023-09-26 14:02:17,703 - fewshot_modelnet_non_linear_classification - INFO - [Training] EPOCH: 124 EpochTime = 1.784 (s) Losses = ['0.0226', '100.0000'] lr = 0.000052
2023-09-26 14:02:19,152 - fewshot_modelnet_non_linear_classification - INFO - [Validation] EPOCH: 124  acc = 93.5000
2023-09-26 14:02:19,658 - fewshot_modelnet_non_linear_classification - INFO - Save checkpoint at ./experiments/fewshot_modelnet_non_linear_classification/cfgs/add_as_normal/ckpt-last.pth
2023-09-26 14:02:21,506 - fewshot_modelnet_non_linear_classification - INFO - [Training] EPOCH: 125 EpochTime = 1.846 (s) Losses = ['0.0555', '98.9583'] lr = 0.000048
2023-09-26 14:02:22,977 - fewshot_modelnet_non_linear_classification - INFO - [Validation] EPOCH: 125  acc = 93.5000
2023-09-26 14:02:23,498 - fewshot_modelnet_non_linear_classification - INFO - Save checkpoint at ./experiments/fewshot_modelnet_non_linear_classification/cfgs/add_as_normal/ckpt-last.pth
2023-09-26 14:02:25,300 - fewshot_modelnet_non_linear_classification - INFO - [Training] EPOCH: 126 EpochTime = 1.800 (s) Losses = ['0.0278', '100.0000'] lr = 0.000044
2023-09-26 14:02:26,822 - fewshot_modelnet_non_linear_classification - INFO - [Validation] EPOCH: 126  acc = 94.0000
2023-09-26 14:02:27,271 - fewshot_modelnet_non_linear_classification - INFO - Save checkpoint at ./experiments/fewshot_modelnet_non_linear_classification/cfgs/add_as_normal/ckpt-last.pth
2023-09-26 14:02:29,055 - fewshot_modelnet_non_linear_classification - INFO - [Training] EPOCH: 127 EpochTime = 1.783 (s) Losses = ['0.0324', '100.0000'] lr = 0.000041
2023-09-26 14:02:30,558 - fewshot_modelnet_non_linear_classification - INFO - [Validation] EPOCH: 127  acc = 93.5000
2023-09-26 14:02:31,053 - fewshot_modelnet_non_linear_classification - INFO - Save checkpoint at ./experiments/fewshot_modelnet_non_linear_classification/cfgs/add_as_normal/ckpt-last.pth
2023-09-26 14:02:32,830 - fewshot_modelnet_non_linear_classification - INFO - [Training] EPOCH: 128 EpochTime = 1.775 (s) Losses = ['0.0317', '100.0000'] lr = 0.000037
2023-09-26 14:02:34,324 - fewshot_modelnet_non_linear_classification - INFO - [Validation] EPOCH: 128  acc = 94.0000
2023-09-26 14:02:34,780 - fewshot_modelnet_non_linear_classification - INFO - Save checkpoint at ./experiments/fewshot_modelnet_non_linear_classification/cfgs/add_as_normal/ckpt-last.pth
2023-09-26 14:02:36,560 - fewshot_modelnet_non_linear_classification - INFO - [Training] EPOCH: 129 EpochTime = 1.779 (s) Losses = ['0.0303', '99.4792'] lr = 0.000034
2023-09-26 14:02:37,998 - fewshot_modelnet_non_linear_classification - INFO - [Validation] EPOCH: 129  acc = 94.0000
2023-09-26 14:02:38,510 - fewshot_modelnet_non_linear_classification - INFO - Save checkpoint at ./experiments/fewshot_modelnet_non_linear_classification/cfgs/add_as_normal/ckpt-last.pth
2023-09-26 14:02:40,349 - fewshot_modelnet_non_linear_classification - INFO - [Training] EPOCH: 130 EpochTime = 1.838 (s) Losses = ['0.0312', '100.0000'] lr = 0.000031
2023-09-26 14:02:41,853 - fewshot_modelnet_non_linear_classification - INFO - [Validation] EPOCH: 130  acc = 93.5000
2023-09-26 14:02:42,297 - fewshot_modelnet_non_linear_classification - INFO - Save checkpoint at ./experiments/fewshot_modelnet_non_linear_classification/cfgs/add_as_normal/ckpt-last.pth
2023-09-26 14:02:44,115 - fewshot_modelnet_non_linear_classification - INFO - [Training] EPOCH: 131 EpochTime = 1.817 (s) Losses = ['0.0364', '99.4792'] lr = 0.000028
2023-09-26 14:02:45,556 - fewshot_modelnet_non_linear_classification - INFO - [Validation] EPOCH: 131  acc = 93.5000
2023-09-26 14:02:46,017 - fewshot_modelnet_non_linear_classification - INFO - Save checkpoint at ./experiments/fewshot_modelnet_non_linear_classification/cfgs/add_as_normal/ckpt-last.pth
2023-09-26 14:02:47,786 - fewshot_modelnet_non_linear_classification - INFO - [Training] EPOCH: 132 EpochTime = 1.768 (s) Losses = ['0.0494', '99.4792'] lr = 0.000026
2023-09-26 14:02:49,236 - fewshot_modelnet_non_linear_classification - INFO - [Validation] EPOCH: 132  acc = 93.5000
2023-09-26 14:02:49,736 - fewshot_modelnet_non_linear_classification - INFO - Save checkpoint at ./experiments/fewshot_modelnet_non_linear_classification/cfgs/add_as_normal/ckpt-last.pth
2023-09-26 14:02:51,521 - fewshot_modelnet_non_linear_classification - INFO - [Training] EPOCH: 133 EpochTime = 1.783 (s) Losses = ['0.0335', '100.0000'] lr = 0.000023
2023-09-26 14:02:52,992 - fewshot_modelnet_non_linear_classification - INFO - [Validation] EPOCH: 133  acc = 93.5000
2023-09-26 14:02:53,484 - fewshot_modelnet_non_linear_classification - INFO - Save checkpoint at ./experiments/fewshot_modelnet_non_linear_classification/cfgs/add_as_normal/ckpt-last.pth
2023-09-26 14:02:55,267 - fewshot_modelnet_non_linear_classification - INFO - [Training] EPOCH: 134 EpochTime = 1.781 (s) Losses = ['0.0353', '100.0000'] lr = 0.000020
2023-09-26 14:02:56,800 - fewshot_modelnet_non_linear_classification - INFO - [Validation] EPOCH: 134  acc = 94.0000
2023-09-26 14:02:57,316 - fewshot_modelnet_non_linear_classification - INFO - Save checkpoint at ./experiments/fewshot_modelnet_non_linear_classification/cfgs/add_as_normal/ckpt-last.pth
2023-09-26 14:02:59,135 - fewshot_modelnet_non_linear_classification - INFO - [Training] EPOCH: 135 EpochTime = 1.817 (s) Losses = ['0.0437', '98.9583'] lr = 0.000018
2023-09-26 14:03:00,589 - fewshot_modelnet_non_linear_classification - INFO - [Validation] EPOCH: 135  acc = 93.5000
2023-09-26 14:03:01,152 - fewshot_modelnet_non_linear_classification - INFO - Save checkpoint at ./experiments/fewshot_modelnet_non_linear_classification/cfgs/add_as_normal/ckpt-last.pth
2023-09-26 14:03:03,002 - fewshot_modelnet_non_linear_classification - INFO - [Training] EPOCH: 136 EpochTime = 1.849 (s) Losses = ['0.0318', '100.0000'] lr = 0.000016
2023-09-26 14:03:04,551 - fewshot_modelnet_non_linear_classification - INFO - [Validation] EPOCH: 136  acc = 93.5000
2023-09-26 14:03:05,012 - fewshot_modelnet_non_linear_classification - INFO - Save checkpoint at ./experiments/fewshot_modelnet_non_linear_classification/cfgs/add_as_normal/ckpt-last.pth
2023-09-26 14:03:06,814 - fewshot_modelnet_non_linear_classification - INFO - [Training] EPOCH: 137 EpochTime = 1.800 (s) Losses = ['0.0260', '100.0000'] lr = 0.000014
2023-09-26 14:03:08,292 - fewshot_modelnet_non_linear_classification - INFO - [Validation] EPOCH: 137  acc = 93.5000
2023-09-26 14:03:08,788 - fewshot_modelnet_non_linear_classification - INFO - Save checkpoint at ./experiments/fewshot_modelnet_non_linear_classification/cfgs/add_as_normal/ckpt-last.pth
2023-09-26 14:03:10,569 - fewshot_modelnet_non_linear_classification - INFO - [Training] EPOCH: 138 EpochTime = 1.779 (s) Losses = ['0.0241', '100.0000'] lr = 0.000012
2023-09-26 14:03:12,009 - fewshot_modelnet_non_linear_classification - INFO - [Validation] EPOCH: 138  acc = 94.0000
2023-09-26 14:03:12,545 - fewshot_modelnet_non_linear_classification - INFO - Save checkpoint at ./experiments/fewshot_modelnet_non_linear_classification/cfgs/add_as_normal/ckpt-last.pth
2023-09-26 14:03:14,347 - fewshot_modelnet_non_linear_classification - INFO - [Training] EPOCH: 139 EpochTime = 1.800 (s) Losses = ['0.0385', '99.4792'] lr = 0.000010
2023-09-26 14:03:15,793 - fewshot_modelnet_non_linear_classification - INFO - [Validation] EPOCH: 139  acc = 94.0000
2023-09-26 14:03:16,382 - fewshot_modelnet_non_linear_classification - INFO - Save checkpoint at ./experiments/fewshot_modelnet_non_linear_classification/cfgs/add_as_normal/ckpt-last.pth
2023-09-26 14:03:18,334 - fewshot_modelnet_non_linear_classification - INFO - [Training] EPOCH: 140 EpochTime = 1.950 (s) Losses = ['0.0339', '99.4792'] lr = 0.000009
2023-09-26 14:03:19,785 - fewshot_modelnet_non_linear_classification - INFO - [Validation] EPOCH: 140  acc = 93.5000
2023-09-26 14:03:20,274 - fewshot_modelnet_non_linear_classification - INFO - Save checkpoint at ./experiments/fewshot_modelnet_non_linear_classification/cfgs/add_as_normal/ckpt-last.pth
2023-09-26 14:03:22,099 - fewshot_modelnet_non_linear_classification - INFO - [Training] EPOCH: 141 EpochTime = 1.824 (s) Losses = ['0.0255', '100.0000'] lr = 0.000007
2023-09-26 14:03:23,610 - fewshot_modelnet_non_linear_classification - INFO - [Validation] EPOCH: 141  acc = 93.5000
2023-09-26 14:03:24,137 - fewshot_modelnet_non_linear_classification - INFO - Save checkpoint at ./experiments/fewshot_modelnet_non_linear_classification/cfgs/add_as_normal/ckpt-last.pth
2023-09-26 14:03:24,671 - fewshot_modelnet_non_linear_classification - INFO - Save checkpoint at ./experiments/fewshot_modelnet_non_linear_classification/cfgs/add_as_normal/ckpt-epoch-141.pth
2023-09-26 14:03:26,538 - fewshot_modelnet_non_linear_classification - INFO - [Training] EPOCH: 142 EpochTime = 1.866 (s) Losses = ['0.0214', '100.0000'] lr = 0.000006
2023-09-26 14:03:28,006 - fewshot_modelnet_non_linear_classification - INFO - [Validation] EPOCH: 142  acc = 93.5000
2023-09-26 14:03:28,479 - fewshot_modelnet_non_linear_classification - INFO - Save checkpoint at ./experiments/fewshot_modelnet_non_linear_classification/cfgs/add_as_normal/ckpt-last.pth
2023-09-26 14:03:28,921 - fewshot_modelnet_non_linear_classification - INFO - Save checkpoint at ./experiments/fewshot_modelnet_non_linear_classification/cfgs/add_as_normal/ckpt-epoch-142.pth
2023-09-26 14:03:30,702 - fewshot_modelnet_non_linear_classification - INFO - [Training] EPOCH: 143 EpochTime = 1.780 (s) Losses = ['0.0352', '99.4792'] lr = 0.000005
2023-09-26 14:03:32,174 - fewshot_modelnet_non_linear_classification - INFO - [Validation] EPOCH: 143  acc = 94.0000
2023-09-26 14:03:32,637 - fewshot_modelnet_non_linear_classification - INFO - Save checkpoint at ./experiments/fewshot_modelnet_non_linear_classification/cfgs/add_as_normal/ckpt-last.pth
2023-09-26 14:03:33,077 - fewshot_modelnet_non_linear_classification - INFO - Save checkpoint at ./experiments/fewshot_modelnet_non_linear_classification/cfgs/add_as_normal/ckpt-epoch-143.pth
2023-09-26 14:03:34,853 - fewshot_modelnet_non_linear_classification - INFO - [Training] EPOCH: 144 EpochTime = 1.774 (s) Losses = ['0.0457', '99.4792'] lr = 0.000004
2023-09-26 14:03:36,403 - fewshot_modelnet_non_linear_classification - INFO - [Validation] EPOCH: 144  acc = 93.5000
2023-09-26 14:03:36,911 - fewshot_modelnet_non_linear_classification - INFO - Save checkpoint at ./experiments/fewshot_modelnet_non_linear_classification/cfgs/add_as_normal/ckpt-last.pth
2023-09-26 14:03:37,487 - fewshot_modelnet_non_linear_classification - INFO - Save checkpoint at ./experiments/fewshot_modelnet_non_linear_classification/cfgs/add_as_normal/ckpt-epoch-144.pth
2023-09-26 14:03:39,272 - fewshot_modelnet_non_linear_classification - INFO - [Training] EPOCH: 145 EpochTime = 1.783 (s) Losses = ['0.0199', '100.0000'] lr = 0.000003
2023-09-26 14:03:40,732 - fewshot_modelnet_non_linear_classification - INFO - [Validation] EPOCH: 145  acc = 93.5000
2023-09-26 14:03:41,241 - fewshot_modelnet_non_linear_classification - INFO - Save checkpoint at ./experiments/fewshot_modelnet_non_linear_classification/cfgs/add_as_normal/ckpt-last.pth
2023-09-26 14:03:41,684 - fewshot_modelnet_non_linear_classification - INFO - Save checkpoint at ./experiments/fewshot_modelnet_non_linear_classification/cfgs/add_as_normal/ckpt-epoch-145.pth
2023-09-26 14:03:43,482 - fewshot_modelnet_non_linear_classification - INFO - [Training] EPOCH: 146 EpochTime = 1.796 (s) Losses = ['0.0343', '100.0000'] lr = 0.000002
2023-09-26 14:03:44,921 - fewshot_modelnet_non_linear_classification - INFO - [Validation] EPOCH: 146  acc = 94.0000
2023-09-26 14:03:45,432 - fewshot_modelnet_non_linear_classification - INFO - Save checkpoint at ./experiments/fewshot_modelnet_non_linear_classification/cfgs/add_as_normal/ckpt-last.pth
2023-09-26 14:03:45,866 - fewshot_modelnet_non_linear_classification - INFO - Save checkpoint at ./experiments/fewshot_modelnet_non_linear_classification/cfgs/add_as_normal/ckpt-epoch-146.pth
2023-09-26 14:03:47,638 - fewshot_modelnet_non_linear_classification - INFO - [Training] EPOCH: 147 EpochTime = 1.771 (s) Losses = ['0.0309', '100.0000'] lr = 0.000002
2023-09-26 14:03:49,094 - fewshot_modelnet_non_linear_classification - INFO - [Validation] EPOCH: 147  acc = 94.0000
2023-09-26 14:03:49,621 - fewshot_modelnet_non_linear_classification - INFO - Save checkpoint at ./experiments/fewshot_modelnet_non_linear_classification/cfgs/add_as_normal/ckpt-last.pth
2023-09-26 14:03:50,083 - fewshot_modelnet_non_linear_classification - INFO - Save checkpoint at ./experiments/fewshot_modelnet_non_linear_classification/cfgs/add_as_normal/ckpt-epoch-147.pth
2023-09-26 14:03:51,884 - fewshot_modelnet_non_linear_classification - INFO - [Training] EPOCH: 148 EpochTime = 1.800 (s) Losses = ['0.0254', '100.0000'] lr = 0.000001
2023-09-26 14:03:53,346 - fewshot_modelnet_non_linear_classification - INFO - [Validation] EPOCH: 148  acc = 93.5000
2023-09-26 14:03:53,872 - fewshot_modelnet_non_linear_classification - INFO - Save checkpoint at ./experiments/fewshot_modelnet_non_linear_classification/cfgs/add_as_normal/ckpt-last.pth
2023-09-26 14:03:54,336 - fewshot_modelnet_non_linear_classification - INFO - Save checkpoint at ./experiments/fewshot_modelnet_non_linear_classification/cfgs/add_as_normal/ckpt-epoch-148.pth
2023-09-26 14:03:56,107 - fewshot_modelnet_non_linear_classification - INFO - [Training] EPOCH: 149 EpochTime = 1.770 (s) Losses = ['0.0184', '100.0000'] lr = 0.000001
2023-09-26 14:03:57,546 - fewshot_modelnet_non_linear_classification - INFO - [Validation] EPOCH: 149  acc = 93.5000
2023-09-26 14:03:58,010 - fewshot_modelnet_non_linear_classification - INFO - Save checkpoint at ./experiments/fewshot_modelnet_non_linear_classification/cfgs/add_as_normal/ckpt-last.pth
2023-09-26 14:03:58,464 - fewshot_modelnet_non_linear_classification - INFO - Save checkpoint at ./experiments/fewshot_modelnet_non_linear_classification/cfgs/add_as_normal/ckpt-epoch-149.pth
2023-09-26 14:04:00,238 - fewshot_modelnet_non_linear_classification - INFO - [Training] EPOCH: 150 EpochTime = 1.772 (s) Losses = ['0.0471', '98.9583'] lr = 0.000001
2023-09-26 14:04:01,705 - fewshot_modelnet_non_linear_classification - INFO - [Validation] EPOCH: 150  acc = 93.5000
2023-09-26 14:04:02,207 - fewshot_modelnet_non_linear_classification - INFO - Save checkpoint at ./experiments/fewshot_modelnet_non_linear_classification/cfgs/add_as_normal/ckpt-last.pth
2023-09-26 14:04:02,666 - fewshot_modelnet_non_linear_classification - INFO - Save checkpoint at ./experiments/fewshot_modelnet_non_linear_classification/cfgs/add_as_normal/ckpt-epoch-150.pth
