2023-09-26 10:58:56,282 - fewshot_modelnet_non_linear_classification - INFO - Copy the Config file from cfgs/fewshot_modelnet_non_linear_classification.yaml to ./experiments/fewshot_modelnet_non_linear_classification/cfgs/add_as_normal/config.yaml
2023-09-26 10:58:56,282 - fewshot_modelnet_non_linear_classification - INFO - args.config : cfgs/fewshot_modelnet_non_linear_classification.yaml
2023-09-26 10:58:56,282 - fewshot_modelnet_non_linear_classification - INFO - args.launcher : none
2023-09-26 10:58:56,282 - fewshot_modelnet_non_linear_classification - INFO - args.local_rank : 0
2023-09-26 10:58:56,282 - fewshot_modelnet_non_linear_classification - INFO - args.num_workers : 8
2023-09-26 10:58:56,282 - fewshot_modelnet_non_linear_classification - INFO - args.seed : 0
2023-09-26 10:58:56,282 - fewshot_modelnet_non_linear_classification - INFO - args.deterministic : False
2023-09-26 10:58:56,283 - fewshot_modelnet_non_linear_classification - INFO - args.sync_bn : True
2023-09-26 10:58:56,283 - fewshot_modelnet_non_linear_classification - INFO - args.update_weights_every : 1
2023-09-26 10:58:56,283 - fewshot_modelnet_non_linear_classification - INFO - args.main_task : 0
2023-09-26 10:58:56,283 - fewshot_modelnet_non_linear_classification - INFO - args.nashmtl_optim_niter : 20
2023-09-26 10:58:56,283 - fewshot_modelnet_non_linear_classification - INFO - args.c : 0.4
2023-09-26 10:58:56,283 - fewshot_modelnet_non_linear_classification - INFO - args.dwa_temp : 2.0
2023-09-26 10:58:56,283 - fewshot_modelnet_non_linear_classification - INFO - args.method_params_lr : 0.025
2023-09-26 10:58:56,283 - fewshot_modelnet_non_linear_classification - INFO - args.method : nashmtl
2023-09-26 10:58:56,283 - fewshot_modelnet_non_linear_classification - INFO - args.gpu : 5
2023-09-26 10:58:56,283 - fewshot_modelnet_non_linear_classification - INFO - args.large_group : 5
2023-09-26 10:58:56,283 - fewshot_modelnet_non_linear_classification - INFO - args.small_group : 10
2023-09-26 10:58:56,283 - fewshot_modelnet_non_linear_classification - INFO - args.large_patch : 6
2023-09-26 10:58:56,283 - fewshot_modelnet_non_linear_classification - INFO - args.small_patch : 3
2023-09-26 10:58:56,283 - fewshot_modelnet_non_linear_classification - INFO - args.queue_length : 8192
2023-09-26 10:58:56,283 - fewshot_modelnet_non_linear_classification - INFO - args.epoch_queue_starts : 10
2023-09-26 10:58:56,283 - fewshot_modelnet_non_linear_classification - INFO - args.nmb_crops : [5, 10]
2023-09-26 10:58:56,283 - fewshot_modelnet_non_linear_classification - INFO - args.fea_dim : 384
2023-09-26 10:58:56,283 - fewshot_modelnet_non_linear_classification - INFO - args.hidden_mlp : 256
2023-09-26 10:58:56,283 - fewshot_modelnet_non_linear_classification - INFO - args.output_dim : 128
2023-09-26 10:58:56,283 - fewshot_modelnet_non_linear_classification - INFO - args.nmb_prototypes : 200
2023-09-26 10:58:56,284 - fewshot_modelnet_non_linear_classification - INFO - args.temperature : 0.1
2023-09-26 10:58:56,284 - fewshot_modelnet_non_linear_classification - INFO - args.epsilon : 0.05
2023-09-26 10:58:56,284 - fewshot_modelnet_non_linear_classification - INFO - args.sinkhorn_iterations : 3
2023-09-26 10:58:56,284 - fewshot_modelnet_non_linear_classification - INFO - args.world_size : 1
2023-09-26 10:58:56,284 - fewshot_modelnet_non_linear_classification - INFO - args.exp_name : add_as_normal
2023-09-26 10:58:56,284 - fewshot_modelnet_non_linear_classification - INFO - args.loss : cd1
2023-09-26 10:58:56,284 - fewshot_modelnet_non_linear_classification - INFO - args.start_ckpts : None
2023-09-26 10:58:56,284 - fewshot_modelnet_non_linear_classification - INFO - args.ckpts : ./experiments/pretrain_MaskSurf/cfgs/add_as_normal/ckpt-last.pth
2023-09-26 10:58:56,284 - fewshot_modelnet_non_linear_classification - INFO - args.val_freq : 1
2023-09-26 10:58:56,284 - fewshot_modelnet_non_linear_classification - INFO - args.vote : False
2023-09-26 10:58:56,284 - fewshot_modelnet_non_linear_classification - INFO - args.resume : False
2023-09-26 10:58:56,284 - fewshot_modelnet_non_linear_classification - INFO - args.test : False
2023-09-26 10:58:56,284 - fewshot_modelnet_non_linear_classification - INFO - args.finetune_model : True
2023-09-26 10:58:56,284 - fewshot_modelnet_non_linear_classification - INFO - args.scratch_model : False
2023-09-26 10:58:56,284 - fewshot_modelnet_non_linear_classification - INFO - args.mode : None
2023-09-26 10:58:56,284 - fewshot_modelnet_non_linear_classification - INFO - args.way : 5
2023-09-26 10:58:56,284 - fewshot_modelnet_non_linear_classification - INFO - args.shot : 20
2023-09-26 10:58:56,284 - fewshot_modelnet_non_linear_classification - INFO - args.fold : 5
2023-09-26 10:58:56,284 - fewshot_modelnet_non_linear_classification - INFO - args.experiment_path : ./experiments/fewshot_modelnet_non_linear_classification/cfgs/add_as_normal
2023-09-26 10:58:56,285 - fewshot_modelnet_non_linear_classification - INFO - args.tfboard_path : ./experiments/fewshot_modelnet_non_linear_classification/cfgs/TFBoard/add_as_normal
2023-09-26 10:58:56,285 - fewshot_modelnet_non_linear_classification - INFO - args.log_name : fewshot_modelnet_non_linear_classification
2023-09-26 10:58:56,285 - fewshot_modelnet_non_linear_classification - INFO - args.use_gpu : True
2023-09-26 10:58:56,285 - fewshot_modelnet_non_linear_classification - INFO - args.distributed : False
2023-09-26 10:58:56,285 - fewshot_modelnet_non_linear_classification - INFO - config.optimizer = edict()
2023-09-26 10:58:56,285 - fewshot_modelnet_non_linear_classification - INFO - config.optimizer.type : AdamW
2023-09-26 10:58:56,285 - fewshot_modelnet_non_linear_classification - INFO - config.optimizer.part : only_new
2023-09-26 10:58:56,285 - fewshot_modelnet_non_linear_classification - INFO - config.optimizer.kwargs = edict()
2023-09-26 10:58:56,285 - fewshot_modelnet_non_linear_classification - INFO - config.optimizer.kwargs.lr : 0.0007
2023-09-26 10:58:56,285 - fewshot_modelnet_non_linear_classification - INFO - config.optimizer.kwargs.weight_decay : 0.05
2023-09-26 10:58:56,285 - fewshot_modelnet_non_linear_classification - INFO - config.scheduler = edict()
2023-09-26 10:58:56,285 - fewshot_modelnet_non_linear_classification - INFO - config.scheduler.type : CosLR
2023-09-26 10:58:56,285 - fewshot_modelnet_non_linear_classification - INFO - config.scheduler.kwargs = edict()
2023-09-26 10:58:56,285 - fewshot_modelnet_non_linear_classification - INFO - config.scheduler.kwargs.epochs : 150
2023-09-26 10:58:56,285 - fewshot_modelnet_non_linear_classification - INFO - config.scheduler.kwargs.initial_epochs : 10
2023-09-26 10:58:56,285 - fewshot_modelnet_non_linear_classification - INFO - config.dataset = edict()
2023-09-26 10:58:56,285 - fewshot_modelnet_non_linear_classification - INFO - config.dataset.train = edict()
2023-09-26 10:58:56,285 - fewshot_modelnet_non_linear_classification - INFO - config.dataset.train._base_ = edict()
2023-09-26 10:58:56,285 - fewshot_modelnet_non_linear_classification - INFO - config.dataset.train._base_.NAME : ModelNetFewShot
2023-09-26 10:58:56,286 - fewshot_modelnet_non_linear_classification - INFO - config.dataset.train._base_.DATA_PATH : data/ModelNetFewshot
2023-09-26 10:58:56,286 - fewshot_modelnet_non_linear_classification - INFO - config.dataset.train._base_.N_POINTS : 8192
2023-09-26 10:58:56,286 - fewshot_modelnet_non_linear_classification - INFO - config.dataset.train._base_.NUM_CATEGORY : 40
2023-09-26 10:58:56,286 - fewshot_modelnet_non_linear_classification - INFO - config.dataset.train._base_.USE_NORMALS : False
2023-09-26 10:58:56,286 - fewshot_modelnet_non_linear_classification - INFO - config.dataset.train.others = edict()
2023-09-26 10:58:56,286 - fewshot_modelnet_non_linear_classification - INFO - config.dataset.train.others.subset : train
2023-09-26 10:58:56,286 - fewshot_modelnet_non_linear_classification - INFO - config.dataset.train.others.bs : 32
2023-09-26 10:58:56,286 - fewshot_modelnet_non_linear_classification - INFO - config.dataset.val = edict()
2023-09-26 10:58:56,286 - fewshot_modelnet_non_linear_classification - INFO - config.dataset.val._base_ = edict()
2023-09-26 10:58:56,286 - fewshot_modelnet_non_linear_classification - INFO - config.dataset.val._base_.NAME : ModelNetFewShot
2023-09-26 10:58:56,286 - fewshot_modelnet_non_linear_classification - INFO - config.dataset.val._base_.DATA_PATH : data/ModelNetFewshot
2023-09-26 10:58:56,286 - fewshot_modelnet_non_linear_classification - INFO - config.dataset.val._base_.N_POINTS : 8192
2023-09-26 10:58:56,286 - fewshot_modelnet_non_linear_classification - INFO - config.dataset.val._base_.NUM_CATEGORY : 40
2023-09-26 10:58:56,286 - fewshot_modelnet_non_linear_classification - INFO - config.dataset.val._base_.USE_NORMALS : False
2023-09-26 10:58:56,286 - fewshot_modelnet_non_linear_classification - INFO - config.dataset.val.others = edict()
2023-09-26 10:58:56,286 - fewshot_modelnet_non_linear_classification - INFO - config.dataset.val.others.subset : test
2023-09-26 10:58:56,286 - fewshot_modelnet_non_linear_classification - INFO - config.dataset.val.others.bs : 64
2023-09-26 10:58:56,286 - fewshot_modelnet_non_linear_classification - INFO - config.dataset.test = edict()
2023-09-26 10:58:56,286 - fewshot_modelnet_non_linear_classification - INFO - config.dataset.test._base_ = edict()
2023-09-26 10:58:56,286 - fewshot_modelnet_non_linear_classification - INFO - config.dataset.test._base_.NAME : ModelNet
2023-09-26 10:58:56,287 - fewshot_modelnet_non_linear_classification - INFO - config.dataset.test._base_.DATA_PATH : data/ModelNet/modelnet40_normal_resampled
2023-09-26 10:58:56,287 - fewshot_modelnet_non_linear_classification - INFO - config.dataset.test._base_.N_POINTS : 8192
2023-09-26 10:58:56,287 - fewshot_modelnet_non_linear_classification - INFO - config.dataset.test._base_.NUM_CATEGORY : 40
2023-09-26 10:58:56,287 - fewshot_modelnet_non_linear_classification - INFO - config.dataset.test._base_.USE_NORMALS : False
2023-09-26 10:58:56,287 - fewshot_modelnet_non_linear_classification - INFO - config.dataset.test.others = edict()
2023-09-26 10:58:56,287 - fewshot_modelnet_non_linear_classification - INFO - config.dataset.test.others.subset : test
2023-09-26 10:58:56,287 - fewshot_modelnet_non_linear_classification - INFO - config.dataset.test.others.bs : 32
2023-09-26 10:58:56,287 - fewshot_modelnet_non_linear_classification - INFO - config.model = edict()
2023-09-26 10:58:56,287 - fewshot_modelnet_non_linear_classification - INFO - config.model.NAME : PointTransformer
2023-09-26 10:58:56,287 - fewshot_modelnet_non_linear_classification - INFO - config.model.trans_dim : 384
2023-09-26 10:58:56,287 - fewshot_modelnet_non_linear_classification - INFO - config.model.depth : 12
2023-09-26 10:58:56,287 - fewshot_modelnet_non_linear_classification - INFO - config.model.drop_path_rate : 0.1
2023-09-26 10:58:56,287 - fewshot_modelnet_non_linear_classification - INFO - config.model.cls_dim : 40
2023-09-26 10:58:56,287 - fewshot_modelnet_non_linear_classification - INFO - config.model.num_heads : 6
2023-09-26 10:58:56,287 - fewshot_modelnet_non_linear_classification - INFO - config.model.group_size : 32
2023-09-26 10:58:56,287 - fewshot_modelnet_non_linear_classification - INFO - config.model.num_group : 64
2023-09-26 10:58:56,287 - fewshot_modelnet_non_linear_classification - INFO - config.model.encoder_dims : 384
2023-09-26 10:58:56,287 - fewshot_modelnet_non_linear_classification - INFO - config.npoints : 1024
2023-09-26 10:58:56,287 - fewshot_modelnet_non_linear_classification - INFO - config.total_bs : 32
2023-09-26 10:58:56,288 - fewshot_modelnet_non_linear_classification - INFO - config.step_per_update : 1
2023-09-26 10:58:56,288 - fewshot_modelnet_non_linear_classification - INFO - config.max_epoch : 150
2023-09-26 10:58:56,288 - fewshot_modelnet_non_linear_classification - INFO - config.grad_norm_clip : 10
2023-09-26 10:58:56,288 - fewshot_modelnet_non_linear_classification - INFO - Distributed training: False
2023-09-26 10:58:56,288 - fewshot_modelnet_non_linear_classification - INFO - Set random seed to 0, deterministic: False
2023-09-26 10:58:58,263 - fewshot_modelnet_non_linear_classification - INFO - Using Data parallel ...
2023-09-26 10:59:03,211 - fewshot_modelnet_non_linear_classification - INFO - [Training] EPOCH: 0 EpochTime = 4.943 (s) Losses = ['3.8774', '2.0833'] lr = 0.000001
2023-09-26 10:59:03,668 - fewshot_modelnet_non_linear_classification - INFO - Save checkpoint at ./experiments/fewshot_modelnet_non_linear_classification/cfgs/add_as_normal/ckpt-last.pth
2023-09-26 10:59:04,927 - fewshot_modelnet_non_linear_classification - INFO - [Training] EPOCH: 1 EpochTime = 1.258 (s) Losses = ['3.8107', '1.0417'] lr = 0.000071
2023-09-26 10:59:07,292 - fewshot_modelnet_non_linear_classification - INFO - [Validation] EPOCH: 1  acc = 2.0000
2023-09-26 10:59:07,848 - fewshot_modelnet_non_linear_classification - INFO - Save checkpoint at ./experiments/fewshot_modelnet_non_linear_classification/cfgs/add_as_normal/ckpt-best.pth
2023-09-26 10:59:07,848 - fewshot_modelnet_non_linear_classification - INFO - --------------------------------------------------------------------------------------------
2023-09-26 10:59:08,308 - fewshot_modelnet_non_linear_classification - INFO - Save checkpoint at ./experiments/fewshot_modelnet_non_linear_classification/cfgs/add_as_normal/ckpt-last.pth
2023-09-26 10:59:09,656 - fewshot_modelnet_non_linear_classification - INFO - [Training] EPOCH: 2 EpochTime = 1.346 (s) Losses = ['3.7048', '8.3333'] lr = 0.000141
2023-09-26 10:59:10,711 - fewshot_modelnet_non_linear_classification - INFO - [Validation] EPOCH: 2  acc = 1.0000
2023-09-26 10:59:11,171 - fewshot_modelnet_non_linear_classification - INFO - Save checkpoint at ./experiments/fewshot_modelnet_non_linear_classification/cfgs/add_as_normal/ckpt-last.pth
2023-09-26 10:59:12,659 - fewshot_modelnet_non_linear_classification - INFO - [Training] EPOCH: 3 EpochTime = 1.486 (s) Losses = ['3.6500', '8.3333'] lr = 0.000211
2023-09-26 10:59:13,757 - fewshot_modelnet_non_linear_classification - INFO - [Validation] EPOCH: 3  acc = 3.0000
2023-09-26 10:59:14,240 - fewshot_modelnet_non_linear_classification - INFO - Save checkpoint at ./experiments/fewshot_modelnet_non_linear_classification/cfgs/add_as_normal/ckpt-best.pth
2023-09-26 10:59:14,240 - fewshot_modelnet_non_linear_classification - INFO - --------------------------------------------------------------------------------------------
2023-09-26 10:59:14,709 - fewshot_modelnet_non_linear_classification - INFO - Save checkpoint at ./experiments/fewshot_modelnet_non_linear_classification/cfgs/add_as_normal/ckpt-last.pth
2023-09-26 10:59:16,072 - fewshot_modelnet_non_linear_classification - INFO - [Training] EPOCH: 4 EpochTime = 1.361 (s) Losses = ['3.4977', '8.3333'] lr = 0.000281
2023-09-26 10:59:17,065 - fewshot_modelnet_non_linear_classification - INFO - [Validation] EPOCH: 4  acc = 23.0000
2023-09-26 10:59:17,582 - fewshot_modelnet_non_linear_classification - INFO - Save checkpoint at ./experiments/fewshot_modelnet_non_linear_classification/cfgs/add_as_normal/ckpt-best.pth
2023-09-26 10:59:17,583 - fewshot_modelnet_non_linear_classification - INFO - --------------------------------------------------------------------------------------------
2023-09-26 10:59:18,073 - fewshot_modelnet_non_linear_classification - INFO - Save checkpoint at ./experiments/fewshot_modelnet_non_linear_classification/cfgs/add_as_normal/ckpt-last.pth
2023-09-26 10:59:19,334 - fewshot_modelnet_non_linear_classification - INFO - [Training] EPOCH: 5 EpochTime = 1.259 (s) Losses = ['3.1435', '18.7500'] lr = 0.000351
2023-09-26 10:59:20,371 - fewshot_modelnet_non_linear_classification - INFO - [Validation] EPOCH: 5  acc = 52.0000
2023-09-26 10:59:20,873 - fewshot_modelnet_non_linear_classification - INFO - Save checkpoint at ./experiments/fewshot_modelnet_non_linear_classification/cfgs/add_as_normal/ckpt-best.pth
2023-09-26 10:59:20,873 - fewshot_modelnet_non_linear_classification - INFO - --------------------------------------------------------------------------------------------
2023-09-26 10:59:21,350 - fewshot_modelnet_non_linear_classification - INFO - Save checkpoint at ./experiments/fewshot_modelnet_non_linear_classification/cfgs/add_as_normal/ckpt-last.pth
2023-09-26 10:59:22,634 - fewshot_modelnet_non_linear_classification - INFO - [Training] EPOCH: 6 EpochTime = 1.282 (s) Losses = ['2.7245', '47.9167'] lr = 0.000420
2023-09-26 10:59:23,633 - fewshot_modelnet_non_linear_classification - INFO - [Validation] EPOCH: 6  acc = 82.0000
2023-09-26 10:59:24,105 - fewshot_modelnet_non_linear_classification - INFO - Save checkpoint at ./experiments/fewshot_modelnet_non_linear_classification/cfgs/add_as_normal/ckpt-best.pth
2023-09-26 10:59:24,106 - fewshot_modelnet_non_linear_classification - INFO - --------------------------------------------------------------------------------------------
2023-09-26 10:59:24,555 - fewshot_modelnet_non_linear_classification - INFO - Save checkpoint at ./experiments/fewshot_modelnet_non_linear_classification/cfgs/add_as_normal/ckpt-last.pth
2023-09-26 10:59:25,784 - fewshot_modelnet_non_linear_classification - INFO - [Training] EPOCH: 7 EpochTime = 1.228 (s) Losses = ['2.3842', '57.2917'] lr = 0.000490
2023-09-26 10:59:26,828 - fewshot_modelnet_non_linear_classification - INFO - [Validation] EPOCH: 7  acc = 89.0000
2023-09-26 10:59:27,337 - fewshot_modelnet_non_linear_classification - INFO - Save checkpoint at ./experiments/fewshot_modelnet_non_linear_classification/cfgs/add_as_normal/ckpt-best.pth
2023-09-26 10:59:27,338 - fewshot_modelnet_non_linear_classification - INFO - --------------------------------------------------------------------------------------------
2023-09-26 10:59:27,794 - fewshot_modelnet_non_linear_classification - INFO - Save checkpoint at ./experiments/fewshot_modelnet_non_linear_classification/cfgs/add_as_normal/ckpt-last.pth
2023-09-26 10:59:29,063 - fewshot_modelnet_non_linear_classification - INFO - [Training] EPOCH: 8 EpochTime = 1.268 (s) Losses = ['2.1592', '71.8750'] lr = 0.000560
2023-09-26 10:59:30,072 - fewshot_modelnet_non_linear_classification - INFO - [Validation] EPOCH: 8  acc = 89.0000
2023-09-26 10:59:30,540 - fewshot_modelnet_non_linear_classification - INFO - Save checkpoint at ./experiments/fewshot_modelnet_non_linear_classification/cfgs/add_as_normal/ckpt-last.pth
2023-09-26 10:59:31,810 - fewshot_modelnet_non_linear_classification - INFO - [Training] EPOCH: 9 EpochTime = 1.269 (s) Losses = ['1.6054', '85.4167'] lr = 0.000630
2023-09-26 10:59:32,991 - fewshot_modelnet_non_linear_classification - INFO - [Validation] EPOCH: 9  acc = 93.0000
2023-09-26 10:59:33,463 - fewshot_modelnet_non_linear_classification - INFO - Save checkpoint at ./experiments/fewshot_modelnet_non_linear_classification/cfgs/add_as_normal/ckpt-best.pth
2023-09-26 10:59:33,464 - fewshot_modelnet_non_linear_classification - INFO - --------------------------------------------------------------------------------------------
2023-09-26 10:59:33,917 - fewshot_modelnet_non_linear_classification - INFO - Save checkpoint at ./experiments/fewshot_modelnet_non_linear_classification/cfgs/add_as_normal/ckpt-last.pth
2023-09-26 10:59:35,165 - fewshot_modelnet_non_linear_classification - INFO - [Training] EPOCH: 10 EpochTime = 1.246 (s) Losses = ['1.3458', '92.7083'] lr = 0.000692
2023-09-26 10:59:36,165 - fewshot_modelnet_non_linear_classification - INFO - [Validation] EPOCH: 10  acc = 94.0000
2023-09-26 10:59:36,616 - fewshot_modelnet_non_linear_classification - INFO - Save checkpoint at ./experiments/fewshot_modelnet_non_linear_classification/cfgs/add_as_normal/ckpt-best.pth
2023-09-26 10:59:36,616 - fewshot_modelnet_non_linear_classification - INFO - --------------------------------------------------------------------------------------------
2023-09-26 10:59:37,064 - fewshot_modelnet_non_linear_classification - INFO - Save checkpoint at ./experiments/fewshot_modelnet_non_linear_classification/cfgs/add_as_normal/ckpt-last.pth
2023-09-26 10:59:38,319 - fewshot_modelnet_non_linear_classification - INFO - [Training] EPOCH: 11 EpochTime = 1.254 (s) Losses = ['1.1357', '93.7500'] lr = 0.000691
2023-09-26 10:59:39,444 - fewshot_modelnet_non_linear_classification - INFO - [Validation] EPOCH: 11  acc = 95.0000
2023-09-26 10:59:39,909 - fewshot_modelnet_non_linear_classification - INFO - Save checkpoint at ./experiments/fewshot_modelnet_non_linear_classification/cfgs/add_as_normal/ckpt-best.pth
2023-09-26 10:59:39,909 - fewshot_modelnet_non_linear_classification - INFO - --------------------------------------------------------------------------------------------
2023-09-26 10:59:40,368 - fewshot_modelnet_non_linear_classification - INFO - Save checkpoint at ./experiments/fewshot_modelnet_non_linear_classification/cfgs/add_as_normal/ckpt-last.pth
2023-09-26 10:59:41,596 - fewshot_modelnet_non_linear_classification - INFO - [Training] EPOCH: 12 EpochTime = 1.227 (s) Losses = ['0.8924', '95.8333'] lr = 0.000689
2023-09-26 10:59:42,642 - fewshot_modelnet_non_linear_classification - INFO - [Validation] EPOCH: 12  acc = 96.0000
2023-09-26 10:59:43,207 - fewshot_modelnet_non_linear_classification - INFO - Save checkpoint at ./experiments/fewshot_modelnet_non_linear_classification/cfgs/add_as_normal/ckpt-best.pth
2023-09-26 10:59:43,207 - fewshot_modelnet_non_linear_classification - INFO - --------------------------------------------------------------------------------------------
2023-09-26 10:59:43,787 - fewshot_modelnet_non_linear_classification - INFO - Save checkpoint at ./experiments/fewshot_modelnet_non_linear_classification/cfgs/add_as_normal/ckpt-last.pth
2023-09-26 10:59:45,137 - fewshot_modelnet_non_linear_classification - INFO - [Training] EPOCH: 13 EpochTime = 1.349 (s) Losses = ['0.7214', '95.8333'] lr = 0.000687
2023-09-26 10:59:46,149 - fewshot_modelnet_non_linear_classification - INFO - [Validation] EPOCH: 13  acc = 95.0000
2023-09-26 10:59:46,632 - fewshot_modelnet_non_linear_classification - INFO - Save checkpoint at ./experiments/fewshot_modelnet_non_linear_classification/cfgs/add_as_normal/ckpt-last.pth
2023-09-26 10:59:47,877 - fewshot_modelnet_non_linear_classification - INFO - [Training] EPOCH: 14 EpochTime = 1.244 (s) Losses = ['0.5546', '94.7917'] lr = 0.000685
2023-09-26 10:59:48,881 - fewshot_modelnet_non_linear_classification - INFO - [Validation] EPOCH: 14  acc = 94.0000
2023-09-26 10:59:49,347 - fewshot_modelnet_non_linear_classification - INFO - Save checkpoint at ./experiments/fewshot_modelnet_non_linear_classification/cfgs/add_as_normal/ckpt-last.pth
2023-09-26 10:59:50,597 - fewshot_modelnet_non_linear_classification - INFO - [Training] EPOCH: 15 EpochTime = 1.249 (s) Losses = ['0.5405', '95.8333'] lr = 0.000683
2023-09-26 10:59:51,611 - fewshot_modelnet_non_linear_classification - INFO - [Validation] EPOCH: 15  acc = 95.0000
2023-09-26 10:59:52,088 - fewshot_modelnet_non_linear_classification - INFO - Save checkpoint at ./experiments/fewshot_modelnet_non_linear_classification/cfgs/add_as_normal/ckpt-last.pth
2023-09-26 10:59:53,361 - fewshot_modelnet_non_linear_classification - INFO - [Training] EPOCH: 16 EpochTime = 1.271 (s) Losses = ['0.4634', '95.8333'] lr = 0.000681
2023-09-26 10:59:54,539 - fewshot_modelnet_non_linear_classification - INFO - [Validation] EPOCH: 16  acc = 96.0000
2023-09-26 10:59:54,999 - fewshot_modelnet_non_linear_classification - INFO - Save checkpoint at ./experiments/fewshot_modelnet_non_linear_classification/cfgs/add_as_normal/ckpt-last.pth
2023-09-26 10:59:56,276 - fewshot_modelnet_non_linear_classification - INFO - [Training] EPOCH: 17 EpochTime = 1.274 (s) Losses = ['0.3293', '100.0000'] lr = 0.000678
2023-09-26 10:59:57,268 - fewshot_modelnet_non_linear_classification - INFO - [Validation] EPOCH: 17  acc = 96.0000
2023-09-26 10:59:57,760 - fewshot_modelnet_non_linear_classification - INFO - Save checkpoint at ./experiments/fewshot_modelnet_non_linear_classification/cfgs/add_as_normal/ckpt-last.pth
2023-09-26 10:59:59,012 - fewshot_modelnet_non_linear_classification - INFO - [Training] EPOCH: 18 EpochTime = 1.251 (s) Losses = ['0.3273', '97.9167'] lr = 0.000675
2023-09-26 11:00:00,038 - fewshot_modelnet_non_linear_classification - INFO - [Validation] EPOCH: 18  acc = 96.0000
2023-09-26 11:00:00,482 - fewshot_modelnet_non_linear_classification - INFO - Save checkpoint at ./experiments/fewshot_modelnet_non_linear_classification/cfgs/add_as_normal/ckpt-last.pth
2023-09-26 11:00:01,819 - fewshot_modelnet_non_linear_classification - INFO - [Training] EPOCH: 19 EpochTime = 1.336 (s) Losses = ['0.2532', '95.8333'] lr = 0.000673
2023-09-26 11:00:02,839 - fewshot_modelnet_non_linear_classification - INFO - [Validation] EPOCH: 19  acc = 96.0000
2023-09-26 11:00:03,344 - fewshot_modelnet_non_linear_classification - INFO - Save checkpoint at ./experiments/fewshot_modelnet_non_linear_classification/cfgs/add_as_normal/ckpt-last.pth
2023-09-26 11:00:04,593 - fewshot_modelnet_non_linear_classification - INFO - [Training] EPOCH: 20 EpochTime = 1.247 (s) Losses = ['0.2198', '98.9583'] lr = 0.000670
2023-09-26 11:00:05,610 - fewshot_modelnet_non_linear_classification - INFO - [Validation] EPOCH: 20  acc = 95.0000
2023-09-26 11:00:06,104 - fewshot_modelnet_non_linear_classification - INFO - Save checkpoint at ./experiments/fewshot_modelnet_non_linear_classification/cfgs/add_as_normal/ckpt-last.pth
2023-09-26 11:00:07,343 - fewshot_modelnet_non_linear_classification - INFO - [Training] EPOCH: 21 EpochTime = 1.237 (s) Losses = ['0.1721', '98.9583'] lr = 0.000667
2023-09-26 11:00:08,337 - fewshot_modelnet_non_linear_classification - INFO - [Validation] EPOCH: 21  acc = 95.0000
2023-09-26 11:00:08,811 - fewshot_modelnet_non_linear_classification - INFO - Save checkpoint at ./experiments/fewshot_modelnet_non_linear_classification/cfgs/add_as_normal/ckpt-last.pth
2023-09-26 11:00:10,030 - fewshot_modelnet_non_linear_classification - INFO - [Training] EPOCH: 22 EpochTime = 1.217 (s) Losses = ['0.1929', '100.0000'] lr = 0.000664
2023-09-26 11:00:11,046 - fewshot_modelnet_non_linear_classification - INFO - [Validation] EPOCH: 22  acc = 96.0000
2023-09-26 11:00:11,540 - fewshot_modelnet_non_linear_classification - INFO - Save checkpoint at ./experiments/fewshot_modelnet_non_linear_classification/cfgs/add_as_normal/ckpt-last.pth
2023-09-26 11:00:12,786 - fewshot_modelnet_non_linear_classification - INFO - [Training] EPOCH: 23 EpochTime = 1.244 (s) Losses = ['0.1813', '100.0000'] lr = 0.000660
2023-09-26 11:00:13,774 - fewshot_modelnet_non_linear_classification - INFO - [Validation] EPOCH: 23  acc = 97.0000
2023-09-26 11:00:14,255 - fewshot_modelnet_non_linear_classification - INFO - Save checkpoint at ./experiments/fewshot_modelnet_non_linear_classification/cfgs/add_as_normal/ckpt-best.pth
2023-09-26 11:00:14,255 - fewshot_modelnet_non_linear_classification - INFO - --------------------------------------------------------------------------------------------
2023-09-26 11:00:14,684 - fewshot_modelnet_non_linear_classification - INFO - Save checkpoint at ./experiments/fewshot_modelnet_non_linear_classification/cfgs/add_as_normal/ckpt-last.pth
2023-09-26 11:00:15,937 - fewshot_modelnet_non_linear_classification - INFO - [Training] EPOCH: 24 EpochTime = 1.251 (s) Losses = ['0.2136', '96.8750'] lr = 0.000657
2023-09-26 11:00:16,939 - fewshot_modelnet_non_linear_classification - INFO - [Validation] EPOCH: 24  acc = 97.0000
2023-09-26 11:00:17,479 - fewshot_modelnet_non_linear_classification - INFO - Save checkpoint at ./experiments/fewshot_modelnet_non_linear_classification/cfgs/add_as_normal/ckpt-last.pth
2023-09-26 11:00:18,889 - fewshot_modelnet_non_linear_classification - INFO - [Training] EPOCH: 25 EpochTime = 1.408 (s) Losses = ['0.1293', '100.0000'] lr = 0.000653
2023-09-26 11:00:19,914 - fewshot_modelnet_non_linear_classification - INFO - [Validation] EPOCH: 25  acc = 97.0000
2023-09-26 11:00:20,349 - fewshot_modelnet_non_linear_classification - INFO - Save checkpoint at ./experiments/fewshot_modelnet_non_linear_classification/cfgs/add_as_normal/ckpt-last.pth
2023-09-26 11:00:21,615 - fewshot_modelnet_non_linear_classification - INFO - [Training] EPOCH: 26 EpochTime = 1.263 (s) Losses = ['0.1414', '100.0000'] lr = 0.000649
2023-09-26 11:00:22,635 - fewshot_modelnet_non_linear_classification - INFO - [Validation] EPOCH: 26  acc = 97.0000
2023-09-26 11:00:23,148 - fewshot_modelnet_non_linear_classification - INFO - Save checkpoint at ./experiments/fewshot_modelnet_non_linear_classification/cfgs/add_as_normal/ckpt-last.pth
2023-09-26 11:00:24,404 - fewshot_modelnet_non_linear_classification - INFO - [Training] EPOCH: 27 EpochTime = 1.254 (s) Losses = ['0.1225', '100.0000'] lr = 0.000646
2023-09-26 11:00:25,411 - fewshot_modelnet_non_linear_classification - INFO - [Validation] EPOCH: 27  acc = 97.0000
2023-09-26 11:00:25,862 - fewshot_modelnet_non_linear_classification - INFO - Save checkpoint at ./experiments/fewshot_modelnet_non_linear_classification/cfgs/add_as_normal/ckpt-last.pth
2023-09-26 11:00:27,093 - fewshot_modelnet_non_linear_classification - INFO - [Training] EPOCH: 28 EpochTime = 1.230 (s) Losses = ['0.1561', '96.8750'] lr = 0.000642
2023-09-26 11:00:28,111 - fewshot_modelnet_non_linear_classification - INFO - [Validation] EPOCH: 28  acc = 97.0000
2023-09-26 11:00:28,596 - fewshot_modelnet_non_linear_classification - INFO - Save checkpoint at ./experiments/fewshot_modelnet_non_linear_classification/cfgs/add_as_normal/ckpt-last.pth
2023-09-26 11:00:29,975 - fewshot_modelnet_non_linear_classification - INFO - [Training] EPOCH: 29 EpochTime = 1.377 (s) Losses = ['0.1251', '97.9167'] lr = 0.000637
2023-09-26 11:00:31,075 - fewshot_modelnet_non_linear_classification - INFO - [Validation] EPOCH: 29  acc = 97.0000
2023-09-26 11:00:31,521 - fewshot_modelnet_non_linear_classification - INFO - Save checkpoint at ./experiments/fewshot_modelnet_non_linear_classification/cfgs/add_as_normal/ckpt-last.pth
2023-09-26 11:00:32,773 - fewshot_modelnet_non_linear_classification - INFO - [Training] EPOCH: 30 EpochTime = 1.250 (s) Losses = ['0.0937', '100.0000'] lr = 0.000633
2023-09-26 11:00:33,810 - fewshot_modelnet_non_linear_classification - INFO - [Validation] EPOCH: 30  acc = 97.0000
2023-09-26 11:00:34,309 - fewshot_modelnet_non_linear_classification - INFO - Save checkpoint at ./experiments/fewshot_modelnet_non_linear_classification/cfgs/add_as_normal/ckpt-last.pth
2023-09-26 11:00:35,567 - fewshot_modelnet_non_linear_classification - INFO - [Training] EPOCH: 31 EpochTime = 1.255 (s) Losses = ['0.1190', '100.0000'] lr = 0.000629
2023-09-26 11:00:36,591 - fewshot_modelnet_non_linear_classification - INFO - [Validation] EPOCH: 31  acc = 97.0000
2023-09-26 11:00:37,065 - fewshot_modelnet_non_linear_classification - INFO - Save checkpoint at ./experiments/fewshot_modelnet_non_linear_classification/cfgs/add_as_normal/ckpt-last.pth
2023-09-26 11:00:38,356 - fewshot_modelnet_non_linear_classification - INFO - [Training] EPOCH: 32 EpochTime = 1.289 (s) Losses = ['0.0838', '100.0000'] lr = 0.000624
2023-09-26 11:00:39,548 - fewshot_modelnet_non_linear_classification - INFO - [Validation] EPOCH: 32  acc = 97.0000
2023-09-26 11:00:40,104 - fewshot_modelnet_non_linear_classification - INFO - Save checkpoint at ./experiments/fewshot_modelnet_non_linear_classification/cfgs/add_as_normal/ckpt-last.pth
2023-09-26 11:00:41,373 - fewshot_modelnet_non_linear_classification - INFO - [Training] EPOCH: 33 EpochTime = 1.267 (s) Losses = ['0.0706', '100.0000'] lr = 0.000620
2023-09-26 11:00:42,440 - fewshot_modelnet_non_linear_classification - INFO - [Validation] EPOCH: 33  acc = 97.0000
2023-09-26 11:00:42,939 - fewshot_modelnet_non_linear_classification - INFO - Save checkpoint at ./experiments/fewshot_modelnet_non_linear_classification/cfgs/add_as_normal/ckpt-last.pth
2023-09-26 11:00:44,184 - fewshot_modelnet_non_linear_classification - INFO - [Training] EPOCH: 34 EpochTime = 1.243 (s) Losses = ['0.0959', '97.9167'] lr = 0.000615
2023-09-26 11:00:45,169 - fewshot_modelnet_non_linear_classification - INFO - [Validation] EPOCH: 34  acc = 97.0000
2023-09-26 11:00:45,599 - fewshot_modelnet_non_linear_classification - INFO - Save checkpoint at ./experiments/fewshot_modelnet_non_linear_classification/cfgs/add_as_normal/ckpt-last.pth
2023-09-26 11:00:46,896 - fewshot_modelnet_non_linear_classification - INFO - [Training] EPOCH: 35 EpochTime = 1.295 (s) Losses = ['0.0919', '100.0000'] lr = 0.000610
2023-09-26 11:00:47,963 - fewshot_modelnet_non_linear_classification - INFO - [Validation] EPOCH: 35  acc = 95.0000
2023-09-26 11:00:48,421 - fewshot_modelnet_non_linear_classification - INFO - Save checkpoint at ./experiments/fewshot_modelnet_non_linear_classification/cfgs/add_as_normal/ckpt-last.pth
2023-09-26 11:00:49,676 - fewshot_modelnet_non_linear_classification - INFO - [Training] EPOCH: 36 EpochTime = 1.253 (s) Losses = ['0.0926', '100.0000'] lr = 0.000605
2023-09-26 11:00:50,713 - fewshot_modelnet_non_linear_classification - INFO - [Validation] EPOCH: 36  acc = 95.0000
2023-09-26 11:00:51,199 - fewshot_modelnet_non_linear_classification - INFO - Save checkpoint at ./experiments/fewshot_modelnet_non_linear_classification/cfgs/add_as_normal/ckpt-last.pth
2023-09-26 11:00:52,482 - fewshot_modelnet_non_linear_classification - INFO - [Training] EPOCH: 37 EpochTime = 1.281 (s) Losses = ['0.1000', '100.0000'] lr = 0.000600
2023-09-26 11:00:53,466 - fewshot_modelnet_non_linear_classification - INFO - [Validation] EPOCH: 37  acc = 97.0000
2023-09-26 11:00:53,983 - fewshot_modelnet_non_linear_classification - INFO - Save checkpoint at ./experiments/fewshot_modelnet_non_linear_classification/cfgs/add_as_normal/ckpt-last.pth
2023-09-26 11:00:55,238 - fewshot_modelnet_non_linear_classification - INFO - [Training] EPOCH: 38 EpochTime = 1.253 (s) Losses = ['0.0939', '100.0000'] lr = 0.000595
2023-09-26 11:00:56,265 - fewshot_modelnet_non_linear_classification - INFO - [Validation] EPOCH: 38  acc = 97.0000
2023-09-26 11:00:56,802 - fewshot_modelnet_non_linear_classification - INFO - Save checkpoint at ./experiments/fewshot_modelnet_non_linear_classification/cfgs/add_as_normal/ckpt-last.pth
2023-09-26 11:00:58,066 - fewshot_modelnet_non_linear_classification - INFO - [Training] EPOCH: 39 EpochTime = 1.263 (s) Losses = ['0.0600', '100.0000'] lr = 0.000590
2023-09-26 11:00:59,085 - fewshot_modelnet_non_linear_classification - INFO - [Validation] EPOCH: 39  acc = 96.0000
2023-09-26 11:00:59,575 - fewshot_modelnet_non_linear_classification - INFO - Save checkpoint at ./experiments/fewshot_modelnet_non_linear_classification/cfgs/add_as_normal/ckpt-last.pth
2023-09-26 11:01:00,870 - fewshot_modelnet_non_linear_classification - INFO - [Training] EPOCH: 40 EpochTime = 1.293 (s) Losses = ['0.0914', '97.9167'] lr = 0.000584
2023-09-26 11:01:01,870 - fewshot_modelnet_non_linear_classification - INFO - [Validation] EPOCH: 40  acc = 97.0000
2023-09-26 11:01:02,322 - fewshot_modelnet_non_linear_classification - INFO - Save checkpoint at ./experiments/fewshot_modelnet_non_linear_classification/cfgs/add_as_normal/ckpt-last.pth
2023-09-26 11:01:03,598 - fewshot_modelnet_non_linear_classification - INFO - [Training] EPOCH: 41 EpochTime = 1.275 (s) Losses = ['0.0850', '100.0000'] lr = 0.000579
2023-09-26 11:01:04,597 - fewshot_modelnet_non_linear_classification - INFO - [Validation] EPOCH: 41  acc = 97.0000
2023-09-26 11:01:05,088 - fewshot_modelnet_non_linear_classification - INFO - Save checkpoint at ./experiments/fewshot_modelnet_non_linear_classification/cfgs/add_as_normal/ckpt-last.pth
2023-09-26 11:01:06,325 - fewshot_modelnet_non_linear_classification - INFO - [Training] EPOCH: 42 EpochTime = 1.235 (s) Losses = ['0.0684', '100.0000'] lr = 0.000573
2023-09-26 11:01:07,351 - fewshot_modelnet_non_linear_classification - INFO - [Validation] EPOCH: 42  acc = 97.0000
2023-09-26 11:01:07,804 - fewshot_modelnet_non_linear_classification - INFO - Save checkpoint at ./experiments/fewshot_modelnet_non_linear_classification/cfgs/add_as_normal/ckpt-last.pth
2023-09-26 11:01:09,070 - fewshot_modelnet_non_linear_classification - INFO - [Training] EPOCH: 43 EpochTime = 1.263 (s) Losses = ['0.0764', '100.0000'] lr = 0.000568
2023-09-26 11:01:10,112 - fewshot_modelnet_non_linear_classification - INFO - [Validation] EPOCH: 43  acc = 98.0000
2023-09-26 11:01:10,633 - fewshot_modelnet_non_linear_classification - INFO - Save checkpoint at ./experiments/fewshot_modelnet_non_linear_classification/cfgs/add_as_normal/ckpt-best.pth
2023-09-26 11:01:10,633 - fewshot_modelnet_non_linear_classification - INFO - --------------------------------------------------------------------------------------------
2023-09-26 11:01:11,139 - fewshot_modelnet_non_linear_classification - INFO - Save checkpoint at ./experiments/fewshot_modelnet_non_linear_classification/cfgs/add_as_normal/ckpt-last.pth
2023-09-26 11:01:12,495 - fewshot_modelnet_non_linear_classification - INFO - [Training] EPOCH: 44 EpochTime = 1.355 (s) Losses = ['0.0648', '100.0000'] lr = 0.000562
2023-09-26 11:01:13,660 - fewshot_modelnet_non_linear_classification - INFO - [Validation] EPOCH: 44  acc = 97.0000
2023-09-26 11:01:14,144 - fewshot_modelnet_non_linear_classification - INFO - Save checkpoint at ./experiments/fewshot_modelnet_non_linear_classification/cfgs/add_as_normal/ckpt-last.pth
2023-09-26 11:01:15,432 - fewshot_modelnet_non_linear_classification - INFO - [Training] EPOCH: 45 EpochTime = 1.287 (s) Losses = ['0.0523', '100.0000'] lr = 0.000556
2023-09-26 11:01:16,438 - fewshot_modelnet_non_linear_classification - INFO - [Validation] EPOCH: 45  acc = 96.0000
2023-09-26 11:01:16,948 - fewshot_modelnet_non_linear_classification - INFO - Save checkpoint at ./experiments/fewshot_modelnet_non_linear_classification/cfgs/add_as_normal/ckpt-last.pth
2023-09-26 11:01:18,191 - fewshot_modelnet_non_linear_classification - INFO - [Training] EPOCH: 46 EpochTime = 1.241 (s) Losses = ['0.0734', '98.9583'] lr = 0.000550
2023-09-26 11:01:19,204 - fewshot_modelnet_non_linear_classification - INFO - [Validation] EPOCH: 46  acc = 96.0000
2023-09-26 11:01:19,811 - fewshot_modelnet_non_linear_classification - INFO - Save checkpoint at ./experiments/fewshot_modelnet_non_linear_classification/cfgs/add_as_normal/ckpt-last.pth
2023-09-26 11:01:21,041 - fewshot_modelnet_non_linear_classification - INFO - [Training] EPOCH: 47 EpochTime = 1.228 (s) Losses = ['0.0534', '100.0000'] lr = 0.000544
2023-09-26 11:01:22,112 - fewshot_modelnet_non_linear_classification - INFO - [Validation] EPOCH: 47  acc = 96.0000
2023-09-26 11:01:22,559 - fewshot_modelnet_non_linear_classification - INFO - Save checkpoint at ./experiments/fewshot_modelnet_non_linear_classification/cfgs/add_as_normal/ckpt-last.pth
2023-09-26 11:01:23,789 - fewshot_modelnet_non_linear_classification - INFO - [Training] EPOCH: 48 EpochTime = 1.228 (s) Losses = ['0.0864', '98.9583'] lr = 0.000538
2023-09-26 11:01:24,773 - fewshot_modelnet_non_linear_classification - INFO - [Validation] EPOCH: 48  acc = 96.0000
2023-09-26 11:01:25,248 - fewshot_modelnet_non_linear_classification - INFO - Save checkpoint at ./experiments/fewshot_modelnet_non_linear_classification/cfgs/add_as_normal/ckpt-last.pth
2023-09-26 11:01:26,466 - fewshot_modelnet_non_linear_classification - INFO - [Training] EPOCH: 49 EpochTime = 1.216 (s) Losses = ['0.0538', '100.0000'] lr = 0.000532
2023-09-26 11:01:27,554 - fewshot_modelnet_non_linear_classification - INFO - [Validation] EPOCH: 49  acc = 97.0000
2023-09-26 11:01:28,010 - fewshot_modelnet_non_linear_classification - INFO - Save checkpoint at ./experiments/fewshot_modelnet_non_linear_classification/cfgs/add_as_normal/ckpt-last.pth
2023-09-26 11:01:29,330 - fewshot_modelnet_non_linear_classification - INFO - [Training] EPOCH: 50 EpochTime = 1.318 (s) Losses = ['0.0439', '100.0000'] lr = 0.000525
2023-09-26 11:01:30,388 - fewshot_modelnet_non_linear_classification - INFO - [Validation] EPOCH: 50  acc = 97.0000
2023-09-26 11:01:30,905 - fewshot_modelnet_non_linear_classification - INFO - Save checkpoint at ./experiments/fewshot_modelnet_non_linear_classification/cfgs/add_as_normal/ckpt-last.pth
2023-09-26 11:01:32,256 - fewshot_modelnet_non_linear_classification - INFO - [Training] EPOCH: 51 EpochTime = 1.349 (s) Losses = ['0.0426', '100.0000'] lr = 0.000519
2023-09-26 11:01:33,400 - fewshot_modelnet_non_linear_classification - INFO - [Validation] EPOCH: 51  acc = 98.0000
2023-09-26 11:01:33,864 - fewshot_modelnet_non_linear_classification - INFO - Save checkpoint at ./experiments/fewshot_modelnet_non_linear_classification/cfgs/add_as_normal/ckpt-last.pth
2023-09-26 11:01:35,237 - fewshot_modelnet_non_linear_classification - INFO - [Training] EPOCH: 52 EpochTime = 1.371 (s) Losses = ['0.0575', '100.0000'] lr = 0.000512
2023-09-26 11:01:36,247 - fewshot_modelnet_non_linear_classification - INFO - [Validation] EPOCH: 52  acc = 98.0000
2023-09-26 11:01:36,687 - fewshot_modelnet_non_linear_classification - INFO - Save checkpoint at ./experiments/fewshot_modelnet_non_linear_classification/cfgs/add_as_normal/ckpt-last.pth
2023-09-26 11:01:38,004 - fewshot_modelnet_non_linear_classification - INFO - [Training] EPOCH: 53 EpochTime = 1.315 (s) Losses = ['0.0805', '98.9583'] lr = 0.000506
2023-09-26 11:01:39,086 - fewshot_modelnet_non_linear_classification - INFO - [Validation] EPOCH: 53  acc = 98.0000
2023-09-26 11:01:39,582 - fewshot_modelnet_non_linear_classification - INFO - Save checkpoint at ./experiments/fewshot_modelnet_non_linear_classification/cfgs/add_as_normal/ckpt-last.pth
2023-09-26 11:01:40,886 - fewshot_modelnet_non_linear_classification - INFO - [Training] EPOCH: 54 EpochTime = 1.303 (s) Losses = ['0.0527', '100.0000'] lr = 0.000499
2023-09-26 11:01:41,899 - fewshot_modelnet_non_linear_classification - INFO - [Validation] EPOCH: 54  acc = 98.0000
2023-09-26 11:01:42,380 - fewshot_modelnet_non_linear_classification - INFO - Save checkpoint at ./experiments/fewshot_modelnet_non_linear_classification/cfgs/add_as_normal/ckpt-last.pth
2023-09-26 11:01:43,672 - fewshot_modelnet_non_linear_classification - INFO - [Training] EPOCH: 55 EpochTime = 1.290 (s) Losses = ['0.0701', '98.9583'] lr = 0.000493
2023-09-26 11:01:44,696 - fewshot_modelnet_non_linear_classification - INFO - [Validation] EPOCH: 55  acc = 98.0000
2023-09-26 11:01:45,190 - fewshot_modelnet_non_linear_classification - INFO - Save checkpoint at ./experiments/fewshot_modelnet_non_linear_classification/cfgs/add_as_normal/ckpt-last.pth
2023-09-26 11:01:46,492 - fewshot_modelnet_non_linear_classification - INFO - [Training] EPOCH: 56 EpochTime = 1.301 (s) Losses = ['0.0404', '100.0000'] lr = 0.000486
2023-09-26 11:01:47,575 - fewshot_modelnet_non_linear_classification - INFO - [Validation] EPOCH: 56  acc = 98.0000
2023-09-26 11:01:48,041 - fewshot_modelnet_non_linear_classification - INFO - Save checkpoint at ./experiments/fewshot_modelnet_non_linear_classification/cfgs/add_as_normal/ckpt-last.pth
2023-09-26 11:01:49,293 - fewshot_modelnet_non_linear_classification - INFO - [Training] EPOCH: 57 EpochTime = 1.250 (s) Losses = ['0.0454', '100.0000'] lr = 0.000479
2023-09-26 11:01:50,367 - fewshot_modelnet_non_linear_classification - INFO - [Validation] EPOCH: 57  acc = 98.0000
2023-09-26 11:01:50,868 - fewshot_modelnet_non_linear_classification - INFO - Save checkpoint at ./experiments/fewshot_modelnet_non_linear_classification/cfgs/add_as_normal/ckpt-last.pth
2023-09-26 11:01:52,164 - fewshot_modelnet_non_linear_classification - INFO - [Training] EPOCH: 58 EpochTime = 1.294 (s) Losses = ['0.0392', '100.0000'] lr = 0.000472
2023-09-26 11:01:53,182 - fewshot_modelnet_non_linear_classification - INFO - [Validation] EPOCH: 58  acc = 98.0000
2023-09-26 11:01:53,644 - fewshot_modelnet_non_linear_classification - INFO - Save checkpoint at ./experiments/fewshot_modelnet_non_linear_classification/cfgs/add_as_normal/ckpt-last.pth
2023-09-26 11:01:55,020 - fewshot_modelnet_non_linear_classification - INFO - [Training] EPOCH: 59 EpochTime = 1.374 (s) Losses = ['0.0341', '100.0000'] lr = 0.000465
2023-09-26 11:01:56,043 - fewshot_modelnet_non_linear_classification - INFO - [Validation] EPOCH: 59  acc = 98.0000
2023-09-26 11:01:56,541 - fewshot_modelnet_non_linear_classification - INFO - Save checkpoint at ./experiments/fewshot_modelnet_non_linear_classification/cfgs/add_as_normal/ckpt-last.pth
2023-09-26 11:01:57,789 - fewshot_modelnet_non_linear_classification - INFO - [Training] EPOCH: 60 EpochTime = 1.247 (s) Losses = ['0.0712', '98.9583'] lr = 0.000459
2023-09-26 11:01:58,799 - fewshot_modelnet_non_linear_classification - INFO - [Validation] EPOCH: 60  acc = 99.0000
2023-09-26 11:01:59,274 - fewshot_modelnet_non_linear_classification - INFO - Save checkpoint at ./experiments/fewshot_modelnet_non_linear_classification/cfgs/add_as_normal/ckpt-best.pth
2023-09-26 11:01:59,275 - fewshot_modelnet_non_linear_classification - INFO - --------------------------------------------------------------------------------------------
2023-09-26 11:01:59,738 - fewshot_modelnet_non_linear_classification - INFO - Save checkpoint at ./experiments/fewshot_modelnet_non_linear_classification/cfgs/add_as_normal/ckpt-last.pth
2023-09-26 11:02:00,992 - fewshot_modelnet_non_linear_classification - INFO - [Training] EPOCH: 61 EpochTime = 1.252 (s) Losses = ['0.0440', '100.0000'] lr = 0.000452
2023-09-26 11:02:02,015 - fewshot_modelnet_non_linear_classification - INFO - [Validation] EPOCH: 61  acc = 98.0000
2023-09-26 11:02:02,482 - fewshot_modelnet_non_linear_classification - INFO - Save checkpoint at ./experiments/fewshot_modelnet_non_linear_classification/cfgs/add_as_normal/ckpt-last.pth
2023-09-26 11:02:03,729 - fewshot_modelnet_non_linear_classification - INFO - [Training] EPOCH: 62 EpochTime = 1.245 (s) Losses = ['0.0281', '100.0000'] lr = 0.000444
2023-09-26 11:02:04,728 - fewshot_modelnet_non_linear_classification - INFO - [Validation] EPOCH: 62  acc = 98.0000
2023-09-26 11:02:05,225 - fewshot_modelnet_non_linear_classification - INFO - Save checkpoint at ./experiments/fewshot_modelnet_non_linear_classification/cfgs/add_as_normal/ckpt-last.pth
2023-09-26 11:02:06,498 - fewshot_modelnet_non_linear_classification - INFO - [Training] EPOCH: 63 EpochTime = 1.271 (s) Losses = ['0.0383', '100.0000'] lr = 0.000437
2023-09-26 11:02:07,578 - fewshot_modelnet_non_linear_classification - INFO - [Validation] EPOCH: 63  acc = 98.0000
2023-09-26 11:02:08,018 - fewshot_modelnet_non_linear_classification - INFO - Save checkpoint at ./experiments/fewshot_modelnet_non_linear_classification/cfgs/add_as_normal/ckpt-last.pth
2023-09-26 11:02:09,286 - fewshot_modelnet_non_linear_classification - INFO - [Training] EPOCH: 64 EpochTime = 1.267 (s) Losses = ['0.0471', '100.0000'] lr = 0.000430
2023-09-26 11:02:10,288 - fewshot_modelnet_non_linear_classification - INFO - [Validation] EPOCH: 64  acc = 98.0000
2023-09-26 11:02:10,789 - fewshot_modelnet_non_linear_classification - INFO - Save checkpoint at ./experiments/fewshot_modelnet_non_linear_classification/cfgs/add_as_normal/ckpt-last.pth
2023-09-26 11:02:12,094 - fewshot_modelnet_non_linear_classification - INFO - [Training] EPOCH: 65 EpochTime = 1.303 (s) Losses = ['0.0417', '100.0000'] lr = 0.000423
2023-09-26 11:02:13,097 - fewshot_modelnet_non_linear_classification - INFO - [Validation] EPOCH: 65  acc = 98.0000
2023-09-26 11:02:13,552 - fewshot_modelnet_non_linear_classification - INFO - Save checkpoint at ./experiments/fewshot_modelnet_non_linear_classification/cfgs/add_as_normal/ckpt-last.pth
2023-09-26 11:02:14,785 - fewshot_modelnet_non_linear_classification - INFO - [Training] EPOCH: 66 EpochTime = 1.231 (s) Losses = ['0.0550', '98.9583'] lr = 0.000416
2023-09-26 11:02:15,788 - fewshot_modelnet_non_linear_classification - INFO - [Validation] EPOCH: 66  acc = 97.0000
2023-09-26 11:02:16,293 - fewshot_modelnet_non_linear_classification - INFO - Save checkpoint at ./experiments/fewshot_modelnet_non_linear_classification/cfgs/add_as_normal/ckpt-last.pth
2023-09-26 11:02:17,526 - fewshot_modelnet_non_linear_classification - INFO - [Training] EPOCH: 67 EpochTime = 1.231 (s) Losses = ['0.0478', '100.0000'] lr = 0.000409
2023-09-26 11:02:18,532 - fewshot_modelnet_non_linear_classification - INFO - [Validation] EPOCH: 67  acc = 97.0000
2023-09-26 11:02:18,989 - fewshot_modelnet_non_linear_classification - INFO - Save checkpoint at ./experiments/fewshot_modelnet_non_linear_classification/cfgs/add_as_normal/ckpt-last.pth
2023-09-26 11:02:20,263 - fewshot_modelnet_non_linear_classification - INFO - [Training] EPOCH: 68 EpochTime = 1.272 (s) Losses = ['0.0422', '100.0000'] lr = 0.000402
2023-09-26 11:02:21,331 - fewshot_modelnet_non_linear_classification - INFO - [Validation] EPOCH: 68  acc = 97.0000
2023-09-26 11:02:21,805 - fewshot_modelnet_non_linear_classification - INFO - Save checkpoint at ./experiments/fewshot_modelnet_non_linear_classification/cfgs/add_as_normal/ckpt-last.pth
2023-09-26 11:02:23,126 - fewshot_modelnet_non_linear_classification - INFO - [Training] EPOCH: 69 EpochTime = 1.319 (s) Losses = ['0.0369', '100.0000'] lr = 0.000394
2023-09-26 11:02:24,153 - fewshot_modelnet_non_linear_classification - INFO - [Validation] EPOCH: 69  acc = 97.0000
2023-09-26 11:02:24,642 - fewshot_modelnet_non_linear_classification - INFO - Save checkpoint at ./experiments/fewshot_modelnet_non_linear_classification/cfgs/add_as_normal/ckpt-last.pth
2023-09-26 11:02:26,097 - fewshot_modelnet_non_linear_classification - INFO - [Training] EPOCH: 70 EpochTime = 1.453 (s) Losses = ['0.0281', '100.0000'] lr = 0.000387
2023-09-26 11:02:27,261 - fewshot_modelnet_non_linear_classification - INFO - [Validation] EPOCH: 70  acc = 97.0000
2023-09-26 11:02:27,760 - fewshot_modelnet_non_linear_classification - INFO - Save checkpoint at ./experiments/fewshot_modelnet_non_linear_classification/cfgs/add_as_normal/ckpt-last.pth
2023-09-26 11:02:29,109 - fewshot_modelnet_non_linear_classification - INFO - [Training] EPOCH: 71 EpochTime = 1.346 (s) Losses = ['0.0442', '98.9583'] lr = 0.000380
2023-09-26 11:02:30,111 - fewshot_modelnet_non_linear_classification - INFO - [Validation] EPOCH: 71  acc = 97.0000
2023-09-26 11:02:30,612 - fewshot_modelnet_non_linear_classification - INFO - Save checkpoint at ./experiments/fewshot_modelnet_non_linear_classification/cfgs/add_as_normal/ckpt-last.pth
2023-09-26 11:02:31,863 - fewshot_modelnet_non_linear_classification - INFO - [Training] EPOCH: 72 EpochTime = 1.249 (s) Losses = ['0.0416', '100.0000'] lr = 0.000372
2023-09-26 11:02:32,856 - fewshot_modelnet_non_linear_classification - INFO - [Validation] EPOCH: 72  acc = 97.0000
2023-09-26 11:02:33,353 - fewshot_modelnet_non_linear_classification - INFO - Save checkpoint at ./experiments/fewshot_modelnet_non_linear_classification/cfgs/add_as_normal/ckpt-last.pth
2023-09-26 11:02:34,581 - fewshot_modelnet_non_linear_classification - INFO - [Training] EPOCH: 73 EpochTime = 1.226 (s) Losses = ['0.0608', '98.9583'] lr = 0.000365
2023-09-26 11:02:35,609 - fewshot_modelnet_non_linear_classification - INFO - [Validation] EPOCH: 73  acc = 97.0000
2023-09-26 11:02:36,125 - fewshot_modelnet_non_linear_classification - INFO - Save checkpoint at ./experiments/fewshot_modelnet_non_linear_classification/cfgs/add_as_normal/ckpt-last.pth
2023-09-26 11:02:37,421 - fewshot_modelnet_non_linear_classification - INFO - [Training] EPOCH: 74 EpochTime = 1.295 (s) Losses = ['0.0313', '100.0000'] lr = 0.000358
2023-09-26 11:02:38,446 - fewshot_modelnet_non_linear_classification - INFO - [Validation] EPOCH: 74  acc = 96.0000
2023-09-26 11:02:38,911 - fewshot_modelnet_non_linear_classification - INFO - Save checkpoint at ./experiments/fewshot_modelnet_non_linear_classification/cfgs/add_as_normal/ckpt-last.pth
2023-09-26 11:02:40,167 - fewshot_modelnet_non_linear_classification - INFO - [Training] EPOCH: 75 EpochTime = 1.255 (s) Losses = ['0.0253', '100.0000'] lr = 0.000351
2023-09-26 11:02:41,175 - fewshot_modelnet_non_linear_classification - INFO - [Validation] EPOCH: 75  acc = 96.0000
2023-09-26 11:02:41,698 - fewshot_modelnet_non_linear_classification - INFO - Save checkpoint at ./experiments/fewshot_modelnet_non_linear_classification/cfgs/add_as_normal/ckpt-last.pth
2023-09-26 11:02:43,156 - fewshot_modelnet_non_linear_classification - INFO - [Training] EPOCH: 76 EpochTime = 1.456 (s) Losses = ['0.0349', '100.0000'] lr = 0.000343
2023-09-26 11:02:44,135 - fewshot_modelnet_non_linear_classification - INFO - [Validation] EPOCH: 76  acc = 96.0000
2023-09-26 11:02:44,797 - fewshot_modelnet_non_linear_classification - INFO - Save checkpoint at ./experiments/fewshot_modelnet_non_linear_classification/cfgs/add_as_normal/ckpt-last.pth
2023-09-26 11:02:46,083 - fewshot_modelnet_non_linear_classification - INFO - [Training] EPOCH: 77 EpochTime = 1.284 (s) Losses = ['0.0434', '98.9583'] lr = 0.000336
2023-09-26 11:02:47,188 - fewshot_modelnet_non_linear_classification - INFO - [Validation] EPOCH: 77  acc = 95.0000
2023-09-26 11:02:47,750 - fewshot_modelnet_non_linear_classification - INFO - Save checkpoint at ./experiments/fewshot_modelnet_non_linear_classification/cfgs/add_as_normal/ckpt-last.pth
2023-09-26 11:02:49,053 - fewshot_modelnet_non_linear_classification - INFO - [Training] EPOCH: 78 EpochTime = 1.302 (s) Losses = ['0.0292', '100.0000'] lr = 0.000329
2023-09-26 11:02:50,101 - fewshot_modelnet_non_linear_classification - INFO - [Validation] EPOCH: 78  acc = 95.0000
2023-09-26 11:02:50,585 - fewshot_modelnet_non_linear_classification - INFO - Save checkpoint at ./experiments/fewshot_modelnet_non_linear_classification/cfgs/add_as_normal/ckpt-last.pth
2023-09-26 11:02:51,809 - fewshot_modelnet_non_linear_classification - INFO - [Training] EPOCH: 79 EpochTime = 1.223 (s) Losses = ['0.0270', '100.0000'] lr = 0.000321
2023-09-26 11:02:52,821 - fewshot_modelnet_non_linear_classification - INFO - [Validation] EPOCH: 79  acc = 95.0000
2023-09-26 11:02:53,344 - fewshot_modelnet_non_linear_classification - INFO - Save checkpoint at ./experiments/fewshot_modelnet_non_linear_classification/cfgs/add_as_normal/ckpt-last.pth
2023-09-26 11:02:54,581 - fewshot_modelnet_non_linear_classification - INFO - [Training] EPOCH: 80 EpochTime = 1.235 (s) Losses = ['0.0295', '100.0000'] lr = 0.000314
2023-09-26 11:02:55,643 - fewshot_modelnet_non_linear_classification - INFO - [Validation] EPOCH: 80  acc = 95.0000
2023-09-26 11:02:56,096 - fewshot_modelnet_non_linear_classification - INFO - Save checkpoint at ./experiments/fewshot_modelnet_non_linear_classification/cfgs/add_as_normal/ckpt-last.pth
2023-09-26 11:02:57,357 - fewshot_modelnet_non_linear_classification - INFO - [Training] EPOCH: 81 EpochTime = 1.260 (s) Losses = ['0.0322', '100.0000'] lr = 0.000307
2023-09-26 11:02:58,359 - fewshot_modelnet_non_linear_classification - INFO - [Validation] EPOCH: 81  acc = 96.0000
2023-09-26 11:02:58,851 - fewshot_modelnet_non_linear_classification - INFO - Save checkpoint at ./experiments/fewshot_modelnet_non_linear_classification/cfgs/add_as_normal/ckpt-last.pth
2023-09-26 11:03:00,147 - fewshot_modelnet_non_linear_classification - INFO - [Training] EPOCH: 82 EpochTime = 1.294 (s) Losses = ['0.0332', '100.0000'] lr = 0.000299
2023-09-26 11:03:01,291 - fewshot_modelnet_non_linear_classification - INFO - [Validation] EPOCH: 82  acc = 97.0000
2023-09-26 11:03:01,755 - fewshot_modelnet_non_linear_classification - INFO - Save checkpoint at ./experiments/fewshot_modelnet_non_linear_classification/cfgs/add_as_normal/ckpt-last.pth
2023-09-26 11:03:03,040 - fewshot_modelnet_non_linear_classification - INFO - [Training] EPOCH: 83 EpochTime = 1.283 (s) Losses = ['0.0437', '100.0000'] lr = 0.000292
2023-09-26 11:03:04,143 - fewshot_modelnet_non_linear_classification - INFO - [Validation] EPOCH: 83  acc = 96.0000
2023-09-26 11:03:04,610 - fewshot_modelnet_non_linear_classification - INFO - Save checkpoint at ./experiments/fewshot_modelnet_non_linear_classification/cfgs/add_as_normal/ckpt-last.pth
2023-09-26 11:03:05,912 - fewshot_modelnet_non_linear_classification - INFO - [Training] EPOCH: 84 EpochTime = 1.301 (s) Losses = ['0.0254', '100.0000'] lr = 0.000285
2023-09-26 11:03:06,898 - fewshot_modelnet_non_linear_classification - INFO - [Validation] EPOCH: 84  acc = 97.0000
2023-09-26 11:03:07,366 - fewshot_modelnet_non_linear_classification - INFO - Save checkpoint at ./experiments/fewshot_modelnet_non_linear_classification/cfgs/add_as_normal/ckpt-last.pth
2023-09-26 11:03:08,626 - fewshot_modelnet_non_linear_classification - INFO - [Training] EPOCH: 85 EpochTime = 1.258 (s) Losses = ['0.0457', '100.0000'] lr = 0.000278
2023-09-26 11:03:09,619 - fewshot_modelnet_non_linear_classification - INFO - [Validation] EPOCH: 85  acc = 97.0000
2023-09-26 11:03:10,092 - fewshot_modelnet_non_linear_classification - INFO - Save checkpoint at ./experiments/fewshot_modelnet_non_linear_classification/cfgs/add_as_normal/ckpt-last.pth
2023-09-26 11:03:11,423 - fewshot_modelnet_non_linear_classification - INFO - [Training] EPOCH: 86 EpochTime = 1.330 (s) Losses = ['0.0262', '100.0000'] lr = 0.000271
2023-09-26 11:03:12,462 - fewshot_modelnet_non_linear_classification - INFO - [Validation] EPOCH: 86  acc = 97.0000
2023-09-26 11:03:12,932 - fewshot_modelnet_non_linear_classification - INFO - Save checkpoint at ./experiments/fewshot_modelnet_non_linear_classification/cfgs/add_as_normal/ckpt-last.pth
2023-09-26 11:03:14,215 - fewshot_modelnet_non_linear_classification - INFO - [Training] EPOCH: 87 EpochTime = 1.281 (s) Losses = ['0.0229', '100.0000'] lr = 0.000264
2023-09-26 11:03:15,254 - fewshot_modelnet_non_linear_classification - INFO - [Validation] EPOCH: 87  acc = 97.0000
2023-09-26 11:03:15,716 - fewshot_modelnet_non_linear_classification - INFO - Save checkpoint at ./experiments/fewshot_modelnet_non_linear_classification/cfgs/add_as_normal/ckpt-last.pth
2023-09-26 11:03:17,054 - fewshot_modelnet_non_linear_classification - INFO - [Training] EPOCH: 88 EpochTime = 1.336 (s) Losses = ['0.0485', '100.0000'] lr = 0.000257
2023-09-26 11:03:18,105 - fewshot_modelnet_non_linear_classification - INFO - [Validation] EPOCH: 88  acc = 98.0000
2023-09-26 11:03:18,615 - fewshot_modelnet_non_linear_classification - INFO - Save checkpoint at ./experiments/fewshot_modelnet_non_linear_classification/cfgs/add_as_normal/ckpt-last.pth
2023-09-26 11:03:19,869 - fewshot_modelnet_non_linear_classification - INFO - [Training] EPOCH: 89 EpochTime = 1.252 (s) Losses = ['0.0215', '100.0000'] lr = 0.000249
2023-09-26 11:03:20,895 - fewshot_modelnet_non_linear_classification - INFO - [Validation] EPOCH: 89  acc = 97.0000
2023-09-26 11:03:21,344 - fewshot_modelnet_non_linear_classification - INFO - Save checkpoint at ./experiments/fewshot_modelnet_non_linear_classification/cfgs/add_as_normal/ckpt-last.pth
2023-09-26 11:03:22,579 - fewshot_modelnet_non_linear_classification - INFO - [Training] EPOCH: 90 EpochTime = 1.234 (s) Losses = ['0.0285', '100.0000'] lr = 0.000242
2023-09-26 11:03:23,590 - fewshot_modelnet_non_linear_classification - INFO - [Validation] EPOCH: 90  acc = 97.0000
2023-09-26 11:03:24,095 - fewshot_modelnet_non_linear_classification - INFO - Save checkpoint at ./experiments/fewshot_modelnet_non_linear_classification/cfgs/add_as_normal/ckpt-last.pth
2023-09-26 11:03:25,339 - fewshot_modelnet_non_linear_classification - INFO - [Training] EPOCH: 91 EpochTime = 1.241 (s) Losses = ['0.0257', '100.0000'] lr = 0.000236
2023-09-26 11:03:26,348 - fewshot_modelnet_non_linear_classification - INFO - [Validation] EPOCH: 91  acc = 97.0000
2023-09-26 11:03:26,822 - fewshot_modelnet_non_linear_classification - INFO - Save checkpoint at ./experiments/fewshot_modelnet_non_linear_classification/cfgs/add_as_normal/ckpt-last.pth
2023-09-26 11:03:28,107 - fewshot_modelnet_non_linear_classification - INFO - [Training] EPOCH: 92 EpochTime = 1.283 (s) Losses = ['0.0253', '100.0000'] lr = 0.000229
2023-09-26 11:03:29,204 - fewshot_modelnet_non_linear_classification - INFO - [Validation] EPOCH: 92  acc = 97.0000
2023-09-26 11:03:29,707 - fewshot_modelnet_non_linear_classification - INFO - Save checkpoint at ./experiments/fewshot_modelnet_non_linear_classification/cfgs/add_as_normal/ckpt-last.pth
2023-09-26 11:03:30,941 - fewshot_modelnet_non_linear_classification - INFO - [Training] EPOCH: 93 EpochTime = 1.233 (s) Losses = ['0.0428', '98.9583'] lr = 0.000222
2023-09-26 11:03:32,069 - fewshot_modelnet_non_linear_classification - INFO - [Validation] EPOCH: 93  acc = 97.0000
2023-09-26 11:03:32,587 - fewshot_modelnet_non_linear_classification - INFO - Save checkpoint at ./experiments/fewshot_modelnet_non_linear_classification/cfgs/add_as_normal/ckpt-last.pth
2023-09-26 11:03:33,823 - fewshot_modelnet_non_linear_classification - INFO - [Training] EPOCH: 94 EpochTime = 1.234 (s) Losses = ['0.0281', '100.0000'] lr = 0.000215
2023-09-26 11:03:34,831 - fewshot_modelnet_non_linear_classification - INFO - [Validation] EPOCH: 94  acc = 97.0000
2023-09-26 11:03:35,339 - fewshot_modelnet_non_linear_classification - INFO - Save checkpoint at ./experiments/fewshot_modelnet_non_linear_classification/cfgs/add_as_normal/ckpt-last.pth
2023-09-26 11:03:36,614 - fewshot_modelnet_non_linear_classification - INFO - [Training] EPOCH: 95 EpochTime = 1.273 (s) Losses = ['0.0235', '100.0000'] lr = 0.000208
2023-09-26 11:03:37,690 - fewshot_modelnet_non_linear_classification - INFO - [Validation] EPOCH: 95  acc = 97.0000
2023-09-26 11:03:38,186 - fewshot_modelnet_non_linear_classification - INFO - Save checkpoint at ./experiments/fewshot_modelnet_non_linear_classification/cfgs/add_as_normal/ckpt-last.pth
2023-09-26 11:03:39,448 - fewshot_modelnet_non_linear_classification - INFO - [Training] EPOCH: 96 EpochTime = 1.260 (s) Losses = ['0.0179', '100.0000'] lr = 0.000202
2023-09-26 11:03:40,527 - fewshot_modelnet_non_linear_classification - INFO - [Validation] EPOCH: 96  acc = 97.0000
2023-09-26 11:03:41,025 - fewshot_modelnet_non_linear_classification - INFO - Save checkpoint at ./experiments/fewshot_modelnet_non_linear_classification/cfgs/add_as_normal/ckpt-last.pth
2023-09-26 11:03:42,285 - fewshot_modelnet_non_linear_classification - INFO - [Training] EPOCH: 97 EpochTime = 1.259 (s) Losses = ['0.0294', '100.0000'] lr = 0.000195
2023-09-26 11:03:43,346 - fewshot_modelnet_non_linear_classification - INFO - [Validation] EPOCH: 97  acc = 97.0000
2023-09-26 11:03:43,816 - fewshot_modelnet_non_linear_classification - INFO - Save checkpoint at ./experiments/fewshot_modelnet_non_linear_classification/cfgs/add_as_normal/ckpt-last.pth
2023-09-26 11:03:45,076 - fewshot_modelnet_non_linear_classification - INFO - [Training] EPOCH: 98 EpochTime = 1.258 (s) Losses = ['0.0273', '100.0000'] lr = 0.000189
2023-09-26 11:03:46,074 - fewshot_modelnet_non_linear_classification - INFO - [Validation] EPOCH: 98  acc = 97.0000
2023-09-26 11:03:46,547 - fewshot_modelnet_non_linear_classification - INFO - Save checkpoint at ./experiments/fewshot_modelnet_non_linear_classification/cfgs/add_as_normal/ckpt-last.pth
2023-09-26 11:03:47,790 - fewshot_modelnet_non_linear_classification - INFO - [Training] EPOCH: 99 EpochTime = 1.242 (s) Losses = ['0.0247', '100.0000'] lr = 0.000182
2023-09-26 11:03:48,802 - fewshot_modelnet_non_linear_classification - INFO - [Validation] EPOCH: 99  acc = 97.0000
2023-09-26 11:03:49,311 - fewshot_modelnet_non_linear_classification - INFO - Save checkpoint at ./experiments/fewshot_modelnet_non_linear_classification/cfgs/add_as_normal/ckpt-last.pth
2023-09-26 11:03:50,563 - fewshot_modelnet_non_linear_classification - INFO - [Training] EPOCH: 100 EpochTime = 1.250 (s) Losses = ['0.0299', '100.0000'] lr = 0.000176
2023-09-26 11:03:51,595 - fewshot_modelnet_non_linear_classification - INFO - [Validation] EPOCH: 100  acc = 97.0000
2023-09-26 11:03:52,082 - fewshot_modelnet_non_linear_classification - INFO - Save checkpoint at ./experiments/fewshot_modelnet_non_linear_classification/cfgs/add_as_normal/ckpt-last.pth
2023-09-26 11:03:53,322 - fewshot_modelnet_non_linear_classification - INFO - [Training] EPOCH: 101 EpochTime = 1.237 (s) Losses = ['0.0180', '100.0000'] lr = 0.000169
2023-09-26 11:03:54,335 - fewshot_modelnet_non_linear_classification - INFO - [Validation] EPOCH: 101  acc = 97.0000
2023-09-26 11:03:54,860 - fewshot_modelnet_non_linear_classification - INFO - Save checkpoint at ./experiments/fewshot_modelnet_non_linear_classification/cfgs/add_as_normal/ckpt-last.pth
2023-09-26 11:03:56,180 - fewshot_modelnet_non_linear_classification - INFO - [Training] EPOCH: 102 EpochTime = 1.318 (s) Losses = ['0.0194', '100.0000'] lr = 0.000163
2023-09-26 11:03:57,187 - fewshot_modelnet_non_linear_classification - INFO - [Validation] EPOCH: 102  acc = 97.0000
2023-09-26 11:03:57,645 - fewshot_modelnet_non_linear_classification - INFO - Save checkpoint at ./experiments/fewshot_modelnet_non_linear_classification/cfgs/add_as_normal/ckpt-last.pth
2023-09-26 11:03:58,878 - fewshot_modelnet_non_linear_classification - INFO - [Training] EPOCH: 103 EpochTime = 1.231 (s) Losses = ['0.0237', '100.0000'] lr = 0.000157
2023-09-26 11:03:59,931 - fewshot_modelnet_non_linear_classification - INFO - [Validation] EPOCH: 103  acc = 97.0000
2023-09-26 11:04:00,429 - fewshot_modelnet_non_linear_classification - INFO - Save checkpoint at ./experiments/fewshot_modelnet_non_linear_classification/cfgs/add_as_normal/ckpt-last.pth
2023-09-26 11:04:01,668 - fewshot_modelnet_non_linear_classification - INFO - [Training] EPOCH: 104 EpochTime = 1.237 (s) Losses = ['0.0263', '100.0000'] lr = 0.000151
2023-09-26 11:04:02,660 - fewshot_modelnet_non_linear_classification - INFO - [Validation] EPOCH: 104  acc = 98.0000
2023-09-26 11:04:03,121 - fewshot_modelnet_non_linear_classification - INFO - Save checkpoint at ./experiments/fewshot_modelnet_non_linear_classification/cfgs/add_as_normal/ckpt-last.pth
2023-09-26 11:04:04,399 - fewshot_modelnet_non_linear_classification - INFO - [Training] EPOCH: 105 EpochTime = 1.276 (s) Losses = ['0.0305', '100.0000'] lr = 0.000145
2023-09-26 11:04:05,406 - fewshot_modelnet_non_linear_classification - INFO - [Validation] EPOCH: 105  acc = 98.0000
2023-09-26 11:04:05,939 - fewshot_modelnet_non_linear_classification - INFO - Save checkpoint at ./experiments/fewshot_modelnet_non_linear_classification/cfgs/add_as_normal/ckpt-last.pth
2023-09-26 11:04:07,181 - fewshot_modelnet_non_linear_classification - INFO - [Training] EPOCH: 106 EpochTime = 1.240 (s) Losses = ['0.0232', '100.0000'] lr = 0.000139
2023-09-26 11:04:08,182 - fewshot_modelnet_non_linear_classification - INFO - [Validation] EPOCH: 106  acc = 97.0000
2023-09-26 11:04:08,630 - fewshot_modelnet_non_linear_classification - INFO - Save checkpoint at ./experiments/fewshot_modelnet_non_linear_classification/cfgs/add_as_normal/ckpt-last.pth
2023-09-26 11:04:09,874 - fewshot_modelnet_non_linear_classification - INFO - [Training] EPOCH: 107 EpochTime = 1.242 (s) Losses = ['0.0243', '100.0000'] lr = 0.000133
2023-09-26 11:04:10,863 - fewshot_modelnet_non_linear_classification - INFO - [Validation] EPOCH: 107  acc = 97.0000
2023-09-26 11:04:11,495 - fewshot_modelnet_non_linear_classification - INFO - Save checkpoint at ./experiments/fewshot_modelnet_non_linear_classification/cfgs/add_as_normal/ckpt-last.pth
2023-09-26 11:04:12,735 - fewshot_modelnet_non_linear_classification - INFO - [Training] EPOCH: 108 EpochTime = 1.238 (s) Losses = ['0.0189', '100.0000'] lr = 0.000128
2023-09-26 11:04:13,746 - fewshot_modelnet_non_linear_classification - INFO - [Validation] EPOCH: 108  acc = 97.0000
2023-09-26 11:04:14,300 - fewshot_modelnet_non_linear_classification - INFO - Save checkpoint at ./experiments/fewshot_modelnet_non_linear_classification/cfgs/add_as_normal/ckpt-last.pth
2023-09-26 11:04:15,625 - fewshot_modelnet_non_linear_classification - INFO - [Training] EPOCH: 109 EpochTime = 1.322 (s) Losses = ['0.0228', '100.0000'] lr = 0.000122
2023-09-26 11:04:16,653 - fewshot_modelnet_non_linear_classification - INFO - [Validation] EPOCH: 109  acc = 97.0000
2023-09-26 11:04:17,169 - fewshot_modelnet_non_linear_classification - INFO - Save checkpoint at ./experiments/fewshot_modelnet_non_linear_classification/cfgs/add_as_normal/ckpt-last.pth
2023-09-26 11:04:18,592 - fewshot_modelnet_non_linear_classification - INFO - [Training] EPOCH: 110 EpochTime = 1.420 (s) Losses = ['0.0233', '100.0000'] lr = 0.000117
2023-09-26 11:04:19,607 - fewshot_modelnet_non_linear_classification - INFO - [Validation] EPOCH: 110  acc = 97.0000
2023-09-26 11:04:20,159 - fewshot_modelnet_non_linear_classification - INFO - Save checkpoint at ./experiments/fewshot_modelnet_non_linear_classification/cfgs/add_as_normal/ckpt-last.pth
2023-09-26 11:04:21,494 - fewshot_modelnet_non_linear_classification - INFO - [Training] EPOCH: 111 EpochTime = 1.334 (s) Losses = ['0.0300', '100.0000'] lr = 0.000111
2023-09-26 11:04:22,591 - fewshot_modelnet_non_linear_classification - INFO - [Validation] EPOCH: 111  acc = 97.0000
2023-09-26 11:04:23,078 - fewshot_modelnet_non_linear_classification - INFO - Save checkpoint at ./experiments/fewshot_modelnet_non_linear_classification/cfgs/add_as_normal/ckpt-last.pth
2023-09-26 11:04:24,334 - fewshot_modelnet_non_linear_classification - INFO - [Training] EPOCH: 112 EpochTime = 1.255 (s) Losses = ['0.0247', '100.0000'] lr = 0.000106
2023-09-26 11:04:25,331 - fewshot_modelnet_non_linear_classification - INFO - [Validation] EPOCH: 112  acc = 98.0000
2023-09-26 11:04:25,926 - fewshot_modelnet_non_linear_classification - INFO - Save checkpoint at ./experiments/fewshot_modelnet_non_linear_classification/cfgs/add_as_normal/ckpt-last.pth
2023-09-26 11:04:27,193 - fewshot_modelnet_non_linear_classification - INFO - [Training] EPOCH: 113 EpochTime = 1.266 (s) Losses = ['0.0192', '100.0000'] lr = 0.000101
2023-09-26 11:04:28,212 - fewshot_modelnet_non_linear_classification - INFO - [Validation] EPOCH: 113  acc = 97.0000
2023-09-26 11:04:28,829 - fewshot_modelnet_non_linear_classification - INFO - Save checkpoint at ./experiments/fewshot_modelnet_non_linear_classification/cfgs/add_as_normal/ckpt-last.pth
2023-09-26 11:04:30,077 - fewshot_modelnet_non_linear_classification - INFO - [Training] EPOCH: 114 EpochTime = 1.247 (s) Losses = ['0.0233', '100.0000'] lr = 0.000096
2023-09-26 11:04:31,138 - fewshot_modelnet_non_linear_classification - INFO - [Validation] EPOCH: 114  acc = 98.0000
2023-09-26 11:04:31,661 - fewshot_modelnet_non_linear_classification - INFO - Save checkpoint at ./experiments/fewshot_modelnet_non_linear_classification/cfgs/add_as_normal/ckpt-last.pth
2023-09-26 11:04:32,993 - fewshot_modelnet_non_linear_classification - INFO - [Training] EPOCH: 115 EpochTime = 1.331 (s) Losses = ['0.0242', '100.0000'] lr = 0.000091
2023-09-26 11:04:34,010 - fewshot_modelnet_non_linear_classification - INFO - [Validation] EPOCH: 115  acc = 98.0000
2023-09-26 11:04:34,567 - fewshot_modelnet_non_linear_classification - INFO - Save checkpoint at ./experiments/fewshot_modelnet_non_linear_classification/cfgs/add_as_normal/ckpt-last.pth
2023-09-26 11:04:35,827 - fewshot_modelnet_non_linear_classification - INFO - [Training] EPOCH: 116 EpochTime = 1.258 (s) Losses = ['0.0158', '100.0000'] lr = 0.000086
2023-09-26 11:04:36,840 - fewshot_modelnet_non_linear_classification - INFO - [Validation] EPOCH: 116  acc = 97.0000
2023-09-26 11:04:37,288 - fewshot_modelnet_non_linear_classification - INFO - Save checkpoint at ./experiments/fewshot_modelnet_non_linear_classification/cfgs/add_as_normal/ckpt-last.pth
2023-09-26 11:04:38,528 - fewshot_modelnet_non_linear_classification - INFO - [Training] EPOCH: 117 EpochTime = 1.239 (s) Losses = ['0.0357', '98.9583'] lr = 0.000081
2023-09-26 11:04:39,547 - fewshot_modelnet_non_linear_classification - INFO - [Validation] EPOCH: 117  acc = 97.0000
2023-09-26 11:04:40,055 - fewshot_modelnet_non_linear_classification - INFO - Save checkpoint at ./experiments/fewshot_modelnet_non_linear_classification/cfgs/add_as_normal/ckpt-last.pth
2023-09-26 11:04:41,287 - fewshot_modelnet_non_linear_classification - INFO - [Training] EPOCH: 118 EpochTime = 1.230 (s) Losses = ['0.0354', '100.0000'] lr = 0.000077
2023-09-26 11:04:42,346 - fewshot_modelnet_non_linear_classification - INFO - [Validation] EPOCH: 118  acc = 97.0000
2023-09-26 11:04:42,853 - fewshot_modelnet_non_linear_classification - INFO - Save checkpoint at ./experiments/fewshot_modelnet_non_linear_classification/cfgs/add_as_normal/ckpt-last.pth
2023-09-26 11:04:44,100 - fewshot_modelnet_non_linear_classification - INFO - [Training] EPOCH: 119 EpochTime = 1.245 (s) Losses = ['0.0314', '100.0000'] lr = 0.000072
2023-09-26 11:04:45,208 - fewshot_modelnet_non_linear_classification - INFO - [Validation] EPOCH: 119  acc = 97.0000
2023-09-26 11:04:45,732 - fewshot_modelnet_non_linear_classification - INFO - Save checkpoint at ./experiments/fewshot_modelnet_non_linear_classification/cfgs/add_as_normal/ckpt-last.pth
2023-09-26 11:04:46,962 - fewshot_modelnet_non_linear_classification - INFO - [Training] EPOCH: 120 EpochTime = 1.229 (s) Losses = ['0.0165', '100.0000'] lr = 0.000068
2023-09-26 11:04:47,959 - fewshot_modelnet_non_linear_classification - INFO - [Validation] EPOCH: 120  acc = 97.0000
2023-09-26 11:04:48,406 - fewshot_modelnet_non_linear_classification - INFO - Save checkpoint at ./experiments/fewshot_modelnet_non_linear_classification/cfgs/add_as_normal/ckpt-last.pth
2023-09-26 11:04:49,639 - fewshot_modelnet_non_linear_classification - INFO - [Training] EPOCH: 121 EpochTime = 1.231 (s) Losses = ['0.0265', '100.0000'] lr = 0.000064
2023-09-26 11:04:50,697 - fewshot_modelnet_non_linear_classification - INFO - [Validation] EPOCH: 121  acc = 97.0000
2023-09-26 11:04:51,271 - fewshot_modelnet_non_linear_classification - INFO - Save checkpoint at ./experiments/fewshot_modelnet_non_linear_classification/cfgs/add_as_normal/ckpt-last.pth
2023-09-26 11:04:52,572 - fewshot_modelnet_non_linear_classification - INFO - [Training] EPOCH: 122 EpochTime = 1.299 (s) Losses = ['0.0176', '100.0000'] lr = 0.000059
2023-09-26 11:04:53,700 - fewshot_modelnet_non_linear_classification - INFO - [Validation] EPOCH: 122  acc = 97.0000
2023-09-26 11:04:54,192 - fewshot_modelnet_non_linear_classification - INFO - Save checkpoint at ./experiments/fewshot_modelnet_non_linear_classification/cfgs/add_as_normal/ckpt-last.pth
2023-09-26 11:04:55,415 - fewshot_modelnet_non_linear_classification - INFO - [Training] EPOCH: 123 EpochTime = 1.221 (s) Losses = ['0.0137', '100.0000'] lr = 0.000055
2023-09-26 11:04:56,454 - fewshot_modelnet_non_linear_classification - INFO - [Validation] EPOCH: 123  acc = 97.0000
2023-09-26 11:04:56,896 - fewshot_modelnet_non_linear_classification - INFO - Save checkpoint at ./experiments/fewshot_modelnet_non_linear_classification/cfgs/add_as_normal/ckpt-last.pth
2023-09-26 11:04:58,141 - fewshot_modelnet_non_linear_classification - INFO - [Training] EPOCH: 124 EpochTime = 1.243 (s) Losses = ['0.0218', '100.0000'] lr = 0.000052
2023-09-26 11:04:59,124 - fewshot_modelnet_non_linear_classification - INFO - [Validation] EPOCH: 124  acc = 97.0000
2023-09-26 11:04:59,592 - fewshot_modelnet_non_linear_classification - INFO - Save checkpoint at ./experiments/fewshot_modelnet_non_linear_classification/cfgs/add_as_normal/ckpt-last.pth
2023-09-26 11:05:00,873 - fewshot_modelnet_non_linear_classification - INFO - [Training] EPOCH: 125 EpochTime = 1.279 (s) Losses = ['0.0234', '100.0000'] lr = 0.000048
2023-09-26 11:05:01,889 - fewshot_modelnet_non_linear_classification - INFO - [Validation] EPOCH: 125  acc = 97.0000
2023-09-26 11:05:02,373 - fewshot_modelnet_non_linear_classification - INFO - Save checkpoint at ./experiments/fewshot_modelnet_non_linear_classification/cfgs/add_as_normal/ckpt-last.pth
2023-09-26 11:05:03,605 - fewshot_modelnet_non_linear_classification - INFO - [Training] EPOCH: 126 EpochTime = 1.231 (s) Losses = ['0.0389', '100.0000'] lr = 0.000044
2023-09-26 11:05:04,581 - fewshot_modelnet_non_linear_classification - INFO - [Validation] EPOCH: 126  acc = 97.0000
2023-09-26 11:05:05,090 - fewshot_modelnet_non_linear_classification - INFO - Save checkpoint at ./experiments/fewshot_modelnet_non_linear_classification/cfgs/add_as_normal/ckpt-last.pth
2023-09-26 11:05:06,313 - fewshot_modelnet_non_linear_classification - INFO - [Training] EPOCH: 127 EpochTime = 1.221 (s) Losses = ['0.0315', '100.0000'] lr = 0.000041
2023-09-26 11:05:07,300 - fewshot_modelnet_non_linear_classification - INFO - [Validation] EPOCH: 127  acc = 97.0000
2023-09-26 11:05:07,748 - fewshot_modelnet_non_linear_classification - INFO - Save checkpoint at ./experiments/fewshot_modelnet_non_linear_classification/cfgs/add_as_normal/ckpt-last.pth
2023-09-26 11:05:08,981 - fewshot_modelnet_non_linear_classification - INFO - [Training] EPOCH: 128 EpochTime = 1.232 (s) Losses = ['0.0226', '100.0000'] lr = 0.000037
2023-09-26 11:05:10,000 - fewshot_modelnet_non_linear_classification - INFO - [Validation] EPOCH: 128  acc = 97.0000
2023-09-26 11:05:10,490 - fewshot_modelnet_non_linear_classification - INFO - Save checkpoint at ./experiments/fewshot_modelnet_non_linear_classification/cfgs/add_as_normal/ckpt-last.pth
2023-09-26 11:05:11,768 - fewshot_modelnet_non_linear_classification - INFO - [Training] EPOCH: 129 EpochTime = 1.276 (s) Losses = ['0.0220', '100.0000'] lr = 0.000034
2023-09-26 11:05:12,795 - fewshot_modelnet_non_linear_classification - INFO - [Validation] EPOCH: 129  acc = 97.0000
2023-09-26 11:05:13,308 - fewshot_modelnet_non_linear_classification - INFO - Save checkpoint at ./experiments/fewshot_modelnet_non_linear_classification/cfgs/add_as_normal/ckpt-last.pth
2023-09-26 11:05:14,588 - fewshot_modelnet_non_linear_classification - INFO - [Training] EPOCH: 130 EpochTime = 1.279 (s) Losses = ['0.0210', '100.0000'] lr = 0.000031
2023-09-26 11:05:15,596 - fewshot_modelnet_non_linear_classification - INFO - [Validation] EPOCH: 130  acc = 97.0000
2023-09-26 11:05:16,059 - fewshot_modelnet_non_linear_classification - INFO - Save checkpoint at ./experiments/fewshot_modelnet_non_linear_classification/cfgs/add_as_normal/ckpt-last.pth
2023-09-26 11:05:17,287 - fewshot_modelnet_non_linear_classification - INFO - [Training] EPOCH: 131 EpochTime = 1.227 (s) Losses = ['0.0244', '100.0000'] lr = 0.000028
2023-09-26 11:05:18,376 - fewshot_modelnet_non_linear_classification - INFO - [Validation] EPOCH: 131  acc = 97.0000
2023-09-26 11:05:18,877 - fewshot_modelnet_non_linear_classification - INFO - Save checkpoint at ./experiments/fewshot_modelnet_non_linear_classification/cfgs/add_as_normal/ckpt-last.pth
2023-09-26 11:05:20,118 - fewshot_modelnet_non_linear_classification - INFO - [Training] EPOCH: 132 EpochTime = 1.239 (s) Losses = ['0.0247', '100.0000'] lr = 0.000026
2023-09-26 11:05:21,140 - fewshot_modelnet_non_linear_classification - INFO - [Validation] EPOCH: 132  acc = 97.0000
2023-09-26 11:05:21,613 - fewshot_modelnet_non_linear_classification - INFO - Save checkpoint at ./experiments/fewshot_modelnet_non_linear_classification/cfgs/add_as_normal/ckpt-last.pth
2023-09-26 11:05:22,863 - fewshot_modelnet_non_linear_classification - INFO - [Training] EPOCH: 133 EpochTime = 1.248 (s) Losses = ['0.0175', '100.0000'] lr = 0.000023
2023-09-26 11:05:23,915 - fewshot_modelnet_non_linear_classification - INFO - [Validation] EPOCH: 133  acc = 97.0000
2023-09-26 11:05:24,396 - fewshot_modelnet_non_linear_classification - INFO - Save checkpoint at ./experiments/fewshot_modelnet_non_linear_classification/cfgs/add_as_normal/ckpt-last.pth
2023-09-26 11:05:25,671 - fewshot_modelnet_non_linear_classification - INFO - [Training] EPOCH: 134 EpochTime = 1.274 (s) Losses = ['0.0227', '100.0000'] lr = 0.000020
2023-09-26 11:05:26,748 - fewshot_modelnet_non_linear_classification - INFO - [Validation] EPOCH: 134  acc = 97.0000
2023-09-26 11:05:27,337 - fewshot_modelnet_non_linear_classification - INFO - Save checkpoint at ./experiments/fewshot_modelnet_non_linear_classification/cfgs/add_as_normal/ckpt-last.pth
2023-09-26 11:05:28,756 - fewshot_modelnet_non_linear_classification - INFO - [Training] EPOCH: 135 EpochTime = 1.416 (s) Losses = ['0.0177', '100.0000'] lr = 0.000018
2023-09-26 11:05:29,767 - fewshot_modelnet_non_linear_classification - INFO - [Validation] EPOCH: 135  acc = 97.0000
2023-09-26 11:05:30,316 - fewshot_modelnet_non_linear_classification - INFO - Save checkpoint at ./experiments/fewshot_modelnet_non_linear_classification/cfgs/add_as_normal/ckpt-last.pth
2023-09-26 11:05:31,641 - fewshot_modelnet_non_linear_classification - INFO - [Training] EPOCH: 136 EpochTime = 1.324 (s) Losses = ['0.0325', '100.0000'] lr = 0.000016
2023-09-26 11:05:32,670 - fewshot_modelnet_non_linear_classification - INFO - [Validation] EPOCH: 136  acc = 97.0000
2023-09-26 11:05:33,132 - fewshot_modelnet_non_linear_classification - INFO - Save checkpoint at ./experiments/fewshot_modelnet_non_linear_classification/cfgs/add_as_normal/ckpt-last.pth
2023-09-26 11:05:34,370 - fewshot_modelnet_non_linear_classification - INFO - [Training] EPOCH: 137 EpochTime = 1.236 (s) Losses = ['0.0173', '100.0000'] lr = 0.000014
2023-09-26 11:05:35,394 - fewshot_modelnet_non_linear_classification - INFO - [Validation] EPOCH: 137  acc = 97.0000
2023-09-26 11:05:35,831 - fewshot_modelnet_non_linear_classification - INFO - Save checkpoint at ./experiments/fewshot_modelnet_non_linear_classification/cfgs/add_as_normal/ckpt-last.pth
2023-09-26 11:05:37,106 - fewshot_modelnet_non_linear_classification - INFO - [Training] EPOCH: 138 EpochTime = 1.273 (s) Losses = ['0.0106', '100.0000'] lr = 0.000012
2023-09-26 11:05:38,122 - fewshot_modelnet_non_linear_classification - INFO - [Validation] EPOCH: 138  acc = 97.0000
2023-09-26 11:05:38,639 - fewshot_modelnet_non_linear_classification - INFO - Save checkpoint at ./experiments/fewshot_modelnet_non_linear_classification/cfgs/add_as_normal/ckpt-last.pth
2023-09-26 11:05:39,909 - fewshot_modelnet_non_linear_classification - INFO - [Training] EPOCH: 139 EpochTime = 1.268 (s) Losses = ['0.0196', '100.0000'] lr = 0.000010
2023-09-26 11:05:40,928 - fewshot_modelnet_non_linear_classification - INFO - [Validation] EPOCH: 139  acc = 97.0000
2023-09-26 11:05:41,463 - fewshot_modelnet_non_linear_classification - INFO - Save checkpoint at ./experiments/fewshot_modelnet_non_linear_classification/cfgs/add_as_normal/ckpt-last.pth
2023-09-26 11:05:42,882 - fewshot_modelnet_non_linear_classification - INFO - [Training] EPOCH: 140 EpochTime = 1.417 (s) Losses = ['0.0231', '100.0000'] lr = 0.000009
2023-09-26 11:05:43,980 - fewshot_modelnet_non_linear_classification - INFO - [Validation] EPOCH: 140  acc = 98.0000
2023-09-26 11:05:44,461 - fewshot_modelnet_non_linear_classification - INFO - Save checkpoint at ./experiments/fewshot_modelnet_non_linear_classification/cfgs/add_as_normal/ckpt-last.pth
2023-09-26 11:05:45,886 - fewshot_modelnet_non_linear_classification - INFO - [Training] EPOCH: 141 EpochTime = 1.422 (s) Losses = ['0.0297', '100.0000'] lr = 0.000007
2023-09-26 11:05:46,941 - fewshot_modelnet_non_linear_classification - INFO - [Validation] EPOCH: 141  acc = 98.0000
2023-09-26 11:05:47,404 - fewshot_modelnet_non_linear_classification - INFO - Save checkpoint at ./experiments/fewshot_modelnet_non_linear_classification/cfgs/add_as_normal/ckpt-last.pth
2023-09-26 11:05:47,888 - fewshot_modelnet_non_linear_classification - INFO - Save checkpoint at ./experiments/fewshot_modelnet_non_linear_classification/cfgs/add_as_normal/ckpt-epoch-141.pth
2023-09-26 11:05:49,188 - fewshot_modelnet_non_linear_classification - INFO - [Training] EPOCH: 142 EpochTime = 1.298 (s) Losses = ['0.0261', '100.0000'] lr = 0.000006
2023-09-26 11:05:50,211 - fewshot_modelnet_non_linear_classification - INFO - [Validation] EPOCH: 142  acc = 97.0000
2023-09-26 11:05:50,742 - fewshot_modelnet_non_linear_classification - INFO - Save checkpoint at ./experiments/fewshot_modelnet_non_linear_classification/cfgs/add_as_normal/ckpt-last.pth
2023-09-26 11:05:51,307 - fewshot_modelnet_non_linear_classification - INFO - Save checkpoint at ./experiments/fewshot_modelnet_non_linear_classification/cfgs/add_as_normal/ckpt-epoch-142.pth
2023-09-26 11:05:52,704 - fewshot_modelnet_non_linear_classification - INFO - [Training] EPOCH: 143 EpochTime = 1.394 (s) Losses = ['0.0353', '100.0000'] lr = 0.000005
2023-09-26 11:05:53,814 - fewshot_modelnet_non_linear_classification - INFO - [Validation] EPOCH: 143  acc = 98.0000
2023-09-26 11:05:54,364 - fewshot_modelnet_non_linear_classification - INFO - Save checkpoint at ./experiments/fewshot_modelnet_non_linear_classification/cfgs/add_as_normal/ckpt-last.pth
2023-09-26 11:05:54,850 - fewshot_modelnet_non_linear_classification - INFO - Save checkpoint at ./experiments/fewshot_modelnet_non_linear_classification/cfgs/add_as_normal/ckpt-epoch-143.pth
2023-09-26 11:05:56,148 - fewshot_modelnet_non_linear_classification - INFO - [Training] EPOCH: 144 EpochTime = 1.296 (s) Losses = ['0.0135', '100.0000'] lr = 0.000004
2023-09-26 11:05:57,170 - fewshot_modelnet_non_linear_classification - INFO - [Validation] EPOCH: 144  acc = 97.0000
2023-09-26 11:05:57,664 - fewshot_modelnet_non_linear_classification - INFO - Save checkpoint at ./experiments/fewshot_modelnet_non_linear_classification/cfgs/add_as_normal/ckpt-last.pth
2023-09-26 11:05:58,175 - fewshot_modelnet_non_linear_classification - INFO - Save checkpoint at ./experiments/fewshot_modelnet_non_linear_classification/cfgs/add_as_normal/ckpt-epoch-144.pth
2023-09-26 11:05:59,455 - fewshot_modelnet_non_linear_classification - INFO - [Training] EPOCH: 145 EpochTime = 1.279 (s) Losses = ['0.0197', '100.0000'] lr = 0.000003
2023-09-26 11:06:00,529 - fewshot_modelnet_non_linear_classification - INFO - [Validation] EPOCH: 145  acc = 97.0000
2023-09-26 11:06:01,012 - fewshot_modelnet_non_linear_classification - INFO - Save checkpoint at ./experiments/fewshot_modelnet_non_linear_classification/cfgs/add_as_normal/ckpt-last.pth
2023-09-26 11:06:01,450 - fewshot_modelnet_non_linear_classification - INFO - Save checkpoint at ./experiments/fewshot_modelnet_non_linear_classification/cfgs/add_as_normal/ckpt-epoch-145.pth
2023-09-26 11:06:02,705 - fewshot_modelnet_non_linear_classification - INFO - [Training] EPOCH: 146 EpochTime = 1.254 (s) Losses = ['0.0266', '100.0000'] lr = 0.000002
2023-09-26 11:06:03,883 - fewshot_modelnet_non_linear_classification - INFO - [Validation] EPOCH: 146  acc = 97.0000
2023-09-26 11:06:04,318 - fewshot_modelnet_non_linear_classification - INFO - Save checkpoint at ./experiments/fewshot_modelnet_non_linear_classification/cfgs/add_as_normal/ckpt-last.pth
2023-09-26 11:06:04,780 - fewshot_modelnet_non_linear_classification - INFO - Save checkpoint at ./experiments/fewshot_modelnet_non_linear_classification/cfgs/add_as_normal/ckpt-epoch-146.pth
2023-09-26 11:06:06,161 - fewshot_modelnet_non_linear_classification - INFO - [Training] EPOCH: 147 EpochTime = 1.379 (s) Losses = ['0.0217', '100.0000'] lr = 0.000002
2023-09-26 11:06:07,160 - fewshot_modelnet_non_linear_classification - INFO - [Validation] EPOCH: 147  acc = 97.0000
2023-09-26 11:06:07,652 - fewshot_modelnet_non_linear_classification - INFO - Save checkpoint at ./experiments/fewshot_modelnet_non_linear_classification/cfgs/add_as_normal/ckpt-last.pth
2023-09-26 11:06:08,103 - fewshot_modelnet_non_linear_classification - INFO - Save checkpoint at ./experiments/fewshot_modelnet_non_linear_classification/cfgs/add_as_normal/ckpt-epoch-147.pth
2023-09-26 11:06:09,399 - fewshot_modelnet_non_linear_classification - INFO - [Training] EPOCH: 148 EpochTime = 1.295 (s) Losses = ['0.0177', '100.0000'] lr = 0.000001
2023-09-26 11:06:10,417 - fewshot_modelnet_non_linear_classification - INFO - [Validation] EPOCH: 148  acc = 98.0000
2023-09-26 11:06:10,888 - fewshot_modelnet_non_linear_classification - INFO - Save checkpoint at ./experiments/fewshot_modelnet_non_linear_classification/cfgs/add_as_normal/ckpt-last.pth
2023-09-26 11:06:11,332 - fewshot_modelnet_non_linear_classification - INFO - Save checkpoint at ./experiments/fewshot_modelnet_non_linear_classification/cfgs/add_as_normal/ckpt-epoch-148.pth
2023-09-26 11:06:12,566 - fewshot_modelnet_non_linear_classification - INFO - [Training] EPOCH: 149 EpochTime = 1.232 (s) Losses = ['0.0256', '100.0000'] lr = 0.000001
2023-09-26 11:06:13,594 - fewshot_modelnet_non_linear_classification - INFO - [Validation] EPOCH: 149  acc = 98.0000
2023-09-26 11:06:14,079 - fewshot_modelnet_non_linear_classification - INFO - Save checkpoint at ./experiments/fewshot_modelnet_non_linear_classification/cfgs/add_as_normal/ckpt-last.pth
2023-09-26 11:06:14,539 - fewshot_modelnet_non_linear_classification - INFO - Save checkpoint at ./experiments/fewshot_modelnet_non_linear_classification/cfgs/add_as_normal/ckpt-epoch-149.pth
2023-09-26 11:06:15,789 - fewshot_modelnet_non_linear_classification - INFO - [Training] EPOCH: 150 EpochTime = 1.248 (s) Losses = ['0.0329', '100.0000'] lr = 0.000001
2023-09-26 11:06:16,789 - fewshot_modelnet_non_linear_classification - INFO - [Validation] EPOCH: 150  acc = 98.0000
2023-09-26 11:06:17,353 - fewshot_modelnet_non_linear_classification - INFO - Save checkpoint at ./experiments/fewshot_modelnet_non_linear_classification/cfgs/add_as_normal/ckpt-last.pth
2023-09-26 11:06:17,827 - fewshot_modelnet_non_linear_classification - INFO - Save checkpoint at ./experiments/fewshot_modelnet_non_linear_classification/cfgs/add_as_normal/ckpt-epoch-150.pth
