2023-09-26 12:47:01,670 - fewshot_modelnet_non_linear_classification - INFO - Copy the Config file from cfgs/fewshot_modelnet_non_linear_classification.yaml to ./experiments/fewshot_modelnet_non_linear_classification/cfgs/add_as_normal/config.yaml
2023-09-26 12:47:01,670 - fewshot_modelnet_non_linear_classification - INFO - args.config : cfgs/fewshot_modelnet_non_linear_classification.yaml
2023-09-26 12:47:01,670 - fewshot_modelnet_non_linear_classification - INFO - args.launcher : none
2023-09-26 12:47:01,670 - fewshot_modelnet_non_linear_classification - INFO - args.local_rank : 0
2023-09-26 12:47:01,670 - fewshot_modelnet_non_linear_classification - INFO - args.num_workers : 8
2023-09-26 12:47:01,670 - fewshot_modelnet_non_linear_classification - INFO - args.seed : 0
2023-09-26 12:47:01,670 - fewshot_modelnet_non_linear_classification - INFO - args.deterministic : False
2023-09-26 12:47:01,670 - fewshot_modelnet_non_linear_classification - INFO - args.sync_bn : True
2023-09-26 12:47:01,670 - fewshot_modelnet_non_linear_classification - INFO - args.update_weights_every : 1
2023-09-26 12:47:01,670 - fewshot_modelnet_non_linear_classification - INFO - args.main_task : 0
2023-09-26 12:47:01,670 - fewshot_modelnet_non_linear_classification - INFO - args.nashmtl_optim_niter : 20
2023-09-26 12:47:01,670 - fewshot_modelnet_non_linear_classification - INFO - args.c : 0.4
2023-09-26 12:47:01,670 - fewshot_modelnet_non_linear_classification - INFO - args.dwa_temp : 2.0
2023-09-26 12:47:01,670 - fewshot_modelnet_non_linear_classification - INFO - args.method_params_lr : 0.025
2023-09-26 12:47:01,670 - fewshot_modelnet_non_linear_classification - INFO - args.method : nashmtl
2023-09-26 12:47:01,671 - fewshot_modelnet_non_linear_classification - INFO - args.gpu : 5
2023-09-26 12:47:01,671 - fewshot_modelnet_non_linear_classification - INFO - args.large_group : 5
2023-09-26 12:47:01,671 - fewshot_modelnet_non_linear_classification - INFO - args.small_group : 10
2023-09-26 12:47:01,671 - fewshot_modelnet_non_linear_classification - INFO - args.large_patch : 6
2023-09-26 12:47:01,671 - fewshot_modelnet_non_linear_classification - INFO - args.small_patch : 3
2023-09-26 12:47:01,671 - fewshot_modelnet_non_linear_classification - INFO - args.queue_length : 8192
2023-09-26 12:47:01,671 - fewshot_modelnet_non_linear_classification - INFO - args.epoch_queue_starts : 10
2023-09-26 12:47:01,671 - fewshot_modelnet_non_linear_classification - INFO - args.nmb_crops : [5, 10]
2023-09-26 12:47:01,671 - fewshot_modelnet_non_linear_classification - INFO - args.fea_dim : 384
2023-09-26 12:47:01,671 - fewshot_modelnet_non_linear_classification - INFO - args.hidden_mlp : 256
2023-09-26 12:47:01,671 - fewshot_modelnet_non_linear_classification - INFO - args.output_dim : 128
2023-09-26 12:47:01,671 - fewshot_modelnet_non_linear_classification - INFO - args.nmb_prototypes : 200
2023-09-26 12:47:01,671 - fewshot_modelnet_non_linear_classification - INFO - args.temperature : 0.1
2023-09-26 12:47:01,671 - fewshot_modelnet_non_linear_classification - INFO - args.epsilon : 0.05
2023-09-26 12:47:01,671 - fewshot_modelnet_non_linear_classification - INFO - args.sinkhorn_iterations : 3
2023-09-26 12:47:01,671 - fewshot_modelnet_non_linear_classification - INFO - args.world_size : 1
2023-09-26 12:47:01,671 - fewshot_modelnet_non_linear_classification - INFO - args.exp_name : add_as_normal
2023-09-26 12:47:01,671 - fewshot_modelnet_non_linear_classification - INFO - args.loss : cd1
2023-09-26 12:47:01,671 - fewshot_modelnet_non_linear_classification - INFO - args.start_ckpts : None
2023-09-26 12:47:01,671 - fewshot_modelnet_non_linear_classification - INFO - args.ckpts : ./experiments/pretrain_MaskSurf/cfgs/add_as_normal/ckpt-last.pth
2023-09-26 12:47:01,671 - fewshot_modelnet_non_linear_classification - INFO - args.val_freq : 1
2023-09-26 12:47:01,671 - fewshot_modelnet_non_linear_classification - INFO - args.vote : False
2023-09-26 12:47:01,672 - fewshot_modelnet_non_linear_classification - INFO - args.resume : False
2023-09-26 12:47:01,672 - fewshot_modelnet_non_linear_classification - INFO - args.test : False
2023-09-26 12:47:01,672 - fewshot_modelnet_non_linear_classification - INFO - args.finetune_model : True
2023-09-26 12:47:01,672 - fewshot_modelnet_non_linear_classification - INFO - args.scratch_model : False
2023-09-26 12:47:01,672 - fewshot_modelnet_non_linear_classification - INFO - args.mode : None
2023-09-26 12:47:01,672 - fewshot_modelnet_non_linear_classification - INFO - args.way : 10
2023-09-26 12:47:01,672 - fewshot_modelnet_non_linear_classification - INFO - args.shot : 10
2023-09-26 12:47:01,672 - fewshot_modelnet_non_linear_classification - INFO - args.fold : 8
2023-09-26 12:47:01,672 - fewshot_modelnet_non_linear_classification - INFO - args.experiment_path : ./experiments/fewshot_modelnet_non_linear_classification/cfgs/add_as_normal
2023-09-26 12:47:01,672 - fewshot_modelnet_non_linear_classification - INFO - args.tfboard_path : ./experiments/fewshot_modelnet_non_linear_classification/cfgs/TFBoard/add_as_normal
2023-09-26 12:47:01,672 - fewshot_modelnet_non_linear_classification - INFO - args.log_name : fewshot_modelnet_non_linear_classification
2023-09-26 12:47:01,672 - fewshot_modelnet_non_linear_classification - INFO - args.use_gpu : True
2023-09-26 12:47:01,672 - fewshot_modelnet_non_linear_classification - INFO - args.distributed : False
2023-09-26 12:47:01,672 - fewshot_modelnet_non_linear_classification - INFO - config.optimizer = edict()
2023-09-26 12:47:01,672 - fewshot_modelnet_non_linear_classification - INFO - config.optimizer.type : AdamW
2023-09-26 12:47:01,672 - fewshot_modelnet_non_linear_classification - INFO - config.optimizer.part : only_new
2023-09-26 12:47:01,672 - fewshot_modelnet_non_linear_classification - INFO - config.optimizer.kwargs = edict()
2023-09-26 12:47:01,672 - fewshot_modelnet_non_linear_classification - INFO - config.optimizer.kwargs.lr : 0.0007
2023-09-26 12:47:01,672 - fewshot_modelnet_non_linear_classification - INFO - config.optimizer.kwargs.weight_decay : 0.05
2023-09-26 12:47:01,672 - fewshot_modelnet_non_linear_classification - INFO - config.scheduler = edict()
2023-09-26 12:47:01,672 - fewshot_modelnet_non_linear_classification - INFO - config.scheduler.type : CosLR
2023-09-26 12:47:01,672 - fewshot_modelnet_non_linear_classification - INFO - config.scheduler.kwargs = edict()
2023-09-26 12:47:01,673 - fewshot_modelnet_non_linear_classification - INFO - config.scheduler.kwargs.epochs : 150
2023-09-26 12:47:01,673 - fewshot_modelnet_non_linear_classification - INFO - config.scheduler.kwargs.initial_epochs : 10
2023-09-26 12:47:01,673 - fewshot_modelnet_non_linear_classification - INFO - config.dataset = edict()
2023-09-26 12:47:01,673 - fewshot_modelnet_non_linear_classification - INFO - config.dataset.train = edict()
2023-09-26 12:47:01,673 - fewshot_modelnet_non_linear_classification - INFO - config.dataset.train._base_ = edict()
2023-09-26 12:47:01,673 - fewshot_modelnet_non_linear_classification - INFO - config.dataset.train._base_.NAME : ModelNetFewShot
2023-09-26 12:47:01,673 - fewshot_modelnet_non_linear_classification - INFO - config.dataset.train._base_.DATA_PATH : data/ModelNetFewshot
2023-09-26 12:47:01,673 - fewshot_modelnet_non_linear_classification - INFO - config.dataset.train._base_.N_POINTS : 8192
2023-09-26 12:47:01,673 - fewshot_modelnet_non_linear_classification - INFO - config.dataset.train._base_.NUM_CATEGORY : 40
2023-09-26 12:47:01,673 - fewshot_modelnet_non_linear_classification - INFO - config.dataset.train._base_.USE_NORMALS : False
2023-09-26 12:47:01,673 - fewshot_modelnet_non_linear_classification - INFO - config.dataset.train.others = edict()
2023-09-26 12:47:01,673 - fewshot_modelnet_non_linear_classification - INFO - config.dataset.train.others.subset : train
2023-09-26 12:47:01,673 - fewshot_modelnet_non_linear_classification - INFO - config.dataset.train.others.bs : 32
2023-09-26 12:47:01,673 - fewshot_modelnet_non_linear_classification - INFO - config.dataset.val = edict()
2023-09-26 12:47:01,673 - fewshot_modelnet_non_linear_classification - INFO - config.dataset.val._base_ = edict()
2023-09-26 12:47:01,673 - fewshot_modelnet_non_linear_classification - INFO - config.dataset.val._base_.NAME : ModelNetFewShot
2023-09-26 12:47:01,673 - fewshot_modelnet_non_linear_classification - INFO - config.dataset.val._base_.DATA_PATH : data/ModelNetFewshot
2023-09-26 12:47:01,673 - fewshot_modelnet_non_linear_classification - INFO - config.dataset.val._base_.N_POINTS : 8192
2023-09-26 12:47:01,673 - fewshot_modelnet_non_linear_classification - INFO - config.dataset.val._base_.NUM_CATEGORY : 40
2023-09-26 12:47:01,673 - fewshot_modelnet_non_linear_classification - INFO - config.dataset.val._base_.USE_NORMALS : False
2023-09-26 12:47:01,673 - fewshot_modelnet_non_linear_classification - INFO - config.dataset.val.others = edict()
2023-09-26 12:47:01,674 - fewshot_modelnet_non_linear_classification - INFO - config.dataset.val.others.subset : test
2023-09-26 12:47:01,674 - fewshot_modelnet_non_linear_classification - INFO - config.dataset.val.others.bs : 64
2023-09-26 12:47:01,674 - fewshot_modelnet_non_linear_classification - INFO - config.dataset.test = edict()
2023-09-26 12:47:01,674 - fewshot_modelnet_non_linear_classification - INFO - config.dataset.test._base_ = edict()
2023-09-26 12:47:01,674 - fewshot_modelnet_non_linear_classification - INFO - config.dataset.test._base_.NAME : ModelNet
2023-09-26 12:47:01,674 - fewshot_modelnet_non_linear_classification - INFO - config.dataset.test._base_.DATA_PATH : data/ModelNet/modelnet40_normal_resampled
2023-09-26 12:47:01,674 - fewshot_modelnet_non_linear_classification - INFO - config.dataset.test._base_.N_POINTS : 8192
2023-09-26 12:47:01,674 - fewshot_modelnet_non_linear_classification - INFO - config.dataset.test._base_.NUM_CATEGORY : 40
2023-09-26 12:47:01,674 - fewshot_modelnet_non_linear_classification - INFO - config.dataset.test._base_.USE_NORMALS : False
2023-09-26 12:47:01,674 - fewshot_modelnet_non_linear_classification - INFO - config.dataset.test.others = edict()
2023-09-26 12:47:01,674 - fewshot_modelnet_non_linear_classification - INFO - config.dataset.test.others.subset : test
2023-09-26 12:47:01,674 - fewshot_modelnet_non_linear_classification - INFO - config.dataset.test.others.bs : 32
2023-09-26 12:47:01,674 - fewshot_modelnet_non_linear_classification - INFO - config.model = edict()
2023-09-26 12:47:01,674 - fewshot_modelnet_non_linear_classification - INFO - config.model.NAME : PointTransformer
2023-09-26 12:47:01,674 - fewshot_modelnet_non_linear_classification - INFO - config.model.trans_dim : 384
2023-09-26 12:47:01,674 - fewshot_modelnet_non_linear_classification - INFO - config.model.depth : 12
2023-09-26 12:47:01,674 - fewshot_modelnet_non_linear_classification - INFO - config.model.drop_path_rate : 0.1
2023-09-26 12:47:01,674 - fewshot_modelnet_non_linear_classification - INFO - config.model.cls_dim : 40
2023-09-26 12:47:01,674 - fewshot_modelnet_non_linear_classification - INFO - config.model.num_heads : 6
2023-09-26 12:47:01,674 - fewshot_modelnet_non_linear_classification - INFO - config.model.group_size : 32
2023-09-26 12:47:01,674 - fewshot_modelnet_non_linear_classification - INFO - config.model.num_group : 64
2023-09-26 12:47:01,674 - fewshot_modelnet_non_linear_classification - INFO - config.model.encoder_dims : 384
2023-09-26 12:47:01,675 - fewshot_modelnet_non_linear_classification - INFO - config.npoints : 1024
2023-09-26 12:47:01,675 - fewshot_modelnet_non_linear_classification - INFO - config.total_bs : 32
2023-09-26 12:47:01,675 - fewshot_modelnet_non_linear_classification - INFO - config.step_per_update : 1
2023-09-26 12:47:01,675 - fewshot_modelnet_non_linear_classification - INFO - config.max_epoch : 150
2023-09-26 12:47:01,675 - fewshot_modelnet_non_linear_classification - INFO - config.grad_norm_clip : 10
2023-09-26 12:47:01,675 - fewshot_modelnet_non_linear_classification - INFO - Distributed training: False
2023-09-26 12:47:01,675 - fewshot_modelnet_non_linear_classification - INFO - Set random seed to 0, deterministic: False
2023-09-26 12:47:03,844 - fewshot_modelnet_non_linear_classification - INFO - Using Data parallel ...
2023-09-26 12:47:08,925 - fewshot_modelnet_non_linear_classification - INFO - [Training] EPOCH: 0 EpochTime = 5.076 (s) Losses = ['3.8347', '1.0417'] lr = 0.000001
2023-09-26 12:47:09,444 - fewshot_modelnet_non_linear_classification - INFO - Save checkpoint at ./experiments/fewshot_modelnet_non_linear_classification/cfgs/add_as_normal/ckpt-last.pth
2023-09-26 12:47:10,654 - fewshot_modelnet_non_linear_classification - INFO - [Training] EPOCH: 1 EpochTime = 1.208 (s) Losses = ['3.8364', '1.0417'] lr = 0.000071
2023-09-26 12:47:12,652 - fewshot_modelnet_non_linear_classification - INFO - [Validation] EPOCH: 1  acc = 1.0000
2023-09-26 12:47:13,149 - fewshot_modelnet_non_linear_classification - INFO - Save checkpoint at ./experiments/fewshot_modelnet_non_linear_classification/cfgs/add_as_normal/ckpt-best.pth
2023-09-26 12:47:13,150 - fewshot_modelnet_non_linear_classification - INFO - --------------------------------------------------------------------------------------------
2023-09-26 12:47:13,605 - fewshot_modelnet_non_linear_classification - INFO - Save checkpoint at ./experiments/fewshot_modelnet_non_linear_classification/cfgs/add_as_normal/ckpt-last.pth
2023-09-26 12:47:14,829 - fewshot_modelnet_non_linear_classification - INFO - [Training] EPOCH: 2 EpochTime = 1.222 (s) Losses = ['3.8331', '2.0833'] lr = 0.000141
2023-09-26 12:47:16,336 - fewshot_modelnet_non_linear_classification - INFO - [Validation] EPOCH: 2  acc = 0.5000
2023-09-26 12:47:16,842 - fewshot_modelnet_non_linear_classification - INFO - Save checkpoint at ./experiments/fewshot_modelnet_non_linear_classification/cfgs/add_as_normal/ckpt-last.pth
2023-09-26 12:47:18,059 - fewshot_modelnet_non_linear_classification - INFO - [Training] EPOCH: 3 EpochTime = 1.216 (s) Losses = ['3.6671', '2.0833'] lr = 0.000211
2023-09-26 12:47:19,514 - fewshot_modelnet_non_linear_classification - INFO - [Validation] EPOCH: 3  acc = 1.5000
2023-09-26 12:47:20,010 - fewshot_modelnet_non_linear_classification - INFO - Save checkpoint at ./experiments/fewshot_modelnet_non_linear_classification/cfgs/add_as_normal/ckpt-best.pth
2023-09-26 12:47:20,010 - fewshot_modelnet_non_linear_classification - INFO - --------------------------------------------------------------------------------------------
2023-09-26 12:47:20,480 - fewshot_modelnet_non_linear_classification - INFO - Save checkpoint at ./experiments/fewshot_modelnet_non_linear_classification/cfgs/add_as_normal/ckpt-last.pth
2023-09-26 12:47:21,753 - fewshot_modelnet_non_linear_classification - INFO - [Training] EPOCH: 4 EpochTime = 1.271 (s) Losses = ['3.5461', '9.3750'] lr = 0.000281
2023-09-26 12:47:23,211 - fewshot_modelnet_non_linear_classification - INFO - [Validation] EPOCH: 4  acc = 15.5000
2023-09-26 12:47:23,635 - fewshot_modelnet_non_linear_classification - INFO - Save checkpoint at ./experiments/fewshot_modelnet_non_linear_classification/cfgs/add_as_normal/ckpt-best.pth
2023-09-26 12:47:23,635 - fewshot_modelnet_non_linear_classification - INFO - --------------------------------------------------------------------------------------------
2023-09-26 12:47:24,084 - fewshot_modelnet_non_linear_classification - INFO - Save checkpoint at ./experiments/fewshot_modelnet_non_linear_classification/cfgs/add_as_normal/ckpt-last.pth
2023-09-26 12:47:25,310 - fewshot_modelnet_non_linear_classification - INFO - [Training] EPOCH: 5 EpochTime = 1.225 (s) Losses = ['3.3509', '13.5417'] lr = 0.000351
2023-09-26 12:47:26,844 - fewshot_modelnet_non_linear_classification - INFO - [Validation] EPOCH: 5  acc = 40.5000
2023-09-26 12:47:27,329 - fewshot_modelnet_non_linear_classification - INFO - Save checkpoint at ./experiments/fewshot_modelnet_non_linear_classification/cfgs/add_as_normal/ckpt-best.pth
2023-09-26 12:47:27,329 - fewshot_modelnet_non_linear_classification - INFO - --------------------------------------------------------------------------------------------
2023-09-26 12:47:27,765 - fewshot_modelnet_non_linear_classification - INFO - Save checkpoint at ./experiments/fewshot_modelnet_non_linear_classification/cfgs/add_as_normal/ckpt-last.pth
2023-09-26 12:47:29,001 - fewshot_modelnet_non_linear_classification - INFO - [Training] EPOCH: 6 EpochTime = 1.235 (s) Losses = ['3.0989', '25.0000'] lr = 0.000420
2023-09-26 12:47:30,515 - fewshot_modelnet_non_linear_classification - INFO - [Validation] EPOCH: 6  acc = 53.5000
2023-09-26 12:47:31,024 - fewshot_modelnet_non_linear_classification - INFO - Save checkpoint at ./experiments/fewshot_modelnet_non_linear_classification/cfgs/add_as_normal/ckpt-best.pth
2023-09-26 12:47:31,024 - fewshot_modelnet_non_linear_classification - INFO - --------------------------------------------------------------------------------------------
2023-09-26 12:47:31,485 - fewshot_modelnet_non_linear_classification - INFO - Save checkpoint at ./experiments/fewshot_modelnet_non_linear_classification/cfgs/add_as_normal/ckpt-last.pth
2023-09-26 12:47:32,715 - fewshot_modelnet_non_linear_classification - INFO - [Training] EPOCH: 7 EpochTime = 1.229 (s) Losses = ['2.8160', '35.4167'] lr = 0.000490
2023-09-26 12:47:34,203 - fewshot_modelnet_non_linear_classification - INFO - [Validation] EPOCH: 7  acc = 61.5000
2023-09-26 12:47:34,679 - fewshot_modelnet_non_linear_classification - INFO - Save checkpoint at ./experiments/fewshot_modelnet_non_linear_classification/cfgs/add_as_normal/ckpt-best.pth
2023-09-26 12:47:34,679 - fewshot_modelnet_non_linear_classification - INFO - --------------------------------------------------------------------------------------------
2023-09-26 12:47:35,140 - fewshot_modelnet_non_linear_classification - INFO - Save checkpoint at ./experiments/fewshot_modelnet_non_linear_classification/cfgs/add_as_normal/ckpt-last.pth
2023-09-26 12:47:36,414 - fewshot_modelnet_non_linear_classification - INFO - [Training] EPOCH: 8 EpochTime = 1.271 (s) Losses = ['2.6724', '39.5833'] lr = 0.000560
2023-09-26 12:47:37,863 - fewshot_modelnet_non_linear_classification - INFO - [Validation] EPOCH: 8  acc = 71.5000
2023-09-26 12:47:38,333 - fewshot_modelnet_non_linear_classification - INFO - Save checkpoint at ./experiments/fewshot_modelnet_non_linear_classification/cfgs/add_as_normal/ckpt-best.pth
2023-09-26 12:47:38,333 - fewshot_modelnet_non_linear_classification - INFO - --------------------------------------------------------------------------------------------
2023-09-26 12:47:38,768 - fewshot_modelnet_non_linear_classification - INFO - Save checkpoint at ./experiments/fewshot_modelnet_non_linear_classification/cfgs/add_as_normal/ckpt-last.pth
2023-09-26 12:47:40,068 - fewshot_modelnet_non_linear_classification - INFO - [Training] EPOCH: 9 EpochTime = 1.298 (s) Losses = ['2.3045', '56.2500'] lr = 0.000630
2023-09-26 12:47:41,563 - fewshot_modelnet_non_linear_classification - INFO - [Validation] EPOCH: 9  acc = 78.0000
2023-09-26 12:47:42,099 - fewshot_modelnet_non_linear_classification - INFO - Save checkpoint at ./experiments/fewshot_modelnet_non_linear_classification/cfgs/add_as_normal/ckpt-best.pth
2023-09-26 12:47:42,099 - fewshot_modelnet_non_linear_classification - INFO - --------------------------------------------------------------------------------------------
2023-09-26 12:47:42,581 - fewshot_modelnet_non_linear_classification - INFO - Save checkpoint at ./experiments/fewshot_modelnet_non_linear_classification/cfgs/add_as_normal/ckpt-last.pth
2023-09-26 12:47:43,839 - fewshot_modelnet_non_linear_classification - INFO - [Training] EPOCH: 10 EpochTime = 1.257 (s) Losses = ['2.0128', '64.5833'] lr = 0.000692
2023-09-26 12:47:45,353 - fewshot_modelnet_non_linear_classification - INFO - [Validation] EPOCH: 10  acc = 81.5000
2023-09-26 12:47:45,824 - fewshot_modelnet_non_linear_classification - INFO - Save checkpoint at ./experiments/fewshot_modelnet_non_linear_classification/cfgs/add_as_normal/ckpt-best.pth
2023-09-26 12:47:45,824 - fewshot_modelnet_non_linear_classification - INFO - --------------------------------------------------------------------------------------------
2023-09-26 12:47:46,254 - fewshot_modelnet_non_linear_classification - INFO - Save checkpoint at ./experiments/fewshot_modelnet_non_linear_classification/cfgs/add_as_normal/ckpt-last.pth
2023-09-26 12:47:47,507 - fewshot_modelnet_non_linear_classification - INFO - [Training] EPOCH: 11 EpochTime = 1.252 (s) Losses = ['1.8546', '65.6250'] lr = 0.000691
2023-09-26 12:47:48,990 - fewshot_modelnet_non_linear_classification - INFO - [Validation] EPOCH: 11  acc = 86.0000
2023-09-26 12:47:49,436 - fewshot_modelnet_non_linear_classification - INFO - Save checkpoint at ./experiments/fewshot_modelnet_non_linear_classification/cfgs/add_as_normal/ckpt-best.pth
2023-09-26 12:47:49,436 - fewshot_modelnet_non_linear_classification - INFO - --------------------------------------------------------------------------------------------
2023-09-26 12:47:49,918 - fewshot_modelnet_non_linear_classification - INFO - Save checkpoint at ./experiments/fewshot_modelnet_non_linear_classification/cfgs/add_as_normal/ckpt-last.pth
2023-09-26 12:47:51,152 - fewshot_modelnet_non_linear_classification - INFO - [Training] EPOCH: 12 EpochTime = 1.232 (s) Losses = ['1.6110', '69.7917'] lr = 0.000689
2023-09-26 12:47:52,621 - fewshot_modelnet_non_linear_classification - INFO - [Validation] EPOCH: 12  acc = 86.0000
2023-09-26 12:47:53,108 - fewshot_modelnet_non_linear_classification - INFO - Save checkpoint at ./experiments/fewshot_modelnet_non_linear_classification/cfgs/add_as_normal/ckpt-last.pth
2023-09-26 12:47:54,356 - fewshot_modelnet_non_linear_classification - INFO - [Training] EPOCH: 13 EpochTime = 1.246 (s) Losses = ['1.4807', '70.8333'] lr = 0.000687
2023-09-26 12:47:55,861 - fewshot_modelnet_non_linear_classification - INFO - [Validation] EPOCH: 13  acc = 89.0000
2023-09-26 12:47:56,368 - fewshot_modelnet_non_linear_classification - INFO - Save checkpoint at ./experiments/fewshot_modelnet_non_linear_classification/cfgs/add_as_normal/ckpt-best.pth
2023-09-26 12:47:56,369 - fewshot_modelnet_non_linear_classification - INFO - --------------------------------------------------------------------------------------------
2023-09-26 12:47:56,910 - fewshot_modelnet_non_linear_classification - INFO - Save checkpoint at ./experiments/fewshot_modelnet_non_linear_classification/cfgs/add_as_normal/ckpt-last.pth
2023-09-26 12:47:58,147 - fewshot_modelnet_non_linear_classification - INFO - [Training] EPOCH: 14 EpochTime = 1.235 (s) Losses = ['1.2641', '80.2083'] lr = 0.000685
2023-09-26 12:47:59,674 - fewshot_modelnet_non_linear_classification - INFO - [Validation] EPOCH: 14  acc = 92.5000
2023-09-26 12:48:00,112 - fewshot_modelnet_non_linear_classification - INFO - Save checkpoint at ./experiments/fewshot_modelnet_non_linear_classification/cfgs/add_as_normal/ckpt-best.pth
2023-09-26 12:48:00,112 - fewshot_modelnet_non_linear_classification - INFO - --------------------------------------------------------------------------------------------
2023-09-26 12:48:00,578 - fewshot_modelnet_non_linear_classification - INFO - Save checkpoint at ./experiments/fewshot_modelnet_non_linear_classification/cfgs/add_as_normal/ckpt-last.pth
2023-09-26 12:48:01,800 - fewshot_modelnet_non_linear_classification - INFO - [Training] EPOCH: 15 EpochTime = 1.216 (s) Losses = ['1.1677', '85.4167'] lr = 0.000683
2023-09-26 12:48:03,290 - fewshot_modelnet_non_linear_classification - INFO - [Validation] EPOCH: 15  acc = 94.0000
2023-09-26 12:48:03,786 - fewshot_modelnet_non_linear_classification - INFO - Save checkpoint at ./experiments/fewshot_modelnet_non_linear_classification/cfgs/add_as_normal/ckpt-best.pth
2023-09-26 12:48:03,786 - fewshot_modelnet_non_linear_classification - INFO - --------------------------------------------------------------------------------------------
2023-09-26 12:48:04,249 - fewshot_modelnet_non_linear_classification - INFO - Save checkpoint at ./experiments/fewshot_modelnet_non_linear_classification/cfgs/add_as_normal/ckpt-last.pth
2023-09-26 12:48:05,634 - fewshot_modelnet_non_linear_classification - INFO - [Training] EPOCH: 16 EpochTime = 1.384 (s) Losses = ['1.0364', '84.3750'] lr = 0.000681
2023-09-26 12:48:07,139 - fewshot_modelnet_non_linear_classification - INFO - [Validation] EPOCH: 16  acc = 96.0000
2023-09-26 12:48:07,726 - fewshot_modelnet_non_linear_classification - INFO - Save checkpoint at ./experiments/fewshot_modelnet_non_linear_classification/cfgs/add_as_normal/ckpt-best.pth
2023-09-26 12:48:07,726 - fewshot_modelnet_non_linear_classification - INFO - --------------------------------------------------------------------------------------------
2023-09-26 12:48:08,199 - fewshot_modelnet_non_linear_classification - INFO - Save checkpoint at ./experiments/fewshot_modelnet_non_linear_classification/cfgs/add_as_normal/ckpt-last.pth
2023-09-26 12:48:09,566 - fewshot_modelnet_non_linear_classification - INFO - [Training] EPOCH: 17 EpochTime = 1.365 (s) Losses = ['1.0603', '83.3333'] lr = 0.000678
2023-09-26 12:48:11,013 - fewshot_modelnet_non_linear_classification - INFO - [Validation] EPOCH: 17  acc = 96.0000
2023-09-26 12:48:11,496 - fewshot_modelnet_non_linear_classification - INFO - Save checkpoint at ./experiments/fewshot_modelnet_non_linear_classification/cfgs/add_as_normal/ckpt-last.pth
2023-09-26 12:48:12,845 - fewshot_modelnet_non_linear_classification - INFO - [Training] EPOCH: 18 EpochTime = 1.346 (s) Losses = ['0.8686', '84.3750'] lr = 0.000675
2023-09-26 12:48:14,329 - fewshot_modelnet_non_linear_classification - INFO - [Validation] EPOCH: 18  acc = 94.5000
2023-09-26 12:48:14,824 - fewshot_modelnet_non_linear_classification - INFO - Save checkpoint at ./experiments/fewshot_modelnet_non_linear_classification/cfgs/add_as_normal/ckpt-last.pth
2023-09-26 12:48:16,053 - fewshot_modelnet_non_linear_classification - INFO - [Training] EPOCH: 19 EpochTime = 1.228 (s) Losses = ['0.8058', '87.5000'] lr = 0.000673
2023-09-26 12:48:17,533 - fewshot_modelnet_non_linear_classification - INFO - [Validation] EPOCH: 19  acc = 96.5000
2023-09-26 12:48:18,008 - fewshot_modelnet_non_linear_classification - INFO - Save checkpoint at ./experiments/fewshot_modelnet_non_linear_classification/cfgs/add_as_normal/ckpt-best.pth
2023-09-26 12:48:18,008 - fewshot_modelnet_non_linear_classification - INFO - --------------------------------------------------------------------------------------------
2023-09-26 12:48:18,435 - fewshot_modelnet_non_linear_classification - INFO - Save checkpoint at ./experiments/fewshot_modelnet_non_linear_classification/cfgs/add_as_normal/ckpt-last.pth
2023-09-26 12:48:19,663 - fewshot_modelnet_non_linear_classification - INFO - [Training] EPOCH: 20 EpochTime = 1.226 (s) Losses = ['0.8192', '91.6667'] lr = 0.000670
2023-09-26 12:48:21,115 - fewshot_modelnet_non_linear_classification - INFO - [Validation] EPOCH: 20  acc = 95.5000
2023-09-26 12:48:21,642 - fewshot_modelnet_non_linear_classification - INFO - Save checkpoint at ./experiments/fewshot_modelnet_non_linear_classification/cfgs/add_as_normal/ckpt-last.pth
2023-09-26 12:48:22,905 - fewshot_modelnet_non_linear_classification - INFO - [Training] EPOCH: 21 EpochTime = 1.261 (s) Losses = ['0.7251', '93.7500'] lr = 0.000667
2023-09-26 12:48:24,385 - fewshot_modelnet_non_linear_classification - INFO - [Validation] EPOCH: 21  acc = 95.5000
2023-09-26 12:48:24,837 - fewshot_modelnet_non_linear_classification - INFO - Save checkpoint at ./experiments/fewshot_modelnet_non_linear_classification/cfgs/add_as_normal/ckpt-last.pth
2023-09-26 12:48:26,218 - fewshot_modelnet_non_linear_classification - INFO - [Training] EPOCH: 22 EpochTime = 1.380 (s) Losses = ['0.6333', '92.7083'] lr = 0.000664
2023-09-26 12:48:27,694 - fewshot_modelnet_non_linear_classification - INFO - [Validation] EPOCH: 22  acc = 95.5000
2023-09-26 12:48:28,143 - fewshot_modelnet_non_linear_classification - INFO - Save checkpoint at ./experiments/fewshot_modelnet_non_linear_classification/cfgs/add_as_normal/ckpt-last.pth
2023-09-26 12:48:29,385 - fewshot_modelnet_non_linear_classification - INFO - [Training] EPOCH: 23 EpochTime = 1.240 (s) Losses = ['0.6424', '90.6250'] lr = 0.000660
2023-09-26 12:48:30,828 - fewshot_modelnet_non_linear_classification - INFO - [Validation] EPOCH: 23  acc = 96.0000
2023-09-26 12:48:31,328 - fewshot_modelnet_non_linear_classification - INFO - Save checkpoint at ./experiments/fewshot_modelnet_non_linear_classification/cfgs/add_as_normal/ckpt-last.pth
2023-09-26 12:48:32,541 - fewshot_modelnet_non_linear_classification - INFO - [Training] EPOCH: 24 EpochTime = 1.211 (s) Losses = ['0.5479', '94.7917'] lr = 0.000657
2023-09-26 12:48:34,014 - fewshot_modelnet_non_linear_classification - INFO - [Validation] EPOCH: 24  acc = 96.0000
2023-09-26 12:48:34,458 - fewshot_modelnet_non_linear_classification - INFO - Save checkpoint at ./experiments/fewshot_modelnet_non_linear_classification/cfgs/add_as_normal/ckpt-last.pth
2023-09-26 12:48:35,700 - fewshot_modelnet_non_linear_classification - INFO - [Training] EPOCH: 25 EpochTime = 1.241 (s) Losses = ['0.5861', '94.7917'] lr = 0.000653
2023-09-26 12:48:37,160 - fewshot_modelnet_non_linear_classification - INFO - [Validation] EPOCH: 25  acc = 97.0000
2023-09-26 12:48:37,629 - fewshot_modelnet_non_linear_classification - INFO - Save checkpoint at ./experiments/fewshot_modelnet_non_linear_classification/cfgs/add_as_normal/ckpt-best.pth
2023-09-26 12:48:37,686 - fewshot_modelnet_non_linear_classification - INFO - --------------------------------------------------------------------------------------------
2023-09-26 12:48:38,153 - fewshot_modelnet_non_linear_classification - INFO - Save checkpoint at ./experiments/fewshot_modelnet_non_linear_classification/cfgs/add_as_normal/ckpt-last.pth
2023-09-26 12:48:39,397 - fewshot_modelnet_non_linear_classification - INFO - [Training] EPOCH: 26 EpochTime = 1.243 (s) Losses = ['0.4801', '95.8333'] lr = 0.000649
2023-09-26 12:48:40,893 - fewshot_modelnet_non_linear_classification - INFO - [Validation] EPOCH: 26  acc = 96.5000
2023-09-26 12:48:41,324 - fewshot_modelnet_non_linear_classification - INFO - Save checkpoint at ./experiments/fewshot_modelnet_non_linear_classification/cfgs/add_as_normal/ckpt-last.pth
2023-09-26 12:48:42,618 - fewshot_modelnet_non_linear_classification - INFO - [Training] EPOCH: 27 EpochTime = 1.293 (s) Losses = ['0.4509', '96.8750'] lr = 0.000646
2023-09-26 12:48:44,053 - fewshot_modelnet_non_linear_classification - INFO - [Validation] EPOCH: 27  acc = 96.0000
2023-09-26 12:48:44,523 - fewshot_modelnet_non_linear_classification - INFO - Save checkpoint at ./experiments/fewshot_modelnet_non_linear_classification/cfgs/add_as_normal/ckpt-last.pth
2023-09-26 12:48:45,807 - fewshot_modelnet_non_linear_classification - INFO - [Training] EPOCH: 28 EpochTime = 1.282 (s) Losses = ['0.5027', '94.7917'] lr = 0.000642
2023-09-26 12:48:47,301 - fewshot_modelnet_non_linear_classification - INFO - [Validation] EPOCH: 28  acc = 96.5000
2023-09-26 12:48:47,821 - fewshot_modelnet_non_linear_classification - INFO - Save checkpoint at ./experiments/fewshot_modelnet_non_linear_classification/cfgs/add_as_normal/ckpt-last.pth
2023-09-26 12:48:49,064 - fewshot_modelnet_non_linear_classification - INFO - [Training] EPOCH: 29 EpochTime = 1.241 (s) Losses = ['0.4127', '94.7917'] lr = 0.000637
2023-09-26 12:48:50,654 - fewshot_modelnet_non_linear_classification - INFO - [Validation] EPOCH: 29  acc = 97.5000
2023-09-26 12:48:51,059 - fewshot_modelnet_non_linear_classification - INFO - Save checkpoint at ./experiments/fewshot_modelnet_non_linear_classification/cfgs/add_as_normal/ckpt-best.pth
2023-09-26 12:48:51,059 - fewshot_modelnet_non_linear_classification - INFO - --------------------------------------------------------------------------------------------
2023-09-26 12:48:51,521 - fewshot_modelnet_non_linear_classification - INFO - Save checkpoint at ./experiments/fewshot_modelnet_non_linear_classification/cfgs/add_as_normal/ckpt-last.pth
2023-09-26 12:48:52,764 - fewshot_modelnet_non_linear_classification - INFO - [Training] EPOCH: 30 EpochTime = 1.241 (s) Losses = ['0.3779', '95.8333'] lr = 0.000633
2023-09-26 12:48:54,353 - fewshot_modelnet_non_linear_classification - INFO - [Validation] EPOCH: 30  acc = 97.5000
2023-09-26 12:48:54,812 - fewshot_modelnet_non_linear_classification - INFO - Save checkpoint at ./experiments/fewshot_modelnet_non_linear_classification/cfgs/add_as_normal/ckpt-last.pth
2023-09-26 12:48:56,077 - fewshot_modelnet_non_linear_classification - INFO - [Training] EPOCH: 31 EpochTime = 1.263 (s) Losses = ['0.3953', '93.7500'] lr = 0.000629
2023-09-26 12:48:57,559 - fewshot_modelnet_non_linear_classification - INFO - [Validation] EPOCH: 31  acc = 97.0000
2023-09-26 12:48:58,129 - fewshot_modelnet_non_linear_classification - INFO - Save checkpoint at ./experiments/fewshot_modelnet_non_linear_classification/cfgs/add_as_normal/ckpt-last.pth
2023-09-26 12:48:59,408 - fewshot_modelnet_non_linear_classification - INFO - [Training] EPOCH: 32 EpochTime = 1.278 (s) Losses = ['0.3576', '95.8333'] lr = 0.000624
2023-09-26 12:49:00,840 - fewshot_modelnet_non_linear_classification - INFO - [Validation] EPOCH: 32  acc = 97.0000
2023-09-26 12:49:01,359 - fewshot_modelnet_non_linear_classification - INFO - Save checkpoint at ./experiments/fewshot_modelnet_non_linear_classification/cfgs/add_as_normal/ckpt-last.pth
2023-09-26 12:49:02,591 - fewshot_modelnet_non_linear_classification - INFO - [Training] EPOCH: 33 EpochTime = 1.231 (s) Losses = ['0.3575', '94.7917'] lr = 0.000620
2023-09-26 12:49:04,031 - fewshot_modelnet_non_linear_classification - INFO - [Validation] EPOCH: 33  acc = 97.0000
2023-09-26 12:49:04,479 - fewshot_modelnet_non_linear_classification - INFO - Save checkpoint at ./experiments/fewshot_modelnet_non_linear_classification/cfgs/add_as_normal/ckpt-last.pth
2023-09-26 12:49:05,702 - fewshot_modelnet_non_linear_classification - INFO - [Training] EPOCH: 34 EpochTime = 1.221 (s) Losses = ['0.3671', '94.7917'] lr = 0.000615
2023-09-26 12:49:07,138 - fewshot_modelnet_non_linear_classification - INFO - [Validation] EPOCH: 34  acc = 97.0000
2023-09-26 12:49:07,612 - fewshot_modelnet_non_linear_classification - INFO - Save checkpoint at ./experiments/fewshot_modelnet_non_linear_classification/cfgs/add_as_normal/ckpt-last.pth
2023-09-26 12:49:08,851 - fewshot_modelnet_non_linear_classification - INFO - [Training] EPOCH: 35 EpochTime = 1.237 (s) Losses = ['0.2501', '100.0000'] lr = 0.000610
2023-09-26 12:49:10,280 - fewshot_modelnet_non_linear_classification - INFO - [Validation] EPOCH: 35  acc = 97.5000
2023-09-26 12:49:10,790 - fewshot_modelnet_non_linear_classification - INFO - Save checkpoint at ./experiments/fewshot_modelnet_non_linear_classification/cfgs/add_as_normal/ckpt-last.pth
2023-09-26 12:49:12,040 - fewshot_modelnet_non_linear_classification - INFO - [Training] EPOCH: 36 EpochTime = 1.249 (s) Losses = ['0.2552', '96.8750'] lr = 0.000605
2023-09-26 12:49:13,463 - fewshot_modelnet_non_linear_classification - INFO - [Validation] EPOCH: 36  acc = 97.5000
2023-09-26 12:49:13,911 - fewshot_modelnet_non_linear_classification - INFO - Save checkpoint at ./experiments/fewshot_modelnet_non_linear_classification/cfgs/add_as_normal/ckpt-last.pth
2023-09-26 12:49:15,167 - fewshot_modelnet_non_linear_classification - INFO - [Training] EPOCH: 37 EpochTime = 1.254 (s) Losses = ['0.2964', '98.9583'] lr = 0.000600
2023-09-26 12:49:16,696 - fewshot_modelnet_non_linear_classification - INFO - [Validation] EPOCH: 37  acc = 97.5000
2023-09-26 12:49:17,096 - fewshot_modelnet_non_linear_classification - INFO - Save checkpoint at ./experiments/fewshot_modelnet_non_linear_classification/cfgs/add_as_normal/ckpt-last.pth
2023-09-26 12:49:18,319 - fewshot_modelnet_non_linear_classification - INFO - [Training] EPOCH: 38 EpochTime = 1.221 (s) Losses = ['0.2512', '98.9583'] lr = 0.000595
2023-09-26 12:49:19,756 - fewshot_modelnet_non_linear_classification - INFO - [Validation] EPOCH: 38  acc = 97.5000
2023-09-26 12:49:20,178 - fewshot_modelnet_non_linear_classification - INFO - Save checkpoint at ./experiments/fewshot_modelnet_non_linear_classification/cfgs/add_as_normal/ckpt-last.pth
2023-09-26 12:49:21,419 - fewshot_modelnet_non_linear_classification - INFO - [Training] EPOCH: 39 EpochTime = 1.239 (s) Losses = ['0.1750', '100.0000'] lr = 0.000590
2023-09-26 12:49:22,853 - fewshot_modelnet_non_linear_classification - INFO - [Validation] EPOCH: 39  acc = 97.5000
2023-09-26 12:49:23,291 - fewshot_modelnet_non_linear_classification - INFO - Save checkpoint at ./experiments/fewshot_modelnet_non_linear_classification/cfgs/add_as_normal/ckpt-last.pth
2023-09-26 12:49:24,510 - fewshot_modelnet_non_linear_classification - INFO - [Training] EPOCH: 40 EpochTime = 1.218 (s) Losses = ['0.2463', '96.8750'] lr = 0.000584
2023-09-26 12:49:25,951 - fewshot_modelnet_non_linear_classification - INFO - [Validation] EPOCH: 40  acc = 98.5000
2023-09-26 12:49:26,469 - fewshot_modelnet_non_linear_classification - INFO - Save checkpoint at ./experiments/fewshot_modelnet_non_linear_classification/cfgs/add_as_normal/ckpt-best.pth
2023-09-26 12:49:26,469 - fewshot_modelnet_non_linear_classification - INFO - --------------------------------------------------------------------------------------------
2023-09-26 12:49:27,071 - fewshot_modelnet_non_linear_classification - INFO - Save checkpoint at ./experiments/fewshot_modelnet_non_linear_classification/cfgs/add_as_normal/ckpt-last.pth
2023-09-26 12:49:28,296 - fewshot_modelnet_non_linear_classification - INFO - [Training] EPOCH: 41 EpochTime = 1.223 (s) Losses = ['0.2026', '98.9583'] lr = 0.000579
2023-09-26 12:49:29,749 - fewshot_modelnet_non_linear_classification - INFO - [Validation] EPOCH: 41  acc = 98.5000
2023-09-26 12:49:30,256 - fewshot_modelnet_non_linear_classification - INFO - Save checkpoint at ./experiments/fewshot_modelnet_non_linear_classification/cfgs/add_as_normal/ckpt-last.pth
2023-09-26 12:49:31,477 - fewshot_modelnet_non_linear_classification - INFO - [Training] EPOCH: 42 EpochTime = 1.220 (s) Losses = ['0.2178', '98.9583'] lr = 0.000573
2023-09-26 12:49:32,921 - fewshot_modelnet_non_linear_classification - INFO - [Validation] EPOCH: 42  acc = 98.5000
2023-09-26 12:49:33,372 - fewshot_modelnet_non_linear_classification - INFO - Save checkpoint at ./experiments/fewshot_modelnet_non_linear_classification/cfgs/add_as_normal/ckpt-last.pth
2023-09-26 12:49:34,647 - fewshot_modelnet_non_linear_classification - INFO - [Training] EPOCH: 43 EpochTime = 1.273 (s) Losses = ['0.1974', '100.0000'] lr = 0.000568
2023-09-26 12:49:36,096 - fewshot_modelnet_non_linear_classification - INFO - [Validation] EPOCH: 43  acc = 98.0000
2023-09-26 12:49:36,517 - fewshot_modelnet_non_linear_classification - INFO - Save checkpoint at ./experiments/fewshot_modelnet_non_linear_classification/cfgs/add_as_normal/ckpt-last.pth
2023-09-26 12:49:37,754 - fewshot_modelnet_non_linear_classification - INFO - [Training] EPOCH: 44 EpochTime = 1.236 (s) Losses = ['0.1637', '100.0000'] lr = 0.000562
2023-09-26 12:49:39,318 - fewshot_modelnet_non_linear_classification - INFO - [Validation] EPOCH: 44  acc = 98.0000
2023-09-26 12:49:39,775 - fewshot_modelnet_non_linear_classification - INFO - Save checkpoint at ./experiments/fewshot_modelnet_non_linear_classification/cfgs/add_as_normal/ckpt-last.pth
2023-09-26 12:49:41,021 - fewshot_modelnet_non_linear_classification - INFO - [Training] EPOCH: 45 EpochTime = 1.244 (s) Losses = ['0.1509', '100.0000'] lr = 0.000556
2023-09-26 12:49:42,486 - fewshot_modelnet_non_linear_classification - INFO - [Validation] EPOCH: 45  acc = 98.0000
2023-09-26 12:49:42,997 - fewshot_modelnet_non_linear_classification - INFO - Save checkpoint at ./experiments/fewshot_modelnet_non_linear_classification/cfgs/add_as_normal/ckpt-last.pth
2023-09-26 12:49:44,259 - fewshot_modelnet_non_linear_classification - INFO - [Training] EPOCH: 46 EpochTime = 1.259 (s) Losses = ['0.1891', '97.9167'] lr = 0.000550
2023-09-26 12:49:45,807 - fewshot_modelnet_non_linear_classification - INFO - [Validation] EPOCH: 46  acc = 97.5000
2023-09-26 12:49:46,324 - fewshot_modelnet_non_linear_classification - INFO - Save checkpoint at ./experiments/fewshot_modelnet_non_linear_classification/cfgs/add_as_normal/ckpt-last.pth
2023-09-26 12:49:47,761 - fewshot_modelnet_non_linear_classification - INFO - [Training] EPOCH: 47 EpochTime = 1.436 (s) Losses = ['0.1724', '100.0000'] lr = 0.000544
2023-09-26 12:49:49,302 - fewshot_modelnet_non_linear_classification - INFO - [Validation] EPOCH: 47  acc = 97.5000
2023-09-26 12:49:49,746 - fewshot_modelnet_non_linear_classification - INFO - Save checkpoint at ./experiments/fewshot_modelnet_non_linear_classification/cfgs/add_as_normal/ckpt-last.pth
2023-09-26 12:49:51,017 - fewshot_modelnet_non_linear_classification - INFO - [Training] EPOCH: 48 EpochTime = 1.269 (s) Losses = ['0.1649', '98.9583'] lr = 0.000538
2023-09-26 12:49:52,505 - fewshot_modelnet_non_linear_classification - INFO - [Validation] EPOCH: 48  acc = 97.5000
2023-09-26 12:49:52,953 - fewshot_modelnet_non_linear_classification - INFO - Save checkpoint at ./experiments/fewshot_modelnet_non_linear_classification/cfgs/add_as_normal/ckpt-last.pth
2023-09-26 12:49:54,254 - fewshot_modelnet_non_linear_classification - INFO - [Training] EPOCH: 49 EpochTime = 1.300 (s) Losses = ['0.1467', '100.0000'] lr = 0.000532
2023-09-26 12:49:55,715 - fewshot_modelnet_non_linear_classification - INFO - [Validation] EPOCH: 49  acc = 97.5000
2023-09-26 12:49:56,172 - fewshot_modelnet_non_linear_classification - INFO - Save checkpoint at ./experiments/fewshot_modelnet_non_linear_classification/cfgs/add_as_normal/ckpt-last.pth
2023-09-26 12:49:57,392 - fewshot_modelnet_non_linear_classification - INFO - [Training] EPOCH: 50 EpochTime = 1.219 (s) Losses = ['0.1517', '98.9583'] lr = 0.000525
2023-09-26 12:49:58,849 - fewshot_modelnet_non_linear_classification - INFO - [Validation] EPOCH: 50  acc = 97.5000
2023-09-26 12:49:59,306 - fewshot_modelnet_non_linear_classification - INFO - Save checkpoint at ./experiments/fewshot_modelnet_non_linear_classification/cfgs/add_as_normal/ckpt-last.pth
2023-09-26 12:50:00,525 - fewshot_modelnet_non_linear_classification - INFO - [Training] EPOCH: 51 EpochTime = 1.217 (s) Losses = ['0.1439', '100.0000'] lr = 0.000519
2023-09-26 12:50:01,974 - fewshot_modelnet_non_linear_classification - INFO - [Validation] EPOCH: 51  acc = 98.0000
2023-09-26 12:50:02,476 - fewshot_modelnet_non_linear_classification - INFO - Save checkpoint at ./experiments/fewshot_modelnet_non_linear_classification/cfgs/add_as_normal/ckpt-last.pth
2023-09-26 12:50:03,720 - fewshot_modelnet_non_linear_classification - INFO - [Training] EPOCH: 52 EpochTime = 1.242 (s) Losses = ['0.1459', '100.0000'] lr = 0.000512
2023-09-26 12:50:05,214 - fewshot_modelnet_non_linear_classification - INFO - [Validation] EPOCH: 52  acc = 98.5000
2023-09-26 12:50:05,724 - fewshot_modelnet_non_linear_classification - INFO - Save checkpoint at ./experiments/fewshot_modelnet_non_linear_classification/cfgs/add_as_normal/ckpt-last.pth
2023-09-26 12:50:06,993 - fewshot_modelnet_non_linear_classification - INFO - [Training] EPOCH: 53 EpochTime = 1.267 (s) Losses = ['0.1080', '98.9583'] lr = 0.000506
2023-09-26 12:50:08,457 - fewshot_modelnet_non_linear_classification - INFO - [Validation] EPOCH: 53  acc = 98.0000
2023-09-26 12:50:08,896 - fewshot_modelnet_non_linear_classification - INFO - Save checkpoint at ./experiments/fewshot_modelnet_non_linear_classification/cfgs/add_as_normal/ckpt-last.pth
2023-09-26 12:50:10,137 - fewshot_modelnet_non_linear_classification - INFO - [Training] EPOCH: 54 EpochTime = 1.239 (s) Losses = ['0.1109', '98.9583'] lr = 0.000499
2023-09-26 12:50:11,576 - fewshot_modelnet_non_linear_classification - INFO - [Validation] EPOCH: 54  acc = 98.0000
2023-09-26 12:50:12,069 - fewshot_modelnet_non_linear_classification - INFO - Save checkpoint at ./experiments/fewshot_modelnet_non_linear_classification/cfgs/add_as_normal/ckpt-last.pth
2023-09-26 12:50:13,317 - fewshot_modelnet_non_linear_classification - INFO - [Training] EPOCH: 55 EpochTime = 1.246 (s) Losses = ['0.1165', '100.0000'] lr = 0.000493
2023-09-26 12:50:14,886 - fewshot_modelnet_non_linear_classification - INFO - [Validation] EPOCH: 55  acc = 98.0000
2023-09-26 12:50:15,415 - fewshot_modelnet_non_linear_classification - INFO - Save checkpoint at ./experiments/fewshot_modelnet_non_linear_classification/cfgs/add_as_normal/ckpt-last.pth
2023-09-26 12:50:16,873 - fewshot_modelnet_non_linear_classification - INFO - [Training] EPOCH: 56 EpochTime = 1.456 (s) Losses = ['0.1421', '98.9583'] lr = 0.000486
2023-09-26 12:50:18,538 - fewshot_modelnet_non_linear_classification - INFO - [Validation] EPOCH: 56  acc = 98.0000
2023-09-26 12:50:19,003 - fewshot_modelnet_non_linear_classification - INFO - Save checkpoint at ./experiments/fewshot_modelnet_non_linear_classification/cfgs/add_as_normal/ckpt-last.pth
2023-09-26 12:50:20,232 - fewshot_modelnet_non_linear_classification - INFO - [Training] EPOCH: 57 EpochTime = 1.228 (s) Losses = ['0.1241', '100.0000'] lr = 0.000479
2023-09-26 12:50:21,714 - fewshot_modelnet_non_linear_classification - INFO - [Validation] EPOCH: 57  acc = 98.5000
2023-09-26 12:50:22,191 - fewshot_modelnet_non_linear_classification - INFO - Save checkpoint at ./experiments/fewshot_modelnet_non_linear_classification/cfgs/add_as_normal/ckpt-last.pth
2023-09-26 12:50:23,467 - fewshot_modelnet_non_linear_classification - INFO - [Training] EPOCH: 58 EpochTime = 1.274 (s) Losses = ['0.1116', '98.9583'] lr = 0.000472
2023-09-26 12:50:24,928 - fewshot_modelnet_non_linear_classification - INFO - [Validation] EPOCH: 58  acc = 98.0000
2023-09-26 12:50:25,382 - fewshot_modelnet_non_linear_classification - INFO - Save checkpoint at ./experiments/fewshot_modelnet_non_linear_classification/cfgs/add_as_normal/ckpt-last.pth
2023-09-26 12:50:26,609 - fewshot_modelnet_non_linear_classification - INFO - [Training] EPOCH: 59 EpochTime = 1.224 (s) Losses = ['0.0968', '100.0000'] lr = 0.000465
2023-09-26 12:50:28,057 - fewshot_modelnet_non_linear_classification - INFO - [Validation] EPOCH: 59  acc = 98.0000
2023-09-26 12:50:28,528 - fewshot_modelnet_non_linear_classification - INFO - Save checkpoint at ./experiments/fewshot_modelnet_non_linear_classification/cfgs/add_as_normal/ckpt-last.pth
2023-09-26 12:50:29,768 - fewshot_modelnet_non_linear_classification - INFO - [Training] EPOCH: 60 EpochTime = 1.238 (s) Losses = ['0.0934', '100.0000'] lr = 0.000459
2023-09-26 12:50:31,357 - fewshot_modelnet_non_linear_classification - INFO - [Validation] EPOCH: 60  acc = 98.0000
2023-09-26 12:50:31,852 - fewshot_modelnet_non_linear_classification - INFO - Save checkpoint at ./experiments/fewshot_modelnet_non_linear_classification/cfgs/add_as_normal/ckpt-last.pth
2023-09-26 12:50:33,165 - fewshot_modelnet_non_linear_classification - INFO - [Training] EPOCH: 61 EpochTime = 1.311 (s) Losses = ['0.1527', '98.9583'] lr = 0.000452
2023-09-26 12:50:34,619 - fewshot_modelnet_non_linear_classification - INFO - [Validation] EPOCH: 61  acc = 98.0000
2023-09-26 12:50:35,128 - fewshot_modelnet_non_linear_classification - INFO - Save checkpoint at ./experiments/fewshot_modelnet_non_linear_classification/cfgs/add_as_normal/ckpt-last.pth
2023-09-26 12:50:36,347 - fewshot_modelnet_non_linear_classification - INFO - [Training] EPOCH: 62 EpochTime = 1.217 (s) Losses = ['0.1062', '100.0000'] lr = 0.000444
2023-09-26 12:50:37,795 - fewshot_modelnet_non_linear_classification - INFO - [Validation] EPOCH: 62  acc = 98.0000
2023-09-26 12:50:38,300 - fewshot_modelnet_non_linear_classification - INFO - Save checkpoint at ./experiments/fewshot_modelnet_non_linear_classification/cfgs/add_as_normal/ckpt-last.pth
2023-09-26 12:50:39,587 - fewshot_modelnet_non_linear_classification - INFO - [Training] EPOCH: 63 EpochTime = 1.285 (s) Losses = ['0.1277', '97.9167'] lr = 0.000437
2023-09-26 12:50:41,071 - fewshot_modelnet_non_linear_classification - INFO - [Validation] EPOCH: 63  acc = 98.0000
2023-09-26 12:50:41,577 - fewshot_modelnet_non_linear_classification - INFO - Save checkpoint at ./experiments/fewshot_modelnet_non_linear_classification/cfgs/add_as_normal/ckpt-last.pth
2023-09-26 12:50:42,807 - fewshot_modelnet_non_linear_classification - INFO - [Training] EPOCH: 64 EpochTime = 1.229 (s) Losses = ['0.1288', '98.9583'] lr = 0.000430
2023-09-26 12:50:44,274 - fewshot_modelnet_non_linear_classification - INFO - [Validation] EPOCH: 64  acc = 98.0000
2023-09-26 12:50:44,721 - fewshot_modelnet_non_linear_classification - INFO - Save checkpoint at ./experiments/fewshot_modelnet_non_linear_classification/cfgs/add_as_normal/ckpt-last.pth
2023-09-26 12:50:45,956 - fewshot_modelnet_non_linear_classification - INFO - [Training] EPOCH: 65 EpochTime = 1.234 (s) Losses = ['0.0801', '100.0000'] lr = 0.000423
2023-09-26 12:50:47,441 - fewshot_modelnet_non_linear_classification - INFO - [Validation] EPOCH: 65  acc = 98.0000
2023-09-26 12:50:47,959 - fewshot_modelnet_non_linear_classification - INFO - Save checkpoint at ./experiments/fewshot_modelnet_non_linear_classification/cfgs/add_as_normal/ckpt-last.pth
2023-09-26 12:50:49,200 - fewshot_modelnet_non_linear_classification - INFO - [Training] EPOCH: 66 EpochTime = 1.240 (s) Losses = ['0.0861', '100.0000'] lr = 0.000416
2023-09-26 12:50:50,727 - fewshot_modelnet_non_linear_classification - INFO - [Validation] EPOCH: 66  acc = 98.5000
2023-09-26 12:50:51,400 - fewshot_modelnet_non_linear_classification - INFO - Save checkpoint at ./experiments/fewshot_modelnet_non_linear_classification/cfgs/add_as_normal/ckpt-last.pth
2023-09-26 12:50:52,790 - fewshot_modelnet_non_linear_classification - INFO - [Training] EPOCH: 67 EpochTime = 1.388 (s) Losses = ['0.1066', '100.0000'] lr = 0.000409
2023-09-26 12:50:54,268 - fewshot_modelnet_non_linear_classification - INFO - [Validation] EPOCH: 67  acc = 98.0000
2023-09-26 12:50:54,795 - fewshot_modelnet_non_linear_classification - INFO - Save checkpoint at ./experiments/fewshot_modelnet_non_linear_classification/cfgs/add_as_normal/ckpt-last.pth
2023-09-26 12:50:56,042 - fewshot_modelnet_non_linear_classification - INFO - [Training] EPOCH: 68 EpochTime = 1.245 (s) Losses = ['0.1073', '98.9583'] lr = 0.000402
2023-09-26 12:50:57,575 - fewshot_modelnet_non_linear_classification - INFO - [Validation] EPOCH: 68  acc = 98.0000
2023-09-26 12:50:58,115 - fewshot_modelnet_non_linear_classification - INFO - Save checkpoint at ./experiments/fewshot_modelnet_non_linear_classification/cfgs/add_as_normal/ckpt-last.pth
2023-09-26 12:50:59,383 - fewshot_modelnet_non_linear_classification - INFO - [Training] EPOCH: 69 EpochTime = 1.266 (s) Losses = ['0.0822', '100.0000'] lr = 0.000394
2023-09-26 12:51:00,875 - fewshot_modelnet_non_linear_classification - INFO - [Validation] EPOCH: 69  acc = 98.5000
2023-09-26 12:51:01,377 - fewshot_modelnet_non_linear_classification - INFO - Save checkpoint at ./experiments/fewshot_modelnet_non_linear_classification/cfgs/add_as_normal/ckpt-last.pth
2023-09-26 12:51:02,623 - fewshot_modelnet_non_linear_classification - INFO - [Training] EPOCH: 70 EpochTime = 1.244 (s) Losses = ['0.0722', '100.0000'] lr = 0.000387
2023-09-26 12:51:04,113 - fewshot_modelnet_non_linear_classification - INFO - [Validation] EPOCH: 70  acc = 98.5000
2023-09-26 12:51:04,584 - fewshot_modelnet_non_linear_classification - INFO - Save checkpoint at ./experiments/fewshot_modelnet_non_linear_classification/cfgs/add_as_normal/ckpt-last.pth
2023-09-26 12:51:05,803 - fewshot_modelnet_non_linear_classification - INFO - [Training] EPOCH: 71 EpochTime = 1.217 (s) Losses = ['0.1228', '98.9583'] lr = 0.000380
2023-09-26 12:51:07,261 - fewshot_modelnet_non_linear_classification - INFO - [Validation] EPOCH: 71  acc = 98.5000
2023-09-26 12:51:07,752 - fewshot_modelnet_non_linear_classification - INFO - Save checkpoint at ./experiments/fewshot_modelnet_non_linear_classification/cfgs/add_as_normal/ckpt-last.pth
2023-09-26 12:51:09,055 - fewshot_modelnet_non_linear_classification - INFO - [Training] EPOCH: 72 EpochTime = 1.301 (s) Losses = ['0.0712', '98.9583'] lr = 0.000372
2023-09-26 12:51:10,500 - fewshot_modelnet_non_linear_classification - INFO - [Validation] EPOCH: 72  acc = 98.5000
2023-09-26 12:51:10,955 - fewshot_modelnet_non_linear_classification - INFO - Save checkpoint at ./experiments/fewshot_modelnet_non_linear_classification/cfgs/add_as_normal/ckpt-last.pth
2023-09-26 12:51:12,299 - fewshot_modelnet_non_linear_classification - INFO - [Training] EPOCH: 73 EpochTime = 1.342 (s) Losses = ['0.0758', '100.0000'] lr = 0.000365
2023-09-26 12:51:13,831 - fewshot_modelnet_non_linear_classification - INFO - [Validation] EPOCH: 73  acc = 98.5000
2023-09-26 12:51:14,260 - fewshot_modelnet_non_linear_classification - INFO - Save checkpoint at ./experiments/fewshot_modelnet_non_linear_classification/cfgs/add_as_normal/ckpt-last.pth
2023-09-26 12:51:15,476 - fewshot_modelnet_non_linear_classification - INFO - [Training] EPOCH: 74 EpochTime = 1.214 (s) Losses = ['0.1205', '97.9167'] lr = 0.000358
2023-09-26 12:51:16,925 - fewshot_modelnet_non_linear_classification - INFO - [Validation] EPOCH: 74  acc = 98.5000
2023-09-26 12:51:17,432 - fewshot_modelnet_non_linear_classification - INFO - Save checkpoint at ./experiments/fewshot_modelnet_non_linear_classification/cfgs/add_as_normal/ckpt-last.pth
2023-09-26 12:51:18,754 - fewshot_modelnet_non_linear_classification - INFO - [Training] EPOCH: 75 EpochTime = 1.319 (s) Losses = ['0.0880', '100.0000'] lr = 0.000351
2023-09-26 12:51:20,236 - fewshot_modelnet_non_linear_classification - INFO - [Validation] EPOCH: 75  acc = 98.0000
2023-09-26 12:51:20,720 - fewshot_modelnet_non_linear_classification - INFO - Save checkpoint at ./experiments/fewshot_modelnet_non_linear_classification/cfgs/add_as_normal/ckpt-last.pth
2023-09-26 12:51:21,939 - fewshot_modelnet_non_linear_classification - INFO - [Training] EPOCH: 76 EpochTime = 1.217 (s) Losses = ['0.0821', '100.0000'] lr = 0.000343
2023-09-26 12:51:23,389 - fewshot_modelnet_non_linear_classification - INFO - [Validation] EPOCH: 76  acc = 98.0000
2023-09-26 12:51:23,902 - fewshot_modelnet_non_linear_classification - INFO - Save checkpoint at ./experiments/fewshot_modelnet_non_linear_classification/cfgs/add_as_normal/ckpt-last.pth
2023-09-26 12:51:25,186 - fewshot_modelnet_non_linear_classification - INFO - [Training] EPOCH: 77 EpochTime = 1.282 (s) Losses = ['0.0657', '100.0000'] lr = 0.000336
2023-09-26 12:51:26,680 - fewshot_modelnet_non_linear_classification - INFO - [Validation] EPOCH: 77  acc = 98.0000
2023-09-26 12:51:27,174 - fewshot_modelnet_non_linear_classification - INFO - Save checkpoint at ./experiments/fewshot_modelnet_non_linear_classification/cfgs/add_as_normal/ckpt-last.pth
2023-09-26 12:51:28,414 - fewshot_modelnet_non_linear_classification - INFO - [Training] EPOCH: 78 EpochTime = 1.238 (s) Losses = ['0.0782', '100.0000'] lr = 0.000329
2023-09-26 12:51:30,004 - fewshot_modelnet_non_linear_classification - INFO - [Validation] EPOCH: 78  acc = 98.0000
2023-09-26 12:51:30,441 - fewshot_modelnet_non_linear_classification - INFO - Save checkpoint at ./experiments/fewshot_modelnet_non_linear_classification/cfgs/add_as_normal/ckpt-last.pth
2023-09-26 12:51:31,697 - fewshot_modelnet_non_linear_classification - INFO - [Training] EPOCH: 79 EpochTime = 1.255 (s) Losses = ['0.0846', '100.0000'] lr = 0.000321
2023-09-26 12:51:33,145 - fewshot_modelnet_non_linear_classification - INFO - [Validation] EPOCH: 79  acc = 98.5000
2023-09-26 12:51:33,640 - fewshot_modelnet_non_linear_classification - INFO - Save checkpoint at ./experiments/fewshot_modelnet_non_linear_classification/cfgs/add_as_normal/ckpt-last.pth
2023-09-26 12:51:34,849 - fewshot_modelnet_non_linear_classification - INFO - [Training] EPOCH: 80 EpochTime = 1.208 (s) Losses = ['0.0936', '100.0000'] lr = 0.000314
2023-09-26 12:51:36,327 - fewshot_modelnet_non_linear_classification - INFO - [Validation] EPOCH: 80  acc = 98.5000
2023-09-26 12:51:36,816 - fewshot_modelnet_non_linear_classification - INFO - Save checkpoint at ./experiments/fewshot_modelnet_non_linear_classification/cfgs/add_as_normal/ckpt-last.pth
2023-09-26 12:51:38,059 - fewshot_modelnet_non_linear_classification - INFO - [Training] EPOCH: 81 EpochTime = 1.242 (s) Losses = ['0.0732', '100.0000'] lr = 0.000307
2023-09-26 12:51:39,494 - fewshot_modelnet_non_linear_classification - INFO - [Validation] EPOCH: 81  acc = 98.5000
2023-09-26 12:51:39,964 - fewshot_modelnet_non_linear_classification - INFO - Save checkpoint at ./experiments/fewshot_modelnet_non_linear_classification/cfgs/add_as_normal/ckpt-last.pth
2023-09-26 12:51:41,212 - fewshot_modelnet_non_linear_classification - INFO - [Training] EPOCH: 82 EpochTime = 1.246 (s) Losses = ['0.0613', '100.0000'] lr = 0.000299
2023-09-26 12:51:42,656 - fewshot_modelnet_non_linear_classification - INFO - [Validation] EPOCH: 82  acc = 98.5000
2023-09-26 12:51:43,129 - fewshot_modelnet_non_linear_classification - INFO - Save checkpoint at ./experiments/fewshot_modelnet_non_linear_classification/cfgs/add_as_normal/ckpt-last.pth
2023-09-26 12:51:44,390 - fewshot_modelnet_non_linear_classification - INFO - [Training] EPOCH: 83 EpochTime = 1.259 (s) Losses = ['0.0856', '100.0000'] lr = 0.000292
2023-09-26 12:51:45,959 - fewshot_modelnet_non_linear_classification - INFO - [Validation] EPOCH: 83  acc = 99.0000
2023-09-26 12:51:46,468 - fewshot_modelnet_non_linear_classification - INFO - Save checkpoint at ./experiments/fewshot_modelnet_non_linear_classification/cfgs/add_as_normal/ckpt-best.pth
2023-09-26 12:51:46,468 - fewshot_modelnet_non_linear_classification - INFO - --------------------------------------------------------------------------------------------
2023-09-26 12:51:46,924 - fewshot_modelnet_non_linear_classification - INFO - Save checkpoint at ./experiments/fewshot_modelnet_non_linear_classification/cfgs/add_as_normal/ckpt-last.pth
2023-09-26 12:51:48,163 - fewshot_modelnet_non_linear_classification - INFO - [Training] EPOCH: 84 EpochTime = 1.237 (s) Losses = ['0.0731', '100.0000'] lr = 0.000285
2023-09-26 12:51:49,622 - fewshot_modelnet_non_linear_classification - INFO - [Validation] EPOCH: 84  acc = 99.0000
2023-09-26 12:51:50,091 - fewshot_modelnet_non_linear_classification - INFO - Save checkpoint at ./experiments/fewshot_modelnet_non_linear_classification/cfgs/add_as_normal/ckpt-last.pth
2023-09-26 12:51:51,325 - fewshot_modelnet_non_linear_classification - INFO - [Training] EPOCH: 85 EpochTime = 1.231 (s) Losses = ['0.0517', '100.0000'] lr = 0.000278
2023-09-26 12:51:52,823 - fewshot_modelnet_non_linear_classification - INFO - [Validation] EPOCH: 85  acc = 99.0000
2023-09-26 12:51:53,308 - fewshot_modelnet_non_linear_classification - INFO - Save checkpoint at ./experiments/fewshot_modelnet_non_linear_classification/cfgs/add_as_normal/ckpt-last.pth
2023-09-26 12:51:54,683 - fewshot_modelnet_non_linear_classification - INFO - [Training] EPOCH: 86 EpochTime = 1.373 (s) Losses = ['0.0762', '100.0000'] lr = 0.000271
2023-09-26 12:51:56,200 - fewshot_modelnet_non_linear_classification - INFO - [Validation] EPOCH: 86  acc = 98.5000
2023-09-26 12:51:56,672 - fewshot_modelnet_non_linear_classification - INFO - Save checkpoint at ./experiments/fewshot_modelnet_non_linear_classification/cfgs/add_as_normal/ckpt-last.pth
2023-09-26 12:51:57,913 - fewshot_modelnet_non_linear_classification - INFO - [Training] EPOCH: 87 EpochTime = 1.240 (s) Losses = ['0.0915', '100.0000'] lr = 0.000264
2023-09-26 12:51:59,368 - fewshot_modelnet_non_linear_classification - INFO - [Validation] EPOCH: 87  acc = 99.0000
2023-09-26 12:51:59,808 - fewshot_modelnet_non_linear_classification - INFO - Save checkpoint at ./experiments/fewshot_modelnet_non_linear_classification/cfgs/add_as_normal/ckpt-last.pth
2023-09-26 12:52:01,046 - fewshot_modelnet_non_linear_classification - INFO - [Training] EPOCH: 88 EpochTime = 1.236 (s) Losses = ['0.0700', '100.0000'] lr = 0.000257
2023-09-26 12:52:02,480 - fewshot_modelnet_non_linear_classification - INFO - [Validation] EPOCH: 88  acc = 98.5000
2023-09-26 12:52:02,966 - fewshot_modelnet_non_linear_classification - INFO - Save checkpoint at ./experiments/fewshot_modelnet_non_linear_classification/cfgs/add_as_normal/ckpt-last.pth
2023-09-26 12:52:04,202 - fewshot_modelnet_non_linear_classification - INFO - [Training] EPOCH: 89 EpochTime = 1.234 (s) Losses = ['0.0571', '100.0000'] lr = 0.000249
2023-09-26 12:52:05,645 - fewshot_modelnet_non_linear_classification - INFO - [Validation] EPOCH: 89  acc = 98.0000
2023-09-26 12:52:06,057 - fewshot_modelnet_non_linear_classification - INFO - Save checkpoint at ./experiments/fewshot_modelnet_non_linear_classification/cfgs/add_as_normal/ckpt-last.pth
2023-09-26 12:52:07,307 - fewshot_modelnet_non_linear_classification - INFO - [Training] EPOCH: 90 EpochTime = 1.248 (s) Losses = ['0.0711', '98.9583'] lr = 0.000242
2023-09-26 12:52:08,747 - fewshot_modelnet_non_linear_classification - INFO - [Validation] EPOCH: 90  acc = 97.5000
2023-09-26 12:52:09,201 - fewshot_modelnet_non_linear_classification - INFO - Save checkpoint at ./experiments/fewshot_modelnet_non_linear_classification/cfgs/add_as_normal/ckpt-last.pth
2023-09-26 12:52:10,459 - fewshot_modelnet_non_linear_classification - INFO - [Training] EPOCH: 91 EpochTime = 1.256 (s) Losses = ['0.0758', '100.0000'] lr = 0.000236
2023-09-26 12:52:11,934 - fewshot_modelnet_non_linear_classification - INFO - [Validation] EPOCH: 91  acc = 98.0000
2023-09-26 12:52:12,400 - fewshot_modelnet_non_linear_classification - INFO - Save checkpoint at ./experiments/fewshot_modelnet_non_linear_classification/cfgs/add_as_normal/ckpt-last.pth
2023-09-26 12:52:13,636 - fewshot_modelnet_non_linear_classification - INFO - [Training] EPOCH: 92 EpochTime = 1.235 (s) Losses = ['0.0506', '100.0000'] lr = 0.000229
2023-09-26 12:52:15,132 - fewshot_modelnet_non_linear_classification - INFO - [Validation] EPOCH: 92  acc = 98.0000
2023-09-26 12:52:15,594 - fewshot_modelnet_non_linear_classification - INFO - Save checkpoint at ./experiments/fewshot_modelnet_non_linear_classification/cfgs/add_as_normal/ckpt-last.pth
2023-09-26 12:52:16,865 - fewshot_modelnet_non_linear_classification - INFO - [Training] EPOCH: 93 EpochTime = 1.270 (s) Losses = ['0.0716', '100.0000'] lr = 0.000222
2023-09-26 12:52:18,419 - fewshot_modelnet_non_linear_classification - INFO - [Validation] EPOCH: 93  acc = 97.5000
2023-09-26 12:52:18,915 - fewshot_modelnet_non_linear_classification - INFO - Save checkpoint at ./experiments/fewshot_modelnet_non_linear_classification/cfgs/add_as_normal/ckpt-last.pth
2023-09-26 12:52:20,156 - fewshot_modelnet_non_linear_classification - INFO - [Training] EPOCH: 94 EpochTime = 1.240 (s) Losses = ['0.0505', '100.0000'] lr = 0.000215
2023-09-26 12:52:21,635 - fewshot_modelnet_non_linear_classification - INFO - [Validation] EPOCH: 94  acc = 97.5000
2023-09-26 12:52:22,126 - fewshot_modelnet_non_linear_classification - INFO - Save checkpoint at ./experiments/fewshot_modelnet_non_linear_classification/cfgs/add_as_normal/ckpt-last.pth
2023-09-26 12:52:23,443 - fewshot_modelnet_non_linear_classification - INFO - [Training] EPOCH: 95 EpochTime = 1.315 (s) Losses = ['0.0462', '100.0000'] lr = 0.000208
2023-09-26 12:52:24,923 - fewshot_modelnet_non_linear_classification - INFO - [Validation] EPOCH: 95  acc = 97.5000
2023-09-26 12:52:25,388 - fewshot_modelnet_non_linear_classification - INFO - Save checkpoint at ./experiments/fewshot_modelnet_non_linear_classification/cfgs/add_as_normal/ckpt-last.pth
2023-09-26 12:52:26,682 - fewshot_modelnet_non_linear_classification - INFO - [Training] EPOCH: 96 EpochTime = 1.293 (s) Losses = ['0.0803', '98.9583'] lr = 0.000202
2023-09-26 12:52:28,138 - fewshot_modelnet_non_linear_classification - INFO - [Validation] EPOCH: 96  acc = 97.5000
2023-09-26 12:52:28,643 - fewshot_modelnet_non_linear_classification - INFO - Save checkpoint at ./experiments/fewshot_modelnet_non_linear_classification/cfgs/add_as_normal/ckpt-last.pth
2023-09-26 12:52:29,934 - fewshot_modelnet_non_linear_classification - INFO - [Training] EPOCH: 97 EpochTime = 1.288 (s) Losses = ['0.0558', '100.0000'] lr = 0.000195
2023-09-26 12:52:31,437 - fewshot_modelnet_non_linear_classification - INFO - [Validation] EPOCH: 97  acc = 97.5000
2023-09-26 12:52:31,892 - fewshot_modelnet_non_linear_classification - INFO - Save checkpoint at ./experiments/fewshot_modelnet_non_linear_classification/cfgs/add_as_normal/ckpt-last.pth
2023-09-26 12:52:33,209 - fewshot_modelnet_non_linear_classification - INFO - [Training] EPOCH: 98 EpochTime = 1.314 (s) Losses = ['0.0930', '100.0000'] lr = 0.000189
2023-09-26 12:52:34,791 - fewshot_modelnet_non_linear_classification - INFO - [Validation] EPOCH: 98  acc = 98.0000
2023-09-26 12:52:35,248 - fewshot_modelnet_non_linear_classification - INFO - Save checkpoint at ./experiments/fewshot_modelnet_non_linear_classification/cfgs/add_as_normal/ckpt-last.pth
2023-09-26 12:52:36,476 - fewshot_modelnet_non_linear_classification - INFO - [Training] EPOCH: 99 EpochTime = 1.226 (s) Losses = ['0.0671', '100.0000'] lr = 0.000182
2023-09-26 12:52:37,948 - fewshot_modelnet_non_linear_classification - INFO - [Validation] EPOCH: 99  acc = 98.0000
2023-09-26 12:52:38,444 - fewshot_modelnet_non_linear_classification - INFO - Save checkpoint at ./experiments/fewshot_modelnet_non_linear_classification/cfgs/add_as_normal/ckpt-last.pth
2023-09-26 12:52:39,689 - fewshot_modelnet_non_linear_classification - INFO - [Training] EPOCH: 100 EpochTime = 1.244 (s) Losses = ['0.0862', '100.0000'] lr = 0.000176
2023-09-26 12:52:41,186 - fewshot_modelnet_non_linear_classification - INFO - [Validation] EPOCH: 100  acc = 98.5000
2023-09-26 12:52:41,659 - fewshot_modelnet_non_linear_classification - INFO - Save checkpoint at ./experiments/fewshot_modelnet_non_linear_classification/cfgs/add_as_normal/ckpt-last.pth
2023-09-26 12:52:42,934 - fewshot_modelnet_non_linear_classification - INFO - [Training] EPOCH: 101 EpochTime = 1.273 (s) Losses = ['0.0761', '100.0000'] lr = 0.000169
2023-09-26 12:52:44,524 - fewshot_modelnet_non_linear_classification - INFO - [Validation] EPOCH: 101  acc = 98.5000
2023-09-26 12:52:44,996 - fewshot_modelnet_non_linear_classification - INFO - Save checkpoint at ./experiments/fewshot_modelnet_non_linear_classification/cfgs/add_as_normal/ckpt-last.pth
2023-09-26 12:52:46,371 - fewshot_modelnet_non_linear_classification - INFO - [Training] EPOCH: 102 EpochTime = 1.372 (s) Losses = ['0.0744', '100.0000'] lr = 0.000163
2023-09-26 12:52:47,864 - fewshot_modelnet_non_linear_classification - INFO - [Validation] EPOCH: 102  acc = 98.5000
2023-09-26 12:52:48,321 - fewshot_modelnet_non_linear_classification - INFO - Save checkpoint at ./experiments/fewshot_modelnet_non_linear_classification/cfgs/add_as_normal/ckpt-last.pth
2023-09-26 12:52:49,580 - fewshot_modelnet_non_linear_classification - INFO - [Training] EPOCH: 103 EpochTime = 1.257 (s) Losses = ['0.0610', '100.0000'] lr = 0.000157
2023-09-26 12:52:51,013 - fewshot_modelnet_non_linear_classification - INFO - [Validation] EPOCH: 103  acc = 98.5000
2023-09-26 12:52:51,496 - fewshot_modelnet_non_linear_classification - INFO - Save checkpoint at ./experiments/fewshot_modelnet_non_linear_classification/cfgs/add_as_normal/ckpt-last.pth
2023-09-26 12:52:52,751 - fewshot_modelnet_non_linear_classification - INFO - [Training] EPOCH: 104 EpochTime = 1.253 (s) Losses = ['0.0636', '100.0000'] lr = 0.000151
2023-09-26 12:52:54,253 - fewshot_modelnet_non_linear_classification - INFO - [Validation] EPOCH: 104  acc = 98.5000
2023-09-26 12:52:54,708 - fewshot_modelnet_non_linear_classification - INFO - Save checkpoint at ./experiments/fewshot_modelnet_non_linear_classification/cfgs/add_as_normal/ckpt-last.pth
2023-09-26 12:52:55,960 - fewshot_modelnet_non_linear_classification - INFO - [Training] EPOCH: 105 EpochTime = 1.251 (s) Losses = ['0.0684', '98.9583'] lr = 0.000145
2023-09-26 12:52:57,442 - fewshot_modelnet_non_linear_classification - INFO - [Validation] EPOCH: 105  acc = 98.5000
2023-09-26 12:52:57,911 - fewshot_modelnet_non_linear_classification - INFO - Save checkpoint at ./experiments/fewshot_modelnet_non_linear_classification/cfgs/add_as_normal/ckpt-last.pth
2023-09-26 12:52:59,157 - fewshot_modelnet_non_linear_classification - INFO - [Training] EPOCH: 106 EpochTime = 1.245 (s) Losses = ['0.0434', '100.0000'] lr = 0.000139
2023-09-26 12:53:00,632 - fewshot_modelnet_non_linear_classification - INFO - [Validation] EPOCH: 106  acc = 98.0000
2023-09-26 12:53:01,086 - fewshot_modelnet_non_linear_classification - INFO - Save checkpoint at ./experiments/fewshot_modelnet_non_linear_classification/cfgs/add_as_normal/ckpt-last.pth
2023-09-26 12:53:02,459 - fewshot_modelnet_non_linear_classification - INFO - [Training] EPOCH: 107 EpochTime = 1.370 (s) Losses = ['0.0511', '100.0000'] lr = 0.000133
2023-09-26 12:53:03,947 - fewshot_modelnet_non_linear_classification - INFO - [Validation] EPOCH: 107  acc = 98.5000
2023-09-26 12:53:04,408 - fewshot_modelnet_non_linear_classification - INFO - Save checkpoint at ./experiments/fewshot_modelnet_non_linear_classification/cfgs/add_as_normal/ckpt-last.pth
2023-09-26 12:53:05,650 - fewshot_modelnet_non_linear_classification - INFO - [Training] EPOCH: 108 EpochTime = 1.239 (s) Losses = ['0.0716', '100.0000'] lr = 0.000128
2023-09-26 12:53:07,096 - fewshot_modelnet_non_linear_classification - INFO - [Validation] EPOCH: 108  acc = 97.5000
2023-09-26 12:53:07,592 - fewshot_modelnet_non_linear_classification - INFO - Save checkpoint at ./experiments/fewshot_modelnet_non_linear_classification/cfgs/add_as_normal/ckpt-last.pth
2023-09-26 12:53:08,957 - fewshot_modelnet_non_linear_classification - INFO - [Training] EPOCH: 109 EpochTime = 1.364 (s) Losses = ['0.0582', '98.9583'] lr = 0.000122
2023-09-26 12:53:10,467 - fewshot_modelnet_non_linear_classification - INFO - [Validation] EPOCH: 109  acc = 98.0000
2023-09-26 12:53:10,974 - fewshot_modelnet_non_linear_classification - INFO - Save checkpoint at ./experiments/fewshot_modelnet_non_linear_classification/cfgs/add_as_normal/ckpt-last.pth
2023-09-26 12:53:12,194 - fewshot_modelnet_non_linear_classification - INFO - [Training] EPOCH: 110 EpochTime = 1.218 (s) Losses = ['0.0660', '100.0000'] lr = 0.000117
2023-09-26 12:53:13,792 - fewshot_modelnet_non_linear_classification - INFO - [Validation] EPOCH: 110  acc = 97.5000
2023-09-26 12:53:14,289 - fewshot_modelnet_non_linear_classification - INFO - Save checkpoint at ./experiments/fewshot_modelnet_non_linear_classification/cfgs/add_as_normal/ckpt-last.pth
2023-09-26 12:53:15,552 - fewshot_modelnet_non_linear_classification - INFO - [Training] EPOCH: 111 EpochTime = 1.260 (s) Losses = ['0.0527', '100.0000'] lr = 0.000111
2023-09-26 12:53:17,142 - fewshot_modelnet_non_linear_classification - INFO - [Validation] EPOCH: 111  acc = 98.0000
2023-09-26 12:53:17,633 - fewshot_modelnet_non_linear_classification - INFO - Save checkpoint at ./experiments/fewshot_modelnet_non_linear_classification/cfgs/add_as_normal/ckpt-last.pth
2023-09-26 12:53:18,853 - fewshot_modelnet_non_linear_classification - INFO - [Training] EPOCH: 112 EpochTime = 1.219 (s) Losses = ['0.0489', '100.0000'] lr = 0.000106
2023-09-26 12:53:20,340 - fewshot_modelnet_non_linear_classification - INFO - [Validation] EPOCH: 112  acc = 98.0000
2023-09-26 12:53:20,775 - fewshot_modelnet_non_linear_classification - INFO - Save checkpoint at ./experiments/fewshot_modelnet_non_linear_classification/cfgs/add_as_normal/ckpt-last.pth
2023-09-26 12:53:22,036 - fewshot_modelnet_non_linear_classification - INFO - [Training] EPOCH: 113 EpochTime = 1.259 (s) Losses = ['0.0566', '100.0000'] lr = 0.000101
2023-09-26 12:53:23,516 - fewshot_modelnet_non_linear_classification - INFO - [Validation] EPOCH: 113  acc = 98.0000
2023-09-26 12:53:24,038 - fewshot_modelnet_non_linear_classification - INFO - Save checkpoint at ./experiments/fewshot_modelnet_non_linear_classification/cfgs/add_as_normal/ckpt-last.pth
2023-09-26 12:53:25,355 - fewshot_modelnet_non_linear_classification - INFO - [Training] EPOCH: 114 EpochTime = 1.252 (s) Losses = ['0.0388', '100.0000'] lr = 0.000096
2023-09-26 12:53:26,904 - fewshot_modelnet_non_linear_classification - INFO - [Validation] EPOCH: 114  acc = 98.0000
2023-09-26 12:53:27,417 - fewshot_modelnet_non_linear_classification - INFO - Save checkpoint at ./experiments/fewshot_modelnet_non_linear_classification/cfgs/add_as_normal/ckpt-last.pth
2023-09-26 12:53:28,727 - fewshot_modelnet_non_linear_classification - INFO - [Training] EPOCH: 115 EpochTime = 1.308 (s) Losses = ['0.0612', '98.9583'] lr = 0.000091
2023-09-26 12:53:30,211 - fewshot_modelnet_non_linear_classification - INFO - [Validation] EPOCH: 115  acc = 98.0000
2023-09-26 12:53:30,684 - fewshot_modelnet_non_linear_classification - INFO - Save checkpoint at ./experiments/fewshot_modelnet_non_linear_classification/cfgs/add_as_normal/ckpt-last.pth
2023-09-26 12:53:31,924 - fewshot_modelnet_non_linear_classification - INFO - [Training] EPOCH: 116 EpochTime = 1.237 (s) Losses = ['0.0599', '100.0000'] lr = 0.000086
2023-09-26 12:53:33,378 - fewshot_modelnet_non_linear_classification - INFO - [Validation] EPOCH: 116  acc = 98.0000
2023-09-26 12:53:33,884 - fewshot_modelnet_non_linear_classification - INFO - Save checkpoint at ./experiments/fewshot_modelnet_non_linear_classification/cfgs/add_as_normal/ckpt-last.pth
2023-09-26 12:53:35,145 - fewshot_modelnet_non_linear_classification - INFO - [Training] EPOCH: 117 EpochTime = 1.260 (s) Losses = ['0.0632', '100.0000'] lr = 0.000081
2023-09-26 12:53:36,648 - fewshot_modelnet_non_linear_classification - INFO - [Validation] EPOCH: 117  acc = 98.0000
2023-09-26 12:53:37,097 - fewshot_modelnet_non_linear_classification - INFO - Save checkpoint at ./experiments/fewshot_modelnet_non_linear_classification/cfgs/add_as_normal/ckpt-last.pth
2023-09-26 12:53:38,377 - fewshot_modelnet_non_linear_classification - INFO - [Training] EPOCH: 118 EpochTime = 1.278 (s) Losses = ['0.0814', '100.0000'] lr = 0.000077
2023-09-26 12:53:39,806 - fewshot_modelnet_non_linear_classification - INFO - [Validation] EPOCH: 118  acc = 98.0000
2023-09-26 12:53:40,269 - fewshot_modelnet_non_linear_classification - INFO - Save checkpoint at ./experiments/fewshot_modelnet_non_linear_classification/cfgs/add_as_normal/ckpt-last.pth
2023-09-26 12:53:41,501 - fewshot_modelnet_non_linear_classification - INFO - [Training] EPOCH: 119 EpochTime = 1.230 (s) Losses = ['0.0616', '100.0000'] lr = 0.000072
2023-09-26 12:53:42,947 - fewshot_modelnet_non_linear_classification - INFO - [Validation] EPOCH: 119  acc = 98.0000
2023-09-26 12:53:43,476 - fewshot_modelnet_non_linear_classification - INFO - Save checkpoint at ./experiments/fewshot_modelnet_non_linear_classification/cfgs/add_as_normal/ckpt-last.pth
2023-09-26 12:53:44,774 - fewshot_modelnet_non_linear_classification - INFO - [Training] EPOCH: 120 EpochTime = 1.295 (s) Losses = ['0.0618', '100.0000'] lr = 0.000068
2023-09-26 12:53:46,240 - fewshot_modelnet_non_linear_classification - INFO - [Validation] EPOCH: 120  acc = 98.0000
2023-09-26 12:53:46,737 - fewshot_modelnet_non_linear_classification - INFO - Save checkpoint at ./experiments/fewshot_modelnet_non_linear_classification/cfgs/add_as_normal/ckpt-last.pth
2023-09-26 12:53:48,033 - fewshot_modelnet_non_linear_classification - INFO - [Training] EPOCH: 121 EpochTime = 1.294 (s) Losses = ['0.0636', '98.9583'] lr = 0.000064
2023-09-26 12:53:49,530 - fewshot_modelnet_non_linear_classification - INFO - [Validation] EPOCH: 121  acc = 98.0000
2023-09-26 12:53:49,935 - fewshot_modelnet_non_linear_classification - INFO - Save checkpoint at ./experiments/fewshot_modelnet_non_linear_classification/cfgs/add_as_normal/ckpt-last.pth
2023-09-26 12:53:51,184 - fewshot_modelnet_non_linear_classification - INFO - [Training] EPOCH: 122 EpochTime = 1.247 (s) Losses = ['0.0600', '100.0000'] lr = 0.000059
2023-09-26 12:53:52,699 - fewshot_modelnet_non_linear_classification - INFO - [Validation] EPOCH: 122  acc = 98.0000
2023-09-26 12:53:53,143 - fewshot_modelnet_non_linear_classification - INFO - Save checkpoint at ./experiments/fewshot_modelnet_non_linear_classification/cfgs/add_as_normal/ckpt-last.pth
2023-09-26 12:53:54,391 - fewshot_modelnet_non_linear_classification - INFO - [Training] EPOCH: 123 EpochTime = 1.247 (s) Losses = ['0.0537', '100.0000'] lr = 0.000055
2023-09-26 12:53:55,854 - fewshot_modelnet_non_linear_classification - INFO - [Validation] EPOCH: 123  acc = 98.0000
2023-09-26 12:53:56,343 - fewshot_modelnet_non_linear_classification - INFO - Save checkpoint at ./experiments/fewshot_modelnet_non_linear_classification/cfgs/add_as_normal/ckpt-last.pth
2023-09-26 12:53:57,579 - fewshot_modelnet_non_linear_classification - INFO - [Training] EPOCH: 124 EpochTime = 1.234 (s) Losses = ['0.0517', '100.0000'] lr = 0.000052
2023-09-26 12:53:59,022 - fewshot_modelnet_non_linear_classification - INFO - [Validation] EPOCH: 124  acc = 98.0000
2023-09-26 12:53:59,485 - fewshot_modelnet_non_linear_classification - INFO - Save checkpoint at ./experiments/fewshot_modelnet_non_linear_classification/cfgs/add_as_normal/ckpt-last.pth
2023-09-26 12:54:00,880 - fewshot_modelnet_non_linear_classification - INFO - [Training] EPOCH: 125 EpochTime = 1.393 (s) Losses = ['0.0434', '100.0000'] lr = 0.000048
2023-09-26 12:54:02,322 - fewshot_modelnet_non_linear_classification - INFO - [Validation] EPOCH: 125  acc = 98.0000
2023-09-26 12:54:02,800 - fewshot_modelnet_non_linear_classification - INFO - Save checkpoint at ./experiments/fewshot_modelnet_non_linear_classification/cfgs/add_as_normal/ckpt-last.pth
2023-09-26 12:54:04,031 - fewshot_modelnet_non_linear_classification - INFO - [Training] EPOCH: 126 EpochTime = 1.229 (s) Losses = ['0.0613', '100.0000'] lr = 0.000044
2023-09-26 12:54:05,494 - fewshot_modelnet_non_linear_classification - INFO - [Validation] EPOCH: 126  acc = 98.0000
2023-09-26 12:54:05,960 - fewshot_modelnet_non_linear_classification - INFO - Save checkpoint at ./experiments/fewshot_modelnet_non_linear_classification/cfgs/add_as_normal/ckpt-last.pth
2023-09-26 12:54:07,213 - fewshot_modelnet_non_linear_classification - INFO - [Training] EPOCH: 127 EpochTime = 1.252 (s) Losses = ['0.0593', '100.0000'] lr = 0.000041
2023-09-26 12:54:08,723 - fewshot_modelnet_non_linear_classification - INFO - [Validation] EPOCH: 127  acc = 98.0000
2023-09-26 12:54:09,249 - fewshot_modelnet_non_linear_classification - INFO - Save checkpoint at ./experiments/fewshot_modelnet_non_linear_classification/cfgs/add_as_normal/ckpt-last.pth
2023-09-26 12:54:10,525 - fewshot_modelnet_non_linear_classification - INFO - [Training] EPOCH: 128 EpochTime = 1.274 (s) Losses = ['0.0842', '100.0000'] lr = 0.000037
2023-09-26 12:54:12,041 - fewshot_modelnet_non_linear_classification - INFO - [Validation] EPOCH: 128  acc = 98.0000
2023-09-26 12:54:12,536 - fewshot_modelnet_non_linear_classification - INFO - Save checkpoint at ./experiments/fewshot_modelnet_non_linear_classification/cfgs/add_as_normal/ckpt-last.pth
2023-09-26 12:54:13,838 - fewshot_modelnet_non_linear_classification - INFO - [Training] EPOCH: 129 EpochTime = 1.301 (s) Losses = ['0.0701', '100.0000'] lr = 0.000034
2023-09-26 12:54:15,331 - fewshot_modelnet_non_linear_classification - INFO - [Validation] EPOCH: 129  acc = 97.5000
2023-09-26 12:54:15,794 - fewshot_modelnet_non_linear_classification - INFO - Save checkpoint at ./experiments/fewshot_modelnet_non_linear_classification/cfgs/add_as_normal/ckpt-last.pth
2023-09-26 12:54:17,039 - fewshot_modelnet_non_linear_classification - INFO - [Training] EPOCH: 130 EpochTime = 1.243 (s) Losses = ['0.0756', '97.9167'] lr = 0.000031
2023-09-26 12:54:18,503 - fewshot_modelnet_non_linear_classification - INFO - [Validation] EPOCH: 130  acc = 98.0000
2023-09-26 12:54:18,923 - fewshot_modelnet_non_linear_classification - INFO - Save checkpoint at ./experiments/fewshot_modelnet_non_linear_classification/cfgs/add_as_normal/ckpt-last.pth
2023-09-26 12:54:20,158 - fewshot_modelnet_non_linear_classification - INFO - [Training] EPOCH: 131 EpochTime = 1.234 (s) Losses = ['0.0454', '100.0000'] lr = 0.000028
2023-09-26 12:54:21,615 - fewshot_modelnet_non_linear_classification - INFO - [Validation] EPOCH: 131  acc = 98.0000
2023-09-26 12:54:22,109 - fewshot_modelnet_non_linear_classification - INFO - Save checkpoint at ./experiments/fewshot_modelnet_non_linear_classification/cfgs/add_as_normal/ckpt-last.pth
2023-09-26 12:54:23,353 - fewshot_modelnet_non_linear_classification - INFO - [Training] EPOCH: 132 EpochTime = 1.241 (s) Losses = ['0.0538', '100.0000'] lr = 0.000026
2023-09-26 12:54:24,856 - fewshot_modelnet_non_linear_classification - INFO - [Validation] EPOCH: 132  acc = 98.0000
2023-09-26 12:54:25,325 - fewshot_modelnet_non_linear_classification - INFO - Save checkpoint at ./experiments/fewshot_modelnet_non_linear_classification/cfgs/add_as_normal/ckpt-last.pth
2023-09-26 12:54:26,608 - fewshot_modelnet_non_linear_classification - INFO - [Training] EPOCH: 133 EpochTime = 1.280 (s) Losses = ['0.0510', '100.0000'] lr = 0.000023
2023-09-26 12:54:28,078 - fewshot_modelnet_non_linear_classification - INFO - [Validation] EPOCH: 133  acc = 98.0000
2023-09-26 12:54:28,557 - fewshot_modelnet_non_linear_classification - INFO - Save checkpoint at ./experiments/fewshot_modelnet_non_linear_classification/cfgs/add_as_normal/ckpt-last.pth
2023-09-26 12:54:29,784 - fewshot_modelnet_non_linear_classification - INFO - [Training] EPOCH: 134 EpochTime = 1.225 (s) Losses = ['0.0544', '100.0000'] lr = 0.000020
2023-09-26 12:54:31,264 - fewshot_modelnet_non_linear_classification - INFO - [Validation] EPOCH: 134  acc = 98.0000
2023-09-26 12:54:31,734 - fewshot_modelnet_non_linear_classification - INFO - Save checkpoint at ./experiments/fewshot_modelnet_non_linear_classification/cfgs/add_as_normal/ckpt-last.pth
2023-09-26 12:54:33,016 - fewshot_modelnet_non_linear_classification - INFO - [Training] EPOCH: 135 EpochTime = 1.280 (s) Losses = ['0.0428', '100.0000'] lr = 0.000018
2023-09-26 12:54:34,484 - fewshot_modelnet_non_linear_classification - INFO - [Validation] EPOCH: 135  acc = 98.0000
2023-09-26 12:54:34,952 - fewshot_modelnet_non_linear_classification - INFO - Save checkpoint at ./experiments/fewshot_modelnet_non_linear_classification/cfgs/add_as_normal/ckpt-last.pth
2023-09-26 12:54:36,229 - fewshot_modelnet_non_linear_classification - INFO - [Training] EPOCH: 136 EpochTime = 1.275 (s) Losses = ['0.0654', '100.0000'] lr = 0.000016
2023-09-26 12:54:37,716 - fewshot_modelnet_non_linear_classification - INFO - [Validation] EPOCH: 136  acc = 97.5000
2023-09-26 12:54:38,197 - fewshot_modelnet_non_linear_classification - INFO - Save checkpoint at ./experiments/fewshot_modelnet_non_linear_classification/cfgs/add_as_normal/ckpt-last.pth
2023-09-26 12:54:39,453 - fewshot_modelnet_non_linear_classification - INFO - [Training] EPOCH: 137 EpochTime = 1.254 (s) Losses = ['0.0477', '100.0000'] lr = 0.000014
2023-09-26 12:54:40,914 - fewshot_modelnet_non_linear_classification - INFO - [Validation] EPOCH: 137  acc = 97.5000
2023-09-26 12:54:41,396 - fewshot_modelnet_non_linear_classification - INFO - Save checkpoint at ./experiments/fewshot_modelnet_non_linear_classification/cfgs/add_as_normal/ckpt-last.pth
2023-09-26 12:54:42,662 - fewshot_modelnet_non_linear_classification - INFO - [Training] EPOCH: 138 EpochTime = 1.264 (s) Losses = ['0.0694', '100.0000'] lr = 0.000012
2023-09-26 12:54:44,169 - fewshot_modelnet_non_linear_classification - INFO - [Validation] EPOCH: 138  acc = 97.5000
2023-09-26 12:54:44,629 - fewshot_modelnet_non_linear_classification - INFO - Save checkpoint at ./experiments/fewshot_modelnet_non_linear_classification/cfgs/add_as_normal/ckpt-last.pth
2023-09-26 12:54:45,902 - fewshot_modelnet_non_linear_classification - INFO - [Training] EPOCH: 139 EpochTime = 1.272 (s) Losses = ['0.0559', '100.0000'] lr = 0.000010
2023-09-26 12:54:47,386 - fewshot_modelnet_non_linear_classification - INFO - [Validation] EPOCH: 139  acc = 97.5000
2023-09-26 12:54:47,890 - fewshot_modelnet_non_linear_classification - INFO - Save checkpoint at ./experiments/fewshot_modelnet_non_linear_classification/cfgs/add_as_normal/ckpt-last.pth
2023-09-26 12:54:49,136 - fewshot_modelnet_non_linear_classification - INFO - [Training] EPOCH: 140 EpochTime = 1.244 (s) Losses = ['0.0463', '100.0000'] lr = 0.000009
2023-09-26 12:54:50,579 - fewshot_modelnet_non_linear_classification - INFO - [Validation] EPOCH: 140  acc = 97.5000
2023-09-26 12:54:51,100 - fewshot_modelnet_non_linear_classification - INFO - Save checkpoint at ./experiments/fewshot_modelnet_non_linear_classification/cfgs/add_as_normal/ckpt-last.pth
2023-09-26 12:54:52,383 - fewshot_modelnet_non_linear_classification - INFO - [Training] EPOCH: 141 EpochTime = 1.282 (s) Losses = ['0.0661', '100.0000'] lr = 0.000007
2023-09-26 12:54:53,860 - fewshot_modelnet_non_linear_classification - INFO - [Validation] EPOCH: 141  acc = 97.5000
2023-09-26 12:54:54,340 - fewshot_modelnet_non_linear_classification - INFO - Save checkpoint at ./experiments/fewshot_modelnet_non_linear_classification/cfgs/add_as_normal/ckpt-last.pth
2023-09-26 12:54:54,802 - fewshot_modelnet_non_linear_classification - INFO - Save checkpoint at ./experiments/fewshot_modelnet_non_linear_classification/cfgs/add_as_normal/ckpt-epoch-141.pth
2023-09-26 12:54:56,141 - fewshot_modelnet_non_linear_classification - INFO - [Training] EPOCH: 142 EpochTime = 1.338 (s) Losses = ['0.0498', '100.0000'] lr = 0.000006
2023-09-26 12:54:57,588 - fewshot_modelnet_non_linear_classification - INFO - [Validation] EPOCH: 142  acc = 98.0000
2023-09-26 12:54:58,077 - fewshot_modelnet_non_linear_classification - INFO - Save checkpoint at ./experiments/fewshot_modelnet_non_linear_classification/cfgs/add_as_normal/ckpt-last.pth
2023-09-26 12:54:58,528 - fewshot_modelnet_non_linear_classification - INFO - Save checkpoint at ./experiments/fewshot_modelnet_non_linear_classification/cfgs/add_as_normal/ckpt-epoch-142.pth
2023-09-26 12:54:59,787 - fewshot_modelnet_non_linear_classification - INFO - [Training] EPOCH: 143 EpochTime = 1.257 (s) Losses = ['0.0739', '98.9583'] lr = 0.000005
2023-09-26 12:55:01,270 - fewshot_modelnet_non_linear_classification - INFO - [Validation] EPOCH: 143  acc = 98.0000
2023-09-26 12:55:01,735 - fewshot_modelnet_non_linear_classification - INFO - Save checkpoint at ./experiments/fewshot_modelnet_non_linear_classification/cfgs/add_as_normal/ckpt-last.pth
2023-09-26 12:55:02,181 - fewshot_modelnet_non_linear_classification - INFO - Save checkpoint at ./experiments/fewshot_modelnet_non_linear_classification/cfgs/add_as_normal/ckpt-epoch-143.pth
2023-09-26 12:55:03,420 - fewshot_modelnet_non_linear_classification - INFO - [Training] EPOCH: 144 EpochTime = 1.238 (s) Losses = ['0.0519', '100.0000'] lr = 0.000004
2023-09-26 12:55:04,888 - fewshot_modelnet_non_linear_classification - INFO - [Validation] EPOCH: 144  acc = 98.0000
2023-09-26 12:55:05,344 - fewshot_modelnet_non_linear_classification - INFO - Save checkpoint at ./experiments/fewshot_modelnet_non_linear_classification/cfgs/add_as_normal/ckpt-last.pth
2023-09-26 12:55:05,787 - fewshot_modelnet_non_linear_classification - INFO - Save checkpoint at ./experiments/fewshot_modelnet_non_linear_classification/cfgs/add_as_normal/ckpt-epoch-144.pth
2023-09-26 12:55:07,063 - fewshot_modelnet_non_linear_classification - INFO - [Training] EPOCH: 145 EpochTime = 1.274 (s) Losses = ['0.0524', '100.0000'] lr = 0.000003
2023-09-26 12:55:08,502 - fewshot_modelnet_non_linear_classification - INFO - [Validation] EPOCH: 145  acc = 98.0000
2023-09-26 12:55:08,994 - fewshot_modelnet_non_linear_classification - INFO - Save checkpoint at ./experiments/fewshot_modelnet_non_linear_classification/cfgs/add_as_normal/ckpt-last.pth
2023-09-26 12:55:09,454 - fewshot_modelnet_non_linear_classification - INFO - Save checkpoint at ./experiments/fewshot_modelnet_non_linear_classification/cfgs/add_as_normal/ckpt-epoch-145.pth
2023-09-26 12:55:10,666 - fewshot_modelnet_non_linear_classification - INFO - [Training] EPOCH: 146 EpochTime = 1.210 (s) Losses = ['0.0487', '100.0000'] lr = 0.000002
2023-09-26 12:55:12,128 - fewshot_modelnet_non_linear_classification - INFO - [Validation] EPOCH: 146  acc = 98.0000
2023-09-26 12:55:12,638 - fewshot_modelnet_non_linear_classification - INFO - Save checkpoint at ./experiments/fewshot_modelnet_non_linear_classification/cfgs/add_as_normal/ckpt-last.pth
2023-09-26 12:55:13,124 - fewshot_modelnet_non_linear_classification - INFO - Save checkpoint at ./experiments/fewshot_modelnet_non_linear_classification/cfgs/add_as_normal/ckpt-epoch-146.pth
2023-09-26 12:55:14,368 - fewshot_modelnet_non_linear_classification - INFO - [Training] EPOCH: 147 EpochTime = 1.242 (s) Losses = ['0.0411', '100.0000'] lr = 0.000002
2023-09-26 12:55:15,885 - fewshot_modelnet_non_linear_classification - INFO - [Validation] EPOCH: 147  acc = 98.0000
2023-09-26 12:55:16,355 - fewshot_modelnet_non_linear_classification - INFO - Save checkpoint at ./experiments/fewshot_modelnet_non_linear_classification/cfgs/add_as_normal/ckpt-last.pth
2023-09-26 12:55:16,822 - fewshot_modelnet_non_linear_classification - INFO - Save checkpoint at ./experiments/fewshot_modelnet_non_linear_classification/cfgs/add_as_normal/ckpt-epoch-147.pth
2023-09-26 12:55:18,040 - fewshot_modelnet_non_linear_classification - INFO - [Training] EPOCH: 148 EpochTime = 1.216 (s) Losses = ['0.0717', '100.0000'] lr = 0.000001
2023-09-26 12:55:19,485 - fewshot_modelnet_non_linear_classification - INFO - [Validation] EPOCH: 148  acc = 98.0000
2023-09-26 12:55:20,004 - fewshot_modelnet_non_linear_classification - INFO - Save checkpoint at ./experiments/fewshot_modelnet_non_linear_classification/cfgs/add_as_normal/ckpt-last.pth
2023-09-26 12:55:20,525 - fewshot_modelnet_non_linear_classification - INFO - Save checkpoint at ./experiments/fewshot_modelnet_non_linear_classification/cfgs/add_as_normal/ckpt-epoch-148.pth
2023-09-26 12:55:21,876 - fewshot_modelnet_non_linear_classification - INFO - [Training] EPOCH: 149 EpochTime = 1.350 (s) Losses = ['0.0626', '100.0000'] lr = 0.000001
2023-09-26 12:55:23,533 - fewshot_modelnet_non_linear_classification - INFO - [Validation] EPOCH: 149  acc = 97.5000
2023-09-26 12:55:24,004 - fewshot_modelnet_non_linear_classification - INFO - Save checkpoint at ./experiments/fewshot_modelnet_non_linear_classification/cfgs/add_as_normal/ckpt-last.pth
2023-09-26 12:55:24,473 - fewshot_modelnet_non_linear_classification - INFO - Save checkpoint at ./experiments/fewshot_modelnet_non_linear_classification/cfgs/add_as_normal/ckpt-epoch-149.pth
2023-09-26 12:55:25,709 - fewshot_modelnet_non_linear_classification - INFO - [Training] EPOCH: 150 EpochTime = 1.234 (s) Losses = ['0.0438', '100.0000'] lr = 0.000001
2023-09-26 12:55:27,192 - fewshot_modelnet_non_linear_classification - INFO - [Validation] EPOCH: 150  acc = 98.0000
2023-09-26 12:55:27,685 - fewshot_modelnet_non_linear_classification - INFO - Save checkpoint at ./experiments/fewshot_modelnet_non_linear_classification/cfgs/add_as_normal/ckpt-last.pth
2023-09-26 12:55:28,120 - fewshot_modelnet_non_linear_classification - INFO - Save checkpoint at ./experiments/fewshot_modelnet_non_linear_classification/cfgs/add_as_normal/ckpt-epoch-150.pth
