2023-09-26 11:54:20,922 - fewshot_modelnet_non_linear_classification - INFO - Copy the Config file from cfgs/fewshot_modelnet_non_linear_classification.yaml to ./experiments/fewshot_modelnet_non_linear_classification/cfgs/add_as_normal/config.yaml
2023-09-26 11:54:20,922 - fewshot_modelnet_non_linear_classification - INFO - args.config : cfgs/fewshot_modelnet_non_linear_classification.yaml
2023-09-26 11:54:20,922 - fewshot_modelnet_non_linear_classification - INFO - args.launcher : none
2023-09-26 11:54:20,922 - fewshot_modelnet_non_linear_classification - INFO - args.local_rank : 0
2023-09-26 11:54:20,922 - fewshot_modelnet_non_linear_classification - INFO - args.num_workers : 8
2023-09-26 11:54:20,922 - fewshot_modelnet_non_linear_classification - INFO - args.seed : 0
2023-09-26 11:54:20,922 - fewshot_modelnet_non_linear_classification - INFO - args.deterministic : False
2023-09-26 11:54:20,922 - fewshot_modelnet_non_linear_classification - INFO - args.sync_bn : True
2023-09-26 11:54:20,923 - fewshot_modelnet_non_linear_classification - INFO - args.update_weights_every : 1
2023-09-26 11:54:20,923 - fewshot_modelnet_non_linear_classification - INFO - args.main_task : 0
2023-09-26 11:54:20,923 - fewshot_modelnet_non_linear_classification - INFO - args.nashmtl_optim_niter : 20
2023-09-26 11:54:20,923 - fewshot_modelnet_non_linear_classification - INFO - args.c : 0.4
2023-09-26 11:54:20,923 - fewshot_modelnet_non_linear_classification - INFO - args.dwa_temp : 2.0
2023-09-26 11:54:20,923 - fewshot_modelnet_non_linear_classification - INFO - args.method_params_lr : 0.025
2023-09-26 11:54:20,923 - fewshot_modelnet_non_linear_classification - INFO - args.method : nashmtl
2023-09-26 11:54:20,923 - fewshot_modelnet_non_linear_classification - INFO - args.gpu : 5
2023-09-26 11:54:20,923 - fewshot_modelnet_non_linear_classification - INFO - args.large_group : 5
2023-09-26 11:54:20,923 - fewshot_modelnet_non_linear_classification - INFO - args.small_group : 10
2023-09-26 11:54:20,923 - fewshot_modelnet_non_linear_classification - INFO - args.large_patch : 6
2023-09-26 11:54:20,923 - fewshot_modelnet_non_linear_classification - INFO - args.small_patch : 3
2023-09-26 11:54:20,923 - fewshot_modelnet_non_linear_classification - INFO - args.queue_length : 8192
2023-09-26 11:54:20,923 - fewshot_modelnet_non_linear_classification - INFO - args.epoch_queue_starts : 10
2023-09-26 11:54:20,923 - fewshot_modelnet_non_linear_classification - INFO - args.nmb_crops : [5, 10]
2023-09-26 11:54:20,923 - fewshot_modelnet_non_linear_classification - INFO - args.fea_dim : 384
2023-09-26 11:54:20,923 - fewshot_modelnet_non_linear_classification - INFO - args.hidden_mlp : 256
2023-09-26 11:54:20,923 - fewshot_modelnet_non_linear_classification - INFO - args.output_dim : 128
2023-09-26 11:54:20,923 - fewshot_modelnet_non_linear_classification - INFO - args.nmb_prototypes : 200
2023-09-26 11:54:20,923 - fewshot_modelnet_non_linear_classification - INFO - args.temperature : 0.1
2023-09-26 11:54:20,923 - fewshot_modelnet_non_linear_classification - INFO - args.epsilon : 0.05
2023-09-26 11:54:20,923 - fewshot_modelnet_non_linear_classification - INFO - args.sinkhorn_iterations : 3
2023-09-26 11:54:20,924 - fewshot_modelnet_non_linear_classification - INFO - args.world_size : 1
2023-09-26 11:54:20,924 - fewshot_modelnet_non_linear_classification - INFO - args.exp_name : add_as_normal
2023-09-26 11:54:20,924 - fewshot_modelnet_non_linear_classification - INFO - args.loss : cd1
2023-09-26 11:54:20,924 - fewshot_modelnet_non_linear_classification - INFO - args.start_ckpts : None
2023-09-26 11:54:20,924 - fewshot_modelnet_non_linear_classification - INFO - args.ckpts : ./experiments/pretrain_MaskSurf/cfgs/add_as_normal/ckpt-last.pth
2023-09-26 11:54:20,924 - fewshot_modelnet_non_linear_classification - INFO - args.val_freq : 1
2023-09-26 11:54:20,924 - fewshot_modelnet_non_linear_classification - INFO - args.vote : False
2023-09-26 11:54:20,924 - fewshot_modelnet_non_linear_classification - INFO - args.resume : False
2023-09-26 11:54:20,924 - fewshot_modelnet_non_linear_classification - INFO - args.test : False
2023-09-26 11:54:20,924 - fewshot_modelnet_non_linear_classification - INFO - args.finetune_model : True
2023-09-26 11:54:20,924 - fewshot_modelnet_non_linear_classification - INFO - args.scratch_model : False
2023-09-26 11:54:20,924 - fewshot_modelnet_non_linear_classification - INFO - args.mode : None
2023-09-26 11:54:20,924 - fewshot_modelnet_non_linear_classification - INFO - args.way : 10
2023-09-26 11:54:20,924 - fewshot_modelnet_non_linear_classification - INFO - args.shot : 10
2023-09-26 11:54:20,924 - fewshot_modelnet_non_linear_classification - INFO - args.fold : 2
2023-09-26 11:54:20,924 - fewshot_modelnet_non_linear_classification - INFO - args.experiment_path : ./experiments/fewshot_modelnet_non_linear_classification/cfgs/add_as_normal
2023-09-26 11:54:20,924 - fewshot_modelnet_non_linear_classification - INFO - args.tfboard_path : ./experiments/fewshot_modelnet_non_linear_classification/cfgs/TFBoard/add_as_normal
2023-09-26 11:54:20,924 - fewshot_modelnet_non_linear_classification - INFO - args.log_name : fewshot_modelnet_non_linear_classification
2023-09-26 11:54:20,924 - fewshot_modelnet_non_linear_classification - INFO - args.use_gpu : True
2023-09-26 11:54:20,924 - fewshot_modelnet_non_linear_classification - INFO - args.distributed : False
2023-09-26 11:54:20,924 - fewshot_modelnet_non_linear_classification - INFO - config.optimizer = edict()
2023-09-26 11:54:20,924 - fewshot_modelnet_non_linear_classification - INFO - config.optimizer.type : AdamW
2023-09-26 11:54:20,925 - fewshot_modelnet_non_linear_classification - INFO - config.optimizer.part : only_new
2023-09-26 11:54:20,925 - fewshot_modelnet_non_linear_classification - INFO - config.optimizer.kwargs = edict()
2023-09-26 11:54:20,925 - fewshot_modelnet_non_linear_classification - INFO - config.optimizer.kwargs.lr : 0.0007
2023-09-26 11:54:20,925 - fewshot_modelnet_non_linear_classification - INFO - config.optimizer.kwargs.weight_decay : 0.05
2023-09-26 11:54:20,925 - fewshot_modelnet_non_linear_classification - INFO - config.scheduler = edict()
2023-09-26 11:54:20,925 - fewshot_modelnet_non_linear_classification - INFO - config.scheduler.type : CosLR
2023-09-26 11:54:20,925 - fewshot_modelnet_non_linear_classification - INFO - config.scheduler.kwargs = edict()
2023-09-26 11:54:20,925 - fewshot_modelnet_non_linear_classification - INFO - config.scheduler.kwargs.epochs : 150
2023-09-26 11:54:20,925 - fewshot_modelnet_non_linear_classification - INFO - config.scheduler.kwargs.initial_epochs : 10
2023-09-26 11:54:20,925 - fewshot_modelnet_non_linear_classification - INFO - config.dataset = edict()
2023-09-26 11:54:20,925 - fewshot_modelnet_non_linear_classification - INFO - config.dataset.train = edict()
2023-09-26 11:54:20,925 - fewshot_modelnet_non_linear_classification - INFO - config.dataset.train._base_ = edict()
2023-09-26 11:54:20,925 - fewshot_modelnet_non_linear_classification - INFO - config.dataset.train._base_.NAME : ModelNetFewShot
2023-09-26 11:54:20,925 - fewshot_modelnet_non_linear_classification - INFO - config.dataset.train._base_.DATA_PATH : data/ModelNetFewshot
2023-09-26 11:54:20,925 - fewshot_modelnet_non_linear_classification - INFO - config.dataset.train._base_.N_POINTS : 8192
2023-09-26 11:54:20,925 - fewshot_modelnet_non_linear_classification - INFO - config.dataset.train._base_.NUM_CATEGORY : 40
2023-09-26 11:54:20,925 - fewshot_modelnet_non_linear_classification - INFO - config.dataset.train._base_.USE_NORMALS : False
2023-09-26 11:54:20,925 - fewshot_modelnet_non_linear_classification - INFO - config.dataset.train.others = edict()
2023-09-26 11:54:20,925 - fewshot_modelnet_non_linear_classification - INFO - config.dataset.train.others.subset : train
2023-09-26 11:54:20,925 - fewshot_modelnet_non_linear_classification - INFO - config.dataset.train.others.bs : 32
2023-09-26 11:54:20,925 - fewshot_modelnet_non_linear_classification - INFO - config.dataset.val = edict()
2023-09-26 11:54:20,926 - fewshot_modelnet_non_linear_classification - INFO - config.dataset.val._base_ = edict()
2023-09-26 11:54:20,926 - fewshot_modelnet_non_linear_classification - INFO - config.dataset.val._base_.NAME : ModelNetFewShot
2023-09-26 11:54:20,926 - fewshot_modelnet_non_linear_classification - INFO - config.dataset.val._base_.DATA_PATH : data/ModelNetFewshot
2023-09-26 11:54:20,926 - fewshot_modelnet_non_linear_classification - INFO - config.dataset.val._base_.N_POINTS : 8192
2023-09-26 11:54:20,926 - fewshot_modelnet_non_linear_classification - INFO - config.dataset.val._base_.NUM_CATEGORY : 40
2023-09-26 11:54:20,926 - fewshot_modelnet_non_linear_classification - INFO - config.dataset.val._base_.USE_NORMALS : False
2023-09-26 11:54:20,926 - fewshot_modelnet_non_linear_classification - INFO - config.dataset.val.others = edict()
2023-09-26 11:54:20,926 - fewshot_modelnet_non_linear_classification - INFO - config.dataset.val.others.subset : test
2023-09-26 11:54:20,926 - fewshot_modelnet_non_linear_classification - INFO - config.dataset.val.others.bs : 64
2023-09-26 11:54:20,926 - fewshot_modelnet_non_linear_classification - INFO - config.dataset.test = edict()
2023-09-26 11:54:20,926 - fewshot_modelnet_non_linear_classification - INFO - config.dataset.test._base_ = edict()
2023-09-26 11:54:20,926 - fewshot_modelnet_non_linear_classification - INFO - config.dataset.test._base_.NAME : ModelNet
2023-09-26 11:54:20,926 - fewshot_modelnet_non_linear_classification - INFO - config.dataset.test._base_.DATA_PATH : data/ModelNet/modelnet40_normal_resampled
2023-09-26 11:54:20,926 - fewshot_modelnet_non_linear_classification - INFO - config.dataset.test._base_.N_POINTS : 8192
2023-09-26 11:54:20,926 - fewshot_modelnet_non_linear_classification - INFO - config.dataset.test._base_.NUM_CATEGORY : 40
2023-09-26 11:54:20,926 - fewshot_modelnet_non_linear_classification - INFO - config.dataset.test._base_.USE_NORMALS : False
2023-09-26 11:54:20,926 - fewshot_modelnet_non_linear_classification - INFO - config.dataset.test.others = edict()
2023-09-26 11:54:20,926 - fewshot_modelnet_non_linear_classification - INFO - config.dataset.test.others.subset : test
2023-09-26 11:54:20,926 - fewshot_modelnet_non_linear_classification - INFO - config.dataset.test.others.bs : 32
2023-09-26 11:54:20,926 - fewshot_modelnet_non_linear_classification - INFO - config.model = edict()
2023-09-26 11:54:20,926 - fewshot_modelnet_non_linear_classification - INFO - config.model.NAME : PointTransformer
2023-09-26 11:54:20,927 - fewshot_modelnet_non_linear_classification - INFO - config.model.trans_dim : 384
2023-09-26 11:54:20,927 - fewshot_modelnet_non_linear_classification - INFO - config.model.depth : 12
2023-09-26 11:54:20,927 - fewshot_modelnet_non_linear_classification - INFO - config.model.drop_path_rate : 0.1
2023-09-26 11:54:20,927 - fewshot_modelnet_non_linear_classification - INFO - config.model.cls_dim : 40
2023-09-26 11:54:20,927 - fewshot_modelnet_non_linear_classification - INFO - config.model.num_heads : 6
2023-09-26 11:54:20,927 - fewshot_modelnet_non_linear_classification - INFO - config.model.group_size : 32
2023-09-26 11:54:20,927 - fewshot_modelnet_non_linear_classification - INFO - config.model.num_group : 64
2023-09-26 11:54:20,927 - fewshot_modelnet_non_linear_classification - INFO - config.model.encoder_dims : 384
2023-09-26 11:54:20,927 - fewshot_modelnet_non_linear_classification - INFO - config.npoints : 1024
2023-09-26 11:54:20,927 - fewshot_modelnet_non_linear_classification - INFO - config.total_bs : 32
2023-09-26 11:54:20,927 - fewshot_modelnet_non_linear_classification - INFO - config.step_per_update : 1
2023-09-26 11:54:20,927 - fewshot_modelnet_non_linear_classification - INFO - config.max_epoch : 150
2023-09-26 11:54:20,927 - fewshot_modelnet_non_linear_classification - INFO - config.grad_norm_clip : 10
2023-09-26 11:54:20,927 - fewshot_modelnet_non_linear_classification - INFO - Distributed training: False
2023-09-26 11:54:20,927 - fewshot_modelnet_non_linear_classification - INFO - Set random seed to 0, deterministic: False
2023-09-26 11:54:23,025 - fewshot_modelnet_non_linear_classification - INFO - Using Data parallel ...
2023-09-26 11:54:27,958 - fewshot_modelnet_non_linear_classification - INFO - [Training] EPOCH: 0 EpochTime = 4.929 (s) Losses = ['3.7676', '2.0833'] lr = 0.000001
2023-09-26 11:54:28,449 - fewshot_modelnet_non_linear_classification - INFO - Save checkpoint at ./experiments/fewshot_modelnet_non_linear_classification/cfgs/add_as_normal/ckpt-last.pth
2023-09-26 11:54:29,830 - fewshot_modelnet_non_linear_classification - INFO - [Training] EPOCH: 1 EpochTime = 1.379 (s) Losses = ['3.7436', '0.0000'] lr = 0.000071
2023-09-26 11:54:31,917 - fewshot_modelnet_non_linear_classification - INFO - [Validation] EPOCH: 1  acc = 0.0000
2023-09-26 11:54:32,391 - fewshot_modelnet_non_linear_classification - INFO - Save checkpoint at ./experiments/fewshot_modelnet_non_linear_classification/cfgs/add_as_normal/ckpt-last.pth
2023-09-26 11:54:33,632 - fewshot_modelnet_non_linear_classification - INFO - [Training] EPOCH: 2 EpochTime = 1.239 (s) Losses = ['3.6690', '3.1250'] lr = 0.000141
2023-09-26 11:54:35,096 - fewshot_modelnet_non_linear_classification - INFO - [Validation] EPOCH: 2  acc = 0.5000
2023-09-26 11:54:35,530 - fewshot_modelnet_non_linear_classification - INFO - Save checkpoint at ./experiments/fewshot_modelnet_non_linear_classification/cfgs/add_as_normal/ckpt-best.pth
2023-09-26 11:54:35,530 - fewshot_modelnet_non_linear_classification - INFO - --------------------------------------------------------------------------------------------
2023-09-26 11:54:35,988 - fewshot_modelnet_non_linear_classification - INFO - Save checkpoint at ./experiments/fewshot_modelnet_non_linear_classification/cfgs/add_as_normal/ckpt-last.pth
2023-09-26 11:54:37,293 - fewshot_modelnet_non_linear_classification - INFO - [Training] EPOCH: 3 EpochTime = 1.303 (s) Losses = ['3.6606', '7.2917'] lr = 0.000211
2023-09-26 11:54:38,789 - fewshot_modelnet_non_linear_classification - INFO - [Validation] EPOCH: 3  acc = 1.0000
2023-09-26 11:54:39,238 - fewshot_modelnet_non_linear_classification - INFO - Save checkpoint at ./experiments/fewshot_modelnet_non_linear_classification/cfgs/add_as_normal/ckpt-best.pth
2023-09-26 11:54:39,238 - fewshot_modelnet_non_linear_classification - INFO - --------------------------------------------------------------------------------------------
2023-09-26 11:54:39,723 - fewshot_modelnet_non_linear_classification - INFO - Save checkpoint at ./experiments/fewshot_modelnet_non_linear_classification/cfgs/add_as_normal/ckpt-last.pth
2023-09-26 11:54:40,958 - fewshot_modelnet_non_linear_classification - INFO - [Training] EPOCH: 4 EpochTime = 1.234 (s) Losses = ['3.5635', '2.0833'] lr = 0.000281
2023-09-26 11:54:42,551 - fewshot_modelnet_non_linear_classification - INFO - [Validation] EPOCH: 4  acc = 7.5000
2023-09-26 11:54:43,011 - fewshot_modelnet_non_linear_classification - INFO - Save checkpoint at ./experiments/fewshot_modelnet_non_linear_classification/cfgs/add_as_normal/ckpt-best.pth
2023-09-26 11:54:43,011 - fewshot_modelnet_non_linear_classification - INFO - --------------------------------------------------------------------------------------------
2023-09-26 11:54:43,421 - fewshot_modelnet_non_linear_classification - INFO - Save checkpoint at ./experiments/fewshot_modelnet_non_linear_classification/cfgs/add_as_normal/ckpt-last.pth
2023-09-26 11:54:44,654 - fewshot_modelnet_non_linear_classification - INFO - [Training] EPOCH: 5 EpochTime = 1.231 (s) Losses = ['3.4003', '8.3333'] lr = 0.000351
2023-09-26 11:54:46,105 - fewshot_modelnet_non_linear_classification - INFO - [Validation] EPOCH: 5  acc = 21.0000
2023-09-26 11:54:46,539 - fewshot_modelnet_non_linear_classification - INFO - Save checkpoint at ./experiments/fewshot_modelnet_non_linear_classification/cfgs/add_as_normal/ckpt-best.pth
2023-09-26 11:54:46,539 - fewshot_modelnet_non_linear_classification - INFO - --------------------------------------------------------------------------------------------
2023-09-26 11:54:46,993 - fewshot_modelnet_non_linear_classification - INFO - Save checkpoint at ./experiments/fewshot_modelnet_non_linear_classification/cfgs/add_as_normal/ckpt-last.pth
2023-09-26 11:54:48,301 - fewshot_modelnet_non_linear_classification - INFO - [Training] EPOCH: 6 EpochTime = 1.307 (s) Losses = ['3.0693', '26.0417'] lr = 0.000420
2023-09-26 11:54:49,792 - fewshot_modelnet_non_linear_classification - INFO - [Validation] EPOCH: 6  acc = 35.0000
2023-09-26 11:54:50,235 - fewshot_modelnet_non_linear_classification - INFO - Save checkpoint at ./experiments/fewshot_modelnet_non_linear_classification/cfgs/add_as_normal/ckpt-best.pth
2023-09-26 11:54:50,235 - fewshot_modelnet_non_linear_classification - INFO - --------------------------------------------------------------------------------------------
2023-09-26 11:54:50,668 - fewshot_modelnet_non_linear_classification - INFO - Save checkpoint at ./experiments/fewshot_modelnet_non_linear_classification/cfgs/add_as_normal/ckpt-last.pth
2023-09-26 11:54:52,049 - fewshot_modelnet_non_linear_classification - INFO - [Training] EPOCH: 7 EpochTime = 1.380 (s) Losses = ['2.8815', '30.2083'] lr = 0.000490
2023-09-26 11:54:53,565 - fewshot_modelnet_non_linear_classification - INFO - [Validation] EPOCH: 7  acc = 48.0000
2023-09-26 11:54:54,098 - fewshot_modelnet_non_linear_classification - INFO - Save checkpoint at ./experiments/fewshot_modelnet_non_linear_classification/cfgs/add_as_normal/ckpt-best.pth
2023-09-26 11:54:54,098 - fewshot_modelnet_non_linear_classification - INFO - --------------------------------------------------------------------------------------------
2023-09-26 11:54:54,696 - fewshot_modelnet_non_linear_classification - INFO - Save checkpoint at ./experiments/fewshot_modelnet_non_linear_classification/cfgs/add_as_normal/ckpt-last.pth
2023-09-26 11:54:56,062 - fewshot_modelnet_non_linear_classification - INFO - [Training] EPOCH: 8 EpochTime = 1.364 (s) Losses = ['2.6719', '38.5417'] lr = 0.000560
2023-09-26 11:54:57,529 - fewshot_modelnet_non_linear_classification - INFO - [Validation] EPOCH: 8  acc = 57.5000
2023-09-26 11:54:58,089 - fewshot_modelnet_non_linear_classification - INFO - Save checkpoint at ./experiments/fewshot_modelnet_non_linear_classification/cfgs/add_as_normal/ckpt-best.pth
2023-09-26 11:54:58,089 - fewshot_modelnet_non_linear_classification - INFO - --------------------------------------------------------------------------------------------
2023-09-26 11:54:58,541 - fewshot_modelnet_non_linear_classification - INFO - Save checkpoint at ./experiments/fewshot_modelnet_non_linear_classification/cfgs/add_as_normal/ckpt-last.pth
2023-09-26 11:54:59,825 - fewshot_modelnet_non_linear_classification - INFO - [Training] EPOCH: 9 EpochTime = 1.282 (s) Losses = ['2.4063', '57.2917'] lr = 0.000630
2023-09-26 11:55:01,364 - fewshot_modelnet_non_linear_classification - INFO - [Validation] EPOCH: 9  acc = 64.0000
2023-09-26 11:55:01,817 - fewshot_modelnet_non_linear_classification - INFO - Save checkpoint at ./experiments/fewshot_modelnet_non_linear_classification/cfgs/add_as_normal/ckpt-best.pth
2023-09-26 11:55:01,817 - fewshot_modelnet_non_linear_classification - INFO - --------------------------------------------------------------------------------------------
2023-09-26 11:55:02,253 - fewshot_modelnet_non_linear_classification - INFO - Save checkpoint at ./experiments/fewshot_modelnet_non_linear_classification/cfgs/add_as_normal/ckpt-last.pth
2023-09-26 11:55:03,493 - fewshot_modelnet_non_linear_classification - INFO - [Training] EPOCH: 10 EpochTime = 1.238 (s) Losses = ['2.1226', '60.4167'] lr = 0.000692
2023-09-26 11:55:05,044 - fewshot_modelnet_non_linear_classification - INFO - [Validation] EPOCH: 10  acc = 64.5000
2023-09-26 11:55:05,564 - fewshot_modelnet_non_linear_classification - INFO - Save checkpoint at ./experiments/fewshot_modelnet_non_linear_classification/cfgs/add_as_normal/ckpt-best.pth
2023-09-26 11:55:05,564 - fewshot_modelnet_non_linear_classification - INFO - --------------------------------------------------------------------------------------------
2023-09-26 11:55:06,020 - fewshot_modelnet_non_linear_classification - INFO - Save checkpoint at ./experiments/fewshot_modelnet_non_linear_classification/cfgs/add_as_normal/ckpt-last.pth
2023-09-26 11:55:07,304 - fewshot_modelnet_non_linear_classification - INFO - [Training] EPOCH: 11 EpochTime = 1.283 (s) Losses = ['1.9220', '66.6667'] lr = 0.000691
2023-09-26 11:55:08,784 - fewshot_modelnet_non_linear_classification - INFO - [Validation] EPOCH: 11  acc = 68.5000
2023-09-26 11:55:09,312 - fewshot_modelnet_non_linear_classification - INFO - Save checkpoint at ./experiments/fewshot_modelnet_non_linear_classification/cfgs/add_as_normal/ckpt-best.pth
2023-09-26 11:55:09,312 - fewshot_modelnet_non_linear_classification - INFO - --------------------------------------------------------------------------------------------
2023-09-26 11:55:09,829 - fewshot_modelnet_non_linear_classification - INFO - Save checkpoint at ./experiments/fewshot_modelnet_non_linear_classification/cfgs/add_as_normal/ckpt-last.pth
2023-09-26 11:55:11,127 - fewshot_modelnet_non_linear_classification - INFO - [Training] EPOCH: 12 EpochTime = 1.296 (s) Losses = ['1.7065', '72.9167'] lr = 0.000689
2023-09-26 11:55:12,583 - fewshot_modelnet_non_linear_classification - INFO - [Validation] EPOCH: 12  acc = 69.5000
2023-09-26 11:55:12,996 - fewshot_modelnet_non_linear_classification - INFO - Save checkpoint at ./experiments/fewshot_modelnet_non_linear_classification/cfgs/add_as_normal/ckpt-best.pth
2023-09-26 11:55:12,996 - fewshot_modelnet_non_linear_classification - INFO - --------------------------------------------------------------------------------------------
2023-09-26 11:55:13,484 - fewshot_modelnet_non_linear_classification - INFO - Save checkpoint at ./experiments/fewshot_modelnet_non_linear_classification/cfgs/add_as_normal/ckpt-last.pth
2023-09-26 11:55:14,754 - fewshot_modelnet_non_linear_classification - INFO - [Training] EPOCH: 13 EpochTime = 1.268 (s) Losses = ['1.6155', '72.9167'] lr = 0.000687
2023-09-26 11:55:16,221 - fewshot_modelnet_non_linear_classification - INFO - [Validation] EPOCH: 13  acc = 72.0000
2023-09-26 11:55:16,660 - fewshot_modelnet_non_linear_classification - INFO - Save checkpoint at ./experiments/fewshot_modelnet_non_linear_classification/cfgs/add_as_normal/ckpt-best.pth
2023-09-26 11:55:16,660 - fewshot_modelnet_non_linear_classification - INFO - --------------------------------------------------------------------------------------------
2023-09-26 11:55:17,116 - fewshot_modelnet_non_linear_classification - INFO - Save checkpoint at ./experiments/fewshot_modelnet_non_linear_classification/cfgs/add_as_normal/ckpt-last.pth
2023-09-26 11:55:18,345 - fewshot_modelnet_non_linear_classification - INFO - [Training] EPOCH: 14 EpochTime = 1.227 (s) Losses = ['1.4497', '70.8333'] lr = 0.000685
2023-09-26 11:55:19,840 - fewshot_modelnet_non_linear_classification - INFO - [Validation] EPOCH: 14  acc = 74.0000
2023-09-26 11:55:20,294 - fewshot_modelnet_non_linear_classification - INFO - Save checkpoint at ./experiments/fewshot_modelnet_non_linear_classification/cfgs/add_as_normal/ckpt-best.pth
2023-09-26 11:55:20,294 - fewshot_modelnet_non_linear_classification - INFO - --------------------------------------------------------------------------------------------
2023-09-26 11:55:20,724 - fewshot_modelnet_non_linear_classification - INFO - Save checkpoint at ./experiments/fewshot_modelnet_non_linear_classification/cfgs/add_as_normal/ckpt-last.pth
2023-09-26 11:55:21,962 - fewshot_modelnet_non_linear_classification - INFO - [Training] EPOCH: 15 EpochTime = 1.236 (s) Losses = ['1.2945', '79.1667'] lr = 0.000683
2023-09-26 11:55:23,434 - fewshot_modelnet_non_linear_classification - INFO - [Validation] EPOCH: 15  acc = 75.0000
2023-09-26 11:55:23,929 - fewshot_modelnet_non_linear_classification - INFO - Save checkpoint at ./experiments/fewshot_modelnet_non_linear_classification/cfgs/add_as_normal/ckpt-best.pth
2023-09-26 11:55:23,929 - fewshot_modelnet_non_linear_classification - INFO - --------------------------------------------------------------------------------------------
2023-09-26 11:55:24,360 - fewshot_modelnet_non_linear_classification - INFO - Save checkpoint at ./experiments/fewshot_modelnet_non_linear_classification/cfgs/add_as_normal/ckpt-last.pth
2023-09-26 11:55:25,607 - fewshot_modelnet_non_linear_classification - INFO - [Training] EPOCH: 16 EpochTime = 1.244 (s) Losses = ['1.1809', '84.3750'] lr = 0.000681
2023-09-26 11:55:27,143 - fewshot_modelnet_non_linear_classification - INFO - [Validation] EPOCH: 16  acc = 77.0000
2023-09-26 11:55:27,640 - fewshot_modelnet_non_linear_classification - INFO - Save checkpoint at ./experiments/fewshot_modelnet_non_linear_classification/cfgs/add_as_normal/ckpt-best.pth
2023-09-26 11:55:27,640 - fewshot_modelnet_non_linear_classification - INFO - --------------------------------------------------------------------------------------------
2023-09-26 11:55:28,065 - fewshot_modelnet_non_linear_classification - INFO - Save checkpoint at ./experiments/fewshot_modelnet_non_linear_classification/cfgs/add_as_normal/ckpt-last.pth
2023-09-26 11:55:29,319 - fewshot_modelnet_non_linear_classification - INFO - [Training] EPOCH: 17 EpochTime = 1.252 (s) Losses = ['0.9845', '89.5833'] lr = 0.000678
2023-09-26 11:55:30,883 - fewshot_modelnet_non_linear_classification - INFO - [Validation] EPOCH: 17  acc = 79.5000
2023-09-26 11:55:31,380 - fewshot_modelnet_non_linear_classification - INFO - Save checkpoint at ./experiments/fewshot_modelnet_non_linear_classification/cfgs/add_as_normal/ckpt-best.pth
2023-09-26 11:55:31,380 - fewshot_modelnet_non_linear_classification - INFO - --------------------------------------------------------------------------------------------
2023-09-26 11:55:31,857 - fewshot_modelnet_non_linear_classification - INFO - Save checkpoint at ./experiments/fewshot_modelnet_non_linear_classification/cfgs/add_as_normal/ckpt-last.pth
2023-09-26 11:55:33,133 - fewshot_modelnet_non_linear_classification - INFO - [Training] EPOCH: 18 EpochTime = 1.275 (s) Losses = ['0.9107', '86.4583'] lr = 0.000675
2023-09-26 11:55:34,585 - fewshot_modelnet_non_linear_classification - INFO - [Validation] EPOCH: 18  acc = 82.0000
2023-09-26 11:55:35,103 - fewshot_modelnet_non_linear_classification - INFO - Save checkpoint at ./experiments/fewshot_modelnet_non_linear_classification/cfgs/add_as_normal/ckpt-best.pth
2023-09-26 11:55:35,104 - fewshot_modelnet_non_linear_classification - INFO - --------------------------------------------------------------------------------------------
2023-09-26 11:55:35,561 - fewshot_modelnet_non_linear_classification - INFO - Save checkpoint at ./experiments/fewshot_modelnet_non_linear_classification/cfgs/add_as_normal/ckpt-last.pth
2023-09-26 11:55:36,803 - fewshot_modelnet_non_linear_classification - INFO - [Training] EPOCH: 19 EpochTime = 1.241 (s) Losses = ['0.9055', '85.4167'] lr = 0.000673
2023-09-26 11:55:38,333 - fewshot_modelnet_non_linear_classification - INFO - [Validation] EPOCH: 19  acc = 81.0000
2023-09-26 11:55:38,820 - fewshot_modelnet_non_linear_classification - INFO - Save checkpoint at ./experiments/fewshot_modelnet_non_linear_classification/cfgs/add_as_normal/ckpt-last.pth
2023-09-26 11:55:40,095 - fewshot_modelnet_non_linear_classification - INFO - [Training] EPOCH: 20 EpochTime = 1.268 (s) Losses = ['0.8355', '90.6250'] lr = 0.000670
2023-09-26 11:55:41,661 - fewshot_modelnet_non_linear_classification - INFO - [Validation] EPOCH: 20  acc = 79.0000
2023-09-26 11:55:42,147 - fewshot_modelnet_non_linear_classification - INFO - Save checkpoint at ./experiments/fewshot_modelnet_non_linear_classification/cfgs/add_as_normal/ckpt-last.pth
2023-09-26 11:55:43,433 - fewshot_modelnet_non_linear_classification - INFO - [Training] EPOCH: 21 EpochTime = 1.285 (s) Losses = ['0.7892', '89.5833'] lr = 0.000667
2023-09-26 11:55:44,911 - fewshot_modelnet_non_linear_classification - INFO - [Validation] EPOCH: 21  acc = 80.5000
2023-09-26 11:55:45,431 - fewshot_modelnet_non_linear_classification - INFO - Save checkpoint at ./experiments/fewshot_modelnet_non_linear_classification/cfgs/add_as_normal/ckpt-last.pth
2023-09-26 11:55:46,670 - fewshot_modelnet_non_linear_classification - INFO - [Training] EPOCH: 22 EpochTime = 1.237 (s) Losses = ['0.6870', '94.7917'] lr = 0.000664
2023-09-26 11:55:48,144 - fewshot_modelnet_non_linear_classification - INFO - [Validation] EPOCH: 22  acc = 80.5000
2023-09-26 11:55:48,595 - fewshot_modelnet_non_linear_classification - INFO - Save checkpoint at ./experiments/fewshot_modelnet_non_linear_classification/cfgs/add_as_normal/ckpt-last.pth
2023-09-26 11:55:49,907 - fewshot_modelnet_non_linear_classification - INFO - [Training] EPOCH: 23 EpochTime = 1.310 (s) Losses = ['0.6403', '92.7083'] lr = 0.000660
2023-09-26 11:55:51,395 - fewshot_modelnet_non_linear_classification - INFO - [Validation] EPOCH: 23  acc = 81.5000
2023-09-26 11:55:51,864 - fewshot_modelnet_non_linear_classification - INFO - Save checkpoint at ./experiments/fewshot_modelnet_non_linear_classification/cfgs/add_as_normal/ckpt-last.pth
2023-09-26 11:55:53,162 - fewshot_modelnet_non_linear_classification - INFO - [Training] EPOCH: 24 EpochTime = 1.297 (s) Losses = ['0.6603', '90.6250'] lr = 0.000657
2023-09-26 11:55:54,746 - fewshot_modelnet_non_linear_classification - INFO - [Validation] EPOCH: 24  acc = 84.0000
2023-09-26 11:55:55,234 - fewshot_modelnet_non_linear_classification - INFO - Save checkpoint at ./experiments/fewshot_modelnet_non_linear_classification/cfgs/add_as_normal/ckpt-best.pth
2023-09-26 11:55:55,234 - fewshot_modelnet_non_linear_classification - INFO - --------------------------------------------------------------------------------------------
2023-09-26 11:55:55,716 - fewshot_modelnet_non_linear_classification - INFO - Save checkpoint at ./experiments/fewshot_modelnet_non_linear_classification/cfgs/add_as_normal/ckpt-last.pth
2023-09-26 11:55:56,941 - fewshot_modelnet_non_linear_classification - INFO - [Training] EPOCH: 25 EpochTime = 1.224 (s) Losses = ['0.5386', '94.7917'] lr = 0.000653
2023-09-26 11:55:58,394 - fewshot_modelnet_non_linear_classification - INFO - [Validation] EPOCH: 25  acc = 85.0000
2023-09-26 11:55:59,048 - fewshot_modelnet_non_linear_classification - INFO - Save checkpoint at ./experiments/fewshot_modelnet_non_linear_classification/cfgs/add_as_normal/ckpt-best.pth
2023-09-26 11:55:59,048 - fewshot_modelnet_non_linear_classification - INFO - --------------------------------------------------------------------------------------------
2023-09-26 11:56:00,228 - fewshot_modelnet_non_linear_classification - INFO - Save checkpoint at ./experiments/fewshot_modelnet_non_linear_classification/cfgs/add_as_normal/ckpt-last.pth
2023-09-26 11:56:01,510 - fewshot_modelnet_non_linear_classification - INFO - [Training] EPOCH: 26 EpochTime = 1.279 (s) Losses = ['0.5240', '93.7500'] lr = 0.000649
2023-09-26 11:56:02,983 - fewshot_modelnet_non_linear_classification - INFO - [Validation] EPOCH: 26  acc = 85.0000
2023-09-26 11:56:03,492 - fewshot_modelnet_non_linear_classification - INFO - Save checkpoint at ./experiments/fewshot_modelnet_non_linear_classification/cfgs/add_as_normal/ckpt-last.pth
2023-09-26 11:56:04,870 - fewshot_modelnet_non_linear_classification - INFO - [Training] EPOCH: 27 EpochTime = 1.375 (s) Losses = ['0.4737', '97.9167'] lr = 0.000646
2023-09-26 11:56:06,376 - fewshot_modelnet_non_linear_classification - INFO - [Validation] EPOCH: 27  acc = 85.5000
2023-09-26 11:56:06,828 - fewshot_modelnet_non_linear_classification - INFO - Save checkpoint at ./experiments/fewshot_modelnet_non_linear_classification/cfgs/add_as_normal/ckpt-best.pth
2023-09-26 11:56:06,828 - fewshot_modelnet_non_linear_classification - INFO - --------------------------------------------------------------------------------------------
2023-09-26 11:56:07,268 - fewshot_modelnet_non_linear_classification - INFO - Save checkpoint at ./experiments/fewshot_modelnet_non_linear_classification/cfgs/add_as_normal/ckpt-last.pth
2023-09-26 11:56:08,545 - fewshot_modelnet_non_linear_classification - INFO - [Training] EPOCH: 28 EpochTime = 1.275 (s) Losses = ['0.3948', '96.8750'] lr = 0.000642
2023-09-26 11:56:10,093 - fewshot_modelnet_non_linear_classification - INFO - [Validation] EPOCH: 28  acc = 85.0000
2023-09-26 11:56:10,602 - fewshot_modelnet_non_linear_classification - INFO - Save checkpoint at ./experiments/fewshot_modelnet_non_linear_classification/cfgs/add_as_normal/ckpt-last.pth
2023-09-26 11:56:11,929 - fewshot_modelnet_non_linear_classification - INFO - [Training] EPOCH: 29 EpochTime = 1.325 (s) Losses = ['0.3859', '97.9167'] lr = 0.000637
2023-09-26 11:56:13,400 - fewshot_modelnet_non_linear_classification - INFO - [Validation] EPOCH: 29  acc = 85.5000
2023-09-26 11:56:13,875 - fewshot_modelnet_non_linear_classification - INFO - Save checkpoint at ./experiments/fewshot_modelnet_non_linear_classification/cfgs/add_as_normal/ckpt-last.pth
2023-09-26 11:56:15,109 - fewshot_modelnet_non_linear_classification - INFO - [Training] EPOCH: 30 EpochTime = 1.233 (s) Losses = ['0.4021', '98.9583'] lr = 0.000633
2023-09-26 11:56:16,563 - fewshot_modelnet_non_linear_classification - INFO - [Validation] EPOCH: 30  acc = 85.5000
2023-09-26 11:56:17,003 - fewshot_modelnet_non_linear_classification - INFO - Save checkpoint at ./experiments/fewshot_modelnet_non_linear_classification/cfgs/add_as_normal/ckpt-last.pth
2023-09-26 11:56:18,263 - fewshot_modelnet_non_linear_classification - INFO - [Training] EPOCH: 31 EpochTime = 1.258 (s) Losses = ['0.4720', '95.8333'] lr = 0.000629
2023-09-26 11:56:19,727 - fewshot_modelnet_non_linear_classification - INFO - [Validation] EPOCH: 31  acc = 85.5000
2023-09-26 11:56:20,220 - fewshot_modelnet_non_linear_classification - INFO - Save checkpoint at ./experiments/fewshot_modelnet_non_linear_classification/cfgs/add_as_normal/ckpt-last.pth
2023-09-26 11:56:21,472 - fewshot_modelnet_non_linear_classification - INFO - [Training] EPOCH: 32 EpochTime = 1.250 (s) Losses = ['0.3317', '98.9583'] lr = 0.000624
2023-09-26 11:56:23,041 - fewshot_modelnet_non_linear_classification - INFO - [Validation] EPOCH: 32  acc = 85.0000
2023-09-26 11:56:23,504 - fewshot_modelnet_non_linear_classification - INFO - Save checkpoint at ./experiments/fewshot_modelnet_non_linear_classification/cfgs/add_as_normal/ckpt-last.pth
2023-09-26 11:56:24,847 - fewshot_modelnet_non_linear_classification - INFO - [Training] EPOCH: 33 EpochTime = 1.341 (s) Losses = ['0.3531', '95.8333'] lr = 0.000620
2023-09-26 11:56:26,423 - fewshot_modelnet_non_linear_classification - INFO - [Validation] EPOCH: 33  acc = 85.5000
2023-09-26 11:56:26,883 - fewshot_modelnet_non_linear_classification - INFO - Save checkpoint at ./experiments/fewshot_modelnet_non_linear_classification/cfgs/add_as_normal/ckpt-last.pth
2023-09-26 11:56:28,171 - fewshot_modelnet_non_linear_classification - INFO - [Training] EPOCH: 34 EpochTime = 1.286 (s) Losses = ['0.2700', '100.0000'] lr = 0.000615
2023-09-26 11:56:29,670 - fewshot_modelnet_non_linear_classification - INFO - [Validation] EPOCH: 34  acc = 85.5000
2023-09-26 11:56:30,201 - fewshot_modelnet_non_linear_classification - INFO - Save checkpoint at ./experiments/fewshot_modelnet_non_linear_classification/cfgs/add_as_normal/ckpt-last.pth
2023-09-26 11:56:31,438 - fewshot_modelnet_non_linear_classification - INFO - [Training] EPOCH: 35 EpochTime = 1.236 (s) Losses = ['0.3161', '96.8750'] lr = 0.000610
2023-09-26 11:56:32,968 - fewshot_modelnet_non_linear_classification - INFO - [Validation] EPOCH: 35  acc = 85.5000
2023-09-26 11:56:33,445 - fewshot_modelnet_non_linear_classification - INFO - Save checkpoint at ./experiments/fewshot_modelnet_non_linear_classification/cfgs/add_as_normal/ckpt-last.pth
2023-09-26 11:56:34,757 - fewshot_modelnet_non_linear_classification - INFO - [Training] EPOCH: 36 EpochTime = 1.310 (s) Losses = ['0.2683', '97.9167'] lr = 0.000605
2023-09-26 11:56:36,371 - fewshot_modelnet_non_linear_classification - INFO - [Validation] EPOCH: 36  acc = 86.0000
2023-09-26 11:56:36,848 - fewshot_modelnet_non_linear_classification - INFO - Save checkpoint at ./experiments/fewshot_modelnet_non_linear_classification/cfgs/add_as_normal/ckpt-best.pth
2023-09-26 11:56:36,848 - fewshot_modelnet_non_linear_classification - INFO - --------------------------------------------------------------------------------------------
2023-09-26 11:56:37,299 - fewshot_modelnet_non_linear_classification - INFO - Save checkpoint at ./experiments/fewshot_modelnet_non_linear_classification/cfgs/add_as_normal/ckpt-last.pth
2023-09-26 11:56:38,703 - fewshot_modelnet_non_linear_classification - INFO - [Training] EPOCH: 37 EpochTime = 1.402 (s) Losses = ['0.3038', '94.7917'] lr = 0.000600
2023-09-26 11:56:40,184 - fewshot_modelnet_non_linear_classification - INFO - [Validation] EPOCH: 37  acc = 85.5000
2023-09-26 11:56:40,724 - fewshot_modelnet_non_linear_classification - INFO - Save checkpoint at ./experiments/fewshot_modelnet_non_linear_classification/cfgs/add_as_normal/ckpt-last.pth
2023-09-26 11:56:41,950 - fewshot_modelnet_non_linear_classification - INFO - [Training] EPOCH: 38 EpochTime = 1.225 (s) Losses = ['0.2608', '98.9583'] lr = 0.000595
2023-09-26 11:56:43,416 - fewshot_modelnet_non_linear_classification - INFO - [Validation] EPOCH: 38  acc = 86.0000
2023-09-26 11:56:43,899 - fewshot_modelnet_non_linear_classification - INFO - Save checkpoint at ./experiments/fewshot_modelnet_non_linear_classification/cfgs/add_as_normal/ckpt-last.pth
2023-09-26 11:56:45,128 - fewshot_modelnet_non_linear_classification - INFO - [Training] EPOCH: 39 EpochTime = 1.228 (s) Losses = ['0.2485', '97.9167'] lr = 0.000590
2023-09-26 11:56:46,590 - fewshot_modelnet_non_linear_classification - INFO - [Validation] EPOCH: 39  acc = 85.5000
2023-09-26 11:56:47,025 - fewshot_modelnet_non_linear_classification - INFO - Save checkpoint at ./experiments/fewshot_modelnet_non_linear_classification/cfgs/add_as_normal/ckpt-last.pth
2023-09-26 11:56:48,276 - fewshot_modelnet_non_linear_classification - INFO - [Training] EPOCH: 40 EpochTime = 1.248 (s) Losses = ['0.2317', '98.9583'] lr = 0.000584
2023-09-26 11:56:49,741 - fewshot_modelnet_non_linear_classification - INFO - [Validation] EPOCH: 40  acc = 86.0000
2023-09-26 11:56:50,232 - fewshot_modelnet_non_linear_classification - INFO - Save checkpoint at ./experiments/fewshot_modelnet_non_linear_classification/cfgs/add_as_normal/ckpt-last.pth
2023-09-26 11:56:51,453 - fewshot_modelnet_non_linear_classification - INFO - [Training] EPOCH: 41 EpochTime = 1.220 (s) Losses = ['0.2406', '96.8750'] lr = 0.000579
2023-09-26 11:56:52,948 - fewshot_modelnet_non_linear_classification - INFO - [Validation] EPOCH: 41  acc = 86.0000
2023-09-26 11:56:53,408 - fewshot_modelnet_non_linear_classification - INFO - Save checkpoint at ./experiments/fewshot_modelnet_non_linear_classification/cfgs/add_as_normal/ckpt-last.pth
2023-09-26 11:56:54,657 - fewshot_modelnet_non_linear_classification - INFO - [Training] EPOCH: 42 EpochTime = 1.247 (s) Losses = ['0.2234', '100.0000'] lr = 0.000573
2023-09-26 11:56:56,150 - fewshot_modelnet_non_linear_classification - INFO - [Validation] EPOCH: 42  acc = 88.5000
2023-09-26 11:56:56,594 - fewshot_modelnet_non_linear_classification - INFO - Save checkpoint at ./experiments/fewshot_modelnet_non_linear_classification/cfgs/add_as_normal/ckpt-best.pth
2023-09-26 11:56:56,594 - fewshot_modelnet_non_linear_classification - INFO - --------------------------------------------------------------------------------------------
2023-09-26 11:56:57,029 - fewshot_modelnet_non_linear_classification - INFO - Save checkpoint at ./experiments/fewshot_modelnet_non_linear_classification/cfgs/add_as_normal/ckpt-last.pth
2023-09-26 11:56:58,262 - fewshot_modelnet_non_linear_classification - INFO - [Training] EPOCH: 43 EpochTime = 1.231 (s) Losses = ['0.1851', '98.9583'] lr = 0.000568
2023-09-26 11:56:59,724 - fewshot_modelnet_non_linear_classification - INFO - [Validation] EPOCH: 43  acc = 88.5000
2023-09-26 11:57:00,167 - fewshot_modelnet_non_linear_classification - INFO - Save checkpoint at ./experiments/fewshot_modelnet_non_linear_classification/cfgs/add_as_normal/ckpt-last.pth
2023-09-26 11:57:01,759 - fewshot_modelnet_non_linear_classification - INFO - [Training] EPOCH: 44 EpochTime = 1.588 (s) Losses = ['0.2356', '96.8750'] lr = 0.000562
2023-09-26 11:57:03,284 - fewshot_modelnet_non_linear_classification - INFO - [Validation] EPOCH: 44  acc = 89.5000
2023-09-26 11:57:03,796 - fewshot_modelnet_non_linear_classification - INFO - Save checkpoint at ./experiments/fewshot_modelnet_non_linear_classification/cfgs/add_as_normal/ckpt-best.pth
2023-09-26 11:57:03,796 - fewshot_modelnet_non_linear_classification - INFO - --------------------------------------------------------------------------------------------
2023-09-26 11:57:04,224 - fewshot_modelnet_non_linear_classification - INFO - Save checkpoint at ./experiments/fewshot_modelnet_non_linear_classification/cfgs/add_as_normal/ckpt-last.pth
2023-09-26 11:57:05,469 - fewshot_modelnet_non_linear_classification - INFO - [Training] EPOCH: 45 EpochTime = 1.243 (s) Losses = ['0.1526', '98.9583'] lr = 0.000556
2023-09-26 11:57:06,970 - fewshot_modelnet_non_linear_classification - INFO - [Validation] EPOCH: 45  acc = 89.5000
2023-09-26 11:57:07,401 - fewshot_modelnet_non_linear_classification - INFO - Save checkpoint at ./experiments/fewshot_modelnet_non_linear_classification/cfgs/add_as_normal/ckpt-last.pth
2023-09-26 11:57:08,748 - fewshot_modelnet_non_linear_classification - INFO - [Training] EPOCH: 46 EpochTime = 1.346 (s) Losses = ['0.2140', '98.9583'] lr = 0.000550
2023-09-26 11:57:10,369 - fewshot_modelnet_non_linear_classification - INFO - [Validation] EPOCH: 46  acc = 90.0000
2023-09-26 11:57:10,880 - fewshot_modelnet_non_linear_classification - INFO - Save checkpoint at ./experiments/fewshot_modelnet_non_linear_classification/cfgs/add_as_normal/ckpt-best.pth
2023-09-26 11:57:10,881 - fewshot_modelnet_non_linear_classification - INFO - --------------------------------------------------------------------------------------------
2023-09-26 11:57:11,320 - fewshot_modelnet_non_linear_classification - INFO - Save checkpoint at ./experiments/fewshot_modelnet_non_linear_classification/cfgs/add_as_normal/ckpt-last.pth
2023-09-26 11:57:12,590 - fewshot_modelnet_non_linear_classification - INFO - [Training] EPOCH: 47 EpochTime = 1.268 (s) Losses = ['0.1754', '98.9583'] lr = 0.000544
2023-09-26 11:57:14,073 - fewshot_modelnet_non_linear_classification - INFO - [Validation] EPOCH: 47  acc = 90.0000
2023-09-26 11:57:14,548 - fewshot_modelnet_non_linear_classification - INFO - Save checkpoint at ./experiments/fewshot_modelnet_non_linear_classification/cfgs/add_as_normal/ckpt-last.pth
2023-09-26 11:57:15,833 - fewshot_modelnet_non_linear_classification - INFO - [Training] EPOCH: 48 EpochTime = 1.283 (s) Losses = ['0.1705', '100.0000'] lr = 0.000538
2023-09-26 11:57:17,297 - fewshot_modelnet_non_linear_classification - INFO - [Validation] EPOCH: 48  acc = 89.0000
2023-09-26 11:57:17,722 - fewshot_modelnet_non_linear_classification - INFO - Save checkpoint at ./experiments/fewshot_modelnet_non_linear_classification/cfgs/add_as_normal/ckpt-last.pth
2023-09-26 11:57:19,022 - fewshot_modelnet_non_linear_classification - INFO - [Training] EPOCH: 49 EpochTime = 1.299 (s) Losses = ['0.1420', '98.9583'] lr = 0.000532
2023-09-26 11:57:20,492 - fewshot_modelnet_non_linear_classification - INFO - [Validation] EPOCH: 49  acc = 88.5000
2023-09-26 11:57:20,964 - fewshot_modelnet_non_linear_classification - INFO - Save checkpoint at ./experiments/fewshot_modelnet_non_linear_classification/cfgs/add_as_normal/ckpt-last.pth
2023-09-26 11:57:22,228 - fewshot_modelnet_non_linear_classification - INFO - [Training] EPOCH: 50 EpochTime = 1.261 (s) Losses = ['0.1352', '100.0000'] lr = 0.000525
2023-09-26 11:57:23,760 - fewshot_modelnet_non_linear_classification - INFO - [Validation] EPOCH: 50  acc = 89.5000
2023-09-26 11:57:24,232 - fewshot_modelnet_non_linear_classification - INFO - Save checkpoint at ./experiments/fewshot_modelnet_non_linear_classification/cfgs/add_as_normal/ckpt-last.pth
2023-09-26 11:57:25,606 - fewshot_modelnet_non_linear_classification - INFO - [Training] EPOCH: 51 EpochTime = 1.372 (s) Losses = ['0.1367', '98.9583'] lr = 0.000519
2023-09-26 11:57:27,164 - fewshot_modelnet_non_linear_classification - INFO - [Validation] EPOCH: 51  acc = 89.5000
2023-09-26 11:57:27,659 - fewshot_modelnet_non_linear_classification - INFO - Save checkpoint at ./experiments/fewshot_modelnet_non_linear_classification/cfgs/add_as_normal/ckpt-last.pth
2023-09-26 11:57:28,962 - fewshot_modelnet_non_linear_classification - INFO - [Training] EPOCH: 52 EpochTime = 1.301 (s) Losses = ['0.2221', '94.7917'] lr = 0.000512
2023-09-26 11:57:30,464 - fewshot_modelnet_non_linear_classification - INFO - [Validation] EPOCH: 52  acc = 89.5000
2023-09-26 11:57:30,941 - fewshot_modelnet_non_linear_classification - INFO - Save checkpoint at ./experiments/fewshot_modelnet_non_linear_classification/cfgs/add_as_normal/ckpt-last.pth
2023-09-26 11:57:32,175 - fewshot_modelnet_non_linear_classification - INFO - [Training] EPOCH: 53 EpochTime = 1.232 (s) Losses = ['0.1656', '98.9583'] lr = 0.000506
2023-09-26 11:57:33,651 - fewshot_modelnet_non_linear_classification - INFO - [Validation] EPOCH: 53  acc = 89.5000
2023-09-26 11:57:34,139 - fewshot_modelnet_non_linear_classification - INFO - Save checkpoint at ./experiments/fewshot_modelnet_non_linear_classification/cfgs/add_as_normal/ckpt-last.pth
2023-09-26 11:57:35,391 - fewshot_modelnet_non_linear_classification - INFO - [Training] EPOCH: 54 EpochTime = 1.250 (s) Losses = ['0.1252', '100.0000'] lr = 0.000499
2023-09-26 11:57:36,970 - fewshot_modelnet_non_linear_classification - INFO - [Validation] EPOCH: 54  acc = 90.0000
2023-09-26 11:57:37,494 - fewshot_modelnet_non_linear_classification - INFO - Save checkpoint at ./experiments/fewshot_modelnet_non_linear_classification/cfgs/add_as_normal/ckpt-last.pth
2023-09-26 11:57:38,785 - fewshot_modelnet_non_linear_classification - INFO - [Training] EPOCH: 55 EpochTime = 1.289 (s) Losses = ['0.1499', '100.0000'] lr = 0.000493
2023-09-26 11:57:40,280 - fewshot_modelnet_non_linear_classification - INFO - [Validation] EPOCH: 55  acc = 90.0000
2023-09-26 11:57:40,756 - fewshot_modelnet_non_linear_classification - INFO - Save checkpoint at ./experiments/fewshot_modelnet_non_linear_classification/cfgs/add_as_normal/ckpt-last.pth
2023-09-26 11:57:41,995 - fewshot_modelnet_non_linear_classification - INFO - [Training] EPOCH: 56 EpochTime = 1.238 (s) Losses = ['0.1188', '100.0000'] lr = 0.000486
2023-09-26 11:57:43,475 - fewshot_modelnet_non_linear_classification - INFO - [Validation] EPOCH: 56  acc = 90.5000
2023-09-26 11:57:43,952 - fewshot_modelnet_non_linear_classification - INFO - Save checkpoint at ./experiments/fewshot_modelnet_non_linear_classification/cfgs/add_as_normal/ckpt-best.pth
2023-09-26 11:57:43,952 - fewshot_modelnet_non_linear_classification - INFO - --------------------------------------------------------------------------------------------
2023-09-26 11:57:44,418 - fewshot_modelnet_non_linear_classification - INFO - Save checkpoint at ./experiments/fewshot_modelnet_non_linear_classification/cfgs/add_as_normal/ckpt-last.pth
2023-09-26 11:57:45,658 - fewshot_modelnet_non_linear_classification - INFO - [Training] EPOCH: 57 EpochTime = 1.238 (s) Losses = ['0.1850', '97.9167'] lr = 0.000479
2023-09-26 11:57:47,233 - fewshot_modelnet_non_linear_classification - INFO - [Validation] EPOCH: 57  acc = 90.5000
2023-09-26 11:57:47,693 - fewshot_modelnet_non_linear_classification - INFO - Save checkpoint at ./experiments/fewshot_modelnet_non_linear_classification/cfgs/add_as_normal/ckpt-last.pth
2023-09-26 11:57:48,966 - fewshot_modelnet_non_linear_classification - INFO - [Training] EPOCH: 58 EpochTime = 1.271 (s) Losses = ['0.1548', '100.0000'] lr = 0.000472
2023-09-26 11:57:50,456 - fewshot_modelnet_non_linear_classification - INFO - [Validation] EPOCH: 58  acc = 90.5000
2023-09-26 11:57:50,945 - fewshot_modelnet_non_linear_classification - INFO - Save checkpoint at ./experiments/fewshot_modelnet_non_linear_classification/cfgs/add_as_normal/ckpt-last.pth
2023-09-26 11:57:52,196 - fewshot_modelnet_non_linear_classification - INFO - [Training] EPOCH: 59 EpochTime = 1.249 (s) Losses = ['0.1065', '100.0000'] lr = 0.000465
2023-09-26 11:57:53,745 - fewshot_modelnet_non_linear_classification - INFO - [Validation] EPOCH: 59  acc = 90.5000
2023-09-26 11:57:54,207 - fewshot_modelnet_non_linear_classification - INFO - Save checkpoint at ./experiments/fewshot_modelnet_non_linear_classification/cfgs/add_as_normal/ckpt-last.pth
2023-09-26 11:57:55,458 - fewshot_modelnet_non_linear_classification - INFO - [Training] EPOCH: 60 EpochTime = 1.249 (s) Losses = ['0.1221', '98.9583'] lr = 0.000459
2023-09-26 11:57:56,934 - fewshot_modelnet_non_linear_classification - INFO - [Validation] EPOCH: 60  acc = 90.5000
2023-09-26 11:57:57,374 - fewshot_modelnet_non_linear_classification - INFO - Save checkpoint at ./experiments/fewshot_modelnet_non_linear_classification/cfgs/add_as_normal/ckpt-last.pth
2023-09-26 11:57:58,611 - fewshot_modelnet_non_linear_classification - INFO - [Training] EPOCH: 61 EpochTime = 1.235 (s) Losses = ['0.1411', '100.0000'] lr = 0.000452
2023-09-26 11:58:00,075 - fewshot_modelnet_non_linear_classification - INFO - [Validation] EPOCH: 61  acc = 90.5000
2023-09-26 11:58:00,568 - fewshot_modelnet_non_linear_classification - INFO - Save checkpoint at ./experiments/fewshot_modelnet_non_linear_classification/cfgs/add_as_normal/ckpt-last.pth
2023-09-26 11:58:01,948 - fewshot_modelnet_non_linear_classification - INFO - [Training] EPOCH: 62 EpochTime = 1.378 (s) Losses = ['0.1597', '97.9167'] lr = 0.000444
2023-09-26 11:58:03,574 - fewshot_modelnet_non_linear_classification - INFO - [Validation] EPOCH: 62  acc = 91.5000
2023-09-26 11:58:04,092 - fewshot_modelnet_non_linear_classification - INFO - Save checkpoint at ./experiments/fewshot_modelnet_non_linear_classification/cfgs/add_as_normal/ckpt-best.pth
2023-09-26 11:58:04,092 - fewshot_modelnet_non_linear_classification - INFO - --------------------------------------------------------------------------------------------
2023-09-26 11:58:04,528 - fewshot_modelnet_non_linear_classification - INFO - Save checkpoint at ./experiments/fewshot_modelnet_non_linear_classification/cfgs/add_as_normal/ckpt-last.pth
2023-09-26 11:58:05,777 - fewshot_modelnet_non_linear_classification - INFO - [Training] EPOCH: 63 EpochTime = 1.248 (s) Losses = ['0.1163', '100.0000'] lr = 0.000437
2023-09-26 11:58:07,246 - fewshot_modelnet_non_linear_classification - INFO - [Validation] EPOCH: 63  acc = 92.0000
2023-09-26 11:58:07,704 - fewshot_modelnet_non_linear_classification - INFO - Save checkpoint at ./experiments/fewshot_modelnet_non_linear_classification/cfgs/add_as_normal/ckpt-best.pth
2023-09-26 11:58:07,704 - fewshot_modelnet_non_linear_classification - INFO - --------------------------------------------------------------------------------------------
2023-09-26 11:58:08,147 - fewshot_modelnet_non_linear_classification - INFO - Save checkpoint at ./experiments/fewshot_modelnet_non_linear_classification/cfgs/add_as_normal/ckpt-last.pth
2023-09-26 11:58:09,414 - fewshot_modelnet_non_linear_classification - INFO - [Training] EPOCH: 64 EpochTime = 1.265 (s) Losses = ['0.1141', '100.0000'] lr = 0.000430
2023-09-26 11:58:10,909 - fewshot_modelnet_non_linear_classification - INFO - [Validation] EPOCH: 64  acc = 92.0000
2023-09-26 11:58:11,819 - fewshot_modelnet_non_linear_classification - INFO - Save checkpoint at ./experiments/fewshot_modelnet_non_linear_classification/cfgs/add_as_normal/ckpt-last.pth
2023-09-26 11:58:13,080 - fewshot_modelnet_non_linear_classification - INFO - [Training] EPOCH: 65 EpochTime = 1.260 (s) Losses = ['0.1124', '100.0000'] lr = 0.000423
2023-09-26 11:58:14,563 - fewshot_modelnet_non_linear_classification - INFO - [Validation] EPOCH: 65  acc = 92.0000
2023-09-26 11:58:15,056 - fewshot_modelnet_non_linear_classification - INFO - Save checkpoint at ./experiments/fewshot_modelnet_non_linear_classification/cfgs/add_as_normal/ckpt-last.pth
2023-09-26 11:58:16,450 - fewshot_modelnet_non_linear_classification - INFO - [Training] EPOCH: 66 EpochTime = 1.392 (s) Losses = ['0.1098', '100.0000'] lr = 0.000416
2023-09-26 11:58:17,969 - fewshot_modelnet_non_linear_classification - INFO - [Validation] EPOCH: 66  acc = 92.0000
2023-09-26 11:58:18,483 - fewshot_modelnet_non_linear_classification - INFO - Save checkpoint at ./experiments/fewshot_modelnet_non_linear_classification/cfgs/add_as_normal/ckpt-last.pth
2023-09-26 11:58:19,765 - fewshot_modelnet_non_linear_classification - INFO - [Training] EPOCH: 67 EpochTime = 1.280 (s) Losses = ['0.1079', '100.0000'] lr = 0.000409
2023-09-26 11:58:21,315 - fewshot_modelnet_non_linear_classification - INFO - [Validation] EPOCH: 67  acc = 91.5000
2023-09-26 11:58:21,802 - fewshot_modelnet_non_linear_classification - INFO - Save checkpoint at ./experiments/fewshot_modelnet_non_linear_classification/cfgs/add_as_normal/ckpt-last.pth
2023-09-26 11:58:23,062 - fewshot_modelnet_non_linear_classification - INFO - [Training] EPOCH: 68 EpochTime = 1.258 (s) Losses = ['0.0944', '100.0000'] lr = 0.000402
2023-09-26 11:58:24,531 - fewshot_modelnet_non_linear_classification - INFO - [Validation] EPOCH: 68  acc = 91.5000
2023-09-26 11:58:25,020 - fewshot_modelnet_non_linear_classification - INFO - Save checkpoint at ./experiments/fewshot_modelnet_non_linear_classification/cfgs/add_as_normal/ckpt-last.pth
2023-09-26 11:58:26,274 - fewshot_modelnet_non_linear_classification - INFO - [Training] EPOCH: 69 EpochTime = 1.252 (s) Losses = ['0.1000', '100.0000'] lr = 0.000394
2023-09-26 11:58:27,748 - fewshot_modelnet_non_linear_classification - INFO - [Validation] EPOCH: 69  acc = 90.5000
2023-09-26 11:58:28,227 - fewshot_modelnet_non_linear_classification - INFO - Save checkpoint at ./experiments/fewshot_modelnet_non_linear_classification/cfgs/add_as_normal/ckpt-last.pth
2023-09-26 11:58:29,531 - fewshot_modelnet_non_linear_classification - INFO - [Training] EPOCH: 70 EpochTime = 1.303 (s) Losses = ['0.0988', '100.0000'] lr = 0.000387
2023-09-26 11:58:30,976 - fewshot_modelnet_non_linear_classification - INFO - [Validation] EPOCH: 70  acc = 90.5000
2023-09-26 11:58:31,473 - fewshot_modelnet_non_linear_classification - INFO - Save checkpoint at ./experiments/fewshot_modelnet_non_linear_classification/cfgs/add_as_normal/ckpt-last.pth
2023-09-26 11:58:32,759 - fewshot_modelnet_non_linear_classification - INFO - [Training] EPOCH: 71 EpochTime = 1.285 (s) Losses = ['0.0836', '100.0000'] lr = 0.000380
2023-09-26 11:58:34,207 - fewshot_modelnet_non_linear_classification - INFO - [Validation] EPOCH: 71  acc = 90.5000
2023-09-26 11:58:34,687 - fewshot_modelnet_non_linear_classification - INFO - Save checkpoint at ./experiments/fewshot_modelnet_non_linear_classification/cfgs/add_as_normal/ckpt-last.pth
2023-09-26 11:58:36,021 - fewshot_modelnet_non_linear_classification - INFO - [Training] EPOCH: 72 EpochTime = 1.332 (s) Losses = ['0.0762', '100.0000'] lr = 0.000372
2023-09-26 11:58:37,526 - fewshot_modelnet_non_linear_classification - INFO - [Validation] EPOCH: 72  acc = 90.5000
2023-09-26 11:58:37,950 - fewshot_modelnet_non_linear_classification - INFO - Save checkpoint at ./experiments/fewshot_modelnet_non_linear_classification/cfgs/add_as_normal/ckpt-last.pth
2023-09-26 11:58:39,195 - fewshot_modelnet_non_linear_classification - INFO - [Training] EPOCH: 73 EpochTime = 1.244 (s) Losses = ['0.0822', '100.0000'] lr = 0.000365
2023-09-26 11:58:40,647 - fewshot_modelnet_non_linear_classification - INFO - [Validation] EPOCH: 73  acc = 90.0000
2023-09-26 11:58:41,118 - fewshot_modelnet_non_linear_classification - INFO - Save checkpoint at ./experiments/fewshot_modelnet_non_linear_classification/cfgs/add_as_normal/ckpt-last.pth
2023-09-26 11:58:42,361 - fewshot_modelnet_non_linear_classification - INFO - [Training] EPOCH: 74 EpochTime = 1.242 (s) Losses = ['0.0810', '100.0000'] lr = 0.000358
2023-09-26 11:58:43,962 - fewshot_modelnet_non_linear_classification - INFO - [Validation] EPOCH: 74  acc = 89.5000
2023-09-26 11:58:44,464 - fewshot_modelnet_non_linear_classification - INFO - Save checkpoint at ./experiments/fewshot_modelnet_non_linear_classification/cfgs/add_as_normal/ckpt-last.pth
2023-09-26 11:58:45,711 - fewshot_modelnet_non_linear_classification - INFO - [Training] EPOCH: 75 EpochTime = 1.246 (s) Losses = ['0.0979', '100.0000'] lr = 0.000351
2023-09-26 11:58:47,208 - fewshot_modelnet_non_linear_classification - INFO - [Validation] EPOCH: 75  acc = 89.5000
2023-09-26 11:58:47,634 - fewshot_modelnet_non_linear_classification - INFO - Save checkpoint at ./experiments/fewshot_modelnet_non_linear_classification/cfgs/add_as_normal/ckpt-last.pth
2023-09-26 11:58:48,897 - fewshot_modelnet_non_linear_classification - INFO - [Training] EPOCH: 76 EpochTime = 1.261 (s) Losses = ['0.0914', '100.0000'] lr = 0.000343
2023-09-26 11:58:50,354 - fewshot_modelnet_non_linear_classification - INFO - [Validation] EPOCH: 76  acc = 89.0000
2023-09-26 11:58:50,828 - fewshot_modelnet_non_linear_classification - INFO - Save checkpoint at ./experiments/fewshot_modelnet_non_linear_classification/cfgs/add_as_normal/ckpt-last.pth
2023-09-26 11:58:52,094 - fewshot_modelnet_non_linear_classification - INFO - [Training] EPOCH: 77 EpochTime = 1.265 (s) Losses = ['0.0788', '98.9583'] lr = 0.000336
2023-09-26 11:58:53,537 - fewshot_modelnet_non_linear_classification - INFO - [Validation] EPOCH: 77  acc = 89.5000
2023-09-26 11:58:54,035 - fewshot_modelnet_non_linear_classification - INFO - Save checkpoint at ./experiments/fewshot_modelnet_non_linear_classification/cfgs/add_as_normal/ckpt-last.pth
2023-09-26 11:58:55,261 - fewshot_modelnet_non_linear_classification - INFO - [Training] EPOCH: 78 EpochTime = 1.225 (s) Losses = ['0.0933', '98.9583'] lr = 0.000329
2023-09-26 11:58:56,696 - fewshot_modelnet_non_linear_classification - INFO - [Validation] EPOCH: 78  acc = 90.5000
2023-09-26 11:58:57,126 - fewshot_modelnet_non_linear_classification - INFO - Save checkpoint at ./experiments/fewshot_modelnet_non_linear_classification/cfgs/add_as_normal/ckpt-last.pth
2023-09-26 11:58:58,373 - fewshot_modelnet_non_linear_classification - INFO - [Training] EPOCH: 79 EpochTime = 1.246 (s) Losses = ['0.0725', '100.0000'] lr = 0.000321
2023-09-26 11:58:59,852 - fewshot_modelnet_non_linear_classification - INFO - [Validation] EPOCH: 79  acc = 91.0000
2023-09-26 11:59:00,341 - fewshot_modelnet_non_linear_classification - INFO - Save checkpoint at ./experiments/fewshot_modelnet_non_linear_classification/cfgs/add_as_normal/ckpt-last.pth
2023-09-26 11:59:01,642 - fewshot_modelnet_non_linear_classification - INFO - [Training] EPOCH: 80 EpochTime = 1.298 (s) Losses = ['0.0611', '100.0000'] lr = 0.000314
2023-09-26 11:59:03,202 - fewshot_modelnet_non_linear_classification - INFO - [Validation] EPOCH: 80  acc = 90.5000
2023-09-26 11:59:03,712 - fewshot_modelnet_non_linear_classification - INFO - Save checkpoint at ./experiments/fewshot_modelnet_non_linear_classification/cfgs/add_as_normal/ckpt-last.pth
2023-09-26 11:59:04,996 - fewshot_modelnet_non_linear_classification - INFO - [Training] EPOCH: 81 EpochTime = 1.281 (s) Losses = ['0.0876', '98.9583'] lr = 0.000307
2023-09-26 11:59:06,492 - fewshot_modelnet_non_linear_classification - INFO - [Validation] EPOCH: 81  acc = 90.5000
2023-09-26 11:59:06,951 - fewshot_modelnet_non_linear_classification - INFO - Save checkpoint at ./experiments/fewshot_modelnet_non_linear_classification/cfgs/add_as_normal/ckpt-last.pth
2023-09-26 11:59:08,190 - fewshot_modelnet_non_linear_classification - INFO - [Training] EPOCH: 82 EpochTime = 1.238 (s) Losses = ['0.0982', '100.0000'] lr = 0.000299
2023-09-26 11:59:09,685 - fewshot_modelnet_non_linear_classification - INFO - [Validation] EPOCH: 82  acc = 91.0000
2023-09-26 11:59:10,164 - fewshot_modelnet_non_linear_classification - INFO - Save checkpoint at ./experiments/fewshot_modelnet_non_linear_classification/cfgs/add_as_normal/ckpt-last.pth
2023-09-26 11:59:11,393 - fewshot_modelnet_non_linear_classification - INFO - [Training] EPOCH: 83 EpochTime = 1.228 (s) Losses = ['0.0840', '100.0000'] lr = 0.000292
2023-09-26 11:59:12,855 - fewshot_modelnet_non_linear_classification - INFO - [Validation] EPOCH: 83  acc = 91.0000
2023-09-26 11:59:13,328 - fewshot_modelnet_non_linear_classification - INFO - Save checkpoint at ./experiments/fewshot_modelnet_non_linear_classification/cfgs/add_as_normal/ckpt-last.pth
2023-09-26 11:59:14,573 - fewshot_modelnet_non_linear_classification - INFO - [Training] EPOCH: 84 EpochTime = 1.244 (s) Losses = ['0.0746', '100.0000'] lr = 0.000285
2023-09-26 11:59:16,069 - fewshot_modelnet_non_linear_classification - INFO - [Validation] EPOCH: 84  acc = 91.5000
2023-09-26 11:59:16,568 - fewshot_modelnet_non_linear_classification - INFO - Save checkpoint at ./experiments/fewshot_modelnet_non_linear_classification/cfgs/add_as_normal/ckpt-last.pth
2023-09-26 11:59:17,883 - fewshot_modelnet_non_linear_classification - INFO - [Training] EPOCH: 85 EpochTime = 1.242 (s) Losses = ['0.0840', '98.9583'] lr = 0.000278
2023-09-26 11:59:19,346 - fewshot_modelnet_non_linear_classification - INFO - [Validation] EPOCH: 85  acc = 92.0000
2023-09-26 11:59:19,808 - fewshot_modelnet_non_linear_classification - INFO - Save checkpoint at ./experiments/fewshot_modelnet_non_linear_classification/cfgs/add_as_normal/ckpt-last.pth
2023-09-26 11:59:21,049 - fewshot_modelnet_non_linear_classification - INFO - [Training] EPOCH: 86 EpochTime = 1.240 (s) Losses = ['0.0656', '100.0000'] lr = 0.000271
2023-09-26 11:59:22,512 - fewshot_modelnet_non_linear_classification - INFO - [Validation] EPOCH: 86  acc = 91.5000
2023-09-26 11:59:23,005 - fewshot_modelnet_non_linear_classification - INFO - Save checkpoint at ./experiments/fewshot_modelnet_non_linear_classification/cfgs/add_as_normal/ckpt-last.pth
2023-09-26 11:59:24,311 - fewshot_modelnet_non_linear_classification - INFO - [Training] EPOCH: 87 EpochTime = 1.304 (s) Losses = ['0.0829', '98.9583'] lr = 0.000264
2023-09-26 11:59:25,788 - fewshot_modelnet_non_linear_classification - INFO - [Validation] EPOCH: 87  acc = 91.0000
2023-09-26 11:59:26,280 - fewshot_modelnet_non_linear_classification - INFO - Save checkpoint at ./experiments/fewshot_modelnet_non_linear_classification/cfgs/add_as_normal/ckpt-last.pth
2023-09-26 11:59:27,548 - fewshot_modelnet_non_linear_classification - INFO - [Training] EPOCH: 88 EpochTime = 1.267 (s) Losses = ['0.0594', '100.0000'] lr = 0.000257
2023-09-26 11:59:29,019 - fewshot_modelnet_non_linear_classification - INFO - [Validation] EPOCH: 88  acc = 92.0000
2023-09-26 11:59:29,491 - fewshot_modelnet_non_linear_classification - INFO - Save checkpoint at ./experiments/fewshot_modelnet_non_linear_classification/cfgs/add_as_normal/ckpt-last.pth
2023-09-26 11:59:30,737 - fewshot_modelnet_non_linear_classification - INFO - [Training] EPOCH: 89 EpochTime = 1.244 (s) Losses = ['0.0705', '100.0000'] lr = 0.000249
2023-09-26 11:59:32,330 - fewshot_modelnet_non_linear_classification - INFO - [Validation] EPOCH: 89  acc = 92.5000
2023-09-26 11:59:32,853 - fewshot_modelnet_non_linear_classification - INFO - Save checkpoint at ./experiments/fewshot_modelnet_non_linear_classification/cfgs/add_as_normal/ckpt-best.pth
2023-09-26 11:59:32,854 - fewshot_modelnet_non_linear_classification - INFO - --------------------------------------------------------------------------------------------
2023-09-26 11:59:33,332 - fewshot_modelnet_non_linear_classification - INFO - Save checkpoint at ./experiments/fewshot_modelnet_non_linear_classification/cfgs/add_as_normal/ckpt-last.pth
2023-09-26 11:59:34,678 - fewshot_modelnet_non_linear_classification - INFO - [Training] EPOCH: 90 EpochTime = 1.345 (s) Losses = ['0.0694', '100.0000'] lr = 0.000242
2023-09-26 11:59:36,150 - fewshot_modelnet_non_linear_classification - INFO - [Validation] EPOCH: 90  acc = 92.0000
2023-09-26 11:59:36,678 - fewshot_modelnet_non_linear_classification - INFO - Save checkpoint at ./experiments/fewshot_modelnet_non_linear_classification/cfgs/add_as_normal/ckpt-last.pth
2023-09-26 11:59:37,970 - fewshot_modelnet_non_linear_classification - INFO - [Training] EPOCH: 91 EpochTime = 1.290 (s) Losses = ['0.0750', '100.0000'] lr = 0.000236
2023-09-26 11:59:39,596 - fewshot_modelnet_non_linear_classification - INFO - [Validation] EPOCH: 91  acc = 92.0000
2023-09-26 11:59:40,108 - fewshot_modelnet_non_linear_classification - INFO - Save checkpoint at ./experiments/fewshot_modelnet_non_linear_classification/cfgs/add_as_normal/ckpt-last.pth
2023-09-26 11:59:41,357 - fewshot_modelnet_non_linear_classification - INFO - [Training] EPOCH: 92 EpochTime = 1.247 (s) Losses = ['0.0738', '98.9583'] lr = 0.000229
2023-09-26 11:59:42,934 - fewshot_modelnet_non_linear_classification - INFO - [Validation] EPOCH: 92  acc = 91.5000
2023-09-26 11:59:43,403 - fewshot_modelnet_non_linear_classification - INFO - Save checkpoint at ./experiments/fewshot_modelnet_non_linear_classification/cfgs/add_as_normal/ckpt-last.pth
2023-09-26 11:59:44,679 - fewshot_modelnet_non_linear_classification - INFO - [Training] EPOCH: 93 EpochTime = 1.274 (s) Losses = ['0.0685', '100.0000'] lr = 0.000222
2023-09-26 11:59:46,136 - fewshot_modelnet_non_linear_classification - INFO - [Validation] EPOCH: 93  acc = 91.5000
2023-09-26 11:59:46,662 - fewshot_modelnet_non_linear_classification - INFO - Save checkpoint at ./experiments/fewshot_modelnet_non_linear_classification/cfgs/add_as_normal/ckpt-last.pth
2023-09-26 11:59:47,911 - fewshot_modelnet_non_linear_classification - INFO - [Training] EPOCH: 94 EpochTime = 1.248 (s) Losses = ['0.0606', '100.0000'] lr = 0.000215
2023-09-26 11:59:49,488 - fewshot_modelnet_non_linear_classification - INFO - [Validation] EPOCH: 94  acc = 91.5000
2023-09-26 11:59:50,001 - fewshot_modelnet_non_linear_classification - INFO - Save checkpoint at ./experiments/fewshot_modelnet_non_linear_classification/cfgs/add_as_normal/ckpt-last.pth
2023-09-26 11:59:51,225 - fewshot_modelnet_non_linear_classification - INFO - [Training] EPOCH: 95 EpochTime = 1.223 (s) Losses = ['0.0693', '100.0000'] lr = 0.000208
2023-09-26 11:59:52,674 - fewshot_modelnet_non_linear_classification - INFO - [Validation] EPOCH: 95  acc = 91.5000
2023-09-26 11:59:53,289 - fewshot_modelnet_non_linear_classification - INFO - Save checkpoint at ./experiments/fewshot_modelnet_non_linear_classification/cfgs/add_as_normal/ckpt-last.pth
2023-09-26 11:59:54,539 - fewshot_modelnet_non_linear_classification - INFO - [Training] EPOCH: 96 EpochTime = 1.248 (s) Losses = ['0.0572', '100.0000'] lr = 0.000202
2023-09-26 11:59:55,996 - fewshot_modelnet_non_linear_classification - INFO - [Validation] EPOCH: 96  acc = 91.5000
2023-09-26 11:59:56,519 - fewshot_modelnet_non_linear_classification - INFO - Save checkpoint at ./experiments/fewshot_modelnet_non_linear_classification/cfgs/add_as_normal/ckpt-last.pth
2023-09-26 11:59:57,916 - fewshot_modelnet_non_linear_classification - INFO - [Training] EPOCH: 97 EpochTime = 1.395 (s) Losses = ['0.0641', '100.0000'] lr = 0.000195
2023-09-26 11:59:59,411 - fewshot_modelnet_non_linear_classification - INFO - [Validation] EPOCH: 97  acc = 91.5000
2023-09-26 11:59:59,901 - fewshot_modelnet_non_linear_classification - INFO - Save checkpoint at ./experiments/fewshot_modelnet_non_linear_classification/cfgs/add_as_normal/ckpt-last.pth
2023-09-26 12:00:01,167 - fewshot_modelnet_non_linear_classification - INFO - [Training] EPOCH: 98 EpochTime = 1.264 (s) Losses = ['0.0832', '100.0000'] lr = 0.000189
2023-09-26 12:00:02,656 - fewshot_modelnet_non_linear_classification - INFO - [Validation] EPOCH: 98  acc = 91.5000
2023-09-26 12:00:03,161 - fewshot_modelnet_non_linear_classification - INFO - Save checkpoint at ./experiments/fewshot_modelnet_non_linear_classification/cfgs/add_as_normal/ckpt-last.pth
2023-09-26 12:00:04,429 - fewshot_modelnet_non_linear_classification - INFO - [Training] EPOCH: 99 EpochTime = 1.266 (s) Losses = ['0.0630', '100.0000'] lr = 0.000182
2023-09-26 12:00:05,994 - fewshot_modelnet_non_linear_classification - INFO - [Validation] EPOCH: 99  acc = 91.5000
2023-09-26 12:00:06,500 - fewshot_modelnet_non_linear_classification - INFO - Save checkpoint at ./experiments/fewshot_modelnet_non_linear_classification/cfgs/add_as_normal/ckpt-last.pth
2023-09-26 12:00:07,789 - fewshot_modelnet_non_linear_classification - INFO - [Training] EPOCH: 100 EpochTime = 1.287 (s) Losses = ['0.0517', '100.0000'] lr = 0.000176
2023-09-26 12:00:09,341 - fewshot_modelnet_non_linear_classification - INFO - [Validation] EPOCH: 100  acc = 91.5000
2023-09-26 12:00:09,812 - fewshot_modelnet_non_linear_classification - INFO - Save checkpoint at ./experiments/fewshot_modelnet_non_linear_classification/cfgs/add_as_normal/ckpt-last.pth
2023-09-26 12:00:11,055 - fewshot_modelnet_non_linear_classification - INFO - [Training] EPOCH: 101 EpochTime = 1.242 (s) Losses = ['0.0890', '100.0000'] lr = 0.000169
2023-09-26 12:00:12,501 - fewshot_modelnet_non_linear_classification - INFO - [Validation] EPOCH: 101  acc = 92.0000
2023-09-26 12:00:12,955 - fewshot_modelnet_non_linear_classification - INFO - Save checkpoint at ./experiments/fewshot_modelnet_non_linear_classification/cfgs/add_as_normal/ckpt-last.pth
2023-09-26 12:00:14,214 - fewshot_modelnet_non_linear_classification - INFO - [Training] EPOCH: 102 EpochTime = 1.257 (s) Losses = ['0.0752', '98.9583'] lr = 0.000163
2023-09-26 12:00:15,661 - fewshot_modelnet_non_linear_classification - INFO - [Validation] EPOCH: 102  acc = 92.0000
2023-09-26 12:00:16,167 - fewshot_modelnet_non_linear_classification - INFO - Save checkpoint at ./experiments/fewshot_modelnet_non_linear_classification/cfgs/add_as_normal/ckpt-last.pth
2023-09-26 12:00:17,389 - fewshot_modelnet_non_linear_classification - INFO - [Training] EPOCH: 103 EpochTime = 1.221 (s) Losses = ['0.1031', '97.9167'] lr = 0.000157
2023-09-26 12:00:18,914 - fewshot_modelnet_non_linear_classification - INFO - [Validation] EPOCH: 103  acc = 92.0000
2023-09-26 12:00:19,374 - fewshot_modelnet_non_linear_classification - INFO - Save checkpoint at ./experiments/fewshot_modelnet_non_linear_classification/cfgs/add_as_normal/ckpt-last.pth
2023-09-26 12:00:20,637 - fewshot_modelnet_non_linear_classification - INFO - [Training] EPOCH: 104 EpochTime = 1.262 (s) Losses = ['0.0801', '100.0000'] lr = 0.000151
2023-09-26 12:00:22,109 - fewshot_modelnet_non_linear_classification - INFO - [Validation] EPOCH: 104  acc = 91.5000
2023-09-26 12:00:22,582 - fewshot_modelnet_non_linear_classification - INFO - Save checkpoint at ./experiments/fewshot_modelnet_non_linear_classification/cfgs/add_as_normal/ckpt-last.pth
2023-09-26 12:00:23,880 - fewshot_modelnet_non_linear_classification - INFO - [Training] EPOCH: 105 EpochTime = 1.296 (s) Losses = ['0.0499', '100.0000'] lr = 0.000145
2023-09-26 12:00:25,372 - fewshot_modelnet_non_linear_classification - INFO - [Validation] EPOCH: 105  acc = 91.5000
2023-09-26 12:00:25,866 - fewshot_modelnet_non_linear_classification - INFO - Save checkpoint at ./experiments/fewshot_modelnet_non_linear_classification/cfgs/add_as_normal/ckpt-last.pth
2023-09-26 12:00:27,183 - fewshot_modelnet_non_linear_classification - INFO - [Training] EPOCH: 106 EpochTime = 1.316 (s) Losses = ['0.0504', '100.0000'] lr = 0.000139
2023-09-26 12:00:28,654 - fewshot_modelnet_non_linear_classification - INFO - [Validation] EPOCH: 106  acc = 92.0000
2023-09-26 12:00:29,092 - fewshot_modelnet_non_linear_classification - INFO - Save checkpoint at ./experiments/fewshot_modelnet_non_linear_classification/cfgs/add_as_normal/ckpt-last.pth
2023-09-26 12:00:30,321 - fewshot_modelnet_non_linear_classification - INFO - [Training] EPOCH: 107 EpochTime = 1.227 (s) Losses = ['0.0812', '100.0000'] lr = 0.000133
2023-09-26 12:00:31,809 - fewshot_modelnet_non_linear_classification - INFO - [Validation] EPOCH: 107  acc = 92.0000
2023-09-26 12:00:32,334 - fewshot_modelnet_non_linear_classification - INFO - Save checkpoint at ./experiments/fewshot_modelnet_non_linear_classification/cfgs/add_as_normal/ckpt-last.pth
2023-09-26 12:00:33,583 - fewshot_modelnet_non_linear_classification - INFO - [Training] EPOCH: 108 EpochTime = 1.247 (s) Losses = ['0.0739', '100.0000'] lr = 0.000128
2023-09-26 12:00:35,106 - fewshot_modelnet_non_linear_classification - INFO - [Validation] EPOCH: 108  acc = 92.0000
2023-09-26 12:00:35,592 - fewshot_modelnet_non_linear_classification - INFO - Save checkpoint at ./experiments/fewshot_modelnet_non_linear_classification/cfgs/add_as_normal/ckpt-last.pth
2023-09-26 12:00:36,846 - fewshot_modelnet_non_linear_classification - INFO - [Training] EPOCH: 109 EpochTime = 1.253 (s) Losses = ['0.0729', '100.0000'] lr = 0.000122
2023-09-26 12:00:38,365 - fewshot_modelnet_non_linear_classification - INFO - [Validation] EPOCH: 109  acc = 92.0000
2023-09-26 12:00:38,833 - fewshot_modelnet_non_linear_classification - INFO - Save checkpoint at ./experiments/fewshot_modelnet_non_linear_classification/cfgs/add_as_normal/ckpt-last.pth
2023-09-26 12:00:40,094 - fewshot_modelnet_non_linear_classification - INFO - [Training] EPOCH: 110 EpochTime = 1.259 (s) Losses = ['0.0455', '100.0000'] lr = 0.000117
2023-09-26 12:00:41,680 - fewshot_modelnet_non_linear_classification - INFO - [Validation] EPOCH: 110  acc = 91.5000
2023-09-26 12:00:42,138 - fewshot_modelnet_non_linear_classification - INFO - Save checkpoint at ./experiments/fewshot_modelnet_non_linear_classification/cfgs/add_as_normal/ckpt-last.pth
2023-09-26 12:00:43,429 - fewshot_modelnet_non_linear_classification - INFO - [Training] EPOCH: 111 EpochTime = 1.289 (s) Losses = ['0.0480', '100.0000'] lr = 0.000111
2023-09-26 12:00:44,871 - fewshot_modelnet_non_linear_classification - INFO - [Validation] EPOCH: 111  acc = 91.5000
2023-09-26 12:00:45,344 - fewshot_modelnet_non_linear_classification - INFO - Save checkpoint at ./experiments/fewshot_modelnet_non_linear_classification/cfgs/add_as_normal/ckpt-last.pth
2023-09-26 12:00:46,601 - fewshot_modelnet_non_linear_classification - INFO - [Training] EPOCH: 112 EpochTime = 1.256 (s) Losses = ['0.1107', '97.9167'] lr = 0.000106
2023-09-26 12:00:48,082 - fewshot_modelnet_non_linear_classification - INFO - [Validation] EPOCH: 112  acc = 91.0000
2023-09-26 12:00:48,507 - fewshot_modelnet_non_linear_classification - INFO - Save checkpoint at ./experiments/fewshot_modelnet_non_linear_classification/cfgs/add_as_normal/ckpt-last.pth
2023-09-26 12:00:49,735 - fewshot_modelnet_non_linear_classification - INFO - [Training] EPOCH: 113 EpochTime = 1.227 (s) Losses = ['0.0525', '100.0000'] lr = 0.000101
2023-09-26 12:00:51,202 - fewshot_modelnet_non_linear_classification - INFO - [Validation] EPOCH: 113  acc = 90.5000
2023-09-26 12:00:51,765 - fewshot_modelnet_non_linear_classification - INFO - Save checkpoint at ./experiments/fewshot_modelnet_non_linear_classification/cfgs/add_as_normal/ckpt-last.pth
2023-09-26 12:00:53,046 - fewshot_modelnet_non_linear_classification - INFO - [Training] EPOCH: 114 EpochTime = 1.280 (s) Losses = ['0.0495', '98.9583'] lr = 0.000096
2023-09-26 12:00:54,597 - fewshot_modelnet_non_linear_classification - INFO - [Validation] EPOCH: 114  acc = 91.5000
2023-09-26 12:00:55,037 - fewshot_modelnet_non_linear_classification - INFO - Save checkpoint at ./experiments/fewshot_modelnet_non_linear_classification/cfgs/add_as_normal/ckpt-last.pth
2023-09-26 12:00:56,362 - fewshot_modelnet_non_linear_classification - INFO - [Training] EPOCH: 115 EpochTime = 1.323 (s) Losses = ['0.0722', '100.0000'] lr = 0.000091
2023-09-26 12:00:57,845 - fewshot_modelnet_non_linear_classification - INFO - [Validation] EPOCH: 115  acc = 92.0000
2023-09-26 12:00:58,341 - fewshot_modelnet_non_linear_classification - INFO - Save checkpoint at ./experiments/fewshot_modelnet_non_linear_classification/cfgs/add_as_normal/ckpt-last.pth
2023-09-26 12:00:59,632 - fewshot_modelnet_non_linear_classification - INFO - [Training] EPOCH: 116 EpochTime = 1.289 (s) Losses = ['0.0576', '100.0000'] lr = 0.000086
2023-09-26 12:01:01,084 - fewshot_modelnet_non_linear_classification - INFO - [Validation] EPOCH: 116  acc = 91.0000
2023-09-26 12:01:01,587 - fewshot_modelnet_non_linear_classification - INFO - Save checkpoint at ./experiments/fewshot_modelnet_non_linear_classification/cfgs/add_as_normal/ckpt-last.pth
2023-09-26 12:01:02,869 - fewshot_modelnet_non_linear_classification - INFO - [Training] EPOCH: 117 EpochTime = 1.280 (s) Losses = ['0.0426', '100.0000'] lr = 0.000081
2023-09-26 12:01:04,331 - fewshot_modelnet_non_linear_classification - INFO - [Validation] EPOCH: 117  acc = 91.0000
2023-09-26 12:01:04,812 - fewshot_modelnet_non_linear_classification - INFO - Save checkpoint at ./experiments/fewshot_modelnet_non_linear_classification/cfgs/add_as_normal/ckpt-last.pth
2023-09-26 12:01:06,054 - fewshot_modelnet_non_linear_classification - INFO - [Training] EPOCH: 118 EpochTime = 1.241 (s) Losses = ['0.0899', '98.9583'] lr = 0.000077
2023-09-26 12:01:07,543 - fewshot_modelnet_non_linear_classification - INFO - [Validation] EPOCH: 118  acc = 91.5000
2023-09-26 12:01:08,002 - fewshot_modelnet_non_linear_classification - INFO - Save checkpoint at ./experiments/fewshot_modelnet_non_linear_classification/cfgs/add_as_normal/ckpt-last.pth
2023-09-26 12:01:09,227 - fewshot_modelnet_non_linear_classification - INFO - [Training] EPOCH: 119 EpochTime = 1.223 (s) Losses = ['0.0478', '100.0000'] lr = 0.000072
2023-09-26 12:01:10,752 - fewshot_modelnet_non_linear_classification - INFO - [Validation] EPOCH: 119  acc = 91.5000
2023-09-26 12:01:11,203 - fewshot_modelnet_non_linear_classification - INFO - Save checkpoint at ./experiments/fewshot_modelnet_non_linear_classification/cfgs/add_as_normal/ckpt-last.pth
2023-09-26 12:01:12,598 - fewshot_modelnet_non_linear_classification - INFO - [Training] EPOCH: 120 EpochTime = 1.393 (s) Losses = ['0.0386', '100.0000'] lr = 0.000068
2023-09-26 12:01:14,081 - fewshot_modelnet_non_linear_classification - INFO - [Validation] EPOCH: 120  acc = 91.5000
2023-09-26 12:01:14,531 - fewshot_modelnet_non_linear_classification - INFO - Save checkpoint at ./experiments/fewshot_modelnet_non_linear_classification/cfgs/add_as_normal/ckpt-last.pth
2023-09-26 12:01:15,839 - fewshot_modelnet_non_linear_classification - INFO - [Training] EPOCH: 121 EpochTime = 1.306 (s) Losses = ['0.0537', '100.0000'] lr = 0.000064
2023-09-26 12:01:17,323 - fewshot_modelnet_non_linear_classification - INFO - [Validation] EPOCH: 121  acc = 91.0000
2023-09-26 12:01:17,772 - fewshot_modelnet_non_linear_classification - INFO - Save checkpoint at ./experiments/fewshot_modelnet_non_linear_classification/cfgs/add_as_normal/ckpt-last.pth
2023-09-26 12:01:19,004 - fewshot_modelnet_non_linear_classification - INFO - [Training] EPOCH: 122 EpochTime = 1.231 (s) Losses = ['0.0707', '100.0000'] lr = 0.000059
2023-09-26 12:01:20,447 - fewshot_modelnet_non_linear_classification - INFO - [Validation] EPOCH: 122  acc = 92.0000
2023-09-26 12:01:20,920 - fewshot_modelnet_non_linear_classification - INFO - Save checkpoint at ./experiments/fewshot_modelnet_non_linear_classification/cfgs/add_as_normal/ckpt-last.pth
2023-09-26 12:01:22,208 - fewshot_modelnet_non_linear_classification - INFO - [Training] EPOCH: 123 EpochTime = 1.286 (s) Losses = ['0.0653', '100.0000'] lr = 0.000055
2023-09-26 12:01:23,744 - fewshot_modelnet_non_linear_classification - INFO - [Validation] EPOCH: 123  acc = 91.5000
2023-09-26 12:01:24,212 - fewshot_modelnet_non_linear_classification - INFO - Save checkpoint at ./experiments/fewshot_modelnet_non_linear_classification/cfgs/add_as_normal/ckpt-last.pth
2023-09-26 12:01:25,566 - fewshot_modelnet_non_linear_classification - INFO - [Training] EPOCH: 124 EpochTime = 1.352 (s) Losses = ['0.0575', '100.0000'] lr = 0.000052
2023-09-26 12:01:27,064 - fewshot_modelnet_non_linear_classification - INFO - [Validation] EPOCH: 124  acc = 91.0000
2023-09-26 12:01:27,589 - fewshot_modelnet_non_linear_classification - INFO - Save checkpoint at ./experiments/fewshot_modelnet_non_linear_classification/cfgs/add_as_normal/ckpt-last.pth
2023-09-26 12:01:28,859 - fewshot_modelnet_non_linear_classification - INFO - [Training] EPOCH: 125 EpochTime = 1.269 (s) Losses = ['0.0590', '100.0000'] lr = 0.000048
2023-09-26 12:01:30,331 - fewshot_modelnet_non_linear_classification - INFO - [Validation] EPOCH: 125  acc = 91.0000
2023-09-26 12:01:30,788 - fewshot_modelnet_non_linear_classification - INFO - Save checkpoint at ./experiments/fewshot_modelnet_non_linear_classification/cfgs/add_as_normal/ckpt-last.pth
2023-09-26 12:01:32,014 - fewshot_modelnet_non_linear_classification - INFO - [Training] EPOCH: 126 EpochTime = 1.224 (s) Losses = ['0.0472', '100.0000'] lr = 0.000044
2023-09-26 12:01:33,530 - fewshot_modelnet_non_linear_classification - INFO - [Validation] EPOCH: 126  acc = 91.0000
2023-09-26 12:01:33,993 - fewshot_modelnet_non_linear_classification - INFO - Save checkpoint at ./experiments/fewshot_modelnet_non_linear_classification/cfgs/add_as_normal/ckpt-last.pth
2023-09-26 12:01:35,298 - fewshot_modelnet_non_linear_classification - INFO - [Training] EPOCH: 127 EpochTime = 1.303 (s) Losses = ['0.0559', '100.0000'] lr = 0.000041
2023-09-26 12:01:36,795 - fewshot_modelnet_non_linear_classification - INFO - [Validation] EPOCH: 127  acc = 91.0000
2023-09-26 12:01:37,343 - fewshot_modelnet_non_linear_classification - INFO - Save checkpoint at ./experiments/fewshot_modelnet_non_linear_classification/cfgs/add_as_normal/ckpt-last.pth
2023-09-26 12:01:38,591 - fewshot_modelnet_non_linear_classification - INFO - [Training] EPOCH: 128 EpochTime = 1.246 (s) Losses = ['0.0853', '97.9167'] lr = 0.000037
2023-09-26 12:01:40,089 - fewshot_modelnet_non_linear_classification - INFO - [Validation] EPOCH: 128  acc = 91.0000
2023-09-26 12:01:40,556 - fewshot_modelnet_non_linear_classification - INFO - Save checkpoint at ./experiments/fewshot_modelnet_non_linear_classification/cfgs/add_as_normal/ckpt-last.pth
2023-09-26 12:01:41,869 - fewshot_modelnet_non_linear_classification - INFO - [Training] EPOCH: 129 EpochTime = 1.311 (s) Losses = ['0.0576', '100.0000'] lr = 0.000034
2023-09-26 12:01:43,429 - fewshot_modelnet_non_linear_classification - INFO - [Validation] EPOCH: 129  acc = 91.0000
2023-09-26 12:01:43,928 - fewshot_modelnet_non_linear_classification - INFO - Save checkpoint at ./experiments/fewshot_modelnet_non_linear_classification/cfgs/add_as_normal/ckpt-last.pth
2023-09-26 12:01:45,178 - fewshot_modelnet_non_linear_classification - INFO - [Training] EPOCH: 130 EpochTime = 1.247 (s) Losses = ['0.0420', '100.0000'] lr = 0.000031
2023-09-26 12:01:46,671 - fewshot_modelnet_non_linear_classification - INFO - [Validation] EPOCH: 130  acc = 91.0000
2023-09-26 12:01:47,155 - fewshot_modelnet_non_linear_classification - INFO - Save checkpoint at ./experiments/fewshot_modelnet_non_linear_classification/cfgs/add_as_normal/ckpt-last.pth
2023-09-26 12:01:48,447 - fewshot_modelnet_non_linear_classification - INFO - [Training] EPOCH: 131 EpochTime = 1.291 (s) Losses = ['0.0570', '100.0000'] lr = 0.000028
2023-09-26 12:01:49,930 - fewshot_modelnet_non_linear_classification - INFO - [Validation] EPOCH: 131  acc = 91.0000
2023-09-26 12:01:50,408 - fewshot_modelnet_non_linear_classification - INFO - Save checkpoint at ./experiments/fewshot_modelnet_non_linear_classification/cfgs/add_as_normal/ckpt-last.pth
2023-09-26 12:01:51,633 - fewshot_modelnet_non_linear_classification - INFO - [Training] EPOCH: 132 EpochTime = 1.224 (s) Losses = ['0.0804', '98.9583'] lr = 0.000026
2023-09-26 12:01:53,114 - fewshot_modelnet_non_linear_classification - INFO - [Validation] EPOCH: 132  acc = 91.5000
2023-09-26 12:01:53,579 - fewshot_modelnet_non_linear_classification - INFO - Save checkpoint at ./experiments/fewshot_modelnet_non_linear_classification/cfgs/add_as_normal/ckpt-last.pth
2023-09-26 12:01:54,836 - fewshot_modelnet_non_linear_classification - INFO - [Training] EPOCH: 133 EpochTime = 1.255 (s) Losses = ['0.0493', '100.0000'] lr = 0.000023
2023-09-26 12:01:56,308 - fewshot_modelnet_non_linear_classification - INFO - [Validation] EPOCH: 133  acc = 91.0000
2023-09-26 12:01:56,736 - fewshot_modelnet_non_linear_classification - INFO - Save checkpoint at ./experiments/fewshot_modelnet_non_linear_classification/cfgs/add_as_normal/ckpt-last.pth
2023-09-26 12:01:57,974 - fewshot_modelnet_non_linear_classification - INFO - [Training] EPOCH: 134 EpochTime = 1.236 (s) Losses = ['0.0647', '98.9583'] lr = 0.000020
2023-09-26 12:01:59,439 - fewshot_modelnet_non_linear_classification - INFO - [Validation] EPOCH: 134  acc = 91.5000
2023-09-26 12:01:59,883 - fewshot_modelnet_non_linear_classification - INFO - Save checkpoint at ./experiments/fewshot_modelnet_non_linear_classification/cfgs/add_as_normal/ckpt-last.pth
2023-09-26 12:02:01,135 - fewshot_modelnet_non_linear_classification - INFO - [Training] EPOCH: 135 EpochTime = 1.251 (s) Losses = ['0.0606', '100.0000'] lr = 0.000018
2023-09-26 12:02:02,835 - fewshot_modelnet_non_linear_classification - INFO - [Validation] EPOCH: 135  acc = 91.0000
2023-09-26 12:02:03,296 - fewshot_modelnet_non_linear_classification - INFO - Save checkpoint at ./experiments/fewshot_modelnet_non_linear_classification/cfgs/add_as_normal/ckpt-last.pth
2023-09-26 12:02:04,568 - fewshot_modelnet_non_linear_classification - INFO - [Training] EPOCH: 136 EpochTime = 1.270 (s) Losses = ['0.0534', '100.0000'] lr = 0.000016
2023-09-26 12:02:06,103 - fewshot_modelnet_non_linear_classification - INFO - [Validation] EPOCH: 136  acc = 91.0000
2023-09-26 12:02:06,617 - fewshot_modelnet_non_linear_classification - INFO - Save checkpoint at ./experiments/fewshot_modelnet_non_linear_classification/cfgs/add_as_normal/ckpt-last.pth
2023-09-26 12:02:07,864 - fewshot_modelnet_non_linear_classification - INFO - [Training] EPOCH: 137 EpochTime = 1.244 (s) Losses = ['0.0584', '98.9583'] lr = 0.000014
2023-09-26 12:02:09,326 - fewshot_modelnet_non_linear_classification - INFO - [Validation] EPOCH: 137  acc = 91.0000
2023-09-26 12:02:09,825 - fewshot_modelnet_non_linear_classification - INFO - Save checkpoint at ./experiments/fewshot_modelnet_non_linear_classification/cfgs/add_as_normal/ckpt-last.pth
2023-09-26 12:02:11,159 - fewshot_modelnet_non_linear_classification - INFO - [Training] EPOCH: 138 EpochTime = 1.331 (s) Losses = ['0.0400', '100.0000'] lr = 0.000012
2023-09-26 12:02:12,631 - fewshot_modelnet_non_linear_classification - INFO - [Validation] EPOCH: 138  acc = 91.5000
2023-09-26 12:02:13,089 - fewshot_modelnet_non_linear_classification - INFO - Save checkpoint at ./experiments/fewshot_modelnet_non_linear_classification/cfgs/add_as_normal/ckpt-last.pth
2023-09-26 12:02:14,341 - fewshot_modelnet_non_linear_classification - INFO - [Training] EPOCH: 139 EpochTime = 1.251 (s) Losses = ['0.0711', '98.9583'] lr = 0.000010
2023-09-26 12:02:15,908 - fewshot_modelnet_non_linear_classification - INFO - [Validation] EPOCH: 139  acc = 91.0000
2023-09-26 12:02:16,404 - fewshot_modelnet_non_linear_classification - INFO - Save checkpoint at ./experiments/fewshot_modelnet_non_linear_classification/cfgs/add_as_normal/ckpt-last.pth
2023-09-26 12:02:17,661 - fewshot_modelnet_non_linear_classification - INFO - [Training] EPOCH: 140 EpochTime = 1.255 (s) Losses = ['0.0604', '100.0000'] lr = 0.000009
2023-09-26 12:02:19,138 - fewshot_modelnet_non_linear_classification - INFO - [Validation] EPOCH: 140  acc = 91.0000
2023-09-26 12:02:19,571 - fewshot_modelnet_non_linear_classification - INFO - Save checkpoint at ./experiments/fewshot_modelnet_non_linear_classification/cfgs/add_as_normal/ckpt-last.pth
2023-09-26 12:02:20,803 - fewshot_modelnet_non_linear_classification - INFO - [Training] EPOCH: 141 EpochTime = 1.230 (s) Losses = ['0.0818', '98.9583'] lr = 0.000007
2023-09-26 12:02:22,302 - fewshot_modelnet_non_linear_classification - INFO - [Validation] EPOCH: 141  acc = 92.5000
2023-09-26 12:02:22,823 - fewshot_modelnet_non_linear_classification - INFO - Save checkpoint at ./experiments/fewshot_modelnet_non_linear_classification/cfgs/add_as_normal/ckpt-last.pth
2023-09-26 12:02:23,269 - fewshot_modelnet_non_linear_classification - INFO - Save checkpoint at ./experiments/fewshot_modelnet_non_linear_classification/cfgs/add_as_normal/ckpt-epoch-141.pth
2023-09-26 12:02:24,541 - fewshot_modelnet_non_linear_classification - INFO - [Training] EPOCH: 142 EpochTime = 1.271 (s) Losses = ['0.0613', '100.0000'] lr = 0.000006
2023-09-26 12:02:25,988 - fewshot_modelnet_non_linear_classification - INFO - [Validation] EPOCH: 142  acc = 92.5000
2023-09-26 12:02:26,461 - fewshot_modelnet_non_linear_classification - INFO - Save checkpoint at ./experiments/fewshot_modelnet_non_linear_classification/cfgs/add_as_normal/ckpt-last.pth
2023-09-26 12:02:26,939 - fewshot_modelnet_non_linear_classification - INFO - Save checkpoint at ./experiments/fewshot_modelnet_non_linear_classification/cfgs/add_as_normal/ckpt-epoch-142.pth
2023-09-26 12:02:28,188 - fewshot_modelnet_non_linear_classification - INFO - [Training] EPOCH: 143 EpochTime = 1.247 (s) Losses = ['0.0743', '100.0000'] lr = 0.000005
2023-09-26 12:02:29,658 - fewshot_modelnet_non_linear_classification - INFO - [Validation] EPOCH: 143  acc = 92.0000
2023-09-26 12:02:30,131 - fewshot_modelnet_non_linear_classification - INFO - Save checkpoint at ./experiments/fewshot_modelnet_non_linear_classification/cfgs/add_as_normal/ckpt-last.pth
2023-09-26 12:02:30,590 - fewshot_modelnet_non_linear_classification - INFO - Save checkpoint at ./experiments/fewshot_modelnet_non_linear_classification/cfgs/add_as_normal/ckpt-epoch-143.pth
2023-09-26 12:02:31,859 - fewshot_modelnet_non_linear_classification - INFO - [Training] EPOCH: 144 EpochTime = 1.267 (s) Losses = ['0.0597', '100.0000'] lr = 0.000004
2023-09-26 12:02:33,313 - fewshot_modelnet_non_linear_classification - INFO - [Validation] EPOCH: 144  acc = 91.5000
2023-09-26 12:02:33,756 - fewshot_modelnet_non_linear_classification - INFO - Save checkpoint at ./experiments/fewshot_modelnet_non_linear_classification/cfgs/add_as_normal/ckpt-last.pth
2023-09-26 12:02:34,884 - fewshot_modelnet_non_linear_classification - INFO - Save checkpoint at ./experiments/fewshot_modelnet_non_linear_classification/cfgs/add_as_normal/ckpt-epoch-144.pth
2023-09-26 12:02:36,172 - fewshot_modelnet_non_linear_classification - INFO - [Training] EPOCH: 145 EpochTime = 1.286 (s) Losses = ['0.0590', '98.9583'] lr = 0.000003
2023-09-26 12:02:37,706 - fewshot_modelnet_non_linear_classification - INFO - [Validation] EPOCH: 145  acc = 91.5000
2023-09-26 12:02:38,150 - fewshot_modelnet_non_linear_classification - INFO - Save checkpoint at ./experiments/fewshot_modelnet_non_linear_classification/cfgs/add_as_normal/ckpt-last.pth
2023-09-26 12:02:38,608 - fewshot_modelnet_non_linear_classification - INFO - Save checkpoint at ./experiments/fewshot_modelnet_non_linear_classification/cfgs/add_as_normal/ckpt-epoch-145.pth
2023-09-26 12:02:39,868 - fewshot_modelnet_non_linear_classification - INFO - [Training] EPOCH: 146 EpochTime = 1.259 (s) Losses = ['0.0600', '100.0000'] lr = 0.000002
2023-09-26 12:02:41,364 - fewshot_modelnet_non_linear_classification - INFO - [Validation] EPOCH: 146  acc = 91.5000
2023-09-26 12:02:41,832 - fewshot_modelnet_non_linear_classification - INFO - Save checkpoint at ./experiments/fewshot_modelnet_non_linear_classification/cfgs/add_as_normal/ckpt-last.pth
2023-09-26 12:02:42,271 - fewshot_modelnet_non_linear_classification - INFO - Save checkpoint at ./experiments/fewshot_modelnet_non_linear_classification/cfgs/add_as_normal/ckpt-epoch-146.pth
2023-09-26 12:02:43,513 - fewshot_modelnet_non_linear_classification - INFO - [Training] EPOCH: 147 EpochTime = 1.239 (s) Losses = ['0.0630', '100.0000'] lr = 0.000002
2023-09-26 12:02:44,948 - fewshot_modelnet_non_linear_classification - INFO - [Validation] EPOCH: 147  acc = 91.5000
2023-09-26 12:02:45,459 - fewshot_modelnet_non_linear_classification - INFO - Save checkpoint at ./experiments/fewshot_modelnet_non_linear_classification/cfgs/add_as_normal/ckpt-last.pth
2023-09-26 12:02:45,921 - fewshot_modelnet_non_linear_classification - INFO - Save checkpoint at ./experiments/fewshot_modelnet_non_linear_classification/cfgs/add_as_normal/ckpt-epoch-147.pth
2023-09-26 12:02:47,175 - fewshot_modelnet_non_linear_classification - INFO - [Training] EPOCH: 148 EpochTime = 1.252 (s) Losses = ['0.0491', '100.0000'] lr = 0.000001
2023-09-26 12:02:48,664 - fewshot_modelnet_non_linear_classification - INFO - [Validation] EPOCH: 148  acc = 92.0000
2023-09-26 12:02:49,111 - fewshot_modelnet_non_linear_classification - INFO - Save checkpoint at ./experiments/fewshot_modelnet_non_linear_classification/cfgs/add_as_normal/ckpt-last.pth
2023-09-26 12:02:49,555 - fewshot_modelnet_non_linear_classification - INFO - Save checkpoint at ./experiments/fewshot_modelnet_non_linear_classification/cfgs/add_as_normal/ckpt-epoch-148.pth
2023-09-26 12:02:50,876 - fewshot_modelnet_non_linear_classification - INFO - [Training] EPOCH: 149 EpochTime = 1.318 (s) Losses = ['0.0473', '100.0000'] lr = 0.000001
2023-09-26 12:02:52,340 - fewshot_modelnet_non_linear_classification - INFO - [Validation] EPOCH: 149  acc = 92.0000
2023-09-26 12:02:52,901 - fewshot_modelnet_non_linear_classification - INFO - Save checkpoint at ./experiments/fewshot_modelnet_non_linear_classification/cfgs/add_as_normal/ckpt-last.pth
2023-09-26 12:02:53,350 - fewshot_modelnet_non_linear_classification - INFO - Save checkpoint at ./experiments/fewshot_modelnet_non_linear_classification/cfgs/add_as_normal/ckpt-epoch-149.pth
2023-09-26 12:02:54,610 - fewshot_modelnet_non_linear_classification - INFO - [Training] EPOCH: 150 EpochTime = 1.259 (s) Losses = ['0.0537', '100.0000'] lr = 0.000001
2023-09-26 12:02:56,124 - fewshot_modelnet_non_linear_classification - INFO - [Validation] EPOCH: 150  acc = 92.0000
2023-09-26 12:02:56,616 - fewshot_modelnet_non_linear_classification - INFO - Save checkpoint at ./experiments/fewshot_modelnet_non_linear_classification/cfgs/add_as_normal/ckpt-last.pth
2023-09-26 12:02:57,063 - fewshot_modelnet_non_linear_classification - INFO - Save checkpoint at ./experiments/fewshot_modelnet_non_linear_classification/cfgs/add_as_normal/ckpt-epoch-150.pth
