2023-09-26 11:06:23,170 - fewshot_modelnet_non_linear_classification - INFO - Copy the Config file from cfgs/fewshot_modelnet_non_linear_classification.yaml to ./experiments/fewshot_modelnet_non_linear_classification/cfgs/add_as_normal/config.yaml
2023-09-26 11:06:23,170 - fewshot_modelnet_non_linear_classification - INFO - args.config : cfgs/fewshot_modelnet_non_linear_classification.yaml
2023-09-26 11:06:23,170 - fewshot_modelnet_non_linear_classification - INFO - args.launcher : none
2023-09-26 11:06:23,170 - fewshot_modelnet_non_linear_classification - INFO - args.local_rank : 0
2023-09-26 11:06:23,170 - fewshot_modelnet_non_linear_classification - INFO - args.num_workers : 8
2023-09-26 11:06:23,170 - fewshot_modelnet_non_linear_classification - INFO - args.seed : 0
2023-09-26 11:06:23,171 - fewshot_modelnet_non_linear_classification - INFO - args.deterministic : False
2023-09-26 11:06:23,171 - fewshot_modelnet_non_linear_classification - INFO - args.sync_bn : True
2023-09-26 11:06:23,171 - fewshot_modelnet_non_linear_classification - INFO - args.update_weights_every : 1
2023-09-26 11:06:23,171 - fewshot_modelnet_non_linear_classification - INFO - args.main_task : 0
2023-09-26 11:06:23,171 - fewshot_modelnet_non_linear_classification - INFO - args.nashmtl_optim_niter : 20
2023-09-26 11:06:23,171 - fewshot_modelnet_non_linear_classification - INFO - args.c : 0.4
2023-09-26 11:06:23,171 - fewshot_modelnet_non_linear_classification - INFO - args.dwa_temp : 2.0
2023-09-26 11:06:23,171 - fewshot_modelnet_non_linear_classification - INFO - args.method_params_lr : 0.025
2023-09-26 11:06:23,171 - fewshot_modelnet_non_linear_classification - INFO - args.method : nashmtl
2023-09-26 11:06:23,171 - fewshot_modelnet_non_linear_classification - INFO - args.gpu : 5
2023-09-26 11:06:23,171 - fewshot_modelnet_non_linear_classification - INFO - args.large_group : 5
2023-09-26 11:06:23,171 - fewshot_modelnet_non_linear_classification - INFO - args.small_group : 10
2023-09-26 11:06:23,171 - fewshot_modelnet_non_linear_classification - INFO - args.large_patch : 6
2023-09-26 11:06:23,171 - fewshot_modelnet_non_linear_classification - INFO - args.small_patch : 3
2023-09-26 11:06:23,171 - fewshot_modelnet_non_linear_classification - INFO - args.queue_length : 8192
2023-09-26 11:06:23,171 - fewshot_modelnet_non_linear_classification - INFO - args.epoch_queue_starts : 10
2023-09-26 11:06:23,171 - fewshot_modelnet_non_linear_classification - INFO - args.nmb_crops : [5, 10]
2023-09-26 11:06:23,171 - fewshot_modelnet_non_linear_classification - INFO - args.fea_dim : 384
2023-09-26 11:06:23,172 - fewshot_modelnet_non_linear_classification - INFO - args.hidden_mlp : 256
2023-09-26 11:06:23,172 - fewshot_modelnet_non_linear_classification - INFO - args.output_dim : 128
2023-09-26 11:06:23,172 - fewshot_modelnet_non_linear_classification - INFO - args.nmb_prototypes : 200
2023-09-26 11:06:23,172 - fewshot_modelnet_non_linear_classification - INFO - args.temperature : 0.1
2023-09-26 11:06:23,172 - fewshot_modelnet_non_linear_classification - INFO - args.epsilon : 0.05
2023-09-26 11:06:23,172 - fewshot_modelnet_non_linear_classification - INFO - args.sinkhorn_iterations : 3
2023-09-26 11:06:23,172 - fewshot_modelnet_non_linear_classification - INFO - args.world_size : 1
2023-09-26 11:06:23,172 - fewshot_modelnet_non_linear_classification - INFO - args.exp_name : add_as_normal
2023-09-26 11:06:23,172 - fewshot_modelnet_non_linear_classification - INFO - args.loss : cd1
2023-09-26 11:06:23,172 - fewshot_modelnet_non_linear_classification - INFO - args.start_ckpts : None
2023-09-26 11:06:23,172 - fewshot_modelnet_non_linear_classification - INFO - args.ckpts : ./experiments/pretrain_MaskSurf/cfgs/add_as_normal/ckpt-last.pth
2023-09-26 11:06:23,172 - fewshot_modelnet_non_linear_classification - INFO - args.val_freq : 1
2023-09-26 11:06:23,172 - fewshot_modelnet_non_linear_classification - INFO - args.vote : False
2023-09-26 11:06:23,172 - fewshot_modelnet_non_linear_classification - INFO - args.resume : False
2023-09-26 11:06:23,172 - fewshot_modelnet_non_linear_classification - INFO - args.test : False
2023-09-26 11:06:23,172 - fewshot_modelnet_non_linear_classification - INFO - args.finetune_model : True
2023-09-26 11:06:23,172 - fewshot_modelnet_non_linear_classification - INFO - args.scratch_model : False
2023-09-26 11:06:23,172 - fewshot_modelnet_non_linear_classification - INFO - args.mode : None
2023-09-26 11:06:23,173 - fewshot_modelnet_non_linear_classification - INFO - args.way : 5
2023-09-26 11:06:23,173 - fewshot_modelnet_non_linear_classification - INFO - args.shot : 20
2023-09-26 11:06:23,173 - fewshot_modelnet_non_linear_classification - INFO - args.fold : 6
2023-09-26 11:06:23,173 - fewshot_modelnet_non_linear_classification - INFO - args.experiment_path : ./experiments/fewshot_modelnet_non_linear_classification/cfgs/add_as_normal
2023-09-26 11:06:23,173 - fewshot_modelnet_non_linear_classification - INFO - args.tfboard_path : ./experiments/fewshot_modelnet_non_linear_classification/cfgs/TFBoard/add_as_normal
2023-09-26 11:06:23,173 - fewshot_modelnet_non_linear_classification - INFO - args.log_name : fewshot_modelnet_non_linear_classification
2023-09-26 11:06:23,173 - fewshot_modelnet_non_linear_classification - INFO - args.use_gpu : True
2023-09-26 11:06:23,173 - fewshot_modelnet_non_linear_classification - INFO - args.distributed : False
2023-09-26 11:06:23,173 - fewshot_modelnet_non_linear_classification - INFO - config.optimizer = edict()
2023-09-26 11:06:23,173 - fewshot_modelnet_non_linear_classification - INFO - config.optimizer.type : AdamW
2023-09-26 11:06:23,173 - fewshot_modelnet_non_linear_classification - INFO - config.optimizer.part : only_new
2023-09-26 11:06:23,173 - fewshot_modelnet_non_linear_classification - INFO - config.optimizer.kwargs = edict()
2023-09-26 11:06:23,173 - fewshot_modelnet_non_linear_classification - INFO - config.optimizer.kwargs.lr : 0.0007
2023-09-26 11:06:23,173 - fewshot_modelnet_non_linear_classification - INFO - config.optimizer.kwargs.weight_decay : 0.05
2023-09-26 11:06:23,173 - fewshot_modelnet_non_linear_classification - INFO - config.scheduler = edict()
2023-09-26 11:06:23,173 - fewshot_modelnet_non_linear_classification - INFO - config.scheduler.type : CosLR
2023-09-26 11:06:23,173 - fewshot_modelnet_non_linear_classification - INFO - config.scheduler.kwargs = edict()
2023-09-26 11:06:23,173 - fewshot_modelnet_non_linear_classification - INFO - config.scheduler.kwargs.epochs : 150
2023-09-26 11:06:23,173 - fewshot_modelnet_non_linear_classification - INFO - config.scheduler.kwargs.initial_epochs : 10
2023-09-26 11:06:23,174 - fewshot_modelnet_non_linear_classification - INFO - config.dataset = edict()
2023-09-26 11:06:23,174 - fewshot_modelnet_non_linear_classification - INFO - config.dataset.train = edict()
2023-09-26 11:06:23,174 - fewshot_modelnet_non_linear_classification - INFO - config.dataset.train._base_ = edict()
2023-09-26 11:06:23,174 - fewshot_modelnet_non_linear_classification - INFO - config.dataset.train._base_.NAME : ModelNetFewShot
2023-09-26 11:06:23,174 - fewshot_modelnet_non_linear_classification - INFO - config.dataset.train._base_.DATA_PATH : data/ModelNetFewshot
2023-09-26 11:06:23,174 - fewshot_modelnet_non_linear_classification - INFO - config.dataset.train._base_.N_POINTS : 8192
2023-09-26 11:06:23,174 - fewshot_modelnet_non_linear_classification - INFO - config.dataset.train._base_.NUM_CATEGORY : 40
2023-09-26 11:06:23,174 - fewshot_modelnet_non_linear_classification - INFO - config.dataset.train._base_.USE_NORMALS : False
2023-09-26 11:06:23,174 - fewshot_modelnet_non_linear_classification - INFO - config.dataset.train.others = edict()
2023-09-26 11:06:23,174 - fewshot_modelnet_non_linear_classification - INFO - config.dataset.train.others.subset : train
2023-09-26 11:06:23,174 - fewshot_modelnet_non_linear_classification - INFO - config.dataset.train.others.bs : 32
2023-09-26 11:06:23,174 - fewshot_modelnet_non_linear_classification - INFO - config.dataset.val = edict()
2023-09-26 11:06:23,174 - fewshot_modelnet_non_linear_classification - INFO - config.dataset.val._base_ = edict()
2023-09-26 11:06:23,174 - fewshot_modelnet_non_linear_classification - INFO - config.dataset.val._base_.NAME : ModelNetFewShot
2023-09-26 11:06:23,174 - fewshot_modelnet_non_linear_classification - INFO - config.dataset.val._base_.DATA_PATH : data/ModelNetFewshot
2023-09-26 11:06:23,174 - fewshot_modelnet_non_linear_classification - INFO - config.dataset.val._base_.N_POINTS : 8192
2023-09-26 11:06:23,174 - fewshot_modelnet_non_linear_classification - INFO - config.dataset.val._base_.NUM_CATEGORY : 40
2023-09-26 11:06:23,174 - fewshot_modelnet_non_linear_classification - INFO - config.dataset.val._base_.USE_NORMALS : False
2023-09-26 11:06:23,175 - fewshot_modelnet_non_linear_classification - INFO - config.dataset.val.others = edict()
2023-09-26 11:06:23,175 - fewshot_modelnet_non_linear_classification - INFO - config.dataset.val.others.subset : test
2023-09-26 11:06:23,175 - fewshot_modelnet_non_linear_classification - INFO - config.dataset.val.others.bs : 64
2023-09-26 11:06:23,175 - fewshot_modelnet_non_linear_classification - INFO - config.dataset.test = edict()
2023-09-26 11:06:23,175 - fewshot_modelnet_non_linear_classification - INFO - config.dataset.test._base_ = edict()
2023-09-26 11:06:23,175 - fewshot_modelnet_non_linear_classification - INFO - config.dataset.test._base_.NAME : ModelNet
2023-09-26 11:06:23,175 - fewshot_modelnet_non_linear_classification - INFO - config.dataset.test._base_.DATA_PATH : data/ModelNet/modelnet40_normal_resampled
2023-09-26 11:06:23,175 - fewshot_modelnet_non_linear_classification - INFO - config.dataset.test._base_.N_POINTS : 8192
2023-09-26 11:06:23,175 - fewshot_modelnet_non_linear_classification - INFO - config.dataset.test._base_.NUM_CATEGORY : 40
2023-09-26 11:06:23,175 - fewshot_modelnet_non_linear_classification - INFO - config.dataset.test._base_.USE_NORMALS : False
2023-09-26 11:06:23,175 - fewshot_modelnet_non_linear_classification - INFO - config.dataset.test.others = edict()
2023-09-26 11:06:23,175 - fewshot_modelnet_non_linear_classification - INFO - config.dataset.test.others.subset : test
2023-09-26 11:06:23,175 - fewshot_modelnet_non_linear_classification - INFO - config.dataset.test.others.bs : 32
2023-09-26 11:06:23,175 - fewshot_modelnet_non_linear_classification - INFO - config.model = edict()
2023-09-26 11:06:23,175 - fewshot_modelnet_non_linear_classification - INFO - config.model.NAME : PointTransformer
2023-09-26 11:06:23,175 - fewshot_modelnet_non_linear_classification - INFO - config.model.trans_dim : 384
2023-09-26 11:06:23,175 - fewshot_modelnet_non_linear_classification - INFO - config.model.depth : 12
2023-09-26 11:06:23,175 - fewshot_modelnet_non_linear_classification - INFO - config.model.drop_path_rate : 0.1
2023-09-26 11:06:23,176 - fewshot_modelnet_non_linear_classification - INFO - config.model.cls_dim : 40
2023-09-26 11:06:23,176 - fewshot_modelnet_non_linear_classification - INFO - config.model.num_heads : 6
2023-09-26 11:06:23,176 - fewshot_modelnet_non_linear_classification - INFO - config.model.group_size : 32
2023-09-26 11:06:23,176 - fewshot_modelnet_non_linear_classification - INFO - config.model.num_group : 64
2023-09-26 11:06:23,176 - fewshot_modelnet_non_linear_classification - INFO - config.model.encoder_dims : 384
2023-09-26 11:06:23,176 - fewshot_modelnet_non_linear_classification - INFO - config.npoints : 1024
2023-09-26 11:06:23,176 - fewshot_modelnet_non_linear_classification - INFO - config.total_bs : 32
2023-09-26 11:06:23,176 - fewshot_modelnet_non_linear_classification - INFO - config.step_per_update : 1
2023-09-26 11:06:23,176 - fewshot_modelnet_non_linear_classification - INFO - config.max_epoch : 150
2023-09-26 11:06:23,176 - fewshot_modelnet_non_linear_classification - INFO - config.grad_norm_clip : 10
2023-09-26 11:06:23,176 - fewshot_modelnet_non_linear_classification - INFO - Distributed training: False
2023-09-26 11:06:23,176 - fewshot_modelnet_non_linear_classification - INFO - Set random seed to 0, deterministic: False
2023-09-26 11:06:25,201 - fewshot_modelnet_non_linear_classification - INFO - Using Data parallel ...
2023-09-26 11:06:30,099 - fewshot_modelnet_non_linear_classification - INFO - [Training] EPOCH: 0 EpochTime = 4.893 (s) Losses = ['3.7491', '3.1250'] lr = 0.000001
2023-09-26 11:06:30,597 - fewshot_modelnet_non_linear_classification - INFO - Save checkpoint at ./experiments/fewshot_modelnet_non_linear_classification/cfgs/add_as_normal/ckpt-last.pth
2023-09-26 11:06:31,831 - fewshot_modelnet_non_linear_classification - INFO - [Training] EPOCH: 1 EpochTime = 1.233 (s) Losses = ['3.6905', '3.1250'] lr = 0.000071
2023-09-26 11:06:34,170 - fewshot_modelnet_non_linear_classification - INFO - [Validation] EPOCH: 1  acc = 1.0000
2023-09-26 11:06:34,660 - fewshot_modelnet_non_linear_classification - INFO - Save checkpoint at ./experiments/fewshot_modelnet_non_linear_classification/cfgs/add_as_normal/ckpt-best.pth
2023-09-26 11:06:34,660 - fewshot_modelnet_non_linear_classification - INFO - --------------------------------------------------------------------------------------------
2023-09-26 11:06:35,134 - fewshot_modelnet_non_linear_classification - INFO - Save checkpoint at ./experiments/fewshot_modelnet_non_linear_classification/cfgs/add_as_normal/ckpt-last.pth
2023-09-26 11:06:36,343 - fewshot_modelnet_non_linear_classification - INFO - [Training] EPOCH: 2 EpochTime = 1.208 (s) Losses = ['3.6835', '5.2083'] lr = 0.000141
2023-09-26 11:06:37,422 - fewshot_modelnet_non_linear_classification - INFO - [Validation] EPOCH: 2  acc = 0.0000
2023-09-26 11:06:37,944 - fewshot_modelnet_non_linear_classification - INFO - Save checkpoint at ./experiments/fewshot_modelnet_non_linear_classification/cfgs/add_as_normal/ckpt-last.pth
2023-09-26 11:06:39,288 - fewshot_modelnet_non_linear_classification - INFO - [Training] EPOCH: 3 EpochTime = 1.342 (s) Losses = ['3.5152', '11.4583'] lr = 0.000211
2023-09-26 11:06:40,309 - fewshot_modelnet_non_linear_classification - INFO - [Validation] EPOCH: 3  acc = 6.0000
2023-09-26 11:06:40,794 - fewshot_modelnet_non_linear_classification - INFO - Save checkpoint at ./experiments/fewshot_modelnet_non_linear_classification/cfgs/add_as_normal/ckpt-best.pth
2023-09-26 11:06:40,794 - fewshot_modelnet_non_linear_classification - INFO - --------------------------------------------------------------------------------------------
2023-09-26 11:06:41,274 - fewshot_modelnet_non_linear_classification - INFO - Save checkpoint at ./experiments/fewshot_modelnet_non_linear_classification/cfgs/add_as_normal/ckpt-last.pth
2023-09-26 11:06:42,523 - fewshot_modelnet_non_linear_classification - INFO - [Training] EPOCH: 4 EpochTime = 1.247 (s) Losses = ['3.2768', '17.7083'] lr = 0.000281
2023-09-26 11:06:43,527 - fewshot_modelnet_non_linear_classification - INFO - [Validation] EPOCH: 4  acc = 26.0000
2023-09-26 11:06:43,980 - fewshot_modelnet_non_linear_classification - INFO - Save checkpoint at ./experiments/fewshot_modelnet_non_linear_classification/cfgs/add_as_normal/ckpt-best.pth
2023-09-26 11:06:43,980 - fewshot_modelnet_non_linear_classification - INFO - --------------------------------------------------------------------------------------------
2023-09-26 11:06:44,495 - fewshot_modelnet_non_linear_classification - INFO - Save checkpoint at ./experiments/fewshot_modelnet_non_linear_classification/cfgs/add_as_normal/ckpt-last.pth
2023-09-26 11:06:45,823 - fewshot_modelnet_non_linear_classification - INFO - [Training] EPOCH: 5 EpochTime = 1.326 (s) Losses = ['3.1378', '21.8750'] lr = 0.000351
2023-09-26 11:06:46,847 - fewshot_modelnet_non_linear_classification - INFO - [Validation] EPOCH: 5  acc = 45.0000
2023-09-26 11:06:47,357 - fewshot_modelnet_non_linear_classification - INFO - Save checkpoint at ./experiments/fewshot_modelnet_non_linear_classification/cfgs/add_as_normal/ckpt-best.pth
2023-09-26 11:06:47,357 - fewshot_modelnet_non_linear_classification - INFO - --------------------------------------------------------------------------------------------
2023-09-26 11:06:47,835 - fewshot_modelnet_non_linear_classification - INFO - Save checkpoint at ./experiments/fewshot_modelnet_non_linear_classification/cfgs/add_as_normal/ckpt-last.pth
2023-09-26 11:06:49,116 - fewshot_modelnet_non_linear_classification - INFO - [Training] EPOCH: 6 EpochTime = 1.279 (s) Losses = ['2.8506', '36.4583'] lr = 0.000420
2023-09-26 11:06:50,147 - fewshot_modelnet_non_linear_classification - INFO - [Validation] EPOCH: 6  acc = 59.0000
2023-09-26 11:06:50,606 - fewshot_modelnet_non_linear_classification - INFO - Save checkpoint at ./experiments/fewshot_modelnet_non_linear_classification/cfgs/add_as_normal/ckpt-best.pth
2023-09-26 11:06:50,606 - fewshot_modelnet_non_linear_classification - INFO - --------------------------------------------------------------------------------------------
2023-09-26 11:06:51,075 - fewshot_modelnet_non_linear_classification - INFO - Save checkpoint at ./experiments/fewshot_modelnet_non_linear_classification/cfgs/add_as_normal/ckpt-last.pth
2023-09-26 11:06:52,311 - fewshot_modelnet_non_linear_classification - INFO - [Training] EPOCH: 7 EpochTime = 1.235 (s) Losses = ['2.4556', '59.3750'] lr = 0.000490
2023-09-26 11:06:53,337 - fewshot_modelnet_non_linear_classification - INFO - [Validation] EPOCH: 7  acc = 64.0000
2023-09-26 11:06:53,849 - fewshot_modelnet_non_linear_classification - INFO - Save checkpoint at ./experiments/fewshot_modelnet_non_linear_classification/cfgs/add_as_normal/ckpt-best.pth
2023-09-26 11:06:53,849 - fewshot_modelnet_non_linear_classification - INFO - --------------------------------------------------------------------------------------------
2023-09-26 11:06:54,331 - fewshot_modelnet_non_linear_classification - INFO - Save checkpoint at ./experiments/fewshot_modelnet_non_linear_classification/cfgs/add_as_normal/ckpt-last.pth
2023-09-26 11:06:55,994 - fewshot_modelnet_non_linear_classification - INFO - [Training] EPOCH: 8 EpochTime = 1.657 (s) Losses = ['2.1517', '69.7917'] lr = 0.000560
2023-09-26 11:06:57,074 - fewshot_modelnet_non_linear_classification - INFO - [Validation] EPOCH: 8  acc = 73.0000
2023-09-26 11:06:57,546 - fewshot_modelnet_non_linear_classification - INFO - Save checkpoint at ./experiments/fewshot_modelnet_non_linear_classification/cfgs/add_as_normal/ckpt-best.pth
2023-09-26 11:06:57,547 - fewshot_modelnet_non_linear_classification - INFO - --------------------------------------------------------------------------------------------
2023-09-26 11:06:58,131 - fewshot_modelnet_non_linear_classification - INFO - Save checkpoint at ./experiments/fewshot_modelnet_non_linear_classification/cfgs/add_as_normal/ckpt-last.pth
2023-09-26 11:06:59,481 - fewshot_modelnet_non_linear_classification - INFO - [Training] EPOCH: 9 EpochTime = 1.349 (s) Losses = ['1.8057', '79.1667'] lr = 0.000630
2023-09-26 11:07:00,520 - fewshot_modelnet_non_linear_classification - INFO - [Validation] EPOCH: 9  acc = 77.0000
2023-09-26 11:07:00,975 - fewshot_modelnet_non_linear_classification - INFO - Save checkpoint at ./experiments/fewshot_modelnet_non_linear_classification/cfgs/add_as_normal/ckpt-best.pth
2023-09-26 11:07:00,975 - fewshot_modelnet_non_linear_classification - INFO - --------------------------------------------------------------------------------------------
2023-09-26 11:07:01,472 - fewshot_modelnet_non_linear_classification - INFO - Save checkpoint at ./experiments/fewshot_modelnet_non_linear_classification/cfgs/add_as_normal/ckpt-last.pth
2023-09-26 11:07:02,968 - fewshot_modelnet_non_linear_classification - INFO - [Training] EPOCH: 10 EpochTime = 1.495 (s) Losses = ['1.6232', '82.2917'] lr = 0.000692
2023-09-26 11:07:03,971 - fewshot_modelnet_non_linear_classification - INFO - [Validation] EPOCH: 10  acc = 83.0000
2023-09-26 11:07:04,483 - fewshot_modelnet_non_linear_classification - INFO - Save checkpoint at ./experiments/fewshot_modelnet_non_linear_classification/cfgs/add_as_normal/ckpt-best.pth
2023-09-26 11:07:04,484 - fewshot_modelnet_non_linear_classification - INFO - --------------------------------------------------------------------------------------------
2023-09-26 11:07:04,996 - fewshot_modelnet_non_linear_classification - INFO - Save checkpoint at ./experiments/fewshot_modelnet_non_linear_classification/cfgs/add_as_normal/ckpt-last.pth
2023-09-26 11:07:06,335 - fewshot_modelnet_non_linear_classification - INFO - [Training] EPOCH: 11 EpochTime = 1.338 (s) Losses = ['1.3287', '83.3333'] lr = 0.000691
2023-09-26 11:07:07,357 - fewshot_modelnet_non_linear_classification - INFO - [Validation] EPOCH: 11  acc = 88.0000
2023-09-26 11:07:07,935 - fewshot_modelnet_non_linear_classification - INFO - Save checkpoint at ./experiments/fewshot_modelnet_non_linear_classification/cfgs/add_as_normal/ckpt-best.pth
2023-09-26 11:07:07,935 - fewshot_modelnet_non_linear_classification - INFO - --------------------------------------------------------------------------------------------
2023-09-26 11:07:08,370 - fewshot_modelnet_non_linear_classification - INFO - Save checkpoint at ./experiments/fewshot_modelnet_non_linear_classification/cfgs/add_as_normal/ckpt-last.pth
2023-09-26 11:07:09,645 - fewshot_modelnet_non_linear_classification - INFO - [Training] EPOCH: 12 EpochTime = 1.272 (s) Losses = ['1.1250', '85.4167'] lr = 0.000689
2023-09-26 11:07:10,736 - fewshot_modelnet_non_linear_classification - INFO - [Validation] EPOCH: 12  acc = 89.0000
2023-09-26 11:07:11,175 - fewshot_modelnet_non_linear_classification - INFO - Save checkpoint at ./experiments/fewshot_modelnet_non_linear_classification/cfgs/add_as_normal/ckpt-best.pth
2023-09-26 11:07:11,175 - fewshot_modelnet_non_linear_classification - INFO - --------------------------------------------------------------------------------------------
2023-09-26 11:07:11,647 - fewshot_modelnet_non_linear_classification - INFO - Save checkpoint at ./experiments/fewshot_modelnet_non_linear_classification/cfgs/add_as_normal/ckpt-last.pth
2023-09-26 11:07:12,896 - fewshot_modelnet_non_linear_classification - INFO - [Training] EPOCH: 13 EpochTime = 1.248 (s) Losses = ['0.9437', '89.5833'] lr = 0.000687
2023-09-26 11:07:13,959 - fewshot_modelnet_non_linear_classification - INFO - [Validation] EPOCH: 13  acc = 90.0000
2023-09-26 11:07:14,489 - fewshot_modelnet_non_linear_classification - INFO - Save checkpoint at ./experiments/fewshot_modelnet_non_linear_classification/cfgs/add_as_normal/ckpt-best.pth
2023-09-26 11:07:14,489 - fewshot_modelnet_non_linear_classification - INFO - --------------------------------------------------------------------------------------------
2023-09-26 11:07:15,026 - fewshot_modelnet_non_linear_classification - INFO - Save checkpoint at ./experiments/fewshot_modelnet_non_linear_classification/cfgs/add_as_normal/ckpt-last.pth
2023-09-26 11:07:16,319 - fewshot_modelnet_non_linear_classification - INFO - [Training] EPOCH: 14 EpochTime = 1.291 (s) Losses = ['0.8093', '90.6250'] lr = 0.000685
2023-09-26 11:07:17,394 - fewshot_modelnet_non_linear_classification - INFO - [Validation] EPOCH: 14  acc = 90.0000
2023-09-26 11:07:17,920 - fewshot_modelnet_non_linear_classification - INFO - Save checkpoint at ./experiments/fewshot_modelnet_non_linear_classification/cfgs/add_as_normal/ckpt-last.pth
2023-09-26 11:07:19,176 - fewshot_modelnet_non_linear_classification - INFO - [Training] EPOCH: 15 EpochTime = 1.255 (s) Losses = ['0.7140', '94.7917'] lr = 0.000683
2023-09-26 11:07:20,191 - fewshot_modelnet_non_linear_classification - INFO - [Validation] EPOCH: 15  acc = 90.0000
2023-09-26 11:07:20,694 - fewshot_modelnet_non_linear_classification - INFO - Save checkpoint at ./experiments/fewshot_modelnet_non_linear_classification/cfgs/add_as_normal/ckpt-last.pth
2023-09-26 11:07:21,951 - fewshot_modelnet_non_linear_classification - INFO - [Training] EPOCH: 16 EpochTime = 1.255 (s) Losses = ['0.5793', '90.6250'] lr = 0.000681
2023-09-26 11:07:22,975 - fewshot_modelnet_non_linear_classification - INFO - [Validation] EPOCH: 16  acc = 92.0000
2023-09-26 11:07:23,490 - fewshot_modelnet_non_linear_classification - INFO - Save checkpoint at ./experiments/fewshot_modelnet_non_linear_classification/cfgs/add_as_normal/ckpt-best.pth
2023-09-26 11:07:23,491 - fewshot_modelnet_non_linear_classification - INFO - --------------------------------------------------------------------------------------------
2023-09-26 11:07:24,027 - fewshot_modelnet_non_linear_classification - INFO - Save checkpoint at ./experiments/fewshot_modelnet_non_linear_classification/cfgs/add_as_normal/ckpt-last.pth
2023-09-26 11:07:25,265 - fewshot_modelnet_non_linear_classification - INFO - [Training] EPOCH: 17 EpochTime = 1.237 (s) Losses = ['0.4936', '94.7917'] lr = 0.000678
2023-09-26 11:07:26,290 - fewshot_modelnet_non_linear_classification - INFO - [Validation] EPOCH: 17  acc = 95.0000
2023-09-26 11:07:26,901 - fewshot_modelnet_non_linear_classification - INFO - Save checkpoint at ./experiments/fewshot_modelnet_non_linear_classification/cfgs/add_as_normal/ckpt-best.pth
2023-09-26 11:07:26,902 - fewshot_modelnet_non_linear_classification - INFO - --------------------------------------------------------------------------------------------
2023-09-26 11:07:27,356 - fewshot_modelnet_non_linear_classification - INFO - Save checkpoint at ./experiments/fewshot_modelnet_non_linear_classification/cfgs/add_as_normal/ckpt-last.pth
2023-09-26 11:07:28,595 - fewshot_modelnet_non_linear_classification - INFO - [Training] EPOCH: 18 EpochTime = 1.237 (s) Losses = ['0.4609', '93.7500'] lr = 0.000675
2023-09-26 11:07:29,622 - fewshot_modelnet_non_linear_classification - INFO - [Validation] EPOCH: 18  acc = 95.0000
2023-09-26 11:07:30,112 - fewshot_modelnet_non_linear_classification - INFO - Save checkpoint at ./experiments/fewshot_modelnet_non_linear_classification/cfgs/add_as_normal/ckpt-last.pth
2023-09-26 11:07:31,488 - fewshot_modelnet_non_linear_classification - INFO - [Training] EPOCH: 19 EpochTime = 1.374 (s) Losses = ['0.4575', '94.7917'] lr = 0.000673
2023-09-26 11:07:32,489 - fewshot_modelnet_non_linear_classification - INFO - [Validation] EPOCH: 19  acc = 96.0000
2023-09-26 11:07:33,048 - fewshot_modelnet_non_linear_classification - INFO - Save checkpoint at ./experiments/fewshot_modelnet_non_linear_classification/cfgs/add_as_normal/ckpt-best.pth
2023-09-26 11:07:33,049 - fewshot_modelnet_non_linear_classification - INFO - --------------------------------------------------------------------------------------------
2023-09-26 11:07:33,544 - fewshot_modelnet_non_linear_classification - INFO - Save checkpoint at ./experiments/fewshot_modelnet_non_linear_classification/cfgs/add_as_normal/ckpt-last.pth
2023-09-26 11:07:34,853 - fewshot_modelnet_non_linear_classification - INFO - [Training] EPOCH: 20 EpochTime = 1.306 (s) Losses = ['0.2965', '97.9167'] lr = 0.000670
2023-09-26 11:07:35,841 - fewshot_modelnet_non_linear_classification - INFO - [Validation] EPOCH: 20  acc = 95.0000
2023-09-26 11:07:36,265 - fewshot_modelnet_non_linear_classification - INFO - Save checkpoint at ./experiments/fewshot_modelnet_non_linear_classification/cfgs/add_as_normal/ckpt-last.pth
2023-09-26 11:07:37,500 - fewshot_modelnet_non_linear_classification - INFO - [Training] EPOCH: 21 EpochTime = 1.233 (s) Losses = ['0.3731', '94.7917'] lr = 0.000667
2023-09-26 11:07:38,668 - fewshot_modelnet_non_linear_classification - INFO - [Validation] EPOCH: 21  acc = 96.0000
2023-09-26 11:07:39,142 - fewshot_modelnet_non_linear_classification - INFO - Save checkpoint at ./experiments/fewshot_modelnet_non_linear_classification/cfgs/add_as_normal/ckpt-last.pth
2023-09-26 11:07:40,419 - fewshot_modelnet_non_linear_classification - INFO - [Training] EPOCH: 22 EpochTime = 1.276 (s) Losses = ['0.2764', '97.9167'] lr = 0.000664
2023-09-26 11:07:41,449 - fewshot_modelnet_non_linear_classification - INFO - [Validation] EPOCH: 22  acc = 95.0000
2023-09-26 11:07:41,923 - fewshot_modelnet_non_linear_classification - INFO - Save checkpoint at ./experiments/fewshot_modelnet_non_linear_classification/cfgs/add_as_normal/ckpt-last.pth
2023-09-26 11:07:43,207 - fewshot_modelnet_non_linear_classification - INFO - [Training] EPOCH: 23 EpochTime = 1.282 (s) Losses = ['0.2656', '96.8750'] lr = 0.000660
2023-09-26 11:07:44,243 - fewshot_modelnet_non_linear_classification - INFO - [Validation] EPOCH: 23  acc = 95.0000
2023-09-26 11:07:44,753 - fewshot_modelnet_non_linear_classification - INFO - Save checkpoint at ./experiments/fewshot_modelnet_non_linear_classification/cfgs/add_as_normal/ckpt-last.pth
2023-09-26 11:07:46,022 - fewshot_modelnet_non_linear_classification - INFO - [Training] EPOCH: 24 EpochTime = 1.267 (s) Losses = ['0.2176', '98.9583'] lr = 0.000657
2023-09-26 11:07:47,023 - fewshot_modelnet_non_linear_classification - INFO - [Validation] EPOCH: 24  acc = 95.0000
2023-09-26 11:07:47,566 - fewshot_modelnet_non_linear_classification - INFO - Save checkpoint at ./experiments/fewshot_modelnet_non_linear_classification/cfgs/add_as_normal/ckpt-last.pth
2023-09-26 11:07:48,878 - fewshot_modelnet_non_linear_classification - INFO - [Training] EPOCH: 25 EpochTime = 1.311 (s) Losses = ['0.1962', '96.8750'] lr = 0.000653
2023-09-26 11:07:49,886 - fewshot_modelnet_non_linear_classification - INFO - [Validation] EPOCH: 25  acc = 97.0000
2023-09-26 11:07:50,421 - fewshot_modelnet_non_linear_classification - INFO - Save checkpoint at ./experiments/fewshot_modelnet_non_linear_classification/cfgs/add_as_normal/ckpt-best.pth
2023-09-26 11:07:50,422 - fewshot_modelnet_non_linear_classification - INFO - --------------------------------------------------------------------------------------------
2023-09-26 11:07:50,927 - fewshot_modelnet_non_linear_classification - INFO - Save checkpoint at ./experiments/fewshot_modelnet_non_linear_classification/cfgs/add_as_normal/ckpt-last.pth
2023-09-26 11:07:52,170 - fewshot_modelnet_non_linear_classification - INFO - [Training] EPOCH: 26 EpochTime = 1.241 (s) Losses = ['0.2061', '96.8750'] lr = 0.000649
2023-09-26 11:07:53,178 - fewshot_modelnet_non_linear_classification - INFO - [Validation] EPOCH: 26  acc = 98.0000
2023-09-26 11:07:53,701 - fewshot_modelnet_non_linear_classification - INFO - Save checkpoint at ./experiments/fewshot_modelnet_non_linear_classification/cfgs/add_as_normal/ckpt-best.pth
2023-09-26 11:07:53,701 - fewshot_modelnet_non_linear_classification - INFO - --------------------------------------------------------------------------------------------
2023-09-26 11:07:54,179 - fewshot_modelnet_non_linear_classification - INFO - Save checkpoint at ./experiments/fewshot_modelnet_non_linear_classification/cfgs/add_as_normal/ckpt-last.pth
2023-09-26 11:07:55,416 - fewshot_modelnet_non_linear_classification - INFO - [Training] EPOCH: 27 EpochTime = 1.235 (s) Losses = ['0.1736', '98.9583'] lr = 0.000646
2023-09-26 11:07:56,485 - fewshot_modelnet_non_linear_classification - INFO - [Validation] EPOCH: 27  acc = 98.0000
2023-09-26 11:07:56,931 - fewshot_modelnet_non_linear_classification - INFO - Save checkpoint at ./experiments/fewshot_modelnet_non_linear_classification/cfgs/add_as_normal/ckpt-last.pth
2023-09-26 11:07:58,163 - fewshot_modelnet_non_linear_classification - INFO - [Training] EPOCH: 28 EpochTime = 1.230 (s) Losses = ['0.1470', '100.0000'] lr = 0.000642
2023-09-26 11:07:59,143 - fewshot_modelnet_non_linear_classification - INFO - [Validation] EPOCH: 28  acc = 98.0000
2023-09-26 11:07:59,658 - fewshot_modelnet_non_linear_classification - INFO - Save checkpoint at ./experiments/fewshot_modelnet_non_linear_classification/cfgs/add_as_normal/ckpt-last.pth
2023-09-26 11:08:00,886 - fewshot_modelnet_non_linear_classification - INFO - [Training] EPOCH: 29 EpochTime = 1.226 (s) Losses = ['0.2348', '94.7917'] lr = 0.000637
2023-09-26 11:08:01,880 - fewshot_modelnet_non_linear_classification - INFO - [Validation] EPOCH: 29  acc = 98.0000
2023-09-26 11:08:02,328 - fewshot_modelnet_non_linear_classification - INFO - Save checkpoint at ./experiments/fewshot_modelnet_non_linear_classification/cfgs/add_as_normal/ckpt-last.pth
2023-09-26 11:08:03,561 - fewshot_modelnet_non_linear_classification - INFO - [Training] EPOCH: 30 EpochTime = 1.231 (s) Losses = ['0.1699', '98.9583'] lr = 0.000633
2023-09-26 11:08:04,621 - fewshot_modelnet_non_linear_classification - INFO - [Validation] EPOCH: 30  acc = 98.0000
2023-09-26 11:08:05,195 - fewshot_modelnet_non_linear_classification - INFO - Save checkpoint at ./experiments/fewshot_modelnet_non_linear_classification/cfgs/add_as_normal/ckpt-last.pth
2023-09-26 11:08:06,455 - fewshot_modelnet_non_linear_classification - INFO - [Training] EPOCH: 31 EpochTime = 1.259 (s) Losses = ['0.1444', '98.9583'] lr = 0.000629
2023-09-26 11:08:07,471 - fewshot_modelnet_non_linear_classification - INFO - [Validation] EPOCH: 31  acc = 97.0000
2023-09-26 11:08:07,920 - fewshot_modelnet_non_linear_classification - INFO - Save checkpoint at ./experiments/fewshot_modelnet_non_linear_classification/cfgs/add_as_normal/ckpt-last.pth
2023-09-26 11:08:09,163 - fewshot_modelnet_non_linear_classification - INFO - [Training] EPOCH: 32 EpochTime = 1.242 (s) Losses = ['0.1090', '100.0000'] lr = 0.000624
2023-09-26 11:08:10,229 - fewshot_modelnet_non_linear_classification - INFO - [Validation] EPOCH: 32  acc = 96.0000
2023-09-26 11:08:10,780 - fewshot_modelnet_non_linear_classification - INFO - Save checkpoint at ./experiments/fewshot_modelnet_non_linear_classification/cfgs/add_as_normal/ckpt-last.pth
2023-09-26 11:08:12,043 - fewshot_modelnet_non_linear_classification - INFO - [Training] EPOCH: 33 EpochTime = 1.261 (s) Losses = ['0.1246', '100.0000'] lr = 0.000620
2023-09-26 11:08:13,045 - fewshot_modelnet_non_linear_classification - INFO - [Validation] EPOCH: 33  acc = 96.0000
2023-09-26 11:08:13,603 - fewshot_modelnet_non_linear_classification - INFO - Save checkpoint at ./experiments/fewshot_modelnet_non_linear_classification/cfgs/add_as_normal/ckpt-last.pth
2023-09-26 11:08:14,855 - fewshot_modelnet_non_linear_classification - INFO - [Training] EPOCH: 34 EpochTime = 1.249 (s) Losses = ['0.1426', '97.9167'] lr = 0.000615
2023-09-26 11:08:15,907 - fewshot_modelnet_non_linear_classification - INFO - [Validation] EPOCH: 34  acc = 96.0000
2023-09-26 11:08:16,418 - fewshot_modelnet_non_linear_classification - INFO - Save checkpoint at ./experiments/fewshot_modelnet_non_linear_classification/cfgs/add_as_normal/ckpt-last.pth
2023-09-26 11:08:17,676 - fewshot_modelnet_non_linear_classification - INFO - [Training] EPOCH: 35 EpochTime = 1.256 (s) Losses = ['0.1374', '100.0000'] lr = 0.000610
2023-09-26 11:08:18,694 - fewshot_modelnet_non_linear_classification - INFO - [Validation] EPOCH: 35  acc = 97.0000
2023-09-26 11:08:19,182 - fewshot_modelnet_non_linear_classification - INFO - Save checkpoint at ./experiments/fewshot_modelnet_non_linear_classification/cfgs/add_as_normal/ckpt-last.pth
2023-09-26 11:08:20,463 - fewshot_modelnet_non_linear_classification - INFO - [Training] EPOCH: 36 EpochTime = 1.280 (s) Losses = ['0.1097', '98.9583'] lr = 0.000605
2023-09-26 11:08:21,495 - fewshot_modelnet_non_linear_classification - INFO - [Validation] EPOCH: 36  acc = 97.0000
2023-09-26 11:08:22,006 - fewshot_modelnet_non_linear_classification - INFO - Save checkpoint at ./experiments/fewshot_modelnet_non_linear_classification/cfgs/add_as_normal/ckpt-last.pth
2023-09-26 11:08:23,326 - fewshot_modelnet_non_linear_classification - INFO - [Training] EPOCH: 37 EpochTime = 1.319 (s) Losses = ['0.1093', '97.9167'] lr = 0.000600
2023-09-26 11:08:24,375 - fewshot_modelnet_non_linear_classification - INFO - [Validation] EPOCH: 37  acc = 97.0000
2023-09-26 11:08:24,846 - fewshot_modelnet_non_linear_classification - INFO - Save checkpoint at ./experiments/fewshot_modelnet_non_linear_classification/cfgs/add_as_normal/ckpt-last.pth
2023-09-26 11:08:26,097 - fewshot_modelnet_non_linear_classification - INFO - [Training] EPOCH: 38 EpochTime = 1.250 (s) Losses = ['0.0978', '97.9167'] lr = 0.000595
2023-09-26 11:08:27,093 - fewshot_modelnet_non_linear_classification - INFO - [Validation] EPOCH: 38  acc = 98.0000
2023-09-26 11:08:27,601 - fewshot_modelnet_non_linear_classification - INFO - Save checkpoint at ./experiments/fewshot_modelnet_non_linear_classification/cfgs/add_as_normal/ckpt-last.pth
2023-09-26 11:08:28,924 - fewshot_modelnet_non_linear_classification - INFO - [Training] EPOCH: 39 EpochTime = 1.321 (s) Losses = ['0.1052', '100.0000'] lr = 0.000590
2023-09-26 11:08:29,993 - fewshot_modelnet_non_linear_classification - INFO - [Validation] EPOCH: 39  acc = 97.0000
2023-09-26 11:08:30,483 - fewshot_modelnet_non_linear_classification - INFO - Save checkpoint at ./experiments/fewshot_modelnet_non_linear_classification/cfgs/add_as_normal/ckpt-last.pth
2023-09-26 11:08:31,738 - fewshot_modelnet_non_linear_classification - INFO - [Training] EPOCH: 40 EpochTime = 1.254 (s) Losses = ['0.0900', '98.9583'] lr = 0.000584
2023-09-26 11:08:32,761 - fewshot_modelnet_non_linear_classification - INFO - [Validation] EPOCH: 40  acc = 98.0000
2023-09-26 11:08:33,236 - fewshot_modelnet_non_linear_classification - INFO - Save checkpoint at ./experiments/fewshot_modelnet_non_linear_classification/cfgs/add_as_normal/ckpt-last.pth
2023-09-26 11:08:34,558 - fewshot_modelnet_non_linear_classification - INFO - [Training] EPOCH: 41 EpochTime = 1.320 (s) Losses = ['0.1189', '98.9583'] lr = 0.000579
2023-09-26 11:08:35,557 - fewshot_modelnet_non_linear_classification - INFO - [Validation] EPOCH: 41  acc = 98.0000
2023-09-26 11:08:36,066 - fewshot_modelnet_non_linear_classification - INFO - Save checkpoint at ./experiments/fewshot_modelnet_non_linear_classification/cfgs/add_as_normal/ckpt-last.pth
2023-09-26 11:08:37,319 - fewshot_modelnet_non_linear_classification - INFO - [Training] EPOCH: 42 EpochTime = 1.251 (s) Losses = ['0.1246', '97.9167'] lr = 0.000573
2023-09-26 11:08:38,332 - fewshot_modelnet_non_linear_classification - INFO - [Validation] EPOCH: 42  acc = 98.0000
2023-09-26 11:08:38,824 - fewshot_modelnet_non_linear_classification - INFO - Save checkpoint at ./experiments/fewshot_modelnet_non_linear_classification/cfgs/add_as_normal/ckpt-last.pth
2023-09-26 11:08:40,078 - fewshot_modelnet_non_linear_classification - INFO - [Training] EPOCH: 43 EpochTime = 1.252 (s) Losses = ['0.0761', '100.0000'] lr = 0.000568
2023-09-26 11:08:41,071 - fewshot_modelnet_non_linear_classification - INFO - [Validation] EPOCH: 43  acc = 98.0000
2023-09-26 11:08:41,620 - fewshot_modelnet_non_linear_classification - INFO - Save checkpoint at ./experiments/fewshot_modelnet_non_linear_classification/cfgs/add_as_normal/ckpt-last.pth
2023-09-26 11:08:42,911 - fewshot_modelnet_non_linear_classification - INFO - [Training] EPOCH: 44 EpochTime = 1.289 (s) Losses = ['0.1149', '98.9583'] lr = 0.000562
2023-09-26 11:08:44,047 - fewshot_modelnet_non_linear_classification - INFO - [Validation] EPOCH: 44  acc = 98.0000
2023-09-26 11:08:44,547 - fewshot_modelnet_non_linear_classification - INFO - Save checkpoint at ./experiments/fewshot_modelnet_non_linear_classification/cfgs/add_as_normal/ckpt-last.pth
2023-09-26 11:08:45,869 - fewshot_modelnet_non_linear_classification - INFO - [Training] EPOCH: 45 EpochTime = 1.320 (s) Losses = ['0.0553', '98.9583'] lr = 0.000556
2023-09-26 11:08:46,908 - fewshot_modelnet_non_linear_classification - INFO - [Validation] EPOCH: 45  acc = 98.0000
2023-09-26 11:08:47,431 - fewshot_modelnet_non_linear_classification - INFO - Save checkpoint at ./experiments/fewshot_modelnet_non_linear_classification/cfgs/add_as_normal/ckpt-last.pth
2023-09-26 11:08:48,689 - fewshot_modelnet_non_linear_classification - INFO - [Training] EPOCH: 46 EpochTime = 1.256 (s) Losses = ['0.0958', '100.0000'] lr = 0.000550
2023-09-26 11:08:49,740 - fewshot_modelnet_non_linear_classification - INFO - [Validation] EPOCH: 46  acc = 98.0000
2023-09-26 11:08:50,180 - fewshot_modelnet_non_linear_classification - INFO - Save checkpoint at ./experiments/fewshot_modelnet_non_linear_classification/cfgs/add_as_normal/ckpt-last.pth
2023-09-26 11:08:51,413 - fewshot_modelnet_non_linear_classification - INFO - [Training] EPOCH: 47 EpochTime = 1.232 (s) Losses = ['0.0814', '100.0000'] lr = 0.000544
2023-09-26 11:08:52,531 - fewshot_modelnet_non_linear_classification - INFO - [Validation] EPOCH: 47  acc = 98.0000
2023-09-26 11:08:53,023 - fewshot_modelnet_non_linear_classification - INFO - Save checkpoint at ./experiments/fewshot_modelnet_non_linear_classification/cfgs/add_as_normal/ckpt-last.pth
2023-09-26 11:08:54,276 - fewshot_modelnet_non_linear_classification - INFO - [Training] EPOCH: 48 EpochTime = 1.252 (s) Losses = ['0.0958', '100.0000'] lr = 0.000538
2023-09-26 11:08:55,267 - fewshot_modelnet_non_linear_classification - INFO - [Validation] EPOCH: 48  acc = 98.0000
2023-09-26 11:08:55,758 - fewshot_modelnet_non_linear_classification - INFO - Save checkpoint at ./experiments/fewshot_modelnet_non_linear_classification/cfgs/add_as_normal/ckpt-last.pth
2023-09-26 11:08:57,011 - fewshot_modelnet_non_linear_classification - INFO - [Training] EPOCH: 49 EpochTime = 1.251 (s) Losses = ['0.0682', '100.0000'] lr = 0.000532
2023-09-26 11:08:58,084 - fewshot_modelnet_non_linear_classification - INFO - [Validation] EPOCH: 49  acc = 98.0000
2023-09-26 11:08:58,714 - fewshot_modelnet_non_linear_classification - INFO - Save checkpoint at ./experiments/fewshot_modelnet_non_linear_classification/cfgs/add_as_normal/ckpt-last.pth
2023-09-26 11:09:00,008 - fewshot_modelnet_non_linear_classification - INFO - [Training] EPOCH: 50 EpochTime = 1.293 (s) Losses = ['0.0586', '100.0000'] lr = 0.000525
2023-09-26 11:09:01,014 - fewshot_modelnet_non_linear_classification - INFO - [Validation] EPOCH: 50  acc = 98.0000
2023-09-26 11:09:01,652 - fewshot_modelnet_non_linear_classification - INFO - Save checkpoint at ./experiments/fewshot_modelnet_non_linear_classification/cfgs/add_as_normal/ckpt-last.pth
2023-09-26 11:09:02,896 - fewshot_modelnet_non_linear_classification - INFO - [Training] EPOCH: 51 EpochTime = 1.243 (s) Losses = ['0.0655', '100.0000'] lr = 0.000519
2023-09-26 11:09:03,921 - fewshot_modelnet_non_linear_classification - INFO - [Validation] EPOCH: 51  acc = 98.0000
2023-09-26 11:09:04,400 - fewshot_modelnet_non_linear_classification - INFO - Save checkpoint at ./experiments/fewshot_modelnet_non_linear_classification/cfgs/add_as_normal/ckpt-last.pth
2023-09-26 11:09:05,689 - fewshot_modelnet_non_linear_classification - INFO - [Training] EPOCH: 52 EpochTime = 1.287 (s) Losses = ['0.0685', '100.0000'] lr = 0.000512
2023-09-26 11:09:06,743 - fewshot_modelnet_non_linear_classification - INFO - [Validation] EPOCH: 52  acc = 98.0000
2023-09-26 11:09:07,283 - fewshot_modelnet_non_linear_classification - INFO - Save checkpoint at ./experiments/fewshot_modelnet_non_linear_classification/cfgs/add_as_normal/ckpt-last.pth
2023-09-26 11:09:08,594 - fewshot_modelnet_non_linear_classification - INFO - [Training] EPOCH: 53 EpochTime = 1.310 (s) Losses = ['0.0588', '100.0000'] lr = 0.000506
2023-09-26 11:09:09,644 - fewshot_modelnet_non_linear_classification - INFO - [Validation] EPOCH: 53  acc = 97.0000
2023-09-26 11:09:10,125 - fewshot_modelnet_non_linear_classification - INFO - Save checkpoint at ./experiments/fewshot_modelnet_non_linear_classification/cfgs/add_as_normal/ckpt-last.pth
2023-09-26 11:09:11,452 - fewshot_modelnet_non_linear_classification - INFO - [Training] EPOCH: 54 EpochTime = 1.325 (s) Losses = ['0.0470', '100.0000'] lr = 0.000499
2023-09-26 11:09:12,510 - fewshot_modelnet_non_linear_classification - INFO - [Validation] EPOCH: 54  acc = 97.0000
2023-09-26 11:09:13,085 - fewshot_modelnet_non_linear_classification - INFO - Save checkpoint at ./experiments/fewshot_modelnet_non_linear_classification/cfgs/add_as_normal/ckpt-last.pth
2023-09-26 11:09:14,339 - fewshot_modelnet_non_linear_classification - INFO - [Training] EPOCH: 55 EpochTime = 1.253 (s) Losses = ['0.0483', '100.0000'] lr = 0.000493
2023-09-26 11:09:15,342 - fewshot_modelnet_non_linear_classification - INFO - [Validation] EPOCH: 55  acc = 97.0000
2023-09-26 11:09:15,846 - fewshot_modelnet_non_linear_classification - INFO - Save checkpoint at ./experiments/fewshot_modelnet_non_linear_classification/cfgs/add_as_normal/ckpt-last.pth
2023-09-26 11:09:17,215 - fewshot_modelnet_non_linear_classification - INFO - [Training] EPOCH: 56 EpochTime = 1.368 (s) Losses = ['0.0523', '100.0000'] lr = 0.000486
2023-09-26 11:09:18,231 - fewshot_modelnet_non_linear_classification - INFO - [Validation] EPOCH: 56  acc = 97.0000
2023-09-26 11:09:18,693 - fewshot_modelnet_non_linear_classification - INFO - Save checkpoint at ./experiments/fewshot_modelnet_non_linear_classification/cfgs/add_as_normal/ckpt-last.pth
2023-09-26 11:09:19,951 - fewshot_modelnet_non_linear_classification - INFO - [Training] EPOCH: 57 EpochTime = 1.256 (s) Losses = ['0.0450', '100.0000'] lr = 0.000479
2023-09-26 11:09:20,997 - fewshot_modelnet_non_linear_classification - INFO - [Validation] EPOCH: 57  acc = 98.0000
2023-09-26 11:09:21,448 - fewshot_modelnet_non_linear_classification - INFO - Save checkpoint at ./experiments/fewshot_modelnet_non_linear_classification/cfgs/add_as_normal/ckpt-last.pth
2023-09-26 11:09:22,709 - fewshot_modelnet_non_linear_classification - INFO - [Training] EPOCH: 58 EpochTime = 1.259 (s) Losses = ['0.0411', '100.0000'] lr = 0.000472
2023-09-26 11:09:23,735 - fewshot_modelnet_non_linear_classification - INFO - [Validation] EPOCH: 58  acc = 98.0000
2023-09-26 11:09:24,192 - fewshot_modelnet_non_linear_classification - INFO - Save checkpoint at ./experiments/fewshot_modelnet_non_linear_classification/cfgs/add_as_normal/ckpt-last.pth
2023-09-26 11:09:25,434 - fewshot_modelnet_non_linear_classification - INFO - [Training] EPOCH: 59 EpochTime = 1.240 (s) Losses = ['0.0491', '100.0000'] lr = 0.000465
2023-09-26 11:09:26,453 - fewshot_modelnet_non_linear_classification - INFO - [Validation] EPOCH: 59  acc = 98.0000
2023-09-26 11:09:26,904 - fewshot_modelnet_non_linear_classification - INFO - Save checkpoint at ./experiments/fewshot_modelnet_non_linear_classification/cfgs/add_as_normal/ckpt-last.pth
2023-09-26 11:09:28,156 - fewshot_modelnet_non_linear_classification - INFO - [Training] EPOCH: 60 EpochTime = 1.251 (s) Losses = ['0.0587', '100.0000'] lr = 0.000459
2023-09-26 11:09:29,234 - fewshot_modelnet_non_linear_classification - INFO - [Validation] EPOCH: 60  acc = 98.0000
2023-09-26 11:09:29,707 - fewshot_modelnet_non_linear_classification - INFO - Save checkpoint at ./experiments/fewshot_modelnet_non_linear_classification/cfgs/add_as_normal/ckpt-last.pth
2023-09-26 11:09:31,080 - fewshot_modelnet_non_linear_classification - INFO - [Training] EPOCH: 61 EpochTime = 1.372 (s) Losses = ['0.0505', '100.0000'] lr = 0.000452
2023-09-26 11:09:32,181 - fewshot_modelnet_non_linear_classification - INFO - [Validation] EPOCH: 61  acc = 98.0000
2023-09-26 11:09:32,685 - fewshot_modelnet_non_linear_classification - INFO - Save checkpoint at ./experiments/fewshot_modelnet_non_linear_classification/cfgs/add_as_normal/ckpt-last.pth
2023-09-26 11:09:33,963 - fewshot_modelnet_non_linear_classification - INFO - [Training] EPOCH: 62 EpochTime = 1.277 (s) Losses = ['0.0462', '100.0000'] lr = 0.000444
2023-09-26 11:09:35,023 - fewshot_modelnet_non_linear_classification - INFO - [Validation] EPOCH: 62  acc = 98.0000
2023-09-26 11:09:35,542 - fewshot_modelnet_non_linear_classification - INFO - Save checkpoint at ./experiments/fewshot_modelnet_non_linear_classification/cfgs/add_as_normal/ckpt-last.pth
2023-09-26 11:09:36,831 - fewshot_modelnet_non_linear_classification - INFO - [Training] EPOCH: 63 EpochTime = 1.287 (s) Losses = ['0.0423', '100.0000'] lr = 0.000437
2023-09-26 11:09:37,822 - fewshot_modelnet_non_linear_classification - INFO - [Validation] EPOCH: 63  acc = 98.0000
2023-09-26 11:09:38,329 - fewshot_modelnet_non_linear_classification - INFO - Save checkpoint at ./experiments/fewshot_modelnet_non_linear_classification/cfgs/add_as_normal/ckpt-last.pth
2023-09-26 11:09:39,853 - fewshot_modelnet_non_linear_classification - INFO - [Training] EPOCH: 64 EpochTime = 1.340 (s) Losses = ['0.0420', '100.0000'] lr = 0.000430
2023-09-26 11:09:40,933 - fewshot_modelnet_non_linear_classification - INFO - [Validation] EPOCH: 64  acc = 98.0000
2023-09-26 11:09:41,409 - fewshot_modelnet_non_linear_classification - INFO - Save checkpoint at ./experiments/fewshot_modelnet_non_linear_classification/cfgs/add_as_normal/ckpt-last.pth
2023-09-26 11:09:42,648 - fewshot_modelnet_non_linear_classification - INFO - [Training] EPOCH: 65 EpochTime = 1.237 (s) Losses = ['0.0418', '100.0000'] lr = 0.000423
2023-09-26 11:09:43,646 - fewshot_modelnet_non_linear_classification - INFO - [Validation] EPOCH: 65  acc = 98.0000
2023-09-26 11:09:44,059 - fewshot_modelnet_non_linear_classification - INFO - Save checkpoint at ./experiments/fewshot_modelnet_non_linear_classification/cfgs/add_as_normal/ckpt-last.pth
2023-09-26 11:09:45,386 - fewshot_modelnet_non_linear_classification - INFO - [Training] EPOCH: 66 EpochTime = 1.325 (s) Losses = ['0.0427', '100.0000'] lr = 0.000416
2023-09-26 11:09:46,462 - fewshot_modelnet_non_linear_classification - INFO - [Validation] EPOCH: 66  acc = 98.0000
2023-09-26 11:09:46,920 - fewshot_modelnet_non_linear_classification - INFO - Save checkpoint at ./experiments/fewshot_modelnet_non_linear_classification/cfgs/add_as_normal/ckpt-last.pth
2023-09-26 11:09:48,156 - fewshot_modelnet_non_linear_classification - INFO - [Training] EPOCH: 67 EpochTime = 1.235 (s) Losses = ['0.0278', '100.0000'] lr = 0.000409
2023-09-26 11:09:49,265 - fewshot_modelnet_non_linear_classification - INFO - [Validation] EPOCH: 67  acc = 98.0000
2023-09-26 11:09:49,698 - fewshot_modelnet_non_linear_classification - INFO - Save checkpoint at ./experiments/fewshot_modelnet_non_linear_classification/cfgs/add_as_normal/ckpt-last.pth
2023-09-26 11:09:50,979 - fewshot_modelnet_non_linear_classification - INFO - [Training] EPOCH: 68 EpochTime = 1.279 (s) Losses = ['0.0386', '100.0000'] lr = 0.000402
2023-09-26 11:09:51,987 - fewshot_modelnet_non_linear_classification - INFO - [Validation] EPOCH: 68  acc = 98.0000
2023-09-26 11:09:52,439 - fewshot_modelnet_non_linear_classification - INFO - Save checkpoint at ./experiments/fewshot_modelnet_non_linear_classification/cfgs/add_as_normal/ckpt-last.pth
2023-09-26 11:09:53,689 - fewshot_modelnet_non_linear_classification - INFO - [Training] EPOCH: 69 EpochTime = 1.249 (s) Losses = ['0.0607', '98.9583'] lr = 0.000394
2023-09-26 11:09:54,718 - fewshot_modelnet_non_linear_classification - INFO - [Validation] EPOCH: 69  acc = 98.0000
2023-09-26 11:09:55,145 - fewshot_modelnet_non_linear_classification - INFO - Save checkpoint at ./experiments/fewshot_modelnet_non_linear_classification/cfgs/add_as_normal/ckpt-last.pth
2023-09-26 11:09:56,403 - fewshot_modelnet_non_linear_classification - INFO - [Training] EPOCH: 70 EpochTime = 1.256 (s) Losses = ['0.0369', '100.0000'] lr = 0.000387
2023-09-26 11:09:57,455 - fewshot_modelnet_non_linear_classification - INFO - [Validation] EPOCH: 70  acc = 98.0000
2023-09-26 11:09:57,935 - fewshot_modelnet_non_linear_classification - INFO - Save checkpoint at ./experiments/fewshot_modelnet_non_linear_classification/cfgs/add_as_normal/ckpt-last.pth
2023-09-26 11:09:59,200 - fewshot_modelnet_non_linear_classification - INFO - [Training] EPOCH: 71 EpochTime = 1.263 (s) Losses = ['0.0377', '100.0000'] lr = 0.000380
2023-09-26 11:10:00,213 - fewshot_modelnet_non_linear_classification - INFO - [Validation] EPOCH: 71  acc = 98.0000
2023-09-26 11:10:00,692 - fewshot_modelnet_non_linear_classification - INFO - Save checkpoint at ./experiments/fewshot_modelnet_non_linear_classification/cfgs/add_as_normal/ckpt-last.pth
2023-09-26 11:10:01,983 - fewshot_modelnet_non_linear_classification - INFO - [Training] EPOCH: 72 EpochTime = 1.289 (s) Losses = ['0.0356', '100.0000'] lr = 0.000372
2023-09-26 11:10:03,019 - fewshot_modelnet_non_linear_classification - INFO - [Validation] EPOCH: 72  acc = 98.0000
2023-09-26 11:10:03,456 - fewshot_modelnet_non_linear_classification - INFO - Save checkpoint at ./experiments/fewshot_modelnet_non_linear_classification/cfgs/add_as_normal/ckpt-last.pth
2023-09-26 11:10:04,759 - fewshot_modelnet_non_linear_classification - INFO - [Training] EPOCH: 73 EpochTime = 1.299 (s) Losses = ['0.0532', '98.9583'] lr = 0.000365
2023-09-26 11:10:05,767 - fewshot_modelnet_non_linear_classification - INFO - [Validation] EPOCH: 73  acc = 98.0000
2023-09-26 11:10:06,212 - fewshot_modelnet_non_linear_classification - INFO - Save checkpoint at ./experiments/fewshot_modelnet_non_linear_classification/cfgs/add_as_normal/ckpt-last.pth
2023-09-26 11:10:07,437 - fewshot_modelnet_non_linear_classification - INFO - [Training] EPOCH: 74 EpochTime = 1.223 (s) Losses = ['0.0462', '100.0000'] lr = 0.000358
2023-09-26 11:10:08,443 - fewshot_modelnet_non_linear_classification - INFO - [Validation] EPOCH: 74  acc = 98.0000
2023-09-26 11:10:08,860 - fewshot_modelnet_non_linear_classification - INFO - Save checkpoint at ./experiments/fewshot_modelnet_non_linear_classification/cfgs/add_as_normal/ckpt-last.pth
2023-09-26 11:10:10,172 - fewshot_modelnet_non_linear_classification - INFO - [Training] EPOCH: 75 EpochTime = 1.310 (s) Losses = ['0.0365', '100.0000'] lr = 0.000351
2023-09-26 11:10:11,163 - fewshot_modelnet_non_linear_classification - INFO - [Validation] EPOCH: 75  acc = 98.0000
2023-09-26 11:10:11,624 - fewshot_modelnet_non_linear_classification - INFO - Save checkpoint at ./experiments/fewshot_modelnet_non_linear_classification/cfgs/add_as_normal/ckpt-last.pth
2023-09-26 11:10:12,935 - fewshot_modelnet_non_linear_classification - INFO - [Training] EPOCH: 76 EpochTime = 1.309 (s) Losses = ['0.0342', '100.0000'] lr = 0.000343
2023-09-26 11:10:13,936 - fewshot_modelnet_non_linear_classification - INFO - [Validation] EPOCH: 76  acc = 98.0000
2023-09-26 11:10:14,374 - fewshot_modelnet_non_linear_classification - INFO - Save checkpoint at ./experiments/fewshot_modelnet_non_linear_classification/cfgs/add_as_normal/ckpt-last.pth
2023-09-26 11:10:15,706 - fewshot_modelnet_non_linear_classification - INFO - [Training] EPOCH: 77 EpochTime = 1.330 (s) Losses = ['0.0225', '100.0000'] lr = 0.000336
2023-09-26 11:10:16,721 - fewshot_modelnet_non_linear_classification - INFO - [Validation] EPOCH: 77  acc = 98.0000
2023-09-26 11:10:17,199 - fewshot_modelnet_non_linear_classification - INFO - Save checkpoint at ./experiments/fewshot_modelnet_non_linear_classification/cfgs/add_as_normal/ckpt-last.pth
2023-09-26 11:10:18,502 - fewshot_modelnet_non_linear_classification - INFO - [Training] EPOCH: 78 EpochTime = 1.301 (s) Losses = ['0.0561', '98.9583'] lr = 0.000329
2023-09-26 11:10:19,494 - fewshot_modelnet_non_linear_classification - INFO - [Validation] EPOCH: 78  acc = 98.0000
2023-09-26 11:10:19,914 - fewshot_modelnet_non_linear_classification - INFO - Save checkpoint at ./experiments/fewshot_modelnet_non_linear_classification/cfgs/add_as_normal/ckpt-last.pth
2023-09-26 11:10:21,172 - fewshot_modelnet_non_linear_classification - INFO - [Training] EPOCH: 79 EpochTime = 1.256 (s) Losses = ['0.0434', '100.0000'] lr = 0.000321
2023-09-26 11:10:22,165 - fewshot_modelnet_non_linear_classification - INFO - [Validation] EPOCH: 79  acc = 98.0000
2023-09-26 11:10:22,666 - fewshot_modelnet_non_linear_classification - INFO - Save checkpoint at ./experiments/fewshot_modelnet_non_linear_classification/cfgs/add_as_normal/ckpt-last.pth
2023-09-26 11:10:23,889 - fewshot_modelnet_non_linear_classification - INFO - [Training] EPOCH: 80 EpochTime = 1.221 (s) Losses = ['0.0496', '98.9583'] lr = 0.000314
2023-09-26 11:10:24,875 - fewshot_modelnet_non_linear_classification - INFO - [Validation] EPOCH: 80  acc = 98.0000
2023-09-26 11:10:25,328 - fewshot_modelnet_non_linear_classification - INFO - Save checkpoint at ./experiments/fewshot_modelnet_non_linear_classification/cfgs/add_as_normal/ckpt-last.pth
2023-09-26 11:10:26,565 - fewshot_modelnet_non_linear_classification - INFO - [Training] EPOCH: 81 EpochTime = 1.235 (s) Losses = ['0.0322', '100.0000'] lr = 0.000307
2023-09-26 11:10:27,561 - fewshot_modelnet_non_linear_classification - INFO - [Validation] EPOCH: 81  acc = 98.0000
2023-09-26 11:10:28,143 - fewshot_modelnet_non_linear_classification - INFO - Save checkpoint at ./experiments/fewshot_modelnet_non_linear_classification/cfgs/add_as_normal/ckpt-last.pth
2023-09-26 11:10:29,377 - fewshot_modelnet_non_linear_classification - INFO - [Training] EPOCH: 82 EpochTime = 1.232 (s) Losses = ['0.0559', '98.9583'] lr = 0.000299
2023-09-26 11:10:30,348 - fewshot_modelnet_non_linear_classification - INFO - [Validation] EPOCH: 82  acc = 98.0000
2023-09-26 11:10:30,794 - fewshot_modelnet_non_linear_classification - INFO - Save checkpoint at ./experiments/fewshot_modelnet_non_linear_classification/cfgs/add_as_normal/ckpt-last.pth
2023-09-26 11:10:32,067 - fewshot_modelnet_non_linear_classification - INFO - [Training] EPOCH: 83 EpochTime = 1.272 (s) Losses = ['0.0313', '100.0000'] lr = 0.000292
2023-09-26 11:10:33,071 - fewshot_modelnet_non_linear_classification - INFO - [Validation] EPOCH: 83  acc = 98.0000
2023-09-26 11:10:33,554 - fewshot_modelnet_non_linear_classification - INFO - Save checkpoint at ./experiments/fewshot_modelnet_non_linear_classification/cfgs/add_as_normal/ckpt-last.pth
2023-09-26 11:10:34,788 - fewshot_modelnet_non_linear_classification - INFO - [Training] EPOCH: 84 EpochTime = 1.233 (s) Losses = ['0.0527', '100.0000'] lr = 0.000285
2023-09-26 11:10:35,786 - fewshot_modelnet_non_linear_classification - INFO - [Validation] EPOCH: 84  acc = 98.0000
2023-09-26 11:10:36,244 - fewshot_modelnet_non_linear_classification - INFO - Save checkpoint at ./experiments/fewshot_modelnet_non_linear_classification/cfgs/add_as_normal/ckpt-last.pth
2023-09-26 11:10:37,504 - fewshot_modelnet_non_linear_classification - INFO - [Training] EPOCH: 85 EpochTime = 1.258 (s) Losses = ['0.0248', '100.0000'] lr = 0.000278
2023-09-26 11:10:38,512 - fewshot_modelnet_non_linear_classification - INFO - [Validation] EPOCH: 85  acc = 98.0000
2023-09-26 11:10:39,024 - fewshot_modelnet_non_linear_classification - INFO - Save checkpoint at ./experiments/fewshot_modelnet_non_linear_classification/cfgs/add_as_normal/ckpt-last.pth
2023-09-26 11:10:40,269 - fewshot_modelnet_non_linear_classification - INFO - [Training] EPOCH: 86 EpochTime = 1.243 (s) Losses = ['0.0313', '100.0000'] lr = 0.000271
2023-09-26 11:10:41,282 - fewshot_modelnet_non_linear_classification - INFO - [Validation] EPOCH: 86  acc = 98.0000
2023-09-26 11:10:41,759 - fewshot_modelnet_non_linear_classification - INFO - Save checkpoint at ./experiments/fewshot_modelnet_non_linear_classification/cfgs/add_as_normal/ckpt-last.pth
2023-09-26 11:10:43,080 - fewshot_modelnet_non_linear_classification - INFO - [Training] EPOCH: 87 EpochTime = 1.319 (s) Losses = ['0.0595', '98.9583'] lr = 0.000264
2023-09-26 11:10:44,117 - fewshot_modelnet_non_linear_classification - INFO - [Validation] EPOCH: 87  acc = 98.0000
2023-09-26 11:10:44,636 - fewshot_modelnet_non_linear_classification - INFO - Save checkpoint at ./experiments/fewshot_modelnet_non_linear_classification/cfgs/add_as_normal/ckpt-last.pth
2023-09-26 11:10:45,976 - fewshot_modelnet_non_linear_classification - INFO - [Training] EPOCH: 88 EpochTime = 1.338 (s) Losses = ['0.0565', '98.9583'] lr = 0.000257
2023-09-26 11:10:46,985 - fewshot_modelnet_non_linear_classification - INFO - [Validation] EPOCH: 88  acc = 98.0000
2023-09-26 11:10:47,463 - fewshot_modelnet_non_linear_classification - INFO - Save checkpoint at ./experiments/fewshot_modelnet_non_linear_classification/cfgs/add_as_normal/ckpt-last.pth
2023-09-26 11:10:48,724 - fewshot_modelnet_non_linear_classification - INFO - [Training] EPOCH: 89 EpochTime = 1.259 (s) Losses = ['0.0396', '100.0000'] lr = 0.000249
2023-09-26 11:10:49,765 - fewshot_modelnet_non_linear_classification - INFO - [Validation] EPOCH: 89  acc = 98.0000
2023-09-26 11:10:50,262 - fewshot_modelnet_non_linear_classification - INFO - Save checkpoint at ./experiments/fewshot_modelnet_non_linear_classification/cfgs/add_as_normal/ckpt-last.pth
2023-09-26 11:10:51,520 - fewshot_modelnet_non_linear_classification - INFO - [Training] EPOCH: 90 EpochTime = 1.256 (s) Losses = ['0.0789', '98.9583'] lr = 0.000242
2023-09-26 11:10:52,522 - fewshot_modelnet_non_linear_classification - INFO - [Validation] EPOCH: 90  acc = 98.0000
2023-09-26 11:10:53,013 - fewshot_modelnet_non_linear_classification - INFO - Save checkpoint at ./experiments/fewshot_modelnet_non_linear_classification/cfgs/add_as_normal/ckpt-last.pth
2023-09-26 11:10:54,284 - fewshot_modelnet_non_linear_classification - INFO - [Training] EPOCH: 91 EpochTime = 1.269 (s) Losses = ['0.0280', '100.0000'] lr = 0.000236
2023-09-26 11:10:55,289 - fewshot_modelnet_non_linear_classification - INFO - [Validation] EPOCH: 91  acc = 98.0000
2023-09-26 11:10:55,757 - fewshot_modelnet_non_linear_classification - INFO - Save checkpoint at ./experiments/fewshot_modelnet_non_linear_classification/cfgs/add_as_normal/ckpt-last.pth
2023-09-26 11:10:57,001 - fewshot_modelnet_non_linear_classification - INFO - [Training] EPOCH: 92 EpochTime = 1.242 (s) Losses = ['0.0347', '100.0000'] lr = 0.000229
2023-09-26 11:10:58,005 - fewshot_modelnet_non_linear_classification - INFO - [Validation] EPOCH: 92  acc = 98.0000
2023-09-26 11:10:58,495 - fewshot_modelnet_non_linear_classification - INFO - Save checkpoint at ./experiments/fewshot_modelnet_non_linear_classification/cfgs/add_as_normal/ckpt-last.pth
2023-09-26 11:10:59,727 - fewshot_modelnet_non_linear_classification - INFO - [Training] EPOCH: 93 EpochTime = 1.230 (s) Losses = ['0.0276', '100.0000'] lr = 0.000222
2023-09-26 11:11:00,784 - fewshot_modelnet_non_linear_classification - INFO - [Validation] EPOCH: 93  acc = 98.0000
2023-09-26 11:11:01,292 - fewshot_modelnet_non_linear_classification - INFO - Save checkpoint at ./experiments/fewshot_modelnet_non_linear_classification/cfgs/add_as_normal/ckpt-last.pth
2023-09-26 11:11:02,540 - fewshot_modelnet_non_linear_classification - INFO - [Training] EPOCH: 94 EpochTime = 1.246 (s) Losses = ['0.0333', '100.0000'] lr = 0.000215
2023-09-26 11:11:03,523 - fewshot_modelnet_non_linear_classification - INFO - [Validation] EPOCH: 94  acc = 98.0000
2023-09-26 11:11:04,072 - fewshot_modelnet_non_linear_classification - INFO - Save checkpoint at ./experiments/fewshot_modelnet_non_linear_classification/cfgs/add_as_normal/ckpt-last.pth
2023-09-26 11:11:05,362 - fewshot_modelnet_non_linear_classification - INFO - [Training] EPOCH: 95 EpochTime = 1.289 (s) Losses = ['0.0269', '100.0000'] lr = 0.000208
2023-09-26 11:11:06,375 - fewshot_modelnet_non_linear_classification - INFO - [Validation] EPOCH: 95  acc = 98.0000
2023-09-26 11:11:06,936 - fewshot_modelnet_non_linear_classification - INFO - Save checkpoint at ./experiments/fewshot_modelnet_non_linear_classification/cfgs/add_as_normal/ckpt-last.pth
2023-09-26 11:11:08,161 - fewshot_modelnet_non_linear_classification - INFO - [Training] EPOCH: 96 EpochTime = 1.224 (s) Losses = ['0.0562', '97.9167'] lr = 0.000202
2023-09-26 11:11:09,223 - fewshot_modelnet_non_linear_classification - INFO - [Validation] EPOCH: 96  acc = 98.0000
2023-09-26 11:11:09,712 - fewshot_modelnet_non_linear_classification - INFO - Save checkpoint at ./experiments/fewshot_modelnet_non_linear_classification/cfgs/add_as_normal/ckpt-last.pth
2023-09-26 11:11:11,033 - fewshot_modelnet_non_linear_classification - INFO - [Training] EPOCH: 97 EpochTime = 1.318 (s) Losses = ['0.0254', '100.0000'] lr = 0.000195
2023-09-26 11:11:12,135 - fewshot_modelnet_non_linear_classification - INFO - [Validation] EPOCH: 97  acc = 98.0000
2023-09-26 11:11:12,604 - fewshot_modelnet_non_linear_classification - INFO - Save checkpoint at ./experiments/fewshot_modelnet_non_linear_classification/cfgs/add_as_normal/ckpt-last.pth
2023-09-26 11:11:13,934 - fewshot_modelnet_non_linear_classification - INFO - [Training] EPOCH: 98 EpochTime = 1.329 (s) Losses = ['0.0206', '100.0000'] lr = 0.000189
2023-09-26 11:11:14,933 - fewshot_modelnet_non_linear_classification - INFO - [Validation] EPOCH: 98  acc = 98.0000
2023-09-26 11:11:15,365 - fewshot_modelnet_non_linear_classification - INFO - Save checkpoint at ./experiments/fewshot_modelnet_non_linear_classification/cfgs/add_as_normal/ckpt-last.pth
2023-09-26 11:11:16,610 - fewshot_modelnet_non_linear_classification - INFO - [Training] EPOCH: 99 EpochTime = 1.243 (s) Losses = ['0.0267', '100.0000'] lr = 0.000182
2023-09-26 11:11:17,624 - fewshot_modelnet_non_linear_classification - INFO - [Validation] EPOCH: 99  acc = 98.0000
2023-09-26 11:11:18,131 - fewshot_modelnet_non_linear_classification - INFO - Save checkpoint at ./experiments/fewshot_modelnet_non_linear_classification/cfgs/add_as_normal/ckpt-last.pth
2023-09-26 11:11:19,409 - fewshot_modelnet_non_linear_classification - INFO - [Training] EPOCH: 100 EpochTime = 1.276 (s) Losses = ['0.0392', '100.0000'] lr = 0.000176
2023-09-26 11:11:20,440 - fewshot_modelnet_non_linear_classification - INFO - [Validation] EPOCH: 100  acc = 98.0000
2023-09-26 11:11:21,066 - fewshot_modelnet_non_linear_classification - INFO - Save checkpoint at ./experiments/fewshot_modelnet_non_linear_classification/cfgs/add_as_normal/ckpt-last.pth
2023-09-26 11:11:22,371 - fewshot_modelnet_non_linear_classification - INFO - [Training] EPOCH: 101 EpochTime = 1.304 (s) Losses = ['0.0333', '100.0000'] lr = 0.000169
2023-09-26 11:11:23,373 - fewshot_modelnet_non_linear_classification - INFO - [Validation] EPOCH: 101  acc = 98.0000
2023-09-26 11:11:23,848 - fewshot_modelnet_non_linear_classification - INFO - Save checkpoint at ./experiments/fewshot_modelnet_non_linear_classification/cfgs/add_as_normal/ckpt-last.pth
2023-09-26 11:11:25,193 - fewshot_modelnet_non_linear_classification - INFO - [Training] EPOCH: 102 EpochTime = 1.343 (s) Losses = ['0.0385', '100.0000'] lr = 0.000163
2023-09-26 11:11:26,216 - fewshot_modelnet_non_linear_classification - INFO - [Validation] EPOCH: 102  acc = 98.0000
2023-09-26 11:11:26,688 - fewshot_modelnet_non_linear_classification - INFO - Save checkpoint at ./experiments/fewshot_modelnet_non_linear_classification/cfgs/add_as_normal/ckpt-last.pth
2023-09-26 11:11:27,969 - fewshot_modelnet_non_linear_classification - INFO - [Training] EPOCH: 103 EpochTime = 1.280 (s) Losses = ['0.0293', '100.0000'] lr = 0.000157
2023-09-26 11:11:29,011 - fewshot_modelnet_non_linear_classification - INFO - [Validation] EPOCH: 103  acc = 98.0000
2023-09-26 11:11:29,510 - fewshot_modelnet_non_linear_classification - INFO - Save checkpoint at ./experiments/fewshot_modelnet_non_linear_classification/cfgs/add_as_normal/ckpt-last.pth
2023-09-26 11:11:30,752 - fewshot_modelnet_non_linear_classification - INFO - [Training] EPOCH: 104 EpochTime = 1.240 (s) Losses = ['0.0278', '100.0000'] lr = 0.000151
2023-09-26 11:11:31,772 - fewshot_modelnet_non_linear_classification - INFO - [Validation] EPOCH: 104  acc = 98.0000
2023-09-26 11:11:32,267 - fewshot_modelnet_non_linear_classification - INFO - Save checkpoint at ./experiments/fewshot_modelnet_non_linear_classification/cfgs/add_as_normal/ckpt-last.pth
2023-09-26 11:11:33,491 - fewshot_modelnet_non_linear_classification - INFO - [Training] EPOCH: 105 EpochTime = 1.223 (s) Losses = ['0.0398', '100.0000'] lr = 0.000145
2023-09-26 11:11:34,514 - fewshot_modelnet_non_linear_classification - INFO - [Validation] EPOCH: 105  acc = 98.0000
2023-09-26 11:11:35,009 - fewshot_modelnet_non_linear_classification - INFO - Save checkpoint at ./experiments/fewshot_modelnet_non_linear_classification/cfgs/add_as_normal/ckpt-last.pth
2023-09-26 11:11:36,270 - fewshot_modelnet_non_linear_classification - INFO - [Training] EPOCH: 106 EpochTime = 1.259 (s) Losses = ['0.0366', '100.0000'] lr = 0.000139
2023-09-26 11:11:37,272 - fewshot_modelnet_non_linear_classification - INFO - [Validation] EPOCH: 106  acc = 98.0000
2023-09-26 11:11:37,732 - fewshot_modelnet_non_linear_classification - INFO - Save checkpoint at ./experiments/fewshot_modelnet_non_linear_classification/cfgs/add_as_normal/ckpt-last.pth
2023-09-26 11:11:39,008 - fewshot_modelnet_non_linear_classification - INFO - [Training] EPOCH: 107 EpochTime = 1.275 (s) Losses = ['0.0326', '100.0000'] lr = 0.000133
2023-09-26 11:11:40,053 - fewshot_modelnet_non_linear_classification - INFO - [Validation] EPOCH: 107  acc = 98.0000
2023-09-26 11:11:40,547 - fewshot_modelnet_non_linear_classification - INFO - Save checkpoint at ./experiments/fewshot_modelnet_non_linear_classification/cfgs/add_as_normal/ckpt-last.pth
2023-09-26 11:11:41,811 - fewshot_modelnet_non_linear_classification - INFO - [Training] EPOCH: 108 EpochTime = 1.262 (s) Losses = ['0.0299', '100.0000'] lr = 0.000128
2023-09-26 11:11:42,852 - fewshot_modelnet_non_linear_classification - INFO - [Validation] EPOCH: 108  acc = 98.0000
2023-09-26 11:11:43,358 - fewshot_modelnet_non_linear_classification - INFO - Save checkpoint at ./experiments/fewshot_modelnet_non_linear_classification/cfgs/add_as_normal/ckpt-last.pth
2023-09-26 11:11:44,587 - fewshot_modelnet_non_linear_classification - INFO - [Training] EPOCH: 109 EpochTime = 1.227 (s) Losses = ['0.0209', '100.0000'] lr = 0.000122
2023-09-26 11:11:45,590 - fewshot_modelnet_non_linear_classification - INFO - [Validation] EPOCH: 109  acc = 98.0000
2023-09-26 11:11:46,027 - fewshot_modelnet_non_linear_classification - INFO - Save checkpoint at ./experiments/fewshot_modelnet_non_linear_classification/cfgs/add_as_normal/ckpt-last.pth
2023-09-26 11:11:47,247 - fewshot_modelnet_non_linear_classification - INFO - [Training] EPOCH: 110 EpochTime = 1.218 (s) Losses = ['0.0208', '100.0000'] lr = 0.000117
2023-09-26 11:11:48,229 - fewshot_modelnet_non_linear_classification - INFO - [Validation] EPOCH: 110  acc = 98.0000
2023-09-26 11:11:48,726 - fewshot_modelnet_non_linear_classification - INFO - Save checkpoint at ./experiments/fewshot_modelnet_non_linear_classification/cfgs/add_as_normal/ckpt-last.pth
2023-09-26 11:11:49,993 - fewshot_modelnet_non_linear_classification - INFO - [Training] EPOCH: 111 EpochTime = 1.266 (s) Losses = ['0.0368', '100.0000'] lr = 0.000111
2023-09-26 11:11:51,013 - fewshot_modelnet_non_linear_classification - INFO - [Validation] EPOCH: 111  acc = 98.0000
2023-09-26 11:11:51,442 - fewshot_modelnet_non_linear_classification - INFO - Save checkpoint at ./experiments/fewshot_modelnet_non_linear_classification/cfgs/add_as_normal/ckpt-last.pth
2023-09-26 11:11:52,700 - fewshot_modelnet_non_linear_classification - INFO - [Training] EPOCH: 112 EpochTime = 1.256 (s) Losses = ['0.0563', '98.9583'] lr = 0.000106
2023-09-26 11:11:53,693 - fewshot_modelnet_non_linear_classification - INFO - [Validation] EPOCH: 112  acc = 98.0000
2023-09-26 11:11:54,187 - fewshot_modelnet_non_linear_classification - INFO - Save checkpoint at ./experiments/fewshot_modelnet_non_linear_classification/cfgs/add_as_normal/ckpt-last.pth
2023-09-26 11:11:55,443 - fewshot_modelnet_non_linear_classification - INFO - [Training] EPOCH: 113 EpochTime = 1.254 (s) Losses = ['0.0215', '100.0000'] lr = 0.000101
2023-09-26 11:11:56,603 - fewshot_modelnet_non_linear_classification - INFO - [Validation] EPOCH: 113  acc = 98.0000
2023-09-26 11:11:57,042 - fewshot_modelnet_non_linear_classification - INFO - Save checkpoint at ./experiments/fewshot_modelnet_non_linear_classification/cfgs/add_as_normal/ckpt-last.pth
2023-09-26 11:11:58,291 - fewshot_modelnet_non_linear_classification - INFO - [Training] EPOCH: 114 EpochTime = 1.247 (s) Losses = ['0.0214', '100.0000'] lr = 0.000096
2023-09-26 11:11:59,309 - fewshot_modelnet_non_linear_classification - INFO - [Validation] EPOCH: 114  acc = 98.0000
2023-09-26 11:11:59,810 - fewshot_modelnet_non_linear_classification - INFO - Save checkpoint at ./experiments/fewshot_modelnet_non_linear_classification/cfgs/add_as_normal/ckpt-last.pth
2023-09-26 11:12:01,083 - fewshot_modelnet_non_linear_classification - INFO - [Training] EPOCH: 115 EpochTime = 1.272 (s) Losses = ['0.0292', '100.0000'] lr = 0.000091
2023-09-26 11:12:02,121 - fewshot_modelnet_non_linear_classification - INFO - [Validation] EPOCH: 115  acc = 98.0000
2023-09-26 11:12:02,617 - fewshot_modelnet_non_linear_classification - INFO - Save checkpoint at ./experiments/fewshot_modelnet_non_linear_classification/cfgs/add_as_normal/ckpt-last.pth
2023-09-26 11:12:03,884 - fewshot_modelnet_non_linear_classification - INFO - [Training] EPOCH: 116 EpochTime = 1.264 (s) Losses = ['0.0226', '100.0000'] lr = 0.000086
2023-09-26 11:12:04,884 - fewshot_modelnet_non_linear_classification - INFO - [Validation] EPOCH: 116  acc = 98.0000
2023-09-26 11:12:05,322 - fewshot_modelnet_non_linear_classification - INFO - Save checkpoint at ./experiments/fewshot_modelnet_non_linear_classification/cfgs/add_as_normal/ckpt-last.pth
2023-09-26 11:12:06,571 - fewshot_modelnet_non_linear_classification - INFO - [Training] EPOCH: 117 EpochTime = 1.247 (s) Losses = ['0.0267', '100.0000'] lr = 0.000081
2023-09-26 11:12:07,587 - fewshot_modelnet_non_linear_classification - INFO - [Validation] EPOCH: 117  acc = 98.0000
2023-09-26 11:12:08,108 - fewshot_modelnet_non_linear_classification - INFO - Save checkpoint at ./experiments/fewshot_modelnet_non_linear_classification/cfgs/add_as_normal/ckpt-last.pth
2023-09-26 11:12:09,361 - fewshot_modelnet_non_linear_classification - INFO - [Training] EPOCH: 118 EpochTime = 1.252 (s) Losses = ['0.0182', '100.0000'] lr = 0.000077
2023-09-26 11:12:10,390 - fewshot_modelnet_non_linear_classification - INFO - [Validation] EPOCH: 118  acc = 98.0000
2023-09-26 11:12:10,870 - fewshot_modelnet_non_linear_classification - INFO - Save checkpoint at ./experiments/fewshot_modelnet_non_linear_classification/cfgs/add_as_normal/ckpt-last.pth
2023-09-26 11:12:12,122 - fewshot_modelnet_non_linear_classification - INFO - [Training] EPOCH: 119 EpochTime = 1.250 (s) Losses = ['0.0227', '100.0000'] lr = 0.000072
2023-09-26 11:12:13,162 - fewshot_modelnet_non_linear_classification - INFO - [Validation] EPOCH: 119  acc = 98.0000
2023-09-26 11:12:13,903 - fewshot_modelnet_non_linear_classification - INFO - Save checkpoint at ./experiments/fewshot_modelnet_non_linear_classification/cfgs/add_as_normal/ckpt-last.pth
2023-09-26 11:12:15,141 - fewshot_modelnet_non_linear_classification - INFO - [Training] EPOCH: 120 EpochTime = 1.234 (s) Losses = ['0.0451', '98.9583'] lr = 0.000068
2023-09-26 11:12:16,132 - fewshot_modelnet_non_linear_classification - INFO - [Validation] EPOCH: 120  acc = 98.0000
2023-09-26 11:12:16,566 - fewshot_modelnet_non_linear_classification - INFO - Save checkpoint at ./experiments/fewshot_modelnet_non_linear_classification/cfgs/add_as_normal/ckpt-last.pth
2023-09-26 11:12:17,837 - fewshot_modelnet_non_linear_classification - INFO - [Training] EPOCH: 121 EpochTime = 1.270 (s) Losses = ['0.0363', '100.0000'] lr = 0.000064
2023-09-26 11:12:18,855 - fewshot_modelnet_non_linear_classification - INFO - [Validation] EPOCH: 121  acc = 98.0000
2023-09-26 11:12:19,324 - fewshot_modelnet_non_linear_classification - INFO - Save checkpoint at ./experiments/fewshot_modelnet_non_linear_classification/cfgs/add_as_normal/ckpt-last.pth
2023-09-26 11:12:20,592 - fewshot_modelnet_non_linear_classification - INFO - [Training] EPOCH: 122 EpochTime = 1.266 (s) Losses = ['0.0484', '98.9583'] lr = 0.000059
2023-09-26 11:12:21,582 - fewshot_modelnet_non_linear_classification - INFO - [Validation] EPOCH: 122  acc = 98.0000
2023-09-26 11:12:22,060 - fewshot_modelnet_non_linear_classification - INFO - Save checkpoint at ./experiments/fewshot_modelnet_non_linear_classification/cfgs/add_as_normal/ckpt-last.pth
2023-09-26 11:12:23,300 - fewshot_modelnet_non_linear_classification - INFO - [Training] EPOCH: 123 EpochTime = 1.238 (s) Losses = ['0.0273', '100.0000'] lr = 0.000055
2023-09-26 11:12:24,377 - fewshot_modelnet_non_linear_classification - INFO - [Validation] EPOCH: 123  acc = 98.0000
2023-09-26 11:12:24,887 - fewshot_modelnet_non_linear_classification - INFO - Save checkpoint at ./experiments/fewshot_modelnet_non_linear_classification/cfgs/add_as_normal/ckpt-last.pth
2023-09-26 11:12:26,155 - fewshot_modelnet_non_linear_classification - INFO - [Training] EPOCH: 124 EpochTime = 1.267 (s) Losses = ['0.0666', '98.9583'] lr = 0.000052
2023-09-26 11:12:27,153 - fewshot_modelnet_non_linear_classification - INFO - [Validation] EPOCH: 124  acc = 98.0000
2023-09-26 11:12:27,591 - fewshot_modelnet_non_linear_classification - INFO - Save checkpoint at ./experiments/fewshot_modelnet_non_linear_classification/cfgs/add_as_normal/ckpt-last.pth
2023-09-26 11:12:28,998 - fewshot_modelnet_non_linear_classification - INFO - [Training] EPOCH: 125 EpochTime = 1.405 (s) Losses = ['0.0220', '100.0000'] lr = 0.000048
2023-09-26 11:12:30,056 - fewshot_modelnet_non_linear_classification - INFO - [Validation] EPOCH: 125  acc = 98.0000
2023-09-26 11:12:30,503 - fewshot_modelnet_non_linear_classification - INFO - Save checkpoint at ./experiments/fewshot_modelnet_non_linear_classification/cfgs/add_as_normal/ckpt-last.pth
2023-09-26 11:12:31,769 - fewshot_modelnet_non_linear_classification - INFO - [Training] EPOCH: 126 EpochTime = 1.264 (s) Losses = ['0.0211', '100.0000'] lr = 0.000044
2023-09-26 11:12:32,776 - fewshot_modelnet_non_linear_classification - INFO - [Validation] EPOCH: 126  acc = 98.0000
2023-09-26 11:12:33,235 - fewshot_modelnet_non_linear_classification - INFO - Save checkpoint at ./experiments/fewshot_modelnet_non_linear_classification/cfgs/add_as_normal/ckpt-last.pth
2023-09-26 11:12:34,470 - fewshot_modelnet_non_linear_classification - INFO - [Training] EPOCH: 127 EpochTime = 1.233 (s) Losses = ['0.0382', '100.0000'] lr = 0.000041
2023-09-26 11:12:35,492 - fewshot_modelnet_non_linear_classification - INFO - [Validation] EPOCH: 127  acc = 98.0000
2023-09-26 11:12:35,970 - fewshot_modelnet_non_linear_classification - INFO - Save checkpoint at ./experiments/fewshot_modelnet_non_linear_classification/cfgs/add_as_normal/ckpt-last.pth
2023-09-26 11:12:37,241 - fewshot_modelnet_non_linear_classification - INFO - [Training] EPOCH: 128 EpochTime = 1.269 (s) Losses = ['0.0406', '98.9583'] lr = 0.000037
2023-09-26 11:12:38,245 - fewshot_modelnet_non_linear_classification - INFO - [Validation] EPOCH: 128  acc = 98.0000
2023-09-26 11:12:38,758 - fewshot_modelnet_non_linear_classification - INFO - Save checkpoint at ./experiments/fewshot_modelnet_non_linear_classification/cfgs/add_as_normal/ckpt-last.pth
2023-09-26 11:12:40,039 - fewshot_modelnet_non_linear_classification - INFO - [Training] EPOCH: 129 EpochTime = 1.278 (s) Losses = ['0.0291', '100.0000'] lr = 0.000034
2023-09-26 11:12:41,062 - fewshot_modelnet_non_linear_classification - INFO - [Validation] EPOCH: 129  acc = 98.0000
2023-09-26 11:12:41,550 - fewshot_modelnet_non_linear_classification - INFO - Save checkpoint at ./experiments/fewshot_modelnet_non_linear_classification/cfgs/add_as_normal/ckpt-last.pth
2023-09-26 11:12:42,787 - fewshot_modelnet_non_linear_classification - INFO - [Training] EPOCH: 130 EpochTime = 1.236 (s) Losses = ['0.0295', '100.0000'] lr = 0.000031
2023-09-26 11:12:43,812 - fewshot_modelnet_non_linear_classification - INFO - [Validation] EPOCH: 130  acc = 98.0000
2023-09-26 11:12:44,300 - fewshot_modelnet_non_linear_classification - INFO - Save checkpoint at ./experiments/fewshot_modelnet_non_linear_classification/cfgs/add_as_normal/ckpt-last.pth
2023-09-26 11:12:45,757 - fewshot_modelnet_non_linear_classification - INFO - [Training] EPOCH: 131 EpochTime = 1.455 (s) Losses = ['0.0289', '98.9583'] lr = 0.000028
2023-09-26 11:12:46,767 - fewshot_modelnet_non_linear_classification - INFO - [Validation] EPOCH: 131  acc = 98.0000
2023-09-26 11:12:47,227 - fewshot_modelnet_non_linear_classification - INFO - Save checkpoint at ./experiments/fewshot_modelnet_non_linear_classification/cfgs/add_as_normal/ckpt-last.pth
2023-09-26 11:12:48,493 - fewshot_modelnet_non_linear_classification - INFO - [Training] EPOCH: 132 EpochTime = 1.264 (s) Losses = ['0.0324', '98.9583'] lr = 0.000026
2023-09-26 11:12:49,500 - fewshot_modelnet_non_linear_classification - INFO - [Validation] EPOCH: 132  acc = 98.0000
2023-09-26 11:12:49,959 - fewshot_modelnet_non_linear_classification - INFO - Save checkpoint at ./experiments/fewshot_modelnet_non_linear_classification/cfgs/add_as_normal/ckpt-last.pth
2023-09-26 11:12:51,249 - fewshot_modelnet_non_linear_classification - INFO - [Training] EPOCH: 133 EpochTime = 1.288 (s) Losses = ['0.0446', '100.0000'] lr = 0.000023
2023-09-26 11:12:52,250 - fewshot_modelnet_non_linear_classification - INFO - [Validation] EPOCH: 133  acc = 98.0000
2023-09-26 11:12:52,726 - fewshot_modelnet_non_linear_classification - INFO - Save checkpoint at ./experiments/fewshot_modelnet_non_linear_classification/cfgs/add_as_normal/ckpt-last.pth
2023-09-26 11:12:53,963 - fewshot_modelnet_non_linear_classification - INFO - [Training] EPOCH: 134 EpochTime = 1.236 (s) Losses = ['0.0239', '100.0000'] lr = 0.000020
2023-09-26 11:12:54,982 - fewshot_modelnet_non_linear_classification - INFO - [Validation] EPOCH: 134  acc = 98.0000
2023-09-26 11:12:55,404 - fewshot_modelnet_non_linear_classification - INFO - Save checkpoint at ./experiments/fewshot_modelnet_non_linear_classification/cfgs/add_as_normal/ckpt-last.pth
2023-09-26 11:12:56,637 - fewshot_modelnet_non_linear_classification - INFO - [Training] EPOCH: 135 EpochTime = 1.231 (s) Losses = ['0.0368', '98.9583'] lr = 0.000018
2023-09-26 11:12:57,646 - fewshot_modelnet_non_linear_classification - INFO - [Validation] EPOCH: 135  acc = 98.0000
2023-09-26 11:12:58,180 - fewshot_modelnet_non_linear_classification - INFO - Save checkpoint at ./experiments/fewshot_modelnet_non_linear_classification/cfgs/add_as_normal/ckpt-last.pth
2023-09-26 11:12:59,443 - fewshot_modelnet_non_linear_classification - INFO - [Training] EPOCH: 136 EpochTime = 1.261 (s) Losses = ['0.0253', '100.0000'] lr = 0.000016
2023-09-26 11:13:00,429 - fewshot_modelnet_non_linear_classification - INFO - [Validation] EPOCH: 136  acc = 98.0000
2023-09-26 11:13:00,870 - fewshot_modelnet_non_linear_classification - INFO - Save checkpoint at ./experiments/fewshot_modelnet_non_linear_classification/cfgs/add_as_normal/ckpt-last.pth
2023-09-26 11:13:02,105 - fewshot_modelnet_non_linear_classification - INFO - [Training] EPOCH: 137 EpochTime = 1.234 (s) Losses = ['0.0247', '100.0000'] lr = 0.000014
2023-09-26 11:13:03,121 - fewshot_modelnet_non_linear_classification - INFO - [Validation] EPOCH: 137  acc = 98.0000
2023-09-26 11:13:03,543 - fewshot_modelnet_non_linear_classification - INFO - Save checkpoint at ./experiments/fewshot_modelnet_non_linear_classification/cfgs/add_as_normal/ckpt-last.pth
2023-09-26 11:13:04,775 - fewshot_modelnet_non_linear_classification - INFO - [Training] EPOCH: 138 EpochTime = 1.231 (s) Losses = ['0.0259', '100.0000'] lr = 0.000012
2023-09-26 11:13:05,889 - fewshot_modelnet_non_linear_classification - INFO - [Validation] EPOCH: 138  acc = 98.0000
2023-09-26 11:13:06,336 - fewshot_modelnet_non_linear_classification - INFO - Save checkpoint at ./experiments/fewshot_modelnet_non_linear_classification/cfgs/add_as_normal/ckpt-last.pth
2023-09-26 11:13:07,694 - fewshot_modelnet_non_linear_classification - INFO - [Training] EPOCH: 139 EpochTime = 1.356 (s) Losses = ['0.0208', '100.0000'] lr = 0.000010
2023-09-26 11:13:08,697 - fewshot_modelnet_non_linear_classification - INFO - [Validation] EPOCH: 139  acc = 98.0000
2023-09-26 11:13:09,126 - fewshot_modelnet_non_linear_classification - INFO - Save checkpoint at ./experiments/fewshot_modelnet_non_linear_classification/cfgs/add_as_normal/ckpt-last.pth
2023-09-26 11:13:10,385 - fewshot_modelnet_non_linear_classification - INFO - [Training] EPOCH: 140 EpochTime = 1.258 (s) Losses = ['0.0402', '100.0000'] lr = 0.000009
2023-09-26 11:13:11,437 - fewshot_modelnet_non_linear_classification - INFO - [Validation] EPOCH: 140  acc = 98.0000
2023-09-26 11:13:11,891 - fewshot_modelnet_non_linear_classification - INFO - Save checkpoint at ./experiments/fewshot_modelnet_non_linear_classification/cfgs/add_as_normal/ckpt-last.pth
2023-09-26 11:13:13,247 - fewshot_modelnet_non_linear_classification - INFO - [Training] EPOCH: 141 EpochTime = 1.355 (s) Losses = ['0.0227', '100.0000'] lr = 0.000007
2023-09-26 11:13:14,250 - fewshot_modelnet_non_linear_classification - INFO - [Validation] EPOCH: 141  acc = 98.0000
2023-09-26 11:13:14,760 - fewshot_modelnet_non_linear_classification - INFO - Save checkpoint at ./experiments/fewshot_modelnet_non_linear_classification/cfgs/add_as_normal/ckpt-last.pth
2023-09-26 11:13:15,263 - fewshot_modelnet_non_linear_classification - INFO - Save checkpoint at ./experiments/fewshot_modelnet_non_linear_classification/cfgs/add_as_normal/ckpt-epoch-141.pth
2023-09-26 11:13:16,559 - fewshot_modelnet_non_linear_classification - INFO - [Training] EPOCH: 142 EpochTime = 1.295 (s) Losses = ['0.0252', '100.0000'] lr = 0.000006
2023-09-26 11:13:17,552 - fewshot_modelnet_non_linear_classification - INFO - [Validation] EPOCH: 142  acc = 98.0000
2023-09-26 11:13:18,050 - fewshot_modelnet_non_linear_classification - INFO - Save checkpoint at ./experiments/fewshot_modelnet_non_linear_classification/cfgs/add_as_normal/ckpt-last.pth
2023-09-26 11:13:18,524 - fewshot_modelnet_non_linear_classification - INFO - Save checkpoint at ./experiments/fewshot_modelnet_non_linear_classification/cfgs/add_as_normal/ckpt-epoch-142.pth
2023-09-26 11:13:19,918 - fewshot_modelnet_non_linear_classification - INFO - [Training] EPOCH: 143 EpochTime = 1.392 (s) Losses = ['0.0271', '100.0000'] lr = 0.000005
2023-09-26 11:13:20,903 - fewshot_modelnet_non_linear_classification - INFO - [Validation] EPOCH: 143  acc = 98.0000
2023-09-26 11:13:21,356 - fewshot_modelnet_non_linear_classification - INFO - Save checkpoint at ./experiments/fewshot_modelnet_non_linear_classification/cfgs/add_as_normal/ckpt-last.pth
2023-09-26 11:13:21,819 - fewshot_modelnet_non_linear_classification - INFO - Save checkpoint at ./experiments/fewshot_modelnet_non_linear_classification/cfgs/add_as_normal/ckpt-epoch-143.pth
2023-09-26 11:13:23,090 - fewshot_modelnet_non_linear_classification - INFO - [Training] EPOCH: 144 EpochTime = 1.270 (s) Losses = ['0.0266', '100.0000'] lr = 0.000004
2023-09-26 11:13:24,148 - fewshot_modelnet_non_linear_classification - INFO - [Validation] EPOCH: 144  acc = 98.0000
2023-09-26 11:13:24,671 - fewshot_modelnet_non_linear_classification - INFO - Save checkpoint at ./experiments/fewshot_modelnet_non_linear_classification/cfgs/add_as_normal/ckpt-last.pth
2023-09-26 11:13:25,179 - fewshot_modelnet_non_linear_classification - INFO - Save checkpoint at ./experiments/fewshot_modelnet_non_linear_classification/cfgs/add_as_normal/ckpt-epoch-144.pth
2023-09-26 11:13:26,412 - fewshot_modelnet_non_linear_classification - INFO - [Training] EPOCH: 145 EpochTime = 1.231 (s) Losses = ['0.0816', '95.8333'] lr = 0.000003
2023-09-26 11:13:27,461 - fewshot_modelnet_non_linear_classification - INFO - [Validation] EPOCH: 145  acc = 98.0000
2023-09-26 11:13:27,952 - fewshot_modelnet_non_linear_classification - INFO - Save checkpoint at ./experiments/fewshot_modelnet_non_linear_classification/cfgs/add_as_normal/ckpt-last.pth
2023-09-26 11:13:28,405 - fewshot_modelnet_non_linear_classification - INFO - Save checkpoint at ./experiments/fewshot_modelnet_non_linear_classification/cfgs/add_as_normal/ckpt-epoch-145.pth
2023-09-26 11:13:29,657 - fewshot_modelnet_non_linear_classification - INFO - [Training] EPOCH: 146 EpochTime = 1.251 (s) Losses = ['0.0360', '100.0000'] lr = 0.000002
2023-09-26 11:13:30,669 - fewshot_modelnet_non_linear_classification - INFO - [Validation] EPOCH: 146  acc = 98.0000
2023-09-26 11:13:31,090 - fewshot_modelnet_non_linear_classification - INFO - Save checkpoint at ./experiments/fewshot_modelnet_non_linear_classification/cfgs/add_as_normal/ckpt-last.pth
2023-09-26 11:13:31,526 - fewshot_modelnet_non_linear_classification - INFO - Save checkpoint at ./experiments/fewshot_modelnet_non_linear_classification/cfgs/add_as_normal/ckpt-epoch-146.pth
2023-09-26 11:13:32,755 - fewshot_modelnet_non_linear_classification - INFO - [Training] EPOCH: 147 EpochTime = 1.228 (s) Losses = ['0.0195', '100.0000'] lr = 0.000002
2023-09-26 11:13:33,879 - fewshot_modelnet_non_linear_classification - INFO - [Validation] EPOCH: 147  acc = 98.0000
2023-09-26 11:13:34,392 - fewshot_modelnet_non_linear_classification - INFO - Save checkpoint at ./experiments/fewshot_modelnet_non_linear_classification/cfgs/add_as_normal/ckpt-last.pth
2023-09-26 11:13:34,868 - fewshot_modelnet_non_linear_classification - INFO - Save checkpoint at ./experiments/fewshot_modelnet_non_linear_classification/cfgs/add_as_normal/ckpt-epoch-147.pth
2023-09-26 11:13:36,233 - fewshot_modelnet_non_linear_classification - INFO - [Training] EPOCH: 148 EpochTime = 1.363 (s) Losses = ['0.0242', '100.0000'] lr = 0.000001
2023-09-26 11:13:37,235 - fewshot_modelnet_non_linear_classification - INFO - [Validation] EPOCH: 148  acc = 98.0000
2023-09-26 11:13:37,728 - fewshot_modelnet_non_linear_classification - INFO - Save checkpoint at ./experiments/fewshot_modelnet_non_linear_classification/cfgs/add_as_normal/ckpt-last.pth
2023-09-26 11:13:38,179 - fewshot_modelnet_non_linear_classification - INFO - Save checkpoint at ./experiments/fewshot_modelnet_non_linear_classification/cfgs/add_as_normal/ckpt-epoch-148.pth
2023-09-26 11:13:39,415 - fewshot_modelnet_non_linear_classification - INFO - [Training] EPOCH: 149 EpochTime = 1.235 (s) Losses = ['0.0206', '100.0000'] lr = 0.000001
2023-09-26 11:13:40,568 - fewshot_modelnet_non_linear_classification - INFO - [Validation] EPOCH: 149  acc = 98.0000
2023-09-26 11:13:41,011 - fewshot_modelnet_non_linear_classification - INFO - Save checkpoint at ./experiments/fewshot_modelnet_non_linear_classification/cfgs/add_as_normal/ckpt-last.pth
2023-09-26 11:13:41,491 - fewshot_modelnet_non_linear_classification - INFO - Save checkpoint at ./experiments/fewshot_modelnet_non_linear_classification/cfgs/add_as_normal/ckpt-epoch-149.pth
2023-09-26 11:13:42,810 - fewshot_modelnet_non_linear_classification - INFO - [Training] EPOCH: 150 EpochTime = 1.317 (s) Losses = ['0.0309', '100.0000'] lr = 0.000001
2023-09-26 11:13:43,889 - fewshot_modelnet_non_linear_classification - INFO - [Validation] EPOCH: 150  acc = 98.0000
2023-09-26 11:13:44,391 - fewshot_modelnet_non_linear_classification - INFO - Save checkpoint at ./experiments/fewshot_modelnet_non_linear_classification/cfgs/add_as_normal/ckpt-last.pth
2023-09-26 11:13:44,872 - fewshot_modelnet_non_linear_classification - INFO - Save checkpoint at ./experiments/fewshot_modelnet_non_linear_classification/cfgs/add_as_normal/ckpt-epoch-150.pth
