2023-09-26 13:34:15,079 - fewshot_modelnet_non_linear_classification - INFO - Copy the Config file from cfgs/fewshot_modelnet_non_linear_classification.yaml to ./experiments/fewshot_modelnet_non_linear_classification/cfgs/add_as_normal/config.yaml
2023-09-26 13:34:15,080 - fewshot_modelnet_non_linear_classification - INFO - args.config : cfgs/fewshot_modelnet_non_linear_classification.yaml
2023-09-26 13:34:15,080 - fewshot_modelnet_non_linear_classification - INFO - args.launcher : none
2023-09-26 13:34:15,080 - fewshot_modelnet_non_linear_classification - INFO - args.local_rank : 0
2023-09-26 13:34:15,080 - fewshot_modelnet_non_linear_classification - INFO - args.num_workers : 8
2023-09-26 13:34:15,080 - fewshot_modelnet_non_linear_classification - INFO - args.seed : 0
2023-09-26 13:34:15,080 - fewshot_modelnet_non_linear_classification - INFO - args.deterministic : False
2023-09-26 13:34:15,080 - fewshot_modelnet_non_linear_classification - INFO - args.sync_bn : True
2023-09-26 13:34:15,081 - fewshot_modelnet_non_linear_classification - INFO - args.update_weights_every : 1
2023-09-26 13:34:15,081 - fewshot_modelnet_non_linear_classification - INFO - args.main_task : 0
2023-09-26 13:34:15,081 - fewshot_modelnet_non_linear_classification - INFO - args.nashmtl_optim_niter : 20
2023-09-26 13:34:15,081 - fewshot_modelnet_non_linear_classification - INFO - args.c : 0.4
2023-09-26 13:34:15,081 - fewshot_modelnet_non_linear_classification - INFO - args.dwa_temp : 2.0
2023-09-26 13:34:15,081 - fewshot_modelnet_non_linear_classification - INFO - args.method_params_lr : 0.025
2023-09-26 13:34:15,081 - fewshot_modelnet_non_linear_classification - INFO - args.method : nashmtl
2023-09-26 13:34:15,081 - fewshot_modelnet_non_linear_classification - INFO - args.gpu : 5
2023-09-26 13:34:15,081 - fewshot_modelnet_non_linear_classification - INFO - args.large_group : 5
2023-09-26 13:34:15,081 - fewshot_modelnet_non_linear_classification - INFO - args.small_group : 10
2023-09-26 13:34:15,082 - fewshot_modelnet_non_linear_classification - INFO - args.large_patch : 6
2023-09-26 13:34:15,082 - fewshot_modelnet_non_linear_classification - INFO - args.small_patch : 3
2023-09-26 13:34:15,082 - fewshot_modelnet_non_linear_classification - INFO - args.queue_length : 8192
2023-09-26 13:34:15,082 - fewshot_modelnet_non_linear_classification - INFO - args.epoch_queue_starts : 10
2023-09-26 13:34:15,082 - fewshot_modelnet_non_linear_classification - INFO - args.nmb_crops : [5, 10]
2023-09-26 13:34:15,082 - fewshot_modelnet_non_linear_classification - INFO - args.fea_dim : 384
2023-09-26 13:34:15,082 - fewshot_modelnet_non_linear_classification - INFO - args.hidden_mlp : 256
2023-09-26 13:34:15,082 - fewshot_modelnet_non_linear_classification - INFO - args.output_dim : 128
2023-09-26 13:34:15,082 - fewshot_modelnet_non_linear_classification - INFO - args.nmb_prototypes : 200
2023-09-26 13:34:15,082 - fewshot_modelnet_non_linear_classification - INFO - args.temperature : 0.1
2023-09-26 13:34:15,083 - fewshot_modelnet_non_linear_classification - INFO - args.epsilon : 0.05
2023-09-26 13:34:15,083 - fewshot_modelnet_non_linear_classification - INFO - args.sinkhorn_iterations : 3
2023-09-26 13:34:15,083 - fewshot_modelnet_non_linear_classification - INFO - args.world_size : 1
2023-09-26 13:34:15,083 - fewshot_modelnet_non_linear_classification - INFO - args.exp_name : add_as_normal
2023-09-26 13:34:15,083 - fewshot_modelnet_non_linear_classification - INFO - args.loss : cd1
2023-09-26 13:34:15,083 - fewshot_modelnet_non_linear_classification - INFO - args.start_ckpts : None
2023-09-26 13:34:15,083 - fewshot_modelnet_non_linear_classification - INFO - args.ckpts : ./experiments/pretrain_MaskSurf/cfgs/add_as_normal/ckpt-last.pth
2023-09-26 13:34:15,083 - fewshot_modelnet_non_linear_classification - INFO - args.val_freq : 1
2023-09-26 13:34:15,083 - fewshot_modelnet_non_linear_classification - INFO - args.vote : False
2023-09-26 13:34:15,083 - fewshot_modelnet_non_linear_classification - INFO - args.resume : False
2023-09-26 13:34:15,084 - fewshot_modelnet_non_linear_classification - INFO - args.test : False
2023-09-26 13:34:15,084 - fewshot_modelnet_non_linear_classification - INFO - args.finetune_model : True
2023-09-26 13:34:15,084 - fewshot_modelnet_non_linear_classification - INFO - args.scratch_model : False
2023-09-26 13:34:15,084 - fewshot_modelnet_non_linear_classification - INFO - args.mode : None
2023-09-26 13:34:15,084 - fewshot_modelnet_non_linear_classification - INFO - args.way : 10
2023-09-26 13:34:15,084 - fewshot_modelnet_non_linear_classification - INFO - args.shot : 20
2023-09-26 13:34:15,084 - fewshot_modelnet_non_linear_classification - INFO - args.fold : 3
2023-09-26 13:34:15,084 - fewshot_modelnet_non_linear_classification - INFO - args.experiment_path : ./experiments/fewshot_modelnet_non_linear_classification/cfgs/add_as_normal
2023-09-26 13:34:15,084 - fewshot_modelnet_non_linear_classification - INFO - args.tfboard_path : ./experiments/fewshot_modelnet_non_linear_classification/cfgs/TFBoard/add_as_normal
2023-09-26 13:34:15,084 - fewshot_modelnet_non_linear_classification - INFO - args.log_name : fewshot_modelnet_non_linear_classification
2023-09-26 13:34:15,085 - fewshot_modelnet_non_linear_classification - INFO - args.use_gpu : True
2023-09-26 13:34:15,085 - fewshot_modelnet_non_linear_classification - INFO - args.distributed : False
2023-09-26 13:34:15,085 - fewshot_modelnet_non_linear_classification - INFO - config.optimizer = edict()
2023-09-26 13:34:15,085 - fewshot_modelnet_non_linear_classification - INFO - config.optimizer.type : AdamW
2023-09-26 13:34:15,085 - fewshot_modelnet_non_linear_classification - INFO - config.optimizer.part : only_new
2023-09-26 13:34:15,085 - fewshot_modelnet_non_linear_classification - INFO - config.optimizer.kwargs = edict()
2023-09-26 13:34:15,085 - fewshot_modelnet_non_linear_classification - INFO - config.optimizer.kwargs.lr : 0.0007
2023-09-26 13:34:15,085 - fewshot_modelnet_non_linear_classification - INFO - config.optimizer.kwargs.weight_decay : 0.05
2023-09-26 13:34:15,085 - fewshot_modelnet_non_linear_classification - INFO - config.scheduler = edict()
2023-09-26 13:34:15,085 - fewshot_modelnet_non_linear_classification - INFO - config.scheduler.type : CosLR
2023-09-26 13:34:15,086 - fewshot_modelnet_non_linear_classification - INFO - config.scheduler.kwargs = edict()
2023-09-26 13:34:15,086 - fewshot_modelnet_non_linear_classification - INFO - config.scheduler.kwargs.epochs : 150
2023-09-26 13:34:15,086 - fewshot_modelnet_non_linear_classification - INFO - config.scheduler.kwargs.initial_epochs : 10
2023-09-26 13:34:15,086 - fewshot_modelnet_non_linear_classification - INFO - config.dataset = edict()
2023-09-26 13:34:15,086 - fewshot_modelnet_non_linear_classification - INFO - config.dataset.train = edict()
2023-09-26 13:34:15,086 - fewshot_modelnet_non_linear_classification - INFO - config.dataset.train._base_ = edict()
2023-09-26 13:34:15,086 - fewshot_modelnet_non_linear_classification - INFO - config.dataset.train._base_.NAME : ModelNetFewShot
2023-09-26 13:34:15,086 - fewshot_modelnet_non_linear_classification - INFO - config.dataset.train._base_.DATA_PATH : data/ModelNetFewshot
2023-09-26 13:34:15,086 - fewshot_modelnet_non_linear_classification - INFO - config.dataset.train._base_.N_POINTS : 8192
2023-09-26 13:34:15,086 - fewshot_modelnet_non_linear_classification - INFO - config.dataset.train._base_.NUM_CATEGORY : 40
2023-09-26 13:34:15,087 - fewshot_modelnet_non_linear_classification - INFO - config.dataset.train._base_.USE_NORMALS : False
2023-09-26 13:34:15,087 - fewshot_modelnet_non_linear_classification - INFO - config.dataset.train.others = edict()
2023-09-26 13:34:15,087 - fewshot_modelnet_non_linear_classification - INFO - config.dataset.train.others.subset : train
2023-09-26 13:34:15,087 - fewshot_modelnet_non_linear_classification - INFO - config.dataset.train.others.bs : 32
2023-09-26 13:34:15,087 - fewshot_modelnet_non_linear_classification - INFO - config.dataset.val = edict()
2023-09-26 13:34:15,087 - fewshot_modelnet_non_linear_classification - INFO - config.dataset.val._base_ = edict()
2023-09-26 13:34:15,087 - fewshot_modelnet_non_linear_classification - INFO - config.dataset.val._base_.NAME : ModelNetFewShot
2023-09-26 13:34:15,087 - fewshot_modelnet_non_linear_classification - INFO - config.dataset.val._base_.DATA_PATH : data/ModelNetFewshot
2023-09-26 13:34:15,087 - fewshot_modelnet_non_linear_classification - INFO - config.dataset.val._base_.N_POINTS : 8192
2023-09-26 13:34:15,087 - fewshot_modelnet_non_linear_classification - INFO - config.dataset.val._base_.NUM_CATEGORY : 40
2023-09-26 13:34:15,088 - fewshot_modelnet_non_linear_classification - INFO - config.dataset.val._base_.USE_NORMALS : False
2023-09-26 13:34:15,088 - fewshot_modelnet_non_linear_classification - INFO - config.dataset.val.others = edict()
2023-09-26 13:34:15,088 - fewshot_modelnet_non_linear_classification - INFO - config.dataset.val.others.subset : test
2023-09-26 13:34:15,088 - fewshot_modelnet_non_linear_classification - INFO - config.dataset.val.others.bs : 64
2023-09-26 13:34:15,088 - fewshot_modelnet_non_linear_classification - INFO - config.dataset.test = edict()
2023-09-26 13:34:15,088 - fewshot_modelnet_non_linear_classification - INFO - config.dataset.test._base_ = edict()
2023-09-26 13:34:15,088 - fewshot_modelnet_non_linear_classification - INFO - config.dataset.test._base_.NAME : ModelNet
2023-09-26 13:34:15,088 - fewshot_modelnet_non_linear_classification - INFO - config.dataset.test._base_.DATA_PATH : data/ModelNet/modelnet40_normal_resampled
2023-09-26 13:34:15,088 - fewshot_modelnet_non_linear_classification - INFO - config.dataset.test._base_.N_POINTS : 8192
2023-09-26 13:34:15,088 - fewshot_modelnet_non_linear_classification - INFO - config.dataset.test._base_.NUM_CATEGORY : 40
2023-09-26 13:34:15,089 - fewshot_modelnet_non_linear_classification - INFO - config.dataset.test._base_.USE_NORMALS : False
2023-09-26 13:34:15,089 - fewshot_modelnet_non_linear_classification - INFO - config.dataset.test.others = edict()
2023-09-26 13:34:15,089 - fewshot_modelnet_non_linear_classification - INFO - config.dataset.test.others.subset : test
2023-09-26 13:34:15,089 - fewshot_modelnet_non_linear_classification - INFO - config.dataset.test.others.bs : 32
2023-09-26 13:34:15,089 - fewshot_modelnet_non_linear_classification - INFO - config.model = edict()
2023-09-26 13:34:15,089 - fewshot_modelnet_non_linear_classification - INFO - config.model.NAME : PointTransformer
2023-09-26 13:34:15,089 - fewshot_modelnet_non_linear_classification - INFO - config.model.trans_dim : 384
2023-09-26 13:34:15,089 - fewshot_modelnet_non_linear_classification - INFO - config.model.depth : 12
2023-09-26 13:34:15,089 - fewshot_modelnet_non_linear_classification - INFO - config.model.drop_path_rate : 0.1
2023-09-26 13:34:15,089 - fewshot_modelnet_non_linear_classification - INFO - config.model.cls_dim : 40
2023-09-26 13:34:15,089 - fewshot_modelnet_non_linear_classification - INFO - config.model.num_heads : 6
2023-09-26 13:34:15,090 - fewshot_modelnet_non_linear_classification - INFO - config.model.group_size : 32
2023-09-26 13:34:15,090 - fewshot_modelnet_non_linear_classification - INFO - config.model.num_group : 64
2023-09-26 13:34:15,090 - fewshot_modelnet_non_linear_classification - INFO - config.model.encoder_dims : 384
2023-09-26 13:34:15,090 - fewshot_modelnet_non_linear_classification - INFO - config.npoints : 1024
2023-09-26 13:34:15,090 - fewshot_modelnet_non_linear_classification - INFO - config.total_bs : 32
2023-09-26 13:34:15,090 - fewshot_modelnet_non_linear_classification - INFO - config.step_per_update : 1
2023-09-26 13:34:15,090 - fewshot_modelnet_non_linear_classification - INFO - config.max_epoch : 150
2023-09-26 13:34:15,090 - fewshot_modelnet_non_linear_classification - INFO - config.grad_norm_clip : 10
2023-09-26 13:34:15,090 - fewshot_modelnet_non_linear_classification - INFO - Distributed training: False
2023-09-26 13:34:15,091 - fewshot_modelnet_non_linear_classification - INFO - Set random seed to 0, deterministic: False
2023-09-26 13:34:17,116 - fewshot_modelnet_non_linear_classification - INFO - Using Data parallel ...
2023-09-26 13:34:22,580 - fewshot_modelnet_non_linear_classification - INFO - [Training] EPOCH: 0 EpochTime = 5.459 (s) Losses = ['3.7974', '3.1250'] lr = 0.000001
2023-09-26 13:34:23,175 - fewshot_modelnet_non_linear_classification - INFO - Save checkpoint at ./experiments/fewshot_modelnet_non_linear_classification/cfgs/add_as_normal/ckpt-last.pth
2023-09-26 13:34:24,936 - fewshot_modelnet_non_linear_classification - INFO - [Training] EPOCH: 1 EpochTime = 1.760 (s) Losses = ['3.7228', '3.1250'] lr = 0.000071
2023-09-26 13:34:26,964 - fewshot_modelnet_non_linear_classification - INFO - [Validation] EPOCH: 1  acc = 0.0000
2023-09-26 13:34:27,518 - fewshot_modelnet_non_linear_classification - INFO - Save checkpoint at ./experiments/fewshot_modelnet_non_linear_classification/cfgs/add_as_normal/ckpt-last.pth
2023-09-26 13:34:29,321 - fewshot_modelnet_non_linear_classification - INFO - [Training] EPOCH: 2 EpochTime = 1.801 (s) Losses = ['3.7601', '1.5625'] lr = 0.000141
2023-09-26 13:34:30,802 - fewshot_modelnet_non_linear_classification - INFO - [Validation] EPOCH: 2  acc = 3.5000
2023-09-26 13:34:31,431 - fewshot_modelnet_non_linear_classification - INFO - Save checkpoint at ./experiments/fewshot_modelnet_non_linear_classification/cfgs/add_as_normal/ckpt-best.pth
2023-09-26 13:34:31,432 - fewshot_modelnet_non_linear_classification - INFO - --------------------------------------------------------------------------------------------
2023-09-26 13:34:32,233 - fewshot_modelnet_non_linear_classification - INFO - Save checkpoint at ./experiments/fewshot_modelnet_non_linear_classification/cfgs/add_as_normal/ckpt-last.pth
2023-09-26 13:34:34,023 - fewshot_modelnet_non_linear_classification - INFO - [Training] EPOCH: 3 EpochTime = 1.788 (s) Losses = ['3.5296', '7.8125'] lr = 0.000211
2023-09-26 13:34:35,478 - fewshot_modelnet_non_linear_classification - INFO - [Validation] EPOCH: 3  acc = 13.0000
2023-09-26 13:34:36,005 - fewshot_modelnet_non_linear_classification - INFO - Save checkpoint at ./experiments/fewshot_modelnet_non_linear_classification/cfgs/add_as_normal/ckpt-best.pth
2023-09-26 13:34:36,005 - fewshot_modelnet_non_linear_classification - INFO - --------------------------------------------------------------------------------------------
2023-09-26 13:34:36,519 - fewshot_modelnet_non_linear_classification - INFO - Save checkpoint at ./experiments/fewshot_modelnet_non_linear_classification/cfgs/add_as_normal/ckpt-last.pth
2023-09-26 13:34:38,336 - fewshot_modelnet_non_linear_classification - INFO - [Training] EPOCH: 4 EpochTime = 1.816 (s) Losses = ['3.3046', '13.5417'] lr = 0.000281
2023-09-26 13:34:39,814 - fewshot_modelnet_non_linear_classification - INFO - [Validation] EPOCH: 4  acc = 48.5000
2023-09-26 13:34:40,313 - fewshot_modelnet_non_linear_classification - INFO - Save checkpoint at ./experiments/fewshot_modelnet_non_linear_classification/cfgs/add_as_normal/ckpt-best.pth
2023-09-26 13:34:40,313 - fewshot_modelnet_non_linear_classification - INFO - --------------------------------------------------------------------------------------------
2023-09-26 13:34:40,758 - fewshot_modelnet_non_linear_classification - INFO - Save checkpoint at ./experiments/fewshot_modelnet_non_linear_classification/cfgs/add_as_normal/ckpt-last.pth
2023-09-26 13:34:42,561 - fewshot_modelnet_non_linear_classification - INFO - [Training] EPOCH: 5 EpochTime = 1.801 (s) Losses = ['3.0060', '25.0000'] lr = 0.000351
2023-09-26 13:34:44,082 - fewshot_modelnet_non_linear_classification - INFO - [Validation] EPOCH: 5  acc = 73.0000
2023-09-26 13:34:44,594 - fewshot_modelnet_non_linear_classification - INFO - Save checkpoint at ./experiments/fewshot_modelnet_non_linear_classification/cfgs/add_as_normal/ckpt-best.pth
2023-09-26 13:34:44,595 - fewshot_modelnet_non_linear_classification - INFO - --------------------------------------------------------------------------------------------
2023-09-26 13:34:45,469 - fewshot_modelnet_non_linear_classification - INFO - Save checkpoint at ./experiments/fewshot_modelnet_non_linear_classification/cfgs/add_as_normal/ckpt-last.pth
2023-09-26 13:34:47,297 - fewshot_modelnet_non_linear_classification - INFO - [Training] EPOCH: 6 EpochTime = 1.826 (s) Losses = ['2.7836', '33.3333'] lr = 0.000420
2023-09-26 13:34:48,783 - fewshot_modelnet_non_linear_classification - INFO - [Validation] EPOCH: 6  acc = 82.5000
2023-09-26 13:34:49,251 - fewshot_modelnet_non_linear_classification - INFO - Save checkpoint at ./experiments/fewshot_modelnet_non_linear_classification/cfgs/add_as_normal/ckpt-best.pth
2023-09-26 13:34:49,251 - fewshot_modelnet_non_linear_classification - INFO - --------------------------------------------------------------------------------------------
2023-09-26 13:34:49,721 - fewshot_modelnet_non_linear_classification - INFO - Save checkpoint at ./experiments/fewshot_modelnet_non_linear_classification/cfgs/add_as_normal/ckpt-last.pth
2023-09-26 13:34:51,594 - fewshot_modelnet_non_linear_classification - INFO - [Training] EPOCH: 7 EpochTime = 1.870 (s) Losses = ['2.3410', '48.4375'] lr = 0.000490
2023-09-26 13:34:53,077 - fewshot_modelnet_non_linear_classification - INFO - [Validation] EPOCH: 7  acc = 88.5000
2023-09-26 13:34:53,622 - fewshot_modelnet_non_linear_classification - INFO - Save checkpoint at ./experiments/fewshot_modelnet_non_linear_classification/cfgs/add_as_normal/ckpt-best.pth
2023-09-26 13:34:53,622 - fewshot_modelnet_non_linear_classification - INFO - --------------------------------------------------------------------------------------------
2023-09-26 13:34:54,191 - fewshot_modelnet_non_linear_classification - INFO - Save checkpoint at ./experiments/fewshot_modelnet_non_linear_classification/cfgs/add_as_normal/ckpt-last.pth
2023-09-26 13:34:56,023 - fewshot_modelnet_non_linear_classification - INFO - [Training] EPOCH: 8 EpochTime = 1.831 (s) Losses = ['1.9517', '60.4167'] lr = 0.000560
2023-09-26 13:34:57,505 - fewshot_modelnet_non_linear_classification - INFO - [Validation] EPOCH: 8  acc = 89.5000
2023-09-26 13:34:57,936 - fewshot_modelnet_non_linear_classification - INFO - Save checkpoint at ./experiments/fewshot_modelnet_non_linear_classification/cfgs/add_as_normal/ckpt-best.pth
2023-09-26 13:34:57,936 - fewshot_modelnet_non_linear_classification - INFO - --------------------------------------------------------------------------------------------
2023-09-26 13:34:58,496 - fewshot_modelnet_non_linear_classification - INFO - Save checkpoint at ./experiments/fewshot_modelnet_non_linear_classification/cfgs/add_as_normal/ckpt-last.pth
2023-09-26 13:35:00,282 - fewshot_modelnet_non_linear_classification - INFO - [Training] EPOCH: 9 EpochTime = 1.784 (s) Losses = ['1.7239', '69.2708'] lr = 0.000630
2023-09-26 13:35:01,743 - fewshot_modelnet_non_linear_classification - INFO - [Validation] EPOCH: 9  acc = 90.0000
2023-09-26 13:35:02,256 - fewshot_modelnet_non_linear_classification - INFO - Save checkpoint at ./experiments/fewshot_modelnet_non_linear_classification/cfgs/add_as_normal/ckpt-best.pth
2023-09-26 13:35:02,257 - fewshot_modelnet_non_linear_classification - INFO - --------------------------------------------------------------------------------------------
2023-09-26 13:35:02,743 - fewshot_modelnet_non_linear_classification - INFO - Save checkpoint at ./experiments/fewshot_modelnet_non_linear_classification/cfgs/add_as_normal/ckpt-last.pth
2023-09-26 13:35:04,593 - fewshot_modelnet_non_linear_classification - INFO - [Training] EPOCH: 10 EpochTime = 1.848 (s) Losses = ['1.4240', '76.0417'] lr = 0.000692
2023-09-26 13:35:06,073 - fewshot_modelnet_non_linear_classification - INFO - [Validation] EPOCH: 10  acc = 90.0000
2023-09-26 13:35:06,638 - fewshot_modelnet_non_linear_classification - INFO - Save checkpoint at ./experiments/fewshot_modelnet_non_linear_classification/cfgs/add_as_normal/ckpt-last.pth
2023-09-26 13:35:08,511 - fewshot_modelnet_non_linear_classification - INFO - [Training] EPOCH: 11 EpochTime = 1.871 (s) Losses = ['1.1940', '81.7708'] lr = 0.000691
2023-09-26 13:35:10,004 - fewshot_modelnet_non_linear_classification - INFO - [Validation] EPOCH: 11  acc = 93.0000
2023-09-26 13:35:10,572 - fewshot_modelnet_non_linear_classification - INFO - Save checkpoint at ./experiments/fewshot_modelnet_non_linear_classification/cfgs/add_as_normal/ckpt-best.pth
2023-09-26 13:35:10,572 - fewshot_modelnet_non_linear_classification - INFO - --------------------------------------------------------------------------------------------
2023-09-26 13:35:11,026 - fewshot_modelnet_non_linear_classification - INFO - Save checkpoint at ./experiments/fewshot_modelnet_non_linear_classification/cfgs/add_as_normal/ckpt-last.pth
2023-09-26 13:35:12,825 - fewshot_modelnet_non_linear_classification - INFO - [Training] EPOCH: 12 EpochTime = 1.797 (s) Losses = ['1.0295', '85.4167'] lr = 0.000689
2023-09-26 13:35:14,265 - fewshot_modelnet_non_linear_classification - INFO - [Validation] EPOCH: 12  acc = 94.0000
2023-09-26 13:35:14,778 - fewshot_modelnet_non_linear_classification - INFO - Save checkpoint at ./experiments/fewshot_modelnet_non_linear_classification/cfgs/add_as_normal/ckpt-best.pth
2023-09-26 13:35:14,778 - fewshot_modelnet_non_linear_classification - INFO - --------------------------------------------------------------------------------------------
2023-09-26 13:35:15,260 - fewshot_modelnet_non_linear_classification - INFO - Save checkpoint at ./experiments/fewshot_modelnet_non_linear_classification/cfgs/add_as_normal/ckpt-last.pth
2023-09-26 13:35:17,065 - fewshot_modelnet_non_linear_classification - INFO - [Training] EPOCH: 13 EpochTime = 1.803 (s) Losses = ['0.8500', '88.0208'] lr = 0.000687
2023-09-26 13:35:18,615 - fewshot_modelnet_non_linear_classification - INFO - [Validation] EPOCH: 13  acc = 94.5000
2023-09-26 13:35:19,195 - fewshot_modelnet_non_linear_classification - INFO - Save checkpoint at ./experiments/fewshot_modelnet_non_linear_classification/cfgs/add_as_normal/ckpt-best.pth
2023-09-26 13:35:19,195 - fewshot_modelnet_non_linear_classification - INFO - --------------------------------------------------------------------------------------------
2023-09-26 13:35:19,691 - fewshot_modelnet_non_linear_classification - INFO - Save checkpoint at ./experiments/fewshot_modelnet_non_linear_classification/cfgs/add_as_normal/ckpt-last.pth
2023-09-26 13:35:21,464 - fewshot_modelnet_non_linear_classification - INFO - [Training] EPOCH: 14 EpochTime = 1.772 (s) Losses = ['0.7699', '88.5417'] lr = 0.000685
2023-09-26 13:35:22,915 - fewshot_modelnet_non_linear_classification - INFO - [Validation] EPOCH: 14  acc = 95.0000
2023-09-26 13:35:23,379 - fewshot_modelnet_non_linear_classification - INFO - Save checkpoint at ./experiments/fewshot_modelnet_non_linear_classification/cfgs/add_as_normal/ckpt-best.pth
2023-09-26 13:35:23,380 - fewshot_modelnet_non_linear_classification - INFO - --------------------------------------------------------------------------------------------
2023-09-26 13:35:23,823 - fewshot_modelnet_non_linear_classification - INFO - Save checkpoint at ./experiments/fewshot_modelnet_non_linear_classification/cfgs/add_as_normal/ckpt-last.pth
2023-09-26 13:35:25,636 - fewshot_modelnet_non_linear_classification - INFO - [Training] EPOCH: 15 EpochTime = 1.811 (s) Losses = ['0.6049', '93.7500'] lr = 0.000683
2023-09-26 13:35:27,118 - fewshot_modelnet_non_linear_classification - INFO - [Validation] EPOCH: 15  acc = 94.5000
2023-09-26 13:35:27,631 - fewshot_modelnet_non_linear_classification - INFO - Save checkpoint at ./experiments/fewshot_modelnet_non_linear_classification/cfgs/add_as_normal/ckpt-last.pth
2023-09-26 13:35:29,401 - fewshot_modelnet_non_linear_classification - INFO - [Training] EPOCH: 16 EpochTime = 1.768 (s) Losses = ['0.5198', '94.2708'] lr = 0.000681
2023-09-26 13:35:30,862 - fewshot_modelnet_non_linear_classification - INFO - [Validation] EPOCH: 16  acc = 93.5000
2023-09-26 13:35:31,364 - fewshot_modelnet_non_linear_classification - INFO - Save checkpoint at ./experiments/fewshot_modelnet_non_linear_classification/cfgs/add_as_normal/ckpt-last.pth
2023-09-26 13:35:33,158 - fewshot_modelnet_non_linear_classification - INFO - [Training] EPOCH: 17 EpochTime = 1.793 (s) Losses = ['0.4748', '94.7917'] lr = 0.000678
2023-09-26 13:35:34,650 - fewshot_modelnet_non_linear_classification - INFO - [Validation] EPOCH: 17  acc = 94.5000
2023-09-26 13:35:35,135 - fewshot_modelnet_non_linear_classification - INFO - Save checkpoint at ./experiments/fewshot_modelnet_non_linear_classification/cfgs/add_as_normal/ckpt-last.pth
2023-09-26 13:35:36,937 - fewshot_modelnet_non_linear_classification - INFO - [Training] EPOCH: 18 EpochTime = 1.800 (s) Losses = ['0.4342', '97.3958'] lr = 0.000675
2023-09-26 13:35:38,419 - fewshot_modelnet_non_linear_classification - INFO - [Validation] EPOCH: 18  acc = 96.0000
2023-09-26 13:35:38,868 - fewshot_modelnet_non_linear_classification - INFO - Save checkpoint at ./experiments/fewshot_modelnet_non_linear_classification/cfgs/add_as_normal/ckpt-best.pth
2023-09-26 13:35:38,868 - fewshot_modelnet_non_linear_classification - INFO - --------------------------------------------------------------------------------------------
2023-09-26 13:35:39,341 - fewshot_modelnet_non_linear_classification - INFO - Save checkpoint at ./experiments/fewshot_modelnet_non_linear_classification/cfgs/add_as_normal/ckpt-last.pth
2023-09-26 13:35:41,159 - fewshot_modelnet_non_linear_classification - INFO - [Training] EPOCH: 19 EpochTime = 1.817 (s) Losses = ['0.4057', '95.8333'] lr = 0.000673
2023-09-26 13:35:42,615 - fewshot_modelnet_non_linear_classification - INFO - [Validation] EPOCH: 19  acc = 97.0000
2023-09-26 13:35:43,130 - fewshot_modelnet_non_linear_classification - INFO - Save checkpoint at ./experiments/fewshot_modelnet_non_linear_classification/cfgs/add_as_normal/ckpt-best.pth
2023-09-26 13:35:43,130 - fewshot_modelnet_non_linear_classification - INFO - --------------------------------------------------------------------------------------------
2023-09-26 13:35:43,611 - fewshot_modelnet_non_linear_classification - INFO - Save checkpoint at ./experiments/fewshot_modelnet_non_linear_classification/cfgs/add_as_normal/ckpt-last.pth
2023-09-26 13:35:45,468 - fewshot_modelnet_non_linear_classification - INFO - [Training] EPOCH: 20 EpochTime = 1.856 (s) Losses = ['0.3347', '95.8333'] lr = 0.000670
2023-09-26 13:35:46,931 - fewshot_modelnet_non_linear_classification - INFO - [Validation] EPOCH: 20  acc = 97.0000
2023-09-26 13:35:47,474 - fewshot_modelnet_non_linear_classification - INFO - Save checkpoint at ./experiments/fewshot_modelnet_non_linear_classification/cfgs/add_as_normal/ckpt-last.pth
2023-09-26 13:35:49,275 - fewshot_modelnet_non_linear_classification - INFO - [Training] EPOCH: 21 EpochTime = 1.799 (s) Losses = ['0.3259', '95.3125'] lr = 0.000667
2023-09-26 13:35:50,781 - fewshot_modelnet_non_linear_classification - INFO - [Validation] EPOCH: 21  acc = 96.5000
2023-09-26 13:35:51,260 - fewshot_modelnet_non_linear_classification - INFO - Save checkpoint at ./experiments/fewshot_modelnet_non_linear_classification/cfgs/add_as_normal/ckpt-last.pth
2023-09-26 13:35:53,113 - fewshot_modelnet_non_linear_classification - INFO - [Training] EPOCH: 22 EpochTime = 1.851 (s) Losses = ['0.2756', '96.8750'] lr = 0.000664
2023-09-26 13:35:54,590 - fewshot_modelnet_non_linear_classification - INFO - [Validation] EPOCH: 22  acc = 95.5000
2023-09-26 13:35:55,104 - fewshot_modelnet_non_linear_classification - INFO - Save checkpoint at ./experiments/fewshot_modelnet_non_linear_classification/cfgs/add_as_normal/ckpt-last.pth
2023-09-26 13:35:56,943 - fewshot_modelnet_non_linear_classification - INFO - [Training] EPOCH: 23 EpochTime = 1.838 (s) Losses = ['0.2806', '97.3958'] lr = 0.000660
2023-09-26 13:35:58,663 - fewshot_modelnet_non_linear_classification - INFO - [Validation] EPOCH: 23  acc = 95.5000
2023-09-26 13:35:59,193 - fewshot_modelnet_non_linear_classification - INFO - Save checkpoint at ./experiments/fewshot_modelnet_non_linear_classification/cfgs/add_as_normal/ckpt-last.pth
2023-09-26 13:36:01,046 - fewshot_modelnet_non_linear_classification - INFO - [Training] EPOCH: 24 EpochTime = 1.852 (s) Losses = ['0.2673', '96.3542'] lr = 0.000657
2023-09-26 13:36:02,508 - fewshot_modelnet_non_linear_classification - INFO - [Validation] EPOCH: 24  acc = 96.0000
2023-09-26 13:36:03,008 - fewshot_modelnet_non_linear_classification - INFO - Save checkpoint at ./experiments/fewshot_modelnet_non_linear_classification/cfgs/add_as_normal/ckpt-last.pth
2023-09-26 13:36:04,881 - fewshot_modelnet_non_linear_classification - INFO - [Training] EPOCH: 25 EpochTime = 1.871 (s) Losses = ['0.2054', '97.3958'] lr = 0.000653
2023-09-26 13:36:06,370 - fewshot_modelnet_non_linear_classification - INFO - [Validation] EPOCH: 25  acc = 96.0000
2023-09-26 13:36:06,885 - fewshot_modelnet_non_linear_classification - INFO - Save checkpoint at ./experiments/fewshot_modelnet_non_linear_classification/cfgs/add_as_normal/ckpt-last.pth
2023-09-26 13:36:08,707 - fewshot_modelnet_non_linear_classification - INFO - [Training] EPOCH: 26 EpochTime = 1.820 (s) Losses = ['0.2408', '97.3958'] lr = 0.000649
2023-09-26 13:36:10,177 - fewshot_modelnet_non_linear_classification - INFO - [Validation] EPOCH: 26  acc = 95.5000
2023-09-26 13:36:10,663 - fewshot_modelnet_non_linear_classification - INFO - Save checkpoint at ./experiments/fewshot_modelnet_non_linear_classification/cfgs/add_as_normal/ckpt-last.pth
2023-09-26 13:36:12,533 - fewshot_modelnet_non_linear_classification - INFO - [Training] EPOCH: 27 EpochTime = 1.868 (s) Losses = ['0.2172', '96.8750'] lr = 0.000646
2023-09-26 13:36:14,117 - fewshot_modelnet_non_linear_classification - INFO - [Validation] EPOCH: 27  acc = 95.5000
2023-09-26 13:36:14,619 - fewshot_modelnet_non_linear_classification - INFO - Save checkpoint at ./experiments/fewshot_modelnet_non_linear_classification/cfgs/add_as_normal/ckpt-last.pth
2023-09-26 13:36:16,391 - fewshot_modelnet_non_linear_classification - INFO - [Training] EPOCH: 28 EpochTime = 1.770 (s) Losses = ['0.1736', '98.9583'] lr = 0.000642
2023-09-26 13:36:17,848 - fewshot_modelnet_non_linear_classification - INFO - [Validation] EPOCH: 28  acc = 95.5000
2023-09-26 13:36:18,405 - fewshot_modelnet_non_linear_classification - INFO - Save checkpoint at ./experiments/fewshot_modelnet_non_linear_classification/cfgs/add_as_normal/ckpt-last.pth
2023-09-26 13:36:20,186 - fewshot_modelnet_non_linear_classification - INFO - [Training] EPOCH: 29 EpochTime = 1.779 (s) Losses = ['0.1546', '98.9583'] lr = 0.000637
2023-09-26 13:36:21,645 - fewshot_modelnet_non_linear_classification - INFO - [Validation] EPOCH: 29  acc = 95.5000
2023-09-26 13:36:22,099 - fewshot_modelnet_non_linear_classification - INFO - Save checkpoint at ./experiments/fewshot_modelnet_non_linear_classification/cfgs/add_as_normal/ckpt-last.pth
2023-09-26 13:36:23,894 - fewshot_modelnet_non_linear_classification - INFO - [Training] EPOCH: 30 EpochTime = 1.794 (s) Losses = ['0.1827', '98.4375'] lr = 0.000633
2023-09-26 13:36:25,390 - fewshot_modelnet_non_linear_classification - INFO - [Validation] EPOCH: 30  acc = 95.5000
2023-09-26 13:36:25,880 - fewshot_modelnet_non_linear_classification - INFO - Save checkpoint at ./experiments/fewshot_modelnet_non_linear_classification/cfgs/add_as_normal/ckpt-last.pth
2023-09-26 13:36:27,680 - fewshot_modelnet_non_linear_classification - INFO - [Training] EPOCH: 31 EpochTime = 1.798 (s) Losses = ['0.1581', '97.3958'] lr = 0.000629
2023-09-26 13:36:29,146 - fewshot_modelnet_non_linear_classification - INFO - [Validation] EPOCH: 31  acc = 97.0000
2023-09-26 13:36:29,634 - fewshot_modelnet_non_linear_classification - INFO - Save checkpoint at ./experiments/fewshot_modelnet_non_linear_classification/cfgs/add_as_normal/ckpt-last.pth
2023-09-26 13:36:31,461 - fewshot_modelnet_non_linear_classification - INFO - [Training] EPOCH: 32 EpochTime = 1.825 (s) Losses = ['0.1883', '97.3958'] lr = 0.000624
2023-09-26 13:36:32,945 - fewshot_modelnet_non_linear_classification - INFO - [Validation] EPOCH: 32  acc = 97.5000
2023-09-26 13:36:33,539 - fewshot_modelnet_non_linear_classification - INFO - Save checkpoint at ./experiments/fewshot_modelnet_non_linear_classification/cfgs/add_as_normal/ckpt-best.pth
2023-09-26 13:36:33,539 - fewshot_modelnet_non_linear_classification - INFO - --------------------------------------------------------------------------------------------
2023-09-26 13:36:34,004 - fewshot_modelnet_non_linear_classification - INFO - Save checkpoint at ./experiments/fewshot_modelnet_non_linear_classification/cfgs/add_as_normal/ckpt-last.pth
2023-09-26 13:36:35,820 - fewshot_modelnet_non_linear_classification - INFO - [Training] EPOCH: 33 EpochTime = 1.815 (s) Losses = ['0.1748', '97.9167'] lr = 0.000620
2023-09-26 13:36:37,413 - fewshot_modelnet_non_linear_classification - INFO - [Validation] EPOCH: 33  acc = 96.0000
2023-09-26 13:36:37,920 - fewshot_modelnet_non_linear_classification - INFO - Save checkpoint at ./experiments/fewshot_modelnet_non_linear_classification/cfgs/add_as_normal/ckpt-last.pth
2023-09-26 13:36:39,723 - fewshot_modelnet_non_linear_classification - INFO - [Training] EPOCH: 34 EpochTime = 1.801 (s) Losses = ['0.1609', '96.8750'] lr = 0.000615
2023-09-26 13:36:41,339 - fewshot_modelnet_non_linear_classification - INFO - [Validation] EPOCH: 34  acc = 95.0000
2023-09-26 13:36:41,830 - fewshot_modelnet_non_linear_classification - INFO - Save checkpoint at ./experiments/fewshot_modelnet_non_linear_classification/cfgs/add_as_normal/ckpt-last.pth
2023-09-26 13:36:43,656 - fewshot_modelnet_non_linear_classification - INFO - [Training] EPOCH: 35 EpochTime = 1.825 (s) Losses = ['0.1205', '99.4792'] lr = 0.000610
2023-09-26 13:36:45,143 - fewshot_modelnet_non_linear_classification - INFO - [Validation] EPOCH: 35  acc = 95.0000
2023-09-26 13:36:45,606 - fewshot_modelnet_non_linear_classification - INFO - Save checkpoint at ./experiments/fewshot_modelnet_non_linear_classification/cfgs/add_as_normal/ckpt-last.pth
2023-09-26 13:36:47,469 - fewshot_modelnet_non_linear_classification - INFO - [Training] EPOCH: 36 EpochTime = 1.861 (s) Losses = ['0.1147', '98.9583'] lr = 0.000605
2023-09-26 13:36:48,958 - fewshot_modelnet_non_linear_classification - INFO - [Validation] EPOCH: 36  acc = 96.0000
2023-09-26 13:36:49,394 - fewshot_modelnet_non_linear_classification - INFO - Save checkpoint at ./experiments/fewshot_modelnet_non_linear_classification/cfgs/add_as_normal/ckpt-last.pth
2023-09-26 13:36:51,171 - fewshot_modelnet_non_linear_classification - INFO - [Training] EPOCH: 37 EpochTime = 1.776 (s) Losses = ['0.0975', '100.0000'] lr = 0.000600
2023-09-26 13:36:52,656 - fewshot_modelnet_non_linear_classification - INFO - [Validation] EPOCH: 37  acc = 95.0000
2023-09-26 13:36:53,193 - fewshot_modelnet_non_linear_classification - INFO - Save checkpoint at ./experiments/fewshot_modelnet_non_linear_classification/cfgs/add_as_normal/ckpt-last.pth
2023-09-26 13:36:54,989 - fewshot_modelnet_non_linear_classification - INFO - [Training] EPOCH: 38 EpochTime = 1.794 (s) Losses = ['0.0968', '99.4792'] lr = 0.000595
2023-09-26 13:36:56,515 - fewshot_modelnet_non_linear_classification - INFO - [Validation] EPOCH: 38  acc = 95.0000
2023-09-26 13:36:57,158 - fewshot_modelnet_non_linear_classification - INFO - Save checkpoint at ./experiments/fewshot_modelnet_non_linear_classification/cfgs/add_as_normal/ckpt-last.pth
2023-09-26 13:36:58,986 - fewshot_modelnet_non_linear_classification - INFO - [Training] EPOCH: 39 EpochTime = 1.826 (s) Losses = ['0.0964', '100.0000'] lr = 0.000590
2023-09-26 13:37:00,439 - fewshot_modelnet_non_linear_classification - INFO - [Validation] EPOCH: 39  acc = 95.0000
2023-09-26 13:37:00,889 - fewshot_modelnet_non_linear_classification - INFO - Save checkpoint at ./experiments/fewshot_modelnet_non_linear_classification/cfgs/add_as_normal/ckpt-last.pth
2023-09-26 13:37:02,678 - fewshot_modelnet_non_linear_classification - INFO - [Training] EPOCH: 40 EpochTime = 1.787 (s) Losses = ['0.0999', '99.4792'] lr = 0.000584
2023-09-26 13:37:04,150 - fewshot_modelnet_non_linear_classification - INFO - [Validation] EPOCH: 40  acc = 95.5000
2023-09-26 13:37:04,627 - fewshot_modelnet_non_linear_classification - INFO - Save checkpoint at ./experiments/fewshot_modelnet_non_linear_classification/cfgs/add_as_normal/ckpt-last.pth
2023-09-26 13:37:06,518 - fewshot_modelnet_non_linear_classification - INFO - [Training] EPOCH: 41 EpochTime = 1.890 (s) Losses = ['0.0824', '99.4792'] lr = 0.000579
2023-09-26 13:37:08,108 - fewshot_modelnet_non_linear_classification - INFO - [Validation] EPOCH: 41  acc = 96.5000
2023-09-26 13:37:08,618 - fewshot_modelnet_non_linear_classification - INFO - Save checkpoint at ./experiments/fewshot_modelnet_non_linear_classification/cfgs/add_as_normal/ckpt-last.pth
2023-09-26 13:37:10,435 - fewshot_modelnet_non_linear_classification - INFO - [Training] EPOCH: 42 EpochTime = 1.816 (s) Losses = ['0.1029', '99.4792'] lr = 0.000573
2023-09-26 13:37:11,953 - fewshot_modelnet_non_linear_classification - INFO - [Validation] EPOCH: 42  acc = 96.5000
2023-09-26 13:37:12,450 - fewshot_modelnet_non_linear_classification - INFO - Save checkpoint at ./experiments/fewshot_modelnet_non_linear_classification/cfgs/add_as_normal/ckpt-last.pth
2023-09-26 13:37:14,295 - fewshot_modelnet_non_linear_classification - INFO - [Training] EPOCH: 43 EpochTime = 1.843 (s) Losses = ['0.0882', '98.4375'] lr = 0.000568
2023-09-26 13:37:15,826 - fewshot_modelnet_non_linear_classification - INFO - [Validation] EPOCH: 43  acc = 96.0000
2023-09-26 13:37:16,412 - fewshot_modelnet_non_linear_classification - INFO - Save checkpoint at ./experiments/fewshot_modelnet_non_linear_classification/cfgs/add_as_normal/ckpt-last.pth
2023-09-26 13:37:18,228 - fewshot_modelnet_non_linear_classification - INFO - [Training] EPOCH: 44 EpochTime = 1.814 (s) Losses = ['0.0726', '99.4792'] lr = 0.000562
2023-09-26 13:37:19,828 - fewshot_modelnet_non_linear_classification - INFO - [Validation] EPOCH: 44  acc = 95.5000
2023-09-26 13:37:20,332 - fewshot_modelnet_non_linear_classification - INFO - Save checkpoint at ./experiments/fewshot_modelnet_non_linear_classification/cfgs/add_as_normal/ckpt-last.pth
2023-09-26 13:37:22,147 - fewshot_modelnet_non_linear_classification - INFO - [Training] EPOCH: 45 EpochTime = 1.813 (s) Losses = ['0.0840', '99.4792'] lr = 0.000556
2023-09-26 13:37:23,622 - fewshot_modelnet_non_linear_classification - INFO - [Validation] EPOCH: 45  acc = 96.5000
2023-09-26 13:37:24,168 - fewshot_modelnet_non_linear_classification - INFO - Save checkpoint at ./experiments/fewshot_modelnet_non_linear_classification/cfgs/add_as_normal/ckpt-last.pth
2023-09-26 13:37:26,000 - fewshot_modelnet_non_linear_classification - INFO - [Training] EPOCH: 46 EpochTime = 1.829 (s) Losses = ['0.0498', '100.0000'] lr = 0.000550
2023-09-26 13:37:27,439 - fewshot_modelnet_non_linear_classification - INFO - [Validation] EPOCH: 46  acc = 96.0000
2023-09-26 13:37:27,918 - fewshot_modelnet_non_linear_classification - INFO - Save checkpoint at ./experiments/fewshot_modelnet_non_linear_classification/cfgs/add_as_normal/ckpt-last.pth
2023-09-26 13:37:29,718 - fewshot_modelnet_non_linear_classification - INFO - [Training] EPOCH: 47 EpochTime = 1.798 (s) Losses = ['0.0650', '100.0000'] lr = 0.000544
2023-09-26 13:37:31,196 - fewshot_modelnet_non_linear_classification - INFO - [Validation] EPOCH: 47  acc = 95.0000
2023-09-26 13:37:31,725 - fewshot_modelnet_non_linear_classification - INFO - Save checkpoint at ./experiments/fewshot_modelnet_non_linear_classification/cfgs/add_as_normal/ckpt-last.pth
2023-09-26 13:37:33,525 - fewshot_modelnet_non_linear_classification - INFO - [Training] EPOCH: 48 EpochTime = 1.798 (s) Losses = ['0.0979', '99.4792'] lr = 0.000538
2023-09-26 13:37:35,099 - fewshot_modelnet_non_linear_classification - INFO - [Validation] EPOCH: 48  acc = 95.0000
2023-09-26 13:37:35,611 - fewshot_modelnet_non_linear_classification - INFO - Save checkpoint at ./experiments/fewshot_modelnet_non_linear_classification/cfgs/add_as_normal/ckpt-last.pth
2023-09-26 13:37:37,411 - fewshot_modelnet_non_linear_classification - INFO - [Training] EPOCH: 49 EpochTime = 1.799 (s) Losses = ['0.0819', '99.4792'] lr = 0.000532
2023-09-26 13:37:38,872 - fewshot_modelnet_non_linear_classification - INFO - [Validation] EPOCH: 49  acc = 94.5000
2023-09-26 13:37:39,438 - fewshot_modelnet_non_linear_classification - INFO - Save checkpoint at ./experiments/fewshot_modelnet_non_linear_classification/cfgs/add_as_normal/ckpt-last.pth
2023-09-26 13:37:41,228 - fewshot_modelnet_non_linear_classification - INFO - [Training] EPOCH: 50 EpochTime = 1.787 (s) Losses = ['0.0662', '100.0000'] lr = 0.000525
2023-09-26 13:37:42,716 - fewshot_modelnet_non_linear_classification - INFO - [Validation] EPOCH: 50  acc = 95.0000
2023-09-26 13:37:43,238 - fewshot_modelnet_non_linear_classification - INFO - Save checkpoint at ./experiments/fewshot_modelnet_non_linear_classification/cfgs/add_as_normal/ckpt-last.pth
2023-09-26 13:37:44,994 - fewshot_modelnet_non_linear_classification - INFO - [Training] EPOCH: 51 EpochTime = 1.755 (s) Losses = ['0.0730', '100.0000'] lr = 0.000519
2023-09-26 13:37:46,435 - fewshot_modelnet_non_linear_classification - INFO - [Validation] EPOCH: 51  acc = 95.0000
2023-09-26 13:37:46,915 - fewshot_modelnet_non_linear_classification - INFO - Save checkpoint at ./experiments/fewshot_modelnet_non_linear_classification/cfgs/add_as_normal/ckpt-last.pth
2023-09-26 13:37:48,696 - fewshot_modelnet_non_linear_classification - INFO - [Training] EPOCH: 52 EpochTime = 1.780 (s) Losses = ['0.0688', '100.0000'] lr = 0.000512
2023-09-26 13:37:50,172 - fewshot_modelnet_non_linear_classification - INFO - [Validation] EPOCH: 52  acc = 95.0000
2023-09-26 13:37:50,667 - fewshot_modelnet_non_linear_classification - INFO - Save checkpoint at ./experiments/fewshot_modelnet_non_linear_classification/cfgs/add_as_normal/ckpt-last.pth
2023-09-26 13:37:52,443 - fewshot_modelnet_non_linear_classification - INFO - [Training] EPOCH: 53 EpochTime = 1.774 (s) Losses = ['0.0523', '100.0000'] lr = 0.000506
2023-09-26 13:37:53,872 - fewshot_modelnet_non_linear_classification - INFO - [Validation] EPOCH: 53  acc = 96.0000
2023-09-26 13:37:54,419 - fewshot_modelnet_non_linear_classification - INFO - Save checkpoint at ./experiments/fewshot_modelnet_non_linear_classification/cfgs/add_as_normal/ckpt-last.pth
2023-09-26 13:37:56,356 - fewshot_modelnet_non_linear_classification - INFO - [Training] EPOCH: 54 EpochTime = 1.936 (s) Losses = ['0.0520', '99.4792'] lr = 0.000499
2023-09-26 13:37:57,813 - fewshot_modelnet_non_linear_classification - INFO - [Validation] EPOCH: 54  acc = 96.0000
2023-09-26 13:37:58,350 - fewshot_modelnet_non_linear_classification - INFO - Save checkpoint at ./experiments/fewshot_modelnet_non_linear_classification/cfgs/add_as_normal/ckpt-last.pth
2023-09-26 13:38:00,240 - fewshot_modelnet_non_linear_classification - INFO - [Training] EPOCH: 55 EpochTime = 1.887 (s) Losses = ['0.0850', '98.9583'] lr = 0.000493
2023-09-26 13:38:01,797 - fewshot_modelnet_non_linear_classification - INFO - [Validation] EPOCH: 55  acc = 96.0000
2023-09-26 13:38:02,307 - fewshot_modelnet_non_linear_classification - INFO - Save checkpoint at ./experiments/fewshot_modelnet_non_linear_classification/cfgs/add_as_normal/ckpt-last.pth
2023-09-26 13:38:04,091 - fewshot_modelnet_non_linear_classification - INFO - [Training] EPOCH: 56 EpochTime = 1.782 (s) Losses = ['0.0490', '99.4792'] lr = 0.000486
2023-09-26 13:38:05,639 - fewshot_modelnet_non_linear_classification - INFO - [Validation] EPOCH: 56  acc = 96.0000
2023-09-26 13:38:06,096 - fewshot_modelnet_non_linear_classification - INFO - Save checkpoint at ./experiments/fewshot_modelnet_non_linear_classification/cfgs/add_as_normal/ckpt-last.pth
2023-09-26 13:38:07,985 - fewshot_modelnet_non_linear_classification - INFO - [Training] EPOCH: 57 EpochTime = 1.887 (s) Losses = ['0.0773', '99.4792'] lr = 0.000479
2023-09-26 13:38:09,455 - fewshot_modelnet_non_linear_classification - INFO - [Validation] EPOCH: 57  acc = 97.0000
2023-09-26 13:38:09,896 - fewshot_modelnet_non_linear_classification - INFO - Save checkpoint at ./experiments/fewshot_modelnet_non_linear_classification/cfgs/add_as_normal/ckpt-last.pth
2023-09-26 13:38:11,685 - fewshot_modelnet_non_linear_classification - INFO - [Training] EPOCH: 58 EpochTime = 1.787 (s) Losses = ['0.0586', '99.4792'] lr = 0.000472
2023-09-26 13:38:13,139 - fewshot_modelnet_non_linear_classification - INFO - [Validation] EPOCH: 58  acc = 97.0000
2023-09-26 13:38:13,635 - fewshot_modelnet_non_linear_classification - INFO - Save checkpoint at ./experiments/fewshot_modelnet_non_linear_classification/cfgs/add_as_normal/ckpt-last.pth
2023-09-26 13:38:15,422 - fewshot_modelnet_non_linear_classification - INFO - [Training] EPOCH: 59 EpochTime = 1.785 (s) Losses = ['0.0376', '100.0000'] lr = 0.000465
2023-09-26 13:38:16,944 - fewshot_modelnet_non_linear_classification - INFO - [Validation] EPOCH: 59  acc = 96.0000
2023-09-26 13:38:17,447 - fewshot_modelnet_non_linear_classification - INFO - Save checkpoint at ./experiments/fewshot_modelnet_non_linear_classification/cfgs/add_as_normal/ckpt-last.pth
2023-09-26 13:38:19,219 - fewshot_modelnet_non_linear_classification - INFO - [Training] EPOCH: 60 EpochTime = 1.770 (s) Losses = ['0.0770', '97.9167'] lr = 0.000459
2023-09-26 13:38:20,659 - fewshot_modelnet_non_linear_classification - INFO - [Validation] EPOCH: 60  acc = 96.0000
2023-09-26 13:38:21,079 - fewshot_modelnet_non_linear_classification - INFO - Save checkpoint at ./experiments/fewshot_modelnet_non_linear_classification/cfgs/add_as_normal/ckpt-last.pth
2023-09-26 13:38:22,905 - fewshot_modelnet_non_linear_classification - INFO - [Training] EPOCH: 61 EpochTime = 1.825 (s) Losses = ['0.0645', '99.4792'] lr = 0.000452
2023-09-26 13:38:24,520 - fewshot_modelnet_non_linear_classification - INFO - [Validation] EPOCH: 61  acc = 95.0000
2023-09-26 13:38:24,987 - fewshot_modelnet_non_linear_classification - INFO - Save checkpoint at ./experiments/fewshot_modelnet_non_linear_classification/cfgs/add_as_normal/ckpt-last.pth
2023-09-26 13:38:26,806 - fewshot_modelnet_non_linear_classification - INFO - [Training] EPOCH: 62 EpochTime = 1.817 (s) Losses = ['0.0451', '100.0000'] lr = 0.000444
2023-09-26 13:38:28,331 - fewshot_modelnet_non_linear_classification - INFO - [Validation] EPOCH: 62  acc = 95.0000
2023-09-26 13:38:28,804 - fewshot_modelnet_non_linear_classification - INFO - Save checkpoint at ./experiments/fewshot_modelnet_non_linear_classification/cfgs/add_as_normal/ckpt-last.pth
2023-09-26 13:38:30,659 - fewshot_modelnet_non_linear_classification - INFO - [Training] EPOCH: 63 EpochTime = 1.853 (s) Losses = ['0.0538', '100.0000'] lr = 0.000437
2023-09-26 13:38:32,217 - fewshot_modelnet_non_linear_classification - INFO - [Validation] EPOCH: 63  acc = 96.0000
2023-09-26 13:38:32,696 - fewshot_modelnet_non_linear_classification - INFO - Save checkpoint at ./experiments/fewshot_modelnet_non_linear_classification/cfgs/add_as_normal/ckpt-last.pth
2023-09-26 13:38:34,507 - fewshot_modelnet_non_linear_classification - INFO - [Training] EPOCH: 64 EpochTime = 1.808 (s) Losses = ['0.0482', '99.4792'] lr = 0.000430
2023-09-26 13:38:35,964 - fewshot_modelnet_non_linear_classification - INFO - [Validation] EPOCH: 64  acc = 96.0000
2023-09-26 13:38:36,447 - fewshot_modelnet_non_linear_classification - INFO - Save checkpoint at ./experiments/fewshot_modelnet_non_linear_classification/cfgs/add_as_normal/ckpt-last.pth
2023-09-26 13:38:38,251 - fewshot_modelnet_non_linear_classification - INFO - [Training] EPOCH: 65 EpochTime = 1.802 (s) Losses = ['0.0610', '98.9583'] lr = 0.000423
2023-09-26 13:38:39,739 - fewshot_modelnet_non_linear_classification - INFO - [Validation] EPOCH: 65  acc = 95.5000
2023-09-26 13:38:40,181 - fewshot_modelnet_non_linear_classification - INFO - Save checkpoint at ./experiments/fewshot_modelnet_non_linear_classification/cfgs/add_as_normal/ckpt-last.pth
2023-09-26 13:38:41,997 - fewshot_modelnet_non_linear_classification - INFO - [Training] EPOCH: 66 EpochTime = 1.814 (s) Losses = ['0.0585', '98.9583'] lr = 0.000416
2023-09-26 13:38:43,503 - fewshot_modelnet_non_linear_classification - INFO - [Validation] EPOCH: 66  acc = 95.5000
2023-09-26 13:38:44,022 - fewshot_modelnet_non_linear_classification - INFO - Save checkpoint at ./experiments/fewshot_modelnet_non_linear_classification/cfgs/add_as_normal/ckpt-last.pth
2023-09-26 13:38:45,853 - fewshot_modelnet_non_linear_classification - INFO - [Training] EPOCH: 67 EpochTime = 1.829 (s) Losses = ['0.0398', '100.0000'] lr = 0.000409
2023-09-26 13:38:47,303 - fewshot_modelnet_non_linear_classification - INFO - [Validation] EPOCH: 67  acc = 95.5000
2023-09-26 13:38:47,796 - fewshot_modelnet_non_linear_classification - INFO - Save checkpoint at ./experiments/fewshot_modelnet_non_linear_classification/cfgs/add_as_normal/ckpt-last.pth
2023-09-26 13:38:49,600 - fewshot_modelnet_non_linear_classification - INFO - [Training] EPOCH: 68 EpochTime = 1.803 (s) Losses = ['0.0520', '100.0000'] lr = 0.000402
2023-09-26 13:38:51,049 - fewshot_modelnet_non_linear_classification - INFO - [Validation] EPOCH: 68  acc = 96.0000
2023-09-26 13:38:51,556 - fewshot_modelnet_non_linear_classification - INFO - Save checkpoint at ./experiments/fewshot_modelnet_non_linear_classification/cfgs/add_as_normal/ckpt-last.pth
2023-09-26 13:38:53,480 - fewshot_modelnet_non_linear_classification - INFO - [Training] EPOCH: 69 EpochTime = 1.921 (s) Losses = ['0.0424', '100.0000'] lr = 0.000394
2023-09-26 13:38:54,959 - fewshot_modelnet_non_linear_classification - INFO - [Validation] EPOCH: 69  acc = 96.0000
2023-09-26 13:38:55,448 - fewshot_modelnet_non_linear_classification - INFO - Save checkpoint at ./experiments/fewshot_modelnet_non_linear_classification/cfgs/add_as_normal/ckpt-last.pth
2023-09-26 13:38:57,259 - fewshot_modelnet_non_linear_classification - INFO - [Training] EPOCH: 70 EpochTime = 1.810 (s) Losses = ['0.0440', '100.0000'] lr = 0.000387
2023-09-26 13:38:58,712 - fewshot_modelnet_non_linear_classification - INFO - [Validation] EPOCH: 70  acc = 95.5000
2023-09-26 13:38:59,203 - fewshot_modelnet_non_linear_classification - INFO - Save checkpoint at ./experiments/fewshot_modelnet_non_linear_classification/cfgs/add_as_normal/ckpt-last.pth
2023-09-26 13:39:01,005 - fewshot_modelnet_non_linear_classification - INFO - [Training] EPOCH: 71 EpochTime = 1.800 (s) Losses = ['0.0380', '100.0000'] lr = 0.000380
2023-09-26 13:39:02,482 - fewshot_modelnet_non_linear_classification - INFO - [Validation] EPOCH: 71  acc = 95.5000
2023-09-26 13:39:03,009 - fewshot_modelnet_non_linear_classification - INFO - Save checkpoint at ./experiments/fewshot_modelnet_non_linear_classification/cfgs/add_as_normal/ckpt-last.pth
2023-09-26 13:39:04,804 - fewshot_modelnet_non_linear_classification - INFO - [Training] EPOCH: 72 EpochTime = 1.793 (s) Losses = ['0.0387', '100.0000'] lr = 0.000372
2023-09-26 13:39:06,231 - fewshot_modelnet_non_linear_classification - INFO - [Validation] EPOCH: 72  acc = 96.0000
2023-09-26 13:39:06,696 - fewshot_modelnet_non_linear_classification - INFO - Save checkpoint at ./experiments/fewshot_modelnet_non_linear_classification/cfgs/add_as_normal/ckpt-last.pth
2023-09-26 13:39:08,481 - fewshot_modelnet_non_linear_classification - INFO - [Training] EPOCH: 73 EpochTime = 1.783 (s) Losses = ['0.0386', '99.4792'] lr = 0.000365
2023-09-26 13:39:09,939 - fewshot_modelnet_non_linear_classification - INFO - [Validation] EPOCH: 73  acc = 95.5000
2023-09-26 13:39:10,664 - fewshot_modelnet_non_linear_classification - INFO - Save checkpoint at ./experiments/fewshot_modelnet_non_linear_classification/cfgs/add_as_normal/ckpt-last.pth
2023-09-26 13:39:12,464 - fewshot_modelnet_non_linear_classification - INFO - [Training] EPOCH: 74 EpochTime = 1.799 (s) Losses = ['0.0649', '98.9583'] lr = 0.000358
2023-09-26 13:39:13,905 - fewshot_modelnet_non_linear_classification - INFO - [Validation] EPOCH: 74  acc = 95.5000
2023-09-26 13:39:14,470 - fewshot_modelnet_non_linear_classification - INFO - Save checkpoint at ./experiments/fewshot_modelnet_non_linear_classification/cfgs/add_as_normal/ckpt-last.pth
2023-09-26 13:39:16,272 - fewshot_modelnet_non_linear_classification - INFO - [Training] EPOCH: 75 EpochTime = 1.800 (s) Losses = ['0.0548', '99.4792'] lr = 0.000351
2023-09-26 13:39:17,726 - fewshot_modelnet_non_linear_classification - INFO - [Validation] EPOCH: 75  acc = 95.5000
2023-09-26 13:39:18,256 - fewshot_modelnet_non_linear_classification - INFO - Save checkpoint at ./experiments/fewshot_modelnet_non_linear_classification/cfgs/add_as_normal/ckpt-last.pth
2023-09-26 13:39:20,040 - fewshot_modelnet_non_linear_classification - INFO - [Training] EPOCH: 76 EpochTime = 1.782 (s) Losses = ['0.0363', '99.4792'] lr = 0.000343
2023-09-26 13:39:21,670 - fewshot_modelnet_non_linear_classification - INFO - [Validation] EPOCH: 76  acc = 95.5000
2023-09-26 13:39:22,139 - fewshot_modelnet_non_linear_classification - INFO - Save checkpoint at ./experiments/fewshot_modelnet_non_linear_classification/cfgs/add_as_normal/ckpt-last.pth
2023-09-26 13:39:23,961 - fewshot_modelnet_non_linear_classification - INFO - [Training] EPOCH: 77 EpochTime = 1.819 (s) Losses = ['0.0356', '100.0000'] lr = 0.000336
2023-09-26 13:39:25,440 - fewshot_modelnet_non_linear_classification - INFO - [Validation] EPOCH: 77  acc = 95.5000
2023-09-26 13:39:25,930 - fewshot_modelnet_non_linear_classification - INFO - Save checkpoint at ./experiments/fewshot_modelnet_non_linear_classification/cfgs/add_as_normal/ckpt-last.pth
2023-09-26 13:39:27,719 - fewshot_modelnet_non_linear_classification - INFO - [Training] EPOCH: 78 EpochTime = 1.788 (s) Losses = ['0.0445', '98.9583'] lr = 0.000329
2023-09-26 13:39:29,182 - fewshot_modelnet_non_linear_classification - INFO - [Validation] EPOCH: 78  acc = 96.0000
2023-09-26 13:39:29,697 - fewshot_modelnet_non_linear_classification - INFO - Save checkpoint at ./experiments/fewshot_modelnet_non_linear_classification/cfgs/add_as_normal/ckpt-last.pth
2023-09-26 13:39:31,489 - fewshot_modelnet_non_linear_classification - INFO - [Training] EPOCH: 79 EpochTime = 1.790 (s) Losses = ['0.0473', '100.0000'] lr = 0.000321
2023-09-26 13:39:32,956 - fewshot_modelnet_non_linear_classification - INFO - [Validation] EPOCH: 79  acc = 96.0000
2023-09-26 13:39:33,469 - fewshot_modelnet_non_linear_classification - INFO - Save checkpoint at ./experiments/fewshot_modelnet_non_linear_classification/cfgs/add_as_normal/ckpt-last.pth
2023-09-26 13:39:35,270 - fewshot_modelnet_non_linear_classification - INFO - [Training] EPOCH: 80 EpochTime = 1.799 (s) Losses = ['0.0268', '100.0000'] lr = 0.000314
2023-09-26 13:39:36,869 - fewshot_modelnet_non_linear_classification - INFO - [Validation] EPOCH: 80  acc = 96.5000
2023-09-26 13:39:37,358 - fewshot_modelnet_non_linear_classification - INFO - Save checkpoint at ./experiments/fewshot_modelnet_non_linear_classification/cfgs/add_as_normal/ckpt-last.pth
2023-09-26 13:39:39,148 - fewshot_modelnet_non_linear_classification - INFO - [Training] EPOCH: 81 EpochTime = 1.789 (s) Losses = ['0.0433', '99.4792'] lr = 0.000307
2023-09-26 13:39:40,662 - fewshot_modelnet_non_linear_classification - INFO - [Validation] EPOCH: 81  acc = 96.0000
2023-09-26 13:39:41,200 - fewshot_modelnet_non_linear_classification - INFO - Save checkpoint at ./experiments/fewshot_modelnet_non_linear_classification/cfgs/add_as_normal/ckpt-last.pth
2023-09-26 13:39:42,981 - fewshot_modelnet_non_linear_classification - INFO - [Training] EPOCH: 82 EpochTime = 1.779 (s) Losses = ['0.0294', '100.0000'] lr = 0.000299
2023-09-26 13:39:44,472 - fewshot_modelnet_non_linear_classification - INFO - [Validation] EPOCH: 82  acc = 96.0000
2023-09-26 13:39:44,917 - fewshot_modelnet_non_linear_classification - INFO - Save checkpoint at ./experiments/fewshot_modelnet_non_linear_classification/cfgs/add_as_normal/ckpt-last.pth
2023-09-26 13:39:46,740 - fewshot_modelnet_non_linear_classification - INFO - [Training] EPOCH: 83 EpochTime = 1.820 (s) Losses = ['0.0305', '100.0000'] lr = 0.000292
2023-09-26 13:39:48,297 - fewshot_modelnet_non_linear_classification - INFO - [Validation] EPOCH: 83  acc = 96.0000
2023-09-26 13:39:48,805 - fewshot_modelnet_non_linear_classification - INFO - Save checkpoint at ./experiments/fewshot_modelnet_non_linear_classification/cfgs/add_as_normal/ckpt-last.pth
2023-09-26 13:39:50,722 - fewshot_modelnet_non_linear_classification - INFO - [Training] EPOCH: 84 EpochTime = 1.915 (s) Losses = ['0.0297', '99.4792'] lr = 0.000285
2023-09-26 13:39:52,184 - fewshot_modelnet_non_linear_classification - INFO - [Validation] EPOCH: 84  acc = 96.5000
2023-09-26 13:39:52,661 - fewshot_modelnet_non_linear_classification - INFO - Save checkpoint at ./experiments/fewshot_modelnet_non_linear_classification/cfgs/add_as_normal/ckpt-last.pth
2023-09-26 13:39:54,470 - fewshot_modelnet_non_linear_classification - INFO - [Training] EPOCH: 85 EpochTime = 1.807 (s) Losses = ['0.0384', '99.4792'] lr = 0.000278
2023-09-26 13:39:55,979 - fewshot_modelnet_non_linear_classification - INFO - [Validation] EPOCH: 85  acc = 96.5000
2023-09-26 13:39:56,487 - fewshot_modelnet_non_linear_classification - INFO - Save checkpoint at ./experiments/fewshot_modelnet_non_linear_classification/cfgs/add_as_normal/ckpt-last.pth
2023-09-26 13:39:58,296 - fewshot_modelnet_non_linear_classification - INFO - [Training] EPOCH: 86 EpochTime = 1.807 (s) Losses = ['0.0352', '100.0000'] lr = 0.000271
2023-09-26 13:39:59,763 - fewshot_modelnet_non_linear_classification - INFO - [Validation] EPOCH: 86  acc = 96.5000
2023-09-26 13:40:00,218 - fewshot_modelnet_non_linear_classification - INFO - Save checkpoint at ./experiments/fewshot_modelnet_non_linear_classification/cfgs/add_as_normal/ckpt-last.pth
2023-09-26 13:40:02,025 - fewshot_modelnet_non_linear_classification - INFO - [Training] EPOCH: 87 EpochTime = 1.805 (s) Losses = ['0.0328', '100.0000'] lr = 0.000264
2023-09-26 13:40:03,487 - fewshot_modelnet_non_linear_classification - INFO - [Validation] EPOCH: 87  acc = 96.0000
2023-09-26 13:40:04,010 - fewshot_modelnet_non_linear_classification - INFO - Save checkpoint at ./experiments/fewshot_modelnet_non_linear_classification/cfgs/add_as_normal/ckpt-last.pth
2023-09-26 13:40:05,832 - fewshot_modelnet_non_linear_classification - INFO - [Training] EPOCH: 88 EpochTime = 1.820 (s) Losses = ['0.0429', '100.0000'] lr = 0.000257
2023-09-26 13:40:07,359 - fewshot_modelnet_non_linear_classification - INFO - [Validation] EPOCH: 88  acc = 95.5000
2023-09-26 13:40:07,837 - fewshot_modelnet_non_linear_classification - INFO - Save checkpoint at ./experiments/fewshot_modelnet_non_linear_classification/cfgs/add_as_normal/ckpt-last.pth
2023-09-26 13:40:09,658 - fewshot_modelnet_non_linear_classification - INFO - [Training] EPOCH: 89 EpochTime = 1.819 (s) Losses = ['0.0347', '100.0000'] lr = 0.000249
2023-09-26 13:40:11,261 - fewshot_modelnet_non_linear_classification - INFO - [Validation] EPOCH: 89  acc = 95.5000
2023-09-26 13:40:11,772 - fewshot_modelnet_non_linear_classification - INFO - Save checkpoint at ./experiments/fewshot_modelnet_non_linear_classification/cfgs/add_as_normal/ckpt-last.pth
2023-09-26 13:40:13,603 - fewshot_modelnet_non_linear_classification - INFO - [Training] EPOCH: 90 EpochTime = 1.829 (s) Losses = ['0.0304', '100.0000'] lr = 0.000242
2023-09-26 13:40:15,080 - fewshot_modelnet_non_linear_classification - INFO - [Validation] EPOCH: 90  acc = 95.5000
2023-09-26 13:40:15,604 - fewshot_modelnet_non_linear_classification - INFO - Save checkpoint at ./experiments/fewshot_modelnet_non_linear_classification/cfgs/add_as_normal/ckpt-last.pth
2023-09-26 13:40:17,411 - fewshot_modelnet_non_linear_classification - INFO - [Training] EPOCH: 91 EpochTime = 1.804 (s) Losses = ['0.0416', '98.9583'] lr = 0.000236
2023-09-26 13:40:18,901 - fewshot_modelnet_non_linear_classification - INFO - [Validation] EPOCH: 91  acc = 95.5000
2023-09-26 13:40:19,443 - fewshot_modelnet_non_linear_classification - INFO - Save checkpoint at ./experiments/fewshot_modelnet_non_linear_classification/cfgs/add_as_normal/ckpt-last.pth
2023-09-26 13:40:21,398 - fewshot_modelnet_non_linear_classification - INFO - [Training] EPOCH: 92 EpochTime = 1.952 (s) Losses = ['0.0283', '100.0000'] lr = 0.000229
2023-09-26 13:40:22,849 - fewshot_modelnet_non_linear_classification - INFO - [Validation] EPOCH: 92  acc = 95.5000
2023-09-26 13:40:23,326 - fewshot_modelnet_non_linear_classification - INFO - Save checkpoint at ./experiments/fewshot_modelnet_non_linear_classification/cfgs/add_as_normal/ckpt-last.pth
2023-09-26 13:40:25,146 - fewshot_modelnet_non_linear_classification - INFO - [Training] EPOCH: 93 EpochTime = 1.817 (s) Losses = ['0.0228', '100.0000'] lr = 0.000222
2023-09-26 13:40:26,585 - fewshot_modelnet_non_linear_classification - INFO - [Validation] EPOCH: 93  acc = 95.5000
2023-09-26 13:40:27,091 - fewshot_modelnet_non_linear_classification - INFO - Save checkpoint at ./experiments/fewshot_modelnet_non_linear_classification/cfgs/add_as_normal/ckpt-last.pth
2023-09-26 13:40:28,879 - fewshot_modelnet_non_linear_classification - INFO - [Training] EPOCH: 94 EpochTime = 1.787 (s) Losses = ['0.0470', '100.0000'] lr = 0.000215
2023-09-26 13:40:30,366 - fewshot_modelnet_non_linear_classification - INFO - [Validation] EPOCH: 94  acc = 95.5000
2023-09-26 13:40:30,869 - fewshot_modelnet_non_linear_classification - INFO - Save checkpoint at ./experiments/fewshot_modelnet_non_linear_classification/cfgs/add_as_normal/ckpt-last.pth
2023-09-26 13:40:32,671 - fewshot_modelnet_non_linear_classification - INFO - [Training] EPOCH: 95 EpochTime = 1.800 (s) Losses = ['0.0311', '99.4792'] lr = 0.000208
2023-09-26 13:40:34,124 - fewshot_modelnet_non_linear_classification - INFO - [Validation] EPOCH: 95  acc = 95.0000
2023-09-26 13:40:34,642 - fewshot_modelnet_non_linear_classification - INFO - Save checkpoint at ./experiments/fewshot_modelnet_non_linear_classification/cfgs/add_as_normal/ckpt-last.pth
2023-09-26 13:40:36,534 - fewshot_modelnet_non_linear_classification - INFO - [Training] EPOCH: 96 EpochTime = 1.890 (s) Losses = ['0.0253', '100.0000'] lr = 0.000202
2023-09-26 13:40:37,986 - fewshot_modelnet_non_linear_classification - INFO - [Validation] EPOCH: 96  acc = 95.5000
2023-09-26 13:40:38,511 - fewshot_modelnet_non_linear_classification - INFO - Save checkpoint at ./experiments/fewshot_modelnet_non_linear_classification/cfgs/add_as_normal/ckpt-last.pth
2023-09-26 13:40:40,434 - fewshot_modelnet_non_linear_classification - INFO - [Training] EPOCH: 97 EpochTime = 1.920 (s) Losses = ['0.0183', '100.0000'] lr = 0.000195
2023-09-26 13:40:42,008 - fewshot_modelnet_non_linear_classification - INFO - [Validation] EPOCH: 97  acc = 95.5000
2023-09-26 13:40:42,520 - fewshot_modelnet_non_linear_classification - INFO - Save checkpoint at ./experiments/fewshot_modelnet_non_linear_classification/cfgs/add_as_normal/ckpt-last.pth
2023-09-26 13:40:44,372 - fewshot_modelnet_non_linear_classification - INFO - [Training] EPOCH: 98 EpochTime = 1.851 (s) Losses = ['0.0388', '99.4792'] lr = 0.000189
2023-09-26 13:40:45,855 - fewshot_modelnet_non_linear_classification - INFO - [Validation] EPOCH: 98  acc = 95.5000
2023-09-26 13:40:46,353 - fewshot_modelnet_non_linear_classification - INFO - Save checkpoint at ./experiments/fewshot_modelnet_non_linear_classification/cfgs/add_as_normal/ckpt-last.pth
2023-09-26 13:40:48,127 - fewshot_modelnet_non_linear_classification - INFO - [Training] EPOCH: 99 EpochTime = 1.773 (s) Losses = ['0.0319', '100.0000'] lr = 0.000182
2023-09-26 13:40:49,600 - fewshot_modelnet_non_linear_classification - INFO - [Validation] EPOCH: 99  acc = 96.0000
2023-09-26 13:40:50,096 - fewshot_modelnet_non_linear_classification - INFO - Save checkpoint at ./experiments/fewshot_modelnet_non_linear_classification/cfgs/add_as_normal/ckpt-last.pth
2023-09-26 13:40:51,961 - fewshot_modelnet_non_linear_classification - INFO - [Training] EPOCH: 100 EpochTime = 1.864 (s) Losses = ['0.0243', '100.0000'] lr = 0.000176
2023-09-26 13:40:53,412 - fewshot_modelnet_non_linear_classification - INFO - [Validation] EPOCH: 100  acc = 96.5000
2023-09-26 13:40:53,889 - fewshot_modelnet_non_linear_classification - INFO - Save checkpoint at ./experiments/fewshot_modelnet_non_linear_classification/cfgs/add_as_normal/ckpt-last.pth
2023-09-26 13:40:55,699 - fewshot_modelnet_non_linear_classification - INFO - [Training] EPOCH: 101 EpochTime = 1.807 (s) Losses = ['0.0333', '100.0000'] lr = 0.000169
2023-09-26 13:40:57,239 - fewshot_modelnet_non_linear_classification - INFO - [Validation] EPOCH: 101  acc = 96.0000
2023-09-26 13:40:57,749 - fewshot_modelnet_non_linear_classification - INFO - Save checkpoint at ./experiments/fewshot_modelnet_non_linear_classification/cfgs/add_as_normal/ckpt-last.pth
2023-09-26 13:40:59,548 - fewshot_modelnet_non_linear_classification - INFO - [Training] EPOCH: 102 EpochTime = 1.797 (s) Losses = ['0.0216', '100.0000'] lr = 0.000163
2023-09-26 13:41:01,162 - fewshot_modelnet_non_linear_classification - INFO - [Validation] EPOCH: 102  acc = 96.0000
2023-09-26 13:41:01,664 - fewshot_modelnet_non_linear_classification - INFO - Save checkpoint at ./experiments/fewshot_modelnet_non_linear_classification/cfgs/add_as_normal/ckpt-last.pth
2023-09-26 13:41:03,588 - fewshot_modelnet_non_linear_classification - INFO - [Training] EPOCH: 103 EpochTime = 1.923 (s) Losses = ['0.0215', '100.0000'] lr = 0.000157
2023-09-26 13:41:05,082 - fewshot_modelnet_non_linear_classification - INFO - [Validation] EPOCH: 103  acc = 96.0000
2023-09-26 13:41:05,573 - fewshot_modelnet_non_linear_classification - INFO - Save checkpoint at ./experiments/fewshot_modelnet_non_linear_classification/cfgs/add_as_normal/ckpt-last.pth
2023-09-26 13:41:07,367 - fewshot_modelnet_non_linear_classification - INFO - [Training] EPOCH: 104 EpochTime = 1.792 (s) Losses = ['0.0249', '100.0000'] lr = 0.000151
2023-09-26 13:41:08,835 - fewshot_modelnet_non_linear_classification - INFO - [Validation] EPOCH: 104  acc = 96.0000
2023-09-26 13:41:09,335 - fewshot_modelnet_non_linear_classification - INFO - Save checkpoint at ./experiments/fewshot_modelnet_non_linear_classification/cfgs/add_as_normal/ckpt-last.pth
2023-09-26 13:41:11,226 - fewshot_modelnet_non_linear_classification - INFO - [Training] EPOCH: 105 EpochTime = 1.889 (s) Losses = ['0.0328', '100.0000'] lr = 0.000145
2023-09-26 13:41:12,950 - fewshot_modelnet_non_linear_classification - INFO - [Validation] EPOCH: 105  acc = 96.0000
2023-09-26 13:41:13,465 - fewshot_modelnet_non_linear_classification - INFO - Save checkpoint at ./experiments/fewshot_modelnet_non_linear_classification/cfgs/add_as_normal/ckpt-last.pth
2023-09-26 13:41:15,287 - fewshot_modelnet_non_linear_classification - INFO - [Training] EPOCH: 106 EpochTime = 1.820 (s) Losses = ['0.0387', '98.9583'] lr = 0.000139
2023-09-26 13:41:16,745 - fewshot_modelnet_non_linear_classification - INFO - [Validation] EPOCH: 106  acc = 95.0000
2023-09-26 13:41:17,240 - fewshot_modelnet_non_linear_classification - INFO - Save checkpoint at ./experiments/fewshot_modelnet_non_linear_classification/cfgs/add_as_normal/ckpt-last.pth
2023-09-26 13:41:19,036 - fewshot_modelnet_non_linear_classification - INFO - [Training] EPOCH: 107 EpochTime = 1.794 (s) Losses = ['0.0243', '100.0000'] lr = 0.000133
2023-09-26 13:41:20,560 - fewshot_modelnet_non_linear_classification - INFO - [Validation] EPOCH: 107  acc = 96.0000
2023-09-26 13:41:21,112 - fewshot_modelnet_non_linear_classification - INFO - Save checkpoint at ./experiments/fewshot_modelnet_non_linear_classification/cfgs/add_as_normal/ckpt-last.pth
2023-09-26 13:41:22,883 - fewshot_modelnet_non_linear_classification - INFO - [Training] EPOCH: 108 EpochTime = 1.770 (s) Losses = ['0.0321', '100.0000'] lr = 0.000128
2023-09-26 13:41:24,366 - fewshot_modelnet_non_linear_classification - INFO - [Validation] EPOCH: 108  acc = 96.0000
2023-09-26 13:41:24,930 - fewshot_modelnet_non_linear_classification - INFO - Save checkpoint at ./experiments/fewshot_modelnet_non_linear_classification/cfgs/add_as_normal/ckpt-last.pth
2023-09-26 13:41:26,856 - fewshot_modelnet_non_linear_classification - INFO - [Training] EPOCH: 109 EpochTime = 1.924 (s) Losses = ['0.0208', '100.0000'] lr = 0.000122
2023-09-26 13:41:28,325 - fewshot_modelnet_non_linear_classification - INFO - [Validation] EPOCH: 109  acc = 95.5000
2023-09-26 13:41:28,832 - fewshot_modelnet_non_linear_classification - INFO - Save checkpoint at ./experiments/fewshot_modelnet_non_linear_classification/cfgs/add_as_normal/ckpt-last.pth
2023-09-26 13:41:30,629 - fewshot_modelnet_non_linear_classification - INFO - [Training] EPOCH: 110 EpochTime = 1.795 (s) Losses = ['0.0393', '100.0000'] lr = 0.000117
2023-09-26 13:41:32,102 - fewshot_modelnet_non_linear_classification - INFO - [Validation] EPOCH: 110  acc = 95.0000
2023-09-26 13:41:32,618 - fewshot_modelnet_non_linear_classification - INFO - Save checkpoint at ./experiments/fewshot_modelnet_non_linear_classification/cfgs/add_as_normal/ckpt-last.pth
2023-09-26 13:41:34,404 - fewshot_modelnet_non_linear_classification - INFO - [Training] EPOCH: 111 EpochTime = 1.784 (s) Losses = ['0.0283', '99.4792'] lr = 0.000111
2023-09-26 13:41:35,900 - fewshot_modelnet_non_linear_classification - INFO - [Validation] EPOCH: 111  acc = 95.5000
2023-09-26 13:41:36,381 - fewshot_modelnet_non_linear_classification - INFO - Save checkpoint at ./experiments/fewshot_modelnet_non_linear_classification/cfgs/add_as_normal/ckpt-last.pth
2023-09-26 13:41:38,251 - fewshot_modelnet_non_linear_classification - INFO - [Training] EPOCH: 112 EpochTime = 1.869 (s) Losses = ['0.0279', '99.4792'] lr = 0.000106
2023-09-26 13:41:39,716 - fewshot_modelnet_non_linear_classification - INFO - [Validation] EPOCH: 112  acc = 96.5000
2023-09-26 13:41:40,233 - fewshot_modelnet_non_linear_classification - INFO - Save checkpoint at ./experiments/fewshot_modelnet_non_linear_classification/cfgs/add_as_normal/ckpt-last.pth
2023-09-26 13:41:42,017 - fewshot_modelnet_non_linear_classification - INFO - [Training] EPOCH: 113 EpochTime = 1.782 (s) Losses = ['0.0283', '100.0000'] lr = 0.000101
2023-09-26 13:41:43,464 - fewshot_modelnet_non_linear_classification - INFO - [Validation] EPOCH: 113  acc = 97.0000
2023-09-26 13:41:43,948 - fewshot_modelnet_non_linear_classification - INFO - Save checkpoint at ./experiments/fewshot_modelnet_non_linear_classification/cfgs/add_as_normal/ckpt-last.pth
2023-09-26 13:41:45,782 - fewshot_modelnet_non_linear_classification - INFO - [Training] EPOCH: 114 EpochTime = 1.831 (s) Losses = ['0.0293', '100.0000'] lr = 0.000096
2023-09-26 13:41:47,368 - fewshot_modelnet_non_linear_classification - INFO - [Validation] EPOCH: 114  acc = 97.0000
2023-09-26 13:41:47,872 - fewshot_modelnet_non_linear_classification - INFO - Save checkpoint at ./experiments/fewshot_modelnet_non_linear_classification/cfgs/add_as_normal/ckpt-last.pth
2023-09-26 13:41:49,676 - fewshot_modelnet_non_linear_classification - INFO - [Training] EPOCH: 115 EpochTime = 1.802 (s) Losses = ['0.0293', '100.0000'] lr = 0.000091
2023-09-26 13:41:51,176 - fewshot_modelnet_non_linear_classification - INFO - [Validation] EPOCH: 115  acc = 97.0000
2023-09-26 13:41:51,672 - fewshot_modelnet_non_linear_classification - INFO - Save checkpoint at ./experiments/fewshot_modelnet_non_linear_classification/cfgs/add_as_normal/ckpt-last.pth
2023-09-26 13:41:53,464 - fewshot_modelnet_non_linear_classification - INFO - [Training] EPOCH: 116 EpochTime = 1.790 (s) Losses = ['0.0384', '99.4792'] lr = 0.000086
2023-09-26 13:41:54,915 - fewshot_modelnet_non_linear_classification - INFO - [Validation] EPOCH: 116  acc = 96.5000
2023-09-26 13:41:55,427 - fewshot_modelnet_non_linear_classification - INFO - Save checkpoint at ./experiments/fewshot_modelnet_non_linear_classification/cfgs/add_as_normal/ckpt-last.pth
2023-09-26 13:41:57,226 - fewshot_modelnet_non_linear_classification - INFO - [Training] EPOCH: 117 EpochTime = 1.797 (s) Losses = ['0.0255', '100.0000'] lr = 0.000081
2023-09-26 13:41:58,648 - fewshot_modelnet_non_linear_classification - INFO - [Validation] EPOCH: 117  acc = 96.0000
2023-09-26 13:41:59,137 - fewshot_modelnet_non_linear_classification - INFO - Save checkpoint at ./experiments/fewshot_modelnet_non_linear_classification/cfgs/add_as_normal/ckpt-last.pth
2023-09-26 13:42:00,924 - fewshot_modelnet_non_linear_classification - INFO - [Training] EPOCH: 118 EpochTime = 1.785 (s) Losses = ['0.0205', '100.0000'] lr = 0.000077
2023-09-26 13:42:02,440 - fewshot_modelnet_non_linear_classification - INFO - [Validation] EPOCH: 118  acc = 96.5000
2023-09-26 13:42:02,929 - fewshot_modelnet_non_linear_classification - INFO - Save checkpoint at ./experiments/fewshot_modelnet_non_linear_classification/cfgs/add_as_normal/ckpt-last.pth
2023-09-26 13:42:04,729 - fewshot_modelnet_non_linear_classification - INFO - [Training] EPOCH: 119 EpochTime = 1.798 (s) Losses = ['0.0205', '100.0000'] lr = 0.000072
2023-09-26 13:42:06,191 - fewshot_modelnet_non_linear_classification - INFO - [Validation] EPOCH: 119  acc = 96.0000
2023-09-26 13:42:06,648 - fewshot_modelnet_non_linear_classification - INFO - Save checkpoint at ./experiments/fewshot_modelnet_non_linear_classification/cfgs/add_as_normal/ckpt-last.pth
2023-09-26 13:42:08,493 - fewshot_modelnet_non_linear_classification - INFO - [Training] EPOCH: 120 EpochTime = 1.844 (s) Losses = ['0.0339', '100.0000'] lr = 0.000068
2023-09-26 13:42:10,132 - fewshot_modelnet_non_linear_classification - INFO - [Validation] EPOCH: 120  acc = 96.0000
2023-09-26 13:42:10,618 - fewshot_modelnet_non_linear_classification - INFO - Save checkpoint at ./experiments/fewshot_modelnet_non_linear_classification/cfgs/add_as_normal/ckpt-last.pth
2023-09-26 13:42:12,565 - fewshot_modelnet_non_linear_classification - INFO - [Training] EPOCH: 121 EpochTime = 1.945 (s) Losses = ['0.0149', '100.0000'] lr = 0.000064
2023-09-26 13:42:14,103 - fewshot_modelnet_non_linear_classification - INFO - [Validation] EPOCH: 121  acc = 96.0000
2023-09-26 13:42:14,565 - fewshot_modelnet_non_linear_classification - INFO - Save checkpoint at ./experiments/fewshot_modelnet_non_linear_classification/cfgs/add_as_normal/ckpt-last.pth
2023-09-26 13:42:16,474 - fewshot_modelnet_non_linear_classification - INFO - [Training] EPOCH: 122 EpochTime = 1.907 (s) Losses = ['0.0232', '100.0000'] lr = 0.000059
2023-09-26 13:42:17,913 - fewshot_modelnet_non_linear_classification - INFO - [Validation] EPOCH: 122  acc = 96.0000
2023-09-26 13:42:18,372 - fewshot_modelnet_non_linear_classification - INFO - Save checkpoint at ./experiments/fewshot_modelnet_non_linear_classification/cfgs/add_as_normal/ckpt-last.pth
2023-09-26 13:42:20,155 - fewshot_modelnet_non_linear_classification - INFO - [Training] EPOCH: 123 EpochTime = 1.782 (s) Losses = ['0.0323', '100.0000'] lr = 0.000055
2023-09-26 13:42:21,612 - fewshot_modelnet_non_linear_classification - INFO - [Validation] EPOCH: 123  acc = 95.5000
2023-09-26 13:42:22,068 - fewshot_modelnet_non_linear_classification - INFO - Save checkpoint at ./experiments/fewshot_modelnet_non_linear_classification/cfgs/add_as_normal/ckpt-last.pth
2023-09-26 13:42:23,933 - fewshot_modelnet_non_linear_classification - INFO - [Training] EPOCH: 124 EpochTime = 1.863 (s) Losses = ['0.0262', '99.4792'] lr = 0.000052
2023-09-26 13:42:25,456 - fewshot_modelnet_non_linear_classification - INFO - [Validation] EPOCH: 124  acc = 96.0000
2023-09-26 13:42:25,898 - fewshot_modelnet_non_linear_classification - INFO - Save checkpoint at ./experiments/fewshot_modelnet_non_linear_classification/cfgs/add_as_normal/ckpt-last.pth
2023-09-26 13:42:27,747 - fewshot_modelnet_non_linear_classification - INFO - [Training] EPOCH: 125 EpochTime = 1.847 (s) Losses = ['0.0281', '100.0000'] lr = 0.000048
2023-09-26 13:42:29,186 - fewshot_modelnet_non_linear_classification - INFO - [Validation] EPOCH: 125  acc = 96.0000
2023-09-26 13:42:29,677 - fewshot_modelnet_non_linear_classification - INFO - Save checkpoint at ./experiments/fewshot_modelnet_non_linear_classification/cfgs/add_as_normal/ckpt-last.pth
2023-09-26 13:42:31,512 - fewshot_modelnet_non_linear_classification - INFO - [Training] EPOCH: 126 EpochTime = 1.833 (s) Losses = ['0.0255', '99.4792'] lr = 0.000044
2023-09-26 13:42:33,002 - fewshot_modelnet_non_linear_classification - INFO - [Validation] EPOCH: 126  acc = 96.0000
2023-09-26 13:42:33,476 - fewshot_modelnet_non_linear_classification - INFO - Save checkpoint at ./experiments/fewshot_modelnet_non_linear_classification/cfgs/add_as_normal/ckpt-last.pth
2023-09-26 13:42:35,287 - fewshot_modelnet_non_linear_classification - INFO - [Training] EPOCH: 127 EpochTime = 1.809 (s) Losses = ['0.0216', '100.0000'] lr = 0.000041
2023-09-26 13:42:36,750 - fewshot_modelnet_non_linear_classification - INFO - [Validation] EPOCH: 127  acc = 96.0000
2023-09-26 13:42:37,224 - fewshot_modelnet_non_linear_classification - INFO - Save checkpoint at ./experiments/fewshot_modelnet_non_linear_classification/cfgs/add_as_normal/ckpt-last.pth
2023-09-26 13:42:39,012 - fewshot_modelnet_non_linear_classification - INFO - [Training] EPOCH: 128 EpochTime = 1.787 (s) Losses = ['0.0207', '100.0000'] lr = 0.000037
2023-09-26 13:42:40,459 - fewshot_modelnet_non_linear_classification - INFO - [Validation] EPOCH: 128  acc = 96.5000
2023-09-26 13:42:40,910 - fewshot_modelnet_non_linear_classification - INFO - Save checkpoint at ./experiments/fewshot_modelnet_non_linear_classification/cfgs/add_as_normal/ckpt-last.pth
2023-09-26 13:42:42,701 - fewshot_modelnet_non_linear_classification - INFO - [Training] EPOCH: 129 EpochTime = 1.789 (s) Losses = ['0.0225', '99.4792'] lr = 0.000034
2023-09-26 13:42:44,158 - fewshot_modelnet_non_linear_classification - INFO - [Validation] EPOCH: 129  acc = 96.5000
2023-09-26 13:42:44,647 - fewshot_modelnet_non_linear_classification - INFO - Save checkpoint at ./experiments/fewshot_modelnet_non_linear_classification/cfgs/add_as_normal/ckpt-last.pth
2023-09-26 13:42:46,448 - fewshot_modelnet_non_linear_classification - INFO - [Training] EPOCH: 130 EpochTime = 1.799 (s) Losses = ['0.0341', '99.4792'] lr = 0.000031
2023-09-26 13:42:48,020 - fewshot_modelnet_non_linear_classification - INFO - [Validation] EPOCH: 130  acc = 96.5000
2023-09-26 13:42:48,536 - fewshot_modelnet_non_linear_classification - INFO - Save checkpoint at ./experiments/fewshot_modelnet_non_linear_classification/cfgs/add_as_normal/ckpt-last.pth
2023-09-26 13:42:50,485 - fewshot_modelnet_non_linear_classification - INFO - [Training] EPOCH: 131 EpochTime = 1.946 (s) Losses = ['0.0255', '100.0000'] lr = 0.000028
2023-09-26 13:42:51,918 - fewshot_modelnet_non_linear_classification - INFO - [Validation] EPOCH: 131  acc = 96.0000
2023-09-26 13:42:52,385 - fewshot_modelnet_non_linear_classification - INFO - Save checkpoint at ./experiments/fewshot_modelnet_non_linear_classification/cfgs/add_as_normal/ckpt-last.pth
2023-09-26 13:42:54,218 - fewshot_modelnet_non_linear_classification - INFO - [Training] EPOCH: 132 EpochTime = 1.831 (s) Losses = ['0.0306', '99.4792'] lr = 0.000026
2023-09-26 13:42:55,713 - fewshot_modelnet_non_linear_classification - INFO - [Validation] EPOCH: 132  acc = 96.0000
2023-09-26 13:42:56,207 - fewshot_modelnet_non_linear_classification - INFO - Save checkpoint at ./experiments/fewshot_modelnet_non_linear_classification/cfgs/add_as_normal/ckpt-last.pth
2023-09-26 13:42:58,014 - fewshot_modelnet_non_linear_classification - INFO - [Training] EPOCH: 133 EpochTime = 1.805 (s) Losses = ['0.0162', '100.0000'] lr = 0.000023
2023-09-26 13:42:59,512 - fewshot_modelnet_non_linear_classification - INFO - [Validation] EPOCH: 133  acc = 96.0000
2023-09-26 13:43:00,013 - fewshot_modelnet_non_linear_classification - INFO - Save checkpoint at ./experiments/fewshot_modelnet_non_linear_classification/cfgs/add_as_normal/ckpt-last.pth
2023-09-26 13:43:01,859 - fewshot_modelnet_non_linear_classification - INFO - [Training] EPOCH: 134 EpochTime = 1.845 (s) Losses = ['0.0327', '100.0000'] lr = 0.000020
2023-09-26 13:43:03,370 - fewshot_modelnet_non_linear_classification - INFO - [Validation] EPOCH: 134  acc = 96.5000
2023-09-26 13:43:03,896 - fewshot_modelnet_non_linear_classification - INFO - Save checkpoint at ./experiments/fewshot_modelnet_non_linear_classification/cfgs/add_as_normal/ckpt-last.pth
2023-09-26 13:43:05,686 - fewshot_modelnet_non_linear_classification - INFO - [Training] EPOCH: 135 EpochTime = 1.789 (s) Losses = ['0.0309', '99.4792'] lr = 0.000018
2023-09-26 13:43:07,168 - fewshot_modelnet_non_linear_classification - INFO - [Validation] EPOCH: 135  acc = 96.0000
2023-09-26 13:43:07,608 - fewshot_modelnet_non_linear_classification - INFO - Save checkpoint at ./experiments/fewshot_modelnet_non_linear_classification/cfgs/add_as_normal/ckpt-last.pth
2023-09-26 13:43:09,406 - fewshot_modelnet_non_linear_classification - INFO - [Training] EPOCH: 136 EpochTime = 1.797 (s) Losses = ['0.0305', '99.4792'] lr = 0.000016
2023-09-26 13:43:10,871 - fewshot_modelnet_non_linear_classification - INFO - [Validation] EPOCH: 136  acc = 96.5000
2023-09-26 13:43:11,381 - fewshot_modelnet_non_linear_classification - INFO - Save checkpoint at ./experiments/fewshot_modelnet_non_linear_classification/cfgs/add_as_normal/ckpt-last.pth
2023-09-26 13:43:13,148 - fewshot_modelnet_non_linear_classification - INFO - [Training] EPOCH: 137 EpochTime = 1.765 (s) Losses = ['0.0171', '100.0000'] lr = 0.000014
2023-09-26 13:43:14,615 - fewshot_modelnet_non_linear_classification - INFO - [Validation] EPOCH: 137  acc = 96.0000
2023-09-26 13:43:15,132 - fewshot_modelnet_non_linear_classification - INFO - Save checkpoint at ./experiments/fewshot_modelnet_non_linear_classification/cfgs/add_as_normal/ckpt-last.pth
2023-09-26 13:43:16,977 - fewshot_modelnet_non_linear_classification - INFO - [Training] EPOCH: 138 EpochTime = 1.822 (s) Losses = ['0.0307', '99.4792'] lr = 0.000012
2023-09-26 13:43:18,439 - fewshot_modelnet_non_linear_classification - INFO - [Validation] EPOCH: 138  acc = 96.5000
2023-09-26 13:43:18,946 - fewshot_modelnet_non_linear_classification - INFO - Save checkpoint at ./experiments/fewshot_modelnet_non_linear_classification/cfgs/add_as_normal/ckpt-last.pth
2023-09-26 13:43:20,734 - fewshot_modelnet_non_linear_classification - INFO - [Training] EPOCH: 139 EpochTime = 1.787 (s) Losses = ['0.0600', '97.9167'] lr = 0.000010
2023-09-26 13:43:22,156 - fewshot_modelnet_non_linear_classification - INFO - [Validation] EPOCH: 139  acc = 96.5000
2023-09-26 13:43:22,684 - fewshot_modelnet_non_linear_classification - INFO - Save checkpoint at ./experiments/fewshot_modelnet_non_linear_classification/cfgs/add_as_normal/ckpt-last.pth
2023-09-26 13:43:24,483 - fewshot_modelnet_non_linear_classification - INFO - [Training] EPOCH: 140 EpochTime = 1.797 (s) Losses = ['0.0274', '100.0000'] lr = 0.000009
2023-09-26 13:43:25,950 - fewshot_modelnet_non_linear_classification - INFO - [Validation] EPOCH: 140  acc = 96.5000
2023-09-26 13:43:26,435 - fewshot_modelnet_non_linear_classification - INFO - Save checkpoint at ./experiments/fewshot_modelnet_non_linear_classification/cfgs/add_as_normal/ckpt-last.pth
2023-09-26 13:43:28,201 - fewshot_modelnet_non_linear_classification - INFO - [Training] EPOCH: 141 EpochTime = 1.764 (s) Losses = ['0.0301', '99.4792'] lr = 0.000007
2023-09-26 13:43:29,654 - fewshot_modelnet_non_linear_classification - INFO - [Validation] EPOCH: 141  acc = 96.5000
2023-09-26 13:43:30,138 - fewshot_modelnet_non_linear_classification - INFO - Save checkpoint at ./experiments/fewshot_modelnet_non_linear_classification/cfgs/add_as_normal/ckpt-last.pth
2023-09-26 13:43:30,664 - fewshot_modelnet_non_linear_classification - INFO - Save checkpoint at ./experiments/fewshot_modelnet_non_linear_classification/cfgs/add_as_normal/ckpt-epoch-141.pth
2023-09-26 13:43:32,478 - fewshot_modelnet_non_linear_classification - INFO - [Training] EPOCH: 142 EpochTime = 1.813 (s) Losses = ['0.0231', '100.0000'] lr = 0.000006
2023-09-26 13:43:33,998 - fewshot_modelnet_non_linear_classification - INFO - [Validation] EPOCH: 142  acc = 96.5000
2023-09-26 13:43:34,456 - fewshot_modelnet_non_linear_classification - INFO - Save checkpoint at ./experiments/fewshot_modelnet_non_linear_classification/cfgs/add_as_normal/ckpt-last.pth
2023-09-26 13:43:34,911 - fewshot_modelnet_non_linear_classification - INFO - Save checkpoint at ./experiments/fewshot_modelnet_non_linear_classification/cfgs/add_as_normal/ckpt-epoch-142.pth
2023-09-26 13:43:36,809 - fewshot_modelnet_non_linear_classification - INFO - [Training] EPOCH: 143 EpochTime = 1.897 (s) Losses = ['0.0294', '100.0000'] lr = 0.000005
2023-09-26 13:43:38,283 - fewshot_modelnet_non_linear_classification - INFO - [Validation] EPOCH: 143  acc = 96.5000
2023-09-26 13:43:38,871 - fewshot_modelnet_non_linear_classification - INFO - Save checkpoint at ./experiments/fewshot_modelnet_non_linear_classification/cfgs/add_as_normal/ckpt-last.pth
2023-09-26 13:43:39,440 - fewshot_modelnet_non_linear_classification - INFO - Save checkpoint at ./experiments/fewshot_modelnet_non_linear_classification/cfgs/add_as_normal/ckpt-epoch-143.pth
2023-09-26 13:43:41,318 - fewshot_modelnet_non_linear_classification - INFO - [Training] EPOCH: 144 EpochTime = 1.875 (s) Losses = ['0.0179', '100.0000'] lr = 0.000004
2023-09-26 13:43:42,830 - fewshot_modelnet_non_linear_classification - INFO - [Validation] EPOCH: 144  acc = 96.5000
2023-09-26 13:43:43,420 - fewshot_modelnet_non_linear_classification - INFO - Save checkpoint at ./experiments/fewshot_modelnet_non_linear_classification/cfgs/add_as_normal/ckpt-last.pth
2023-09-26 13:43:43,963 - fewshot_modelnet_non_linear_classification - INFO - Save checkpoint at ./experiments/fewshot_modelnet_non_linear_classification/cfgs/add_as_normal/ckpt-epoch-144.pth
2023-09-26 13:43:45,831 - fewshot_modelnet_non_linear_classification - INFO - [Training] EPOCH: 145 EpochTime = 1.866 (s) Losses = ['0.0223', '100.0000'] lr = 0.000003
2023-09-26 13:43:47,357 - fewshot_modelnet_non_linear_classification - INFO - [Validation] EPOCH: 145  acc = 97.0000
2023-09-26 13:43:47,911 - fewshot_modelnet_non_linear_classification - INFO - Save checkpoint at ./experiments/fewshot_modelnet_non_linear_classification/cfgs/add_as_normal/ckpt-last.pth
2023-09-26 13:43:48,452 - fewshot_modelnet_non_linear_classification - INFO - Save checkpoint at ./experiments/fewshot_modelnet_non_linear_classification/cfgs/add_as_normal/ckpt-epoch-145.pth
2023-09-26 13:43:50,372 - fewshot_modelnet_non_linear_classification - INFO - [Training] EPOCH: 146 EpochTime = 1.918 (s) Losses = ['0.0300', '100.0000'] lr = 0.000002
2023-09-26 13:43:51,844 - fewshot_modelnet_non_linear_classification - INFO - [Validation] EPOCH: 146  acc = 96.5000
2023-09-26 13:43:52,378 - fewshot_modelnet_non_linear_classification - INFO - Save checkpoint at ./experiments/fewshot_modelnet_non_linear_classification/cfgs/add_as_normal/ckpt-last.pth
2023-09-26 13:43:52,881 - fewshot_modelnet_non_linear_classification - INFO - Save checkpoint at ./experiments/fewshot_modelnet_non_linear_classification/cfgs/add_as_normal/ckpt-epoch-146.pth
2023-09-26 13:43:54,742 - fewshot_modelnet_non_linear_classification - INFO - [Training] EPOCH: 147 EpochTime = 1.859 (s) Losses = ['0.0182', '100.0000'] lr = 0.000002
2023-09-26 13:43:56,307 - fewshot_modelnet_non_linear_classification - INFO - [Validation] EPOCH: 147  acc = 96.0000
2023-09-26 13:43:56,855 - fewshot_modelnet_non_linear_classification - INFO - Save checkpoint at ./experiments/fewshot_modelnet_non_linear_classification/cfgs/add_as_normal/ckpt-last.pth
2023-09-26 13:43:57,329 - fewshot_modelnet_non_linear_classification - INFO - Save checkpoint at ./experiments/fewshot_modelnet_non_linear_classification/cfgs/add_as_normal/ckpt-epoch-147.pth
2023-09-26 13:43:59,131 - fewshot_modelnet_non_linear_classification - INFO - [Training] EPOCH: 148 EpochTime = 1.800 (s) Losses = ['0.0352', '99.4792'] lr = 0.000001
2023-09-26 13:44:00,802 - fewshot_modelnet_non_linear_classification - INFO - [Validation] EPOCH: 148  acc = 96.5000
2023-09-26 13:44:01,321 - fewshot_modelnet_non_linear_classification - INFO - Save checkpoint at ./experiments/fewshot_modelnet_non_linear_classification/cfgs/add_as_normal/ckpt-last.pth
2023-09-26 13:44:01,812 - fewshot_modelnet_non_linear_classification - INFO - Save checkpoint at ./experiments/fewshot_modelnet_non_linear_classification/cfgs/add_as_normal/ckpt-epoch-148.pth
2023-09-26 13:44:03,800 - fewshot_modelnet_non_linear_classification - INFO - [Training] EPOCH: 149 EpochTime = 1.986 (s) Losses = ['0.0292', '99.4792'] lr = 0.000001
2023-09-26 13:44:05,469 - fewshot_modelnet_non_linear_classification - INFO - [Validation] EPOCH: 149  acc = 96.5000
2023-09-26 13:44:06,010 - fewshot_modelnet_non_linear_classification - INFO - Save checkpoint at ./experiments/fewshot_modelnet_non_linear_classification/cfgs/add_as_normal/ckpt-last.pth
2023-09-26 13:44:06,567 - fewshot_modelnet_non_linear_classification - INFO - Save checkpoint at ./experiments/fewshot_modelnet_non_linear_classification/cfgs/add_as_normal/ckpt-epoch-149.pth
2023-09-26 13:44:08,427 - fewshot_modelnet_non_linear_classification - INFO - [Training] EPOCH: 150 EpochTime = 1.857 (s) Losses = ['0.0185', '100.0000'] lr = 0.000001
2023-09-26 13:44:10,020 - fewshot_modelnet_non_linear_classification - INFO - [Validation] EPOCH: 150  acc = 96.5000
2023-09-26 13:44:10,545 - fewshot_modelnet_non_linear_classification - INFO - Save checkpoint at ./experiments/fewshot_modelnet_non_linear_classification/cfgs/add_as_normal/ckpt-last.pth
2023-09-26 13:44:11,005 - fewshot_modelnet_non_linear_classification - INFO - Save checkpoint at ./experiments/fewshot_modelnet_non_linear_classification/cfgs/add_as_normal/ckpt-epoch-150.pth
