2023-11-03 16:47:39,317 - fewshot_modelnet_non_linear_classification - INFO - Copy the Config file from cfgs/fewshot_modelnet_non_linear_classification.yaml to ./experiments/fewshot_modelnet_non_linear_classification/cfgs/lr0.0015/config.yaml
2023-11-03 16:47:39,318 - fewshot_modelnet_non_linear_classification - INFO - args.config : cfgs/fewshot_modelnet_non_linear_classification.yaml
2023-11-03 16:47:39,318 - fewshot_modelnet_non_linear_classification - INFO - args.launcher : none
2023-11-03 16:47:39,318 - fewshot_modelnet_non_linear_classification - INFO - args.local_rank : 0
2023-11-03 16:47:39,318 - fewshot_modelnet_non_linear_classification - INFO - args.num_workers : 8
2023-11-03 16:47:39,318 - fewshot_modelnet_non_linear_classification - INFO - args.seed : 0
2023-11-03 16:47:39,318 - fewshot_modelnet_non_linear_classification - INFO - args.deterministic : False
2023-11-03 16:47:39,318 - fewshot_modelnet_non_linear_classification - INFO - args.sync_bn : True
2023-11-03 16:47:39,318 - fewshot_modelnet_non_linear_classification - INFO - args.large_group : 5
2023-11-03 16:47:39,318 - fewshot_modelnet_non_linear_classification - INFO - args.small_group : 10
2023-11-03 16:47:39,318 - fewshot_modelnet_non_linear_classification - INFO - args.large_patch : 6
2023-11-03 16:47:39,319 - fewshot_modelnet_non_linear_classification - INFO - args.small_patch : 3
2023-11-03 16:47:39,319 - fewshot_modelnet_non_linear_classification - INFO - args.queue_length : 8192
2023-11-03 16:47:39,319 - fewshot_modelnet_non_linear_classification - INFO - args.epoch_queue_starts : 10
2023-11-03 16:47:39,319 - fewshot_modelnet_non_linear_classification - INFO - args.nmb_crops : 64
2023-11-03 16:47:39,319 - fewshot_modelnet_non_linear_classification - INFO - args.sample_num : 16
2023-11-03 16:47:39,319 - fewshot_modelnet_non_linear_classification - INFO - args.fea_dim : 384
2023-11-03 16:47:39,319 - fewshot_modelnet_non_linear_classification - INFO - args.hidden_mlp : 256
2023-11-03 16:47:39,319 - fewshot_modelnet_non_linear_classification - INFO - args.output_dim : 128
2023-11-03 16:47:39,319 - fewshot_modelnet_non_linear_classification - INFO - args.nmb_prototypes : 200
2023-11-03 16:47:39,319 - fewshot_modelnet_non_linear_classification - INFO - args.temperature : 0.1
2023-11-03 16:47:39,319 - fewshot_modelnet_non_linear_classification - INFO - args.epsilon : 0.05
2023-11-03 16:47:39,319 - fewshot_modelnet_non_linear_classification - INFO - args.sinkhorn_iterations : 3
2023-11-03 16:47:39,319 - fewshot_modelnet_non_linear_classification - INFO - args.world_size : 1
2023-11-03 16:47:39,319 - fewshot_modelnet_non_linear_classification - INFO - args.exp_name : lr0.0015
2023-11-03 16:47:39,320 - fewshot_modelnet_non_linear_classification - INFO - args.loss : cd1
2023-11-03 16:47:39,320 - fewshot_modelnet_non_linear_classification - INFO - args.start_ckpts : None
2023-11-03 16:47:39,320 - fewshot_modelnet_non_linear_classification - INFO - args.ckpts : ./experiments/pretrain_MaskSurf/cfgs/add_as_normal/ckpt-last.pth
2023-11-03 16:47:39,320 - fewshot_modelnet_non_linear_classification - INFO - args.val_freq : 1
2023-11-03 16:47:39,320 - fewshot_modelnet_non_linear_classification - INFO - args.vote : False
2023-11-03 16:47:39,320 - fewshot_modelnet_non_linear_classification - INFO - args.resume : False
2023-11-03 16:47:39,320 - fewshot_modelnet_non_linear_classification - INFO - args.test : False
2023-11-03 16:47:39,320 - fewshot_modelnet_non_linear_classification - INFO - args.finetune_model : True
2023-11-03 16:47:39,320 - fewshot_modelnet_non_linear_classification - INFO - args.scratch_model : False
2023-11-03 16:47:39,320 - fewshot_modelnet_non_linear_classification - INFO - args.mode : None
2023-11-03 16:47:39,320 - fewshot_modelnet_non_linear_classification - INFO - args.way : 5
2023-11-03 16:47:39,320 - fewshot_modelnet_non_linear_classification - INFO - args.shot : 10
2023-11-03 16:47:39,320 - fewshot_modelnet_non_linear_classification - INFO - args.fold : 7
2023-11-03 16:47:39,321 - fewshot_modelnet_non_linear_classification - INFO - args.experiment_path : ./experiments/fewshot_modelnet_non_linear_classification/cfgs/lr0.0015
2023-11-03 16:47:39,321 - fewshot_modelnet_non_linear_classification - INFO - args.tfboard_path : ./experiments/fewshot_modelnet_non_linear_classification/cfgs/TFBoard/lr0.0015
2023-11-03 16:47:39,321 - fewshot_modelnet_non_linear_classification - INFO - args.log_name : fewshot_modelnet_non_linear_classification
2023-11-03 16:47:39,321 - fewshot_modelnet_non_linear_classification - INFO - args.use_gpu : True
2023-11-03 16:47:39,321 - fewshot_modelnet_non_linear_classification - INFO - args.distributed : False
2023-11-03 16:47:39,321 - fewshot_modelnet_non_linear_classification - INFO - config.optimizer = edict()
2023-11-03 16:47:39,321 - fewshot_modelnet_non_linear_classification - INFO - config.optimizer.type : AdamW
2023-11-03 16:47:39,321 - fewshot_modelnet_non_linear_classification - INFO - config.optimizer.part : only_new
2023-11-03 16:47:39,321 - fewshot_modelnet_non_linear_classification - INFO - config.optimizer.kwargs = edict()
2023-11-03 16:47:39,321 - fewshot_modelnet_non_linear_classification - INFO - config.optimizer.kwargs.lr : 0.0015
2023-11-03 16:47:39,322 - fewshot_modelnet_non_linear_classification - INFO - config.optimizer.kwargs.weight_decay : 0.05
2023-11-03 16:47:39,322 - fewshot_modelnet_non_linear_classification - INFO - config.scheduler = edict()
2023-11-03 16:47:39,322 - fewshot_modelnet_non_linear_classification - INFO - config.scheduler.type : CosLR
2023-11-03 16:47:39,322 - fewshot_modelnet_non_linear_classification - INFO - config.scheduler.kwargs = edict()
2023-11-03 16:47:39,322 - fewshot_modelnet_non_linear_classification - INFO - config.scheduler.kwargs.epochs : 150
2023-11-03 16:47:39,323 - fewshot_modelnet_non_linear_classification - INFO - config.scheduler.kwargs.initial_epochs : 10
2023-11-03 16:47:39,324 - fewshot_modelnet_non_linear_classification - INFO - config.dataset = edict()
2023-11-03 16:47:39,324 - fewshot_modelnet_non_linear_classification - INFO - config.dataset.train = edict()
2023-11-03 16:47:39,324 - fewshot_modelnet_non_linear_classification - INFO - config.dataset.train._base_ = edict()
2023-11-03 16:47:39,325 - fewshot_modelnet_non_linear_classification - INFO - config.dataset.train._base_.NAME : ModelNetFewShot
2023-11-03 16:47:39,325 - fewshot_modelnet_non_linear_classification - INFO - config.dataset.train._base_.DATA_PATH : data/ModelNetFewshot
2023-11-03 16:47:39,325 - fewshot_modelnet_non_linear_classification - INFO - config.dataset.train._base_.N_POINTS : 8192
2023-11-03 16:47:39,325 - fewshot_modelnet_non_linear_classification - INFO - config.dataset.train._base_.NUM_CATEGORY : 40
2023-11-03 16:47:39,325 - fewshot_modelnet_non_linear_classification - INFO - config.dataset.train._base_.USE_NORMALS : False
2023-11-03 16:47:39,325 - fewshot_modelnet_non_linear_classification - INFO - config.dataset.train.others = edict()
2023-11-03 16:47:39,326 - fewshot_modelnet_non_linear_classification - INFO - config.dataset.train.others.subset : train
2023-11-03 16:47:39,326 - fewshot_modelnet_non_linear_classification - INFO - config.dataset.train.others.bs : 32
2023-11-03 16:47:39,327 - fewshot_modelnet_non_linear_classification - INFO - config.dataset.val = edict()
2023-11-03 16:47:39,327 - fewshot_modelnet_non_linear_classification - INFO - config.dataset.val._base_ = edict()
2023-11-03 16:47:39,327 - fewshot_modelnet_non_linear_classification - INFO - config.dataset.val._base_.NAME : ModelNetFewShot
2023-11-03 16:47:39,328 - fewshot_modelnet_non_linear_classification - INFO - config.dataset.val._base_.DATA_PATH : data/ModelNetFewshot
2023-11-03 16:47:39,328 - fewshot_modelnet_non_linear_classification - INFO - config.dataset.val._base_.N_POINTS : 8192
2023-11-03 16:47:39,328 - fewshot_modelnet_non_linear_classification - INFO - config.dataset.val._base_.NUM_CATEGORY : 40
2023-11-03 16:47:39,328 - fewshot_modelnet_non_linear_classification - INFO - config.dataset.val._base_.USE_NORMALS : False
2023-11-03 16:47:39,328 - fewshot_modelnet_non_linear_classification - INFO - config.dataset.val.others = edict()
2023-11-03 16:47:39,328 - fewshot_modelnet_non_linear_classification - INFO - config.dataset.val.others.subset : test
2023-11-03 16:47:39,328 - fewshot_modelnet_non_linear_classification - INFO - config.dataset.val.others.bs : 64
2023-11-03 16:47:39,328 - fewshot_modelnet_non_linear_classification - INFO - config.dataset.test = edict()
2023-11-03 16:47:39,328 - fewshot_modelnet_non_linear_classification - INFO - config.dataset.test._base_ = edict()
2023-11-03 16:47:39,328 - fewshot_modelnet_non_linear_classification - INFO - config.dataset.test._base_.NAME : ModelNet
2023-11-03 16:47:39,329 - fewshot_modelnet_non_linear_classification - INFO - config.dataset.test._base_.DATA_PATH : data/ModelNet/modelnet40_normal_resampled
2023-11-03 16:47:39,329 - fewshot_modelnet_non_linear_classification - INFO - config.dataset.test._base_.N_POINTS : 8192
2023-11-03 16:47:39,329 - fewshot_modelnet_non_linear_classification - INFO - config.dataset.test._base_.NUM_CATEGORY : 40
2023-11-03 16:47:39,329 - fewshot_modelnet_non_linear_classification - INFO - config.dataset.test._base_.USE_NORMALS : False
2023-11-03 16:47:39,329 - fewshot_modelnet_non_linear_classification - INFO - config.dataset.test.others = edict()
2023-11-03 16:47:39,329 - fewshot_modelnet_non_linear_classification - INFO - config.dataset.test.others.subset : test
2023-11-03 16:47:39,329 - fewshot_modelnet_non_linear_classification - INFO - config.dataset.test.others.bs : 32
2023-11-03 16:47:39,329 - fewshot_modelnet_non_linear_classification - INFO - config.model = edict()
2023-11-03 16:47:39,329 - fewshot_modelnet_non_linear_classification - INFO - config.model.NAME : PointTransformer
2023-11-03 16:47:39,329 - fewshot_modelnet_non_linear_classification - INFO - config.model.trans_dim : 384
2023-11-03 16:47:39,329 - fewshot_modelnet_non_linear_classification - INFO - config.model.depth : 12
2023-11-03 16:47:39,329 - fewshot_modelnet_non_linear_classification - INFO - config.model.drop_path_rate : 0.1
2023-11-03 16:47:39,329 - fewshot_modelnet_non_linear_classification - INFO - config.model.cls_dim : 40
2023-11-03 16:47:39,329 - fewshot_modelnet_non_linear_classification - INFO - config.model.num_heads : 6
2023-11-03 16:47:39,330 - fewshot_modelnet_non_linear_classification - INFO - config.model.group_size : 32
2023-11-03 16:47:39,330 - fewshot_modelnet_non_linear_classification - INFO - config.model.num_group : 64
2023-11-03 16:47:39,330 - fewshot_modelnet_non_linear_classification - INFO - config.model.encoder_dims : 384
2023-11-03 16:47:39,330 - fewshot_modelnet_non_linear_classification - INFO - config.npoints : 1024
2023-11-03 16:47:39,330 - fewshot_modelnet_non_linear_classification - INFO - config.total_bs : 32
2023-11-03 16:47:39,330 - fewshot_modelnet_non_linear_classification - INFO - config.step_per_update : 1
2023-11-03 16:47:39,330 - fewshot_modelnet_non_linear_classification - INFO - config.max_epoch : 150
2023-11-03 16:47:39,330 - fewshot_modelnet_non_linear_classification - INFO - config.grad_norm_clip : 10
2023-11-03 16:47:39,330 - fewshot_modelnet_non_linear_classification - INFO - Distributed training: False
2023-11-03 16:47:39,330 - fewshot_modelnet_non_linear_classification - INFO - Set random seed to 0, deterministic: False
2023-11-03 16:47:41,740 - fewshot_modelnet_non_linear_classification - INFO - Using Data parallel ...
2023-11-03 16:47:46,651 - fewshot_modelnet_non_linear_classification - INFO - [Training] EPOCH: 0 EpochTime = 4.906 (s) Losses = ['3.8743', '0.0000'] lr = 0.000001
2023-11-03 16:47:47,327 - fewshot_modelnet_non_linear_classification - INFO - Save checkpoint at ./experiments/fewshot_modelnet_non_linear_classification/cfgs/lr0.0015/ckpt-last.pth
2023-11-03 16:47:48,404 - fewshot_modelnet_non_linear_classification - INFO - [Training] EPOCH: 1 EpochTime = 1.076 (s) Losses = ['3.7612', '0.0000'] lr = 0.000151
2023-11-03 16:47:51,136 - fewshot_modelnet_non_linear_classification - INFO - [Validation] EPOCH: 1  acc = 0.0000
2023-11-03 16:47:51,768 - fewshot_modelnet_non_linear_classification - INFO - Save checkpoint at ./experiments/fewshot_modelnet_non_linear_classification/cfgs/lr0.0015/ckpt-last.pth
2023-11-03 16:47:52,779 - fewshot_modelnet_non_linear_classification - INFO - [Training] EPOCH: 2 EpochTime = 1.009 (s) Losses = ['3.9656', '0.0000'] lr = 0.000301
2023-11-03 16:47:53,979 - fewshot_modelnet_non_linear_classification - INFO - [Validation] EPOCH: 2  acc = 0.0000
2023-11-03 16:47:54,667 - fewshot_modelnet_non_linear_classification - INFO - Save checkpoint at ./experiments/fewshot_modelnet_non_linear_classification/cfgs/lr0.0015/ckpt-last.pth
2023-11-03 16:47:55,668 - fewshot_modelnet_non_linear_classification - INFO - [Training] EPOCH: 3 EpochTime = 0.999 (s) Losses = ['3.7699', '6.2500'] lr = 0.000451
2023-11-03 16:47:56,875 - fewshot_modelnet_non_linear_classification - INFO - [Validation] EPOCH: 3  acc = 0.0000
2023-11-03 16:47:57,447 - fewshot_modelnet_non_linear_classification - INFO - Save checkpoint at ./experiments/fewshot_modelnet_non_linear_classification/cfgs/lr0.0015/ckpt-last.pth
2023-11-03 16:47:58,478 - fewshot_modelnet_non_linear_classification - INFO - [Training] EPOCH: 4 EpochTime = 1.029 (s) Losses = ['3.5974', '9.3750'] lr = 0.000601
2023-11-03 16:47:59,699 - fewshot_modelnet_non_linear_classification - INFO - [Validation] EPOCH: 4  acc = 0.0000
2023-11-03 16:48:00,331 - fewshot_modelnet_non_linear_classification - INFO - Save checkpoint at ./experiments/fewshot_modelnet_non_linear_classification/cfgs/lr0.0015/ckpt-last.pth
2023-11-03 16:48:01,365 - fewshot_modelnet_non_linear_classification - INFO - [Training] EPOCH: 5 EpochTime = 1.032 (s) Losses = ['3.4897', '9.3750'] lr = 0.000751
2023-11-03 16:48:02,502 - fewshot_modelnet_non_linear_classification - INFO - [Validation] EPOCH: 5  acc = 1.0000
2023-11-03 16:48:04,179 - fewshot_modelnet_non_linear_classification - INFO - Save checkpoint at ./experiments/fewshot_modelnet_non_linear_classification/cfgs/lr0.0015/ckpt-best.pth
2023-11-03 16:48:04,179 - fewshot_modelnet_non_linear_classification - INFO - --------------------------------------------------------------------------------------------
2023-11-03 16:48:04,828 - fewshot_modelnet_non_linear_classification - INFO - Save checkpoint at ./experiments/fewshot_modelnet_non_linear_classification/cfgs/lr0.0015/ckpt-last.pth
2023-11-03 16:48:05,909 - fewshot_modelnet_non_linear_classification - INFO - [Training] EPOCH: 6 EpochTime = 1.078 (s) Losses = ['3.2686', '15.6250'] lr = 0.000900
2023-11-03 16:48:07,122 - fewshot_modelnet_non_linear_classification - INFO - [Validation] EPOCH: 6  acc = 10.0000
2023-11-03 16:48:07,777 - fewshot_modelnet_non_linear_classification - INFO - Save checkpoint at ./experiments/fewshot_modelnet_non_linear_classification/cfgs/lr0.0015/ckpt-best.pth
2023-11-03 16:48:07,777 - fewshot_modelnet_non_linear_classification - INFO - --------------------------------------------------------------------------------------------
2023-11-03 16:48:09,819 - fewshot_modelnet_non_linear_classification - INFO - Save checkpoint at ./experiments/fewshot_modelnet_non_linear_classification/cfgs/lr0.0015/ckpt-last.pth
2023-11-03 16:48:10,920 - fewshot_modelnet_non_linear_classification - INFO - [Training] EPOCH: 7 EpochTime = 1.099 (s) Losses = ['3.1784', '12.5000'] lr = 0.001050
2023-11-03 16:48:12,075 - fewshot_modelnet_non_linear_classification - INFO - [Validation] EPOCH: 7  acc = 35.0000
2023-11-03 16:48:14,204 - fewshot_modelnet_non_linear_classification - INFO - Save checkpoint at ./experiments/fewshot_modelnet_non_linear_classification/cfgs/lr0.0015/ckpt-best.pth
2023-11-03 16:48:14,204 - fewshot_modelnet_non_linear_classification - INFO - --------------------------------------------------------------------------------------------
2023-11-03 16:48:15,407 - fewshot_modelnet_non_linear_classification - INFO - Save checkpoint at ./experiments/fewshot_modelnet_non_linear_classification/cfgs/lr0.0015/ckpt-last.pth
2023-11-03 16:48:16,453 - fewshot_modelnet_non_linear_classification - INFO - [Training] EPOCH: 8 EpochTime = 1.045 (s) Losses = ['2.5883', '50.0000'] lr = 0.001200
2023-11-03 16:48:17,592 - fewshot_modelnet_non_linear_classification - INFO - [Validation] EPOCH: 8  acc = 50.0000
2023-11-03 16:48:18,280 - fewshot_modelnet_non_linear_classification - INFO - Save checkpoint at ./experiments/fewshot_modelnet_non_linear_classification/cfgs/lr0.0015/ckpt-best.pth
2023-11-03 16:48:18,281 - fewshot_modelnet_non_linear_classification - INFO - --------------------------------------------------------------------------------------------
2023-11-03 16:48:18,906 - fewshot_modelnet_non_linear_classification - INFO - Save checkpoint at ./experiments/fewshot_modelnet_non_linear_classification/cfgs/lr0.0015/ckpt-last.pth
2023-11-03 16:48:20,139 - fewshot_modelnet_non_linear_classification - INFO - [Training] EPOCH: 9 EpochTime = 1.230 (s) Losses = ['2.3799', '62.5000'] lr = 0.001350
2023-11-03 16:48:21,304 - fewshot_modelnet_non_linear_classification - INFO - [Validation] EPOCH: 9  acc = 66.0000
2023-11-03 16:48:22,177 - fewshot_modelnet_non_linear_classification - INFO - Save checkpoint at ./experiments/fewshot_modelnet_non_linear_classification/cfgs/lr0.0015/ckpt-best.pth
2023-11-03 16:48:22,177 - fewshot_modelnet_non_linear_classification - INFO - --------------------------------------------------------------------------------------------
2023-11-03 16:48:22,794 - fewshot_modelnet_non_linear_classification - INFO - Save checkpoint at ./experiments/fewshot_modelnet_non_linear_classification/cfgs/lr0.0015/ckpt-last.pth
2023-11-03 16:48:23,868 - fewshot_modelnet_non_linear_classification - INFO - [Training] EPOCH: 10 EpochTime = 1.072 (s) Losses = ['2.1558', '75.0000'] lr = 0.001484
2023-11-03 16:48:25,121 - fewshot_modelnet_non_linear_classification - INFO - [Validation] EPOCH: 10  acc = 65.0000
2023-11-03 16:48:25,725 - fewshot_modelnet_non_linear_classification - INFO - Save checkpoint at ./experiments/fewshot_modelnet_non_linear_classification/cfgs/lr0.0015/ckpt-last.pth
2023-11-03 16:48:26,792 - fewshot_modelnet_non_linear_classification - INFO - [Training] EPOCH: 11 EpochTime = 1.065 (s) Losses = ['1.8103', '65.6250'] lr = 0.001480
2023-11-03 16:48:28,015 - fewshot_modelnet_non_linear_classification - INFO - [Validation] EPOCH: 11  acc = 58.0000
2023-11-03 16:48:28,585 - fewshot_modelnet_non_linear_classification - INFO - Save checkpoint at ./experiments/fewshot_modelnet_non_linear_classification/cfgs/lr0.0015/ckpt-last.pth
2023-11-03 16:48:29,691 - fewshot_modelnet_non_linear_classification - INFO - [Training] EPOCH: 12 EpochTime = 0.987 (s) Losses = ['1.5620', '78.1250'] lr = 0.001476
2023-11-03 16:48:30,963 - fewshot_modelnet_non_linear_classification - INFO - [Validation] EPOCH: 12  acc = 63.0000
2023-11-03 16:48:31,486 - fewshot_modelnet_non_linear_classification - INFO - Save checkpoint at ./experiments/fewshot_modelnet_non_linear_classification/cfgs/lr0.0015/ckpt-last.pth
2023-11-03 16:48:32,544 - fewshot_modelnet_non_linear_classification - INFO - [Training] EPOCH: 13 EpochTime = 1.057 (s) Losses = ['1.6223', '75.0000'] lr = 0.001472
2023-11-03 16:48:33,915 - fewshot_modelnet_non_linear_classification - INFO - [Validation] EPOCH: 13  acc = 68.0000
2023-11-03 16:48:35,150 - fewshot_modelnet_non_linear_classification - INFO - Save checkpoint at ./experiments/fewshot_modelnet_non_linear_classification/cfgs/lr0.0015/ckpt-best.pth
2023-11-03 16:48:35,150 - fewshot_modelnet_non_linear_classification - INFO - --------------------------------------------------------------------------------------------
2023-11-03 16:48:35,910 - fewshot_modelnet_non_linear_classification - INFO - Save checkpoint at ./experiments/fewshot_modelnet_non_linear_classification/cfgs/lr0.0015/ckpt-last.pth
2023-11-03 16:48:37,027 - fewshot_modelnet_non_linear_classification - INFO - [Training] EPOCH: 14 EpochTime = 1.116 (s) Losses = ['1.2805', '81.2500'] lr = 0.001468
2023-11-03 16:48:38,386 - fewshot_modelnet_non_linear_classification - INFO - [Validation] EPOCH: 14  acc = 73.0000
2023-11-03 16:48:39,323 - fewshot_modelnet_non_linear_classification - INFO - Save checkpoint at ./experiments/fewshot_modelnet_non_linear_classification/cfgs/lr0.0015/ckpt-best.pth
2023-11-03 16:48:39,323 - fewshot_modelnet_non_linear_classification - INFO - --------------------------------------------------------------------------------------------
2023-11-03 16:48:40,807 - fewshot_modelnet_non_linear_classification - INFO - Save checkpoint at ./experiments/fewshot_modelnet_non_linear_classification/cfgs/lr0.0015/ckpt-last.pth
2023-11-03 16:48:41,898 - fewshot_modelnet_non_linear_classification - INFO - [Training] EPOCH: 15 EpochTime = 1.090 (s) Losses = ['1.1141', '84.3750'] lr = 0.001463
2023-11-03 16:48:43,046 - fewshot_modelnet_non_linear_classification - INFO - [Validation] EPOCH: 15  acc = 75.0000
2023-11-03 16:48:43,630 - fewshot_modelnet_non_linear_classification - INFO - Save checkpoint at ./experiments/fewshot_modelnet_non_linear_classification/cfgs/lr0.0015/ckpt-best.pth
2023-11-03 16:48:43,630 - fewshot_modelnet_non_linear_classification - INFO - --------------------------------------------------------------------------------------------
2023-11-03 16:48:44,205 - fewshot_modelnet_non_linear_classification - INFO - Save checkpoint at ./experiments/fewshot_modelnet_non_linear_classification/cfgs/lr0.0015/ckpt-last.pth
2023-11-03 16:48:45,312 - fewshot_modelnet_non_linear_classification - INFO - [Training] EPOCH: 16 EpochTime = 1.105 (s) Losses = ['1.0190', '84.3750'] lr = 0.001458
2023-11-03 16:48:46,485 - fewshot_modelnet_non_linear_classification - INFO - [Validation] EPOCH: 16  acc = 79.0000
2023-11-03 16:48:47,687 - fewshot_modelnet_non_linear_classification - INFO - Save checkpoint at ./experiments/fewshot_modelnet_non_linear_classification/cfgs/lr0.0015/ckpt-best.pth
2023-11-03 16:48:47,687 - fewshot_modelnet_non_linear_classification - INFO - --------------------------------------------------------------------------------------------
2023-11-03 16:48:48,892 - fewshot_modelnet_non_linear_classification - INFO - Save checkpoint at ./experiments/fewshot_modelnet_non_linear_classification/cfgs/lr0.0015/ckpt-last.pth
2023-11-03 16:48:49,969 - fewshot_modelnet_non_linear_classification - INFO - [Training] EPOCH: 17 EpochTime = 1.075 (s) Losses = ['0.8008', '87.5000'] lr = 0.001453
2023-11-03 16:48:51,186 - fewshot_modelnet_non_linear_classification - INFO - [Validation] EPOCH: 17  acc = 83.0000
2023-11-03 16:48:51,833 - fewshot_modelnet_non_linear_classification - INFO - Save checkpoint at ./experiments/fewshot_modelnet_non_linear_classification/cfgs/lr0.0015/ckpt-best.pth
2023-11-03 16:48:51,834 - fewshot_modelnet_non_linear_classification - INFO - --------------------------------------------------------------------------------------------
2023-11-03 16:48:53,165 - fewshot_modelnet_non_linear_classification - INFO - Save checkpoint at ./experiments/fewshot_modelnet_non_linear_classification/cfgs/lr0.0015/ckpt-last.pth
2023-11-03 16:48:54,264 - fewshot_modelnet_non_linear_classification - INFO - [Training] EPOCH: 18 EpochTime = 1.098 (s) Losses = ['0.9080', '78.1250'] lr = 0.001447
2023-11-03 16:48:55,468 - fewshot_modelnet_non_linear_classification - INFO - [Validation] EPOCH: 18  acc = 86.0000
2023-11-03 16:48:56,143 - fewshot_modelnet_non_linear_classification - INFO - Save checkpoint at ./experiments/fewshot_modelnet_non_linear_classification/cfgs/lr0.0015/ckpt-best.pth
2023-11-03 16:48:56,143 - fewshot_modelnet_non_linear_classification - INFO - --------------------------------------------------------------------------------------------
2023-11-03 16:48:57,080 - fewshot_modelnet_non_linear_classification - INFO - Save checkpoint at ./experiments/fewshot_modelnet_non_linear_classification/cfgs/lr0.0015/ckpt-last.pth
2023-11-03 16:48:58,303 - fewshot_modelnet_non_linear_classification - INFO - [Training] EPOCH: 19 EpochTime = 1.220 (s) Losses = ['0.7436', '93.7500'] lr = 0.001441
2023-11-03 16:48:59,469 - fewshot_modelnet_non_linear_classification - INFO - [Validation] EPOCH: 19  acc = 90.0000
2023-11-03 16:49:00,144 - fewshot_modelnet_non_linear_classification - INFO - Save checkpoint at ./experiments/fewshot_modelnet_non_linear_classification/cfgs/lr0.0015/ckpt-best.pth
2023-11-03 16:49:00,144 - fewshot_modelnet_non_linear_classification - INFO - --------------------------------------------------------------------------------------------
2023-11-03 16:49:01,293 - fewshot_modelnet_non_linear_classification - INFO - Save checkpoint at ./experiments/fewshot_modelnet_non_linear_classification/cfgs/lr0.0015/ckpt-last.pth
2023-11-03 16:49:02,487 - fewshot_modelnet_non_linear_classification - INFO - [Training] EPOCH: 20 EpochTime = 1.192 (s) Losses = ['0.7161', '87.5000'] lr = 0.001435
2023-11-03 16:49:03,709 - fewshot_modelnet_non_linear_classification - INFO - [Validation] EPOCH: 20  acc = 93.0000
2023-11-03 16:49:04,394 - fewshot_modelnet_non_linear_classification - INFO - Save checkpoint at ./experiments/fewshot_modelnet_non_linear_classification/cfgs/lr0.0015/ckpt-best.pth
2023-11-03 16:49:04,394 - fewshot_modelnet_non_linear_classification - INFO - --------------------------------------------------------------------------------------------
2023-11-03 16:49:05,556 - fewshot_modelnet_non_linear_classification - INFO - Save checkpoint at ./experiments/fewshot_modelnet_non_linear_classification/cfgs/lr0.0015/ckpt-last.pth
2023-11-03 16:49:06,872 - fewshot_modelnet_non_linear_classification - INFO - [Training] EPOCH: 21 EpochTime = 1.314 (s) Losses = ['0.5486', '90.6250'] lr = 0.001429
2023-11-03 16:49:08,067 - fewshot_modelnet_non_linear_classification - INFO - [Validation] EPOCH: 21  acc = 92.0000
2023-11-03 16:49:09,093 - fewshot_modelnet_non_linear_classification - INFO - Save checkpoint at ./experiments/fewshot_modelnet_non_linear_classification/cfgs/lr0.0015/ckpt-last.pth
2023-11-03 16:49:10,270 - fewshot_modelnet_non_linear_classification - INFO - [Training] EPOCH: 22 EpochTime = 1.063 (s) Losses = ['0.5995', '87.5000'] lr = 0.001422
2023-11-03 16:49:11,450 - fewshot_modelnet_non_linear_classification - INFO - [Validation] EPOCH: 22  acc = 92.0000
2023-11-03 16:49:12,085 - fewshot_modelnet_non_linear_classification - INFO - Save checkpoint at ./experiments/fewshot_modelnet_non_linear_classification/cfgs/lr0.0015/ckpt-last.pth
2023-11-03 16:49:13,208 - fewshot_modelnet_non_linear_classification - INFO - [Training] EPOCH: 23 EpochTime = 1.120 (s) Losses = ['0.4800', '90.6250'] lr = 0.001415
2023-11-03 16:49:14,429 - fewshot_modelnet_non_linear_classification - INFO - [Validation] EPOCH: 23  acc = 93.0000
2023-11-03 16:49:15,328 - fewshot_modelnet_non_linear_classification - INFO - Save checkpoint at ./experiments/fewshot_modelnet_non_linear_classification/cfgs/lr0.0015/ckpt-last.pth
2023-11-03 16:49:16,443 - fewshot_modelnet_non_linear_classification - INFO - [Training] EPOCH: 24 EpochTime = 1.112 (s) Losses = ['0.4125', '90.6250'] lr = 0.001407
2023-11-03 16:49:17,719 - fewshot_modelnet_non_linear_classification - INFO - [Validation] EPOCH: 24  acc = 92.0000
2023-11-03 16:49:18,346 - fewshot_modelnet_non_linear_classification - INFO - Save checkpoint at ./experiments/fewshot_modelnet_non_linear_classification/cfgs/lr0.0015/ckpt-last.pth
2023-11-03 16:49:19,332 - fewshot_modelnet_non_linear_classification - INFO - [Training] EPOCH: 25 EpochTime = 0.985 (s) Losses = ['0.3767', '93.7500'] lr = 0.001400
2023-11-03 16:49:20,473 - fewshot_modelnet_non_linear_classification - INFO - [Validation] EPOCH: 25  acc = 91.0000
2023-11-03 16:49:21,059 - fewshot_modelnet_non_linear_classification - INFO - Save checkpoint at ./experiments/fewshot_modelnet_non_linear_classification/cfgs/lr0.0015/ckpt-last.pth
2023-11-03 16:49:22,023 - fewshot_modelnet_non_linear_classification - INFO - [Training] EPOCH: 26 EpochTime = 0.962 (s) Losses = ['0.4343', '90.6250'] lr = 0.001392
2023-11-03 16:49:23,168 - fewshot_modelnet_non_linear_classification - INFO - [Validation] EPOCH: 26  acc = 91.0000
2023-11-03 16:49:24,513 - fewshot_modelnet_non_linear_classification - INFO - Save checkpoint at ./experiments/fewshot_modelnet_non_linear_classification/cfgs/lr0.0015/ckpt-last.pth
2023-11-03 16:49:25,584 - fewshot_modelnet_non_linear_classification - INFO - [Training] EPOCH: 27 EpochTime = 1.070 (s) Losses = ['0.4549', '81.2500'] lr = 0.001383
2023-11-03 16:49:26,877 - fewshot_modelnet_non_linear_classification - INFO - [Validation] EPOCH: 27  acc = 90.0000
2023-11-03 16:49:27,427 - fewshot_modelnet_non_linear_classification - INFO - Save checkpoint at ./experiments/fewshot_modelnet_non_linear_classification/cfgs/lr0.0015/ckpt-last.pth
2023-11-03 16:49:28,444 - fewshot_modelnet_non_linear_classification - INFO - [Training] EPOCH: 28 EpochTime = 1.016 (s) Losses = ['0.3721', '87.5000'] lr = 0.001375
2023-11-03 16:49:29,658 - fewshot_modelnet_non_linear_classification - INFO - [Validation] EPOCH: 28  acc = 90.0000
2023-11-03 16:49:30,464 - fewshot_modelnet_non_linear_classification - INFO - Save checkpoint at ./experiments/fewshot_modelnet_non_linear_classification/cfgs/lr0.0015/ckpt-last.pth
2023-11-03 16:49:31,564 - fewshot_modelnet_non_linear_classification - INFO - [Training] EPOCH: 29 EpochTime = 1.098 (s) Losses = ['0.3713', '84.3750'] lr = 0.001366
2023-11-03 16:49:32,711 - fewshot_modelnet_non_linear_classification - INFO - [Validation] EPOCH: 29  acc = 89.0000
2023-11-03 16:49:33,258 - fewshot_modelnet_non_linear_classification - INFO - Save checkpoint at ./experiments/fewshot_modelnet_non_linear_classification/cfgs/lr0.0015/ckpt-last.pth
2023-11-03 16:49:34,393 - fewshot_modelnet_non_linear_classification - INFO - [Training] EPOCH: 30 EpochTime = 1.133 (s) Losses = ['0.3363', '93.7500'] lr = 0.001357
2023-11-03 16:49:35,703 - fewshot_modelnet_non_linear_classification - INFO - [Validation] EPOCH: 30  acc = 89.0000
2023-11-03 16:49:36,283 - fewshot_modelnet_non_linear_classification - INFO - Save checkpoint at ./experiments/fewshot_modelnet_non_linear_classification/cfgs/lr0.0015/ckpt-last.pth
2023-11-03 16:49:37,356 - fewshot_modelnet_non_linear_classification - INFO - [Training] EPOCH: 31 EpochTime = 1.071 (s) Losses = ['0.4053', '90.6250'] lr = 0.001347
2023-11-03 16:49:38,592 - fewshot_modelnet_non_linear_classification - INFO - [Validation] EPOCH: 31  acc = 88.0000
2023-11-03 16:49:39,678 - fewshot_modelnet_non_linear_classification - INFO - Save checkpoint at ./experiments/fewshot_modelnet_non_linear_classification/cfgs/lr0.0015/ckpt-last.pth
2023-11-03 16:49:40,778 - fewshot_modelnet_non_linear_classification - INFO - [Training] EPOCH: 32 EpochTime = 1.097 (s) Losses = ['0.2999', '93.7500'] lr = 0.001338
2023-11-03 16:49:41,971 - fewshot_modelnet_non_linear_classification - INFO - [Validation] EPOCH: 32  acc = 88.0000
2023-11-03 16:49:42,543 - fewshot_modelnet_non_linear_classification - INFO - Save checkpoint at ./experiments/fewshot_modelnet_non_linear_classification/cfgs/lr0.0015/ckpt-last.pth
2023-11-03 16:49:43,569 - fewshot_modelnet_non_linear_classification - INFO - [Training] EPOCH: 33 EpochTime = 1.023 (s) Losses = ['0.3771', '84.3750'] lr = 0.001328
2023-11-03 16:49:44,802 - fewshot_modelnet_non_linear_classification - INFO - [Validation] EPOCH: 33  acc = 88.0000
2023-11-03 16:49:45,687 - fewshot_modelnet_non_linear_classification - INFO - Save checkpoint at ./experiments/fewshot_modelnet_non_linear_classification/cfgs/lr0.0015/ckpt-last.pth
2023-11-03 16:49:46,747 - fewshot_modelnet_non_linear_classification - INFO - [Training] EPOCH: 34 EpochTime = 1.059 (s) Losses = ['0.3097', '90.6250'] lr = 0.001318
2023-11-03 16:49:47,842 - fewshot_modelnet_non_linear_classification - INFO - [Validation] EPOCH: 34  acc = 88.0000
2023-11-03 16:49:48,837 - fewshot_modelnet_non_linear_classification - INFO - Save checkpoint at ./experiments/fewshot_modelnet_non_linear_classification/cfgs/lr0.0015/ckpt-last.pth
2023-11-03 16:49:49,902 - fewshot_modelnet_non_linear_classification - INFO - [Training] EPOCH: 35 EpochTime = 1.063 (s) Losses = ['0.3234', '93.7500'] lr = 0.001307
2023-11-03 16:49:51,095 - fewshot_modelnet_non_linear_classification - INFO - [Validation] EPOCH: 35  acc = 88.0000
2023-11-03 16:49:51,968 - fewshot_modelnet_non_linear_classification - INFO - Save checkpoint at ./experiments/fewshot_modelnet_non_linear_classification/cfgs/lr0.0015/ckpt-last.pth
2023-11-03 16:49:53,062 - fewshot_modelnet_non_linear_classification - INFO - [Training] EPOCH: 36 EpochTime = 1.093 (s) Losses = ['0.2286', '93.7500'] lr = 0.001297
2023-11-03 16:49:54,407 - fewshot_modelnet_non_linear_classification - INFO - [Validation] EPOCH: 36  acc = 89.0000
2023-11-03 16:49:55,083 - fewshot_modelnet_non_linear_classification - INFO - Save checkpoint at ./experiments/fewshot_modelnet_non_linear_classification/cfgs/lr0.0015/ckpt-last.pth
2023-11-03 16:49:56,138 - fewshot_modelnet_non_linear_classification - INFO - [Training] EPOCH: 37 EpochTime = 1.053 (s) Losses = ['0.2430', '90.6250'] lr = 0.001286
2023-11-03 16:49:57,365 - fewshot_modelnet_non_linear_classification - INFO - [Validation] EPOCH: 37  acc = 89.0000
2023-11-03 16:49:58,039 - fewshot_modelnet_non_linear_classification - INFO - Save checkpoint at ./experiments/fewshot_modelnet_non_linear_classification/cfgs/lr0.0015/ckpt-last.pth
2023-11-03 16:49:59,133 - fewshot_modelnet_non_linear_classification - INFO - [Training] EPOCH: 38 EpochTime = 1.092 (s) Losses = ['0.2608', '93.7500'] lr = 0.001275
2023-11-03 16:50:00,273 - fewshot_modelnet_non_linear_classification - INFO - [Validation] EPOCH: 38  acc = 89.0000
2023-11-03 16:50:02,039 - fewshot_modelnet_non_linear_classification - INFO - Save checkpoint at ./experiments/fewshot_modelnet_non_linear_classification/cfgs/lr0.0015/ckpt-last.pth
2023-11-03 16:50:03,336 - fewshot_modelnet_non_linear_classification - INFO - [Training] EPOCH: 39 EpochTime = 1.296 (s) Losses = ['0.3901', '87.5000'] lr = 0.001264
2023-11-03 16:50:04,591 - fewshot_modelnet_non_linear_classification - INFO - [Validation] EPOCH: 39  acc = 89.0000
2023-11-03 16:50:05,345 - fewshot_modelnet_non_linear_classification - INFO - Save checkpoint at ./experiments/fewshot_modelnet_non_linear_classification/cfgs/lr0.0015/ckpt-last.pth
2023-11-03 16:50:06,403 - fewshot_modelnet_non_linear_classification - INFO - [Training] EPOCH: 40 EpochTime = 1.056 (s) Losses = ['0.1788', '96.8750'] lr = 0.001252
2023-11-03 16:50:07,593 - fewshot_modelnet_non_linear_classification - INFO - [Validation] EPOCH: 40  acc = 89.0000
2023-11-03 16:50:08,137 - fewshot_modelnet_non_linear_classification - INFO - Save checkpoint at ./experiments/fewshot_modelnet_non_linear_classification/cfgs/lr0.0015/ckpt-last.pth
2023-11-03 16:50:09,133 - fewshot_modelnet_non_linear_classification - INFO - [Training] EPOCH: 41 EpochTime = 0.994 (s) Losses = ['0.1892', '93.7500'] lr = 0.001240
2023-11-03 16:50:10,281 - fewshot_modelnet_non_linear_classification - INFO - [Validation] EPOCH: 41  acc = 91.0000
2023-11-03 16:50:10,801 - fewshot_modelnet_non_linear_classification - INFO - Save checkpoint at ./experiments/fewshot_modelnet_non_linear_classification/cfgs/lr0.0015/ckpt-last.pth
2023-11-03 16:50:11,865 - fewshot_modelnet_non_linear_classification - INFO - [Training] EPOCH: 42 EpochTime = 1.062 (s) Losses = ['0.1781', '96.8750'] lr = 0.001228
2023-11-03 16:50:13,210 - fewshot_modelnet_non_linear_classification - INFO - [Validation] EPOCH: 42  acc = 91.0000
2023-11-03 16:50:13,775 - fewshot_modelnet_non_linear_classification - INFO - Save checkpoint at ./experiments/fewshot_modelnet_non_linear_classification/cfgs/lr0.0015/ckpt-last.pth
2023-11-03 16:50:14,788 - fewshot_modelnet_non_linear_classification - INFO - [Training] EPOCH: 43 EpochTime = 1.011 (s) Losses = ['0.2198', '96.8750'] lr = 0.001216
2023-11-03 16:50:16,067 - fewshot_modelnet_non_linear_classification - INFO - [Validation] EPOCH: 43  acc = 90.0000
2023-11-03 16:50:16,749 - fewshot_modelnet_non_linear_classification - INFO - Save checkpoint at ./experiments/fewshot_modelnet_non_linear_classification/cfgs/lr0.0015/ckpt-last.pth
2023-11-03 16:50:18,003 - fewshot_modelnet_non_linear_classification - INFO - [Training] EPOCH: 44 EpochTime = 1.252 (s) Losses = ['0.1481', '96.8750'] lr = 0.001204
2023-11-03 16:50:19,216 - fewshot_modelnet_non_linear_classification - INFO - [Validation] EPOCH: 44  acc = 91.0000
2023-11-03 16:50:19,741 - fewshot_modelnet_non_linear_classification - INFO - Save checkpoint at ./experiments/fewshot_modelnet_non_linear_classification/cfgs/lr0.0015/ckpt-last.pth
2023-11-03 16:50:20,815 - fewshot_modelnet_non_linear_classification - INFO - [Training] EPOCH: 45 EpochTime = 1.071 (s) Losses = ['0.2354', '96.8750'] lr = 0.001191
2023-11-03 16:50:21,928 - fewshot_modelnet_non_linear_classification - INFO - [Validation] EPOCH: 45  acc = 91.0000
2023-11-03 16:50:23,158 - fewshot_modelnet_non_linear_classification - INFO - Save checkpoint at ./experiments/fewshot_modelnet_non_linear_classification/cfgs/lr0.0015/ckpt-last.pth
2023-11-03 16:50:24,199 - fewshot_modelnet_non_linear_classification - INFO - [Training] EPOCH: 46 EpochTime = 1.039 (s) Losses = ['0.2200', '93.7500'] lr = 0.001178
2023-11-03 16:50:25,332 - fewshot_modelnet_non_linear_classification - INFO - [Validation] EPOCH: 46  acc = 91.0000
2023-11-03 16:50:25,905 - fewshot_modelnet_non_linear_classification - INFO - Save checkpoint at ./experiments/fewshot_modelnet_non_linear_classification/cfgs/lr0.0015/ckpt-last.pth
2023-11-03 16:50:26,926 - fewshot_modelnet_non_linear_classification - INFO - [Training] EPOCH: 47 EpochTime = 1.018 (s) Losses = ['0.1753', '96.8750'] lr = 0.001165
2023-11-03 16:50:28,076 - fewshot_modelnet_non_linear_classification - INFO - [Validation] EPOCH: 47  acc = 91.0000
2023-11-03 16:50:29,233 - fewshot_modelnet_non_linear_classification - INFO - Save checkpoint at ./experiments/fewshot_modelnet_non_linear_classification/cfgs/lr0.0015/ckpt-last.pth
2023-11-03 16:50:30,491 - fewshot_modelnet_non_linear_classification - INFO - [Training] EPOCH: 48 EpochTime = 1.255 (s) Losses = ['0.1593', '96.8750'] lr = 0.001152
2023-11-03 16:50:31,729 - fewshot_modelnet_non_linear_classification - INFO - [Validation] EPOCH: 48  acc = 91.0000
2023-11-03 16:50:32,268 - fewshot_modelnet_non_linear_classification - INFO - Save checkpoint at ./experiments/fewshot_modelnet_non_linear_classification/cfgs/lr0.0015/ckpt-last.pth
2023-11-03 16:50:33,415 - fewshot_modelnet_non_linear_classification - INFO - [Training] EPOCH: 49 EpochTime = 1.145 (s) Losses = ['0.1915', '90.6250'] lr = 0.001139
2023-11-03 16:50:34,610 - fewshot_modelnet_non_linear_classification - INFO - [Validation] EPOCH: 49  acc = 91.0000
2023-11-03 16:50:35,191 - fewshot_modelnet_non_linear_classification - INFO - Save checkpoint at ./experiments/fewshot_modelnet_non_linear_classification/cfgs/lr0.0015/ckpt-last.pth
2023-11-03 16:50:36,339 - fewshot_modelnet_non_linear_classification - INFO - [Training] EPOCH: 50 EpochTime = 1.145 (s) Losses = ['0.0903', '100.0000'] lr = 0.001125
2023-11-03 16:50:37,551 - fewshot_modelnet_non_linear_classification - INFO - [Validation] EPOCH: 50  acc = 90.0000
2023-11-03 16:50:38,008 - fewshot_modelnet_non_linear_classification - INFO - Save checkpoint at ./experiments/fewshot_modelnet_non_linear_classification/cfgs/lr0.0015/ckpt-last.pth
2023-11-03 16:50:39,068 - fewshot_modelnet_non_linear_classification - INFO - [Training] EPOCH: 51 EpochTime = 1.059 (s) Losses = ['0.1513', '100.0000'] lr = 0.001112
2023-11-03 16:50:40,266 - fewshot_modelnet_non_linear_classification - INFO - [Validation] EPOCH: 51  acc = 90.0000
2023-11-03 16:50:40,900 - fewshot_modelnet_non_linear_classification - INFO - Save checkpoint at ./experiments/fewshot_modelnet_non_linear_classification/cfgs/lr0.0015/ckpt-last.pth
2023-11-03 16:50:42,010 - fewshot_modelnet_non_linear_classification - INFO - [Training] EPOCH: 52 EpochTime = 1.108 (s) Losses = ['0.1317', '96.8750'] lr = 0.001098
2023-11-03 16:50:43,266 - fewshot_modelnet_non_linear_classification - INFO - [Validation] EPOCH: 52  acc = 90.0000
2023-11-03 16:50:44,039 - fewshot_modelnet_non_linear_classification - INFO - Save checkpoint at ./experiments/fewshot_modelnet_non_linear_classification/cfgs/lr0.0015/ckpt-last.pth
2023-11-03 16:50:45,071 - fewshot_modelnet_non_linear_classification - INFO - [Training] EPOCH: 53 EpochTime = 1.030 (s) Losses = ['0.2062', '96.8750'] lr = 0.001084
2023-11-03 16:50:46,285 - fewshot_modelnet_non_linear_classification - INFO - [Validation] EPOCH: 53  acc = 90.0000
2023-11-03 16:50:46,842 - fewshot_modelnet_non_linear_classification - INFO - Save checkpoint at ./experiments/fewshot_modelnet_non_linear_classification/cfgs/lr0.0015/ckpt-last.pth
2023-11-03 16:50:48,001 - fewshot_modelnet_non_linear_classification - INFO - [Training] EPOCH: 54 EpochTime = 1.155 (s) Losses = ['0.1197', '100.0000'] lr = 0.001070
2023-11-03 16:50:49,178 - fewshot_modelnet_non_linear_classification - INFO - [Validation] EPOCH: 54  acc = 92.0000
2023-11-03 16:50:49,840 - fewshot_modelnet_non_linear_classification - INFO - Save checkpoint at ./experiments/fewshot_modelnet_non_linear_classification/cfgs/lr0.0015/ckpt-last.pth
2023-11-03 16:50:50,920 - fewshot_modelnet_non_linear_classification - INFO - [Training] EPOCH: 55 EpochTime = 1.079 (s) Losses = ['0.1053', '100.0000'] lr = 0.001055
2023-11-03 16:50:52,117 - fewshot_modelnet_non_linear_classification - INFO - [Validation] EPOCH: 55  acc = 92.0000
2023-11-03 16:50:52,731 - fewshot_modelnet_non_linear_classification - INFO - Save checkpoint at ./experiments/fewshot_modelnet_non_linear_classification/cfgs/lr0.0015/ckpt-last.pth
2023-11-03 16:50:53,760 - fewshot_modelnet_non_linear_classification - INFO - [Training] EPOCH: 56 EpochTime = 1.027 (s) Losses = ['0.1118', '100.0000'] lr = 0.001041
2023-11-03 16:50:54,865 - fewshot_modelnet_non_linear_classification - INFO - [Validation] EPOCH: 56  acc = 92.0000
2023-11-03 16:50:56,051 - fewshot_modelnet_non_linear_classification - INFO - Save checkpoint at ./experiments/fewshot_modelnet_non_linear_classification/cfgs/lr0.0015/ckpt-last.pth
2023-11-03 16:50:57,203 - fewshot_modelnet_non_linear_classification - INFO - [Training] EPOCH: 57 EpochTime = 1.151 (s) Losses = ['0.1540', '100.0000'] lr = 0.001026
2023-11-03 16:50:58,353 - fewshot_modelnet_non_linear_classification - INFO - [Validation] EPOCH: 57  acc = 92.0000
2023-11-03 16:50:59,104 - fewshot_modelnet_non_linear_classification - INFO - Save checkpoint at ./experiments/fewshot_modelnet_non_linear_classification/cfgs/lr0.0015/ckpt-last.pth
2023-11-03 16:51:00,307 - fewshot_modelnet_non_linear_classification - INFO - [Training] EPOCH: 58 EpochTime = 1.201 (s) Losses = ['0.1330', '100.0000'] lr = 0.001012
2023-11-03 16:51:01,494 - fewshot_modelnet_non_linear_classification - INFO - [Validation] EPOCH: 58  acc = 92.0000
2023-11-03 16:51:02,015 - fewshot_modelnet_non_linear_classification - INFO - Save checkpoint at ./experiments/fewshot_modelnet_non_linear_classification/cfgs/lr0.0015/ckpt-last.pth
2023-11-03 16:51:03,319 - fewshot_modelnet_non_linear_classification - INFO - [Training] EPOCH: 59 EpochTime = 1.299 (s) Losses = ['0.1588', '100.0000'] lr = 0.000997
2023-11-03 16:51:04,446 - fewshot_modelnet_non_linear_classification - INFO - [Validation] EPOCH: 59  acc = 91.0000
2023-11-03 16:51:05,499 - fewshot_modelnet_non_linear_classification - INFO - Save checkpoint at ./experiments/fewshot_modelnet_non_linear_classification/cfgs/lr0.0015/ckpt-last.pth
2023-11-03 16:51:06,552 - fewshot_modelnet_non_linear_classification - INFO - [Training] EPOCH: 60 EpochTime = 1.051 (s) Losses = ['0.1659', '93.7500'] lr = 0.000982
2023-11-03 16:51:07,656 - fewshot_modelnet_non_linear_classification - INFO - [Validation] EPOCH: 60  acc = 92.0000
2023-11-03 16:51:08,573 - fewshot_modelnet_non_linear_classification - INFO - Save checkpoint at ./experiments/fewshot_modelnet_non_linear_classification/cfgs/lr0.0015/ckpt-last.pth
2023-11-03 16:51:09,634 - fewshot_modelnet_non_linear_classification - INFO - [Training] EPOCH: 61 EpochTime = 1.059 (s) Losses = ['0.2286', '93.7500'] lr = 0.000967
2023-11-03 16:51:10,755 - fewshot_modelnet_non_linear_classification - INFO - [Validation] EPOCH: 61  acc = 93.0000
2023-11-03 16:51:11,453 - fewshot_modelnet_non_linear_classification - INFO - Save checkpoint at ./experiments/fewshot_modelnet_non_linear_classification/cfgs/lr0.0015/ckpt-last.pth
2023-11-03 16:51:12,478 - fewshot_modelnet_non_linear_classification - INFO - [Training] EPOCH: 62 EpochTime = 1.022 (s) Losses = ['0.1012', '100.0000'] lr = 0.000952
2023-11-03 16:51:13,644 - fewshot_modelnet_non_linear_classification - INFO - [Validation] EPOCH: 62  acc = 93.0000
2023-11-03 16:51:14,176 - fewshot_modelnet_non_linear_classification - INFO - Save checkpoint at ./experiments/fewshot_modelnet_non_linear_classification/cfgs/lr0.0015/ckpt-last.pth
2023-11-03 16:51:15,338 - fewshot_modelnet_non_linear_classification - INFO - [Training] EPOCH: 63 EpochTime = 1.160 (s) Losses = ['0.1356', '96.8750'] lr = 0.000937
2023-11-03 16:51:16,471 - fewshot_modelnet_non_linear_classification - INFO - [Validation] EPOCH: 63  acc = 93.0000
2023-11-03 16:51:17,010 - fewshot_modelnet_non_linear_classification - INFO - Save checkpoint at ./experiments/fewshot_modelnet_non_linear_classification/cfgs/lr0.0015/ckpt-last.pth
2023-11-03 16:51:18,131 - fewshot_modelnet_non_linear_classification - INFO - [Training] EPOCH: 64 EpochTime = 1.118 (s) Losses = ['0.1018', '100.0000'] lr = 0.000922
2023-11-03 16:51:19,460 - fewshot_modelnet_non_linear_classification - INFO - [Validation] EPOCH: 64  acc = 93.0000
2023-11-03 16:51:20,278 - fewshot_modelnet_non_linear_classification - INFO - Save checkpoint at ./experiments/fewshot_modelnet_non_linear_classification/cfgs/lr0.0015/ckpt-last.pth
2023-11-03 16:51:21,360 - fewshot_modelnet_non_linear_classification - INFO - [Training] EPOCH: 65 EpochTime = 1.079 (s) Losses = ['0.1031', '96.8750'] lr = 0.000906
2023-11-03 16:51:22,460 - fewshot_modelnet_non_linear_classification - INFO - [Validation] EPOCH: 65  acc = 93.0000
2023-11-03 16:51:22,992 - fewshot_modelnet_non_linear_classification - INFO - Save checkpoint at ./experiments/fewshot_modelnet_non_linear_classification/cfgs/lr0.0015/ckpt-last.pth
2023-11-03 16:51:24,080 - fewshot_modelnet_non_linear_classification - INFO - [Training] EPOCH: 66 EpochTime = 1.087 (s) Losses = ['0.1230', '100.0000'] lr = 0.000891
2023-11-03 16:51:25,239 - fewshot_modelnet_non_linear_classification - INFO - [Validation] EPOCH: 66  acc = 92.0000
2023-11-03 16:51:25,847 - fewshot_modelnet_non_linear_classification - INFO - Save checkpoint at ./experiments/fewshot_modelnet_non_linear_classification/cfgs/lr0.0015/ckpt-last.pth
2023-11-03 16:51:26,835 - fewshot_modelnet_non_linear_classification - INFO - [Training] EPOCH: 67 EpochTime = 0.987 (s) Losses = ['0.0760', '100.0000'] lr = 0.000875
2023-11-03 16:51:27,939 - fewshot_modelnet_non_linear_classification - INFO - [Validation] EPOCH: 67  acc = 92.0000
2023-11-03 16:51:28,489 - fewshot_modelnet_non_linear_classification - INFO - Save checkpoint at ./experiments/fewshot_modelnet_non_linear_classification/cfgs/lr0.0015/ckpt-last.pth
2023-11-03 16:51:29,483 - fewshot_modelnet_non_linear_classification - INFO - [Training] EPOCH: 68 EpochTime = 0.993 (s) Losses = ['0.1266', '93.7500'] lr = 0.000860
2023-11-03 16:51:30,567 - fewshot_modelnet_non_linear_classification - INFO - [Validation] EPOCH: 68  acc = 93.0000
2023-11-03 16:51:31,384 - fewshot_modelnet_non_linear_classification - INFO - Save checkpoint at ./experiments/fewshot_modelnet_non_linear_classification/cfgs/lr0.0015/ckpt-last.pth
2023-11-03 16:51:32,396 - fewshot_modelnet_non_linear_classification - INFO - [Training] EPOCH: 69 EpochTime = 1.010 (s) Losses = ['0.0699', '100.0000'] lr = 0.000844
2023-11-03 16:51:33,537 - fewshot_modelnet_non_linear_classification - INFO - [Validation] EPOCH: 69  acc = 93.0000
2023-11-03 16:51:34,154 - fewshot_modelnet_non_linear_classification - INFO - Save checkpoint at ./experiments/fewshot_modelnet_non_linear_classification/cfgs/lr0.0015/ckpt-last.pth
2023-11-03 16:51:35,410 - fewshot_modelnet_non_linear_classification - INFO - [Training] EPOCH: 70 EpochTime = 1.253 (s) Losses = ['0.1035', '100.0000'] lr = 0.000829
2023-11-03 16:51:36,619 - fewshot_modelnet_non_linear_classification - INFO - [Validation] EPOCH: 70  acc = 92.0000
2023-11-03 16:51:37,334 - fewshot_modelnet_non_linear_classification - INFO - Save checkpoint at ./experiments/fewshot_modelnet_non_linear_classification/cfgs/lr0.0015/ckpt-last.pth
2023-11-03 16:51:38,362 - fewshot_modelnet_non_linear_classification - INFO - [Training] EPOCH: 71 EpochTime = 1.026 (s) Losses = ['0.0772', '100.0000'] lr = 0.000813
2023-11-03 16:51:39,481 - fewshot_modelnet_non_linear_classification - INFO - [Validation] EPOCH: 71  acc = 91.0000
2023-11-03 16:51:39,994 - fewshot_modelnet_non_linear_classification - INFO - Save checkpoint at ./experiments/fewshot_modelnet_non_linear_classification/cfgs/lr0.0015/ckpt-last.pth
2023-11-03 16:51:41,072 - fewshot_modelnet_non_linear_classification - INFO - [Training] EPOCH: 72 EpochTime = 1.075 (s) Losses = ['0.0749', '100.0000'] lr = 0.000798
2023-11-03 16:51:42,309 - fewshot_modelnet_non_linear_classification - INFO - [Validation] EPOCH: 72  acc = 89.0000
2023-11-03 16:51:42,812 - fewshot_modelnet_non_linear_classification - INFO - Save checkpoint at ./experiments/fewshot_modelnet_non_linear_classification/cfgs/lr0.0015/ckpt-last.pth
2023-11-03 16:51:43,943 - fewshot_modelnet_non_linear_classification - INFO - [Training] EPOCH: 73 EpochTime = 1.129 (s) Losses = ['0.0878', '100.0000'] lr = 0.000782
2023-11-03 16:51:45,101 - fewshot_modelnet_non_linear_classification - INFO - [Validation] EPOCH: 73  acc = 90.0000
2023-11-03 16:51:45,612 - fewshot_modelnet_non_linear_classification - INFO - Save checkpoint at ./experiments/fewshot_modelnet_non_linear_classification/cfgs/lr0.0015/ckpt-last.pth
2023-11-03 16:51:46,617 - fewshot_modelnet_non_linear_classification - INFO - [Training] EPOCH: 74 EpochTime = 1.003 (s) Losses = ['0.2207', '93.7500'] lr = 0.000766
2023-11-03 16:51:47,788 - fewshot_modelnet_non_linear_classification - INFO - [Validation] EPOCH: 74  acc = 90.0000
2023-11-03 16:51:48,691 - fewshot_modelnet_non_linear_classification - INFO - Save checkpoint at ./experiments/fewshot_modelnet_non_linear_classification/cfgs/lr0.0015/ckpt-last.pth
2023-11-03 16:51:49,758 - fewshot_modelnet_non_linear_classification - INFO - [Training] EPOCH: 75 EpochTime = 1.065 (s) Losses = ['0.1051', '96.8750'] lr = 0.000751
2023-11-03 16:51:50,905 - fewshot_modelnet_non_linear_classification - INFO - [Validation] EPOCH: 75  acc = 91.0000
2023-11-03 16:51:51,990 - fewshot_modelnet_non_linear_classification - INFO - Save checkpoint at ./experiments/fewshot_modelnet_non_linear_classification/cfgs/lr0.0015/ckpt-last.pth
2023-11-03 16:51:53,174 - fewshot_modelnet_non_linear_classification - INFO - [Training] EPOCH: 76 EpochTime = 1.182 (s) Losses = ['0.0571', '100.0000'] lr = 0.000735
2023-11-03 16:51:54,327 - fewshot_modelnet_non_linear_classification - INFO - [Validation] EPOCH: 76  acc = 91.0000
2023-11-03 16:51:54,820 - fewshot_modelnet_non_linear_classification - INFO - Save checkpoint at ./experiments/fewshot_modelnet_non_linear_classification/cfgs/lr0.0015/ckpt-last.pth
2023-11-03 16:51:55,884 - fewshot_modelnet_non_linear_classification - INFO - [Training] EPOCH: 77 EpochTime = 1.063 (s) Losses = ['0.0630', '100.0000'] lr = 0.000719
2023-11-03 16:51:57,150 - fewshot_modelnet_non_linear_classification - INFO - [Validation] EPOCH: 77  acc = 90.0000
2023-11-03 16:51:57,640 - fewshot_modelnet_non_linear_classification - INFO - Save checkpoint at ./experiments/fewshot_modelnet_non_linear_classification/cfgs/lr0.0015/ckpt-last.pth
2023-11-03 16:51:58,773 - fewshot_modelnet_non_linear_classification - INFO - [Training] EPOCH: 78 EpochTime = 1.132 (s) Losses = ['0.0645', '100.0000'] lr = 0.000703
2023-11-03 16:52:00,001 - fewshot_modelnet_non_linear_classification - INFO - [Validation] EPOCH: 78  acc = 91.0000
2023-11-03 16:52:00,530 - fewshot_modelnet_non_linear_classification - INFO - Save checkpoint at ./experiments/fewshot_modelnet_non_linear_classification/cfgs/lr0.0015/ckpt-last.pth
2023-11-03 16:52:01,675 - fewshot_modelnet_non_linear_classification - INFO - [Training] EPOCH: 79 EpochTime = 1.142 (s) Losses = ['0.0537', '100.0000'] lr = 0.000688
2023-11-03 16:52:02,807 - fewshot_modelnet_non_linear_classification - INFO - [Validation] EPOCH: 79  acc = 92.0000
2023-11-03 16:52:03,343 - fewshot_modelnet_non_linear_classification - INFO - Save checkpoint at ./experiments/fewshot_modelnet_non_linear_classification/cfgs/lr0.0015/ckpt-last.pth
2023-11-03 16:52:04,471 - fewshot_modelnet_non_linear_classification - INFO - [Training] EPOCH: 80 EpochTime = 1.126 (s) Losses = ['0.0634', '100.0000'] lr = 0.000672
2023-11-03 16:52:05,759 - fewshot_modelnet_non_linear_classification - INFO - [Validation] EPOCH: 80  acc = 92.0000
2023-11-03 16:52:06,271 - fewshot_modelnet_non_linear_classification - INFO - Save checkpoint at ./experiments/fewshot_modelnet_non_linear_classification/cfgs/lr0.0015/ckpt-last.pth
2023-11-03 16:52:07,306 - fewshot_modelnet_non_linear_classification - INFO - [Training] EPOCH: 81 EpochTime = 1.033 (s) Losses = ['0.0965', '96.8750'] lr = 0.000657
2023-11-03 16:52:08,437 - fewshot_modelnet_non_linear_classification - INFO - [Validation] EPOCH: 81  acc = 91.0000
2023-11-03 16:52:08,978 - fewshot_modelnet_non_linear_classification - INFO - Save checkpoint at ./experiments/fewshot_modelnet_non_linear_classification/cfgs/lr0.0015/ckpt-last.pth
2023-11-03 16:52:09,986 - fewshot_modelnet_non_linear_classification - INFO - [Training] EPOCH: 82 EpochTime = 1.006 (s) Losses = ['0.1280', '96.8750'] lr = 0.000641
2023-11-03 16:52:11,084 - fewshot_modelnet_non_linear_classification - INFO - [Validation] EPOCH: 82  acc = 92.0000
2023-11-03 16:52:11,584 - fewshot_modelnet_non_linear_classification - INFO - Save checkpoint at ./experiments/fewshot_modelnet_non_linear_classification/cfgs/lr0.0015/ckpt-last.pth
2023-11-03 16:52:12,697 - fewshot_modelnet_non_linear_classification - INFO - [Training] EPOCH: 83 EpochTime = 1.110 (s) Losses = ['0.0769', '96.8750'] lr = 0.000626
2023-11-03 16:52:13,847 - fewshot_modelnet_non_linear_classification - INFO - [Validation] EPOCH: 83  acc = 92.0000
2023-11-03 16:52:14,491 - fewshot_modelnet_non_linear_classification - INFO - Save checkpoint at ./experiments/fewshot_modelnet_non_linear_classification/cfgs/lr0.0015/ckpt-last.pth
2023-11-03 16:52:15,507 - fewshot_modelnet_non_linear_classification - INFO - [Training] EPOCH: 84 EpochTime = 1.014 (s) Losses = ['0.1050', '96.8750'] lr = 0.000610
2023-11-03 16:52:16,665 - fewshot_modelnet_non_linear_classification - INFO - [Validation] EPOCH: 84  acc = 92.0000
2023-11-03 16:52:17,169 - fewshot_modelnet_non_linear_classification - INFO - Save checkpoint at ./experiments/fewshot_modelnet_non_linear_classification/cfgs/lr0.0015/ckpt-last.pth
2023-11-03 16:52:18,187 - fewshot_modelnet_non_linear_classification - INFO - [Training] EPOCH: 85 EpochTime = 1.017 (s) Losses = ['0.1147', '96.8750'] lr = 0.000595
2023-11-03 16:52:19,424 - fewshot_modelnet_non_linear_classification - INFO - [Validation] EPOCH: 85  acc = 92.0000
2023-11-03 16:52:20,113 - fewshot_modelnet_non_linear_classification - INFO - Save checkpoint at ./experiments/fewshot_modelnet_non_linear_classification/cfgs/lr0.0015/ckpt-last.pth
2023-11-03 16:52:21,212 - fewshot_modelnet_non_linear_classification - INFO - [Training] EPOCH: 86 EpochTime = 1.096 (s) Losses = ['0.0430', '100.0000'] lr = 0.000579
2023-11-03 16:52:22,356 - fewshot_modelnet_non_linear_classification - INFO - [Validation] EPOCH: 86  acc = 92.0000
2023-11-03 16:52:22,855 - fewshot_modelnet_non_linear_classification - INFO - Save checkpoint at ./experiments/fewshot_modelnet_non_linear_classification/cfgs/lr0.0015/ckpt-last.pth
2023-11-03 16:52:23,840 - fewshot_modelnet_non_linear_classification - INFO - [Training] EPOCH: 87 EpochTime = 0.983 (s) Losses = ['0.0755', '100.0000'] lr = 0.000564
2023-11-03 16:52:24,950 - fewshot_modelnet_non_linear_classification - INFO - [Validation] EPOCH: 87  acc = 93.0000
2023-11-03 16:52:25,460 - fewshot_modelnet_non_linear_classification - INFO - Save checkpoint at ./experiments/fewshot_modelnet_non_linear_classification/cfgs/lr0.0015/ckpt-last.pth
2023-11-03 16:52:26,486 - fewshot_modelnet_non_linear_classification - INFO - [Training] EPOCH: 88 EpochTime = 1.024 (s) Losses = ['0.0625', '100.0000'] lr = 0.000549
2023-11-03 16:52:27,586 - fewshot_modelnet_non_linear_classification - INFO - [Validation] EPOCH: 88  acc = 92.0000
2023-11-03 16:52:28,886 - fewshot_modelnet_non_linear_classification - INFO - Save checkpoint at ./experiments/fewshot_modelnet_non_linear_classification/cfgs/lr0.0015/ckpt-last.pth
2023-11-03 16:52:30,089 - fewshot_modelnet_non_linear_classification - INFO - [Training] EPOCH: 89 EpochTime = 1.201 (s) Losses = ['0.0696', '100.0000'] lr = 0.000534
2023-11-03 16:52:31,257 - fewshot_modelnet_non_linear_classification - INFO - [Validation] EPOCH: 89  acc = 91.0000
2023-11-03 16:52:31,709 - fewshot_modelnet_non_linear_classification - INFO - Save checkpoint at ./experiments/fewshot_modelnet_non_linear_classification/cfgs/lr0.0015/ckpt-last.pth
2023-11-03 16:52:32,730 - fewshot_modelnet_non_linear_classification - INFO - [Training] EPOCH: 90 EpochTime = 1.019 (s) Losses = ['0.0616', '100.0000'] lr = 0.000519
2023-11-03 16:52:34,116 - fewshot_modelnet_non_linear_classification - INFO - [Validation] EPOCH: 90  acc = 91.0000
2023-11-03 16:52:34,584 - fewshot_modelnet_non_linear_classification - INFO - Save checkpoint at ./experiments/fewshot_modelnet_non_linear_classification/cfgs/lr0.0015/ckpt-last.pth
2023-11-03 16:52:35,600 - fewshot_modelnet_non_linear_classification - INFO - [Training] EPOCH: 91 EpochTime = 1.014 (s) Losses = ['0.0420', '100.0000'] lr = 0.000504
2023-11-03 16:52:36,877 - fewshot_modelnet_non_linear_classification - INFO - [Validation] EPOCH: 91  acc = 91.0000
2023-11-03 16:52:37,333 - fewshot_modelnet_non_linear_classification - INFO - Save checkpoint at ./experiments/fewshot_modelnet_non_linear_classification/cfgs/lr0.0015/ckpt-last.pth
2023-11-03 16:52:38,538 - fewshot_modelnet_non_linear_classification - INFO - [Training] EPOCH: 92 EpochTime = 1.203 (s) Losses = ['0.0542', '100.0000'] lr = 0.000489
2023-11-03 16:52:39,682 - fewshot_modelnet_non_linear_classification - INFO - [Validation] EPOCH: 92  acc = 92.0000
2023-11-03 16:52:40,714 - fewshot_modelnet_non_linear_classification - INFO - Save checkpoint at ./experiments/fewshot_modelnet_non_linear_classification/cfgs/lr0.0015/ckpt-last.pth
2023-11-03 16:52:41,764 - fewshot_modelnet_non_linear_classification - INFO - [Training] EPOCH: 93 EpochTime = 1.049 (s) Losses = ['0.0657', '100.0000'] lr = 0.000475
2023-11-03 16:52:42,894 - fewshot_modelnet_non_linear_classification - INFO - [Validation] EPOCH: 93  acc = 91.0000
2023-11-03 16:52:43,393 - fewshot_modelnet_non_linear_classification - INFO - Save checkpoint at ./experiments/fewshot_modelnet_non_linear_classification/cfgs/lr0.0015/ckpt-last.pth
2023-11-03 16:52:44,523 - fewshot_modelnet_non_linear_classification - INFO - [Training] EPOCH: 94 EpochTime = 1.128 (s) Losses = ['0.0472', '100.0000'] lr = 0.000460
2023-11-03 16:52:45,740 - fewshot_modelnet_non_linear_classification - INFO - [Validation] EPOCH: 94  acc = 92.0000
2023-11-03 16:52:46,229 - fewshot_modelnet_non_linear_classification - INFO - Save checkpoint at ./experiments/fewshot_modelnet_non_linear_classification/cfgs/lr0.0015/ckpt-last.pth
2023-11-03 16:52:47,278 - fewshot_modelnet_non_linear_classification - INFO - [Training] EPOCH: 95 EpochTime = 1.047 (s) Losses = ['0.0900', '96.8750'] lr = 0.000446
2023-11-03 16:52:48,561 - fewshot_modelnet_non_linear_classification - INFO - [Validation] EPOCH: 95  acc = 92.0000
2023-11-03 16:52:49,083 - fewshot_modelnet_non_linear_classification - INFO - Save checkpoint at ./experiments/fewshot_modelnet_non_linear_classification/cfgs/lr0.0015/ckpt-last.pth
2023-11-03 16:52:50,180 - fewshot_modelnet_non_linear_classification - INFO - [Training] EPOCH: 96 EpochTime = 1.095 (s) Losses = ['0.0389', '100.0000'] lr = 0.000431
2023-11-03 16:52:51,409 - fewshot_modelnet_non_linear_classification - INFO - [Validation] EPOCH: 96  acc = 92.0000
2023-11-03 16:52:51,931 - fewshot_modelnet_non_linear_classification - INFO - Save checkpoint at ./experiments/fewshot_modelnet_non_linear_classification/cfgs/lr0.0015/ckpt-last.pth
2023-11-03 16:52:52,979 - fewshot_modelnet_non_linear_classification - INFO - [Training] EPOCH: 97 EpochTime = 1.046 (s) Losses = ['0.1013', '96.8750'] lr = 0.000417
2023-11-03 16:52:54,204 - fewshot_modelnet_non_linear_classification - INFO - [Validation] EPOCH: 97  acc = 93.0000
2023-11-03 16:52:54,942 - fewshot_modelnet_non_linear_classification - INFO - Save checkpoint at ./experiments/fewshot_modelnet_non_linear_classification/cfgs/lr0.0015/ckpt-last.pth
2023-11-03 16:52:55,987 - fewshot_modelnet_non_linear_classification - INFO - [Training] EPOCH: 98 EpochTime = 1.042 (s) Losses = ['0.0499', '100.0000'] lr = 0.000403
2023-11-03 16:52:57,359 - fewshot_modelnet_non_linear_classification - INFO - [Validation] EPOCH: 98  acc = 93.0000
2023-11-03 16:52:57,866 - fewshot_modelnet_non_linear_classification - INFO - Save checkpoint at ./experiments/fewshot_modelnet_non_linear_classification/cfgs/lr0.0015/ckpt-last.pth
2023-11-03 16:52:58,892 - fewshot_modelnet_non_linear_classification - INFO - [Training] EPOCH: 99 EpochTime = 1.025 (s) Losses = ['0.0712', '100.0000'] lr = 0.000389
2023-11-03 16:53:00,032 - fewshot_modelnet_non_linear_classification - INFO - [Validation] EPOCH: 99  acc = 93.0000
2023-11-03 16:53:00,524 - fewshot_modelnet_non_linear_classification - INFO - Save checkpoint at ./experiments/fewshot_modelnet_non_linear_classification/cfgs/lr0.0015/ckpt-last.pth
2023-11-03 16:53:01,555 - fewshot_modelnet_non_linear_classification - INFO - [Training] EPOCH: 100 EpochTime = 1.029 (s) Losses = ['0.1151', '96.8750'] lr = 0.000376
2023-11-03 16:53:02,704 - fewshot_modelnet_non_linear_classification - INFO - [Validation] EPOCH: 100  acc = 92.0000
2023-11-03 16:53:03,204 - fewshot_modelnet_non_linear_classification - INFO - Save checkpoint at ./experiments/fewshot_modelnet_non_linear_classification/cfgs/lr0.0015/ckpt-last.pth
2023-11-03 16:53:04,200 - fewshot_modelnet_non_linear_classification - INFO - [Training] EPOCH: 101 EpochTime = 0.995 (s) Losses = ['0.0894', '96.8750'] lr = 0.000362
2023-11-03 16:53:05,509 - fewshot_modelnet_non_linear_classification - INFO - [Validation] EPOCH: 101  acc = 93.0000
2023-11-03 16:53:06,051 - fewshot_modelnet_non_linear_classification - INFO - Save checkpoint at ./experiments/fewshot_modelnet_non_linear_classification/cfgs/lr0.0015/ckpt-last.pth
2023-11-03 16:53:07,116 - fewshot_modelnet_non_linear_classification - INFO - [Training] EPOCH: 102 EpochTime = 1.063 (s) Losses = ['0.0638', '100.0000'] lr = 0.000349
2023-11-03 16:53:08,264 - fewshot_modelnet_non_linear_classification - INFO - [Validation] EPOCH: 102  acc = 94.0000
2023-11-03 16:53:09,224 - fewshot_modelnet_non_linear_classification - INFO - Save checkpoint at ./experiments/fewshot_modelnet_non_linear_classification/cfgs/lr0.0015/ckpt-best.pth
2023-11-03 16:53:09,224 - fewshot_modelnet_non_linear_classification - INFO - --------------------------------------------------------------------------------------------
2023-11-03 16:53:09,705 - fewshot_modelnet_non_linear_classification - INFO - Save checkpoint at ./experiments/fewshot_modelnet_non_linear_classification/cfgs/lr0.0015/ckpt-last.pth
2023-11-03 16:53:10,812 - fewshot_modelnet_non_linear_classification - INFO - [Training] EPOCH: 103 EpochTime = 1.105 (s) Losses = ['0.0756', '100.0000'] lr = 0.000336
2023-11-03 16:53:12,072 - fewshot_modelnet_non_linear_classification - INFO - [Validation] EPOCH: 103  acc = 93.0000
2023-11-03 16:53:12,669 - fewshot_modelnet_non_linear_classification - INFO - Save checkpoint at ./experiments/fewshot_modelnet_non_linear_classification/cfgs/lr0.0015/ckpt-last.pth
2023-11-03 16:53:13,708 - fewshot_modelnet_non_linear_classification - INFO - [Training] EPOCH: 104 EpochTime = 1.037 (s) Losses = ['0.0620', '100.0000'] lr = 0.000323
2023-11-03 16:53:14,844 - fewshot_modelnet_non_linear_classification - INFO - [Validation] EPOCH: 104  acc = 94.0000
2023-11-03 16:53:15,308 - fewshot_modelnet_non_linear_classification - INFO - Save checkpoint at ./experiments/fewshot_modelnet_non_linear_classification/cfgs/lr0.0015/ckpt-last.pth
2023-11-03 16:53:16,324 - fewshot_modelnet_non_linear_classification - INFO - [Training] EPOCH: 105 EpochTime = 1.014 (s) Losses = ['0.0426', '100.0000'] lr = 0.000310
2023-11-03 16:53:17,456 - fewshot_modelnet_non_linear_classification - INFO - [Validation] EPOCH: 105  acc = 94.0000
2023-11-03 16:53:18,404 - fewshot_modelnet_non_linear_classification - INFO - Save checkpoint at ./experiments/fewshot_modelnet_non_linear_classification/cfgs/lr0.0015/ckpt-last.pth
2023-11-03 16:53:19,637 - fewshot_modelnet_non_linear_classification - INFO - [Training] EPOCH: 106 EpochTime = 1.231 (s) Losses = ['0.0498', '100.0000'] lr = 0.000297
2023-11-03 16:53:20,747 - fewshot_modelnet_non_linear_classification - INFO - [Validation] EPOCH: 106  acc = 94.0000
2023-11-03 16:53:21,522 - fewshot_modelnet_non_linear_classification - INFO - Save checkpoint at ./experiments/fewshot_modelnet_non_linear_classification/cfgs/lr0.0015/ckpt-last.pth
2023-11-03 16:53:22,626 - fewshot_modelnet_non_linear_classification - INFO - [Training] EPOCH: 107 EpochTime = 1.102 (s) Losses = ['0.0297', '100.0000'] lr = 0.000285
2023-11-03 16:53:23,854 - fewshot_modelnet_non_linear_classification - INFO - [Validation] EPOCH: 107  acc = 94.0000
2023-11-03 16:53:24,340 - fewshot_modelnet_non_linear_classification - INFO - Save checkpoint at ./experiments/fewshot_modelnet_non_linear_classification/cfgs/lr0.0015/ckpt-last.pth
2023-11-03 16:53:25,351 - fewshot_modelnet_non_linear_classification - INFO - [Training] EPOCH: 108 EpochTime = 1.008 (s) Losses = ['0.0537', '100.0000'] lr = 0.000273
2023-11-03 16:53:26,567 - fewshot_modelnet_non_linear_classification - INFO - [Validation] EPOCH: 108  acc = 94.0000
2023-11-03 16:53:27,218 - fewshot_modelnet_non_linear_classification - INFO - Save checkpoint at ./experiments/fewshot_modelnet_non_linear_classification/cfgs/lr0.0015/ckpt-last.pth
2023-11-03 16:53:28,256 - fewshot_modelnet_non_linear_classification - INFO - [Training] EPOCH: 109 EpochTime = 1.037 (s) Losses = ['0.0487', '100.0000'] lr = 0.000261
2023-11-03 16:53:29,405 - fewshot_modelnet_non_linear_classification - INFO - [Validation] EPOCH: 109  acc = 94.0000
2023-11-03 16:53:29,921 - fewshot_modelnet_non_linear_classification - INFO - Save checkpoint at ./experiments/fewshot_modelnet_non_linear_classification/cfgs/lr0.0015/ckpt-last.pth
2023-11-03 16:53:30,899 - fewshot_modelnet_non_linear_classification - INFO - [Training] EPOCH: 110 EpochTime = 0.976 (s) Losses = ['0.0319', '100.0000'] lr = 0.000249
2023-11-03 16:53:32,124 - fewshot_modelnet_non_linear_classification - INFO - [Validation] EPOCH: 110  acc = 94.0000
2023-11-03 16:53:32,597 - fewshot_modelnet_non_linear_classification - INFO - Save checkpoint at ./experiments/fewshot_modelnet_non_linear_classification/cfgs/lr0.0015/ckpt-last.pth
2023-11-03 16:53:33,693 - fewshot_modelnet_non_linear_classification - INFO - [Training] EPOCH: 111 EpochTime = 1.094 (s) Losses = ['0.0439', '100.0000'] lr = 0.000237
2023-11-03 16:53:34,900 - fewshot_modelnet_non_linear_classification - INFO - [Validation] EPOCH: 111  acc = 94.0000
2023-11-03 16:53:35,429 - fewshot_modelnet_non_linear_classification - INFO - Save checkpoint at ./experiments/fewshot_modelnet_non_linear_classification/cfgs/lr0.0015/ckpt-last.pth
2023-11-03 16:53:36,461 - fewshot_modelnet_non_linear_classification - INFO - [Training] EPOCH: 112 EpochTime = 1.031 (s) Losses = ['0.0491', '100.0000'] lr = 0.000226
2023-11-03 16:53:37,695 - fewshot_modelnet_non_linear_classification - INFO - [Validation] EPOCH: 112  acc = 94.0000
2023-11-03 16:53:38,246 - fewshot_modelnet_non_linear_classification - INFO - Save checkpoint at ./experiments/fewshot_modelnet_non_linear_classification/cfgs/lr0.0015/ckpt-last.pth
2023-11-03 16:53:39,281 - fewshot_modelnet_non_linear_classification - INFO - [Training] EPOCH: 113 EpochTime = 1.034 (s) Losses = ['0.0850', '100.0000'] lr = 0.000215
2023-11-03 16:53:40,543 - fewshot_modelnet_non_linear_classification - INFO - [Validation] EPOCH: 113  acc = 94.0000
2023-11-03 16:53:41,018 - fewshot_modelnet_non_linear_classification - INFO - Save checkpoint at ./experiments/fewshot_modelnet_non_linear_classification/cfgs/lr0.0015/ckpt-last.pth
2023-11-03 16:53:42,139 - fewshot_modelnet_non_linear_classification - INFO - [Training] EPOCH: 114 EpochTime = 1.119 (s) Losses = ['0.0944', '93.7500'] lr = 0.000204
2023-11-03 16:53:43,286 - fewshot_modelnet_non_linear_classification - INFO - [Validation] EPOCH: 114  acc = 94.0000
2023-11-03 16:53:43,857 - fewshot_modelnet_non_linear_classification - INFO - Save checkpoint at ./experiments/fewshot_modelnet_non_linear_classification/cfgs/lr0.0015/ckpt-last.pth
2023-11-03 16:53:44,974 - fewshot_modelnet_non_linear_classification - INFO - [Training] EPOCH: 115 EpochTime = 1.115 (s) Losses = ['0.0456', '100.0000'] lr = 0.000194
2023-11-03 16:53:46,177 - fewshot_modelnet_non_linear_classification - INFO - [Validation] EPOCH: 115  acc = 94.0000
2023-11-03 16:53:46,672 - fewshot_modelnet_non_linear_classification - INFO - Save checkpoint at ./experiments/fewshot_modelnet_non_linear_classification/cfgs/lr0.0015/ckpt-last.pth
2023-11-03 16:53:47,697 - fewshot_modelnet_non_linear_classification - INFO - [Training] EPOCH: 116 EpochTime = 1.022 (s) Losses = ['0.0678', '100.0000'] lr = 0.000183
2023-11-03 16:53:48,951 - fewshot_modelnet_non_linear_classification - INFO - [Validation] EPOCH: 116  acc = 94.0000
2023-11-03 16:53:49,500 - fewshot_modelnet_non_linear_classification - INFO - Save checkpoint at ./experiments/fewshot_modelnet_non_linear_classification/cfgs/lr0.0015/ckpt-last.pth
2023-11-03 16:53:50,627 - fewshot_modelnet_non_linear_classification - INFO - [Training] EPOCH: 117 EpochTime = 1.126 (s) Losses = ['0.0439', '100.0000'] lr = 0.000173
2023-11-03 16:53:51,871 - fewshot_modelnet_non_linear_classification - INFO - [Validation] EPOCH: 117  acc = 93.0000
2023-11-03 16:53:52,392 - fewshot_modelnet_non_linear_classification - INFO - Save checkpoint at ./experiments/fewshot_modelnet_non_linear_classification/cfgs/lr0.0015/ckpt-last.pth
2023-11-03 16:53:53,640 - fewshot_modelnet_non_linear_classification - INFO - [Training] EPOCH: 118 EpochTime = 1.246 (s) Losses = ['0.0439', '100.0000'] lr = 0.000163
2023-11-03 16:53:54,757 - fewshot_modelnet_non_linear_classification - INFO - [Validation] EPOCH: 118  acc = 94.0000
2023-11-03 16:53:55,348 - fewshot_modelnet_non_linear_classification - INFO - Save checkpoint at ./experiments/fewshot_modelnet_non_linear_classification/cfgs/lr0.0015/ckpt-last.pth
2023-11-03 16:53:56,469 - fewshot_modelnet_non_linear_classification - INFO - [Training] EPOCH: 119 EpochTime = 1.119 (s) Losses = ['0.0517', '100.0000'] lr = 0.000154
2023-11-03 16:53:57,695 - fewshot_modelnet_non_linear_classification - INFO - [Validation] EPOCH: 119  acc = 94.0000
2023-11-03 16:53:58,246 - fewshot_modelnet_non_linear_classification - INFO - Save checkpoint at ./experiments/fewshot_modelnet_non_linear_classification/cfgs/lr0.0015/ckpt-last.pth
2023-11-03 16:53:59,295 - fewshot_modelnet_non_linear_classification - INFO - [Training] EPOCH: 120 EpochTime = 1.048 (s) Losses = ['0.0727', '100.0000'] lr = 0.000144
2023-11-03 16:54:00,399 - fewshot_modelnet_non_linear_classification - INFO - [Validation] EPOCH: 120  acc = 94.0000
2023-11-03 16:54:00,891 - fewshot_modelnet_non_linear_classification - INFO - Save checkpoint at ./experiments/fewshot_modelnet_non_linear_classification/cfgs/lr0.0015/ckpt-last.pth
2023-11-03 16:54:01,930 - fewshot_modelnet_non_linear_classification - INFO - [Training] EPOCH: 121 EpochTime = 1.037 (s) Losses = ['0.1145', '96.8750'] lr = 0.000135
2023-11-03 16:54:03,057 - fewshot_modelnet_non_linear_classification - INFO - [Validation] EPOCH: 121  acc = 94.0000
2023-11-03 16:54:03,563 - fewshot_modelnet_non_linear_classification - INFO - Save checkpoint at ./experiments/fewshot_modelnet_non_linear_classification/cfgs/lr0.0015/ckpt-last.pth
2023-11-03 16:54:04,924 - fewshot_modelnet_non_linear_classification - INFO - [Training] EPOCH: 122 EpochTime = 1.222 (s) Losses = ['0.0766', '100.0000'] lr = 0.000126
2023-11-03 16:54:06,100 - fewshot_modelnet_non_linear_classification - INFO - [Validation] EPOCH: 122  acc = 94.0000
2023-11-03 16:54:06,562 - fewshot_modelnet_non_linear_classification - INFO - Save checkpoint at ./experiments/fewshot_modelnet_non_linear_classification/cfgs/lr0.0015/ckpt-last.pth
2023-11-03 16:54:07,635 - fewshot_modelnet_non_linear_classification - INFO - [Training] EPOCH: 123 EpochTime = 1.070 (s) Losses = ['0.0722', '100.0000'] lr = 0.000118
2023-11-03 16:54:08,787 - fewshot_modelnet_non_linear_classification - INFO - [Validation] EPOCH: 123  acc = 94.0000
2023-11-03 16:54:09,738 - fewshot_modelnet_non_linear_classification - INFO - Save checkpoint at ./experiments/fewshot_modelnet_non_linear_classification/cfgs/lr0.0015/ckpt-last.pth
2023-11-03 16:54:10,875 - fewshot_modelnet_non_linear_classification - INFO - [Training] EPOCH: 124 EpochTime = 1.134 (s) Losses = ['0.0811', '100.0000'] lr = 0.000109
2023-11-03 16:54:12,001 - fewshot_modelnet_non_linear_classification - INFO - [Validation] EPOCH: 124  acc = 94.0000
2023-11-03 16:54:12,731 - fewshot_modelnet_non_linear_classification - INFO - Save checkpoint at ./experiments/fewshot_modelnet_non_linear_classification/cfgs/lr0.0015/ckpt-last.pth
2023-11-03 16:54:13,811 - fewshot_modelnet_non_linear_classification - INFO - [Training] EPOCH: 125 EpochTime = 1.078 (s) Losses = ['0.0412', '100.0000'] lr = 0.000101
2023-11-03 16:54:14,935 - fewshot_modelnet_non_linear_classification - INFO - [Validation] EPOCH: 125  acc = 94.0000
2023-11-03 16:54:15,792 - fewshot_modelnet_non_linear_classification - INFO - Save checkpoint at ./experiments/fewshot_modelnet_non_linear_classification/cfgs/lr0.0015/ckpt-last.pth
2023-11-03 16:54:16,884 - fewshot_modelnet_non_linear_classification - INFO - [Training] EPOCH: 126 EpochTime = 1.089 (s) Losses = ['0.0923', '96.8750'] lr = 0.000094
2023-11-03 16:54:18,040 - fewshot_modelnet_non_linear_classification - INFO - [Validation] EPOCH: 126  acc = 94.0000
2023-11-03 16:54:18,631 - fewshot_modelnet_non_linear_classification - INFO - Save checkpoint at ./experiments/fewshot_modelnet_non_linear_classification/cfgs/lr0.0015/ckpt-last.pth
2023-11-03 16:54:19,745 - fewshot_modelnet_non_linear_classification - INFO - [Training] EPOCH: 127 EpochTime = 1.112 (s) Losses = ['0.0465', '100.0000'] lr = 0.000086
2023-11-03 16:54:20,877 - fewshot_modelnet_non_linear_classification - INFO - [Validation] EPOCH: 127  acc = 94.0000
2023-11-03 16:54:22,189 - fewshot_modelnet_non_linear_classification - INFO - Save checkpoint at ./experiments/fewshot_modelnet_non_linear_classification/cfgs/lr0.0015/ckpt-last.pth
2023-11-03 16:54:23,262 - fewshot_modelnet_non_linear_classification - INFO - [Training] EPOCH: 128 EpochTime = 1.071 (s) Losses = ['0.0531', '100.0000'] lr = 0.000079
2023-11-03 16:54:24,535 - fewshot_modelnet_non_linear_classification - INFO - [Validation] EPOCH: 128  acc = 94.0000
2023-11-03 16:54:25,362 - fewshot_modelnet_non_linear_classification - INFO - Save checkpoint at ./experiments/fewshot_modelnet_non_linear_classification/cfgs/lr0.0015/ckpt-last.pth
2023-11-03 16:54:26,404 - fewshot_modelnet_non_linear_classification - INFO - [Training] EPOCH: 129 EpochTime = 1.040 (s) Losses = ['0.0708', '100.0000'] lr = 0.000072
2023-11-03 16:54:27,603 - fewshot_modelnet_non_linear_classification - INFO - [Validation] EPOCH: 129  acc = 94.0000
2023-11-03 16:54:28,116 - fewshot_modelnet_non_linear_classification - INFO - Save checkpoint at ./experiments/fewshot_modelnet_non_linear_classification/cfgs/lr0.0015/ckpt-last.pth
2023-11-03 16:54:29,174 - fewshot_modelnet_non_linear_classification - INFO - [Training] EPOCH: 130 EpochTime = 1.056 (s) Losses = ['0.0667', '100.0000'] lr = 0.000066
2023-11-03 16:54:30,296 - fewshot_modelnet_non_linear_classification - INFO - [Validation] EPOCH: 130  acc = 94.0000
2023-11-03 16:54:31,564 - fewshot_modelnet_non_linear_classification - INFO - Save checkpoint at ./experiments/fewshot_modelnet_non_linear_classification/cfgs/lr0.0015/ckpt-last.pth
2023-11-03 16:54:32,774 - fewshot_modelnet_non_linear_classification - INFO - [Training] EPOCH: 131 EpochTime = 1.204 (s) Losses = ['0.0389', '100.0000'] lr = 0.000060
2023-11-03 16:54:33,955 - fewshot_modelnet_non_linear_classification - INFO - [Validation] EPOCH: 131  acc = 94.0000
2023-11-03 16:54:34,645 - fewshot_modelnet_non_linear_classification - INFO - Save checkpoint at ./experiments/fewshot_modelnet_non_linear_classification/cfgs/lr0.0015/ckpt-last.pth
2023-11-03 16:54:35,827 - fewshot_modelnet_non_linear_classification - INFO - [Training] EPOCH: 132 EpochTime = 1.179 (s) Losses = ['0.0988', '100.0000'] lr = 0.000054
2023-11-03 16:54:36,984 - fewshot_modelnet_non_linear_classification - INFO - [Validation] EPOCH: 132  acc = 94.0000
2023-11-03 16:54:37,815 - fewshot_modelnet_non_linear_classification - INFO - Save checkpoint at ./experiments/fewshot_modelnet_non_linear_classification/cfgs/lr0.0015/ckpt-last.pth
2023-11-03 16:54:38,961 - fewshot_modelnet_non_linear_classification - INFO - [Training] EPOCH: 133 EpochTime = 1.144 (s) Losses = ['0.0469', '100.0000'] lr = 0.000048
2023-11-03 16:54:40,105 - fewshot_modelnet_non_linear_classification - INFO - [Validation] EPOCH: 133  acc = 94.0000
2023-11-03 16:54:40,805 - fewshot_modelnet_non_linear_classification - INFO - Save checkpoint at ./experiments/fewshot_modelnet_non_linear_classification/cfgs/lr0.0015/ckpt-last.pth
2023-11-03 16:54:41,910 - fewshot_modelnet_non_linear_classification - INFO - [Training] EPOCH: 134 EpochTime = 1.103 (s) Losses = ['0.1199', '96.8750'] lr = 0.000043
2023-11-03 16:54:43,157 - fewshot_modelnet_non_linear_classification - INFO - [Validation] EPOCH: 134  acc = 94.0000
2023-11-03 16:54:43,712 - fewshot_modelnet_non_linear_classification - INFO - Save checkpoint at ./experiments/fewshot_modelnet_non_linear_classification/cfgs/lr0.0015/ckpt-last.pth
2023-11-03 16:54:44,766 - fewshot_modelnet_non_linear_classification - INFO - [Training] EPOCH: 135 EpochTime = 1.053 (s) Losses = ['0.0809', '100.0000'] lr = 0.000038
2023-11-03 16:54:46,022 - fewshot_modelnet_non_linear_classification - INFO - [Validation] EPOCH: 135  acc = 94.0000
2023-11-03 16:54:46,567 - fewshot_modelnet_non_linear_classification - INFO - Save checkpoint at ./experiments/fewshot_modelnet_non_linear_classification/cfgs/lr0.0015/ckpt-last.pth
2023-11-03 16:54:47,644 - fewshot_modelnet_non_linear_classification - INFO - [Training] EPOCH: 136 EpochTime = 1.075 (s) Losses = ['0.0917', '96.8750'] lr = 0.000033
2023-11-03 16:54:48,801 - fewshot_modelnet_non_linear_classification - INFO - [Validation] EPOCH: 136  acc = 94.0000
2023-11-03 16:54:49,268 - fewshot_modelnet_non_linear_classification - INFO - Save checkpoint at ./experiments/fewshot_modelnet_non_linear_classification/cfgs/lr0.0015/ckpt-last.pth
2023-11-03 16:54:50,258 - fewshot_modelnet_non_linear_classification - INFO - [Training] EPOCH: 137 EpochTime = 0.988 (s) Losses = ['0.0386', '100.0000'] lr = 0.000029
2023-11-03 16:54:51,566 - fewshot_modelnet_non_linear_classification - INFO - [Validation] EPOCH: 137  acc = 94.0000
2023-11-03 16:54:52,110 - fewshot_modelnet_non_linear_classification - INFO - Save checkpoint at ./experiments/fewshot_modelnet_non_linear_classification/cfgs/lr0.0015/ckpt-last.pth
2023-11-03 16:54:53,072 - fewshot_modelnet_non_linear_classification - INFO - [Training] EPOCH: 138 EpochTime = 0.961 (s) Losses = ['0.0552', '100.0000'] lr = 0.000025
2023-11-03 16:54:54,269 - fewshot_modelnet_non_linear_classification - INFO - [Validation] EPOCH: 138  acc = 94.0000
2023-11-03 16:54:54,816 - fewshot_modelnet_non_linear_classification - INFO - Save checkpoint at ./experiments/fewshot_modelnet_non_linear_classification/cfgs/lr0.0015/ckpt-last.pth
2023-11-03 16:54:55,793 - fewshot_modelnet_non_linear_classification - INFO - [Training] EPOCH: 139 EpochTime = 0.975 (s) Losses = ['0.0667', '100.0000'] lr = 0.000021
2023-11-03 16:54:57,074 - fewshot_modelnet_non_linear_classification - INFO - [Validation] EPOCH: 139  acc = 94.0000
2023-11-03 16:54:57,547 - fewshot_modelnet_non_linear_classification - INFO - Save checkpoint at ./experiments/fewshot_modelnet_non_linear_classification/cfgs/lr0.0015/ckpt-last.pth
2023-11-03 16:54:58,557 - fewshot_modelnet_non_linear_classification - INFO - [Training] EPOCH: 140 EpochTime = 1.008 (s) Losses = ['0.0921', '100.0000'] lr = 0.000017
2023-11-03 16:54:59,859 - fewshot_modelnet_non_linear_classification - INFO - [Validation] EPOCH: 140  acc = 94.0000
2023-11-03 16:55:00,457 - fewshot_modelnet_non_linear_classification - INFO - Save checkpoint at ./experiments/fewshot_modelnet_non_linear_classification/cfgs/lr0.0015/ckpt-last.pth
2023-11-03 16:55:01,492 - fewshot_modelnet_non_linear_classification - INFO - [Training] EPOCH: 141 EpochTime = 1.034 (s) Losses = ['0.0354', '100.0000'] lr = 0.000014
2023-11-03 16:55:02,668 - fewshot_modelnet_non_linear_classification - INFO - [Validation] EPOCH: 141  acc = 94.0000
2023-11-03 16:55:03,115 - fewshot_modelnet_non_linear_classification - INFO - Save checkpoint at ./experiments/fewshot_modelnet_non_linear_classification/cfgs/lr0.0015/ckpt-last.pth
2023-11-03 16:55:03,565 - fewshot_modelnet_non_linear_classification - INFO - Save checkpoint at ./experiments/fewshot_modelnet_non_linear_classification/cfgs/lr0.0015/ckpt-epoch-141.pth
2023-11-03 16:55:04,568 - fewshot_modelnet_non_linear_classification - INFO - [Training] EPOCH: 142 EpochTime = 1.001 (s) Losses = ['0.0586', '96.8750'] lr = 0.000011
2023-11-03 16:55:05,864 - fewshot_modelnet_non_linear_classification - INFO - [Validation] EPOCH: 142  acc = 94.0000
2023-11-03 16:55:06,349 - fewshot_modelnet_non_linear_classification - INFO - Save checkpoint at ./experiments/fewshot_modelnet_non_linear_classification/cfgs/lr0.0015/ckpt-last.pth
2023-11-03 16:55:06,862 - fewshot_modelnet_non_linear_classification - INFO - Save checkpoint at ./experiments/fewshot_modelnet_non_linear_classification/cfgs/lr0.0015/ckpt-epoch-142.pth
2023-11-03 16:55:07,914 - fewshot_modelnet_non_linear_classification - INFO - [Training] EPOCH: 143 EpochTime = 1.051 (s) Losses = ['0.0571', '100.0000'] lr = 0.000009
2023-11-03 16:55:09,110 - fewshot_modelnet_non_linear_classification - INFO - [Validation] EPOCH: 143  acc = 94.0000
2023-11-03 16:55:09,604 - fewshot_modelnet_non_linear_classification - INFO - Save checkpoint at ./experiments/fewshot_modelnet_non_linear_classification/cfgs/lr0.0015/ckpt-last.pth
2023-11-03 16:55:10,165 - fewshot_modelnet_non_linear_classification - INFO - Save checkpoint at ./experiments/fewshot_modelnet_non_linear_classification/cfgs/lr0.0015/ckpt-epoch-143.pth
2023-11-03 16:55:11,201 - fewshot_modelnet_non_linear_classification - INFO - [Training] EPOCH: 144 EpochTime = 1.034 (s) Losses = ['0.0365', '100.0000'] lr = 0.000007
2023-11-03 16:55:12,646 - fewshot_modelnet_non_linear_classification - INFO - [Validation] EPOCH: 144  acc = 94.0000
2023-11-03 16:55:13,457 - fewshot_modelnet_non_linear_classification - INFO - Save checkpoint at ./experiments/fewshot_modelnet_non_linear_classification/cfgs/lr0.0015/ckpt-last.pth
2023-11-03 16:55:14,479 - fewshot_modelnet_non_linear_classification - INFO - Save checkpoint at ./experiments/fewshot_modelnet_non_linear_classification/cfgs/lr0.0015/ckpt-epoch-144.pth
2023-11-03 16:55:15,689 - fewshot_modelnet_non_linear_classification - INFO - [Training] EPOCH: 145 EpochTime = 1.208 (s) Losses = ['0.0328', '100.0000'] lr = 0.000005
2023-11-03 16:55:16,811 - fewshot_modelnet_non_linear_classification - INFO - [Validation] EPOCH: 145  acc = 94.0000
2023-11-03 16:55:17,451 - fewshot_modelnet_non_linear_classification - INFO - Save checkpoint at ./experiments/fewshot_modelnet_non_linear_classification/cfgs/lr0.0015/ckpt-last.pth
2023-11-03 16:55:18,600 - fewshot_modelnet_non_linear_classification - INFO - Save checkpoint at ./experiments/fewshot_modelnet_non_linear_classification/cfgs/lr0.0015/ckpt-epoch-145.pth
2023-11-03 16:55:19,804 - fewshot_modelnet_non_linear_classification - INFO - [Training] EPOCH: 146 EpochTime = 1.202 (s) Losses = ['0.0742', '100.0000'] lr = 0.000004
2023-11-03 16:55:20,971 - fewshot_modelnet_non_linear_classification - INFO - [Validation] EPOCH: 146  acc = 94.0000
2023-11-03 16:55:21,591 - fewshot_modelnet_non_linear_classification - INFO - Save checkpoint at ./experiments/fewshot_modelnet_non_linear_classification/cfgs/lr0.0015/ckpt-last.pth
2023-11-03 16:55:22,270 - fewshot_modelnet_non_linear_classification - INFO - Save checkpoint at ./experiments/fewshot_modelnet_non_linear_classification/cfgs/lr0.0015/ckpt-epoch-146.pth
2023-11-03 16:55:23,473 - fewshot_modelnet_non_linear_classification - INFO - [Training] EPOCH: 147 EpochTime = 1.200 (s) Losses = ['0.0606', '100.0000'] lr = 0.000002
2023-11-03 16:55:24,763 - fewshot_modelnet_non_linear_classification - INFO - [Validation] EPOCH: 147  acc = 93.0000
2023-11-03 16:55:25,906 - fewshot_modelnet_non_linear_classification - INFO - Save checkpoint at ./experiments/fewshot_modelnet_non_linear_classification/cfgs/lr0.0015/ckpt-last.pth
2023-11-03 16:55:27,114 - fewshot_modelnet_non_linear_classification - INFO - Save checkpoint at ./experiments/fewshot_modelnet_non_linear_classification/cfgs/lr0.0015/ckpt-epoch-147.pth
2023-11-03 16:55:28,334 - fewshot_modelnet_non_linear_classification - INFO - [Training] EPOCH: 148 EpochTime = 1.219 (s) Losses = ['0.0618', '100.0000'] lr = 0.000002
2023-11-03 16:55:29,629 - fewshot_modelnet_non_linear_classification - INFO - [Validation] EPOCH: 148  acc = 94.0000
2023-11-03 16:55:30,207 - fewshot_modelnet_non_linear_classification - INFO - Save checkpoint at ./experiments/fewshot_modelnet_non_linear_classification/cfgs/lr0.0015/ckpt-last.pth
2023-11-03 16:55:30,973 - fewshot_modelnet_non_linear_classification - INFO - Save checkpoint at ./experiments/fewshot_modelnet_non_linear_classification/cfgs/lr0.0015/ckpt-epoch-148.pth
2023-11-03 16:55:32,133 - fewshot_modelnet_non_linear_classification - INFO - [Training] EPOCH: 149 EpochTime = 1.157 (s) Losses = ['0.0849', '96.8750'] lr = 0.000001
2023-11-03 16:55:33,462 - fewshot_modelnet_non_linear_classification - INFO - [Validation] EPOCH: 149  acc = 94.0000
2023-11-03 16:55:34,490 - fewshot_modelnet_non_linear_classification - INFO - Save checkpoint at ./experiments/fewshot_modelnet_non_linear_classification/cfgs/lr0.0015/ckpt-last.pth
2023-11-03 16:55:35,857 - fewshot_modelnet_non_linear_classification - INFO - Save checkpoint at ./experiments/fewshot_modelnet_non_linear_classification/cfgs/lr0.0015/ckpt-epoch-149.pth
2023-11-03 16:55:37,011 - fewshot_modelnet_non_linear_classification - INFO - [Training] EPOCH: 150 EpochTime = 1.152 (s) Losses = ['0.0344', '100.0000'] lr = 0.000001
2023-11-03 16:55:38,511 - fewshot_modelnet_non_linear_classification - INFO - [Validation] EPOCH: 150  acc = 93.0000
2023-11-03 16:55:39,202 - fewshot_modelnet_non_linear_classification - INFO - Save checkpoint at ./experiments/fewshot_modelnet_non_linear_classification/cfgs/lr0.0015/ckpt-last.pth
2023-11-03 16:55:40,765 - fewshot_modelnet_non_linear_classification - INFO - Save checkpoint at ./experiments/fewshot_modelnet_non_linear_classification/cfgs/lr0.0015/ckpt-epoch-150.pth
