2023-09-17 18:16:27,822 - fewshot_scanobjectnn_linear_classification - INFO - Copy the Config file from cfgs/fewshot_scanobjectnn_linear_classification.yaml to ./experiments/fewshot_scanobjectnn_linear_classification/cfgs/add_as_normal/config.yaml
2023-09-17 18:16:27,822 - fewshot_scanobjectnn_linear_classification - INFO - args.config : cfgs/fewshot_scanobjectnn_linear_classification.yaml
2023-09-17 18:16:27,822 - fewshot_scanobjectnn_linear_classification - INFO - args.launcher : none
2023-09-17 18:16:27,823 - fewshot_scanobjectnn_linear_classification - INFO - args.local_rank : 0
2023-09-17 18:16:27,823 - fewshot_scanobjectnn_linear_classification - INFO - args.num_workers : 8
2023-09-17 18:16:27,823 - fewshot_scanobjectnn_linear_classification - INFO - args.seed : 0
2023-09-17 18:16:27,823 - fewshot_scanobjectnn_linear_classification - INFO - args.deterministic : False
2023-09-17 18:16:27,823 - fewshot_scanobjectnn_linear_classification - INFO - args.sync_bn : True
2023-09-17 18:16:27,823 - fewshot_scanobjectnn_linear_classification - INFO - args.update_weights_every : 1
2023-09-17 18:16:27,823 - fewshot_scanobjectnn_linear_classification - INFO - args.main_task : 0
2023-09-17 18:16:27,823 - fewshot_scanobjectnn_linear_classification - INFO - args.nashmtl_optim_niter : 20
2023-09-17 18:16:27,823 - fewshot_scanobjectnn_linear_classification - INFO - args.c : 0.4
2023-09-17 18:16:27,823 - fewshot_scanobjectnn_linear_classification - INFO - args.dwa_temp : 2.0
2023-09-17 18:16:27,823 - fewshot_scanobjectnn_linear_classification - INFO - args.method_params_lr : 0.025
2023-09-17 18:16:27,823 - fewshot_scanobjectnn_linear_classification - INFO - args.method : nashmtl
2023-09-17 18:16:27,823 - fewshot_scanobjectnn_linear_classification - INFO - args.gpu : 5
2023-09-17 18:16:27,823 - fewshot_scanobjectnn_linear_classification - INFO - args.large_group : 5
2023-09-17 18:16:27,824 - fewshot_scanobjectnn_linear_classification - INFO - args.small_group : 10
2023-09-17 18:16:27,824 - fewshot_scanobjectnn_linear_classification - INFO - args.large_patch : 6
2023-09-17 18:16:27,824 - fewshot_scanobjectnn_linear_classification - INFO - args.small_patch : 3
2023-09-17 18:16:27,824 - fewshot_scanobjectnn_linear_classification - INFO - args.queue_length : 8192
2023-09-17 18:16:27,824 - fewshot_scanobjectnn_linear_classification - INFO - args.epoch_queue_starts : 10
2023-09-17 18:16:27,824 - fewshot_scanobjectnn_linear_classification - INFO - args.nmb_crops : [5, 10]
2023-09-17 18:16:27,824 - fewshot_scanobjectnn_linear_classification - INFO - args.fea_dim : 384
2023-09-17 18:16:27,824 - fewshot_scanobjectnn_linear_classification - INFO - args.hidden_mlp : 256
2023-09-17 18:16:27,824 - fewshot_scanobjectnn_linear_classification - INFO - args.output_dim : 128
2023-09-17 18:16:27,824 - fewshot_scanobjectnn_linear_classification - INFO - args.nmb_prototypes : 200
2023-09-17 18:16:27,824 - fewshot_scanobjectnn_linear_classification - INFO - args.temperature : 0.1
2023-09-17 18:16:27,824 - fewshot_scanobjectnn_linear_classification - INFO - args.epsilon : 0.05
2023-09-17 18:16:27,824 - fewshot_scanobjectnn_linear_classification - INFO - args.sinkhorn_iterations : 3
2023-09-17 18:16:27,825 - fewshot_scanobjectnn_linear_classification - INFO - args.world_size : 1
2023-09-17 18:16:27,825 - fewshot_scanobjectnn_linear_classification - INFO - args.exp_name : add_as_normal
2023-09-17 18:16:27,825 - fewshot_scanobjectnn_linear_classification - INFO - args.loss : cd1
2023-09-17 18:16:27,825 - fewshot_scanobjectnn_linear_classification - INFO - args.start_ckpts : None
2023-09-17 18:16:27,825 - fewshot_scanobjectnn_linear_classification - INFO - args.ckpts : ./experiments/pretrain_MaskSurf/cfgs/add_as_normal/ckpt-last.pth
2023-09-17 18:16:27,825 - fewshot_scanobjectnn_linear_classification - INFO - args.val_freq : 1
2023-09-17 18:16:27,825 - fewshot_scanobjectnn_linear_classification - INFO - args.vote : False
2023-09-17 18:16:27,825 - fewshot_scanobjectnn_linear_classification - INFO - args.resume : False
2023-09-17 18:16:27,825 - fewshot_scanobjectnn_linear_classification - INFO - args.test : False
2023-09-17 18:16:27,825 - fewshot_scanobjectnn_linear_classification - INFO - args.finetune_model : True
2023-09-17 18:16:27,825 - fewshot_scanobjectnn_linear_classification - INFO - args.scratch_model : False
2023-09-17 18:16:27,825 - fewshot_scanobjectnn_linear_classification - INFO - args.mode : None
2023-09-17 18:16:27,826 - fewshot_scanobjectnn_linear_classification - INFO - args.way : 5
2023-09-17 18:16:27,826 - fewshot_scanobjectnn_linear_classification - INFO - args.shot : 10
2023-09-17 18:16:27,826 - fewshot_scanobjectnn_linear_classification - INFO - args.fold : 7
2023-09-17 18:16:27,826 - fewshot_scanobjectnn_linear_classification - INFO - args.experiment_path : ./experiments/fewshot_scanobjectnn_linear_classification/cfgs/add_as_normal
2023-09-17 18:16:27,826 - fewshot_scanobjectnn_linear_classification - INFO - args.tfboard_path : ./experiments/fewshot_scanobjectnn_linear_classification/cfgs/TFBoard/add_as_normal
2023-09-17 18:16:27,826 - fewshot_scanobjectnn_linear_classification - INFO - args.log_name : fewshot_scanobjectnn_linear_classification
2023-09-17 18:16:27,826 - fewshot_scanobjectnn_linear_classification - INFO - args.use_gpu : True
2023-09-17 18:16:27,826 - fewshot_scanobjectnn_linear_classification - INFO - args.distributed : False
2023-09-17 18:16:27,826 - fewshot_scanobjectnn_linear_classification - INFO - config.optimizer = edict()
2023-09-17 18:16:27,826 - fewshot_scanobjectnn_linear_classification - INFO - config.optimizer.type : AdamW
2023-09-17 18:16:27,826 - fewshot_scanobjectnn_linear_classification - INFO - config.optimizer.part : only_new
2023-09-17 18:16:27,826 - fewshot_scanobjectnn_linear_classification - INFO - config.optimizer.kwargs = edict()
2023-09-17 18:16:27,827 - fewshot_scanobjectnn_linear_classification - INFO - config.optimizer.kwargs.lr : 0.0005
2023-09-17 18:16:27,827 - fewshot_scanobjectnn_linear_classification - INFO - config.optimizer.kwargs.weight_decay : 0.05
2023-09-17 18:16:27,827 - fewshot_scanobjectnn_linear_classification - INFO - config.scheduler = edict()
2023-09-17 18:16:27,827 - fewshot_scanobjectnn_linear_classification - INFO - config.scheduler.type : CosLR
2023-09-17 18:16:27,827 - fewshot_scanobjectnn_linear_classification - INFO - config.scheduler.kwargs = edict()
2023-09-17 18:16:27,827 - fewshot_scanobjectnn_linear_classification - INFO - config.scheduler.kwargs.epochs : 150
2023-09-17 18:16:27,827 - fewshot_scanobjectnn_linear_classification - INFO - config.scheduler.kwargs.initial_epochs : 10
2023-09-17 18:16:27,827 - fewshot_scanobjectnn_linear_classification - INFO - config.dataset = edict()
2023-09-17 18:16:27,827 - fewshot_scanobjectnn_linear_classification - INFO - config.dataset.train = edict()
2023-09-17 18:16:27,827 - fewshot_scanobjectnn_linear_classification - INFO - config.dataset.train._base_ = edict()
2023-09-17 18:16:27,827 - fewshot_scanobjectnn_linear_classification - INFO - config.dataset.train._base_.NAME : ModelNetFewShot
2023-09-17 18:16:27,827 - fewshot_scanobjectnn_linear_classification - INFO - config.dataset.train._base_.DATA_PATH : data/ScanObjectNN_hardest_fewshot
2023-09-17 18:16:27,827 - fewshot_scanobjectnn_linear_classification - INFO - config.dataset.train._base_.N_POINTS : 2048
2023-09-17 18:16:27,827 - fewshot_scanobjectnn_linear_classification - INFO - config.dataset.train._base_.NUM_CATEGORY : 15
2023-09-17 18:16:27,827 - fewshot_scanobjectnn_linear_classification - INFO - config.dataset.train._base_.USE_NORMALS : False
2023-09-17 18:16:27,827 - fewshot_scanobjectnn_linear_classification - INFO - config.dataset.train.others = edict()
2023-09-17 18:16:27,828 - fewshot_scanobjectnn_linear_classification - INFO - config.dataset.train.others.subset : train
2023-09-17 18:16:27,828 - fewshot_scanobjectnn_linear_classification - INFO - config.dataset.train.others.bs : 32
2023-09-17 18:16:27,828 - fewshot_scanobjectnn_linear_classification - INFO - config.dataset.val = edict()
2023-09-17 18:16:27,828 - fewshot_scanobjectnn_linear_classification - INFO - config.dataset.val._base_ = edict()
2023-09-17 18:16:27,828 - fewshot_scanobjectnn_linear_classification - INFO - config.dataset.val._base_.NAME : ModelNetFewShot
2023-09-17 18:16:27,828 - fewshot_scanobjectnn_linear_classification - INFO - config.dataset.val._base_.DATA_PATH : data/ScanObjectNN_hardest_fewshot
2023-09-17 18:16:27,828 - fewshot_scanobjectnn_linear_classification - INFO - config.dataset.val._base_.N_POINTS : 2048
2023-09-17 18:16:27,828 - fewshot_scanobjectnn_linear_classification - INFO - config.dataset.val._base_.NUM_CATEGORY : 15
2023-09-17 18:16:27,828 - fewshot_scanobjectnn_linear_classification - INFO - config.dataset.val._base_.USE_NORMALS : False
2023-09-17 18:16:27,828 - fewshot_scanobjectnn_linear_classification - INFO - config.dataset.val.others = edict()
2023-09-17 18:16:27,828 - fewshot_scanobjectnn_linear_classification - INFO - config.dataset.val.others.subset : test
2023-09-17 18:16:27,828 - fewshot_scanobjectnn_linear_classification - INFO - config.dataset.val.others.bs : 64
2023-09-17 18:16:27,828 - fewshot_scanobjectnn_linear_classification - INFO - config.dataset.test = edict()
2023-09-17 18:16:27,828 - fewshot_scanobjectnn_linear_classification - INFO - config.dataset.test._base_ = edict()
2023-09-17 18:16:27,828 - fewshot_scanobjectnn_linear_classification - INFO - config.dataset.test._base_.NAME : ScanObjectNN_hardest
2023-09-17 18:16:27,829 - fewshot_scanobjectnn_linear_classification - INFO - config.dataset.test._base_.ROOT : data/ScanObjectNN/main_split
2023-09-17 18:16:27,829 - fewshot_scanobjectnn_linear_classification - INFO - config.dataset.test.others = edict()
2023-09-17 18:16:27,829 - fewshot_scanobjectnn_linear_classification - INFO - config.dataset.test.others.subset : test
2023-09-17 18:16:27,829 - fewshot_scanobjectnn_linear_classification - INFO - config.dataset.test.others.bs : 32
2023-09-17 18:16:27,829 - fewshot_scanobjectnn_linear_classification - INFO - config.model = edict()
2023-09-17 18:16:27,829 - fewshot_scanobjectnn_linear_classification - INFO - config.model.NAME : PointTransformerLinearClassification
2023-09-17 18:16:27,829 - fewshot_scanobjectnn_linear_classification - INFO - config.model.trans_dim : 384
2023-09-17 18:16:27,829 - fewshot_scanobjectnn_linear_classification - INFO - config.model.depth : 12
2023-09-17 18:16:27,829 - fewshot_scanobjectnn_linear_classification - INFO - config.model.drop_path_rate : 0.1
2023-09-17 18:16:27,829 - fewshot_scanobjectnn_linear_classification - INFO - config.model.cls_dim : 15
2023-09-17 18:16:27,829 - fewshot_scanobjectnn_linear_classification - INFO - config.model.num_heads : 6
2023-09-17 18:16:27,830 - fewshot_scanobjectnn_linear_classification - INFO - config.model.group_size : 32
2023-09-17 18:16:27,830 - fewshot_scanobjectnn_linear_classification - INFO - config.model.num_group : 64
2023-09-17 18:16:27,830 - fewshot_scanobjectnn_linear_classification - INFO - config.model.encoder_dims : 384
2023-09-17 18:16:27,830 - fewshot_scanobjectnn_linear_classification - INFO - config.npoints : 1024
2023-09-17 18:16:27,830 - fewshot_scanobjectnn_linear_classification - INFO - config.total_bs : 32
2023-09-17 18:16:27,830 - fewshot_scanobjectnn_linear_classification - INFO - config.step_per_update : 1
2023-09-17 18:16:27,830 - fewshot_scanobjectnn_linear_classification - INFO - config.max_epoch : 150
2023-09-17 18:16:27,830 - fewshot_scanobjectnn_linear_classification - INFO - config.grad_norm_clip : 10
2023-09-17 18:16:27,830 - fewshot_scanobjectnn_linear_classification - INFO - Distributed training: False
2023-09-17 18:16:27,830 - fewshot_scanobjectnn_linear_classification - INFO - Set random seed to 0, deterministic: False
2023-09-17 18:16:29,856 - fewshot_scanobjectnn_linear_classification - INFO - Using Data parallel ...
2023-09-17 18:16:34,392 - fewshot_scanobjectnn_linear_classification - INFO - [Training] EPOCH: 0 EpochTime = 4.530 (s) Losses = ['2.6965', '9.3750'] lr = 0.000001
2023-09-17 18:16:34,888 - fewshot_scanobjectnn_linear_classification - INFO - Save checkpoint at ./experiments/fewshot_scanobjectnn_linear_classification/cfgs/add_as_normal/ckpt-last.pth
2023-09-17 18:16:35,757 - fewshot_scanobjectnn_linear_classification - INFO - [Training] EPOCH: 1 EpochTime = 0.867 (s) Losses = ['2.6537', '15.6250'] lr = 0.000051
2023-09-17 18:16:37,873 - fewshot_scanobjectnn_linear_classification - INFO - [Validation] EPOCH: 1  acc = 9.0000
2023-09-17 18:16:38,326 - fewshot_scanobjectnn_linear_classification - INFO - Save checkpoint at ./experiments/fewshot_scanobjectnn_linear_classification/cfgs/add_as_normal/ckpt-best.pth
2023-09-17 18:16:38,327 - fewshot_scanobjectnn_linear_classification - INFO - --------------------------------------------------------------------------------------------
2023-09-17 18:16:38,781 - fewshot_scanobjectnn_linear_classification - INFO - Save checkpoint at ./experiments/fewshot_scanobjectnn_linear_classification/cfgs/add_as_normal/ckpt-last.pth
2023-09-17 18:16:39,680 - fewshot_scanobjectnn_linear_classification - INFO - [Training] EPOCH: 2 EpochTime = 0.897 (s) Losses = ['2.6689', '3.1250'] lr = 0.000101
2023-09-17 18:16:40,558 - fewshot_scanobjectnn_linear_classification - INFO - [Validation] EPOCH: 2  acc = 10.0000
2023-09-17 18:16:41,509 - fewshot_scanobjectnn_linear_classification - INFO - Save checkpoint at ./experiments/fewshot_scanobjectnn_linear_classification/cfgs/add_as_normal/ckpt-best.pth
2023-09-17 18:16:41,509 - fewshot_scanobjectnn_linear_classification - INFO - --------------------------------------------------------------------------------------------
2023-09-17 18:16:41,904 - fewshot_scanobjectnn_linear_classification - INFO - Save checkpoint at ./experiments/fewshot_scanobjectnn_linear_classification/cfgs/add_as_normal/ckpt-last.pth
2023-09-17 18:16:42,717 - fewshot_scanobjectnn_linear_classification - INFO - [Training] EPOCH: 3 EpochTime = 0.811 (s) Losses = ['2.7966', '9.3750'] lr = 0.000151
2023-09-17 18:16:43,594 - fewshot_scanobjectnn_linear_classification - INFO - [Validation] EPOCH: 3  acc = 15.0000
2023-09-17 18:16:44,256 - fewshot_scanobjectnn_linear_classification - INFO - Save checkpoint at ./experiments/fewshot_scanobjectnn_linear_classification/cfgs/add_as_normal/ckpt-best.pth
2023-09-17 18:16:44,256 - fewshot_scanobjectnn_linear_classification - INFO - --------------------------------------------------------------------------------------------
2023-09-17 18:16:45,403 - fewshot_scanobjectnn_linear_classification - INFO - Save checkpoint at ./experiments/fewshot_scanobjectnn_linear_classification/cfgs/add_as_normal/ckpt-last.pth
2023-09-17 18:16:46,213 - fewshot_scanobjectnn_linear_classification - INFO - [Training] EPOCH: 4 EpochTime = 0.808 (s) Losses = ['2.6163', '12.5000'] lr = 0.000201
2023-09-17 18:16:47,105 - fewshot_scanobjectnn_linear_classification - INFO - [Validation] EPOCH: 4  acc = 19.0000
2023-09-17 18:16:47,542 - fewshot_scanobjectnn_linear_classification - INFO - Save checkpoint at ./experiments/fewshot_scanobjectnn_linear_classification/cfgs/add_as_normal/ckpt-best.pth
2023-09-17 18:16:47,542 - fewshot_scanobjectnn_linear_classification - INFO - --------------------------------------------------------------------------------------------
2023-09-17 18:16:48,180 - fewshot_scanobjectnn_linear_classification - INFO - Save checkpoint at ./experiments/fewshot_scanobjectnn_linear_classification/cfgs/add_as_normal/ckpt-last.pth
2023-09-17 18:16:48,932 - fewshot_scanobjectnn_linear_classification - INFO - [Training] EPOCH: 5 EpochTime = 0.750 (s) Losses = ['2.5028', '21.8750'] lr = 0.000251
2023-09-17 18:16:49,782 - fewshot_scanobjectnn_linear_classification - INFO - [Validation] EPOCH: 5  acc = 20.0000
2023-09-17 18:16:50,488 - fewshot_scanobjectnn_linear_classification - INFO - Save checkpoint at ./experiments/fewshot_scanobjectnn_linear_classification/cfgs/add_as_normal/ckpt-best.pth
2023-09-17 18:16:50,488 - fewshot_scanobjectnn_linear_classification - INFO - --------------------------------------------------------------------------------------------
2023-09-17 18:16:51,103 - fewshot_scanobjectnn_linear_classification - INFO - Save checkpoint at ./experiments/fewshot_scanobjectnn_linear_classification/cfgs/add_as_normal/ckpt-last.pth
2023-09-17 18:16:51,932 - fewshot_scanobjectnn_linear_classification - INFO - [Training] EPOCH: 6 EpochTime = 0.828 (s) Losses = ['2.4379', '18.7500'] lr = 0.000300
2023-09-17 18:16:52,815 - fewshot_scanobjectnn_linear_classification - INFO - [Validation] EPOCH: 6  acc = 20.0000
2023-09-17 18:16:53,520 - fewshot_scanobjectnn_linear_classification - INFO - Save checkpoint at ./experiments/fewshot_scanobjectnn_linear_classification/cfgs/add_as_normal/ckpt-last.pth
2023-09-17 18:16:54,404 - fewshot_scanobjectnn_linear_classification - INFO - [Training] EPOCH: 7 EpochTime = 0.882 (s) Losses = ['2.2659', '21.8750'] lr = 0.000350
2023-09-17 18:16:55,337 - fewshot_scanobjectnn_linear_classification - INFO - [Validation] EPOCH: 7  acc = 20.0000
2023-09-17 18:16:55,943 - fewshot_scanobjectnn_linear_classification - INFO - Save checkpoint at ./experiments/fewshot_scanobjectnn_linear_classification/cfgs/add_as_normal/ckpt-last.pth
2023-09-17 18:16:56,707 - fewshot_scanobjectnn_linear_classification - INFO - [Training] EPOCH: 8 EpochTime = 0.763 (s) Losses = ['2.1327', '21.8750'] lr = 0.000400
2023-09-17 18:16:57,582 - fewshot_scanobjectnn_linear_classification - INFO - [Validation] EPOCH: 8  acc = 21.0000
2023-09-17 18:16:58,073 - fewshot_scanobjectnn_linear_classification - INFO - Save checkpoint at ./experiments/fewshot_scanobjectnn_linear_classification/cfgs/add_as_normal/ckpt-best.pth
2023-09-17 18:16:58,074 - fewshot_scanobjectnn_linear_classification - INFO - --------------------------------------------------------------------------------------------
2023-09-17 18:16:58,827 - fewshot_scanobjectnn_linear_classification - INFO - Save checkpoint at ./experiments/fewshot_scanobjectnn_linear_classification/cfgs/add_as_normal/ckpt-last.pth
2023-09-17 18:16:59,616 - fewshot_scanobjectnn_linear_classification - INFO - [Training] EPOCH: 9 EpochTime = 0.788 (s) Losses = ['2.0234', '25.0000'] lr = 0.000450
2023-09-17 18:17:00,464 - fewshot_scanobjectnn_linear_classification - INFO - [Validation] EPOCH: 9  acc = 21.0000
2023-09-17 18:17:01,196 - fewshot_scanobjectnn_linear_classification - INFO - Save checkpoint at ./experiments/fewshot_scanobjectnn_linear_classification/cfgs/add_as_normal/ckpt-last.pth
2023-09-17 18:17:02,043 - fewshot_scanobjectnn_linear_classification - INFO - [Training] EPOCH: 10 EpochTime = 0.845 (s) Losses = ['1.8873', '15.6250'] lr = 0.000495
2023-09-17 18:17:02,945 - fewshot_scanobjectnn_linear_classification - INFO - [Validation] EPOCH: 10  acc = 21.0000
2023-09-17 18:17:03,441 - fewshot_scanobjectnn_linear_classification - INFO - Save checkpoint at ./experiments/fewshot_scanobjectnn_linear_classification/cfgs/add_as_normal/ckpt-last.pth
2023-09-17 18:17:04,227 - fewshot_scanobjectnn_linear_classification - INFO - [Training] EPOCH: 11 EpochTime = 0.784 (s) Losses = ['1.9022', '18.7500'] lr = 0.000493
2023-09-17 18:17:05,068 - fewshot_scanobjectnn_linear_classification - INFO - [Validation] EPOCH: 11  acc = 20.0000
2023-09-17 18:17:05,535 - fewshot_scanobjectnn_linear_classification - INFO - Save checkpoint at ./experiments/fewshot_scanobjectnn_linear_classification/cfgs/add_as_normal/ckpt-last.pth
2023-09-17 18:17:06,358 - fewshot_scanobjectnn_linear_classification - INFO - [Training] EPOCH: 12 EpochTime = 0.821 (s) Losses = ['1.7937', '25.0000'] lr = 0.000492
2023-09-17 18:17:07,237 - fewshot_scanobjectnn_linear_classification - INFO - [Validation] EPOCH: 12  acc = 19.0000
2023-09-17 18:17:08,195 - fewshot_scanobjectnn_linear_classification - INFO - Save checkpoint at ./experiments/fewshot_scanobjectnn_linear_classification/cfgs/add_as_normal/ckpt-last.pth
2023-09-17 18:17:08,958 - fewshot_scanobjectnn_linear_classification - INFO - [Training] EPOCH: 13 EpochTime = 0.762 (s) Losses = ['1.6559', '18.7500'] lr = 0.000491
2023-09-17 18:17:09,868 - fewshot_scanobjectnn_linear_classification - INFO - [Validation] EPOCH: 13  acc = 21.0000
2023-09-17 18:17:10,339 - fewshot_scanobjectnn_linear_classification - INFO - Save checkpoint at ./experiments/fewshot_scanobjectnn_linear_classification/cfgs/add_as_normal/ckpt-last.pth
2023-09-17 18:17:11,162 - fewshot_scanobjectnn_linear_classification - INFO - [Training] EPOCH: 14 EpochTime = 0.821 (s) Losses = ['1.6964', '18.7500'] lr = 0.000489
2023-09-17 18:17:12,027 - fewshot_scanobjectnn_linear_classification - INFO - [Validation] EPOCH: 14  acc = 22.0000
2023-09-17 18:17:12,666 - fewshot_scanobjectnn_linear_classification - INFO - Save checkpoint at ./experiments/fewshot_scanobjectnn_linear_classification/cfgs/add_as_normal/ckpt-best.pth
2023-09-17 18:17:12,666 - fewshot_scanobjectnn_linear_classification - INFO - --------------------------------------------------------------------------------------------
2023-09-17 18:17:13,539 - fewshot_scanobjectnn_linear_classification - INFO - Save checkpoint at ./experiments/fewshot_scanobjectnn_linear_classification/cfgs/add_as_normal/ckpt-last.pth
2023-09-17 18:17:14,390 - fewshot_scanobjectnn_linear_classification - INFO - [Training] EPOCH: 15 EpochTime = 0.850 (s) Losses = ['1.5882', '34.3750'] lr = 0.000488
2023-09-17 18:17:15,280 - fewshot_scanobjectnn_linear_classification - INFO - [Validation] EPOCH: 15  acc = 21.0000
2023-09-17 18:17:15,863 - fewshot_scanobjectnn_linear_classification - INFO - Save checkpoint at ./experiments/fewshot_scanobjectnn_linear_classification/cfgs/add_as_normal/ckpt-last.pth
2023-09-17 18:17:16,690 - fewshot_scanobjectnn_linear_classification - INFO - [Training] EPOCH: 16 EpochTime = 0.826 (s) Losses = ['1.6514', '15.6250'] lr = 0.000486
2023-09-17 18:17:17,577 - fewshot_scanobjectnn_linear_classification - INFO - [Validation] EPOCH: 16  acc = 19.0000
2023-09-17 18:17:18,069 - fewshot_scanobjectnn_linear_classification - INFO - Save checkpoint at ./experiments/fewshot_scanobjectnn_linear_classification/cfgs/add_as_normal/ckpt-last.pth
2023-09-17 18:17:18,853 - fewshot_scanobjectnn_linear_classification - INFO - [Training] EPOCH: 17 EpochTime = 0.783 (s) Losses = ['1.6061', '28.1250'] lr = 0.000484
2023-09-17 18:17:19,707 - fewshot_scanobjectnn_linear_classification - INFO - [Validation] EPOCH: 17  acc = 19.0000
2023-09-17 18:17:20,287 - fewshot_scanobjectnn_linear_classification - INFO - Save checkpoint at ./experiments/fewshot_scanobjectnn_linear_classification/cfgs/add_as_normal/ckpt-last.pth
2023-09-17 18:17:21,116 - fewshot_scanobjectnn_linear_classification - INFO - [Training] EPOCH: 18 EpochTime = 0.827 (s) Losses = ['1.6289', '18.7500'] lr = 0.000482
2023-09-17 18:17:22,010 - fewshot_scanobjectnn_linear_classification - INFO - [Validation] EPOCH: 18  acc = 22.0000
2023-09-17 18:17:22,545 - fewshot_scanobjectnn_linear_classification - INFO - Save checkpoint at ./experiments/fewshot_scanobjectnn_linear_classification/cfgs/add_as_normal/ckpt-last.pth
2023-09-17 18:17:23,364 - fewshot_scanobjectnn_linear_classification - INFO - [Training] EPOCH: 19 EpochTime = 0.818 (s) Losses = ['1.6115', '21.8750'] lr = 0.000481
2023-09-17 18:17:24,257 - fewshot_scanobjectnn_linear_classification - INFO - [Validation] EPOCH: 19  acc = 23.0000
2023-09-17 18:17:24,683 - fewshot_scanobjectnn_linear_classification - INFO - Save checkpoint at ./experiments/fewshot_scanobjectnn_linear_classification/cfgs/add_as_normal/ckpt-best.pth
2023-09-17 18:17:24,684 - fewshot_scanobjectnn_linear_classification - INFO - --------------------------------------------------------------------------------------------
2023-09-17 18:17:25,120 - fewshot_scanobjectnn_linear_classification - INFO - Save checkpoint at ./experiments/fewshot_scanobjectnn_linear_classification/cfgs/add_as_normal/ckpt-last.pth
2023-09-17 18:17:25,922 - fewshot_scanobjectnn_linear_classification - INFO - [Training] EPOCH: 20 EpochTime = 0.800 (s) Losses = ['1.5945', '18.7500'] lr = 0.000478
2023-09-17 18:17:26,881 - fewshot_scanobjectnn_linear_classification - INFO - [Validation] EPOCH: 20  acc = 28.0000
2023-09-17 18:17:27,559 - fewshot_scanobjectnn_linear_classification - INFO - Save checkpoint at ./experiments/fewshot_scanobjectnn_linear_classification/cfgs/add_as_normal/ckpt-best.pth
2023-09-17 18:17:27,559 - fewshot_scanobjectnn_linear_classification - INFO - --------------------------------------------------------------------------------------------
2023-09-17 18:17:28,046 - fewshot_scanobjectnn_linear_classification - INFO - Save checkpoint at ./experiments/fewshot_scanobjectnn_linear_classification/cfgs/add_as_normal/ckpt-last.pth
2023-09-17 18:17:28,858 - fewshot_scanobjectnn_linear_classification - INFO - [Training] EPOCH: 21 EpochTime = 0.809 (s) Losses = ['1.5684', '31.2500'] lr = 0.000476
2023-09-17 18:17:29,745 - fewshot_scanobjectnn_linear_classification - INFO - [Validation] EPOCH: 21  acc = 29.0000
2023-09-17 18:17:30,367 - fewshot_scanobjectnn_linear_classification - INFO - Save checkpoint at ./experiments/fewshot_scanobjectnn_linear_classification/cfgs/add_as_normal/ckpt-best.pth
2023-09-17 18:17:30,367 - fewshot_scanobjectnn_linear_classification - INFO - --------------------------------------------------------------------------------------------
2023-09-17 18:17:31,454 - fewshot_scanobjectnn_linear_classification - INFO - Save checkpoint at ./experiments/fewshot_scanobjectnn_linear_classification/cfgs/add_as_normal/ckpt-last.pth
2023-09-17 18:17:32,278 - fewshot_scanobjectnn_linear_classification - INFO - [Training] EPOCH: 22 EpochTime = 0.822 (s) Losses = ['1.5848', '31.2500'] lr = 0.000474
2023-09-17 18:17:33,154 - fewshot_scanobjectnn_linear_classification - INFO - [Validation] EPOCH: 22  acc = 29.0000
2023-09-17 18:17:33,632 - fewshot_scanobjectnn_linear_classification - INFO - Save checkpoint at ./experiments/fewshot_scanobjectnn_linear_classification/cfgs/add_as_normal/ckpt-last.pth
2023-09-17 18:17:34,412 - fewshot_scanobjectnn_linear_classification - INFO - [Training] EPOCH: 23 EpochTime = 0.779 (s) Losses = ['1.5672', '37.5000'] lr = 0.000472
2023-09-17 18:17:35,263 - fewshot_scanobjectnn_linear_classification - INFO - [Validation] EPOCH: 23  acc = 30.0000
2023-09-17 18:17:35,767 - fewshot_scanobjectnn_linear_classification - INFO - Save checkpoint at ./experiments/fewshot_scanobjectnn_linear_classification/cfgs/add_as_normal/ckpt-best.pth
2023-09-17 18:17:35,767 - fewshot_scanobjectnn_linear_classification - INFO - --------------------------------------------------------------------------------------------
2023-09-17 18:17:36,224 - fewshot_scanobjectnn_linear_classification - INFO - Save checkpoint at ./experiments/fewshot_scanobjectnn_linear_classification/cfgs/add_as_normal/ckpt-last.pth
2023-09-17 18:17:37,034 - fewshot_scanobjectnn_linear_classification - INFO - [Training] EPOCH: 24 EpochTime = 0.808 (s) Losses = ['1.5414', '28.1250'] lr = 0.000469
2023-09-17 18:17:37,946 - fewshot_scanobjectnn_linear_classification - INFO - [Validation] EPOCH: 24  acc = 29.0000
2023-09-17 18:17:38,596 - fewshot_scanobjectnn_linear_classification - INFO - Save checkpoint at ./experiments/fewshot_scanobjectnn_linear_classification/cfgs/add_as_normal/ckpt-last.pth
2023-09-17 18:17:39,355 - fewshot_scanobjectnn_linear_classification - INFO - [Training] EPOCH: 25 EpochTime = 0.758 (s) Losses = ['1.5889', '34.3750'] lr = 0.000467
2023-09-17 18:17:40,324 - fewshot_scanobjectnn_linear_classification - INFO - [Validation] EPOCH: 25  acc = 33.0000
2023-09-17 18:17:40,738 - fewshot_scanobjectnn_linear_classification - INFO - Save checkpoint at ./experiments/fewshot_scanobjectnn_linear_classification/cfgs/add_as_normal/ckpt-best.pth
2023-09-17 18:17:40,738 - fewshot_scanobjectnn_linear_classification - INFO - --------------------------------------------------------------------------------------------
2023-09-17 18:17:41,182 - fewshot_scanobjectnn_linear_classification - INFO - Save checkpoint at ./experiments/fewshot_scanobjectnn_linear_classification/cfgs/add_as_normal/ckpt-last.pth
2023-09-17 18:17:42,009 - fewshot_scanobjectnn_linear_classification - INFO - [Training] EPOCH: 26 EpochTime = 0.824 (s) Losses = ['1.5781', '21.8750'] lr = 0.000464
2023-09-17 18:17:42,845 - fewshot_scanobjectnn_linear_classification - INFO - [Validation] EPOCH: 26  acc = 35.0000
2023-09-17 18:17:43,321 - fewshot_scanobjectnn_linear_classification - INFO - Save checkpoint at ./experiments/fewshot_scanobjectnn_linear_classification/cfgs/add_as_normal/ckpt-best.pth
2023-09-17 18:17:43,321 - fewshot_scanobjectnn_linear_classification - INFO - --------------------------------------------------------------------------------------------
2023-09-17 18:17:43,755 - fewshot_scanobjectnn_linear_classification - INFO - Save checkpoint at ./experiments/fewshot_scanobjectnn_linear_classification/cfgs/add_as_normal/ckpt-last.pth
2023-09-17 18:17:44,559 - fewshot_scanobjectnn_linear_classification - INFO - [Training] EPOCH: 27 EpochTime = 0.802 (s) Losses = ['1.5687', '31.2500'] lr = 0.000461
2023-09-17 18:17:45,453 - fewshot_scanobjectnn_linear_classification - INFO - [Validation] EPOCH: 27  acc = 34.0000
2023-09-17 18:17:46,145 - fewshot_scanobjectnn_linear_classification - INFO - Save checkpoint at ./experiments/fewshot_scanobjectnn_linear_classification/cfgs/add_as_normal/ckpt-last.pth
2023-09-17 18:17:46,895 - fewshot_scanobjectnn_linear_classification - INFO - [Training] EPOCH: 28 EpochTime = 0.749 (s) Losses = ['1.5541', '28.1250'] lr = 0.000458
2023-09-17 18:17:47,790 - fewshot_scanobjectnn_linear_classification - INFO - [Validation] EPOCH: 28  acc = 32.0000
2023-09-17 18:17:48,297 - fewshot_scanobjectnn_linear_classification - INFO - Save checkpoint at ./experiments/fewshot_scanobjectnn_linear_classification/cfgs/add_as_normal/ckpt-last.pth
2023-09-17 18:17:49,153 - fewshot_scanobjectnn_linear_classification - INFO - [Training] EPOCH: 29 EpochTime = 0.854 (s) Losses = ['1.4709', '50.0000'] lr = 0.000455
2023-09-17 18:17:50,017 - fewshot_scanobjectnn_linear_classification - INFO - [Validation] EPOCH: 29  acc = 31.0000
2023-09-17 18:17:50,903 - fewshot_scanobjectnn_linear_classification - INFO - Save checkpoint at ./experiments/fewshot_scanobjectnn_linear_classification/cfgs/add_as_normal/ckpt-last.pth
2023-09-17 18:17:51,697 - fewshot_scanobjectnn_linear_classification - INFO - [Training] EPOCH: 30 EpochTime = 0.792 (s) Losses = ['1.5305', '43.7500'] lr = 0.000452
2023-09-17 18:17:52,613 - fewshot_scanobjectnn_linear_classification - INFO - [Validation] EPOCH: 30  acc = 33.0000
2023-09-17 18:17:53,138 - fewshot_scanobjectnn_linear_classification - INFO - Save checkpoint at ./experiments/fewshot_scanobjectnn_linear_classification/cfgs/add_as_normal/ckpt-last.pth
2023-09-17 18:17:53,927 - fewshot_scanobjectnn_linear_classification - INFO - [Training] EPOCH: 31 EpochTime = 0.788 (s) Losses = ['1.5245', '37.5000'] lr = 0.000449
2023-09-17 18:17:54,771 - fewshot_scanobjectnn_linear_classification - INFO - [Validation] EPOCH: 31  acc = 29.0000
2023-09-17 18:17:55,472 - fewshot_scanobjectnn_linear_classification - INFO - Save checkpoint at ./experiments/fewshot_scanobjectnn_linear_classification/cfgs/add_as_normal/ckpt-last.pth
2023-09-17 18:17:56,266 - fewshot_scanobjectnn_linear_classification - INFO - [Training] EPOCH: 32 EpochTime = 0.792 (s) Losses = ['1.4858', '25.0000'] lr = 0.000446
2023-09-17 18:17:57,112 - fewshot_scanobjectnn_linear_classification - INFO - [Validation] EPOCH: 32  acc = 27.0000
2023-09-17 18:17:58,205 - fewshot_scanobjectnn_linear_classification - INFO - Save checkpoint at ./experiments/fewshot_scanobjectnn_linear_classification/cfgs/add_as_normal/ckpt-last.pth
2023-09-17 18:17:58,979 - fewshot_scanobjectnn_linear_classification - INFO - [Training] EPOCH: 33 EpochTime = 0.772 (s) Losses = ['1.5655', '31.2500'] lr = 0.000443
2023-09-17 18:17:59,855 - fewshot_scanobjectnn_linear_classification - INFO - [Validation] EPOCH: 33  acc = 26.0000
2023-09-17 18:18:00,366 - fewshot_scanobjectnn_linear_classification - INFO - Save checkpoint at ./experiments/fewshot_scanobjectnn_linear_classification/cfgs/add_as_normal/ckpt-last.pth
2023-09-17 18:18:01,164 - fewshot_scanobjectnn_linear_classification - INFO - [Training] EPOCH: 34 EpochTime = 0.797 (s) Losses = ['1.4880', '31.2500'] lr = 0.000439
2023-09-17 18:18:02,063 - fewshot_scanobjectnn_linear_classification - INFO - [Validation] EPOCH: 34  acc = 26.0000
2023-09-17 18:18:02,836 - fewshot_scanobjectnn_linear_classification - INFO - Save checkpoint at ./experiments/fewshot_scanobjectnn_linear_classification/cfgs/add_as_normal/ckpt-last.pth
2023-09-17 18:18:03,677 - fewshot_scanobjectnn_linear_classification - INFO - [Training] EPOCH: 35 EpochTime = 0.839 (s) Losses = ['1.5740', '12.5000'] lr = 0.000436
2023-09-17 18:18:04,578 - fewshot_scanobjectnn_linear_classification - INFO - [Validation] EPOCH: 35  acc = 26.0000
2023-09-17 18:18:05,156 - fewshot_scanobjectnn_linear_classification - INFO - Save checkpoint at ./experiments/fewshot_scanobjectnn_linear_classification/cfgs/add_as_normal/ckpt-last.pth
2023-09-17 18:18:05,916 - fewshot_scanobjectnn_linear_classification - INFO - [Training] EPOCH: 36 EpochTime = 0.758 (s) Losses = ['1.4392', '34.3750'] lr = 0.000432
2023-09-17 18:18:06,769 - fewshot_scanobjectnn_linear_classification - INFO - [Validation] EPOCH: 36  acc = 28.0000
2023-09-17 18:18:07,220 - fewshot_scanobjectnn_linear_classification - INFO - Save checkpoint at ./experiments/fewshot_scanobjectnn_linear_classification/cfgs/add_as_normal/ckpt-last.pth
2023-09-17 18:18:08,182 - fewshot_scanobjectnn_linear_classification - INFO - [Training] EPOCH: 37 EpochTime = 0.960 (s) Losses = ['1.4551', '25.0000'] lr = 0.000429
2023-09-17 18:18:09,084 - fewshot_scanobjectnn_linear_classification - INFO - [Validation] EPOCH: 37  acc = 27.0000
2023-09-17 18:18:10,120 - fewshot_scanobjectnn_linear_classification - INFO - Save checkpoint at ./experiments/fewshot_scanobjectnn_linear_classification/cfgs/add_as_normal/ckpt-last.pth
2023-09-17 18:18:10,978 - fewshot_scanobjectnn_linear_classification - INFO - [Training] EPOCH: 38 EpochTime = 0.856 (s) Losses = ['1.4725', '37.5000'] lr = 0.000425
2023-09-17 18:18:11,827 - fewshot_scanobjectnn_linear_classification - INFO - [Validation] EPOCH: 38  acc = 31.0000
2023-09-17 18:18:12,283 - fewshot_scanobjectnn_linear_classification - INFO - Save checkpoint at ./experiments/fewshot_scanobjectnn_linear_classification/cfgs/add_as_normal/ckpt-last.pth
2023-09-17 18:18:13,069 - fewshot_scanobjectnn_linear_classification - INFO - [Training] EPOCH: 39 EpochTime = 0.785 (s) Losses = ['1.4543', '50.0000'] lr = 0.000421
2023-09-17 18:18:13,917 - fewshot_scanobjectnn_linear_classification - INFO - [Validation] EPOCH: 39  acc = 36.0000
2023-09-17 18:18:14,645 - fewshot_scanobjectnn_linear_classification - INFO - Save checkpoint at ./experiments/fewshot_scanobjectnn_linear_classification/cfgs/add_as_normal/ckpt-best.pth
2023-09-17 18:18:14,645 - fewshot_scanobjectnn_linear_classification - INFO - --------------------------------------------------------------------------------------------
2023-09-17 18:18:15,140 - fewshot_scanobjectnn_linear_classification - INFO - Save checkpoint at ./experiments/fewshot_scanobjectnn_linear_classification/cfgs/add_as_normal/ckpt-last.pth
2023-09-17 18:18:15,950 - fewshot_scanobjectnn_linear_classification - INFO - [Training] EPOCH: 40 EpochTime = 0.808 (s) Losses = ['1.4649', '37.5000'] lr = 0.000417
2023-09-17 18:18:16,859 - fewshot_scanobjectnn_linear_classification - INFO - [Validation] EPOCH: 40  acc = 39.0000
2023-09-17 18:18:17,687 - fewshot_scanobjectnn_linear_classification - INFO - Save checkpoint at ./experiments/fewshot_scanobjectnn_linear_classification/cfgs/add_as_normal/ckpt-best.pth
2023-09-17 18:18:17,688 - fewshot_scanobjectnn_linear_classification - INFO - --------------------------------------------------------------------------------------------
2023-09-17 18:18:19,249 - fewshot_scanobjectnn_linear_classification - INFO - Save checkpoint at ./experiments/fewshot_scanobjectnn_linear_classification/cfgs/add_as_normal/ckpt-last.pth
2023-09-17 18:18:20,218 - fewshot_scanobjectnn_linear_classification - INFO - [Training] EPOCH: 41 EpochTime = 0.967 (s) Losses = ['1.4592', '43.7500'] lr = 0.000414
2023-09-17 18:18:21,119 - fewshot_scanobjectnn_linear_classification - INFO - [Validation] EPOCH: 41  acc = 37.0000
2023-09-17 18:18:21,846 - fewshot_scanobjectnn_linear_classification - INFO - Save checkpoint at ./experiments/fewshot_scanobjectnn_linear_classification/cfgs/add_as_normal/ckpt-last.pth
2023-09-17 18:18:22,595 - fewshot_scanobjectnn_linear_classification - INFO - [Training] EPOCH: 42 EpochTime = 0.748 (s) Losses = ['1.4695', '50.0000'] lr = 0.000410
2023-09-17 18:18:23,445 - fewshot_scanobjectnn_linear_classification - INFO - [Validation] EPOCH: 42  acc = 36.0000
2023-09-17 18:18:24,164 - fewshot_scanobjectnn_linear_classification - INFO - Save checkpoint at ./experiments/fewshot_scanobjectnn_linear_classification/cfgs/add_as_normal/ckpt-last.pth
2023-09-17 18:18:25,080 - fewshot_scanobjectnn_linear_classification - INFO - [Training] EPOCH: 43 EpochTime = 0.913 (s) Losses = ['1.4597', '59.3750'] lr = 0.000405
2023-09-17 18:18:25,975 - fewshot_scanobjectnn_linear_classification - INFO - [Validation] EPOCH: 43  acc = 36.0000
2023-09-17 18:18:26,830 - fewshot_scanobjectnn_linear_classification - INFO - Save checkpoint at ./experiments/fewshot_scanobjectnn_linear_classification/cfgs/add_as_normal/ckpt-last.pth
2023-09-17 18:18:27,594 - fewshot_scanobjectnn_linear_classification - INFO - [Training] EPOCH: 44 EpochTime = 0.763 (s) Losses = ['1.4266', '40.6250'] lr = 0.000401
2023-09-17 18:18:28,461 - fewshot_scanobjectnn_linear_classification - INFO - [Validation] EPOCH: 44  acc = 34.0000
2023-09-17 18:18:28,887 - fewshot_scanobjectnn_linear_classification - INFO - Save checkpoint at ./experiments/fewshot_scanobjectnn_linear_classification/cfgs/add_as_normal/ckpt-last.pth
2023-09-17 18:18:29,729 - fewshot_scanobjectnn_linear_classification - INFO - [Training] EPOCH: 45 EpochTime = 0.840 (s) Losses = ['1.4179', '46.8750'] lr = 0.000397
2023-09-17 18:18:30,611 - fewshot_scanobjectnn_linear_classification - INFO - [Validation] EPOCH: 45  acc = 36.0000
2023-09-17 18:18:31,177 - fewshot_scanobjectnn_linear_classification - INFO - Save checkpoint at ./experiments/fewshot_scanobjectnn_linear_classification/cfgs/add_as_normal/ckpt-last.pth
2023-09-17 18:18:31,962 - fewshot_scanobjectnn_linear_classification - INFO - [Training] EPOCH: 46 EpochTime = 0.784 (s) Losses = ['1.4208', '46.8750'] lr = 0.000393
2023-09-17 18:18:32,864 - fewshot_scanobjectnn_linear_classification - INFO - [Validation] EPOCH: 46  acc = 33.0000
2023-09-17 18:18:33,477 - fewshot_scanobjectnn_linear_classification - INFO - Save checkpoint at ./experiments/fewshot_scanobjectnn_linear_classification/cfgs/add_as_normal/ckpt-last.pth
2023-09-17 18:18:34,272 - fewshot_scanobjectnn_linear_classification - INFO - [Training] EPOCH: 47 EpochTime = 0.794 (s) Losses = ['1.4446', '50.0000'] lr = 0.000389
2023-09-17 18:18:35,180 - fewshot_scanobjectnn_linear_classification - INFO - [Validation] EPOCH: 47  acc = 36.0000
2023-09-17 18:18:36,206 - fewshot_scanobjectnn_linear_classification - INFO - Save checkpoint at ./experiments/fewshot_scanobjectnn_linear_classification/cfgs/add_as_normal/ckpt-last.pth
2023-09-17 18:18:36,961 - fewshot_scanobjectnn_linear_classification - INFO - [Training] EPOCH: 48 EpochTime = 0.754 (s) Losses = ['1.3767', '53.1250'] lr = 0.000384
2023-09-17 18:18:37,827 - fewshot_scanobjectnn_linear_classification - INFO - [Validation] EPOCH: 48  acc = 38.0000
2023-09-17 18:18:38,327 - fewshot_scanobjectnn_linear_classification - INFO - Save checkpoint at ./experiments/fewshot_scanobjectnn_linear_classification/cfgs/add_as_normal/ckpt-last.pth
2023-09-17 18:18:39,148 - fewshot_scanobjectnn_linear_classification - INFO - [Training] EPOCH: 49 EpochTime = 0.819 (s) Losses = ['1.4046', '50.0000'] lr = 0.000380
2023-09-17 18:18:40,003 - fewshot_scanobjectnn_linear_classification - INFO - [Validation] EPOCH: 49  acc = 38.0000
2023-09-17 18:18:40,567 - fewshot_scanobjectnn_linear_classification - INFO - Save checkpoint at ./experiments/fewshot_scanobjectnn_linear_classification/cfgs/add_as_normal/ckpt-last.pth
2023-09-17 18:18:41,372 - fewshot_scanobjectnn_linear_classification - INFO - [Training] EPOCH: 50 EpochTime = 0.803 (s) Losses = ['1.3762', '50.0000'] lr = 0.000375
2023-09-17 18:18:42,230 - fewshot_scanobjectnn_linear_classification - INFO - [Validation] EPOCH: 50  acc = 38.0000
2023-09-17 18:18:42,696 - fewshot_scanobjectnn_linear_classification - INFO - Save checkpoint at ./experiments/fewshot_scanobjectnn_linear_classification/cfgs/add_as_normal/ckpt-last.pth
2023-09-17 18:18:43,496 - fewshot_scanobjectnn_linear_classification - INFO - [Training] EPOCH: 51 EpochTime = 0.797 (s) Losses = ['1.4448', '46.8750'] lr = 0.000371
2023-09-17 18:18:44,404 - fewshot_scanobjectnn_linear_classification - INFO - [Validation] EPOCH: 51  acc = 39.0000
2023-09-17 18:18:45,098 - fewshot_scanobjectnn_linear_classification - INFO - Save checkpoint at ./experiments/fewshot_scanobjectnn_linear_classification/cfgs/add_as_normal/ckpt-last.pth
2023-09-17 18:18:45,868 - fewshot_scanobjectnn_linear_classification - INFO - [Training] EPOCH: 52 EpochTime = 0.768 (s) Losses = ['1.4443', '40.6250'] lr = 0.000366
2023-09-17 18:18:46,739 - fewshot_scanobjectnn_linear_classification - INFO - [Validation] EPOCH: 52  acc = 39.0000
2023-09-17 18:18:47,414 - fewshot_scanobjectnn_linear_classification - INFO - Save checkpoint at ./experiments/fewshot_scanobjectnn_linear_classification/cfgs/add_as_normal/ckpt-last.pth
2023-09-17 18:18:48,221 - fewshot_scanobjectnn_linear_classification - INFO - [Training] EPOCH: 53 EpochTime = 0.805 (s) Losses = ['1.3676', '56.2500'] lr = 0.000361
2023-09-17 18:18:49,104 - fewshot_scanobjectnn_linear_classification - INFO - [Validation] EPOCH: 53  acc = 39.0000
2023-09-17 18:18:49,979 - fewshot_scanobjectnn_linear_classification - INFO - Save checkpoint at ./experiments/fewshot_scanobjectnn_linear_classification/cfgs/add_as_normal/ckpt-last.pth
2023-09-17 18:18:50,756 - fewshot_scanobjectnn_linear_classification - INFO - [Training] EPOCH: 54 EpochTime = 0.775 (s) Losses = ['1.3716', '46.8750'] lr = 0.000357
2023-09-17 18:18:51,646 - fewshot_scanobjectnn_linear_classification - INFO - [Validation] EPOCH: 54  acc = 38.0000
2023-09-17 18:18:52,286 - fewshot_scanobjectnn_linear_classification - INFO - Save checkpoint at ./experiments/fewshot_scanobjectnn_linear_classification/cfgs/add_as_normal/ckpt-last.pth
2023-09-17 18:18:53,132 - fewshot_scanobjectnn_linear_classification - INFO - [Training] EPOCH: 55 EpochTime = 0.844 (s) Losses = ['1.4033', '56.2500'] lr = 0.000352
2023-09-17 18:18:54,011 - fewshot_scanobjectnn_linear_classification - INFO - [Validation] EPOCH: 55  acc = 37.0000
2023-09-17 18:18:54,922 - fewshot_scanobjectnn_linear_classification - INFO - Save checkpoint at ./experiments/fewshot_scanobjectnn_linear_classification/cfgs/add_as_normal/ckpt-last.pth
2023-09-17 18:18:55,677 - fewshot_scanobjectnn_linear_classification - INFO - [Training] EPOCH: 56 EpochTime = 0.754 (s) Losses = ['1.3737', '46.8750'] lr = 0.000347
2023-09-17 18:18:56,547 - fewshot_scanobjectnn_linear_classification - INFO - [Validation] EPOCH: 56  acc = 33.0000
2023-09-17 18:18:57,191 - fewshot_scanobjectnn_linear_classification - INFO - Save checkpoint at ./experiments/fewshot_scanobjectnn_linear_classification/cfgs/add_as_normal/ckpt-last.pth
2023-09-17 18:18:58,012 - fewshot_scanobjectnn_linear_classification - INFO - [Training] EPOCH: 57 EpochTime = 0.819 (s) Losses = ['1.4390', '59.3750'] lr = 0.000342
2023-09-17 18:18:58,916 - fewshot_scanobjectnn_linear_classification - INFO - [Validation] EPOCH: 57  acc = 34.0000
2023-09-17 18:18:59,767 - fewshot_scanobjectnn_linear_classification - INFO - Save checkpoint at ./experiments/fewshot_scanobjectnn_linear_classification/cfgs/add_as_normal/ckpt-last.pth
2023-09-17 18:19:00,526 - fewshot_scanobjectnn_linear_classification - INFO - [Training] EPOCH: 58 EpochTime = 0.757 (s) Losses = ['1.3502', '50.0000'] lr = 0.000337
2023-09-17 18:19:01,391 - fewshot_scanobjectnn_linear_classification - INFO - [Validation] EPOCH: 58  acc = 34.0000
2023-09-17 18:19:02,005 - fewshot_scanobjectnn_linear_classification - INFO - Save checkpoint at ./experiments/fewshot_scanobjectnn_linear_classification/cfgs/add_as_normal/ckpt-last.pth
2023-09-17 18:19:02,817 - fewshot_scanobjectnn_linear_classification - INFO - [Training] EPOCH: 59 EpochTime = 0.810 (s) Losses = ['1.3447', '59.3750'] lr = 0.000333
2023-09-17 18:19:03,740 - fewshot_scanobjectnn_linear_classification - INFO - [Validation] EPOCH: 59  acc = 39.0000
2023-09-17 18:19:04,647 - fewshot_scanobjectnn_linear_classification - INFO - Save checkpoint at ./experiments/fewshot_scanobjectnn_linear_classification/cfgs/add_as_normal/ckpt-last.pth
2023-09-17 18:19:05,406 - fewshot_scanobjectnn_linear_classification - INFO - [Training] EPOCH: 60 EpochTime = 0.756 (s) Losses = ['1.4717', '56.2500'] lr = 0.000328
2023-09-17 18:19:06,261 - fewshot_scanobjectnn_linear_classification - INFO - [Validation] EPOCH: 60  acc = 40.0000
2023-09-17 18:19:06,787 - fewshot_scanobjectnn_linear_classification - INFO - Save checkpoint at ./experiments/fewshot_scanobjectnn_linear_classification/cfgs/add_as_normal/ckpt-best.pth
2023-09-17 18:19:06,787 - fewshot_scanobjectnn_linear_classification - INFO - --------------------------------------------------------------------------------------------
2023-09-17 18:19:07,279 - fewshot_scanobjectnn_linear_classification - INFO - Save checkpoint at ./experiments/fewshot_scanobjectnn_linear_classification/cfgs/add_as_normal/ckpt-last.pth
2023-09-17 18:19:08,056 - fewshot_scanobjectnn_linear_classification - INFO - [Training] EPOCH: 61 EpochTime = 0.775 (s) Losses = ['1.3408', '56.2500'] lr = 0.000323
2023-09-17 18:19:08,958 - fewshot_scanobjectnn_linear_classification - INFO - [Validation] EPOCH: 61  acc = 44.0000
2023-09-17 18:19:09,573 - fewshot_scanobjectnn_linear_classification - INFO - Save checkpoint at ./experiments/fewshot_scanobjectnn_linear_classification/cfgs/add_as_normal/ckpt-best.pth
2023-09-17 18:19:09,573 - fewshot_scanobjectnn_linear_classification - INFO - --------------------------------------------------------------------------------------------
2023-09-17 18:19:11,251 - fewshot_scanobjectnn_linear_classification - INFO - Save checkpoint at ./experiments/fewshot_scanobjectnn_linear_classification/cfgs/add_as_normal/ckpt-last.pth
2023-09-17 18:19:12,119 - fewshot_scanobjectnn_linear_classification - INFO - [Training] EPOCH: 62 EpochTime = 0.866 (s) Losses = ['1.3619', '56.2500'] lr = 0.000318
2023-09-17 18:19:13,012 - fewshot_scanobjectnn_linear_classification - INFO - [Validation] EPOCH: 62  acc = 45.0000
2023-09-17 18:19:13,595 - fewshot_scanobjectnn_linear_classification - INFO - Save checkpoint at ./experiments/fewshot_scanobjectnn_linear_classification/cfgs/add_as_normal/ckpt-best.pth
2023-09-17 18:19:13,595 - fewshot_scanobjectnn_linear_classification - INFO - --------------------------------------------------------------------------------------------
2023-09-17 18:19:14,571 - fewshot_scanobjectnn_linear_classification - INFO - Save checkpoint at ./experiments/fewshot_scanobjectnn_linear_classification/cfgs/add_as_normal/ckpt-last.pth
2023-09-17 18:19:15,410 - fewshot_scanobjectnn_linear_classification - INFO - [Training] EPOCH: 63 EpochTime = 0.837 (s) Losses = ['1.3726', '62.5000'] lr = 0.000313
2023-09-17 18:19:16,291 - fewshot_scanobjectnn_linear_classification - INFO - [Validation] EPOCH: 63  acc = 45.0000
2023-09-17 18:19:16,851 - fewshot_scanobjectnn_linear_classification - INFO - Save checkpoint at ./experiments/fewshot_scanobjectnn_linear_classification/cfgs/add_as_normal/ckpt-last.pth
2023-09-17 18:19:17,698 - fewshot_scanobjectnn_linear_classification - INFO - [Training] EPOCH: 64 EpochTime = 0.846 (s) Losses = ['1.3134', '65.6250'] lr = 0.000307
2023-09-17 18:19:18,559 - fewshot_scanobjectnn_linear_classification - INFO - [Validation] EPOCH: 64  acc = 49.0000
2023-09-17 18:19:19,366 - fewshot_scanobjectnn_linear_classification - INFO - Save checkpoint at ./experiments/fewshot_scanobjectnn_linear_classification/cfgs/add_as_normal/ckpt-best.pth
2023-09-17 18:19:19,366 - fewshot_scanobjectnn_linear_classification - INFO - --------------------------------------------------------------------------------------------
2023-09-17 18:19:19,838 - fewshot_scanobjectnn_linear_classification - INFO - Save checkpoint at ./experiments/fewshot_scanobjectnn_linear_classification/cfgs/add_as_normal/ckpt-last.pth
2023-09-17 18:19:20,651 - fewshot_scanobjectnn_linear_classification - INFO - [Training] EPOCH: 65 EpochTime = 0.812 (s) Losses = ['1.3657', '56.2500'] lr = 0.000302
2023-09-17 18:19:21,614 - fewshot_scanobjectnn_linear_classification - INFO - [Validation] EPOCH: 65  acc = 48.0000
2023-09-17 18:19:22,312 - fewshot_scanobjectnn_linear_classification - INFO - Save checkpoint at ./experiments/fewshot_scanobjectnn_linear_classification/cfgs/add_as_normal/ckpt-last.pth
2023-09-17 18:19:23,083 - fewshot_scanobjectnn_linear_classification - INFO - [Training] EPOCH: 66 EpochTime = 0.770 (s) Losses = ['1.3734', '56.2500'] lr = 0.000297
2023-09-17 18:19:23,992 - fewshot_scanobjectnn_linear_classification - INFO - [Validation] EPOCH: 66  acc = 46.0000
2023-09-17 18:19:24,417 - fewshot_scanobjectnn_linear_classification - INFO - Save checkpoint at ./experiments/fewshot_scanobjectnn_linear_classification/cfgs/add_as_normal/ckpt-last.pth
2023-09-17 18:19:25,355 - fewshot_scanobjectnn_linear_classification - INFO - [Training] EPOCH: 67 EpochTime = 0.937 (s) Losses = ['1.4023', '50.0000'] lr = 0.000292
2023-09-17 18:19:26,202 - fewshot_scanobjectnn_linear_classification - INFO - [Validation] EPOCH: 67  acc = 45.0000
2023-09-17 18:19:27,087 - fewshot_scanobjectnn_linear_classification - INFO - Save checkpoint at ./experiments/fewshot_scanobjectnn_linear_classification/cfgs/add_as_normal/ckpt-last.pth
2023-09-17 18:19:27,955 - fewshot_scanobjectnn_linear_classification - INFO - [Training] EPOCH: 68 EpochTime = 0.866 (s) Losses = ['1.2882', '56.2500'] lr = 0.000287
2023-09-17 18:19:28,823 - fewshot_scanobjectnn_linear_classification - INFO - [Validation] EPOCH: 68  acc = 44.0000
2023-09-17 18:19:29,383 - fewshot_scanobjectnn_linear_classification - INFO - Save checkpoint at ./experiments/fewshot_scanobjectnn_linear_classification/cfgs/add_as_normal/ckpt-last.pth
2023-09-17 18:19:30,139 - fewshot_scanobjectnn_linear_classification - INFO - [Training] EPOCH: 69 EpochTime = 0.754 (s) Losses = ['1.2845', '53.1250'] lr = 0.000282
2023-09-17 18:19:30,991 - fewshot_scanobjectnn_linear_classification - INFO - [Validation] EPOCH: 69  acc = 44.0000
2023-09-17 18:19:31,613 - fewshot_scanobjectnn_linear_classification - INFO - Save checkpoint at ./experiments/fewshot_scanobjectnn_linear_classification/cfgs/add_as_normal/ckpt-last.pth
2023-09-17 18:19:32,436 - fewshot_scanobjectnn_linear_classification - INFO - [Training] EPOCH: 70 EpochTime = 0.822 (s) Losses = ['1.3635', '56.2500'] lr = 0.000277
2023-09-17 18:19:33,292 - fewshot_scanobjectnn_linear_classification - INFO - [Validation] EPOCH: 70  acc = 44.0000
2023-09-17 18:19:33,854 - fewshot_scanobjectnn_linear_classification - INFO - Save checkpoint at ./experiments/fewshot_scanobjectnn_linear_classification/cfgs/add_as_normal/ckpt-last.pth
2023-09-17 18:19:34,602 - fewshot_scanobjectnn_linear_classification - INFO - [Training] EPOCH: 71 EpochTime = 0.747 (s) Losses = ['1.3939', '46.8750'] lr = 0.000271
2023-09-17 18:19:35,452 - fewshot_scanobjectnn_linear_classification - INFO - [Validation] EPOCH: 71  acc = 43.0000
2023-09-17 18:19:35,949 - fewshot_scanobjectnn_linear_classification - INFO - Save checkpoint at ./experiments/fewshot_scanobjectnn_linear_classification/cfgs/add_as_normal/ckpt-last.pth
2023-09-17 18:19:36,805 - fewshot_scanobjectnn_linear_classification - INFO - [Training] EPOCH: 72 EpochTime = 0.854 (s) Losses = ['1.3593', '65.6250'] lr = 0.000266
2023-09-17 18:19:37,705 - fewshot_scanobjectnn_linear_classification - INFO - [Validation] EPOCH: 72  acc = 43.0000
2023-09-17 18:19:38,794 - fewshot_scanobjectnn_linear_classification - INFO - Save checkpoint at ./experiments/fewshot_scanobjectnn_linear_classification/cfgs/add_as_normal/ckpt-last.pth
2023-09-17 18:19:39,555 - fewshot_scanobjectnn_linear_classification - INFO - [Training] EPOCH: 73 EpochTime = 0.759 (s) Losses = ['1.2319', '75.0000'] lr = 0.000261
2023-09-17 18:19:40,436 - fewshot_scanobjectnn_linear_classification - INFO - [Validation] EPOCH: 73  acc = 43.0000
2023-09-17 18:19:40,883 - fewshot_scanobjectnn_linear_classification - INFO - Save checkpoint at ./experiments/fewshot_scanobjectnn_linear_classification/cfgs/add_as_normal/ckpt-last.pth
2023-09-17 18:19:41,656 - fewshot_scanobjectnn_linear_classification - INFO - [Training] EPOCH: 74 EpochTime = 0.772 (s) Losses = ['1.2978', '65.6250'] lr = 0.000256
2023-09-17 18:19:42,516 - fewshot_scanobjectnn_linear_classification - INFO - [Validation] EPOCH: 74  acc = 44.0000
2023-09-17 18:19:43,268 - fewshot_scanobjectnn_linear_classification - INFO - Save checkpoint at ./experiments/fewshot_scanobjectnn_linear_classification/cfgs/add_as_normal/ckpt-last.pth
2023-09-17 18:19:44,077 - fewshot_scanobjectnn_linear_classification - INFO - [Training] EPOCH: 75 EpochTime = 0.808 (s) Losses = ['1.3571', '56.2500'] lr = 0.000251
2023-09-17 18:19:44,965 - fewshot_scanobjectnn_linear_classification - INFO - [Validation] EPOCH: 75  acc = 42.0000
2023-09-17 18:19:45,508 - fewshot_scanobjectnn_linear_classification - INFO - Save checkpoint at ./experiments/fewshot_scanobjectnn_linear_classification/cfgs/add_as_normal/ckpt-last.pth
2023-09-17 18:19:46,273 - fewshot_scanobjectnn_linear_classification - INFO - [Training] EPOCH: 76 EpochTime = 0.764 (s) Losses = ['1.3356', '62.5000'] lr = 0.000245
2023-09-17 18:19:47,132 - fewshot_scanobjectnn_linear_classification - INFO - [Validation] EPOCH: 76  acc = 43.0000
2023-09-17 18:19:47,565 - fewshot_scanobjectnn_linear_classification - INFO - Save checkpoint at ./experiments/fewshot_scanobjectnn_linear_classification/cfgs/add_as_normal/ckpt-last.pth
2023-09-17 18:19:48,494 - fewshot_scanobjectnn_linear_classification - INFO - [Training] EPOCH: 77 EpochTime = 0.927 (s) Losses = ['1.3174', '50.0000'] lr = 0.000240
2023-09-17 18:19:49,373 - fewshot_scanobjectnn_linear_classification - INFO - [Validation] EPOCH: 77  acc = 44.0000
2023-09-17 18:19:50,037 - fewshot_scanobjectnn_linear_classification - INFO - Save checkpoint at ./experiments/fewshot_scanobjectnn_linear_classification/cfgs/add_as_normal/ckpt-last.pth
2023-09-17 18:19:50,802 - fewshot_scanobjectnn_linear_classification - INFO - [Training] EPOCH: 78 EpochTime = 0.763 (s) Losses = ['1.3035', '53.1250'] lr = 0.000235
2023-09-17 18:19:51,717 - fewshot_scanobjectnn_linear_classification - INFO - [Validation] EPOCH: 78  acc = 43.0000
2023-09-17 18:19:52,161 - fewshot_scanobjectnn_linear_classification - INFO - Save checkpoint at ./experiments/fewshot_scanobjectnn_linear_classification/cfgs/add_as_normal/ckpt-last.pth
2023-09-17 18:19:52,936 - fewshot_scanobjectnn_linear_classification - INFO - [Training] EPOCH: 79 EpochTime = 0.773 (s) Losses = ['1.3464', '59.3750'] lr = 0.000230
2023-09-17 18:19:53,786 - fewshot_scanobjectnn_linear_classification - INFO - [Validation] EPOCH: 79  acc = 43.0000
2023-09-17 18:19:54,379 - fewshot_scanobjectnn_linear_classification - INFO - Save checkpoint at ./experiments/fewshot_scanobjectnn_linear_classification/cfgs/add_as_normal/ckpt-last.pth
2023-09-17 18:19:55,146 - fewshot_scanobjectnn_linear_classification - INFO - [Training] EPOCH: 80 EpochTime = 0.765 (s) Losses = ['1.2684', '56.2500'] lr = 0.000224
2023-09-17 18:19:56,092 - fewshot_scanobjectnn_linear_classification - INFO - [Validation] EPOCH: 80  acc = 43.0000
2023-09-17 18:19:56,587 - fewshot_scanobjectnn_linear_classification - INFO - Save checkpoint at ./experiments/fewshot_scanobjectnn_linear_classification/cfgs/add_as_normal/ckpt-last.pth
2023-09-17 18:19:57,423 - fewshot_scanobjectnn_linear_classification - INFO - [Training] EPOCH: 81 EpochTime = 0.833 (s) Losses = ['1.3900', '40.6250'] lr = 0.000219
2023-09-17 18:19:58,308 - fewshot_scanobjectnn_linear_classification - INFO - [Validation] EPOCH: 81  acc = 43.0000
2023-09-17 18:19:59,455 - fewshot_scanobjectnn_linear_classification - INFO - Save checkpoint at ./experiments/fewshot_scanobjectnn_linear_classification/cfgs/add_as_normal/ckpt-last.pth
2023-09-17 18:20:00,249 - fewshot_scanobjectnn_linear_classification - INFO - [Training] EPOCH: 82 EpochTime = 0.792 (s) Losses = ['1.3618', '53.1250'] lr = 0.000214
2023-09-17 18:20:01,194 - fewshot_scanobjectnn_linear_classification - INFO - [Validation] EPOCH: 82  acc = 43.0000
2023-09-17 18:20:01,657 - fewshot_scanobjectnn_linear_classification - INFO - Save checkpoint at ./experiments/fewshot_scanobjectnn_linear_classification/cfgs/add_as_normal/ckpt-last.pth
2023-09-17 18:20:02,431 - fewshot_scanobjectnn_linear_classification - INFO - [Training] EPOCH: 83 EpochTime = 0.772 (s) Losses = ['1.3150', '56.2500'] lr = 0.000209
2023-09-17 18:20:03,274 - fewshot_scanobjectnn_linear_classification - INFO - [Validation] EPOCH: 83  acc = 43.0000
2023-09-17 18:20:03,776 - fewshot_scanobjectnn_linear_classification - INFO - Save checkpoint at ./experiments/fewshot_scanobjectnn_linear_classification/cfgs/add_as_normal/ckpt-last.pth
2023-09-17 18:20:04,576 - fewshot_scanobjectnn_linear_classification - INFO - [Training] EPOCH: 84 EpochTime = 0.798 (s) Losses = ['1.4022', '46.8750'] lr = 0.000204
2023-09-17 18:20:05,486 - fewshot_scanobjectnn_linear_classification - INFO - [Validation] EPOCH: 84  acc = 44.0000
2023-09-17 18:20:06,366 - fewshot_scanobjectnn_linear_classification - INFO - Save checkpoint at ./experiments/fewshot_scanobjectnn_linear_classification/cfgs/add_as_normal/ckpt-last.pth
2023-09-17 18:20:07,204 - fewshot_scanobjectnn_linear_classification - INFO - [Training] EPOCH: 85 EpochTime = 0.837 (s) Losses = ['1.3059', '53.1250'] lr = 0.000199
2023-09-17 18:20:08,096 - fewshot_scanobjectnn_linear_classification - INFO - [Validation] EPOCH: 85  acc = 44.0000
2023-09-17 18:20:08,556 - fewshot_scanobjectnn_linear_classification - INFO - Save checkpoint at ./experiments/fewshot_scanobjectnn_linear_classification/cfgs/add_as_normal/ckpt-last.pth
2023-09-17 18:20:09,359 - fewshot_scanobjectnn_linear_classification - INFO - [Training] EPOCH: 86 EpochTime = 0.801 (s) Losses = ['1.2293', '65.6250'] lr = 0.000194
2023-09-17 18:20:10,219 - fewshot_scanobjectnn_linear_classification - INFO - [Validation] EPOCH: 86  acc = 45.0000
2023-09-17 18:20:10,945 - fewshot_scanobjectnn_linear_classification - INFO - Save checkpoint at ./experiments/fewshot_scanobjectnn_linear_classification/cfgs/add_as_normal/ckpt-last.pth
2023-09-17 18:20:11,759 - fewshot_scanobjectnn_linear_classification - INFO - [Training] EPOCH: 87 EpochTime = 0.812 (s) Losses = ['1.2864', '50.0000'] lr = 0.000188
2023-09-17 18:20:12,620 - fewshot_scanobjectnn_linear_classification - INFO - [Validation] EPOCH: 87  acc = 45.0000
2023-09-17 18:20:13,062 - fewshot_scanobjectnn_linear_classification - INFO - Save checkpoint at ./experiments/fewshot_scanobjectnn_linear_classification/cfgs/add_as_normal/ckpt-last.pth
2023-09-17 18:20:13,958 - fewshot_scanobjectnn_linear_classification - INFO - [Training] EPOCH: 88 EpochTime = 0.894 (s) Losses = ['1.2973', '62.5000'] lr = 0.000183
2023-09-17 18:20:14,842 - fewshot_scanobjectnn_linear_classification - INFO - [Validation] EPOCH: 88  acc = 46.0000
2023-09-17 18:20:15,306 - fewshot_scanobjectnn_linear_classification - INFO - Save checkpoint at ./experiments/fewshot_scanobjectnn_linear_classification/cfgs/add_as_normal/ckpt-last.pth
2023-09-17 18:20:16,118 - fewshot_scanobjectnn_linear_classification - INFO - [Training] EPOCH: 89 EpochTime = 0.810 (s) Losses = ['1.2845', '62.5000'] lr = 0.000178
2023-09-17 18:20:17,000 - fewshot_scanobjectnn_linear_classification - INFO - [Validation] EPOCH: 89  acc = 46.0000
2023-09-17 18:20:17,679 - fewshot_scanobjectnn_linear_classification - INFO - Save checkpoint at ./experiments/fewshot_scanobjectnn_linear_classification/cfgs/add_as_normal/ckpt-last.pth
2023-09-17 18:20:18,459 - fewshot_scanobjectnn_linear_classification - INFO - [Training] EPOCH: 90 EpochTime = 0.778 (s) Losses = ['1.3144', '56.2500'] lr = 0.000173
2023-09-17 18:20:19,366 - fewshot_scanobjectnn_linear_classification - INFO - [Validation] EPOCH: 90  acc = 47.0000
2023-09-17 18:20:19,862 - fewshot_scanobjectnn_linear_classification - INFO - Save checkpoint at ./experiments/fewshot_scanobjectnn_linear_classification/cfgs/add_as_normal/ckpt-last.pth
2023-09-17 18:20:20,726 - fewshot_scanobjectnn_linear_classification - INFO - [Training] EPOCH: 91 EpochTime = 0.862 (s) Losses = ['1.2720', '59.3750'] lr = 0.000168
2023-09-17 18:20:21,601 - fewshot_scanobjectnn_linear_classification - INFO - [Validation] EPOCH: 91  acc = 47.0000
2023-09-17 18:20:22,057 - fewshot_scanobjectnn_linear_classification - INFO - Save checkpoint at ./experiments/fewshot_scanobjectnn_linear_classification/cfgs/add_as_normal/ckpt-last.pth
2023-09-17 18:20:22,937 - fewshot_scanobjectnn_linear_classification - INFO - [Training] EPOCH: 92 EpochTime = 0.879 (s) Losses = ['1.3189', '65.6250'] lr = 0.000164
2023-09-17 18:20:23,828 - fewshot_scanobjectnn_linear_classification - INFO - [Validation] EPOCH: 92  acc = 48.0000
2023-09-17 18:20:24,360 - fewshot_scanobjectnn_linear_classification - INFO - Save checkpoint at ./experiments/fewshot_scanobjectnn_linear_classification/cfgs/add_as_normal/ckpt-last.pth
2023-09-17 18:20:25,134 - fewshot_scanobjectnn_linear_classification - INFO - [Training] EPOCH: 93 EpochTime = 0.772 (s) Losses = ['1.3635', '50.0000'] lr = 0.000159
2023-09-17 18:20:25,981 - fewshot_scanobjectnn_linear_classification - INFO - [Validation] EPOCH: 93  acc = 48.0000
2023-09-17 18:20:26,471 - fewshot_scanobjectnn_linear_classification - INFO - Save checkpoint at ./experiments/fewshot_scanobjectnn_linear_classification/cfgs/add_as_normal/ckpt-last.pth
2023-09-17 18:20:27,295 - fewshot_scanobjectnn_linear_classification - INFO - [Training] EPOCH: 94 EpochTime = 0.822 (s) Losses = ['1.3430', '53.1250'] lr = 0.000154
2023-09-17 18:20:28,171 - fewshot_scanobjectnn_linear_classification - INFO - [Validation] EPOCH: 94  acc = 48.0000
2023-09-17 18:20:28,726 - fewshot_scanobjectnn_linear_classification - INFO - Save checkpoint at ./experiments/fewshot_scanobjectnn_linear_classification/cfgs/add_as_normal/ckpt-last.pth
2023-09-17 18:20:29,505 - fewshot_scanobjectnn_linear_classification - INFO - [Training] EPOCH: 95 EpochTime = 0.778 (s) Losses = ['1.3069', '62.5000'] lr = 0.000149
2023-09-17 18:20:30,417 - fewshot_scanobjectnn_linear_classification - INFO - [Validation] EPOCH: 95  acc = 48.0000
2023-09-17 18:20:30,830 - fewshot_scanobjectnn_linear_classification - INFO - Save checkpoint at ./experiments/fewshot_scanobjectnn_linear_classification/cfgs/add_as_normal/ckpt-last.pth
2023-09-17 18:20:31,629 - fewshot_scanobjectnn_linear_classification - INFO - [Training] EPOCH: 96 EpochTime = 0.798 (s) Losses = ['1.2502', '68.7500'] lr = 0.000144
2023-09-17 18:20:32,512 - fewshot_scanobjectnn_linear_classification - INFO - [Validation] EPOCH: 96  acc = 48.0000
2023-09-17 18:20:33,111 - fewshot_scanobjectnn_linear_classification - INFO - Save checkpoint at ./experiments/fewshot_scanobjectnn_linear_classification/cfgs/add_as_normal/ckpt-last.pth
2023-09-17 18:20:33,909 - fewshot_scanobjectnn_linear_classification - INFO - [Training] EPOCH: 97 EpochTime = 0.797 (s) Losses = ['1.2564', '53.1250'] lr = 0.000140
2023-09-17 18:20:34,768 - fewshot_scanobjectnn_linear_classification - INFO - [Validation] EPOCH: 97  acc = 48.0000
2023-09-17 18:20:35,233 - fewshot_scanobjectnn_linear_classification - INFO - Save checkpoint at ./experiments/fewshot_scanobjectnn_linear_classification/cfgs/add_as_normal/ckpt-last.pth
2023-09-17 18:20:36,035 - fewshot_scanobjectnn_linear_classification - INFO - [Training] EPOCH: 98 EpochTime = 0.801 (s) Losses = ['1.2233', '65.6250'] lr = 0.000135
2023-09-17 18:20:36,905 - fewshot_scanobjectnn_linear_classification - INFO - [Validation] EPOCH: 98  acc = 48.0000
2023-09-17 18:20:37,988 - fewshot_scanobjectnn_linear_classification - INFO - Save checkpoint at ./experiments/fewshot_scanobjectnn_linear_classification/cfgs/add_as_normal/ckpt-last.pth
2023-09-17 18:20:38,763 - fewshot_scanobjectnn_linear_classification - INFO - [Training] EPOCH: 99 EpochTime = 0.774 (s) Losses = ['1.3127', '46.8750'] lr = 0.000130
2023-09-17 18:20:39,708 - fewshot_scanobjectnn_linear_classification - INFO - [Validation] EPOCH: 99  acc = 47.0000
2023-09-17 18:20:40,408 - fewshot_scanobjectnn_linear_classification - INFO - Save checkpoint at ./experiments/fewshot_scanobjectnn_linear_classification/cfgs/add_as_normal/ckpt-last.pth
2023-09-17 18:20:41,175 - fewshot_scanobjectnn_linear_classification - INFO - [Training] EPOCH: 100 EpochTime = 0.765 (s) Losses = ['1.2612', '71.8750'] lr = 0.000126
2023-09-17 18:20:42,025 - fewshot_scanobjectnn_linear_classification - INFO - [Validation] EPOCH: 100  acc = 47.0000
2023-09-17 18:20:42,713 - fewshot_scanobjectnn_linear_classification - INFO - Save checkpoint at ./experiments/fewshot_scanobjectnn_linear_classification/cfgs/add_as_normal/ckpt-last.pth
2023-09-17 18:20:43,529 - fewshot_scanobjectnn_linear_classification - INFO - [Training] EPOCH: 101 EpochTime = 0.815 (s) Losses = ['1.3163', '53.1250'] lr = 0.000121
2023-09-17 18:20:44,545 - fewshot_scanobjectnn_linear_classification - INFO - [Validation] EPOCH: 101  acc = 49.0000
2023-09-17 18:20:45,029 - fewshot_scanobjectnn_linear_classification - INFO - Save checkpoint at ./experiments/fewshot_scanobjectnn_linear_classification/cfgs/add_as_normal/ckpt-last.pth
2023-09-17 18:20:45,833 - fewshot_scanobjectnn_linear_classification - INFO - [Training] EPOCH: 102 EpochTime = 0.802 (s) Losses = ['1.3014', '56.2500'] lr = 0.000117
2023-09-17 18:20:46,694 - fewshot_scanobjectnn_linear_classification - INFO - [Validation] EPOCH: 102  acc = 49.0000
2023-09-17 18:20:47,172 - fewshot_scanobjectnn_linear_classification - INFO - Save checkpoint at ./experiments/fewshot_scanobjectnn_linear_classification/cfgs/add_as_normal/ckpt-last.pth
2023-09-17 18:20:48,026 - fewshot_scanobjectnn_linear_classification - INFO - [Training] EPOCH: 103 EpochTime = 0.852 (s) Losses = ['1.3128', '56.2500'] lr = 0.000112
2023-09-17 18:20:48,886 - fewshot_scanobjectnn_linear_classification - INFO - [Validation] EPOCH: 103  acc = 49.0000
2023-09-17 18:20:49,439 - fewshot_scanobjectnn_linear_classification - INFO - Save checkpoint at ./experiments/fewshot_scanobjectnn_linear_classification/cfgs/add_as_normal/ckpt-last.pth
2023-09-17 18:20:50,219 - fewshot_scanobjectnn_linear_classification - INFO - [Training] EPOCH: 104 EpochTime = 0.779 (s) Losses = ['1.2626', '62.5000'] lr = 0.000108
2023-09-17 18:20:51,188 - fewshot_scanobjectnn_linear_classification - INFO - [Validation] EPOCH: 104  acc = 49.0000
2023-09-17 18:20:51,677 - fewshot_scanobjectnn_linear_classification - INFO - Save checkpoint at ./experiments/fewshot_scanobjectnn_linear_classification/cfgs/add_as_normal/ckpt-last.pth
2023-09-17 18:20:52,515 - fewshot_scanobjectnn_linear_classification - INFO - [Training] EPOCH: 105 EpochTime = 0.836 (s) Losses = ['1.2933', '65.6250'] lr = 0.000104
2023-09-17 18:20:53,411 - fewshot_scanobjectnn_linear_classification - INFO - [Validation] EPOCH: 105  acc = 48.0000
2023-09-17 18:20:54,137 - fewshot_scanobjectnn_linear_classification - INFO - Save checkpoint at ./experiments/fewshot_scanobjectnn_linear_classification/cfgs/add_as_normal/ckpt-last.pth
2023-09-17 18:20:55,012 - fewshot_scanobjectnn_linear_classification - INFO - [Training] EPOCH: 106 EpochTime = 0.872 (s) Losses = ['1.2674', '59.3750'] lr = 0.000100
2023-09-17 18:20:55,976 - fewshot_scanobjectnn_linear_classification - INFO - [Validation] EPOCH: 106  acc = 48.0000
2023-09-17 18:20:56,426 - fewshot_scanobjectnn_linear_classification - INFO - Save checkpoint at ./experiments/fewshot_scanobjectnn_linear_classification/cfgs/add_as_normal/ckpt-last.pth
2023-09-17 18:20:57,197 - fewshot_scanobjectnn_linear_classification - INFO - [Training] EPOCH: 107 EpochTime = 0.769 (s) Losses = ['1.2120', '59.3750'] lr = 0.000096
2023-09-17 18:20:58,041 - fewshot_scanobjectnn_linear_classification - INFO - [Validation] EPOCH: 107  acc = 48.0000
2023-09-17 18:20:58,678 - fewshot_scanobjectnn_linear_classification - INFO - Save checkpoint at ./experiments/fewshot_scanobjectnn_linear_classification/cfgs/add_as_normal/ckpt-last.pth
2023-09-17 18:20:59,440 - fewshot_scanobjectnn_linear_classification - INFO - [Training] EPOCH: 108 EpochTime = 0.761 (s) Losses = ['1.2709', '62.5000'] lr = 0.000091
2023-09-17 18:21:00,285 - fewshot_scanobjectnn_linear_classification - INFO - [Validation] EPOCH: 108  acc = 47.0000
2023-09-17 18:21:01,213 - fewshot_scanobjectnn_linear_classification - INFO - Save checkpoint at ./experiments/fewshot_scanobjectnn_linear_classification/cfgs/add_as_normal/ckpt-last.pth
2023-09-17 18:21:02,030 - fewshot_scanobjectnn_linear_classification - INFO - [Training] EPOCH: 109 EpochTime = 0.815 (s) Losses = ['1.3276', '68.7500'] lr = 0.000087
2023-09-17 18:21:02,943 - fewshot_scanobjectnn_linear_classification - INFO - [Validation] EPOCH: 109  acc = 47.0000
2023-09-17 18:21:03,518 - fewshot_scanobjectnn_linear_classification - INFO - Save checkpoint at ./experiments/fewshot_scanobjectnn_linear_classification/cfgs/add_as_normal/ckpt-last.pth
2023-09-17 18:21:04,287 - fewshot_scanobjectnn_linear_classification - INFO - [Training] EPOCH: 110 EpochTime = 0.767 (s) Losses = ['1.1886', '84.3750'] lr = 0.000084
2023-09-17 18:21:05,139 - fewshot_scanobjectnn_linear_classification - INFO - [Validation] EPOCH: 110  acc = 47.0000
2023-09-17 18:21:05,933 - fewshot_scanobjectnn_linear_classification - INFO - Save checkpoint at ./experiments/fewshot_scanobjectnn_linear_classification/cfgs/add_as_normal/ckpt-last.pth
2023-09-17 18:21:06,697 - fewshot_scanobjectnn_linear_classification - INFO - [Training] EPOCH: 111 EpochTime = 0.762 (s) Losses = ['1.2452', '71.8750'] lr = 0.000080
2023-09-17 18:21:07,557 - fewshot_scanobjectnn_linear_classification - INFO - [Validation] EPOCH: 111  acc = 47.0000
2023-09-17 18:21:08,013 - fewshot_scanobjectnn_linear_classification - INFO - Save checkpoint at ./experiments/fewshot_scanobjectnn_linear_classification/cfgs/add_as_normal/ckpt-last.pth
2023-09-17 18:21:08,878 - fewshot_scanobjectnn_linear_classification - INFO - [Training] EPOCH: 112 EpochTime = 0.863 (s) Losses = ['1.2294', '65.6250'] lr = 0.000076
2023-09-17 18:21:09,766 - fewshot_scanobjectnn_linear_classification - INFO - [Validation] EPOCH: 112  acc = 47.0000
2023-09-17 18:21:10,400 - fewshot_scanobjectnn_linear_classification - INFO - Save checkpoint at ./experiments/fewshot_scanobjectnn_linear_classification/cfgs/add_as_normal/ckpt-last.pth
2023-09-17 18:21:11,174 - fewshot_scanobjectnn_linear_classification - INFO - [Training] EPOCH: 113 EpochTime = 0.772 (s) Losses = ['1.2802', '53.1250'] lr = 0.000072
2023-09-17 18:21:12,048 - fewshot_scanobjectnn_linear_classification - INFO - [Validation] EPOCH: 113  acc = 47.0000
2023-09-17 18:21:12,675 - fewshot_scanobjectnn_linear_classification - INFO - Save checkpoint at ./experiments/fewshot_scanobjectnn_linear_classification/cfgs/add_as_normal/ckpt-last.pth
2023-09-17 18:21:13,450 - fewshot_scanobjectnn_linear_classification - INFO - [Training] EPOCH: 114 EpochTime = 0.773 (s) Losses = ['1.2256', '56.2500'] lr = 0.000069
2023-09-17 18:21:14,297 - fewshot_scanobjectnn_linear_classification - INFO - [Validation] EPOCH: 114  acc = 47.0000
2023-09-17 18:21:14,973 - fewshot_scanobjectnn_linear_classification - INFO - Save checkpoint at ./experiments/fewshot_scanobjectnn_linear_classification/cfgs/add_as_normal/ckpt-last.pth
2023-09-17 18:21:15,748 - fewshot_scanobjectnn_linear_classification - INFO - [Training] EPOCH: 115 EpochTime = 0.774 (s) Losses = ['1.2192', '65.6250'] lr = 0.000065
2023-09-17 18:21:16,615 - fewshot_scanobjectnn_linear_classification - INFO - [Validation] EPOCH: 115  acc = 48.0000
2023-09-17 18:21:17,366 - fewshot_scanobjectnn_linear_classification - INFO - Save checkpoint at ./experiments/fewshot_scanobjectnn_linear_classification/cfgs/add_as_normal/ckpt-last.pth
2023-09-17 18:21:18,133 - fewshot_scanobjectnn_linear_classification - INFO - [Training] EPOCH: 116 EpochTime = 0.765 (s) Losses = ['1.2104', '59.3750'] lr = 0.000062
2023-09-17 18:21:18,982 - fewshot_scanobjectnn_linear_classification - INFO - [Validation] EPOCH: 116  acc = 48.0000
2023-09-17 18:21:19,655 - fewshot_scanobjectnn_linear_classification - INFO - Save checkpoint at ./experiments/fewshot_scanobjectnn_linear_classification/cfgs/add_as_normal/ckpt-last.pth
2023-09-17 18:21:20,415 - fewshot_scanobjectnn_linear_classification - INFO - [Training] EPOCH: 117 EpochTime = 0.758 (s) Losses = ['1.3095', '56.2500'] lr = 0.000058
2023-09-17 18:21:21,320 - fewshot_scanobjectnn_linear_classification - INFO - [Validation] EPOCH: 117  acc = 48.0000
2023-09-17 18:21:21,772 - fewshot_scanobjectnn_linear_classification - INFO - Save checkpoint at ./experiments/fewshot_scanobjectnn_linear_classification/cfgs/add_as_normal/ckpt-last.pth
2023-09-17 18:21:22,574 - fewshot_scanobjectnn_linear_classification - INFO - [Training] EPOCH: 118 EpochTime = 0.800 (s) Losses = ['1.1236', '68.7500'] lr = 0.000055
2023-09-17 18:21:23,458 - fewshot_scanobjectnn_linear_classification - INFO - [Validation] EPOCH: 118  acc = 48.0000
2023-09-17 18:21:24,139 - fewshot_scanobjectnn_linear_classification - INFO - Save checkpoint at ./experiments/fewshot_scanobjectnn_linear_classification/cfgs/add_as_normal/ckpt-last.pth
2023-09-17 18:21:24,898 - fewshot_scanobjectnn_linear_classification - INFO - [Training] EPOCH: 119 EpochTime = 0.757 (s) Losses = ['1.2257', '62.5000'] lr = 0.000052
2023-09-17 18:21:25,804 - fewshot_scanobjectnn_linear_classification - INFO - [Validation] EPOCH: 119  acc = 48.0000
2023-09-17 18:21:26,591 - fewshot_scanobjectnn_linear_classification - INFO - Save checkpoint at ./experiments/fewshot_scanobjectnn_linear_classification/cfgs/add_as_normal/ckpt-last.pth
2023-09-17 18:21:27,379 - fewshot_scanobjectnn_linear_classification - INFO - [Training] EPOCH: 120 EpochTime = 0.786 (s) Losses = ['1.2345', '56.2500'] lr = 0.000049
2023-09-17 18:21:28,281 - fewshot_scanobjectnn_linear_classification - INFO - [Validation] EPOCH: 120  acc = 48.0000
2023-09-17 18:21:28,909 - fewshot_scanobjectnn_linear_classification - INFO - Save checkpoint at ./experiments/fewshot_scanobjectnn_linear_classification/cfgs/add_as_normal/ckpt-last.pth
2023-09-17 18:21:29,670 - fewshot_scanobjectnn_linear_classification - INFO - [Training] EPOCH: 121 EpochTime = 0.759 (s) Losses = ['1.2755', '59.3750'] lr = 0.000046
2023-09-17 18:21:30,519 - fewshot_scanobjectnn_linear_classification - INFO - [Validation] EPOCH: 121  acc = 47.0000
2023-09-17 18:21:31,072 - fewshot_scanobjectnn_linear_classification - INFO - Save checkpoint at ./experiments/fewshot_scanobjectnn_linear_classification/cfgs/add_as_normal/ckpt-last.pth
2023-09-17 18:21:31,830 - fewshot_scanobjectnn_linear_classification - INFO - [Training] EPOCH: 122 EpochTime = 0.756 (s) Losses = ['1.2992', '59.3750'] lr = 0.000043
2023-09-17 18:21:32,701 - fewshot_scanobjectnn_linear_classification - INFO - [Validation] EPOCH: 122  acc = 47.0000
2023-09-17 18:21:33,180 - fewshot_scanobjectnn_linear_classification - INFO - Save checkpoint at ./experiments/fewshot_scanobjectnn_linear_classification/cfgs/add_as_normal/ckpt-last.pth
2023-09-17 18:21:33,997 - fewshot_scanobjectnn_linear_classification - INFO - [Training] EPOCH: 123 EpochTime = 0.816 (s) Losses = ['1.2376', '65.6250'] lr = 0.000040
2023-09-17 18:21:34,928 - fewshot_scanobjectnn_linear_classification - INFO - [Validation] EPOCH: 123  acc = 47.0000
2023-09-17 18:21:35,498 - fewshot_scanobjectnn_linear_classification - INFO - Save checkpoint at ./experiments/fewshot_scanobjectnn_linear_classification/cfgs/add_as_normal/ckpt-last.pth
2023-09-17 18:21:36,283 - fewshot_scanobjectnn_linear_classification - INFO - [Training] EPOCH: 124 EpochTime = 0.784 (s) Losses = ['1.2375', '59.3750'] lr = 0.000037
2023-09-17 18:21:37,184 - fewshot_scanobjectnn_linear_classification - INFO - [Validation] EPOCH: 124  acc = 47.0000
2023-09-17 18:21:37,658 - fewshot_scanobjectnn_linear_classification - INFO - Save checkpoint at ./experiments/fewshot_scanobjectnn_linear_classification/cfgs/add_as_normal/ckpt-last.pth
2023-09-17 18:21:38,525 - fewshot_scanobjectnn_linear_classification - INFO - [Training] EPOCH: 125 EpochTime = 0.864 (s) Losses = ['1.2639', '62.5000'] lr = 0.000034
2023-09-17 18:21:39,439 - fewshot_scanobjectnn_linear_classification - INFO - [Validation] EPOCH: 125  acc = 47.0000
2023-09-17 18:21:40,007 - fewshot_scanobjectnn_linear_classification - INFO - Save checkpoint at ./experiments/fewshot_scanobjectnn_linear_classification/cfgs/add_as_normal/ckpt-last.pth
2023-09-17 18:21:40,769 - fewshot_scanobjectnn_linear_classification - INFO - [Training] EPOCH: 126 EpochTime = 0.761 (s) Losses = ['1.2355', '59.3750'] lr = 0.000032
2023-09-17 18:21:41,628 - fewshot_scanobjectnn_linear_classification - INFO - [Validation] EPOCH: 126  acc = 47.0000
2023-09-17 18:21:42,122 - fewshot_scanobjectnn_linear_classification - INFO - Save checkpoint at ./experiments/fewshot_scanobjectnn_linear_classification/cfgs/add_as_normal/ckpt-last.pth
2023-09-17 18:21:42,882 - fewshot_scanobjectnn_linear_classification - INFO - [Training] EPOCH: 127 EpochTime = 0.759 (s) Losses = ['1.2502', '65.6250'] lr = 0.000029
2023-09-17 18:21:43,818 - fewshot_scanobjectnn_linear_classification - INFO - [Validation] EPOCH: 127  acc = 47.0000
2023-09-17 18:21:44,247 - fewshot_scanobjectnn_linear_classification - INFO - Save checkpoint at ./experiments/fewshot_scanobjectnn_linear_classification/cfgs/add_as_normal/ckpt-last.pth
2023-09-17 18:21:45,166 - fewshot_scanobjectnn_linear_classification - INFO - [Training] EPOCH: 128 EpochTime = 0.917 (s) Losses = ['1.2767', '62.5000'] lr = 0.000027
2023-09-17 18:21:46,078 - fewshot_scanobjectnn_linear_classification - INFO - [Validation] EPOCH: 128  acc = 47.0000
2023-09-17 18:21:46,622 - fewshot_scanobjectnn_linear_classification - INFO - Save checkpoint at ./experiments/fewshot_scanobjectnn_linear_classification/cfgs/add_as_normal/ckpt-last.pth
2023-09-17 18:21:47,475 - fewshot_scanobjectnn_linear_classification - INFO - [Training] EPOCH: 129 EpochTime = 0.851 (s) Losses = ['1.1872', '65.6250'] lr = 0.000025
2023-09-17 18:21:48,350 - fewshot_scanobjectnn_linear_classification - INFO - [Validation] EPOCH: 129  acc = 47.0000
2023-09-17 18:21:48,990 - fewshot_scanobjectnn_linear_classification - INFO - Save checkpoint at ./experiments/fewshot_scanobjectnn_linear_classification/cfgs/add_as_normal/ckpt-last.pth
2023-09-17 18:21:49,925 - fewshot_scanobjectnn_linear_classification - INFO - [Training] EPOCH: 130 EpochTime = 0.933 (s) Losses = ['1.1918', '62.5000'] lr = 0.000023
2023-09-17 18:21:50,830 - fewshot_scanobjectnn_linear_classification - INFO - [Validation] EPOCH: 130  acc = 47.0000
2023-09-17 18:21:51,265 - fewshot_scanobjectnn_linear_classification - INFO - Save checkpoint at ./experiments/fewshot_scanobjectnn_linear_classification/cfgs/add_as_normal/ckpt-last.pth
2023-09-17 18:21:52,052 - fewshot_scanobjectnn_linear_classification - INFO - [Training] EPOCH: 131 EpochTime = 0.786 (s) Losses = ['1.2143', '71.8750'] lr = 0.000020
2023-09-17 18:21:53,001 - fewshot_scanobjectnn_linear_classification - INFO - [Validation] EPOCH: 131  acc = 47.0000
2023-09-17 18:21:53,490 - fewshot_scanobjectnn_linear_classification - INFO - Save checkpoint at ./experiments/fewshot_scanobjectnn_linear_classification/cfgs/add_as_normal/ckpt-last.pth
2023-09-17 18:21:54,299 - fewshot_scanobjectnn_linear_classification - INFO - [Training] EPOCH: 132 EpochTime = 0.806 (s) Losses = ['1.2971', '53.1250'] lr = 0.000019
2023-09-17 18:21:55,177 - fewshot_scanobjectnn_linear_classification - INFO - [Validation] EPOCH: 132  acc = 47.0000
2023-09-17 18:21:55,625 - fewshot_scanobjectnn_linear_classification - INFO - Save checkpoint at ./experiments/fewshot_scanobjectnn_linear_classification/cfgs/add_as_normal/ckpt-last.pth
2023-09-17 18:21:56,399 - fewshot_scanobjectnn_linear_classification - INFO - [Training] EPOCH: 133 EpochTime = 0.772 (s) Losses = ['1.2714', '65.6250'] lr = 0.000017
2023-09-17 18:21:57,303 - fewshot_scanobjectnn_linear_classification - INFO - [Validation] EPOCH: 133  acc = 47.0000
2023-09-17 18:21:57,757 - fewshot_scanobjectnn_linear_classification - INFO - Save checkpoint at ./experiments/fewshot_scanobjectnn_linear_classification/cfgs/add_as_normal/ckpt-last.pth
2023-09-17 18:21:58,523 - fewshot_scanobjectnn_linear_classification - INFO - [Training] EPOCH: 134 EpochTime = 0.763 (s) Losses = ['1.1919', '68.7500'] lr = 0.000015
2023-09-17 18:21:59,404 - fewshot_scanobjectnn_linear_classification - INFO - [Validation] EPOCH: 134  acc = 47.0000
2023-09-17 18:21:59,836 - fewshot_scanobjectnn_linear_classification - INFO - Save checkpoint at ./experiments/fewshot_scanobjectnn_linear_classification/cfgs/add_as_normal/ckpt-last.pth
2023-09-17 18:22:00,660 - fewshot_scanobjectnn_linear_classification - INFO - [Training] EPOCH: 135 EpochTime = 0.821 (s) Losses = ['1.2326', '65.6250'] lr = 0.000013
2023-09-17 18:22:01,511 - fewshot_scanobjectnn_linear_classification - INFO - [Validation] EPOCH: 135  acc = 47.0000
2023-09-17 18:22:01,906 - fewshot_scanobjectnn_linear_classification - INFO - Save checkpoint at ./experiments/fewshot_scanobjectnn_linear_classification/cfgs/add_as_normal/ckpt-last.pth
2023-09-17 18:22:02,690 - fewshot_scanobjectnn_linear_classification - INFO - [Training] EPOCH: 136 EpochTime = 0.782 (s) Losses = ['1.3049', '53.1250'] lr = 0.000012
2023-09-17 18:22:03,629 - fewshot_scanobjectnn_linear_classification - INFO - [Validation] EPOCH: 136  acc = 47.0000
2023-09-17 18:22:04,065 - fewshot_scanobjectnn_linear_classification - INFO - Save checkpoint at ./experiments/fewshot_scanobjectnn_linear_classification/cfgs/add_as_normal/ckpt-last.pth
2023-09-17 18:22:04,852 - fewshot_scanobjectnn_linear_classification - INFO - [Training] EPOCH: 137 EpochTime = 0.785 (s) Losses = ['1.3413', '56.2500'] lr = 0.000010
2023-09-17 18:22:05,760 - fewshot_scanobjectnn_linear_classification - INFO - [Validation] EPOCH: 137  acc = 47.0000
2023-09-17 18:22:06,228 - fewshot_scanobjectnn_linear_classification - INFO - Save checkpoint at ./experiments/fewshot_scanobjectnn_linear_classification/cfgs/add_as_normal/ckpt-last.pth
2023-09-17 18:22:07,105 - fewshot_scanobjectnn_linear_classification - INFO - [Training] EPOCH: 138 EpochTime = 0.874 (s) Losses = ['1.2204', '68.7500'] lr = 0.000009
2023-09-17 18:22:07,971 - fewshot_scanobjectnn_linear_classification - INFO - [Validation] EPOCH: 138  acc = 47.0000
2023-09-17 18:22:08,392 - fewshot_scanobjectnn_linear_classification - INFO - Save checkpoint at ./experiments/fewshot_scanobjectnn_linear_classification/cfgs/add_as_normal/ckpt-last.pth
2023-09-17 18:22:09,239 - fewshot_scanobjectnn_linear_classification - INFO - [Training] EPOCH: 139 EpochTime = 0.846 (s) Losses = ['1.2499', '59.3750'] lr = 0.000008
2023-09-17 18:22:10,306 - fewshot_scanobjectnn_linear_classification - INFO - [Validation] EPOCH: 139  acc = 47.0000
2023-09-17 18:22:10,878 - fewshot_scanobjectnn_linear_classification - INFO - Save checkpoint at ./experiments/fewshot_scanobjectnn_linear_classification/cfgs/add_as_normal/ckpt-last.pth
2023-09-17 18:22:11,667 - fewshot_scanobjectnn_linear_classification - INFO - [Training] EPOCH: 140 EpochTime = 0.769 (s) Losses = ['1.2237', '68.7500'] lr = 0.000006
2023-09-17 18:22:12,546 - fewshot_scanobjectnn_linear_classification - INFO - [Validation] EPOCH: 140  acc = 47.0000
2023-09-17 18:22:13,113 - fewshot_scanobjectnn_linear_classification - INFO - Save checkpoint at ./experiments/fewshot_scanobjectnn_linear_classification/cfgs/add_as_normal/ckpt-last.pth
2023-09-17 18:22:13,893 - fewshot_scanobjectnn_linear_classification - INFO - [Training] EPOCH: 141 EpochTime = 0.778 (s) Losses = ['1.1567', '68.7500'] lr = 0.000005
2023-09-17 18:22:14,782 - fewshot_scanobjectnn_linear_classification - INFO - [Validation] EPOCH: 141  acc = 47.0000
2023-09-17 18:22:15,619 - fewshot_scanobjectnn_linear_classification - INFO - Save checkpoint at ./experiments/fewshot_scanobjectnn_linear_classification/cfgs/add_as_normal/ckpt-last.pth
2023-09-17 18:22:16,392 - fewshot_scanobjectnn_linear_classification - INFO - Save checkpoint at ./experiments/fewshot_scanobjectnn_linear_classification/cfgs/add_as_normal/ckpt-epoch-141.pth
2023-09-17 18:22:17,200 - fewshot_scanobjectnn_linear_classification - INFO - [Training] EPOCH: 142 EpochTime = 0.806 (s) Losses = ['1.1934', '65.6250'] lr = 0.000004
2023-09-17 18:22:18,096 - fewshot_scanobjectnn_linear_classification - INFO - [Validation] EPOCH: 142  acc = 47.0000
2023-09-17 18:22:18,784 - fewshot_scanobjectnn_linear_classification - INFO - Save checkpoint at ./experiments/fewshot_scanobjectnn_linear_classification/cfgs/add_as_normal/ckpt-last.pth
2023-09-17 18:22:19,234 - fewshot_scanobjectnn_linear_classification - INFO - Save checkpoint at ./experiments/fewshot_scanobjectnn_linear_classification/cfgs/add_as_normal/ckpt-epoch-142.pth
2023-09-17 18:22:20,040 - fewshot_scanobjectnn_linear_classification - INFO - [Training] EPOCH: 143 EpochTime = 0.804 (s) Losses = ['1.2900', '59.3750'] lr = 0.000004
2023-09-17 18:22:20,919 - fewshot_scanobjectnn_linear_classification - INFO - [Validation] EPOCH: 143  acc = 47.0000
2023-09-17 18:22:21,635 - fewshot_scanobjectnn_linear_classification - INFO - Save checkpoint at ./experiments/fewshot_scanobjectnn_linear_classification/cfgs/add_as_normal/ckpt-last.pth
2023-09-17 18:22:22,091 - fewshot_scanobjectnn_linear_classification - INFO - Save checkpoint at ./experiments/fewshot_scanobjectnn_linear_classification/cfgs/add_as_normal/ckpt-epoch-143.pth
2023-09-17 18:22:22,943 - fewshot_scanobjectnn_linear_classification - INFO - [Training] EPOCH: 144 EpochTime = 0.850 (s) Losses = ['1.2547', '65.6250'] lr = 0.000003
2023-09-17 18:22:23,814 - fewshot_scanobjectnn_linear_classification - INFO - [Validation] EPOCH: 144  acc = 47.0000
2023-09-17 18:22:24,487 - fewshot_scanobjectnn_linear_classification - INFO - Save checkpoint at ./experiments/fewshot_scanobjectnn_linear_classification/cfgs/add_as_normal/ckpt-last.pth
2023-09-17 18:22:25,280 - fewshot_scanobjectnn_linear_classification - INFO - Save checkpoint at ./experiments/fewshot_scanobjectnn_linear_classification/cfgs/add_as_normal/ckpt-epoch-144.pth
2023-09-17 18:22:26,097 - fewshot_scanobjectnn_linear_classification - INFO - [Training] EPOCH: 145 EpochTime = 0.816 (s) Losses = ['1.3196', '46.8750'] lr = 0.000002
2023-09-17 18:22:27,005 - fewshot_scanobjectnn_linear_classification - INFO - [Validation] EPOCH: 145  acc = 47.0000
2023-09-17 18:22:27,475 - fewshot_scanobjectnn_linear_classification - INFO - Save checkpoint at ./experiments/fewshot_scanobjectnn_linear_classification/cfgs/add_as_normal/ckpt-last.pth
2023-09-17 18:22:27,895 - fewshot_scanobjectnn_linear_classification - INFO - Save checkpoint at ./experiments/fewshot_scanobjectnn_linear_classification/cfgs/add_as_normal/ckpt-epoch-145.pth
2023-09-17 18:22:28,684 - fewshot_scanobjectnn_linear_classification - INFO - [Training] EPOCH: 146 EpochTime = 0.788 (s) Losses = ['1.3052', '50.0000'] lr = 0.000002
2023-09-17 18:22:29,531 - fewshot_scanobjectnn_linear_classification - INFO - [Validation] EPOCH: 146  acc = 47.0000
2023-09-17 18:22:30,018 - fewshot_scanobjectnn_linear_classification - INFO - Save checkpoint at ./experiments/fewshot_scanobjectnn_linear_classification/cfgs/add_as_normal/ckpt-last.pth
2023-09-17 18:22:30,437 - fewshot_scanobjectnn_linear_classification - INFO - Save checkpoint at ./experiments/fewshot_scanobjectnn_linear_classification/cfgs/add_as_normal/ckpt-epoch-146.pth
2023-09-17 18:22:31,253 - fewshot_scanobjectnn_linear_classification - INFO - [Training] EPOCH: 147 EpochTime = 0.815 (s) Losses = ['1.1939', '65.6250'] lr = 0.000001
2023-09-17 18:22:32,131 - fewshot_scanobjectnn_linear_classification - INFO - [Validation] EPOCH: 147  acc = 47.0000
2023-09-17 18:22:32,668 - fewshot_scanobjectnn_linear_classification - INFO - Save checkpoint at ./experiments/fewshot_scanobjectnn_linear_classification/cfgs/add_as_normal/ckpt-last.pth
2023-09-17 18:22:33,304 - fewshot_scanobjectnn_linear_classification - INFO - Save checkpoint at ./experiments/fewshot_scanobjectnn_linear_classification/cfgs/add_as_normal/ckpt-epoch-147.pth
2023-09-17 18:22:34,114 - fewshot_scanobjectnn_linear_classification - INFO - [Training] EPOCH: 148 EpochTime = 0.808 (s) Losses = ['1.2689', '53.1250'] lr = 0.000001
2023-09-17 18:22:35,013 - fewshot_scanobjectnn_linear_classification - INFO - [Validation] EPOCH: 148  acc = 47.0000
2023-09-17 18:22:35,586 - fewshot_scanobjectnn_linear_classification - INFO - Save checkpoint at ./experiments/fewshot_scanobjectnn_linear_classification/cfgs/add_as_normal/ckpt-last.pth
2023-09-17 18:22:36,065 - fewshot_scanobjectnn_linear_classification - INFO - Save checkpoint at ./experiments/fewshot_scanobjectnn_linear_classification/cfgs/add_as_normal/ckpt-epoch-148.pth
2023-09-17 18:22:36,835 - fewshot_scanobjectnn_linear_classification - INFO - [Training] EPOCH: 149 EpochTime = 0.768 (s) Losses = ['1.2695', '50.0000'] lr = 0.000001
2023-09-17 18:22:37,896 - fewshot_scanobjectnn_linear_classification - INFO - [Validation] EPOCH: 149  acc = 47.0000
2023-09-17 18:22:38,615 - fewshot_scanobjectnn_linear_classification - INFO - Save checkpoint at ./experiments/fewshot_scanobjectnn_linear_classification/cfgs/add_as_normal/ckpt-last.pth
2023-09-17 18:22:39,407 - fewshot_scanobjectnn_linear_classification - INFO - Save checkpoint at ./experiments/fewshot_scanobjectnn_linear_classification/cfgs/add_as_normal/ckpt-epoch-149.pth
2023-09-17 18:22:40,193 - fewshot_scanobjectnn_linear_classification - INFO - [Training] EPOCH: 150 EpochTime = 0.785 (s) Losses = ['1.3013', '53.1250'] lr = 0.000001
2023-09-17 18:22:41,061 - fewshot_scanobjectnn_linear_classification - INFO - [Validation] EPOCH: 150  acc = 47.0000
2023-09-17 18:22:41,559 - fewshot_scanobjectnn_linear_classification - INFO - Save checkpoint at ./experiments/fewshot_scanobjectnn_linear_classification/cfgs/add_as_normal/ckpt-last.pth
2023-09-17 18:22:41,984 - fewshot_scanobjectnn_linear_classification - INFO - Save checkpoint at ./experiments/fewshot_scanobjectnn_linear_classification/cfgs/add_as_normal/ckpt-epoch-150.pth
