2023-09-17 21:41:34,186 - fewshot_scanobjectnn_linear_classification - INFO - Copy the Config file from cfgs/fewshot_scanobjectnn_linear_classification.yaml to ./experiments/fewshot_scanobjectnn_linear_classification/cfgs/add_as_normal/config.yaml
2023-09-17 21:41:34,187 - fewshot_scanobjectnn_linear_classification - INFO - args.config : cfgs/fewshot_scanobjectnn_linear_classification.yaml
2023-09-17 21:41:34,187 - fewshot_scanobjectnn_linear_classification - INFO - args.launcher : none
2023-09-17 21:41:34,187 - fewshot_scanobjectnn_linear_classification - INFO - args.local_rank : 0
2023-09-17 21:41:34,187 - fewshot_scanobjectnn_linear_classification - INFO - args.num_workers : 8
2023-09-17 21:41:34,187 - fewshot_scanobjectnn_linear_classification - INFO - args.seed : 0
2023-09-17 21:41:34,187 - fewshot_scanobjectnn_linear_classification - INFO - args.deterministic : False
2023-09-17 21:41:34,187 - fewshot_scanobjectnn_linear_classification - INFO - args.sync_bn : True
2023-09-17 21:41:34,187 - fewshot_scanobjectnn_linear_classification - INFO - args.update_weights_every : 1
2023-09-17 21:41:34,187 - fewshot_scanobjectnn_linear_classification - INFO - args.main_task : 0
2023-09-17 21:41:34,187 - fewshot_scanobjectnn_linear_classification - INFO - args.nashmtl_optim_niter : 20
2023-09-17 21:41:34,187 - fewshot_scanobjectnn_linear_classification - INFO - args.c : 0.4
2023-09-17 21:41:34,187 - fewshot_scanobjectnn_linear_classification - INFO - args.dwa_temp : 2.0
2023-09-17 21:41:34,187 - fewshot_scanobjectnn_linear_classification - INFO - args.method_params_lr : 0.025
2023-09-17 21:41:34,187 - fewshot_scanobjectnn_linear_classification - INFO - args.method : nashmtl
2023-09-17 21:41:34,187 - fewshot_scanobjectnn_linear_classification - INFO - args.gpu : 5
2023-09-17 21:41:34,187 - fewshot_scanobjectnn_linear_classification - INFO - args.large_group : 5
2023-09-17 21:41:34,187 - fewshot_scanobjectnn_linear_classification - INFO - args.small_group : 10
2023-09-17 21:41:34,187 - fewshot_scanobjectnn_linear_classification - INFO - args.large_patch : 6
2023-09-17 21:41:34,188 - fewshot_scanobjectnn_linear_classification - INFO - args.small_patch : 3
2023-09-17 21:41:34,188 - fewshot_scanobjectnn_linear_classification - INFO - args.queue_length : 8192
2023-09-17 21:41:34,188 - fewshot_scanobjectnn_linear_classification - INFO - args.epoch_queue_starts : 10
2023-09-17 21:41:34,188 - fewshot_scanobjectnn_linear_classification - INFO - args.nmb_crops : [5, 10]
2023-09-17 21:41:34,188 - fewshot_scanobjectnn_linear_classification - INFO - args.fea_dim : 384
2023-09-17 21:41:34,188 - fewshot_scanobjectnn_linear_classification - INFO - args.hidden_mlp : 256
2023-09-17 21:41:34,188 - fewshot_scanobjectnn_linear_classification - INFO - args.output_dim : 128
2023-09-17 21:41:34,188 - fewshot_scanobjectnn_linear_classification - INFO - args.nmb_prototypes : 200
2023-09-17 21:41:34,188 - fewshot_scanobjectnn_linear_classification - INFO - args.temperature : 0.1
2023-09-17 21:41:34,188 - fewshot_scanobjectnn_linear_classification - INFO - args.epsilon : 0.05
2023-09-17 21:41:34,188 - fewshot_scanobjectnn_linear_classification - INFO - args.sinkhorn_iterations : 3
2023-09-17 21:41:34,188 - fewshot_scanobjectnn_linear_classification - INFO - args.world_size : 1
2023-09-17 21:41:34,188 - fewshot_scanobjectnn_linear_classification - INFO - args.exp_name : add_as_normal
2023-09-17 21:41:34,188 - fewshot_scanobjectnn_linear_classification - INFO - args.loss : cd1
2023-09-17 21:41:34,188 - fewshot_scanobjectnn_linear_classification - INFO - args.start_ckpts : None
2023-09-17 21:41:34,188 - fewshot_scanobjectnn_linear_classification - INFO - args.ckpts : ./experiments/pretrain_MaskSurf/cfgs/add_as_normal/ckpt-last.pth
2023-09-17 21:41:34,188 - fewshot_scanobjectnn_linear_classification - INFO - args.val_freq : 1
2023-09-17 21:41:34,188 - fewshot_scanobjectnn_linear_classification - INFO - args.vote : False
2023-09-17 21:41:34,188 - fewshot_scanobjectnn_linear_classification - INFO - args.resume : False
2023-09-17 21:41:34,188 - fewshot_scanobjectnn_linear_classification - INFO - args.test : False
2023-09-17 21:41:34,188 - fewshot_scanobjectnn_linear_classification - INFO - args.finetune_model : True
2023-09-17 21:41:34,189 - fewshot_scanobjectnn_linear_classification - INFO - args.scratch_model : False
2023-09-17 21:41:34,189 - fewshot_scanobjectnn_linear_classification - INFO - args.mode : None
2023-09-17 21:41:34,189 - fewshot_scanobjectnn_linear_classification - INFO - args.way : 5
2023-09-17 21:41:34,189 - fewshot_scanobjectnn_linear_classification - INFO - args.shot : 20
2023-09-17 21:41:34,189 - fewshot_scanobjectnn_linear_classification - INFO - args.fold : 5
2023-09-17 21:41:34,189 - fewshot_scanobjectnn_linear_classification - INFO - args.experiment_path : ./experiments/fewshot_scanobjectnn_linear_classification/cfgs/add_as_normal
2023-09-17 21:41:34,189 - fewshot_scanobjectnn_linear_classification - INFO - args.tfboard_path : ./experiments/fewshot_scanobjectnn_linear_classification/cfgs/TFBoard/add_as_normal
2023-09-17 21:41:34,189 - fewshot_scanobjectnn_linear_classification - INFO - args.log_name : fewshot_scanobjectnn_linear_classification
2023-09-17 21:41:34,189 - fewshot_scanobjectnn_linear_classification - INFO - args.use_gpu : True
2023-09-17 21:41:34,189 - fewshot_scanobjectnn_linear_classification - INFO - args.distributed : False
2023-09-17 21:41:34,189 - fewshot_scanobjectnn_linear_classification - INFO - config.optimizer = edict()
2023-09-17 21:41:34,189 - fewshot_scanobjectnn_linear_classification - INFO - config.optimizer.type : AdamW
2023-09-17 21:41:34,189 - fewshot_scanobjectnn_linear_classification - INFO - config.optimizer.part : only_new
2023-09-17 21:41:34,189 - fewshot_scanobjectnn_linear_classification - INFO - config.optimizer.kwargs = edict()
2023-09-17 21:41:34,189 - fewshot_scanobjectnn_linear_classification - INFO - config.optimizer.kwargs.lr : 0.0005
2023-09-17 21:41:34,189 - fewshot_scanobjectnn_linear_classification - INFO - config.optimizer.kwargs.weight_decay : 0.05
2023-09-17 21:41:34,189 - fewshot_scanobjectnn_linear_classification - INFO - config.scheduler = edict()
2023-09-17 21:41:34,189 - fewshot_scanobjectnn_linear_classification - INFO - config.scheduler.type : CosLR
2023-09-17 21:41:34,189 - fewshot_scanobjectnn_linear_classification - INFO - config.scheduler.kwargs = edict()
2023-09-17 21:41:34,189 - fewshot_scanobjectnn_linear_classification - INFO - config.scheduler.kwargs.epochs : 150
2023-09-17 21:41:34,189 - fewshot_scanobjectnn_linear_classification - INFO - config.scheduler.kwargs.initial_epochs : 10
2023-09-17 21:41:34,189 - fewshot_scanobjectnn_linear_classification - INFO - config.dataset = edict()
2023-09-17 21:41:34,190 - fewshot_scanobjectnn_linear_classification - INFO - config.dataset.train = edict()
2023-09-17 21:41:34,190 - fewshot_scanobjectnn_linear_classification - INFO - config.dataset.train._base_ = edict()
2023-09-17 21:41:34,190 - fewshot_scanobjectnn_linear_classification - INFO - config.dataset.train._base_.NAME : ModelNetFewShot
2023-09-17 21:41:34,190 - fewshot_scanobjectnn_linear_classification - INFO - config.dataset.train._base_.DATA_PATH : data/ScanObjectNN_hardest_fewshot
2023-09-17 21:41:34,190 - fewshot_scanobjectnn_linear_classification - INFO - config.dataset.train._base_.N_POINTS : 2048
2023-09-17 21:41:34,190 - fewshot_scanobjectnn_linear_classification - INFO - config.dataset.train._base_.NUM_CATEGORY : 15
2023-09-17 21:41:34,190 - fewshot_scanobjectnn_linear_classification - INFO - config.dataset.train._base_.USE_NORMALS : False
2023-09-17 21:41:34,190 - fewshot_scanobjectnn_linear_classification - INFO - config.dataset.train.others = edict()
2023-09-17 21:41:34,190 - fewshot_scanobjectnn_linear_classification - INFO - config.dataset.train.others.subset : train
2023-09-17 21:41:34,190 - fewshot_scanobjectnn_linear_classification - INFO - config.dataset.train.others.bs : 32
2023-09-17 21:41:34,190 - fewshot_scanobjectnn_linear_classification - INFO - config.dataset.val = edict()
2023-09-17 21:41:34,190 - fewshot_scanobjectnn_linear_classification - INFO - config.dataset.val._base_ = edict()
2023-09-17 21:41:34,190 - fewshot_scanobjectnn_linear_classification - INFO - config.dataset.val._base_.NAME : ModelNetFewShot
2023-09-17 21:41:34,190 - fewshot_scanobjectnn_linear_classification - INFO - config.dataset.val._base_.DATA_PATH : data/ScanObjectNN_hardest_fewshot
2023-09-17 21:41:34,190 - fewshot_scanobjectnn_linear_classification - INFO - config.dataset.val._base_.N_POINTS : 2048
2023-09-17 21:41:34,190 - fewshot_scanobjectnn_linear_classification - INFO - config.dataset.val._base_.NUM_CATEGORY : 15
2023-09-17 21:41:34,190 - fewshot_scanobjectnn_linear_classification - INFO - config.dataset.val._base_.USE_NORMALS : False
2023-09-17 21:41:34,190 - fewshot_scanobjectnn_linear_classification - INFO - config.dataset.val.others = edict()
2023-09-17 21:41:34,190 - fewshot_scanobjectnn_linear_classification - INFO - config.dataset.val.others.subset : test
2023-09-17 21:41:34,190 - fewshot_scanobjectnn_linear_classification - INFO - config.dataset.val.others.bs : 64
2023-09-17 21:41:34,191 - fewshot_scanobjectnn_linear_classification - INFO - config.dataset.test = edict()
2023-09-17 21:41:34,191 - fewshot_scanobjectnn_linear_classification - INFO - config.dataset.test._base_ = edict()
2023-09-17 21:41:34,191 - fewshot_scanobjectnn_linear_classification - INFO - config.dataset.test._base_.NAME : ScanObjectNN_hardest
2023-09-17 21:41:34,191 - fewshot_scanobjectnn_linear_classification - INFO - config.dataset.test._base_.ROOT : data/ScanObjectNN/main_split
2023-09-17 21:41:34,191 - fewshot_scanobjectnn_linear_classification - INFO - config.dataset.test.others = edict()
2023-09-17 21:41:34,191 - fewshot_scanobjectnn_linear_classification - INFO - config.dataset.test.others.subset : test
2023-09-17 21:41:34,191 - fewshot_scanobjectnn_linear_classification - INFO - config.dataset.test.others.bs : 32
2023-09-17 21:41:34,191 - fewshot_scanobjectnn_linear_classification - INFO - config.model = edict()
2023-09-17 21:41:34,191 - fewshot_scanobjectnn_linear_classification - INFO - config.model.NAME : PointTransformerLinearClassification
2023-09-17 21:41:34,191 - fewshot_scanobjectnn_linear_classification - INFO - config.model.trans_dim : 384
2023-09-17 21:41:34,191 - fewshot_scanobjectnn_linear_classification - INFO - config.model.depth : 12
2023-09-17 21:41:34,191 - fewshot_scanobjectnn_linear_classification - INFO - config.model.drop_path_rate : 0.1
2023-09-17 21:41:34,191 - fewshot_scanobjectnn_linear_classification - INFO - config.model.cls_dim : 15
2023-09-17 21:41:34,191 - fewshot_scanobjectnn_linear_classification - INFO - config.model.num_heads : 6
2023-09-17 21:41:34,191 - fewshot_scanobjectnn_linear_classification - INFO - config.model.group_size : 32
2023-09-17 21:41:34,191 - fewshot_scanobjectnn_linear_classification - INFO - config.model.num_group : 64
2023-09-17 21:41:34,191 - fewshot_scanobjectnn_linear_classification - INFO - config.model.encoder_dims : 384
2023-09-17 21:41:34,191 - fewshot_scanobjectnn_linear_classification - INFO - config.npoints : 1024
2023-09-17 21:41:34,192 - fewshot_scanobjectnn_linear_classification - INFO - config.total_bs : 32
2023-09-17 21:41:34,192 - fewshot_scanobjectnn_linear_classification - INFO - config.step_per_update : 1
2023-09-17 21:41:34,192 - fewshot_scanobjectnn_linear_classification - INFO - config.max_epoch : 150
2023-09-17 21:41:34,192 - fewshot_scanobjectnn_linear_classification - INFO - config.grad_norm_clip : 10
2023-09-17 21:41:34,192 - fewshot_scanobjectnn_linear_classification - INFO - Distributed training: False
2023-09-17 21:41:34,192 - fewshot_scanobjectnn_linear_classification - INFO - Set random seed to 0, deterministic: False
2023-09-17 21:41:36,289 - fewshot_scanobjectnn_linear_classification - INFO - Using Data parallel ...
2023-09-17 21:41:41,387 - fewshot_scanobjectnn_linear_classification - INFO - [Training] EPOCH: 0 EpochTime = 5.094 (s) Losses = ['2.7170', '4.1667'] lr = 0.000001
2023-09-17 21:41:41,933 - fewshot_scanobjectnn_linear_classification - INFO - Save checkpoint at ./experiments/fewshot_scanobjectnn_linear_classification/cfgs/add_as_normal/ckpt-last.pth
2023-09-17 21:41:43,093 - fewshot_scanobjectnn_linear_classification - INFO - [Training] EPOCH: 1 EpochTime = 1.158 (s) Losses = ['2.6877', '6.2500'] lr = 0.000051
2023-09-17 21:41:45,197 - fewshot_scanobjectnn_linear_classification - INFO - [Validation] EPOCH: 1  acc = 6.0000
2023-09-17 21:41:45,712 - fewshot_scanobjectnn_linear_classification - INFO - Save checkpoint at ./experiments/fewshot_scanobjectnn_linear_classification/cfgs/add_as_normal/ckpt-best.pth
2023-09-17 21:41:45,712 - fewshot_scanobjectnn_linear_classification - INFO - --------------------------------------------------------------------------------------------
2023-09-17 21:41:46,351 - fewshot_scanobjectnn_linear_classification - INFO - Save checkpoint at ./experiments/fewshot_scanobjectnn_linear_classification/cfgs/add_as_normal/ckpt-last.pth
2023-09-17 21:41:47,563 - fewshot_scanobjectnn_linear_classification - INFO - [Training] EPOCH: 2 EpochTime = 1.210 (s) Losses = ['2.6373', '8.3333'] lr = 0.000101
2023-09-17 21:41:48,437 - fewshot_scanobjectnn_linear_classification - INFO - [Validation] EPOCH: 2  acc = 7.0000
2023-09-17 21:41:48,942 - fewshot_scanobjectnn_linear_classification - INFO - Save checkpoint at ./experiments/fewshot_scanobjectnn_linear_classification/cfgs/add_as_normal/ckpt-best.pth
2023-09-17 21:41:48,942 - fewshot_scanobjectnn_linear_classification - INFO - --------------------------------------------------------------------------------------------
2023-09-17 21:41:49,367 - fewshot_scanobjectnn_linear_classification - INFO - Save checkpoint at ./experiments/fewshot_scanobjectnn_linear_classification/cfgs/add_as_normal/ckpt-last.pth
2023-09-17 21:41:50,684 - fewshot_scanobjectnn_linear_classification - INFO - [Training] EPOCH: 3 EpochTime = 1.315 (s) Losses = ['2.5263', '17.7083'] lr = 0.000151
2023-09-17 21:41:51,558 - fewshot_scanobjectnn_linear_classification - INFO - [Validation] EPOCH: 3  acc = 18.0000
2023-09-17 21:41:52,036 - fewshot_scanobjectnn_linear_classification - INFO - Save checkpoint at ./experiments/fewshot_scanobjectnn_linear_classification/cfgs/add_as_normal/ckpt-best.pth
2023-09-17 21:41:52,037 - fewshot_scanobjectnn_linear_classification - INFO - --------------------------------------------------------------------------------------------
2023-09-17 21:41:52,447 - fewshot_scanobjectnn_linear_classification - INFO - Save checkpoint at ./experiments/fewshot_scanobjectnn_linear_classification/cfgs/add_as_normal/ckpt-last.pth
2023-09-17 21:41:53,609 - fewshot_scanobjectnn_linear_classification - INFO - [Training] EPOCH: 4 EpochTime = 1.161 (s) Losses = ['2.3337', '21.8750'] lr = 0.000201
2023-09-17 21:41:54,562 - fewshot_scanobjectnn_linear_classification - INFO - [Validation] EPOCH: 4  acc = 21.0000
2023-09-17 21:41:55,040 - fewshot_scanobjectnn_linear_classification - INFO - Save checkpoint at ./experiments/fewshot_scanobjectnn_linear_classification/cfgs/add_as_normal/ckpt-best.pth
2023-09-17 21:41:55,040 - fewshot_scanobjectnn_linear_classification - INFO - --------------------------------------------------------------------------------------------
2023-09-17 21:41:55,451 - fewshot_scanobjectnn_linear_classification - INFO - Save checkpoint at ./experiments/fewshot_scanobjectnn_linear_classification/cfgs/add_as_normal/ckpt-last.pth
2023-09-17 21:41:56,596 - fewshot_scanobjectnn_linear_classification - INFO - [Training] EPOCH: 5 EpochTime = 1.143 (s) Losses = ['2.1141', '20.8333'] lr = 0.000251
2023-09-17 21:41:57,617 - fewshot_scanobjectnn_linear_classification - INFO - [Validation] EPOCH: 5  acc = 19.0000
2023-09-17 21:41:58,519 - fewshot_scanobjectnn_linear_classification - INFO - Save checkpoint at ./experiments/fewshot_scanobjectnn_linear_classification/cfgs/add_as_normal/ckpt-last.pth
2023-09-17 21:41:59,641 - fewshot_scanobjectnn_linear_classification - INFO - [Training] EPOCH: 6 EpochTime = 1.121 (s) Losses = ['1.9267', '23.9583'] lr = 0.000300
2023-09-17 21:42:00,524 - fewshot_scanobjectnn_linear_classification - INFO - [Validation] EPOCH: 6  acc = 21.0000
2023-09-17 21:42:01,140 - fewshot_scanobjectnn_linear_classification - INFO - Save checkpoint at ./experiments/fewshot_scanobjectnn_linear_classification/cfgs/add_as_normal/ckpt-last.pth
2023-09-17 21:42:02,329 - fewshot_scanobjectnn_linear_classification - INFO - [Training] EPOCH: 7 EpochTime = 1.188 (s) Losses = ['1.7680', '15.6250'] lr = 0.000350
2023-09-17 21:42:03,262 - fewshot_scanobjectnn_linear_classification - INFO - [Validation] EPOCH: 7  acc = 18.0000
2023-09-17 21:42:03,786 - fewshot_scanobjectnn_linear_classification - INFO - Save checkpoint at ./experiments/fewshot_scanobjectnn_linear_classification/cfgs/add_as_normal/ckpt-last.pth
2023-09-17 21:42:04,933 - fewshot_scanobjectnn_linear_classification - INFO - [Training] EPOCH: 8 EpochTime = 1.145 (s) Losses = ['1.6839', '23.9583'] lr = 0.000400
2023-09-17 21:42:05,840 - fewshot_scanobjectnn_linear_classification - INFO - [Validation] EPOCH: 8  acc = 20.0000
2023-09-17 21:42:06,540 - fewshot_scanobjectnn_linear_classification - INFO - Save checkpoint at ./experiments/fewshot_scanobjectnn_linear_classification/cfgs/add_as_normal/ckpt-last.pth
2023-09-17 21:42:07,686 - fewshot_scanobjectnn_linear_classification - INFO - [Training] EPOCH: 9 EpochTime = 1.144 (s) Losses = ['1.6197', '27.0833'] lr = 0.000450
2023-09-17 21:42:08,540 - fewshot_scanobjectnn_linear_classification - INFO - [Validation] EPOCH: 9  acc = 22.0000
2023-09-17 21:42:09,043 - fewshot_scanobjectnn_linear_classification - INFO - Save checkpoint at ./experiments/fewshot_scanobjectnn_linear_classification/cfgs/add_as_normal/ckpt-best.pth
2023-09-17 21:42:09,043 - fewshot_scanobjectnn_linear_classification - INFO - --------------------------------------------------------------------------------------------
2023-09-17 21:42:09,519 - fewshot_scanobjectnn_linear_classification - INFO - Save checkpoint at ./experiments/fewshot_scanobjectnn_linear_classification/cfgs/add_as_normal/ckpt-last.pth
2023-09-17 21:42:10,743 - fewshot_scanobjectnn_linear_classification - INFO - [Training] EPOCH: 10 EpochTime = 1.222 (s) Losses = ['1.5805', '30.2083'] lr = 0.000495
2023-09-17 21:42:11,673 - fewshot_scanobjectnn_linear_classification - INFO - [Validation] EPOCH: 10  acc = 26.0000
2023-09-17 21:42:12,224 - fewshot_scanobjectnn_linear_classification - INFO - Save checkpoint at ./experiments/fewshot_scanobjectnn_linear_classification/cfgs/add_as_normal/ckpt-best.pth
2023-09-17 21:42:12,224 - fewshot_scanobjectnn_linear_classification - INFO - --------------------------------------------------------------------------------------------
2023-09-17 21:42:12,757 - fewshot_scanobjectnn_linear_classification - INFO - Save checkpoint at ./experiments/fewshot_scanobjectnn_linear_classification/cfgs/add_as_normal/ckpt-last.pth
2023-09-17 21:42:13,946 - fewshot_scanobjectnn_linear_classification - INFO - [Training] EPOCH: 11 EpochTime = 1.188 (s) Losses = ['1.5616', '37.5000'] lr = 0.000493
2023-09-17 21:42:14,837 - fewshot_scanobjectnn_linear_classification - INFO - [Validation] EPOCH: 11  acc = 30.0000
2023-09-17 21:42:15,283 - fewshot_scanobjectnn_linear_classification - INFO - Save checkpoint at ./experiments/fewshot_scanobjectnn_linear_classification/cfgs/add_as_normal/ckpt-best.pth
2023-09-17 21:42:15,283 - fewshot_scanobjectnn_linear_classification - INFO - --------------------------------------------------------------------------------------------
2023-09-17 21:42:15,706 - fewshot_scanobjectnn_linear_classification - INFO - Save checkpoint at ./experiments/fewshot_scanobjectnn_linear_classification/cfgs/add_as_normal/ckpt-last.pth
2023-09-17 21:42:16,856 - fewshot_scanobjectnn_linear_classification - INFO - [Training] EPOCH: 12 EpochTime = 1.148 (s) Losses = ['1.5469', '33.3333'] lr = 0.000492
2023-09-17 21:42:17,727 - fewshot_scanobjectnn_linear_classification - INFO - [Validation] EPOCH: 12  acc = 39.0000
2023-09-17 21:42:18,187 - fewshot_scanobjectnn_linear_classification - INFO - Save checkpoint at ./experiments/fewshot_scanobjectnn_linear_classification/cfgs/add_as_normal/ckpt-best.pth
2023-09-17 21:42:18,188 - fewshot_scanobjectnn_linear_classification - INFO - --------------------------------------------------------------------------------------------
2023-09-17 21:42:18,662 - fewshot_scanobjectnn_linear_classification - INFO - Save checkpoint at ./experiments/fewshot_scanobjectnn_linear_classification/cfgs/add_as_normal/ckpt-last.pth
2023-09-17 21:42:19,812 - fewshot_scanobjectnn_linear_classification - INFO - [Training] EPOCH: 13 EpochTime = 1.148 (s) Losses = ['1.5138', '32.2917'] lr = 0.000491
2023-09-17 21:42:20,729 - fewshot_scanobjectnn_linear_classification - INFO - [Validation] EPOCH: 13  acc = 40.0000
2023-09-17 21:42:21,260 - fewshot_scanobjectnn_linear_classification - INFO - Save checkpoint at ./experiments/fewshot_scanobjectnn_linear_classification/cfgs/add_as_normal/ckpt-best.pth
2023-09-17 21:42:21,260 - fewshot_scanobjectnn_linear_classification - INFO - --------------------------------------------------------------------------------------------
2023-09-17 21:42:21,730 - fewshot_scanobjectnn_linear_classification - INFO - Save checkpoint at ./experiments/fewshot_scanobjectnn_linear_classification/cfgs/add_as_normal/ckpt-last.pth
2023-09-17 21:42:22,848 - fewshot_scanobjectnn_linear_classification - INFO - [Training] EPOCH: 14 EpochTime = 1.116 (s) Losses = ['1.4809', '42.7083'] lr = 0.000489
2023-09-17 21:42:23,715 - fewshot_scanobjectnn_linear_classification - INFO - [Validation] EPOCH: 14  acc = 31.0000
2023-09-17 21:42:24,202 - fewshot_scanobjectnn_linear_classification - INFO - Save checkpoint at ./experiments/fewshot_scanobjectnn_linear_classification/cfgs/add_as_normal/ckpt-last.pth
2023-09-17 21:42:25,361 - fewshot_scanobjectnn_linear_classification - INFO - [Training] EPOCH: 15 EpochTime = 1.157 (s) Losses = ['1.4725', '33.3333'] lr = 0.000488
2023-09-17 21:42:26,276 - fewshot_scanobjectnn_linear_classification - INFO - [Validation] EPOCH: 15  acc = 30.0000
2023-09-17 21:42:26,758 - fewshot_scanobjectnn_linear_classification - INFO - Save checkpoint at ./experiments/fewshot_scanobjectnn_linear_classification/cfgs/add_as_normal/ckpt-last.pth
2023-09-17 21:42:27,910 - fewshot_scanobjectnn_linear_classification - INFO - [Training] EPOCH: 16 EpochTime = 1.150 (s) Losses = ['1.4465', '43.7500'] lr = 0.000486
2023-09-17 21:42:28,823 - fewshot_scanobjectnn_linear_classification - INFO - [Validation] EPOCH: 16  acc = 34.0000
2023-09-17 21:42:29,533 - fewshot_scanobjectnn_linear_classification - INFO - Save checkpoint at ./experiments/fewshot_scanobjectnn_linear_classification/cfgs/add_as_normal/ckpt-last.pth
2023-09-17 21:42:30,663 - fewshot_scanobjectnn_linear_classification - INFO - [Training] EPOCH: 17 EpochTime = 1.128 (s) Losses = ['1.4193', '48.9583'] lr = 0.000484
2023-09-17 21:42:31,537 - fewshot_scanobjectnn_linear_classification - INFO - [Validation] EPOCH: 17  acc = 39.0000
2023-09-17 21:42:32,195 - fewshot_scanobjectnn_linear_classification - INFO - Save checkpoint at ./experiments/fewshot_scanobjectnn_linear_classification/cfgs/add_as_normal/ckpt-last.pth
2023-09-17 21:42:33,353 - fewshot_scanobjectnn_linear_classification - INFO - [Training] EPOCH: 18 EpochTime = 1.156 (s) Losses = ['1.4018', '46.8750'] lr = 0.000482
2023-09-17 21:42:34,236 - fewshot_scanobjectnn_linear_classification - INFO - [Validation] EPOCH: 18  acc = 42.0000
2023-09-17 21:42:35,000 - fewshot_scanobjectnn_linear_classification - INFO - Save checkpoint at ./experiments/fewshot_scanobjectnn_linear_classification/cfgs/add_as_normal/ckpt-best.pth
2023-09-17 21:42:35,000 - fewshot_scanobjectnn_linear_classification - INFO - --------------------------------------------------------------------------------------------
2023-09-17 21:42:35,711 - fewshot_scanobjectnn_linear_classification - INFO - Save checkpoint at ./experiments/fewshot_scanobjectnn_linear_classification/cfgs/add_as_normal/ckpt-last.pth
2023-09-17 21:42:36,887 - fewshot_scanobjectnn_linear_classification - INFO - [Training] EPOCH: 19 EpochTime = 1.175 (s) Losses = ['1.3806', '47.9167'] lr = 0.000481
2023-09-17 21:42:37,812 - fewshot_scanobjectnn_linear_classification - INFO - [Validation] EPOCH: 19  acc = 44.0000
2023-09-17 21:42:38,326 - fewshot_scanobjectnn_linear_classification - INFO - Save checkpoint at ./experiments/fewshot_scanobjectnn_linear_classification/cfgs/add_as_normal/ckpt-best.pth
2023-09-17 21:42:38,327 - fewshot_scanobjectnn_linear_classification - INFO - --------------------------------------------------------------------------------------------
2023-09-17 21:42:38,860 - fewshot_scanobjectnn_linear_classification - INFO - Save checkpoint at ./experiments/fewshot_scanobjectnn_linear_classification/cfgs/add_as_normal/ckpt-last.pth
2023-09-17 21:42:40,112 - fewshot_scanobjectnn_linear_classification - INFO - [Training] EPOCH: 20 EpochTime = 1.250 (s) Losses = ['1.4229', '46.8750'] lr = 0.000478
2023-09-17 21:42:40,982 - fewshot_scanobjectnn_linear_classification - INFO - [Validation] EPOCH: 20  acc = 41.0000
2023-09-17 21:42:41,484 - fewshot_scanobjectnn_linear_classification - INFO - Save checkpoint at ./experiments/fewshot_scanobjectnn_linear_classification/cfgs/add_as_normal/ckpt-last.pth
2023-09-17 21:42:42,635 - fewshot_scanobjectnn_linear_classification - INFO - [Training] EPOCH: 21 EpochTime = 1.149 (s) Losses = ['1.3532', '58.3333'] lr = 0.000476
2023-09-17 21:42:43,586 - fewshot_scanobjectnn_linear_classification - INFO - [Validation] EPOCH: 21  acc = 40.0000
2023-09-17 21:42:44,081 - fewshot_scanobjectnn_linear_classification - INFO - Save checkpoint at ./experiments/fewshot_scanobjectnn_linear_classification/cfgs/add_as_normal/ckpt-last.pth
2023-09-17 21:42:45,233 - fewshot_scanobjectnn_linear_classification - INFO - [Training] EPOCH: 22 EpochTime = 1.149 (s) Losses = ['1.4000', '44.7917'] lr = 0.000474
2023-09-17 21:42:46,128 - fewshot_scanobjectnn_linear_classification - INFO - [Validation] EPOCH: 22  acc = 38.0000
2023-09-17 21:42:46,606 - fewshot_scanobjectnn_linear_classification - INFO - Save checkpoint at ./experiments/fewshot_scanobjectnn_linear_classification/cfgs/add_as_normal/ckpt-last.pth
2023-09-17 21:42:47,797 - fewshot_scanobjectnn_linear_classification - INFO - [Training] EPOCH: 23 EpochTime = 1.189 (s) Losses = ['1.3558', '50.0000'] lr = 0.000472
2023-09-17 21:42:48,714 - fewshot_scanobjectnn_linear_classification - INFO - [Validation] EPOCH: 23  acc = 36.0000
2023-09-17 21:42:49,346 - fewshot_scanobjectnn_linear_classification - INFO - Save checkpoint at ./experiments/fewshot_scanobjectnn_linear_classification/cfgs/add_as_normal/ckpt-last.pth
2023-09-17 21:42:50,509 - fewshot_scanobjectnn_linear_classification - INFO - [Training] EPOCH: 24 EpochTime = 1.162 (s) Losses = ['1.3357', '55.2083'] lr = 0.000469
2023-09-17 21:42:51,387 - fewshot_scanobjectnn_linear_classification - INFO - [Validation] EPOCH: 24  acc = 40.0000
2023-09-17 21:42:51,816 - fewshot_scanobjectnn_linear_classification - INFO - Save checkpoint at ./experiments/fewshot_scanobjectnn_linear_classification/cfgs/add_as_normal/ckpt-last.pth
2023-09-17 21:42:52,967 - fewshot_scanobjectnn_linear_classification - INFO - [Training] EPOCH: 25 EpochTime = 1.149 (s) Losses = ['1.2895', '52.0833'] lr = 0.000467
2023-09-17 21:42:53,871 - fewshot_scanobjectnn_linear_classification - INFO - [Validation] EPOCH: 25  acc = 43.0000
2023-09-17 21:42:54,365 - fewshot_scanobjectnn_linear_classification - INFO - Save checkpoint at ./experiments/fewshot_scanobjectnn_linear_classification/cfgs/add_as_normal/ckpt-last.pth
2023-09-17 21:42:55,525 - fewshot_scanobjectnn_linear_classification - INFO - [Training] EPOCH: 26 EpochTime = 1.157 (s) Losses = ['1.2529', '58.3333'] lr = 0.000464
2023-09-17 21:42:56,398 - fewshot_scanobjectnn_linear_classification - INFO - [Validation] EPOCH: 26  acc = 43.0000
2023-09-17 21:42:56,834 - fewshot_scanobjectnn_linear_classification - INFO - Save checkpoint at ./experiments/fewshot_scanobjectnn_linear_classification/cfgs/add_as_normal/ckpt-last.pth
2023-09-17 21:42:57,993 - fewshot_scanobjectnn_linear_classification - INFO - [Training] EPOCH: 27 EpochTime = 1.157 (s) Losses = ['1.2634', '58.3333'] lr = 0.000461
2023-09-17 21:42:58,853 - fewshot_scanobjectnn_linear_classification - INFO - [Validation] EPOCH: 27  acc = 45.0000
2023-09-17 21:42:59,312 - fewshot_scanobjectnn_linear_classification - INFO - Save checkpoint at ./experiments/fewshot_scanobjectnn_linear_classification/cfgs/add_as_normal/ckpt-best.pth
2023-09-17 21:42:59,313 - fewshot_scanobjectnn_linear_classification - INFO - --------------------------------------------------------------------------------------------
2023-09-17 21:42:59,973 - fewshot_scanobjectnn_linear_classification - INFO - Save checkpoint at ./experiments/fewshot_scanobjectnn_linear_classification/cfgs/add_as_normal/ckpt-last.pth
2023-09-17 21:43:01,187 - fewshot_scanobjectnn_linear_classification - INFO - [Training] EPOCH: 28 EpochTime = 1.210 (s) Losses = ['1.3147', '46.8750'] lr = 0.000458
2023-09-17 21:43:02,062 - fewshot_scanobjectnn_linear_classification - INFO - [Validation] EPOCH: 28  acc = 43.0000
2023-09-17 21:43:02,767 - fewshot_scanobjectnn_linear_classification - INFO - Save checkpoint at ./experiments/fewshot_scanobjectnn_linear_classification/cfgs/add_as_normal/ckpt-last.pth
2023-09-17 21:43:03,952 - fewshot_scanobjectnn_linear_classification - INFO - [Training] EPOCH: 29 EpochTime = 1.182 (s) Losses = ['1.2809', '57.2917'] lr = 0.000455
2023-09-17 21:43:04,963 - fewshot_scanobjectnn_linear_classification - INFO - [Validation] EPOCH: 29  acc = 40.0000
2023-09-17 21:43:05,385 - fewshot_scanobjectnn_linear_classification - INFO - Save checkpoint at ./experiments/fewshot_scanobjectnn_linear_classification/cfgs/add_as_normal/ckpt-last.pth
2023-09-17 21:43:06,563 - fewshot_scanobjectnn_linear_classification - INFO - [Training] EPOCH: 30 EpochTime = 1.176 (s) Losses = ['1.2640', '60.4167'] lr = 0.000452
2023-09-17 21:43:07,467 - fewshot_scanobjectnn_linear_classification - INFO - [Validation] EPOCH: 30  acc = 41.0000
2023-09-17 21:43:07,954 - fewshot_scanobjectnn_linear_classification - INFO - Save checkpoint at ./experiments/fewshot_scanobjectnn_linear_classification/cfgs/add_as_normal/ckpt-last.pth
2023-09-17 21:43:09,091 - fewshot_scanobjectnn_linear_classification - INFO - [Training] EPOCH: 31 EpochTime = 1.136 (s) Losses = ['1.2733', '54.1667'] lr = 0.000449
2023-09-17 21:43:09,974 - fewshot_scanobjectnn_linear_classification - INFO - [Validation] EPOCH: 31  acc = 43.0000
2023-09-17 21:43:10,882 - fewshot_scanobjectnn_linear_classification - INFO - Save checkpoint at ./experiments/fewshot_scanobjectnn_linear_classification/cfgs/add_as_normal/ckpt-last.pth
2023-09-17 21:43:12,004 - fewshot_scanobjectnn_linear_classification - INFO - [Training] EPOCH: 32 EpochTime = 1.120 (s) Losses = ['1.3116', '56.2500'] lr = 0.000446
2023-09-17 21:43:12,930 - fewshot_scanobjectnn_linear_classification - INFO - [Validation] EPOCH: 32  acc = 43.0000
2023-09-17 21:43:14,165 - fewshot_scanobjectnn_linear_classification - INFO - Save checkpoint at ./experiments/fewshot_scanobjectnn_linear_classification/cfgs/add_as_normal/ckpt-last.pth
2023-09-17 21:43:15,344 - fewshot_scanobjectnn_linear_classification - INFO - [Training] EPOCH: 33 EpochTime = 1.177 (s) Losses = ['1.1981', '63.5417'] lr = 0.000443
2023-09-17 21:43:16,297 - fewshot_scanobjectnn_linear_classification - INFO - [Validation] EPOCH: 33  acc = 43.0000
2023-09-17 21:43:16,921 - fewshot_scanobjectnn_linear_classification - INFO - Save checkpoint at ./experiments/fewshot_scanobjectnn_linear_classification/cfgs/add_as_normal/ckpt-last.pth
2023-09-17 21:43:18,155 - fewshot_scanobjectnn_linear_classification - INFO - [Training] EPOCH: 34 EpochTime = 1.232 (s) Losses = ['1.2409', '56.2500'] lr = 0.000439
2023-09-17 21:43:19,048 - fewshot_scanobjectnn_linear_classification - INFO - [Validation] EPOCH: 34  acc = 46.0000
2023-09-17 21:43:19,757 - fewshot_scanobjectnn_linear_classification - INFO - Save checkpoint at ./experiments/fewshot_scanobjectnn_linear_classification/cfgs/add_as_normal/ckpt-best.pth
2023-09-17 21:43:19,758 - fewshot_scanobjectnn_linear_classification - INFO - --------------------------------------------------------------------------------------------
2023-09-17 21:43:20,317 - fewshot_scanobjectnn_linear_classification - INFO - Save checkpoint at ./experiments/fewshot_scanobjectnn_linear_classification/cfgs/add_as_normal/ckpt-last.pth
2023-09-17 21:43:21,541 - fewshot_scanobjectnn_linear_classification - INFO - [Training] EPOCH: 35 EpochTime = 1.222 (s) Losses = ['1.2327', '59.3750'] lr = 0.000436
2023-09-17 21:43:22,433 - fewshot_scanobjectnn_linear_classification - INFO - [Validation] EPOCH: 35  acc = 45.0000
2023-09-17 21:43:22,904 - fewshot_scanobjectnn_linear_classification - INFO - Save checkpoint at ./experiments/fewshot_scanobjectnn_linear_classification/cfgs/add_as_normal/ckpt-last.pth
2023-09-17 21:43:24,064 - fewshot_scanobjectnn_linear_classification - INFO - [Training] EPOCH: 36 EpochTime = 1.157 (s) Losses = ['1.2060', '60.4167'] lr = 0.000432
2023-09-17 21:43:25,027 - fewshot_scanobjectnn_linear_classification - INFO - [Validation] EPOCH: 36  acc = 47.0000
2023-09-17 21:43:25,562 - fewshot_scanobjectnn_linear_classification - INFO - Save checkpoint at ./experiments/fewshot_scanobjectnn_linear_classification/cfgs/add_as_normal/ckpt-best.pth
2023-09-17 21:43:25,562 - fewshot_scanobjectnn_linear_classification - INFO - --------------------------------------------------------------------------------------------
2023-09-17 21:43:26,110 - fewshot_scanobjectnn_linear_classification - INFO - Save checkpoint at ./experiments/fewshot_scanobjectnn_linear_classification/cfgs/add_as_normal/ckpt-last.pth
2023-09-17 21:43:27,268 - fewshot_scanobjectnn_linear_classification - INFO - [Training] EPOCH: 37 EpochTime = 1.156 (s) Losses = ['1.1933', '58.3333'] lr = 0.000429
2023-09-17 21:43:28,138 - fewshot_scanobjectnn_linear_classification - INFO - [Validation] EPOCH: 37  acc = 44.0000
2023-09-17 21:43:28,619 - fewshot_scanobjectnn_linear_classification - INFO - Save checkpoint at ./experiments/fewshot_scanobjectnn_linear_classification/cfgs/add_as_normal/ckpt-last.pth
2023-09-17 21:43:29,804 - fewshot_scanobjectnn_linear_classification - INFO - [Training] EPOCH: 38 EpochTime = 1.184 (s) Losses = ['1.2039', '57.2917'] lr = 0.000425
2023-09-17 21:43:30,761 - fewshot_scanobjectnn_linear_classification - INFO - [Validation] EPOCH: 38  acc = 45.0000
2023-09-17 21:43:31,340 - fewshot_scanobjectnn_linear_classification - INFO - Save checkpoint at ./experiments/fewshot_scanobjectnn_linear_classification/cfgs/add_as_normal/ckpt-last.pth
2023-09-17 21:43:32,491 - fewshot_scanobjectnn_linear_classification - INFO - [Training] EPOCH: 39 EpochTime = 1.150 (s) Losses = ['1.1701', '59.3750'] lr = 0.000421
2023-09-17 21:43:33,408 - fewshot_scanobjectnn_linear_classification - INFO - [Validation] EPOCH: 39  acc = 47.0000
2023-09-17 21:43:34,104 - fewshot_scanobjectnn_linear_classification - INFO - Save checkpoint at ./experiments/fewshot_scanobjectnn_linear_classification/cfgs/add_as_normal/ckpt-last.pth
2023-09-17 21:43:35,219 - fewshot_scanobjectnn_linear_classification - INFO - [Training] EPOCH: 40 EpochTime = 1.113 (s) Losses = ['1.1823', '64.5833'] lr = 0.000417
2023-09-17 21:43:36,075 - fewshot_scanobjectnn_linear_classification - INFO - [Validation] EPOCH: 40  acc = 46.0000
2023-09-17 21:43:36,466 - fewshot_scanobjectnn_linear_classification - INFO - Save checkpoint at ./experiments/fewshot_scanobjectnn_linear_classification/cfgs/add_as_normal/ckpt-last.pth
2023-09-17 21:43:37,605 - fewshot_scanobjectnn_linear_classification - INFO - [Training] EPOCH: 41 EpochTime = 1.137 (s) Losses = ['1.1819', '60.4167'] lr = 0.000414
2023-09-17 21:43:38,477 - fewshot_scanobjectnn_linear_classification - INFO - [Validation] EPOCH: 41  acc = 45.0000
2023-09-17 21:43:39,064 - fewshot_scanobjectnn_linear_classification - INFO - Save checkpoint at ./experiments/fewshot_scanobjectnn_linear_classification/cfgs/add_as_normal/ckpt-last.pth
2023-09-17 21:43:40,193 - fewshot_scanobjectnn_linear_classification - INFO - [Training] EPOCH: 42 EpochTime = 1.127 (s) Losses = ['1.2097', '59.3750'] lr = 0.000410
2023-09-17 21:43:41,100 - fewshot_scanobjectnn_linear_classification - INFO - [Validation] EPOCH: 42  acc = 49.0000
2023-09-17 21:43:41,575 - fewshot_scanobjectnn_linear_classification - INFO - Save checkpoint at ./experiments/fewshot_scanobjectnn_linear_classification/cfgs/add_as_normal/ckpt-best.pth
2023-09-17 21:43:41,575 - fewshot_scanobjectnn_linear_classification - INFO - --------------------------------------------------------------------------------------------
2023-09-17 21:43:41,997 - fewshot_scanobjectnn_linear_classification - INFO - Save checkpoint at ./experiments/fewshot_scanobjectnn_linear_classification/cfgs/add_as_normal/ckpt-last.pth
2023-09-17 21:43:43,150 - fewshot_scanobjectnn_linear_classification - INFO - [Training] EPOCH: 43 EpochTime = 1.151 (s) Losses = ['1.1408', '61.4583'] lr = 0.000405
2023-09-17 21:43:44,115 - fewshot_scanobjectnn_linear_classification - INFO - [Validation] EPOCH: 43  acc = 46.0000
2023-09-17 21:43:44,592 - fewshot_scanobjectnn_linear_classification - INFO - Save checkpoint at ./experiments/fewshot_scanobjectnn_linear_classification/cfgs/add_as_normal/ckpt-last.pth
2023-09-17 21:43:45,792 - fewshot_scanobjectnn_linear_classification - INFO - [Training] EPOCH: 44 EpochTime = 1.132 (s) Losses = ['1.1680', '61.4583'] lr = 0.000401
2023-09-17 21:43:46,698 - fewshot_scanobjectnn_linear_classification - INFO - [Validation] EPOCH: 44  acc = 46.0000
2023-09-17 21:43:47,441 - fewshot_scanobjectnn_linear_classification - INFO - Save checkpoint at ./experiments/fewshot_scanobjectnn_linear_classification/cfgs/add_as_normal/ckpt-last.pth
2023-09-17 21:43:48,637 - fewshot_scanobjectnn_linear_classification - INFO - [Training] EPOCH: 45 EpochTime = 1.195 (s) Losses = ['1.1692', '62.5000'] lr = 0.000397
2023-09-17 21:43:49,514 - fewshot_scanobjectnn_linear_classification - INFO - [Validation] EPOCH: 45  acc = 41.0000
2023-09-17 21:43:50,145 - fewshot_scanobjectnn_linear_classification - INFO - Save checkpoint at ./experiments/fewshot_scanobjectnn_linear_classification/cfgs/add_as_normal/ckpt-last.pth
2023-09-17 21:43:51,314 - fewshot_scanobjectnn_linear_classification - INFO - [Training] EPOCH: 46 EpochTime = 1.167 (s) Losses = ['1.1349', '58.3333'] lr = 0.000393
2023-09-17 21:43:52,295 - fewshot_scanobjectnn_linear_classification - INFO - [Validation] EPOCH: 46  acc = 44.0000
2023-09-17 21:43:52,781 - fewshot_scanobjectnn_linear_classification - INFO - Save checkpoint at ./experiments/fewshot_scanobjectnn_linear_classification/cfgs/add_as_normal/ckpt-last.pth
2023-09-17 21:43:53,923 - fewshot_scanobjectnn_linear_classification - INFO - [Training] EPOCH: 47 EpochTime = 1.140 (s) Losses = ['1.0975', '61.4583'] lr = 0.000389
2023-09-17 21:43:54,810 - fewshot_scanobjectnn_linear_classification - INFO - [Validation] EPOCH: 47  acc = 47.0000
2023-09-17 21:43:55,321 - fewshot_scanobjectnn_linear_classification - INFO - Save checkpoint at ./experiments/fewshot_scanobjectnn_linear_classification/cfgs/add_as_normal/ckpt-last.pth
2023-09-17 21:43:56,517 - fewshot_scanobjectnn_linear_classification - INFO - [Training] EPOCH: 48 EpochTime = 1.194 (s) Losses = ['1.1967', '52.0833'] lr = 0.000384
2023-09-17 21:43:57,398 - fewshot_scanobjectnn_linear_classification - INFO - [Validation] EPOCH: 48  acc = 47.0000
2023-09-17 21:43:57,904 - fewshot_scanobjectnn_linear_classification - INFO - Save checkpoint at ./experiments/fewshot_scanobjectnn_linear_classification/cfgs/add_as_normal/ckpt-last.pth
2023-09-17 21:43:59,055 - fewshot_scanobjectnn_linear_classification - INFO - [Training] EPOCH: 49 EpochTime = 1.149 (s) Losses = ['1.1685', '57.2917'] lr = 0.000380
2023-09-17 21:43:59,924 - fewshot_scanobjectnn_linear_classification - INFO - [Validation] EPOCH: 49  acc = 48.0000
2023-09-17 21:44:00,399 - fewshot_scanobjectnn_linear_classification - INFO - Save checkpoint at ./experiments/fewshot_scanobjectnn_linear_classification/cfgs/add_as_normal/ckpt-last.pth
2023-09-17 21:44:01,606 - fewshot_scanobjectnn_linear_classification - INFO - [Training] EPOCH: 50 EpochTime = 1.206 (s) Losses = ['1.1544', '58.3333'] lr = 0.000375
2023-09-17 21:44:02,628 - fewshot_scanobjectnn_linear_classification - INFO - [Validation] EPOCH: 50  acc = 46.0000
2023-09-17 21:44:03,136 - fewshot_scanobjectnn_linear_classification - INFO - Save checkpoint at ./experiments/fewshot_scanobjectnn_linear_classification/cfgs/add_as_normal/ckpt-last.pth
2023-09-17 21:44:04,281 - fewshot_scanobjectnn_linear_classification - INFO - [Training] EPOCH: 51 EpochTime = 1.143 (s) Losses = ['1.1345', '60.4167'] lr = 0.000371
2023-09-17 21:44:05,146 - fewshot_scanobjectnn_linear_classification - INFO - [Validation] EPOCH: 51  acc = 46.0000
2023-09-17 21:44:06,024 - fewshot_scanobjectnn_linear_classification - INFO - Save checkpoint at ./experiments/fewshot_scanobjectnn_linear_classification/cfgs/add_as_normal/ckpt-last.pth
2023-09-17 21:44:07,235 - fewshot_scanobjectnn_linear_classification - INFO - [Training] EPOCH: 52 EpochTime = 1.209 (s) Losses = ['1.0900', '64.5833'] lr = 0.000366
2023-09-17 21:44:08,168 - fewshot_scanobjectnn_linear_classification - INFO - [Validation] EPOCH: 52  acc = 44.0000
2023-09-17 21:44:08,953 - fewshot_scanobjectnn_linear_classification - INFO - Save checkpoint at ./experiments/fewshot_scanobjectnn_linear_classification/cfgs/add_as_normal/ckpt-last.pth
2023-09-17 21:44:10,097 - fewshot_scanobjectnn_linear_classification - INFO - [Training] EPOCH: 53 EpochTime = 1.143 (s) Losses = ['1.0578', '65.6250'] lr = 0.000361
2023-09-17 21:44:11,005 - fewshot_scanobjectnn_linear_classification - INFO - [Validation] EPOCH: 53  acc = 51.0000
2023-09-17 21:44:11,899 - fewshot_scanobjectnn_linear_classification - INFO - Save checkpoint at ./experiments/fewshot_scanobjectnn_linear_classification/cfgs/add_as_normal/ckpt-best.pth
2023-09-17 21:44:11,899 - fewshot_scanobjectnn_linear_classification - INFO - --------------------------------------------------------------------------------------------
2023-09-17 21:44:12,350 - fewshot_scanobjectnn_linear_classification - INFO - Save checkpoint at ./experiments/fewshot_scanobjectnn_linear_classification/cfgs/add_as_normal/ckpt-last.pth
2023-09-17 21:44:13,578 - fewshot_scanobjectnn_linear_classification - INFO - [Training] EPOCH: 54 EpochTime = 1.226 (s) Losses = ['1.0882', '60.4167'] lr = 0.000357
2023-09-17 21:44:14,592 - fewshot_scanobjectnn_linear_classification - INFO - [Validation] EPOCH: 54  acc = 49.0000
2023-09-17 21:44:15,069 - fewshot_scanobjectnn_linear_classification - INFO - Save checkpoint at ./experiments/fewshot_scanobjectnn_linear_classification/cfgs/add_as_normal/ckpt-last.pth
2023-09-17 21:44:16,206 - fewshot_scanobjectnn_linear_classification - INFO - [Training] EPOCH: 55 EpochTime = 1.135 (s) Losses = ['1.1456', '58.3333'] lr = 0.000352
2023-09-17 21:44:17,094 - fewshot_scanobjectnn_linear_classification - INFO - [Validation] EPOCH: 55  acc = 51.0000
2023-09-17 21:44:17,982 - fewshot_scanobjectnn_linear_classification - INFO - Save checkpoint at ./experiments/fewshot_scanobjectnn_linear_classification/cfgs/add_as_normal/ckpt-last.pth
2023-09-17 21:44:19,142 - fewshot_scanobjectnn_linear_classification - INFO - [Training] EPOCH: 56 EpochTime = 1.158 (s) Losses = ['1.0887', '65.6250'] lr = 0.000347
2023-09-17 21:44:20,047 - fewshot_scanobjectnn_linear_classification - INFO - [Validation] EPOCH: 56  acc = 48.0000
2023-09-17 21:44:20,938 - fewshot_scanobjectnn_linear_classification - INFO - Save checkpoint at ./experiments/fewshot_scanobjectnn_linear_classification/cfgs/add_as_normal/ckpt-last.pth
2023-09-17 21:44:22,066 - fewshot_scanobjectnn_linear_classification - INFO - [Training] EPOCH: 57 EpochTime = 1.127 (s) Losses = ['1.0660', '64.5833'] lr = 0.000342
2023-09-17 21:44:23,118 - fewshot_scanobjectnn_linear_classification - INFO - [Validation] EPOCH: 57  acc = 50.0000
2023-09-17 21:44:23,637 - fewshot_scanobjectnn_linear_classification - INFO - Save checkpoint at ./experiments/fewshot_scanobjectnn_linear_classification/cfgs/add_as_normal/ckpt-last.pth
2023-09-17 21:44:24,771 - fewshot_scanobjectnn_linear_classification - INFO - [Training] EPOCH: 58 EpochTime = 1.132 (s) Losses = ['1.0823', '61.4583'] lr = 0.000337
2023-09-17 21:44:25,655 - fewshot_scanobjectnn_linear_classification - INFO - [Validation] EPOCH: 58  acc = 51.0000
2023-09-17 21:44:26,616 - fewshot_scanobjectnn_linear_classification - INFO - Save checkpoint at ./experiments/fewshot_scanobjectnn_linear_classification/cfgs/add_as_normal/ckpt-last.pth
2023-09-17 21:44:27,768 - fewshot_scanobjectnn_linear_classification - INFO - [Training] EPOCH: 59 EpochTime = 1.150 (s) Losses = ['1.0774', '69.7917'] lr = 0.000333
2023-09-17 21:44:28,701 - fewshot_scanobjectnn_linear_classification - INFO - [Validation] EPOCH: 59  acc = 50.0000
2023-09-17 21:44:29,722 - fewshot_scanobjectnn_linear_classification - INFO - Save checkpoint at ./experiments/fewshot_scanobjectnn_linear_classification/cfgs/add_as_normal/ckpt-last.pth
2023-09-17 21:44:30,928 - fewshot_scanobjectnn_linear_classification - INFO - [Training] EPOCH: 60 EpochTime = 1.205 (s) Losses = ['1.0579', '67.7083'] lr = 0.000328
2023-09-17 21:44:31,884 - fewshot_scanobjectnn_linear_classification - INFO - [Validation] EPOCH: 60  acc = 53.0000
2023-09-17 21:44:32,475 - fewshot_scanobjectnn_linear_classification - INFO - Save checkpoint at ./experiments/fewshot_scanobjectnn_linear_classification/cfgs/add_as_normal/ckpt-best.pth
2023-09-17 21:44:32,476 - fewshot_scanobjectnn_linear_classification - INFO - --------------------------------------------------------------------------------------------
2023-09-17 21:44:32,988 - fewshot_scanobjectnn_linear_classification - INFO - Save checkpoint at ./experiments/fewshot_scanobjectnn_linear_classification/cfgs/add_as_normal/ckpt-last.pth
2023-09-17 21:44:34,194 - fewshot_scanobjectnn_linear_classification - INFO - [Training] EPOCH: 61 EpochTime = 1.205 (s) Losses = ['1.0510', '66.6667'] lr = 0.000323
2023-09-17 21:44:35,143 - fewshot_scanobjectnn_linear_classification - INFO - [Validation] EPOCH: 61  acc = 49.0000
2023-09-17 21:44:35,687 - fewshot_scanobjectnn_linear_classification - INFO - Save checkpoint at ./experiments/fewshot_scanobjectnn_linear_classification/cfgs/add_as_normal/ckpt-last.pth
2023-09-17 21:44:36,899 - fewshot_scanobjectnn_linear_classification - INFO - [Training] EPOCH: 62 EpochTime = 1.211 (s) Losses = ['1.0825', '63.5417'] lr = 0.000318
2023-09-17 21:44:37,778 - fewshot_scanobjectnn_linear_classification - INFO - [Validation] EPOCH: 62  acc = 50.0000
2023-09-17 21:44:38,604 - fewshot_scanobjectnn_linear_classification - INFO - Save checkpoint at ./experiments/fewshot_scanobjectnn_linear_classification/cfgs/add_as_normal/ckpt-last.pth
2023-09-17 21:44:39,770 - fewshot_scanobjectnn_linear_classification - INFO - [Training] EPOCH: 63 EpochTime = 1.165 (s) Losses = ['1.0522', '61.4583'] lr = 0.000313
2023-09-17 21:44:40,707 - fewshot_scanobjectnn_linear_classification - INFO - [Validation] EPOCH: 63  acc = 50.0000
2023-09-17 21:44:41,186 - fewshot_scanobjectnn_linear_classification - INFO - Save checkpoint at ./experiments/fewshot_scanobjectnn_linear_classification/cfgs/add_as_normal/ckpt-last.pth
2023-09-17 21:44:42,405 - fewshot_scanobjectnn_linear_classification - INFO - [Training] EPOCH: 64 EpochTime = 1.218 (s) Losses = ['1.0725', '64.5833'] lr = 0.000307
2023-09-17 21:44:43,321 - fewshot_scanobjectnn_linear_classification - INFO - [Validation] EPOCH: 64  acc = 50.0000
2023-09-17 21:44:44,747 - fewshot_scanobjectnn_linear_classification - INFO - Save checkpoint at ./experiments/fewshot_scanobjectnn_linear_classification/cfgs/add_as_normal/ckpt-last.pth
2023-09-17 21:44:45,896 - fewshot_scanobjectnn_linear_classification - INFO - [Training] EPOCH: 65 EpochTime = 1.148 (s) Losses = ['1.0223', '67.7083'] lr = 0.000302
2023-09-17 21:44:46,800 - fewshot_scanobjectnn_linear_classification - INFO - [Validation] EPOCH: 65  acc = 51.0000
2023-09-17 21:44:47,983 - fewshot_scanobjectnn_linear_classification - INFO - Save checkpoint at ./experiments/fewshot_scanobjectnn_linear_classification/cfgs/add_as_normal/ckpt-last.pth
2023-09-17 21:44:49,217 - fewshot_scanobjectnn_linear_classification - INFO - [Training] EPOCH: 66 EpochTime = 1.232 (s) Losses = ['1.0545', '63.5417'] lr = 0.000297
2023-09-17 21:44:50,136 - fewshot_scanobjectnn_linear_classification - INFO - [Validation] EPOCH: 66  acc = 51.0000
2023-09-17 21:44:50,940 - fewshot_scanobjectnn_linear_classification - INFO - Save checkpoint at ./experiments/fewshot_scanobjectnn_linear_classification/cfgs/add_as_normal/ckpt-last.pth
2023-09-17 21:44:52,096 - fewshot_scanobjectnn_linear_classification - INFO - [Training] EPOCH: 67 EpochTime = 1.154 (s) Losses = ['1.0938', '59.3750'] lr = 0.000292
2023-09-17 21:44:52,994 - fewshot_scanobjectnn_linear_classification - INFO - [Validation] EPOCH: 67  acc = 51.0000
2023-09-17 21:44:53,474 - fewshot_scanobjectnn_linear_classification - INFO - Save checkpoint at ./experiments/fewshot_scanobjectnn_linear_classification/cfgs/add_as_normal/ckpt-last.pth
2023-09-17 21:44:54,600 - fewshot_scanobjectnn_linear_classification - INFO - [Training] EPOCH: 68 EpochTime = 1.125 (s) Losses = ['1.0545', '62.5000'] lr = 0.000287
2023-09-17 21:44:55,502 - fewshot_scanobjectnn_linear_classification - INFO - [Validation] EPOCH: 68  acc = 49.0000
2023-09-17 21:44:56,001 - fewshot_scanobjectnn_linear_classification - INFO - Save checkpoint at ./experiments/fewshot_scanobjectnn_linear_classification/cfgs/add_as_normal/ckpt-last.pth
2023-09-17 21:44:57,168 - fewshot_scanobjectnn_linear_classification - INFO - [Training] EPOCH: 69 EpochTime = 1.166 (s) Losses = ['1.0252', '68.7500'] lr = 0.000282
2023-09-17 21:44:58,038 - fewshot_scanobjectnn_linear_classification - INFO - [Validation] EPOCH: 69  acc = 50.0000
2023-09-17 21:44:58,501 - fewshot_scanobjectnn_linear_classification - INFO - Save checkpoint at ./experiments/fewshot_scanobjectnn_linear_classification/cfgs/add_as_normal/ckpt-last.pth
2023-09-17 21:44:59,646 - fewshot_scanobjectnn_linear_classification - INFO - [Training] EPOCH: 70 EpochTime = 1.143 (s) Losses = ['1.0075', '64.5833'] lr = 0.000277
2023-09-17 21:45:00,509 - fewshot_scanobjectnn_linear_classification - INFO - [Validation] EPOCH: 70  acc = 50.0000
2023-09-17 21:45:01,227 - fewshot_scanobjectnn_linear_classification - INFO - Save checkpoint at ./experiments/fewshot_scanobjectnn_linear_classification/cfgs/add_as_normal/ckpt-last.pth
2023-09-17 21:45:02,381 - fewshot_scanobjectnn_linear_classification - INFO - [Training] EPOCH: 71 EpochTime = 1.152 (s) Losses = ['1.1019', '59.3750'] lr = 0.000271
2023-09-17 21:45:03,304 - fewshot_scanobjectnn_linear_classification - INFO - [Validation] EPOCH: 71  acc = 48.0000
2023-09-17 21:45:03,842 - fewshot_scanobjectnn_linear_classification - INFO - Save checkpoint at ./experiments/fewshot_scanobjectnn_linear_classification/cfgs/add_as_normal/ckpt-last.pth
2023-09-17 21:45:04,980 - fewshot_scanobjectnn_linear_classification - INFO - [Training] EPOCH: 72 EpochTime = 1.137 (s) Losses = ['1.0603', '59.3750'] lr = 0.000266
2023-09-17 21:45:05,967 - fewshot_scanobjectnn_linear_classification - INFO - [Validation] EPOCH: 72  acc = 49.0000
2023-09-17 21:45:06,673 - fewshot_scanobjectnn_linear_classification - INFO - Save checkpoint at ./experiments/fewshot_scanobjectnn_linear_classification/cfgs/add_as_normal/ckpt-last.pth
2023-09-17 21:45:07,807 - fewshot_scanobjectnn_linear_classification - INFO - [Training] EPOCH: 73 EpochTime = 1.132 (s) Losses = ['1.0631', '60.4167'] lr = 0.000261
2023-09-17 21:45:08,710 - fewshot_scanobjectnn_linear_classification - INFO - [Validation] EPOCH: 73  acc = 48.0000
2023-09-17 21:45:09,187 - fewshot_scanobjectnn_linear_classification - INFO - Save checkpoint at ./experiments/fewshot_scanobjectnn_linear_classification/cfgs/add_as_normal/ckpt-last.pth
2023-09-17 21:45:10,426 - fewshot_scanobjectnn_linear_classification - INFO - [Training] EPOCH: 74 EpochTime = 1.238 (s) Losses = ['0.9903', '72.9167'] lr = 0.000256
2023-09-17 21:45:11,335 - fewshot_scanobjectnn_linear_classification - INFO - [Validation] EPOCH: 74  acc = 50.0000
2023-09-17 21:45:12,069 - fewshot_scanobjectnn_linear_classification - INFO - Save checkpoint at ./experiments/fewshot_scanobjectnn_linear_classification/cfgs/add_as_normal/ckpt-last.pth
2023-09-17 21:45:13,263 - fewshot_scanobjectnn_linear_classification - INFO - [Training] EPOCH: 75 EpochTime = 1.191 (s) Losses = ['1.0150', '65.6250'] lr = 0.000251
2023-09-17 21:45:14,143 - fewshot_scanobjectnn_linear_classification - INFO - [Validation] EPOCH: 75  acc = 53.0000
2023-09-17 21:45:14,698 - fewshot_scanobjectnn_linear_classification - INFO - Save checkpoint at ./experiments/fewshot_scanobjectnn_linear_classification/cfgs/add_as_normal/ckpt-last.pth
2023-09-17 21:45:15,831 - fewshot_scanobjectnn_linear_classification - INFO - [Training] EPOCH: 76 EpochTime = 1.131 (s) Losses = ['1.0250', '63.5417'] lr = 0.000245
2023-09-17 21:45:16,743 - fewshot_scanobjectnn_linear_classification - INFO - [Validation] EPOCH: 76  acc = 53.0000
2023-09-17 21:45:17,272 - fewshot_scanobjectnn_linear_classification - INFO - Save checkpoint at ./experiments/fewshot_scanobjectnn_linear_classification/cfgs/add_as_normal/ckpt-last.pth
2023-09-17 21:45:18,446 - fewshot_scanobjectnn_linear_classification - INFO - [Training] EPOCH: 77 EpochTime = 1.172 (s) Losses = ['1.0333', '66.6667'] lr = 0.000240
2023-09-17 21:45:19,308 - fewshot_scanobjectnn_linear_classification - INFO - [Validation] EPOCH: 77  acc = 53.0000
2023-09-17 21:45:19,793 - fewshot_scanobjectnn_linear_classification - INFO - Save checkpoint at ./experiments/fewshot_scanobjectnn_linear_classification/cfgs/add_as_normal/ckpt-last.pth
2023-09-17 21:45:21,011 - fewshot_scanobjectnn_linear_classification - INFO - [Training] EPOCH: 78 EpochTime = 1.216 (s) Losses = ['1.0206', '64.5833'] lr = 0.000235
2023-09-17 21:45:21,906 - fewshot_scanobjectnn_linear_classification - INFO - [Validation] EPOCH: 78  acc = 53.0000
2023-09-17 21:45:22,920 - fewshot_scanobjectnn_linear_classification - INFO - Save checkpoint at ./experiments/fewshot_scanobjectnn_linear_classification/cfgs/add_as_normal/ckpt-last.pth
2023-09-17 21:45:24,165 - fewshot_scanobjectnn_linear_classification - INFO - [Training] EPOCH: 79 EpochTime = 1.244 (s) Losses = ['0.9991', '68.7500'] lr = 0.000230
2023-09-17 21:45:25,028 - fewshot_scanobjectnn_linear_classification - INFO - [Validation] EPOCH: 79  acc = 51.0000
2023-09-17 21:45:25,789 - fewshot_scanobjectnn_linear_classification - INFO - Save checkpoint at ./experiments/fewshot_scanobjectnn_linear_classification/cfgs/add_as_normal/ckpt-last.pth
2023-09-17 21:45:26,901 - fewshot_scanobjectnn_linear_classification - INFO - [Training] EPOCH: 80 EpochTime = 1.111 (s) Losses = ['1.0131', '65.6250'] lr = 0.000224
2023-09-17 21:45:27,762 - fewshot_scanobjectnn_linear_classification - INFO - [Validation] EPOCH: 80  acc = 53.0000
2023-09-17 21:45:28,411 - fewshot_scanobjectnn_linear_classification - INFO - Save checkpoint at ./experiments/fewshot_scanobjectnn_linear_classification/cfgs/add_as_normal/ckpt-last.pth
2023-09-17 21:45:29,568 - fewshot_scanobjectnn_linear_classification - INFO - [Training] EPOCH: 81 EpochTime = 1.155 (s) Losses = ['1.0177', '69.7917'] lr = 0.000219
2023-09-17 21:45:30,421 - fewshot_scanobjectnn_linear_classification - INFO - [Validation] EPOCH: 81  acc = 51.0000
2023-09-17 21:45:30,885 - fewshot_scanobjectnn_linear_classification - INFO - Save checkpoint at ./experiments/fewshot_scanobjectnn_linear_classification/cfgs/add_as_normal/ckpt-last.pth
2023-09-17 21:45:32,046 - fewshot_scanobjectnn_linear_classification - INFO - [Training] EPOCH: 82 EpochTime = 1.159 (s) Losses = ['1.0580', '62.5000'] lr = 0.000214
2023-09-17 21:45:33,027 - fewshot_scanobjectnn_linear_classification - INFO - [Validation] EPOCH: 82  acc = 52.0000
2023-09-17 21:45:33,492 - fewshot_scanobjectnn_linear_classification - INFO - Save checkpoint at ./experiments/fewshot_scanobjectnn_linear_classification/cfgs/add_as_normal/ckpt-last.pth
2023-09-17 21:45:34,630 - fewshot_scanobjectnn_linear_classification - INFO - [Training] EPOCH: 83 EpochTime = 1.136 (s) Losses = ['0.9745', '66.6667'] lr = 0.000209
2023-09-17 21:45:35,499 - fewshot_scanobjectnn_linear_classification - INFO - [Validation] EPOCH: 83  acc = 50.0000
2023-09-17 21:45:35,963 - fewshot_scanobjectnn_linear_classification - INFO - Save checkpoint at ./experiments/fewshot_scanobjectnn_linear_classification/cfgs/add_as_normal/ckpt-last.pth
2023-09-17 21:45:37,210 - fewshot_scanobjectnn_linear_classification - INFO - [Training] EPOCH: 84 EpochTime = 1.245 (s) Losses = ['1.0907', '65.6250'] lr = 0.000204
2023-09-17 21:45:38,160 - fewshot_scanobjectnn_linear_classification - INFO - [Validation] EPOCH: 84  acc = 52.0000
2023-09-17 21:45:38,817 - fewshot_scanobjectnn_linear_classification - INFO - Save checkpoint at ./experiments/fewshot_scanobjectnn_linear_classification/cfgs/add_as_normal/ckpt-last.pth
2023-09-17 21:45:39,976 - fewshot_scanobjectnn_linear_classification - INFO - [Training] EPOCH: 85 EpochTime = 1.158 (s) Losses = ['1.0465', '70.8333'] lr = 0.000199
2023-09-17 21:45:40,834 - fewshot_scanobjectnn_linear_classification - INFO - [Validation] EPOCH: 85  acc = 51.0000
2023-09-17 21:45:41,324 - fewshot_scanobjectnn_linear_classification - INFO - Save checkpoint at ./experiments/fewshot_scanobjectnn_linear_classification/cfgs/add_as_normal/ckpt-last.pth
2023-09-17 21:45:42,486 - fewshot_scanobjectnn_linear_classification - INFO - [Training] EPOCH: 86 EpochTime = 1.161 (s) Losses = ['0.9812', '71.8750'] lr = 0.000194
2023-09-17 21:45:43,439 - fewshot_scanobjectnn_linear_classification - INFO - [Validation] EPOCH: 86  acc = 52.0000
2023-09-17 21:45:44,292 - fewshot_scanobjectnn_linear_classification - INFO - Save checkpoint at ./experiments/fewshot_scanobjectnn_linear_classification/cfgs/add_as_normal/ckpt-last.pth
2023-09-17 21:45:45,437 - fewshot_scanobjectnn_linear_classification - INFO - [Training] EPOCH: 87 EpochTime = 1.143 (s) Losses = ['0.9913', '70.8333'] lr = 0.000188
2023-09-17 21:45:46,360 - fewshot_scanobjectnn_linear_classification - INFO - [Validation] EPOCH: 87  acc = 52.0000
2023-09-17 21:45:46,829 - fewshot_scanobjectnn_linear_classification - INFO - Save checkpoint at ./experiments/fewshot_scanobjectnn_linear_classification/cfgs/add_as_normal/ckpt-last.pth
2023-09-17 21:45:47,996 - fewshot_scanobjectnn_linear_classification - INFO - [Training] EPOCH: 88 EpochTime = 1.165 (s) Losses = ['0.9690', '70.8333'] lr = 0.000183
2023-09-17 21:45:48,899 - fewshot_scanobjectnn_linear_classification - INFO - [Validation] EPOCH: 88  acc = 53.0000
2023-09-17 21:45:49,557 - fewshot_scanobjectnn_linear_classification - INFO - Save checkpoint at ./experiments/fewshot_scanobjectnn_linear_classification/cfgs/add_as_normal/ckpt-last.pth
2023-09-17 21:45:50,714 - fewshot_scanobjectnn_linear_classification - INFO - [Training] EPOCH: 89 EpochTime = 1.155 (s) Losses = ['1.0408', '66.6667'] lr = 0.000178
2023-09-17 21:45:51,580 - fewshot_scanobjectnn_linear_classification - INFO - [Validation] EPOCH: 89  acc = 53.0000
2023-09-17 21:45:51,987 - fewshot_scanobjectnn_linear_classification - INFO - Save checkpoint at ./experiments/fewshot_scanobjectnn_linear_classification/cfgs/add_as_normal/ckpt-last.pth
2023-09-17 21:45:53,124 - fewshot_scanobjectnn_linear_classification - INFO - [Training] EPOCH: 90 EpochTime = 1.136 (s) Losses = ['0.9580', '67.7083'] lr = 0.000173
2023-09-17 21:45:54,108 - fewshot_scanobjectnn_linear_classification - INFO - [Validation] EPOCH: 90  acc = 52.0000
2023-09-17 21:45:54,640 - fewshot_scanobjectnn_linear_classification - INFO - Save checkpoint at ./experiments/fewshot_scanobjectnn_linear_classification/cfgs/add_as_normal/ckpt-last.pth
2023-09-17 21:45:55,758 - fewshot_scanobjectnn_linear_classification - INFO - [Training] EPOCH: 91 EpochTime = 1.116 (s) Losses = ['0.9739', '70.8333'] lr = 0.000168
2023-09-17 21:45:56,630 - fewshot_scanobjectnn_linear_classification - INFO - [Validation] EPOCH: 91  acc = 51.0000
2023-09-17 21:45:57,237 - fewshot_scanobjectnn_linear_classification - INFO - Save checkpoint at ./experiments/fewshot_scanobjectnn_linear_classification/cfgs/add_as_normal/ckpt-last.pth
2023-09-17 21:45:58,352 - fewshot_scanobjectnn_linear_classification - INFO - [Training] EPOCH: 92 EpochTime = 1.114 (s) Losses = ['0.9807', '66.6667'] lr = 0.000164
2023-09-17 21:45:59,296 - fewshot_scanobjectnn_linear_classification - INFO - [Validation] EPOCH: 92  acc = 51.0000
2023-09-17 21:46:00,045 - fewshot_scanobjectnn_linear_classification - INFO - Save checkpoint at ./experiments/fewshot_scanobjectnn_linear_classification/cfgs/add_as_normal/ckpt-last.pth
2023-09-17 21:46:01,188 - fewshot_scanobjectnn_linear_classification - INFO - [Training] EPOCH: 93 EpochTime = 1.141 (s) Losses = ['0.9575', '70.8333'] lr = 0.000159
2023-09-17 21:46:02,053 - fewshot_scanobjectnn_linear_classification - INFO - [Validation] EPOCH: 93  acc = 51.0000
2023-09-17 21:46:02,933 - fewshot_scanobjectnn_linear_classification - INFO - Save checkpoint at ./experiments/fewshot_scanobjectnn_linear_classification/cfgs/add_as_normal/ckpt-last.pth
2023-09-17 21:46:04,052 - fewshot_scanobjectnn_linear_classification - INFO - [Training] EPOCH: 94 EpochTime = 1.118 (s) Losses = ['0.9665', '70.8333'] lr = 0.000154
2023-09-17 21:46:04,956 - fewshot_scanobjectnn_linear_classification - INFO - [Validation] EPOCH: 94  acc = 50.0000
2023-09-17 21:46:05,393 - fewshot_scanobjectnn_linear_classification - INFO - Save checkpoint at ./experiments/fewshot_scanobjectnn_linear_classification/cfgs/add_as_normal/ckpt-last.pth
2023-09-17 21:46:06,535 - fewshot_scanobjectnn_linear_classification - INFO - [Training] EPOCH: 95 EpochTime = 1.141 (s) Losses = ['1.0167', '65.6250'] lr = 0.000149
2023-09-17 21:46:07,458 - fewshot_scanobjectnn_linear_classification - INFO - [Validation] EPOCH: 95  acc = 52.0000
2023-09-17 21:46:08,221 - fewshot_scanobjectnn_linear_classification - INFO - Save checkpoint at ./experiments/fewshot_scanobjectnn_linear_classification/cfgs/add_as_normal/ckpt-last.pth
2023-09-17 21:46:09,352 - fewshot_scanobjectnn_linear_classification - INFO - [Training] EPOCH: 96 EpochTime = 1.130 (s) Losses = ['0.9313', '66.6667'] lr = 0.000144
2023-09-17 21:46:10,278 - fewshot_scanobjectnn_linear_classification - INFO - [Validation] EPOCH: 96  acc = 52.0000
2023-09-17 21:46:10,839 - fewshot_scanobjectnn_linear_classification - INFO - Save checkpoint at ./experiments/fewshot_scanobjectnn_linear_classification/cfgs/add_as_normal/ckpt-last.pth
2023-09-17 21:46:12,006 - fewshot_scanobjectnn_linear_classification - INFO - [Training] EPOCH: 97 EpochTime = 1.165 (s) Losses = ['0.9467', '69.7917'] lr = 0.000140
2023-09-17 21:46:12,986 - fewshot_scanobjectnn_linear_classification - INFO - [Validation] EPOCH: 97  acc = 52.0000
2023-09-17 21:46:13,491 - fewshot_scanobjectnn_linear_classification - INFO - Save checkpoint at ./experiments/fewshot_scanobjectnn_linear_classification/cfgs/add_as_normal/ckpt-last.pth
2023-09-17 21:46:14,604 - fewshot_scanobjectnn_linear_classification - INFO - [Training] EPOCH: 98 EpochTime = 1.111 (s) Losses = ['0.9911', '70.8333'] lr = 0.000135
2023-09-17 21:46:15,470 - fewshot_scanobjectnn_linear_classification - INFO - [Validation] EPOCH: 98  acc = 52.0000
2023-09-17 21:46:15,971 - fewshot_scanobjectnn_linear_classification - INFO - Save checkpoint at ./experiments/fewshot_scanobjectnn_linear_classification/cfgs/add_as_normal/ckpt-last.pth
2023-09-17 21:46:17,084 - fewshot_scanobjectnn_linear_classification - INFO - [Training] EPOCH: 99 EpochTime = 1.112 (s) Losses = ['0.9634', '63.5417'] lr = 0.000130
2023-09-17 21:46:17,996 - fewshot_scanobjectnn_linear_classification - INFO - [Validation] EPOCH: 99  acc = 51.0000
2023-09-17 21:46:18,434 - fewshot_scanobjectnn_linear_classification - INFO - Save checkpoint at ./experiments/fewshot_scanobjectnn_linear_classification/cfgs/add_as_normal/ckpt-last.pth
2023-09-17 21:46:19,571 - fewshot_scanobjectnn_linear_classification - INFO - [Training] EPOCH: 100 EpochTime = 1.135 (s) Losses = ['0.8963', '72.9167'] lr = 0.000126
2023-09-17 21:46:20,483 - fewshot_scanobjectnn_linear_classification - INFO - [Validation] EPOCH: 100  acc = 50.0000
2023-09-17 21:46:21,123 - fewshot_scanobjectnn_linear_classification - INFO - Save checkpoint at ./experiments/fewshot_scanobjectnn_linear_classification/cfgs/add_as_normal/ckpt-last.pth
2023-09-17 21:46:22,244 - fewshot_scanobjectnn_linear_classification - INFO - [Training] EPOCH: 101 EpochTime = 1.119 (s) Losses = ['0.9566', '65.6250'] lr = 0.000121
2023-09-17 21:46:23,245 - fewshot_scanobjectnn_linear_classification - INFO - [Validation] EPOCH: 101  acc = 50.0000
2023-09-17 21:46:23,949 - fewshot_scanobjectnn_linear_classification - INFO - Save checkpoint at ./experiments/fewshot_scanobjectnn_linear_classification/cfgs/add_as_normal/ckpt-last.pth
2023-09-17 21:46:25,060 - fewshot_scanobjectnn_linear_classification - INFO - [Training] EPOCH: 102 EpochTime = 1.109 (s) Losses = ['0.9750', '64.5833'] lr = 0.000117
2023-09-17 21:46:25,987 - fewshot_scanobjectnn_linear_classification - INFO - [Validation] EPOCH: 102  acc = 50.0000
2023-09-17 21:46:26,520 - fewshot_scanobjectnn_linear_classification - INFO - Save checkpoint at ./experiments/fewshot_scanobjectnn_linear_classification/cfgs/add_as_normal/ckpt-last.pth
2023-09-17 21:46:27,685 - fewshot_scanobjectnn_linear_classification - INFO - [Training] EPOCH: 103 EpochTime = 1.163 (s) Losses = ['0.9377', '69.7917'] lr = 0.000112
2023-09-17 21:46:28,557 - fewshot_scanobjectnn_linear_classification - INFO - [Validation] EPOCH: 103  acc = 50.0000
2023-09-17 21:46:29,388 - fewshot_scanobjectnn_linear_classification - INFO - Save checkpoint at ./experiments/fewshot_scanobjectnn_linear_classification/cfgs/add_as_normal/ckpt-last.pth
2023-09-17 21:46:30,527 - fewshot_scanobjectnn_linear_classification - INFO - [Training] EPOCH: 104 EpochTime = 1.138 (s) Losses = ['0.9366', '70.8333'] lr = 0.000108
2023-09-17 21:46:31,388 - fewshot_scanobjectnn_linear_classification - INFO - [Validation] EPOCH: 104  acc = 50.0000
2023-09-17 21:46:31,912 - fewshot_scanobjectnn_linear_classification - INFO - Save checkpoint at ./experiments/fewshot_scanobjectnn_linear_classification/cfgs/add_as_normal/ckpt-last.pth
2023-09-17 21:46:33,019 - fewshot_scanobjectnn_linear_classification - INFO - [Training] EPOCH: 105 EpochTime = 1.106 (s) Losses = ['1.0168', '64.5833'] lr = 0.000104
2023-09-17 21:46:33,893 - fewshot_scanobjectnn_linear_classification - INFO - [Validation] EPOCH: 105  acc = 51.0000
2023-09-17 21:46:34,336 - fewshot_scanobjectnn_linear_classification - INFO - Save checkpoint at ./experiments/fewshot_scanobjectnn_linear_classification/cfgs/add_as_normal/ckpt-last.pth
2023-09-17 21:46:35,509 - fewshot_scanobjectnn_linear_classification - INFO - [Training] EPOCH: 106 EpochTime = 1.172 (s) Losses = ['1.0000', '66.6667'] lr = 0.000100
2023-09-17 21:46:36,390 - fewshot_scanobjectnn_linear_classification - INFO - [Validation] EPOCH: 106  acc = 52.0000
2023-09-17 21:46:37,006 - fewshot_scanobjectnn_linear_classification - INFO - Save checkpoint at ./experiments/fewshot_scanobjectnn_linear_classification/cfgs/add_as_normal/ckpt-last.pth
2023-09-17 21:46:38,110 - fewshot_scanobjectnn_linear_classification - INFO - [Training] EPOCH: 107 EpochTime = 1.103 (s) Losses = ['0.9753', '68.7500'] lr = 0.000096
2023-09-17 21:46:39,088 - fewshot_scanobjectnn_linear_classification - INFO - [Validation] EPOCH: 107  acc = 51.0000
2023-09-17 21:46:39,577 - fewshot_scanobjectnn_linear_classification - INFO - Save checkpoint at ./experiments/fewshot_scanobjectnn_linear_classification/cfgs/add_as_normal/ckpt-last.pth
2023-09-17 21:46:40,789 - fewshot_scanobjectnn_linear_classification - INFO - [Training] EPOCH: 108 EpochTime = 1.210 (s) Losses = ['0.9205', '70.8333'] lr = 0.000091
2023-09-17 21:46:41,679 - fewshot_scanobjectnn_linear_classification - INFO - [Validation] EPOCH: 108  acc = 51.0000
2023-09-17 21:46:42,325 - fewshot_scanobjectnn_linear_classification - INFO - Save checkpoint at ./experiments/fewshot_scanobjectnn_linear_classification/cfgs/add_as_normal/ckpt-last.pth
2023-09-17 21:46:43,478 - fewshot_scanobjectnn_linear_classification - INFO - [Training] EPOCH: 109 EpochTime = 1.151 (s) Losses = ['0.9287', '65.6250'] lr = 0.000087
2023-09-17 21:46:44,339 - fewshot_scanobjectnn_linear_classification - INFO - [Validation] EPOCH: 109  acc = 51.0000
2023-09-17 21:46:45,077 - fewshot_scanobjectnn_linear_classification - INFO - Save checkpoint at ./experiments/fewshot_scanobjectnn_linear_classification/cfgs/add_as_normal/ckpt-last.pth
2023-09-17 21:46:46,256 - fewshot_scanobjectnn_linear_classification - INFO - [Training] EPOCH: 110 EpochTime = 1.177 (s) Losses = ['0.9743', '62.5000'] lr = 0.000084
2023-09-17 21:46:47,138 - fewshot_scanobjectnn_linear_classification - INFO - [Validation] EPOCH: 110  acc = 52.0000
2023-09-17 21:46:47,745 - fewshot_scanobjectnn_linear_classification - INFO - Save checkpoint at ./experiments/fewshot_scanobjectnn_linear_classification/cfgs/add_as_normal/ckpt-last.pth
2023-09-17 21:46:48,867 - fewshot_scanobjectnn_linear_classification - INFO - [Training] EPOCH: 111 EpochTime = 1.120 (s) Losses = ['0.9209', '75.0000'] lr = 0.000080
2023-09-17 21:46:49,745 - fewshot_scanobjectnn_linear_classification - INFO - [Validation] EPOCH: 111  acc = 51.0000
2023-09-17 21:46:50,390 - fewshot_scanobjectnn_linear_classification - INFO - Save checkpoint at ./experiments/fewshot_scanobjectnn_linear_classification/cfgs/add_as_normal/ckpt-last.pth
2023-09-17 21:46:51,500 - fewshot_scanobjectnn_linear_classification - INFO - [Training] EPOCH: 112 EpochTime = 1.108 (s) Losses = ['0.9556', '72.9167'] lr = 0.000076
2023-09-17 21:46:52,362 - fewshot_scanobjectnn_linear_classification - INFO - [Validation] EPOCH: 112  acc = 51.0000
2023-09-17 21:46:53,000 - fewshot_scanobjectnn_linear_classification - INFO - Save checkpoint at ./experiments/fewshot_scanobjectnn_linear_classification/cfgs/add_as_normal/ckpt-last.pth
2023-09-17 21:46:54,201 - fewshot_scanobjectnn_linear_classification - INFO - [Training] EPOCH: 113 EpochTime = 1.199 (s) Losses = ['1.0130', '69.7917'] lr = 0.000072
2023-09-17 21:46:55,093 - fewshot_scanobjectnn_linear_classification - INFO - [Validation] EPOCH: 113  acc = 51.0000
2023-09-17 21:46:56,091 - fewshot_scanobjectnn_linear_classification - INFO - Save checkpoint at ./experiments/fewshot_scanobjectnn_linear_classification/cfgs/add_as_normal/ckpt-last.pth
2023-09-17 21:46:57,207 - fewshot_scanobjectnn_linear_classification - INFO - [Training] EPOCH: 114 EpochTime = 1.115 (s) Losses = ['0.9327', '75.0000'] lr = 0.000069
2023-09-17 21:46:58,066 - fewshot_scanobjectnn_linear_classification - INFO - [Validation] EPOCH: 114  acc = 51.0000
2023-09-17 21:46:58,609 - fewshot_scanobjectnn_linear_classification - INFO - Save checkpoint at ./experiments/fewshot_scanobjectnn_linear_classification/cfgs/add_as_normal/ckpt-last.pth
2023-09-17 21:46:59,781 - fewshot_scanobjectnn_linear_classification - INFO - [Training] EPOCH: 115 EpochTime = 1.170 (s) Losses = ['0.9581', '66.6667'] lr = 0.000065
2023-09-17 21:47:00,662 - fewshot_scanobjectnn_linear_classification - INFO - [Validation] EPOCH: 115  acc = 51.0000
2023-09-17 21:47:01,264 - fewshot_scanobjectnn_linear_classification - INFO - Save checkpoint at ./experiments/fewshot_scanobjectnn_linear_classification/cfgs/add_as_normal/ckpt-last.pth
2023-09-17 21:47:02,374 - fewshot_scanobjectnn_linear_classification - INFO - [Training] EPOCH: 116 EpochTime = 1.109 (s) Losses = ['0.9496', '67.7083'] lr = 0.000062
2023-09-17 21:47:03,236 - fewshot_scanobjectnn_linear_classification - INFO - [Validation] EPOCH: 116  acc = 51.0000
2023-09-17 21:47:03,704 - fewshot_scanobjectnn_linear_classification - INFO - Save checkpoint at ./experiments/fewshot_scanobjectnn_linear_classification/cfgs/add_as_normal/ckpt-last.pth
2023-09-17 21:47:04,823 - fewshot_scanobjectnn_linear_classification - INFO - [Training] EPOCH: 117 EpochTime = 1.117 (s) Losses = ['0.9565', '71.8750'] lr = 0.000058
2023-09-17 21:47:05,825 - fewshot_scanobjectnn_linear_classification - INFO - [Validation] EPOCH: 117  acc = 52.0000
2023-09-17 21:47:06,297 - fewshot_scanobjectnn_linear_classification - INFO - Save checkpoint at ./experiments/fewshot_scanobjectnn_linear_classification/cfgs/add_as_normal/ckpt-last.pth
2023-09-17 21:47:07,467 - fewshot_scanobjectnn_linear_classification - INFO - [Training] EPOCH: 118 EpochTime = 1.169 (s) Losses = ['0.9322', '69.7917'] lr = 0.000055
2023-09-17 21:47:08,340 - fewshot_scanobjectnn_linear_classification - INFO - [Validation] EPOCH: 118  acc = 52.0000
2023-09-17 21:47:09,131 - fewshot_scanobjectnn_linear_classification - INFO - Save checkpoint at ./experiments/fewshot_scanobjectnn_linear_classification/cfgs/add_as_normal/ckpt-last.pth
2023-09-17 21:47:10,244 - fewshot_scanobjectnn_linear_classification - INFO - [Training] EPOCH: 119 EpochTime = 1.112 (s) Losses = ['0.9216', '70.8333'] lr = 0.000052
2023-09-17 21:47:11,245 - fewshot_scanobjectnn_linear_classification - INFO - [Validation] EPOCH: 119  acc = 52.0000
2023-09-17 21:47:11,673 - fewshot_scanobjectnn_linear_classification - INFO - Save checkpoint at ./experiments/fewshot_scanobjectnn_linear_classification/cfgs/add_as_normal/ckpt-last.pth
2023-09-17 21:47:12,827 - fewshot_scanobjectnn_linear_classification - INFO - [Training] EPOCH: 120 EpochTime = 1.152 (s) Losses = ['0.9833', '68.7500'] lr = 0.000049
2023-09-17 21:47:13,741 - fewshot_scanobjectnn_linear_classification - INFO - [Validation] EPOCH: 120  acc = 52.0000
2023-09-17 21:47:14,387 - fewshot_scanobjectnn_linear_classification - INFO - Save checkpoint at ./experiments/fewshot_scanobjectnn_linear_classification/cfgs/add_as_normal/ckpt-last.pth
2023-09-17 21:47:15,511 - fewshot_scanobjectnn_linear_classification - INFO - [Training] EPOCH: 121 EpochTime = 1.122 (s) Losses = ['0.9492', '75.0000'] lr = 0.000046
2023-09-17 21:47:16,395 - fewshot_scanobjectnn_linear_classification - INFO - [Validation] EPOCH: 121  acc = 52.0000
2023-09-17 21:47:17,281 - fewshot_scanobjectnn_linear_classification - INFO - Save checkpoint at ./experiments/fewshot_scanobjectnn_linear_classification/cfgs/add_as_normal/ckpt-last.pth
2023-09-17 21:47:18,486 - fewshot_scanobjectnn_linear_classification - INFO - [Training] EPOCH: 122 EpochTime = 1.203 (s) Losses = ['0.9619', '70.8333'] lr = 0.000043
2023-09-17 21:47:19,387 - fewshot_scanobjectnn_linear_classification - INFO - [Validation] EPOCH: 122  acc = 52.0000
2023-09-17 21:47:19,949 - fewshot_scanobjectnn_linear_classification - INFO - Save checkpoint at ./experiments/fewshot_scanobjectnn_linear_classification/cfgs/add_as_normal/ckpt-last.pth
2023-09-17 21:47:21,149 - fewshot_scanobjectnn_linear_classification - INFO - [Training] EPOCH: 123 EpochTime = 1.198 (s) Losses = ['0.9217', '75.0000'] lr = 0.000040
2023-09-17 21:47:22,017 - fewshot_scanobjectnn_linear_classification - INFO - [Validation] EPOCH: 123  acc = 52.0000
2023-09-17 21:47:22,825 - fewshot_scanobjectnn_linear_classification - INFO - Save checkpoint at ./experiments/fewshot_scanobjectnn_linear_classification/cfgs/add_as_normal/ckpt-last.pth
2023-09-17 21:47:23,960 - fewshot_scanobjectnn_linear_classification - INFO - [Training] EPOCH: 124 EpochTime = 1.134 (s) Losses = ['0.9746', '68.7500'] lr = 0.000037
2023-09-17 21:47:24,868 - fewshot_scanobjectnn_linear_classification - INFO - [Validation] EPOCH: 124  acc = 52.0000
2023-09-17 21:47:25,470 - fewshot_scanobjectnn_linear_classification - INFO - Save checkpoint at ./experiments/fewshot_scanobjectnn_linear_classification/cfgs/add_as_normal/ckpt-last.pth
2023-09-17 21:47:26,582 - fewshot_scanobjectnn_linear_classification - INFO - [Training] EPOCH: 125 EpochTime = 1.110 (s) Losses = ['0.9452', '69.7917'] lr = 0.000034
2023-09-17 21:47:27,467 - fewshot_scanobjectnn_linear_classification - INFO - [Validation] EPOCH: 125  acc = 52.0000
2023-09-17 21:47:27,948 - fewshot_scanobjectnn_linear_classification - INFO - Save checkpoint at ./experiments/fewshot_scanobjectnn_linear_classification/cfgs/add_as_normal/ckpt-last.pth
2023-09-17 21:47:29,098 - fewshot_scanobjectnn_linear_classification - INFO - [Training] EPOCH: 126 EpochTime = 1.149 (s) Losses = ['0.9735', '69.7917'] lr = 0.000032
2023-09-17 21:47:29,975 - fewshot_scanobjectnn_linear_classification - INFO - [Validation] EPOCH: 126  acc = 52.0000
2023-09-17 21:47:30,639 - fewshot_scanobjectnn_linear_classification - INFO - Save checkpoint at ./experiments/fewshot_scanobjectnn_linear_classification/cfgs/add_as_normal/ckpt-last.pth
2023-09-17 21:47:31,751 - fewshot_scanobjectnn_linear_classification - INFO - [Training] EPOCH: 127 EpochTime = 1.110 (s) Losses = ['0.9270', '75.0000'] lr = 0.000029
2023-09-17 21:47:32,645 - fewshot_scanobjectnn_linear_classification - INFO - [Validation] EPOCH: 127  acc = 51.0000
2023-09-17 21:47:33,273 - fewshot_scanobjectnn_linear_classification - INFO - Save checkpoint at ./experiments/fewshot_scanobjectnn_linear_classification/cfgs/add_as_normal/ckpt-last.pth
2023-09-17 21:47:34,503 - fewshot_scanobjectnn_linear_classification - INFO - [Training] EPOCH: 128 EpochTime = 1.228 (s) Losses = ['0.9816', '73.9583'] lr = 0.000027
2023-09-17 21:47:35,398 - fewshot_scanobjectnn_linear_classification - INFO - [Validation] EPOCH: 128  acc = 50.0000
2023-09-17 21:47:35,797 - fewshot_scanobjectnn_linear_classification - INFO - Save checkpoint at ./experiments/fewshot_scanobjectnn_linear_classification/cfgs/add_as_normal/ckpt-last.pth
2023-09-17 21:47:36,942 - fewshot_scanobjectnn_linear_classification - INFO - [Training] EPOCH: 129 EpochTime = 1.143 (s) Losses = ['0.9463', '63.5417'] lr = 0.000025
2023-09-17 21:47:38,009 - fewshot_scanobjectnn_linear_classification - INFO - [Validation] EPOCH: 129  acc = 50.0000
2023-09-17 21:47:38,691 - fewshot_scanobjectnn_linear_classification - INFO - Save checkpoint at ./experiments/fewshot_scanobjectnn_linear_classification/cfgs/add_as_normal/ckpt-last.pth
2023-09-17 21:47:39,811 - fewshot_scanobjectnn_linear_classification - INFO - [Training] EPOCH: 130 EpochTime = 1.118 (s) Losses = ['0.9537', '71.8750'] lr = 0.000023
2023-09-17 21:47:40,675 - fewshot_scanobjectnn_linear_classification - INFO - [Validation] EPOCH: 130  acc = 51.0000
2023-09-17 21:47:41,427 - fewshot_scanobjectnn_linear_classification - INFO - Save checkpoint at ./experiments/fewshot_scanobjectnn_linear_classification/cfgs/add_as_normal/ckpt-last.pth
2023-09-17 21:47:42,580 - fewshot_scanobjectnn_linear_classification - INFO - [Training] EPOCH: 131 EpochTime = 1.152 (s) Losses = ['0.9438', '71.8750'] lr = 0.000020
2023-09-17 21:47:43,452 - fewshot_scanobjectnn_linear_classification - INFO - [Validation] EPOCH: 131  acc = 51.0000
2023-09-17 21:47:44,036 - fewshot_scanobjectnn_linear_classification - INFO - Save checkpoint at ./experiments/fewshot_scanobjectnn_linear_classification/cfgs/add_as_normal/ckpt-last.pth
2023-09-17 21:47:45,138 - fewshot_scanobjectnn_linear_classification - INFO - [Training] EPOCH: 132 EpochTime = 1.101 (s) Losses = ['0.9182', '73.9583'] lr = 0.000019
2023-09-17 21:47:46,071 - fewshot_scanobjectnn_linear_classification - INFO - [Validation] EPOCH: 132  acc = 51.0000
2023-09-17 21:47:46,655 - fewshot_scanobjectnn_linear_classification - INFO - Save checkpoint at ./experiments/fewshot_scanobjectnn_linear_classification/cfgs/add_as_normal/ckpt-last.pth
2023-09-17 21:47:47,803 - fewshot_scanobjectnn_linear_classification - INFO - [Training] EPOCH: 133 EpochTime = 1.146 (s) Losses = ['0.9180', '75.0000'] lr = 0.000017
2023-09-17 21:47:48,649 - fewshot_scanobjectnn_linear_classification - INFO - [Validation] EPOCH: 133  acc = 51.0000
2023-09-17 21:47:49,959 - fewshot_scanobjectnn_linear_classification - INFO - Save checkpoint at ./experiments/fewshot_scanobjectnn_linear_classification/cfgs/add_as_normal/ckpt-last.pth
2023-09-17 21:47:51,084 - fewshot_scanobjectnn_linear_classification - INFO - [Training] EPOCH: 134 EpochTime = 1.124 (s) Losses = ['0.9474', '71.8750'] lr = 0.000015
2023-09-17 21:47:51,939 - fewshot_scanobjectnn_linear_classification - INFO - [Validation] EPOCH: 134  acc = 51.0000
2023-09-17 21:47:52,462 - fewshot_scanobjectnn_linear_classification - INFO - Save checkpoint at ./experiments/fewshot_scanobjectnn_linear_classification/cfgs/add_as_normal/ckpt-last.pth
2023-09-17 21:47:53,625 - fewshot_scanobjectnn_linear_classification - INFO - [Training] EPOCH: 135 EpochTime = 1.162 (s) Losses = ['0.8858', '75.0000'] lr = 0.000013
2023-09-17 21:47:54,529 - fewshot_scanobjectnn_linear_classification - INFO - [Validation] EPOCH: 135  acc = 51.0000
2023-09-17 21:47:55,018 - fewshot_scanobjectnn_linear_classification - INFO - Save checkpoint at ./experiments/fewshot_scanobjectnn_linear_classification/cfgs/add_as_normal/ckpt-last.pth
2023-09-17 21:47:56,168 - fewshot_scanobjectnn_linear_classification - INFO - [Training] EPOCH: 136 EpochTime = 1.148 (s) Losses = ['0.9285', '68.7500'] lr = 0.000012
2023-09-17 21:47:57,063 - fewshot_scanobjectnn_linear_classification - INFO - [Validation] EPOCH: 136  acc = 51.0000
2023-09-17 21:47:57,728 - fewshot_scanobjectnn_linear_classification - INFO - Save checkpoint at ./experiments/fewshot_scanobjectnn_linear_classification/cfgs/add_as_normal/ckpt-last.pth
2023-09-17 21:47:58,853 - fewshot_scanobjectnn_linear_classification - INFO - [Training] EPOCH: 137 EpochTime = 1.123 (s) Losses = ['0.9562', '65.6250'] lr = 0.000010
2023-09-17 21:47:59,738 - fewshot_scanobjectnn_linear_classification - INFO - [Validation] EPOCH: 137  acc = 51.0000
2023-09-17 21:48:00,210 - fewshot_scanobjectnn_linear_classification - INFO - Save checkpoint at ./experiments/fewshot_scanobjectnn_linear_classification/cfgs/add_as_normal/ckpt-last.pth
2023-09-17 21:48:01,415 - fewshot_scanobjectnn_linear_classification - INFO - [Training] EPOCH: 138 EpochTime = 1.204 (s) Losses = ['0.9742', '63.5417'] lr = 0.000009
2023-09-17 21:48:02,476 - fewshot_scanobjectnn_linear_classification - INFO - [Validation] EPOCH: 138  acc = 50.0000
2023-09-17 21:48:03,220 - fewshot_scanobjectnn_linear_classification - INFO - Save checkpoint at ./experiments/fewshot_scanobjectnn_linear_classification/cfgs/add_as_normal/ckpt-last.pth
2023-09-17 21:48:04,381 - fewshot_scanobjectnn_linear_classification - INFO - [Training] EPOCH: 139 EpochTime = 1.160 (s) Losses = ['0.9511', '71.8750'] lr = 0.000008
2023-09-17 21:48:05,296 - fewshot_scanobjectnn_linear_classification - INFO - [Validation] EPOCH: 139  acc = 50.0000
2023-09-17 21:48:05,766 - fewshot_scanobjectnn_linear_classification - INFO - Save checkpoint at ./experiments/fewshot_scanobjectnn_linear_classification/cfgs/add_as_normal/ckpt-last.pth
2023-09-17 21:48:07,062 - fewshot_scanobjectnn_linear_classification - INFO - [Training] EPOCH: 140 EpochTime = 1.295 (s) Losses = ['0.9678', '71.8750'] lr = 0.000006
2023-09-17 21:48:07,958 - fewshot_scanobjectnn_linear_classification - INFO - [Validation] EPOCH: 140  acc = 50.0000
2023-09-17 21:48:08,467 - fewshot_scanobjectnn_linear_classification - INFO - Save checkpoint at ./experiments/fewshot_scanobjectnn_linear_classification/cfgs/add_as_normal/ckpt-last.pth
2023-09-17 21:48:09,625 - fewshot_scanobjectnn_linear_classification - INFO - [Training] EPOCH: 141 EpochTime = 1.156 (s) Losses = ['0.9685', '70.8333'] lr = 0.000005
2023-09-17 21:48:10,522 - fewshot_scanobjectnn_linear_classification - INFO - [Validation] EPOCH: 141  acc = 51.0000
2023-09-17 21:48:11,136 - fewshot_scanobjectnn_linear_classification - INFO - Save checkpoint at ./experiments/fewshot_scanobjectnn_linear_classification/cfgs/add_as_normal/ckpt-last.pth
2023-09-17 21:48:12,456 - fewshot_scanobjectnn_linear_classification - INFO - Save checkpoint at ./experiments/fewshot_scanobjectnn_linear_classification/cfgs/add_as_normal/ckpt-epoch-141.pth
2023-09-17 21:48:13,661 - fewshot_scanobjectnn_linear_classification - INFO - [Training] EPOCH: 142 EpochTime = 1.204 (s) Losses = ['0.9583', '66.6667'] lr = 0.000004
2023-09-17 21:48:14,649 - fewshot_scanobjectnn_linear_classification - INFO - [Validation] EPOCH: 142  acc = 51.0000
2023-09-17 21:48:15,163 - fewshot_scanobjectnn_linear_classification - INFO - Save checkpoint at ./experiments/fewshot_scanobjectnn_linear_classification/cfgs/add_as_normal/ckpt-last.pth
2023-09-17 21:48:16,096 - fewshot_scanobjectnn_linear_classification - INFO - Save checkpoint at ./experiments/fewshot_scanobjectnn_linear_classification/cfgs/add_as_normal/ckpt-epoch-142.pth
2023-09-17 21:48:17,217 - fewshot_scanobjectnn_linear_classification - INFO - [Training] EPOCH: 143 EpochTime = 1.120 (s) Losses = ['0.9632', '66.6667'] lr = 0.000004
2023-09-17 21:48:18,129 - fewshot_scanobjectnn_linear_classification - INFO - [Validation] EPOCH: 143  acc = 51.0000
2023-09-17 21:48:18,691 - fewshot_scanobjectnn_linear_classification - INFO - Save checkpoint at ./experiments/fewshot_scanobjectnn_linear_classification/cfgs/add_as_normal/ckpt-last.pth
2023-09-17 21:48:19,590 - fewshot_scanobjectnn_linear_classification - INFO - Save checkpoint at ./experiments/fewshot_scanobjectnn_linear_classification/cfgs/add_as_normal/ckpt-epoch-143.pth
2023-09-17 21:48:20,747 - fewshot_scanobjectnn_linear_classification - INFO - [Training] EPOCH: 144 EpochTime = 1.156 (s) Losses = ['0.9261', '71.8750'] lr = 0.000003
2023-09-17 21:48:21,603 - fewshot_scanobjectnn_linear_classification - INFO - [Validation] EPOCH: 144  acc = 51.0000
2023-09-17 21:48:22,284 - fewshot_scanobjectnn_linear_classification - INFO - Save checkpoint at ./experiments/fewshot_scanobjectnn_linear_classification/cfgs/add_as_normal/ckpt-last.pth
2023-09-17 21:48:22,744 - fewshot_scanobjectnn_linear_classification - INFO - Save checkpoint at ./experiments/fewshot_scanobjectnn_linear_classification/cfgs/add_as_normal/ckpt-epoch-144.pth
2023-09-17 21:48:23,872 - fewshot_scanobjectnn_linear_classification - INFO - [Training] EPOCH: 145 EpochTime = 1.127 (s) Losses = ['0.9143', '70.8333'] lr = 0.000002
2023-09-17 21:48:24,891 - fewshot_scanobjectnn_linear_classification - INFO - [Validation] EPOCH: 145  acc = 51.0000
2023-09-17 21:48:25,650 - fewshot_scanobjectnn_linear_classification - INFO - Save checkpoint at ./experiments/fewshot_scanobjectnn_linear_classification/cfgs/add_as_normal/ckpt-last.pth
2023-09-17 21:48:26,853 - fewshot_scanobjectnn_linear_classification - INFO - Save checkpoint at ./experiments/fewshot_scanobjectnn_linear_classification/cfgs/add_as_normal/ckpt-epoch-145.pth
2023-09-17 21:48:27,996 - fewshot_scanobjectnn_linear_classification - INFO - [Training] EPOCH: 146 EpochTime = 1.141 (s) Losses = ['0.9930', '70.8333'] lr = 0.000002
2023-09-17 21:48:29,010 - fewshot_scanobjectnn_linear_classification - INFO - [Validation] EPOCH: 146  acc = 51.0000
2023-09-17 21:48:29,563 - fewshot_scanobjectnn_linear_classification - INFO - Save checkpoint at ./experiments/fewshot_scanobjectnn_linear_classification/cfgs/add_as_normal/ckpt-last.pth
2023-09-17 21:48:30,319 - fewshot_scanobjectnn_linear_classification - INFO - Save checkpoint at ./experiments/fewshot_scanobjectnn_linear_classification/cfgs/add_as_normal/ckpt-epoch-146.pth
2023-09-17 21:48:31,457 - fewshot_scanobjectnn_linear_classification - INFO - [Training] EPOCH: 147 EpochTime = 1.137 (s) Losses = ['0.9140', '72.9167'] lr = 0.000001
2023-09-17 21:48:32,402 - fewshot_scanobjectnn_linear_classification - INFO - [Validation] EPOCH: 147  acc = 51.0000
2023-09-17 21:48:32,969 - fewshot_scanobjectnn_linear_classification - INFO - Save checkpoint at ./experiments/fewshot_scanobjectnn_linear_classification/cfgs/add_as_normal/ckpt-last.pth
2023-09-17 21:48:33,399 - fewshot_scanobjectnn_linear_classification - INFO - Save checkpoint at ./experiments/fewshot_scanobjectnn_linear_classification/cfgs/add_as_normal/ckpt-epoch-147.pth
2023-09-17 21:48:34,551 - fewshot_scanobjectnn_linear_classification - INFO - [Training] EPOCH: 148 EpochTime = 1.151 (s) Losses = ['0.9330', '68.7500'] lr = 0.000001
2023-09-17 21:48:35,435 - fewshot_scanobjectnn_linear_classification - INFO - [Validation] EPOCH: 148  acc = 51.0000
2023-09-17 21:48:35,965 - fewshot_scanobjectnn_linear_classification - INFO - Save checkpoint at ./experiments/fewshot_scanobjectnn_linear_classification/cfgs/add_as_normal/ckpt-last.pth
2023-09-17 21:48:36,432 - fewshot_scanobjectnn_linear_classification - INFO - Save checkpoint at ./experiments/fewshot_scanobjectnn_linear_classification/cfgs/add_as_normal/ckpt-epoch-148.pth
2023-09-17 21:48:37,589 - fewshot_scanobjectnn_linear_classification - INFO - [Training] EPOCH: 149 EpochTime = 1.155 (s) Losses = ['0.9639', '65.6250'] lr = 0.000001
2023-09-17 21:48:38,449 - fewshot_scanobjectnn_linear_classification - INFO - [Validation] EPOCH: 149  acc = 51.0000
2023-09-17 21:48:39,231 - fewshot_scanobjectnn_linear_classification - INFO - Save checkpoint at ./experiments/fewshot_scanobjectnn_linear_classification/cfgs/add_as_normal/ckpt-last.pth
2023-09-17 21:48:40,227 - fewshot_scanobjectnn_linear_classification - INFO - Save checkpoint at ./experiments/fewshot_scanobjectnn_linear_classification/cfgs/add_as_normal/ckpt-epoch-149.pth
2023-09-17 21:48:41,377 - fewshot_scanobjectnn_linear_classification - INFO - [Training] EPOCH: 150 EpochTime = 1.149 (s) Losses = ['0.9936', '66.6667'] lr = 0.000001
2023-09-17 21:48:42,328 - fewshot_scanobjectnn_linear_classification - INFO - [Validation] EPOCH: 150  acc = 51.0000
2023-09-17 21:48:42,893 - fewshot_scanobjectnn_linear_classification - INFO - Save checkpoint at ./experiments/fewshot_scanobjectnn_linear_classification/cfgs/add_as_normal/ckpt-last.pth
2023-09-17 21:48:43,701 - fewshot_scanobjectnn_linear_classification - INFO - Save checkpoint at ./experiments/fewshot_scanobjectnn_linear_classification/cfgs/add_as_normal/ckpt-epoch-150.pth
