2023-09-17 19:03:32,809 - fewshot_scanobjectnn_linear_classification - INFO - Copy the Config file from cfgs/fewshot_scanobjectnn_linear_classification.yaml to ./experiments/fewshot_scanobjectnn_linear_classification/cfgs/add_as_normal/config.yaml
2023-09-17 19:03:32,809 - fewshot_scanobjectnn_linear_classification - INFO - args.config : cfgs/fewshot_scanobjectnn_linear_classification.yaml
2023-09-17 19:03:32,810 - fewshot_scanobjectnn_linear_classification - INFO - args.launcher : none
2023-09-17 19:03:32,810 - fewshot_scanobjectnn_linear_classification - INFO - args.local_rank : 0
2023-09-17 19:03:32,810 - fewshot_scanobjectnn_linear_classification - INFO - args.num_workers : 8
2023-09-17 19:03:32,810 - fewshot_scanobjectnn_linear_classification - INFO - args.seed : 0
2023-09-17 19:03:32,810 - fewshot_scanobjectnn_linear_classification - INFO - args.deterministic : False
2023-09-17 19:03:32,810 - fewshot_scanobjectnn_linear_classification - INFO - args.sync_bn : True
2023-09-17 19:03:32,810 - fewshot_scanobjectnn_linear_classification - INFO - args.update_weights_every : 1
2023-09-17 19:03:32,810 - fewshot_scanobjectnn_linear_classification - INFO - args.main_task : 0
2023-09-17 19:03:32,810 - fewshot_scanobjectnn_linear_classification - INFO - args.nashmtl_optim_niter : 20
2023-09-17 19:03:32,810 - fewshot_scanobjectnn_linear_classification - INFO - args.c : 0.4
2023-09-17 19:03:32,811 - fewshot_scanobjectnn_linear_classification - INFO - args.dwa_temp : 2.0
2023-09-17 19:03:32,811 - fewshot_scanobjectnn_linear_classification - INFO - args.method_params_lr : 0.025
2023-09-17 19:03:32,811 - fewshot_scanobjectnn_linear_classification - INFO - args.method : nashmtl
2023-09-17 19:03:32,811 - fewshot_scanobjectnn_linear_classification - INFO - args.gpu : 5
2023-09-17 19:03:32,811 - fewshot_scanobjectnn_linear_classification - INFO - args.large_group : 5
2023-09-17 19:03:32,811 - fewshot_scanobjectnn_linear_classification - INFO - args.small_group : 10
2023-09-17 19:03:32,811 - fewshot_scanobjectnn_linear_classification - INFO - args.large_patch : 6
2023-09-17 19:03:32,811 - fewshot_scanobjectnn_linear_classification - INFO - args.small_patch : 3
2023-09-17 19:03:32,811 - fewshot_scanobjectnn_linear_classification - INFO - args.queue_length : 8192
2023-09-17 19:03:32,811 - fewshot_scanobjectnn_linear_classification - INFO - args.epoch_queue_starts : 10
2023-09-17 19:03:32,811 - fewshot_scanobjectnn_linear_classification - INFO - args.nmb_crops : [5, 10]
2023-09-17 19:03:32,812 - fewshot_scanobjectnn_linear_classification - INFO - args.fea_dim : 384
2023-09-17 19:03:32,812 - fewshot_scanobjectnn_linear_classification - INFO - args.hidden_mlp : 256
2023-09-17 19:03:32,812 - fewshot_scanobjectnn_linear_classification - INFO - args.output_dim : 128
2023-09-17 19:03:32,812 - fewshot_scanobjectnn_linear_classification - INFO - args.nmb_prototypes : 200
2023-09-17 19:03:32,812 - fewshot_scanobjectnn_linear_classification - INFO - args.temperature : 0.1
2023-09-17 19:03:32,812 - fewshot_scanobjectnn_linear_classification - INFO - args.epsilon : 0.05
2023-09-17 19:03:32,812 - fewshot_scanobjectnn_linear_classification - INFO - args.sinkhorn_iterations : 3
2023-09-17 19:03:32,812 - fewshot_scanobjectnn_linear_classification - INFO - args.world_size : 1
2023-09-17 19:03:32,812 - fewshot_scanobjectnn_linear_classification - INFO - args.exp_name : add_as_normal
2023-09-17 19:03:32,812 - fewshot_scanobjectnn_linear_classification - INFO - args.loss : cd1
2023-09-17 19:03:32,812 - fewshot_scanobjectnn_linear_classification - INFO - args.start_ckpts : None
2023-09-17 19:03:32,813 - fewshot_scanobjectnn_linear_classification - INFO - args.ckpts : ./experiments/pretrain_MaskSurf/cfgs/add_as_normal/ckpt-last.pth
2023-09-17 19:03:32,813 - fewshot_scanobjectnn_linear_classification - INFO - args.val_freq : 1
2023-09-17 19:03:32,813 - fewshot_scanobjectnn_linear_classification - INFO - args.vote : False
2023-09-17 19:03:32,813 - fewshot_scanobjectnn_linear_classification - INFO - args.resume : False
2023-09-17 19:03:32,813 - fewshot_scanobjectnn_linear_classification - INFO - args.test : False
2023-09-17 19:03:32,813 - fewshot_scanobjectnn_linear_classification - INFO - args.finetune_model : True
2023-09-17 19:03:32,813 - fewshot_scanobjectnn_linear_classification - INFO - args.scratch_model : False
2023-09-17 19:03:32,813 - fewshot_scanobjectnn_linear_classification - INFO - args.mode : None
2023-09-17 19:03:32,813 - fewshot_scanobjectnn_linear_classification - INFO - args.way : 5
2023-09-17 19:03:32,813 - fewshot_scanobjectnn_linear_classification - INFO - args.shot : 10
2023-09-17 19:03:32,813 - fewshot_scanobjectnn_linear_classification - INFO - args.fold : 9
2023-09-17 19:03:32,814 - fewshot_scanobjectnn_linear_classification - INFO - args.experiment_path : ./experiments/fewshot_scanobjectnn_linear_classification/cfgs/add_as_normal
2023-09-17 19:03:32,814 - fewshot_scanobjectnn_linear_classification - INFO - args.tfboard_path : ./experiments/fewshot_scanobjectnn_linear_classification/cfgs/TFBoard/add_as_normal
2023-09-17 19:03:32,814 - fewshot_scanobjectnn_linear_classification - INFO - args.log_name : fewshot_scanobjectnn_linear_classification
2023-09-17 19:03:32,814 - fewshot_scanobjectnn_linear_classification - INFO - args.use_gpu : True
2023-09-17 19:03:32,814 - fewshot_scanobjectnn_linear_classification - INFO - args.distributed : False
2023-09-17 19:03:32,814 - fewshot_scanobjectnn_linear_classification - INFO - config.optimizer = edict()
2023-09-17 19:03:32,814 - fewshot_scanobjectnn_linear_classification - INFO - config.optimizer.type : AdamW
2023-09-17 19:03:32,814 - fewshot_scanobjectnn_linear_classification - INFO - config.optimizer.part : only_new
2023-09-17 19:03:32,814 - fewshot_scanobjectnn_linear_classification - INFO - config.optimizer.kwargs = edict()
2023-09-17 19:03:32,814 - fewshot_scanobjectnn_linear_classification - INFO - config.optimizer.kwargs.lr : 0.0005
2023-09-17 19:03:32,815 - fewshot_scanobjectnn_linear_classification - INFO - config.optimizer.kwargs.weight_decay : 0.05
2023-09-17 19:03:32,815 - fewshot_scanobjectnn_linear_classification - INFO - config.scheduler = edict()
2023-09-17 19:03:32,815 - fewshot_scanobjectnn_linear_classification - INFO - config.scheduler.type : CosLR
2023-09-17 19:03:32,815 - fewshot_scanobjectnn_linear_classification - INFO - config.scheduler.kwargs = edict()
2023-09-17 19:03:32,815 - fewshot_scanobjectnn_linear_classification - INFO - config.scheduler.kwargs.epochs : 150
2023-09-17 19:03:32,815 - fewshot_scanobjectnn_linear_classification - INFO - config.scheduler.kwargs.initial_epochs : 10
2023-09-17 19:03:32,815 - fewshot_scanobjectnn_linear_classification - INFO - config.dataset = edict()
2023-09-17 19:03:32,815 - fewshot_scanobjectnn_linear_classification - INFO - config.dataset.train = edict()
2023-09-17 19:03:32,815 - fewshot_scanobjectnn_linear_classification - INFO - config.dataset.train._base_ = edict()
2023-09-17 19:03:32,815 - fewshot_scanobjectnn_linear_classification - INFO - config.dataset.train._base_.NAME : ModelNetFewShot
2023-09-17 19:03:32,815 - fewshot_scanobjectnn_linear_classification - INFO - config.dataset.train._base_.DATA_PATH : data/ScanObjectNN_hardest_fewshot
2023-09-17 19:03:32,816 - fewshot_scanobjectnn_linear_classification - INFO - config.dataset.train._base_.N_POINTS : 2048
2023-09-17 19:03:32,816 - fewshot_scanobjectnn_linear_classification - INFO - config.dataset.train._base_.NUM_CATEGORY : 15
2023-09-17 19:03:32,816 - fewshot_scanobjectnn_linear_classification - INFO - config.dataset.train._base_.USE_NORMALS : False
2023-09-17 19:03:32,816 - fewshot_scanobjectnn_linear_classification - INFO - config.dataset.train.others = edict()
2023-09-17 19:03:32,816 - fewshot_scanobjectnn_linear_classification - INFO - config.dataset.train.others.subset : train
2023-09-17 19:03:32,816 - fewshot_scanobjectnn_linear_classification - INFO - config.dataset.train.others.bs : 32
2023-09-17 19:03:32,816 - fewshot_scanobjectnn_linear_classification - INFO - config.dataset.val = edict()
2023-09-17 19:03:32,816 - fewshot_scanobjectnn_linear_classification - INFO - config.dataset.val._base_ = edict()
2023-09-17 19:03:32,817 - fewshot_scanobjectnn_linear_classification - INFO - config.dataset.val._base_.NAME : ModelNetFewShot
2023-09-17 19:03:32,817 - fewshot_scanobjectnn_linear_classification - INFO - config.dataset.val._base_.DATA_PATH : data/ScanObjectNN_hardest_fewshot
2023-09-17 19:03:32,817 - fewshot_scanobjectnn_linear_classification - INFO - config.dataset.val._base_.N_POINTS : 2048
2023-09-17 19:03:32,817 - fewshot_scanobjectnn_linear_classification - INFO - config.dataset.val._base_.NUM_CATEGORY : 15
2023-09-17 19:03:32,817 - fewshot_scanobjectnn_linear_classification - INFO - config.dataset.val._base_.USE_NORMALS : False
2023-09-17 19:03:32,817 - fewshot_scanobjectnn_linear_classification - INFO - config.dataset.val.others = edict()
2023-09-17 19:03:32,817 - fewshot_scanobjectnn_linear_classification - INFO - config.dataset.val.others.subset : test
2023-09-17 19:03:32,817 - fewshot_scanobjectnn_linear_classification - INFO - config.dataset.val.others.bs : 64
2023-09-17 19:03:32,817 - fewshot_scanobjectnn_linear_classification - INFO - config.dataset.test = edict()
2023-09-17 19:03:32,817 - fewshot_scanobjectnn_linear_classification - INFO - config.dataset.test._base_ = edict()
2023-09-17 19:03:32,817 - fewshot_scanobjectnn_linear_classification - INFO - config.dataset.test._base_.NAME : ScanObjectNN_hardest
2023-09-17 19:03:32,818 - fewshot_scanobjectnn_linear_classification - INFO - config.dataset.test._base_.ROOT : data/ScanObjectNN/main_split
2023-09-17 19:03:32,818 - fewshot_scanobjectnn_linear_classification - INFO - config.dataset.test.others = edict()
2023-09-17 19:03:32,818 - fewshot_scanobjectnn_linear_classification - INFO - config.dataset.test.others.subset : test
2023-09-17 19:03:32,818 - fewshot_scanobjectnn_linear_classification - INFO - config.dataset.test.others.bs : 32
2023-09-17 19:03:32,818 - fewshot_scanobjectnn_linear_classification - INFO - config.model = edict()
2023-09-17 19:03:32,818 - fewshot_scanobjectnn_linear_classification - INFO - config.model.NAME : PointTransformerLinearClassification
2023-09-17 19:03:32,818 - fewshot_scanobjectnn_linear_classification - INFO - config.model.trans_dim : 384
2023-09-17 19:03:32,818 - fewshot_scanobjectnn_linear_classification - INFO - config.model.depth : 12
2023-09-17 19:03:32,818 - fewshot_scanobjectnn_linear_classification - INFO - config.model.drop_path_rate : 0.1
2023-09-17 19:03:32,818 - fewshot_scanobjectnn_linear_classification - INFO - config.model.cls_dim : 15
2023-09-17 19:03:32,819 - fewshot_scanobjectnn_linear_classification - INFO - config.model.num_heads : 6
2023-09-17 19:03:32,819 - fewshot_scanobjectnn_linear_classification - INFO - config.model.group_size : 32
2023-09-17 19:03:32,819 - fewshot_scanobjectnn_linear_classification - INFO - config.model.num_group : 64
2023-09-17 19:03:32,819 - fewshot_scanobjectnn_linear_classification - INFO - config.model.encoder_dims : 384
2023-09-17 19:03:32,819 - fewshot_scanobjectnn_linear_classification - INFO - config.npoints : 1024
2023-09-17 19:03:32,819 - fewshot_scanobjectnn_linear_classification - INFO - config.total_bs : 32
2023-09-17 19:03:32,819 - fewshot_scanobjectnn_linear_classification - INFO - config.step_per_update : 1
2023-09-17 19:03:32,819 - fewshot_scanobjectnn_linear_classification - INFO - config.max_epoch : 150
2023-09-17 19:03:32,819 - fewshot_scanobjectnn_linear_classification - INFO - config.grad_norm_clip : 10
2023-09-17 19:03:32,819 - fewshot_scanobjectnn_linear_classification - INFO - Distributed training: False
2023-09-17 19:03:32,819 - fewshot_scanobjectnn_linear_classification - INFO - Set random seed to 0, deterministic: False
2023-09-17 19:03:35,019 - fewshot_scanobjectnn_linear_classification - INFO - Using Data parallel ...
2023-09-17 19:03:39,606 - fewshot_scanobjectnn_linear_classification - INFO - [Training] EPOCH: 0 EpochTime = 4.582 (s) Losses = ['2.7468', '9.3750'] lr = 0.000001
2023-09-17 19:03:40,257 - fewshot_scanobjectnn_linear_classification - INFO - Save checkpoint at ./experiments/fewshot_scanobjectnn_linear_classification/cfgs/add_as_normal/ckpt-last.pth
2023-09-17 19:03:41,153 - fewshot_scanobjectnn_linear_classification - INFO - [Training] EPOCH: 1 EpochTime = 0.894 (s) Losses = ['2.8538', '0.0000'] lr = 0.000051
2023-09-17 19:03:43,405 - fewshot_scanobjectnn_linear_classification - INFO - [Validation] EPOCH: 1  acc = 7.0000
2023-09-17 19:03:44,124 - fewshot_scanobjectnn_linear_classification - INFO - Save checkpoint at ./experiments/fewshot_scanobjectnn_linear_classification/cfgs/add_as_normal/ckpt-best.pth
2023-09-17 19:03:44,125 - fewshot_scanobjectnn_linear_classification - INFO - --------------------------------------------------------------------------------------------
2023-09-17 19:03:44,918 - fewshot_scanobjectnn_linear_classification - INFO - Save checkpoint at ./experiments/fewshot_scanobjectnn_linear_classification/cfgs/add_as_normal/ckpt-last.pth
2023-09-17 19:03:45,800 - fewshot_scanobjectnn_linear_classification - INFO - [Training] EPOCH: 2 EpochTime = 0.880 (s) Losses = ['2.7701', '6.2500'] lr = 0.000101
2023-09-17 19:03:46,685 - fewshot_scanobjectnn_linear_classification - INFO - [Validation] EPOCH: 2  acc = 11.0000
2023-09-17 19:03:47,246 - fewshot_scanobjectnn_linear_classification - INFO - Save checkpoint at ./experiments/fewshot_scanobjectnn_linear_classification/cfgs/add_as_normal/ckpt-best.pth
2023-09-17 19:03:47,246 - fewshot_scanobjectnn_linear_classification - INFO - --------------------------------------------------------------------------------------------
2023-09-17 19:03:48,205 - fewshot_scanobjectnn_linear_classification - INFO - Save checkpoint at ./experiments/fewshot_scanobjectnn_linear_classification/cfgs/add_as_normal/ckpt-last.pth
2023-09-17 19:03:49,016 - fewshot_scanobjectnn_linear_classification - INFO - [Training] EPOCH: 3 EpochTime = 0.810 (s) Losses = ['2.7125', '6.2500'] lr = 0.000151
2023-09-17 19:03:49,981 - fewshot_scanobjectnn_linear_classification - INFO - [Validation] EPOCH: 3  acc = 15.0000
2023-09-17 19:03:50,520 - fewshot_scanobjectnn_linear_classification - INFO - Save checkpoint at ./experiments/fewshot_scanobjectnn_linear_classification/cfgs/add_as_normal/ckpt-best.pth
2023-09-17 19:03:50,520 - fewshot_scanobjectnn_linear_classification - INFO - --------------------------------------------------------------------------------------------
2023-09-17 19:03:50,967 - fewshot_scanobjectnn_linear_classification - INFO - Save checkpoint at ./experiments/fewshot_scanobjectnn_linear_classification/cfgs/add_as_normal/ckpt-last.pth
2023-09-17 19:03:51,926 - fewshot_scanobjectnn_linear_classification - INFO - [Training] EPOCH: 4 EpochTime = 0.957 (s) Losses = ['2.6481', '12.5000'] lr = 0.000201
2023-09-17 19:03:52,841 - fewshot_scanobjectnn_linear_classification - INFO - [Validation] EPOCH: 4  acc = 18.0000
2023-09-17 19:03:53,314 - fewshot_scanobjectnn_linear_classification - INFO - Save checkpoint at ./experiments/fewshot_scanobjectnn_linear_classification/cfgs/add_as_normal/ckpt-best.pth
2023-09-17 19:03:53,314 - fewshot_scanobjectnn_linear_classification - INFO - --------------------------------------------------------------------------------------------
2023-09-17 19:03:53,724 - fewshot_scanobjectnn_linear_classification - INFO - Save checkpoint at ./experiments/fewshot_scanobjectnn_linear_classification/cfgs/add_as_normal/ckpt-last.pth
2023-09-17 19:03:54,670 - fewshot_scanobjectnn_linear_classification - INFO - [Training] EPOCH: 5 EpochTime = 0.942 (s) Losses = ['2.6267', '15.6250'] lr = 0.000251
2023-09-17 19:03:55,701 - fewshot_scanobjectnn_linear_classification - INFO - [Validation] EPOCH: 5  acc = 20.0000
2023-09-17 19:03:56,300 - fewshot_scanobjectnn_linear_classification - INFO - Save checkpoint at ./experiments/fewshot_scanobjectnn_linear_classification/cfgs/add_as_normal/ckpt-best.pth
2023-09-17 19:03:56,301 - fewshot_scanobjectnn_linear_classification - INFO - --------------------------------------------------------------------------------------------
2023-09-17 19:03:57,501 - fewshot_scanobjectnn_linear_classification - INFO - Save checkpoint at ./experiments/fewshot_scanobjectnn_linear_classification/cfgs/add_as_normal/ckpt-last.pth
2023-09-17 19:03:58,349 - fewshot_scanobjectnn_linear_classification - INFO - [Training] EPOCH: 6 EpochTime = 0.847 (s) Losses = ['2.3940', '21.8750'] lr = 0.000300
2023-09-17 19:03:59,344 - fewshot_scanobjectnn_linear_classification - INFO - [Validation] EPOCH: 6  acc = 21.0000
2023-09-17 19:04:00,827 - fewshot_scanobjectnn_linear_classification - INFO - Save checkpoint at ./experiments/fewshot_scanobjectnn_linear_classification/cfgs/add_as_normal/ckpt-best.pth
2023-09-17 19:04:00,827 - fewshot_scanobjectnn_linear_classification - INFO - --------------------------------------------------------------------------------------------
2023-09-17 19:04:01,495 - fewshot_scanobjectnn_linear_classification - INFO - Save checkpoint at ./experiments/fewshot_scanobjectnn_linear_classification/cfgs/add_as_normal/ckpt-last.pth
2023-09-17 19:04:02,472 - fewshot_scanobjectnn_linear_classification - INFO - [Training] EPOCH: 7 EpochTime = 0.975 (s) Losses = ['2.2934', '15.6250'] lr = 0.000350
2023-09-17 19:04:03,361 - fewshot_scanobjectnn_linear_classification - INFO - [Validation] EPOCH: 7  acc = 21.0000
2023-09-17 19:04:04,767 - fewshot_scanobjectnn_linear_classification - INFO - Save checkpoint at ./experiments/fewshot_scanobjectnn_linear_classification/cfgs/add_as_normal/ckpt-last.pth
2023-09-17 19:04:05,615 - fewshot_scanobjectnn_linear_classification - INFO - [Training] EPOCH: 8 EpochTime = 0.846 (s) Losses = ['2.1731', '18.7500'] lr = 0.000400
2023-09-17 19:04:06,561 - fewshot_scanobjectnn_linear_classification - INFO - [Validation] EPOCH: 8  acc = 21.0000
2023-09-17 19:04:07,293 - fewshot_scanobjectnn_linear_classification - INFO - Save checkpoint at ./experiments/fewshot_scanobjectnn_linear_classification/cfgs/add_as_normal/ckpt-last.pth
2023-09-17 19:04:08,080 - fewshot_scanobjectnn_linear_classification - INFO - [Training] EPOCH: 9 EpochTime = 0.785 (s) Losses = ['2.1346', '18.7500'] lr = 0.000450
2023-09-17 19:04:08,984 - fewshot_scanobjectnn_linear_classification - INFO - [Validation] EPOCH: 9  acc = 23.0000
2023-09-17 19:04:09,433 - fewshot_scanobjectnn_linear_classification - INFO - Save checkpoint at ./experiments/fewshot_scanobjectnn_linear_classification/cfgs/add_as_normal/ckpt-best.pth
2023-09-17 19:04:09,434 - fewshot_scanobjectnn_linear_classification - INFO - --------------------------------------------------------------------------------------------
2023-09-17 19:04:09,946 - fewshot_scanobjectnn_linear_classification - INFO - Save checkpoint at ./experiments/fewshot_scanobjectnn_linear_classification/cfgs/add_as_normal/ckpt-last.pth
2023-09-17 19:04:10,788 - fewshot_scanobjectnn_linear_classification - INFO - [Training] EPOCH: 10 EpochTime = 0.841 (s) Losses = ['1.9158', '18.7500'] lr = 0.000495
2023-09-17 19:04:11,657 - fewshot_scanobjectnn_linear_classification - INFO - [Validation] EPOCH: 10  acc = 28.0000
2023-09-17 19:04:12,379 - fewshot_scanobjectnn_linear_classification - INFO - Save checkpoint at ./experiments/fewshot_scanobjectnn_linear_classification/cfgs/add_as_normal/ckpt-best.pth
2023-09-17 19:04:12,379 - fewshot_scanobjectnn_linear_classification - INFO - --------------------------------------------------------------------------------------------
2023-09-17 19:04:13,393 - fewshot_scanobjectnn_linear_classification - INFO - Save checkpoint at ./experiments/fewshot_scanobjectnn_linear_classification/cfgs/add_as_normal/ckpt-last.pth
2023-09-17 19:04:14,218 - fewshot_scanobjectnn_linear_classification - INFO - [Training] EPOCH: 11 EpochTime = 0.823 (s) Losses = ['1.8737', '9.3750'] lr = 0.000493
2023-09-17 19:04:15,164 - fewshot_scanobjectnn_linear_classification - INFO - [Validation] EPOCH: 11  acc = 23.0000
2023-09-17 19:04:15,580 - fewshot_scanobjectnn_linear_classification - INFO - Save checkpoint at ./experiments/fewshot_scanobjectnn_linear_classification/cfgs/add_as_normal/ckpt-last.pth
2023-09-17 19:04:16,452 - fewshot_scanobjectnn_linear_classification - INFO - [Training] EPOCH: 12 EpochTime = 0.869 (s) Losses = ['1.8090', '15.6250'] lr = 0.000492
2023-09-17 19:04:17,363 - fewshot_scanobjectnn_linear_classification - INFO - [Validation] EPOCH: 12  acc = 30.0000
2023-09-17 19:04:17,922 - fewshot_scanobjectnn_linear_classification - INFO - Save checkpoint at ./experiments/fewshot_scanobjectnn_linear_classification/cfgs/add_as_normal/ckpt-best.pth
2023-09-17 19:04:17,922 - fewshot_scanobjectnn_linear_classification - INFO - --------------------------------------------------------------------------------------------
2023-09-17 19:04:18,889 - fewshot_scanobjectnn_linear_classification - INFO - Save checkpoint at ./experiments/fewshot_scanobjectnn_linear_classification/cfgs/add_as_normal/ckpt-last.pth
2023-09-17 19:04:19,706 - fewshot_scanobjectnn_linear_classification - INFO - [Training] EPOCH: 13 EpochTime = 0.816 (s) Losses = ['1.7996', '18.7500'] lr = 0.000491
2023-09-17 19:04:20,623 - fewshot_scanobjectnn_linear_classification - INFO - [Validation] EPOCH: 13  acc = 29.0000
2023-09-17 19:04:21,105 - fewshot_scanobjectnn_linear_classification - INFO - Save checkpoint at ./experiments/fewshot_scanobjectnn_linear_classification/cfgs/add_as_normal/ckpt-last.pth
2023-09-17 19:04:21,962 - fewshot_scanobjectnn_linear_classification - INFO - [Training] EPOCH: 14 EpochTime = 0.855 (s) Losses = ['1.6652', '15.6250'] lr = 0.000489
2023-09-17 19:04:22,917 - fewshot_scanobjectnn_linear_classification - INFO - [Validation] EPOCH: 14  acc = 27.0000
2023-09-17 19:04:23,774 - fewshot_scanobjectnn_linear_classification - INFO - Save checkpoint at ./experiments/fewshot_scanobjectnn_linear_classification/cfgs/add_as_normal/ckpt-last.pth
2023-09-17 19:04:24,591 - fewshot_scanobjectnn_linear_classification - INFO - [Training] EPOCH: 15 EpochTime = 0.815 (s) Losses = ['1.7087', '3.1250'] lr = 0.000488
2023-09-17 19:04:25,500 - fewshot_scanobjectnn_linear_classification - INFO - [Validation] EPOCH: 15  acc = 29.0000
2023-09-17 19:04:26,066 - fewshot_scanobjectnn_linear_classification - INFO - Save checkpoint at ./experiments/fewshot_scanobjectnn_linear_classification/cfgs/add_as_normal/ckpt-last.pth
2023-09-17 19:04:26,858 - fewshot_scanobjectnn_linear_classification - INFO - [Training] EPOCH: 16 EpochTime = 0.791 (s) Losses = ['1.6211', '28.1250'] lr = 0.000486
2023-09-17 19:04:27,811 - fewshot_scanobjectnn_linear_classification - INFO - [Validation] EPOCH: 16  acc = 23.0000
2023-09-17 19:04:28,339 - fewshot_scanobjectnn_linear_classification - INFO - Save checkpoint at ./experiments/fewshot_scanobjectnn_linear_classification/cfgs/add_as_normal/ckpt-last.pth
2023-09-17 19:04:29,167 - fewshot_scanobjectnn_linear_classification - INFO - [Training] EPOCH: 17 EpochTime = 0.826 (s) Losses = ['1.6639', '12.5000'] lr = 0.000484
2023-09-17 19:04:30,072 - fewshot_scanobjectnn_linear_classification - INFO - [Validation] EPOCH: 17  acc = 23.0000
2023-09-17 19:04:31,103 - fewshot_scanobjectnn_linear_classification - INFO - Save checkpoint at ./experiments/fewshot_scanobjectnn_linear_classification/cfgs/add_as_normal/ckpt-last.pth
2023-09-17 19:04:31,932 - fewshot_scanobjectnn_linear_classification - INFO - [Training] EPOCH: 18 EpochTime = 0.827 (s) Losses = ['1.6474', '15.6250'] lr = 0.000482
2023-09-17 19:04:32,925 - fewshot_scanobjectnn_linear_classification - INFO - [Validation] EPOCH: 18  acc = 26.0000
2023-09-17 19:04:33,395 - fewshot_scanobjectnn_linear_classification - INFO - Save checkpoint at ./experiments/fewshot_scanobjectnn_linear_classification/cfgs/add_as_normal/ckpt-last.pth
2023-09-17 19:04:34,203 - fewshot_scanobjectnn_linear_classification - INFO - [Training] EPOCH: 19 EpochTime = 0.808 (s) Losses = ['1.6144', '25.0000'] lr = 0.000481
2023-09-17 19:04:35,067 - fewshot_scanobjectnn_linear_classification - INFO - [Validation] EPOCH: 19  acc = 23.0000
2023-09-17 19:04:35,920 - fewshot_scanobjectnn_linear_classification - INFO - Save checkpoint at ./experiments/fewshot_scanobjectnn_linear_classification/cfgs/add_as_normal/ckpt-last.pth
2023-09-17 19:04:36,759 - fewshot_scanobjectnn_linear_classification - INFO - [Training] EPOCH: 20 EpochTime = 0.836 (s) Losses = ['1.6084', '18.7500'] lr = 0.000478
2023-09-17 19:04:37,681 - fewshot_scanobjectnn_linear_classification - INFO - [Validation] EPOCH: 20  acc = 19.0000
2023-09-17 19:04:38,162 - fewshot_scanobjectnn_linear_classification - INFO - Save checkpoint at ./experiments/fewshot_scanobjectnn_linear_classification/cfgs/add_as_normal/ckpt-last.pth
2023-09-17 19:04:38,967 - fewshot_scanobjectnn_linear_classification - INFO - [Training] EPOCH: 21 EpochTime = 0.804 (s) Losses = ['1.5748', '28.1250'] lr = 0.000476
2023-09-17 19:04:39,851 - fewshot_scanobjectnn_linear_classification - INFO - [Validation] EPOCH: 21  acc = 17.0000
2023-09-17 19:04:40,293 - fewshot_scanobjectnn_linear_classification - INFO - Save checkpoint at ./experiments/fewshot_scanobjectnn_linear_classification/cfgs/add_as_normal/ckpt-last.pth
2023-09-17 19:04:41,129 - fewshot_scanobjectnn_linear_classification - INFO - [Training] EPOCH: 22 EpochTime = 0.835 (s) Losses = ['1.5503', '18.7500'] lr = 0.000474
2023-09-17 19:04:42,045 - fewshot_scanobjectnn_linear_classification - INFO - [Validation] EPOCH: 22  acc = 18.0000
2023-09-17 19:04:42,630 - fewshot_scanobjectnn_linear_classification - INFO - Save checkpoint at ./experiments/fewshot_scanobjectnn_linear_classification/cfgs/add_as_normal/ckpt-last.pth
2023-09-17 19:04:43,427 - fewshot_scanobjectnn_linear_classification - INFO - [Training] EPOCH: 23 EpochTime = 0.795 (s) Losses = ['1.5427', '34.3750'] lr = 0.000472
2023-09-17 19:04:44,322 - fewshot_scanobjectnn_linear_classification - INFO - [Validation] EPOCH: 23  acc = 16.0000
2023-09-17 19:04:45,016 - fewshot_scanobjectnn_linear_classification - INFO - Save checkpoint at ./experiments/fewshot_scanobjectnn_linear_classification/cfgs/add_as_normal/ckpt-last.pth
2023-09-17 19:04:45,834 - fewshot_scanobjectnn_linear_classification - INFO - [Training] EPOCH: 24 EpochTime = 0.817 (s) Losses = ['1.5826', '18.7500'] lr = 0.000469
2023-09-17 19:04:46,785 - fewshot_scanobjectnn_linear_classification - INFO - [Validation] EPOCH: 24  acc = 18.0000
2023-09-17 19:04:47,192 - fewshot_scanobjectnn_linear_classification - INFO - Save checkpoint at ./experiments/fewshot_scanobjectnn_linear_classification/cfgs/add_as_normal/ckpt-last.pth
2023-09-17 19:04:48,106 - fewshot_scanobjectnn_linear_classification - INFO - [Training] EPOCH: 25 EpochTime = 0.912 (s) Losses = ['1.5762', '25.0000'] lr = 0.000467
2023-09-17 19:04:48,978 - fewshot_scanobjectnn_linear_classification - INFO - [Validation] EPOCH: 25  acc = 21.0000
2023-09-17 19:04:49,491 - fewshot_scanobjectnn_linear_classification - INFO - Save checkpoint at ./experiments/fewshot_scanobjectnn_linear_classification/cfgs/add_as_normal/ckpt-last.pth
2023-09-17 19:04:50,390 - fewshot_scanobjectnn_linear_classification - INFO - [Training] EPOCH: 26 EpochTime = 0.897 (s) Losses = ['1.5405', '31.2500'] lr = 0.000464
2023-09-17 19:04:51,373 - fewshot_scanobjectnn_linear_classification - INFO - [Validation] EPOCH: 26  acc = 24.0000
2023-09-17 19:04:52,277 - fewshot_scanobjectnn_linear_classification - INFO - Save checkpoint at ./experiments/fewshot_scanobjectnn_linear_classification/cfgs/add_as_normal/ckpt-last.pth
2023-09-17 19:04:53,092 - fewshot_scanobjectnn_linear_classification - INFO - [Training] EPOCH: 27 EpochTime = 0.814 (s) Losses = ['1.6233', '21.8750'] lr = 0.000461
2023-09-17 19:04:54,014 - fewshot_scanobjectnn_linear_classification - INFO - [Validation] EPOCH: 27  acc = 26.0000
2023-09-17 19:04:54,495 - fewshot_scanobjectnn_linear_classification - INFO - Save checkpoint at ./experiments/fewshot_scanobjectnn_linear_classification/cfgs/add_as_normal/ckpt-last.pth
2023-09-17 19:04:55,347 - fewshot_scanobjectnn_linear_classification - INFO - [Training] EPOCH: 28 EpochTime = 0.850 (s) Losses = ['1.4920', '34.3750'] lr = 0.000458
2023-09-17 19:04:56,233 - fewshot_scanobjectnn_linear_classification - INFO - [Validation] EPOCH: 28  acc = 25.0000
2023-09-17 19:04:56,660 - fewshot_scanobjectnn_linear_classification - INFO - Save checkpoint at ./experiments/fewshot_scanobjectnn_linear_classification/cfgs/add_as_normal/ckpt-last.pth
2023-09-17 19:04:57,487 - fewshot_scanobjectnn_linear_classification - INFO - [Training] EPOCH: 29 EpochTime = 0.826 (s) Losses = ['1.5426', '18.7500'] lr = 0.000455
2023-09-17 19:04:58,480 - fewshot_scanobjectnn_linear_classification - INFO - [Validation] EPOCH: 29  acc = 22.0000
2023-09-17 19:04:59,009 - fewshot_scanobjectnn_linear_classification - INFO - Save checkpoint at ./experiments/fewshot_scanobjectnn_linear_classification/cfgs/add_as_normal/ckpt-last.pth
2023-09-17 19:04:59,935 - fewshot_scanobjectnn_linear_classification - INFO - [Training] EPOCH: 30 EpochTime = 0.925 (s) Losses = ['1.5229', '34.3750'] lr = 0.000452
2023-09-17 19:05:00,840 - fewshot_scanobjectnn_linear_classification - INFO - [Validation] EPOCH: 30  acc = 24.0000
2023-09-17 19:05:01,294 - fewshot_scanobjectnn_linear_classification - INFO - Save checkpoint at ./experiments/fewshot_scanobjectnn_linear_classification/cfgs/add_as_normal/ckpt-last.pth
2023-09-17 19:05:02,119 - fewshot_scanobjectnn_linear_classification - INFO - [Training] EPOCH: 31 EpochTime = 0.824 (s) Losses = ['1.5192', '31.2500'] lr = 0.000449
2023-09-17 19:05:03,028 - fewshot_scanobjectnn_linear_classification - INFO - [Validation] EPOCH: 31  acc = 28.0000
2023-09-17 19:05:03,716 - fewshot_scanobjectnn_linear_classification - INFO - Save checkpoint at ./experiments/fewshot_scanobjectnn_linear_classification/cfgs/add_as_normal/ckpt-last.pth
2023-09-17 19:05:04,655 - fewshot_scanobjectnn_linear_classification - INFO - [Training] EPOCH: 32 EpochTime = 0.938 (s) Losses = ['1.5232', '31.2500'] lr = 0.000446
2023-09-17 19:05:05,696 - fewshot_scanobjectnn_linear_classification - INFO - [Validation] EPOCH: 32  acc = 28.0000
2023-09-17 19:05:06,167 - fewshot_scanobjectnn_linear_classification - INFO - Save checkpoint at ./experiments/fewshot_scanobjectnn_linear_classification/cfgs/add_as_normal/ckpt-last.pth
2023-09-17 19:05:06,979 - fewshot_scanobjectnn_linear_classification - INFO - [Training] EPOCH: 33 EpochTime = 0.810 (s) Losses = ['1.5043', '34.3750'] lr = 0.000443
2023-09-17 19:05:07,900 - fewshot_scanobjectnn_linear_classification - INFO - [Validation] EPOCH: 33  acc = 34.0000
2023-09-17 19:05:08,337 - fewshot_scanobjectnn_linear_classification - INFO - Save checkpoint at ./experiments/fewshot_scanobjectnn_linear_classification/cfgs/add_as_normal/ckpt-best.pth
2023-09-17 19:05:08,337 - fewshot_scanobjectnn_linear_classification - INFO - --------------------------------------------------------------------------------------------
2023-09-17 19:05:08,835 - fewshot_scanobjectnn_linear_classification - INFO - Save checkpoint at ./experiments/fewshot_scanobjectnn_linear_classification/cfgs/add_as_normal/ckpt-last.pth
2023-09-17 19:05:09,673 - fewshot_scanobjectnn_linear_classification - INFO - [Training] EPOCH: 34 EpochTime = 0.836 (s) Losses = ['1.4922', '37.5000'] lr = 0.000439
2023-09-17 19:05:10,755 - fewshot_scanobjectnn_linear_classification - INFO - [Validation] EPOCH: 34  acc = 35.0000
2023-09-17 19:05:11,443 - fewshot_scanobjectnn_linear_classification - INFO - Save checkpoint at ./experiments/fewshot_scanobjectnn_linear_classification/cfgs/add_as_normal/ckpt-best.pth
2023-09-17 19:05:11,443 - fewshot_scanobjectnn_linear_classification - INFO - --------------------------------------------------------------------------------------------
2023-09-17 19:05:12,401 - fewshot_scanobjectnn_linear_classification - INFO - Save checkpoint at ./experiments/fewshot_scanobjectnn_linear_classification/cfgs/add_as_normal/ckpt-last.pth
2023-09-17 19:05:13,272 - fewshot_scanobjectnn_linear_classification - INFO - [Training] EPOCH: 35 EpochTime = 0.869 (s) Losses = ['1.4868', '43.7500'] lr = 0.000436
2023-09-17 19:05:14,230 - fewshot_scanobjectnn_linear_classification - INFO - [Validation] EPOCH: 35  acc = 38.0000
2023-09-17 19:05:14,948 - fewshot_scanobjectnn_linear_classification - INFO - Save checkpoint at ./experiments/fewshot_scanobjectnn_linear_classification/cfgs/add_as_normal/ckpt-best.pth
2023-09-17 19:05:14,948 - fewshot_scanobjectnn_linear_classification - INFO - --------------------------------------------------------------------------------------------
2023-09-17 19:05:16,238 - fewshot_scanobjectnn_linear_classification - INFO - Save checkpoint at ./experiments/fewshot_scanobjectnn_linear_classification/cfgs/add_as_normal/ckpt-last.pth
2023-09-17 19:05:17,131 - fewshot_scanobjectnn_linear_classification - INFO - [Training] EPOCH: 36 EpochTime = 0.891 (s) Losses = ['1.4777', '43.7500'] lr = 0.000432
2023-09-17 19:05:18,148 - fewshot_scanobjectnn_linear_classification - INFO - [Validation] EPOCH: 36  acc = 40.0000
2023-09-17 19:05:18,607 - fewshot_scanobjectnn_linear_classification - INFO - Save checkpoint at ./experiments/fewshot_scanobjectnn_linear_classification/cfgs/add_as_normal/ckpt-best.pth
2023-09-17 19:05:18,607 - fewshot_scanobjectnn_linear_classification - INFO - --------------------------------------------------------------------------------------------
2023-09-17 19:05:19,365 - fewshot_scanobjectnn_linear_classification - INFO - Save checkpoint at ./experiments/fewshot_scanobjectnn_linear_classification/cfgs/add_as_normal/ckpt-last.pth
2023-09-17 19:05:20,184 - fewshot_scanobjectnn_linear_classification - INFO - [Training] EPOCH: 37 EpochTime = 0.817 (s) Losses = ['1.4676', '40.6250'] lr = 0.000429
2023-09-17 19:05:21,082 - fewshot_scanobjectnn_linear_classification - INFO - [Validation] EPOCH: 37  acc = 40.0000
2023-09-17 19:05:21,628 - fewshot_scanobjectnn_linear_classification - INFO - Save checkpoint at ./experiments/fewshot_scanobjectnn_linear_classification/cfgs/add_as_normal/ckpt-last.pth
2023-09-17 19:05:22,626 - fewshot_scanobjectnn_linear_classification - INFO - [Training] EPOCH: 38 EpochTime = 0.996 (s) Losses = ['1.4622', '37.5000'] lr = 0.000425
2023-09-17 19:05:23,599 - fewshot_scanobjectnn_linear_classification - INFO - [Validation] EPOCH: 38  acc = 40.0000
2023-09-17 19:05:24,324 - fewshot_scanobjectnn_linear_classification - INFO - Save checkpoint at ./experiments/fewshot_scanobjectnn_linear_classification/cfgs/add_as_normal/ckpt-last.pth
2023-09-17 19:05:25,137 - fewshot_scanobjectnn_linear_classification - INFO - [Training] EPOCH: 39 EpochTime = 0.811 (s) Losses = ['1.5202', '28.1250'] lr = 0.000421
2023-09-17 19:05:26,131 - fewshot_scanobjectnn_linear_classification - INFO - [Validation] EPOCH: 39  acc = 39.0000
2023-09-17 19:05:26,580 - fewshot_scanobjectnn_linear_classification - INFO - Save checkpoint at ./experiments/fewshot_scanobjectnn_linear_classification/cfgs/add_as_normal/ckpt-last.pth
2023-09-17 19:05:27,454 - fewshot_scanobjectnn_linear_classification - INFO - [Training] EPOCH: 40 EpochTime = 0.872 (s) Losses = ['1.4377', '50.0000'] lr = 0.000417
2023-09-17 19:05:28,404 - fewshot_scanobjectnn_linear_classification - INFO - [Validation] EPOCH: 40  acc = 41.0000
2023-09-17 19:05:28,831 - fewshot_scanobjectnn_linear_classification - INFO - Save checkpoint at ./experiments/fewshot_scanobjectnn_linear_classification/cfgs/add_as_normal/ckpt-best.pth
2023-09-17 19:05:28,831 - fewshot_scanobjectnn_linear_classification - INFO - --------------------------------------------------------------------------------------------
2023-09-17 19:05:29,455 - fewshot_scanobjectnn_linear_classification - INFO - Save checkpoint at ./experiments/fewshot_scanobjectnn_linear_classification/cfgs/add_as_normal/ckpt-last.pth
2023-09-17 19:05:30,252 - fewshot_scanobjectnn_linear_classification - INFO - [Training] EPOCH: 41 EpochTime = 0.795 (s) Losses = ['1.4343', '43.7500'] lr = 0.000414
2023-09-17 19:05:31,195 - fewshot_scanobjectnn_linear_classification - INFO - [Validation] EPOCH: 41  acc = 36.0000
2023-09-17 19:05:31,646 - fewshot_scanobjectnn_linear_classification - INFO - Save checkpoint at ./experiments/fewshot_scanobjectnn_linear_classification/cfgs/add_as_normal/ckpt-last.pth
2023-09-17 19:05:32,507 - fewshot_scanobjectnn_linear_classification - INFO - [Training] EPOCH: 42 EpochTime = 0.859 (s) Losses = ['1.4298', '46.8750'] lr = 0.000410
2023-09-17 19:05:33,400 - fewshot_scanobjectnn_linear_classification - INFO - [Validation] EPOCH: 42  acc = 30.0000
2023-09-17 19:05:34,047 - fewshot_scanobjectnn_linear_classification - INFO - Save checkpoint at ./experiments/fewshot_scanobjectnn_linear_classification/cfgs/add_as_normal/ckpt-last.pth
2023-09-17 19:05:34,843 - fewshot_scanobjectnn_linear_classification - INFO - [Training] EPOCH: 43 EpochTime = 0.795 (s) Losses = ['1.4780', '40.6250'] lr = 0.000405
2023-09-17 19:05:35,736 - fewshot_scanobjectnn_linear_classification - INFO - [Validation] EPOCH: 43  acc = 29.0000
2023-09-17 19:05:36,456 - fewshot_scanobjectnn_linear_classification - INFO - Save checkpoint at ./experiments/fewshot_scanobjectnn_linear_classification/cfgs/add_as_normal/ckpt-last.pth
2023-09-17 19:05:37,373 - fewshot_scanobjectnn_linear_classification - INFO - [Training] EPOCH: 44 EpochTime = 0.915 (s) Losses = ['1.4840', '31.2500'] lr = 0.000401
2023-09-17 19:05:38,264 - fewshot_scanobjectnn_linear_classification - INFO - [Validation] EPOCH: 44  acc = 30.0000
2023-09-17 19:05:39,008 - fewshot_scanobjectnn_linear_classification - INFO - Save checkpoint at ./experiments/fewshot_scanobjectnn_linear_classification/cfgs/add_as_normal/ckpt-last.pth
2023-09-17 19:05:39,829 - fewshot_scanobjectnn_linear_classification - INFO - [Training] EPOCH: 45 EpochTime = 0.820 (s) Losses = ['1.4486', '40.6250'] lr = 0.000397
2023-09-17 19:05:40,785 - fewshot_scanobjectnn_linear_classification - INFO - [Validation] EPOCH: 45  acc = 31.0000
2023-09-17 19:05:41,508 - fewshot_scanobjectnn_linear_classification - INFO - Save checkpoint at ./experiments/fewshot_scanobjectnn_linear_classification/cfgs/add_as_normal/ckpt-last.pth
2023-09-17 19:05:42,395 - fewshot_scanobjectnn_linear_classification - INFO - [Training] EPOCH: 46 EpochTime = 0.884 (s) Losses = ['1.4744', '31.2500'] lr = 0.000393
2023-09-17 19:05:43,316 - fewshot_scanobjectnn_linear_classification - INFO - [Validation] EPOCH: 46  acc = 31.0000
2023-09-17 19:05:44,178 - fewshot_scanobjectnn_linear_classification - INFO - Save checkpoint at ./experiments/fewshot_scanobjectnn_linear_classification/cfgs/add_as_normal/ckpt-last.pth
2023-09-17 19:05:45,036 - fewshot_scanobjectnn_linear_classification - INFO - [Training] EPOCH: 47 EpochTime = 0.857 (s) Losses = ['1.4793', '37.5000'] lr = 0.000389
2023-09-17 19:05:46,062 - fewshot_scanobjectnn_linear_classification - INFO - [Validation] EPOCH: 47  acc = 33.0000
2023-09-17 19:05:46,939 - fewshot_scanobjectnn_linear_classification - INFO - Save checkpoint at ./experiments/fewshot_scanobjectnn_linear_classification/cfgs/add_as_normal/ckpt-last.pth
2023-09-17 19:05:47,815 - fewshot_scanobjectnn_linear_classification - INFO - [Training] EPOCH: 48 EpochTime = 0.873 (s) Losses = ['1.3414', '53.1250'] lr = 0.000384
2023-09-17 19:05:48,700 - fewshot_scanobjectnn_linear_classification - INFO - [Validation] EPOCH: 48  acc = 33.0000
2023-09-17 19:05:49,919 - fewshot_scanobjectnn_linear_classification - INFO - Save checkpoint at ./experiments/fewshot_scanobjectnn_linear_classification/cfgs/add_as_normal/ckpt-last.pth
2023-09-17 19:05:50,804 - fewshot_scanobjectnn_linear_classification - INFO - [Training] EPOCH: 49 EpochTime = 0.884 (s) Losses = ['1.4503', '37.5000'] lr = 0.000380
2023-09-17 19:05:51,839 - fewshot_scanobjectnn_linear_classification - INFO - [Validation] EPOCH: 49  acc = 35.0000
2023-09-17 19:05:52,658 - fewshot_scanobjectnn_linear_classification - INFO - Save checkpoint at ./experiments/fewshot_scanobjectnn_linear_classification/cfgs/add_as_normal/ckpt-last.pth
2023-09-17 19:05:53,470 - fewshot_scanobjectnn_linear_classification - INFO - [Training] EPOCH: 50 EpochTime = 0.810 (s) Losses = ['1.3606', '40.6250'] lr = 0.000375
2023-09-17 19:05:54,390 - fewshot_scanobjectnn_linear_classification - INFO - [Validation] EPOCH: 50  acc = 31.0000
2023-09-17 19:05:55,193 - fewshot_scanobjectnn_linear_classification - INFO - Save checkpoint at ./experiments/fewshot_scanobjectnn_linear_classification/cfgs/add_as_normal/ckpt-last.pth
2023-09-17 19:05:56,126 - fewshot_scanobjectnn_linear_classification - INFO - [Training] EPOCH: 51 EpochTime = 0.932 (s) Losses = ['1.4259', '34.3750'] lr = 0.000371
2023-09-17 19:05:57,209 - fewshot_scanobjectnn_linear_classification - INFO - [Validation] EPOCH: 51  acc = 29.0000
2023-09-17 19:05:58,335 - fewshot_scanobjectnn_linear_classification - INFO - Save checkpoint at ./experiments/fewshot_scanobjectnn_linear_classification/cfgs/add_as_normal/ckpt-last.pth
2023-09-17 19:05:59,137 - fewshot_scanobjectnn_linear_classification - INFO - [Training] EPOCH: 52 EpochTime = 0.801 (s) Losses = ['1.4664', '34.3750'] lr = 0.000366
2023-09-17 19:06:00,053 - fewshot_scanobjectnn_linear_classification - INFO - [Validation] EPOCH: 52  acc = 30.0000
2023-09-17 19:06:00,544 - fewshot_scanobjectnn_linear_classification - INFO - Save checkpoint at ./experiments/fewshot_scanobjectnn_linear_classification/cfgs/add_as_normal/ckpt-last.pth
2023-09-17 19:06:01,386 - fewshot_scanobjectnn_linear_classification - INFO - [Training] EPOCH: 53 EpochTime = 0.840 (s) Losses = ['1.3510', '40.6250'] lr = 0.000361
2023-09-17 19:06:02,297 - fewshot_scanobjectnn_linear_classification - INFO - [Validation] EPOCH: 53  acc = 30.0000
2023-09-17 19:06:02,875 - fewshot_scanobjectnn_linear_classification - INFO - Save checkpoint at ./experiments/fewshot_scanobjectnn_linear_classification/cfgs/add_as_normal/ckpt-last.pth
2023-09-17 19:06:03,677 - fewshot_scanobjectnn_linear_classification - INFO - [Training] EPOCH: 54 EpochTime = 0.800 (s) Losses = ['1.4123', '34.3750'] lr = 0.000357
2023-09-17 19:06:04,655 - fewshot_scanobjectnn_linear_classification - INFO - [Validation] EPOCH: 54  acc = 29.0000
2023-09-17 19:06:05,145 - fewshot_scanobjectnn_linear_classification - INFO - Save checkpoint at ./experiments/fewshot_scanobjectnn_linear_classification/cfgs/add_as_normal/ckpt-last.pth
2023-09-17 19:06:06,003 - fewshot_scanobjectnn_linear_classification - INFO - [Training] EPOCH: 55 EpochTime = 0.856 (s) Losses = ['1.4423', '40.6250'] lr = 0.000352
2023-09-17 19:06:06,902 - fewshot_scanobjectnn_linear_classification - INFO - [Validation] EPOCH: 55  acc = 32.0000
2023-09-17 19:06:07,769 - fewshot_scanobjectnn_linear_classification - INFO - Save checkpoint at ./experiments/fewshot_scanobjectnn_linear_classification/cfgs/add_as_normal/ckpt-last.pth
2023-09-17 19:06:08,636 - fewshot_scanobjectnn_linear_classification - INFO - [Training] EPOCH: 56 EpochTime = 0.865 (s) Losses = ['1.4393', '31.2500'] lr = 0.000347
2023-09-17 19:06:09,561 - fewshot_scanobjectnn_linear_classification - INFO - [Validation] EPOCH: 56  acc = 33.0000
2023-09-17 19:06:10,090 - fewshot_scanobjectnn_linear_classification - INFO - Save checkpoint at ./experiments/fewshot_scanobjectnn_linear_classification/cfgs/add_as_normal/ckpt-last.pth
2023-09-17 19:06:11,039 - fewshot_scanobjectnn_linear_classification - INFO - [Training] EPOCH: 57 EpochTime = 0.947 (s) Losses = ['1.3881', '46.8750'] lr = 0.000342
2023-09-17 19:06:12,067 - fewshot_scanobjectnn_linear_classification - INFO - [Validation] EPOCH: 57  acc = 36.0000
2023-09-17 19:06:12,582 - fewshot_scanobjectnn_linear_classification - INFO - Save checkpoint at ./experiments/fewshot_scanobjectnn_linear_classification/cfgs/add_as_normal/ckpt-last.pth
2023-09-17 19:06:13,446 - fewshot_scanobjectnn_linear_classification - INFO - [Training] EPOCH: 58 EpochTime = 0.862 (s) Losses = ['1.4474', '31.2500'] lr = 0.000337
2023-09-17 19:06:14,415 - fewshot_scanobjectnn_linear_classification - INFO - [Validation] EPOCH: 58  acc = 36.0000
2023-09-17 19:06:14,864 - fewshot_scanobjectnn_linear_classification - INFO - Save checkpoint at ./experiments/fewshot_scanobjectnn_linear_classification/cfgs/add_as_normal/ckpt-last.pth
2023-09-17 19:06:15,703 - fewshot_scanobjectnn_linear_classification - INFO - [Training] EPOCH: 59 EpochTime = 0.837 (s) Losses = ['1.4079', '34.3750'] lr = 0.000333
2023-09-17 19:06:16,712 - fewshot_scanobjectnn_linear_classification - INFO - [Validation] EPOCH: 59  acc = 38.0000
2023-09-17 19:06:17,209 - fewshot_scanobjectnn_linear_classification - INFO - Save checkpoint at ./experiments/fewshot_scanobjectnn_linear_classification/cfgs/add_as_normal/ckpt-last.pth
2023-09-17 19:06:18,063 - fewshot_scanobjectnn_linear_classification - INFO - [Training] EPOCH: 60 EpochTime = 0.852 (s) Losses = ['1.3567', '56.2500'] lr = 0.000328
2023-09-17 19:06:19,072 - fewshot_scanobjectnn_linear_classification - INFO - [Validation] EPOCH: 60  acc = 43.0000
2023-09-17 19:06:19,764 - fewshot_scanobjectnn_linear_classification - INFO - Save checkpoint at ./experiments/fewshot_scanobjectnn_linear_classification/cfgs/add_as_normal/ckpt-best.pth
2023-09-17 19:06:19,764 - fewshot_scanobjectnn_linear_classification - INFO - --------------------------------------------------------------------------------------------
2023-09-17 19:06:20,998 - fewshot_scanobjectnn_linear_classification - INFO - Save checkpoint at ./experiments/fewshot_scanobjectnn_linear_classification/cfgs/add_as_normal/ckpt-last.pth
2023-09-17 19:06:21,919 - fewshot_scanobjectnn_linear_classification - INFO - [Training] EPOCH: 61 EpochTime = 0.920 (s) Losses = ['1.3016', '50.0000'] lr = 0.000323
2023-09-17 19:06:22,882 - fewshot_scanobjectnn_linear_classification - INFO - [Validation] EPOCH: 61  acc = 44.0000
2023-09-17 19:06:23,471 - fewshot_scanobjectnn_linear_classification - INFO - Save checkpoint at ./experiments/fewshot_scanobjectnn_linear_classification/cfgs/add_as_normal/ckpt-best.pth
2023-09-17 19:06:23,472 - fewshot_scanobjectnn_linear_classification - INFO - --------------------------------------------------------------------------------------------
2023-09-17 19:06:24,408 - fewshot_scanobjectnn_linear_classification - INFO - Save checkpoint at ./experiments/fewshot_scanobjectnn_linear_classification/cfgs/add_as_normal/ckpt-last.pth
2023-09-17 19:06:25,230 - fewshot_scanobjectnn_linear_classification - INFO - [Training] EPOCH: 62 EpochTime = 0.820 (s) Losses = ['1.3275', '53.1250'] lr = 0.000318
2023-09-17 19:06:26,173 - fewshot_scanobjectnn_linear_classification - INFO - [Validation] EPOCH: 62  acc = 43.0000
2023-09-17 19:06:26,612 - fewshot_scanobjectnn_linear_classification - INFO - Save checkpoint at ./experiments/fewshot_scanobjectnn_linear_classification/cfgs/add_as_normal/ckpt-last.pth
2023-09-17 19:06:27,432 - fewshot_scanobjectnn_linear_classification - INFO - [Training] EPOCH: 63 EpochTime = 0.818 (s) Losses = ['1.3208', '56.2500'] lr = 0.000313
2023-09-17 19:06:28,345 - fewshot_scanobjectnn_linear_classification - INFO - [Validation] EPOCH: 63  acc = 44.0000
2023-09-17 19:06:28,897 - fewshot_scanobjectnn_linear_classification - INFO - Save checkpoint at ./experiments/fewshot_scanobjectnn_linear_classification/cfgs/add_as_normal/ckpt-last.pth
2023-09-17 19:06:29,735 - fewshot_scanobjectnn_linear_classification - INFO - [Training] EPOCH: 64 EpochTime = 0.836 (s) Losses = ['1.4228', '34.3750'] lr = 0.000307
2023-09-17 19:06:30,677 - fewshot_scanobjectnn_linear_classification - INFO - [Validation] EPOCH: 64  acc = 40.0000
2023-09-17 19:06:31,217 - fewshot_scanobjectnn_linear_classification - INFO - Save checkpoint at ./experiments/fewshot_scanobjectnn_linear_classification/cfgs/add_as_normal/ckpt-last.pth
2023-09-17 19:06:32,035 - fewshot_scanobjectnn_linear_classification - INFO - [Training] EPOCH: 65 EpochTime = 0.816 (s) Losses = ['1.3128', '50.0000'] lr = 0.000302
2023-09-17 19:06:32,985 - fewshot_scanobjectnn_linear_classification - INFO - [Validation] EPOCH: 65  acc = 38.0000
2023-09-17 19:06:33,485 - fewshot_scanobjectnn_linear_classification - INFO - Save checkpoint at ./experiments/fewshot_scanobjectnn_linear_classification/cfgs/add_as_normal/ckpt-last.pth
2023-09-17 19:06:34,329 - fewshot_scanobjectnn_linear_classification - INFO - [Training] EPOCH: 66 EpochTime = 0.843 (s) Losses = ['1.3497', '43.7500'] lr = 0.000297
2023-09-17 19:06:35,253 - fewshot_scanobjectnn_linear_classification - INFO - [Validation] EPOCH: 66  acc = 44.0000
2023-09-17 19:06:35,984 - fewshot_scanobjectnn_linear_classification - INFO - Save checkpoint at ./experiments/fewshot_scanobjectnn_linear_classification/cfgs/add_as_normal/ckpt-last.pth
2023-09-17 19:06:36,791 - fewshot_scanobjectnn_linear_classification - INFO - [Training] EPOCH: 67 EpochTime = 0.805 (s) Losses = ['1.3857', '46.8750'] lr = 0.000292
2023-09-17 19:06:37,715 - fewshot_scanobjectnn_linear_classification - INFO - [Validation] EPOCH: 67  acc = 44.0000
2023-09-17 19:06:38,211 - fewshot_scanobjectnn_linear_classification - INFO - Save checkpoint at ./experiments/fewshot_scanobjectnn_linear_classification/cfgs/add_as_normal/ckpt-last.pth
2023-09-17 19:06:39,157 - fewshot_scanobjectnn_linear_classification - INFO - [Training] EPOCH: 68 EpochTime = 0.944 (s) Losses = ['1.2955', '56.2500'] lr = 0.000287
2023-09-17 19:06:40,035 - fewshot_scanobjectnn_linear_classification - INFO - [Validation] EPOCH: 68  acc = 44.0000
2023-09-17 19:06:40,732 - fewshot_scanobjectnn_linear_classification - INFO - Save checkpoint at ./experiments/fewshot_scanobjectnn_linear_classification/cfgs/add_as_normal/ckpt-last.pth
2023-09-17 19:06:41,568 - fewshot_scanobjectnn_linear_classification - INFO - [Training] EPOCH: 69 EpochTime = 0.834 (s) Losses = ['1.4078', '40.6250'] lr = 0.000282
2023-09-17 19:06:42,531 - fewshot_scanobjectnn_linear_classification - INFO - [Validation] EPOCH: 69  acc = 42.0000
2023-09-17 19:06:43,041 - fewshot_scanobjectnn_linear_classification - INFO - Save checkpoint at ./experiments/fewshot_scanobjectnn_linear_classification/cfgs/add_as_normal/ckpt-last.pth
2023-09-17 19:06:43,847 - fewshot_scanobjectnn_linear_classification - INFO - [Training] EPOCH: 70 EpochTime = 0.804 (s) Losses = ['1.3020', '56.2500'] lr = 0.000277
2023-09-17 19:06:44,770 - fewshot_scanobjectnn_linear_classification - INFO - [Validation] EPOCH: 70  acc = 44.0000
2023-09-17 19:06:45,285 - fewshot_scanobjectnn_linear_classification - INFO - Save checkpoint at ./experiments/fewshot_scanobjectnn_linear_classification/cfgs/add_as_normal/ckpt-last.pth
2023-09-17 19:06:46,110 - fewshot_scanobjectnn_linear_classification - INFO - [Training] EPOCH: 71 EpochTime = 0.823 (s) Losses = ['1.3928', '43.7500'] lr = 0.000271
2023-09-17 19:06:47,158 - fewshot_scanobjectnn_linear_classification - INFO - [Validation] EPOCH: 71  acc = 42.0000
2023-09-17 19:06:47,898 - fewshot_scanobjectnn_linear_classification - INFO - Save checkpoint at ./experiments/fewshot_scanobjectnn_linear_classification/cfgs/add_as_normal/ckpt-last.pth
2023-09-17 19:06:48,732 - fewshot_scanobjectnn_linear_classification - INFO - [Training] EPOCH: 72 EpochTime = 0.832 (s) Losses = ['1.3702', '59.3750'] lr = 0.000266
2023-09-17 19:06:49,788 - fewshot_scanobjectnn_linear_classification - INFO - [Validation] EPOCH: 72  acc = 41.0000
2023-09-17 19:06:50,220 - fewshot_scanobjectnn_linear_classification - INFO - Save checkpoint at ./experiments/fewshot_scanobjectnn_linear_classification/cfgs/add_as_normal/ckpt-last.pth
2023-09-17 19:06:51,030 - fewshot_scanobjectnn_linear_classification - INFO - [Training] EPOCH: 73 EpochTime = 0.808 (s) Losses = ['1.2385', '59.3750'] lr = 0.000261
2023-09-17 19:06:51,957 - fewshot_scanobjectnn_linear_classification - INFO - [Validation] EPOCH: 73  acc = 42.0000
2023-09-17 19:06:52,415 - fewshot_scanobjectnn_linear_classification - INFO - Save checkpoint at ./experiments/fewshot_scanobjectnn_linear_classification/cfgs/add_as_normal/ckpt-last.pth
2023-09-17 19:06:53,270 - fewshot_scanobjectnn_linear_classification - INFO - [Training] EPOCH: 74 EpochTime = 0.854 (s) Losses = ['1.4010', '46.8750'] lr = 0.000256
2023-09-17 19:06:54,213 - fewshot_scanobjectnn_linear_classification - INFO - [Validation] EPOCH: 74  acc = 43.0000
2023-09-17 19:06:54,813 - fewshot_scanobjectnn_linear_classification - INFO - Save checkpoint at ./experiments/fewshot_scanobjectnn_linear_classification/cfgs/add_as_normal/ckpt-last.pth
2023-09-17 19:06:55,619 - fewshot_scanobjectnn_linear_classification - INFO - [Training] EPOCH: 75 EpochTime = 0.804 (s) Losses = ['1.2688', '53.1250'] lr = 0.000251
2023-09-17 19:06:56,509 - fewshot_scanobjectnn_linear_classification - INFO - [Validation] EPOCH: 75  acc = 42.0000
2023-09-17 19:06:56,936 - fewshot_scanobjectnn_linear_classification - INFO - Save checkpoint at ./experiments/fewshot_scanobjectnn_linear_classification/cfgs/add_as_normal/ckpt-last.pth
2023-09-17 19:06:57,885 - fewshot_scanobjectnn_linear_classification - INFO - [Training] EPOCH: 76 EpochTime = 0.947 (s) Losses = ['1.3103', '53.1250'] lr = 0.000245
2023-09-17 19:06:58,775 - fewshot_scanobjectnn_linear_classification - INFO - [Validation] EPOCH: 76  acc = 42.0000
2023-09-17 19:06:59,351 - fewshot_scanobjectnn_linear_classification - INFO - Save checkpoint at ./experiments/fewshot_scanobjectnn_linear_classification/cfgs/add_as_normal/ckpt-last.pth
2023-09-17 19:07:00,185 - fewshot_scanobjectnn_linear_classification - INFO - [Training] EPOCH: 77 EpochTime = 0.832 (s) Losses = ['1.2896', '46.8750'] lr = 0.000240
2023-09-17 19:07:01,117 - fewshot_scanobjectnn_linear_classification - INFO - [Validation] EPOCH: 77  acc = 43.0000
2023-09-17 19:07:01,633 - fewshot_scanobjectnn_linear_classification - INFO - Save checkpoint at ./experiments/fewshot_scanobjectnn_linear_classification/cfgs/add_as_normal/ckpt-last.pth
2023-09-17 19:07:02,432 - fewshot_scanobjectnn_linear_classification - INFO - [Training] EPOCH: 78 EpochTime = 0.798 (s) Losses = ['1.3004', '65.6250'] lr = 0.000235
2023-09-17 19:07:03,363 - fewshot_scanobjectnn_linear_classification - INFO - [Validation] EPOCH: 78  acc = 44.0000
2023-09-17 19:07:03,811 - fewshot_scanobjectnn_linear_classification - INFO - Save checkpoint at ./experiments/fewshot_scanobjectnn_linear_classification/cfgs/add_as_normal/ckpt-last.pth
2023-09-17 19:07:04,686 - fewshot_scanobjectnn_linear_classification - INFO - [Training] EPOCH: 79 EpochTime = 0.873 (s) Losses = ['1.3235', '43.7500'] lr = 0.000230
2023-09-17 19:07:05,664 - fewshot_scanobjectnn_linear_classification - INFO - [Validation] EPOCH: 79  acc = 41.0000
2023-09-17 19:07:06,505 - fewshot_scanobjectnn_linear_classification - INFO - Save checkpoint at ./experiments/fewshot_scanobjectnn_linear_classification/cfgs/add_as_normal/ckpt-last.pth
2023-09-17 19:07:07,355 - fewshot_scanobjectnn_linear_classification - INFO - [Training] EPOCH: 80 EpochTime = 0.819 (s) Losses = ['1.2618', '50.0000'] lr = 0.000224
2023-09-17 19:07:08,323 - fewshot_scanobjectnn_linear_classification - INFO - [Validation] EPOCH: 80  acc = 45.0000
2023-09-17 19:07:08,854 - fewshot_scanobjectnn_linear_classification - INFO - Save checkpoint at ./experiments/fewshot_scanobjectnn_linear_classification/cfgs/add_as_normal/ckpt-best.pth
2023-09-17 19:07:08,854 - fewshot_scanobjectnn_linear_classification - INFO - --------------------------------------------------------------------------------------------
2023-09-17 19:07:09,360 - fewshot_scanobjectnn_linear_classification - INFO - Save checkpoint at ./experiments/fewshot_scanobjectnn_linear_classification/cfgs/add_as_normal/ckpt-last.pth
2023-09-17 19:07:10,193 - fewshot_scanobjectnn_linear_classification - INFO - [Training] EPOCH: 81 EpochTime = 0.831 (s) Losses = ['1.3359', '50.0000'] lr = 0.000219
2023-09-17 19:07:11,101 - fewshot_scanobjectnn_linear_classification - INFO - [Validation] EPOCH: 81  acc = 43.0000
2023-09-17 19:07:11,643 - fewshot_scanobjectnn_linear_classification - INFO - Save checkpoint at ./experiments/fewshot_scanobjectnn_linear_classification/cfgs/add_as_normal/ckpt-last.pth
2023-09-17 19:07:12,552 - fewshot_scanobjectnn_linear_classification - INFO - [Training] EPOCH: 82 EpochTime = 0.908 (s) Losses = ['1.2929', '43.7500'] lr = 0.000214
2023-09-17 19:07:13,503 - fewshot_scanobjectnn_linear_classification - INFO - [Validation] EPOCH: 82  acc = 47.0000
2023-09-17 19:07:14,098 - fewshot_scanobjectnn_linear_classification - INFO - Save checkpoint at ./experiments/fewshot_scanobjectnn_linear_classification/cfgs/add_as_normal/ckpt-best.pth
2023-09-17 19:07:14,098 - fewshot_scanobjectnn_linear_classification - INFO - --------------------------------------------------------------------------------------------
2023-09-17 19:07:15,305 - fewshot_scanobjectnn_linear_classification - INFO - Save checkpoint at ./experiments/fewshot_scanobjectnn_linear_classification/cfgs/add_as_normal/ckpt-last.pth
2023-09-17 19:07:16,309 - fewshot_scanobjectnn_linear_classification - INFO - [Training] EPOCH: 83 EpochTime = 1.003 (s) Losses = ['1.3836', '40.6250'] lr = 0.000209
2023-09-17 19:07:17,243 - fewshot_scanobjectnn_linear_classification - INFO - [Validation] EPOCH: 83  acc = 47.0000
2023-09-17 19:07:17,845 - fewshot_scanobjectnn_linear_classification - INFO - Save checkpoint at ./experiments/fewshot_scanobjectnn_linear_classification/cfgs/add_as_normal/ckpt-last.pth
2023-09-17 19:07:18,659 - fewshot_scanobjectnn_linear_classification - INFO - [Training] EPOCH: 84 EpochTime = 0.812 (s) Losses = ['1.3412', '43.7500'] lr = 0.000204
2023-09-17 19:07:19,592 - fewshot_scanobjectnn_linear_classification - INFO - [Validation] EPOCH: 84  acc = 48.0000
2023-09-17 19:07:20,056 - fewshot_scanobjectnn_linear_classification - INFO - Save checkpoint at ./experiments/fewshot_scanobjectnn_linear_classification/cfgs/add_as_normal/ckpt-best.pth
2023-09-17 19:07:20,057 - fewshot_scanobjectnn_linear_classification - INFO - --------------------------------------------------------------------------------------------
2023-09-17 19:07:20,487 - fewshot_scanobjectnn_linear_classification - INFO - Save checkpoint at ./experiments/fewshot_scanobjectnn_linear_classification/cfgs/add_as_normal/ckpt-last.pth
2023-09-17 19:07:21,303 - fewshot_scanobjectnn_linear_classification - INFO - [Training] EPOCH: 85 EpochTime = 0.815 (s) Losses = ['1.2926', '46.8750'] lr = 0.000199
2023-09-17 19:07:22,194 - fewshot_scanobjectnn_linear_classification - INFO - [Validation] EPOCH: 85  acc = 49.0000
2023-09-17 19:07:22,744 - fewshot_scanobjectnn_linear_classification - INFO - Save checkpoint at ./experiments/fewshot_scanobjectnn_linear_classification/cfgs/add_as_normal/ckpt-best.pth
2023-09-17 19:07:22,744 - fewshot_scanobjectnn_linear_classification - INFO - --------------------------------------------------------------------------------------------
2023-09-17 19:07:23,578 - fewshot_scanobjectnn_linear_classification - INFO - Save checkpoint at ./experiments/fewshot_scanobjectnn_linear_classification/cfgs/add_as_normal/ckpt-last.pth
2023-09-17 19:07:24,462 - fewshot_scanobjectnn_linear_classification - INFO - [Training] EPOCH: 86 EpochTime = 0.882 (s) Losses = ['1.3707', '46.8750'] lr = 0.000194
2023-09-17 19:07:25,354 - fewshot_scanobjectnn_linear_classification - INFO - [Validation] EPOCH: 86  acc = 49.0000
2023-09-17 19:07:26,361 - fewshot_scanobjectnn_linear_classification - INFO - Save checkpoint at ./experiments/fewshot_scanobjectnn_linear_classification/cfgs/add_as_normal/ckpt-last.pth
2023-09-17 19:07:27,160 - fewshot_scanobjectnn_linear_classification - INFO - [Training] EPOCH: 87 EpochTime = 0.797 (s) Losses = ['1.3198', '50.0000'] lr = 0.000188
2023-09-17 19:07:28,093 - fewshot_scanobjectnn_linear_classification - INFO - [Validation] EPOCH: 87  acc = 47.0000
2023-09-17 19:07:28,578 - fewshot_scanobjectnn_linear_classification - INFO - Save checkpoint at ./experiments/fewshot_scanobjectnn_linear_classification/cfgs/add_as_normal/ckpt-last.pth
2023-09-17 19:07:29,425 - fewshot_scanobjectnn_linear_classification - INFO - [Training] EPOCH: 88 EpochTime = 0.845 (s) Losses = ['1.3349', '59.3750'] lr = 0.000183
2023-09-17 19:07:30,407 - fewshot_scanobjectnn_linear_classification - INFO - [Validation] EPOCH: 88  acc = 46.0000
2023-09-17 19:07:31,023 - fewshot_scanobjectnn_linear_classification - INFO - Save checkpoint at ./experiments/fewshot_scanobjectnn_linear_classification/cfgs/add_as_normal/ckpt-last.pth
2023-09-17 19:07:31,843 - fewshot_scanobjectnn_linear_classification - INFO - [Training] EPOCH: 89 EpochTime = 0.818 (s) Losses = ['1.4059', '56.2500'] lr = 0.000178
2023-09-17 19:07:32,777 - fewshot_scanobjectnn_linear_classification - INFO - [Validation] EPOCH: 89  acc = 46.0000
2023-09-17 19:07:33,291 - fewshot_scanobjectnn_linear_classification - INFO - Save checkpoint at ./experiments/fewshot_scanobjectnn_linear_classification/cfgs/add_as_normal/ckpt-last.pth
2023-09-17 19:07:34,108 - fewshot_scanobjectnn_linear_classification - INFO - [Training] EPOCH: 90 EpochTime = 0.816 (s) Losses = ['1.3290', '46.8750'] lr = 0.000173
2023-09-17 19:07:35,099 - fewshot_scanobjectnn_linear_classification - INFO - [Validation] EPOCH: 90  acc = 42.0000
2023-09-17 19:07:35,545 - fewshot_scanobjectnn_linear_classification - INFO - Save checkpoint at ./experiments/fewshot_scanobjectnn_linear_classification/cfgs/add_as_normal/ckpt-last.pth
2023-09-17 19:07:36,398 - fewshot_scanobjectnn_linear_classification - INFO - [Training] EPOCH: 91 EpochTime = 0.850 (s) Losses = ['1.2600', '59.3750'] lr = 0.000168
2023-09-17 19:07:37,300 - fewshot_scanobjectnn_linear_classification - INFO - [Validation] EPOCH: 91  acc = 39.0000
2023-09-17 19:07:37,923 - fewshot_scanobjectnn_linear_classification - INFO - Save checkpoint at ./experiments/fewshot_scanobjectnn_linear_classification/cfgs/add_as_normal/ckpt-last.pth
2023-09-17 19:07:38,737 - fewshot_scanobjectnn_linear_classification - INFO - [Training] EPOCH: 92 EpochTime = 0.813 (s) Losses = ['1.2820', '62.5000'] lr = 0.000164
2023-09-17 19:07:39,683 - fewshot_scanobjectnn_linear_classification - INFO - [Validation] EPOCH: 92  acc = 39.0000
2023-09-17 19:07:40,172 - fewshot_scanobjectnn_linear_classification - INFO - Save checkpoint at ./experiments/fewshot_scanobjectnn_linear_classification/cfgs/add_as_normal/ckpt-last.pth
2023-09-17 19:07:41,034 - fewshot_scanobjectnn_linear_classification - INFO - [Training] EPOCH: 93 EpochTime = 0.859 (s) Losses = ['1.2782', '59.3750'] lr = 0.000159
2023-09-17 19:07:41,968 - fewshot_scanobjectnn_linear_classification - INFO - [Validation] EPOCH: 93  acc = 37.0000
2023-09-17 19:07:42,670 - fewshot_scanobjectnn_linear_classification - INFO - Save checkpoint at ./experiments/fewshot_scanobjectnn_linear_classification/cfgs/add_as_normal/ckpt-last.pth
2023-09-17 19:07:43,522 - fewshot_scanobjectnn_linear_classification - INFO - [Training] EPOCH: 94 EpochTime = 0.851 (s) Losses = ['1.1314', '71.8750'] lr = 0.000154
2023-09-17 19:07:44,429 - fewshot_scanobjectnn_linear_classification - INFO - [Validation] EPOCH: 94  acc = 38.0000
2023-09-17 19:07:44,825 - fewshot_scanobjectnn_linear_classification - INFO - Save checkpoint at ./experiments/fewshot_scanobjectnn_linear_classification/cfgs/add_as_normal/ckpt-last.pth
2023-09-17 19:07:45,668 - fewshot_scanobjectnn_linear_classification - INFO - [Training] EPOCH: 95 EpochTime = 0.842 (s) Losses = ['1.2001', '59.3750'] lr = 0.000149
2023-09-17 19:07:46,607 - fewshot_scanobjectnn_linear_classification - INFO - [Validation] EPOCH: 95  acc = 39.0000
2023-09-17 19:07:47,044 - fewshot_scanobjectnn_linear_classification - INFO - Save checkpoint at ./experiments/fewshot_scanobjectnn_linear_classification/cfgs/add_as_normal/ckpt-last.pth
2023-09-17 19:07:47,885 - fewshot_scanobjectnn_linear_classification - INFO - [Training] EPOCH: 96 EpochTime = 0.840 (s) Losses = ['1.3186', '53.1250'] lr = 0.000144
2023-09-17 19:07:48,840 - fewshot_scanobjectnn_linear_classification - INFO - [Validation] EPOCH: 96  acc = 40.0000
2023-09-17 19:07:49,478 - fewshot_scanobjectnn_linear_classification - INFO - Save checkpoint at ./experiments/fewshot_scanobjectnn_linear_classification/cfgs/add_as_normal/ckpt-last.pth
2023-09-17 19:07:50,284 - fewshot_scanobjectnn_linear_classification - INFO - [Training] EPOCH: 97 EpochTime = 0.805 (s) Losses = ['1.2707', '53.1250'] lr = 0.000140
2023-09-17 19:07:51,306 - fewshot_scanobjectnn_linear_classification - INFO - [Validation] EPOCH: 97  acc = 41.0000
2023-09-17 19:07:51,824 - fewshot_scanobjectnn_linear_classification - INFO - Save checkpoint at ./experiments/fewshot_scanobjectnn_linear_classification/cfgs/add_as_normal/ckpt-last.pth
2023-09-17 19:07:52,737 - fewshot_scanobjectnn_linear_classification - INFO - [Training] EPOCH: 98 EpochTime = 0.912 (s) Losses = ['1.2540', '46.8750'] lr = 0.000135
2023-09-17 19:07:53,636 - fewshot_scanobjectnn_linear_classification - INFO - [Validation] EPOCH: 98  acc = 41.0000
2023-09-17 19:07:54,337 - fewshot_scanobjectnn_linear_classification - INFO - Save checkpoint at ./experiments/fewshot_scanobjectnn_linear_classification/cfgs/add_as_normal/ckpt-last.pth
2023-09-17 19:07:55,269 - fewshot_scanobjectnn_linear_classification - INFO - [Training] EPOCH: 99 EpochTime = 0.931 (s) Losses = ['1.2671', '56.2500'] lr = 0.000130
2023-09-17 19:07:56,326 - fewshot_scanobjectnn_linear_classification - INFO - [Validation] EPOCH: 99  acc = 43.0000
2023-09-17 19:07:57,442 - fewshot_scanobjectnn_linear_classification - INFO - Save checkpoint at ./experiments/fewshot_scanobjectnn_linear_classification/cfgs/add_as_normal/ckpt-last.pth
2023-09-17 19:07:58,248 - fewshot_scanobjectnn_linear_classification - INFO - [Training] EPOCH: 100 EpochTime = 0.804 (s) Losses = ['1.2941', '50.0000'] lr = 0.000126
2023-09-17 19:07:59,192 - fewshot_scanobjectnn_linear_classification - INFO - [Validation] EPOCH: 100  acc = 43.0000
2023-09-17 19:07:59,648 - fewshot_scanobjectnn_linear_classification - INFO - Save checkpoint at ./experiments/fewshot_scanobjectnn_linear_classification/cfgs/add_as_normal/ckpt-last.pth
2023-09-17 19:08:00,479 - fewshot_scanobjectnn_linear_classification - INFO - [Training] EPOCH: 101 EpochTime = 0.829 (s) Losses = ['1.2727', '46.8750'] lr = 0.000121
2023-09-17 19:08:01,359 - fewshot_scanobjectnn_linear_classification - INFO - [Validation] EPOCH: 101  acc = 43.0000
2023-09-17 19:08:02,085 - fewshot_scanobjectnn_linear_classification - INFO - Save checkpoint at ./experiments/fewshot_scanobjectnn_linear_classification/cfgs/add_as_normal/ckpt-last.pth
2023-09-17 19:08:02,991 - fewshot_scanobjectnn_linear_classification - INFO - [Training] EPOCH: 102 EpochTime = 0.904 (s) Losses = ['1.2433', '53.1250'] lr = 0.000117
2023-09-17 19:08:03,930 - fewshot_scanobjectnn_linear_classification - INFO - [Validation] EPOCH: 102  acc = 43.0000
2023-09-17 19:08:04,534 - fewshot_scanobjectnn_linear_classification - INFO - Save checkpoint at ./experiments/fewshot_scanobjectnn_linear_classification/cfgs/add_as_normal/ckpt-last.pth
2023-09-17 19:08:05,373 - fewshot_scanobjectnn_linear_classification - INFO - [Training] EPOCH: 103 EpochTime = 0.837 (s) Losses = ['1.4070', '37.5000'] lr = 0.000112
2023-09-17 19:08:06,358 - fewshot_scanobjectnn_linear_classification - INFO - [Validation] EPOCH: 103  acc = 43.0000
2023-09-17 19:08:06,811 - fewshot_scanobjectnn_linear_classification - INFO - Save checkpoint at ./experiments/fewshot_scanobjectnn_linear_classification/cfgs/add_as_normal/ckpt-last.pth
2023-09-17 19:08:07,713 - fewshot_scanobjectnn_linear_classification - INFO - [Training] EPOCH: 104 EpochTime = 0.900 (s) Losses = ['1.1609', '65.6250'] lr = 0.000108
2023-09-17 19:08:08,602 - fewshot_scanobjectnn_linear_classification - INFO - [Validation] EPOCH: 104  acc = 42.0000
2023-09-17 19:08:09,489 - fewshot_scanobjectnn_linear_classification - INFO - Save checkpoint at ./experiments/fewshot_scanobjectnn_linear_classification/cfgs/add_as_normal/ckpt-last.pth
2023-09-17 19:08:10,312 - fewshot_scanobjectnn_linear_classification - INFO - [Training] EPOCH: 105 EpochTime = 0.821 (s) Losses = ['1.3053', '46.8750'] lr = 0.000104
2023-09-17 19:08:11,222 - fewshot_scanobjectnn_linear_classification - INFO - [Validation] EPOCH: 105  acc = 44.0000
2023-09-17 19:08:11,673 - fewshot_scanobjectnn_linear_classification - INFO - Save checkpoint at ./experiments/fewshot_scanobjectnn_linear_classification/cfgs/add_as_normal/ckpt-last.pth
2023-09-17 19:08:12,568 - fewshot_scanobjectnn_linear_classification - INFO - [Training] EPOCH: 106 EpochTime = 0.894 (s) Losses = ['1.2411', '50.0000'] lr = 0.000100
2023-09-17 19:08:13,459 - fewshot_scanobjectnn_linear_classification - INFO - [Validation] EPOCH: 106  acc = 47.0000
2023-09-17 19:08:14,012 - fewshot_scanobjectnn_linear_classification - INFO - Save checkpoint at ./experiments/fewshot_scanobjectnn_linear_classification/cfgs/add_as_normal/ckpt-last.pth
2023-09-17 19:08:14,907 - fewshot_scanobjectnn_linear_classification - INFO - [Training] EPOCH: 107 EpochTime = 0.894 (s) Losses = ['1.1879', '50.0000'] lr = 0.000096
2023-09-17 19:08:15,842 - fewshot_scanobjectnn_linear_classification - INFO - [Validation] EPOCH: 107  acc = 49.0000
2023-09-17 19:08:16,356 - fewshot_scanobjectnn_linear_classification - INFO - Save checkpoint at ./experiments/fewshot_scanobjectnn_linear_classification/cfgs/add_as_normal/ckpt-last.pth
2023-09-17 19:08:17,249 - fewshot_scanobjectnn_linear_classification - INFO - [Training] EPOCH: 108 EpochTime = 0.891 (s) Losses = ['1.2514', '59.3750'] lr = 0.000091
2023-09-17 19:08:18,168 - fewshot_scanobjectnn_linear_classification - INFO - [Validation] EPOCH: 108  acc = 49.0000
2023-09-17 19:08:18,633 - fewshot_scanobjectnn_linear_classification - INFO - Save checkpoint at ./experiments/fewshot_scanobjectnn_linear_classification/cfgs/add_as_normal/ckpt-last.pth
2023-09-17 19:08:19,569 - fewshot_scanobjectnn_linear_classification - INFO - [Training] EPOCH: 109 EpochTime = 0.935 (s) Losses = ['1.3414', '50.0000'] lr = 0.000087
2023-09-17 19:08:20,481 - fewshot_scanobjectnn_linear_classification - INFO - [Validation] EPOCH: 109  acc = 48.0000
2023-09-17 19:08:21,060 - fewshot_scanobjectnn_linear_classification - INFO - Save checkpoint at ./experiments/fewshot_scanobjectnn_linear_classification/cfgs/add_as_normal/ckpt-last.pth
2023-09-17 19:08:21,886 - fewshot_scanobjectnn_linear_classification - INFO - [Training] EPOCH: 110 EpochTime = 0.825 (s) Losses = ['1.2098', '65.6250'] lr = 0.000084
2023-09-17 19:08:22,824 - fewshot_scanobjectnn_linear_classification - INFO - [Validation] EPOCH: 110  acc = 46.0000
2023-09-17 19:08:23,249 - fewshot_scanobjectnn_linear_classification - INFO - Save checkpoint at ./experiments/fewshot_scanobjectnn_linear_classification/cfgs/add_as_normal/ckpt-last.pth
2023-09-17 19:08:24,084 - fewshot_scanobjectnn_linear_classification - INFO - [Training] EPOCH: 111 EpochTime = 0.833 (s) Losses = ['1.2065', '56.2500'] lr = 0.000080
2023-09-17 19:08:24,967 - fewshot_scanobjectnn_linear_classification - INFO - [Validation] EPOCH: 111  acc = 46.0000
2023-09-17 19:08:25,428 - fewshot_scanobjectnn_linear_classification - INFO - Save checkpoint at ./experiments/fewshot_scanobjectnn_linear_classification/cfgs/add_as_normal/ckpt-last.pth
2023-09-17 19:08:26,366 - fewshot_scanobjectnn_linear_classification - INFO - [Training] EPOCH: 112 EpochTime = 0.936 (s) Losses = ['1.3538', '50.0000'] lr = 0.000076
2023-09-17 19:08:27,294 - fewshot_scanobjectnn_linear_classification - INFO - [Validation] EPOCH: 112  acc = 47.0000
2023-09-17 19:08:27,858 - fewshot_scanobjectnn_linear_classification - INFO - Save checkpoint at ./experiments/fewshot_scanobjectnn_linear_classification/cfgs/add_as_normal/ckpt-last.pth
2023-09-17 19:08:28,678 - fewshot_scanobjectnn_linear_classification - INFO - [Training] EPOCH: 113 EpochTime = 0.818 (s) Losses = ['1.2871', '46.8750'] lr = 0.000072
2023-09-17 19:08:29,690 - fewshot_scanobjectnn_linear_classification - INFO - [Validation] EPOCH: 113  acc = 45.0000
2023-09-17 19:08:30,109 - fewshot_scanobjectnn_linear_classification - INFO - Save checkpoint at ./experiments/fewshot_scanobjectnn_linear_classification/cfgs/add_as_normal/ckpt-last.pth
2023-09-17 19:08:30,950 - fewshot_scanobjectnn_linear_classification - INFO - [Training] EPOCH: 114 EpochTime = 0.840 (s) Losses = ['1.3297', '43.7500'] lr = 0.000069
2023-09-17 19:08:31,866 - fewshot_scanobjectnn_linear_classification - INFO - [Validation] EPOCH: 114  acc = 44.0000
2023-09-17 19:08:32,486 - fewshot_scanobjectnn_linear_classification - INFO - Save checkpoint at ./experiments/fewshot_scanobjectnn_linear_classification/cfgs/add_as_normal/ckpt-last.pth
2023-09-17 19:08:33,300 - fewshot_scanobjectnn_linear_classification - INFO - [Training] EPOCH: 115 EpochTime = 0.812 (s) Losses = ['1.3023', '46.8750'] lr = 0.000065
2023-09-17 19:08:34,228 - fewshot_scanobjectnn_linear_classification - INFO - [Validation] EPOCH: 115  acc = 43.0000
2023-09-17 19:08:34,731 - fewshot_scanobjectnn_linear_classification - INFO - Save checkpoint at ./experiments/fewshot_scanobjectnn_linear_classification/cfgs/add_as_normal/ckpt-last.pth
2023-09-17 19:08:35,548 - fewshot_scanobjectnn_linear_classification - INFO - [Training] EPOCH: 116 EpochTime = 0.815 (s) Losses = ['1.1888', '62.5000'] lr = 0.000062
2023-09-17 19:08:36,429 - fewshot_scanobjectnn_linear_classification - INFO - [Validation] EPOCH: 116  acc = 41.0000
2023-09-17 19:08:37,501 - fewshot_scanobjectnn_linear_classification - INFO - Save checkpoint at ./experiments/fewshot_scanobjectnn_linear_classification/cfgs/add_as_normal/ckpt-last.pth
2023-09-17 19:08:38,333 - fewshot_scanobjectnn_linear_classification - INFO - [Training] EPOCH: 117 EpochTime = 0.830 (s) Losses = ['1.2809', '59.3750'] lr = 0.000058
2023-09-17 19:08:39,243 - fewshot_scanobjectnn_linear_classification - INFO - [Validation] EPOCH: 117  acc = 41.0000
2023-09-17 19:08:40,094 - fewshot_scanobjectnn_linear_classification - INFO - Save checkpoint at ./experiments/fewshot_scanobjectnn_linear_classification/cfgs/add_as_normal/ckpt-last.pth
2023-09-17 19:08:40,944 - fewshot_scanobjectnn_linear_classification - INFO - [Training] EPOCH: 118 EpochTime = 0.848 (s) Losses = ['1.3016', '56.2500'] lr = 0.000055
2023-09-17 19:08:41,853 - fewshot_scanobjectnn_linear_classification - INFO - [Validation] EPOCH: 118  acc = 41.0000
2023-09-17 19:08:42,518 - fewshot_scanobjectnn_linear_classification - INFO - Save checkpoint at ./experiments/fewshot_scanobjectnn_linear_classification/cfgs/add_as_normal/ckpt-last.pth
2023-09-17 19:08:43,367 - fewshot_scanobjectnn_linear_classification - INFO - [Training] EPOCH: 119 EpochTime = 0.848 (s) Losses = ['1.1804', '65.6250'] lr = 0.000052
2023-09-17 19:08:44,289 - fewshot_scanobjectnn_linear_classification - INFO - [Validation] EPOCH: 119  acc = 42.0000
2023-09-17 19:08:45,167 - fewshot_scanobjectnn_linear_classification - INFO - Save checkpoint at ./experiments/fewshot_scanobjectnn_linear_classification/cfgs/add_as_normal/ckpt-last.pth
2023-09-17 19:08:46,060 - fewshot_scanobjectnn_linear_classification - INFO - [Training] EPOCH: 120 EpochTime = 0.892 (s) Losses = ['1.2522', '59.3750'] lr = 0.000049
2023-09-17 19:08:47,010 - fewshot_scanobjectnn_linear_classification - INFO - [Validation] EPOCH: 120  acc = 42.0000
2023-09-17 19:08:47,722 - fewshot_scanobjectnn_linear_classification - INFO - Save checkpoint at ./experiments/fewshot_scanobjectnn_linear_classification/cfgs/add_as_normal/ckpt-last.pth
2023-09-17 19:08:48,550 - fewshot_scanobjectnn_linear_classification - INFO - [Training] EPOCH: 121 EpochTime = 0.827 (s) Losses = ['1.2004', '65.6250'] lr = 0.000046
2023-09-17 19:08:49,473 - fewshot_scanobjectnn_linear_classification - INFO - [Validation] EPOCH: 121  acc = 42.0000
2023-09-17 19:08:50,252 - fewshot_scanobjectnn_linear_classification - INFO - Save checkpoint at ./experiments/fewshot_scanobjectnn_linear_classification/cfgs/add_as_normal/ckpt-last.pth
2023-09-17 19:08:51,148 - fewshot_scanobjectnn_linear_classification - INFO - [Training] EPOCH: 122 EpochTime = 0.895 (s) Losses = ['1.1909', '56.2500'] lr = 0.000043
2023-09-17 19:08:52,037 - fewshot_scanobjectnn_linear_classification - INFO - [Validation] EPOCH: 122  acc = 41.0000
2023-09-17 19:08:52,517 - fewshot_scanobjectnn_linear_classification - INFO - Save checkpoint at ./experiments/fewshot_scanobjectnn_linear_classification/cfgs/add_as_normal/ckpt-last.pth
2023-09-17 19:08:53,395 - fewshot_scanobjectnn_linear_classification - INFO - [Training] EPOCH: 123 EpochTime = 0.876 (s) Losses = ['1.2336', '68.7500'] lr = 0.000040
2023-09-17 19:08:54,399 - fewshot_scanobjectnn_linear_classification - INFO - [Validation] EPOCH: 123  acc = 41.0000
2023-09-17 19:08:54,948 - fewshot_scanobjectnn_linear_classification - INFO - Save checkpoint at ./experiments/fewshot_scanobjectnn_linear_classification/cfgs/add_as_normal/ckpt-last.pth
2023-09-17 19:08:55,796 - fewshot_scanobjectnn_linear_classification - INFO - [Training] EPOCH: 124 EpochTime = 0.846 (s) Losses = ['1.3255', '50.0000'] lr = 0.000037
2023-09-17 19:08:56,695 - fewshot_scanobjectnn_linear_classification - INFO - [Validation] EPOCH: 124  acc = 41.0000
2023-09-17 19:08:57,190 - fewshot_scanobjectnn_linear_classification - INFO - Save checkpoint at ./experiments/fewshot_scanobjectnn_linear_classification/cfgs/add_as_normal/ckpt-last.pth
2023-09-17 19:08:58,051 - fewshot_scanobjectnn_linear_classification - INFO - [Training] EPOCH: 125 EpochTime = 0.860 (s) Losses = ['1.2825', '53.1250'] lr = 0.000034
2023-09-17 19:08:58,949 - fewshot_scanobjectnn_linear_classification - INFO - [Validation] EPOCH: 125  acc = 41.0000
2023-09-17 19:08:59,516 - fewshot_scanobjectnn_linear_classification - INFO - Save checkpoint at ./experiments/fewshot_scanobjectnn_linear_classification/cfgs/add_as_normal/ckpt-last.pth
2023-09-17 19:09:00,334 - fewshot_scanobjectnn_linear_classification - INFO - [Training] EPOCH: 126 EpochTime = 0.816 (s) Losses = ['1.3099', '43.7500'] lr = 0.000032
2023-09-17 19:09:01,315 - fewshot_scanobjectnn_linear_classification - INFO - [Validation] EPOCH: 126  acc = 41.0000
2023-09-17 19:09:01,851 - fewshot_scanobjectnn_linear_classification - INFO - Save checkpoint at ./experiments/fewshot_scanobjectnn_linear_classification/cfgs/add_as_normal/ckpt-last.pth
2023-09-17 19:09:02,673 - fewshot_scanobjectnn_linear_classification - INFO - [Training] EPOCH: 127 EpochTime = 0.820 (s) Losses = ['1.2326', '62.5000'] lr = 0.000029
2023-09-17 19:09:03,551 - fewshot_scanobjectnn_linear_classification - INFO - [Validation] EPOCH: 127  acc = 41.0000
2023-09-17 19:09:04,314 - fewshot_scanobjectnn_linear_classification - INFO - Save checkpoint at ./experiments/fewshot_scanobjectnn_linear_classification/cfgs/add_as_normal/ckpt-last.pth
2023-09-17 19:09:05,141 - fewshot_scanobjectnn_linear_classification - INFO - [Training] EPOCH: 128 EpochTime = 0.826 (s) Losses = ['1.2553', '65.6250'] lr = 0.000027
2023-09-17 19:09:06,097 - fewshot_scanobjectnn_linear_classification - INFO - [Validation] EPOCH: 128  acc = 41.0000
2023-09-17 19:09:06,714 - fewshot_scanobjectnn_linear_classification - INFO - Save checkpoint at ./experiments/fewshot_scanobjectnn_linear_classification/cfgs/add_as_normal/ckpt-last.pth
2023-09-17 19:09:07,581 - fewshot_scanobjectnn_linear_classification - INFO - [Training] EPOCH: 129 EpochTime = 0.866 (s) Losses = ['1.2601', '59.3750'] lr = 0.000025
2023-09-17 19:09:08,455 - fewshot_scanobjectnn_linear_classification - INFO - [Validation] EPOCH: 129  acc = 41.0000
2023-09-17 19:09:08,884 - fewshot_scanobjectnn_linear_classification - INFO - Save checkpoint at ./experiments/fewshot_scanobjectnn_linear_classification/cfgs/add_as_normal/ckpt-last.pth
2023-09-17 19:09:09,781 - fewshot_scanobjectnn_linear_classification - INFO - [Training] EPOCH: 130 EpochTime = 0.896 (s) Losses = ['1.3214', '59.3750'] lr = 0.000023
2023-09-17 19:09:10,714 - fewshot_scanobjectnn_linear_classification - INFO - [Validation] EPOCH: 130  acc = 41.0000
2023-09-17 19:09:11,218 - fewshot_scanobjectnn_linear_classification - INFO - Save checkpoint at ./experiments/fewshot_scanobjectnn_linear_classification/cfgs/add_as_normal/ckpt-last.pth
2023-09-17 19:09:12,023 - fewshot_scanobjectnn_linear_classification - INFO - [Training] EPOCH: 131 EpochTime = 0.804 (s) Losses = ['1.2507', '59.3750'] lr = 0.000020
2023-09-17 19:09:12,998 - fewshot_scanobjectnn_linear_classification - INFO - [Validation] EPOCH: 131  acc = 42.0000
2023-09-17 19:09:13,390 - fewshot_scanobjectnn_linear_classification - INFO - Save checkpoint at ./experiments/fewshot_scanobjectnn_linear_classification/cfgs/add_as_normal/ckpt-last.pth
2023-09-17 19:09:14,243 - fewshot_scanobjectnn_linear_classification - INFO - [Training] EPOCH: 132 EpochTime = 0.850 (s) Losses = ['1.1833', '62.5000'] lr = 0.000019
2023-09-17 19:09:15,185 - fewshot_scanobjectnn_linear_classification - INFO - [Validation] EPOCH: 132  acc = 42.0000
2023-09-17 19:09:15,807 - fewshot_scanobjectnn_linear_classification - INFO - Save checkpoint at ./experiments/fewshot_scanobjectnn_linear_classification/cfgs/add_as_normal/ckpt-last.pth
2023-09-17 19:09:16,623 - fewshot_scanobjectnn_linear_classification - INFO - [Training] EPOCH: 133 EpochTime = 0.814 (s) Losses = ['1.2439', '62.5000'] lr = 0.000017
2023-09-17 19:09:17,551 - fewshot_scanobjectnn_linear_classification - INFO - [Validation] EPOCH: 133  acc = 42.0000
2023-09-17 19:09:18,019 - fewshot_scanobjectnn_linear_classification - INFO - Save checkpoint at ./experiments/fewshot_scanobjectnn_linear_classification/cfgs/add_as_normal/ckpt-last.pth
2023-09-17 19:09:18,875 - fewshot_scanobjectnn_linear_classification - INFO - [Training] EPOCH: 134 EpochTime = 0.855 (s) Losses = ['1.1786', '75.0000'] lr = 0.000015
2023-09-17 19:09:19,771 - fewshot_scanobjectnn_linear_classification - INFO - [Validation] EPOCH: 134  acc = 42.0000
2023-09-17 19:09:20,314 - fewshot_scanobjectnn_linear_classification - INFO - Save checkpoint at ./experiments/fewshot_scanobjectnn_linear_classification/cfgs/add_as_normal/ckpt-last.pth
2023-09-17 19:09:21,150 - fewshot_scanobjectnn_linear_classification - INFO - [Training] EPOCH: 135 EpochTime = 0.834 (s) Losses = ['1.2725', '62.5000'] lr = 0.000013
2023-09-17 19:09:22,081 - fewshot_scanobjectnn_linear_classification - INFO - [Validation] EPOCH: 135  acc = 42.0000
2023-09-17 19:09:22,566 - fewshot_scanobjectnn_linear_classification - INFO - Save checkpoint at ./experiments/fewshot_scanobjectnn_linear_classification/cfgs/add_as_normal/ckpt-last.pth
2023-09-17 19:09:23,386 - fewshot_scanobjectnn_linear_classification - INFO - [Training] EPOCH: 136 EpochTime = 0.818 (s) Losses = ['1.3802', '62.5000'] lr = 0.000012
2023-09-17 19:09:24,300 - fewshot_scanobjectnn_linear_classification - INFO - [Validation] EPOCH: 136  acc = 42.0000
2023-09-17 19:09:24,767 - fewshot_scanobjectnn_linear_classification - INFO - Save checkpoint at ./experiments/fewshot_scanobjectnn_linear_classification/cfgs/add_as_normal/ckpt-last.pth
2023-09-17 19:09:25,752 - fewshot_scanobjectnn_linear_classification - INFO - [Training] EPOCH: 137 EpochTime = 0.984 (s) Losses = ['1.1959', '68.7500'] lr = 0.000010
2023-09-17 19:09:26,717 - fewshot_scanobjectnn_linear_classification - INFO - [Validation] EPOCH: 137  acc = 42.0000
2023-09-17 19:09:27,397 - fewshot_scanobjectnn_linear_classification - INFO - Save checkpoint at ./experiments/fewshot_scanobjectnn_linear_classification/cfgs/add_as_normal/ckpt-last.pth
2023-09-17 19:09:28,225 - fewshot_scanobjectnn_linear_classification - INFO - [Training] EPOCH: 138 EpochTime = 0.826 (s) Losses = ['1.2044', '68.7500'] lr = 0.000009
2023-09-17 19:09:29,150 - fewshot_scanobjectnn_linear_classification - INFO - [Validation] EPOCH: 138  acc = 42.0000
2023-09-17 19:09:29,748 - fewshot_scanobjectnn_linear_classification - INFO - Save checkpoint at ./experiments/fewshot_scanobjectnn_linear_classification/cfgs/add_as_normal/ckpt-last.pth
2023-09-17 19:09:30,599 - fewshot_scanobjectnn_linear_classification - INFO - [Training] EPOCH: 139 EpochTime = 0.849 (s) Losses = ['1.2086', '65.6250'] lr = 0.000008
2023-09-17 19:09:31,489 - fewshot_scanobjectnn_linear_classification - INFO - [Validation] EPOCH: 139  acc = 42.0000
2023-09-17 19:09:32,260 - fewshot_scanobjectnn_linear_classification - INFO - Save checkpoint at ./experiments/fewshot_scanobjectnn_linear_classification/cfgs/add_as_normal/ckpt-last.pth
2023-09-17 19:09:33,189 - fewshot_scanobjectnn_linear_classification - INFO - [Training] EPOCH: 140 EpochTime = 0.926 (s) Losses = ['1.2850', '62.5000'] lr = 0.000006
2023-09-17 19:09:34,122 - fewshot_scanobjectnn_linear_classification - INFO - [Validation] EPOCH: 140  acc = 42.0000
2023-09-17 19:09:34,752 - fewshot_scanobjectnn_linear_classification - INFO - Save checkpoint at ./experiments/fewshot_scanobjectnn_linear_classification/cfgs/add_as_normal/ckpt-last.pth
2023-09-17 19:09:35,558 - fewshot_scanobjectnn_linear_classification - INFO - [Training] EPOCH: 141 EpochTime = 0.805 (s) Losses = ['1.2554', '59.3750'] lr = 0.000005
2023-09-17 19:09:36,485 - fewshot_scanobjectnn_linear_classification - INFO - [Validation] EPOCH: 141  acc = 42.0000
2023-09-17 19:09:36,920 - fewshot_scanobjectnn_linear_classification - INFO - Save checkpoint at ./experiments/fewshot_scanobjectnn_linear_classification/cfgs/add_as_normal/ckpt-last.pth
2023-09-17 19:09:37,426 - fewshot_scanobjectnn_linear_classification - INFO - Save checkpoint at ./experiments/fewshot_scanobjectnn_linear_classification/cfgs/add_as_normal/ckpt-epoch-141.pth
2023-09-17 19:09:38,321 - fewshot_scanobjectnn_linear_classification - INFO - [Training] EPOCH: 142 EpochTime = 0.893 (s) Losses = ['1.1702', '68.7500'] lr = 0.000004
2023-09-17 19:09:39,204 - fewshot_scanobjectnn_linear_classification - INFO - [Validation] EPOCH: 142  acc = 42.0000
2023-09-17 19:09:39,979 - fewshot_scanobjectnn_linear_classification - INFO - Save checkpoint at ./experiments/fewshot_scanobjectnn_linear_classification/cfgs/add_as_normal/ckpt-last.pth
2023-09-17 19:09:40,372 - fewshot_scanobjectnn_linear_classification - INFO - Save checkpoint at ./experiments/fewshot_scanobjectnn_linear_classification/cfgs/add_as_normal/ckpt-epoch-142.pth
2023-09-17 19:09:41,227 - fewshot_scanobjectnn_linear_classification - INFO - [Training] EPOCH: 143 EpochTime = 0.854 (s) Losses = ['1.1760', '65.6250'] lr = 0.000004
2023-09-17 19:09:42,181 - fewshot_scanobjectnn_linear_classification - INFO - [Validation] EPOCH: 143  acc = 42.0000
2023-09-17 19:09:42,816 - fewshot_scanobjectnn_linear_classification - INFO - Save checkpoint at ./experiments/fewshot_scanobjectnn_linear_classification/cfgs/add_as_normal/ckpt-last.pth
2023-09-17 19:09:43,982 - fewshot_scanobjectnn_linear_classification - INFO - Save checkpoint at ./experiments/fewshot_scanobjectnn_linear_classification/cfgs/add_as_normal/ckpt-epoch-143.pth
2023-09-17 19:09:44,864 - fewshot_scanobjectnn_linear_classification - INFO - [Training] EPOCH: 144 EpochTime = 0.880 (s) Losses = ['1.1562', '68.7500'] lr = 0.000003
2023-09-17 19:09:45,792 - fewshot_scanobjectnn_linear_classification - INFO - [Validation] EPOCH: 144  acc = 42.0000
2023-09-17 19:09:46,275 - fewshot_scanobjectnn_linear_classification - INFO - Save checkpoint at ./experiments/fewshot_scanobjectnn_linear_classification/cfgs/add_as_normal/ckpt-last.pth
2023-09-17 19:09:46,724 - fewshot_scanobjectnn_linear_classification - INFO - Save checkpoint at ./experiments/fewshot_scanobjectnn_linear_classification/cfgs/add_as_normal/ckpt-epoch-144.pth
2023-09-17 19:09:47,637 - fewshot_scanobjectnn_linear_classification - INFO - [Training] EPOCH: 145 EpochTime = 0.911 (s) Losses = ['1.2040', '78.1250'] lr = 0.000002
2023-09-17 19:09:48,556 - fewshot_scanobjectnn_linear_classification - INFO - [Validation] EPOCH: 145  acc = 42.0000
2023-09-17 19:09:49,282 - fewshot_scanobjectnn_linear_classification - INFO - Save checkpoint at ./experiments/fewshot_scanobjectnn_linear_classification/cfgs/add_as_normal/ckpt-last.pth
2023-09-17 19:09:50,454 - fewshot_scanobjectnn_linear_classification - INFO - Save checkpoint at ./experiments/fewshot_scanobjectnn_linear_classification/cfgs/add_as_normal/ckpt-epoch-145.pth
2023-09-17 19:09:51,331 - fewshot_scanobjectnn_linear_classification - INFO - [Training] EPOCH: 146 EpochTime = 0.875 (s) Losses = ['1.2382', '56.2500'] lr = 0.000002
2023-09-17 19:09:52,260 - fewshot_scanobjectnn_linear_classification - INFO - [Validation] EPOCH: 146  acc = 42.0000
2023-09-17 19:09:52,815 - fewshot_scanobjectnn_linear_classification - INFO - Save checkpoint at ./experiments/fewshot_scanobjectnn_linear_classification/cfgs/add_as_normal/ckpt-last.pth
2023-09-17 19:09:53,561 - fewshot_scanobjectnn_linear_classification - INFO - Save checkpoint at ./experiments/fewshot_scanobjectnn_linear_classification/cfgs/add_as_normal/ckpt-epoch-146.pth
2023-09-17 19:09:54,476 - fewshot_scanobjectnn_linear_classification - INFO - [Training] EPOCH: 147 EpochTime = 0.913 (s) Losses = ['1.4094', '43.7500'] lr = 0.000001
2023-09-17 19:09:55,411 - fewshot_scanobjectnn_linear_classification - INFO - [Validation] EPOCH: 147  acc = 42.0000
2023-09-17 19:09:55,848 - fewshot_scanobjectnn_linear_classification - INFO - Save checkpoint at ./experiments/fewshot_scanobjectnn_linear_classification/cfgs/add_as_normal/ckpt-last.pth
2023-09-17 19:09:56,266 - fewshot_scanobjectnn_linear_classification - INFO - Save checkpoint at ./experiments/fewshot_scanobjectnn_linear_classification/cfgs/add_as_normal/ckpt-epoch-147.pth
2023-09-17 19:09:57,099 - fewshot_scanobjectnn_linear_classification - INFO - [Training] EPOCH: 148 EpochTime = 0.832 (s) Losses = ['1.1567', '68.7500'] lr = 0.000001
2023-09-17 19:09:57,980 - fewshot_scanobjectnn_linear_classification - INFO - [Validation] EPOCH: 148  acc = 42.0000
2023-09-17 19:09:58,471 - fewshot_scanobjectnn_linear_classification - INFO - Save checkpoint at ./experiments/fewshot_scanobjectnn_linear_classification/cfgs/add_as_normal/ckpt-last.pth
2023-09-17 19:09:58,928 - fewshot_scanobjectnn_linear_classification - INFO - Save checkpoint at ./experiments/fewshot_scanobjectnn_linear_classification/cfgs/add_as_normal/ckpt-epoch-148.pth
2023-09-17 19:09:59,757 - fewshot_scanobjectnn_linear_classification - INFO - [Training] EPOCH: 149 EpochTime = 0.828 (s) Losses = ['1.2091', '65.6250'] lr = 0.000001
2023-09-17 19:10:00,650 - fewshot_scanobjectnn_linear_classification - INFO - [Validation] EPOCH: 149  acc = 42.0000
2023-09-17 19:10:01,325 - fewshot_scanobjectnn_linear_classification - INFO - Save checkpoint at ./experiments/fewshot_scanobjectnn_linear_classification/cfgs/add_as_normal/ckpt-last.pth
2023-09-17 19:10:02,272 - fewshot_scanobjectnn_linear_classification - INFO - Save checkpoint at ./experiments/fewshot_scanobjectnn_linear_classification/cfgs/add_as_normal/ckpt-epoch-149.pth
2023-09-17 19:10:03,127 - fewshot_scanobjectnn_linear_classification - INFO - [Training] EPOCH: 150 EpochTime = 0.854 (s) Losses = ['1.1541', '65.6250'] lr = 0.000001
2023-09-17 19:10:04,054 - fewshot_scanobjectnn_linear_classification - INFO - [Validation] EPOCH: 150  acc = 42.0000
2023-09-17 19:10:04,524 - fewshot_scanobjectnn_linear_classification - INFO - Save checkpoint at ./experiments/fewshot_scanobjectnn_linear_classification/cfgs/add_as_normal/ckpt-last.pth
2023-09-17 19:10:05,187 - fewshot_scanobjectnn_linear_classification - INFO - Save checkpoint at ./experiments/fewshot_scanobjectnn_linear_classification/cfgs/add_as_normal/ckpt-epoch-150.pth
