2023-09-17 22:09:04,305 - fewshot_scanobjectnn_linear_classification - INFO - Copy the Config file from cfgs/fewshot_scanobjectnn_linear_classification.yaml to ./experiments/fewshot_scanobjectnn_linear_classification/cfgs/add_as_normal/config.yaml
2023-09-17 22:09:04,305 - fewshot_scanobjectnn_linear_classification - INFO - args.config : cfgs/fewshot_scanobjectnn_linear_classification.yaml
2023-09-17 22:09:04,305 - fewshot_scanobjectnn_linear_classification - INFO - args.launcher : none
2023-09-17 22:09:04,305 - fewshot_scanobjectnn_linear_classification - INFO - args.local_rank : 0
2023-09-17 22:09:04,305 - fewshot_scanobjectnn_linear_classification - INFO - args.num_workers : 8
2023-09-17 22:09:04,305 - fewshot_scanobjectnn_linear_classification - INFO - args.seed : 0
2023-09-17 22:09:04,305 - fewshot_scanobjectnn_linear_classification - INFO - args.deterministic : False
2023-09-17 22:09:04,305 - fewshot_scanobjectnn_linear_classification - INFO - args.sync_bn : True
2023-09-17 22:09:04,305 - fewshot_scanobjectnn_linear_classification - INFO - args.update_weights_every : 1
2023-09-17 22:09:04,306 - fewshot_scanobjectnn_linear_classification - INFO - args.main_task : 0
2023-09-17 22:09:04,306 - fewshot_scanobjectnn_linear_classification - INFO - args.nashmtl_optim_niter : 20
2023-09-17 22:09:04,306 - fewshot_scanobjectnn_linear_classification - INFO - args.c : 0.4
2023-09-17 22:09:04,306 - fewshot_scanobjectnn_linear_classification - INFO - args.dwa_temp : 2.0
2023-09-17 22:09:04,306 - fewshot_scanobjectnn_linear_classification - INFO - args.method_params_lr : 0.025
2023-09-17 22:09:04,306 - fewshot_scanobjectnn_linear_classification - INFO - args.method : nashmtl
2023-09-17 22:09:04,306 - fewshot_scanobjectnn_linear_classification - INFO - args.gpu : 5
2023-09-17 22:09:04,306 - fewshot_scanobjectnn_linear_classification - INFO - args.large_group : 5
2023-09-17 22:09:04,306 - fewshot_scanobjectnn_linear_classification - INFO - args.small_group : 10
2023-09-17 22:09:04,306 - fewshot_scanobjectnn_linear_classification - INFO - args.large_patch : 6
2023-09-17 22:09:04,306 - fewshot_scanobjectnn_linear_classification - INFO - args.small_patch : 3
2023-09-17 22:09:04,306 - fewshot_scanobjectnn_linear_classification - INFO - args.queue_length : 8192
2023-09-17 22:09:04,306 - fewshot_scanobjectnn_linear_classification - INFO - args.epoch_queue_starts : 10
2023-09-17 22:09:04,307 - fewshot_scanobjectnn_linear_classification - INFO - args.nmb_crops : [5, 10]
2023-09-17 22:09:04,307 - fewshot_scanobjectnn_linear_classification - INFO - args.fea_dim : 384
2023-09-17 22:09:04,307 - fewshot_scanobjectnn_linear_classification - INFO - args.hidden_mlp : 256
2023-09-17 22:09:04,307 - fewshot_scanobjectnn_linear_classification - INFO - args.output_dim : 128
2023-09-17 22:09:04,307 - fewshot_scanobjectnn_linear_classification - INFO - args.nmb_prototypes : 200
2023-09-17 22:09:04,307 - fewshot_scanobjectnn_linear_classification - INFO - args.temperature : 0.1
2023-09-17 22:09:04,307 - fewshot_scanobjectnn_linear_classification - INFO - args.epsilon : 0.05
2023-09-17 22:09:04,307 - fewshot_scanobjectnn_linear_classification - INFO - args.sinkhorn_iterations : 3
2023-09-17 22:09:04,307 - fewshot_scanobjectnn_linear_classification - INFO - args.world_size : 1
2023-09-17 22:09:04,307 - fewshot_scanobjectnn_linear_classification - INFO - args.exp_name : add_as_normal
2023-09-17 22:09:04,307 - fewshot_scanobjectnn_linear_classification - INFO - args.loss : cd1
2023-09-17 22:09:04,307 - fewshot_scanobjectnn_linear_classification - INFO - args.start_ckpts : None
2023-09-17 22:09:04,308 - fewshot_scanobjectnn_linear_classification - INFO - args.ckpts : ./experiments/pretrain_MaskSurf/cfgs/add_as_normal/ckpt-last.pth
2023-09-17 22:09:04,308 - fewshot_scanobjectnn_linear_classification - INFO - args.val_freq : 1
2023-09-17 22:09:04,308 - fewshot_scanobjectnn_linear_classification - INFO - args.vote : False
2023-09-17 22:09:04,308 - fewshot_scanobjectnn_linear_classification - INFO - args.resume : False
2023-09-17 22:09:04,308 - fewshot_scanobjectnn_linear_classification - INFO - args.test : False
2023-09-17 22:09:04,308 - fewshot_scanobjectnn_linear_classification - INFO - args.finetune_model : True
2023-09-17 22:09:04,308 - fewshot_scanobjectnn_linear_classification - INFO - args.scratch_model : False
2023-09-17 22:09:04,308 - fewshot_scanobjectnn_linear_classification - INFO - args.mode : None
2023-09-17 22:09:04,308 - fewshot_scanobjectnn_linear_classification - INFO - args.way : 5
2023-09-17 22:09:04,308 - fewshot_scanobjectnn_linear_classification - INFO - args.shot : 20
2023-09-17 22:09:04,308 - fewshot_scanobjectnn_linear_classification - INFO - args.fold : 6
2023-09-17 22:09:04,308 - fewshot_scanobjectnn_linear_classification - INFO - args.experiment_path : ./experiments/fewshot_scanobjectnn_linear_classification/cfgs/add_as_normal
2023-09-17 22:09:04,308 - fewshot_scanobjectnn_linear_classification - INFO - args.tfboard_path : ./experiments/fewshot_scanobjectnn_linear_classification/cfgs/TFBoard/add_as_normal
2023-09-17 22:09:04,309 - fewshot_scanobjectnn_linear_classification - INFO - args.log_name : fewshot_scanobjectnn_linear_classification
2023-09-17 22:09:04,309 - fewshot_scanobjectnn_linear_classification - INFO - args.use_gpu : True
2023-09-17 22:09:04,309 - fewshot_scanobjectnn_linear_classification - INFO - args.distributed : False
2023-09-17 22:09:04,309 - fewshot_scanobjectnn_linear_classification - INFO - config.optimizer = edict()
2023-09-17 22:09:04,309 - fewshot_scanobjectnn_linear_classification - INFO - config.optimizer.type : AdamW
2023-09-17 22:09:04,309 - fewshot_scanobjectnn_linear_classification - INFO - config.optimizer.part : only_new
2023-09-17 22:09:04,309 - fewshot_scanobjectnn_linear_classification - INFO - config.optimizer.kwargs = edict()
2023-09-17 22:09:04,309 - fewshot_scanobjectnn_linear_classification - INFO - config.optimizer.kwargs.lr : 0.0005
2023-09-17 22:09:04,309 - fewshot_scanobjectnn_linear_classification - INFO - config.optimizer.kwargs.weight_decay : 0.05
2023-09-17 22:09:04,309 - fewshot_scanobjectnn_linear_classification - INFO - config.scheduler = edict()
2023-09-17 22:09:04,309 - fewshot_scanobjectnn_linear_classification - INFO - config.scheduler.type : CosLR
2023-09-17 22:09:04,309 - fewshot_scanobjectnn_linear_classification - INFO - config.scheduler.kwargs = edict()
2023-09-17 22:09:04,310 - fewshot_scanobjectnn_linear_classification - INFO - config.scheduler.kwargs.epochs : 150
2023-09-17 22:09:04,310 - fewshot_scanobjectnn_linear_classification - INFO - config.scheduler.kwargs.initial_epochs : 10
2023-09-17 22:09:04,310 - fewshot_scanobjectnn_linear_classification - INFO - config.dataset = edict()
2023-09-17 22:09:04,310 - fewshot_scanobjectnn_linear_classification - INFO - config.dataset.train = edict()
2023-09-17 22:09:04,310 - fewshot_scanobjectnn_linear_classification - INFO - config.dataset.train._base_ = edict()
2023-09-17 22:09:04,310 - fewshot_scanobjectnn_linear_classification - INFO - config.dataset.train._base_.NAME : ModelNetFewShot
2023-09-17 22:09:04,310 - fewshot_scanobjectnn_linear_classification - INFO - config.dataset.train._base_.DATA_PATH : data/ScanObjectNN_hardest_fewshot
2023-09-17 22:09:04,310 - fewshot_scanobjectnn_linear_classification - INFO - config.dataset.train._base_.N_POINTS : 2048
2023-09-17 22:09:04,310 - fewshot_scanobjectnn_linear_classification - INFO - config.dataset.train._base_.NUM_CATEGORY : 15
2023-09-17 22:09:04,310 - fewshot_scanobjectnn_linear_classification - INFO - config.dataset.train._base_.USE_NORMALS : False
2023-09-17 22:09:04,310 - fewshot_scanobjectnn_linear_classification - INFO - config.dataset.train.others = edict()
2023-09-17 22:09:04,310 - fewshot_scanobjectnn_linear_classification - INFO - config.dataset.train.others.subset : train
2023-09-17 22:09:04,311 - fewshot_scanobjectnn_linear_classification - INFO - config.dataset.train.others.bs : 32
2023-09-17 22:09:04,311 - fewshot_scanobjectnn_linear_classification - INFO - config.dataset.val = edict()
2023-09-17 22:09:04,311 - fewshot_scanobjectnn_linear_classification - INFO - config.dataset.val._base_ = edict()
2023-09-17 22:09:04,311 - fewshot_scanobjectnn_linear_classification - INFO - config.dataset.val._base_.NAME : ModelNetFewShot
2023-09-17 22:09:04,311 - fewshot_scanobjectnn_linear_classification - INFO - config.dataset.val._base_.DATA_PATH : data/ScanObjectNN_hardest_fewshot
2023-09-17 22:09:04,311 - fewshot_scanobjectnn_linear_classification - INFO - config.dataset.val._base_.N_POINTS : 2048
2023-09-17 22:09:04,311 - fewshot_scanobjectnn_linear_classification - INFO - config.dataset.val._base_.NUM_CATEGORY : 15
2023-09-17 22:09:04,311 - fewshot_scanobjectnn_linear_classification - INFO - config.dataset.val._base_.USE_NORMALS : False
2023-09-17 22:09:04,311 - fewshot_scanobjectnn_linear_classification - INFO - config.dataset.val.others = edict()
2023-09-17 22:09:04,311 - fewshot_scanobjectnn_linear_classification - INFO - config.dataset.val.others.subset : test
2023-09-17 22:09:04,311 - fewshot_scanobjectnn_linear_classification - INFO - config.dataset.val.others.bs : 64
2023-09-17 22:09:04,311 - fewshot_scanobjectnn_linear_classification - INFO - config.dataset.test = edict()
2023-09-17 22:09:04,312 - fewshot_scanobjectnn_linear_classification - INFO - config.dataset.test._base_ = edict()
2023-09-17 22:09:04,312 - fewshot_scanobjectnn_linear_classification - INFO - config.dataset.test._base_.NAME : ScanObjectNN_hardest
2023-09-17 22:09:04,312 - fewshot_scanobjectnn_linear_classification - INFO - config.dataset.test._base_.ROOT : data/ScanObjectNN/main_split
2023-09-17 22:09:04,312 - fewshot_scanobjectnn_linear_classification - INFO - config.dataset.test.others = edict()
2023-09-17 22:09:04,312 - fewshot_scanobjectnn_linear_classification - INFO - config.dataset.test.others.subset : test
2023-09-17 22:09:04,312 - fewshot_scanobjectnn_linear_classification - INFO - config.dataset.test.others.bs : 32
2023-09-17 22:09:04,312 - fewshot_scanobjectnn_linear_classification - INFO - config.model = edict()
2023-09-17 22:09:04,312 - fewshot_scanobjectnn_linear_classification - INFO - config.model.NAME : PointTransformerLinearClassification
2023-09-17 22:09:04,312 - fewshot_scanobjectnn_linear_classification - INFO - config.model.trans_dim : 384
2023-09-17 22:09:04,312 - fewshot_scanobjectnn_linear_classification - INFO - config.model.depth : 12
2023-09-17 22:09:04,312 - fewshot_scanobjectnn_linear_classification - INFO - config.model.drop_path_rate : 0.1
2023-09-17 22:09:04,312 - fewshot_scanobjectnn_linear_classification - INFO - config.model.cls_dim : 15
2023-09-17 22:09:04,312 - fewshot_scanobjectnn_linear_classification - INFO - config.model.num_heads : 6
2023-09-17 22:09:04,313 - fewshot_scanobjectnn_linear_classification - INFO - config.model.group_size : 32
2023-09-17 22:09:04,313 - fewshot_scanobjectnn_linear_classification - INFO - config.model.num_group : 64
2023-09-17 22:09:04,313 - fewshot_scanobjectnn_linear_classification - INFO - config.model.encoder_dims : 384
2023-09-17 22:09:04,313 - fewshot_scanobjectnn_linear_classification - INFO - config.npoints : 1024
2023-09-17 22:09:04,313 - fewshot_scanobjectnn_linear_classification - INFO - config.total_bs : 32
2023-09-17 22:09:04,313 - fewshot_scanobjectnn_linear_classification - INFO - config.step_per_update : 1
2023-09-17 22:09:04,313 - fewshot_scanobjectnn_linear_classification - INFO - config.max_epoch : 150
2023-09-17 22:09:04,313 - fewshot_scanobjectnn_linear_classification - INFO - config.grad_norm_clip : 10
2023-09-17 22:09:04,313 - fewshot_scanobjectnn_linear_classification - INFO - Distributed training: False
2023-09-17 22:09:04,313 - fewshot_scanobjectnn_linear_classification - INFO - Set random seed to 0, deterministic: False
2023-09-17 22:09:06,393 - fewshot_scanobjectnn_linear_classification - INFO - Using Data parallel ...
2023-09-17 22:09:11,350 - fewshot_scanobjectnn_linear_classification - INFO - [Training] EPOCH: 0 EpochTime = 4.952 (s) Losses = ['2.7064', '6.2500'] lr = 0.000001
2023-09-17 22:09:11,776 - fewshot_scanobjectnn_linear_classification - INFO - Save checkpoint at ./experiments/fewshot_scanobjectnn_linear_classification/cfgs/add_as_normal/ckpt-last.pth
2023-09-17 22:09:13,037 - fewshot_scanobjectnn_linear_classification - INFO - [Training] EPOCH: 1 EpochTime = 1.259 (s) Losses = ['2.7244', '8.3333'] lr = 0.000051
2023-09-17 22:09:15,137 - fewshot_scanobjectnn_linear_classification - INFO - [Validation] EPOCH: 1  acc = 8.0000
2023-09-17 22:09:16,013 - fewshot_scanobjectnn_linear_classification - INFO - Save checkpoint at ./experiments/fewshot_scanobjectnn_linear_classification/cfgs/add_as_normal/ckpt-best.pth
2023-09-17 22:09:16,014 - fewshot_scanobjectnn_linear_classification - INFO - --------------------------------------------------------------------------------------------
2023-09-17 22:09:16,560 - fewshot_scanobjectnn_linear_classification - INFO - Save checkpoint at ./experiments/fewshot_scanobjectnn_linear_classification/cfgs/add_as_normal/ckpt-last.pth
2023-09-17 22:09:17,707 - fewshot_scanobjectnn_linear_classification - INFO - [Training] EPOCH: 2 EpochTime = 1.146 (s) Losses = ['2.6569', '9.3750'] lr = 0.000101
2023-09-17 22:09:18,604 - fewshot_scanobjectnn_linear_classification - INFO - [Validation] EPOCH: 2  acc = 13.0000
2023-09-17 22:09:19,002 - fewshot_scanobjectnn_linear_classification - INFO - Save checkpoint at ./experiments/fewshot_scanobjectnn_linear_classification/cfgs/add_as_normal/ckpt-best.pth
2023-09-17 22:09:19,003 - fewshot_scanobjectnn_linear_classification - INFO - --------------------------------------------------------------------------------------------
2023-09-17 22:09:19,400 - fewshot_scanobjectnn_linear_classification - INFO - Save checkpoint at ./experiments/fewshot_scanobjectnn_linear_classification/cfgs/add_as_normal/ckpt-last.pth
2023-09-17 22:09:20,579 - fewshot_scanobjectnn_linear_classification - INFO - [Training] EPOCH: 3 EpochTime = 1.177 (s) Losses = ['2.5501', '18.7500'] lr = 0.000151
2023-09-17 22:09:21,514 - fewshot_scanobjectnn_linear_classification - INFO - [Validation] EPOCH: 3  acc = 21.0000
2023-09-17 22:09:21,978 - fewshot_scanobjectnn_linear_classification - INFO - Save checkpoint at ./experiments/fewshot_scanobjectnn_linear_classification/cfgs/add_as_normal/ckpt-best.pth
2023-09-17 22:09:21,979 - fewshot_scanobjectnn_linear_classification - INFO - --------------------------------------------------------------------------------------------
2023-09-17 22:09:22,611 - fewshot_scanobjectnn_linear_classification - INFO - Save checkpoint at ./experiments/fewshot_scanobjectnn_linear_classification/cfgs/add_as_normal/ckpt-last.pth
2023-09-17 22:09:23,851 - fewshot_scanobjectnn_linear_classification - INFO - [Training] EPOCH: 4 EpochTime = 1.239 (s) Losses = ['2.3300', '21.8750'] lr = 0.000201
2023-09-17 22:09:24,737 - fewshot_scanobjectnn_linear_classification - INFO - [Validation] EPOCH: 4  acc = 21.0000
2023-09-17 22:09:25,363 - fewshot_scanobjectnn_linear_classification - INFO - Save checkpoint at ./experiments/fewshot_scanobjectnn_linear_classification/cfgs/add_as_normal/ckpt-last.pth
2023-09-17 22:09:26,601 - fewshot_scanobjectnn_linear_classification - INFO - [Training] EPOCH: 5 EpochTime = 1.236 (s) Losses = ['2.1251', '23.9583'] lr = 0.000251
2023-09-17 22:09:27,554 - fewshot_scanobjectnn_linear_classification - INFO - [Validation] EPOCH: 5  acc = 22.0000
2023-09-17 22:09:28,277 - fewshot_scanobjectnn_linear_classification - INFO - Save checkpoint at ./experiments/fewshot_scanobjectnn_linear_classification/cfgs/add_as_normal/ckpt-best.pth
2023-09-17 22:09:28,277 - fewshot_scanobjectnn_linear_classification - INFO - --------------------------------------------------------------------------------------------
2023-09-17 22:09:28,982 - fewshot_scanobjectnn_linear_classification - INFO - Save checkpoint at ./experiments/fewshot_scanobjectnn_linear_classification/cfgs/add_as_normal/ckpt-last.pth
2023-09-17 22:09:30,185 - fewshot_scanobjectnn_linear_classification - INFO - [Training] EPOCH: 6 EpochTime = 1.202 (s) Losses = ['1.9286', '30.2083'] lr = 0.000300
2023-09-17 22:09:31,155 - fewshot_scanobjectnn_linear_classification - INFO - [Validation] EPOCH: 6  acc = 26.0000
2023-09-17 22:09:31,644 - fewshot_scanobjectnn_linear_classification - INFO - Save checkpoint at ./experiments/fewshot_scanobjectnn_linear_classification/cfgs/add_as_normal/ckpt-best.pth
2023-09-17 22:09:31,645 - fewshot_scanobjectnn_linear_classification - INFO - --------------------------------------------------------------------------------------------
2023-09-17 22:09:32,169 - fewshot_scanobjectnn_linear_classification - INFO - Save checkpoint at ./experiments/fewshot_scanobjectnn_linear_classification/cfgs/add_as_normal/ckpt-last.pth
2023-09-17 22:09:33,316 - fewshot_scanobjectnn_linear_classification - INFO - [Training] EPOCH: 7 EpochTime = 1.145 (s) Losses = ['1.7875', '33.3333'] lr = 0.000350
2023-09-17 22:09:34,232 - fewshot_scanobjectnn_linear_classification - INFO - [Validation] EPOCH: 7  acc = 31.0000
2023-09-17 22:09:34,767 - fewshot_scanobjectnn_linear_classification - INFO - Save checkpoint at ./experiments/fewshot_scanobjectnn_linear_classification/cfgs/add_as_normal/ckpt-best.pth
2023-09-17 22:09:34,767 - fewshot_scanobjectnn_linear_classification - INFO - --------------------------------------------------------------------------------------------
2023-09-17 22:09:35,343 - fewshot_scanobjectnn_linear_classification - INFO - Save checkpoint at ./experiments/fewshot_scanobjectnn_linear_classification/cfgs/add_as_normal/ckpt-last.pth
2023-09-17 22:09:36,500 - fewshot_scanobjectnn_linear_classification - INFO - [Training] EPOCH: 8 EpochTime = 1.155 (s) Losses = ['1.6826', '29.1667'] lr = 0.000400
2023-09-17 22:09:37,491 - fewshot_scanobjectnn_linear_classification - INFO - [Validation] EPOCH: 8  acc = 32.0000
2023-09-17 22:09:38,021 - fewshot_scanobjectnn_linear_classification - INFO - Save checkpoint at ./experiments/fewshot_scanobjectnn_linear_classification/cfgs/add_as_normal/ckpt-best.pth
2023-09-17 22:09:38,022 - fewshot_scanobjectnn_linear_classification - INFO - --------------------------------------------------------------------------------------------
2023-09-17 22:09:38,607 - fewshot_scanobjectnn_linear_classification - INFO - Save checkpoint at ./experiments/fewshot_scanobjectnn_linear_classification/cfgs/add_as_normal/ckpt-last.pth
2023-09-17 22:09:39,743 - fewshot_scanobjectnn_linear_classification - INFO - [Training] EPOCH: 9 EpochTime = 1.134 (s) Losses = ['1.6276', '30.2083'] lr = 0.000450
2023-09-17 22:09:40,671 - fewshot_scanobjectnn_linear_classification - INFO - [Validation] EPOCH: 9  acc = 30.0000
2023-09-17 22:09:41,238 - fewshot_scanobjectnn_linear_classification - INFO - Save checkpoint at ./experiments/fewshot_scanobjectnn_linear_classification/cfgs/add_as_normal/ckpt-last.pth
2023-09-17 22:09:42,418 - fewshot_scanobjectnn_linear_classification - INFO - [Training] EPOCH: 10 EpochTime = 1.178 (s) Losses = ['1.5935', '26.0417'] lr = 0.000495
2023-09-17 22:09:43,337 - fewshot_scanobjectnn_linear_classification - INFO - [Validation] EPOCH: 10  acc = 31.0000
2023-09-17 22:09:43,810 - fewshot_scanobjectnn_linear_classification - INFO - Save checkpoint at ./experiments/fewshot_scanobjectnn_linear_classification/cfgs/add_as_normal/ckpt-last.pth
2023-09-17 22:09:45,018 - fewshot_scanobjectnn_linear_classification - INFO - [Training] EPOCH: 11 EpochTime = 1.207 (s) Losses = ['1.5576', '33.3333'] lr = 0.000493
2023-09-17 22:09:45,933 - fewshot_scanobjectnn_linear_classification - INFO - [Validation] EPOCH: 11  acc = 32.0000
2023-09-17 22:09:46,747 - fewshot_scanobjectnn_linear_classification - INFO - Save checkpoint at ./experiments/fewshot_scanobjectnn_linear_classification/cfgs/add_as_normal/ckpt-last.pth
2023-09-17 22:09:47,931 - fewshot_scanobjectnn_linear_classification - INFO - [Training] EPOCH: 12 EpochTime = 1.183 (s) Losses = ['1.5329', '25.0000'] lr = 0.000492
2023-09-17 22:09:48,861 - fewshot_scanobjectnn_linear_classification - INFO - [Validation] EPOCH: 12  acc = 32.0000
2023-09-17 22:09:49,342 - fewshot_scanobjectnn_linear_classification - INFO - Save checkpoint at ./experiments/fewshot_scanobjectnn_linear_classification/cfgs/add_as_normal/ckpt-last.pth
2023-09-17 22:09:50,536 - fewshot_scanobjectnn_linear_classification - INFO - [Training] EPOCH: 13 EpochTime = 1.193 (s) Losses = ['1.5597', '28.1250'] lr = 0.000491
2023-09-17 22:09:51,491 - fewshot_scanobjectnn_linear_classification - INFO - [Validation] EPOCH: 13  acc = 32.0000
2023-09-17 22:09:51,990 - fewshot_scanobjectnn_linear_classification - INFO - Save checkpoint at ./experiments/fewshot_scanobjectnn_linear_classification/cfgs/add_as_normal/ckpt-last.pth
2023-09-17 22:09:53,306 - fewshot_scanobjectnn_linear_classification - INFO - [Training] EPOCH: 14 EpochTime = 1.314 (s) Losses = ['1.4761', '38.5417'] lr = 0.000489
2023-09-17 22:09:54,208 - fewshot_scanobjectnn_linear_classification - INFO - [Validation] EPOCH: 14  acc = 35.0000
2023-09-17 22:09:54,799 - fewshot_scanobjectnn_linear_classification - INFO - Save checkpoint at ./experiments/fewshot_scanobjectnn_linear_classification/cfgs/add_as_normal/ckpt-best.pth
2023-09-17 22:09:54,799 - fewshot_scanobjectnn_linear_classification - INFO - --------------------------------------------------------------------------------------------
2023-09-17 22:09:55,444 - fewshot_scanobjectnn_linear_classification - INFO - Save checkpoint at ./experiments/fewshot_scanobjectnn_linear_classification/cfgs/add_as_normal/ckpt-last.pth
2023-09-17 22:09:56,674 - fewshot_scanobjectnn_linear_classification - INFO - [Training] EPOCH: 15 EpochTime = 1.229 (s) Losses = ['1.4721', '38.5417'] lr = 0.000488
2023-09-17 22:09:57,621 - fewshot_scanobjectnn_linear_classification - INFO - [Validation] EPOCH: 15  acc = 43.0000
2023-09-17 22:09:58,237 - fewshot_scanobjectnn_linear_classification - INFO - Save checkpoint at ./experiments/fewshot_scanobjectnn_linear_classification/cfgs/add_as_normal/ckpt-best.pth
2023-09-17 22:09:58,238 - fewshot_scanobjectnn_linear_classification - INFO - --------------------------------------------------------------------------------------------
2023-09-17 22:09:58,898 - fewshot_scanobjectnn_linear_classification - INFO - Save checkpoint at ./experiments/fewshot_scanobjectnn_linear_classification/cfgs/add_as_normal/ckpt-last.pth
2023-09-17 22:10:00,053 - fewshot_scanobjectnn_linear_classification - INFO - [Training] EPOCH: 16 EpochTime = 1.153 (s) Losses = ['1.4779', '34.3750'] lr = 0.000486
2023-09-17 22:10:00,965 - fewshot_scanobjectnn_linear_classification - INFO - [Validation] EPOCH: 16  acc = 43.0000
2023-09-17 22:10:01,425 - fewshot_scanobjectnn_linear_classification - INFO - Save checkpoint at ./experiments/fewshot_scanobjectnn_linear_classification/cfgs/add_as_normal/ckpt-last.pth
2023-09-17 22:10:02,604 - fewshot_scanobjectnn_linear_classification - INFO - [Training] EPOCH: 17 EpochTime = 1.178 (s) Losses = ['1.4597', '33.3333'] lr = 0.000484
2023-09-17 22:10:03,564 - fewshot_scanobjectnn_linear_classification - INFO - [Validation] EPOCH: 17  acc = 47.0000
2023-09-17 22:10:04,027 - fewshot_scanobjectnn_linear_classification - INFO - Save checkpoint at ./experiments/fewshot_scanobjectnn_linear_classification/cfgs/add_as_normal/ckpt-best.pth
2023-09-17 22:10:04,027 - fewshot_scanobjectnn_linear_classification - INFO - --------------------------------------------------------------------------------------------
2023-09-17 22:10:04,617 - fewshot_scanobjectnn_linear_classification - INFO - Save checkpoint at ./experiments/fewshot_scanobjectnn_linear_classification/cfgs/add_as_normal/ckpt-last.pth
2023-09-17 22:10:05,831 - fewshot_scanobjectnn_linear_classification - INFO - [Training] EPOCH: 18 EpochTime = 1.212 (s) Losses = ['1.4201', '39.5833'] lr = 0.000482
2023-09-17 22:10:06,730 - fewshot_scanobjectnn_linear_classification - INFO - [Validation] EPOCH: 18  acc = 47.0000
2023-09-17 22:10:07,221 - fewshot_scanobjectnn_linear_classification - INFO - Save checkpoint at ./experiments/fewshot_scanobjectnn_linear_classification/cfgs/add_as_normal/ckpt-last.pth
2023-09-17 22:10:08,367 - fewshot_scanobjectnn_linear_classification - INFO - [Training] EPOCH: 19 EpochTime = 1.144 (s) Losses = ['1.4192', '45.8333'] lr = 0.000481
2023-09-17 22:10:09,291 - fewshot_scanobjectnn_linear_classification - INFO - [Validation] EPOCH: 19  acc = 43.0000
2023-09-17 22:10:09,854 - fewshot_scanobjectnn_linear_classification - INFO - Save checkpoint at ./experiments/fewshot_scanobjectnn_linear_classification/cfgs/add_as_normal/ckpt-last.pth
2023-09-17 22:10:11,021 - fewshot_scanobjectnn_linear_classification - INFO - [Training] EPOCH: 20 EpochTime = 1.166 (s) Losses = ['1.4295', '43.7500'] lr = 0.000478
2023-09-17 22:10:11,983 - fewshot_scanobjectnn_linear_classification - INFO - [Validation] EPOCH: 20  acc = 41.0000
2023-09-17 22:10:12,432 - fewshot_scanobjectnn_linear_classification - INFO - Save checkpoint at ./experiments/fewshot_scanobjectnn_linear_classification/cfgs/add_as_normal/ckpt-last.pth
2023-09-17 22:10:13,611 - fewshot_scanobjectnn_linear_classification - INFO - [Training] EPOCH: 21 EpochTime = 1.177 (s) Losses = ['1.3844', '44.7917'] lr = 0.000476
2023-09-17 22:10:14,501 - fewshot_scanobjectnn_linear_classification - INFO - [Validation] EPOCH: 21  acc = 42.0000
2023-09-17 22:10:15,273 - fewshot_scanobjectnn_linear_classification - INFO - Save checkpoint at ./experiments/fewshot_scanobjectnn_linear_classification/cfgs/add_as_normal/ckpt-last.pth
2023-09-17 22:10:16,470 - fewshot_scanobjectnn_linear_classification - INFO - [Training] EPOCH: 22 EpochTime = 1.195 (s) Losses = ['1.4182', '37.5000'] lr = 0.000474
2023-09-17 22:10:17,358 - fewshot_scanobjectnn_linear_classification - INFO - [Validation] EPOCH: 22  acc = 41.0000
2023-09-17 22:10:17,788 - fewshot_scanobjectnn_linear_classification - INFO - Save checkpoint at ./experiments/fewshot_scanobjectnn_linear_classification/cfgs/add_as_normal/ckpt-last.pth
2023-09-17 22:10:19,004 - fewshot_scanobjectnn_linear_classification - INFO - [Training] EPOCH: 23 EpochTime = 1.215 (s) Losses = ['1.3600', '46.8750'] lr = 0.000472
2023-09-17 22:10:19,941 - fewshot_scanobjectnn_linear_classification - INFO - [Validation] EPOCH: 23  acc = 41.0000
2023-09-17 22:10:20,401 - fewshot_scanobjectnn_linear_classification - INFO - Save checkpoint at ./experiments/fewshot_scanobjectnn_linear_classification/cfgs/add_as_normal/ckpt-last.pth
2023-09-17 22:10:21,557 - fewshot_scanobjectnn_linear_classification - INFO - [Training] EPOCH: 24 EpochTime = 1.154 (s) Losses = ['1.4158', '40.6250'] lr = 0.000469
2023-09-17 22:10:22,474 - fewshot_scanobjectnn_linear_classification - INFO - [Validation] EPOCH: 24  acc = 39.0000
2023-09-17 22:10:23,206 - fewshot_scanobjectnn_linear_classification - INFO - Save checkpoint at ./experiments/fewshot_scanobjectnn_linear_classification/cfgs/add_as_normal/ckpt-last.pth
2023-09-17 22:10:24,450 - fewshot_scanobjectnn_linear_classification - INFO - [Training] EPOCH: 25 EpochTime = 1.243 (s) Losses = ['1.3460', '48.9583'] lr = 0.000467
2023-09-17 22:10:25,357 - fewshot_scanobjectnn_linear_classification - INFO - [Validation] EPOCH: 25  acc = 40.0000
2023-09-17 22:10:25,926 - fewshot_scanobjectnn_linear_classification - INFO - Save checkpoint at ./experiments/fewshot_scanobjectnn_linear_classification/cfgs/add_as_normal/ckpt-last.pth
2023-09-17 22:10:27,186 - fewshot_scanobjectnn_linear_classification - INFO - [Training] EPOCH: 26 EpochTime = 1.259 (s) Losses = ['1.3637', '50.0000'] lr = 0.000464
2023-09-17 22:10:28,097 - fewshot_scanobjectnn_linear_classification - INFO - [Validation] EPOCH: 26  acc = 43.0000
2023-09-17 22:10:28,739 - fewshot_scanobjectnn_linear_classification - INFO - Save checkpoint at ./experiments/fewshot_scanobjectnn_linear_classification/cfgs/add_as_normal/ckpt-last.pth
2023-09-17 22:10:29,888 - fewshot_scanobjectnn_linear_classification - INFO - [Training] EPOCH: 27 EpochTime = 1.147 (s) Losses = ['1.3352', '40.6250'] lr = 0.000461
2023-09-17 22:10:30,809 - fewshot_scanobjectnn_linear_classification - INFO - [Validation] EPOCH: 27  acc = 43.0000
2023-09-17 22:10:31,429 - fewshot_scanobjectnn_linear_classification - INFO - Save checkpoint at ./experiments/fewshot_scanobjectnn_linear_classification/cfgs/add_as_normal/ckpt-last.pth
2023-09-17 22:10:32,601 - fewshot_scanobjectnn_linear_classification - INFO - [Training] EPOCH: 28 EpochTime = 1.170 (s) Losses = ['1.3318', '46.8750'] lr = 0.000458
2023-09-17 22:10:33,529 - fewshot_scanobjectnn_linear_classification - INFO - [Validation] EPOCH: 28  acc = 46.0000
2023-09-17 22:10:34,033 - fewshot_scanobjectnn_linear_classification - INFO - Save checkpoint at ./experiments/fewshot_scanobjectnn_linear_classification/cfgs/add_as_normal/ckpt-last.pth
2023-09-17 22:10:35,204 - fewshot_scanobjectnn_linear_classification - INFO - [Training] EPOCH: 29 EpochTime = 1.170 (s) Losses = ['1.2942', '53.1250'] lr = 0.000455
2023-09-17 22:10:36,139 - fewshot_scanobjectnn_linear_classification - INFO - [Validation] EPOCH: 29  acc = 44.0000
2023-09-17 22:10:36,732 - fewshot_scanobjectnn_linear_classification - INFO - Save checkpoint at ./experiments/fewshot_scanobjectnn_linear_classification/cfgs/add_as_normal/ckpt-last.pth
2023-09-17 22:10:37,885 - fewshot_scanobjectnn_linear_classification - INFO - [Training] EPOCH: 30 EpochTime = 1.152 (s) Losses = ['1.3182', '44.7917'] lr = 0.000452
2023-09-17 22:10:38,910 - fewshot_scanobjectnn_linear_classification - INFO - [Validation] EPOCH: 30  acc = 42.0000
2023-09-17 22:10:39,391 - fewshot_scanobjectnn_linear_classification - INFO - Save checkpoint at ./experiments/fewshot_scanobjectnn_linear_classification/cfgs/add_as_normal/ckpt-last.pth
2023-09-17 22:10:40,585 - fewshot_scanobjectnn_linear_classification - INFO - [Training] EPOCH: 31 EpochTime = 1.192 (s) Losses = ['1.2810', '51.0417'] lr = 0.000449
2023-09-17 22:10:41,488 - fewshot_scanobjectnn_linear_classification - INFO - [Validation] EPOCH: 31  acc = 40.0000
2023-09-17 22:10:41,944 - fewshot_scanobjectnn_linear_classification - INFO - Save checkpoint at ./experiments/fewshot_scanobjectnn_linear_classification/cfgs/add_as_normal/ckpt-last.pth
2023-09-17 22:10:43,108 - fewshot_scanobjectnn_linear_classification - INFO - [Training] EPOCH: 32 EpochTime = 1.162 (s) Losses = ['1.2785', '53.1250'] lr = 0.000446
2023-09-17 22:10:44,087 - fewshot_scanobjectnn_linear_classification - INFO - [Validation] EPOCH: 32  acc = 42.0000
2023-09-17 22:10:44,692 - fewshot_scanobjectnn_linear_classification - INFO - Save checkpoint at ./experiments/fewshot_scanobjectnn_linear_classification/cfgs/add_as_normal/ckpt-last.pth
2023-09-17 22:10:45,927 - fewshot_scanobjectnn_linear_classification - INFO - [Training] EPOCH: 33 EpochTime = 1.233 (s) Losses = ['1.2803', '50.0000'] lr = 0.000443
2023-09-17 22:10:46,926 - fewshot_scanobjectnn_linear_classification - INFO - [Validation] EPOCH: 33  acc = 44.0000
2023-09-17 22:10:47,519 - fewshot_scanobjectnn_linear_classification - INFO - Save checkpoint at ./experiments/fewshot_scanobjectnn_linear_classification/cfgs/add_as_normal/ckpt-last.pth
2023-09-17 22:10:48,689 - fewshot_scanobjectnn_linear_classification - INFO - [Training] EPOCH: 34 EpochTime = 1.167 (s) Losses = ['1.2890', '45.8333'] lr = 0.000439
2023-09-17 22:10:49,613 - fewshot_scanobjectnn_linear_classification - INFO - [Validation] EPOCH: 34  acc = 42.0000
2023-09-17 22:10:50,541 - fewshot_scanobjectnn_linear_classification - INFO - Save checkpoint at ./experiments/fewshot_scanobjectnn_linear_classification/cfgs/add_as_normal/ckpt-last.pth
2023-09-17 22:10:51,735 - fewshot_scanobjectnn_linear_classification - INFO - [Training] EPOCH: 35 EpochTime = 1.192 (s) Losses = ['1.3024', '53.1250'] lr = 0.000436
2023-09-17 22:10:52,654 - fewshot_scanobjectnn_linear_classification - INFO - [Validation] EPOCH: 35  acc = 44.0000
2023-09-17 22:10:53,335 - fewshot_scanobjectnn_linear_classification - INFO - Save checkpoint at ./experiments/fewshot_scanobjectnn_linear_classification/cfgs/add_as_normal/ckpt-last.pth
2023-09-17 22:10:54,601 - fewshot_scanobjectnn_linear_classification - INFO - [Training] EPOCH: 36 EpochTime = 1.264 (s) Losses = ['1.2080', '51.0417'] lr = 0.000432
2023-09-17 22:10:55,524 - fewshot_scanobjectnn_linear_classification - INFO - [Validation] EPOCH: 36  acc = 42.0000
2023-09-17 22:10:56,082 - fewshot_scanobjectnn_linear_classification - INFO - Save checkpoint at ./experiments/fewshot_scanobjectnn_linear_classification/cfgs/add_as_normal/ckpt-last.pth
2023-09-17 22:10:57,232 - fewshot_scanobjectnn_linear_classification - INFO - [Training] EPOCH: 37 EpochTime = 1.148 (s) Losses = ['1.2791', '44.7917'] lr = 0.000429
2023-09-17 22:10:58,201 - fewshot_scanobjectnn_linear_classification - INFO - [Validation] EPOCH: 37  acc = 42.0000
2023-09-17 22:10:58,727 - fewshot_scanobjectnn_linear_classification - INFO - Save checkpoint at ./experiments/fewshot_scanobjectnn_linear_classification/cfgs/add_as_normal/ckpt-last.pth
2023-09-17 22:10:59,890 - fewshot_scanobjectnn_linear_classification - INFO - [Training] EPOCH: 38 EpochTime = 1.161 (s) Losses = ['1.2012', '51.0417'] lr = 0.000425
2023-09-17 22:11:00,792 - fewshot_scanobjectnn_linear_classification - INFO - [Validation] EPOCH: 38  acc = 44.0000
2023-09-17 22:11:01,278 - fewshot_scanobjectnn_linear_classification - INFO - Save checkpoint at ./experiments/fewshot_scanobjectnn_linear_classification/cfgs/add_as_normal/ckpt-last.pth
2023-09-17 22:11:02,429 - fewshot_scanobjectnn_linear_classification - INFO - [Training] EPOCH: 39 EpochTime = 1.149 (s) Losses = ['1.2726', '43.7500'] lr = 0.000421
2023-09-17 22:11:03,324 - fewshot_scanobjectnn_linear_classification - INFO - [Validation] EPOCH: 39  acc = 43.0000
2023-09-17 22:11:03,947 - fewshot_scanobjectnn_linear_classification - INFO - Save checkpoint at ./experiments/fewshot_scanobjectnn_linear_classification/cfgs/add_as_normal/ckpt-last.pth
2023-09-17 22:11:05,145 - fewshot_scanobjectnn_linear_classification - INFO - [Training] EPOCH: 40 EpochTime = 1.196 (s) Losses = ['1.2263', '54.1667'] lr = 0.000417
2023-09-17 22:11:06,042 - fewshot_scanobjectnn_linear_classification - INFO - [Validation] EPOCH: 40  acc = 43.0000
2023-09-17 22:11:06,643 - fewshot_scanobjectnn_linear_classification - INFO - Save checkpoint at ./experiments/fewshot_scanobjectnn_linear_classification/cfgs/add_as_normal/ckpt-last.pth
2023-09-17 22:11:08,127 - fewshot_scanobjectnn_linear_classification - INFO - [Training] EPOCH: 41 EpochTime = 1.311 (s) Losses = ['1.1750', '55.2083'] lr = 0.000414
2023-09-17 22:11:09,079 - fewshot_scanobjectnn_linear_classification - INFO - [Validation] EPOCH: 41  acc = 43.0000
2023-09-17 22:11:09,750 - fewshot_scanobjectnn_linear_classification - INFO - Save checkpoint at ./experiments/fewshot_scanobjectnn_linear_classification/cfgs/add_as_normal/ckpt-last.pth
2023-09-17 22:11:10,911 - fewshot_scanobjectnn_linear_classification - INFO - [Training] EPOCH: 42 EpochTime = 1.160 (s) Losses = ['1.1812', '61.4583'] lr = 0.000410
2023-09-17 22:11:11,878 - fewshot_scanobjectnn_linear_classification - INFO - [Validation] EPOCH: 42  acc = 47.0000
2023-09-17 22:11:12,364 - fewshot_scanobjectnn_linear_classification - INFO - Save checkpoint at ./experiments/fewshot_scanobjectnn_linear_classification/cfgs/add_as_normal/ckpt-last.pth
2023-09-17 22:11:13,627 - fewshot_scanobjectnn_linear_classification - INFO - [Training] EPOCH: 43 EpochTime = 1.261 (s) Losses = ['1.2130', '52.0833'] lr = 0.000405
2023-09-17 22:11:14,625 - fewshot_scanobjectnn_linear_classification - INFO - [Validation] EPOCH: 43  acc = 46.0000
2023-09-17 22:11:15,135 - fewshot_scanobjectnn_linear_classification - INFO - Save checkpoint at ./experiments/fewshot_scanobjectnn_linear_classification/cfgs/add_as_normal/ckpt-last.pth
2023-09-17 22:11:16,421 - fewshot_scanobjectnn_linear_classification - INFO - [Training] EPOCH: 44 EpochTime = 1.284 (s) Losses = ['1.1860', '52.0833'] lr = 0.000401
2023-09-17 22:11:17,346 - fewshot_scanobjectnn_linear_classification - INFO - [Validation] EPOCH: 44  acc = 46.0000
2023-09-17 22:11:17,876 - fewshot_scanobjectnn_linear_classification - INFO - Save checkpoint at ./experiments/fewshot_scanobjectnn_linear_classification/cfgs/add_as_normal/ckpt-last.pth
2023-09-17 22:11:19,126 - fewshot_scanobjectnn_linear_classification - INFO - [Training] EPOCH: 45 EpochTime = 1.248 (s) Losses = ['1.2056', '52.0833'] lr = 0.000397
2023-09-17 22:11:20,144 - fewshot_scanobjectnn_linear_classification - INFO - [Validation] EPOCH: 45  acc = 47.0000
2023-09-17 22:11:20,592 - fewshot_scanobjectnn_linear_classification - INFO - Save checkpoint at ./experiments/fewshot_scanobjectnn_linear_classification/cfgs/add_as_normal/ckpt-last.pth
2023-09-17 22:11:21,779 - fewshot_scanobjectnn_linear_classification - INFO - [Training] EPOCH: 46 EpochTime = 1.186 (s) Losses = ['1.2443', '46.8750'] lr = 0.000393
2023-09-17 22:11:22,684 - fewshot_scanobjectnn_linear_classification - INFO - [Validation] EPOCH: 46  acc = 46.0000
2023-09-17 22:11:23,369 - fewshot_scanobjectnn_linear_classification - INFO - Save checkpoint at ./experiments/fewshot_scanobjectnn_linear_classification/cfgs/add_as_normal/ckpt-last.pth
2023-09-17 22:11:24,637 - fewshot_scanobjectnn_linear_classification - INFO - [Training] EPOCH: 47 EpochTime = 1.266 (s) Losses = ['1.1722', '54.1667'] lr = 0.000389
2023-09-17 22:11:25,554 - fewshot_scanobjectnn_linear_classification - INFO - [Validation] EPOCH: 47  acc = 48.0000
2023-09-17 22:11:26,088 - fewshot_scanobjectnn_linear_classification - INFO - Save checkpoint at ./experiments/fewshot_scanobjectnn_linear_classification/cfgs/add_as_normal/ckpt-best.pth
2023-09-17 22:11:26,088 - fewshot_scanobjectnn_linear_classification - INFO - --------------------------------------------------------------------------------------------
2023-09-17 22:11:26,525 - fewshot_scanobjectnn_linear_classification - INFO - Save checkpoint at ./experiments/fewshot_scanobjectnn_linear_classification/cfgs/add_as_normal/ckpt-last.pth
2023-09-17 22:11:27,703 - fewshot_scanobjectnn_linear_classification - INFO - [Training] EPOCH: 48 EpochTime = 1.176 (s) Losses = ['1.1872', '54.1667'] lr = 0.000384
2023-09-17 22:11:28,597 - fewshot_scanobjectnn_linear_classification - INFO - [Validation] EPOCH: 48  acc = 47.0000
2023-09-17 22:11:29,021 - fewshot_scanobjectnn_linear_classification - INFO - Save checkpoint at ./experiments/fewshot_scanobjectnn_linear_classification/cfgs/add_as_normal/ckpt-last.pth
2023-09-17 22:11:30,276 - fewshot_scanobjectnn_linear_classification - INFO - [Training] EPOCH: 49 EpochTime = 1.253 (s) Losses = ['1.1799', '58.3333'] lr = 0.000380
2023-09-17 22:11:31,185 - fewshot_scanobjectnn_linear_classification - INFO - [Validation] EPOCH: 49  acc = 47.0000
2023-09-17 22:11:31,688 - fewshot_scanobjectnn_linear_classification - INFO - Save checkpoint at ./experiments/fewshot_scanobjectnn_linear_classification/cfgs/add_as_normal/ckpt-last.pth
2023-09-17 22:11:32,843 - fewshot_scanobjectnn_linear_classification - INFO - [Training] EPOCH: 50 EpochTime = 1.154 (s) Losses = ['1.2062', '52.0833'] lr = 0.000375
2023-09-17 22:11:33,898 - fewshot_scanobjectnn_linear_classification - INFO - [Validation] EPOCH: 50  acc = 46.0000
2023-09-17 22:11:34,745 - fewshot_scanobjectnn_linear_classification - INFO - Save checkpoint at ./experiments/fewshot_scanobjectnn_linear_classification/cfgs/add_as_normal/ckpt-last.pth
2023-09-17 22:11:35,893 - fewshot_scanobjectnn_linear_classification - INFO - [Training] EPOCH: 51 EpochTime = 1.146 (s) Losses = ['1.1539', '58.3333'] lr = 0.000371
2023-09-17 22:11:36,793 - fewshot_scanobjectnn_linear_classification - INFO - [Validation] EPOCH: 51  acc = 47.0000
2023-09-17 22:11:37,881 - fewshot_scanobjectnn_linear_classification - INFO - Save checkpoint at ./experiments/fewshot_scanobjectnn_linear_classification/cfgs/add_as_normal/ckpt-last.pth
2023-09-17 22:11:39,030 - fewshot_scanobjectnn_linear_classification - INFO - [Training] EPOCH: 52 EpochTime = 1.148 (s) Losses = ['1.1803', '59.3750'] lr = 0.000366
2023-09-17 22:11:39,987 - fewshot_scanobjectnn_linear_classification - INFO - [Validation] EPOCH: 52  acc = 47.0000
2023-09-17 22:11:40,818 - fewshot_scanobjectnn_linear_classification - INFO - Save checkpoint at ./experiments/fewshot_scanobjectnn_linear_classification/cfgs/add_as_normal/ckpt-last.pth
2023-09-17 22:11:42,047 - fewshot_scanobjectnn_linear_classification - INFO - [Training] EPOCH: 53 EpochTime = 1.228 (s) Losses = ['1.1668', '58.3333'] lr = 0.000361
2023-09-17 22:11:42,958 - fewshot_scanobjectnn_linear_classification - INFO - [Validation] EPOCH: 53  acc = 47.0000
2023-09-17 22:11:43,820 - fewshot_scanobjectnn_linear_classification - INFO - Save checkpoint at ./experiments/fewshot_scanobjectnn_linear_classification/cfgs/add_as_normal/ckpt-last.pth
2023-09-17 22:11:45,071 - fewshot_scanobjectnn_linear_classification - INFO - [Training] EPOCH: 54 EpochTime = 1.250 (s) Losses = ['1.1436', '56.2500'] lr = 0.000357
2023-09-17 22:11:45,987 - fewshot_scanobjectnn_linear_classification - INFO - [Validation] EPOCH: 54  acc = 48.0000
2023-09-17 22:11:46,459 - fewshot_scanobjectnn_linear_classification - INFO - Save checkpoint at ./experiments/fewshot_scanobjectnn_linear_classification/cfgs/add_as_normal/ckpt-last.pth
2023-09-17 22:11:47,604 - fewshot_scanobjectnn_linear_classification - INFO - [Training] EPOCH: 55 EpochTime = 1.143 (s) Losses = ['1.1562', '63.5417'] lr = 0.000352
2023-09-17 22:11:48,556 - fewshot_scanobjectnn_linear_classification - INFO - [Validation] EPOCH: 55  acc = 45.0000
2023-09-17 22:11:49,161 - fewshot_scanobjectnn_linear_classification - INFO - Save checkpoint at ./experiments/fewshot_scanobjectnn_linear_classification/cfgs/add_as_normal/ckpt-last.pth
2023-09-17 22:11:50,318 - fewshot_scanobjectnn_linear_classification - INFO - [Training] EPOCH: 56 EpochTime = 1.155 (s) Losses = ['1.1009', '64.5833'] lr = 0.000347
2023-09-17 22:11:51,230 - fewshot_scanobjectnn_linear_classification - INFO - [Validation] EPOCH: 56  acc = 47.0000
2023-09-17 22:11:51,898 - fewshot_scanobjectnn_linear_classification - INFO - Save checkpoint at ./experiments/fewshot_scanobjectnn_linear_classification/cfgs/add_as_normal/ckpt-last.pth
2023-09-17 22:11:53,081 - fewshot_scanobjectnn_linear_classification - INFO - [Training] EPOCH: 57 EpochTime = 1.182 (s) Losses = ['1.1781', '59.3750'] lr = 0.000342
2023-09-17 22:11:53,996 - fewshot_scanobjectnn_linear_classification - INFO - [Validation] EPOCH: 57  acc = 50.0000
2023-09-17 22:11:54,599 - fewshot_scanobjectnn_linear_classification - INFO - Save checkpoint at ./experiments/fewshot_scanobjectnn_linear_classification/cfgs/add_as_normal/ckpt-best.pth
2023-09-17 22:11:54,600 - fewshot_scanobjectnn_linear_classification - INFO - --------------------------------------------------------------------------------------------
2023-09-17 22:11:55,820 - fewshot_scanobjectnn_linear_classification - INFO - Save checkpoint at ./experiments/fewshot_scanobjectnn_linear_classification/cfgs/add_as_normal/ckpt-last.pth
2023-09-17 22:11:57,054 - fewshot_scanobjectnn_linear_classification - INFO - [Training] EPOCH: 58 EpochTime = 1.231 (s) Losses = ['1.1597', '60.4167'] lr = 0.000337
2023-09-17 22:11:57,962 - fewshot_scanobjectnn_linear_classification - INFO - [Validation] EPOCH: 58  acc = 48.0000
2023-09-17 22:11:58,520 - fewshot_scanobjectnn_linear_classification - INFO - Save checkpoint at ./experiments/fewshot_scanobjectnn_linear_classification/cfgs/add_as_normal/ckpt-last.pth
2023-09-17 22:11:59,684 - fewshot_scanobjectnn_linear_classification - INFO - [Training] EPOCH: 59 EpochTime = 1.162 (s) Losses = ['1.1062', '60.4167'] lr = 0.000333
2023-09-17 22:12:00,567 - fewshot_scanobjectnn_linear_classification - INFO - [Validation] EPOCH: 59  acc = 50.0000
2023-09-17 22:12:01,028 - fewshot_scanobjectnn_linear_classification - INFO - Save checkpoint at ./experiments/fewshot_scanobjectnn_linear_classification/cfgs/add_as_normal/ckpt-last.pth
2023-09-17 22:12:02,183 - fewshot_scanobjectnn_linear_classification - INFO - [Training] EPOCH: 60 EpochTime = 1.153 (s) Losses = ['1.1332', '60.4167'] lr = 0.000328
2023-09-17 22:12:03,102 - fewshot_scanobjectnn_linear_classification - INFO - [Validation] EPOCH: 60  acc = 50.0000
2023-09-17 22:12:03,894 - fewshot_scanobjectnn_linear_classification - INFO - Save checkpoint at ./experiments/fewshot_scanobjectnn_linear_classification/cfgs/add_as_normal/ckpt-last.pth
2023-09-17 22:12:05,062 - fewshot_scanobjectnn_linear_classification - INFO - [Training] EPOCH: 61 EpochTime = 1.167 (s) Losses = ['1.1109', '53.1250'] lr = 0.000323
2023-09-17 22:12:05,987 - fewshot_scanobjectnn_linear_classification - INFO - [Validation] EPOCH: 61  acc = 50.0000
2023-09-17 22:12:07,019 - fewshot_scanobjectnn_linear_classification - INFO - Save checkpoint at ./experiments/fewshot_scanobjectnn_linear_classification/cfgs/add_as_normal/ckpt-last.pth
2023-09-17 22:12:08,289 - fewshot_scanobjectnn_linear_classification - INFO - [Training] EPOCH: 62 EpochTime = 1.269 (s) Losses = ['1.1021', '59.3750'] lr = 0.000318
2023-09-17 22:12:09,230 - fewshot_scanobjectnn_linear_classification - INFO - [Validation] EPOCH: 62  acc = 48.0000
2023-09-17 22:12:09,906 - fewshot_scanobjectnn_linear_classification - INFO - Save checkpoint at ./experiments/fewshot_scanobjectnn_linear_classification/cfgs/add_as_normal/ckpt-last.pth
2023-09-17 22:12:11,125 - fewshot_scanobjectnn_linear_classification - INFO - [Training] EPOCH: 63 EpochTime = 1.218 (s) Losses = ['1.1015', '57.2917'] lr = 0.000313
2023-09-17 22:12:12,122 - fewshot_scanobjectnn_linear_classification - INFO - [Validation] EPOCH: 63  acc = 47.0000
2023-09-17 22:12:12,855 - fewshot_scanobjectnn_linear_classification - INFO - Save checkpoint at ./experiments/fewshot_scanobjectnn_linear_classification/cfgs/add_as_normal/ckpt-last.pth
2023-09-17 22:12:14,036 - fewshot_scanobjectnn_linear_classification - INFO - [Training] EPOCH: 64 EpochTime = 1.179 (s) Losses = ['1.0918', '61.4583'] lr = 0.000307
2023-09-17 22:12:14,952 - fewshot_scanobjectnn_linear_classification - INFO - [Validation] EPOCH: 64  acc = 50.0000
2023-09-17 22:12:15,795 - fewshot_scanobjectnn_linear_classification - INFO - Save checkpoint at ./experiments/fewshot_scanobjectnn_linear_classification/cfgs/add_as_normal/ckpt-last.pth
2023-09-17 22:12:16,958 - fewshot_scanobjectnn_linear_classification - INFO - [Training] EPOCH: 65 EpochTime = 1.161 (s) Losses = ['1.0961', '64.5833'] lr = 0.000302
2023-09-17 22:12:17,898 - fewshot_scanobjectnn_linear_classification - INFO - [Validation] EPOCH: 65  acc = 51.0000
2023-09-17 22:12:18,485 - fewshot_scanobjectnn_linear_classification - INFO - Save checkpoint at ./experiments/fewshot_scanobjectnn_linear_classification/cfgs/add_as_normal/ckpt-best.pth
2023-09-17 22:12:18,485 - fewshot_scanobjectnn_linear_classification - INFO - --------------------------------------------------------------------------------------------
2023-09-17 22:12:18,999 - fewshot_scanobjectnn_linear_classification - INFO - Save checkpoint at ./experiments/fewshot_scanobjectnn_linear_classification/cfgs/add_as_normal/ckpt-last.pth
2023-09-17 22:12:20,182 - fewshot_scanobjectnn_linear_classification - INFO - [Training] EPOCH: 66 EpochTime = 1.182 (s) Losses = ['1.1469', '56.2500'] lr = 0.000297
2023-09-17 22:12:21,051 - fewshot_scanobjectnn_linear_classification - INFO - [Validation] EPOCH: 66  acc = 50.0000
2023-09-17 22:12:21,539 - fewshot_scanobjectnn_linear_classification - INFO - Save checkpoint at ./experiments/fewshot_scanobjectnn_linear_classification/cfgs/add_as_normal/ckpt-last.pth
2023-09-17 22:12:22,746 - fewshot_scanobjectnn_linear_classification - INFO - [Training] EPOCH: 67 EpochTime = 1.206 (s) Losses = ['1.0576', '62.5000'] lr = 0.000292
2023-09-17 22:12:23,691 - fewshot_scanobjectnn_linear_classification - INFO - [Validation] EPOCH: 67  acc = 52.0000
2023-09-17 22:12:24,241 - fewshot_scanobjectnn_linear_classification - INFO - Save checkpoint at ./experiments/fewshot_scanobjectnn_linear_classification/cfgs/add_as_normal/ckpt-best.pth
2023-09-17 22:12:24,241 - fewshot_scanobjectnn_linear_classification - INFO - --------------------------------------------------------------------------------------------
2023-09-17 22:12:24,753 - fewshot_scanobjectnn_linear_classification - INFO - Save checkpoint at ./experiments/fewshot_scanobjectnn_linear_classification/cfgs/add_as_normal/ckpt-last.pth
2023-09-17 22:12:26,041 - fewshot_scanobjectnn_linear_classification - INFO - [Training] EPOCH: 68 EpochTime = 1.287 (s) Losses = ['1.0795', '57.2917'] lr = 0.000287
2023-09-17 22:12:26,939 - fewshot_scanobjectnn_linear_classification - INFO - [Validation] EPOCH: 68  acc = 50.0000
2023-09-17 22:12:27,635 - fewshot_scanobjectnn_linear_classification - INFO - Save checkpoint at ./experiments/fewshot_scanobjectnn_linear_classification/cfgs/add_as_normal/ckpt-last.pth
2023-09-17 22:12:28,866 - fewshot_scanobjectnn_linear_classification - INFO - [Training] EPOCH: 69 EpochTime = 1.230 (s) Losses = ['1.0875', '61.4583'] lr = 0.000282
2023-09-17 22:12:29,764 - fewshot_scanobjectnn_linear_classification - INFO - [Validation] EPOCH: 69  acc = 46.0000
2023-09-17 22:12:30,235 - fewshot_scanobjectnn_linear_classification - INFO - Save checkpoint at ./experiments/fewshot_scanobjectnn_linear_classification/cfgs/add_as_normal/ckpt-last.pth
2023-09-17 22:12:31,378 - fewshot_scanobjectnn_linear_classification - INFO - [Training] EPOCH: 70 EpochTime = 1.141 (s) Losses = ['1.0677', '63.5417'] lr = 0.000277
2023-09-17 22:12:32,297 - fewshot_scanobjectnn_linear_classification - INFO - [Validation] EPOCH: 70  acc = 46.0000
2023-09-17 22:12:33,007 - fewshot_scanobjectnn_linear_classification - INFO - Save checkpoint at ./experiments/fewshot_scanobjectnn_linear_classification/cfgs/add_as_normal/ckpt-last.pth
2023-09-17 22:12:34,218 - fewshot_scanobjectnn_linear_classification - INFO - [Training] EPOCH: 71 EpochTime = 1.210 (s) Losses = ['1.1371', '55.2083'] lr = 0.000271
2023-09-17 22:12:35,202 - fewshot_scanobjectnn_linear_classification - INFO - [Validation] EPOCH: 71  acc = 46.0000
2023-09-17 22:12:35,614 - fewshot_scanobjectnn_linear_classification - INFO - Save checkpoint at ./experiments/fewshot_scanobjectnn_linear_classification/cfgs/add_as_normal/ckpt-last.pth
2023-09-17 22:12:36,773 - fewshot_scanobjectnn_linear_classification - INFO - [Training] EPOCH: 72 EpochTime = 1.157 (s) Losses = ['1.0727', '66.6667'] lr = 0.000266
2023-09-17 22:12:37,710 - fewshot_scanobjectnn_linear_classification - INFO - [Validation] EPOCH: 72  acc = 46.0000
2023-09-17 22:12:38,246 - fewshot_scanobjectnn_linear_classification - INFO - Save checkpoint at ./experiments/fewshot_scanobjectnn_linear_classification/cfgs/add_as_normal/ckpt-last.pth
2023-09-17 22:12:39,427 - fewshot_scanobjectnn_linear_classification - INFO - [Training] EPOCH: 73 EpochTime = 1.179 (s) Losses = ['1.1166', '57.2917'] lr = 0.000261
2023-09-17 22:12:40,333 - fewshot_scanobjectnn_linear_classification - INFO - [Validation] EPOCH: 73  acc = 49.0000
2023-09-17 22:12:41,069 - fewshot_scanobjectnn_linear_classification - INFO - Save checkpoint at ./experiments/fewshot_scanobjectnn_linear_classification/cfgs/add_as_normal/ckpt-last.pth
2023-09-17 22:12:42,224 - fewshot_scanobjectnn_linear_classification - INFO - [Training] EPOCH: 74 EpochTime = 1.153 (s) Losses = ['1.1006', '60.4167'] lr = 0.000256
2023-09-17 22:12:43,121 - fewshot_scanobjectnn_linear_classification - INFO - [Validation] EPOCH: 74  acc = 49.0000
2023-09-17 22:12:43,754 - fewshot_scanobjectnn_linear_classification - INFO - Save checkpoint at ./experiments/fewshot_scanobjectnn_linear_classification/cfgs/add_as_normal/ckpt-last.pth
2023-09-17 22:12:44,931 - fewshot_scanobjectnn_linear_classification - INFO - [Training] EPOCH: 75 EpochTime = 1.176 (s) Losses = ['1.0509', '63.5417'] lr = 0.000251
2023-09-17 22:12:45,850 - fewshot_scanobjectnn_linear_classification - INFO - [Validation] EPOCH: 75  acc = 49.0000
2023-09-17 22:12:46,493 - fewshot_scanobjectnn_linear_classification - INFO - Save checkpoint at ./experiments/fewshot_scanobjectnn_linear_classification/cfgs/add_as_normal/ckpt-last.pth
2023-09-17 22:12:47,679 - fewshot_scanobjectnn_linear_classification - INFO - [Training] EPOCH: 76 EpochTime = 1.184 (s) Losses = ['0.9917', '63.5417'] lr = 0.000245
2023-09-17 22:12:48,604 - fewshot_scanobjectnn_linear_classification - INFO - [Validation] EPOCH: 76  acc = 49.0000
2023-09-17 22:12:49,104 - fewshot_scanobjectnn_linear_classification - INFO - Save checkpoint at ./experiments/fewshot_scanobjectnn_linear_classification/cfgs/add_as_normal/ckpt-last.pth
2023-09-17 22:12:50,282 - fewshot_scanobjectnn_linear_classification - INFO - [Training] EPOCH: 77 EpochTime = 1.177 (s) Losses = ['1.0704', '57.2917'] lr = 0.000240
2023-09-17 22:12:51,193 - fewshot_scanobjectnn_linear_classification - INFO - [Validation] EPOCH: 77  acc = 49.0000
2023-09-17 22:12:51,700 - fewshot_scanobjectnn_linear_classification - INFO - Save checkpoint at ./experiments/fewshot_scanobjectnn_linear_classification/cfgs/add_as_normal/ckpt-last.pth
2023-09-17 22:12:52,872 - fewshot_scanobjectnn_linear_classification - INFO - [Training] EPOCH: 78 EpochTime = 1.170 (s) Losses = ['1.0301', '69.7917'] lr = 0.000235
2023-09-17 22:12:53,791 - fewshot_scanobjectnn_linear_classification - INFO - [Validation] EPOCH: 78  acc = 49.0000
2023-09-17 22:12:54,295 - fewshot_scanobjectnn_linear_classification - INFO - Save checkpoint at ./experiments/fewshot_scanobjectnn_linear_classification/cfgs/add_as_normal/ckpt-last.pth
2023-09-17 22:12:55,463 - fewshot_scanobjectnn_linear_classification - INFO - [Training] EPOCH: 79 EpochTime = 1.166 (s) Losses = ['1.0741', '68.7500'] lr = 0.000230
2023-09-17 22:12:56,347 - fewshot_scanobjectnn_linear_classification - INFO - [Validation] EPOCH: 79  acc = 49.0000
2023-09-17 22:12:56,923 - fewshot_scanobjectnn_linear_classification - INFO - Save checkpoint at ./experiments/fewshot_scanobjectnn_linear_classification/cfgs/add_as_normal/ckpt-last.pth
2023-09-17 22:12:58,117 - fewshot_scanobjectnn_linear_classification - INFO - [Training] EPOCH: 80 EpochTime = 1.192 (s) Losses = ['1.0420', '63.5417'] lr = 0.000224
2023-09-17 22:12:59,036 - fewshot_scanobjectnn_linear_classification - INFO - [Validation] EPOCH: 80  acc = 50.0000
2023-09-17 22:12:59,574 - fewshot_scanobjectnn_linear_classification - INFO - Save checkpoint at ./experiments/fewshot_scanobjectnn_linear_classification/cfgs/add_as_normal/ckpt-last.pth
2023-09-17 22:13:00,767 - fewshot_scanobjectnn_linear_classification - INFO - [Training] EPOCH: 81 EpochTime = 1.192 (s) Losses = ['1.0343', '66.6667'] lr = 0.000219
2023-09-17 22:13:01,676 - fewshot_scanobjectnn_linear_classification - INFO - [Validation] EPOCH: 81  acc = 50.0000
2023-09-17 22:13:02,306 - fewshot_scanobjectnn_linear_classification - INFO - Save checkpoint at ./experiments/fewshot_scanobjectnn_linear_classification/cfgs/add_as_normal/ckpt-last.pth
2023-09-17 22:13:03,471 - fewshot_scanobjectnn_linear_classification - INFO - [Training] EPOCH: 82 EpochTime = 1.164 (s) Losses = ['1.0144', '65.6250'] lr = 0.000214
2023-09-17 22:13:04,372 - fewshot_scanobjectnn_linear_classification - INFO - [Validation] EPOCH: 82  acc = 50.0000
2023-09-17 22:13:05,110 - fewshot_scanobjectnn_linear_classification - INFO - Save checkpoint at ./experiments/fewshot_scanobjectnn_linear_classification/cfgs/add_as_normal/ckpt-last.pth
2023-09-17 22:13:06,329 - fewshot_scanobjectnn_linear_classification - INFO - [Training] EPOCH: 83 EpochTime = 1.216 (s) Losses = ['1.0321', '65.6250'] lr = 0.000209
2023-09-17 22:13:07,230 - fewshot_scanobjectnn_linear_classification - INFO - [Validation] EPOCH: 83  acc = 50.0000
2023-09-17 22:13:08,017 - fewshot_scanobjectnn_linear_classification - INFO - Save checkpoint at ./experiments/fewshot_scanobjectnn_linear_classification/cfgs/add_as_normal/ckpt-last.pth
2023-09-17 22:13:09,502 - fewshot_scanobjectnn_linear_classification - INFO - [Training] EPOCH: 84 EpochTime = 1.165 (s) Losses = ['0.9940', '68.7500'] lr = 0.000204
2023-09-17 22:13:10,436 - fewshot_scanobjectnn_linear_classification - INFO - [Validation] EPOCH: 84  acc = 51.0000
2023-09-17 22:13:11,067 - fewshot_scanobjectnn_linear_classification - INFO - Save checkpoint at ./experiments/fewshot_scanobjectnn_linear_classification/cfgs/add_as_normal/ckpt-last.pth
2023-09-17 22:13:12,253 - fewshot_scanobjectnn_linear_classification - INFO - [Training] EPOCH: 85 EpochTime = 1.184 (s) Losses = ['1.0517', '64.5833'] lr = 0.000199
2023-09-17 22:13:13,178 - fewshot_scanobjectnn_linear_classification - INFO - [Validation] EPOCH: 85  acc = 52.0000
2023-09-17 22:13:13,578 - fewshot_scanobjectnn_linear_classification - INFO - Save checkpoint at ./experiments/fewshot_scanobjectnn_linear_classification/cfgs/add_as_normal/ckpt-last.pth
2023-09-17 22:13:14,751 - fewshot_scanobjectnn_linear_classification - INFO - [Training] EPOCH: 86 EpochTime = 1.170 (s) Losses = ['1.0291', '63.5417'] lr = 0.000194
2023-09-17 22:13:15,679 - fewshot_scanobjectnn_linear_classification - INFO - [Validation] EPOCH: 86  acc = 53.0000
2023-09-17 22:13:16,315 - fewshot_scanobjectnn_linear_classification - INFO - Save checkpoint at ./experiments/fewshot_scanobjectnn_linear_classification/cfgs/add_as_normal/ckpt-best.pth
2023-09-17 22:13:16,316 - fewshot_scanobjectnn_linear_classification - INFO - --------------------------------------------------------------------------------------------
2023-09-17 22:13:17,073 - fewshot_scanobjectnn_linear_classification - INFO - Save checkpoint at ./experiments/fewshot_scanobjectnn_linear_classification/cfgs/add_as_normal/ckpt-last.pth
2023-09-17 22:13:18,282 - fewshot_scanobjectnn_linear_classification - INFO - [Training] EPOCH: 87 EpochTime = 1.207 (s) Losses = ['1.0717', '63.5417'] lr = 0.000188
2023-09-17 22:13:19,260 - fewshot_scanobjectnn_linear_classification - INFO - [Validation] EPOCH: 87  acc = 52.0000
2023-09-17 22:13:19,819 - fewshot_scanobjectnn_linear_classification - INFO - Save checkpoint at ./experiments/fewshot_scanobjectnn_linear_classification/cfgs/add_as_normal/ckpt-last.pth
2023-09-17 22:13:21,026 - fewshot_scanobjectnn_linear_classification - INFO - [Training] EPOCH: 88 EpochTime = 1.205 (s) Losses = ['1.0577', '65.6250'] lr = 0.000183
2023-09-17 22:13:21,944 - fewshot_scanobjectnn_linear_classification - INFO - [Validation] EPOCH: 88  acc = 49.0000
2023-09-17 22:13:22,475 - fewshot_scanobjectnn_linear_classification - INFO - Save checkpoint at ./experiments/fewshot_scanobjectnn_linear_classification/cfgs/add_as_normal/ckpt-last.pth
2023-09-17 22:13:23,632 - fewshot_scanobjectnn_linear_classification - INFO - [Training] EPOCH: 89 EpochTime = 1.156 (s) Losses = ['1.1350', '59.3750'] lr = 0.000178
2023-09-17 22:13:24,591 - fewshot_scanobjectnn_linear_classification - INFO - [Validation] EPOCH: 89  acc = 50.0000
2023-09-17 22:13:25,201 - fewshot_scanobjectnn_linear_classification - INFO - Save checkpoint at ./experiments/fewshot_scanobjectnn_linear_classification/cfgs/add_as_normal/ckpt-last.pth
2023-09-17 22:13:26,366 - fewshot_scanobjectnn_linear_classification - INFO - [Training] EPOCH: 90 EpochTime = 1.164 (s) Losses = ['1.0900', '59.3750'] lr = 0.000173
2023-09-17 22:13:27,281 - fewshot_scanobjectnn_linear_classification - INFO - [Validation] EPOCH: 90  acc = 49.0000
2023-09-17 22:13:27,725 - fewshot_scanobjectnn_linear_classification - INFO - Save checkpoint at ./experiments/fewshot_scanobjectnn_linear_classification/cfgs/add_as_normal/ckpt-last.pth
2023-09-17 22:13:28,931 - fewshot_scanobjectnn_linear_classification - INFO - [Training] EPOCH: 91 EpochTime = 1.203 (s) Losses = ['1.0541', '65.6250'] lr = 0.000168
2023-09-17 22:13:29,828 - fewshot_scanobjectnn_linear_classification - INFO - [Validation] EPOCH: 91  acc = 49.0000
2023-09-17 22:13:30,307 - fewshot_scanobjectnn_linear_classification - INFO - Save checkpoint at ./experiments/fewshot_scanobjectnn_linear_classification/cfgs/add_as_normal/ckpt-last.pth
2023-09-17 22:13:31,494 - fewshot_scanobjectnn_linear_classification - INFO - [Training] EPOCH: 92 EpochTime = 1.185 (s) Losses = ['1.0170', '68.7500'] lr = 0.000164
2023-09-17 22:13:32,426 - fewshot_scanobjectnn_linear_classification - INFO - [Validation] EPOCH: 92  acc = 50.0000
2023-09-17 22:13:33,204 - fewshot_scanobjectnn_linear_classification - INFO - Save checkpoint at ./experiments/fewshot_scanobjectnn_linear_classification/cfgs/add_as_normal/ckpt-last.pth
2023-09-17 22:13:34,336 - fewshot_scanobjectnn_linear_classification - INFO - [Training] EPOCH: 93 EpochTime = 1.131 (s) Losses = ['1.0322', '64.5833'] lr = 0.000159
2023-09-17 22:13:35,232 - fewshot_scanobjectnn_linear_classification - INFO - [Validation] EPOCH: 93  acc = 53.0000
2023-09-17 22:13:35,775 - fewshot_scanobjectnn_linear_classification - INFO - Save checkpoint at ./experiments/fewshot_scanobjectnn_linear_classification/cfgs/add_as_normal/ckpt-last.pth
2023-09-17 22:13:36,966 - fewshot_scanobjectnn_linear_classification - INFO - [Training] EPOCH: 94 EpochTime = 1.189 (s) Losses = ['1.0490', '66.6667'] lr = 0.000154
2023-09-17 22:13:37,864 - fewshot_scanobjectnn_linear_classification - INFO - [Validation] EPOCH: 94  acc = 52.0000
2023-09-17 22:13:38,351 - fewshot_scanobjectnn_linear_classification - INFO - Save checkpoint at ./experiments/fewshot_scanobjectnn_linear_classification/cfgs/add_as_normal/ckpt-last.pth
2023-09-17 22:13:39,506 - fewshot_scanobjectnn_linear_classification - INFO - [Training] EPOCH: 95 EpochTime = 1.153 (s) Losses = ['0.9830', '68.7500'] lr = 0.000149
2023-09-17 22:13:40,398 - fewshot_scanobjectnn_linear_classification - INFO - [Validation] EPOCH: 95  acc = 52.0000
2023-09-17 22:13:40,894 - fewshot_scanobjectnn_linear_classification - INFO - Save checkpoint at ./experiments/fewshot_scanobjectnn_linear_classification/cfgs/add_as_normal/ckpt-last.pth
2023-09-17 22:13:42,040 - fewshot_scanobjectnn_linear_classification - INFO - [Training] EPOCH: 96 EpochTime = 1.144 (s) Losses = ['1.0211', '66.6667'] lr = 0.000144
2023-09-17 22:13:42,933 - fewshot_scanobjectnn_linear_classification - INFO - [Validation] EPOCH: 96  acc = 52.0000
2023-09-17 22:13:43,387 - fewshot_scanobjectnn_linear_classification - INFO - Save checkpoint at ./experiments/fewshot_scanobjectnn_linear_classification/cfgs/add_as_normal/ckpt-last.pth
2023-09-17 22:13:44,611 - fewshot_scanobjectnn_linear_classification - INFO - [Training] EPOCH: 97 EpochTime = 1.222 (s) Losses = ['0.9716', '69.7917'] lr = 0.000140
2023-09-17 22:13:45,520 - fewshot_scanobjectnn_linear_classification - INFO - [Validation] EPOCH: 97  acc = 51.0000
2023-09-17 22:13:45,972 - fewshot_scanobjectnn_linear_classification - INFO - Save checkpoint at ./experiments/fewshot_scanobjectnn_linear_classification/cfgs/add_as_normal/ckpt-last.pth
2023-09-17 22:13:47,150 - fewshot_scanobjectnn_linear_classification - INFO - [Training] EPOCH: 98 EpochTime = 1.177 (s) Losses = ['0.9997', '64.5833'] lr = 0.000135
2023-09-17 22:13:48,055 - fewshot_scanobjectnn_linear_classification - INFO - [Validation] EPOCH: 98  acc = 52.0000
2023-09-17 22:13:48,735 - fewshot_scanobjectnn_linear_classification - INFO - Save checkpoint at ./experiments/fewshot_scanobjectnn_linear_classification/cfgs/add_as_normal/ckpt-last.pth
2023-09-17 22:13:49,892 - fewshot_scanobjectnn_linear_classification - INFO - [Training] EPOCH: 99 EpochTime = 1.156 (s) Losses = ['1.0174', '68.7500'] lr = 0.000130
2023-09-17 22:13:50,813 - fewshot_scanobjectnn_linear_classification - INFO - [Validation] EPOCH: 99  acc = 52.0000
2023-09-17 22:13:51,430 - fewshot_scanobjectnn_linear_classification - INFO - Save checkpoint at ./experiments/fewshot_scanobjectnn_linear_classification/cfgs/add_as_normal/ckpt-last.pth
2023-09-17 22:13:52,582 - fewshot_scanobjectnn_linear_classification - INFO - [Training] EPOCH: 100 EpochTime = 1.151 (s) Losses = ['1.0335', '62.5000'] lr = 0.000126
2023-09-17 22:13:53,470 - fewshot_scanobjectnn_linear_classification - INFO - [Validation] EPOCH: 100  acc = 52.0000
2023-09-17 22:13:53,897 - fewshot_scanobjectnn_linear_classification - INFO - Save checkpoint at ./experiments/fewshot_scanobjectnn_linear_classification/cfgs/add_as_normal/ckpt-last.pth
2023-09-17 22:13:55,099 - fewshot_scanobjectnn_linear_classification - INFO - [Training] EPOCH: 101 EpochTime = 1.201 (s) Losses = ['1.0184', '62.5000'] lr = 0.000121
2023-09-17 22:13:56,002 - fewshot_scanobjectnn_linear_classification - INFO - [Validation] EPOCH: 101  acc = 51.0000
2023-09-17 22:13:56,640 - fewshot_scanobjectnn_linear_classification - INFO - Save checkpoint at ./experiments/fewshot_scanobjectnn_linear_classification/cfgs/add_as_normal/ckpt-last.pth
2023-09-17 22:13:57,861 - fewshot_scanobjectnn_linear_classification - INFO - [Training] EPOCH: 102 EpochTime = 1.220 (s) Losses = ['1.0325', '60.4167'] lr = 0.000117
2023-09-17 22:13:58,785 - fewshot_scanobjectnn_linear_classification - INFO - [Validation] EPOCH: 102  acc = 52.0000
2023-09-17 22:13:59,342 - fewshot_scanobjectnn_linear_classification - INFO - Save checkpoint at ./experiments/fewshot_scanobjectnn_linear_classification/cfgs/add_as_normal/ckpt-last.pth
2023-09-17 22:14:00,539 - fewshot_scanobjectnn_linear_classification - INFO - [Training] EPOCH: 103 EpochTime = 1.195 (s) Losses = ['1.0160', '63.5417'] lr = 0.000112
2023-09-17 22:14:01,495 - fewshot_scanobjectnn_linear_classification - INFO - [Validation] EPOCH: 103  acc = 49.0000
2023-09-17 22:14:01,948 - fewshot_scanobjectnn_linear_classification - INFO - Save checkpoint at ./experiments/fewshot_scanobjectnn_linear_classification/cfgs/add_as_normal/ckpt-last.pth
2023-09-17 22:14:03,291 - fewshot_scanobjectnn_linear_classification - INFO - [Training] EPOCH: 104 EpochTime = 1.342 (s) Losses = ['1.0003', '64.5833'] lr = 0.000108
2023-09-17 22:14:04,270 - fewshot_scanobjectnn_linear_classification - INFO - [Validation] EPOCH: 104  acc = 50.0000
2023-09-17 22:14:04,761 - fewshot_scanobjectnn_linear_classification - INFO - Save checkpoint at ./experiments/fewshot_scanobjectnn_linear_classification/cfgs/add_as_normal/ckpt-last.pth
2023-09-17 22:14:06,019 - fewshot_scanobjectnn_linear_classification - INFO - [Training] EPOCH: 105 EpochTime = 1.257 (s) Losses = ['1.0548', '56.2500'] lr = 0.000104
2023-09-17 22:14:06,902 - fewshot_scanobjectnn_linear_classification - INFO - [Validation] EPOCH: 105  acc = 51.0000
2023-09-17 22:14:07,828 - fewshot_scanobjectnn_linear_classification - INFO - Save checkpoint at ./experiments/fewshot_scanobjectnn_linear_classification/cfgs/add_as_normal/ckpt-last.pth
2023-09-17 22:14:09,007 - fewshot_scanobjectnn_linear_classification - INFO - [Training] EPOCH: 106 EpochTime = 1.177 (s) Losses = ['0.9585', '67.7083'] lr = 0.000100
2023-09-17 22:14:09,917 - fewshot_scanobjectnn_linear_classification - INFO - [Validation] EPOCH: 106  acc = 51.0000
2023-09-17 22:14:10,475 - fewshot_scanobjectnn_linear_classification - INFO - Save checkpoint at ./experiments/fewshot_scanobjectnn_linear_classification/cfgs/add_as_normal/ckpt-last.pth
2023-09-17 22:14:11,623 - fewshot_scanobjectnn_linear_classification - INFO - [Training] EPOCH: 107 EpochTime = 1.146 (s) Losses = ['1.0080', '66.6667'] lr = 0.000096
2023-09-17 22:14:12,492 - fewshot_scanobjectnn_linear_classification - INFO - [Validation] EPOCH: 107  acc = 52.0000
2023-09-17 22:14:13,125 - fewshot_scanobjectnn_linear_classification - INFO - Save checkpoint at ./experiments/fewshot_scanobjectnn_linear_classification/cfgs/add_as_normal/ckpt-last.pth
2023-09-17 22:14:14,284 - fewshot_scanobjectnn_linear_classification - INFO - [Training] EPOCH: 108 EpochTime = 1.157 (s) Losses = ['1.0023', '69.7917'] lr = 0.000091
2023-09-17 22:14:15,158 - fewshot_scanobjectnn_linear_classification - INFO - [Validation] EPOCH: 108  acc = 55.0000
2023-09-17 22:14:15,799 - fewshot_scanobjectnn_linear_classification - INFO - Save checkpoint at ./experiments/fewshot_scanobjectnn_linear_classification/cfgs/add_as_normal/ckpt-best.pth
2023-09-17 22:14:15,799 - fewshot_scanobjectnn_linear_classification - INFO - --------------------------------------------------------------------------------------------
2023-09-17 22:14:16,513 - fewshot_scanobjectnn_linear_classification - INFO - Save checkpoint at ./experiments/fewshot_scanobjectnn_linear_classification/cfgs/add_as_normal/ckpt-last.pth
2023-09-17 22:14:17,690 - fewshot_scanobjectnn_linear_classification - INFO - [Training] EPOCH: 109 EpochTime = 1.175 (s) Losses = ['0.9827', '70.8333'] lr = 0.000087
2023-09-17 22:14:18,569 - fewshot_scanobjectnn_linear_classification - INFO - [Validation] EPOCH: 109  acc = 53.0000
2023-09-17 22:14:19,095 - fewshot_scanobjectnn_linear_classification - INFO - Save checkpoint at ./experiments/fewshot_scanobjectnn_linear_classification/cfgs/add_as_normal/ckpt-last.pth
2023-09-17 22:14:20,274 - fewshot_scanobjectnn_linear_classification - INFO - [Training] EPOCH: 110 EpochTime = 1.178 (s) Losses = ['1.0321', '62.5000'] lr = 0.000084
2023-09-17 22:14:21,227 - fewshot_scanobjectnn_linear_classification - INFO - [Validation] EPOCH: 110  acc = 53.0000
2023-09-17 22:14:21,719 - fewshot_scanobjectnn_linear_classification - INFO - Save checkpoint at ./experiments/fewshot_scanobjectnn_linear_classification/cfgs/add_as_normal/ckpt-last.pth
2023-09-17 22:14:22,998 - fewshot_scanobjectnn_linear_classification - INFO - [Training] EPOCH: 111 EpochTime = 1.277 (s) Losses = ['1.0071', '71.8750'] lr = 0.000080
2023-09-17 22:14:23,922 - fewshot_scanobjectnn_linear_classification - INFO - [Validation] EPOCH: 111  acc = 53.0000
2023-09-17 22:14:24,327 - fewshot_scanobjectnn_linear_classification - INFO - Save checkpoint at ./experiments/fewshot_scanobjectnn_linear_classification/cfgs/add_as_normal/ckpt-last.pth
2023-09-17 22:14:25,508 - fewshot_scanobjectnn_linear_classification - INFO - [Training] EPOCH: 112 EpochTime = 1.179 (s) Losses = ['0.9585', '68.7500'] lr = 0.000076
2023-09-17 22:14:26,379 - fewshot_scanobjectnn_linear_classification - INFO - [Validation] EPOCH: 112  acc = 52.0000
2023-09-17 22:14:26,823 - fewshot_scanobjectnn_linear_classification - INFO - Save checkpoint at ./experiments/fewshot_scanobjectnn_linear_classification/cfgs/add_as_normal/ckpt-last.pth
2023-09-17 22:14:27,972 - fewshot_scanobjectnn_linear_classification - INFO - [Training] EPOCH: 113 EpochTime = 1.147 (s) Losses = ['1.0159', '63.5417'] lr = 0.000072
2023-09-17 22:14:28,955 - fewshot_scanobjectnn_linear_classification - INFO - [Validation] EPOCH: 113  acc = 52.0000
2023-09-17 22:14:29,569 - fewshot_scanobjectnn_linear_classification - INFO - Save checkpoint at ./experiments/fewshot_scanobjectnn_linear_classification/cfgs/add_as_normal/ckpt-last.pth
2023-09-17 22:14:30,800 - fewshot_scanobjectnn_linear_classification - INFO - [Training] EPOCH: 114 EpochTime = 1.229 (s) Losses = ['0.9642', '67.7083'] lr = 0.000069
2023-09-17 22:14:31,717 - fewshot_scanobjectnn_linear_classification - INFO - [Validation] EPOCH: 114  acc = 52.0000
2023-09-17 22:14:32,377 - fewshot_scanobjectnn_linear_classification - INFO - Save checkpoint at ./experiments/fewshot_scanobjectnn_linear_classification/cfgs/add_as_normal/ckpt-last.pth
2023-09-17 22:14:33,535 - fewshot_scanobjectnn_linear_classification - INFO - [Training] EPOCH: 115 EpochTime = 1.157 (s) Losses = ['0.9823', '65.6250'] lr = 0.000065
2023-09-17 22:14:34,438 - fewshot_scanobjectnn_linear_classification - INFO - [Validation] EPOCH: 115  acc = 52.0000
2023-09-17 22:14:35,395 - fewshot_scanobjectnn_linear_classification - INFO - Save checkpoint at ./experiments/fewshot_scanobjectnn_linear_classification/cfgs/add_as_normal/ckpt-last.pth
2023-09-17 22:14:36,529 - fewshot_scanobjectnn_linear_classification - INFO - [Training] EPOCH: 116 EpochTime = 1.133 (s) Losses = ['1.0072', '61.4583'] lr = 0.000062
2023-09-17 22:14:37,414 - fewshot_scanobjectnn_linear_classification - INFO - [Validation] EPOCH: 116  acc = 51.0000
2023-09-17 22:14:38,087 - fewshot_scanobjectnn_linear_classification - INFO - Save checkpoint at ./experiments/fewshot_scanobjectnn_linear_classification/cfgs/add_as_normal/ckpt-last.pth
2023-09-17 22:14:39,250 - fewshot_scanobjectnn_linear_classification - INFO - [Training] EPOCH: 117 EpochTime = 1.162 (s) Losses = ['1.0440', '60.4167'] lr = 0.000058
2023-09-17 22:14:40,151 - fewshot_scanobjectnn_linear_classification - INFO - [Validation] EPOCH: 117  acc = 51.0000
2023-09-17 22:14:40,684 - fewshot_scanobjectnn_linear_classification - INFO - Save checkpoint at ./experiments/fewshot_scanobjectnn_linear_classification/cfgs/add_as_normal/ckpt-last.pth
2023-09-17 22:14:41,822 - fewshot_scanobjectnn_linear_classification - INFO - [Training] EPOCH: 118 EpochTime = 1.136 (s) Losses = ['0.9884', '62.5000'] lr = 0.000055
2023-09-17 22:14:42,772 - fewshot_scanobjectnn_linear_classification - INFO - [Validation] EPOCH: 118  acc = 51.0000
2023-09-17 22:14:43,440 - fewshot_scanobjectnn_linear_classification - INFO - Save checkpoint at ./experiments/fewshot_scanobjectnn_linear_classification/cfgs/add_as_normal/ckpt-last.pth
2023-09-17 22:14:44,594 - fewshot_scanobjectnn_linear_classification - INFO - [Training] EPOCH: 119 EpochTime = 1.152 (s) Losses = ['1.0007', '66.6667'] lr = 0.000052
2023-09-17 22:14:45,583 - fewshot_scanobjectnn_linear_classification - INFO - [Validation] EPOCH: 119  acc = 50.0000
2023-09-17 22:14:46,309 - fewshot_scanobjectnn_linear_classification - INFO - Save checkpoint at ./experiments/fewshot_scanobjectnn_linear_classification/cfgs/add_as_normal/ckpt-last.pth
2023-09-17 22:14:47,455 - fewshot_scanobjectnn_linear_classification - INFO - [Training] EPOCH: 120 EpochTime = 1.144 (s) Losses = ['0.9518', '71.8750'] lr = 0.000049
2023-09-17 22:14:48,342 - fewshot_scanobjectnn_linear_classification - INFO - [Validation] EPOCH: 120  acc = 51.0000
2023-09-17 22:14:48,813 - fewshot_scanobjectnn_linear_classification - INFO - Save checkpoint at ./experiments/fewshot_scanobjectnn_linear_classification/cfgs/add_as_normal/ckpt-last.pth
2023-09-17 22:14:49,949 - fewshot_scanobjectnn_linear_classification - INFO - [Training] EPOCH: 121 EpochTime = 1.135 (s) Losses = ['1.0124', '66.6667'] lr = 0.000046
2023-09-17 22:14:50,836 - fewshot_scanobjectnn_linear_classification - INFO - [Validation] EPOCH: 121  acc = 51.0000
2023-09-17 22:14:51,321 - fewshot_scanobjectnn_linear_classification - INFO - Save checkpoint at ./experiments/fewshot_scanobjectnn_linear_classification/cfgs/add_as_normal/ckpt-last.pth
2023-09-17 22:14:52,474 - fewshot_scanobjectnn_linear_classification - INFO - [Training] EPOCH: 122 EpochTime = 1.151 (s) Losses = ['0.9803', '65.6250'] lr = 0.000043
2023-09-17 22:14:53,355 - fewshot_scanobjectnn_linear_classification - INFO - [Validation] EPOCH: 122  acc = 51.0000
2023-09-17 22:14:54,200 - fewshot_scanobjectnn_linear_classification - INFO - Save checkpoint at ./experiments/fewshot_scanobjectnn_linear_classification/cfgs/add_as_normal/ckpt-last.pth
2023-09-17 22:14:55,406 - fewshot_scanobjectnn_linear_classification - INFO - [Training] EPOCH: 123 EpochTime = 1.204 (s) Losses = ['0.9436', '70.8333'] lr = 0.000040
2023-09-17 22:14:56,397 - fewshot_scanobjectnn_linear_classification - INFO - [Validation] EPOCH: 123  acc = 51.0000
2023-09-17 22:14:57,118 - fewshot_scanobjectnn_linear_classification - INFO - Save checkpoint at ./experiments/fewshot_scanobjectnn_linear_classification/cfgs/add_as_normal/ckpt-last.pth
2023-09-17 22:14:58,275 - fewshot_scanobjectnn_linear_classification - INFO - [Training] EPOCH: 124 EpochTime = 1.156 (s) Losses = ['0.9957', '65.6250'] lr = 0.000037
2023-09-17 22:14:59,227 - fewshot_scanobjectnn_linear_classification - INFO - [Validation] EPOCH: 124  acc = 51.0000
2023-09-17 22:14:59,717 - fewshot_scanobjectnn_linear_classification - INFO - Save checkpoint at ./experiments/fewshot_scanobjectnn_linear_classification/cfgs/add_as_normal/ckpt-last.pth
2023-09-17 22:15:00,851 - fewshot_scanobjectnn_linear_classification - INFO - [Training] EPOCH: 125 EpochTime = 1.133 (s) Losses = ['0.9741', '65.6250'] lr = 0.000034
2023-09-17 22:15:01,867 - fewshot_scanobjectnn_linear_classification - INFO - [Validation] EPOCH: 125  acc = 52.0000
2023-09-17 22:15:02,643 - fewshot_scanobjectnn_linear_classification - INFO - Save checkpoint at ./experiments/fewshot_scanobjectnn_linear_classification/cfgs/add_as_normal/ckpt-last.pth
2023-09-17 22:15:03,860 - fewshot_scanobjectnn_linear_classification - INFO - [Training] EPOCH: 126 EpochTime = 1.215 (s) Losses = ['1.0083', '66.6667'] lr = 0.000032
2023-09-17 22:15:04,782 - fewshot_scanobjectnn_linear_classification - INFO - [Validation] EPOCH: 126  acc = 52.0000
2023-09-17 22:15:05,237 - fewshot_scanobjectnn_linear_classification - INFO - Save checkpoint at ./experiments/fewshot_scanobjectnn_linear_classification/cfgs/add_as_normal/ckpt-last.pth
2023-09-17 22:15:06,433 - fewshot_scanobjectnn_linear_classification - INFO - [Training] EPOCH: 127 EpochTime = 1.193 (s) Losses = ['1.0400', '60.4167'] lr = 0.000029
2023-09-17 22:15:07,320 - fewshot_scanobjectnn_linear_classification - INFO - [Validation] EPOCH: 127  acc = 52.0000
2023-09-17 22:15:08,400 - fewshot_scanobjectnn_linear_classification - INFO - Save checkpoint at ./experiments/fewshot_scanobjectnn_linear_classification/cfgs/add_as_normal/ckpt-last.pth
2023-09-17 22:15:09,533 - fewshot_scanobjectnn_linear_classification - INFO - [Training] EPOCH: 128 EpochTime = 1.131 (s) Losses = ['0.9889', '68.7500'] lr = 0.000027
2023-09-17 22:15:10,406 - fewshot_scanobjectnn_linear_classification - INFO - [Validation] EPOCH: 128  acc = 51.0000
2023-09-17 22:15:11,241 - fewshot_scanobjectnn_linear_classification - INFO - Save checkpoint at ./experiments/fewshot_scanobjectnn_linear_classification/cfgs/add_as_normal/ckpt-last.pth
2023-09-17 22:15:12,440 - fewshot_scanobjectnn_linear_classification - INFO - [Training] EPOCH: 129 EpochTime = 1.198 (s) Losses = ['1.0199', '59.3750'] lr = 0.000025
2023-09-17 22:15:13,467 - fewshot_scanobjectnn_linear_classification - INFO - [Validation] EPOCH: 129  acc = 51.0000
2023-09-17 22:15:14,107 - fewshot_scanobjectnn_linear_classification - INFO - Save checkpoint at ./experiments/fewshot_scanobjectnn_linear_classification/cfgs/add_as_normal/ckpt-last.pth
2023-09-17 22:15:15,260 - fewshot_scanobjectnn_linear_classification - INFO - [Training] EPOCH: 130 EpochTime = 1.151 (s) Losses = ['1.0197', '65.6250'] lr = 0.000023
2023-09-17 22:15:16,193 - fewshot_scanobjectnn_linear_classification - INFO - [Validation] EPOCH: 130  acc = 51.0000
2023-09-17 22:15:16,752 - fewshot_scanobjectnn_linear_classification - INFO - Save checkpoint at ./experiments/fewshot_scanobjectnn_linear_classification/cfgs/add_as_normal/ckpt-last.pth
2023-09-17 22:15:17,957 - fewshot_scanobjectnn_linear_classification - INFO - [Training] EPOCH: 131 EpochTime = 1.204 (s) Losses = ['0.9830', '68.7500'] lr = 0.000020
2023-09-17 22:15:18,932 - fewshot_scanobjectnn_linear_classification - INFO - [Validation] EPOCH: 131  acc = 51.0000
2023-09-17 22:15:19,477 - fewshot_scanobjectnn_linear_classification - INFO - Save checkpoint at ./experiments/fewshot_scanobjectnn_linear_classification/cfgs/add_as_normal/ckpt-last.pth
2023-09-17 22:15:20,620 - fewshot_scanobjectnn_linear_classification - INFO - [Training] EPOCH: 132 EpochTime = 1.141 (s) Losses = ['0.9885', '70.8333'] lr = 0.000019
2023-09-17 22:15:21,517 - fewshot_scanobjectnn_linear_classification - INFO - [Validation] EPOCH: 132  acc = 51.0000
2023-09-17 22:15:22,332 - fewshot_scanobjectnn_linear_classification - INFO - Save checkpoint at ./experiments/fewshot_scanobjectnn_linear_classification/cfgs/add_as_normal/ckpt-last.pth
2023-09-17 22:15:23,555 - fewshot_scanobjectnn_linear_classification - INFO - [Training] EPOCH: 133 EpochTime = 1.221 (s) Losses = ['0.9661', '66.6667'] lr = 0.000017
2023-09-17 22:15:24,505 - fewshot_scanobjectnn_linear_classification - INFO - [Validation] EPOCH: 133  acc = 51.0000
2023-09-17 22:15:25,046 - fewshot_scanobjectnn_linear_classification - INFO - Save checkpoint at ./experiments/fewshot_scanobjectnn_linear_classification/cfgs/add_as_normal/ckpt-last.pth
2023-09-17 22:15:26,196 - fewshot_scanobjectnn_linear_classification - INFO - [Training] EPOCH: 134 EpochTime = 1.148 (s) Losses = ['1.0370', '63.5417'] lr = 0.000015
2023-09-17 22:15:27,103 - fewshot_scanobjectnn_linear_classification - INFO - [Validation] EPOCH: 134  acc = 51.0000
2023-09-17 22:15:27,875 - fewshot_scanobjectnn_linear_classification - INFO - Save checkpoint at ./experiments/fewshot_scanobjectnn_linear_classification/cfgs/add_as_normal/ckpt-last.pth
2023-09-17 22:15:29,133 - fewshot_scanobjectnn_linear_classification - INFO - [Training] EPOCH: 135 EpochTime = 1.255 (s) Losses = ['0.9713', '68.7500'] lr = 0.000013
2023-09-17 22:15:30,030 - fewshot_scanobjectnn_linear_classification - INFO - [Validation] EPOCH: 135  acc = 51.0000
2023-09-17 22:15:31,052 - fewshot_scanobjectnn_linear_classification - INFO - Save checkpoint at ./experiments/fewshot_scanobjectnn_linear_classification/cfgs/add_as_normal/ckpt-last.pth
2023-09-17 22:15:32,188 - fewshot_scanobjectnn_linear_classification - INFO - [Training] EPOCH: 136 EpochTime = 1.135 (s) Losses = ['1.0148', '61.4583'] lr = 0.000012
2023-09-17 22:15:33,137 - fewshot_scanobjectnn_linear_classification - INFO - [Validation] EPOCH: 136  acc = 51.0000
2023-09-17 22:15:33,629 - fewshot_scanobjectnn_linear_classification - INFO - Save checkpoint at ./experiments/fewshot_scanobjectnn_linear_classification/cfgs/add_as_normal/ckpt-last.pth
2023-09-17 22:15:34,807 - fewshot_scanobjectnn_linear_classification - INFO - [Training] EPOCH: 137 EpochTime = 1.177 (s) Losses = ['0.9909', '72.9167'] lr = 0.000010
2023-09-17 22:15:35,684 - fewshot_scanobjectnn_linear_classification - INFO - [Validation] EPOCH: 137  acc = 51.0000
2023-09-17 22:15:36,184 - fewshot_scanobjectnn_linear_classification - INFO - Save checkpoint at ./experiments/fewshot_scanobjectnn_linear_classification/cfgs/add_as_normal/ckpt-last.pth
2023-09-17 22:15:37,331 - fewshot_scanobjectnn_linear_classification - INFO - [Training] EPOCH: 138 EpochTime = 1.145 (s) Losses = ['1.0265', '66.6667'] lr = 0.000009
2023-09-17 22:15:38,200 - fewshot_scanobjectnn_linear_classification - INFO - [Validation] EPOCH: 138  acc = 51.0000
2023-09-17 22:15:38,923 - fewshot_scanobjectnn_linear_classification - INFO - Save checkpoint at ./experiments/fewshot_scanobjectnn_linear_classification/cfgs/add_as_normal/ckpt-last.pth
2023-09-17 22:15:40,162 - fewshot_scanobjectnn_linear_classification - INFO - [Training] EPOCH: 139 EpochTime = 1.238 (s) Losses = ['1.0294', '65.6250'] lr = 0.000008
2023-09-17 22:15:41,097 - fewshot_scanobjectnn_linear_classification - INFO - [Validation] EPOCH: 139  acc = 51.0000
2023-09-17 22:15:41,878 - fewshot_scanobjectnn_linear_classification - INFO - Save checkpoint at ./experiments/fewshot_scanobjectnn_linear_classification/cfgs/add_as_normal/ckpt-last.pth
2023-09-17 22:15:43,034 - fewshot_scanobjectnn_linear_classification - INFO - [Training] EPOCH: 140 EpochTime = 1.154 (s) Losses = ['1.0007', '71.8750'] lr = 0.000006
2023-09-17 22:15:44,081 - fewshot_scanobjectnn_linear_classification - INFO - [Validation] EPOCH: 140  acc = 51.0000
2023-09-17 22:15:44,696 - fewshot_scanobjectnn_linear_classification - INFO - Save checkpoint at ./experiments/fewshot_scanobjectnn_linear_classification/cfgs/add_as_normal/ckpt-last.pth
2023-09-17 22:15:45,848 - fewshot_scanobjectnn_linear_classification - INFO - [Training] EPOCH: 141 EpochTime = 1.151 (s) Losses = ['1.0368', '61.4583'] lr = 0.000005
2023-09-17 22:15:46,820 - fewshot_scanobjectnn_linear_classification - INFO - [Validation] EPOCH: 141  acc = 51.0000
2023-09-17 22:15:47,423 - fewshot_scanobjectnn_linear_classification - INFO - Save checkpoint at ./experiments/fewshot_scanobjectnn_linear_classification/cfgs/add_as_normal/ckpt-last.pth
2023-09-17 22:15:48,633 - fewshot_scanobjectnn_linear_classification - INFO - Save checkpoint at ./experiments/fewshot_scanobjectnn_linear_classification/cfgs/add_as_normal/ckpt-epoch-141.pth
2023-09-17 22:15:49,891 - fewshot_scanobjectnn_linear_classification - INFO - [Training] EPOCH: 142 EpochTime = 1.256 (s) Losses = ['0.9661', '68.7500'] lr = 0.000004
2023-09-17 22:15:50,819 - fewshot_scanobjectnn_linear_classification - INFO - [Validation] EPOCH: 142  acc = 51.0000
2023-09-17 22:15:51,274 - fewshot_scanobjectnn_linear_classification - INFO - Save checkpoint at ./experiments/fewshot_scanobjectnn_linear_classification/cfgs/add_as_normal/ckpt-last.pth
2023-09-17 22:15:51,896 - fewshot_scanobjectnn_linear_classification - INFO - Save checkpoint at ./experiments/fewshot_scanobjectnn_linear_classification/cfgs/add_as_normal/ckpt-epoch-142.pth
2023-09-17 22:15:53,102 - fewshot_scanobjectnn_linear_classification - INFO - [Training] EPOCH: 143 EpochTime = 1.204 (s) Losses = ['0.9831', '66.6667'] lr = 0.000004
2023-09-17 22:15:54,091 - fewshot_scanobjectnn_linear_classification - INFO - [Validation] EPOCH: 143  acc = 51.0000
2023-09-17 22:15:54,740 - fewshot_scanobjectnn_linear_classification - INFO - Save checkpoint at ./experiments/fewshot_scanobjectnn_linear_classification/cfgs/add_as_normal/ckpt-last.pth
2023-09-17 22:15:55,203 - fewshot_scanobjectnn_linear_classification - INFO - Save checkpoint at ./experiments/fewshot_scanobjectnn_linear_classification/cfgs/add_as_normal/ckpt-epoch-143.pth
2023-09-17 22:15:56,424 - fewshot_scanobjectnn_linear_classification - INFO - [Training] EPOCH: 144 EpochTime = 1.219 (s) Losses = ['0.9825', '66.6667'] lr = 0.000003
2023-09-17 22:15:57,329 - fewshot_scanobjectnn_linear_classification - INFO - [Validation] EPOCH: 144  acc = 51.0000
2023-09-17 22:15:57,833 - fewshot_scanobjectnn_linear_classification - INFO - Save checkpoint at ./experiments/fewshot_scanobjectnn_linear_classification/cfgs/add_as_normal/ckpt-last.pth
2023-09-17 22:15:58,673 - fewshot_scanobjectnn_linear_classification - INFO - Save checkpoint at ./experiments/fewshot_scanobjectnn_linear_classification/cfgs/add_as_normal/ckpt-epoch-144.pth
2023-09-17 22:15:59,836 - fewshot_scanobjectnn_linear_classification - INFO - [Training] EPOCH: 145 EpochTime = 1.162 (s) Losses = ['0.9204', '75.0000'] lr = 0.000002
2023-09-17 22:16:00,744 - fewshot_scanobjectnn_linear_classification - INFO - [Validation] EPOCH: 145  acc = 51.0000
2023-09-17 22:16:01,198 - fewshot_scanobjectnn_linear_classification - INFO - Save checkpoint at ./experiments/fewshot_scanobjectnn_linear_classification/cfgs/add_as_normal/ckpt-last.pth
2023-09-17 22:16:01,664 - fewshot_scanobjectnn_linear_classification - INFO - Save checkpoint at ./experiments/fewshot_scanobjectnn_linear_classification/cfgs/add_as_normal/ckpt-epoch-145.pth
2023-09-17 22:16:02,832 - fewshot_scanobjectnn_linear_classification - INFO - [Training] EPOCH: 146 EpochTime = 1.166 (s) Losses = ['0.9520', '70.8333'] lr = 0.000002
2023-09-17 22:16:03,785 - fewshot_scanobjectnn_linear_classification - INFO - [Validation] EPOCH: 146  acc = 51.0000
2023-09-17 22:16:04,389 - fewshot_scanobjectnn_linear_classification - INFO - Save checkpoint at ./experiments/fewshot_scanobjectnn_linear_classification/cfgs/add_as_normal/ckpt-last.pth
2023-09-17 22:16:05,337 - fewshot_scanobjectnn_linear_classification - INFO - Save checkpoint at ./experiments/fewshot_scanobjectnn_linear_classification/cfgs/add_as_normal/ckpt-epoch-146.pth
2023-09-17 22:16:06,512 - fewshot_scanobjectnn_linear_classification - INFO - [Training] EPOCH: 147 EpochTime = 1.174 (s) Losses = ['0.9298', '75.0000'] lr = 0.000001
2023-09-17 22:16:07,501 - fewshot_scanobjectnn_linear_classification - INFO - [Validation] EPOCH: 147  acc = 51.0000
2023-09-17 22:16:08,092 - fewshot_scanobjectnn_linear_classification - INFO - Save checkpoint at ./experiments/fewshot_scanobjectnn_linear_classification/cfgs/add_as_normal/ckpt-last.pth
2023-09-17 22:16:09,572 - fewshot_scanobjectnn_linear_classification - INFO - Save checkpoint at ./experiments/fewshot_scanobjectnn_linear_classification/cfgs/add_as_normal/ckpt-epoch-147.pth
2023-09-17 22:16:10,750 - fewshot_scanobjectnn_linear_classification - INFO - [Training] EPOCH: 148 EpochTime = 1.177 (s) Losses = ['0.9705', '68.7500'] lr = 0.000001
2023-09-17 22:16:11,666 - fewshot_scanobjectnn_linear_classification - INFO - [Validation] EPOCH: 148  acc = 51.0000
2023-09-17 22:16:12,121 - fewshot_scanobjectnn_linear_classification - INFO - Save checkpoint at ./experiments/fewshot_scanobjectnn_linear_classification/cfgs/add_as_normal/ckpt-last.pth
2023-09-17 22:16:12,705 - fewshot_scanobjectnn_linear_classification - INFO - Save checkpoint at ./experiments/fewshot_scanobjectnn_linear_classification/cfgs/add_as_normal/ckpt-epoch-148.pth
2023-09-17 22:16:13,848 - fewshot_scanobjectnn_linear_classification - INFO - [Training] EPOCH: 149 EpochTime = 1.141 (s) Losses = ['0.9969', '63.5417'] lr = 0.000001
2023-09-17 22:16:14,730 - fewshot_scanobjectnn_linear_classification - INFO - [Validation] EPOCH: 149  acc = 51.0000
2023-09-17 22:16:15,372 - fewshot_scanobjectnn_linear_classification - INFO - Save checkpoint at ./experiments/fewshot_scanobjectnn_linear_classification/cfgs/add_as_normal/ckpt-last.pth
2023-09-17 22:16:15,784 - fewshot_scanobjectnn_linear_classification - INFO - Save checkpoint at ./experiments/fewshot_scanobjectnn_linear_classification/cfgs/add_as_normal/ckpt-epoch-149.pth
2023-09-17 22:16:17,052 - fewshot_scanobjectnn_linear_classification - INFO - [Training] EPOCH: 150 EpochTime = 1.267 (s) Losses = ['1.0026', '70.8333'] lr = 0.000001
2023-09-17 22:16:17,956 - fewshot_scanobjectnn_linear_classification - INFO - [Validation] EPOCH: 150  acc = 51.0000
2023-09-17 22:16:18,514 - fewshot_scanobjectnn_linear_classification - INFO - Save checkpoint at ./experiments/fewshot_scanobjectnn_linear_classification/cfgs/add_as_normal/ckpt-last.pth
2023-09-17 22:16:19,321 - fewshot_scanobjectnn_linear_classification - INFO - Save checkpoint at ./experiments/fewshot_scanobjectnn_linear_classification/cfgs/add_as_normal/ckpt-epoch-150.pth
