2023-11-06 18:34:10,951 - fewshot_scanobjectnn_transferring_features - INFO - Copy the Config file from cfgs/fewshot_scanobjectnn_transferring_features.yaml to ./experiments/fewshot_scanobjectnn_transferring_features/cfgs/lr0.00062/config.yaml
2023-11-06 18:34:10,951 - fewshot_scanobjectnn_transferring_features - INFO - args.config : cfgs/fewshot_scanobjectnn_transferring_features.yaml
2023-11-06 18:34:10,951 - fewshot_scanobjectnn_transferring_features - INFO - args.launcher : none
2023-11-06 18:34:10,951 - fewshot_scanobjectnn_transferring_features - INFO - args.local_rank : 0
2023-11-06 18:34:10,951 - fewshot_scanobjectnn_transferring_features - INFO - args.num_workers : 8
2023-11-06 18:34:10,951 - fewshot_scanobjectnn_transferring_features - INFO - args.seed : 0
2023-11-06 18:34:10,951 - fewshot_scanobjectnn_transferring_features - INFO - args.deterministic : False
2023-11-06 18:34:10,951 - fewshot_scanobjectnn_transferring_features - INFO - args.sync_bn : True
2023-11-06 18:34:10,952 - fewshot_scanobjectnn_transferring_features - INFO - args.large_group : 5
2023-11-06 18:34:10,952 - fewshot_scanobjectnn_transferring_features - INFO - args.small_group : 10
2023-11-06 18:34:10,952 - fewshot_scanobjectnn_transferring_features - INFO - args.large_patch : 6
2023-11-06 18:34:10,952 - fewshot_scanobjectnn_transferring_features - INFO - args.small_patch : 3
2023-11-06 18:34:10,952 - fewshot_scanobjectnn_transferring_features - INFO - args.queue_length : 8192
2023-11-06 18:34:10,952 - fewshot_scanobjectnn_transferring_features - INFO - args.epoch_queue_starts : 10
2023-11-06 18:34:10,952 - fewshot_scanobjectnn_transferring_features - INFO - args.nmb_crops : 26
2023-11-06 18:34:10,952 - fewshot_scanobjectnn_transferring_features - INFO - args.fea_dim : 384
2023-11-06 18:34:10,952 - fewshot_scanobjectnn_transferring_features - INFO - args.hidden_mlp : 256
2023-11-06 18:34:10,952 - fewshot_scanobjectnn_transferring_features - INFO - args.output_dim : 128
2023-11-06 18:34:10,952 - fewshot_scanobjectnn_transferring_features - INFO - args.nmb_prototypes : 200
2023-11-06 18:34:10,952 - fewshot_scanobjectnn_transferring_features - INFO - args.temperature : 0.1
2023-11-06 18:34:10,952 - fewshot_scanobjectnn_transferring_features - INFO - args.epsilon : 0.05
2023-11-06 18:34:10,952 - fewshot_scanobjectnn_transferring_features - INFO - args.sinkhorn_iterations : 3
2023-11-06 18:34:10,952 - fewshot_scanobjectnn_transferring_features - INFO - args.world_size : 1
2023-11-06 18:34:10,952 - fewshot_scanobjectnn_transferring_features - INFO - args.exp_name : lr0.00062
2023-11-06 18:34:10,952 - fewshot_scanobjectnn_transferring_features - INFO - args.loss : cd1
2023-11-06 18:34:10,952 - fewshot_scanobjectnn_transferring_features - INFO - args.start_ckpts : None
2023-11-06 18:34:10,952 - fewshot_scanobjectnn_transferring_features - INFO - args.ckpts : ./experiments/pretrain_MaskSurf/cfgs/add_as_normal/ckpt-last.pth
2023-11-06 18:34:10,953 - fewshot_scanobjectnn_transferring_features - INFO - args.val_freq : 1
2023-11-06 18:34:10,953 - fewshot_scanobjectnn_transferring_features - INFO - args.vote : False
2023-11-06 18:34:10,953 - fewshot_scanobjectnn_transferring_features - INFO - args.resume : False
2023-11-06 18:34:10,953 - fewshot_scanobjectnn_transferring_features - INFO - args.test : False
2023-11-06 18:34:10,953 - fewshot_scanobjectnn_transferring_features - INFO - args.finetune_model : True
2023-11-06 18:34:10,953 - fewshot_scanobjectnn_transferring_features - INFO - args.scratch_model : False
2023-11-06 18:34:10,953 - fewshot_scanobjectnn_transferring_features - INFO - args.mode : None
2023-11-06 18:34:10,953 - fewshot_scanobjectnn_transferring_features - INFO - args.way : 5
2023-11-06 18:34:10,953 - fewshot_scanobjectnn_transferring_features - INFO - args.shot : 20
2023-11-06 18:34:10,953 - fewshot_scanobjectnn_transferring_features - INFO - args.fold : 3
2023-11-06 18:34:10,953 - fewshot_scanobjectnn_transferring_features - INFO - args.experiment_path : ./experiments/fewshot_scanobjectnn_transferring_features/cfgs/lr0.00062
2023-11-06 18:34:10,953 - fewshot_scanobjectnn_transferring_features - INFO - args.tfboard_path : ./experiments/fewshot_scanobjectnn_transferring_features/cfgs/TFBoard/lr0.00062
2023-11-06 18:34:10,953 - fewshot_scanobjectnn_transferring_features - INFO - args.log_name : fewshot_scanobjectnn_transferring_features
2023-11-06 18:34:10,953 - fewshot_scanobjectnn_transferring_features - INFO - args.use_gpu : True
2023-11-06 18:34:10,953 - fewshot_scanobjectnn_transferring_features - INFO - args.distributed : False
2023-11-06 18:34:10,953 - fewshot_scanobjectnn_transferring_features - INFO - config.optimizer = edict()
2023-11-06 18:34:10,953 - fewshot_scanobjectnn_transferring_features - INFO - config.optimizer.type : AdamW
2023-11-06 18:34:10,953 - fewshot_scanobjectnn_transferring_features - INFO - config.optimizer.part : all
2023-11-06 18:34:10,953 - fewshot_scanobjectnn_transferring_features - INFO - config.optimizer.kwargs = edict()
2023-11-06 18:34:10,954 - fewshot_scanobjectnn_transferring_features - INFO - config.optimizer.kwargs.lr : 0.00062
2023-11-06 18:34:10,954 - fewshot_scanobjectnn_transferring_features - INFO - config.optimizer.kwargs.weight_decay : 0.05
2023-11-06 18:34:10,954 - fewshot_scanobjectnn_transferring_features - INFO - config.scheduler = edict()
2023-11-06 18:34:10,954 - fewshot_scanobjectnn_transferring_features - INFO - config.scheduler.type : CosLR
2023-11-06 18:34:10,954 - fewshot_scanobjectnn_transferring_features - INFO - config.scheduler.kwargs = edict()
2023-11-06 18:34:10,954 - fewshot_scanobjectnn_transferring_features - INFO - config.scheduler.kwargs.epochs : 150
2023-11-06 18:34:10,954 - fewshot_scanobjectnn_transferring_features - INFO - config.scheduler.kwargs.initial_epochs : 10
2023-11-06 18:34:10,954 - fewshot_scanobjectnn_transferring_features - INFO - config.dataset = edict()
2023-11-06 18:34:10,954 - fewshot_scanobjectnn_transferring_features - INFO - config.dataset.train = edict()
2023-11-06 18:34:10,954 - fewshot_scanobjectnn_transferring_features - INFO - config.dataset.train._base_ = edict()
2023-11-06 18:34:10,954 - fewshot_scanobjectnn_transferring_features - INFO - config.dataset.train._base_.NAME : ModelNetFewShot
2023-11-06 18:34:10,954 - fewshot_scanobjectnn_transferring_features - INFO - config.dataset.train._base_.DATA_PATH : data/ScanObjectNN_hardest_fewshot
2023-11-06 18:34:10,954 - fewshot_scanobjectnn_transferring_features - INFO - config.dataset.train._base_.N_POINTS : 2048
2023-11-06 18:34:10,954 - fewshot_scanobjectnn_transferring_features - INFO - config.dataset.train._base_.NUM_CATEGORY : 15
2023-11-06 18:34:10,954 - fewshot_scanobjectnn_transferring_features - INFO - config.dataset.train._base_.USE_NORMALS : False
2023-11-06 18:34:10,954 - fewshot_scanobjectnn_transferring_features - INFO - config.dataset.train.others = edict()
2023-11-06 18:34:10,954 - fewshot_scanobjectnn_transferring_features - INFO - config.dataset.train.others.subset : train
2023-11-06 18:34:10,954 - fewshot_scanobjectnn_transferring_features - INFO - config.dataset.train.others.bs : 32
2023-11-06 18:34:10,955 - fewshot_scanobjectnn_transferring_features - INFO - config.dataset.val = edict()
2023-11-06 18:34:10,955 - fewshot_scanobjectnn_transferring_features - INFO - config.dataset.val._base_ = edict()
2023-11-06 18:34:10,955 - fewshot_scanobjectnn_transferring_features - INFO - config.dataset.val._base_.NAME : ModelNetFewShot
2023-11-06 18:34:10,955 - fewshot_scanobjectnn_transferring_features - INFO - config.dataset.val._base_.DATA_PATH : data/ScanObjectNN_hardest_fewshot
2023-11-06 18:34:10,955 - fewshot_scanobjectnn_transferring_features - INFO - config.dataset.val._base_.N_POINTS : 2048
2023-11-06 18:34:10,955 - fewshot_scanobjectnn_transferring_features - INFO - config.dataset.val._base_.NUM_CATEGORY : 15
2023-11-06 18:34:10,955 - fewshot_scanobjectnn_transferring_features - INFO - config.dataset.val._base_.USE_NORMALS : False
2023-11-06 18:34:10,955 - fewshot_scanobjectnn_transferring_features - INFO - config.dataset.val.others = edict()
2023-11-06 18:34:10,955 - fewshot_scanobjectnn_transferring_features - INFO - config.dataset.val.others.subset : test
2023-11-06 18:34:10,955 - fewshot_scanobjectnn_transferring_features - INFO - config.dataset.val.others.bs : 64
2023-11-06 18:34:10,955 - fewshot_scanobjectnn_transferring_features - INFO - config.dataset.test = edict()
2023-11-06 18:34:10,955 - fewshot_scanobjectnn_transferring_features - INFO - config.dataset.test._base_ = edict()
2023-11-06 18:34:10,955 - fewshot_scanobjectnn_transferring_features - INFO - config.dataset.test._base_.NAME : ScanObjectNN_hardest
2023-11-06 18:34:10,955 - fewshot_scanobjectnn_transferring_features - INFO - config.dataset.test._base_.ROOT : data/ScanObjectNN/main_split
2023-11-06 18:34:10,955 - fewshot_scanobjectnn_transferring_features - INFO - config.dataset.test.others = edict()
2023-11-06 18:34:10,955 - fewshot_scanobjectnn_transferring_features - INFO - config.dataset.test.others.subset : test
2023-11-06 18:34:10,955 - fewshot_scanobjectnn_transferring_features - INFO - config.dataset.test.others.bs : 32
2023-11-06 18:34:10,956 - fewshot_scanobjectnn_transferring_features - INFO - config.model = edict()
2023-11-06 18:34:10,956 - fewshot_scanobjectnn_transferring_features - INFO - config.model.NAME : PointTransformer
2023-11-06 18:34:10,956 - fewshot_scanobjectnn_transferring_features - INFO - config.model.trans_dim : 384
2023-11-06 18:34:10,956 - fewshot_scanobjectnn_transferring_features - INFO - config.model.depth : 12
2023-11-06 18:34:10,956 - fewshot_scanobjectnn_transferring_features - INFO - config.model.drop_path_rate : 0.1
2023-11-06 18:34:10,956 - fewshot_scanobjectnn_transferring_features - INFO - config.model.cls_dim : 40
2023-11-06 18:34:10,956 - fewshot_scanobjectnn_transferring_features - INFO - config.model.num_heads : 6
2023-11-06 18:34:10,956 - fewshot_scanobjectnn_transferring_features - INFO - config.model.group_size : 32
2023-11-06 18:34:10,956 - fewshot_scanobjectnn_transferring_features - INFO - config.model.num_group : 64
2023-11-06 18:34:10,956 - fewshot_scanobjectnn_transferring_features - INFO - config.model.encoder_dims : 384
2023-11-06 18:34:10,956 - fewshot_scanobjectnn_transferring_features - INFO - config.npoints : 1024
2023-11-06 18:34:10,956 - fewshot_scanobjectnn_transferring_features - INFO - config.total_bs : 32
2023-11-06 18:34:10,956 - fewshot_scanobjectnn_transferring_features - INFO - config.step_per_update : 1
2023-11-06 18:34:10,956 - fewshot_scanobjectnn_transferring_features - INFO - config.max_epoch : 150
2023-11-06 18:34:10,956 - fewshot_scanobjectnn_transferring_features - INFO - config.grad_norm_clip : 10
2023-11-06 18:34:10,956 - fewshot_scanobjectnn_transferring_features - INFO - Distributed training: False
2023-11-06 18:34:10,956 - fewshot_scanobjectnn_transferring_features - INFO - Set random seed to 0, deterministic: False
2023-11-06 18:34:13,317 - fewshot_scanobjectnn_transferring_features - INFO - Using Data parallel ...
2023-11-06 18:34:19,339 - fewshot_scanobjectnn_transferring_features - INFO - [Training] EPOCH: 0 EpochTime = 6.016 (s) Losses = ['3.7460', '1.0417'] lr = 0.000001
2023-11-06 18:34:22,109 - fewshot_scanobjectnn_transferring_features - INFO - Save checkpoint at ./experiments/fewshot_scanobjectnn_transferring_features/cfgs/lr0.00062/ckpt-last.pth
2023-11-06 18:34:24,016 - fewshot_scanobjectnn_transferring_features - INFO - [Training] EPOCH: 1 EpochTime = 1.905 (s) Losses = ['3.7103', '2.0833'] lr = 0.000063
2023-11-06 18:34:25,893 - fewshot_scanobjectnn_transferring_features - INFO - [Validation] EPOCH: 1  acc = 0.0000
2023-11-06 18:34:27,808 - fewshot_scanobjectnn_transferring_features - INFO - Save checkpoint at ./experiments/fewshot_scanobjectnn_transferring_features/cfgs/lr0.00062/ckpt-last.pth
2023-11-06 18:34:29,008 - fewshot_scanobjectnn_transferring_features - INFO - [Training] EPOCH: 2 EpochTime = 1.199 (s) Losses = ['3.7255', '4.1667'] lr = 0.000125
2023-11-06 18:34:30,297 - fewshot_scanobjectnn_transferring_features - INFO - [Validation] EPOCH: 2  acc = 0.0000
2023-11-06 18:34:32,276 - fewshot_scanobjectnn_transferring_features - INFO - Save checkpoint at ./experiments/fewshot_scanobjectnn_transferring_features/cfgs/lr0.00062/ckpt-last.pth
2023-11-06 18:34:33,523 - fewshot_scanobjectnn_transferring_features - INFO - [Training] EPOCH: 3 EpochTime = 1.244 (s) Losses = ['3.6117', '5.2083'] lr = 0.000187
2023-11-06 18:34:34,678 - fewshot_scanobjectnn_transferring_features - INFO - [Validation] EPOCH: 3  acc = 0.0000
2023-11-06 18:34:36,444 - fewshot_scanobjectnn_transferring_features - INFO - Save checkpoint at ./experiments/fewshot_scanobjectnn_transferring_features/cfgs/lr0.00062/ckpt-last.pth
2023-11-06 18:34:37,657 - fewshot_scanobjectnn_transferring_features - INFO - [Training] EPOCH: 4 EpochTime = 1.211 (s) Losses = ['3.4916', '10.4167'] lr = 0.000249
2023-11-06 18:34:38,806 - fewshot_scanobjectnn_transferring_features - INFO - [Validation] EPOCH: 4  acc = 7.0000
2023-11-06 18:34:40,498 - fewshot_scanobjectnn_transferring_features - INFO - Save checkpoint at ./experiments/fewshot_scanobjectnn_transferring_features/cfgs/lr0.00062/ckpt-best.pth
2023-11-06 18:34:40,498 - fewshot_scanobjectnn_transferring_features - INFO - --------------------------------------------------------------------------------------------
2023-11-06 18:34:42,200 - fewshot_scanobjectnn_transferring_features - INFO - Save checkpoint at ./experiments/fewshot_scanobjectnn_transferring_features/cfgs/lr0.00062/ckpt-last.pth
2023-11-06 18:34:43,585 - fewshot_scanobjectnn_transferring_features - INFO - [Training] EPOCH: 5 EpochTime = 1.383 (s) Losses = ['3.4125', '5.2083'] lr = 0.000311
2023-11-06 18:34:44,449 - fewshot_scanobjectnn_transferring_features - INFO - [Validation] EPOCH: 5  acc = 14.0000
2023-11-06 18:34:46,015 - fewshot_scanobjectnn_transferring_features - INFO - Save checkpoint at ./experiments/fewshot_scanobjectnn_transferring_features/cfgs/lr0.00062/ckpt-best.pth
2023-11-06 18:34:46,016 - fewshot_scanobjectnn_transferring_features - INFO - --------------------------------------------------------------------------------------------
2023-11-06 18:34:47,786 - fewshot_scanobjectnn_transferring_features - INFO - Save checkpoint at ./experiments/fewshot_scanobjectnn_transferring_features/cfgs/lr0.00062/ckpt-last.pth
2023-11-06 18:34:48,922 - fewshot_scanobjectnn_transferring_features - INFO - [Training] EPOCH: 6 EpochTime = 1.134 (s) Losses = ['3.1461', '26.0417'] lr = 0.000372
2023-11-06 18:34:50,022 - fewshot_scanobjectnn_transferring_features - INFO - [Validation] EPOCH: 6  acc = 29.0000
2023-11-06 18:34:51,640 - fewshot_scanobjectnn_transferring_features - INFO - Save checkpoint at ./experiments/fewshot_scanobjectnn_transferring_features/cfgs/lr0.00062/ckpt-best.pth
2023-11-06 18:34:51,641 - fewshot_scanobjectnn_transferring_features - INFO - --------------------------------------------------------------------------------------------
2023-11-06 18:34:54,284 - fewshot_scanobjectnn_transferring_features - INFO - Save checkpoint at ./experiments/fewshot_scanobjectnn_transferring_features/cfgs/lr0.00062/ckpt-last.pth
2023-11-06 18:34:56,275 - fewshot_scanobjectnn_transferring_features - INFO - [Training] EPOCH: 7 EpochTime = 1.987 (s) Losses = ['2.9067', '32.2917'] lr = 0.000434
2023-11-06 18:34:57,286 - fewshot_scanobjectnn_transferring_features - INFO - [Validation] EPOCH: 7  acc = 49.0000
2023-11-06 18:35:00,360 - fewshot_scanobjectnn_transferring_features - INFO - Save checkpoint at ./experiments/fewshot_scanobjectnn_transferring_features/cfgs/lr0.00062/ckpt-best.pth
2023-11-06 18:35:00,360 - fewshot_scanobjectnn_transferring_features - INFO - --------------------------------------------------------------------------------------------
2023-11-06 18:35:02,760 - fewshot_scanobjectnn_transferring_features - INFO - Save checkpoint at ./experiments/fewshot_scanobjectnn_transferring_features/cfgs/lr0.00062/ckpt-last.pth
2023-11-06 18:35:04,699 - fewshot_scanobjectnn_transferring_features - INFO - [Training] EPOCH: 8 EpochTime = 1.937 (s) Losses = ['2.5674', '51.0417'] lr = 0.000496
2023-11-06 18:35:05,614 - fewshot_scanobjectnn_transferring_features - INFO - [Validation] EPOCH: 8  acc = 54.0000
2023-11-06 18:35:07,656 - fewshot_scanobjectnn_transferring_features - INFO - Save checkpoint at ./experiments/fewshot_scanobjectnn_transferring_features/cfgs/lr0.00062/ckpt-best.pth
2023-11-06 18:35:07,656 - fewshot_scanobjectnn_transferring_features - INFO - --------------------------------------------------------------------------------------------
2023-11-06 18:35:10,679 - fewshot_scanobjectnn_transferring_features - INFO - Save checkpoint at ./experiments/fewshot_scanobjectnn_transferring_features/cfgs/lr0.00062/ckpt-last.pth
2023-11-06 18:35:12,448 - fewshot_scanobjectnn_transferring_features - INFO - [Training] EPOCH: 9 EpochTime = 1.766 (s) Losses = ['2.2965', '58.3333'] lr = 0.000558
2023-11-06 18:35:13,832 - fewshot_scanobjectnn_transferring_features - INFO - [Validation] EPOCH: 9  acc = 59.0000
2023-11-06 18:35:16,212 - fewshot_scanobjectnn_transferring_features - INFO - Save checkpoint at ./experiments/fewshot_scanobjectnn_transferring_features/cfgs/lr0.00062/ckpt-best.pth
2023-11-06 18:35:16,213 - fewshot_scanobjectnn_transferring_features - INFO - --------------------------------------------------------------------------------------------
2023-11-06 18:35:17,819 - fewshot_scanobjectnn_transferring_features - INFO - Save checkpoint at ./experiments/fewshot_scanobjectnn_transferring_features/cfgs/lr0.00062/ckpt-last.pth
2023-11-06 18:35:19,070 - fewshot_scanobjectnn_transferring_features - INFO - [Training] EPOCH: 10 EpochTime = 1.249 (s) Losses = ['2.0335', '63.5417'] lr = 0.000613
2023-11-06 18:35:20,343 - fewshot_scanobjectnn_transferring_features - INFO - [Validation] EPOCH: 10  acc = 61.0000
2023-11-06 18:35:22,061 - fewshot_scanobjectnn_transferring_features - INFO - Save checkpoint at ./experiments/fewshot_scanobjectnn_transferring_features/cfgs/lr0.00062/ckpt-best.pth
2023-11-06 18:35:22,061 - fewshot_scanobjectnn_transferring_features - INFO - --------------------------------------------------------------------------------------------
2023-11-06 18:35:23,767 - fewshot_scanobjectnn_transferring_features - INFO - Save checkpoint at ./experiments/fewshot_scanobjectnn_transferring_features/cfgs/lr0.00062/ckpt-last.pth
2023-11-06 18:35:25,126 - fewshot_scanobjectnn_transferring_features - INFO - [Training] EPOCH: 11 EpochTime = 1.357 (s) Losses = ['1.7082', '72.9167'] lr = 0.000612
2023-11-06 18:35:26,035 - fewshot_scanobjectnn_transferring_features - INFO - [Validation] EPOCH: 11  acc = 62.0000
2023-11-06 18:35:27,785 - fewshot_scanobjectnn_transferring_features - INFO - Save checkpoint at ./experiments/fewshot_scanobjectnn_transferring_features/cfgs/lr0.00062/ckpt-best.pth
2023-11-06 18:35:27,785 - fewshot_scanobjectnn_transferring_features - INFO - --------------------------------------------------------------------------------------------
2023-11-06 18:35:29,444 - fewshot_scanobjectnn_transferring_features - INFO - Save checkpoint at ./experiments/fewshot_scanobjectnn_transferring_features/cfgs/lr0.00062/ckpt-last.pth
2023-11-06 18:35:30,667 - fewshot_scanobjectnn_transferring_features - INFO - [Training] EPOCH: 12 EpochTime = 1.221 (s) Losses = ['1.4099', '76.0417'] lr = 0.000610
2023-11-06 18:35:31,818 - fewshot_scanobjectnn_transferring_features - INFO - [Validation] EPOCH: 12  acc = 67.0000
2023-11-06 18:35:33,520 - fewshot_scanobjectnn_transferring_features - INFO - Save checkpoint at ./experiments/fewshot_scanobjectnn_transferring_features/cfgs/lr0.00062/ckpt-best.pth
2023-11-06 18:35:33,520 - fewshot_scanobjectnn_transferring_features - INFO - --------------------------------------------------------------------------------------------
2023-11-06 18:35:35,327 - fewshot_scanobjectnn_transferring_features - INFO - Save checkpoint at ./experiments/fewshot_scanobjectnn_transferring_features/cfgs/lr0.00062/ckpt-last.pth
2023-11-06 18:35:36,890 - fewshot_scanobjectnn_transferring_features - INFO - [Training] EPOCH: 13 EpochTime = 1.562 (s) Losses = ['1.1798', '81.2500'] lr = 0.000609
2023-11-06 18:35:37,779 - fewshot_scanobjectnn_transferring_features - INFO - [Validation] EPOCH: 13  acc = 69.0000
2023-11-06 18:35:39,552 - fewshot_scanobjectnn_transferring_features - INFO - Save checkpoint at ./experiments/fewshot_scanobjectnn_transferring_features/cfgs/lr0.00062/ckpt-best.pth
2023-11-06 18:35:39,553 - fewshot_scanobjectnn_transferring_features - INFO - --------------------------------------------------------------------------------------------
2023-11-06 18:35:41,371 - fewshot_scanobjectnn_transferring_features - INFO - Save checkpoint at ./experiments/fewshot_scanobjectnn_transferring_features/cfgs/lr0.00062/ckpt-last.pth
2023-11-06 18:35:43,208 - fewshot_scanobjectnn_transferring_features - INFO - [Training] EPOCH: 14 EpochTime = 1.836 (s) Losses = ['1.0441', '81.2500'] lr = 0.000607
2023-11-06 18:35:44,250 - fewshot_scanobjectnn_transferring_features - INFO - [Validation] EPOCH: 14  acc = 70.0000
2023-11-06 18:35:45,816 - fewshot_scanobjectnn_transferring_features - INFO - Save checkpoint at ./experiments/fewshot_scanobjectnn_transferring_features/cfgs/lr0.00062/ckpt-best.pth
2023-11-06 18:35:45,816 - fewshot_scanobjectnn_transferring_features - INFO - --------------------------------------------------------------------------------------------
2023-11-06 18:35:48,055 - fewshot_scanobjectnn_transferring_features - INFO - Save checkpoint at ./experiments/fewshot_scanobjectnn_transferring_features/cfgs/lr0.00062/ckpt-last.pth
2023-11-06 18:35:50,091 - fewshot_scanobjectnn_transferring_features - INFO - [Training] EPOCH: 15 EpochTime = 2.035 (s) Losses = ['0.8891', '87.5000'] lr = 0.000605
2023-11-06 18:35:50,991 - fewshot_scanobjectnn_transferring_features - INFO - [Validation] EPOCH: 15  acc = 72.0000
2023-11-06 18:35:52,582 - fewshot_scanobjectnn_transferring_features - INFO - Save checkpoint at ./experiments/fewshot_scanobjectnn_transferring_features/cfgs/lr0.00062/ckpt-best.pth
2023-11-06 18:35:52,583 - fewshot_scanobjectnn_transferring_features - INFO - --------------------------------------------------------------------------------------------
2023-11-06 18:35:54,283 - fewshot_scanobjectnn_transferring_features - INFO - Save checkpoint at ./experiments/fewshot_scanobjectnn_transferring_features/cfgs/lr0.00062/ckpt-last.pth
2023-11-06 18:35:55,863 - fewshot_scanobjectnn_transferring_features - INFO - [Training] EPOCH: 16 EpochTime = 1.578 (s) Losses = ['0.6519', '93.7500'] lr = 0.000603
2023-11-06 18:35:56,993 - fewshot_scanobjectnn_transferring_features - INFO - [Validation] EPOCH: 16  acc = 73.0000
2023-11-06 18:35:59,007 - fewshot_scanobjectnn_transferring_features - INFO - Save checkpoint at ./experiments/fewshot_scanobjectnn_transferring_features/cfgs/lr0.00062/ckpt-best.pth
2023-11-06 18:35:59,007 - fewshot_scanobjectnn_transferring_features - INFO - --------------------------------------------------------------------------------------------
2023-11-06 18:36:00,974 - fewshot_scanobjectnn_transferring_features - INFO - Save checkpoint at ./experiments/fewshot_scanobjectnn_transferring_features/cfgs/lr0.00062/ckpt-last.pth
2023-11-06 18:36:03,017 - fewshot_scanobjectnn_transferring_features - INFO - [Training] EPOCH: 17 EpochTime = 2.040 (s) Losses = ['0.5867', '92.7083'] lr = 0.000601
2023-11-06 18:36:03,969 - fewshot_scanobjectnn_transferring_features - INFO - [Validation] EPOCH: 17  acc = 71.0000
2023-11-06 18:36:06,582 - fewshot_scanobjectnn_transferring_features - INFO - Save checkpoint at ./experiments/fewshot_scanobjectnn_transferring_features/cfgs/lr0.00062/ckpt-last.pth
2023-11-06 18:36:07,920 - fewshot_scanobjectnn_transferring_features - INFO - [Training] EPOCH: 18 EpochTime = 1.336 (s) Losses = ['0.4519', '96.8750'] lr = 0.000598
2023-11-06 18:36:09,129 - fewshot_scanobjectnn_transferring_features - INFO - [Validation] EPOCH: 18  acc = 70.0000
2023-11-06 18:36:11,098 - fewshot_scanobjectnn_transferring_features - INFO - Save checkpoint at ./experiments/fewshot_scanobjectnn_transferring_features/cfgs/lr0.00062/ckpt-last.pth
2023-11-06 18:36:12,499 - fewshot_scanobjectnn_transferring_features - INFO - [Training] EPOCH: 19 EpochTime = 1.398 (s) Losses = ['0.3680', '97.9167'] lr = 0.000596
2023-11-06 18:36:13,825 - fewshot_scanobjectnn_transferring_features - INFO - [Validation] EPOCH: 19  acc = 69.0000
2023-11-06 18:36:15,380 - fewshot_scanobjectnn_transferring_features - INFO - Save checkpoint at ./experiments/fewshot_scanobjectnn_transferring_features/cfgs/lr0.00062/ckpt-last.pth
2023-11-06 18:36:16,599 - fewshot_scanobjectnn_transferring_features - INFO - [Training] EPOCH: 20 EpochTime = 1.218 (s) Losses = ['0.3695', '97.9167'] lr = 0.000593
2023-11-06 18:36:17,793 - fewshot_scanobjectnn_transferring_features - INFO - [Validation] EPOCH: 20  acc = 70.0000
2023-11-06 18:36:19,712 - fewshot_scanobjectnn_transferring_features - INFO - Save checkpoint at ./experiments/fewshot_scanobjectnn_transferring_features/cfgs/lr0.00062/ckpt-last.pth
2023-11-06 18:36:20,942 - fewshot_scanobjectnn_transferring_features - INFO - [Training] EPOCH: 21 EpochTime = 1.229 (s) Losses = ['0.2757', '98.9583'] lr = 0.000591
2023-11-06 18:36:22,113 - fewshot_scanobjectnn_transferring_features - INFO - [Validation] EPOCH: 21  acc = 72.0000
2023-11-06 18:36:24,176 - fewshot_scanobjectnn_transferring_features - INFO - Save checkpoint at ./experiments/fewshot_scanobjectnn_transferring_features/cfgs/lr0.00062/ckpt-last.pth
2023-11-06 18:36:25,460 - fewshot_scanobjectnn_transferring_features - INFO - [Training] EPOCH: 22 EpochTime = 1.281 (s) Losses = ['0.2549', '100.0000'] lr = 0.000588
2023-11-06 18:36:26,651 - fewshot_scanobjectnn_transferring_features - INFO - [Validation] EPOCH: 22  acc = 71.0000
2023-11-06 18:36:28,705 - fewshot_scanobjectnn_transferring_features - INFO - Save checkpoint at ./experiments/fewshot_scanobjectnn_transferring_features/cfgs/lr0.00062/ckpt-last.pth
2023-11-06 18:36:30,166 - fewshot_scanobjectnn_transferring_features - INFO - [Training] EPOCH: 23 EpochTime = 1.459 (s) Losses = ['0.2167', '100.0000'] lr = 0.000585
2023-11-06 18:36:31,325 - fewshot_scanobjectnn_transferring_features - INFO - [Validation] EPOCH: 23  acc = 69.0000
2023-11-06 18:36:33,726 - fewshot_scanobjectnn_transferring_features - INFO - Save checkpoint at ./experiments/fewshot_scanobjectnn_transferring_features/cfgs/lr0.00062/ckpt-last.pth
2023-11-06 18:36:35,324 - fewshot_scanobjectnn_transferring_features - INFO - [Training] EPOCH: 24 EpochTime = 1.596 (s) Losses = ['0.1359', '100.0000'] lr = 0.000582
2023-11-06 18:36:36,252 - fewshot_scanobjectnn_transferring_features - INFO - [Validation] EPOCH: 24  acc = 70.0000
2023-11-06 18:36:39,048 - fewshot_scanobjectnn_transferring_features - INFO - Save checkpoint at ./experiments/fewshot_scanobjectnn_transferring_features/cfgs/lr0.00062/ckpt-last.pth
2023-11-06 18:36:40,361 - fewshot_scanobjectnn_transferring_features - INFO - [Training] EPOCH: 25 EpochTime = 1.311 (s) Losses = ['0.1866', '97.9167'] lr = 0.000579
2023-11-06 18:36:41,434 - fewshot_scanobjectnn_transferring_features - INFO - [Validation] EPOCH: 25  acc = 68.0000
2023-11-06 18:36:43,416 - fewshot_scanobjectnn_transferring_features - INFO - Save checkpoint at ./experiments/fewshot_scanobjectnn_transferring_features/cfgs/lr0.00062/ckpt-last.pth
2023-11-06 18:36:45,471 - fewshot_scanobjectnn_transferring_features - INFO - [Training] EPOCH: 26 EpochTime = 2.053 (s) Losses = ['0.1460', '100.0000'] lr = 0.000575
2023-11-06 18:36:46,346 - fewshot_scanobjectnn_transferring_features - INFO - [Validation] EPOCH: 26  acc = 67.0000
2023-11-06 18:36:48,987 - fewshot_scanobjectnn_transferring_features - INFO - Save checkpoint at ./experiments/fewshot_scanobjectnn_transferring_features/cfgs/lr0.00062/ckpt-last.pth
2023-11-06 18:36:50,223 - fewshot_scanobjectnn_transferring_features - INFO - [Training] EPOCH: 27 EpochTime = 1.235 (s) Losses = ['0.1369', '100.0000'] lr = 0.000572
2023-11-06 18:36:51,344 - fewshot_scanobjectnn_transferring_features - INFO - [Validation] EPOCH: 27  acc = 69.0000
2023-11-06 18:36:53,486 - fewshot_scanobjectnn_transferring_features - INFO - Save checkpoint at ./experiments/fewshot_scanobjectnn_transferring_features/cfgs/lr0.00062/ckpt-last.pth
2023-11-06 18:36:54,775 - fewshot_scanobjectnn_transferring_features - INFO - [Training] EPOCH: 28 EpochTime = 1.288 (s) Losses = ['0.1022', '100.0000'] lr = 0.000568
2023-11-06 18:36:55,982 - fewshot_scanobjectnn_transferring_features - INFO - [Validation] EPOCH: 28  acc = 71.0000
2023-11-06 18:36:57,971 - fewshot_scanobjectnn_transferring_features - INFO - Save checkpoint at ./experiments/fewshot_scanobjectnn_transferring_features/cfgs/lr0.00062/ckpt-last.pth
2023-11-06 18:36:59,199 - fewshot_scanobjectnn_transferring_features - INFO - [Training] EPOCH: 29 EpochTime = 1.226 (s) Losses = ['0.1119', '100.0000'] lr = 0.000565
2023-11-06 18:37:00,318 - fewshot_scanobjectnn_transferring_features - INFO - [Validation] EPOCH: 29  acc = 71.0000
2023-11-06 18:37:03,637 - fewshot_scanobjectnn_transferring_features - INFO - Save checkpoint at ./experiments/fewshot_scanobjectnn_transferring_features/cfgs/lr0.00062/ckpt-last.pth
2023-11-06 18:37:05,450 - fewshot_scanobjectnn_transferring_features - INFO - [Training] EPOCH: 30 EpochTime = 1.810 (s) Losses = ['0.1027', '100.0000'] lr = 0.000561
2023-11-06 18:37:06,696 - fewshot_scanobjectnn_transferring_features - INFO - [Validation] EPOCH: 30  acc = 71.0000
2023-11-06 18:37:08,804 - fewshot_scanobjectnn_transferring_features - INFO - Save checkpoint at ./experiments/fewshot_scanobjectnn_transferring_features/cfgs/lr0.00062/ckpt-last.pth
2023-11-06 18:37:10,263 - fewshot_scanobjectnn_transferring_features - INFO - [Training] EPOCH: 31 EpochTime = 1.458 (s) Losses = ['0.0912', '100.0000'] lr = 0.000557
2023-11-06 18:37:11,195 - fewshot_scanobjectnn_transferring_features - INFO - [Validation] EPOCH: 31  acc = 71.0000
2023-11-06 18:37:12,955 - fewshot_scanobjectnn_transferring_features - INFO - Save checkpoint at ./experiments/fewshot_scanobjectnn_transferring_features/cfgs/lr0.00062/ckpt-last.pth
2023-11-06 18:37:14,869 - fewshot_scanobjectnn_transferring_features - INFO - [Training] EPOCH: 32 EpochTime = 1.912 (s) Losses = ['0.0996', '100.0000'] lr = 0.000553
2023-11-06 18:37:15,922 - fewshot_scanobjectnn_transferring_features - INFO - [Validation] EPOCH: 32  acc = 72.0000
2023-11-06 18:37:17,563 - fewshot_scanobjectnn_transferring_features - INFO - Save checkpoint at ./experiments/fewshot_scanobjectnn_transferring_features/cfgs/lr0.00062/ckpt-last.pth
2023-11-06 18:37:18,926 - fewshot_scanobjectnn_transferring_features - INFO - [Training] EPOCH: 33 EpochTime = 1.361 (s) Losses = ['0.0850', '100.0000'] lr = 0.000549
2023-11-06 18:37:20,116 - fewshot_scanobjectnn_transferring_features - INFO - [Validation] EPOCH: 33  acc = 75.0000
2023-11-06 18:37:21,650 - fewshot_scanobjectnn_transferring_features - INFO - Save checkpoint at ./experiments/fewshot_scanobjectnn_transferring_features/cfgs/lr0.00062/ckpt-best.pth
2023-11-06 18:37:21,650 - fewshot_scanobjectnn_transferring_features - INFO - --------------------------------------------------------------------------------------------
2023-11-06 18:37:24,044 - fewshot_scanobjectnn_transferring_features - INFO - Save checkpoint at ./experiments/fewshot_scanobjectnn_transferring_features/cfgs/lr0.00062/ckpt-last.pth
2023-11-06 18:37:25,808 - fewshot_scanobjectnn_transferring_features - INFO - [Training] EPOCH: 34 EpochTime = 1.762 (s) Losses = ['0.0829', '100.0000'] lr = 0.000545
2023-11-06 18:37:26,849 - fewshot_scanobjectnn_transferring_features - INFO - [Validation] EPOCH: 34  acc = 71.0000
2023-11-06 18:37:29,299 - fewshot_scanobjectnn_transferring_features - INFO - Save checkpoint at ./experiments/fewshot_scanobjectnn_transferring_features/cfgs/lr0.00062/ckpt-last.pth
2023-11-06 18:37:30,772 - fewshot_scanobjectnn_transferring_features - INFO - [Training] EPOCH: 35 EpochTime = 1.469 (s) Losses = ['0.0677', '100.0000'] lr = 0.000541
2023-11-06 18:37:31,872 - fewshot_scanobjectnn_transferring_features - INFO - [Validation] EPOCH: 35  acc = 69.0000
2023-11-06 18:37:33,607 - fewshot_scanobjectnn_transferring_features - INFO - Save checkpoint at ./experiments/fewshot_scanobjectnn_transferring_features/cfgs/lr0.00062/ckpt-last.pth
2023-11-06 18:37:35,572 - fewshot_scanobjectnn_transferring_features - INFO - [Training] EPOCH: 36 EpochTime = 1.963 (s) Losses = ['0.0750', '100.0000'] lr = 0.000536
2023-11-06 18:37:36,600 - fewshot_scanobjectnn_transferring_features - INFO - [Validation] EPOCH: 36  acc = 68.0000
2023-11-06 18:37:38,219 - fewshot_scanobjectnn_transferring_features - INFO - Save checkpoint at ./experiments/fewshot_scanobjectnn_transferring_features/cfgs/lr0.00062/ckpt-last.pth
2023-11-06 18:37:39,777 - fewshot_scanobjectnn_transferring_features - INFO - [Training] EPOCH: 37 EpochTime = 1.555 (s) Losses = ['0.0936', '100.0000'] lr = 0.000532
2023-11-06 18:37:40,992 - fewshot_scanobjectnn_transferring_features - INFO - [Validation] EPOCH: 37  acc = 71.0000
2023-11-06 18:37:43,191 - fewshot_scanobjectnn_transferring_features - INFO - Save checkpoint at ./experiments/fewshot_scanobjectnn_transferring_features/cfgs/lr0.00062/ckpt-last.pth
2023-11-06 18:37:44,392 - fewshot_scanobjectnn_transferring_features - INFO - [Training] EPOCH: 38 EpochTime = 1.199 (s) Losses = ['0.0607', '100.0000'] lr = 0.000527
2023-11-06 18:37:45,500 - fewshot_scanobjectnn_transferring_features - INFO - [Validation] EPOCH: 38  acc = 72.0000
2023-11-06 18:37:47,701 - fewshot_scanobjectnn_transferring_features - INFO - Save checkpoint at ./experiments/fewshot_scanobjectnn_transferring_features/cfgs/lr0.00062/ckpt-last.pth
2023-11-06 18:37:49,022 - fewshot_scanobjectnn_transferring_features - INFO - [Training] EPOCH: 39 EpochTime = 1.320 (s) Losses = ['0.0710', '100.0000'] lr = 0.000522
2023-11-06 18:37:50,109 - fewshot_scanobjectnn_transferring_features - INFO - [Validation] EPOCH: 39  acc = 68.0000
2023-11-06 18:37:52,122 - fewshot_scanobjectnn_transferring_features - INFO - Save checkpoint at ./experiments/fewshot_scanobjectnn_transferring_features/cfgs/lr0.00062/ckpt-last.pth
2023-11-06 18:37:53,347 - fewshot_scanobjectnn_transferring_features - INFO - [Training] EPOCH: 40 EpochTime = 1.223 (s) Losses = ['0.0673', '100.0000'] lr = 0.000518
2023-11-06 18:37:54,503 - fewshot_scanobjectnn_transferring_features - INFO - [Validation] EPOCH: 40  acc = 68.0000
2023-11-06 18:37:57,021 - fewshot_scanobjectnn_transferring_features - INFO - Save checkpoint at ./experiments/fewshot_scanobjectnn_transferring_features/cfgs/lr0.00062/ckpt-last.pth
2023-11-06 18:37:58,208 - fewshot_scanobjectnn_transferring_features - INFO - [Training] EPOCH: 41 EpochTime = 1.185 (s) Losses = ['0.0727', '100.0000'] lr = 0.000513
2023-11-06 18:37:59,451 - fewshot_scanobjectnn_transferring_features - INFO - [Validation] EPOCH: 41  acc = 69.0000
2023-11-06 18:38:01,333 - fewshot_scanobjectnn_transferring_features - INFO - Save checkpoint at ./experiments/fewshot_scanobjectnn_transferring_features/cfgs/lr0.00062/ckpt-last.pth
2023-11-06 18:38:02,532 - fewshot_scanobjectnn_transferring_features - INFO - [Training] EPOCH: 42 EpochTime = 1.198 (s) Losses = ['0.0564', '100.0000'] lr = 0.000508
2023-11-06 18:38:03,659 - fewshot_scanobjectnn_transferring_features - INFO - [Validation] EPOCH: 42  acc = 68.0000
2023-11-06 18:38:05,449 - fewshot_scanobjectnn_transferring_features - INFO - Save checkpoint at ./experiments/fewshot_scanobjectnn_transferring_features/cfgs/lr0.00062/ckpt-last.pth
2023-11-06 18:38:06,783 - fewshot_scanobjectnn_transferring_features - INFO - [Training] EPOCH: 43 EpochTime = 1.332 (s) Losses = ['0.0628', '100.0000'] lr = 0.000503
2023-11-06 18:38:08,101 - fewshot_scanobjectnn_transferring_features - INFO - [Validation] EPOCH: 43  acc = 72.0000
2023-11-06 18:38:09,809 - fewshot_scanobjectnn_transferring_features - INFO - Save checkpoint at ./experiments/fewshot_scanobjectnn_transferring_features/cfgs/lr0.00062/ckpt-last.pth
2023-11-06 18:38:11,062 - fewshot_scanobjectnn_transferring_features - INFO - [Training] EPOCH: 44 EpochTime = 1.251 (s) Losses = ['0.0491', '100.0000'] lr = 0.000498
2023-11-06 18:38:12,331 - fewshot_scanobjectnn_transferring_features - INFO - [Validation] EPOCH: 44  acc = 71.0000
2023-11-06 18:38:13,981 - fewshot_scanobjectnn_transferring_features - INFO - Save checkpoint at ./experiments/fewshot_scanobjectnn_transferring_features/cfgs/lr0.00062/ckpt-last.pth
2023-11-06 18:38:15,170 - fewshot_scanobjectnn_transferring_features - INFO - [Training] EPOCH: 45 EpochTime = 1.186 (s) Losses = ['0.0548', '100.0000'] lr = 0.000492
2023-11-06 18:38:16,373 - fewshot_scanobjectnn_transferring_features - INFO - [Validation] EPOCH: 45  acc = 72.0000
2023-11-06 18:38:17,993 - fewshot_scanobjectnn_transferring_features - INFO - Save checkpoint at ./experiments/fewshot_scanobjectnn_transferring_features/cfgs/lr0.00062/ckpt-last.pth
2023-11-06 18:38:19,498 - fewshot_scanobjectnn_transferring_features - INFO - [Training] EPOCH: 46 EpochTime = 1.503 (s) Losses = ['0.0534', '100.0000'] lr = 0.000487
2023-11-06 18:38:20,584 - fewshot_scanobjectnn_transferring_features - INFO - [Validation] EPOCH: 46  acc = 71.0000
2023-11-06 18:38:22,619 - fewshot_scanobjectnn_transferring_features - INFO - Save checkpoint at ./experiments/fewshot_scanobjectnn_transferring_features/cfgs/lr0.00062/ckpt-last.pth
2023-11-06 18:38:24,418 - fewshot_scanobjectnn_transferring_features - INFO - [Training] EPOCH: 47 EpochTime = 1.797 (s) Losses = ['0.0345', '100.0000'] lr = 0.000482
2023-11-06 18:38:25,337 - fewshot_scanobjectnn_transferring_features - INFO - [Validation] EPOCH: 47  acc = 71.0000
2023-11-06 18:38:27,159 - fewshot_scanobjectnn_transferring_features - INFO - Save checkpoint at ./experiments/fewshot_scanobjectnn_transferring_features/cfgs/lr0.00062/ckpt-last.pth
2023-11-06 18:38:29,005 - fewshot_scanobjectnn_transferring_features - INFO - [Training] EPOCH: 48 EpochTime = 1.844 (s) Losses = ['0.0584', '100.0000'] lr = 0.000476
2023-11-06 18:38:30,256 - fewshot_scanobjectnn_transferring_features - INFO - [Validation] EPOCH: 48  acc = 72.0000
2023-11-06 18:38:32,651 - fewshot_scanobjectnn_transferring_features - INFO - Save checkpoint at ./experiments/fewshot_scanobjectnn_transferring_features/cfgs/lr0.00062/ckpt-last.pth
2023-11-06 18:38:33,988 - fewshot_scanobjectnn_transferring_features - INFO - [Training] EPOCH: 49 EpochTime = 1.331 (s) Losses = ['0.0460', '100.0000'] lr = 0.000471
2023-11-06 18:38:35,046 - fewshot_scanobjectnn_transferring_features - INFO - [Validation] EPOCH: 49  acc = 74.0000
2023-11-06 18:38:36,930 - fewshot_scanobjectnn_transferring_features - INFO - Save checkpoint at ./experiments/fewshot_scanobjectnn_transferring_features/cfgs/lr0.00062/ckpt-last.pth
2023-11-06 18:38:38,898 - fewshot_scanobjectnn_transferring_features - INFO - [Training] EPOCH: 50 EpochTime = 1.966 (s) Losses = ['0.0458', '100.0000'] lr = 0.000465
2023-11-06 18:38:40,266 - fewshot_scanobjectnn_transferring_features - INFO - [Validation] EPOCH: 50  acc = 72.0000
2023-11-06 18:38:41,932 - fewshot_scanobjectnn_transferring_features - INFO - Save checkpoint at ./experiments/fewshot_scanobjectnn_transferring_features/cfgs/lr0.00062/ckpt-last.pth
2023-11-06 18:38:43,466 - fewshot_scanobjectnn_transferring_features - INFO - [Training] EPOCH: 51 EpochTime = 1.531 (s) Losses = ['0.0560', '100.0000'] lr = 0.000460
2023-11-06 18:38:44,809 - fewshot_scanobjectnn_transferring_features - INFO - [Validation] EPOCH: 51  acc = 71.0000
2023-11-06 18:38:46,421 - fewshot_scanobjectnn_transferring_features - INFO - Save checkpoint at ./experiments/fewshot_scanobjectnn_transferring_features/cfgs/lr0.00062/ckpt-last.pth
2023-11-06 18:38:48,240 - fewshot_scanobjectnn_transferring_features - INFO - [Training] EPOCH: 52 EpochTime = 1.816 (s) Losses = ['0.0450', '100.0000'] lr = 0.000454
2023-11-06 18:38:49,337 - fewshot_scanobjectnn_transferring_features - INFO - [Validation] EPOCH: 52  acc = 74.0000
2023-11-06 18:38:51,239 - fewshot_scanobjectnn_transferring_features - INFO - Save checkpoint at ./experiments/fewshot_scanobjectnn_transferring_features/cfgs/lr0.00062/ckpt-last.pth
2023-11-06 18:38:53,123 - fewshot_scanobjectnn_transferring_features - INFO - [Training] EPOCH: 53 EpochTime = 1.881 (s) Losses = ['0.0294', '100.0000'] lr = 0.000448
2023-11-06 18:38:54,238 - fewshot_scanobjectnn_transferring_features - INFO - [Validation] EPOCH: 53  acc = 76.0000
2023-11-06 18:38:57,371 - fewshot_scanobjectnn_transferring_features - INFO - Save checkpoint at ./experiments/fewshot_scanobjectnn_transferring_features/cfgs/lr0.00062/ckpt-best.pth
2023-11-06 18:38:57,372 - fewshot_scanobjectnn_transferring_features - INFO - --------------------------------------------------------------------------------------------
2023-11-06 18:38:59,250 - fewshot_scanobjectnn_transferring_features - INFO - Save checkpoint at ./experiments/fewshot_scanobjectnn_transferring_features/cfgs/lr0.00062/ckpt-last.pth
2023-11-06 18:39:00,740 - fewshot_scanobjectnn_transferring_features - INFO - [Training] EPOCH: 54 EpochTime = 1.488 (s) Losses = ['0.0563', '100.0000'] lr = 0.000442
2023-11-06 18:39:01,889 - fewshot_scanobjectnn_transferring_features - INFO - [Validation] EPOCH: 54  acc = 76.0000
2023-11-06 18:39:04,198 - fewshot_scanobjectnn_transferring_features - INFO - Save checkpoint at ./experiments/fewshot_scanobjectnn_transferring_features/cfgs/lr0.00062/ckpt-last.pth
2023-11-06 18:39:05,690 - fewshot_scanobjectnn_transferring_features - INFO - [Training] EPOCH: 55 EpochTime = 1.491 (s) Losses = ['0.0406', '100.0000'] lr = 0.000436
2023-11-06 18:39:06,998 - fewshot_scanobjectnn_transferring_features - INFO - [Validation] EPOCH: 55  acc = 76.0000
2023-11-06 18:39:08,889 - fewshot_scanobjectnn_transferring_features - INFO - Save checkpoint at ./experiments/fewshot_scanobjectnn_transferring_features/cfgs/lr0.00062/ckpt-last.pth
2023-11-06 18:39:10,961 - fewshot_scanobjectnn_transferring_features - INFO - [Training] EPOCH: 56 EpochTime = 2.069 (s) Losses = ['0.0472', '100.0000'] lr = 0.000430
2023-11-06 18:39:12,110 - fewshot_scanobjectnn_transferring_features - INFO - [Validation] EPOCH: 56  acc = 75.0000
2023-11-06 18:39:14,141 - fewshot_scanobjectnn_transferring_features - INFO - Save checkpoint at ./experiments/fewshot_scanobjectnn_transferring_features/cfgs/lr0.00062/ckpt-last.pth
2023-11-06 18:39:15,764 - fewshot_scanobjectnn_transferring_features - INFO - [Training] EPOCH: 57 EpochTime = 1.619 (s) Losses = ['0.0292', '100.0000'] lr = 0.000424
2023-11-06 18:39:16,966 - fewshot_scanobjectnn_transferring_features - INFO - [Validation] EPOCH: 57  acc = 74.0000
2023-11-06 18:39:18,569 - fewshot_scanobjectnn_transferring_features - INFO - Save checkpoint at ./experiments/fewshot_scanobjectnn_transferring_features/cfgs/lr0.00062/ckpt-last.pth
2023-11-06 18:39:19,747 - fewshot_scanobjectnn_transferring_features - INFO - [Training] EPOCH: 58 EpochTime = 1.177 (s) Losses = ['0.0548', '100.0000'] lr = 0.000418
2023-11-06 18:39:20,956 - fewshot_scanobjectnn_transferring_features - INFO - [Validation] EPOCH: 58  acc = 72.0000
2023-11-06 18:39:22,732 - fewshot_scanobjectnn_transferring_features - INFO - Save checkpoint at ./experiments/fewshot_scanobjectnn_transferring_features/cfgs/lr0.00062/ckpt-last.pth
2023-11-06 18:39:24,076 - fewshot_scanobjectnn_transferring_features - INFO - [Training] EPOCH: 59 EpochTime = 1.342 (s) Losses = ['0.0423', '100.0000'] lr = 0.000412
2023-11-06 18:39:25,332 - fewshot_scanobjectnn_transferring_features - INFO - [Validation] EPOCH: 59  acc = 74.0000
2023-11-06 18:39:27,314 - fewshot_scanobjectnn_transferring_features - INFO - Save checkpoint at ./experiments/fewshot_scanobjectnn_transferring_features/cfgs/lr0.00062/ckpt-last.pth
2023-11-06 18:39:28,623 - fewshot_scanobjectnn_transferring_features - INFO - [Training] EPOCH: 60 EpochTime = 1.306 (s) Losses = ['0.0299', '100.0000'] lr = 0.000406
2023-11-06 18:39:29,739 - fewshot_scanobjectnn_transferring_features - INFO - [Validation] EPOCH: 60  acc = 72.0000
2023-11-06 18:39:31,418 - fewshot_scanobjectnn_transferring_features - INFO - Save checkpoint at ./experiments/fewshot_scanobjectnn_transferring_features/cfgs/lr0.00062/ckpt-last.pth
2023-11-06 18:39:32,649 - fewshot_scanobjectnn_transferring_features - INFO - [Training] EPOCH: 61 EpochTime = 1.229 (s) Losses = ['0.0344', '100.0000'] lr = 0.000400
2023-11-06 18:39:33,984 - fewshot_scanobjectnn_transferring_features - INFO - [Validation] EPOCH: 61  acc = 72.0000
2023-11-06 18:39:36,100 - fewshot_scanobjectnn_transferring_features - INFO - Save checkpoint at ./experiments/fewshot_scanobjectnn_transferring_features/cfgs/lr0.00062/ckpt-last.pth
2023-11-06 18:39:37,714 - fewshot_scanobjectnn_transferring_features - INFO - [Training] EPOCH: 62 EpochTime = 1.613 (s) Losses = ['0.0373', '100.0000'] lr = 0.000394
2023-11-06 18:39:38,754 - fewshot_scanobjectnn_transferring_features - INFO - [Validation] EPOCH: 62  acc = 72.0000
2023-11-06 18:39:41,390 - fewshot_scanobjectnn_transferring_features - INFO - Save checkpoint at ./experiments/fewshot_scanobjectnn_transferring_features/cfgs/lr0.00062/ckpt-last.pth
2023-11-06 18:39:42,823 - fewshot_scanobjectnn_transferring_features - INFO - [Training] EPOCH: 63 EpochTime = 1.431 (s) Losses = ['0.0377', '100.0000'] lr = 0.000387
2023-11-06 18:39:43,999 - fewshot_scanobjectnn_transferring_features - INFO - [Validation] EPOCH: 63  acc = 72.0000
2023-11-06 18:39:45,984 - fewshot_scanobjectnn_transferring_features - INFO - Save checkpoint at ./experiments/fewshot_scanobjectnn_transferring_features/cfgs/lr0.00062/ckpt-last.pth
2023-11-06 18:39:47,996 - fewshot_scanobjectnn_transferring_features - INFO - [Training] EPOCH: 64 EpochTime = 2.009 (s) Losses = ['0.0393', '100.0000'] lr = 0.000381
2023-11-06 18:39:48,895 - fewshot_scanobjectnn_transferring_features - INFO - [Validation] EPOCH: 64  acc = 71.0000
2023-11-06 18:39:52,297 - fewshot_scanobjectnn_transferring_features - INFO - Save checkpoint at ./experiments/fewshot_scanobjectnn_transferring_features/cfgs/lr0.00062/ckpt-last.pth
2023-11-06 18:39:53,495 - fewshot_scanobjectnn_transferring_features - INFO - [Training] EPOCH: 65 EpochTime = 1.196 (s) Losses = ['0.0375', '100.0000'] lr = 0.000375
2023-11-06 18:39:54,568 - fewshot_scanobjectnn_transferring_features - INFO - [Validation] EPOCH: 65  acc = 71.0000
2023-11-06 18:39:56,309 - fewshot_scanobjectnn_transferring_features - INFO - Save checkpoint at ./experiments/fewshot_scanobjectnn_transferring_features/cfgs/lr0.00062/ckpt-last.pth
2023-11-06 18:39:57,631 - fewshot_scanobjectnn_transferring_features - INFO - [Training] EPOCH: 66 EpochTime = 1.321 (s) Losses = ['0.0258', '100.0000'] lr = 0.000368
2023-11-06 18:39:58,948 - fewshot_scanobjectnn_transferring_features - INFO - [Validation] EPOCH: 66  acc = 73.0000
2023-11-06 18:40:00,599 - fewshot_scanobjectnn_transferring_features - INFO - Save checkpoint at ./experiments/fewshot_scanobjectnn_transferring_features/cfgs/lr0.00062/ckpt-last.pth
2023-11-06 18:40:01,947 - fewshot_scanobjectnn_transferring_features - INFO - [Training] EPOCH: 67 EpochTime = 1.345 (s) Losses = ['0.0343', '100.0000'] lr = 0.000362
2023-11-06 18:40:03,166 - fewshot_scanobjectnn_transferring_features - INFO - [Validation] EPOCH: 67  acc = 73.0000
2023-11-06 18:40:04,760 - fewshot_scanobjectnn_transferring_features - INFO - Save checkpoint at ./experiments/fewshot_scanobjectnn_transferring_features/cfgs/lr0.00062/ckpt-last.pth
2023-11-06 18:40:06,105 - fewshot_scanobjectnn_transferring_features - INFO - [Training] EPOCH: 68 EpochTime = 1.343 (s) Losses = ['0.0204', '100.0000'] lr = 0.000356
2023-11-06 18:40:07,395 - fewshot_scanobjectnn_transferring_features - INFO - [Validation] EPOCH: 68  acc = 73.0000
2023-11-06 18:40:09,102 - fewshot_scanobjectnn_transferring_features - INFO - Save checkpoint at ./experiments/fewshot_scanobjectnn_transferring_features/cfgs/lr0.00062/ckpt-last.pth
2023-11-06 18:40:10,604 - fewshot_scanobjectnn_transferring_features - INFO - [Training] EPOCH: 69 EpochTime = 1.500 (s) Losses = ['0.0274', '100.0000'] lr = 0.000349
2023-11-06 18:40:11,721 - fewshot_scanobjectnn_transferring_features - INFO - [Validation] EPOCH: 69  acc = 73.0000
2023-11-06 18:40:13,391 - fewshot_scanobjectnn_transferring_features - INFO - Save checkpoint at ./experiments/fewshot_scanobjectnn_transferring_features/cfgs/lr0.00062/ckpt-last.pth
2023-11-06 18:40:15,252 - fewshot_scanobjectnn_transferring_features - INFO - [Training] EPOCH: 70 EpochTime = 1.859 (s) Losses = ['0.0256', '100.0000'] lr = 0.000343
2023-11-06 18:40:16,270 - fewshot_scanobjectnn_transferring_features - INFO - [Validation] EPOCH: 70  acc = 73.0000
2023-11-06 18:40:18,035 - fewshot_scanobjectnn_transferring_features - INFO - Save checkpoint at ./experiments/fewshot_scanobjectnn_transferring_features/cfgs/lr0.00062/ckpt-last.pth
2023-11-06 18:40:19,878 - fewshot_scanobjectnn_transferring_features - INFO - [Training] EPOCH: 71 EpochTime = 1.840 (s) Losses = ['0.0253', '100.0000'] lr = 0.000336
2023-11-06 18:40:21,287 - fewshot_scanobjectnn_transferring_features - INFO - [Validation] EPOCH: 71  acc = 72.0000
2023-11-06 18:40:24,314 - fewshot_scanobjectnn_transferring_features - INFO - Save checkpoint at ./experiments/fewshot_scanobjectnn_transferring_features/cfgs/lr0.00062/ckpt-last.pth
2023-11-06 18:40:26,059 - fewshot_scanobjectnn_transferring_features - INFO - [Training] EPOCH: 72 EpochTime = 1.743 (s) Losses = ['0.0273', '100.0000'] lr = 0.000330
2023-11-06 18:40:27,339 - fewshot_scanobjectnn_transferring_features - INFO - [Validation] EPOCH: 72  acc = 71.0000
2023-11-06 18:40:28,964 - fewshot_scanobjectnn_transferring_features - INFO - Save checkpoint at ./experiments/fewshot_scanobjectnn_transferring_features/cfgs/lr0.00062/ckpt-last.pth
2023-11-06 18:40:30,356 - fewshot_scanobjectnn_transferring_features - INFO - [Training] EPOCH: 73 EpochTime = 1.390 (s) Losses = ['0.0406', '100.0000'] lr = 0.000323
2023-11-06 18:40:31,597 - fewshot_scanobjectnn_transferring_features - INFO - [Validation] EPOCH: 73  acc = 71.0000
2023-11-06 18:40:33,303 - fewshot_scanobjectnn_transferring_features - INFO - Save checkpoint at ./experiments/fewshot_scanobjectnn_transferring_features/cfgs/lr0.00062/ckpt-last.pth
2023-11-06 18:40:34,661 - fewshot_scanobjectnn_transferring_features - INFO - [Training] EPOCH: 74 EpochTime = 1.357 (s) Losses = ['0.0257', '100.0000'] lr = 0.000317
2023-11-06 18:40:36,045 - fewshot_scanobjectnn_transferring_features - INFO - [Validation] EPOCH: 74  acc = 72.0000
2023-11-06 18:40:38,596 - fewshot_scanobjectnn_transferring_features - INFO - Save checkpoint at ./experiments/fewshot_scanobjectnn_transferring_features/cfgs/lr0.00062/ckpt-last.pth
2023-11-06 18:40:40,680 - fewshot_scanobjectnn_transferring_features - INFO - [Training] EPOCH: 75 EpochTime = 2.079 (s) Losses = ['0.0159', '100.0000'] lr = 0.000311
2023-11-06 18:40:42,066 - fewshot_scanobjectnn_transferring_features - INFO - [Validation] EPOCH: 75  acc = 72.0000
2023-11-06 18:40:43,797 - fewshot_scanobjectnn_transferring_features - INFO - Save checkpoint at ./experiments/fewshot_scanobjectnn_transferring_features/cfgs/lr0.00062/ckpt-last.pth
2023-11-06 18:40:45,990 - fewshot_scanobjectnn_transferring_features - INFO - [Training] EPOCH: 76 EpochTime = 2.191 (s) Losses = ['0.0374', '100.0000'] lr = 0.000304
2023-11-06 18:40:47,430 - fewshot_scanobjectnn_transferring_features - INFO - [Validation] EPOCH: 76  acc = 72.0000
2023-11-06 18:40:50,367 - fewshot_scanobjectnn_transferring_features - INFO - Save checkpoint at ./experiments/fewshot_scanobjectnn_transferring_features/cfgs/lr0.00062/ckpt-last.pth
2023-11-06 18:40:51,616 - fewshot_scanobjectnn_transferring_features - INFO - [Training] EPOCH: 77 EpochTime = 1.245 (s) Losses = ['0.0204', '100.0000'] lr = 0.000298
2023-11-06 18:40:52,982 - fewshot_scanobjectnn_transferring_features - INFO - [Validation] EPOCH: 77  acc = 72.0000
2023-11-06 18:40:54,820 - fewshot_scanobjectnn_transferring_features - INFO - Save checkpoint at ./experiments/fewshot_scanobjectnn_transferring_features/cfgs/lr0.00062/ckpt-last.pth
2023-11-06 18:40:56,192 - fewshot_scanobjectnn_transferring_features - INFO - [Training] EPOCH: 78 EpochTime = 1.369 (s) Losses = ['0.0151', '100.0000'] lr = 0.000291
2023-11-06 18:40:57,302 - fewshot_scanobjectnn_transferring_features - INFO - [Validation] EPOCH: 78  acc = 70.0000
2023-11-06 18:40:59,491 - fewshot_scanobjectnn_transferring_features - INFO - Save checkpoint at ./experiments/fewshot_scanobjectnn_transferring_features/cfgs/lr0.00062/ckpt-last.pth
2023-11-06 18:41:00,861 - fewshot_scanobjectnn_transferring_features - INFO - [Training] EPOCH: 79 EpochTime = 1.369 (s) Losses = ['0.0201', '100.0000'] lr = 0.000285
2023-11-06 18:41:02,027 - fewshot_scanobjectnn_transferring_features - INFO - [Validation] EPOCH: 79  acc = 72.0000
2023-11-06 18:41:04,255 - fewshot_scanobjectnn_transferring_features - INFO - Save checkpoint at ./experiments/fewshot_scanobjectnn_transferring_features/cfgs/lr0.00062/ckpt-last.pth
2023-11-06 18:41:05,975 - fewshot_scanobjectnn_transferring_features - INFO - [Training] EPOCH: 80 EpochTime = 1.718 (s) Losses = ['0.0204', '100.0000'] lr = 0.000278
2023-11-06 18:41:07,420 - fewshot_scanobjectnn_transferring_features - INFO - [Validation] EPOCH: 80  acc = 72.0000
2023-11-06 18:41:09,430 - fewshot_scanobjectnn_transferring_features - INFO - Save checkpoint at ./experiments/fewshot_scanobjectnn_transferring_features/cfgs/lr0.00062/ckpt-last.pth
2023-11-06 18:41:11,176 - fewshot_scanobjectnn_transferring_features - INFO - [Training] EPOCH: 81 EpochTime = 1.745 (s) Losses = ['0.0241', '100.0000'] lr = 0.000272
2023-11-06 18:41:12,243 - fewshot_scanobjectnn_transferring_features - INFO - [Validation] EPOCH: 81  acc = 71.0000
2023-11-06 18:41:13,988 - fewshot_scanobjectnn_transferring_features - INFO - Save checkpoint at ./experiments/fewshot_scanobjectnn_transferring_features/cfgs/lr0.00062/ckpt-last.pth
2023-11-06 18:41:15,608 - fewshot_scanobjectnn_transferring_features - INFO - [Training] EPOCH: 82 EpochTime = 1.617 (s) Losses = ['0.0233', '100.0000'] lr = 0.000265
2023-11-06 18:41:16,835 - fewshot_scanobjectnn_transferring_features - INFO - [Validation] EPOCH: 82  acc = 70.0000
2023-11-06 18:41:18,469 - fewshot_scanobjectnn_transferring_features - INFO - Save checkpoint at ./experiments/fewshot_scanobjectnn_transferring_features/cfgs/lr0.00062/ckpt-last.pth
2023-11-06 18:41:19,878 - fewshot_scanobjectnn_transferring_features - INFO - [Training] EPOCH: 83 EpochTime = 1.407 (s) Losses = ['0.0193', '100.0000'] lr = 0.000259
2023-11-06 18:41:21,159 - fewshot_scanobjectnn_transferring_features - INFO - [Validation] EPOCH: 83  acc = 71.0000
2023-11-06 18:41:23,720 - fewshot_scanobjectnn_transferring_features - INFO - Save checkpoint at ./experiments/fewshot_scanobjectnn_transferring_features/cfgs/lr0.00062/ckpt-last.pth
2023-11-06 18:41:25,364 - fewshot_scanobjectnn_transferring_features - INFO - [Training] EPOCH: 84 EpochTime = 1.641 (s) Losses = ['0.0265', '100.0000'] lr = 0.000253
2023-11-06 18:41:26,287 - fewshot_scanobjectnn_transferring_features - INFO - [Validation] EPOCH: 84  acc = 71.0000
2023-11-06 18:41:28,053 - fewshot_scanobjectnn_transferring_features - INFO - Save checkpoint at ./experiments/fewshot_scanobjectnn_transferring_features/cfgs/lr0.00062/ckpt-last.pth
2023-11-06 18:41:29,946 - fewshot_scanobjectnn_transferring_features - INFO - [Training] EPOCH: 85 EpochTime = 1.890 (s) Losses = ['0.0207', '100.0000'] lr = 0.000246
2023-11-06 18:41:30,891 - fewshot_scanobjectnn_transferring_features - INFO - [Validation] EPOCH: 85  acc = 70.0000
2023-11-06 18:41:33,224 - fewshot_scanobjectnn_transferring_features - INFO - Save checkpoint at ./experiments/fewshot_scanobjectnn_transferring_features/cfgs/lr0.00062/ckpt-last.pth
2023-11-06 18:41:34,543 - fewshot_scanobjectnn_transferring_features - INFO - [Training] EPOCH: 86 EpochTime = 1.316 (s) Losses = ['0.0242', '100.0000'] lr = 0.000240
2023-11-06 18:41:35,780 - fewshot_scanobjectnn_transferring_features - INFO - [Validation] EPOCH: 86  acc = 71.0000
2023-11-06 18:41:37,987 - fewshot_scanobjectnn_transferring_features - INFO - Save checkpoint at ./experiments/fewshot_scanobjectnn_transferring_features/cfgs/lr0.00062/ckpt-last.pth
2023-11-06 18:41:39,292 - fewshot_scanobjectnn_transferring_features - INFO - [Training] EPOCH: 87 EpochTime = 1.303 (s) Losses = ['0.0202', '100.0000'] lr = 0.000234
2023-11-06 18:41:40,603 - fewshot_scanobjectnn_transferring_features - INFO - [Validation] EPOCH: 87  acc = 70.0000
2023-11-06 18:41:42,699 - fewshot_scanobjectnn_transferring_features - INFO - Save checkpoint at ./experiments/fewshot_scanobjectnn_transferring_features/cfgs/lr0.00062/ckpt-last.pth
2023-11-06 18:41:44,015 - fewshot_scanobjectnn_transferring_features - INFO - [Training] EPOCH: 88 EpochTime = 1.314 (s) Losses = ['0.0211', '100.0000'] lr = 0.000227
2023-11-06 18:41:45,312 - fewshot_scanobjectnn_transferring_features - INFO - [Validation] EPOCH: 88  acc = 71.0000
2023-11-06 18:41:47,195 - fewshot_scanobjectnn_transferring_features - INFO - Save checkpoint at ./experiments/fewshot_scanobjectnn_transferring_features/cfgs/lr0.00062/ckpt-last.pth
2023-11-06 18:41:48,588 - fewshot_scanobjectnn_transferring_features - INFO - [Training] EPOCH: 89 EpochTime = 1.390 (s) Losses = ['0.0294', '100.0000'] lr = 0.000221
2023-11-06 18:41:49,547 - fewshot_scanobjectnn_transferring_features - INFO - [Validation] EPOCH: 89  acc = 70.0000
2023-11-06 18:41:51,619 - fewshot_scanobjectnn_transferring_features - INFO - Save checkpoint at ./experiments/fewshot_scanobjectnn_transferring_features/cfgs/lr0.00062/ckpt-last.pth
2023-11-06 18:41:53,017 - fewshot_scanobjectnn_transferring_features - INFO - [Training] EPOCH: 90 EpochTime = 1.396 (s) Losses = ['0.0185', '100.0000'] lr = 0.000215
2023-11-06 18:41:54,166 - fewshot_scanobjectnn_transferring_features - INFO - [Validation] EPOCH: 90  acc = 70.0000
2023-11-06 18:41:56,004 - fewshot_scanobjectnn_transferring_features - INFO - Save checkpoint at ./experiments/fewshot_scanobjectnn_transferring_features/cfgs/lr0.00062/ckpt-last.pth
2023-11-06 18:41:57,423 - fewshot_scanobjectnn_transferring_features - INFO - [Training] EPOCH: 91 EpochTime = 1.417 (s) Losses = ['0.0231', '100.0000'] lr = 0.000209
2023-11-06 18:41:58,497 - fewshot_scanobjectnn_transferring_features - INFO - [Validation] EPOCH: 91  acc = 70.0000
2023-11-06 18:42:00,125 - fewshot_scanobjectnn_transferring_features - INFO - Save checkpoint at ./experiments/fewshot_scanobjectnn_transferring_features/cfgs/lr0.00062/ckpt-last.pth
2023-11-06 18:42:01,533 - fewshot_scanobjectnn_transferring_features - INFO - [Training] EPOCH: 92 EpochTime = 1.406 (s) Losses = ['0.0300', '100.0000'] lr = 0.000203
2023-11-06 18:42:02,569 - fewshot_scanobjectnn_transferring_features - INFO - [Validation] EPOCH: 92  acc = 73.0000
2023-11-06 18:42:04,536 - fewshot_scanobjectnn_transferring_features - INFO - Save checkpoint at ./experiments/fewshot_scanobjectnn_transferring_features/cfgs/lr0.00062/ckpt-last.pth
2023-11-06 18:42:05,939 - fewshot_scanobjectnn_transferring_features - INFO - [Training] EPOCH: 93 EpochTime = 1.400 (s) Losses = ['0.0242', '100.0000'] lr = 0.000197
2023-11-06 18:42:07,004 - fewshot_scanobjectnn_transferring_features - INFO - [Validation] EPOCH: 93  acc = 73.0000
2023-11-06 18:42:08,922 - fewshot_scanobjectnn_transferring_features - INFO - Save checkpoint at ./experiments/fewshot_scanobjectnn_transferring_features/cfgs/lr0.00062/ckpt-last.pth
2023-11-06 18:42:10,302 - fewshot_scanobjectnn_transferring_features - INFO - [Training] EPOCH: 94 EpochTime = 1.379 (s) Losses = ['0.0278', '100.0000'] lr = 0.000191
2023-11-06 18:42:11,351 - fewshot_scanobjectnn_transferring_features - INFO - [Validation] EPOCH: 94  acc = 73.0000
2023-11-06 18:42:13,356 - fewshot_scanobjectnn_transferring_features - INFO - Save checkpoint at ./experiments/fewshot_scanobjectnn_transferring_features/cfgs/lr0.00062/ckpt-last.pth
2023-11-06 18:42:14,729 - fewshot_scanobjectnn_transferring_features - INFO - [Training] EPOCH: 95 EpochTime = 1.370 (s) Losses = ['0.0181', '100.0000'] lr = 0.000185
2023-11-06 18:42:15,783 - fewshot_scanobjectnn_transferring_features - INFO - [Validation] EPOCH: 95  acc = 74.0000
2023-11-06 18:42:17,818 - fewshot_scanobjectnn_transferring_features - INFO - Save checkpoint at ./experiments/fewshot_scanobjectnn_transferring_features/cfgs/lr0.00062/ckpt-last.pth
2023-11-06 18:42:19,015 - fewshot_scanobjectnn_transferring_features - INFO - [Training] EPOCH: 96 EpochTime = 1.196 (s) Losses = ['0.0187', '100.0000'] lr = 0.000179
2023-11-06 18:42:20,034 - fewshot_scanobjectnn_transferring_features - INFO - [Validation] EPOCH: 96  acc = 75.0000
2023-11-06 18:42:22,236 - fewshot_scanobjectnn_transferring_features - INFO - Save checkpoint at ./experiments/fewshot_scanobjectnn_transferring_features/cfgs/lr0.00062/ckpt-last.pth
2023-11-06 18:42:23,606 - fewshot_scanobjectnn_transferring_features - INFO - [Training] EPOCH: 97 EpochTime = 1.369 (s) Losses = ['0.0163', '100.0000'] lr = 0.000173
2023-11-06 18:42:24,697 - fewshot_scanobjectnn_transferring_features - INFO - [Validation] EPOCH: 97  acc = 75.0000
2023-11-06 18:42:26,469 - fewshot_scanobjectnn_transferring_features - INFO - Save checkpoint at ./experiments/fewshot_scanobjectnn_transferring_features/cfgs/lr0.00062/ckpt-last.pth
2023-11-06 18:42:28,050 - fewshot_scanobjectnn_transferring_features - INFO - [Training] EPOCH: 98 EpochTime = 1.580 (s) Losses = ['0.0513', '98.9583'] lr = 0.000167
2023-11-06 18:42:29,308 - fewshot_scanobjectnn_transferring_features - INFO - [Validation] EPOCH: 98  acc = 74.0000
2023-11-06 18:42:31,417 - fewshot_scanobjectnn_transferring_features - INFO - Save checkpoint at ./experiments/fewshot_scanobjectnn_transferring_features/cfgs/lr0.00062/ckpt-last.pth
2023-11-06 18:42:32,993 - fewshot_scanobjectnn_transferring_features - INFO - [Training] EPOCH: 99 EpochTime = 1.575 (s) Losses = ['0.0173', '100.0000'] lr = 0.000161
2023-11-06 18:42:34,082 - fewshot_scanobjectnn_transferring_features - INFO - [Validation] EPOCH: 99  acc = 74.0000
2023-11-06 18:42:36,457 - fewshot_scanobjectnn_transferring_features - INFO - Save checkpoint at ./experiments/fewshot_scanobjectnn_transferring_features/cfgs/lr0.00062/ckpt-last.pth
2023-11-06 18:42:37,862 - fewshot_scanobjectnn_transferring_features - INFO - [Training] EPOCH: 100 EpochTime = 1.403 (s) Losses = ['0.0192', '100.0000'] lr = 0.000156
2023-11-06 18:42:38,899 - fewshot_scanobjectnn_transferring_features - INFO - [Validation] EPOCH: 100  acc = 73.0000
2023-11-06 18:42:41,701 - fewshot_scanobjectnn_transferring_features - INFO - Save checkpoint at ./experiments/fewshot_scanobjectnn_transferring_features/cfgs/lr0.00062/ckpt-last.pth
2023-11-06 18:42:43,403 - fewshot_scanobjectnn_transferring_features - INFO - [Training] EPOCH: 101 EpochTime = 1.700 (s) Losses = ['0.0195', '100.0000'] lr = 0.000150
2023-11-06 18:42:44,434 - fewshot_scanobjectnn_transferring_features - INFO - [Validation] EPOCH: 101  acc = 73.0000
2023-11-06 18:42:46,969 - fewshot_scanobjectnn_transferring_features - INFO - Save checkpoint at ./experiments/fewshot_scanobjectnn_transferring_features/cfgs/lr0.00062/ckpt-last.pth
2023-11-06 18:42:48,346 - fewshot_scanobjectnn_transferring_features - INFO - [Training] EPOCH: 102 EpochTime = 1.375 (s) Losses = ['0.0210', '100.0000'] lr = 0.000145
2023-11-06 18:42:49,745 - fewshot_scanobjectnn_transferring_features - INFO - [Validation] EPOCH: 102  acc = 72.0000
2023-11-06 18:42:51,460 - fewshot_scanobjectnn_transferring_features - INFO - Save checkpoint at ./experiments/fewshot_scanobjectnn_transferring_features/cfgs/lr0.00062/ckpt-last.pth
2023-11-06 18:42:52,826 - fewshot_scanobjectnn_transferring_features - INFO - [Training] EPOCH: 103 EpochTime = 1.364 (s) Losses = ['0.0161', '100.0000'] lr = 0.000139
2023-11-06 18:42:54,115 - fewshot_scanobjectnn_transferring_features - INFO - [Validation] EPOCH: 103  acc = 72.0000
2023-11-06 18:42:55,896 - fewshot_scanobjectnn_transferring_features - INFO - Save checkpoint at ./experiments/fewshot_scanobjectnn_transferring_features/cfgs/lr0.00062/ckpt-last.pth
2023-11-06 18:42:57,316 - fewshot_scanobjectnn_transferring_features - INFO - [Training] EPOCH: 104 EpochTime = 1.418 (s) Losses = ['0.0431', '100.0000'] lr = 0.000134
2023-11-06 18:42:58,651 - fewshot_scanobjectnn_transferring_features - INFO - [Validation] EPOCH: 104  acc = 71.0000
2023-11-06 18:43:00,768 - fewshot_scanobjectnn_transferring_features - INFO - Save checkpoint at ./experiments/fewshot_scanobjectnn_transferring_features/cfgs/lr0.00062/ckpt-last.pth
2023-11-06 18:43:02,119 - fewshot_scanobjectnn_transferring_features - INFO - [Training] EPOCH: 105 EpochTime = 1.349 (s) Losses = ['0.0258', '100.0000'] lr = 0.000129
2023-11-06 18:43:03,348 - fewshot_scanobjectnn_transferring_features - INFO - [Validation] EPOCH: 105  acc = 71.0000
2023-11-06 18:43:05,112 - fewshot_scanobjectnn_transferring_features - INFO - Save checkpoint at ./experiments/fewshot_scanobjectnn_transferring_features/cfgs/lr0.00062/ckpt-last.pth
2023-11-06 18:43:06,457 - fewshot_scanobjectnn_transferring_features - INFO - [Training] EPOCH: 106 EpochTime = 1.342 (s) Losses = ['0.0235', '100.0000'] lr = 0.000123
2023-11-06 18:43:07,770 - fewshot_scanobjectnn_transferring_features - INFO - [Validation] EPOCH: 106  acc = 72.0000
2023-11-06 18:43:09,478 - fewshot_scanobjectnn_transferring_features - INFO - Save checkpoint at ./experiments/fewshot_scanobjectnn_transferring_features/cfgs/lr0.00062/ckpt-last.pth
2023-11-06 18:43:10,893 - fewshot_scanobjectnn_transferring_features - INFO - [Training] EPOCH: 107 EpochTime = 1.412 (s) Losses = ['0.0320', '100.0000'] lr = 0.000118
2023-11-06 18:43:12,158 - fewshot_scanobjectnn_transferring_features - INFO - [Validation] EPOCH: 107  acc = 72.0000
2023-11-06 18:43:13,965 - fewshot_scanobjectnn_transferring_features - INFO - Save checkpoint at ./experiments/fewshot_scanobjectnn_transferring_features/cfgs/lr0.00062/ckpt-last.pth
2023-11-06 18:43:15,315 - fewshot_scanobjectnn_transferring_features - INFO - [Training] EPOCH: 108 EpochTime = 1.348 (s) Losses = ['0.0173', '100.0000'] lr = 0.000113
2023-11-06 18:43:16,645 - fewshot_scanobjectnn_transferring_features - INFO - [Validation] EPOCH: 108  acc = 72.0000
2023-11-06 18:43:20,400 - fewshot_scanobjectnn_transferring_features - INFO - Save checkpoint at ./experiments/fewshot_scanobjectnn_transferring_features/cfgs/lr0.00062/ckpt-last.pth
2023-11-06 18:43:22,115 - fewshot_scanobjectnn_transferring_features - INFO - [Training] EPOCH: 109 EpochTime = 1.714 (s) Losses = ['0.0283', '100.0000'] lr = 0.000108
2023-11-06 18:43:23,165 - fewshot_scanobjectnn_transferring_features - INFO - [Validation] EPOCH: 109  acc = 72.0000
2023-11-06 18:43:26,347 - fewshot_scanobjectnn_transferring_features - INFO - Save checkpoint at ./experiments/fewshot_scanobjectnn_transferring_features/cfgs/lr0.00062/ckpt-last.pth
2023-11-06 18:43:28,052 - fewshot_scanobjectnn_transferring_features - INFO - [Training] EPOCH: 110 EpochTime = 1.699 (s) Losses = ['0.0220', '100.0000'] lr = 0.000103
2023-11-06 18:43:29,291 - fewshot_scanobjectnn_transferring_features - INFO - [Validation] EPOCH: 110  acc = 71.0000
2023-11-06 18:43:31,643 - fewshot_scanobjectnn_transferring_features - INFO - Save checkpoint at ./experiments/fewshot_scanobjectnn_transferring_features/cfgs/lr0.00062/ckpt-last.pth
2023-11-06 18:43:32,992 - fewshot_scanobjectnn_transferring_features - INFO - [Training] EPOCH: 111 EpochTime = 1.347 (s) Losses = ['0.0223', '100.0000'] lr = 0.000099
2023-11-06 18:43:34,292 - fewshot_scanobjectnn_transferring_features - INFO - [Validation] EPOCH: 111  acc = 71.0000
2023-11-06 18:43:36,506 - fewshot_scanobjectnn_transferring_features - INFO - Save checkpoint at ./experiments/fewshot_scanobjectnn_transferring_features/cfgs/lr0.00062/ckpt-last.pth
2023-11-06 18:43:38,242 - fewshot_scanobjectnn_transferring_features - INFO - [Training] EPOCH: 112 EpochTime = 1.733 (s) Losses = ['0.0147', '100.0000'] lr = 0.000094
2023-11-06 18:43:39,298 - fewshot_scanobjectnn_transferring_features - INFO - [Validation] EPOCH: 112  acc = 72.0000
2023-11-06 18:43:43,600 - fewshot_scanobjectnn_transferring_features - INFO - Save checkpoint at ./experiments/fewshot_scanobjectnn_transferring_features/cfgs/lr0.00062/ckpt-last.pth
2023-11-06 18:43:45,524 - fewshot_scanobjectnn_transferring_features - INFO - [Training] EPOCH: 113 EpochTime = 1.921 (s) Losses = ['0.0189', '100.0000'] lr = 0.000089
2023-11-06 18:43:46,732 - fewshot_scanobjectnn_transferring_features - INFO - [Validation] EPOCH: 113  acc = 72.0000
2023-11-06 18:43:49,205 - fewshot_scanobjectnn_transferring_features - INFO - Save checkpoint at ./experiments/fewshot_scanobjectnn_transferring_features/cfgs/lr0.00062/ckpt-last.pth
2023-11-06 18:43:51,025 - fewshot_scanobjectnn_transferring_features - INFO - [Training] EPOCH: 114 EpochTime = 1.818 (s) Losses = ['0.0190', '100.0000'] lr = 0.000085
2023-11-06 18:43:52,222 - fewshot_scanobjectnn_transferring_features - INFO - [Validation] EPOCH: 114  acc = 72.0000
2023-11-06 18:43:53,974 - fewshot_scanobjectnn_transferring_features - INFO - Save checkpoint at ./experiments/fewshot_scanobjectnn_transferring_features/cfgs/lr0.00062/ckpt-last.pth
2023-11-06 18:43:55,592 - fewshot_scanobjectnn_transferring_features - INFO - [Training] EPOCH: 115 EpochTime = 1.616 (s) Losses = ['0.0184', '100.0000'] lr = 0.000080
2023-11-06 18:43:56,856 - fewshot_scanobjectnn_transferring_features - INFO - [Validation] EPOCH: 115  acc = 72.0000
2023-11-06 18:43:58,630 - fewshot_scanobjectnn_transferring_features - INFO - Save checkpoint at ./experiments/fewshot_scanobjectnn_transferring_features/cfgs/lr0.00062/ckpt-last.pth
2023-11-06 18:44:00,044 - fewshot_scanobjectnn_transferring_features - INFO - [Training] EPOCH: 116 EpochTime = 1.412 (s) Losses = ['0.0257', '100.0000'] lr = 0.000076
2023-11-06 18:44:01,343 - fewshot_scanobjectnn_transferring_features - INFO - [Validation] EPOCH: 116  acc = 72.0000
2023-11-06 18:44:03,247 - fewshot_scanobjectnn_transferring_features - INFO - Save checkpoint at ./experiments/fewshot_scanobjectnn_transferring_features/cfgs/lr0.00062/ckpt-last.pth
2023-11-06 18:44:04,852 - fewshot_scanobjectnn_transferring_features - INFO - [Training] EPOCH: 117 EpochTime = 1.603 (s) Losses = ['0.0193', '100.0000'] lr = 0.000072
2023-11-06 18:44:05,970 - fewshot_scanobjectnn_transferring_features - INFO - [Validation] EPOCH: 117  acc = 72.0000
2023-11-06 18:44:07,803 - fewshot_scanobjectnn_transferring_features - INFO - Save checkpoint at ./experiments/fewshot_scanobjectnn_transferring_features/cfgs/lr0.00062/ckpt-last.pth
2023-11-06 18:44:09,722 - fewshot_scanobjectnn_transferring_features - INFO - [Training] EPOCH: 118 EpochTime = 1.917 (s) Losses = ['0.0168', '100.0000'] lr = 0.000068
2023-11-06 18:44:10,905 - fewshot_scanobjectnn_transferring_features - INFO - [Validation] EPOCH: 118  acc = 72.0000
2023-11-06 18:44:13,166 - fewshot_scanobjectnn_transferring_features - INFO - Save checkpoint at ./experiments/fewshot_scanobjectnn_transferring_features/cfgs/lr0.00062/ckpt-last.pth
2023-11-06 18:44:14,614 - fewshot_scanobjectnn_transferring_features - INFO - [Training] EPOCH: 119 EpochTime = 1.446 (s) Losses = ['0.0273', '98.9583'] lr = 0.000064
2023-11-06 18:44:15,627 - fewshot_scanobjectnn_transferring_features - INFO - [Validation] EPOCH: 119  acc = 72.0000
2023-11-06 18:44:17,548 - fewshot_scanobjectnn_transferring_features - INFO - Save checkpoint at ./experiments/fewshot_scanobjectnn_transferring_features/cfgs/lr0.00062/ckpt-last.pth
2023-11-06 18:44:19,506 - fewshot_scanobjectnn_transferring_features - INFO - [Training] EPOCH: 120 EpochTime = 1.955 (s) Losses = ['0.0177', '100.0000'] lr = 0.000060
2023-11-06 18:44:20,697 - fewshot_scanobjectnn_transferring_features - INFO - [Validation] EPOCH: 120  acc = 72.0000
2023-11-06 18:44:22,252 - fewshot_scanobjectnn_transferring_features - INFO - Save checkpoint at ./experiments/fewshot_scanobjectnn_transferring_features/cfgs/lr0.00062/ckpt-last.pth
2023-11-06 18:44:23,663 - fewshot_scanobjectnn_transferring_features - INFO - [Training] EPOCH: 121 EpochTime = 1.409 (s) Losses = ['0.0197', '100.0000'] lr = 0.000056
2023-11-06 18:44:24,924 - fewshot_scanobjectnn_transferring_features - INFO - [Validation] EPOCH: 121  acc = 73.0000
2023-11-06 18:44:26,711 - fewshot_scanobjectnn_transferring_features - INFO - Save checkpoint at ./experiments/fewshot_scanobjectnn_transferring_features/cfgs/lr0.00062/ckpt-last.pth
2023-11-06 18:44:28,126 - fewshot_scanobjectnn_transferring_features - INFO - [Training] EPOCH: 122 EpochTime = 1.412 (s) Losses = ['0.0200', '100.0000'] lr = 0.000053
2023-11-06 18:44:29,411 - fewshot_scanobjectnn_transferring_features - INFO - [Validation] EPOCH: 122  acc = 73.0000
2023-11-06 18:44:31,188 - fewshot_scanobjectnn_transferring_features - INFO - Save checkpoint at ./experiments/fewshot_scanobjectnn_transferring_features/cfgs/lr0.00062/ckpt-last.pth
2023-11-06 18:44:32,551 - fewshot_scanobjectnn_transferring_features - INFO - [Training] EPOCH: 123 EpochTime = 1.362 (s) Losses = ['0.0187', '100.0000'] lr = 0.000049
2023-11-06 18:44:33,796 - fewshot_scanobjectnn_transferring_features - INFO - [Validation] EPOCH: 123  acc = 72.0000
2023-11-06 18:44:36,711 - fewshot_scanobjectnn_transferring_features - INFO - Save checkpoint at ./experiments/fewshot_scanobjectnn_transferring_features/cfgs/lr0.00062/ckpt-last.pth
2023-11-06 18:44:38,226 - fewshot_scanobjectnn_transferring_features - INFO - [Training] EPOCH: 124 EpochTime = 1.424 (s) Losses = ['0.0162', '100.0000'] lr = 0.000046
2023-11-06 18:44:39,300 - fewshot_scanobjectnn_transferring_features - INFO - [Validation] EPOCH: 124  acc = 73.0000
2023-11-06 18:44:42,557 - fewshot_scanobjectnn_transferring_features - INFO - Save checkpoint at ./experiments/fewshot_scanobjectnn_transferring_features/cfgs/lr0.00062/ckpt-last.pth
2023-11-06 18:44:43,895 - fewshot_scanobjectnn_transferring_features - INFO - [Training] EPOCH: 125 EpochTime = 1.335 (s) Losses = ['0.0192', '100.0000'] lr = 0.000042
2023-11-06 18:44:45,179 - fewshot_scanobjectnn_transferring_features - INFO - [Validation] EPOCH: 125  acc = 73.0000
2023-11-06 18:44:46,934 - fewshot_scanobjectnn_transferring_features - INFO - Save checkpoint at ./experiments/fewshot_scanobjectnn_transferring_features/cfgs/lr0.00062/ckpt-last.pth
2023-11-06 18:44:48,266 - fewshot_scanobjectnn_transferring_features - INFO - [Training] EPOCH: 126 EpochTime = 1.330 (s) Losses = ['0.0203', '100.0000'] lr = 0.000039
2023-11-06 18:44:49,503 - fewshot_scanobjectnn_transferring_features - INFO - [Validation] EPOCH: 126  acc = 72.0000
2023-11-06 18:44:51,095 - fewshot_scanobjectnn_transferring_features - INFO - Save checkpoint at ./experiments/fewshot_scanobjectnn_transferring_features/cfgs/lr0.00062/ckpt-last.pth
2023-11-06 18:44:52,847 - fewshot_scanobjectnn_transferring_features - INFO - [Training] EPOCH: 127 EpochTime = 1.750 (s) Losses = ['0.0259', '100.0000'] lr = 0.000036
2023-11-06 18:44:54,096 - fewshot_scanobjectnn_transferring_features - INFO - [Validation] EPOCH: 127  acc = 73.0000
2023-11-06 18:44:56,471 - fewshot_scanobjectnn_transferring_features - INFO - Save checkpoint at ./experiments/fewshot_scanobjectnn_transferring_features/cfgs/lr0.00062/ckpt-last.pth
2023-11-06 18:44:57,920 - fewshot_scanobjectnn_transferring_features - INFO - [Training] EPOCH: 128 EpochTime = 1.447 (s) Losses = ['0.0246', '100.0000'] lr = 0.000033
2023-11-06 18:44:59,067 - fewshot_scanobjectnn_transferring_features - INFO - [Validation] EPOCH: 128  acc = 73.0000
2023-11-06 18:45:00,681 - fewshot_scanobjectnn_transferring_features - INFO - Save checkpoint at ./experiments/fewshot_scanobjectnn_transferring_features/cfgs/lr0.00062/ckpt-last.pth
2023-11-06 18:45:02,441 - fewshot_scanobjectnn_transferring_features - INFO - [Training] EPOCH: 129 EpochTime = 1.757 (s) Losses = ['0.0200', '100.0000'] lr = 0.000030
2023-11-06 18:45:03,469 - fewshot_scanobjectnn_transferring_features - INFO - [Validation] EPOCH: 129  acc = 73.0000
2023-11-06 18:45:05,262 - fewshot_scanobjectnn_transferring_features - INFO - Save checkpoint at ./experiments/fewshot_scanobjectnn_transferring_features/cfgs/lr0.00062/ckpt-last.pth
2023-11-06 18:45:06,983 - fewshot_scanobjectnn_transferring_features - INFO - [Training] EPOCH: 130 EpochTime = 1.719 (s) Losses = ['0.0210', '100.0000'] lr = 0.000028
2023-11-06 18:45:08,319 - fewshot_scanobjectnn_transferring_features - INFO - [Validation] EPOCH: 130  acc = 73.0000
2023-11-06 18:45:10,124 - fewshot_scanobjectnn_transferring_features - INFO - Save checkpoint at ./experiments/fewshot_scanobjectnn_transferring_features/cfgs/lr0.00062/ckpt-last.pth
2023-11-06 18:45:11,415 - fewshot_scanobjectnn_transferring_features - INFO - [Training] EPOCH: 131 EpochTime = 1.289 (s) Losses = ['0.0196', '100.0000'] lr = 0.000025
2023-11-06 18:45:12,776 - fewshot_scanobjectnn_transferring_features - INFO - [Validation] EPOCH: 131  acc = 73.0000
2023-11-06 18:45:14,383 - fewshot_scanobjectnn_transferring_features - INFO - Save checkpoint at ./experiments/fewshot_scanobjectnn_transferring_features/cfgs/lr0.00062/ckpt-last.pth
2023-11-06 18:45:15,568 - fewshot_scanobjectnn_transferring_features - INFO - [Training] EPOCH: 132 EpochTime = 1.182 (s) Losses = ['0.0160', '100.0000'] lr = 0.000023
2023-11-06 18:45:16,566 - fewshot_scanobjectnn_transferring_features - INFO - [Validation] EPOCH: 132  acc = 73.0000
2023-11-06 18:45:18,251 - fewshot_scanobjectnn_transferring_features - INFO - Save checkpoint at ./experiments/fewshot_scanobjectnn_transferring_features/cfgs/lr0.00062/ckpt-last.pth
2023-11-06 18:45:19,639 - fewshot_scanobjectnn_transferring_features - INFO - [Training] EPOCH: 133 EpochTime = 1.387 (s) Losses = ['0.0142', '100.0000'] lr = 0.000020
2023-11-06 18:45:20,842 - fewshot_scanobjectnn_transferring_features - INFO - [Validation] EPOCH: 133  acc = 74.0000
2023-11-06 18:45:22,500 - fewshot_scanobjectnn_transferring_features - INFO - Save checkpoint at ./experiments/fewshot_scanobjectnn_transferring_features/cfgs/lr0.00062/ckpt-last.pth
2023-11-06 18:45:23,830 - fewshot_scanobjectnn_transferring_features - INFO - [Training] EPOCH: 134 EpochTime = 1.328 (s) Losses = ['0.0239', '100.0000'] lr = 0.000018
2023-11-06 18:45:25,113 - fewshot_scanobjectnn_transferring_features - INFO - [Validation] EPOCH: 134  acc = 74.0000
2023-11-06 18:45:26,760 - fewshot_scanobjectnn_transferring_features - INFO - Save checkpoint at ./experiments/fewshot_scanobjectnn_transferring_features/cfgs/lr0.00062/ckpt-last.pth
2023-11-06 18:45:28,149 - fewshot_scanobjectnn_transferring_features - INFO - [Training] EPOCH: 135 EpochTime = 1.387 (s) Losses = ['0.0282', '100.0000'] lr = 0.000016
2023-11-06 18:45:29,514 - fewshot_scanobjectnn_transferring_features - INFO - [Validation] EPOCH: 135  acc = 73.0000
2023-11-06 18:45:31,224 - fewshot_scanobjectnn_transferring_features - INFO - Save checkpoint at ./experiments/fewshot_scanobjectnn_transferring_features/cfgs/lr0.00062/ckpt-last.pth
2023-11-06 18:45:32,689 - fewshot_scanobjectnn_transferring_features - INFO - [Training] EPOCH: 136 EpochTime = 1.463 (s) Losses = ['0.0173', '100.0000'] lr = 0.000014
2023-11-06 18:45:33,946 - fewshot_scanobjectnn_transferring_features - INFO - [Validation] EPOCH: 136  acc = 74.0000
2023-11-06 18:45:35,733 - fewshot_scanobjectnn_transferring_features - INFO - Save checkpoint at ./experiments/fewshot_scanobjectnn_transferring_features/cfgs/lr0.00062/ckpt-last.pth
2023-11-06 18:45:36,936 - fewshot_scanobjectnn_transferring_features - INFO - [Training] EPOCH: 137 EpochTime = 1.201 (s) Losses = ['0.0134', '100.0000'] lr = 0.000012
2023-11-06 18:45:38,062 - fewshot_scanobjectnn_transferring_features - INFO - [Validation] EPOCH: 137  acc = 74.0000
2023-11-06 18:45:40,005 - fewshot_scanobjectnn_transferring_features - INFO - Save checkpoint at ./experiments/fewshot_scanobjectnn_transferring_features/cfgs/lr0.00062/ckpt-last.pth
2023-11-06 18:45:41,301 - fewshot_scanobjectnn_transferring_features - INFO - [Training] EPOCH: 138 EpochTime = 1.294 (s) Losses = ['0.0215', '100.0000'] lr = 0.000011
2023-11-06 18:45:42,458 - fewshot_scanobjectnn_transferring_features - INFO - [Validation] EPOCH: 138  acc = 74.0000
2023-11-06 18:45:44,564 - fewshot_scanobjectnn_transferring_features - INFO - Save checkpoint at ./experiments/fewshot_scanobjectnn_transferring_features/cfgs/lr0.00062/ckpt-last.pth
2023-11-06 18:45:45,859 - fewshot_scanobjectnn_transferring_features - INFO - [Training] EPOCH: 139 EpochTime = 1.293 (s) Losses = ['0.0178', '100.0000'] lr = 0.000009
2023-11-06 18:45:47,034 - fewshot_scanobjectnn_transferring_features - INFO - [Validation] EPOCH: 139  acc = 74.0000
2023-11-06 18:45:48,765 - fewshot_scanobjectnn_transferring_features - INFO - Save checkpoint at ./experiments/fewshot_scanobjectnn_transferring_features/cfgs/lr0.00062/ckpt-last.pth
2023-11-06 18:45:50,190 - fewshot_scanobjectnn_transferring_features - INFO - [Training] EPOCH: 140 EpochTime = 1.421 (s) Losses = ['0.0169', '100.0000'] lr = 0.000008
2023-11-06 18:45:51,405 - fewshot_scanobjectnn_transferring_features - INFO - [Validation] EPOCH: 140  acc = 74.0000
2023-11-06 18:45:53,342 - fewshot_scanobjectnn_transferring_features - INFO - Save checkpoint at ./experiments/fewshot_scanobjectnn_transferring_features/cfgs/lr0.00062/ckpt-last.pth
2023-11-06 18:45:54,946 - fewshot_scanobjectnn_transferring_features - INFO - [Training] EPOCH: 141 EpochTime = 1.602 (s) Losses = ['0.0203', '100.0000'] lr = 0.000006
2023-11-06 18:45:56,063 - fewshot_scanobjectnn_transferring_features - INFO - [Validation] EPOCH: 141  acc = 73.0000
2023-11-06 18:45:58,648 - fewshot_scanobjectnn_transferring_features - INFO - Save checkpoint at ./experiments/fewshot_scanobjectnn_transferring_features/cfgs/lr0.00062/ckpt-last.pth
2023-11-06 18:46:01,407 - fewshot_scanobjectnn_transferring_features - INFO - Save checkpoint at ./experiments/fewshot_scanobjectnn_transferring_features/cfgs/lr0.00062/ckpt-epoch-141.pth
2023-11-06 18:46:03,337 - fewshot_scanobjectnn_transferring_features - INFO - [Training] EPOCH: 142 EpochTime = 1.925 (s) Losses = ['0.0253', '100.0000'] lr = 0.000005
2023-11-06 18:46:04,395 - fewshot_scanobjectnn_transferring_features - INFO - [Validation] EPOCH: 142  acc = 74.0000
2023-11-06 18:46:07,225 - fewshot_scanobjectnn_transferring_features - INFO - Save checkpoint at ./experiments/fewshot_scanobjectnn_transferring_features/cfgs/lr0.00062/ckpt-last.pth
2023-11-06 18:46:08,974 - fewshot_scanobjectnn_transferring_features - INFO - Save checkpoint at ./experiments/fewshot_scanobjectnn_transferring_features/cfgs/lr0.00062/ckpt-epoch-142.pth
2023-11-06 18:46:10,424 - fewshot_scanobjectnn_transferring_features - INFO - [Training] EPOCH: 143 EpochTime = 1.448 (s) Losses = ['0.0217', '100.0000'] lr = 0.000004
2023-11-06 18:46:11,740 - fewshot_scanobjectnn_transferring_features - INFO - [Validation] EPOCH: 143  acc = 74.0000
2023-11-06 18:46:13,846 - fewshot_scanobjectnn_transferring_features - INFO - Save checkpoint at ./experiments/fewshot_scanobjectnn_transferring_features/cfgs/lr0.00062/ckpt-last.pth
2023-11-06 18:46:15,642 - fewshot_scanobjectnn_transferring_features - INFO - Save checkpoint at ./experiments/fewshot_scanobjectnn_transferring_features/cfgs/lr0.00062/ckpt-epoch-143.pth
2023-11-06 18:46:17,456 - fewshot_scanobjectnn_transferring_features - INFO - [Training] EPOCH: 144 EpochTime = 1.812 (s) Losses = ['0.0143', '100.0000'] lr = 0.000003
2023-11-06 18:46:18,591 - fewshot_scanobjectnn_transferring_features - INFO - [Validation] EPOCH: 144  acc = 74.0000
2023-11-06 18:46:20,412 - fewshot_scanobjectnn_transferring_features - INFO - Save checkpoint at ./experiments/fewshot_scanobjectnn_transferring_features/cfgs/lr0.00062/ckpt-last.pth
2023-11-06 18:46:22,226 - fewshot_scanobjectnn_transferring_features - INFO - Save checkpoint at ./experiments/fewshot_scanobjectnn_transferring_features/cfgs/lr0.00062/ckpt-epoch-144.pth
2023-11-06 18:46:24,117 - fewshot_scanobjectnn_transferring_features - INFO - [Training] EPOCH: 145 EpochTime = 1.888 (s) Losses = ['0.0226', '100.0000'] lr = 0.000003
2023-11-06 18:46:25,310 - fewshot_scanobjectnn_transferring_features - INFO - [Validation] EPOCH: 145  acc = 74.0000
2023-11-06 18:46:27,582 - fewshot_scanobjectnn_transferring_features - INFO - Save checkpoint at ./experiments/fewshot_scanobjectnn_transferring_features/cfgs/lr0.00062/ckpt-last.pth
2023-11-06 18:46:29,338 - fewshot_scanobjectnn_transferring_features - INFO - Save checkpoint at ./experiments/fewshot_scanobjectnn_transferring_features/cfgs/lr0.00062/ckpt-epoch-145.pth
2023-11-06 18:46:30,529 - fewshot_scanobjectnn_transferring_features - INFO - [Training] EPOCH: 146 EpochTime = 1.189 (s) Losses = ['0.0193', '100.0000'] lr = 0.000002
2023-11-06 18:46:31,824 - fewshot_scanobjectnn_transferring_features - INFO - [Validation] EPOCH: 146  acc = 74.0000
2023-11-06 18:46:34,478 - fewshot_scanobjectnn_transferring_features - INFO - Save checkpoint at ./experiments/fewshot_scanobjectnn_transferring_features/cfgs/lr0.00062/ckpt-last.pth
2023-11-06 18:46:36,093 - fewshot_scanobjectnn_transferring_features - INFO - Save checkpoint at ./experiments/fewshot_scanobjectnn_transferring_features/cfgs/lr0.00062/ckpt-epoch-146.pth
2023-11-06 18:46:37,925 - fewshot_scanobjectnn_transferring_features - INFO - [Training] EPOCH: 147 EpochTime = 1.830 (s) Losses = ['0.0136', '100.0000'] lr = 0.000002
2023-11-06 18:46:39,007 - fewshot_scanobjectnn_transferring_features - INFO - [Validation] EPOCH: 147  acc = 74.0000
2023-11-06 18:46:41,056 - fewshot_scanobjectnn_transferring_features - INFO - Save checkpoint at ./experiments/fewshot_scanobjectnn_transferring_features/cfgs/lr0.00062/ckpt-last.pth
2023-11-06 18:46:43,342 - fewshot_scanobjectnn_transferring_features - INFO - Save checkpoint at ./experiments/fewshot_scanobjectnn_transferring_features/cfgs/lr0.00062/ckpt-epoch-147.pth
2023-11-06 18:46:44,806 - fewshot_scanobjectnn_transferring_features - INFO - [Training] EPOCH: 148 EpochTime = 1.461 (s) Losses = ['0.0263', '100.0000'] lr = 0.000001
2023-11-06 18:46:45,897 - fewshot_scanobjectnn_transferring_features - INFO - [Validation] EPOCH: 148  acc = 74.0000
2023-11-06 18:46:47,968 - fewshot_scanobjectnn_transferring_features - INFO - Save checkpoint at ./experiments/fewshot_scanobjectnn_transferring_features/cfgs/lr0.00062/ckpt-last.pth
2023-11-06 18:46:49,858 - fewshot_scanobjectnn_transferring_features - INFO - Save checkpoint at ./experiments/fewshot_scanobjectnn_transferring_features/cfgs/lr0.00062/ckpt-epoch-148.pth
2023-11-06 18:46:51,197 - fewshot_scanobjectnn_transferring_features - INFO - [Training] EPOCH: 149 EpochTime = 1.337 (s) Losses = ['0.0163', '100.0000'] lr = 0.000001
2023-11-06 18:46:52,465 - fewshot_scanobjectnn_transferring_features - INFO - [Validation] EPOCH: 149  acc = 73.0000
2023-11-06 18:46:54,304 - fewshot_scanobjectnn_transferring_features - INFO - Save checkpoint at ./experiments/fewshot_scanobjectnn_transferring_features/cfgs/lr0.00062/ckpt-last.pth
2023-11-06 18:46:56,007 - fewshot_scanobjectnn_transferring_features - INFO - Save checkpoint at ./experiments/fewshot_scanobjectnn_transferring_features/cfgs/lr0.00062/ckpt-epoch-149.pth
2023-11-06 18:46:57,731 - fewshot_scanobjectnn_transferring_features - INFO - [Training] EPOCH: 150 EpochTime = 1.721 (s) Losses = ['0.0203', '100.0000'] lr = 0.000001
2023-11-06 18:46:58,886 - fewshot_scanobjectnn_transferring_features - INFO - [Validation] EPOCH: 150  acc = 73.0000
2023-11-06 18:47:00,614 - fewshot_scanobjectnn_transferring_features - INFO - Save checkpoint at ./experiments/fewshot_scanobjectnn_transferring_features/cfgs/lr0.00062/ckpt-last.pth
2023-11-06 18:47:02,924 - fewshot_scanobjectnn_transferring_features - INFO - Save checkpoint at ./experiments/fewshot_scanobjectnn_transferring_features/cfgs/lr0.00062/ckpt-epoch-150.pth
