2023-11-02 21:54:02,768 - fewshot_scanobjectnn_transferring_features - INFO - Copy the Config file from cfgs/fewshot_scanobjectnn_transferring_features.yaml to ./experiments/fewshot_scanobjectnn_transferring_features/cfgs/lr0.00065/config.yaml
2023-11-02 21:54:02,768 - fewshot_scanobjectnn_transferring_features - INFO - args.config : cfgs/fewshot_scanobjectnn_transferring_features.yaml
2023-11-02 21:54:02,768 - fewshot_scanobjectnn_transferring_features - INFO - args.launcher : none
2023-11-02 21:54:02,768 - fewshot_scanobjectnn_transferring_features - INFO - args.local_rank : 0
2023-11-02 21:54:02,768 - fewshot_scanobjectnn_transferring_features - INFO - args.num_workers : 8
2023-11-02 21:54:02,769 - fewshot_scanobjectnn_transferring_features - INFO - args.seed : 0
2023-11-02 21:54:02,769 - fewshot_scanobjectnn_transferring_features - INFO - args.deterministic : False
2023-11-02 21:54:02,769 - fewshot_scanobjectnn_transferring_features - INFO - args.sync_bn : True
2023-11-02 21:54:02,769 - fewshot_scanobjectnn_transferring_features - INFO - args.large_group : 5
2023-11-02 21:54:02,769 - fewshot_scanobjectnn_transferring_features - INFO - args.small_group : 10
2023-11-02 21:54:02,769 - fewshot_scanobjectnn_transferring_features - INFO - args.large_patch : 6
2023-11-02 21:54:02,769 - fewshot_scanobjectnn_transferring_features - INFO - args.small_patch : 3
2023-11-02 21:54:02,769 - fewshot_scanobjectnn_transferring_features - INFO - args.queue_length : 8192
2023-11-02 21:54:02,769 - fewshot_scanobjectnn_transferring_features - INFO - args.epoch_queue_starts : 10
2023-11-02 21:54:02,769 - fewshot_scanobjectnn_transferring_features - INFO - args.nmb_crops : 64
2023-11-02 21:54:02,769 - fewshot_scanobjectnn_transferring_features - INFO - args.sample_num : 16
2023-11-02 21:54:02,769 - fewshot_scanobjectnn_transferring_features - INFO - args.fea_dim : 384
2023-11-02 21:54:02,769 - fewshot_scanobjectnn_transferring_features - INFO - args.hidden_mlp : 256
2023-11-02 21:54:02,770 - fewshot_scanobjectnn_transferring_features - INFO - args.output_dim : 128
2023-11-02 21:54:02,770 - fewshot_scanobjectnn_transferring_features - INFO - args.nmb_prototypes : 200
2023-11-02 21:54:02,770 - fewshot_scanobjectnn_transferring_features - INFO - args.temperature : 0.1
2023-11-02 21:54:02,770 - fewshot_scanobjectnn_transferring_features - INFO - args.epsilon : 0.05
2023-11-02 21:54:02,770 - fewshot_scanobjectnn_transferring_features - INFO - args.sinkhorn_iterations : 3
2023-11-02 21:54:02,770 - fewshot_scanobjectnn_transferring_features - INFO - args.world_size : 1
2023-11-02 21:54:02,770 - fewshot_scanobjectnn_transferring_features - INFO - args.exp_name : lr0.00065
2023-11-02 21:54:02,770 - fewshot_scanobjectnn_transferring_features - INFO - args.loss : cd1
2023-11-02 21:54:02,770 - fewshot_scanobjectnn_transferring_features - INFO - args.start_ckpts : None
2023-11-02 21:54:02,770 - fewshot_scanobjectnn_transferring_features - INFO - args.ckpts : ./experiments/pretrain_MaskSurf/cfgs/add_as_normal/ckpt-last.pth
2023-11-02 21:54:02,770 - fewshot_scanobjectnn_transferring_features - INFO - args.val_freq : 1
2023-11-02 21:54:02,770 - fewshot_scanobjectnn_transferring_features - INFO - args.vote : False
2023-11-02 21:54:02,770 - fewshot_scanobjectnn_transferring_features - INFO - args.resume : False
2023-11-02 21:54:02,770 - fewshot_scanobjectnn_transferring_features - INFO - args.test : False
2023-11-02 21:54:02,771 - fewshot_scanobjectnn_transferring_features - INFO - args.finetune_model : True
2023-11-02 21:54:02,771 - fewshot_scanobjectnn_transferring_features - INFO - args.scratch_model : False
2023-11-02 21:54:02,771 - fewshot_scanobjectnn_transferring_features - INFO - args.mode : None
2023-11-02 21:54:02,771 - fewshot_scanobjectnn_transferring_features - INFO - args.way : 5
2023-11-02 21:54:02,771 - fewshot_scanobjectnn_transferring_features - INFO - args.shot : 10
2023-11-02 21:54:02,771 - fewshot_scanobjectnn_transferring_features - INFO - args.fold : 4
2023-11-02 21:54:02,771 - fewshot_scanobjectnn_transferring_features - INFO - args.experiment_path : ./experiments/fewshot_scanobjectnn_transferring_features/cfgs/lr0.00065
2023-11-02 21:54:02,771 - fewshot_scanobjectnn_transferring_features - INFO - args.tfboard_path : ./experiments/fewshot_scanobjectnn_transferring_features/cfgs/TFBoard/lr0.00065
2023-11-02 21:54:02,771 - fewshot_scanobjectnn_transferring_features - INFO - args.log_name : fewshot_scanobjectnn_transferring_features
2023-11-02 21:54:02,771 - fewshot_scanobjectnn_transferring_features - INFO - args.use_gpu : True
2023-11-02 21:54:02,771 - fewshot_scanobjectnn_transferring_features - INFO - args.distributed : False
2023-11-02 21:54:02,771 - fewshot_scanobjectnn_transferring_features - INFO - config.optimizer = edict()
2023-11-02 21:54:02,771 - fewshot_scanobjectnn_transferring_features - INFO - config.optimizer.type : AdamW
2023-11-02 21:54:02,771 - fewshot_scanobjectnn_transferring_features - INFO - config.optimizer.part : all
2023-11-02 21:54:02,772 - fewshot_scanobjectnn_transferring_features - INFO - config.optimizer.kwargs = edict()
2023-11-02 21:54:02,772 - fewshot_scanobjectnn_transferring_features - INFO - config.optimizer.kwargs.lr : 0.00065
2023-11-02 21:54:02,772 - fewshot_scanobjectnn_transferring_features - INFO - config.optimizer.kwargs.weight_decay : 0.05
2023-11-02 21:54:02,772 - fewshot_scanobjectnn_transferring_features - INFO - config.scheduler = edict()
2023-11-02 21:54:02,772 - fewshot_scanobjectnn_transferring_features - INFO - config.scheduler.type : CosLR
2023-11-02 21:54:02,772 - fewshot_scanobjectnn_transferring_features - INFO - config.scheduler.kwargs = edict()
2023-11-02 21:54:02,772 - fewshot_scanobjectnn_transferring_features - INFO - config.scheduler.kwargs.epochs : 150
2023-11-02 21:54:02,772 - fewshot_scanobjectnn_transferring_features - INFO - config.scheduler.kwargs.initial_epochs : 10
2023-11-02 21:54:02,772 - fewshot_scanobjectnn_transferring_features - INFO - config.dataset = edict()
2023-11-02 21:54:02,772 - fewshot_scanobjectnn_transferring_features - INFO - config.dataset.train = edict()
2023-11-02 21:54:02,772 - fewshot_scanobjectnn_transferring_features - INFO - config.dataset.train._base_ = edict()
2023-11-02 21:54:02,772 - fewshot_scanobjectnn_transferring_features - INFO - config.dataset.train._base_.NAME : ModelNetFewShot
2023-11-02 21:54:02,772 - fewshot_scanobjectnn_transferring_features - INFO - config.dataset.train._base_.DATA_PATH : data/ScanObjectNN_hardest_fewshot
2023-11-02 21:54:02,773 - fewshot_scanobjectnn_transferring_features - INFO - config.dataset.train._base_.N_POINTS : 2048
2023-11-02 21:54:02,773 - fewshot_scanobjectnn_transferring_features - INFO - config.dataset.train._base_.NUM_CATEGORY : 15
2023-11-02 21:54:02,773 - fewshot_scanobjectnn_transferring_features - INFO - config.dataset.train._base_.USE_NORMALS : False
2023-11-02 21:54:02,773 - fewshot_scanobjectnn_transferring_features - INFO - config.dataset.train.others = edict()
2023-11-02 21:54:02,773 - fewshot_scanobjectnn_transferring_features - INFO - config.dataset.train.others.subset : train
2023-11-02 21:54:02,773 - fewshot_scanobjectnn_transferring_features - INFO - config.dataset.train.others.bs : 32
2023-11-02 21:54:02,773 - fewshot_scanobjectnn_transferring_features - INFO - config.dataset.val = edict()
2023-11-02 21:54:02,773 - fewshot_scanobjectnn_transferring_features - INFO - config.dataset.val._base_ = edict()
2023-11-02 21:54:02,773 - fewshot_scanobjectnn_transferring_features - INFO - config.dataset.val._base_.NAME : ModelNetFewShot
2023-11-02 21:54:02,773 - fewshot_scanobjectnn_transferring_features - INFO - config.dataset.val._base_.DATA_PATH : data/ScanObjectNN_hardest_fewshot
2023-11-02 21:54:02,773 - fewshot_scanobjectnn_transferring_features - INFO - config.dataset.val._base_.N_POINTS : 2048
2023-11-02 21:54:02,773 - fewshot_scanobjectnn_transferring_features - INFO - config.dataset.val._base_.NUM_CATEGORY : 15
2023-11-02 21:54:02,773 - fewshot_scanobjectnn_transferring_features - INFO - config.dataset.val._base_.USE_NORMALS : False
2023-11-02 21:54:02,773 - fewshot_scanobjectnn_transferring_features - INFO - config.dataset.val.others = edict()
2023-11-02 21:54:02,774 - fewshot_scanobjectnn_transferring_features - INFO - config.dataset.val.others.subset : test
2023-11-02 21:54:02,774 - fewshot_scanobjectnn_transferring_features - INFO - config.dataset.val.others.bs : 64
2023-11-02 21:54:02,774 - fewshot_scanobjectnn_transferring_features - INFO - config.dataset.test = edict()
2023-11-02 21:54:02,774 - fewshot_scanobjectnn_transferring_features - INFO - config.dataset.test._base_ = edict()
2023-11-02 21:54:02,774 - fewshot_scanobjectnn_transferring_features - INFO - config.dataset.test._base_.NAME : ScanObjectNN_hardest
2023-11-02 21:54:02,774 - fewshot_scanobjectnn_transferring_features - INFO - config.dataset.test._base_.ROOT : data/ScanObjectNN/main_split
2023-11-02 21:54:02,774 - fewshot_scanobjectnn_transferring_features - INFO - config.dataset.test.others = edict()
2023-11-02 21:54:02,774 - fewshot_scanobjectnn_transferring_features - INFO - config.dataset.test.others.subset : test
2023-11-02 21:54:02,774 - fewshot_scanobjectnn_transferring_features - INFO - config.dataset.test.others.bs : 32
2023-11-02 21:54:02,774 - fewshot_scanobjectnn_transferring_features - INFO - config.model = edict()
2023-11-02 21:54:02,774 - fewshot_scanobjectnn_transferring_features - INFO - config.model.NAME : PointTransformer
2023-11-02 21:54:02,774 - fewshot_scanobjectnn_transferring_features - INFO - config.model.trans_dim : 384
2023-11-02 21:54:02,774 - fewshot_scanobjectnn_transferring_features - INFO - config.model.depth : 12
2023-11-02 21:54:02,775 - fewshot_scanobjectnn_transferring_features - INFO - config.model.drop_path_rate : 0.1
2023-11-02 21:54:02,775 - fewshot_scanobjectnn_transferring_features - INFO - config.model.cls_dim : 40
2023-11-02 21:54:02,775 - fewshot_scanobjectnn_transferring_features - INFO - config.model.num_heads : 6
2023-11-02 21:54:02,775 - fewshot_scanobjectnn_transferring_features - INFO - config.model.group_size : 32
2023-11-02 21:54:02,775 - fewshot_scanobjectnn_transferring_features - INFO - config.model.num_group : 64
2023-11-02 21:54:02,775 - fewshot_scanobjectnn_transferring_features - INFO - config.model.encoder_dims : 384
2023-11-02 21:54:02,775 - fewshot_scanobjectnn_transferring_features - INFO - config.npoints : 1024
2023-11-02 21:54:02,775 - fewshot_scanobjectnn_transferring_features - INFO - config.total_bs : 32
2023-11-02 21:54:02,775 - fewshot_scanobjectnn_transferring_features - INFO - config.step_per_update : 1
2023-11-02 21:54:02,775 - fewshot_scanobjectnn_transferring_features - INFO - config.max_epoch : 150
2023-11-02 21:54:02,775 - fewshot_scanobjectnn_transferring_features - INFO - config.grad_norm_clip : 10
2023-11-02 21:54:02,775 - fewshot_scanobjectnn_transferring_features - INFO - Distributed training: False
2023-11-02 21:54:02,775 - fewshot_scanobjectnn_transferring_features - INFO - Set random seed to 0, deterministic: False
2023-11-02 21:54:04,965 - fewshot_scanobjectnn_transferring_features - INFO - Using Data parallel ...
2023-11-02 21:54:10,034 - fewshot_scanobjectnn_transferring_features - INFO - [Training] EPOCH: 0 EpochTime = 5.062 (s) Losses = ['3.7541', '0.0000'] lr = 0.000001
2023-11-02 21:54:13,019 - fewshot_scanobjectnn_transferring_features - INFO - Save checkpoint at ./experiments/fewshot_scanobjectnn_transferring_features/cfgs/lr0.00065/ckpt-last.pth
2023-11-02 21:54:14,126 - fewshot_scanobjectnn_transferring_features - INFO - [Training] EPOCH: 1 EpochTime = 1.105 (s) Losses = ['3.7401', '3.1250'] lr = 0.000066
2023-11-02 21:54:16,382 - fewshot_scanobjectnn_transferring_features - INFO - [Validation] EPOCH: 1  acc = 0.0000
2023-11-02 21:54:18,069 - fewshot_scanobjectnn_transferring_features - INFO - Save checkpoint at ./experiments/fewshot_scanobjectnn_transferring_features/cfgs/lr0.00065/ckpt-last.pth
2023-11-02 21:54:19,349 - fewshot_scanobjectnn_transferring_features - INFO - [Training] EPOCH: 2 EpochTime = 1.278 (s) Losses = ['3.7348', '6.2500'] lr = 0.000131
2023-11-02 21:54:20,383 - fewshot_scanobjectnn_transferring_features - INFO - [Validation] EPOCH: 2  acc = 0.0000
2023-11-02 21:54:24,704 - fewshot_scanobjectnn_transferring_features - INFO - Save checkpoint at ./experiments/fewshot_scanobjectnn_transferring_features/cfgs/lr0.00065/ckpt-last.pth
2023-11-02 21:54:25,878 - fewshot_scanobjectnn_transferring_features - INFO - [Training] EPOCH: 3 EpochTime = 1.173 (s) Losses = ['3.6825', '3.1250'] lr = 0.000196
2023-11-02 21:54:27,250 - fewshot_scanobjectnn_transferring_features - INFO - [Validation] EPOCH: 3  acc = 0.0000
2023-11-02 21:54:31,164 - fewshot_scanobjectnn_transferring_features - INFO - Save checkpoint at ./experiments/fewshot_scanobjectnn_transferring_features/cfgs/lr0.00065/ckpt-last.pth
2023-11-02 21:54:32,143 - fewshot_scanobjectnn_transferring_features - INFO - [Training] EPOCH: 4 EpochTime = 0.977 (s) Losses = ['3.7533', '6.2500'] lr = 0.000261
2023-11-02 21:54:33,186 - fewshot_scanobjectnn_transferring_features - INFO - [Validation] EPOCH: 4  acc = 1.0000
2023-11-02 21:54:37,448 - fewshot_scanobjectnn_transferring_features - INFO - Save checkpoint at ./experiments/fewshot_scanobjectnn_transferring_features/cfgs/lr0.00065/ckpt-best.pth
2023-11-02 21:54:37,448 - fewshot_scanobjectnn_transferring_features - INFO - --------------------------------------------------------------------------------------------
2023-11-02 21:54:42,452 - fewshot_scanobjectnn_transferring_features - INFO - Save checkpoint at ./experiments/fewshot_scanobjectnn_transferring_features/cfgs/lr0.00065/ckpt-last.pth
2023-11-02 21:54:43,511 - fewshot_scanobjectnn_transferring_features - INFO - [Training] EPOCH: 5 EpochTime = 1.056 (s) Losses = ['3.6060', '9.3750'] lr = 0.000325
2023-11-02 21:54:44,655 - fewshot_scanobjectnn_transferring_features - INFO - [Validation] EPOCH: 5  acc = 2.0000
2023-11-02 21:54:49,187 - fewshot_scanobjectnn_transferring_features - INFO - Save checkpoint at ./experiments/fewshot_scanobjectnn_transferring_features/cfgs/lr0.00065/ckpt-best.pth
2023-11-02 21:54:49,188 - fewshot_scanobjectnn_transferring_features - INFO - --------------------------------------------------------------------------------------------
2023-11-02 21:54:54,334 - fewshot_scanobjectnn_transferring_features - INFO - Save checkpoint at ./experiments/fewshot_scanobjectnn_transferring_features/cfgs/lr0.00065/ckpt-last.pth
2023-11-02 21:54:55,418 - fewshot_scanobjectnn_transferring_features - INFO - [Training] EPOCH: 6 EpochTime = 1.082 (s) Losses = ['3.4862', '6.2500'] lr = 0.000390
2023-11-02 21:54:56,462 - fewshot_scanobjectnn_transferring_features - INFO - [Validation] EPOCH: 6  acc = 6.0000
2023-11-02 21:55:01,118 - fewshot_scanobjectnn_transferring_features - INFO - Save checkpoint at ./experiments/fewshot_scanobjectnn_transferring_features/cfgs/lr0.00065/ckpt-best.pth
2023-11-02 21:55:01,206 - fewshot_scanobjectnn_transferring_features - INFO - --------------------------------------------------------------------------------------------
2023-11-02 21:55:07,098 - fewshot_scanobjectnn_transferring_features - INFO - Save checkpoint at ./experiments/fewshot_scanobjectnn_transferring_features/cfgs/lr0.00065/ckpt-last.pth
2023-11-02 21:55:08,451 - fewshot_scanobjectnn_transferring_features - INFO - [Training] EPOCH: 7 EpochTime = 1.351 (s) Losses = ['3.3260', '15.6250'] lr = 0.000455
2023-11-02 21:55:09,528 - fewshot_scanobjectnn_transferring_features - INFO - [Validation] EPOCH: 7  acc = 18.0000
2023-11-02 21:55:15,063 - fewshot_scanobjectnn_transferring_features - INFO - Save checkpoint at ./experiments/fewshot_scanobjectnn_transferring_features/cfgs/lr0.00065/ckpt-best.pth
2023-11-02 21:55:15,063 - fewshot_scanobjectnn_transferring_features - INFO - --------------------------------------------------------------------------------------------
2023-11-02 21:55:18,912 - fewshot_scanobjectnn_transferring_features - INFO - Save checkpoint at ./experiments/fewshot_scanobjectnn_transferring_features/cfgs/lr0.00065/ckpt-last.pth
2023-11-02 21:55:20,194 - fewshot_scanobjectnn_transferring_features - INFO - [Training] EPOCH: 8 EpochTime = 1.280 (s) Losses = ['3.2219', '18.7500'] lr = 0.000520
2023-11-02 21:55:21,273 - fewshot_scanobjectnn_transferring_features - INFO - [Validation] EPOCH: 8  acc = 24.0000
2023-11-02 21:55:26,206 - fewshot_scanobjectnn_transferring_features - INFO - Save checkpoint at ./experiments/fewshot_scanobjectnn_transferring_features/cfgs/lr0.00065/ckpt-best.pth
2023-11-02 21:55:26,206 - fewshot_scanobjectnn_transferring_features - INFO - --------------------------------------------------------------------------------------------
2023-11-02 21:55:28,468 - fewshot_scanobjectnn_transferring_features - INFO - Save checkpoint at ./experiments/fewshot_scanobjectnn_transferring_features/cfgs/lr0.00065/ckpt-last.pth
2023-11-02 21:55:29,481 - fewshot_scanobjectnn_transferring_features - INFO - [Training] EPOCH: 9 EpochTime = 1.011 (s) Losses = ['3.0031', '28.1250'] lr = 0.000585
2023-11-02 21:55:30,659 - fewshot_scanobjectnn_transferring_features - INFO - [Validation] EPOCH: 9  acc = 29.0000
2023-11-02 21:55:36,521 - fewshot_scanobjectnn_transferring_features - INFO - Save checkpoint at ./experiments/fewshot_scanobjectnn_transferring_features/cfgs/lr0.00065/ckpt-best.pth
2023-11-02 21:55:36,569 - fewshot_scanobjectnn_transferring_features - INFO - --------------------------------------------------------------------------------------------
2023-11-02 21:55:39,735 - fewshot_scanobjectnn_transferring_features - INFO - Save checkpoint at ./experiments/fewshot_scanobjectnn_transferring_features/cfgs/lr0.00065/ckpt-last.pth
2023-11-02 21:55:40,794 - fewshot_scanobjectnn_transferring_features - INFO - [Training] EPOCH: 10 EpochTime = 1.057 (s) Losses = ['2.9214', '34.3750'] lr = 0.000643
2023-11-02 21:55:42,204 - fewshot_scanobjectnn_transferring_features - INFO - [Validation] EPOCH: 10  acc = 34.0000
2023-11-02 21:55:45,704 - fewshot_scanobjectnn_transferring_features - INFO - Save checkpoint at ./experiments/fewshot_scanobjectnn_transferring_features/cfgs/lr0.00065/ckpt-best.pth
2023-11-02 21:55:45,705 - fewshot_scanobjectnn_transferring_features - INFO - --------------------------------------------------------------------------------------------
2023-11-02 21:55:50,326 - fewshot_scanobjectnn_transferring_features - INFO - Save checkpoint at ./experiments/fewshot_scanobjectnn_transferring_features/cfgs/lr0.00065/ckpt-last.pth
2023-11-02 21:55:51,292 - fewshot_scanobjectnn_transferring_features - INFO - [Training] EPOCH: 11 EpochTime = 0.963 (s) Losses = ['2.7885', '43.7500'] lr = 0.000641
2023-11-02 21:55:52,669 - fewshot_scanobjectnn_transferring_features - INFO - [Validation] EPOCH: 11  acc = 39.0000
2023-11-02 21:55:54,424 - fewshot_scanobjectnn_transferring_features - INFO - Save checkpoint at ./experiments/fewshot_scanobjectnn_transferring_features/cfgs/lr0.00065/ckpt-best.pth
2023-11-02 21:55:54,424 - fewshot_scanobjectnn_transferring_features - INFO - --------------------------------------------------------------------------------------------
2023-11-02 21:55:58,100 - fewshot_scanobjectnn_transferring_features - INFO - Save checkpoint at ./experiments/fewshot_scanobjectnn_transferring_features/cfgs/lr0.00065/ckpt-last.pth
2023-11-02 21:55:59,244 - fewshot_scanobjectnn_transferring_features - INFO - [Training] EPOCH: 12 EpochTime = 1.142 (s) Losses = ['2.6314', '56.2500'] lr = 0.000640
2023-11-02 21:56:00,421 - fewshot_scanobjectnn_transferring_features - INFO - [Validation] EPOCH: 12  acc = 42.0000
2023-11-02 21:56:03,114 - fewshot_scanobjectnn_transferring_features - INFO - Save checkpoint at ./experiments/fewshot_scanobjectnn_transferring_features/cfgs/lr0.00065/ckpt-best.pth
2023-11-02 21:56:03,115 - fewshot_scanobjectnn_transferring_features - INFO - --------------------------------------------------------------------------------------------
2023-11-02 21:56:08,753 - fewshot_scanobjectnn_transferring_features - INFO - Save checkpoint at ./experiments/fewshot_scanobjectnn_transferring_features/cfgs/lr0.00065/ckpt-last.pth
2023-11-02 21:56:09,711 - fewshot_scanobjectnn_transferring_features - INFO - [Training] EPOCH: 13 EpochTime = 0.956 (s) Losses = ['2.3555', '68.7500'] lr = 0.000638
2023-11-02 21:56:10,768 - fewshot_scanobjectnn_transferring_features - INFO - [Validation] EPOCH: 13  acc = 40.0000
2023-11-02 21:56:14,626 - fewshot_scanobjectnn_transferring_features - INFO - Save checkpoint at ./experiments/fewshot_scanobjectnn_transferring_features/cfgs/lr0.00065/ckpt-last.pth
2023-11-02 21:56:15,571 - fewshot_scanobjectnn_transferring_features - INFO - [Training] EPOCH: 14 EpochTime = 0.943 (s) Losses = ['2.3606', '62.5000'] lr = 0.000636
2023-11-02 21:56:16,840 - fewshot_scanobjectnn_transferring_features - INFO - [Validation] EPOCH: 14  acc = 39.0000
2023-11-02 21:56:20,092 - fewshot_scanobjectnn_transferring_features - INFO - Save checkpoint at ./experiments/fewshot_scanobjectnn_transferring_features/cfgs/lr0.00065/ckpt-last.pth
2023-11-02 21:56:21,225 - fewshot_scanobjectnn_transferring_features - INFO - [Training] EPOCH: 15 EpochTime = 1.131 (s) Losses = ['2.3068', '56.2500'] lr = 0.000634
2023-11-02 21:56:22,312 - fewshot_scanobjectnn_transferring_features - INFO - [Validation] EPOCH: 15  acc = 44.0000
2023-11-02 21:56:26,446 - fewshot_scanobjectnn_transferring_features - INFO - Save checkpoint at ./experiments/fewshot_scanobjectnn_transferring_features/cfgs/lr0.00065/ckpt-best.pth
2023-11-02 21:56:26,447 - fewshot_scanobjectnn_transferring_features - INFO - --------------------------------------------------------------------------------------------
2023-11-02 21:56:29,413 - fewshot_scanobjectnn_transferring_features - INFO - Save checkpoint at ./experiments/fewshot_scanobjectnn_transferring_features/cfgs/lr0.00065/ckpt-last.pth
2023-11-02 21:56:30,448 - fewshot_scanobjectnn_transferring_features - INFO - [Training] EPOCH: 16 EpochTime = 1.033 (s) Losses = ['2.0483', '78.1250'] lr = 0.000632
2023-11-02 21:56:31,782 - fewshot_scanobjectnn_transferring_features - INFO - [Validation] EPOCH: 16  acc = 43.0000
2023-11-02 21:56:36,362 - fewshot_scanobjectnn_transferring_features - INFO - Save checkpoint at ./experiments/fewshot_scanobjectnn_transferring_features/cfgs/lr0.00065/ckpt-last.pth
2023-11-02 21:56:37,388 - fewshot_scanobjectnn_transferring_features - INFO - [Training] EPOCH: 17 EpochTime = 1.025 (s) Losses = ['1.9758', '71.8750'] lr = 0.000630
2023-11-02 21:56:38,481 - fewshot_scanobjectnn_transferring_features - INFO - [Validation] EPOCH: 17  acc = 42.0000
2023-11-02 21:56:43,222 - fewshot_scanobjectnn_transferring_features - INFO - Save checkpoint at ./experiments/fewshot_scanobjectnn_transferring_features/cfgs/lr0.00065/ckpt-last.pth
2023-11-02 21:56:44,199 - fewshot_scanobjectnn_transferring_features - INFO - [Training] EPOCH: 18 EpochTime = 0.974 (s) Losses = ['1.7652', '78.1250'] lr = 0.000627
2023-11-02 21:56:45,549 - fewshot_scanobjectnn_transferring_features - INFO - [Validation] EPOCH: 18  acc = 43.0000
2023-11-02 21:56:49,969 - fewshot_scanobjectnn_transferring_features - INFO - Save checkpoint at ./experiments/fewshot_scanobjectnn_transferring_features/cfgs/lr0.00065/ckpt-last.pth
2023-11-02 21:56:51,000 - fewshot_scanobjectnn_transferring_features - INFO - [Training] EPOCH: 19 EpochTime = 1.029 (s) Losses = ['1.7261', '81.2500'] lr = 0.000625
2023-11-02 21:56:52,053 - fewshot_scanobjectnn_transferring_features - INFO - [Validation] EPOCH: 19  acc = 42.0000
2023-11-02 21:56:54,831 - fewshot_scanobjectnn_transferring_features - INFO - Save checkpoint at ./experiments/fewshot_scanobjectnn_transferring_features/cfgs/lr0.00065/ckpt-last.pth
2023-11-02 21:56:55,825 - fewshot_scanobjectnn_transferring_features - INFO - [Training] EPOCH: 20 EpochTime = 0.992 (s) Losses = ['1.7046', '59.3750'] lr = 0.000622
2023-11-02 21:56:56,853 - fewshot_scanobjectnn_transferring_features - INFO - [Validation] EPOCH: 20  acc = 43.0000
2023-11-02 21:57:00,757 - fewshot_scanobjectnn_transferring_features - INFO - Save checkpoint at ./experiments/fewshot_scanobjectnn_transferring_features/cfgs/lr0.00065/ckpt-last.pth
2023-11-02 21:57:01,846 - fewshot_scanobjectnn_transferring_features - INFO - [Training] EPOCH: 21 EpochTime = 1.086 (s) Losses = ['1.4223', '87.5000'] lr = 0.000619
2023-11-02 21:57:03,326 - fewshot_scanobjectnn_transferring_features - INFO - [Validation] EPOCH: 21  acc = 46.0000
2023-11-02 21:57:06,945 - fewshot_scanobjectnn_transferring_features - INFO - Save checkpoint at ./experiments/fewshot_scanobjectnn_transferring_features/cfgs/lr0.00065/ckpt-best.pth
2023-11-02 21:57:06,945 - fewshot_scanobjectnn_transferring_features - INFO - --------------------------------------------------------------------------------------------
2023-11-02 21:57:12,216 - fewshot_scanobjectnn_transferring_features - INFO - Save checkpoint at ./experiments/fewshot_scanobjectnn_transferring_features/cfgs/lr0.00065/ckpt-last.pth
2023-11-02 21:57:13,203 - fewshot_scanobjectnn_transferring_features - INFO - [Training] EPOCH: 22 EpochTime = 0.984 (s) Losses = ['1.2348', '90.6250'] lr = 0.000616
2023-11-02 21:57:14,260 - fewshot_scanobjectnn_transferring_features - INFO - [Validation] EPOCH: 22  acc = 50.0000
2023-11-02 21:57:16,577 - fewshot_scanobjectnn_transferring_features - INFO - Save checkpoint at ./experiments/fewshot_scanobjectnn_transferring_features/cfgs/lr0.00065/ckpt-best.pth
2023-11-02 21:57:16,577 - fewshot_scanobjectnn_transferring_features - INFO - --------------------------------------------------------------------------------------------
2023-11-02 21:57:19,762 - fewshot_scanobjectnn_transferring_features - INFO - Save checkpoint at ./experiments/fewshot_scanobjectnn_transferring_features/cfgs/lr0.00065/ckpt-last.pth
2023-11-02 21:57:21,016 - fewshot_scanobjectnn_transferring_features - INFO - [Training] EPOCH: 23 EpochTime = 1.253 (s) Losses = ['1.2081', '90.6250'] lr = 0.000613
2023-11-02 21:57:22,015 - fewshot_scanobjectnn_transferring_features - INFO - [Validation] EPOCH: 23  acc = 46.0000
2023-11-02 21:57:26,002 - fewshot_scanobjectnn_transferring_features - INFO - Save checkpoint at ./experiments/fewshot_scanobjectnn_transferring_features/cfgs/lr0.00065/ckpt-last.pth
2023-11-02 21:57:27,180 - fewshot_scanobjectnn_transferring_features - INFO - [Training] EPOCH: 24 EpochTime = 1.174 (s) Losses = ['1.1549', '87.5000'] lr = 0.000610
2023-11-02 21:57:28,289 - fewshot_scanobjectnn_transferring_features - INFO - [Validation] EPOCH: 24  acc = 46.0000
2023-11-02 21:57:31,378 - fewshot_scanobjectnn_transferring_features - INFO - Save checkpoint at ./experiments/fewshot_scanobjectnn_transferring_features/cfgs/lr0.00065/ckpt-last.pth
2023-11-02 21:57:32,741 - fewshot_scanobjectnn_transferring_features - INFO - [Training] EPOCH: 25 EpochTime = 1.361 (s) Losses = ['1.0444', '96.8750'] lr = 0.000607
2023-11-02 21:57:33,830 - fewshot_scanobjectnn_transferring_features - INFO - [Validation] EPOCH: 25  acc = 49.0000
2023-11-02 21:57:37,880 - fewshot_scanobjectnn_transferring_features - INFO - Save checkpoint at ./experiments/fewshot_scanobjectnn_transferring_features/cfgs/lr0.00065/ckpt-last.pth
2023-11-02 21:57:38,947 - fewshot_scanobjectnn_transferring_features - INFO - [Training] EPOCH: 26 EpochTime = 1.064 (s) Losses = ['1.0710', '93.7500'] lr = 0.000603
2023-11-02 21:57:40,096 - fewshot_scanobjectnn_transferring_features - INFO - [Validation] EPOCH: 26  acc = 49.0000
2023-11-02 21:57:43,781 - fewshot_scanobjectnn_transferring_features - INFO - Save checkpoint at ./experiments/fewshot_scanobjectnn_transferring_features/cfgs/lr0.00065/ckpt-last.pth
2023-11-02 21:57:45,164 - fewshot_scanobjectnn_transferring_features - INFO - [Training] EPOCH: 27 EpochTime = 1.381 (s) Losses = ['1.0388', '81.2500'] lr = 0.000599
2023-11-02 21:57:46,240 - fewshot_scanobjectnn_transferring_features - INFO - [Validation] EPOCH: 27  acc = 47.0000
2023-11-02 21:57:48,660 - fewshot_scanobjectnn_transferring_features - INFO - Save checkpoint at ./experiments/fewshot_scanobjectnn_transferring_features/cfgs/lr0.00065/ckpt-last.pth
2023-11-02 21:57:49,652 - fewshot_scanobjectnn_transferring_features - INFO - [Training] EPOCH: 28 EpochTime = 0.958 (s) Losses = ['0.7963', '100.0000'] lr = 0.000596
2023-11-02 21:57:50,917 - fewshot_scanobjectnn_transferring_features - INFO - [Validation] EPOCH: 28  acc = 46.0000
2023-11-02 21:57:53,764 - fewshot_scanobjectnn_transferring_features - INFO - Save checkpoint at ./experiments/fewshot_scanobjectnn_transferring_features/cfgs/lr0.00065/ckpt-last.pth
2023-11-02 21:57:55,082 - fewshot_scanobjectnn_transferring_features - INFO - [Training] EPOCH: 29 EpochTime = 1.150 (s) Losses = ['0.7341', '93.7500'] lr = 0.000592
2023-11-02 21:57:56,330 - fewshot_scanobjectnn_transferring_features - INFO - [Validation] EPOCH: 29  acc = 47.0000
2023-11-02 21:57:59,088 - fewshot_scanobjectnn_transferring_features - INFO - Save checkpoint at ./experiments/fewshot_scanobjectnn_transferring_features/cfgs/lr0.00065/ckpt-last.pth
2023-11-02 21:58:00,356 - fewshot_scanobjectnn_transferring_features - INFO - [Training] EPOCH: 30 EpochTime = 1.265 (s) Losses = ['0.7033', '96.8750'] lr = 0.000588
2023-11-02 21:58:01,500 - fewshot_scanobjectnn_transferring_features - INFO - [Validation] EPOCH: 30  acc = 48.0000
2023-11-02 21:58:05,172 - fewshot_scanobjectnn_transferring_features - INFO - Save checkpoint at ./experiments/fewshot_scanobjectnn_transferring_features/cfgs/lr0.00065/ckpt-last.pth
2023-11-02 21:58:06,389 - fewshot_scanobjectnn_transferring_features - INFO - [Training] EPOCH: 31 EpochTime = 1.215 (s) Losses = ['0.6695', '100.0000'] lr = 0.000584
2023-11-02 21:58:07,552 - fewshot_scanobjectnn_transferring_features - INFO - [Validation] EPOCH: 31  acc = 51.0000
2023-11-02 21:58:12,077 - fewshot_scanobjectnn_transferring_features - INFO - Save checkpoint at ./experiments/fewshot_scanobjectnn_transferring_features/cfgs/lr0.00065/ckpt-best.pth
2023-11-02 21:58:12,077 - fewshot_scanobjectnn_transferring_features - INFO - --------------------------------------------------------------------------------------------
2023-11-02 21:58:15,792 - fewshot_scanobjectnn_transferring_features - INFO - Save checkpoint at ./experiments/fewshot_scanobjectnn_transferring_features/cfgs/lr0.00065/ckpt-last.pth
2023-11-02 21:58:17,095 - fewshot_scanobjectnn_transferring_features - INFO - [Training] EPOCH: 32 EpochTime = 1.301 (s) Losses = ['0.5871', '96.8750'] lr = 0.000580
2023-11-02 21:58:18,130 - fewshot_scanobjectnn_transferring_features - INFO - [Validation] EPOCH: 32  acc = 53.0000
2023-11-02 21:58:22,476 - fewshot_scanobjectnn_transferring_features - INFO - Save checkpoint at ./experiments/fewshot_scanobjectnn_transferring_features/cfgs/lr0.00065/ckpt-best.pth
2023-11-02 21:58:22,476 - fewshot_scanobjectnn_transferring_features - INFO - --------------------------------------------------------------------------------------------
2023-11-02 21:58:25,302 - fewshot_scanobjectnn_transferring_features - INFO - Save checkpoint at ./experiments/fewshot_scanobjectnn_transferring_features/cfgs/lr0.00065/ckpt-last.pth
2023-11-02 21:58:26,262 - fewshot_scanobjectnn_transferring_features - INFO - [Training] EPOCH: 33 EpochTime = 0.958 (s) Losses = ['0.6395', '96.8750'] lr = 0.000576
2023-11-02 21:58:27,271 - fewshot_scanobjectnn_transferring_features - INFO - [Validation] EPOCH: 33  acc = 54.0000
2023-11-02 21:58:30,895 - fewshot_scanobjectnn_transferring_features - INFO - Save checkpoint at ./experiments/fewshot_scanobjectnn_transferring_features/cfgs/lr0.00065/ckpt-best.pth
2023-11-02 21:58:30,895 - fewshot_scanobjectnn_transferring_features - INFO - --------------------------------------------------------------------------------------------
2023-11-02 21:58:35,775 - fewshot_scanobjectnn_transferring_features - INFO - Save checkpoint at ./experiments/fewshot_scanobjectnn_transferring_features/cfgs/lr0.00065/ckpt-last.pth
2023-11-02 21:58:36,733 - fewshot_scanobjectnn_transferring_features - INFO - [Training] EPOCH: 34 EpochTime = 0.956 (s) Losses = ['0.4842', '96.8750'] lr = 0.000571
2023-11-02 21:58:37,788 - fewshot_scanobjectnn_transferring_features - INFO - [Validation] EPOCH: 34  acc = 55.0000
2023-11-02 21:58:40,806 - fewshot_scanobjectnn_transferring_features - INFO - Save checkpoint at ./experiments/fewshot_scanobjectnn_transferring_features/cfgs/lr0.00065/ckpt-best.pth
2023-11-02 21:58:40,806 - fewshot_scanobjectnn_transferring_features - INFO - --------------------------------------------------------------------------------------------
2023-11-02 21:58:44,370 - fewshot_scanobjectnn_transferring_features - INFO - Save checkpoint at ./experiments/fewshot_scanobjectnn_transferring_features/cfgs/lr0.00065/ckpt-last.pth
2023-11-02 21:58:45,343 - fewshot_scanobjectnn_transferring_features - INFO - [Training] EPOCH: 35 EpochTime = 0.970 (s) Losses = ['0.4714', '96.8750'] lr = 0.000567
2023-11-02 21:58:46,505 - fewshot_scanobjectnn_transferring_features - INFO - [Validation] EPOCH: 35  acc = 56.0000
2023-11-02 21:58:50,076 - fewshot_scanobjectnn_transferring_features - INFO - Save checkpoint at ./experiments/fewshot_scanobjectnn_transferring_features/cfgs/lr0.00065/ckpt-best.pth
2023-11-02 21:58:50,076 - fewshot_scanobjectnn_transferring_features - INFO - --------------------------------------------------------------------------------------------
2023-11-02 21:58:53,903 - fewshot_scanobjectnn_transferring_features - INFO - Save checkpoint at ./experiments/fewshot_scanobjectnn_transferring_features/cfgs/lr0.00065/ckpt-last.pth
2023-11-02 21:58:55,127 - fewshot_scanobjectnn_transferring_features - INFO - [Training] EPOCH: 36 EpochTime = 1.222 (s) Losses = ['0.4831', '96.8750'] lr = 0.000562
2023-11-02 21:58:56,163 - fewshot_scanobjectnn_transferring_features - INFO - [Validation] EPOCH: 36  acc = 57.0000
2023-11-02 21:58:59,441 - fewshot_scanobjectnn_transferring_features - INFO - Save checkpoint at ./experiments/fewshot_scanobjectnn_transferring_features/cfgs/lr0.00065/ckpt-best.pth
2023-11-02 21:58:59,441 - fewshot_scanobjectnn_transferring_features - INFO - --------------------------------------------------------------------------------------------
2023-11-02 21:59:03,054 - fewshot_scanobjectnn_transferring_features - INFO - Save checkpoint at ./experiments/fewshot_scanobjectnn_transferring_features/cfgs/lr0.00065/ckpt-last.pth
2023-11-02 21:59:04,035 - fewshot_scanobjectnn_transferring_features - INFO - [Training] EPOCH: 37 EpochTime = 0.980 (s) Losses = ['0.2879', '100.0000'] lr = 0.000557
2023-11-02 21:59:05,028 - fewshot_scanobjectnn_transferring_features - INFO - [Validation] EPOCH: 37  acc = 56.0000
2023-11-02 21:59:10,759 - fewshot_scanobjectnn_transferring_features - INFO - Save checkpoint at ./experiments/fewshot_scanobjectnn_transferring_features/cfgs/lr0.00065/ckpt-last.pth
2023-11-02 21:59:12,075 - fewshot_scanobjectnn_transferring_features - INFO - [Training] EPOCH: 38 EpochTime = 1.315 (s) Losses = ['0.3982', '100.0000'] lr = 0.000553
2023-11-02 21:59:13,091 - fewshot_scanobjectnn_transferring_features - INFO - [Validation] EPOCH: 38  acc = 58.0000
2023-11-02 21:59:16,547 - fewshot_scanobjectnn_transferring_features - INFO - Save checkpoint at ./experiments/fewshot_scanobjectnn_transferring_features/cfgs/lr0.00065/ckpt-best.pth
2023-11-02 21:59:16,547 - fewshot_scanobjectnn_transferring_features - INFO - --------------------------------------------------------------------------------------------
2023-11-02 21:59:20,268 - fewshot_scanobjectnn_transferring_features - INFO - Save checkpoint at ./experiments/fewshot_scanobjectnn_transferring_features/cfgs/lr0.00065/ckpt-last.pth
2023-11-02 21:59:21,259 - fewshot_scanobjectnn_transferring_features - INFO - [Training] EPOCH: 39 EpochTime = 0.989 (s) Losses = ['0.3850', '96.8750'] lr = 0.000548
2023-11-02 21:59:22,277 - fewshot_scanobjectnn_transferring_features - INFO - [Validation] EPOCH: 39  acc = 56.0000
2023-11-02 21:59:26,215 - fewshot_scanobjectnn_transferring_features - INFO - Save checkpoint at ./experiments/fewshot_scanobjectnn_transferring_features/cfgs/lr0.00065/ckpt-last.pth
2023-11-02 21:59:27,516 - fewshot_scanobjectnn_transferring_features - INFO - [Training] EPOCH: 40 EpochTime = 1.300 (s) Losses = ['0.3701', '100.0000'] lr = 0.000543
2023-11-02 21:59:28,610 - fewshot_scanobjectnn_transferring_features - INFO - [Validation] EPOCH: 40  acc = 56.0000
2023-11-02 21:59:32,526 - fewshot_scanobjectnn_transferring_features - INFO - Save checkpoint at ./experiments/fewshot_scanobjectnn_transferring_features/cfgs/lr0.00065/ckpt-last.pth
2023-11-02 21:59:33,681 - fewshot_scanobjectnn_transferring_features - INFO - [Training] EPOCH: 41 EpochTime = 1.154 (s) Losses = ['0.4315', '96.8750'] lr = 0.000538
2023-11-02 21:59:35,048 - fewshot_scanobjectnn_transferring_features - INFO - [Validation] EPOCH: 41  acc = 56.0000
2023-11-02 21:59:39,269 - fewshot_scanobjectnn_transferring_features - INFO - Save checkpoint at ./experiments/fewshot_scanobjectnn_transferring_features/cfgs/lr0.00065/ckpt-last.pth
2023-11-02 21:59:40,243 - fewshot_scanobjectnn_transferring_features - INFO - [Training] EPOCH: 42 EpochTime = 0.972 (s) Losses = ['0.2617', '100.0000'] lr = 0.000532
2023-11-02 21:59:41,242 - fewshot_scanobjectnn_transferring_features - INFO - [Validation] EPOCH: 42  acc = 55.0000
2023-11-02 21:59:43,125 - fewshot_scanobjectnn_transferring_features - INFO - Save checkpoint at ./experiments/fewshot_scanobjectnn_transferring_features/cfgs/lr0.00065/ckpt-last.pth
2023-11-02 21:59:44,109 - fewshot_scanobjectnn_transferring_features - INFO - [Training] EPOCH: 43 EpochTime = 0.981 (s) Losses = ['0.2280', '100.0000'] lr = 0.000527
2023-11-02 21:59:45,126 - fewshot_scanobjectnn_transferring_features - INFO - [Validation] EPOCH: 43  acc = 56.0000
2023-11-02 21:59:48,691 - fewshot_scanobjectnn_transferring_features - INFO - Save checkpoint at ./experiments/fewshot_scanobjectnn_transferring_features/cfgs/lr0.00065/ckpt-last.pth
2023-11-02 21:59:49,701 - fewshot_scanobjectnn_transferring_features - INFO - [Training] EPOCH: 44 EpochTime = 1.008 (s) Losses = ['0.2542', '100.0000'] lr = 0.000522
2023-11-02 21:59:50,836 - fewshot_scanobjectnn_transferring_features - INFO - [Validation] EPOCH: 44  acc = 56.0000
2023-11-02 21:59:55,138 - fewshot_scanobjectnn_transferring_features - INFO - Save checkpoint at ./experiments/fewshot_scanobjectnn_transferring_features/cfgs/lr0.00065/ckpt-last.pth
2023-11-02 21:59:56,140 - fewshot_scanobjectnn_transferring_features - INFO - [Training] EPOCH: 45 EpochTime = 1.000 (s) Losses = ['0.2489', '100.0000'] lr = 0.000516
2023-11-02 21:59:57,555 - fewshot_scanobjectnn_transferring_features - INFO - [Validation] EPOCH: 45  acc = 54.0000
2023-11-02 22:00:00,818 - fewshot_scanobjectnn_transferring_features - INFO - Save checkpoint at ./experiments/fewshot_scanobjectnn_transferring_features/cfgs/lr0.00065/ckpt-last.pth
2023-11-02 22:00:01,771 - fewshot_scanobjectnn_transferring_features - INFO - [Training] EPOCH: 46 EpochTime = 0.952 (s) Losses = ['0.2504', '100.0000'] lr = 0.000511
2023-11-02 22:00:02,976 - fewshot_scanobjectnn_transferring_features - INFO - [Validation] EPOCH: 46  acc = 54.0000
2023-11-02 22:00:06,071 - fewshot_scanobjectnn_transferring_features - INFO - Save checkpoint at ./experiments/fewshot_scanobjectnn_transferring_features/cfgs/lr0.00065/ckpt-last.pth
2023-11-02 22:00:07,047 - fewshot_scanobjectnn_transferring_features - INFO - [Training] EPOCH: 47 EpochTime = 0.973 (s) Losses = ['0.3087', '100.0000'] lr = 0.000505
2023-11-02 22:00:08,039 - fewshot_scanobjectnn_transferring_features - INFO - [Validation] EPOCH: 47  acc = 55.0000
2023-11-02 22:00:11,859 - fewshot_scanobjectnn_transferring_features - INFO - Save checkpoint at ./experiments/fewshot_scanobjectnn_transferring_features/cfgs/lr0.00065/ckpt-last.pth
2023-11-02 22:00:13,068 - fewshot_scanobjectnn_transferring_features - INFO - [Training] EPOCH: 48 EpochTime = 1.206 (s) Losses = ['0.1911', '100.0000'] lr = 0.000499
2023-11-02 22:00:14,156 - fewshot_scanobjectnn_transferring_features - INFO - [Validation] EPOCH: 48  acc = 54.0000
2023-11-02 22:00:17,066 - fewshot_scanobjectnn_transferring_features - INFO - Save checkpoint at ./experiments/fewshot_scanobjectnn_transferring_features/cfgs/lr0.00065/ckpt-last.pth
2023-11-02 22:00:18,066 - fewshot_scanobjectnn_transferring_features - INFO - [Training] EPOCH: 49 EpochTime = 0.997 (s) Losses = ['0.2490', '100.0000'] lr = 0.000494
2023-11-02 22:00:19,037 - fewshot_scanobjectnn_transferring_features - INFO - [Validation] EPOCH: 49  acc = 53.0000
2023-11-02 22:00:22,109 - fewshot_scanobjectnn_transferring_features - INFO - Save checkpoint at ./experiments/fewshot_scanobjectnn_transferring_features/cfgs/lr0.00065/ckpt-last.pth
2023-11-02 22:00:23,121 - fewshot_scanobjectnn_transferring_features - INFO - [Training] EPOCH: 50 EpochTime = 1.010 (s) Losses = ['0.2093', '100.0000'] lr = 0.000488
2023-11-02 22:00:24,234 - fewshot_scanobjectnn_transferring_features - INFO - [Validation] EPOCH: 50  acc = 54.0000
2023-11-02 22:00:28,660 - fewshot_scanobjectnn_transferring_features - INFO - Save checkpoint at ./experiments/fewshot_scanobjectnn_transferring_features/cfgs/lr0.00065/ckpt-last.pth
2023-11-02 22:00:29,647 - fewshot_scanobjectnn_transferring_features - INFO - [Training] EPOCH: 51 EpochTime = 0.986 (s) Losses = ['0.1483', '100.0000'] lr = 0.000482
2023-11-02 22:00:30,765 - fewshot_scanobjectnn_transferring_features - INFO - [Validation] EPOCH: 51  acc = 53.0000
2023-11-02 22:00:34,205 - fewshot_scanobjectnn_transferring_features - INFO - Save checkpoint at ./experiments/fewshot_scanobjectnn_transferring_features/cfgs/lr0.00065/ckpt-last.pth
2023-11-02 22:00:35,164 - fewshot_scanobjectnn_transferring_features - INFO - [Training] EPOCH: 52 EpochTime = 0.957 (s) Losses = ['0.1740', '100.0000'] lr = 0.000476
2023-11-02 22:00:36,218 - fewshot_scanobjectnn_transferring_features - INFO - [Validation] EPOCH: 52  acc = 54.0000
2023-11-02 22:00:40,382 - fewshot_scanobjectnn_transferring_features - INFO - Save checkpoint at ./experiments/fewshot_scanobjectnn_transferring_features/cfgs/lr0.00065/ckpt-last.pth
2023-11-02 22:00:41,436 - fewshot_scanobjectnn_transferring_features - INFO - [Training] EPOCH: 53 EpochTime = 1.051 (s) Losses = ['0.1970', '100.0000'] lr = 0.000470
2023-11-02 22:00:42,502 - fewshot_scanobjectnn_transferring_features - INFO - [Validation] EPOCH: 53  acc = 54.0000
2023-11-02 22:00:45,061 - fewshot_scanobjectnn_transferring_features - INFO - Save checkpoint at ./experiments/fewshot_scanobjectnn_transferring_features/cfgs/lr0.00065/ckpt-last.pth
2023-11-02 22:00:46,149 - fewshot_scanobjectnn_transferring_features - INFO - [Training] EPOCH: 54 EpochTime = 1.086 (s) Losses = ['0.1594', '100.0000'] lr = 0.000464
2023-11-02 22:00:47,222 - fewshot_scanobjectnn_transferring_features - INFO - [Validation] EPOCH: 54  acc = 53.0000
2023-11-02 22:00:49,182 - fewshot_scanobjectnn_transferring_features - INFO - Save checkpoint at ./experiments/fewshot_scanobjectnn_transferring_features/cfgs/lr0.00065/ckpt-last.pth
2023-11-02 22:00:50,250 - fewshot_scanobjectnn_transferring_features - INFO - [Training] EPOCH: 55 EpochTime = 1.065 (s) Losses = ['0.1538', '100.0000'] lr = 0.000457
2023-11-02 22:00:51,324 - fewshot_scanobjectnn_transferring_features - INFO - [Validation] EPOCH: 55  acc = 54.0000
2023-11-02 22:00:54,215 - fewshot_scanobjectnn_transferring_features - INFO - Save checkpoint at ./experiments/fewshot_scanobjectnn_transferring_features/cfgs/lr0.00065/ckpt-last.pth
2023-11-02 22:00:55,262 - fewshot_scanobjectnn_transferring_features - INFO - [Training] EPOCH: 56 EpochTime = 1.045 (s) Losses = ['0.1823', '100.0000'] lr = 0.000451
2023-11-02 22:00:56,551 - fewshot_scanobjectnn_transferring_features - INFO - [Validation] EPOCH: 56  acc = 54.0000
2023-11-02 22:01:00,265 - fewshot_scanobjectnn_transferring_features - INFO - Save checkpoint at ./experiments/fewshot_scanobjectnn_transferring_features/cfgs/lr0.00065/ckpt-last.pth
2023-11-02 22:01:01,603 - fewshot_scanobjectnn_transferring_features - INFO - [Training] EPOCH: 57 EpochTime = 1.335 (s) Losses = ['0.1449', '100.0000'] lr = 0.000445
2023-11-02 22:01:02,601 - fewshot_scanobjectnn_transferring_features - INFO - [Validation] EPOCH: 57  acc = 53.0000
2023-11-02 22:01:06,008 - fewshot_scanobjectnn_transferring_features - INFO - Save checkpoint at ./experiments/fewshot_scanobjectnn_transferring_features/cfgs/lr0.00065/ckpt-last.pth
2023-11-02 22:01:07,026 - fewshot_scanobjectnn_transferring_features - INFO - [Training] EPOCH: 58 EpochTime = 1.017 (s) Losses = ['0.1363', '100.0000'] lr = 0.000439
2023-11-02 22:01:08,045 - fewshot_scanobjectnn_transferring_features - INFO - [Validation] EPOCH: 58  acc = 54.0000
2023-11-02 22:01:11,560 - fewshot_scanobjectnn_transferring_features - INFO - Save checkpoint at ./experiments/fewshot_scanobjectnn_transferring_features/cfgs/lr0.00065/ckpt-last.pth
2023-11-02 22:01:12,983 - fewshot_scanobjectnn_transferring_features - INFO - [Training] EPOCH: 59 EpochTime = 1.420 (s) Losses = ['0.1619', '100.0000'] lr = 0.000432
2023-11-02 22:01:14,004 - fewshot_scanobjectnn_transferring_features - INFO - [Validation] EPOCH: 59  acc = 55.0000
2023-11-02 22:01:16,429 - fewshot_scanobjectnn_transferring_features - INFO - Save checkpoint at ./experiments/fewshot_scanobjectnn_transferring_features/cfgs/lr0.00065/ckpt-last.pth
2023-11-02 22:01:17,714 - fewshot_scanobjectnn_transferring_features - INFO - [Training] EPOCH: 60 EpochTime = 1.283 (s) Losses = ['0.1387', '100.0000'] lr = 0.000426
2023-11-02 22:01:18,798 - fewshot_scanobjectnn_transferring_features - INFO - [Validation] EPOCH: 60  acc = 55.0000
2023-11-02 22:01:22,317 - fewshot_scanobjectnn_transferring_features - INFO - Save checkpoint at ./experiments/fewshot_scanobjectnn_transferring_features/cfgs/lr0.00065/ckpt-last.pth
2023-11-02 22:01:23,303 - fewshot_scanobjectnn_transferring_features - INFO - [Training] EPOCH: 61 EpochTime = 0.984 (s) Losses = ['0.1126', '100.0000'] lr = 0.000419
2023-11-02 22:01:24,605 - fewshot_scanobjectnn_transferring_features - INFO - [Validation] EPOCH: 61  acc = 55.0000
2023-11-02 22:01:27,136 - fewshot_scanobjectnn_transferring_features - INFO - Save checkpoint at ./experiments/fewshot_scanobjectnn_transferring_features/cfgs/lr0.00065/ckpt-last.pth
2023-11-02 22:01:28,341 - fewshot_scanobjectnn_transferring_features - INFO - [Training] EPOCH: 62 EpochTime = 1.204 (s) Losses = ['0.0974', '100.0000'] lr = 0.000413
2023-11-02 22:01:29,442 - fewshot_scanobjectnn_transferring_features - INFO - [Validation] EPOCH: 62  acc = 56.0000
2023-11-02 22:01:31,755 - fewshot_scanobjectnn_transferring_features - INFO - Save checkpoint at ./experiments/fewshot_scanobjectnn_transferring_features/cfgs/lr0.00065/ckpt-last.pth
2023-11-02 22:01:32,728 - fewshot_scanobjectnn_transferring_features - INFO - [Training] EPOCH: 63 EpochTime = 0.971 (s) Losses = ['0.1024', '100.0000'] lr = 0.000406
2023-11-02 22:01:34,110 - fewshot_scanobjectnn_transferring_features - INFO - [Validation] EPOCH: 63  acc = 56.0000
2023-11-02 22:01:38,131 - fewshot_scanobjectnn_transferring_features - INFO - Save checkpoint at ./experiments/fewshot_scanobjectnn_transferring_features/cfgs/lr0.00065/ckpt-last.pth
2023-11-02 22:01:39,107 - fewshot_scanobjectnn_transferring_features - INFO - [Training] EPOCH: 64 EpochTime = 0.974 (s) Losses = ['0.1025', '100.0000'] lr = 0.000400
2023-11-02 22:01:40,185 - fewshot_scanobjectnn_transferring_features - INFO - [Validation] EPOCH: 64  acc = 54.0000
2023-11-02 22:01:43,252 - fewshot_scanobjectnn_transferring_features - INFO - Save checkpoint at ./experiments/fewshot_scanobjectnn_transferring_features/cfgs/lr0.00065/ckpt-last.pth
2023-11-02 22:01:44,367 - fewshot_scanobjectnn_transferring_features - INFO - [Training] EPOCH: 65 EpochTime = 1.113 (s) Losses = ['0.1125', '100.0000'] lr = 0.000393
2023-11-02 22:01:45,787 - fewshot_scanobjectnn_transferring_features - INFO - [Validation] EPOCH: 65  acc = 54.0000
2023-11-02 22:01:48,942 - fewshot_scanobjectnn_transferring_features - INFO - Save checkpoint at ./experiments/fewshot_scanobjectnn_transferring_features/cfgs/lr0.00065/ckpt-last.pth
2023-11-02 22:01:49,973 - fewshot_scanobjectnn_transferring_features - INFO - [Training] EPOCH: 66 EpochTime = 1.029 (s) Losses = ['0.1275', '100.0000'] lr = 0.000386
2023-11-02 22:01:51,016 - fewshot_scanobjectnn_transferring_features - INFO - [Validation] EPOCH: 66  acc = 55.0000
2023-11-02 22:01:55,025 - fewshot_scanobjectnn_transferring_features - INFO - Save checkpoint at ./experiments/fewshot_scanobjectnn_transferring_features/cfgs/lr0.00065/ckpt-last.pth
2023-11-02 22:01:56,056 - fewshot_scanobjectnn_transferring_features - INFO - [Training] EPOCH: 67 EpochTime = 1.029 (s) Losses = ['0.1262', '100.0000'] lr = 0.000380
2023-11-02 22:01:57,204 - fewshot_scanobjectnn_transferring_features - INFO - [Validation] EPOCH: 67  acc = 54.0000
2023-11-02 22:01:59,765 - fewshot_scanobjectnn_transferring_features - INFO - Save checkpoint at ./experiments/fewshot_scanobjectnn_transferring_features/cfgs/lr0.00065/ckpt-last.pth
2023-11-02 22:02:00,772 - fewshot_scanobjectnn_transferring_features - INFO - [Training] EPOCH: 68 EpochTime = 1.005 (s) Losses = ['0.0893', '100.0000'] lr = 0.000373
2023-11-02 22:02:01,843 - fewshot_scanobjectnn_transferring_features - INFO - [Validation] EPOCH: 68  acc = 54.0000
2023-11-02 22:02:04,825 - fewshot_scanobjectnn_transferring_features - INFO - Save checkpoint at ./experiments/fewshot_scanobjectnn_transferring_features/cfgs/lr0.00065/ckpt-last.pth
2023-11-02 22:02:05,864 - fewshot_scanobjectnn_transferring_features - INFO - [Training] EPOCH: 69 EpochTime = 1.037 (s) Losses = ['0.0906', '100.0000'] lr = 0.000366
2023-11-02 22:02:06,958 - fewshot_scanobjectnn_transferring_features - INFO - [Validation] EPOCH: 69  acc = 54.0000
2023-11-02 22:02:11,836 - fewshot_scanobjectnn_transferring_features - INFO - Save checkpoint at ./experiments/fewshot_scanobjectnn_transferring_features/cfgs/lr0.00065/ckpt-last.pth
2023-11-02 22:02:12,832 - fewshot_scanobjectnn_transferring_features - INFO - [Training] EPOCH: 70 EpochTime = 0.994 (s) Losses = ['0.1004', '100.0000'] lr = 0.000359
2023-11-02 22:02:13,889 - fewshot_scanobjectnn_transferring_features - INFO - [Validation] EPOCH: 70  acc = 54.0000
2023-11-02 22:02:17,192 - fewshot_scanobjectnn_transferring_features - INFO - Save checkpoint at ./experiments/fewshot_scanobjectnn_transferring_features/cfgs/lr0.00065/ckpt-last.pth
2023-11-02 22:02:18,235 - fewshot_scanobjectnn_transferring_features - INFO - [Training] EPOCH: 71 EpochTime = 1.040 (s) Losses = ['0.1700', '100.0000'] lr = 0.000353
2023-11-02 22:02:19,298 - fewshot_scanobjectnn_transferring_features - INFO - [Validation] EPOCH: 71  acc = 54.0000
2023-11-02 22:02:22,886 - fewshot_scanobjectnn_transferring_features - INFO - Save checkpoint at ./experiments/fewshot_scanobjectnn_transferring_features/cfgs/lr0.00065/ckpt-last.pth
2023-11-02 22:02:24,192 - fewshot_scanobjectnn_transferring_features - INFO - [Training] EPOCH: 72 EpochTime = 1.304 (s) Losses = ['0.0957', '100.0000'] lr = 0.000346
2023-11-02 22:02:25,237 - fewshot_scanobjectnn_transferring_features - INFO - [Validation] EPOCH: 72  acc = 54.0000
2023-11-02 22:02:28,575 - fewshot_scanobjectnn_transferring_features - INFO - Save checkpoint at ./experiments/fewshot_scanobjectnn_transferring_features/cfgs/lr0.00065/ckpt-last.pth
2023-11-02 22:02:29,602 - fewshot_scanobjectnn_transferring_features - INFO - [Training] EPOCH: 73 EpochTime = 1.024 (s) Losses = ['0.1482', '100.0000'] lr = 0.000339
2023-11-02 22:02:30,651 - fewshot_scanobjectnn_transferring_features - INFO - [Validation] EPOCH: 73  acc = 54.0000
2023-11-02 22:02:34,197 - fewshot_scanobjectnn_transferring_features - INFO - Save checkpoint at ./experiments/fewshot_scanobjectnn_transferring_features/cfgs/lr0.00065/ckpt-last.pth
2023-11-02 22:02:35,507 - fewshot_scanobjectnn_transferring_features - INFO - [Training] EPOCH: 74 EpochTime = 1.308 (s) Losses = ['0.0993', '100.0000'] lr = 0.000332
2023-11-02 22:02:36,532 - fewshot_scanobjectnn_transferring_features - INFO - [Validation] EPOCH: 74  acc = 55.0000
2023-11-02 22:02:40,777 - fewshot_scanobjectnn_transferring_features - INFO - Save checkpoint at ./experiments/fewshot_scanobjectnn_transferring_features/cfgs/lr0.00065/ckpt-last.pth
2023-11-02 22:02:42,174 - fewshot_scanobjectnn_transferring_features - INFO - [Training] EPOCH: 75 EpochTime = 1.395 (s) Losses = ['0.0884', '100.0000'] lr = 0.000325
2023-11-02 22:02:43,218 - fewshot_scanobjectnn_transferring_features - INFO - [Validation] EPOCH: 75  acc = 54.0000
2023-11-02 22:02:45,113 - fewshot_scanobjectnn_transferring_features - INFO - Save checkpoint at ./experiments/fewshot_scanobjectnn_transferring_features/cfgs/lr0.00065/ckpt-last.pth
2023-11-02 22:02:46,449 - fewshot_scanobjectnn_transferring_features - INFO - [Training] EPOCH: 76 EpochTime = 1.334 (s) Losses = ['0.0684', '100.0000'] lr = 0.000319
2023-11-02 22:02:47,485 - fewshot_scanobjectnn_transferring_features - INFO - [Validation] EPOCH: 76  acc = 54.0000
2023-11-02 22:02:51,291 - fewshot_scanobjectnn_transferring_features - INFO - Save checkpoint at ./experiments/fewshot_scanobjectnn_transferring_features/cfgs/lr0.00065/ckpt-last.pth
2023-11-02 22:02:52,466 - fewshot_scanobjectnn_transferring_features - INFO - [Training] EPOCH: 77 EpochTime = 1.173 (s) Losses = ['0.1226', '100.0000'] lr = 0.000312
2023-11-02 22:02:53,482 - fewshot_scanobjectnn_transferring_features - INFO - [Validation] EPOCH: 77  acc = 54.0000
2023-11-02 22:02:56,229 - fewshot_scanobjectnn_transferring_features - INFO - Save checkpoint at ./experiments/fewshot_scanobjectnn_transferring_features/cfgs/lr0.00065/ckpt-last.pth
2023-11-02 22:02:57,218 - fewshot_scanobjectnn_transferring_features - INFO - [Training] EPOCH: 78 EpochTime = 0.985 (s) Losses = ['0.0746', '100.0000'] lr = 0.000305
2023-11-02 22:02:58,655 - fewshot_scanobjectnn_transferring_features - INFO - [Validation] EPOCH: 78  acc = 54.0000
2023-11-02 22:03:01,195 - fewshot_scanobjectnn_transferring_features - INFO - Save checkpoint at ./experiments/fewshot_scanobjectnn_transferring_features/cfgs/lr0.00065/ckpt-last.pth
2023-11-02 22:03:02,408 - fewshot_scanobjectnn_transferring_features - INFO - [Training] EPOCH: 79 EpochTime = 1.211 (s) Losses = ['0.0750', '100.0000'] lr = 0.000298
2023-11-02 22:03:03,740 - fewshot_scanobjectnn_transferring_features - INFO - [Validation] EPOCH: 79  acc = 54.0000
2023-11-02 22:03:06,503 - fewshot_scanobjectnn_transferring_features - INFO - Save checkpoint at ./experiments/fewshot_scanobjectnn_transferring_features/cfgs/lr0.00065/ckpt-last.pth
2023-11-02 22:03:07,800 - fewshot_scanobjectnn_transferring_features - INFO - [Training] EPOCH: 80 EpochTime = 1.295 (s) Losses = ['0.1084', '100.0000'] lr = 0.000292
2023-11-02 22:03:08,878 - fewshot_scanobjectnn_transferring_features - INFO - [Validation] EPOCH: 80  acc = 55.0000
2023-11-02 22:03:13,247 - fewshot_scanobjectnn_transferring_features - INFO - Save checkpoint at ./experiments/fewshot_scanobjectnn_transferring_features/cfgs/lr0.00065/ckpt-last.pth
2023-11-02 22:03:14,374 - fewshot_scanobjectnn_transferring_features - INFO - [Training] EPOCH: 81 EpochTime = 1.124 (s) Losses = ['0.1578', '100.0000'] lr = 0.000285
2023-11-02 22:03:15,399 - fewshot_scanobjectnn_transferring_features - INFO - [Validation] EPOCH: 81  acc = 54.0000
2023-11-02 22:03:18,728 - fewshot_scanobjectnn_transferring_features - INFO - Save checkpoint at ./experiments/fewshot_scanobjectnn_transferring_features/cfgs/lr0.00065/ckpt-last.pth
2023-11-02 22:03:20,047 - fewshot_scanobjectnn_transferring_features - INFO - [Training] EPOCH: 82 EpochTime = 1.317 (s) Losses = ['0.0879', '100.0000'] lr = 0.000278
2023-11-02 22:03:21,078 - fewshot_scanobjectnn_transferring_features - INFO - [Validation] EPOCH: 82  acc = 55.0000
2023-11-02 22:03:24,368 - fewshot_scanobjectnn_transferring_features - INFO - Save checkpoint at ./experiments/fewshot_scanobjectnn_transferring_features/cfgs/lr0.00065/ckpt-last.pth
2023-11-02 22:03:25,362 - fewshot_scanobjectnn_transferring_features - INFO - [Training] EPOCH: 83 EpochTime = 0.991 (s) Losses = ['0.0871', '100.0000'] lr = 0.000271
2023-11-02 22:03:26,646 - fewshot_scanobjectnn_transferring_features - INFO - [Validation] EPOCH: 83  acc = 55.0000
2023-11-02 22:03:29,819 - fewshot_scanobjectnn_transferring_features - INFO - Save checkpoint at ./experiments/fewshot_scanobjectnn_transferring_features/cfgs/lr0.00065/ckpt-last.pth
2023-11-02 22:03:30,786 - fewshot_scanobjectnn_transferring_features - INFO - [Training] EPOCH: 84 EpochTime = 0.965 (s) Losses = ['0.0748', '100.0000'] lr = 0.000265
2023-11-02 22:03:31,904 - fewshot_scanobjectnn_transferring_features - INFO - [Validation] EPOCH: 84  acc = 55.0000
2023-11-02 22:03:34,515 - fewshot_scanobjectnn_transferring_features - INFO - Save checkpoint at ./experiments/fewshot_scanobjectnn_transferring_features/cfgs/lr0.00065/ckpt-last.pth
2023-11-02 22:03:35,469 - fewshot_scanobjectnn_transferring_features - INFO - [Training] EPOCH: 85 EpochTime = 0.952 (s) Losses = ['0.1349', '100.0000'] lr = 0.000258
2023-11-02 22:03:36,496 - fewshot_scanobjectnn_transferring_features - INFO - [Validation] EPOCH: 85  acc = 56.0000
2023-11-02 22:03:41,827 - fewshot_scanobjectnn_transferring_features - INFO - Save checkpoint at ./experiments/fewshot_scanobjectnn_transferring_features/cfgs/lr0.00065/ckpt-last.pth
2023-11-02 22:03:42,969 - fewshot_scanobjectnn_transferring_features - INFO - [Training] EPOCH: 86 EpochTime = 1.140 (s) Losses = ['0.0766', '100.0000'] lr = 0.000251
2023-11-02 22:03:43,983 - fewshot_scanobjectnn_transferring_features - INFO - [Validation] EPOCH: 86  acc = 56.0000
2023-11-02 22:03:46,817 - fewshot_scanobjectnn_transferring_features - INFO - Save checkpoint at ./experiments/fewshot_scanobjectnn_transferring_features/cfgs/lr0.00065/ckpt-last.pth
2023-11-02 22:03:47,826 - fewshot_scanobjectnn_transferring_features - INFO - [Training] EPOCH: 87 EpochTime = 1.007 (s) Losses = ['0.0895', '100.0000'] lr = 0.000245
2023-11-02 22:03:49,108 - fewshot_scanobjectnn_transferring_features - INFO - [Validation] EPOCH: 87  acc = 57.0000
2023-11-02 22:03:52,933 - fewshot_scanobjectnn_transferring_features - INFO - Save checkpoint at ./experiments/fewshot_scanobjectnn_transferring_features/cfgs/lr0.00065/ckpt-last.pth
2023-11-02 22:03:53,891 - fewshot_scanobjectnn_transferring_features - INFO - [Training] EPOCH: 88 EpochTime = 0.957 (s) Losses = ['0.0762', '100.0000'] lr = 0.000238
2023-11-02 22:03:54,948 - fewshot_scanobjectnn_transferring_features - INFO - [Validation] EPOCH: 88  acc = 57.0000
2023-11-02 22:03:58,233 - fewshot_scanobjectnn_transferring_features - INFO - Save checkpoint at ./experiments/fewshot_scanobjectnn_transferring_features/cfgs/lr0.00065/ckpt-last.pth
2023-11-02 22:03:59,228 - fewshot_scanobjectnn_transferring_features - INFO - [Training] EPOCH: 89 EpochTime = 0.992 (s) Losses = ['0.0591', '100.0000'] lr = 0.000232
2023-11-02 22:04:00,268 - fewshot_scanobjectnn_transferring_features - INFO - [Validation] EPOCH: 89  acc = 56.0000
2023-11-02 22:04:03,028 - fewshot_scanobjectnn_transferring_features - INFO - Save checkpoint at ./experiments/fewshot_scanobjectnn_transferring_features/cfgs/lr0.00065/ckpt-last.pth
2023-11-02 22:04:04,056 - fewshot_scanobjectnn_transferring_features - INFO - [Training] EPOCH: 90 EpochTime = 1.023 (s) Losses = ['0.0570', '100.0000'] lr = 0.000225
2023-11-02 22:04:05,069 - fewshot_scanobjectnn_transferring_features - INFO - [Validation] EPOCH: 90  acc = 56.0000
2023-11-02 22:04:10,246 - fewshot_scanobjectnn_transferring_features - INFO - Save checkpoint at ./experiments/fewshot_scanobjectnn_transferring_features/cfgs/lr0.00065/ckpt-last.pth
2023-11-02 22:04:11,218 - fewshot_scanobjectnn_transferring_features - INFO - [Training] EPOCH: 91 EpochTime = 0.969 (s) Losses = ['0.0821', '100.0000'] lr = 0.000219
2023-11-02 22:04:12,293 - fewshot_scanobjectnn_transferring_features - INFO - [Validation] EPOCH: 91  acc = 57.0000
2023-11-02 22:04:14,777 - fewshot_scanobjectnn_transferring_features - INFO - Save checkpoint at ./experiments/fewshot_scanobjectnn_transferring_features/cfgs/lr0.00065/ckpt-last.pth
2023-11-02 22:04:15,812 - fewshot_scanobjectnn_transferring_features - INFO - [Training] EPOCH: 92 EpochTime = 1.033 (s) Losses = ['0.0868', '100.0000'] lr = 0.000212
2023-11-02 22:04:16,935 - fewshot_scanobjectnn_transferring_features - INFO - [Validation] EPOCH: 92  acc = 57.0000
2023-11-02 22:04:20,165 - fewshot_scanobjectnn_transferring_features - INFO - Save checkpoint at ./experiments/fewshot_scanobjectnn_transferring_features/cfgs/lr0.00065/ckpt-last.pth
2023-11-02 22:04:21,500 - fewshot_scanobjectnn_transferring_features - INFO - [Training] EPOCH: 93 EpochTime = 1.333 (s) Losses = ['0.0888', '100.0000'] lr = 0.000206
2023-11-02 22:04:22,535 - fewshot_scanobjectnn_transferring_features - INFO - [Validation] EPOCH: 93  acc = 57.0000
2023-11-02 22:04:24,223 - fewshot_scanobjectnn_transferring_features - INFO - Save checkpoint at ./experiments/fewshot_scanobjectnn_transferring_features/cfgs/lr0.00065/ckpt-last.pth
2023-11-02 22:04:25,483 - fewshot_scanobjectnn_transferring_features - INFO - [Training] EPOCH: 94 EpochTime = 1.257 (s) Losses = ['0.0838', '100.0000'] lr = 0.000200
2023-11-02 22:04:26,567 - fewshot_scanobjectnn_transferring_features - INFO - [Validation] EPOCH: 94  acc = 56.0000
2023-11-02 22:04:29,939 - fewshot_scanobjectnn_transferring_features - INFO - Save checkpoint at ./experiments/fewshot_scanobjectnn_transferring_features/cfgs/lr0.00065/ckpt-last.pth
2023-11-02 22:04:30,966 - fewshot_scanobjectnn_transferring_features - INFO - [Training] EPOCH: 95 EpochTime = 1.025 (s) Losses = ['0.0853', '100.0000'] lr = 0.000194
2023-11-02 22:04:32,036 - fewshot_scanobjectnn_transferring_features - INFO - [Validation] EPOCH: 95  acc = 56.0000
2023-11-02 22:04:35,148 - fewshot_scanobjectnn_transferring_features - INFO - Save checkpoint at ./experiments/fewshot_scanobjectnn_transferring_features/cfgs/lr0.00065/ckpt-last.pth
2023-11-02 22:04:36,149 - fewshot_scanobjectnn_transferring_features - INFO - [Training] EPOCH: 96 EpochTime = 0.998 (s) Losses = ['0.0732', '100.0000'] lr = 0.000187
2023-11-02 22:04:37,177 - fewshot_scanobjectnn_transferring_features - INFO - [Validation] EPOCH: 96  acc = 56.0000
2023-11-02 22:04:42,707 - fewshot_scanobjectnn_transferring_features - INFO - Save checkpoint at ./experiments/fewshot_scanobjectnn_transferring_features/cfgs/lr0.00065/ckpt-last.pth
2023-11-02 22:04:43,960 - fewshot_scanobjectnn_transferring_features - INFO - [Training] EPOCH: 97 EpochTime = 1.251 (s) Losses = ['0.1092', '100.0000'] lr = 0.000181
2023-11-02 22:04:45,000 - fewshot_scanobjectnn_transferring_features - INFO - [Validation] EPOCH: 97  acc = 56.0000
2023-11-02 22:04:48,937 - fewshot_scanobjectnn_transferring_features - INFO - Save checkpoint at ./experiments/fewshot_scanobjectnn_transferring_features/cfgs/lr0.00065/ckpt-last.pth
2023-11-02 22:04:49,919 - fewshot_scanobjectnn_transferring_features - INFO - [Training] EPOCH: 98 EpochTime = 0.979 (s) Losses = ['0.0743', '100.0000'] lr = 0.000175
2023-11-02 22:04:51,087 - fewshot_scanobjectnn_transferring_features - INFO - [Validation] EPOCH: 98  acc = 56.0000
2023-11-02 22:04:54,215 - fewshot_scanobjectnn_transferring_features - INFO - Save checkpoint at ./experiments/fewshot_scanobjectnn_transferring_features/cfgs/lr0.00065/ckpt-last.pth
2023-11-02 22:04:55,162 - fewshot_scanobjectnn_transferring_features - INFO - [Training] EPOCH: 99 EpochTime = 0.946 (s) Losses = ['0.0567', '100.0000'] lr = 0.000169
2023-11-02 22:04:56,486 - fewshot_scanobjectnn_transferring_features - INFO - [Validation] EPOCH: 99  acc = 57.0000
2023-11-02 22:04:59,981 - fewshot_scanobjectnn_transferring_features - INFO - Save checkpoint at ./experiments/fewshot_scanobjectnn_transferring_features/cfgs/lr0.00065/ckpt-last.pth
2023-11-02 22:05:01,101 - fewshot_scanobjectnn_transferring_features - INFO - [Training] EPOCH: 100 EpochTime = 1.118 (s) Losses = ['0.0761', '100.0000'] lr = 0.000163
2023-11-02 22:05:02,505 - fewshot_scanobjectnn_transferring_features - INFO - [Validation] EPOCH: 100  acc = 57.0000
2023-11-02 22:05:05,646 - fewshot_scanobjectnn_transferring_features - INFO - Save checkpoint at ./experiments/fewshot_scanobjectnn_transferring_features/cfgs/lr0.00065/ckpt-last.pth
2023-11-02 22:05:06,814 - fewshot_scanobjectnn_transferring_features - INFO - [Training] EPOCH: 101 EpochTime = 1.166 (s) Losses = ['0.0748', '100.0000'] lr = 0.000157
2023-11-02 22:05:07,807 - fewshot_scanobjectnn_transferring_features - INFO - [Validation] EPOCH: 101  acc = 56.0000
2023-11-02 22:05:11,848 - fewshot_scanobjectnn_transferring_features - INFO - Save checkpoint at ./experiments/fewshot_scanobjectnn_transferring_features/cfgs/lr0.00065/ckpt-last.pth
2023-11-02 22:05:12,844 - fewshot_scanobjectnn_transferring_features - INFO - [Training] EPOCH: 102 EpochTime = 0.994 (s) Losses = ['0.0767', '100.0000'] lr = 0.000152
2023-11-02 22:05:14,157 - fewshot_scanobjectnn_transferring_features - INFO - [Validation] EPOCH: 102  acc = 57.0000
2023-11-02 22:05:18,445 - fewshot_scanobjectnn_transferring_features - INFO - Save checkpoint at ./experiments/fewshot_scanobjectnn_transferring_features/cfgs/lr0.00065/ckpt-last.pth
2023-11-02 22:05:19,734 - fewshot_scanobjectnn_transferring_features - INFO - [Training] EPOCH: 103 EpochTime = 1.286 (s) Losses = ['0.0611', '100.0000'] lr = 0.000146
2023-11-02 22:05:20,750 - fewshot_scanobjectnn_transferring_features - INFO - [Validation] EPOCH: 103  acc = 56.0000
2023-11-02 22:05:24,021 - fewshot_scanobjectnn_transferring_features - INFO - Save checkpoint at ./experiments/fewshot_scanobjectnn_transferring_features/cfgs/lr0.00065/ckpt-last.pth
2023-11-02 22:05:24,969 - fewshot_scanobjectnn_transferring_features - INFO - [Training] EPOCH: 104 EpochTime = 0.947 (s) Losses = ['0.0764', '100.0000'] lr = 0.000140
2023-11-02 22:05:26,182 - fewshot_scanobjectnn_transferring_features - INFO - [Validation] EPOCH: 104  acc = 56.0000
2023-11-02 22:05:29,443 - fewshot_scanobjectnn_transferring_features - INFO - Save checkpoint at ./experiments/fewshot_scanobjectnn_transferring_features/cfgs/lr0.00065/ckpt-last.pth
2023-11-02 22:05:30,644 - fewshot_scanobjectnn_transferring_features - INFO - [Training] EPOCH: 105 EpochTime = 1.199 (s) Losses = ['0.0659', '100.0000'] lr = 0.000135
2023-11-02 22:05:31,797 - fewshot_scanobjectnn_transferring_features - INFO - [Validation] EPOCH: 105  acc = 56.0000
2023-11-02 22:05:34,359 - fewshot_scanobjectnn_transferring_features - INFO - Save checkpoint at ./experiments/fewshot_scanobjectnn_transferring_features/cfgs/lr0.00065/ckpt-last.pth
2023-11-02 22:05:35,393 - fewshot_scanobjectnn_transferring_features - INFO - [Training] EPOCH: 106 EpochTime = 1.031 (s) Losses = ['0.0713', '100.0000'] lr = 0.000129
2023-11-02 22:05:36,381 - fewshot_scanobjectnn_transferring_features - INFO - [Validation] EPOCH: 106  acc = 57.0000
2023-11-02 22:05:40,328 - fewshot_scanobjectnn_transferring_features - INFO - Save checkpoint at ./experiments/fewshot_scanobjectnn_transferring_features/cfgs/lr0.00065/ckpt-last.pth
2023-11-02 22:05:41,277 - fewshot_scanobjectnn_transferring_features - INFO - [Training] EPOCH: 107 EpochTime = 0.946 (s) Losses = ['0.0695', '100.0000'] lr = 0.000124
2023-11-02 22:05:42,326 - fewshot_scanobjectnn_transferring_features - INFO - [Validation] EPOCH: 107  acc = 56.0000
2023-11-02 22:05:44,566 - fewshot_scanobjectnn_transferring_features - INFO - Save checkpoint at ./experiments/fewshot_scanobjectnn_transferring_features/cfgs/lr0.00065/ckpt-last.pth
2023-11-02 22:05:45,556 - fewshot_scanobjectnn_transferring_features - INFO - [Training] EPOCH: 108 EpochTime = 0.987 (s) Losses = ['0.0651', '100.0000'] lr = 0.000119
2023-11-02 22:05:46,727 - fewshot_scanobjectnn_transferring_features - INFO - [Validation] EPOCH: 108  acc = 57.0000
2023-11-02 22:05:50,967 - fewshot_scanobjectnn_transferring_features - INFO - Save checkpoint at ./experiments/fewshot_scanobjectnn_transferring_features/cfgs/lr0.00065/ckpt-last.pth
2023-11-02 22:05:51,962 - fewshot_scanobjectnn_transferring_features - INFO - [Training] EPOCH: 109 EpochTime = 0.993 (s) Losses = ['0.0547', '100.0000'] lr = 0.000113
2023-11-02 22:05:53,376 - fewshot_scanobjectnn_transferring_features - INFO - [Validation] EPOCH: 109  acc = 56.0000
2023-11-02 22:05:56,854 - fewshot_scanobjectnn_transferring_features - INFO - Save checkpoint at ./experiments/fewshot_scanobjectnn_transferring_features/cfgs/lr0.00065/ckpt-last.pth
2023-11-02 22:05:58,219 - fewshot_scanobjectnn_transferring_features - INFO - [Training] EPOCH: 110 EpochTime = 1.363 (s) Losses = ['0.0618', '100.0000'] lr = 0.000108
2023-11-02 22:05:59,275 - fewshot_scanobjectnn_transferring_features - INFO - [Validation] EPOCH: 110  acc = 56.0000
2023-11-02 22:06:03,454 - fewshot_scanobjectnn_transferring_features - INFO - Save checkpoint at ./experiments/fewshot_scanobjectnn_transferring_features/cfgs/lr0.00065/ckpt-last.pth
2023-11-02 22:06:04,455 - fewshot_scanobjectnn_transferring_features - INFO - [Training] EPOCH: 111 EpochTime = 0.998 (s) Losses = ['0.0918', '100.0000'] lr = 0.000103
2023-11-02 22:06:05,886 - fewshot_scanobjectnn_transferring_features - INFO - [Validation] EPOCH: 111  acc = 56.0000
2023-11-02 22:06:10,815 - fewshot_scanobjectnn_transferring_features - INFO - Save checkpoint at ./experiments/fewshot_scanobjectnn_transferring_features/cfgs/lr0.00065/ckpt-last.pth
2023-11-02 22:06:11,765 - fewshot_scanobjectnn_transferring_features - INFO - [Training] EPOCH: 112 EpochTime = 0.948 (s) Losses = ['0.0537', '100.0000'] lr = 0.000098
2023-11-02 22:06:12,999 - fewshot_scanobjectnn_transferring_features - INFO - [Validation] EPOCH: 112  acc = 56.0000
2023-11-02 22:06:15,203 - fewshot_scanobjectnn_transferring_features - INFO - Save checkpoint at ./experiments/fewshot_scanobjectnn_transferring_features/cfgs/lr0.00065/ckpt-last.pth
2023-11-02 22:06:16,151 - fewshot_scanobjectnn_transferring_features - INFO - [Training] EPOCH: 113 EpochTime = 0.947 (s) Losses = ['0.0805', '100.0000'] lr = 0.000094
2023-11-02 22:06:17,209 - fewshot_scanobjectnn_transferring_features - INFO - [Validation] EPOCH: 113  acc = 56.0000
2023-11-02 22:06:20,476 - fewshot_scanobjectnn_transferring_features - INFO - Save checkpoint at ./experiments/fewshot_scanobjectnn_transferring_features/cfgs/lr0.00065/ckpt-last.pth
2023-11-02 22:06:21,605 - fewshot_scanobjectnn_transferring_features - INFO - [Training] EPOCH: 114 EpochTime = 1.128 (s) Losses = ['0.0703', '100.0000'] lr = 0.000089
2023-11-02 22:06:22,682 - fewshot_scanobjectnn_transferring_features - INFO - [Validation] EPOCH: 114  acc = 56.0000
2023-11-02 22:06:26,148 - fewshot_scanobjectnn_transferring_features - INFO - Save checkpoint at ./experiments/fewshot_scanobjectnn_transferring_features/cfgs/lr0.00065/ckpt-last.pth
2023-11-02 22:06:27,127 - fewshot_scanobjectnn_transferring_features - INFO - [Training] EPOCH: 115 EpochTime = 0.977 (s) Losses = ['0.0582', '100.0000'] lr = 0.000084
2023-11-02 22:06:28,247 - fewshot_scanobjectnn_transferring_features - INFO - [Validation] EPOCH: 115  acc = 56.0000
2023-11-02 22:06:32,351 - fewshot_scanobjectnn_transferring_features - INFO - Save checkpoint at ./experiments/fewshot_scanobjectnn_transferring_features/cfgs/lr0.00065/ckpt-last.pth
2023-11-02 22:06:33,554 - fewshot_scanobjectnn_transferring_features - INFO - [Training] EPOCH: 116 EpochTime = 1.200 (s) Losses = ['0.0816', '100.0000'] lr = 0.000080
2023-11-02 22:06:34,561 - fewshot_scanobjectnn_transferring_features - INFO - [Validation] EPOCH: 116  acc = 56.0000
2023-11-02 22:06:37,164 - fewshot_scanobjectnn_transferring_features - INFO - Save checkpoint at ./experiments/fewshot_scanobjectnn_transferring_features/cfgs/lr0.00065/ckpt-last.pth
2023-11-02 22:06:38,111 - fewshot_scanobjectnn_transferring_features - INFO - [Training] EPOCH: 117 EpochTime = 0.945 (s) Losses = ['0.0657', '100.0000'] lr = 0.000075
2023-11-02 22:06:39,161 - fewshot_scanobjectnn_transferring_features - INFO - [Validation] EPOCH: 117  acc = 56.0000
2023-11-02 22:06:42,853 - fewshot_scanobjectnn_transferring_features - INFO - Save checkpoint at ./experiments/fewshot_scanobjectnn_transferring_features/cfgs/lr0.00065/ckpt-last.pth
2023-11-02 22:06:43,946 - fewshot_scanobjectnn_transferring_features - INFO - [Training] EPOCH: 118 EpochTime = 1.091 (s) Losses = ['0.0770', '100.0000'] lr = 0.000071
2023-11-02 22:06:45,357 - fewshot_scanobjectnn_transferring_features - INFO - [Validation] EPOCH: 118  acc = 58.0000
2023-11-02 22:06:48,023 - fewshot_scanobjectnn_transferring_features - INFO - Save checkpoint at ./experiments/fewshot_scanobjectnn_transferring_features/cfgs/lr0.00065/ckpt-last.pth
2023-11-02 22:06:48,980 - fewshot_scanobjectnn_transferring_features - INFO - [Training] EPOCH: 119 EpochTime = 0.956 (s) Losses = ['0.0713', '100.0000'] lr = 0.000067
2023-11-02 22:06:49,979 - fewshot_scanobjectnn_transferring_features - INFO - [Validation] EPOCH: 119  acc = 58.0000
2023-11-02 22:06:52,182 - fewshot_scanobjectnn_transferring_features - INFO - Save checkpoint at ./experiments/fewshot_scanobjectnn_transferring_features/cfgs/lr0.00065/ckpt-last.pth
2023-11-02 22:06:53,225 - fewshot_scanobjectnn_transferring_features - INFO - [Training] EPOCH: 120 EpochTime = 1.040 (s) Losses = ['0.0914', '100.0000'] lr = 0.000063
2023-11-02 22:06:54,252 - fewshot_scanobjectnn_transferring_features - INFO - [Validation] EPOCH: 120  acc = 58.0000
2023-11-02 22:06:57,334 - fewshot_scanobjectnn_transferring_features - INFO - Save checkpoint at ./experiments/fewshot_scanobjectnn_transferring_features/cfgs/lr0.00065/ckpt-last.pth
2023-11-02 22:06:58,279 - fewshot_scanobjectnn_transferring_features - INFO - [Training] EPOCH: 121 EpochTime = 0.943 (s) Losses = ['0.0476', '100.0000'] lr = 0.000059
2023-11-02 22:06:59,406 - fewshot_scanobjectnn_transferring_features - INFO - [Validation] EPOCH: 121  acc = 58.0000
2023-11-02 22:07:03,364 - fewshot_scanobjectnn_transferring_features - INFO - Save checkpoint at ./experiments/fewshot_scanobjectnn_transferring_features/cfgs/lr0.00065/ckpt-last.pth
2023-11-02 22:07:04,677 - fewshot_scanobjectnn_transferring_features - INFO - [Training] EPOCH: 122 EpochTime = 1.311 (s) Losses = ['0.0521', '100.0000'] lr = 0.000055
2023-11-02 22:07:05,704 - fewshot_scanobjectnn_transferring_features - INFO - [Validation] EPOCH: 122  acc = 58.0000
2023-11-02 22:07:10,007 - fewshot_scanobjectnn_transferring_features - INFO - Save checkpoint at ./experiments/fewshot_scanobjectnn_transferring_features/cfgs/lr0.00065/ckpt-last.pth
2023-11-02 22:07:11,213 - fewshot_scanobjectnn_transferring_features - INFO - [Training] EPOCH: 123 EpochTime = 1.204 (s) Losses = ['0.0448', '100.0000'] lr = 0.000052
2023-11-02 22:07:12,518 - fewshot_scanobjectnn_transferring_features - INFO - [Validation] EPOCH: 123  acc = 57.0000
2023-11-02 22:07:16,415 - fewshot_scanobjectnn_transferring_features - INFO - Save checkpoint at ./experiments/fewshot_scanobjectnn_transferring_features/cfgs/lr0.00065/ckpt-last.pth
2023-11-02 22:07:17,450 - fewshot_scanobjectnn_transferring_features - INFO - [Training] EPOCH: 124 EpochTime = 1.032 (s) Losses = ['0.0589', '100.0000'] lr = 0.000048
2023-11-02 22:07:18,789 - fewshot_scanobjectnn_transferring_features - INFO - [Validation] EPOCH: 124  acc = 56.0000
2023-11-02 22:07:22,295 - fewshot_scanobjectnn_transferring_features - INFO - Save checkpoint at ./experiments/fewshot_scanobjectnn_transferring_features/cfgs/lr0.00065/ckpt-last.pth
2023-11-02 22:07:23,455 - fewshot_scanobjectnn_transferring_features - INFO - [Training] EPOCH: 125 EpochTime = 1.158 (s) Losses = ['0.0619', '100.0000'] lr = 0.000044
2023-11-02 22:07:24,994 - fewshot_scanobjectnn_transferring_features - INFO - [Validation] EPOCH: 125  acc = 57.0000
2023-11-02 22:07:29,025 - fewshot_scanobjectnn_transferring_features - INFO - Save checkpoint at ./experiments/fewshot_scanobjectnn_transferring_features/cfgs/lr0.00065/ckpt-last.pth
2023-11-02 22:07:29,986 - fewshot_scanobjectnn_transferring_features - INFO - [Training] EPOCH: 126 EpochTime = 0.957 (s) Losses = ['0.0584', '100.0000'] lr = 0.000041
2023-11-02 22:07:30,989 - fewshot_scanobjectnn_transferring_features - INFO - [Validation] EPOCH: 126  acc = 58.0000
2023-11-02 22:07:33,286 - fewshot_scanobjectnn_transferring_features - INFO - Save checkpoint at ./experiments/fewshot_scanobjectnn_transferring_features/cfgs/lr0.00065/ckpt-last.pth
2023-11-02 22:07:34,325 - fewshot_scanobjectnn_transferring_features - INFO - [Training] EPOCH: 127 EpochTime = 1.036 (s) Losses = ['0.0674', '100.0000'] lr = 0.000038
2023-11-02 22:07:35,350 - fewshot_scanobjectnn_transferring_features - INFO - [Validation] EPOCH: 127  acc = 56.0000
2023-11-02 22:07:39,730 - fewshot_scanobjectnn_transferring_features - INFO - Save checkpoint at ./experiments/fewshot_scanobjectnn_transferring_features/cfgs/lr0.00065/ckpt-last.pth
2023-11-02 22:07:40,788 - fewshot_scanobjectnn_transferring_features - INFO - [Training] EPOCH: 128 EpochTime = 1.056 (s) Losses = ['0.0630', '100.0000'] lr = 0.000035
2023-11-02 22:07:42,097 - fewshot_scanobjectnn_transferring_features - INFO - [Validation] EPOCH: 128  acc = 55.0000
2023-11-02 22:07:46,408 - fewshot_scanobjectnn_transferring_features - INFO - Save checkpoint at ./experiments/fewshot_scanobjectnn_transferring_features/cfgs/lr0.00065/ckpt-last.pth
2023-11-02 22:07:47,362 - fewshot_scanobjectnn_transferring_features - INFO - [Training] EPOCH: 129 EpochTime = 0.951 (s) Losses = ['0.0712', '100.0000'] lr = 0.000032
2023-11-02 22:07:48,643 - fewshot_scanobjectnn_transferring_features - INFO - [Validation] EPOCH: 129  acc = 57.0000
2023-11-02 22:07:52,236 - fewshot_scanobjectnn_transferring_features - INFO - Save checkpoint at ./experiments/fewshot_scanobjectnn_transferring_features/cfgs/lr0.00065/ckpt-last.pth
2023-11-02 22:07:53,285 - fewshot_scanobjectnn_transferring_features - INFO - [Training] EPOCH: 130 EpochTime = 1.047 (s) Losses = ['0.0808', '100.0000'] lr = 0.000029
2023-11-02 22:07:54,300 - fewshot_scanobjectnn_transferring_features - INFO - [Validation] EPOCH: 130  acc = 56.0000
2023-11-02 22:07:57,614 - fewshot_scanobjectnn_transferring_features - INFO - Save checkpoint at ./experiments/fewshot_scanobjectnn_transferring_features/cfgs/lr0.00065/ckpt-last.pth
2023-11-02 22:07:58,591 - fewshot_scanobjectnn_transferring_features - INFO - [Training] EPOCH: 131 EpochTime = 0.975 (s) Losses = ['0.0601', '100.0000'] lr = 0.000026
2023-11-02 22:07:59,580 - fewshot_scanobjectnn_transferring_features - INFO - [Validation] EPOCH: 131  acc = 57.0000
2023-11-02 22:08:03,516 - fewshot_scanobjectnn_transferring_features - INFO - Save checkpoint at ./experiments/fewshot_scanobjectnn_transferring_features/cfgs/lr0.00065/ckpt-last.pth
2023-11-02 22:08:04,825 - fewshot_scanobjectnn_transferring_features - INFO - [Training] EPOCH: 132 EpochTime = 1.307 (s) Losses = ['0.0808', '100.0000'] lr = 0.000024
2023-11-02 22:08:05,865 - fewshot_scanobjectnn_transferring_features - INFO - [Validation] EPOCH: 132  acc = 58.0000
2023-11-02 22:08:09,485 - fewshot_scanobjectnn_transferring_features - INFO - Save checkpoint at ./experiments/fewshot_scanobjectnn_transferring_features/cfgs/lr0.00065/ckpt-last.pth
2023-11-02 22:08:10,458 - fewshot_scanobjectnn_transferring_features - INFO - [Training] EPOCH: 133 EpochTime = 0.972 (s) Losses = ['0.0693', '100.0000'] lr = 0.000021
2023-11-02 22:08:11,487 - fewshot_scanobjectnn_transferring_features - INFO - [Validation] EPOCH: 133  acc = 56.0000
2023-11-02 22:08:14,790 - fewshot_scanobjectnn_transferring_features - INFO - Save checkpoint at ./experiments/fewshot_scanobjectnn_transferring_features/cfgs/lr0.00065/ckpt-last.pth
2023-11-02 22:08:15,901 - fewshot_scanobjectnn_transferring_features - INFO - [Training] EPOCH: 134 EpochTime = 1.108 (s) Losses = ['0.0709', '100.0000'] lr = 0.000019
2023-11-02 22:08:17,238 - fewshot_scanobjectnn_transferring_features - INFO - [Validation] EPOCH: 134  acc = 57.0000
2023-11-02 22:08:20,135 - fewshot_scanobjectnn_transferring_features - INFO - Save checkpoint at ./experiments/fewshot_scanobjectnn_transferring_features/cfgs/lr0.00065/ckpt-last.pth
2023-11-02 22:08:21,477 - fewshot_scanobjectnn_transferring_features - INFO - [Training] EPOCH: 135 EpochTime = 1.335 (s) Losses = ['0.0566', '100.0000'] lr = 0.000017
2023-11-02 22:08:22,473 - fewshot_scanobjectnn_transferring_features - INFO - [Validation] EPOCH: 135  acc = 57.0000
2023-11-02 22:08:25,821 - fewshot_scanobjectnn_transferring_features - INFO - Save checkpoint at ./experiments/fewshot_scanobjectnn_transferring_features/cfgs/lr0.00065/ckpt-last.pth
2023-11-02 22:08:26,793 - fewshot_scanobjectnn_transferring_features - INFO - [Training] EPOCH: 136 EpochTime = 0.970 (s) Losses = ['0.0439', '100.0000'] lr = 0.000015
2023-11-02 22:08:27,867 - fewshot_scanobjectnn_transferring_features - INFO - [Validation] EPOCH: 136  acc = 57.0000
2023-11-02 22:08:31,314 - fewshot_scanobjectnn_transferring_features - INFO - Save checkpoint at ./experiments/fewshot_scanobjectnn_transferring_features/cfgs/lr0.00065/ckpt-last.pth
2023-11-02 22:08:32,342 - fewshot_scanobjectnn_transferring_features - INFO - [Training] EPOCH: 137 EpochTime = 1.026 (s) Losses = ['0.0811', '100.0000'] lr = 0.000013
2023-11-02 22:08:33,471 - fewshot_scanobjectnn_transferring_features - INFO - [Validation] EPOCH: 137  acc = 56.0000
2023-11-02 22:08:36,345 - fewshot_scanobjectnn_transferring_features - INFO - Save checkpoint at ./experiments/fewshot_scanobjectnn_transferring_features/cfgs/lr0.00065/ckpt-last.pth
2023-11-02 22:08:37,340 - fewshot_scanobjectnn_transferring_features - INFO - [Training] EPOCH: 138 EpochTime = 0.991 (s) Losses = ['0.0675', '100.0000'] lr = 0.000011
2023-11-02 22:08:38,319 - fewshot_scanobjectnn_transferring_features - INFO - [Validation] EPOCH: 138  acc = 57.0000
2023-11-02 22:08:43,972 - fewshot_scanobjectnn_transferring_features - INFO - Save checkpoint at ./experiments/fewshot_scanobjectnn_transferring_features/cfgs/lr0.00065/ckpt-last.pth
2023-11-02 22:08:45,025 - fewshot_scanobjectnn_transferring_features - INFO - [Training] EPOCH: 139 EpochTime = 1.051 (s) Losses = ['0.0623', '100.0000'] lr = 0.000010
2023-11-02 22:08:46,318 - fewshot_scanobjectnn_transferring_features - INFO - [Validation] EPOCH: 139  acc = 57.0000
2023-11-02 22:08:48,504 - fewshot_scanobjectnn_transferring_features - INFO - Save checkpoint at ./experiments/fewshot_scanobjectnn_transferring_features/cfgs/lr0.00065/ckpt-last.pth
2023-11-02 22:08:49,842 - fewshot_scanobjectnn_transferring_features - INFO - [Training] EPOCH: 140 EpochTime = 1.334 (s) Losses = ['0.0536', '100.0000'] lr = 0.000008
2023-11-02 22:08:50,842 - fewshot_scanobjectnn_transferring_features - INFO - [Validation] EPOCH: 140  acc = 56.0000
2023-11-02 22:08:53,712 - fewshot_scanobjectnn_transferring_features - INFO - Save checkpoint at ./experiments/fewshot_scanobjectnn_transferring_features/cfgs/lr0.00065/ckpt-last.pth
2023-11-02 22:08:54,649 - fewshot_scanobjectnn_transferring_features - INFO - [Training] EPOCH: 141 EpochTime = 0.935 (s) Losses = ['0.0781', '100.0000'] lr = 0.000007
2023-11-02 22:08:55,649 - fewshot_scanobjectnn_transferring_features - INFO - [Validation] EPOCH: 141  acc = 57.0000
2023-11-02 22:08:57,777 - fewshot_scanobjectnn_transferring_features - INFO - Save checkpoint at ./experiments/fewshot_scanobjectnn_transferring_features/cfgs/lr0.00065/ckpt-last.pth
2023-11-02 22:09:00,419 - fewshot_scanobjectnn_transferring_features - INFO - Save checkpoint at ./experiments/fewshot_scanobjectnn_transferring_features/cfgs/lr0.00065/ckpt-epoch-141.pth
2023-11-02 22:09:01,716 - fewshot_scanobjectnn_transferring_features - INFO - [Training] EPOCH: 142 EpochTime = 1.296 (s) Losses = ['0.0819', '100.0000'] lr = 0.000006
2023-11-02 22:09:02,776 - fewshot_scanobjectnn_transferring_features - INFO - [Validation] EPOCH: 142  acc = 56.0000
2023-11-02 22:09:06,136 - fewshot_scanobjectnn_transferring_features - INFO - Save checkpoint at ./experiments/fewshot_scanobjectnn_transferring_features/cfgs/lr0.00065/ckpt-last.pth
2023-11-02 22:09:10,226 - fewshot_scanobjectnn_transferring_features - INFO - Save checkpoint at ./experiments/fewshot_scanobjectnn_transferring_features/cfgs/lr0.00065/ckpt-epoch-142.pth
2023-11-02 22:09:11,242 - fewshot_scanobjectnn_transferring_features - INFO - [Training] EPOCH: 143 EpochTime = 1.012 (s) Losses = ['0.0596', '100.0000'] lr = 0.000004
2023-11-02 22:09:12,314 - fewshot_scanobjectnn_transferring_features - INFO - [Validation] EPOCH: 143  acc = 55.0000
2023-11-02 22:09:16,540 - fewshot_scanobjectnn_transferring_features - INFO - Save checkpoint at ./experiments/fewshot_scanobjectnn_transferring_features/cfgs/lr0.00065/ckpt-last.pth
2023-11-02 22:09:20,106 - fewshot_scanobjectnn_transferring_features - INFO - Save checkpoint at ./experiments/fewshot_scanobjectnn_transferring_features/cfgs/lr0.00065/ckpt-epoch-143.pth
2023-11-02 22:09:21,167 - fewshot_scanobjectnn_transferring_features - INFO - [Training] EPOCH: 144 EpochTime = 1.058 (s) Losses = ['0.0839', '100.0000'] lr = 0.000004
2023-11-02 22:09:22,308 - fewshot_scanobjectnn_transferring_features - INFO - [Validation] EPOCH: 144  acc = 55.0000
2023-11-02 22:09:24,266 - fewshot_scanobjectnn_transferring_features - INFO - Save checkpoint at ./experiments/fewshot_scanobjectnn_transferring_features/cfgs/lr0.00065/ckpt-last.pth
2023-11-02 22:09:27,963 - fewshot_scanobjectnn_transferring_features - INFO - Save checkpoint at ./experiments/fewshot_scanobjectnn_transferring_features/cfgs/lr0.00065/ckpt-epoch-144.pth
2023-11-02 22:09:28,916 - fewshot_scanobjectnn_transferring_features - INFO - [Training] EPOCH: 145 EpochTime = 0.952 (s) Losses = ['0.0679', '100.0000'] lr = 0.000003
2023-11-02 22:09:30,292 - fewshot_scanobjectnn_transferring_features - INFO - [Validation] EPOCH: 145  acc = 56.0000
2023-11-02 22:09:32,260 - fewshot_scanobjectnn_transferring_features - INFO - Save checkpoint at ./experiments/fewshot_scanobjectnn_transferring_features/cfgs/lr0.00065/ckpt-last.pth
2023-11-02 22:09:36,630 - fewshot_scanobjectnn_transferring_features - INFO - Save checkpoint at ./experiments/fewshot_scanobjectnn_transferring_features/cfgs/lr0.00065/ckpt-epoch-145.pth
2023-11-02 22:09:37,909 - fewshot_scanobjectnn_transferring_features - INFO - [Training] EPOCH: 146 EpochTime = 1.277 (s) Losses = ['0.0416', '100.0000'] lr = 0.000002
2023-11-02 22:09:38,959 - fewshot_scanobjectnn_transferring_features - INFO - [Validation] EPOCH: 146  acc = 56.0000
2023-11-02 22:09:44,427 - fewshot_scanobjectnn_transferring_features - INFO - Save checkpoint at ./experiments/fewshot_scanobjectnn_transferring_features/cfgs/lr0.00065/ckpt-last.pth
2023-11-02 22:09:48,783 - fewshot_scanobjectnn_transferring_features - INFO - Save checkpoint at ./experiments/fewshot_scanobjectnn_transferring_features/cfgs/lr0.00065/ckpt-epoch-146.pth
2023-11-02 22:09:49,825 - fewshot_scanobjectnn_transferring_features - INFO - [Training] EPOCH: 147 EpochTime = 1.040 (s) Losses = ['0.0855', '100.0000'] lr = 0.000002
2023-11-02 22:09:50,957 - fewshot_scanobjectnn_transferring_features - INFO - [Validation] EPOCH: 147  acc = 54.0000
2023-11-02 22:09:53,496 - fewshot_scanobjectnn_transferring_features - INFO - Save checkpoint at ./experiments/fewshot_scanobjectnn_transferring_features/cfgs/lr0.00065/ckpt-last.pth
2023-11-02 22:09:57,753 - fewshot_scanobjectnn_transferring_features - INFO - Save checkpoint at ./experiments/fewshot_scanobjectnn_transferring_features/cfgs/lr0.00065/ckpt-epoch-147.pth
2023-11-02 22:09:59,182 - fewshot_scanobjectnn_transferring_features - INFO - [Training] EPOCH: 148 EpochTime = 1.427 (s) Losses = ['0.0679', '100.0000'] lr = 0.000001
2023-11-02 22:10:00,182 - fewshot_scanobjectnn_transferring_features - INFO - [Validation] EPOCH: 148  acc = 56.0000
2023-11-02 22:10:02,371 - fewshot_scanobjectnn_transferring_features - INFO - Save checkpoint at ./experiments/fewshot_scanobjectnn_transferring_features/cfgs/lr0.00065/ckpt-last.pth
2023-11-02 22:10:06,581 - fewshot_scanobjectnn_transferring_features - INFO - Save checkpoint at ./experiments/fewshot_scanobjectnn_transferring_features/cfgs/lr0.00065/ckpt-epoch-148.pth
2023-11-02 22:10:07,540 - fewshot_scanobjectnn_transferring_features - INFO - [Training] EPOCH: 149 EpochTime = 0.958 (s) Losses = ['0.0427', '100.0000'] lr = 0.000001
2023-11-02 22:10:08,547 - fewshot_scanobjectnn_transferring_features - INFO - [Validation] EPOCH: 149  acc = 57.0000
2023-11-02 22:10:12,924 - fewshot_scanobjectnn_transferring_features - INFO - Save checkpoint at ./experiments/fewshot_scanobjectnn_transferring_features/cfgs/lr0.00065/ckpt-last.pth
2023-11-02 22:10:17,683 - fewshot_scanobjectnn_transferring_features - INFO - Save checkpoint at ./experiments/fewshot_scanobjectnn_transferring_features/cfgs/lr0.00065/ckpt-epoch-149.pth
2023-11-02 22:10:18,872 - fewshot_scanobjectnn_transferring_features - INFO - [Training] EPOCH: 150 EpochTime = 1.185 (s) Losses = ['0.0440', '100.0000'] lr = 0.000001
2023-11-02 22:10:20,204 - fewshot_scanobjectnn_transferring_features - INFO - [Validation] EPOCH: 150  acc = 56.0000
2023-11-02 22:10:22,816 - fewshot_scanobjectnn_transferring_features - INFO - Save checkpoint at ./experiments/fewshot_scanobjectnn_transferring_features/cfgs/lr0.00065/ckpt-last.pth
2023-11-02 22:10:27,150 - fewshot_scanobjectnn_transferring_features - INFO - Save checkpoint at ./experiments/fewshot_scanobjectnn_transferring_features/cfgs/lr0.00065/ckpt-epoch-150.pth
