2023-09-18 02:23:04,364 - fewshot_scanobjectnn_transferring_features - INFO - Copy the Config file from cfgs/fewshot_scanobjectnn_transferring_features.yaml to ./experiments/fewshot_scanobjectnn_transferring_features/cfgs/add_as_normal/config.yaml
2023-09-18 02:23:04,365 - fewshot_scanobjectnn_transferring_features - INFO - args.config : cfgs/fewshot_scanobjectnn_transferring_features.yaml
2023-09-18 02:23:04,365 - fewshot_scanobjectnn_transferring_features - INFO - args.launcher : none
2023-09-18 02:23:04,365 - fewshot_scanobjectnn_transferring_features - INFO - args.local_rank : 0
2023-09-18 02:23:04,365 - fewshot_scanobjectnn_transferring_features - INFO - args.num_workers : 8
2023-09-18 02:23:04,365 - fewshot_scanobjectnn_transferring_features - INFO - args.seed : 0
2023-09-18 02:23:04,365 - fewshot_scanobjectnn_transferring_features - INFO - args.deterministic : False
2023-09-18 02:23:04,365 - fewshot_scanobjectnn_transferring_features - INFO - args.sync_bn : True
2023-09-18 02:23:04,365 - fewshot_scanobjectnn_transferring_features - INFO - args.update_weights_every : 1
2023-09-18 02:23:04,366 - fewshot_scanobjectnn_transferring_features - INFO - args.main_task : 0
2023-09-18 02:23:04,366 - fewshot_scanobjectnn_transferring_features - INFO - args.nashmtl_optim_niter : 20
2023-09-18 02:23:04,366 - fewshot_scanobjectnn_transferring_features - INFO - args.c : 0.4
2023-09-18 02:23:04,366 - fewshot_scanobjectnn_transferring_features - INFO - args.dwa_temp : 2.0
2023-09-18 02:23:04,366 - fewshot_scanobjectnn_transferring_features - INFO - args.method_params_lr : 0.025
2023-09-18 02:23:04,366 - fewshot_scanobjectnn_transferring_features - INFO - args.method : nashmtl
2023-09-18 02:23:04,366 - fewshot_scanobjectnn_transferring_features - INFO - args.gpu : 5
2023-09-18 02:23:04,366 - fewshot_scanobjectnn_transferring_features - INFO - args.large_group : 5
2023-09-18 02:23:04,366 - fewshot_scanobjectnn_transferring_features - INFO - args.small_group : 10
2023-09-18 02:23:04,367 - fewshot_scanobjectnn_transferring_features - INFO - args.large_patch : 6
2023-09-18 02:23:04,367 - fewshot_scanobjectnn_transferring_features - INFO - args.small_patch : 3
2023-09-18 02:23:04,367 - fewshot_scanobjectnn_transferring_features - INFO - args.queue_length : 8192
2023-09-18 02:23:04,367 - fewshot_scanobjectnn_transferring_features - INFO - args.epoch_queue_starts : 10
2023-09-18 02:23:04,367 - fewshot_scanobjectnn_transferring_features - INFO - args.nmb_crops : [5, 10]
2023-09-18 02:23:04,367 - fewshot_scanobjectnn_transferring_features - INFO - args.fea_dim : 384
2023-09-18 02:23:04,367 - fewshot_scanobjectnn_transferring_features - INFO - args.hidden_mlp : 256
2023-09-18 02:23:04,367 - fewshot_scanobjectnn_transferring_features - INFO - args.output_dim : 128
2023-09-18 02:23:04,367 - fewshot_scanobjectnn_transferring_features - INFO - args.nmb_prototypes : 200
2023-09-18 02:23:04,368 - fewshot_scanobjectnn_transferring_features - INFO - args.temperature : 0.1
2023-09-18 02:23:04,368 - fewshot_scanobjectnn_transferring_features - INFO - args.epsilon : 0.05
2023-09-18 02:23:04,368 - fewshot_scanobjectnn_transferring_features - INFO - args.sinkhorn_iterations : 3
2023-09-18 02:23:04,368 - fewshot_scanobjectnn_transferring_features - INFO - args.world_size : 1
2023-09-18 02:23:04,368 - fewshot_scanobjectnn_transferring_features - INFO - args.exp_name : add_as_normal
2023-09-18 02:23:04,368 - fewshot_scanobjectnn_transferring_features - INFO - args.loss : cd1
2023-09-18 02:23:04,368 - fewshot_scanobjectnn_transferring_features - INFO - args.start_ckpts : None
2023-09-18 02:23:04,368 - fewshot_scanobjectnn_transferring_features - INFO - args.ckpts : ./experiments/pretrain_MaskSurf/cfgs/add_as_normal/ckpt-last.pth
2023-09-18 02:23:04,369 - fewshot_scanobjectnn_transferring_features - INFO - args.val_freq : 1
2023-09-18 02:23:04,369 - fewshot_scanobjectnn_transferring_features - INFO - args.vote : False
2023-09-18 02:23:04,369 - fewshot_scanobjectnn_transferring_features - INFO - args.resume : False
2023-09-18 02:23:04,369 - fewshot_scanobjectnn_transferring_features - INFO - args.test : False
2023-09-18 02:23:04,369 - fewshot_scanobjectnn_transferring_features - INFO - args.finetune_model : True
2023-09-18 02:23:04,369 - fewshot_scanobjectnn_transferring_features - INFO - args.scratch_model : False
2023-09-18 02:23:04,369 - fewshot_scanobjectnn_transferring_features - INFO - args.mode : None
2023-09-18 02:23:04,369 - fewshot_scanobjectnn_transferring_features - INFO - args.way : 10
2023-09-18 02:23:04,370 - fewshot_scanobjectnn_transferring_features - INFO - args.shot : 10
2023-09-18 02:23:04,370 - fewshot_scanobjectnn_transferring_features - INFO - args.fold : 5
2023-09-18 02:23:04,370 - fewshot_scanobjectnn_transferring_features - INFO - args.experiment_path : ./experiments/fewshot_scanobjectnn_transferring_features/cfgs/add_as_normal
2023-09-18 02:23:04,370 - fewshot_scanobjectnn_transferring_features - INFO - args.tfboard_path : ./experiments/fewshot_scanobjectnn_transferring_features/cfgs/TFBoard/add_as_normal
2023-09-18 02:23:04,370 - fewshot_scanobjectnn_transferring_features - INFO - args.log_name : fewshot_scanobjectnn_transferring_features
2023-09-18 02:23:04,370 - fewshot_scanobjectnn_transferring_features - INFO - args.use_gpu : True
2023-09-18 02:23:04,370 - fewshot_scanobjectnn_transferring_features - INFO - args.distributed : False
2023-09-18 02:23:04,370 - fewshot_scanobjectnn_transferring_features - INFO - config.optimizer = edict()
2023-09-18 02:23:04,371 - fewshot_scanobjectnn_transferring_features - INFO - config.optimizer.type : AdamW
2023-09-18 02:23:04,371 - fewshot_scanobjectnn_transferring_features - INFO - config.optimizer.part : all
2023-09-18 02:23:04,371 - fewshot_scanobjectnn_transferring_features - INFO - config.optimizer.kwargs = edict()
2023-09-18 02:23:04,371 - fewshot_scanobjectnn_transferring_features - INFO - config.optimizer.kwargs.lr : 0.0005
2023-09-18 02:23:04,371 - fewshot_scanobjectnn_transferring_features - INFO - config.optimizer.kwargs.weight_decay : 0.05
2023-09-18 02:23:04,371 - fewshot_scanobjectnn_transferring_features - INFO - config.scheduler = edict()
2023-09-18 02:23:04,371 - fewshot_scanobjectnn_transferring_features - INFO - config.scheduler.type : CosLR
2023-09-18 02:23:04,371 - fewshot_scanobjectnn_transferring_features - INFO - config.scheduler.kwargs = edict()
2023-09-18 02:23:04,371 - fewshot_scanobjectnn_transferring_features - INFO - config.scheduler.kwargs.epochs : 150
2023-09-18 02:23:04,371 - fewshot_scanobjectnn_transferring_features - INFO - config.scheduler.kwargs.initial_epochs : 10
2023-09-18 02:23:04,372 - fewshot_scanobjectnn_transferring_features - INFO - config.dataset = edict()
2023-09-18 02:23:04,372 - fewshot_scanobjectnn_transferring_features - INFO - config.dataset.train = edict()
2023-09-18 02:23:04,372 - fewshot_scanobjectnn_transferring_features - INFO - config.dataset.train._base_ = edict()
2023-09-18 02:23:04,372 - fewshot_scanobjectnn_transferring_features - INFO - config.dataset.train._base_.NAME : ModelNetFewShot
2023-09-18 02:23:04,372 - fewshot_scanobjectnn_transferring_features - INFO - config.dataset.train._base_.DATA_PATH : data/ScanObjectNN_hardest_fewshot
2023-09-18 02:23:04,372 - fewshot_scanobjectnn_transferring_features - INFO - config.dataset.train._base_.N_POINTS : 2048
2023-09-18 02:23:04,372 - fewshot_scanobjectnn_transferring_features - INFO - config.dataset.train._base_.NUM_CATEGORY : 15
2023-09-18 02:23:04,372 - fewshot_scanobjectnn_transferring_features - INFO - config.dataset.train._base_.USE_NORMALS : False
2023-09-18 02:23:04,372 - fewshot_scanobjectnn_transferring_features - INFO - config.dataset.train.others = edict()
2023-09-18 02:23:04,372 - fewshot_scanobjectnn_transferring_features - INFO - config.dataset.train.others.subset : train
2023-09-18 02:23:04,373 - fewshot_scanobjectnn_transferring_features - INFO - config.dataset.train.others.bs : 32
2023-09-18 02:23:04,373 - fewshot_scanobjectnn_transferring_features - INFO - config.dataset.val = edict()
2023-09-18 02:23:04,373 - fewshot_scanobjectnn_transferring_features - INFO - config.dataset.val._base_ = edict()
2023-09-18 02:23:04,373 - fewshot_scanobjectnn_transferring_features - INFO - config.dataset.val._base_.NAME : ModelNetFewShot
2023-09-18 02:23:04,373 - fewshot_scanobjectnn_transferring_features - INFO - config.dataset.val._base_.DATA_PATH : data/ScanObjectNN_hardest_fewshot
2023-09-18 02:23:04,373 - fewshot_scanobjectnn_transferring_features - INFO - config.dataset.val._base_.N_POINTS : 2048
2023-09-18 02:23:04,373 - fewshot_scanobjectnn_transferring_features - INFO - config.dataset.val._base_.NUM_CATEGORY : 15
2023-09-18 02:23:04,373 - fewshot_scanobjectnn_transferring_features - INFO - config.dataset.val._base_.USE_NORMALS : False
2023-09-18 02:23:04,373 - fewshot_scanobjectnn_transferring_features - INFO - config.dataset.val.others = edict()
2023-09-18 02:23:04,373 - fewshot_scanobjectnn_transferring_features - INFO - config.dataset.val.others.subset : test
2023-09-18 02:23:04,373 - fewshot_scanobjectnn_transferring_features - INFO - config.dataset.val.others.bs : 64
2023-09-18 02:23:04,374 - fewshot_scanobjectnn_transferring_features - INFO - config.dataset.test = edict()
2023-09-18 02:23:04,374 - fewshot_scanobjectnn_transferring_features - INFO - config.dataset.test._base_ = edict()
2023-09-18 02:23:04,374 - fewshot_scanobjectnn_transferring_features - INFO - config.dataset.test._base_.NAME : ScanObjectNN_hardest
2023-09-18 02:23:04,374 - fewshot_scanobjectnn_transferring_features - INFO - config.dataset.test._base_.ROOT : data/ScanObjectNN/main_split
2023-09-18 02:23:04,374 - fewshot_scanobjectnn_transferring_features - INFO - config.dataset.test.others = edict()
2023-09-18 02:23:04,374 - fewshot_scanobjectnn_transferring_features - INFO - config.dataset.test.others.subset : test
2023-09-18 02:23:04,374 - fewshot_scanobjectnn_transferring_features - INFO - config.dataset.test.others.bs : 32
2023-09-18 02:23:04,374 - fewshot_scanobjectnn_transferring_features - INFO - config.model = edict()
2023-09-18 02:23:04,374 - fewshot_scanobjectnn_transferring_features - INFO - config.model.NAME : PointTransformer
2023-09-18 02:23:04,374 - fewshot_scanobjectnn_transferring_features - INFO - config.model.trans_dim : 384
2023-09-18 02:23:04,375 - fewshot_scanobjectnn_transferring_features - INFO - config.model.depth : 12
2023-09-18 02:23:04,375 - fewshot_scanobjectnn_transferring_features - INFO - config.model.drop_path_rate : 0.1
2023-09-18 02:23:04,375 - fewshot_scanobjectnn_transferring_features - INFO - config.model.cls_dim : 40
2023-09-18 02:23:04,375 - fewshot_scanobjectnn_transferring_features - INFO - config.model.num_heads : 6
2023-09-18 02:23:04,375 - fewshot_scanobjectnn_transferring_features - INFO - config.model.group_size : 32
2023-09-18 02:23:04,375 - fewshot_scanobjectnn_transferring_features - INFO - config.model.num_group : 64
2023-09-18 02:23:04,375 - fewshot_scanobjectnn_transferring_features - INFO - config.model.encoder_dims : 384
2023-09-18 02:23:04,375 - fewshot_scanobjectnn_transferring_features - INFO - config.npoints : 1024
2023-09-18 02:23:04,375 - fewshot_scanobjectnn_transferring_features - INFO - config.total_bs : 32
2023-09-18 02:23:04,375 - fewshot_scanobjectnn_transferring_features - INFO - config.step_per_update : 1
2023-09-18 02:23:04,376 - fewshot_scanobjectnn_transferring_features - INFO - config.max_epoch : 150
2023-09-18 02:23:04,376 - fewshot_scanobjectnn_transferring_features - INFO - config.grad_norm_clip : 10
2023-09-18 02:23:04,376 - fewshot_scanobjectnn_transferring_features - INFO - Distributed training: False
2023-09-18 02:23:04,376 - fewshot_scanobjectnn_transferring_features - INFO - Set random seed to 0, deterministic: False
2023-09-18 02:23:06,570 - fewshot_scanobjectnn_transferring_features - INFO - Using Data parallel ...
2023-09-18 02:23:11,727 - fewshot_scanobjectnn_transferring_features - INFO - [Training] EPOCH: 0 EpochTime = 5.152 (s) Losses = ['3.7919', '0.0000'] lr = 0.000001
2023-09-18 02:23:13,930 - fewshot_scanobjectnn_transferring_features - INFO - Save checkpoint at ./experiments/fewshot_scanobjectnn_transferring_features/cfgs/add_as_normal/ckpt-last.pth
2023-09-18 02:23:15,222 - fewshot_scanobjectnn_transferring_features - INFO - [Training] EPOCH: 1 EpochTime = 1.290 (s) Losses = ['3.8585', '2.0833'] lr = 0.000051
2023-09-18 02:23:17,048 - fewshot_scanobjectnn_transferring_features - INFO - [Validation] EPOCH: 1  acc = 4.5000
2023-09-18 02:23:18,595 - fewshot_scanobjectnn_transferring_features - INFO - Save checkpoint at ./experiments/fewshot_scanobjectnn_transferring_features/cfgs/add_as_normal/ckpt-best.pth
2023-09-18 02:23:18,595 - fewshot_scanobjectnn_transferring_features - INFO - --------------------------------------------------------------------------------------------
2023-09-18 02:23:20,100 - fewshot_scanobjectnn_transferring_features - INFO - Save checkpoint at ./experiments/fewshot_scanobjectnn_transferring_features/cfgs/add_as_normal/ckpt-last.pth
2023-09-18 02:23:21,280 - fewshot_scanobjectnn_transferring_features - INFO - [Training] EPOCH: 2 EpochTime = 1.178 (s) Losses = ['3.7943', '2.0833'] lr = 0.000101
2023-09-18 02:23:22,570 - fewshot_scanobjectnn_transferring_features - INFO - [Validation] EPOCH: 2  acc = 2.0000
2023-09-18 02:23:24,408 - fewshot_scanobjectnn_transferring_features - INFO - Save checkpoint at ./experiments/fewshot_scanobjectnn_transferring_features/cfgs/add_as_normal/ckpt-last.pth
2023-09-18 02:23:25,589 - fewshot_scanobjectnn_transferring_features - INFO - [Training] EPOCH: 3 EpochTime = 1.179 (s) Losses = ['3.7818', '4.1667'] lr = 0.000151
2023-09-18 02:23:26,931 - fewshot_scanobjectnn_transferring_features - INFO - [Validation] EPOCH: 3  acc = 1.5000
2023-09-18 02:23:28,585 - fewshot_scanobjectnn_transferring_features - INFO - Save checkpoint at ./experiments/fewshot_scanobjectnn_transferring_features/cfgs/add_as_normal/ckpt-last.pth
2023-09-18 02:23:29,860 - fewshot_scanobjectnn_transferring_features - INFO - [Training] EPOCH: 4 EpochTime = 1.272 (s) Losses = ['3.6774', '4.1667'] lr = 0.000201
2023-09-18 02:23:31,163 - fewshot_scanobjectnn_transferring_features - INFO - [Validation] EPOCH: 4  acc = 2.5000
2023-09-18 02:23:32,752 - fewshot_scanobjectnn_transferring_features - INFO - Save checkpoint at ./experiments/fewshot_scanobjectnn_transferring_features/cfgs/add_as_normal/ckpt-last.pth
2023-09-18 02:23:33,924 - fewshot_scanobjectnn_transferring_features - INFO - [Training] EPOCH: 5 EpochTime = 1.170 (s) Losses = ['3.5861', '2.0833'] lr = 0.000251
2023-09-18 02:23:35,195 - fewshot_scanobjectnn_transferring_features - INFO - [Validation] EPOCH: 5  acc = 5.0000
2023-09-18 02:23:37,454 - fewshot_scanobjectnn_transferring_features - INFO - Save checkpoint at ./experiments/fewshot_scanobjectnn_transferring_features/cfgs/add_as_normal/ckpt-best.pth
2023-09-18 02:23:37,454 - fewshot_scanobjectnn_transferring_features - INFO - --------------------------------------------------------------------------------------------
2023-09-18 02:23:40,701 - fewshot_scanobjectnn_transferring_features - INFO - Save checkpoint at ./experiments/fewshot_scanobjectnn_transferring_features/cfgs/add_as_normal/ckpt-last.pth
2023-09-18 02:23:41,877 - fewshot_scanobjectnn_transferring_features - INFO - [Training] EPOCH: 6 EpochTime = 1.174 (s) Losses = ['3.3382', '14.5833'] lr = 0.000300
2023-09-18 02:23:43,258 - fewshot_scanobjectnn_transferring_features - INFO - [Validation] EPOCH: 6  acc = 16.0000
2023-09-18 02:23:46,321 - fewshot_scanobjectnn_transferring_features - INFO - Save checkpoint at ./experiments/fewshot_scanobjectnn_transferring_features/cfgs/add_as_normal/ckpt-best.pth
2023-09-18 02:23:46,321 - fewshot_scanobjectnn_transferring_features - INFO - --------------------------------------------------------------------------------------------
2023-09-18 02:23:48,197 - fewshot_scanobjectnn_transferring_features - INFO - Save checkpoint at ./experiments/fewshot_scanobjectnn_transferring_features/cfgs/add_as_normal/ckpt-last.pth
2023-09-18 02:23:49,392 - fewshot_scanobjectnn_transferring_features - INFO - [Training] EPOCH: 7 EpochTime = 1.193 (s) Losses = ['3.1697', '18.7500'] lr = 0.000350
2023-09-18 02:23:50,679 - fewshot_scanobjectnn_transferring_features - INFO - [Validation] EPOCH: 7  acc = 22.5000
2023-09-18 02:23:52,525 - fewshot_scanobjectnn_transferring_features - INFO - Save checkpoint at ./experiments/fewshot_scanobjectnn_transferring_features/cfgs/add_as_normal/ckpt-best.pth
2023-09-18 02:23:52,526 - fewshot_scanobjectnn_transferring_features - INFO - --------------------------------------------------------------------------------------------
2023-09-18 02:23:54,817 - fewshot_scanobjectnn_transferring_features - INFO - Save checkpoint at ./experiments/fewshot_scanobjectnn_transferring_features/cfgs/add_as_normal/ckpt-last.pth
2023-09-18 02:23:55,968 - fewshot_scanobjectnn_transferring_features - INFO - [Training] EPOCH: 8 EpochTime = 1.149 (s) Losses = ['3.0427', '22.9167'] lr = 0.000400
2023-09-18 02:23:57,276 - fewshot_scanobjectnn_transferring_features - INFO - [Validation] EPOCH: 8  acc = 21.0000
2023-09-18 02:23:58,855 - fewshot_scanobjectnn_transferring_features - INFO - Save checkpoint at ./experiments/fewshot_scanobjectnn_transferring_features/cfgs/add_as_normal/ckpt-last.pth
2023-09-18 02:24:00,007 - fewshot_scanobjectnn_transferring_features - INFO - [Training] EPOCH: 9 EpochTime = 1.151 (s) Losses = ['2.9090', '28.1250'] lr = 0.000450
2023-09-18 02:24:01,307 - fewshot_scanobjectnn_transferring_features - INFO - [Validation] EPOCH: 9  acc = 20.5000
2023-09-18 02:24:03,015 - fewshot_scanobjectnn_transferring_features - INFO - Save checkpoint at ./experiments/fewshot_scanobjectnn_transferring_features/cfgs/add_as_normal/ckpt-last.pth
2023-09-18 02:24:04,208 - fewshot_scanobjectnn_transferring_features - INFO - [Training] EPOCH: 10 EpochTime = 1.192 (s) Losses = ['2.7172', '32.2917'] lr = 0.000495
2023-09-18 02:24:05,576 - fewshot_scanobjectnn_transferring_features - INFO - [Validation] EPOCH: 10  acc = 22.0000
2023-09-18 02:24:07,093 - fewshot_scanobjectnn_transferring_features - INFO - Save checkpoint at ./experiments/fewshot_scanobjectnn_transferring_features/cfgs/add_as_normal/ckpt-last.pth
2023-09-18 02:24:08,288 - fewshot_scanobjectnn_transferring_features - INFO - [Training] EPOCH: 11 EpochTime = 1.194 (s) Losses = ['2.4397', '47.9167'] lr = 0.000493
2023-09-18 02:24:09,580 - fewshot_scanobjectnn_transferring_features - INFO - [Validation] EPOCH: 11  acc = 24.0000
2023-09-18 02:24:11,175 - fewshot_scanobjectnn_transferring_features - INFO - Save checkpoint at ./experiments/fewshot_scanobjectnn_transferring_features/cfgs/add_as_normal/ckpt-best.pth
2023-09-18 02:24:11,175 - fewshot_scanobjectnn_transferring_features - INFO - --------------------------------------------------------------------------------------------
2023-09-18 02:24:13,183 - fewshot_scanobjectnn_transferring_features - INFO - Save checkpoint at ./experiments/fewshot_scanobjectnn_transferring_features/cfgs/add_as_normal/ckpt-last.pth
2023-09-18 02:24:14,345 - fewshot_scanobjectnn_transferring_features - INFO - [Training] EPOCH: 12 EpochTime = 1.161 (s) Losses = ['2.3409', '43.7500'] lr = 0.000492
2023-09-18 02:24:15,643 - fewshot_scanobjectnn_transferring_features - INFO - [Validation] EPOCH: 12  acc = 22.0000
2023-09-18 02:24:19,916 - fewshot_scanobjectnn_transferring_features - INFO - Save checkpoint at ./experiments/fewshot_scanobjectnn_transferring_features/cfgs/add_as_normal/ckpt-last.pth
2023-09-18 02:24:21,087 - fewshot_scanobjectnn_transferring_features - INFO - [Training] EPOCH: 13 EpochTime = 1.169 (s) Losses = ['2.3265', '41.6667'] lr = 0.000491
2023-09-18 02:24:22,600 - fewshot_scanobjectnn_transferring_features - INFO - [Validation] EPOCH: 13  acc = 24.5000
2023-09-18 02:24:24,701 - fewshot_scanobjectnn_transferring_features - INFO - Save checkpoint at ./experiments/fewshot_scanobjectnn_transferring_features/cfgs/add_as_normal/ckpt-best.pth
2023-09-18 02:24:24,701 - fewshot_scanobjectnn_transferring_features - INFO - --------------------------------------------------------------------------------------------
2023-09-18 02:24:28,158 - fewshot_scanobjectnn_transferring_features - INFO - Save checkpoint at ./experiments/fewshot_scanobjectnn_transferring_features/cfgs/add_as_normal/ckpt-last.pth
2023-09-18 02:24:29,354 - fewshot_scanobjectnn_transferring_features - INFO - [Training] EPOCH: 14 EpochTime = 1.195 (s) Losses = ['2.0002', '59.3750'] lr = 0.000489
2023-09-18 02:24:30,613 - fewshot_scanobjectnn_transferring_features - INFO - [Validation] EPOCH: 14  acc = 29.0000
2023-09-18 02:24:33,535 - fewshot_scanobjectnn_transferring_features - INFO - Save checkpoint at ./experiments/fewshot_scanobjectnn_transferring_features/cfgs/add_as_normal/ckpt-best.pth
2023-09-18 02:24:33,536 - fewshot_scanobjectnn_transferring_features - INFO - --------------------------------------------------------------------------------------------
2023-09-18 02:24:35,134 - fewshot_scanobjectnn_transferring_features - INFO - Save checkpoint at ./experiments/fewshot_scanobjectnn_transferring_features/cfgs/add_as_normal/ckpt-last.pth
2023-09-18 02:24:36,305 - fewshot_scanobjectnn_transferring_features - INFO - [Training] EPOCH: 15 EpochTime = 1.169 (s) Losses = ['1.8413', '58.3333'] lr = 0.000488
2023-09-18 02:24:37,599 - fewshot_scanobjectnn_transferring_features - INFO - [Validation] EPOCH: 15  acc = 28.0000
2023-09-18 02:24:39,220 - fewshot_scanobjectnn_transferring_features - INFO - Save checkpoint at ./experiments/fewshot_scanobjectnn_transferring_features/cfgs/add_as_normal/ckpt-last.pth
2023-09-18 02:24:40,392 - fewshot_scanobjectnn_transferring_features - INFO - [Training] EPOCH: 16 EpochTime = 1.170 (s) Losses = ['1.6334', '76.0417'] lr = 0.000486
2023-09-18 02:24:41,690 - fewshot_scanobjectnn_transferring_features - INFO - [Validation] EPOCH: 16  acc = 32.5000
2023-09-18 02:24:43,107 - fewshot_scanobjectnn_transferring_features - INFO - Save checkpoint at ./experiments/fewshot_scanobjectnn_transferring_features/cfgs/add_as_normal/ckpt-best.pth
2023-09-18 02:24:43,107 - fewshot_scanobjectnn_transferring_features - INFO - --------------------------------------------------------------------------------------------
2023-09-18 02:24:45,072 - fewshot_scanobjectnn_transferring_features - INFO - Save checkpoint at ./experiments/fewshot_scanobjectnn_transferring_features/cfgs/add_as_normal/ckpt-last.pth
2023-09-18 02:24:46,234 - fewshot_scanobjectnn_transferring_features - INFO - [Training] EPOCH: 17 EpochTime = 1.161 (s) Losses = ['1.5745', '70.8333'] lr = 0.000484
2023-09-18 02:24:47,568 - fewshot_scanobjectnn_transferring_features - INFO - [Validation] EPOCH: 17  acc = 32.0000
2023-09-18 02:24:49,338 - fewshot_scanobjectnn_transferring_features - INFO - Save checkpoint at ./experiments/fewshot_scanobjectnn_transferring_features/cfgs/add_as_normal/ckpt-last.pth
2023-09-18 02:24:50,506 - fewshot_scanobjectnn_transferring_features - INFO - [Training] EPOCH: 18 EpochTime = 1.166 (s) Losses = ['1.4805', '69.7917'] lr = 0.000482
2023-09-18 02:24:51,813 - fewshot_scanobjectnn_transferring_features - INFO - [Validation] EPOCH: 18  acc = 32.0000
2023-09-18 02:24:53,721 - fewshot_scanobjectnn_transferring_features - INFO - Save checkpoint at ./experiments/fewshot_scanobjectnn_transferring_features/cfgs/add_as_normal/ckpt-last.pth
2023-09-18 02:24:54,922 - fewshot_scanobjectnn_transferring_features - INFO - [Training] EPOCH: 19 EpochTime = 1.198 (s) Losses = ['1.3036', '82.2917'] lr = 0.000481
2023-09-18 02:24:56,202 - fewshot_scanobjectnn_transferring_features - INFO - [Validation] EPOCH: 19  acc = 34.0000
2023-09-18 02:24:57,929 - fewshot_scanobjectnn_transferring_features - INFO - Save checkpoint at ./experiments/fewshot_scanobjectnn_transferring_features/cfgs/add_as_normal/ckpt-best.pth
2023-09-18 02:24:57,929 - fewshot_scanobjectnn_transferring_features - INFO - --------------------------------------------------------------------------------------------
2023-09-18 02:25:00,363 - fewshot_scanobjectnn_transferring_features - INFO - Save checkpoint at ./experiments/fewshot_scanobjectnn_transferring_features/cfgs/add_as_normal/ckpt-last.pth
2023-09-18 02:25:01,517 - fewshot_scanobjectnn_transferring_features - INFO - [Training] EPOCH: 20 EpochTime = 1.152 (s) Losses = ['1.1891', '83.3333'] lr = 0.000478
2023-09-18 02:25:02,837 - fewshot_scanobjectnn_transferring_features - INFO - [Validation] EPOCH: 20  acc = 37.0000
2023-09-18 02:25:05,244 - fewshot_scanobjectnn_transferring_features - INFO - Save checkpoint at ./experiments/fewshot_scanobjectnn_transferring_features/cfgs/add_as_normal/ckpt-best.pth
2023-09-18 02:25:05,245 - fewshot_scanobjectnn_transferring_features - INFO - --------------------------------------------------------------------------------------------
2023-09-18 02:25:08,596 - fewshot_scanobjectnn_transferring_features - INFO - Save checkpoint at ./experiments/fewshot_scanobjectnn_transferring_features/cfgs/add_as_normal/ckpt-last.pth
2023-09-18 02:25:09,782 - fewshot_scanobjectnn_transferring_features - INFO - [Training] EPOCH: 21 EpochTime = 1.185 (s) Losses = ['1.0744', '88.5417'] lr = 0.000476
2023-09-18 02:25:11,051 - fewshot_scanobjectnn_transferring_features - INFO - [Validation] EPOCH: 21  acc = 40.5000
2023-09-18 02:25:12,698 - fewshot_scanobjectnn_transferring_features - INFO - Save checkpoint at ./experiments/fewshot_scanobjectnn_transferring_features/cfgs/add_as_normal/ckpt-best.pth
2023-09-18 02:25:12,699 - fewshot_scanobjectnn_transferring_features - INFO - --------------------------------------------------------------------------------------------
2023-09-18 02:25:14,309 - fewshot_scanobjectnn_transferring_features - INFO - Save checkpoint at ./experiments/fewshot_scanobjectnn_transferring_features/cfgs/add_as_normal/ckpt-last.pth
2023-09-18 02:25:15,476 - fewshot_scanobjectnn_transferring_features - INFO - [Training] EPOCH: 22 EpochTime = 1.165 (s) Losses = ['1.0660', '90.6250'] lr = 0.000474
2023-09-18 02:25:16,817 - fewshot_scanobjectnn_transferring_features - INFO - [Validation] EPOCH: 22  acc = 43.5000
2023-09-18 02:25:18,563 - fewshot_scanobjectnn_transferring_features - INFO - Save checkpoint at ./experiments/fewshot_scanobjectnn_transferring_features/cfgs/add_as_normal/ckpt-best.pth
2023-09-18 02:25:18,563 - fewshot_scanobjectnn_transferring_features - INFO - --------------------------------------------------------------------------------------------
2023-09-18 02:25:21,029 - fewshot_scanobjectnn_transferring_features - INFO - Save checkpoint at ./experiments/fewshot_scanobjectnn_transferring_features/cfgs/add_as_normal/ckpt-last.pth
2023-09-18 02:25:22,211 - fewshot_scanobjectnn_transferring_features - INFO - [Training] EPOCH: 23 EpochTime = 1.180 (s) Losses = ['0.9463', '89.5833'] lr = 0.000472
2023-09-18 02:25:23,485 - fewshot_scanobjectnn_transferring_features - INFO - [Validation] EPOCH: 23  acc = 44.5000
2023-09-18 02:25:25,472 - fewshot_scanobjectnn_transferring_features - INFO - Save checkpoint at ./experiments/fewshot_scanobjectnn_transferring_features/cfgs/add_as_normal/ckpt-best.pth
2023-09-18 02:25:25,472 - fewshot_scanobjectnn_transferring_features - INFO - --------------------------------------------------------------------------------------------
2023-09-18 02:25:27,990 - fewshot_scanobjectnn_transferring_features - INFO - Save checkpoint at ./experiments/fewshot_scanobjectnn_transferring_features/cfgs/add_as_normal/ckpt-last.pth
2023-09-18 02:25:29,159 - fewshot_scanobjectnn_transferring_features - INFO - [Training] EPOCH: 24 EpochTime = 1.167 (s) Losses = ['0.8476', '89.5833'] lr = 0.000469
2023-09-18 02:25:30,440 - fewshot_scanobjectnn_transferring_features - INFO - [Validation] EPOCH: 24  acc = 45.5000
2023-09-18 02:25:32,380 - fewshot_scanobjectnn_transferring_features - INFO - Save checkpoint at ./experiments/fewshot_scanobjectnn_transferring_features/cfgs/add_as_normal/ckpt-best.pth
2023-09-18 02:25:32,380 - fewshot_scanobjectnn_transferring_features - INFO - --------------------------------------------------------------------------------------------
2023-09-18 02:25:34,304 - fewshot_scanobjectnn_transferring_features - INFO - Save checkpoint at ./experiments/fewshot_scanobjectnn_transferring_features/cfgs/add_as_normal/ckpt-last.pth
2023-09-18 02:25:35,457 - fewshot_scanobjectnn_transferring_features - INFO - [Training] EPOCH: 25 EpochTime = 1.152 (s) Losses = ['0.7643', '96.8750'] lr = 0.000467
2023-09-18 02:25:36,767 - fewshot_scanobjectnn_transferring_features - INFO - [Validation] EPOCH: 25  acc = 45.5000
2023-09-18 02:25:38,526 - fewshot_scanobjectnn_transferring_features - INFO - Save checkpoint at ./experiments/fewshot_scanobjectnn_transferring_features/cfgs/add_as_normal/ckpt-last.pth
2023-09-18 02:25:39,693 - fewshot_scanobjectnn_transferring_features - INFO - [Training] EPOCH: 26 EpochTime = 1.165 (s) Losses = ['0.7595', '94.7917'] lr = 0.000464
2023-09-18 02:25:41,108 - fewshot_scanobjectnn_transferring_features - INFO - [Validation] EPOCH: 26  acc = 48.0000
2023-09-18 02:25:43,374 - fewshot_scanobjectnn_transferring_features - INFO - Save checkpoint at ./experiments/fewshot_scanobjectnn_transferring_features/cfgs/add_as_normal/ckpt-best.pth
2023-09-18 02:25:43,374 - fewshot_scanobjectnn_transferring_features - INFO - --------------------------------------------------------------------------------------------
2023-09-18 02:25:45,876 - fewshot_scanobjectnn_transferring_features - INFO - Save checkpoint at ./experiments/fewshot_scanobjectnn_transferring_features/cfgs/add_as_normal/ckpt-last.pth
2023-09-18 02:25:47,063 - fewshot_scanobjectnn_transferring_features - INFO - [Training] EPOCH: 27 EpochTime = 1.185 (s) Losses = ['0.6546', '92.7083'] lr = 0.000461
2023-09-18 02:25:48,385 - fewshot_scanobjectnn_transferring_features - INFO - [Validation] EPOCH: 27  acc = 47.5000
2023-09-18 02:25:50,057 - fewshot_scanobjectnn_transferring_features - INFO - Save checkpoint at ./experiments/fewshot_scanobjectnn_transferring_features/cfgs/add_as_normal/ckpt-last.pth
2023-09-18 02:25:51,197 - fewshot_scanobjectnn_transferring_features - INFO - [Training] EPOCH: 28 EpochTime = 1.139 (s) Losses = ['0.5898', '96.8750'] lr = 0.000458
2023-09-18 02:25:52,489 - fewshot_scanobjectnn_transferring_features - INFO - [Validation] EPOCH: 28  acc = 45.0000
2023-09-18 02:25:54,086 - fewshot_scanobjectnn_transferring_features - INFO - Save checkpoint at ./experiments/fewshot_scanobjectnn_transferring_features/cfgs/add_as_normal/ckpt-last.pth
2023-09-18 02:25:55,263 - fewshot_scanobjectnn_transferring_features - INFO - [Training] EPOCH: 29 EpochTime = 1.175 (s) Losses = ['0.5945', '96.8750'] lr = 0.000455
2023-09-18 02:25:56,576 - fewshot_scanobjectnn_transferring_features - INFO - [Validation] EPOCH: 29  acc = 43.5000
2023-09-18 02:25:58,163 - fewshot_scanobjectnn_transferring_features - INFO - Save checkpoint at ./experiments/fewshot_scanobjectnn_transferring_features/cfgs/add_as_normal/ckpt-last.pth
2023-09-18 02:25:59,337 - fewshot_scanobjectnn_transferring_features - INFO - [Training] EPOCH: 30 EpochTime = 1.173 (s) Losses = ['0.4992', '97.9167'] lr = 0.000452
2023-09-18 02:26:00,607 - fewshot_scanobjectnn_transferring_features - INFO - [Validation] EPOCH: 30  acc = 44.5000
2023-09-18 02:26:02,564 - fewshot_scanobjectnn_transferring_features - INFO - Save checkpoint at ./experiments/fewshot_scanobjectnn_transferring_features/cfgs/add_as_normal/ckpt-last.pth
2023-09-18 02:26:03,729 - fewshot_scanobjectnn_transferring_features - INFO - [Training] EPOCH: 31 EpochTime = 1.164 (s) Losses = ['0.4398', '98.9583'] lr = 0.000449
2023-09-18 02:26:05,032 - fewshot_scanobjectnn_transferring_features - INFO - [Validation] EPOCH: 31  acc = 44.0000
2023-09-18 02:26:06,641 - fewshot_scanobjectnn_transferring_features - INFO - Save checkpoint at ./experiments/fewshot_scanobjectnn_transferring_features/cfgs/add_as_normal/ckpt-last.pth
2023-09-18 02:26:07,826 - fewshot_scanobjectnn_transferring_features - INFO - [Training] EPOCH: 32 EpochTime = 1.183 (s) Losses = ['0.3992', '96.8750'] lr = 0.000446
2023-09-18 02:26:09,117 - fewshot_scanobjectnn_transferring_features - INFO - [Validation] EPOCH: 32  acc = 46.0000
2023-09-18 02:26:11,119 - fewshot_scanobjectnn_transferring_features - INFO - Save checkpoint at ./experiments/fewshot_scanobjectnn_transferring_features/cfgs/add_as_normal/ckpt-last.pth
2023-09-18 02:26:12,297 - fewshot_scanobjectnn_transferring_features - INFO - [Training] EPOCH: 33 EpochTime = 1.177 (s) Losses = ['0.4125', '98.9583'] lr = 0.000443
2023-09-18 02:26:13,584 - fewshot_scanobjectnn_transferring_features - INFO - [Validation] EPOCH: 33  acc = 48.5000
2023-09-18 02:26:15,364 - fewshot_scanobjectnn_transferring_features - INFO - Save checkpoint at ./experiments/fewshot_scanobjectnn_transferring_features/cfgs/add_as_normal/ckpt-best.pth
2023-09-18 02:26:15,364 - fewshot_scanobjectnn_transferring_features - INFO - --------------------------------------------------------------------------------------------
2023-09-18 02:26:17,773 - fewshot_scanobjectnn_transferring_features - INFO - Save checkpoint at ./experiments/fewshot_scanobjectnn_transferring_features/cfgs/add_as_normal/ckpt-last.pth
2023-09-18 02:26:18,951 - fewshot_scanobjectnn_transferring_features - INFO - [Training] EPOCH: 34 EpochTime = 1.176 (s) Losses = ['0.3659', '100.0000'] lr = 0.000439
2023-09-18 02:26:20,284 - fewshot_scanobjectnn_transferring_features - INFO - [Validation] EPOCH: 34  acc = 50.5000
2023-09-18 02:26:21,993 - fewshot_scanobjectnn_transferring_features - INFO - Save checkpoint at ./experiments/fewshot_scanobjectnn_transferring_features/cfgs/add_as_normal/ckpt-best.pth
2023-09-18 02:26:21,993 - fewshot_scanobjectnn_transferring_features - INFO - --------------------------------------------------------------------------------------------
2023-09-18 02:26:25,341 - fewshot_scanobjectnn_transferring_features - INFO - Save checkpoint at ./experiments/fewshot_scanobjectnn_transferring_features/cfgs/add_as_normal/ckpt-last.pth
2023-09-18 02:26:26,548 - fewshot_scanobjectnn_transferring_features - INFO - [Training] EPOCH: 35 EpochTime = 1.206 (s) Losses = ['0.3936', '97.9167'] lr = 0.000436
2023-09-18 02:26:27,854 - fewshot_scanobjectnn_transferring_features - INFO - [Validation] EPOCH: 35  acc = 53.5000
2023-09-18 02:26:30,744 - fewshot_scanobjectnn_transferring_features - INFO - Save checkpoint at ./experiments/fewshot_scanobjectnn_transferring_features/cfgs/add_as_normal/ckpt-best.pth
2023-09-18 02:26:30,744 - fewshot_scanobjectnn_transferring_features - INFO - --------------------------------------------------------------------------------------------
2023-09-18 02:26:32,357 - fewshot_scanobjectnn_transferring_features - INFO - Save checkpoint at ./experiments/fewshot_scanobjectnn_transferring_features/cfgs/add_as_normal/ckpt-last.pth
2023-09-18 02:26:33,532 - fewshot_scanobjectnn_transferring_features - INFO - [Training] EPOCH: 36 EpochTime = 1.173 (s) Losses = ['0.3652', '98.9583'] lr = 0.000432
2023-09-18 02:26:34,891 - fewshot_scanobjectnn_transferring_features - INFO - [Validation] EPOCH: 36  acc = 52.0000
2023-09-18 02:26:36,510 - fewshot_scanobjectnn_transferring_features - INFO - Save checkpoint at ./experiments/fewshot_scanobjectnn_transferring_features/cfgs/add_as_normal/ckpt-last.pth
2023-09-18 02:26:37,728 - fewshot_scanobjectnn_transferring_features - INFO - [Training] EPOCH: 37 EpochTime = 1.215 (s) Losses = ['0.3011', '100.0000'] lr = 0.000429
2023-09-18 02:26:39,010 - fewshot_scanobjectnn_transferring_features - INFO - [Validation] EPOCH: 37  acc = 51.0000
2023-09-18 02:26:40,467 - fewshot_scanobjectnn_transferring_features - INFO - Save checkpoint at ./experiments/fewshot_scanobjectnn_transferring_features/cfgs/add_as_normal/ckpt-last.pth
2023-09-18 02:26:41,674 - fewshot_scanobjectnn_transferring_features - INFO - [Training] EPOCH: 38 EpochTime = 1.204 (s) Losses = ['0.3070', '100.0000'] lr = 0.000425
2023-09-18 02:26:42,943 - fewshot_scanobjectnn_transferring_features - INFO - [Validation] EPOCH: 38  acc = 51.5000
2023-09-18 02:26:44,484 - fewshot_scanobjectnn_transferring_features - INFO - Save checkpoint at ./experiments/fewshot_scanobjectnn_transferring_features/cfgs/add_as_normal/ckpt-last.pth
2023-09-18 02:26:45,735 - fewshot_scanobjectnn_transferring_features - INFO - [Training] EPOCH: 39 EpochTime = 1.247 (s) Losses = ['0.2396', '100.0000'] lr = 0.000421
2023-09-18 02:26:47,056 - fewshot_scanobjectnn_transferring_features - INFO - [Validation] EPOCH: 39  acc = 51.0000
2023-09-18 02:26:48,650 - fewshot_scanobjectnn_transferring_features - INFO - Save checkpoint at ./experiments/fewshot_scanobjectnn_transferring_features/cfgs/add_as_normal/ckpt-last.pth
2023-09-18 02:26:49,893 - fewshot_scanobjectnn_transferring_features - INFO - [Training] EPOCH: 40 EpochTime = 1.242 (s) Losses = ['0.2262', '100.0000'] lr = 0.000417
2023-09-18 02:26:51,174 - fewshot_scanobjectnn_transferring_features - INFO - [Validation] EPOCH: 40  acc = 51.5000
2023-09-18 02:26:53,177 - fewshot_scanobjectnn_transferring_features - INFO - Save checkpoint at ./experiments/fewshot_scanobjectnn_transferring_features/cfgs/add_as_normal/ckpt-last.pth
2023-09-18 02:26:54,425 - fewshot_scanobjectnn_transferring_features - INFO - [Training] EPOCH: 41 EpochTime = 1.246 (s) Losses = ['0.2226', '100.0000'] lr = 0.000414
2023-09-18 02:26:55,726 - fewshot_scanobjectnn_transferring_features - INFO - [Validation] EPOCH: 41  acc = 52.5000
2023-09-18 02:26:57,623 - fewshot_scanobjectnn_transferring_features - INFO - Save checkpoint at ./experiments/fewshot_scanobjectnn_transferring_features/cfgs/add_as_normal/ckpt-last.pth
2023-09-18 02:26:58,795 - fewshot_scanobjectnn_transferring_features - INFO - [Training] EPOCH: 42 EpochTime = 1.171 (s) Losses = ['0.2208', '100.0000'] lr = 0.000410
2023-09-18 02:27:00,216 - fewshot_scanobjectnn_transferring_features - INFO - [Validation] EPOCH: 42  acc = 49.5000
2023-09-18 02:27:03,000 - fewshot_scanobjectnn_transferring_features - INFO - Save checkpoint at ./experiments/fewshot_scanobjectnn_transferring_features/cfgs/add_as_normal/ckpt-last.pth
2023-09-18 02:27:04,207 - fewshot_scanobjectnn_transferring_features - INFO - [Training] EPOCH: 43 EpochTime = 1.206 (s) Losses = ['0.1928', '100.0000'] lr = 0.000405
2023-09-18 02:27:05,510 - fewshot_scanobjectnn_transferring_features - INFO - [Validation] EPOCH: 43  acc = 50.5000
2023-09-18 02:27:07,345 - fewshot_scanobjectnn_transferring_features - INFO - Save checkpoint at ./experiments/fewshot_scanobjectnn_transferring_features/cfgs/add_as_normal/ckpt-last.pth
2023-09-18 02:27:08,500 - fewshot_scanobjectnn_transferring_features - INFO - [Training] EPOCH: 44 EpochTime = 1.154 (s) Losses = ['0.2052', '100.0000'] lr = 0.000401
2023-09-18 02:27:09,764 - fewshot_scanobjectnn_transferring_features - INFO - [Validation] EPOCH: 44  acc = 53.0000
2023-09-18 02:27:12,005 - fewshot_scanobjectnn_transferring_features - INFO - Save checkpoint at ./experiments/fewshot_scanobjectnn_transferring_features/cfgs/add_as_normal/ckpt-last.pth
2023-09-18 02:27:13,205 - fewshot_scanobjectnn_transferring_features - INFO - [Training] EPOCH: 45 EpochTime = 1.198 (s) Losses = ['0.1951', '100.0000'] lr = 0.000397
2023-09-18 02:27:14,515 - fewshot_scanobjectnn_transferring_features - INFO - [Validation] EPOCH: 45  acc = 52.0000
2023-09-18 02:27:16,167 - fewshot_scanobjectnn_transferring_features - INFO - Save checkpoint at ./experiments/fewshot_scanobjectnn_transferring_features/cfgs/add_as_normal/ckpt-last.pth
2023-09-18 02:27:17,328 - fewshot_scanobjectnn_transferring_features - INFO - [Training] EPOCH: 46 EpochTime = 1.159 (s) Losses = ['0.1920', '100.0000'] lr = 0.000393
2023-09-18 02:27:18,662 - fewshot_scanobjectnn_transferring_features - INFO - [Validation] EPOCH: 46  acc = 50.5000
2023-09-18 02:27:20,334 - fewshot_scanobjectnn_transferring_features - INFO - Save checkpoint at ./experiments/fewshot_scanobjectnn_transferring_features/cfgs/add_as_normal/ckpt-last.pth
2023-09-18 02:27:21,514 - fewshot_scanobjectnn_transferring_features - INFO - [Training] EPOCH: 47 EpochTime = 1.178 (s) Losses = ['0.1784', '100.0000'] lr = 0.000389
2023-09-18 02:27:22,788 - fewshot_scanobjectnn_transferring_features - INFO - [Validation] EPOCH: 47  acc = 49.0000
2023-09-18 02:27:24,383 - fewshot_scanobjectnn_transferring_features - INFO - Save checkpoint at ./experiments/fewshot_scanobjectnn_transferring_features/cfgs/add_as_normal/ckpt-last.pth
2023-09-18 02:27:25,600 - fewshot_scanobjectnn_transferring_features - INFO - [Training] EPOCH: 48 EpochTime = 1.215 (s) Losses = ['0.1815', '100.0000'] lr = 0.000384
2023-09-18 02:27:26,883 - fewshot_scanobjectnn_transferring_features - INFO - [Validation] EPOCH: 48  acc = 49.5000
2023-09-18 02:27:28,804 - fewshot_scanobjectnn_transferring_features - INFO - Save checkpoint at ./experiments/fewshot_scanobjectnn_transferring_features/cfgs/add_as_normal/ckpt-last.pth
2023-09-18 02:27:29,995 - fewshot_scanobjectnn_transferring_features - INFO - [Training] EPOCH: 49 EpochTime = 1.189 (s) Losses = ['0.1476', '100.0000'] lr = 0.000380
2023-09-18 02:27:31,297 - fewshot_scanobjectnn_transferring_features - INFO - [Validation] EPOCH: 49  acc = 52.5000
2023-09-18 02:27:33,479 - fewshot_scanobjectnn_transferring_features - INFO - Save checkpoint at ./experiments/fewshot_scanobjectnn_transferring_features/cfgs/add_as_normal/ckpt-last.pth
2023-09-18 02:27:34,728 - fewshot_scanobjectnn_transferring_features - INFO - [Training] EPOCH: 50 EpochTime = 1.247 (s) Losses = ['0.1149', '100.0000'] lr = 0.000375
2023-09-18 02:27:35,989 - fewshot_scanobjectnn_transferring_features - INFO - [Validation] EPOCH: 50  acc = 52.0000
2023-09-18 02:27:37,912 - fewshot_scanobjectnn_transferring_features - INFO - Save checkpoint at ./experiments/fewshot_scanobjectnn_transferring_features/cfgs/add_as_normal/ckpt-last.pth
2023-09-18 02:27:39,078 - fewshot_scanobjectnn_transferring_features - INFO - [Training] EPOCH: 51 EpochTime = 1.163 (s) Losses = ['0.1647', '100.0000'] lr = 0.000371
2023-09-18 02:27:40,361 - fewshot_scanobjectnn_transferring_features - INFO - [Validation] EPOCH: 51  acc = 52.5000
2023-09-18 02:27:42,239 - fewshot_scanobjectnn_transferring_features - INFO - Save checkpoint at ./experiments/fewshot_scanobjectnn_transferring_features/cfgs/add_as_normal/ckpt-last.pth
2023-09-18 02:27:43,434 - fewshot_scanobjectnn_transferring_features - INFO - [Training] EPOCH: 52 EpochTime = 1.192 (s) Losses = ['0.1528', '100.0000'] lr = 0.000366
2023-09-18 02:27:44,702 - fewshot_scanobjectnn_transferring_features - INFO - [Validation] EPOCH: 52  acc = 53.5000
2023-09-18 02:27:46,323 - fewshot_scanobjectnn_transferring_features - INFO - Save checkpoint at ./experiments/fewshot_scanobjectnn_transferring_features/cfgs/add_as_normal/ckpt-last.pth
2023-09-18 02:27:47,512 - fewshot_scanobjectnn_transferring_features - INFO - [Training] EPOCH: 53 EpochTime = 1.187 (s) Losses = ['0.1513', '100.0000'] lr = 0.000361
2023-09-18 02:27:48,827 - fewshot_scanobjectnn_transferring_features - INFO - [Validation] EPOCH: 53  acc = 53.0000
2023-09-18 02:27:50,791 - fewshot_scanobjectnn_transferring_features - INFO - Save checkpoint at ./experiments/fewshot_scanobjectnn_transferring_features/cfgs/add_as_normal/ckpt-last.pth
2023-09-18 02:27:51,991 - fewshot_scanobjectnn_transferring_features - INFO - [Training] EPOCH: 54 EpochTime = 1.198 (s) Losses = ['0.1374', '100.0000'] lr = 0.000357
2023-09-18 02:27:53,340 - fewshot_scanobjectnn_transferring_features - INFO - [Validation] EPOCH: 54  acc = 53.0000
2023-09-18 02:27:55,274 - fewshot_scanobjectnn_transferring_features - INFO - Save checkpoint at ./experiments/fewshot_scanobjectnn_transferring_features/cfgs/add_as_normal/ckpt-last.pth
2023-09-18 02:27:56,476 - fewshot_scanobjectnn_transferring_features - INFO - [Training] EPOCH: 55 EpochTime = 1.200 (s) Losses = ['0.1548', '100.0000'] lr = 0.000352
2023-09-18 02:27:57,789 - fewshot_scanobjectnn_transferring_features - INFO - [Validation] EPOCH: 55  acc = 53.5000
2023-09-18 02:27:59,537 - fewshot_scanobjectnn_transferring_features - INFO - Save checkpoint at ./experiments/fewshot_scanobjectnn_transferring_features/cfgs/add_as_normal/ckpt-last.pth
2023-09-18 02:28:00,743 - fewshot_scanobjectnn_transferring_features - INFO - [Training] EPOCH: 56 EpochTime = 1.205 (s) Losses = ['0.1255', '100.0000'] lr = 0.000347
2023-09-18 02:28:02,119 - fewshot_scanobjectnn_transferring_features - INFO - [Validation] EPOCH: 56  acc = 55.0000
2023-09-18 02:28:03,934 - fewshot_scanobjectnn_transferring_features - INFO - Save checkpoint at ./experiments/fewshot_scanobjectnn_transferring_features/cfgs/add_as_normal/ckpt-best.pth
2023-09-18 02:28:03,935 - fewshot_scanobjectnn_transferring_features - INFO - --------------------------------------------------------------------------------------------
2023-09-18 02:28:06,144 - fewshot_scanobjectnn_transferring_features - INFO - Save checkpoint at ./experiments/fewshot_scanobjectnn_transferring_features/cfgs/add_as_normal/ckpt-last.pth
2023-09-18 02:28:07,315 - fewshot_scanobjectnn_transferring_features - INFO - [Training] EPOCH: 57 EpochTime = 1.170 (s) Losses = ['0.1313', '100.0000'] lr = 0.000342
2023-09-18 02:28:08,632 - fewshot_scanobjectnn_transferring_features - INFO - [Validation] EPOCH: 57  acc = 55.5000
2023-09-18 02:28:10,959 - fewshot_scanobjectnn_transferring_features - INFO - Save checkpoint at ./experiments/fewshot_scanobjectnn_transferring_features/cfgs/add_as_normal/ckpt-best.pth
2023-09-18 02:28:10,960 - fewshot_scanobjectnn_transferring_features - INFO - --------------------------------------------------------------------------------------------
2023-09-18 02:28:14,512 - fewshot_scanobjectnn_transferring_features - INFO - Save checkpoint at ./experiments/fewshot_scanobjectnn_transferring_features/cfgs/add_as_normal/ckpt-last.pth
2023-09-18 02:28:15,750 - fewshot_scanobjectnn_transferring_features - INFO - [Training] EPOCH: 58 EpochTime = 1.236 (s) Losses = ['0.1147', '100.0000'] lr = 0.000337
2023-09-18 02:28:17,036 - fewshot_scanobjectnn_transferring_features - INFO - [Validation] EPOCH: 58  acc = 51.5000
2023-09-18 02:28:19,275 - fewshot_scanobjectnn_transferring_features - INFO - Save checkpoint at ./experiments/fewshot_scanobjectnn_transferring_features/cfgs/add_as_normal/ckpt-last.pth
2023-09-18 02:28:20,478 - fewshot_scanobjectnn_transferring_features - INFO - [Training] EPOCH: 59 EpochTime = 1.201 (s) Losses = ['0.1337', '100.0000'] lr = 0.000333
2023-09-18 02:28:21,757 - fewshot_scanobjectnn_transferring_features - INFO - [Validation] EPOCH: 59  acc = 49.0000
2023-09-18 02:28:24,645 - fewshot_scanobjectnn_transferring_features - INFO - Save checkpoint at ./experiments/fewshot_scanobjectnn_transferring_features/cfgs/add_as_normal/ckpt-last.pth
2023-09-18 02:28:25,807 - fewshot_scanobjectnn_transferring_features - INFO - [Training] EPOCH: 60 EpochTime = 1.160 (s) Losses = ['0.1709', '100.0000'] lr = 0.000328
2023-09-18 02:28:27,082 - fewshot_scanobjectnn_transferring_features - INFO - [Validation] EPOCH: 60  acc = 49.0000
2023-09-18 02:28:30,454 - fewshot_scanobjectnn_transferring_features - INFO - Save checkpoint at ./experiments/fewshot_scanobjectnn_transferring_features/cfgs/add_as_normal/ckpt-last.pth
2023-09-18 02:28:31,639 - fewshot_scanobjectnn_transferring_features - INFO - [Training] EPOCH: 61 EpochTime = 1.183 (s) Losses = ['0.1203', '100.0000'] lr = 0.000323
2023-09-18 02:28:33,008 - fewshot_scanobjectnn_transferring_features - INFO - [Validation] EPOCH: 61  acc = 49.0000
2023-09-18 02:28:35,337 - fewshot_scanobjectnn_transferring_features - INFO - Save checkpoint at ./experiments/fewshot_scanobjectnn_transferring_features/cfgs/add_as_normal/ckpt-last.pth
2023-09-18 02:28:36,569 - fewshot_scanobjectnn_transferring_features - INFO - [Training] EPOCH: 62 EpochTime = 1.230 (s) Losses = ['0.1079', '100.0000'] lr = 0.000318
2023-09-18 02:28:37,883 - fewshot_scanobjectnn_transferring_features - INFO - [Validation] EPOCH: 62  acc = 48.5000
2023-09-18 02:28:39,480 - fewshot_scanobjectnn_transferring_features - INFO - Save checkpoint at ./experiments/fewshot_scanobjectnn_transferring_features/cfgs/add_as_normal/ckpt-last.pth
2023-09-18 02:28:40,670 - fewshot_scanobjectnn_transferring_features - INFO - [Training] EPOCH: 63 EpochTime = 1.188 (s) Losses = ['0.1178', '100.0000'] lr = 0.000313
2023-09-18 02:28:41,946 - fewshot_scanobjectnn_transferring_features - INFO - [Validation] EPOCH: 63  acc = 49.0000
2023-09-18 02:28:44,118 - fewshot_scanobjectnn_transferring_features - INFO - Save checkpoint at ./experiments/fewshot_scanobjectnn_transferring_features/cfgs/add_as_normal/ckpt-last.pth
2023-09-18 02:28:45,391 - fewshot_scanobjectnn_transferring_features - INFO - [Training] EPOCH: 64 EpochTime = 1.271 (s) Losses = ['0.1333', '100.0000'] lr = 0.000307
2023-09-18 02:28:46,806 - fewshot_scanobjectnn_transferring_features - INFO - [Validation] EPOCH: 64  acc = 49.0000
2023-09-18 02:28:48,313 - fewshot_scanobjectnn_transferring_features - INFO - Save checkpoint at ./experiments/fewshot_scanobjectnn_transferring_features/cfgs/add_as_normal/ckpt-last.pth
2023-09-18 02:28:49,538 - fewshot_scanobjectnn_transferring_features - INFO - [Training] EPOCH: 65 EpochTime = 1.224 (s) Losses = ['0.1077', '100.0000'] lr = 0.000302
2023-09-18 02:28:50,843 - fewshot_scanobjectnn_transferring_features - INFO - [Validation] EPOCH: 65  acc = 51.0000
2023-09-18 02:28:53,633 - fewshot_scanobjectnn_transferring_features - INFO - Save checkpoint at ./experiments/fewshot_scanobjectnn_transferring_features/cfgs/add_as_normal/ckpt-last.pth
2023-09-18 02:28:54,890 - fewshot_scanobjectnn_transferring_features - INFO - [Training] EPOCH: 66 EpochTime = 1.254 (s) Losses = ['0.1064', '100.0000'] lr = 0.000297
2023-09-18 02:28:56,304 - fewshot_scanobjectnn_transferring_features - INFO - [Validation] EPOCH: 66  acc = 51.5000
2023-09-18 02:28:58,222 - fewshot_scanobjectnn_transferring_features - INFO - Save checkpoint at ./experiments/fewshot_scanobjectnn_transferring_features/cfgs/add_as_normal/ckpt-last.pth
2023-09-18 02:28:59,386 - fewshot_scanobjectnn_transferring_features - INFO - [Training] EPOCH: 67 EpochTime = 1.163 (s) Losses = ['0.1040', '100.0000'] lr = 0.000292
2023-09-18 02:29:00,703 - fewshot_scanobjectnn_transferring_features - INFO - [Validation] EPOCH: 67  acc = 52.5000
2023-09-18 02:29:02,428 - fewshot_scanobjectnn_transferring_features - INFO - Save checkpoint at ./experiments/fewshot_scanobjectnn_transferring_features/cfgs/add_as_normal/ckpt-last.pth
2023-09-18 02:29:03,667 - fewshot_scanobjectnn_transferring_features - INFO - [Training] EPOCH: 68 EpochTime = 1.236 (s) Losses = ['0.0858', '100.0000'] lr = 0.000287
2023-09-18 02:29:04,959 - fewshot_scanobjectnn_transferring_features - INFO - [Validation] EPOCH: 68  acc = 53.0000
2023-09-18 02:29:07,428 - fewshot_scanobjectnn_transferring_features - INFO - Save checkpoint at ./experiments/fewshot_scanobjectnn_transferring_features/cfgs/add_as_normal/ckpt-last.pth
2023-09-18 02:29:08,597 - fewshot_scanobjectnn_transferring_features - INFO - [Training] EPOCH: 69 EpochTime = 1.167 (s) Losses = ['0.0900', '100.0000'] lr = 0.000282
2023-09-18 02:29:09,886 - fewshot_scanobjectnn_transferring_features - INFO - [Validation] EPOCH: 69  acc = 52.5000
2023-09-18 02:29:11,430 - fewshot_scanobjectnn_transferring_features - INFO - Save checkpoint at ./experiments/fewshot_scanobjectnn_transferring_features/cfgs/add_as_normal/ckpt-last.pth
2023-09-18 02:29:12,634 - fewshot_scanobjectnn_transferring_features - INFO - [Training] EPOCH: 70 EpochTime = 1.202 (s) Losses = ['0.0978', '100.0000'] lr = 0.000277
2023-09-18 02:29:13,921 - fewshot_scanobjectnn_transferring_features - INFO - [Validation] EPOCH: 70  acc = 54.5000
2023-09-18 02:29:15,474 - fewshot_scanobjectnn_transferring_features - INFO - Save checkpoint at ./experiments/fewshot_scanobjectnn_transferring_features/cfgs/add_as_normal/ckpt-last.pth
2023-09-18 02:29:16,709 - fewshot_scanobjectnn_transferring_features - INFO - [Training] EPOCH: 71 EpochTime = 1.234 (s) Losses = ['0.0985', '100.0000'] lr = 0.000271
2023-09-18 02:29:17,988 - fewshot_scanobjectnn_transferring_features - INFO - [Validation] EPOCH: 71  acc = 54.5000
2023-09-18 02:29:19,826 - fewshot_scanobjectnn_transferring_features - INFO - Save checkpoint at ./experiments/fewshot_scanobjectnn_transferring_features/cfgs/add_as_normal/ckpt-last.pth
2023-09-18 02:29:21,062 - fewshot_scanobjectnn_transferring_features - INFO - [Training] EPOCH: 72 EpochTime = 1.234 (s) Losses = ['0.0908', '100.0000'] lr = 0.000266
2023-09-18 02:29:22,414 - fewshot_scanobjectnn_transferring_features - INFO - [Validation] EPOCH: 72  acc = 55.5000
2023-09-18 02:29:24,793 - fewshot_scanobjectnn_transferring_features - INFO - Save checkpoint at ./experiments/fewshot_scanobjectnn_transferring_features/cfgs/add_as_normal/ckpt-last.pth
2023-09-18 02:29:25,992 - fewshot_scanobjectnn_transferring_features - INFO - [Training] EPOCH: 73 EpochTime = 1.197 (s) Losses = ['0.0761', '100.0000'] lr = 0.000261
2023-09-18 02:29:27,298 - fewshot_scanobjectnn_transferring_features - INFO - [Validation] EPOCH: 73  acc = 53.5000
2023-09-18 02:29:29,104 - fewshot_scanobjectnn_transferring_features - INFO - Save checkpoint at ./experiments/fewshot_scanobjectnn_transferring_features/cfgs/add_as_normal/ckpt-last.pth
2023-09-18 02:29:30,334 - fewshot_scanobjectnn_transferring_features - INFO - [Training] EPOCH: 74 EpochTime = 1.228 (s) Losses = ['0.0787', '100.0000'] lr = 0.000256
2023-09-18 02:29:31,684 - fewshot_scanobjectnn_transferring_features - INFO - [Validation] EPOCH: 74  acc = 54.0000
2023-09-18 02:29:34,092 - fewshot_scanobjectnn_transferring_features - INFO - Save checkpoint at ./experiments/fewshot_scanobjectnn_transferring_features/cfgs/add_as_normal/ckpt-last.pth
2023-09-18 02:29:35,288 - fewshot_scanobjectnn_transferring_features - INFO - [Training] EPOCH: 75 EpochTime = 1.194 (s) Losses = ['0.0677', '100.0000'] lr = 0.000251
2023-09-18 02:29:36,600 - fewshot_scanobjectnn_transferring_features - INFO - [Validation] EPOCH: 75  acc = 53.5000
2023-09-18 02:29:38,285 - fewshot_scanobjectnn_transferring_features - INFO - Save checkpoint at ./experiments/fewshot_scanobjectnn_transferring_features/cfgs/add_as_normal/ckpt-last.pth
2023-09-18 02:29:39,490 - fewshot_scanobjectnn_transferring_features - INFO - [Training] EPOCH: 76 EpochTime = 1.203 (s) Losses = ['0.0744', '100.0000'] lr = 0.000245
2023-09-18 02:29:40,950 - fewshot_scanobjectnn_transferring_features - INFO - [Validation] EPOCH: 76  acc = 54.0000
2023-09-18 02:29:42,809 - fewshot_scanobjectnn_transferring_features - INFO - Save checkpoint at ./experiments/fewshot_scanobjectnn_transferring_features/cfgs/add_as_normal/ckpt-last.pth
2023-09-18 02:29:44,033 - fewshot_scanobjectnn_transferring_features - INFO - [Training] EPOCH: 77 EpochTime = 1.222 (s) Losses = ['0.0778', '100.0000'] lr = 0.000240
2023-09-18 02:29:45,377 - fewshot_scanobjectnn_transferring_features - INFO - [Validation] EPOCH: 77  acc = 54.0000
2023-09-18 02:29:46,881 - fewshot_scanobjectnn_transferring_features - INFO - Save checkpoint at ./experiments/fewshot_scanobjectnn_transferring_features/cfgs/add_as_normal/ckpt-last.pth
2023-09-18 02:29:48,104 - fewshot_scanobjectnn_transferring_features - INFO - [Training] EPOCH: 78 EpochTime = 1.221 (s) Losses = ['0.0710', '100.0000'] lr = 0.000235
2023-09-18 02:29:49,402 - fewshot_scanobjectnn_transferring_features - INFO - [Validation] EPOCH: 78  acc = 53.5000
2023-09-18 02:29:51,935 - fewshot_scanobjectnn_transferring_features - INFO - Save checkpoint at ./experiments/fewshot_scanobjectnn_transferring_features/cfgs/add_as_normal/ckpt-last.pth
2023-09-18 02:29:53,110 - fewshot_scanobjectnn_transferring_features - INFO - [Training] EPOCH: 79 EpochTime = 1.173 (s) Losses = ['0.1012', '100.0000'] lr = 0.000230
2023-09-18 02:29:54,396 - fewshot_scanobjectnn_transferring_features - INFO - [Validation] EPOCH: 79  acc = 53.5000
2023-09-18 02:29:56,400 - fewshot_scanobjectnn_transferring_features - INFO - Save checkpoint at ./experiments/fewshot_scanobjectnn_transferring_features/cfgs/add_as_normal/ckpt-last.pth
2023-09-18 02:29:57,583 - fewshot_scanobjectnn_transferring_features - INFO - [Training] EPOCH: 80 EpochTime = 1.181 (s) Losses = ['0.0746', '100.0000'] lr = 0.000224
2023-09-18 02:29:58,861 - fewshot_scanobjectnn_transferring_features - INFO - [Validation] EPOCH: 80  acc = 53.5000
2023-09-18 02:30:00,493 - fewshot_scanobjectnn_transferring_features - INFO - Save checkpoint at ./experiments/fewshot_scanobjectnn_transferring_features/cfgs/add_as_normal/ckpt-last.pth
2023-09-18 02:30:01,752 - fewshot_scanobjectnn_transferring_features - INFO - [Training] EPOCH: 81 EpochTime = 1.257 (s) Losses = ['0.0834', '100.0000'] lr = 0.000219
2023-09-18 02:30:03,060 - fewshot_scanobjectnn_transferring_features - INFO - [Validation] EPOCH: 81  acc = 53.0000
2023-09-18 02:30:04,752 - fewshot_scanobjectnn_transferring_features - INFO - Save checkpoint at ./experiments/fewshot_scanobjectnn_transferring_features/cfgs/add_as_normal/ckpt-last.pth
2023-09-18 02:30:05,964 - fewshot_scanobjectnn_transferring_features - INFO - [Training] EPOCH: 82 EpochTime = 1.210 (s) Losses = ['0.0864', '100.0000'] lr = 0.000214
2023-09-18 02:30:07,274 - fewshot_scanobjectnn_transferring_features - INFO - [Validation] EPOCH: 82  acc = 54.0000
2023-09-18 02:30:11,637 - fewshot_scanobjectnn_transferring_features - INFO - Save checkpoint at ./experiments/fewshot_scanobjectnn_transferring_features/cfgs/add_as_normal/ckpt-last.pth
2023-09-18 02:30:12,822 - fewshot_scanobjectnn_transferring_features - INFO - [Training] EPOCH: 83 EpochTime = 1.184 (s) Losses = ['0.0909', '100.0000'] lr = 0.000209
2023-09-18 02:30:14,147 - fewshot_scanobjectnn_transferring_features - INFO - [Validation] EPOCH: 83  acc = 53.0000
2023-09-18 02:30:15,963 - fewshot_scanobjectnn_transferring_features - INFO - Save checkpoint at ./experiments/fewshot_scanobjectnn_transferring_features/cfgs/add_as_normal/ckpt-last.pth
2023-09-18 02:30:17,149 - fewshot_scanobjectnn_transferring_features - INFO - [Training] EPOCH: 84 EpochTime = 1.185 (s) Losses = ['0.0762', '100.0000'] lr = 0.000204
2023-09-18 02:30:18,434 - fewshot_scanobjectnn_transferring_features - INFO - [Validation] EPOCH: 84  acc = 53.5000
2023-09-18 02:30:20,516 - fewshot_scanobjectnn_transferring_features - INFO - Save checkpoint at ./experiments/fewshot_scanobjectnn_transferring_features/cfgs/add_as_normal/ckpt-last.pth
2023-09-18 02:30:21,718 - fewshot_scanobjectnn_transferring_features - INFO - [Training] EPOCH: 85 EpochTime = 1.199 (s) Losses = ['0.0847', '100.0000'] lr = 0.000199
2023-09-18 02:30:23,016 - fewshot_scanobjectnn_transferring_features - INFO - [Validation] EPOCH: 85  acc = 53.0000
2023-09-18 02:30:24,583 - fewshot_scanobjectnn_transferring_features - INFO - Save checkpoint at ./experiments/fewshot_scanobjectnn_transferring_features/cfgs/add_as_normal/ckpt-last.pth
2023-09-18 02:30:25,844 - fewshot_scanobjectnn_transferring_features - INFO - [Training] EPOCH: 86 EpochTime = 1.259 (s) Losses = ['0.0661', '100.0000'] lr = 0.000194
2023-09-18 02:30:27,165 - fewshot_scanobjectnn_transferring_features - INFO - [Validation] EPOCH: 86  acc = 52.5000
2023-09-18 02:30:29,438 - fewshot_scanobjectnn_transferring_features - INFO - Save checkpoint at ./experiments/fewshot_scanobjectnn_transferring_features/cfgs/add_as_normal/ckpt-last.pth
2023-09-18 02:30:30,651 - fewshot_scanobjectnn_transferring_features - INFO - [Training] EPOCH: 87 EpochTime = 1.212 (s) Losses = ['0.1002', '100.0000'] lr = 0.000188
2023-09-18 02:30:31,942 - fewshot_scanobjectnn_transferring_features - INFO - [Validation] EPOCH: 87  acc = 53.0000
2023-09-18 02:30:34,034 - fewshot_scanobjectnn_transferring_features - INFO - Save checkpoint at ./experiments/fewshot_scanobjectnn_transferring_features/cfgs/add_as_normal/ckpt-last.pth
2023-09-18 02:30:35,264 - fewshot_scanobjectnn_transferring_features - INFO - [Training] EPOCH: 88 EpochTime = 1.228 (s) Losses = ['0.0809', '100.0000'] lr = 0.000183
2023-09-18 02:30:36,579 - fewshot_scanobjectnn_transferring_features - INFO - [Validation] EPOCH: 88  acc = 52.5000
2023-09-18 02:30:38,445 - fewshot_scanobjectnn_transferring_features - INFO - Save checkpoint at ./experiments/fewshot_scanobjectnn_transferring_features/cfgs/add_as_normal/ckpt-last.pth
2023-09-18 02:30:39,637 - fewshot_scanobjectnn_transferring_features - INFO - [Training] EPOCH: 89 EpochTime = 1.191 (s) Losses = ['0.0814', '100.0000'] lr = 0.000178
2023-09-18 02:30:40,966 - fewshot_scanobjectnn_transferring_features - INFO - [Validation] EPOCH: 89  acc = 53.0000
2023-09-18 02:30:44,252 - fewshot_scanobjectnn_transferring_features - INFO - Save checkpoint at ./experiments/fewshot_scanobjectnn_transferring_features/cfgs/add_as_normal/ckpt-last.pth
2023-09-18 02:30:45,460 - fewshot_scanobjectnn_transferring_features - INFO - [Training] EPOCH: 90 EpochTime = 1.205 (s) Losses = ['0.0775', '100.0000'] lr = 0.000173
2023-09-18 02:30:46,729 - fewshot_scanobjectnn_transferring_features - INFO - [Validation] EPOCH: 90  acc = 53.0000
2023-09-18 02:30:48,427 - fewshot_scanobjectnn_transferring_features - INFO - Save checkpoint at ./experiments/fewshot_scanobjectnn_transferring_features/cfgs/add_as_normal/ckpt-last.pth
2023-09-18 02:30:49,618 - fewshot_scanobjectnn_transferring_features - INFO - [Training] EPOCH: 91 EpochTime = 1.190 (s) Losses = ['0.0489', '100.0000'] lr = 0.000168
2023-09-18 02:30:50,988 - fewshot_scanobjectnn_transferring_features - INFO - [Validation] EPOCH: 91  acc = 53.5000
2023-09-18 02:30:52,789 - fewshot_scanobjectnn_transferring_features - INFO - Save checkpoint at ./experiments/fewshot_scanobjectnn_transferring_features/cfgs/add_as_normal/ckpt-last.pth
2023-09-18 02:30:54,044 - fewshot_scanobjectnn_transferring_features - INFO - [Training] EPOCH: 92 EpochTime = 1.252 (s) Losses = ['0.0662', '100.0000'] lr = 0.000164
2023-09-18 02:30:55,483 - fewshot_scanobjectnn_transferring_features - INFO - [Validation] EPOCH: 92  acc = 52.5000
2023-09-18 02:30:57,488 - fewshot_scanobjectnn_transferring_features - INFO - Save checkpoint at ./experiments/fewshot_scanobjectnn_transferring_features/cfgs/add_as_normal/ckpt-last.pth
2023-09-18 02:30:58,703 - fewshot_scanobjectnn_transferring_features - INFO - [Training] EPOCH: 93 EpochTime = 1.213 (s) Losses = ['0.1012', '100.0000'] lr = 0.000159
2023-09-18 02:31:00,020 - fewshot_scanobjectnn_transferring_features - INFO - [Validation] EPOCH: 93  acc = 52.5000
2023-09-18 02:31:02,068 - fewshot_scanobjectnn_transferring_features - INFO - Save checkpoint at ./experiments/fewshot_scanobjectnn_transferring_features/cfgs/add_as_normal/ckpt-last.pth
2023-09-18 02:31:03,277 - fewshot_scanobjectnn_transferring_features - INFO - [Training] EPOCH: 94 EpochTime = 1.206 (s) Losses = ['0.0844', '100.0000'] lr = 0.000154
2023-09-18 02:31:04,558 - fewshot_scanobjectnn_transferring_features - INFO - [Validation] EPOCH: 94  acc = 53.5000
2023-09-18 02:31:06,831 - fewshot_scanobjectnn_transferring_features - INFO - Save checkpoint at ./experiments/fewshot_scanobjectnn_transferring_features/cfgs/add_as_normal/ckpt-last.pth
2023-09-18 02:31:08,044 - fewshot_scanobjectnn_transferring_features - INFO - [Training] EPOCH: 95 EpochTime = 1.210 (s) Losses = ['0.0874', '100.0000'] lr = 0.000149
2023-09-18 02:31:09,334 - fewshot_scanobjectnn_transferring_features - INFO - [Validation] EPOCH: 95  acc = 52.5000
2023-09-18 02:31:11,202 - fewshot_scanobjectnn_transferring_features - INFO - Save checkpoint at ./experiments/fewshot_scanobjectnn_transferring_features/cfgs/add_as_normal/ckpt-last.pth
2023-09-18 02:31:12,400 - fewshot_scanobjectnn_transferring_features - INFO - [Training] EPOCH: 96 EpochTime = 1.196 (s) Losses = ['0.0768', '100.0000'] lr = 0.000144
2023-09-18 02:31:13,744 - fewshot_scanobjectnn_transferring_features - INFO - [Validation] EPOCH: 96  acc = 53.0000
2023-09-18 02:31:15,593 - fewshot_scanobjectnn_transferring_features - INFO - Save checkpoint at ./experiments/fewshot_scanobjectnn_transferring_features/cfgs/add_as_normal/ckpt-last.pth
2023-09-18 02:31:16,847 - fewshot_scanobjectnn_transferring_features - INFO - [Training] EPOCH: 97 EpochTime = 1.251 (s) Losses = ['0.0787', '100.0000'] lr = 0.000140
2023-09-18 02:31:18,324 - fewshot_scanobjectnn_transferring_features - INFO - [Validation] EPOCH: 97  acc = 52.0000
2023-09-18 02:31:20,339 - fewshot_scanobjectnn_transferring_features - INFO - Save checkpoint at ./experiments/fewshot_scanobjectnn_transferring_features/cfgs/add_as_normal/ckpt-last.pth
2023-09-18 02:31:21,572 - fewshot_scanobjectnn_transferring_features - INFO - [Training] EPOCH: 98 EpochTime = 1.231 (s) Losses = ['0.0878', '100.0000'] lr = 0.000135
2023-09-18 02:31:22,921 - fewshot_scanobjectnn_transferring_features - INFO - [Validation] EPOCH: 98  acc = 52.5000
2023-09-18 02:31:24,568 - fewshot_scanobjectnn_transferring_features - INFO - Save checkpoint at ./experiments/fewshot_scanobjectnn_transferring_features/cfgs/add_as_normal/ckpt-last.pth
2023-09-18 02:31:25,794 - fewshot_scanobjectnn_transferring_features - INFO - [Training] EPOCH: 99 EpochTime = 1.224 (s) Losses = ['0.0516', '100.0000'] lr = 0.000130
2023-09-18 02:31:27,095 - fewshot_scanobjectnn_transferring_features - INFO - [Validation] EPOCH: 99  acc = 51.5000
2023-09-18 02:31:29,994 - fewshot_scanobjectnn_transferring_features - INFO - Save checkpoint at ./experiments/fewshot_scanobjectnn_transferring_features/cfgs/add_as_normal/ckpt-last.pth
2023-09-18 02:31:31,160 - fewshot_scanobjectnn_transferring_features - INFO - [Training] EPOCH: 100 EpochTime = 1.165 (s) Losses = ['0.0521', '100.0000'] lr = 0.000126
2023-09-18 02:31:32,471 - fewshot_scanobjectnn_transferring_features - INFO - [Validation] EPOCH: 100  acc = 51.5000
2023-09-18 02:31:34,180 - fewshot_scanobjectnn_transferring_features - INFO - Save checkpoint at ./experiments/fewshot_scanobjectnn_transferring_features/cfgs/add_as_normal/ckpt-last.pth
2023-09-18 02:31:35,353 - fewshot_scanobjectnn_transferring_features - INFO - [Training] EPOCH: 101 EpochTime = 1.171 (s) Losses = ['0.0876', '100.0000'] lr = 0.000121
2023-09-18 02:31:36,664 - fewshot_scanobjectnn_transferring_features - INFO - [Validation] EPOCH: 101  acc = 52.5000
2023-09-18 02:31:39,249 - fewshot_scanobjectnn_transferring_features - INFO - Save checkpoint at ./experiments/fewshot_scanobjectnn_transferring_features/cfgs/add_as_normal/ckpt-last.pth
2023-09-18 02:31:40,533 - fewshot_scanobjectnn_transferring_features - INFO - [Training] EPOCH: 102 EpochTime = 1.282 (s) Losses = ['0.0645', '100.0000'] lr = 0.000117
2023-09-18 02:31:41,847 - fewshot_scanobjectnn_transferring_features - INFO - [Validation] EPOCH: 102  acc = 52.5000
2023-09-18 02:31:43,572 - fewshot_scanobjectnn_transferring_features - INFO - Save checkpoint at ./experiments/fewshot_scanobjectnn_transferring_features/cfgs/add_as_normal/ckpt-last.pth
2023-09-18 02:31:44,728 - fewshot_scanobjectnn_transferring_features - INFO - [Training] EPOCH: 103 EpochTime = 1.154 (s) Losses = ['0.0622', '100.0000'] lr = 0.000112
2023-09-18 02:31:46,011 - fewshot_scanobjectnn_transferring_features - INFO - [Validation] EPOCH: 103  acc = 53.0000
2023-09-18 02:31:47,738 - fewshot_scanobjectnn_transferring_features - INFO - Save checkpoint at ./experiments/fewshot_scanobjectnn_transferring_features/cfgs/add_as_normal/ckpt-last.pth
2023-09-18 02:31:48,935 - fewshot_scanobjectnn_transferring_features - INFO - [Training] EPOCH: 104 EpochTime = 1.195 (s) Losses = ['0.0707', '100.0000'] lr = 0.000108
2023-09-18 02:31:50,211 - fewshot_scanobjectnn_transferring_features - INFO - [Validation] EPOCH: 104  acc = 52.5000
2023-09-18 02:31:51,876 - fewshot_scanobjectnn_transferring_features - INFO - Save checkpoint at ./experiments/fewshot_scanobjectnn_transferring_features/cfgs/add_as_normal/ckpt-last.pth
2023-09-18 02:31:53,059 - fewshot_scanobjectnn_transferring_features - INFO - [Training] EPOCH: 105 EpochTime = 1.182 (s) Losses = ['0.0636', '100.0000'] lr = 0.000104
2023-09-18 02:31:54,362 - fewshot_scanobjectnn_transferring_features - INFO - [Validation] EPOCH: 105  acc = 51.5000
2023-09-18 02:31:56,459 - fewshot_scanobjectnn_transferring_features - INFO - Save checkpoint at ./experiments/fewshot_scanobjectnn_transferring_features/cfgs/add_as_normal/ckpt-last.pth
2023-09-18 02:31:57,672 - fewshot_scanobjectnn_transferring_features - INFO - [Training] EPOCH: 106 EpochTime = 1.210 (s) Losses = ['0.0749', '100.0000'] lr = 0.000100
2023-09-18 02:31:58,976 - fewshot_scanobjectnn_transferring_features - INFO - [Validation] EPOCH: 106  acc = 53.5000
2023-09-18 02:32:00,546 - fewshot_scanobjectnn_transferring_features - INFO - Save checkpoint at ./experiments/fewshot_scanobjectnn_transferring_features/cfgs/add_as_normal/ckpt-last.pth
2023-09-18 02:32:01,849 - fewshot_scanobjectnn_transferring_features - INFO - [Training] EPOCH: 107 EpochTime = 1.301 (s) Losses = ['0.0591', '100.0000'] lr = 0.000096
2023-09-18 02:32:03,262 - fewshot_scanobjectnn_transferring_features - INFO - [Validation] EPOCH: 107  acc = 53.5000
2023-09-18 02:32:05,665 - fewshot_scanobjectnn_transferring_features - INFO - Save checkpoint at ./experiments/fewshot_scanobjectnn_transferring_features/cfgs/add_as_normal/ckpt-last.pth
2023-09-18 02:32:06,854 - fewshot_scanobjectnn_transferring_features - INFO - [Training] EPOCH: 108 EpochTime = 1.188 (s) Losses = ['0.0668', '100.0000'] lr = 0.000091
2023-09-18 02:32:08,132 - fewshot_scanobjectnn_transferring_features - INFO - [Validation] EPOCH: 108  acc = 53.5000
2023-09-18 02:32:11,686 - fewshot_scanobjectnn_transferring_features - INFO - Save checkpoint at ./experiments/fewshot_scanobjectnn_transferring_features/cfgs/add_as_normal/ckpt-last.pth
2023-09-18 02:32:12,859 - fewshot_scanobjectnn_transferring_features - INFO - [Training] EPOCH: 109 EpochTime = 1.171 (s) Losses = ['0.0705', '100.0000'] lr = 0.000087
2023-09-18 02:32:14,216 - fewshot_scanobjectnn_transferring_features - INFO - [Validation] EPOCH: 109  acc = 53.0000
2023-09-18 02:32:16,729 - fewshot_scanobjectnn_transferring_features - INFO - Save checkpoint at ./experiments/fewshot_scanobjectnn_transferring_features/cfgs/add_as_normal/ckpt-last.pth
2023-09-18 02:32:18,004 - fewshot_scanobjectnn_transferring_features - INFO - [Training] EPOCH: 110 EpochTime = 1.273 (s) Losses = ['0.0709', '100.0000'] lr = 0.000084
2023-09-18 02:32:19,302 - fewshot_scanobjectnn_transferring_features - INFO - [Validation] EPOCH: 110  acc = 53.5000
2023-09-18 02:32:21,004 - fewshot_scanobjectnn_transferring_features - INFO - Save checkpoint at ./experiments/fewshot_scanobjectnn_transferring_features/cfgs/add_as_normal/ckpt-last.pth
2023-09-18 02:32:22,215 - fewshot_scanobjectnn_transferring_features - INFO - [Training] EPOCH: 111 EpochTime = 1.210 (s) Losses = ['0.0711', '100.0000'] lr = 0.000080
2023-09-18 02:32:23,593 - fewshot_scanobjectnn_transferring_features - INFO - [Validation] EPOCH: 111  acc = 53.0000
2023-09-18 02:32:25,350 - fewshot_scanobjectnn_transferring_features - INFO - Save checkpoint at ./experiments/fewshot_scanobjectnn_transferring_features/cfgs/add_as_normal/ckpt-last.pth
2023-09-18 02:32:26,553 - fewshot_scanobjectnn_transferring_features - INFO - [Training] EPOCH: 112 EpochTime = 1.201 (s) Losses = ['0.0515', '100.0000'] lr = 0.000076
2023-09-18 02:32:27,873 - fewshot_scanobjectnn_transferring_features - INFO - [Validation] EPOCH: 112  acc = 54.5000
2023-09-18 02:32:30,290 - fewshot_scanobjectnn_transferring_features - INFO - Save checkpoint at ./experiments/fewshot_scanobjectnn_transferring_features/cfgs/add_as_normal/ckpt-last.pth
2023-09-18 02:32:31,512 - fewshot_scanobjectnn_transferring_features - INFO - [Training] EPOCH: 113 EpochTime = 1.220 (s) Losses = ['0.0784', '100.0000'] lr = 0.000072
2023-09-18 02:32:32,929 - fewshot_scanobjectnn_transferring_features - INFO - [Validation] EPOCH: 113  acc = 54.5000
2023-09-18 02:32:34,827 - fewshot_scanobjectnn_transferring_features - INFO - Save checkpoint at ./experiments/fewshot_scanobjectnn_transferring_features/cfgs/add_as_normal/ckpt-last.pth
2023-09-18 02:32:36,067 - fewshot_scanobjectnn_transferring_features - INFO - [Training] EPOCH: 114 EpochTime = 1.238 (s) Losses = ['0.0515', '100.0000'] lr = 0.000069
2023-09-18 02:32:37,369 - fewshot_scanobjectnn_transferring_features - INFO - [Validation] EPOCH: 114  acc = 54.0000
2023-09-18 02:32:39,732 - fewshot_scanobjectnn_transferring_features - INFO - Save checkpoint at ./experiments/fewshot_scanobjectnn_transferring_features/cfgs/add_as_normal/ckpt-last.pth
2023-09-18 02:32:40,937 - fewshot_scanobjectnn_transferring_features - INFO - [Training] EPOCH: 115 EpochTime = 1.202 (s) Losses = ['0.0687', '100.0000'] lr = 0.000065
2023-09-18 02:32:42,241 - fewshot_scanobjectnn_transferring_features - INFO - [Validation] EPOCH: 115  acc = 55.0000
2023-09-18 02:32:44,750 - fewshot_scanobjectnn_transferring_features - INFO - Save checkpoint at ./experiments/fewshot_scanobjectnn_transferring_features/cfgs/add_as_normal/ckpt-last.pth
2023-09-18 02:32:45,910 - fewshot_scanobjectnn_transferring_features - INFO - [Training] EPOCH: 116 EpochTime = 1.158 (s) Losses = ['0.0892', '100.0000'] lr = 0.000062
2023-09-18 02:32:47,265 - fewshot_scanobjectnn_transferring_features - INFO - [Validation] EPOCH: 116  acc = 55.0000
2023-09-18 02:32:49,045 - fewshot_scanobjectnn_transferring_features - INFO - Save checkpoint at ./experiments/fewshot_scanobjectnn_transferring_features/cfgs/add_as_normal/ckpt-last.pth
2023-09-18 02:32:50,227 - fewshot_scanobjectnn_transferring_features - INFO - [Training] EPOCH: 117 EpochTime = 1.179 (s) Losses = ['0.0466', '100.0000'] lr = 0.000058
2023-09-18 02:32:51,538 - fewshot_scanobjectnn_transferring_features - INFO - [Validation] EPOCH: 117  acc = 53.5000
2023-09-18 02:32:53,650 - fewshot_scanobjectnn_transferring_features - INFO - Save checkpoint at ./experiments/fewshot_scanobjectnn_transferring_features/cfgs/add_as_normal/ckpt-last.pth
2023-09-18 02:32:54,834 - fewshot_scanobjectnn_transferring_features - INFO - [Training] EPOCH: 118 EpochTime = 1.182 (s) Losses = ['0.0770', '100.0000'] lr = 0.000055
2023-09-18 02:32:56,164 - fewshot_scanobjectnn_transferring_features - INFO - [Validation] EPOCH: 118  acc = 53.5000
2023-09-18 02:32:58,345 - fewshot_scanobjectnn_transferring_features - INFO - Save checkpoint at ./experiments/fewshot_scanobjectnn_transferring_features/cfgs/add_as_normal/ckpt-last.pth
2023-09-18 02:32:59,514 - fewshot_scanobjectnn_transferring_features - INFO - [Training] EPOCH: 119 EpochTime = 1.167 (s) Losses = ['0.0570', '100.0000'] lr = 0.000052
2023-09-18 02:33:00,848 - fewshot_scanobjectnn_transferring_features - INFO - [Validation] EPOCH: 119  acc = 54.0000
2023-09-18 02:33:02,372 - fewshot_scanobjectnn_transferring_features - INFO - Save checkpoint at ./experiments/fewshot_scanobjectnn_transferring_features/cfgs/add_as_normal/ckpt-last.pth
2023-09-18 02:33:03,603 - fewshot_scanobjectnn_transferring_features - INFO - [Training] EPOCH: 120 EpochTime = 1.229 (s) Losses = ['0.0717', '100.0000'] lr = 0.000049
2023-09-18 02:33:04,913 - fewshot_scanobjectnn_transferring_features - INFO - [Validation] EPOCH: 120  acc = 53.0000
2023-09-18 02:33:08,183 - fewshot_scanobjectnn_transferring_features - INFO - Save checkpoint at ./experiments/fewshot_scanobjectnn_transferring_features/cfgs/add_as_normal/ckpt-last.pth
2023-09-18 02:33:09,347 - fewshot_scanobjectnn_transferring_features - INFO - [Training] EPOCH: 121 EpochTime = 1.161 (s) Losses = ['0.0593', '100.0000'] lr = 0.000046
2023-09-18 02:33:10,703 - fewshot_scanobjectnn_transferring_features - INFO - [Validation] EPOCH: 121  acc = 53.0000
2023-09-18 02:33:13,383 - fewshot_scanobjectnn_transferring_features - INFO - Save checkpoint at ./experiments/fewshot_scanobjectnn_transferring_features/cfgs/add_as_normal/ckpt-last.pth
2023-09-18 02:33:14,545 - fewshot_scanobjectnn_transferring_features - INFO - [Training] EPOCH: 122 EpochTime = 1.161 (s) Losses = ['0.0673', '100.0000'] lr = 0.000043
2023-09-18 02:33:15,856 - fewshot_scanobjectnn_transferring_features - INFO - [Validation] EPOCH: 122  acc = 53.5000
2023-09-18 02:33:17,689 - fewshot_scanobjectnn_transferring_features - INFO - Save checkpoint at ./experiments/fewshot_scanobjectnn_transferring_features/cfgs/add_as_normal/ckpt-last.pth
2023-09-18 02:33:18,836 - fewshot_scanobjectnn_transferring_features - INFO - [Training] EPOCH: 123 EpochTime = 1.145 (s) Losses = ['0.0740', '100.0000'] lr = 0.000040
2023-09-18 02:33:20,116 - fewshot_scanobjectnn_transferring_features - INFO - [Validation] EPOCH: 123  acc = 53.5000
2023-09-18 02:33:22,422 - fewshot_scanobjectnn_transferring_features - INFO - Save checkpoint at ./experiments/fewshot_scanobjectnn_transferring_features/cfgs/add_as_normal/ckpt-last.pth
2023-09-18 02:33:23,635 - fewshot_scanobjectnn_transferring_features - INFO - [Training] EPOCH: 124 EpochTime = 1.208 (s) Losses = ['0.0692', '100.0000'] lr = 0.000037
2023-09-18 02:33:24,961 - fewshot_scanobjectnn_transferring_features - INFO - [Validation] EPOCH: 124  acc = 53.0000
2023-09-18 02:33:27,921 - fewshot_scanobjectnn_transferring_features - INFO - Save checkpoint at ./experiments/fewshot_scanobjectnn_transferring_features/cfgs/add_as_normal/ckpt-last.pth
2023-09-18 02:33:29,137 - fewshot_scanobjectnn_transferring_features - INFO - [Training] EPOCH: 125 EpochTime = 1.215 (s) Losses = ['0.0739', '100.0000'] lr = 0.000034
2023-09-18 02:33:30,456 - fewshot_scanobjectnn_transferring_features - INFO - [Validation] EPOCH: 125  acc = 53.0000
2023-09-18 02:33:32,069 - fewshot_scanobjectnn_transferring_features - INFO - Save checkpoint at ./experiments/fewshot_scanobjectnn_transferring_features/cfgs/add_as_normal/ckpt-last.pth
2023-09-18 02:33:33,227 - fewshot_scanobjectnn_transferring_features - INFO - [Training] EPOCH: 126 EpochTime = 1.155 (s) Losses = ['0.0471', '100.0000'] lr = 0.000032
2023-09-18 02:33:34,574 - fewshot_scanobjectnn_transferring_features - INFO - [Validation] EPOCH: 126  acc = 52.0000
2023-09-18 02:33:37,245 - fewshot_scanobjectnn_transferring_features - INFO - Save checkpoint at ./experiments/fewshot_scanobjectnn_transferring_features/cfgs/add_as_normal/ckpt-last.pth
2023-09-18 02:33:38,413 - fewshot_scanobjectnn_transferring_features - INFO - [Training] EPOCH: 127 EpochTime = 1.166 (s) Losses = ['0.0695', '100.0000'] lr = 0.000029
2023-09-18 02:33:39,693 - fewshot_scanobjectnn_transferring_features - INFO - [Validation] EPOCH: 127  acc = 52.5000
2023-09-18 02:33:42,152 - fewshot_scanobjectnn_transferring_features - INFO - Save checkpoint at ./experiments/fewshot_scanobjectnn_transferring_features/cfgs/add_as_normal/ckpt-last.pth
2023-09-18 02:33:43,314 - fewshot_scanobjectnn_transferring_features - INFO - [Training] EPOCH: 128 EpochTime = 1.160 (s) Losses = ['0.0615', '100.0000'] lr = 0.000027
2023-09-18 02:33:44,612 - fewshot_scanobjectnn_transferring_features - INFO - [Validation] EPOCH: 128  acc = 53.0000
2023-09-18 02:33:46,284 - fewshot_scanobjectnn_transferring_features - INFO - Save checkpoint at ./experiments/fewshot_scanobjectnn_transferring_features/cfgs/add_as_normal/ckpt-last.pth
2023-09-18 02:33:47,500 - fewshot_scanobjectnn_transferring_features - INFO - [Training] EPOCH: 129 EpochTime = 1.214 (s) Losses = ['0.0513', '100.0000'] lr = 0.000025
2023-09-18 02:33:48,793 - fewshot_scanobjectnn_transferring_features - INFO - [Validation] EPOCH: 129  acc = 52.0000
2023-09-18 02:33:51,910 - fewshot_scanobjectnn_transferring_features - INFO - Save checkpoint at ./experiments/fewshot_scanobjectnn_transferring_features/cfgs/add_as_normal/ckpt-last.pth
2023-09-18 02:33:53,068 - fewshot_scanobjectnn_transferring_features - INFO - [Training] EPOCH: 130 EpochTime = 1.157 (s) Losses = ['0.0552', '100.0000'] lr = 0.000023
2023-09-18 02:33:54,406 - fewshot_scanobjectnn_transferring_features - INFO - [Validation] EPOCH: 130  acc = 52.0000
2023-09-18 02:33:56,127 - fewshot_scanobjectnn_transferring_features - INFO - Save checkpoint at ./experiments/fewshot_scanobjectnn_transferring_features/cfgs/add_as_normal/ckpt-last.pth
2023-09-18 02:33:57,356 - fewshot_scanobjectnn_transferring_features - INFO - [Training] EPOCH: 131 EpochTime = 1.227 (s) Losses = ['0.0513', '100.0000'] lr = 0.000020
2023-09-18 02:33:58,723 - fewshot_scanobjectnn_transferring_features - INFO - [Validation] EPOCH: 131  acc = 52.5000
2023-09-18 02:34:00,473 - fewshot_scanobjectnn_transferring_features - INFO - Save checkpoint at ./experiments/fewshot_scanobjectnn_transferring_features/cfgs/add_as_normal/ckpt-last.pth
2023-09-18 02:34:01,630 - fewshot_scanobjectnn_transferring_features - INFO - [Training] EPOCH: 132 EpochTime = 1.155 (s) Losses = ['0.0566', '100.0000'] lr = 0.000019
2023-09-18 02:34:03,070 - fewshot_scanobjectnn_transferring_features - INFO - [Validation] EPOCH: 132  acc = 52.5000
2023-09-18 02:34:04,851 - fewshot_scanobjectnn_transferring_features - INFO - Save checkpoint at ./experiments/fewshot_scanobjectnn_transferring_features/cfgs/add_as_normal/ckpt-last.pth
2023-09-18 02:34:06,034 - fewshot_scanobjectnn_transferring_features - INFO - [Training] EPOCH: 133 EpochTime = 1.182 (s) Losses = ['0.0446', '100.0000'] lr = 0.000017
2023-09-18 02:34:07,513 - fewshot_scanobjectnn_transferring_features - INFO - [Validation] EPOCH: 133  acc = 52.0000
2023-09-18 02:34:09,367 - fewshot_scanobjectnn_transferring_features - INFO - Save checkpoint at ./experiments/fewshot_scanobjectnn_transferring_features/cfgs/add_as_normal/ckpt-last.pth
2023-09-18 02:34:10,545 - fewshot_scanobjectnn_transferring_features - INFO - [Training] EPOCH: 134 EpochTime = 1.176 (s) Losses = ['0.0574', '100.0000'] lr = 0.000015
2023-09-18 02:34:11,816 - fewshot_scanobjectnn_transferring_features - INFO - [Validation] EPOCH: 134  acc = 52.0000
2023-09-18 02:34:14,372 - fewshot_scanobjectnn_transferring_features - INFO - Save checkpoint at ./experiments/fewshot_scanobjectnn_transferring_features/cfgs/add_as_normal/ckpt-last.pth
2023-09-18 02:34:15,568 - fewshot_scanobjectnn_transferring_features - INFO - [Training] EPOCH: 135 EpochTime = 1.193 (s) Losses = ['0.0559', '100.0000'] lr = 0.000013
2023-09-18 02:34:16,890 - fewshot_scanobjectnn_transferring_features - INFO - [Validation] EPOCH: 135  acc = 52.0000
2023-09-18 02:34:19,256 - fewshot_scanobjectnn_transferring_features - INFO - Save checkpoint at ./experiments/fewshot_scanobjectnn_transferring_features/cfgs/add_as_normal/ckpt-last.pth
2023-09-18 02:34:20,519 - fewshot_scanobjectnn_transferring_features - INFO - [Training] EPOCH: 136 EpochTime = 1.261 (s) Losses = ['0.0589', '100.0000'] lr = 0.000012
2023-09-18 02:34:21,830 - fewshot_scanobjectnn_transferring_features - INFO - [Validation] EPOCH: 136  acc = 52.0000
2023-09-18 02:34:23,405 - fewshot_scanobjectnn_transferring_features - INFO - Save checkpoint at ./experiments/fewshot_scanobjectnn_transferring_features/cfgs/add_as_normal/ckpt-last.pth
2023-09-18 02:34:24,838 - fewshot_scanobjectnn_transferring_features - INFO - [Training] EPOCH: 137 EpochTime = 1.334 (s) Losses = ['0.0598', '100.0000'] lr = 0.000010
2023-09-18 02:34:26,150 - fewshot_scanobjectnn_transferring_features - INFO - [Validation] EPOCH: 137  acc = 53.0000
2023-09-18 02:34:27,769 - fewshot_scanobjectnn_transferring_features - INFO - Save checkpoint at ./experiments/fewshot_scanobjectnn_transferring_features/cfgs/add_as_normal/ckpt-last.pth
2023-09-18 02:34:28,995 - fewshot_scanobjectnn_transferring_features - INFO - [Training] EPOCH: 138 EpochTime = 1.224 (s) Losses = ['0.0642', '100.0000'] lr = 0.000009
2023-09-18 02:34:30,316 - fewshot_scanobjectnn_transferring_features - INFO - [Validation] EPOCH: 138  acc = 53.0000
2023-09-18 02:34:32,616 - fewshot_scanobjectnn_transferring_features - INFO - Save checkpoint at ./experiments/fewshot_scanobjectnn_transferring_features/cfgs/add_as_normal/ckpt-last.pth
2023-09-18 02:34:33,794 - fewshot_scanobjectnn_transferring_features - INFO - [Training] EPOCH: 139 EpochTime = 1.177 (s) Losses = ['0.0634', '100.0000'] lr = 0.000008
2023-09-18 02:34:35,116 - fewshot_scanobjectnn_transferring_features - INFO - [Validation] EPOCH: 139  acc = 53.0000
2023-09-18 02:34:37,560 - fewshot_scanobjectnn_transferring_features - INFO - Save checkpoint at ./experiments/fewshot_scanobjectnn_transferring_features/cfgs/add_as_normal/ckpt-last.pth
2023-09-18 02:34:38,757 - fewshot_scanobjectnn_transferring_features - INFO - [Training] EPOCH: 140 EpochTime = 1.193 (s) Losses = ['0.0627', '100.0000'] lr = 0.000006
2023-09-18 02:34:40,074 - fewshot_scanobjectnn_transferring_features - INFO - [Validation] EPOCH: 140  acc = 52.5000
2023-09-18 02:34:43,084 - fewshot_scanobjectnn_transferring_features - INFO - Save checkpoint at ./experiments/fewshot_scanobjectnn_transferring_features/cfgs/add_as_normal/ckpt-last.pth
2023-09-18 02:34:44,281 - fewshot_scanobjectnn_transferring_features - INFO - [Training] EPOCH: 141 EpochTime = 1.195 (s) Losses = ['0.0579', '100.0000'] lr = 0.000005
2023-09-18 02:34:45,623 - fewshot_scanobjectnn_transferring_features - INFO - [Validation] EPOCH: 141  acc = 51.5000
2023-09-18 02:34:47,102 - fewshot_scanobjectnn_transferring_features - INFO - Save checkpoint at ./experiments/fewshot_scanobjectnn_transferring_features/cfgs/add_as_normal/ckpt-last.pth
2023-09-18 02:34:48,645 - fewshot_scanobjectnn_transferring_features - INFO - Save checkpoint at ./experiments/fewshot_scanobjectnn_transferring_features/cfgs/add_as_normal/ckpt-epoch-141.pth
2023-09-18 02:34:49,881 - fewshot_scanobjectnn_transferring_features - INFO - [Training] EPOCH: 142 EpochTime = 1.234 (s) Losses = ['0.0612', '100.0000'] lr = 0.000004
2023-09-18 02:34:51,206 - fewshot_scanobjectnn_transferring_features - INFO - [Validation] EPOCH: 142  acc = 51.5000
2023-09-18 02:34:54,064 - fewshot_scanobjectnn_transferring_features - INFO - Save checkpoint at ./experiments/fewshot_scanobjectnn_transferring_features/cfgs/add_as_normal/ckpt-last.pth
2023-09-18 02:34:56,200 - fewshot_scanobjectnn_transferring_features - INFO - Save checkpoint at ./experiments/fewshot_scanobjectnn_transferring_features/cfgs/add_as_normal/ckpt-epoch-142.pth
2023-09-18 02:34:57,367 - fewshot_scanobjectnn_transferring_features - INFO - [Training] EPOCH: 143 EpochTime = 1.165 (s) Losses = ['0.0772', '100.0000'] lr = 0.000004
2023-09-18 02:34:58,655 - fewshot_scanobjectnn_transferring_features - INFO - [Validation] EPOCH: 143  acc = 52.5000
2023-09-18 02:35:00,274 - fewshot_scanobjectnn_transferring_features - INFO - Save checkpoint at ./experiments/fewshot_scanobjectnn_transferring_features/cfgs/add_as_normal/ckpt-last.pth
2023-09-18 02:35:02,392 - fewshot_scanobjectnn_transferring_features - INFO - Save checkpoint at ./experiments/fewshot_scanobjectnn_transferring_features/cfgs/add_as_normal/ckpt-epoch-143.pth
2023-09-18 02:35:03,560 - fewshot_scanobjectnn_transferring_features - INFO - [Training] EPOCH: 144 EpochTime = 1.166 (s) Losses = ['0.0455', '100.0000'] lr = 0.000003
2023-09-18 02:35:04,835 - fewshot_scanobjectnn_transferring_features - INFO - [Validation] EPOCH: 144  acc = 51.5000
2023-09-18 02:35:06,633 - fewshot_scanobjectnn_transferring_features - INFO - Save checkpoint at ./experiments/fewshot_scanobjectnn_transferring_features/cfgs/add_as_normal/ckpt-last.pth
2023-09-18 02:35:08,942 - fewshot_scanobjectnn_transferring_features - INFO - Save checkpoint at ./experiments/fewshot_scanobjectnn_transferring_features/cfgs/add_as_normal/ckpt-epoch-144.pth
2023-09-18 02:35:10,140 - fewshot_scanobjectnn_transferring_features - INFO - [Training] EPOCH: 145 EpochTime = 1.197 (s) Losses = ['0.0861', '100.0000'] lr = 0.000002
2023-09-18 02:35:11,457 - fewshot_scanobjectnn_transferring_features - INFO - [Validation] EPOCH: 145  acc = 53.0000
2023-09-18 02:35:13,129 - fewshot_scanobjectnn_transferring_features - INFO - Save checkpoint at ./experiments/fewshot_scanobjectnn_transferring_features/cfgs/add_as_normal/ckpt-last.pth
2023-09-18 02:35:15,638 - fewshot_scanobjectnn_transferring_features - INFO - Save checkpoint at ./experiments/fewshot_scanobjectnn_transferring_features/cfgs/add_as_normal/ckpt-epoch-145.pth
2023-09-18 02:35:16,808 - fewshot_scanobjectnn_transferring_features - INFO - [Training] EPOCH: 146 EpochTime = 1.168 (s) Losses = ['0.0614', '100.0000'] lr = 0.000002
2023-09-18 02:35:18,283 - fewshot_scanobjectnn_transferring_features - INFO - [Validation] EPOCH: 146  acc = 53.0000
2023-09-18 02:35:20,162 - fewshot_scanobjectnn_transferring_features - INFO - Save checkpoint at ./experiments/fewshot_scanobjectnn_transferring_features/cfgs/add_as_normal/ckpt-last.pth
2023-09-18 02:35:21,561 - fewshot_scanobjectnn_transferring_features - INFO - Save checkpoint at ./experiments/fewshot_scanobjectnn_transferring_features/cfgs/add_as_normal/ckpt-epoch-146.pth
2023-09-18 02:35:22,717 - fewshot_scanobjectnn_transferring_features - INFO - [Training] EPOCH: 147 EpochTime = 1.154 (s) Losses = ['0.0570', '100.0000'] lr = 0.000001
2023-09-18 02:35:24,111 - fewshot_scanobjectnn_transferring_features - INFO - [Validation] EPOCH: 147  acc = 53.0000
2023-09-18 02:35:26,233 - fewshot_scanobjectnn_transferring_features - INFO - Save checkpoint at ./experiments/fewshot_scanobjectnn_transferring_features/cfgs/add_as_normal/ckpt-last.pth
2023-09-18 02:35:28,931 - fewshot_scanobjectnn_transferring_features - INFO - Save checkpoint at ./experiments/fewshot_scanobjectnn_transferring_features/cfgs/add_as_normal/ckpt-epoch-147.pth
2023-09-18 02:35:30,161 - fewshot_scanobjectnn_transferring_features - INFO - [Training] EPOCH: 148 EpochTime = 1.226 (s) Losses = ['0.0518', '100.0000'] lr = 0.000001
2023-09-18 02:35:31,454 - fewshot_scanobjectnn_transferring_features - INFO - [Validation] EPOCH: 148  acc = 52.5000
2023-09-18 02:35:33,167 - fewshot_scanobjectnn_transferring_features - INFO - Save checkpoint at ./experiments/fewshot_scanobjectnn_transferring_features/cfgs/add_as_normal/ckpt-last.pth
2023-09-18 02:35:35,959 - fewshot_scanobjectnn_transferring_features - INFO - Save checkpoint at ./experiments/fewshot_scanobjectnn_transferring_features/cfgs/add_as_normal/ckpt-epoch-148.pth
2023-09-18 02:35:37,189 - fewshot_scanobjectnn_transferring_features - INFO - [Training] EPOCH: 149 EpochTime = 1.229 (s) Losses = ['0.0742', '100.0000'] lr = 0.000001
2023-09-18 02:35:38,491 - fewshot_scanobjectnn_transferring_features - INFO - [Validation] EPOCH: 149  acc = 53.0000
2023-09-18 02:35:40,281 - fewshot_scanobjectnn_transferring_features - INFO - Save checkpoint at ./experiments/fewshot_scanobjectnn_transferring_features/cfgs/add_as_normal/ckpt-last.pth
2023-09-18 02:35:42,582 - fewshot_scanobjectnn_transferring_features - INFO - Save checkpoint at ./experiments/fewshot_scanobjectnn_transferring_features/cfgs/add_as_normal/ckpt-epoch-149.pth
2023-09-18 02:35:43,822 - fewshot_scanobjectnn_transferring_features - INFO - [Training] EPOCH: 150 EpochTime = 1.238 (s) Losses = ['0.0511', '100.0000'] lr = 0.000001
2023-09-18 02:35:45,126 - fewshot_scanobjectnn_transferring_features - INFO - [Validation] EPOCH: 150  acc = 53.5000
2023-09-18 02:35:46,866 - fewshot_scanobjectnn_transferring_features - INFO - Save checkpoint at ./experiments/fewshot_scanobjectnn_transferring_features/cfgs/add_as_normal/ckpt-last.pth
2023-09-18 02:35:49,247 - fewshot_scanobjectnn_transferring_features - INFO - Save checkpoint at ./experiments/fewshot_scanobjectnn_transferring_features/cfgs/add_as_normal/ckpt-epoch-150.pth
