2023-11-06 19:00:33,656 - fewshot_scanobjectnn_transferring_features - INFO - Copy the Config file from cfgs/fewshot_scanobjectnn_transferring_features.yaml to ./experiments/fewshot_scanobjectnn_transferring_features/cfgs/lr0.00062/config.yaml
2023-11-06 19:00:33,657 - fewshot_scanobjectnn_transferring_features - INFO - args.config : cfgs/fewshot_scanobjectnn_transferring_features.yaml
2023-11-06 19:00:33,657 - fewshot_scanobjectnn_transferring_features - INFO - args.launcher : none
2023-11-06 19:00:33,657 - fewshot_scanobjectnn_transferring_features - INFO - args.local_rank : 0
2023-11-06 19:00:33,657 - fewshot_scanobjectnn_transferring_features - INFO - args.num_workers : 8
2023-11-06 19:00:33,657 - fewshot_scanobjectnn_transferring_features - INFO - args.seed : 0
2023-11-06 19:00:33,657 - fewshot_scanobjectnn_transferring_features - INFO - args.deterministic : False
2023-11-06 19:00:33,657 - fewshot_scanobjectnn_transferring_features - INFO - args.sync_bn : True
2023-11-06 19:00:33,657 - fewshot_scanobjectnn_transferring_features - INFO - args.large_group : 5
2023-11-06 19:00:33,657 - fewshot_scanobjectnn_transferring_features - INFO - args.small_group : 10
2023-11-06 19:00:33,657 - fewshot_scanobjectnn_transferring_features - INFO - args.large_patch : 6
2023-11-06 19:00:33,657 - fewshot_scanobjectnn_transferring_features - INFO - args.small_patch : 3
2023-11-06 19:00:33,657 - fewshot_scanobjectnn_transferring_features - INFO - args.queue_length : 8192
2023-11-06 19:00:33,657 - fewshot_scanobjectnn_transferring_features - INFO - args.epoch_queue_starts : 10
2023-11-06 19:00:33,657 - fewshot_scanobjectnn_transferring_features - INFO - args.nmb_crops : 26
2023-11-06 19:00:33,657 - fewshot_scanobjectnn_transferring_features - INFO - args.fea_dim : 384
2023-11-06 19:00:33,657 - fewshot_scanobjectnn_transferring_features - INFO - args.hidden_mlp : 256
2023-11-06 19:00:33,657 - fewshot_scanobjectnn_transferring_features - INFO - args.output_dim : 128
2023-11-06 19:00:33,657 - fewshot_scanobjectnn_transferring_features - INFO - args.nmb_prototypes : 200
2023-11-06 19:00:33,657 - fewshot_scanobjectnn_transferring_features - INFO - args.temperature : 0.1
2023-11-06 19:00:33,657 - fewshot_scanobjectnn_transferring_features - INFO - args.epsilon : 0.05
2023-11-06 19:00:33,657 - fewshot_scanobjectnn_transferring_features - INFO - args.sinkhorn_iterations : 3
2023-11-06 19:00:33,657 - fewshot_scanobjectnn_transferring_features - INFO - args.world_size : 1
2023-11-06 19:00:33,658 - fewshot_scanobjectnn_transferring_features - INFO - args.exp_name : lr0.00062
2023-11-06 19:00:33,658 - fewshot_scanobjectnn_transferring_features - INFO - args.loss : cd1
2023-11-06 19:00:33,658 - fewshot_scanobjectnn_transferring_features - INFO - args.start_ckpts : None
2023-11-06 19:00:33,658 - fewshot_scanobjectnn_transferring_features - INFO - args.ckpts : ./experiments/pretrain_MaskSurf/cfgs/add_as_normal/ckpt-last.pth
2023-11-06 19:00:33,658 - fewshot_scanobjectnn_transferring_features - INFO - args.val_freq : 1
2023-11-06 19:00:33,658 - fewshot_scanobjectnn_transferring_features - INFO - args.vote : False
2023-11-06 19:00:33,658 - fewshot_scanobjectnn_transferring_features - INFO - args.resume : False
2023-11-06 19:00:33,658 - fewshot_scanobjectnn_transferring_features - INFO - args.test : False
2023-11-06 19:00:33,658 - fewshot_scanobjectnn_transferring_features - INFO - args.finetune_model : True
2023-11-06 19:00:33,658 - fewshot_scanobjectnn_transferring_features - INFO - args.scratch_model : False
2023-11-06 19:00:33,658 - fewshot_scanobjectnn_transferring_features - INFO - args.mode : None
2023-11-06 19:00:33,658 - fewshot_scanobjectnn_transferring_features - INFO - args.way : 5
2023-11-06 19:00:33,658 - fewshot_scanobjectnn_transferring_features - INFO - args.shot : 20
2023-11-06 19:00:33,658 - fewshot_scanobjectnn_transferring_features - INFO - args.fold : 5
2023-11-06 19:00:33,658 - fewshot_scanobjectnn_transferring_features - INFO - args.experiment_path : ./experiments/fewshot_scanobjectnn_transferring_features/cfgs/lr0.00062
2023-11-06 19:00:33,658 - fewshot_scanobjectnn_transferring_features - INFO - args.tfboard_path : ./experiments/fewshot_scanobjectnn_transferring_features/cfgs/TFBoard/lr0.00062
2023-11-06 19:00:33,658 - fewshot_scanobjectnn_transferring_features - INFO - args.log_name : fewshot_scanobjectnn_transferring_features
2023-11-06 19:00:33,658 - fewshot_scanobjectnn_transferring_features - INFO - args.use_gpu : True
2023-11-06 19:00:33,658 - fewshot_scanobjectnn_transferring_features - INFO - args.distributed : False
2023-11-06 19:00:33,658 - fewshot_scanobjectnn_transferring_features - INFO - config.optimizer = edict()
2023-11-06 19:00:33,658 - fewshot_scanobjectnn_transferring_features - INFO - config.optimizer.type : AdamW
2023-11-06 19:00:33,658 - fewshot_scanobjectnn_transferring_features - INFO - config.optimizer.part : all
2023-11-06 19:00:33,658 - fewshot_scanobjectnn_transferring_features - INFO - config.optimizer.kwargs = edict()
2023-11-06 19:00:33,659 - fewshot_scanobjectnn_transferring_features - INFO - config.optimizer.kwargs.lr : 0.00062
2023-11-06 19:00:33,659 - fewshot_scanobjectnn_transferring_features - INFO - config.optimizer.kwargs.weight_decay : 0.05
2023-11-06 19:00:33,659 - fewshot_scanobjectnn_transferring_features - INFO - config.scheduler = edict()
2023-11-06 19:00:33,659 - fewshot_scanobjectnn_transferring_features - INFO - config.scheduler.type : CosLR
2023-11-06 19:00:33,659 - fewshot_scanobjectnn_transferring_features - INFO - config.scheduler.kwargs = edict()
2023-11-06 19:00:33,659 - fewshot_scanobjectnn_transferring_features - INFO - config.scheduler.kwargs.epochs : 150
2023-11-06 19:00:33,659 - fewshot_scanobjectnn_transferring_features - INFO - config.scheduler.kwargs.initial_epochs : 10
2023-11-06 19:00:33,659 - fewshot_scanobjectnn_transferring_features - INFO - config.dataset = edict()
2023-11-06 19:00:33,659 - fewshot_scanobjectnn_transferring_features - INFO - config.dataset.train = edict()
2023-11-06 19:00:33,659 - fewshot_scanobjectnn_transferring_features - INFO - config.dataset.train._base_ = edict()
2023-11-06 19:00:33,659 - fewshot_scanobjectnn_transferring_features - INFO - config.dataset.train._base_.NAME : ModelNetFewShot
2023-11-06 19:00:33,659 - fewshot_scanobjectnn_transferring_features - INFO - config.dataset.train._base_.DATA_PATH : data/ScanObjectNN_hardest_fewshot
2023-11-06 19:00:33,659 - fewshot_scanobjectnn_transferring_features - INFO - config.dataset.train._base_.N_POINTS : 2048
2023-11-06 19:00:33,659 - fewshot_scanobjectnn_transferring_features - INFO - config.dataset.train._base_.NUM_CATEGORY : 15
2023-11-06 19:00:33,659 - fewshot_scanobjectnn_transferring_features - INFO - config.dataset.train._base_.USE_NORMALS : False
2023-11-06 19:00:33,659 - fewshot_scanobjectnn_transferring_features - INFO - config.dataset.train.others = edict()
2023-11-06 19:00:33,659 - fewshot_scanobjectnn_transferring_features - INFO - config.dataset.train.others.subset : train
2023-11-06 19:00:33,659 - fewshot_scanobjectnn_transferring_features - INFO - config.dataset.train.others.bs : 32
2023-11-06 19:00:33,659 - fewshot_scanobjectnn_transferring_features - INFO - config.dataset.val = edict()
2023-11-06 19:00:33,659 - fewshot_scanobjectnn_transferring_features - INFO - config.dataset.val._base_ = edict()
2023-11-06 19:00:33,659 - fewshot_scanobjectnn_transferring_features - INFO - config.dataset.val._base_.NAME : ModelNetFewShot
2023-11-06 19:00:33,659 - fewshot_scanobjectnn_transferring_features - INFO - config.dataset.val._base_.DATA_PATH : data/ScanObjectNN_hardest_fewshot
2023-11-06 19:00:33,659 - fewshot_scanobjectnn_transferring_features - INFO - config.dataset.val._base_.N_POINTS : 2048
2023-11-06 19:00:33,659 - fewshot_scanobjectnn_transferring_features - INFO - config.dataset.val._base_.NUM_CATEGORY : 15
2023-11-06 19:00:33,660 - fewshot_scanobjectnn_transferring_features - INFO - config.dataset.val._base_.USE_NORMALS : False
2023-11-06 19:00:33,660 - fewshot_scanobjectnn_transferring_features - INFO - config.dataset.val.others = edict()
2023-11-06 19:00:33,660 - fewshot_scanobjectnn_transferring_features - INFO - config.dataset.val.others.subset : test
2023-11-06 19:00:33,660 - fewshot_scanobjectnn_transferring_features - INFO - config.dataset.val.others.bs : 64
2023-11-06 19:00:33,660 - fewshot_scanobjectnn_transferring_features - INFO - config.dataset.test = edict()
2023-11-06 19:00:33,660 - fewshot_scanobjectnn_transferring_features - INFO - config.dataset.test._base_ = edict()
2023-11-06 19:00:33,660 - fewshot_scanobjectnn_transferring_features - INFO - config.dataset.test._base_.NAME : ScanObjectNN_hardest
2023-11-06 19:00:33,660 - fewshot_scanobjectnn_transferring_features - INFO - config.dataset.test._base_.ROOT : data/ScanObjectNN/main_split
2023-11-06 19:00:33,660 - fewshot_scanobjectnn_transferring_features - INFO - config.dataset.test.others = edict()
2023-11-06 19:00:33,660 - fewshot_scanobjectnn_transferring_features - INFO - config.dataset.test.others.subset : test
2023-11-06 19:00:33,660 - fewshot_scanobjectnn_transferring_features - INFO - config.dataset.test.others.bs : 32
2023-11-06 19:00:33,660 - fewshot_scanobjectnn_transferring_features - INFO - config.model = edict()
2023-11-06 19:00:33,660 - fewshot_scanobjectnn_transferring_features - INFO - config.model.NAME : PointTransformer
2023-11-06 19:00:33,660 - fewshot_scanobjectnn_transferring_features - INFO - config.model.trans_dim : 384
2023-11-06 19:00:33,660 - fewshot_scanobjectnn_transferring_features - INFO - config.model.depth : 12
2023-11-06 19:00:33,660 - fewshot_scanobjectnn_transferring_features - INFO - config.model.drop_path_rate : 0.1
2023-11-06 19:00:33,660 - fewshot_scanobjectnn_transferring_features - INFO - config.model.cls_dim : 40
2023-11-06 19:00:33,660 - fewshot_scanobjectnn_transferring_features - INFO - config.model.num_heads : 6
2023-11-06 19:00:33,660 - fewshot_scanobjectnn_transferring_features - INFO - config.model.group_size : 32
2023-11-06 19:00:33,660 - fewshot_scanobjectnn_transferring_features - INFO - config.model.num_group : 64
2023-11-06 19:00:33,660 - fewshot_scanobjectnn_transferring_features - INFO - config.model.encoder_dims : 384
2023-11-06 19:00:33,660 - fewshot_scanobjectnn_transferring_features - INFO - config.npoints : 1024
2023-11-06 19:00:33,660 - fewshot_scanobjectnn_transferring_features - INFO - config.total_bs : 32
2023-11-06 19:00:33,660 - fewshot_scanobjectnn_transferring_features - INFO - config.step_per_update : 1
2023-11-06 19:00:33,661 - fewshot_scanobjectnn_transferring_features - INFO - config.max_epoch : 150
2023-11-06 19:00:33,661 - fewshot_scanobjectnn_transferring_features - INFO - config.grad_norm_clip : 10
2023-11-06 19:00:33,661 - fewshot_scanobjectnn_transferring_features - INFO - Distributed training: False
2023-11-06 19:00:33,661 - fewshot_scanobjectnn_transferring_features - INFO - Set random seed to 0, deterministic: False
2023-11-06 19:00:36,738 - fewshot_scanobjectnn_transferring_features - INFO - Using Data parallel ...
2023-11-06 19:00:43,101 - fewshot_scanobjectnn_transferring_features - INFO - [Training] EPOCH: 0 EpochTime = 6.356 (s) Losses = ['3.8196', '2.0833'] lr = 0.000001
2023-11-06 19:00:45,814 - fewshot_scanobjectnn_transferring_features - INFO - Save checkpoint at ./experiments/fewshot_scanobjectnn_transferring_features/cfgs/lr0.00062/ckpt-last.pth
2023-11-06 19:00:47,209 - fewshot_scanobjectnn_transferring_features - INFO - [Training] EPOCH: 1 EpochTime = 1.393 (s) Losses = ['3.8087', '1.0417'] lr = 0.000063
2023-11-06 19:00:49,409 - fewshot_scanobjectnn_transferring_features - INFO - [Validation] EPOCH: 1  acc = 1.0000
2023-11-06 19:00:52,041 - fewshot_scanobjectnn_transferring_features - INFO - Save checkpoint at ./experiments/fewshot_scanobjectnn_transferring_features/cfgs/lr0.00062/ckpt-best.pth
2023-11-06 19:00:52,041 - fewshot_scanobjectnn_transferring_features - INFO - --------------------------------------------------------------------------------------------
2023-11-06 19:00:54,207 - fewshot_scanobjectnn_transferring_features - INFO - Save checkpoint at ./experiments/fewshot_scanobjectnn_transferring_features/cfgs/lr0.00062/ckpt-last.pth
2023-11-06 19:00:55,494 - fewshot_scanobjectnn_transferring_features - INFO - [Training] EPOCH: 2 EpochTime = 1.286 (s) Losses = ['3.7907', '1.0417'] lr = 0.000125
2023-11-06 19:00:56,716 - fewshot_scanobjectnn_transferring_features - INFO - [Validation] EPOCH: 2  acc = 1.0000
2023-11-06 19:00:59,041 - fewshot_scanobjectnn_transferring_features - INFO - Save checkpoint at ./experiments/fewshot_scanobjectnn_transferring_features/cfgs/lr0.00062/ckpt-last.pth
2023-11-06 19:01:01,194 - fewshot_scanobjectnn_transferring_features - INFO - [Training] EPOCH: 3 EpochTime = 2.152 (s) Losses = ['3.6755', '6.2500'] lr = 0.000187
2023-11-06 19:01:02,783 - fewshot_scanobjectnn_transferring_features - INFO - [Validation] EPOCH: 3  acc = 1.0000
2023-11-06 19:01:05,224 - fewshot_scanobjectnn_transferring_features - INFO - Save checkpoint at ./experiments/fewshot_scanobjectnn_transferring_features/cfgs/lr0.00062/ckpt-last.pth
2023-11-06 19:01:07,301 - fewshot_scanobjectnn_transferring_features - INFO - [Training] EPOCH: 4 EpochTime = 2.072 (s) Losses = ['3.5717', '7.2917'] lr = 0.000249
2023-11-06 19:01:08,305 - fewshot_scanobjectnn_transferring_features - INFO - [Validation] EPOCH: 4  acc = 7.0000
2023-11-06 19:01:10,381 - fewshot_scanobjectnn_transferring_features - INFO - Save checkpoint at ./experiments/fewshot_scanobjectnn_transferring_features/cfgs/lr0.00062/ckpt-best.pth
2023-11-06 19:01:10,382 - fewshot_scanobjectnn_transferring_features - INFO - --------------------------------------------------------------------------------------------
2023-11-06 19:01:13,101 - fewshot_scanobjectnn_transferring_features - INFO - Save checkpoint at ./experiments/fewshot_scanobjectnn_transferring_features/cfgs/lr0.00062/ckpt-last.pth
2023-11-06 19:01:15,168 - fewshot_scanobjectnn_transferring_features - INFO - [Training] EPOCH: 5 EpochTime = 2.064 (s) Losses = ['3.3893', '17.7083'] lr = 0.000311
2023-11-06 19:01:16,164 - fewshot_scanobjectnn_transferring_features - INFO - [Validation] EPOCH: 5  acc = 29.0000
2023-11-06 19:01:18,174 - fewshot_scanobjectnn_transferring_features - INFO - Save checkpoint at ./experiments/fewshot_scanobjectnn_transferring_features/cfgs/lr0.00062/ckpt-best.pth
2023-11-06 19:01:18,175 - fewshot_scanobjectnn_transferring_features - INFO - --------------------------------------------------------------------------------------------
2023-11-06 19:01:20,362 - fewshot_scanobjectnn_transferring_features - INFO - Save checkpoint at ./experiments/fewshot_scanobjectnn_transferring_features/cfgs/lr0.00062/ckpt-last.pth
2023-11-06 19:01:21,747 - fewshot_scanobjectnn_transferring_features - INFO - [Training] EPOCH: 6 EpochTime = 1.383 (s) Losses = ['3.2407', '23.9583'] lr = 0.000372
2023-11-06 19:01:22,829 - fewshot_scanobjectnn_transferring_features - INFO - [Validation] EPOCH: 6  acc = 40.0000
2023-11-06 19:01:24,658 - fewshot_scanobjectnn_transferring_features - INFO - Save checkpoint at ./experiments/fewshot_scanobjectnn_transferring_features/cfgs/lr0.00062/ckpt-best.pth
2023-11-06 19:01:24,658 - fewshot_scanobjectnn_transferring_features - INFO - --------------------------------------------------------------------------------------------
2023-11-06 19:01:26,508 - fewshot_scanobjectnn_transferring_features - INFO - Save checkpoint at ./experiments/fewshot_scanobjectnn_transferring_features/cfgs/lr0.00062/ckpt-last.pth
2023-11-06 19:01:28,450 - fewshot_scanobjectnn_transferring_features - INFO - [Training] EPOCH: 7 EpochTime = 1.940 (s) Losses = ['2.7448', '46.8750'] lr = 0.000434
2023-11-06 19:01:29,344 - fewshot_scanobjectnn_transferring_features - INFO - [Validation] EPOCH: 7  acc = 43.0000
2023-11-06 19:01:31,021 - fewshot_scanobjectnn_transferring_features - INFO - Save checkpoint at ./experiments/fewshot_scanobjectnn_transferring_features/cfgs/lr0.00062/ckpt-best.pth
2023-11-06 19:01:31,022 - fewshot_scanobjectnn_transferring_features - INFO - --------------------------------------------------------------------------------------------
2023-11-06 19:01:33,007 - fewshot_scanobjectnn_transferring_features - INFO - Save checkpoint at ./experiments/fewshot_scanobjectnn_transferring_features/cfgs/lr0.00062/ckpt-last.pth
2023-11-06 19:01:34,561 - fewshot_scanobjectnn_transferring_features - INFO - [Training] EPOCH: 8 EpochTime = 1.552 (s) Losses = ['2.6511', '42.7083'] lr = 0.000496
2023-11-06 19:01:35,577 - fewshot_scanobjectnn_transferring_features - INFO - [Validation] EPOCH: 8  acc = 41.0000
2023-11-06 19:01:37,392 - fewshot_scanobjectnn_transferring_features - INFO - Save checkpoint at ./experiments/fewshot_scanobjectnn_transferring_features/cfgs/lr0.00062/ckpt-last.pth
2023-11-06 19:01:38,584 - fewshot_scanobjectnn_transferring_features - INFO - [Training] EPOCH: 9 EpochTime = 1.189 (s) Losses = ['2.2879', '57.2917'] lr = 0.000558
2023-11-06 19:01:39,822 - fewshot_scanobjectnn_transferring_features - INFO - [Validation] EPOCH: 9  acc = 47.0000
2023-11-06 19:01:41,562 - fewshot_scanobjectnn_transferring_features - INFO - Save checkpoint at ./experiments/fewshot_scanobjectnn_transferring_features/cfgs/lr0.00062/ckpt-best.pth
2023-11-06 19:01:41,563 - fewshot_scanobjectnn_transferring_features - INFO - --------------------------------------------------------------------------------------------
2023-11-06 19:01:44,186 - fewshot_scanobjectnn_transferring_features - INFO - Save checkpoint at ./experiments/fewshot_scanobjectnn_transferring_features/cfgs/lr0.00062/ckpt-last.pth
2023-11-06 19:01:46,213 - fewshot_scanobjectnn_transferring_features - INFO - [Training] EPOCH: 10 EpochTime = 2.024 (s) Losses = ['2.0266', '65.6250'] lr = 0.000613
2023-11-06 19:01:47,322 - fewshot_scanobjectnn_transferring_features - INFO - [Validation] EPOCH: 10  acc = 46.0000
2023-11-06 19:01:49,066 - fewshot_scanobjectnn_transferring_features - INFO - Save checkpoint at ./experiments/fewshot_scanobjectnn_transferring_features/cfgs/lr0.00062/ckpt-last.pth
2023-11-06 19:01:50,422 - fewshot_scanobjectnn_transferring_features - INFO - [Training] EPOCH: 11 EpochTime = 1.353 (s) Losses = ['1.7739', '67.7083'] lr = 0.000612
2023-11-06 19:01:51,561 - fewshot_scanobjectnn_transferring_features - INFO - [Validation] EPOCH: 11  acc = 50.0000
2023-11-06 19:01:53,247 - fewshot_scanobjectnn_transferring_features - INFO - Save checkpoint at ./experiments/fewshot_scanobjectnn_transferring_features/cfgs/lr0.00062/ckpt-best.pth
2023-11-06 19:01:53,247 - fewshot_scanobjectnn_transferring_features - INFO - --------------------------------------------------------------------------------------------
2023-11-06 19:01:55,754 - fewshot_scanobjectnn_transferring_features - INFO - Save checkpoint at ./experiments/fewshot_scanobjectnn_transferring_features/cfgs/lr0.00062/ckpt-last.pth
2023-11-06 19:01:57,460 - fewshot_scanobjectnn_transferring_features - INFO - [Training] EPOCH: 12 EpochTime = 1.703 (s) Losses = ['1.5469', '67.7083'] lr = 0.000610
2023-11-06 19:01:58,392 - fewshot_scanobjectnn_transferring_features - INFO - [Validation] EPOCH: 12  acc = 54.0000
2023-11-06 19:02:01,012 - fewshot_scanobjectnn_transferring_features - INFO - Save checkpoint at ./experiments/fewshot_scanobjectnn_transferring_features/cfgs/lr0.00062/ckpt-best.pth
2023-11-06 19:02:01,013 - fewshot_scanobjectnn_transferring_features - INFO - --------------------------------------------------------------------------------------------
2023-11-06 19:02:03,773 - fewshot_scanobjectnn_transferring_features - INFO - Save checkpoint at ./experiments/fewshot_scanobjectnn_transferring_features/cfgs/lr0.00062/ckpt-last.pth
2023-11-06 19:02:05,872 - fewshot_scanobjectnn_transferring_features - INFO - [Training] EPOCH: 13 EpochTime = 2.097 (s) Losses = ['1.2261', '82.2917'] lr = 0.000609
2023-11-06 19:02:06,897 - fewshot_scanobjectnn_transferring_features - INFO - [Validation] EPOCH: 13  acc = 54.0000
2023-11-06 19:02:08,575 - fewshot_scanobjectnn_transferring_features - INFO - Save checkpoint at ./experiments/fewshot_scanobjectnn_transferring_features/cfgs/lr0.00062/ckpt-last.pth
2023-11-06 19:02:09,962 - fewshot_scanobjectnn_transferring_features - INFO - [Training] EPOCH: 14 EpochTime = 1.385 (s) Losses = ['1.0528', '84.3750'] lr = 0.000607
2023-11-06 19:02:11,180 - fewshot_scanobjectnn_transferring_features - INFO - [Validation] EPOCH: 14  acc = 55.0000
2023-11-06 19:02:12,859 - fewshot_scanobjectnn_transferring_features - INFO - Save checkpoint at ./experiments/fewshot_scanobjectnn_transferring_features/cfgs/lr0.00062/ckpt-best.pth
2023-11-06 19:02:12,859 - fewshot_scanobjectnn_transferring_features - INFO - --------------------------------------------------------------------------------------------
2023-11-06 19:02:15,332 - fewshot_scanobjectnn_transferring_features - INFO - Save checkpoint at ./experiments/fewshot_scanobjectnn_transferring_features/cfgs/lr0.00062/ckpt-last.pth
2023-11-06 19:02:16,810 - fewshot_scanobjectnn_transferring_features - INFO - [Training] EPOCH: 15 EpochTime = 1.473 (s) Losses = ['0.8841', '83.3333'] lr = 0.000605
2023-11-06 19:02:17,699 - fewshot_scanobjectnn_transferring_features - INFO - [Validation] EPOCH: 15  acc = 55.0000
2023-11-06 19:02:19,325 - fewshot_scanobjectnn_transferring_features - INFO - Save checkpoint at ./experiments/fewshot_scanobjectnn_transferring_features/cfgs/lr0.00062/ckpt-last.pth
2023-11-06 19:02:21,275 - fewshot_scanobjectnn_transferring_features - INFO - [Training] EPOCH: 16 EpochTime = 1.948 (s) Losses = ['0.7057', '91.6667'] lr = 0.000603
2023-11-06 19:02:22,218 - fewshot_scanobjectnn_transferring_features - INFO - [Validation] EPOCH: 16  acc = 57.0000
2023-11-06 19:02:23,966 - fewshot_scanobjectnn_transferring_features - INFO - Save checkpoint at ./experiments/fewshot_scanobjectnn_transferring_features/cfgs/lr0.00062/ckpt-best.pth
2023-11-06 19:02:23,966 - fewshot_scanobjectnn_transferring_features - INFO - --------------------------------------------------------------------------------------------
2023-11-06 19:02:26,664 - fewshot_scanobjectnn_transferring_features - INFO - Save checkpoint at ./experiments/fewshot_scanobjectnn_transferring_features/cfgs/lr0.00062/ckpt-last.pth
2023-11-06 19:02:28,231 - fewshot_scanobjectnn_transferring_features - INFO - [Training] EPOCH: 17 EpochTime = 1.470 (s) Losses = ['0.6239', '91.6667'] lr = 0.000601
2023-11-06 19:02:29,392 - fewshot_scanobjectnn_transferring_features - INFO - [Validation] EPOCH: 17  acc = 59.0000
2023-11-06 19:02:31,188 - fewshot_scanobjectnn_transferring_features - INFO - Save checkpoint at ./experiments/fewshot_scanobjectnn_transferring_features/cfgs/lr0.00062/ckpt-best.pth
2023-11-06 19:02:31,188 - fewshot_scanobjectnn_transferring_features - INFO - --------------------------------------------------------------------------------------------
2023-11-06 19:02:33,137 - fewshot_scanobjectnn_transferring_features - INFO - Save checkpoint at ./experiments/fewshot_scanobjectnn_transferring_features/cfgs/lr0.00062/ckpt-last.pth
2023-11-06 19:02:34,727 - fewshot_scanobjectnn_transferring_features - INFO - [Training] EPOCH: 18 EpochTime = 1.586 (s) Losses = ['0.5233', '91.6667'] lr = 0.000598
2023-11-06 19:02:35,770 - fewshot_scanobjectnn_transferring_features - INFO - [Validation] EPOCH: 18  acc = 62.0000
2023-11-06 19:02:38,251 - fewshot_scanobjectnn_transferring_features - INFO - Save checkpoint at ./experiments/fewshot_scanobjectnn_transferring_features/cfgs/lr0.00062/ckpt-best.pth
2023-11-06 19:02:38,252 - fewshot_scanobjectnn_transferring_features - INFO - --------------------------------------------------------------------------------------------
2023-11-06 19:02:40,026 - fewshot_scanobjectnn_transferring_features - INFO - Save checkpoint at ./experiments/fewshot_scanobjectnn_transferring_features/cfgs/lr0.00062/ckpt-last.pth
2023-11-06 19:02:41,771 - fewshot_scanobjectnn_transferring_features - INFO - [Training] EPOCH: 19 EpochTime = 1.742 (s) Losses = ['0.4026', '97.9167'] lr = 0.000596
2023-11-06 19:02:43,235 - fewshot_scanobjectnn_transferring_features - INFO - [Validation] EPOCH: 19  acc = 65.0000
2023-11-06 19:02:44,912 - fewshot_scanobjectnn_transferring_features - INFO - Save checkpoint at ./experiments/fewshot_scanobjectnn_transferring_features/cfgs/lr0.00062/ckpt-best.pth
2023-11-06 19:02:44,913 - fewshot_scanobjectnn_transferring_features - INFO - --------------------------------------------------------------------------------------------
2023-11-06 19:02:47,466 - fewshot_scanobjectnn_transferring_features - INFO - Save checkpoint at ./experiments/fewshot_scanobjectnn_transferring_features/cfgs/lr0.00062/ckpt-last.pth
2023-11-06 19:02:49,590 - fewshot_scanobjectnn_transferring_features - INFO - [Training] EPOCH: 20 EpochTime = 2.121 (s) Losses = ['0.3773', '96.8750'] lr = 0.000593
2023-11-06 19:02:50,633 - fewshot_scanobjectnn_transferring_features - INFO - [Validation] EPOCH: 20  acc = 60.0000
2023-11-06 19:02:52,742 - fewshot_scanobjectnn_transferring_features - INFO - Save checkpoint at ./experiments/fewshot_scanobjectnn_transferring_features/cfgs/lr0.00062/ckpt-last.pth
2023-11-06 19:02:53,999 - fewshot_scanobjectnn_transferring_features - INFO - [Training] EPOCH: 21 EpochTime = 1.255 (s) Losses = ['0.2896', '98.9583'] lr = 0.000591
2023-11-06 19:02:55,281 - fewshot_scanobjectnn_transferring_features - INFO - [Validation] EPOCH: 21  acc = 63.0000
2023-11-06 19:02:57,528 - fewshot_scanobjectnn_transferring_features - INFO - Save checkpoint at ./experiments/fewshot_scanobjectnn_transferring_features/cfgs/lr0.00062/ckpt-last.pth
2023-11-06 19:02:58,878 - fewshot_scanobjectnn_transferring_features - INFO - [Training] EPOCH: 22 EpochTime = 1.347 (s) Losses = ['0.2561', '100.0000'] lr = 0.000588
2023-11-06 19:03:00,101 - fewshot_scanobjectnn_transferring_features - INFO - [Validation] EPOCH: 22  acc = 65.0000
2023-11-06 19:03:02,209 - fewshot_scanobjectnn_transferring_features - INFO - Save checkpoint at ./experiments/fewshot_scanobjectnn_transferring_features/cfgs/lr0.00062/ckpt-last.pth
2023-11-06 19:03:03,464 - fewshot_scanobjectnn_transferring_features - INFO - [Training] EPOCH: 23 EpochTime = 1.250 (s) Losses = ['0.2334', '96.8750'] lr = 0.000585
2023-11-06 19:03:04,651 - fewshot_scanobjectnn_transferring_features - INFO - [Validation] EPOCH: 23  acc = 63.0000
2023-11-06 19:03:06,573 - fewshot_scanobjectnn_transferring_features - INFO - Save checkpoint at ./experiments/fewshot_scanobjectnn_transferring_features/cfgs/lr0.00062/ckpt-last.pth
2023-11-06 19:03:08,001 - fewshot_scanobjectnn_transferring_features - INFO - [Training] EPOCH: 24 EpochTime = 1.424 (s) Losses = ['0.2374', '100.0000'] lr = 0.000582
2023-11-06 19:03:09,310 - fewshot_scanobjectnn_transferring_features - INFO - [Validation] EPOCH: 24  acc = 65.0000
2023-11-06 19:03:11,401 - fewshot_scanobjectnn_transferring_features - INFO - Save checkpoint at ./experiments/fewshot_scanobjectnn_transferring_features/cfgs/lr0.00062/ckpt-last.pth
2023-11-06 19:03:13,021 - fewshot_scanobjectnn_transferring_features - INFO - [Training] EPOCH: 25 EpochTime = 1.617 (s) Losses = ['0.1575', '100.0000'] lr = 0.000579
2023-11-06 19:03:14,330 - fewshot_scanobjectnn_transferring_features - INFO - [Validation] EPOCH: 25  acc = 67.0000
2023-11-06 19:03:16,334 - fewshot_scanobjectnn_transferring_features - INFO - Save checkpoint at ./experiments/fewshot_scanobjectnn_transferring_features/cfgs/lr0.00062/ckpt-best.pth
2023-11-06 19:03:16,335 - fewshot_scanobjectnn_transferring_features - INFO - --------------------------------------------------------------------------------------------
2023-11-06 19:03:19,262 - fewshot_scanobjectnn_transferring_features - INFO - Save checkpoint at ./experiments/fewshot_scanobjectnn_transferring_features/cfgs/lr0.00062/ckpt-last.pth
2023-11-06 19:03:21,327 - fewshot_scanobjectnn_transferring_features - INFO - [Training] EPOCH: 26 EpochTime = 2.061 (s) Losses = ['0.1599', '100.0000'] lr = 0.000575
2023-11-06 19:03:22,343 - fewshot_scanobjectnn_transferring_features - INFO - [Validation] EPOCH: 26  acc = 62.0000
2023-11-06 19:03:24,127 - fewshot_scanobjectnn_transferring_features - INFO - Save checkpoint at ./experiments/fewshot_scanobjectnn_transferring_features/cfgs/lr0.00062/ckpt-last.pth
2023-11-06 19:03:26,141 - fewshot_scanobjectnn_transferring_features - INFO - [Training] EPOCH: 27 EpochTime = 2.012 (s) Losses = ['0.1400', '100.0000'] lr = 0.000572
2023-11-06 19:03:27,051 - fewshot_scanobjectnn_transferring_features - INFO - [Validation] EPOCH: 27  acc = 67.0000
2023-11-06 19:03:28,870 - fewshot_scanobjectnn_transferring_features - INFO - Save checkpoint at ./experiments/fewshot_scanobjectnn_transferring_features/cfgs/lr0.00062/ckpt-last.pth
2023-11-06 19:03:30,909 - fewshot_scanobjectnn_transferring_features - INFO - [Training] EPOCH: 28 EpochTime = 2.036 (s) Losses = ['0.1400', '100.0000'] lr = 0.000568
2023-11-06 19:03:31,927 - fewshot_scanobjectnn_transferring_features - INFO - [Validation] EPOCH: 28  acc = 66.0000
2023-11-06 19:03:33,677 - fewshot_scanobjectnn_transferring_features - INFO - Save checkpoint at ./experiments/fewshot_scanobjectnn_transferring_features/cfgs/lr0.00062/ckpt-last.pth
2023-11-06 19:03:35,675 - fewshot_scanobjectnn_transferring_features - INFO - [Training] EPOCH: 29 EpochTime = 1.996 (s) Losses = ['0.1265', '100.0000'] lr = 0.000565
2023-11-06 19:03:36,615 - fewshot_scanobjectnn_transferring_features - INFO - [Validation] EPOCH: 29  acc = 66.0000
2023-11-06 19:03:38,313 - fewshot_scanobjectnn_transferring_features - INFO - Save checkpoint at ./experiments/fewshot_scanobjectnn_transferring_features/cfgs/lr0.00062/ckpt-last.pth
2023-11-06 19:03:40,215 - fewshot_scanobjectnn_transferring_features - INFO - [Training] EPOCH: 30 EpochTime = 1.896 (s) Losses = ['0.1235', '100.0000'] lr = 0.000561
2023-11-06 19:03:41,124 - fewshot_scanobjectnn_transferring_features - INFO - [Validation] EPOCH: 30  acc = 67.0000
2023-11-06 19:03:42,754 - fewshot_scanobjectnn_transferring_features - INFO - Save checkpoint at ./experiments/fewshot_scanobjectnn_transferring_features/cfgs/lr0.00062/ckpt-last.pth
2023-11-06 19:03:44,638 - fewshot_scanobjectnn_transferring_features - INFO - [Training] EPOCH: 31 EpochTime = 1.880 (s) Losses = ['0.0834', '100.0000'] lr = 0.000557
2023-11-06 19:03:45,607 - fewshot_scanobjectnn_transferring_features - INFO - [Validation] EPOCH: 31  acc = 70.0000
2023-11-06 19:03:47,499 - fewshot_scanobjectnn_transferring_features - INFO - Save checkpoint at ./experiments/fewshot_scanobjectnn_transferring_features/cfgs/lr0.00062/ckpt-best.pth
2023-11-06 19:03:47,500 - fewshot_scanobjectnn_transferring_features - INFO - --------------------------------------------------------------------------------------------
2023-11-06 19:03:49,259 - fewshot_scanobjectnn_transferring_features - INFO - Save checkpoint at ./experiments/fewshot_scanobjectnn_transferring_features/cfgs/lr0.00062/ckpt-last.pth
2023-11-06 19:03:50,591 - fewshot_scanobjectnn_transferring_features - INFO - [Training] EPOCH: 32 EpochTime = 1.328 (s) Losses = ['0.0829', '100.0000'] lr = 0.000553
2023-11-06 19:03:51,642 - fewshot_scanobjectnn_transferring_features - INFO - [Validation] EPOCH: 32  acc = 68.0000
2023-11-06 19:03:53,585 - fewshot_scanobjectnn_transferring_features - INFO - Save checkpoint at ./experiments/fewshot_scanobjectnn_transferring_features/cfgs/lr0.00062/ckpt-last.pth
2023-11-06 19:03:54,937 - fewshot_scanobjectnn_transferring_features - INFO - [Training] EPOCH: 33 EpochTime = 1.350 (s) Losses = ['0.1063', '100.0000'] lr = 0.000549
2023-11-06 19:03:56,081 - fewshot_scanobjectnn_transferring_features - INFO - [Validation] EPOCH: 33  acc = 65.0000
2023-11-06 19:03:57,904 - fewshot_scanobjectnn_transferring_features - INFO - Save checkpoint at ./experiments/fewshot_scanobjectnn_transferring_features/cfgs/lr0.00062/ckpt-last.pth
2023-11-06 19:03:59,351 - fewshot_scanobjectnn_transferring_features - INFO - [Training] EPOCH: 34 EpochTime = 1.446 (s) Losses = ['0.0971', '100.0000'] lr = 0.000545
2023-11-06 19:04:00,473 - fewshot_scanobjectnn_transferring_features - INFO - [Validation] EPOCH: 34  acc = 68.0000
2023-11-06 19:04:02,353 - fewshot_scanobjectnn_transferring_features - INFO - Save checkpoint at ./experiments/fewshot_scanobjectnn_transferring_features/cfgs/lr0.00062/ckpt-last.pth
2023-11-06 19:04:03,906 - fewshot_scanobjectnn_transferring_features - INFO - [Training] EPOCH: 35 EpochTime = 1.552 (s) Losses = ['0.0755', '100.0000'] lr = 0.000541
2023-11-06 19:04:04,967 - fewshot_scanobjectnn_transferring_features - INFO - [Validation] EPOCH: 35  acc = 67.0000
2023-11-06 19:04:07,065 - fewshot_scanobjectnn_transferring_features - INFO - Save checkpoint at ./experiments/fewshot_scanobjectnn_transferring_features/cfgs/lr0.00062/ckpt-last.pth
2023-11-06 19:04:08,497 - fewshot_scanobjectnn_transferring_features - INFO - [Training] EPOCH: 36 EpochTime = 1.428 (s) Losses = ['0.0774', '100.0000'] lr = 0.000536
2023-11-06 19:04:09,520 - fewshot_scanobjectnn_transferring_features - INFO - [Validation] EPOCH: 36  acc = 68.0000
2023-11-06 19:04:11,430 - fewshot_scanobjectnn_transferring_features - INFO - Save checkpoint at ./experiments/fewshot_scanobjectnn_transferring_features/cfgs/lr0.00062/ckpt-last.pth
2023-11-06 19:04:12,877 - fewshot_scanobjectnn_transferring_features - INFO - [Training] EPOCH: 37 EpochTime = 1.445 (s) Losses = ['0.0848', '100.0000'] lr = 0.000532
2023-11-06 19:04:14,371 - fewshot_scanobjectnn_transferring_features - INFO - [Validation] EPOCH: 37  acc = 69.0000
2023-11-06 19:04:17,094 - fewshot_scanobjectnn_transferring_features - INFO - Save checkpoint at ./experiments/fewshot_scanobjectnn_transferring_features/cfgs/lr0.00062/ckpt-last.pth
2023-11-06 19:04:18,292 - fewshot_scanobjectnn_transferring_features - INFO - [Training] EPOCH: 38 EpochTime = 1.196 (s) Losses = ['0.1180', '100.0000'] lr = 0.000527
2023-11-06 19:04:19,464 - fewshot_scanobjectnn_transferring_features - INFO - [Validation] EPOCH: 38  acc = 70.0000
2023-11-06 19:04:21,032 - fewshot_scanobjectnn_transferring_features - INFO - Save checkpoint at ./experiments/fewshot_scanobjectnn_transferring_features/cfgs/lr0.00062/ckpt-last.pth
2023-11-06 19:04:22,216 - fewshot_scanobjectnn_transferring_features - INFO - [Training] EPOCH: 39 EpochTime = 1.182 (s) Losses = ['0.0653', '100.0000'] lr = 0.000522
2023-11-06 19:04:23,269 - fewshot_scanobjectnn_transferring_features - INFO - [Validation] EPOCH: 39  acc = 69.0000
2023-11-06 19:04:25,010 - fewshot_scanobjectnn_transferring_features - INFO - Save checkpoint at ./experiments/fewshot_scanobjectnn_transferring_features/cfgs/lr0.00062/ckpt-last.pth
2023-11-06 19:04:26,429 - fewshot_scanobjectnn_transferring_features - INFO - [Training] EPOCH: 40 EpochTime = 1.417 (s) Losses = ['0.0720', '100.0000'] lr = 0.000518
2023-11-06 19:04:27,488 - fewshot_scanobjectnn_transferring_features - INFO - [Validation] EPOCH: 40  acc = 68.0000
2023-11-06 19:04:31,484 - fewshot_scanobjectnn_transferring_features - INFO - Save checkpoint at ./experiments/fewshot_scanobjectnn_transferring_features/cfgs/lr0.00062/ckpt-last.pth
2023-11-06 19:04:33,219 - fewshot_scanobjectnn_transferring_features - INFO - [Training] EPOCH: 41 EpochTime = 1.732 (s) Losses = ['0.0608', '100.0000'] lr = 0.000513
2023-11-06 19:04:34,284 - fewshot_scanobjectnn_transferring_features - INFO - [Validation] EPOCH: 41  acc = 68.0000
2023-11-06 19:04:36,699 - fewshot_scanobjectnn_transferring_features - INFO - Save checkpoint at ./experiments/fewshot_scanobjectnn_transferring_features/cfgs/lr0.00062/ckpt-last.pth
2023-11-06 19:04:38,397 - fewshot_scanobjectnn_transferring_features - INFO - [Training] EPOCH: 42 EpochTime = 1.697 (s) Losses = ['0.0441', '100.0000'] lr = 0.000508
2023-11-06 19:04:39,486 - fewshot_scanobjectnn_transferring_features - INFO - [Validation] EPOCH: 42  acc = 73.0000
2023-11-06 19:04:42,079 - fewshot_scanobjectnn_transferring_features - INFO - Save checkpoint at ./experiments/fewshot_scanobjectnn_transferring_features/cfgs/lr0.00062/ckpt-best.pth
2023-11-06 19:04:42,080 - fewshot_scanobjectnn_transferring_features - INFO - --------------------------------------------------------------------------------------------
2023-11-06 19:04:43,862 - fewshot_scanobjectnn_transferring_features - INFO - Save checkpoint at ./experiments/fewshot_scanobjectnn_transferring_features/cfgs/lr0.00062/ckpt-last.pth
2023-11-06 19:04:45,463 - fewshot_scanobjectnn_transferring_features - INFO - [Training] EPOCH: 43 EpochTime = 1.599 (s) Losses = ['0.0678', '100.0000'] lr = 0.000503
2023-11-06 19:04:46,433 - fewshot_scanobjectnn_transferring_features - INFO - [Validation] EPOCH: 43  acc = 72.0000
2023-11-06 19:04:48,596 - fewshot_scanobjectnn_transferring_features - INFO - Save checkpoint at ./experiments/fewshot_scanobjectnn_transferring_features/cfgs/lr0.00062/ckpt-last.pth
2023-11-06 19:04:50,515 - fewshot_scanobjectnn_transferring_features - INFO - [Training] EPOCH: 44 EpochTime = 1.916 (s) Losses = ['0.0538', '100.0000'] lr = 0.000498
2023-11-06 19:04:51,388 - fewshot_scanobjectnn_transferring_features - INFO - [Validation] EPOCH: 44  acc = 73.0000
2023-11-06 19:04:53,560 - fewshot_scanobjectnn_transferring_features - INFO - Save checkpoint at ./experiments/fewshot_scanobjectnn_transferring_features/cfgs/lr0.00062/ckpt-last.pth
2023-11-06 19:04:55,086 - fewshot_scanobjectnn_transferring_features - INFO - [Training] EPOCH: 45 EpochTime = 1.525 (s) Losses = ['0.0462', '100.0000'] lr = 0.000492
2023-11-06 19:04:56,090 - fewshot_scanobjectnn_transferring_features - INFO - [Validation] EPOCH: 45  acc = 72.0000
2023-11-06 19:04:58,128 - fewshot_scanobjectnn_transferring_features - INFO - Save checkpoint at ./experiments/fewshot_scanobjectnn_transferring_features/cfgs/lr0.00062/ckpt-last.pth
2023-11-06 19:04:59,403 - fewshot_scanobjectnn_transferring_features - INFO - [Training] EPOCH: 46 EpochTime = 1.271 (s) Losses = ['0.0454', '100.0000'] lr = 0.000487
2023-11-06 19:05:00,526 - fewshot_scanobjectnn_transferring_features - INFO - [Validation] EPOCH: 46  acc = 72.0000
2023-11-06 19:05:02,571 - fewshot_scanobjectnn_transferring_features - INFO - Save checkpoint at ./experiments/fewshot_scanobjectnn_transferring_features/cfgs/lr0.00062/ckpt-last.pth
2023-11-06 19:05:03,817 - fewshot_scanobjectnn_transferring_features - INFO - [Training] EPOCH: 47 EpochTime = 1.244 (s) Losses = ['0.0695', '100.0000'] lr = 0.000482
2023-11-06 19:05:04,788 - fewshot_scanobjectnn_transferring_features - INFO - [Validation] EPOCH: 47  acc = 74.0000
2023-11-06 19:05:06,898 - fewshot_scanobjectnn_transferring_features - INFO - Save checkpoint at ./experiments/fewshot_scanobjectnn_transferring_features/cfgs/lr0.00062/ckpt-best.pth
2023-11-06 19:05:06,898 - fewshot_scanobjectnn_transferring_features - INFO - --------------------------------------------------------------------------------------------
2023-11-06 19:05:10,259 - fewshot_scanobjectnn_transferring_features - INFO - Save checkpoint at ./experiments/fewshot_scanobjectnn_transferring_features/cfgs/lr0.00062/ckpt-last.pth
2023-11-06 19:05:12,080 - fewshot_scanobjectnn_transferring_features - INFO - [Training] EPOCH: 48 EpochTime = 1.820 (s) Losses = ['0.0385', '100.0000'] lr = 0.000476
2023-11-06 19:05:13,110 - fewshot_scanobjectnn_transferring_features - INFO - [Validation] EPOCH: 48  acc = 74.0000
2023-11-06 19:05:14,815 - fewshot_scanobjectnn_transferring_features - INFO - Save checkpoint at ./experiments/fewshot_scanobjectnn_transferring_features/cfgs/lr0.00062/ckpt-last.pth
2023-11-06 19:05:16,395 - fewshot_scanobjectnn_transferring_features - INFO - [Training] EPOCH: 49 EpochTime = 1.577 (s) Losses = ['0.0503', '100.0000'] lr = 0.000471
2023-11-06 19:05:17,414 - fewshot_scanobjectnn_transferring_features - INFO - [Validation] EPOCH: 49  acc = 73.0000
2023-11-06 19:05:19,461 - fewshot_scanobjectnn_transferring_features - INFO - Save checkpoint at ./experiments/fewshot_scanobjectnn_transferring_features/cfgs/lr0.00062/ckpt-last.pth
2023-11-06 19:05:21,606 - fewshot_scanobjectnn_transferring_features - INFO - [Training] EPOCH: 50 EpochTime = 2.143 (s) Losses = ['0.0737', '100.0000'] lr = 0.000465
2023-11-06 19:05:22,606 - fewshot_scanobjectnn_transferring_features - INFO - [Validation] EPOCH: 50  acc = 74.0000
2023-11-06 19:05:24,537 - fewshot_scanobjectnn_transferring_features - INFO - Save checkpoint at ./experiments/fewshot_scanobjectnn_transferring_features/cfgs/lr0.00062/ckpt-last.pth
2023-11-06 19:05:26,399 - fewshot_scanobjectnn_transferring_features - INFO - [Training] EPOCH: 51 EpochTime = 1.860 (s) Losses = ['0.0524', '100.0000'] lr = 0.000460
2023-11-06 19:05:27,316 - fewshot_scanobjectnn_transferring_features - INFO - [Validation] EPOCH: 51  acc = 74.0000
2023-11-06 19:05:29,413 - fewshot_scanobjectnn_transferring_features - INFO - Save checkpoint at ./experiments/fewshot_scanobjectnn_transferring_features/cfgs/lr0.00062/ckpt-last.pth
2023-11-06 19:05:31,000 - fewshot_scanobjectnn_transferring_features - INFO - [Training] EPOCH: 52 EpochTime = 1.585 (s) Losses = ['0.0380', '100.0000'] lr = 0.000454
2023-11-06 19:05:31,939 - fewshot_scanobjectnn_transferring_features - INFO - [Validation] EPOCH: 52  acc = 73.0000
2023-11-06 19:05:33,942 - fewshot_scanobjectnn_transferring_features - INFO - Save checkpoint at ./experiments/fewshot_scanobjectnn_transferring_features/cfgs/lr0.00062/ckpt-last.pth
2023-11-06 19:05:35,295 - fewshot_scanobjectnn_transferring_features - INFO - [Training] EPOCH: 53 EpochTime = 1.350 (s) Losses = ['0.0530', '100.0000'] lr = 0.000448
2023-11-06 19:05:36,228 - fewshot_scanobjectnn_transferring_features - INFO - [Validation] EPOCH: 53  acc = 73.0000
2023-11-06 19:05:38,330 - fewshot_scanobjectnn_transferring_features - INFO - Save checkpoint at ./experiments/fewshot_scanobjectnn_transferring_features/cfgs/lr0.00062/ckpt-last.pth
2023-11-06 19:05:39,598 - fewshot_scanobjectnn_transferring_features - INFO - [Training] EPOCH: 54 EpochTime = 1.266 (s) Losses = ['0.0510', '100.0000'] lr = 0.000442
2023-11-06 19:05:40,527 - fewshot_scanobjectnn_transferring_features - INFO - [Validation] EPOCH: 54  acc = 73.0000
2023-11-06 19:05:42,168 - fewshot_scanobjectnn_transferring_features - INFO - Save checkpoint at ./experiments/fewshot_scanobjectnn_transferring_features/cfgs/lr0.00062/ckpt-last.pth
2023-11-06 19:05:43,745 - fewshot_scanobjectnn_transferring_features - INFO - [Training] EPOCH: 55 EpochTime = 1.574 (s) Losses = ['0.0369', '100.0000'] lr = 0.000436
2023-11-06 19:05:44,600 - fewshot_scanobjectnn_transferring_features - INFO - [Validation] EPOCH: 55  acc = 73.0000
2023-11-06 19:05:46,661 - fewshot_scanobjectnn_transferring_features - INFO - Save checkpoint at ./experiments/fewshot_scanobjectnn_transferring_features/cfgs/lr0.00062/ckpt-last.pth
2023-11-06 19:05:48,154 - fewshot_scanobjectnn_transferring_features - INFO - [Training] EPOCH: 56 EpochTime = 1.490 (s) Losses = ['0.0390', '100.0000'] lr = 0.000430
2023-11-06 19:05:49,227 - fewshot_scanobjectnn_transferring_features - INFO - [Validation] EPOCH: 56  acc = 74.0000
2023-11-06 19:05:50,884 - fewshot_scanobjectnn_transferring_features - INFO - Save checkpoint at ./experiments/fewshot_scanobjectnn_transferring_features/cfgs/lr0.00062/ckpt-last.pth
2023-11-06 19:05:52,091 - fewshot_scanobjectnn_transferring_features - INFO - [Training] EPOCH: 57 EpochTime = 1.204 (s) Losses = ['0.0436', '100.0000'] lr = 0.000424
2023-11-06 19:05:53,157 - fewshot_scanobjectnn_transferring_features - INFO - [Validation] EPOCH: 57  acc = 71.0000
2023-11-06 19:05:54,809 - fewshot_scanobjectnn_transferring_features - INFO - Save checkpoint at ./experiments/fewshot_scanobjectnn_transferring_features/cfgs/lr0.00062/ckpt-last.pth
2023-11-06 19:05:55,969 - fewshot_scanobjectnn_transferring_features - INFO - [Training] EPOCH: 58 EpochTime = 1.157 (s) Losses = ['0.0392', '100.0000'] lr = 0.000418
2023-11-06 19:05:56,910 - fewshot_scanobjectnn_transferring_features - INFO - [Validation] EPOCH: 58  acc = 70.0000
2023-11-06 19:05:58,575 - fewshot_scanobjectnn_transferring_features - INFO - Save checkpoint at ./experiments/fewshot_scanobjectnn_transferring_features/cfgs/lr0.00062/ckpt-last.pth
2023-11-06 19:05:59,910 - fewshot_scanobjectnn_transferring_features - INFO - [Training] EPOCH: 59 EpochTime = 1.334 (s) Losses = ['0.0358', '100.0000'] lr = 0.000412
2023-11-06 19:06:00,876 - fewshot_scanobjectnn_transferring_features - INFO - [Validation] EPOCH: 59  acc = 71.0000
2023-11-06 19:06:03,011 - fewshot_scanobjectnn_transferring_features - INFO - Save checkpoint at ./experiments/fewshot_scanobjectnn_transferring_features/cfgs/lr0.00062/ckpt-last.pth
2023-11-06 19:06:04,172 - fewshot_scanobjectnn_transferring_features - INFO - [Training] EPOCH: 60 EpochTime = 1.159 (s) Losses = ['0.0293', '100.0000'] lr = 0.000406
2023-11-06 19:06:05,121 - fewshot_scanobjectnn_transferring_features - INFO - [Validation] EPOCH: 60  acc = 73.0000
2023-11-06 19:06:07,101 - fewshot_scanobjectnn_transferring_features - INFO - Save checkpoint at ./experiments/fewshot_scanobjectnn_transferring_features/cfgs/lr0.00062/ckpt-last.pth
2023-11-06 19:06:08,360 - fewshot_scanobjectnn_transferring_features - INFO - [Training] EPOCH: 61 EpochTime = 1.257 (s) Losses = ['0.0339', '100.0000'] lr = 0.000400
2023-11-06 19:06:09,600 - fewshot_scanobjectnn_transferring_features - INFO - [Validation] EPOCH: 61  acc = 73.0000
2023-11-06 19:06:11,239 - fewshot_scanobjectnn_transferring_features - INFO - Save checkpoint at ./experiments/fewshot_scanobjectnn_transferring_features/cfgs/lr0.00062/ckpt-last.pth
2023-11-06 19:06:12,602 - fewshot_scanobjectnn_transferring_features - INFO - [Training] EPOCH: 62 EpochTime = 1.360 (s) Losses = ['0.0337', '100.0000'] lr = 0.000394
2023-11-06 19:06:13,727 - fewshot_scanobjectnn_transferring_features - INFO - [Validation] EPOCH: 62  acc = 73.0000
2023-11-06 19:06:15,344 - fewshot_scanobjectnn_transferring_features - INFO - Save checkpoint at ./experiments/fewshot_scanobjectnn_transferring_features/cfgs/lr0.00062/ckpt-last.pth
2023-11-06 19:06:16,652 - fewshot_scanobjectnn_transferring_features - INFO - [Training] EPOCH: 63 EpochTime = 1.306 (s) Losses = ['0.0425', '100.0000'] lr = 0.000387
2023-11-06 19:06:17,828 - fewshot_scanobjectnn_transferring_features - INFO - [Validation] EPOCH: 63  acc = 72.0000
2023-11-06 19:06:19,468 - fewshot_scanobjectnn_transferring_features - INFO - Save checkpoint at ./experiments/fewshot_scanobjectnn_transferring_features/cfgs/lr0.00062/ckpt-last.pth
2023-11-06 19:06:20,890 - fewshot_scanobjectnn_transferring_features - INFO - [Training] EPOCH: 64 EpochTime = 1.420 (s) Losses = ['0.0295', '100.0000'] lr = 0.000381
2023-11-06 19:06:22,177 - fewshot_scanobjectnn_transferring_features - INFO - [Validation] EPOCH: 64  acc = 70.0000
2023-11-06 19:06:24,752 - fewshot_scanobjectnn_transferring_features - INFO - Save checkpoint at ./experiments/fewshot_scanobjectnn_transferring_features/cfgs/lr0.00062/ckpt-last.pth
2023-11-06 19:06:26,478 - fewshot_scanobjectnn_transferring_features - INFO - [Training] EPOCH: 65 EpochTime = 1.724 (s) Losses = ['0.0644', '98.9583'] lr = 0.000375
2023-11-06 19:06:27,573 - fewshot_scanobjectnn_transferring_features - INFO - [Validation] EPOCH: 65  acc = 68.0000
2023-11-06 19:06:29,623 - fewshot_scanobjectnn_transferring_features - INFO - Save checkpoint at ./experiments/fewshot_scanobjectnn_transferring_features/cfgs/lr0.00062/ckpt-last.pth
2023-11-06 19:06:31,245 - fewshot_scanobjectnn_transferring_features - INFO - [Training] EPOCH: 66 EpochTime = 1.621 (s) Losses = ['0.0284', '100.0000'] lr = 0.000368
2023-11-06 19:06:32,249 - fewshot_scanobjectnn_transferring_features - INFO - [Validation] EPOCH: 66  acc = 50.0000
2023-11-06 19:06:34,879 - fewshot_scanobjectnn_transferring_features - INFO - Save checkpoint at ./experiments/fewshot_scanobjectnn_transferring_features/cfgs/lr0.00062/ckpt-last.pth
2023-11-06 19:06:36,549 - fewshot_scanobjectnn_transferring_features - INFO - [Training] EPOCH: 67 EpochTime = 1.667 (s) Losses = ['0.0869', '97.9167'] lr = 0.000362
2023-11-06 19:06:37,918 - fewshot_scanobjectnn_transferring_features - INFO - [Validation] EPOCH: 67  acc = 59.0000
2023-11-06 19:06:39,917 - fewshot_scanobjectnn_transferring_features - INFO - Save checkpoint at ./experiments/fewshot_scanobjectnn_transferring_features/cfgs/lr0.00062/ckpt-last.pth
2023-11-06 19:06:41,378 - fewshot_scanobjectnn_transferring_features - INFO - [Training] EPOCH: 68 EpochTime = 1.459 (s) Losses = ['0.0399', '98.9583'] lr = 0.000356
2023-11-06 19:06:42,362 - fewshot_scanobjectnn_transferring_features - INFO - [Validation] EPOCH: 68  acc = 68.0000
2023-11-06 19:06:44,021 - fewshot_scanobjectnn_transferring_features - INFO - Save checkpoint at ./experiments/fewshot_scanobjectnn_transferring_features/cfgs/lr0.00062/ckpt-last.pth
2023-11-06 19:06:45,726 - fewshot_scanobjectnn_transferring_features - INFO - [Training] EPOCH: 69 EpochTime = 1.703 (s) Losses = ['0.0324', '100.0000'] lr = 0.000349
2023-11-06 19:06:46,693 - fewshot_scanobjectnn_transferring_features - INFO - [Validation] EPOCH: 69  acc = 62.0000
2023-11-06 19:06:48,484 - fewshot_scanobjectnn_transferring_features - INFO - Save checkpoint at ./experiments/fewshot_scanobjectnn_transferring_features/cfgs/lr0.00062/ckpt-last.pth
2023-11-06 19:06:50,444 - fewshot_scanobjectnn_transferring_features - INFO - [Training] EPOCH: 70 EpochTime = 1.958 (s) Losses = ['0.0526', '98.9583'] lr = 0.000343
2023-11-06 19:06:51,392 - fewshot_scanobjectnn_transferring_features - INFO - [Validation] EPOCH: 70  acc = 62.0000
2023-11-06 19:06:52,957 - fewshot_scanobjectnn_transferring_features - INFO - Save checkpoint at ./experiments/fewshot_scanobjectnn_transferring_features/cfgs/lr0.00062/ckpt-last.pth
2023-11-06 19:06:54,505 - fewshot_scanobjectnn_transferring_features - INFO - [Training] EPOCH: 71 EpochTime = 1.545 (s) Losses = ['0.0467', '100.0000'] lr = 0.000336
2023-11-06 19:06:55,684 - fewshot_scanobjectnn_transferring_features - INFO - [Validation] EPOCH: 71  acc = 69.0000
2023-11-06 19:06:57,342 - fewshot_scanobjectnn_transferring_features - INFO - Save checkpoint at ./experiments/fewshot_scanobjectnn_transferring_features/cfgs/lr0.00062/ckpt-last.pth
2023-11-06 19:06:58,708 - fewshot_scanobjectnn_transferring_features - INFO - [Training] EPOCH: 72 EpochTime = 1.364 (s) Losses = ['0.0350', '100.0000'] lr = 0.000330
2023-11-06 19:06:59,976 - fewshot_scanobjectnn_transferring_features - INFO - [Validation] EPOCH: 72  acc = 67.0000
2023-11-06 19:07:01,496 - fewshot_scanobjectnn_transferring_features - INFO - Save checkpoint at ./experiments/fewshot_scanobjectnn_transferring_features/cfgs/lr0.00062/ckpt-last.pth
2023-11-06 19:07:02,852 - fewshot_scanobjectnn_transferring_features - INFO - [Training] EPOCH: 73 EpochTime = 1.354 (s) Losses = ['0.0330', '100.0000'] lr = 0.000323
2023-11-06 19:07:04,372 - fewshot_scanobjectnn_transferring_features - INFO - [Validation] EPOCH: 73  acc = 68.0000
2023-11-06 19:07:06,542 - fewshot_scanobjectnn_transferring_features - INFO - Save checkpoint at ./experiments/fewshot_scanobjectnn_transferring_features/cfgs/lr0.00062/ckpt-last.pth
2023-11-06 19:07:08,240 - fewshot_scanobjectnn_transferring_features - INFO - [Training] EPOCH: 74 EpochTime = 1.695 (s) Losses = ['0.0342', '100.0000'] lr = 0.000317
2023-11-06 19:07:09,710 - fewshot_scanobjectnn_transferring_features - INFO - [Validation] EPOCH: 74  acc = 71.0000
2023-11-06 19:07:12,358 - fewshot_scanobjectnn_transferring_features - INFO - Save checkpoint at ./experiments/fewshot_scanobjectnn_transferring_features/cfgs/lr0.00062/ckpt-last.pth
2023-11-06 19:07:13,783 - fewshot_scanobjectnn_transferring_features - INFO - [Training] EPOCH: 75 EpochTime = 1.423 (s) Losses = ['0.0256', '100.0000'] lr = 0.000311
2023-11-06 19:07:14,731 - fewshot_scanobjectnn_transferring_features - INFO - [Validation] EPOCH: 75  acc = 72.0000
2023-11-06 19:07:16,861 - fewshot_scanobjectnn_transferring_features - INFO - Save checkpoint at ./experiments/fewshot_scanobjectnn_transferring_features/cfgs/lr0.00062/ckpt-last.pth
2023-11-06 19:07:18,692 - fewshot_scanobjectnn_transferring_features - INFO - [Training] EPOCH: 76 EpochTime = 1.828 (s) Losses = ['0.0251', '100.0000'] lr = 0.000304
2023-11-06 19:07:19,677 - fewshot_scanobjectnn_transferring_features - INFO - [Validation] EPOCH: 76  acc = 73.0000
2023-11-06 19:07:21,577 - fewshot_scanobjectnn_transferring_features - INFO - Save checkpoint at ./experiments/fewshot_scanobjectnn_transferring_features/cfgs/lr0.00062/ckpt-last.pth
2023-11-06 19:07:22,947 - fewshot_scanobjectnn_transferring_features - INFO - [Training] EPOCH: 77 EpochTime = 1.367 (s) Losses = ['0.0214', '100.0000'] lr = 0.000298
2023-11-06 19:07:24,192 - fewshot_scanobjectnn_transferring_features - INFO - [Validation] EPOCH: 77  acc = 73.0000
2023-11-06 19:07:26,180 - fewshot_scanobjectnn_transferring_features - INFO - Save checkpoint at ./experiments/fewshot_scanobjectnn_transferring_features/cfgs/lr0.00062/ckpt-last.pth
2023-11-06 19:07:27,411 - fewshot_scanobjectnn_transferring_features - INFO - [Training] EPOCH: 78 EpochTime = 1.229 (s) Losses = ['0.0326', '100.0000'] lr = 0.000291
2023-11-06 19:07:28,762 - fewshot_scanobjectnn_transferring_features - INFO - [Validation] EPOCH: 78  acc = 73.0000
2023-11-06 19:07:30,772 - fewshot_scanobjectnn_transferring_features - INFO - Save checkpoint at ./experiments/fewshot_scanobjectnn_transferring_features/cfgs/lr0.00062/ckpt-last.pth
2023-11-06 19:07:32,055 - fewshot_scanobjectnn_transferring_features - INFO - [Training] EPOCH: 79 EpochTime = 1.281 (s) Losses = ['0.0304', '100.0000'] lr = 0.000285
2023-11-06 19:07:33,255 - fewshot_scanobjectnn_transferring_features - INFO - [Validation] EPOCH: 79  acc = 74.0000
2023-11-06 19:07:34,985 - fewshot_scanobjectnn_transferring_features - INFO - Save checkpoint at ./experiments/fewshot_scanobjectnn_transferring_features/cfgs/lr0.00062/ckpt-last.pth
2023-11-06 19:07:36,328 - fewshot_scanobjectnn_transferring_features - INFO - [Training] EPOCH: 80 EpochTime = 1.339 (s) Losses = ['0.0267', '100.0000'] lr = 0.000278
2023-11-06 19:07:37,545 - fewshot_scanobjectnn_transferring_features - INFO - [Validation] EPOCH: 80  acc = 73.0000
2023-11-06 19:07:39,672 - fewshot_scanobjectnn_transferring_features - INFO - Save checkpoint at ./experiments/fewshot_scanobjectnn_transferring_features/cfgs/lr0.00062/ckpt-last.pth
2023-11-06 19:07:41,051 - fewshot_scanobjectnn_transferring_features - INFO - [Training] EPOCH: 81 EpochTime = 1.377 (s) Losses = ['0.0285', '100.0000'] lr = 0.000272
2023-11-06 19:07:42,345 - fewshot_scanobjectnn_transferring_features - INFO - [Validation] EPOCH: 81  acc = 72.0000
2023-11-06 19:07:44,253 - fewshot_scanobjectnn_transferring_features - INFO - Save checkpoint at ./experiments/fewshot_scanobjectnn_transferring_features/cfgs/lr0.00062/ckpt-last.pth
2023-11-06 19:07:45,493 - fewshot_scanobjectnn_transferring_features - INFO - [Training] EPOCH: 82 EpochTime = 1.239 (s) Losses = ['0.0245', '100.0000'] lr = 0.000265
2023-11-06 19:07:46,719 - fewshot_scanobjectnn_transferring_features - INFO - [Validation] EPOCH: 82  acc = 72.0000
2023-11-06 19:07:48,431 - fewshot_scanobjectnn_transferring_features - INFO - Save checkpoint at ./experiments/fewshot_scanobjectnn_transferring_features/cfgs/lr0.00062/ckpt-last.pth
2023-11-06 19:07:49,996 - fewshot_scanobjectnn_transferring_features - INFO - [Training] EPOCH: 83 EpochTime = 1.563 (s) Losses = ['0.0239', '100.0000'] lr = 0.000259
2023-11-06 19:07:51,109 - fewshot_scanobjectnn_transferring_features - INFO - [Validation] EPOCH: 83  acc = 71.0000
2023-11-06 19:07:53,430 - fewshot_scanobjectnn_transferring_features - INFO - Save checkpoint at ./experiments/fewshot_scanobjectnn_transferring_features/cfgs/lr0.00062/ckpt-last.pth
2023-11-06 19:07:55,293 - fewshot_scanobjectnn_transferring_features - INFO - [Training] EPOCH: 84 EpochTime = 1.862 (s) Losses = ['0.0259', '100.0000'] lr = 0.000253
2023-11-06 19:07:56,259 - fewshot_scanobjectnn_transferring_features - INFO - [Validation] EPOCH: 84  acc = 72.0000
2023-11-06 19:07:58,130 - fewshot_scanobjectnn_transferring_features - INFO - Save checkpoint at ./experiments/fewshot_scanobjectnn_transferring_features/cfgs/lr0.00062/ckpt-last.pth
2023-11-06 19:08:00,154 - fewshot_scanobjectnn_transferring_features - INFO - [Training] EPOCH: 85 EpochTime = 2.021 (s) Losses = ['0.0293', '100.0000'] lr = 0.000246
2023-11-06 19:08:01,311 - fewshot_scanobjectnn_transferring_features - INFO - [Validation] EPOCH: 85  acc = 72.0000
2023-11-06 19:08:04,009 - fewshot_scanobjectnn_transferring_features - INFO - Save checkpoint at ./experiments/fewshot_scanobjectnn_transferring_features/cfgs/lr0.00062/ckpt-last.pth
2023-11-06 19:08:05,472 - fewshot_scanobjectnn_transferring_features - INFO - [Training] EPOCH: 86 EpochTime = 1.462 (s) Losses = ['0.0263', '100.0000'] lr = 0.000240
2023-11-06 19:08:06,650 - fewshot_scanobjectnn_transferring_features - INFO - [Validation] EPOCH: 86  acc = 72.0000
2023-11-06 19:08:08,825 - fewshot_scanobjectnn_transferring_features - INFO - Save checkpoint at ./experiments/fewshot_scanobjectnn_transferring_features/cfgs/lr0.00062/ckpt-last.pth
2023-11-06 19:08:10,357 - fewshot_scanobjectnn_transferring_features - INFO - [Training] EPOCH: 87 EpochTime = 1.529 (s) Losses = ['0.0276', '100.0000'] lr = 0.000234
2023-11-06 19:08:11,361 - fewshot_scanobjectnn_transferring_features - INFO - [Validation] EPOCH: 87  acc = 72.0000
2023-11-06 19:08:14,543 - fewshot_scanobjectnn_transferring_features - INFO - Save checkpoint at ./experiments/fewshot_scanobjectnn_transferring_features/cfgs/lr0.00062/ckpt-last.pth
2023-11-06 19:08:15,783 - fewshot_scanobjectnn_transferring_features - INFO - [Training] EPOCH: 88 EpochTime = 1.237 (s) Losses = ['0.0237', '100.0000'] lr = 0.000227
2023-11-06 19:08:17,058 - fewshot_scanobjectnn_transferring_features - INFO - [Validation] EPOCH: 88  acc = 73.0000
2023-11-06 19:08:18,860 - fewshot_scanobjectnn_transferring_features - INFO - Save checkpoint at ./experiments/fewshot_scanobjectnn_transferring_features/cfgs/lr0.00062/ckpt-last.pth
2023-11-06 19:08:20,175 - fewshot_scanobjectnn_transferring_features - INFO - [Training] EPOCH: 89 EpochTime = 1.313 (s) Losses = ['0.0264', '100.0000'] lr = 0.000221
2023-11-06 19:08:21,399 - fewshot_scanobjectnn_transferring_features - INFO - [Validation] EPOCH: 89  acc = 73.0000
2023-11-06 19:08:22,914 - fewshot_scanobjectnn_transferring_features - INFO - Save checkpoint at ./experiments/fewshot_scanobjectnn_transferring_features/cfgs/lr0.00062/ckpt-last.pth
2023-11-06 19:08:24,160 - fewshot_scanobjectnn_transferring_features - INFO - [Training] EPOCH: 90 EpochTime = 1.244 (s) Losses = ['0.0166', '100.0000'] lr = 0.000215
2023-11-06 19:08:25,322 - fewshot_scanobjectnn_transferring_features - INFO - [Validation] EPOCH: 90  acc = 73.0000
2023-11-06 19:08:27,030 - fewshot_scanobjectnn_transferring_features - INFO - Save checkpoint at ./experiments/fewshot_scanobjectnn_transferring_features/cfgs/lr0.00062/ckpt-last.pth
2023-11-06 19:08:28,351 - fewshot_scanobjectnn_transferring_features - INFO - [Training] EPOCH: 91 EpochTime = 1.318 (s) Losses = ['0.0476', '100.0000'] lr = 0.000209
2023-11-06 19:08:29,534 - fewshot_scanobjectnn_transferring_features - INFO - [Validation] EPOCH: 91  acc = 73.0000
2023-11-06 19:08:31,214 - fewshot_scanobjectnn_transferring_features - INFO - Save checkpoint at ./experiments/fewshot_scanobjectnn_transferring_features/cfgs/lr0.00062/ckpt-last.pth
2023-11-06 19:08:32,514 - fewshot_scanobjectnn_transferring_features - INFO - [Training] EPOCH: 92 EpochTime = 1.298 (s) Losses = ['0.0271', '100.0000'] lr = 0.000203
2023-11-06 19:08:33,748 - fewshot_scanobjectnn_transferring_features - INFO - [Validation] EPOCH: 92  acc = 73.0000
2023-11-06 19:08:35,567 - fewshot_scanobjectnn_transferring_features - INFO - Save checkpoint at ./experiments/fewshot_scanobjectnn_transferring_features/cfgs/lr0.00062/ckpt-last.pth
2023-11-06 19:08:36,832 - fewshot_scanobjectnn_transferring_features - INFO - [Training] EPOCH: 93 EpochTime = 1.262 (s) Losses = ['0.0222', '100.0000'] lr = 0.000197
2023-11-06 19:08:38,038 - fewshot_scanobjectnn_transferring_features - INFO - [Validation] EPOCH: 93  acc = 74.0000
2023-11-06 19:08:39,958 - fewshot_scanobjectnn_transferring_features - INFO - Save checkpoint at ./experiments/fewshot_scanobjectnn_transferring_features/cfgs/lr0.00062/ckpt-last.pth
2023-11-06 19:08:41,200 - fewshot_scanobjectnn_transferring_features - INFO - [Training] EPOCH: 94 EpochTime = 1.240 (s) Losses = ['0.0231', '100.0000'] lr = 0.000191
2023-11-06 19:08:42,429 - fewshot_scanobjectnn_transferring_features - INFO - [Validation] EPOCH: 94  acc = 74.0000
2023-11-06 19:08:44,172 - fewshot_scanobjectnn_transferring_features - INFO - Save checkpoint at ./experiments/fewshot_scanobjectnn_transferring_features/cfgs/lr0.00062/ckpt-last.pth
2023-11-06 19:08:45,387 - fewshot_scanobjectnn_transferring_features - INFO - [Training] EPOCH: 95 EpochTime = 1.214 (s) Losses = ['0.0164', '100.0000'] lr = 0.000185
2023-11-06 19:08:46,633 - fewshot_scanobjectnn_transferring_features - INFO - [Validation] EPOCH: 95  acc = 74.0000
2023-11-06 19:08:48,670 - fewshot_scanobjectnn_transferring_features - INFO - Save checkpoint at ./experiments/fewshot_scanobjectnn_transferring_features/cfgs/lr0.00062/ckpt-last.pth
2023-11-06 19:08:49,922 - fewshot_scanobjectnn_transferring_features - INFO - [Training] EPOCH: 96 EpochTime = 1.250 (s) Losses = ['0.0377', '100.0000'] lr = 0.000179
2023-11-06 19:08:51,165 - fewshot_scanobjectnn_transferring_features - INFO - [Validation] EPOCH: 96  acc = 74.0000
2023-11-06 19:08:52,827 - fewshot_scanobjectnn_transferring_features - INFO - Save checkpoint at ./experiments/fewshot_scanobjectnn_transferring_features/cfgs/lr0.00062/ckpt-last.pth
2023-11-06 19:08:54,066 - fewshot_scanobjectnn_transferring_features - INFO - [Training] EPOCH: 97 EpochTime = 1.237 (s) Losses = ['0.0167', '100.0000'] lr = 0.000173
2023-11-06 19:08:55,226 - fewshot_scanobjectnn_transferring_features - INFO - [Validation] EPOCH: 97  acc = 73.0000
2023-11-06 19:08:56,854 - fewshot_scanobjectnn_transferring_features - INFO - Save checkpoint at ./experiments/fewshot_scanobjectnn_transferring_features/cfgs/lr0.00062/ckpt-last.pth
2023-11-06 19:08:58,184 - fewshot_scanobjectnn_transferring_features - INFO - [Training] EPOCH: 98 EpochTime = 1.328 (s) Losses = ['0.0251', '100.0000'] lr = 0.000167
2023-11-06 19:08:59,412 - fewshot_scanobjectnn_transferring_features - INFO - [Validation] EPOCH: 98  acc = 73.0000
2023-11-06 19:09:01,179 - fewshot_scanobjectnn_transferring_features - INFO - Save checkpoint at ./experiments/fewshot_scanobjectnn_transferring_features/cfgs/lr0.00062/ckpt-last.pth
2023-11-06 19:09:02,519 - fewshot_scanobjectnn_transferring_features - INFO - [Training] EPOCH: 99 EpochTime = 1.338 (s) Losses = ['0.0195', '100.0000'] lr = 0.000161
2023-11-06 19:09:03,715 - fewshot_scanobjectnn_transferring_features - INFO - [Validation] EPOCH: 99  acc = 73.0000
2023-11-06 19:09:05,837 - fewshot_scanobjectnn_transferring_features - INFO - Save checkpoint at ./experiments/fewshot_scanobjectnn_transferring_features/cfgs/lr0.00062/ckpt-last.pth
2023-11-06 19:09:07,090 - fewshot_scanobjectnn_transferring_features - INFO - [Training] EPOCH: 100 EpochTime = 1.250 (s) Losses = ['0.0305', '100.0000'] lr = 0.000156
2023-11-06 19:09:08,395 - fewshot_scanobjectnn_transferring_features - INFO - [Validation] EPOCH: 100  acc = 73.0000
2023-11-06 19:09:12,231 - fewshot_scanobjectnn_transferring_features - INFO - Save checkpoint at ./experiments/fewshot_scanobjectnn_transferring_features/cfgs/lr0.00062/ckpt-last.pth
2023-11-06 19:09:13,778 - fewshot_scanobjectnn_transferring_features - INFO - [Training] EPOCH: 101 EpochTime = 1.544 (s) Losses = ['0.0237', '100.0000'] lr = 0.000150
2023-11-06 19:09:14,898 - fewshot_scanobjectnn_transferring_features - INFO - [Validation] EPOCH: 101  acc = 73.0000
2023-11-06 19:09:16,506 - fewshot_scanobjectnn_transferring_features - INFO - Save checkpoint at ./experiments/fewshot_scanobjectnn_transferring_features/cfgs/lr0.00062/ckpt-last.pth
2023-11-06 19:09:17,874 - fewshot_scanobjectnn_transferring_features - INFO - [Training] EPOCH: 102 EpochTime = 1.367 (s) Losses = ['0.0369', '100.0000'] lr = 0.000145
2023-11-06 19:09:18,821 - fewshot_scanobjectnn_transferring_features - INFO - [Validation] EPOCH: 102  acc = 73.0000
2023-11-06 19:09:20,747 - fewshot_scanobjectnn_transferring_features - INFO - Save checkpoint at ./experiments/fewshot_scanobjectnn_transferring_features/cfgs/lr0.00062/ckpt-last.pth
2023-11-06 19:09:22,716 - fewshot_scanobjectnn_transferring_features - INFO - [Training] EPOCH: 103 EpochTime = 1.967 (s) Losses = ['0.0168', '100.0000'] lr = 0.000139
2023-11-06 19:09:23,686 - fewshot_scanobjectnn_transferring_features - INFO - [Validation] EPOCH: 103  acc = 73.0000
2023-11-06 19:09:25,595 - fewshot_scanobjectnn_transferring_features - INFO - Save checkpoint at ./experiments/fewshot_scanobjectnn_transferring_features/cfgs/lr0.00062/ckpt-last.pth
2023-11-06 19:09:27,630 - fewshot_scanobjectnn_transferring_features - INFO - [Training] EPOCH: 104 EpochTime = 2.033 (s) Losses = ['0.0208', '100.0000'] lr = 0.000134
2023-11-06 19:09:28,535 - fewshot_scanobjectnn_transferring_features - INFO - [Validation] EPOCH: 104  acc = 73.0000
2023-11-06 19:09:30,186 - fewshot_scanobjectnn_transferring_features - INFO - Save checkpoint at ./experiments/fewshot_scanobjectnn_transferring_features/cfgs/lr0.00062/ckpt-last.pth
2023-11-06 19:09:32,096 - fewshot_scanobjectnn_transferring_features - INFO - [Training] EPOCH: 105 EpochTime = 1.909 (s) Losses = ['0.0341', '100.0000'] lr = 0.000129
2023-11-06 19:09:33,173 - fewshot_scanobjectnn_transferring_features - INFO - [Validation] EPOCH: 105  acc = 73.0000
2023-11-06 19:09:35,085 - fewshot_scanobjectnn_transferring_features - INFO - Save checkpoint at ./experiments/fewshot_scanobjectnn_transferring_features/cfgs/lr0.00062/ckpt-last.pth
2023-11-06 19:09:36,509 - fewshot_scanobjectnn_transferring_features - INFO - [Training] EPOCH: 106 EpochTime = 1.422 (s) Losses = ['0.0294', '100.0000'] lr = 0.000123
2023-11-06 19:09:37,560 - fewshot_scanobjectnn_transferring_features - INFO - [Validation] EPOCH: 106  acc = 74.0000
2023-11-06 19:09:39,413 - fewshot_scanobjectnn_transferring_features - INFO - Save checkpoint at ./experiments/fewshot_scanobjectnn_transferring_features/cfgs/lr0.00062/ckpt-last.pth
2023-11-06 19:09:40,632 - fewshot_scanobjectnn_transferring_features - INFO - [Training] EPOCH: 107 EpochTime = 1.217 (s) Losses = ['0.0180', '100.0000'] lr = 0.000118
2023-11-06 19:09:41,757 - fewshot_scanobjectnn_transferring_features - INFO - [Validation] EPOCH: 107  acc = 74.0000
2023-11-06 19:09:43,424 - fewshot_scanobjectnn_transferring_features - INFO - Save checkpoint at ./experiments/fewshot_scanobjectnn_transferring_features/cfgs/lr0.00062/ckpt-last.pth
2023-11-06 19:09:44,698 - fewshot_scanobjectnn_transferring_features - INFO - [Training] EPOCH: 108 EpochTime = 1.272 (s) Losses = ['0.0192', '100.0000'] lr = 0.000113
2023-11-06 19:09:45,897 - fewshot_scanobjectnn_transferring_features - INFO - [Validation] EPOCH: 108  acc = 73.0000
2023-11-06 19:09:47,914 - fewshot_scanobjectnn_transferring_features - INFO - Save checkpoint at ./experiments/fewshot_scanobjectnn_transferring_features/cfgs/lr0.00062/ckpt-last.pth
2023-11-06 19:09:49,182 - fewshot_scanobjectnn_transferring_features - INFO - [Training] EPOCH: 109 EpochTime = 1.266 (s) Losses = ['0.0243', '100.0000'] lr = 0.000108
2023-11-06 19:09:50,421 - fewshot_scanobjectnn_transferring_features - INFO - [Validation] EPOCH: 109  acc = 73.0000
2023-11-06 19:09:52,168 - fewshot_scanobjectnn_transferring_features - INFO - Save checkpoint at ./experiments/fewshot_scanobjectnn_transferring_features/cfgs/lr0.00062/ckpt-last.pth
2023-11-06 19:09:53,375 - fewshot_scanobjectnn_transferring_features - INFO - [Training] EPOCH: 110 EpochTime = 1.205 (s) Losses = ['0.0139', '100.0000'] lr = 0.000103
2023-11-06 19:09:54,605 - fewshot_scanobjectnn_transferring_features - INFO - [Validation] EPOCH: 110  acc = 73.0000
2023-11-06 19:09:56,833 - fewshot_scanobjectnn_transferring_features - INFO - Save checkpoint at ./experiments/fewshot_scanobjectnn_transferring_features/cfgs/lr0.00062/ckpt-last.pth
2023-11-06 19:09:58,515 - fewshot_scanobjectnn_transferring_features - INFO - [Training] EPOCH: 111 EpochTime = 1.680 (s) Losses = ['0.0182', '100.0000'] lr = 0.000099
2023-11-06 19:09:59,432 - fewshot_scanobjectnn_transferring_features - INFO - [Validation] EPOCH: 111  acc = 74.0000
2023-11-06 19:10:01,210 - fewshot_scanobjectnn_transferring_features - INFO - Save checkpoint at ./experiments/fewshot_scanobjectnn_transferring_features/cfgs/lr0.00062/ckpt-last.pth
2023-11-06 19:10:02,891 - fewshot_scanobjectnn_transferring_features - INFO - [Training] EPOCH: 112 EpochTime = 1.678 (s) Losses = ['0.0305', '100.0000'] lr = 0.000094
2023-11-06 19:10:03,809 - fewshot_scanobjectnn_transferring_features - INFO - [Validation] EPOCH: 112  acc = 74.0000
2023-11-06 19:10:06,072 - fewshot_scanobjectnn_transferring_features - INFO - Save checkpoint at ./experiments/fewshot_scanobjectnn_transferring_features/cfgs/lr0.00062/ckpt-last.pth
2023-11-06 19:10:07,787 - fewshot_scanobjectnn_transferring_features - INFO - [Training] EPOCH: 113 EpochTime = 1.713 (s) Losses = ['0.0243', '100.0000'] lr = 0.000089
2023-11-06 19:10:08,726 - fewshot_scanobjectnn_transferring_features - INFO - [Validation] EPOCH: 113  acc = 74.0000
2023-11-06 19:10:11,504 - fewshot_scanobjectnn_transferring_features - INFO - Save checkpoint at ./experiments/fewshot_scanobjectnn_transferring_features/cfgs/lr0.00062/ckpt-last.pth
2023-11-06 19:10:12,722 - fewshot_scanobjectnn_transferring_features - INFO - [Training] EPOCH: 114 EpochTime = 1.216 (s) Losses = ['0.0220', '100.0000'] lr = 0.000085
2023-11-06 19:10:13,801 - fewshot_scanobjectnn_transferring_features - INFO - [Validation] EPOCH: 114  acc = 74.0000
2023-11-06 19:10:15,911 - fewshot_scanobjectnn_transferring_features - INFO - Save checkpoint at ./experiments/fewshot_scanobjectnn_transferring_features/cfgs/lr0.00062/ckpt-last.pth
2023-11-06 19:10:17,927 - fewshot_scanobjectnn_transferring_features - INFO - [Training] EPOCH: 115 EpochTime = 2.014 (s) Losses = ['0.0186', '100.0000'] lr = 0.000080
2023-11-06 19:10:18,906 - fewshot_scanobjectnn_transferring_features - INFO - [Validation] EPOCH: 115  acc = 74.0000
2023-11-06 19:10:20,577 - fewshot_scanobjectnn_transferring_features - INFO - Save checkpoint at ./experiments/fewshot_scanobjectnn_transferring_features/cfgs/lr0.00062/ckpt-last.pth
2023-11-06 19:10:21,994 - fewshot_scanobjectnn_transferring_features - INFO - [Training] EPOCH: 116 EpochTime = 1.414 (s) Losses = ['0.0149', '100.0000'] lr = 0.000076
2023-11-06 19:10:23,313 - fewshot_scanobjectnn_transferring_features - INFO - [Validation] EPOCH: 116  acc = 74.0000
2023-11-06 19:10:24,845 - fewshot_scanobjectnn_transferring_features - INFO - Save checkpoint at ./experiments/fewshot_scanobjectnn_transferring_features/cfgs/lr0.00062/ckpt-last.pth
2023-11-06 19:10:26,144 - fewshot_scanobjectnn_transferring_features - INFO - [Training] EPOCH: 117 EpochTime = 1.296 (s) Losses = ['0.0214', '100.0000'] lr = 0.000072
2023-11-06 19:10:27,382 - fewshot_scanobjectnn_transferring_features - INFO - [Validation] EPOCH: 117  acc = 74.0000
2023-11-06 19:10:29,034 - fewshot_scanobjectnn_transferring_features - INFO - Save checkpoint at ./experiments/fewshot_scanobjectnn_transferring_features/cfgs/lr0.00062/ckpt-last.pth
2023-11-06 19:10:30,541 - fewshot_scanobjectnn_transferring_features - INFO - [Training] EPOCH: 118 EpochTime = 1.505 (s) Losses = ['0.0262', '100.0000'] lr = 0.000068
2023-11-06 19:10:32,092 - fewshot_scanobjectnn_transferring_features - INFO - [Validation] EPOCH: 118  acc = 74.0000
2023-11-06 19:10:34,453 - fewshot_scanobjectnn_transferring_features - INFO - Save checkpoint at ./experiments/fewshot_scanobjectnn_transferring_features/cfgs/lr0.00062/ckpt-last.pth
2023-11-06 19:10:35,998 - fewshot_scanobjectnn_transferring_features - INFO - [Training] EPOCH: 119 EpochTime = 1.544 (s) Losses = ['0.0206', '100.0000'] lr = 0.000064
2023-11-06 19:10:37,285 - fewshot_scanobjectnn_transferring_features - INFO - [Validation] EPOCH: 119  acc = 74.0000
2023-11-06 19:10:38,934 - fewshot_scanobjectnn_transferring_features - INFO - Save checkpoint at ./experiments/fewshot_scanobjectnn_transferring_features/cfgs/lr0.00062/ckpt-last.pth
2023-11-06 19:10:40,575 - fewshot_scanobjectnn_transferring_features - INFO - [Training] EPOCH: 120 EpochTime = 1.639 (s) Losses = ['0.0163', '100.0000'] lr = 0.000060
2023-11-06 19:10:41,674 - fewshot_scanobjectnn_transferring_features - INFO - [Validation] EPOCH: 120  acc = 74.0000
2023-11-06 19:10:43,380 - fewshot_scanobjectnn_transferring_features - INFO - Save checkpoint at ./experiments/fewshot_scanobjectnn_transferring_features/cfgs/lr0.00062/ckpt-last.pth
2023-11-06 19:10:45,492 - fewshot_scanobjectnn_transferring_features - INFO - [Training] EPOCH: 121 EpochTime = 2.110 (s) Losses = ['0.0265', '100.0000'] lr = 0.000056
2023-11-06 19:10:46,461 - fewshot_scanobjectnn_transferring_features - INFO - [Validation] EPOCH: 121  acc = 74.0000
2023-11-06 19:10:48,191 - fewshot_scanobjectnn_transferring_features - INFO - Save checkpoint at ./experiments/fewshot_scanobjectnn_transferring_features/cfgs/lr0.00062/ckpt-last.pth
2023-11-06 19:10:49,716 - fewshot_scanobjectnn_transferring_features - INFO - [Training] EPOCH: 122 EpochTime = 1.523 (s) Losses = ['0.0325', '100.0000'] lr = 0.000053
2023-11-06 19:10:51,042 - fewshot_scanobjectnn_transferring_features - INFO - [Validation] EPOCH: 122  acc = 74.0000
2023-11-06 19:10:52,742 - fewshot_scanobjectnn_transferring_features - INFO - Save checkpoint at ./experiments/fewshot_scanobjectnn_transferring_features/cfgs/lr0.00062/ckpt-last.pth
2023-11-06 19:10:54,142 - fewshot_scanobjectnn_transferring_features - INFO - [Training] EPOCH: 123 EpochTime = 1.399 (s) Losses = ['0.0161', '100.0000'] lr = 0.000049
2023-11-06 19:10:55,476 - fewshot_scanobjectnn_transferring_features - INFO - [Validation] EPOCH: 123  acc = 74.0000
2023-11-06 19:10:57,180 - fewshot_scanobjectnn_transferring_features - INFO - Save checkpoint at ./experiments/fewshot_scanobjectnn_transferring_features/cfgs/lr0.00062/ckpt-last.pth
2023-11-06 19:10:58,574 - fewshot_scanobjectnn_transferring_features - INFO - [Training] EPOCH: 124 EpochTime = 1.391 (s) Losses = ['0.0319', '100.0000'] lr = 0.000046
2023-11-06 19:10:59,876 - fewshot_scanobjectnn_transferring_features - INFO - [Validation] EPOCH: 124  acc = 74.0000
2023-11-06 19:11:01,518 - fewshot_scanobjectnn_transferring_features - INFO - Save checkpoint at ./experiments/fewshot_scanobjectnn_transferring_features/cfgs/lr0.00062/ckpt-last.pth
2023-11-06 19:11:02,863 - fewshot_scanobjectnn_transferring_features - INFO - [Training] EPOCH: 125 EpochTime = 1.343 (s) Losses = ['0.0156', '100.0000'] lr = 0.000042
2023-11-06 19:11:04,072 - fewshot_scanobjectnn_transferring_features - INFO - [Validation] EPOCH: 125  acc = 74.0000
2023-11-06 19:11:05,732 - fewshot_scanobjectnn_transferring_features - INFO - Save checkpoint at ./experiments/fewshot_scanobjectnn_transferring_features/cfgs/lr0.00062/ckpt-last.pth
2023-11-06 19:11:07,067 - fewshot_scanobjectnn_transferring_features - INFO - [Training] EPOCH: 126 EpochTime = 1.333 (s) Losses = ['0.0152', '100.0000'] lr = 0.000039
2023-11-06 19:11:08,367 - fewshot_scanobjectnn_transferring_features - INFO - [Validation] EPOCH: 126  acc = 74.0000
2023-11-06 19:11:10,261 - fewshot_scanobjectnn_transferring_features - INFO - Save checkpoint at ./experiments/fewshot_scanobjectnn_transferring_features/cfgs/lr0.00062/ckpt-last.pth
2023-11-06 19:11:11,464 - fewshot_scanobjectnn_transferring_features - INFO - [Training] EPOCH: 127 EpochTime = 1.201 (s) Losses = ['0.0349', '98.9583'] lr = 0.000036
2023-11-06 19:11:12,597 - fewshot_scanobjectnn_transferring_features - INFO - [Validation] EPOCH: 127  acc = 74.0000
2023-11-06 19:11:14,240 - fewshot_scanobjectnn_transferring_features - INFO - Save checkpoint at ./experiments/fewshot_scanobjectnn_transferring_features/cfgs/lr0.00062/ckpt-last.pth
2023-11-06 19:11:15,580 - fewshot_scanobjectnn_transferring_features - INFO - [Training] EPOCH: 128 EpochTime = 1.338 (s) Losses = ['0.0171', '100.0000'] lr = 0.000033
2023-11-06 19:11:16,788 - fewshot_scanobjectnn_transferring_features - INFO - [Validation] EPOCH: 128  acc = 74.0000
2023-11-06 19:11:18,794 - fewshot_scanobjectnn_transferring_features - INFO - Save checkpoint at ./experiments/fewshot_scanobjectnn_transferring_features/cfgs/lr0.00062/ckpt-last.pth
2023-11-06 19:11:20,032 - fewshot_scanobjectnn_transferring_features - INFO - [Training] EPOCH: 129 EpochTime = 1.237 (s) Losses = ['0.0297', '100.0000'] lr = 0.000030
2023-11-06 19:11:21,184 - fewshot_scanobjectnn_transferring_features - INFO - [Validation] EPOCH: 129  acc = 74.0000
2023-11-06 19:11:23,113 - fewshot_scanobjectnn_transferring_features - INFO - Save checkpoint at ./experiments/fewshot_scanobjectnn_transferring_features/cfgs/lr0.00062/ckpt-last.pth
2023-11-06 19:11:24,581 - fewshot_scanobjectnn_transferring_features - INFO - [Training] EPOCH: 130 EpochTime = 1.467 (s) Losses = ['0.0244', '100.0000'] lr = 0.000028
2023-11-06 19:11:25,670 - fewshot_scanobjectnn_transferring_features - INFO - [Validation] EPOCH: 130  acc = 74.0000
2023-11-06 19:11:27,360 - fewshot_scanobjectnn_transferring_features - INFO - Save checkpoint at ./experiments/fewshot_scanobjectnn_transferring_features/cfgs/lr0.00062/ckpt-last.pth
2023-11-06 19:11:28,574 - fewshot_scanobjectnn_transferring_features - INFO - [Training] EPOCH: 131 EpochTime = 1.212 (s) Losses = ['0.0235', '100.0000'] lr = 0.000025
2023-11-06 19:11:29,690 - fewshot_scanobjectnn_transferring_features - INFO - [Validation] EPOCH: 131  acc = 74.0000
2023-11-06 19:11:31,633 - fewshot_scanobjectnn_transferring_features - INFO - Save checkpoint at ./experiments/fewshot_scanobjectnn_transferring_features/cfgs/lr0.00062/ckpt-last.pth
2023-11-06 19:11:33,023 - fewshot_scanobjectnn_transferring_features - INFO - [Training] EPOCH: 132 EpochTime = 1.388 (s) Losses = ['0.0190', '100.0000'] lr = 0.000023
2023-11-06 19:11:34,296 - fewshot_scanobjectnn_transferring_features - INFO - [Validation] EPOCH: 132  acc = 74.0000
2023-11-06 19:11:36,008 - fewshot_scanobjectnn_transferring_features - INFO - Save checkpoint at ./experiments/fewshot_scanobjectnn_transferring_features/cfgs/lr0.00062/ckpt-last.pth
2023-11-06 19:11:37,235 - fewshot_scanobjectnn_transferring_features - INFO - [Training] EPOCH: 133 EpochTime = 1.225 (s) Losses = ['0.0177', '100.0000'] lr = 0.000020
2023-11-06 19:11:38,357 - fewshot_scanobjectnn_transferring_features - INFO - [Validation] EPOCH: 133  acc = 74.0000
2023-11-06 19:11:40,056 - fewshot_scanobjectnn_transferring_features - INFO - Save checkpoint at ./experiments/fewshot_scanobjectnn_transferring_features/cfgs/lr0.00062/ckpt-last.pth
2023-11-06 19:11:41,252 - fewshot_scanobjectnn_transferring_features - INFO - [Training] EPOCH: 134 EpochTime = 1.195 (s) Losses = ['0.0188', '100.0000'] lr = 0.000018
2023-11-06 19:11:42,484 - fewshot_scanobjectnn_transferring_features - INFO - [Validation] EPOCH: 134  acc = 74.0000
2023-11-06 19:11:44,650 - fewshot_scanobjectnn_transferring_features - INFO - Save checkpoint at ./experiments/fewshot_scanobjectnn_transferring_features/cfgs/lr0.00062/ckpt-last.pth
2023-11-06 19:11:47,142 - fewshot_scanobjectnn_transferring_features - INFO - [Training] EPOCH: 135 EpochTime = 2.488 (s) Losses = ['0.0181', '100.0000'] lr = 0.000016
2023-11-06 19:11:49,160 - fewshot_scanobjectnn_transferring_features - INFO - [Validation] EPOCH: 135  acc = 74.0000
2023-11-06 19:11:51,905 - fewshot_scanobjectnn_transferring_features - INFO - Save checkpoint at ./experiments/fewshot_scanobjectnn_transferring_features/cfgs/lr0.00062/ckpt-last.pth
2023-11-06 19:11:54,258 - fewshot_scanobjectnn_transferring_features - INFO - [Training] EPOCH: 136 EpochTime = 2.350 (s) Losses = ['0.0235', '100.0000'] lr = 0.000014
2023-11-06 19:11:55,763 - fewshot_scanobjectnn_transferring_features - INFO - [Validation] EPOCH: 136  acc = 74.0000
2023-11-06 19:11:57,430 - fewshot_scanobjectnn_transferring_features - INFO - Save checkpoint at ./experiments/fewshot_scanobjectnn_transferring_features/cfgs/lr0.00062/ckpt-last.pth
2023-11-06 19:11:59,137 - fewshot_scanobjectnn_transferring_features - INFO - [Training] EPOCH: 137 EpochTime = 1.705 (s) Losses = ['0.0241', '100.0000'] lr = 0.000012
2023-11-06 19:12:00,926 - fewshot_scanobjectnn_transferring_features - INFO - [Validation] EPOCH: 137  acc = 74.0000
2023-11-06 19:12:02,885 - fewshot_scanobjectnn_transferring_features - INFO - Save checkpoint at ./experiments/fewshot_scanobjectnn_transferring_features/cfgs/lr0.00062/ckpt-last.pth
2023-11-06 19:12:05,159 - fewshot_scanobjectnn_transferring_features - INFO - [Training] EPOCH: 138 EpochTime = 2.272 (s) Losses = ['0.0230', '100.0000'] lr = 0.000011
2023-11-06 19:12:06,534 - fewshot_scanobjectnn_transferring_features - INFO - [Validation] EPOCH: 138  acc = 74.0000
2023-11-06 19:12:09,207 - fewshot_scanobjectnn_transferring_features - INFO - Save checkpoint at ./experiments/fewshot_scanobjectnn_transferring_features/cfgs/lr0.00062/ckpt-last.pth
2023-11-06 19:12:10,854 - fewshot_scanobjectnn_transferring_features - INFO - [Training] EPOCH: 139 EpochTime = 1.645 (s) Losses = ['0.0249', '100.0000'] lr = 0.000009
2023-11-06 19:12:11,871 - fewshot_scanobjectnn_transferring_features - INFO - [Validation] EPOCH: 139  acc = 74.0000
2023-11-06 19:12:13,579 - fewshot_scanobjectnn_transferring_features - INFO - Save checkpoint at ./experiments/fewshot_scanobjectnn_transferring_features/cfgs/lr0.00062/ckpt-last.pth
2023-11-06 19:12:15,800 - fewshot_scanobjectnn_transferring_features - INFO - [Training] EPOCH: 140 EpochTime = 2.219 (s) Losses = ['0.0251', '100.0000'] lr = 0.000008
2023-11-06 19:12:17,305 - fewshot_scanobjectnn_transferring_features - INFO - [Validation] EPOCH: 140  acc = 74.0000
2023-11-06 19:12:18,791 - fewshot_scanobjectnn_transferring_features - INFO - Save checkpoint at ./experiments/fewshot_scanobjectnn_transferring_features/cfgs/lr0.00062/ckpt-last.pth
2023-11-06 19:12:20,108 - fewshot_scanobjectnn_transferring_features - INFO - [Training] EPOCH: 141 EpochTime = 1.315 (s) Losses = ['0.0140', '100.0000'] lr = 0.000006
2023-11-06 19:12:21,592 - fewshot_scanobjectnn_transferring_features - INFO - [Validation] EPOCH: 141  acc = 74.0000
2023-11-06 19:12:23,545 - fewshot_scanobjectnn_transferring_features - INFO - Save checkpoint at ./experiments/fewshot_scanobjectnn_transferring_features/cfgs/lr0.00062/ckpt-last.pth
2023-11-06 19:12:25,823 - fewshot_scanobjectnn_transferring_features - INFO - Save checkpoint at ./experiments/fewshot_scanobjectnn_transferring_features/cfgs/lr0.00062/ckpt-epoch-141.pth
2023-11-06 19:12:27,788 - fewshot_scanobjectnn_transferring_features - INFO - [Training] EPOCH: 142 EpochTime = 1.963 (s) Losses = ['0.0176', '100.0000'] lr = 0.000005
2023-11-06 19:12:28,737 - fewshot_scanobjectnn_transferring_features - INFO - [Validation] EPOCH: 142  acc = 74.0000
2023-11-06 19:12:30,556 - fewshot_scanobjectnn_transferring_features - INFO - Save checkpoint at ./experiments/fewshot_scanobjectnn_transferring_features/cfgs/lr0.00062/ckpt-last.pth
2023-11-06 19:12:32,854 - fewshot_scanobjectnn_transferring_features - INFO - Save checkpoint at ./experiments/fewshot_scanobjectnn_transferring_features/cfgs/lr0.00062/ckpt-epoch-142.pth
2023-11-06 19:12:34,380 - fewshot_scanobjectnn_transferring_features - INFO - [Training] EPOCH: 143 EpochTime = 1.523 (s) Losses = ['0.0157', '100.0000'] lr = 0.000004
2023-11-06 19:12:35,547 - fewshot_scanobjectnn_transferring_features - INFO - [Validation] EPOCH: 143  acc = 74.0000
2023-11-06 19:12:37,308 - fewshot_scanobjectnn_transferring_features - INFO - Save checkpoint at ./experiments/fewshot_scanobjectnn_transferring_features/cfgs/lr0.00062/ckpt-last.pth
2023-11-06 19:12:38,972 - fewshot_scanobjectnn_transferring_features - INFO - Save checkpoint at ./experiments/fewshot_scanobjectnn_transferring_features/cfgs/lr0.00062/ckpt-epoch-143.pth
2023-11-06 19:12:40,330 - fewshot_scanobjectnn_transferring_features - INFO - [Training] EPOCH: 144 EpochTime = 1.356 (s) Losses = ['0.0170', '100.0000'] lr = 0.000003
2023-11-06 19:12:41,598 - fewshot_scanobjectnn_transferring_features - INFO - [Validation] EPOCH: 144  acc = 74.0000
2023-11-06 19:12:43,188 - fewshot_scanobjectnn_transferring_features - INFO - Save checkpoint at ./experiments/fewshot_scanobjectnn_transferring_features/cfgs/lr0.00062/ckpt-last.pth
2023-11-06 19:12:44,918 - fewshot_scanobjectnn_transferring_features - INFO - Save checkpoint at ./experiments/fewshot_scanobjectnn_transferring_features/cfgs/lr0.00062/ckpt-epoch-144.pth
2023-11-06 19:12:46,752 - fewshot_scanobjectnn_transferring_features - INFO - [Training] EPOCH: 145 EpochTime = 1.831 (s) Losses = ['0.0313', '100.0000'] lr = 0.000003
2023-11-06 19:12:47,808 - fewshot_scanobjectnn_transferring_features - INFO - [Validation] EPOCH: 145  acc = 74.0000
2023-11-06 19:12:49,443 - fewshot_scanobjectnn_transferring_features - INFO - Save checkpoint at ./experiments/fewshot_scanobjectnn_transferring_features/cfgs/lr0.00062/ckpt-last.pth
2023-11-06 19:12:51,235 - fewshot_scanobjectnn_transferring_features - INFO - Save checkpoint at ./experiments/fewshot_scanobjectnn_transferring_features/cfgs/lr0.00062/ckpt-epoch-145.pth
2023-11-06 19:12:52,826 - fewshot_scanobjectnn_transferring_features - INFO - [Training] EPOCH: 146 EpochTime = 1.590 (s) Losses = ['0.0304', '100.0000'] lr = 0.000002
2023-11-06 19:12:53,939 - fewshot_scanobjectnn_transferring_features - INFO - [Validation] EPOCH: 146  acc = 74.0000
2023-11-06 19:12:55,612 - fewshot_scanobjectnn_transferring_features - INFO - Save checkpoint at ./experiments/fewshot_scanobjectnn_transferring_features/cfgs/lr0.00062/ckpt-last.pth
2023-11-06 19:12:59,819 - fewshot_scanobjectnn_transferring_features - INFO - Save checkpoint at ./experiments/fewshot_scanobjectnn_transferring_features/cfgs/lr0.00062/ckpt-epoch-146.pth
2023-11-06 19:13:01,128 - fewshot_scanobjectnn_transferring_features - INFO - [Training] EPOCH: 147 EpochTime = 1.306 (s) Losses = ['0.0188', '100.0000'] lr = 0.000002
2023-11-06 19:13:02,373 - fewshot_scanobjectnn_transferring_features - INFO - [Validation] EPOCH: 147  acc = 74.0000
2023-11-06 19:13:04,117 - fewshot_scanobjectnn_transferring_features - INFO - Save checkpoint at ./experiments/fewshot_scanobjectnn_transferring_features/cfgs/lr0.00062/ckpt-last.pth
2023-11-06 19:13:05,904 - fewshot_scanobjectnn_transferring_features - INFO - Save checkpoint at ./experiments/fewshot_scanobjectnn_transferring_features/cfgs/lr0.00062/ckpt-epoch-147.pth
2023-11-06 19:13:07,651 - fewshot_scanobjectnn_transferring_features - INFO - [Training] EPOCH: 148 EpochTime = 1.744 (s) Losses = ['0.0211', '100.0000'] lr = 0.000001
2023-11-06 19:13:08,866 - fewshot_scanobjectnn_transferring_features - INFO - [Validation] EPOCH: 148  acc = 74.0000
2023-11-06 19:13:10,804 - fewshot_scanobjectnn_transferring_features - INFO - Save checkpoint at ./experiments/fewshot_scanobjectnn_transferring_features/cfgs/lr0.00062/ckpt-last.pth
2023-11-06 19:13:13,445 - fewshot_scanobjectnn_transferring_features - INFO - Save checkpoint at ./experiments/fewshot_scanobjectnn_transferring_features/cfgs/lr0.00062/ckpt-epoch-148.pth
2023-11-06 19:13:15,155 - fewshot_scanobjectnn_transferring_features - INFO - [Training] EPOCH: 149 EpochTime = 1.708 (s) Losses = ['0.0175', '100.0000'] lr = 0.000001
2023-11-06 19:13:16,502 - fewshot_scanobjectnn_transferring_features - INFO - [Validation] EPOCH: 149  acc = 74.0000
2023-11-06 19:13:18,821 - fewshot_scanobjectnn_transferring_features - INFO - Save checkpoint at ./experiments/fewshot_scanobjectnn_transferring_features/cfgs/lr0.00062/ckpt-last.pth
2023-11-06 19:13:21,175 - fewshot_scanobjectnn_transferring_features - INFO - Save checkpoint at ./experiments/fewshot_scanobjectnn_transferring_features/cfgs/lr0.00062/ckpt-epoch-149.pth
2023-11-06 19:13:22,448 - fewshot_scanobjectnn_transferring_features - INFO - [Training] EPOCH: 150 EpochTime = 1.271 (s) Losses = ['0.0163', '100.0000'] lr = 0.000001
2023-11-06 19:13:23,924 - fewshot_scanobjectnn_transferring_features - INFO - [Validation] EPOCH: 150  acc = 74.0000
2023-11-06 19:13:25,839 - fewshot_scanobjectnn_transferring_features - INFO - Save checkpoint at ./experiments/fewshot_scanobjectnn_transferring_features/cfgs/lr0.00062/ckpt-last.pth
2023-11-06 19:13:27,838 - fewshot_scanobjectnn_transferring_features - INFO - Save checkpoint at ./experiments/fewshot_scanobjectnn_transferring_features/cfgs/lr0.00062/ckpt-epoch-150.pth
