2023-11-06 18:07:59,459 - fewshot_scanobjectnn_transferring_features - INFO - Copy the Config file from cfgs/fewshot_scanobjectnn_transferring_features.yaml to ./experiments/fewshot_scanobjectnn_transferring_features/cfgs/lr0.00062/config.yaml
2023-11-06 18:07:59,459 - fewshot_scanobjectnn_transferring_features - INFO - args.config : cfgs/fewshot_scanobjectnn_transferring_features.yaml
2023-11-06 18:07:59,459 - fewshot_scanobjectnn_transferring_features - INFO - args.launcher : none
2023-11-06 18:07:59,459 - fewshot_scanobjectnn_transferring_features - INFO - args.local_rank : 0
2023-11-06 18:07:59,459 - fewshot_scanobjectnn_transferring_features - INFO - args.num_workers : 8
2023-11-06 18:07:59,459 - fewshot_scanobjectnn_transferring_features - INFO - args.seed : 0
2023-11-06 18:07:59,460 - fewshot_scanobjectnn_transferring_features - INFO - args.deterministic : False
2023-11-06 18:07:59,460 - fewshot_scanobjectnn_transferring_features - INFO - args.sync_bn : True
2023-11-06 18:07:59,460 - fewshot_scanobjectnn_transferring_features - INFO - args.large_group : 5
2023-11-06 18:07:59,460 - fewshot_scanobjectnn_transferring_features - INFO - args.small_group : 10
2023-11-06 18:07:59,460 - fewshot_scanobjectnn_transferring_features - INFO - args.large_patch : 6
2023-11-06 18:07:59,460 - fewshot_scanobjectnn_transferring_features - INFO - args.small_patch : 3
2023-11-06 18:07:59,460 - fewshot_scanobjectnn_transferring_features - INFO - args.queue_length : 8192
2023-11-06 18:07:59,460 - fewshot_scanobjectnn_transferring_features - INFO - args.epoch_queue_starts : 10
2023-11-06 18:07:59,460 - fewshot_scanobjectnn_transferring_features - INFO - args.nmb_crops : 26
2023-11-06 18:07:59,460 - fewshot_scanobjectnn_transferring_features - INFO - args.fea_dim : 384
2023-11-06 18:07:59,460 - fewshot_scanobjectnn_transferring_features - INFO - args.hidden_mlp : 256
2023-11-06 18:07:59,461 - fewshot_scanobjectnn_transferring_features - INFO - args.output_dim : 128
2023-11-06 18:07:59,461 - fewshot_scanobjectnn_transferring_features - INFO - args.nmb_prototypes : 200
2023-11-06 18:07:59,461 - fewshot_scanobjectnn_transferring_features - INFO - args.temperature : 0.1
2023-11-06 18:07:59,461 - fewshot_scanobjectnn_transferring_features - INFO - args.epsilon : 0.05
2023-11-06 18:07:59,461 - fewshot_scanobjectnn_transferring_features - INFO - args.sinkhorn_iterations : 3
2023-11-06 18:07:59,461 - fewshot_scanobjectnn_transferring_features - INFO - args.world_size : 1
2023-11-06 18:07:59,461 - fewshot_scanobjectnn_transferring_features - INFO - args.exp_name : lr0.00062
2023-11-06 18:07:59,461 - fewshot_scanobjectnn_transferring_features - INFO - args.loss : cd1
2023-11-06 18:07:59,461 - fewshot_scanobjectnn_transferring_features - INFO - args.start_ckpts : None
2023-11-06 18:07:59,461 - fewshot_scanobjectnn_transferring_features - INFO - args.ckpts : ./experiments/pretrain_MaskSurf/cfgs/add_as_normal/ckpt-last.pth
2023-11-06 18:07:59,461 - fewshot_scanobjectnn_transferring_features - INFO - args.val_freq : 1
2023-11-06 18:07:59,462 - fewshot_scanobjectnn_transferring_features - INFO - args.vote : False
2023-11-06 18:07:59,462 - fewshot_scanobjectnn_transferring_features - INFO - args.resume : False
2023-11-06 18:07:59,462 - fewshot_scanobjectnn_transferring_features - INFO - args.test : False
2023-11-06 18:07:59,462 - fewshot_scanobjectnn_transferring_features - INFO - args.finetune_model : True
2023-11-06 18:07:59,462 - fewshot_scanobjectnn_transferring_features - INFO - args.scratch_model : False
2023-11-06 18:07:59,462 - fewshot_scanobjectnn_transferring_features - INFO - args.mode : None
2023-11-06 18:07:59,462 - fewshot_scanobjectnn_transferring_features - INFO - args.way : 5
2023-11-06 18:07:59,462 - fewshot_scanobjectnn_transferring_features - INFO - args.shot : 20
2023-11-06 18:07:59,462 - fewshot_scanobjectnn_transferring_features - INFO - args.fold : 1
2023-11-06 18:07:59,462 - fewshot_scanobjectnn_transferring_features - INFO - args.experiment_path : ./experiments/fewshot_scanobjectnn_transferring_features/cfgs/lr0.00062
2023-11-06 18:07:59,463 - fewshot_scanobjectnn_transferring_features - INFO - args.tfboard_path : ./experiments/fewshot_scanobjectnn_transferring_features/cfgs/TFBoard/lr0.00062
2023-11-06 18:07:59,463 - fewshot_scanobjectnn_transferring_features - INFO - args.log_name : fewshot_scanobjectnn_transferring_features
2023-11-06 18:07:59,463 - fewshot_scanobjectnn_transferring_features - INFO - args.use_gpu : True
2023-11-06 18:07:59,463 - fewshot_scanobjectnn_transferring_features - INFO - args.distributed : False
2023-11-06 18:07:59,463 - fewshot_scanobjectnn_transferring_features - INFO - config.optimizer = edict()
2023-11-06 18:07:59,463 - fewshot_scanobjectnn_transferring_features - INFO - config.optimizer.type : AdamW
2023-11-06 18:07:59,463 - fewshot_scanobjectnn_transferring_features - INFO - config.optimizer.part : all
2023-11-06 18:07:59,463 - fewshot_scanobjectnn_transferring_features - INFO - config.optimizer.kwargs = edict()
2023-11-06 18:07:59,463 - fewshot_scanobjectnn_transferring_features - INFO - config.optimizer.kwargs.lr : 0.00062
2023-11-06 18:07:59,463 - fewshot_scanobjectnn_transferring_features - INFO - config.optimizer.kwargs.weight_decay : 0.05
2023-11-06 18:07:59,464 - fewshot_scanobjectnn_transferring_features - INFO - config.scheduler = edict()
2023-11-06 18:07:59,464 - fewshot_scanobjectnn_transferring_features - INFO - config.scheduler.type : CosLR
2023-11-06 18:07:59,464 - fewshot_scanobjectnn_transferring_features - INFO - config.scheduler.kwargs = edict()
2023-11-06 18:07:59,464 - fewshot_scanobjectnn_transferring_features - INFO - config.scheduler.kwargs.epochs : 150
2023-11-06 18:07:59,464 - fewshot_scanobjectnn_transferring_features - INFO - config.scheduler.kwargs.initial_epochs : 10
2023-11-06 18:07:59,464 - fewshot_scanobjectnn_transferring_features - INFO - config.dataset = edict()
2023-11-06 18:07:59,464 - fewshot_scanobjectnn_transferring_features - INFO - config.dataset.train = edict()
2023-11-06 18:07:59,464 - fewshot_scanobjectnn_transferring_features - INFO - config.dataset.train._base_ = edict()
2023-11-06 18:07:59,464 - fewshot_scanobjectnn_transferring_features - INFO - config.dataset.train._base_.NAME : ModelNetFewShot
2023-11-06 18:07:59,464 - fewshot_scanobjectnn_transferring_features - INFO - config.dataset.train._base_.DATA_PATH : data/ScanObjectNN_hardest_fewshot
2023-11-06 18:07:59,465 - fewshot_scanobjectnn_transferring_features - INFO - config.dataset.train._base_.N_POINTS : 2048
2023-11-06 18:07:59,465 - fewshot_scanobjectnn_transferring_features - INFO - config.dataset.train._base_.NUM_CATEGORY : 15
2023-11-06 18:07:59,465 - fewshot_scanobjectnn_transferring_features - INFO - config.dataset.train._base_.USE_NORMALS : False
2023-11-06 18:07:59,465 - fewshot_scanobjectnn_transferring_features - INFO - config.dataset.train.others = edict()
2023-11-06 18:07:59,465 - fewshot_scanobjectnn_transferring_features - INFO - config.dataset.train.others.subset : train
2023-11-06 18:07:59,465 - fewshot_scanobjectnn_transferring_features - INFO - config.dataset.train.others.bs : 32
2023-11-06 18:07:59,465 - fewshot_scanobjectnn_transferring_features - INFO - config.dataset.val = edict()
2023-11-06 18:07:59,465 - fewshot_scanobjectnn_transferring_features - INFO - config.dataset.val._base_ = edict()
2023-11-06 18:07:59,465 - fewshot_scanobjectnn_transferring_features - INFO - config.dataset.val._base_.NAME : ModelNetFewShot
2023-11-06 18:07:59,465 - fewshot_scanobjectnn_transferring_features - INFO - config.dataset.val._base_.DATA_PATH : data/ScanObjectNN_hardest_fewshot
2023-11-06 18:07:59,465 - fewshot_scanobjectnn_transferring_features - INFO - config.dataset.val._base_.N_POINTS : 2048
2023-11-06 18:07:59,466 - fewshot_scanobjectnn_transferring_features - INFO - config.dataset.val._base_.NUM_CATEGORY : 15
2023-11-06 18:07:59,466 - fewshot_scanobjectnn_transferring_features - INFO - config.dataset.val._base_.USE_NORMALS : False
2023-11-06 18:07:59,466 - fewshot_scanobjectnn_transferring_features - INFO - config.dataset.val.others = edict()
2023-11-06 18:07:59,466 - fewshot_scanobjectnn_transferring_features - INFO - config.dataset.val.others.subset : test
2023-11-06 18:07:59,466 - fewshot_scanobjectnn_transferring_features - INFO - config.dataset.val.others.bs : 64
2023-11-06 18:07:59,466 - fewshot_scanobjectnn_transferring_features - INFO - config.dataset.test = edict()
2023-11-06 18:07:59,466 - fewshot_scanobjectnn_transferring_features - INFO - config.dataset.test._base_ = edict()
2023-11-06 18:07:59,466 - fewshot_scanobjectnn_transferring_features - INFO - config.dataset.test._base_.NAME : ScanObjectNN_hardest
2023-11-06 18:07:59,466 - fewshot_scanobjectnn_transferring_features - INFO - config.dataset.test._base_.ROOT : data/ScanObjectNN/main_split
2023-11-06 18:07:59,466 - fewshot_scanobjectnn_transferring_features - INFO - config.dataset.test.others = edict()
2023-11-06 18:07:59,467 - fewshot_scanobjectnn_transferring_features - INFO - config.dataset.test.others.subset : test
2023-11-06 18:07:59,467 - fewshot_scanobjectnn_transferring_features - INFO - config.dataset.test.others.bs : 32
2023-11-06 18:07:59,467 - fewshot_scanobjectnn_transferring_features - INFO - config.model = edict()
2023-11-06 18:07:59,467 - fewshot_scanobjectnn_transferring_features - INFO - config.model.NAME : PointTransformer
2023-11-06 18:07:59,467 - fewshot_scanobjectnn_transferring_features - INFO - config.model.trans_dim : 384
2023-11-06 18:07:59,467 - fewshot_scanobjectnn_transferring_features - INFO - config.model.depth : 12
2023-11-06 18:07:59,467 - fewshot_scanobjectnn_transferring_features - INFO - config.model.drop_path_rate : 0.1
2023-11-06 18:07:59,467 - fewshot_scanobjectnn_transferring_features - INFO - config.model.cls_dim : 40
2023-11-06 18:07:59,467 - fewshot_scanobjectnn_transferring_features - INFO - config.model.num_heads : 6
2023-11-06 18:07:59,467 - fewshot_scanobjectnn_transferring_features - INFO - config.model.group_size : 32
2023-11-06 18:07:59,467 - fewshot_scanobjectnn_transferring_features - INFO - config.model.num_group : 64
2023-11-06 18:07:59,468 - fewshot_scanobjectnn_transferring_features - INFO - config.model.encoder_dims : 384
2023-11-06 18:07:59,468 - fewshot_scanobjectnn_transferring_features - INFO - config.npoints : 1024
2023-11-06 18:07:59,468 - fewshot_scanobjectnn_transferring_features - INFO - config.total_bs : 32
2023-11-06 18:07:59,468 - fewshot_scanobjectnn_transferring_features - INFO - config.step_per_update : 1
2023-11-06 18:07:59,468 - fewshot_scanobjectnn_transferring_features - INFO - config.max_epoch : 150
2023-11-06 18:07:59,468 - fewshot_scanobjectnn_transferring_features - INFO - config.grad_norm_clip : 10
2023-11-06 18:07:59,468 - fewshot_scanobjectnn_transferring_features - INFO - Distributed training: False
2023-11-06 18:07:59,468 - fewshot_scanobjectnn_transferring_features - INFO - Set random seed to 0, deterministic: False
2023-11-06 18:08:02,118 - fewshot_scanobjectnn_transferring_features - INFO - Using Data parallel ...
2023-11-06 18:08:08,013 - fewshot_scanobjectnn_transferring_features - INFO - [Training] EPOCH: 0 EpochTime = 5.889 (s) Losses = ['3.8453', '3.1250'] lr = 0.000001
2023-11-06 18:08:09,495 - fewshot_scanobjectnn_transferring_features - INFO - Save checkpoint at ./experiments/fewshot_scanobjectnn_transferring_features/cfgs/lr0.00062/ckpt-last.pth
2023-11-06 18:08:10,776 - fewshot_scanobjectnn_transferring_features - INFO - [Training] EPOCH: 1 EpochTime = 1.279 (s) Losses = ['3.8534', '2.0833'] lr = 0.000063
2023-11-06 18:08:12,757 - fewshot_scanobjectnn_transferring_features - INFO - [Validation] EPOCH: 1  acc = 1.0000
2023-11-06 18:08:15,120 - fewshot_scanobjectnn_transferring_features - INFO - Save checkpoint at ./experiments/fewshot_scanobjectnn_transferring_features/cfgs/lr0.00062/ckpt-best.pth
2023-11-06 18:08:15,120 - fewshot_scanobjectnn_transferring_features - INFO - --------------------------------------------------------------------------------------------
2023-11-06 18:08:16,774 - fewshot_scanobjectnn_transferring_features - INFO - Save checkpoint at ./experiments/fewshot_scanobjectnn_transferring_features/cfgs/lr0.00062/ckpt-last.pth
2023-11-06 18:08:17,913 - fewshot_scanobjectnn_transferring_features - INFO - [Training] EPOCH: 2 EpochTime = 1.138 (s) Losses = ['3.7201', '4.1667'] lr = 0.000125
2023-11-06 18:08:18,855 - fewshot_scanobjectnn_transferring_features - INFO - [Validation] EPOCH: 2  acc = 3.0000
2023-11-06 18:08:21,278 - fewshot_scanobjectnn_transferring_features - INFO - Save checkpoint at ./experiments/fewshot_scanobjectnn_transferring_features/cfgs/lr0.00062/ckpt-best.pth
2023-11-06 18:08:21,278 - fewshot_scanobjectnn_transferring_features - INFO - --------------------------------------------------------------------------------------------
2023-11-06 18:08:23,229 - fewshot_scanobjectnn_transferring_features - INFO - Save checkpoint at ./experiments/fewshot_scanobjectnn_transferring_features/cfgs/lr0.00062/ckpt-last.pth
2023-11-06 18:08:24,450 - fewshot_scanobjectnn_transferring_features - INFO - [Training] EPOCH: 3 EpochTime = 1.217 (s) Losses = ['3.5642', '6.2500'] lr = 0.000187
2023-11-06 18:08:25,558 - fewshot_scanobjectnn_transferring_features - INFO - [Validation] EPOCH: 3  acc = 4.0000
2023-11-06 18:08:27,178 - fewshot_scanobjectnn_transferring_features - INFO - Save checkpoint at ./experiments/fewshot_scanobjectnn_transferring_features/cfgs/lr0.00062/ckpt-best.pth
2023-11-06 18:08:27,178 - fewshot_scanobjectnn_transferring_features - INFO - --------------------------------------------------------------------------------------------
2023-11-06 18:08:29,743 - fewshot_scanobjectnn_transferring_features - INFO - Save checkpoint at ./experiments/fewshot_scanobjectnn_transferring_features/cfgs/lr0.00062/ckpt-last.pth
2023-11-06 18:08:31,370 - fewshot_scanobjectnn_transferring_features - INFO - [Training] EPOCH: 4 EpochTime = 1.625 (s) Losses = ['3.5135', '12.5000'] lr = 0.000249
2023-11-06 18:08:32,338 - fewshot_scanobjectnn_transferring_features - INFO - [Validation] EPOCH: 4  acc = 20.0000
2023-11-06 18:08:34,815 - fewshot_scanobjectnn_transferring_features - INFO - Save checkpoint at ./experiments/fewshot_scanobjectnn_transferring_features/cfgs/lr0.00062/ckpt-best.pth
2023-11-06 18:08:34,816 - fewshot_scanobjectnn_transferring_features - INFO - --------------------------------------------------------------------------------------------
2023-11-06 18:08:36,534 - fewshot_scanobjectnn_transferring_features - INFO - Save checkpoint at ./experiments/fewshot_scanobjectnn_transferring_features/cfgs/lr0.00062/ckpt-last.pth
2023-11-06 18:08:37,742 - fewshot_scanobjectnn_transferring_features - INFO - [Training] EPOCH: 5 EpochTime = 1.206 (s) Losses = ['3.4035', '7.2917'] lr = 0.000311
2023-11-06 18:08:38,877 - fewshot_scanobjectnn_transferring_features - INFO - [Validation] EPOCH: 5  acc = 21.0000
2023-11-06 18:08:41,817 - fewshot_scanobjectnn_transferring_features - INFO - Save checkpoint at ./experiments/fewshot_scanobjectnn_transferring_features/cfgs/lr0.00062/ckpt-best.pth
2023-11-06 18:08:41,817 - fewshot_scanobjectnn_transferring_features - INFO - --------------------------------------------------------------------------------------------
2023-11-06 18:08:43,751 - fewshot_scanobjectnn_transferring_features - INFO - Save checkpoint at ./experiments/fewshot_scanobjectnn_transferring_features/cfgs/lr0.00062/ckpt-last.pth
2023-11-06 18:08:44,987 - fewshot_scanobjectnn_transferring_features - INFO - [Training] EPOCH: 6 EpochTime = 1.233 (s) Losses = ['3.1824', '21.8750'] lr = 0.000372
2023-11-06 18:08:46,153 - fewshot_scanobjectnn_transferring_features - INFO - [Validation] EPOCH: 6  acc = 26.0000
2023-11-06 18:08:47,733 - fewshot_scanobjectnn_transferring_features - INFO - Save checkpoint at ./experiments/fewshot_scanobjectnn_transferring_features/cfgs/lr0.00062/ckpt-best.pth
2023-11-06 18:08:47,733 - fewshot_scanobjectnn_transferring_features - INFO - --------------------------------------------------------------------------------------------
2023-11-06 18:08:50,054 - fewshot_scanobjectnn_transferring_features - INFO - Save checkpoint at ./experiments/fewshot_scanobjectnn_transferring_features/cfgs/lr0.00062/ckpt-last.pth
2023-11-06 18:08:51,197 - fewshot_scanobjectnn_transferring_features - INFO - [Training] EPOCH: 7 EpochTime = 1.140 (s) Losses = ['2.8898', '38.5417'] lr = 0.000434
2023-11-06 18:08:52,311 - fewshot_scanobjectnn_transferring_features - INFO - [Validation] EPOCH: 7  acc = 29.0000
2023-11-06 18:08:54,808 - fewshot_scanobjectnn_transferring_features - INFO - Save checkpoint at ./experiments/fewshot_scanobjectnn_transferring_features/cfgs/lr0.00062/ckpt-best.pth
2023-11-06 18:08:54,808 - fewshot_scanobjectnn_transferring_features - INFO - --------------------------------------------------------------------------------------------
2023-11-06 18:08:58,518 - fewshot_scanobjectnn_transferring_features - INFO - Save checkpoint at ./experiments/fewshot_scanobjectnn_transferring_features/cfgs/lr0.00062/ckpt-last.pth
2023-11-06 18:09:00,473 - fewshot_scanobjectnn_transferring_features - INFO - [Training] EPOCH: 8 EpochTime = 1.953 (s) Losses = ['2.6505', '47.9167'] lr = 0.000496
2023-11-06 18:09:01,304 - fewshot_scanobjectnn_transferring_features - INFO - [Validation] EPOCH: 8  acc = 32.0000
2023-11-06 18:09:03,329 - fewshot_scanobjectnn_transferring_features - INFO - Save checkpoint at ./experiments/fewshot_scanobjectnn_transferring_features/cfgs/lr0.00062/ckpt-best.pth
2023-11-06 18:09:03,329 - fewshot_scanobjectnn_transferring_features - INFO - --------------------------------------------------------------------------------------------
2023-11-06 18:09:05,345 - fewshot_scanobjectnn_transferring_features - INFO - Save checkpoint at ./experiments/fewshot_scanobjectnn_transferring_features/cfgs/lr0.00062/ckpt-last.pth
2023-11-06 18:09:06,467 - fewshot_scanobjectnn_transferring_features - INFO - [Training] EPOCH: 9 EpochTime = 1.119 (s) Losses = ['2.3530', '53.1250'] lr = 0.000558
2023-11-06 18:09:07,502 - fewshot_scanobjectnn_transferring_features - INFO - [Validation] EPOCH: 9  acc = 36.0000
2023-11-06 18:09:09,166 - fewshot_scanobjectnn_transferring_features - INFO - Save checkpoint at ./experiments/fewshot_scanobjectnn_transferring_features/cfgs/lr0.00062/ckpt-best.pth
2023-11-06 18:09:09,166 - fewshot_scanobjectnn_transferring_features - INFO - --------------------------------------------------------------------------------------------
2023-11-06 18:09:11,728 - fewshot_scanobjectnn_transferring_features - INFO - Save checkpoint at ./experiments/fewshot_scanobjectnn_transferring_features/cfgs/lr0.00062/ckpt-last.pth
2023-11-06 18:09:12,957 - fewshot_scanobjectnn_transferring_features - INFO - [Training] EPOCH: 10 EpochTime = 1.227 (s) Losses = ['2.1647', '58.3333'] lr = 0.000613
2023-11-06 18:09:13,802 - fewshot_scanobjectnn_transferring_features - INFO - [Validation] EPOCH: 10  acc = 44.0000
2023-11-06 18:09:15,442 - fewshot_scanobjectnn_transferring_features - INFO - Save checkpoint at ./experiments/fewshot_scanobjectnn_transferring_features/cfgs/lr0.00062/ckpt-best.pth
2023-11-06 18:09:15,442 - fewshot_scanobjectnn_transferring_features - INFO - --------------------------------------------------------------------------------------------
2023-11-06 18:09:17,248 - fewshot_scanobjectnn_transferring_features - INFO - Save checkpoint at ./experiments/fewshot_scanobjectnn_transferring_features/cfgs/lr0.00062/ckpt-last.pth
2023-11-06 18:09:18,412 - fewshot_scanobjectnn_transferring_features - INFO - [Training] EPOCH: 11 EpochTime = 1.161 (s) Losses = ['1.8453', '66.6667'] lr = 0.000612
2023-11-06 18:09:19,347 - fewshot_scanobjectnn_transferring_features - INFO - [Validation] EPOCH: 11  acc = 48.0000
2023-11-06 18:09:21,033 - fewshot_scanobjectnn_transferring_features - INFO - Save checkpoint at ./experiments/fewshot_scanobjectnn_transferring_features/cfgs/lr0.00062/ckpt-best.pth
2023-11-06 18:09:21,033 - fewshot_scanobjectnn_transferring_features - INFO - --------------------------------------------------------------------------------------------
2023-11-06 18:09:23,473 - fewshot_scanobjectnn_transferring_features - INFO - Save checkpoint at ./experiments/fewshot_scanobjectnn_transferring_features/cfgs/lr0.00062/ckpt-last.pth
2023-11-06 18:09:25,056 - fewshot_scanobjectnn_transferring_features - INFO - [Training] EPOCH: 12 EpochTime = 1.581 (s) Losses = ['1.6705', '68.7500'] lr = 0.000610
2023-11-06 18:09:25,901 - fewshot_scanobjectnn_transferring_features - INFO - [Validation] EPOCH: 12  acc = 53.0000
2023-11-06 18:09:27,821 - fewshot_scanobjectnn_transferring_features - INFO - Save checkpoint at ./experiments/fewshot_scanobjectnn_transferring_features/cfgs/lr0.00062/ckpt-best.pth
2023-11-06 18:09:27,822 - fewshot_scanobjectnn_transferring_features - INFO - --------------------------------------------------------------------------------------------
2023-11-06 18:09:29,519 - fewshot_scanobjectnn_transferring_features - INFO - Save checkpoint at ./experiments/fewshot_scanobjectnn_transferring_features/cfgs/lr0.00062/ckpt-last.pth
2023-11-06 18:09:30,901 - fewshot_scanobjectnn_transferring_features - INFO - [Training] EPOCH: 13 EpochTime = 1.380 (s) Losses = ['1.4143', '71.8750'] lr = 0.000609
2023-11-06 18:09:31,847 - fewshot_scanobjectnn_transferring_features - INFO - [Validation] EPOCH: 13  acc = 58.0000
2023-11-06 18:09:33,556 - fewshot_scanobjectnn_transferring_features - INFO - Save checkpoint at ./experiments/fewshot_scanobjectnn_transferring_features/cfgs/lr0.00062/ckpt-best.pth
2023-11-06 18:09:33,556 - fewshot_scanobjectnn_transferring_features - INFO - --------------------------------------------------------------------------------------------
2023-11-06 18:09:36,344 - fewshot_scanobjectnn_transferring_features - INFO - Save checkpoint at ./experiments/fewshot_scanobjectnn_transferring_features/cfgs/lr0.00062/ckpt-last.pth
2023-11-06 18:09:37,995 - fewshot_scanobjectnn_transferring_features - INFO - [Training] EPOCH: 14 EpochTime = 1.648 (s) Losses = ['1.1994', '79.1667'] lr = 0.000607
2023-11-06 18:09:39,417 - fewshot_scanobjectnn_transferring_features - INFO - [Validation] EPOCH: 14  acc = 59.0000
2023-11-06 18:09:42,830 - fewshot_scanobjectnn_transferring_features - INFO - Save checkpoint at ./experiments/fewshot_scanobjectnn_transferring_features/cfgs/lr0.00062/ckpt-best.pth
2023-11-06 18:09:42,833 - fewshot_scanobjectnn_transferring_features - INFO - --------------------------------------------------------------------------------------------
2023-11-06 18:09:44,936 - fewshot_scanobjectnn_transferring_features - INFO - Save checkpoint at ./experiments/fewshot_scanobjectnn_transferring_features/cfgs/lr0.00062/ckpt-last.pth
2023-11-06 18:09:46,262 - fewshot_scanobjectnn_transferring_features - INFO - [Training] EPOCH: 15 EpochTime = 1.324 (s) Losses = ['1.1212', '77.0833'] lr = 0.000605
2023-11-06 18:09:47,248 - fewshot_scanobjectnn_transferring_features - INFO - [Validation] EPOCH: 15  acc = 58.0000
2023-11-06 18:09:49,166 - fewshot_scanobjectnn_transferring_features - INFO - Save checkpoint at ./experiments/fewshot_scanobjectnn_transferring_features/cfgs/lr0.00062/ckpt-last.pth
2023-11-06 18:09:50,724 - fewshot_scanobjectnn_transferring_features - INFO - [Training] EPOCH: 16 EpochTime = 1.557 (s) Losses = ['0.9523', '84.3750'] lr = 0.000603
2023-11-06 18:09:51,656 - fewshot_scanobjectnn_transferring_features - INFO - [Validation] EPOCH: 16  acc = 58.0000
2023-11-06 18:09:54,587 - fewshot_scanobjectnn_transferring_features - INFO - Save checkpoint at ./experiments/fewshot_scanobjectnn_transferring_features/cfgs/lr0.00062/ckpt-last.pth
2023-11-06 18:09:56,255 - fewshot_scanobjectnn_transferring_features - INFO - [Training] EPOCH: 17 EpochTime = 1.665 (s) Losses = ['0.7336', '88.5417'] lr = 0.000601
2023-11-06 18:09:57,147 - fewshot_scanobjectnn_transferring_features - INFO - [Validation] EPOCH: 17  acc = 65.0000
2023-11-06 18:09:58,872 - fewshot_scanobjectnn_transferring_features - INFO - Save checkpoint at ./experiments/fewshot_scanobjectnn_transferring_features/cfgs/lr0.00062/ckpt-best.pth
2023-11-06 18:09:58,873 - fewshot_scanobjectnn_transferring_features - INFO - --------------------------------------------------------------------------------------------
2023-11-06 18:10:00,533 - fewshot_scanobjectnn_transferring_features - INFO - Save checkpoint at ./experiments/fewshot_scanobjectnn_transferring_features/cfgs/lr0.00062/ckpt-last.pth
2023-11-06 18:10:01,787 - fewshot_scanobjectnn_transferring_features - INFO - [Training] EPOCH: 18 EpochTime = 1.253 (s) Losses = ['0.5907', '95.8333'] lr = 0.000598
2023-11-06 18:10:02,724 - fewshot_scanobjectnn_transferring_features - INFO - [Validation] EPOCH: 18  acc = 69.0000
2023-11-06 18:10:04,619 - fewshot_scanobjectnn_transferring_features - INFO - Save checkpoint at ./experiments/fewshot_scanobjectnn_transferring_features/cfgs/lr0.00062/ckpt-best.pth
2023-11-06 18:10:04,620 - fewshot_scanobjectnn_transferring_features - INFO - --------------------------------------------------------------------------------------------
2023-11-06 18:10:07,227 - fewshot_scanobjectnn_transferring_features - INFO - Save checkpoint at ./experiments/fewshot_scanobjectnn_transferring_features/cfgs/lr0.00062/ckpt-last.pth
2023-11-06 18:10:09,023 - fewshot_scanobjectnn_transferring_features - INFO - [Training] EPOCH: 19 EpochTime = 1.794 (s) Losses = ['0.5072', '98.9583'] lr = 0.000596
2023-11-06 18:10:09,965 - fewshot_scanobjectnn_transferring_features - INFO - [Validation] EPOCH: 19  acc = 68.0000
2023-11-06 18:10:12,277 - fewshot_scanobjectnn_transferring_features - INFO - Save checkpoint at ./experiments/fewshot_scanobjectnn_transferring_features/cfgs/lr0.00062/ckpt-last.pth
2023-11-06 18:10:14,009 - fewshot_scanobjectnn_transferring_features - INFO - [Training] EPOCH: 20 EpochTime = 1.730 (s) Losses = ['0.4479', '98.9583'] lr = 0.000593
2023-11-06 18:10:14,957 - fewshot_scanobjectnn_transferring_features - INFO - [Validation] EPOCH: 20  acc = 69.0000
2023-11-06 18:10:17,595 - fewshot_scanobjectnn_transferring_features - INFO - Save checkpoint at ./experiments/fewshot_scanobjectnn_transferring_features/cfgs/lr0.00062/ckpt-last.pth
2023-11-06 18:10:19,107 - fewshot_scanobjectnn_transferring_features - INFO - [Training] EPOCH: 21 EpochTime = 1.511 (s) Losses = ['0.3730', '98.9583'] lr = 0.000591
2023-11-06 18:10:20,447 - fewshot_scanobjectnn_transferring_features - INFO - [Validation] EPOCH: 21  acc = 70.0000
2023-11-06 18:10:23,448 - fewshot_scanobjectnn_transferring_features - INFO - Save checkpoint at ./experiments/fewshot_scanobjectnn_transferring_features/cfgs/lr0.00062/ckpt-best.pth
2023-11-06 18:10:23,448 - fewshot_scanobjectnn_transferring_features - INFO - --------------------------------------------------------------------------------------------
2023-11-06 18:10:25,339 - fewshot_scanobjectnn_transferring_features - INFO - Save checkpoint at ./experiments/fewshot_scanobjectnn_transferring_features/cfgs/lr0.00062/ckpt-last.pth
2023-11-06 18:10:26,684 - fewshot_scanobjectnn_transferring_features - INFO - [Training] EPOCH: 22 EpochTime = 1.343 (s) Losses = ['0.3256', '98.9583'] lr = 0.000588
2023-11-06 18:10:27,916 - fewshot_scanobjectnn_transferring_features - INFO - [Validation] EPOCH: 22  acc = 68.0000
2023-11-06 18:10:29,577 - fewshot_scanobjectnn_transferring_features - INFO - Save checkpoint at ./experiments/fewshot_scanobjectnn_transferring_features/cfgs/lr0.00062/ckpt-last.pth
2023-11-06 18:10:30,752 - fewshot_scanobjectnn_transferring_features - INFO - [Training] EPOCH: 23 EpochTime = 1.174 (s) Losses = ['0.3025', '98.9583'] lr = 0.000585
2023-11-06 18:10:31,618 - fewshot_scanobjectnn_transferring_features - INFO - [Validation] EPOCH: 23  acc = 65.0000
2023-11-06 18:10:33,379 - fewshot_scanobjectnn_transferring_features - INFO - Save checkpoint at ./experiments/fewshot_scanobjectnn_transferring_features/cfgs/lr0.00062/ckpt-last.pth
2023-11-06 18:10:35,169 - fewshot_scanobjectnn_transferring_features - INFO - [Training] EPOCH: 24 EpochTime = 1.787 (s) Losses = ['0.2051', '100.0000'] lr = 0.000582
2023-11-06 18:10:36,171 - fewshot_scanobjectnn_transferring_features - INFO - [Validation] EPOCH: 24  acc = 67.0000
2023-11-06 18:10:38,432 - fewshot_scanobjectnn_transferring_features - INFO - Save checkpoint at ./experiments/fewshot_scanobjectnn_transferring_features/cfgs/lr0.00062/ckpt-last.pth
2023-11-06 18:10:39,587 - fewshot_scanobjectnn_transferring_features - INFO - [Training] EPOCH: 25 EpochTime = 1.153 (s) Losses = ['0.2168', '100.0000'] lr = 0.000579
2023-11-06 18:10:40,540 - fewshot_scanobjectnn_transferring_features - INFO - [Validation] EPOCH: 25  acc = 69.0000
2023-11-06 18:10:42,239 - fewshot_scanobjectnn_transferring_features - INFO - Save checkpoint at ./experiments/fewshot_scanobjectnn_transferring_features/cfgs/lr0.00062/ckpt-last.pth
2023-11-06 18:10:43,606 - fewshot_scanobjectnn_transferring_features - INFO - [Training] EPOCH: 26 EpochTime = 1.365 (s) Losses = ['0.1848', '100.0000'] lr = 0.000575
2023-11-06 18:10:44,590 - fewshot_scanobjectnn_transferring_features - INFO - [Validation] EPOCH: 26  acc = 68.0000
2023-11-06 18:10:46,244 - fewshot_scanobjectnn_transferring_features - INFO - Save checkpoint at ./experiments/fewshot_scanobjectnn_transferring_features/cfgs/lr0.00062/ckpt-last.pth
2023-11-06 18:10:47,559 - fewshot_scanobjectnn_transferring_features - INFO - [Training] EPOCH: 27 EpochTime = 1.313 (s) Losses = ['0.1563', '100.0000'] lr = 0.000572
2023-11-06 18:10:48,484 - fewshot_scanobjectnn_transferring_features - INFO - [Validation] EPOCH: 27  acc = 68.0000
2023-11-06 18:10:50,480 - fewshot_scanobjectnn_transferring_features - INFO - Save checkpoint at ./experiments/fewshot_scanobjectnn_transferring_features/cfgs/lr0.00062/ckpt-last.pth
2023-11-06 18:10:51,730 - fewshot_scanobjectnn_transferring_features - INFO - [Training] EPOCH: 28 EpochTime = 1.248 (s) Losses = ['0.1883', '98.9583'] lr = 0.000568
2023-11-06 18:10:52,953 - fewshot_scanobjectnn_transferring_features - INFO - [Validation] EPOCH: 28  acc = 70.0000
2023-11-06 18:10:54,545 - fewshot_scanobjectnn_transferring_features - INFO - Save checkpoint at ./experiments/fewshot_scanobjectnn_transferring_features/cfgs/lr0.00062/ckpt-last.pth
2023-11-06 18:10:55,813 - fewshot_scanobjectnn_transferring_features - INFO - [Training] EPOCH: 29 EpochTime = 1.266 (s) Losses = ['0.1620', '100.0000'] lr = 0.000565
2023-11-06 18:10:56,760 - fewshot_scanobjectnn_transferring_features - INFO - [Validation] EPOCH: 29  acc = 73.0000
2023-11-06 18:10:58,456 - fewshot_scanobjectnn_transferring_features - INFO - Save checkpoint at ./experiments/fewshot_scanobjectnn_transferring_features/cfgs/lr0.00062/ckpt-best.pth
2023-11-06 18:10:58,456 - fewshot_scanobjectnn_transferring_features - INFO - --------------------------------------------------------------------------------------------
2023-11-06 18:11:00,761 - fewshot_scanobjectnn_transferring_features - INFO - Save checkpoint at ./experiments/fewshot_scanobjectnn_transferring_features/cfgs/lr0.00062/ckpt-last.pth
2023-11-06 18:11:02,539 - fewshot_scanobjectnn_transferring_features - INFO - [Training] EPOCH: 30 EpochTime = 1.775 (s) Losses = ['0.1176', '100.0000'] lr = 0.000561
2023-11-06 18:11:03,753 - fewshot_scanobjectnn_transferring_features - INFO - [Validation] EPOCH: 30  acc = 75.0000
2023-11-06 18:11:06,488 - fewshot_scanobjectnn_transferring_features - INFO - Save checkpoint at ./experiments/fewshot_scanobjectnn_transferring_features/cfgs/lr0.00062/ckpt-best.pth
2023-11-06 18:11:06,489 - fewshot_scanobjectnn_transferring_features - INFO - --------------------------------------------------------------------------------------------
2023-11-06 18:11:08,291 - fewshot_scanobjectnn_transferring_features - INFO - Save checkpoint at ./experiments/fewshot_scanobjectnn_transferring_features/cfgs/lr0.00062/ckpt-last.pth
2023-11-06 18:11:09,482 - fewshot_scanobjectnn_transferring_features - INFO - [Training] EPOCH: 31 EpochTime = 1.187 (s) Losses = ['0.1112', '100.0000'] lr = 0.000557
2023-11-06 18:11:10,611 - fewshot_scanobjectnn_transferring_features - INFO - [Validation] EPOCH: 31  acc = 75.0000
2023-11-06 18:11:13,155 - fewshot_scanobjectnn_transferring_features - INFO - Save checkpoint at ./experiments/fewshot_scanobjectnn_transferring_features/cfgs/lr0.00062/ckpt-last.pth
2023-11-06 18:11:14,360 - fewshot_scanobjectnn_transferring_features - INFO - [Training] EPOCH: 32 EpochTime = 1.203 (s) Losses = ['0.1030', '100.0000'] lr = 0.000553
2023-11-06 18:11:15,522 - fewshot_scanobjectnn_transferring_features - INFO - [Validation] EPOCH: 32  acc = 73.0000
2023-11-06 18:11:17,323 - fewshot_scanobjectnn_transferring_features - INFO - Save checkpoint at ./experiments/fewshot_scanobjectnn_transferring_features/cfgs/lr0.00062/ckpt-last.pth
2023-11-06 18:11:18,624 - fewshot_scanobjectnn_transferring_features - INFO - [Training] EPOCH: 33 EpochTime = 1.298 (s) Losses = ['0.1119', '100.0000'] lr = 0.000549
2023-11-06 18:11:19,898 - fewshot_scanobjectnn_transferring_features - INFO - [Validation] EPOCH: 33  acc = 73.0000
2023-11-06 18:11:21,496 - fewshot_scanobjectnn_transferring_features - INFO - Save checkpoint at ./experiments/fewshot_scanobjectnn_transferring_features/cfgs/lr0.00062/ckpt-last.pth
2023-11-06 18:11:22,785 - fewshot_scanobjectnn_transferring_features - INFO - [Training] EPOCH: 34 EpochTime = 1.288 (s) Losses = ['0.0953', '100.0000'] lr = 0.000545
2023-11-06 18:11:23,891 - fewshot_scanobjectnn_transferring_features - INFO - [Validation] EPOCH: 34  acc = 72.0000
2023-11-06 18:11:25,690 - fewshot_scanobjectnn_transferring_features - INFO - Save checkpoint at ./experiments/fewshot_scanobjectnn_transferring_features/cfgs/lr0.00062/ckpt-last.pth
2023-11-06 18:11:26,860 - fewshot_scanobjectnn_transferring_features - INFO - [Training] EPOCH: 35 EpochTime = 1.168 (s) Losses = ['0.0818', '100.0000'] lr = 0.000541
2023-11-06 18:11:27,987 - fewshot_scanobjectnn_transferring_features - INFO - [Validation] EPOCH: 35  acc = 71.0000
2023-11-06 18:11:30,184 - fewshot_scanobjectnn_transferring_features - INFO - Save checkpoint at ./experiments/fewshot_scanobjectnn_transferring_features/cfgs/lr0.00062/ckpt-last.pth
2023-11-06 18:11:31,458 - fewshot_scanobjectnn_transferring_features - INFO - [Training] EPOCH: 36 EpochTime = 1.273 (s) Losses = ['0.0584', '100.0000'] lr = 0.000536
2023-11-06 18:11:32,575 - fewshot_scanobjectnn_transferring_features - INFO - [Validation] EPOCH: 36  acc = 70.0000
2023-11-06 18:11:34,657 - fewshot_scanobjectnn_transferring_features - INFO - Save checkpoint at ./experiments/fewshot_scanobjectnn_transferring_features/cfgs/lr0.00062/ckpt-last.pth
2023-11-06 18:11:35,901 - fewshot_scanobjectnn_transferring_features - INFO - [Training] EPOCH: 37 EpochTime = 1.243 (s) Losses = ['0.1013', '100.0000'] lr = 0.000532
2023-11-06 18:11:36,838 - fewshot_scanobjectnn_transferring_features - INFO - [Validation] EPOCH: 37  acc = 70.0000
2023-11-06 18:11:38,819 - fewshot_scanobjectnn_transferring_features - INFO - Save checkpoint at ./experiments/fewshot_scanobjectnn_transferring_features/cfgs/lr0.00062/ckpt-last.pth
2023-11-06 18:11:40,189 - fewshot_scanobjectnn_transferring_features - INFO - [Training] EPOCH: 38 EpochTime = 1.368 (s) Losses = ['0.0703', '100.0000'] lr = 0.000527
2023-11-06 18:11:41,497 - fewshot_scanobjectnn_transferring_features - INFO - [Validation] EPOCH: 38  acc = 69.0000
2023-11-06 18:11:43,417 - fewshot_scanobjectnn_transferring_features - INFO - Save checkpoint at ./experiments/fewshot_scanobjectnn_transferring_features/cfgs/lr0.00062/ckpt-last.pth
2023-11-06 18:11:44,648 - fewshot_scanobjectnn_transferring_features - INFO - [Training] EPOCH: 39 EpochTime = 1.228 (s) Losses = ['0.0678', '100.0000'] lr = 0.000522
2023-11-06 18:11:45,624 - fewshot_scanobjectnn_transferring_features - INFO - [Validation] EPOCH: 39  acc = 69.0000
2023-11-06 18:11:47,739 - fewshot_scanobjectnn_transferring_features - INFO - Save checkpoint at ./experiments/fewshot_scanobjectnn_transferring_features/cfgs/lr0.00062/ckpt-last.pth
2023-11-06 18:11:48,942 - fewshot_scanobjectnn_transferring_features - INFO - [Training] EPOCH: 40 EpochTime = 1.202 (s) Losses = ['0.0628', '100.0000'] lr = 0.000518
2023-11-06 18:11:50,009 - fewshot_scanobjectnn_transferring_features - INFO - [Validation] EPOCH: 40  acc = 71.0000
2023-11-06 18:11:51,803 - fewshot_scanobjectnn_transferring_features - INFO - Save checkpoint at ./experiments/fewshot_scanobjectnn_transferring_features/cfgs/lr0.00062/ckpt-last.pth
2023-11-06 18:11:53,081 - fewshot_scanobjectnn_transferring_features - INFO - [Training] EPOCH: 41 EpochTime = 1.276 (s) Losses = ['0.0661', '100.0000'] lr = 0.000513
2023-11-06 18:11:54,108 - fewshot_scanobjectnn_transferring_features - INFO - [Validation] EPOCH: 41  acc = 71.0000
2023-11-06 18:11:55,852 - fewshot_scanobjectnn_transferring_features - INFO - Save checkpoint at ./experiments/fewshot_scanobjectnn_transferring_features/cfgs/lr0.00062/ckpt-last.pth
2023-11-06 18:11:57,173 - fewshot_scanobjectnn_transferring_features - INFO - [Training] EPOCH: 42 EpochTime = 1.318 (s) Losses = ['0.0703', '100.0000'] lr = 0.000508
2023-11-06 18:11:58,059 - fewshot_scanobjectnn_transferring_features - INFO - [Validation] EPOCH: 42  acc = 70.0000
2023-11-06 18:11:59,685 - fewshot_scanobjectnn_transferring_features - INFO - Save checkpoint at ./experiments/fewshot_scanobjectnn_transferring_features/cfgs/lr0.00062/ckpt-last.pth
2023-11-06 18:12:01,501 - fewshot_scanobjectnn_transferring_features - INFO - [Training] EPOCH: 43 EpochTime = 1.814 (s) Losses = ['0.0507', '100.0000'] lr = 0.000503
2023-11-06 18:12:02,516 - fewshot_scanobjectnn_transferring_features - INFO - [Validation] EPOCH: 43  acc = 72.0000
2023-11-06 18:12:04,348 - fewshot_scanobjectnn_transferring_features - INFO - Save checkpoint at ./experiments/fewshot_scanobjectnn_transferring_features/cfgs/lr0.00062/ckpt-last.pth
2023-11-06 18:12:05,693 - fewshot_scanobjectnn_transferring_features - INFO - [Training] EPOCH: 44 EpochTime = 1.343 (s) Losses = ['0.0642', '100.0000'] lr = 0.000498
2023-11-06 18:12:06,573 - fewshot_scanobjectnn_transferring_features - INFO - [Validation] EPOCH: 44  acc = 74.0000
2023-11-06 18:12:08,404 - fewshot_scanobjectnn_transferring_features - INFO - Save checkpoint at ./experiments/fewshot_scanobjectnn_transferring_features/cfgs/lr0.00062/ckpt-last.pth
2023-11-06 18:12:09,666 - fewshot_scanobjectnn_transferring_features - INFO - [Training] EPOCH: 45 EpochTime = 1.260 (s) Losses = ['0.0557', '100.0000'] lr = 0.000492
2023-11-06 18:12:10,691 - fewshot_scanobjectnn_transferring_features - INFO - [Validation] EPOCH: 45  acc = 73.0000
2023-11-06 18:12:12,328 - fewshot_scanobjectnn_transferring_features - INFO - Save checkpoint at ./experiments/fewshot_scanobjectnn_transferring_features/cfgs/lr0.00062/ckpt-last.pth
2023-11-06 18:12:13,741 - fewshot_scanobjectnn_transferring_features - INFO - [Training] EPOCH: 46 EpochTime = 1.411 (s) Losses = ['0.0611', '100.0000'] lr = 0.000487
2023-11-06 18:12:14,965 - fewshot_scanobjectnn_transferring_features - INFO - [Validation] EPOCH: 46  acc = 72.0000
2023-11-06 18:12:16,632 - fewshot_scanobjectnn_transferring_features - INFO - Save checkpoint at ./experiments/fewshot_scanobjectnn_transferring_features/cfgs/lr0.00062/ckpt-last.pth
2023-11-06 18:12:17,838 - fewshot_scanobjectnn_transferring_features - INFO - [Training] EPOCH: 47 EpochTime = 1.203 (s) Losses = ['0.0418', '100.0000'] lr = 0.000482
2023-11-06 18:12:19,039 - fewshot_scanobjectnn_transferring_features - INFO - [Validation] EPOCH: 47  acc = 71.0000
2023-11-06 18:12:21,007 - fewshot_scanobjectnn_transferring_features - INFO - Save checkpoint at ./experiments/fewshot_scanobjectnn_transferring_features/cfgs/lr0.00062/ckpt-last.pth
2023-11-06 18:12:22,364 - fewshot_scanobjectnn_transferring_features - INFO - [Training] EPOCH: 48 EpochTime = 1.355 (s) Losses = ['0.0623', '100.0000'] lr = 0.000476
2023-11-06 18:12:23,463 - fewshot_scanobjectnn_transferring_features - INFO - [Validation] EPOCH: 48  acc = 71.0000
2023-11-06 18:12:25,170 - fewshot_scanobjectnn_transferring_features - INFO - Save checkpoint at ./experiments/fewshot_scanobjectnn_transferring_features/cfgs/lr0.00062/ckpt-last.pth
2023-11-06 18:12:26,402 - fewshot_scanobjectnn_transferring_features - INFO - [Training] EPOCH: 49 EpochTime = 1.230 (s) Losses = ['0.0492', '100.0000'] lr = 0.000471
2023-11-06 18:12:27,615 - fewshot_scanobjectnn_transferring_features - INFO - [Validation] EPOCH: 49  acc = 69.0000
2023-11-06 18:12:29,248 - fewshot_scanobjectnn_transferring_features - INFO - Save checkpoint at ./experiments/fewshot_scanobjectnn_transferring_features/cfgs/lr0.00062/ckpt-last.pth
2023-11-06 18:12:30,398 - fewshot_scanobjectnn_transferring_features - INFO - [Training] EPOCH: 50 EpochTime = 1.149 (s) Losses = ['0.0629', '100.0000'] lr = 0.000465
2023-11-06 18:12:31,537 - fewshot_scanobjectnn_transferring_features - INFO - [Validation] EPOCH: 50  acc = 70.0000
2023-11-06 18:12:32,878 - fewshot_scanobjectnn_transferring_features - INFO - Save checkpoint at ./experiments/fewshot_scanobjectnn_transferring_features/cfgs/lr0.00062/ckpt-last.pth
2023-11-06 18:12:34,246 - fewshot_scanobjectnn_transferring_features - INFO - [Training] EPOCH: 51 EpochTime = 1.365 (s) Losses = ['0.0536', '100.0000'] lr = 0.000460
2023-11-06 18:12:35,367 - fewshot_scanobjectnn_transferring_features - INFO - [Validation] EPOCH: 51  acc = 71.0000
2023-11-06 18:12:37,118 - fewshot_scanobjectnn_transferring_features - INFO - Save checkpoint at ./experiments/fewshot_scanobjectnn_transferring_features/cfgs/lr0.00062/ckpt-last.pth
2023-11-06 18:12:38,303 - fewshot_scanobjectnn_transferring_features - INFO - [Training] EPOCH: 52 EpochTime = 1.183 (s) Losses = ['0.0401', '100.0000'] lr = 0.000454
2023-11-06 18:12:39,580 - fewshot_scanobjectnn_transferring_features - INFO - [Validation] EPOCH: 52  acc = 71.0000
2023-11-06 18:12:42,539 - fewshot_scanobjectnn_transferring_features - INFO - Save checkpoint at ./experiments/fewshot_scanobjectnn_transferring_features/cfgs/lr0.00062/ckpt-last.pth
2023-11-06 18:12:44,185 - fewshot_scanobjectnn_transferring_features - INFO - [Training] EPOCH: 53 EpochTime = 1.643 (s) Losses = ['0.0403', '100.0000'] lr = 0.000448
2023-11-06 18:12:45,089 - fewshot_scanobjectnn_transferring_features - INFO - [Validation] EPOCH: 53  acc = 69.0000
2023-11-06 18:12:47,080 - fewshot_scanobjectnn_transferring_features - INFO - Save checkpoint at ./experiments/fewshot_scanobjectnn_transferring_features/cfgs/lr0.00062/ckpt-last.pth
2023-11-06 18:12:48,737 - fewshot_scanobjectnn_transferring_features - INFO - [Training] EPOCH: 54 EpochTime = 1.655 (s) Losses = ['0.0452', '100.0000'] lr = 0.000442
2023-11-06 18:12:49,701 - fewshot_scanobjectnn_transferring_features - INFO - [Validation] EPOCH: 54  acc = 69.0000
2023-11-06 18:12:52,439 - fewshot_scanobjectnn_transferring_features - INFO - Save checkpoint at ./experiments/fewshot_scanobjectnn_transferring_features/cfgs/lr0.00062/ckpt-last.pth
2023-11-06 18:12:54,196 - fewshot_scanobjectnn_transferring_features - INFO - [Training] EPOCH: 55 EpochTime = 1.755 (s) Losses = ['0.0430', '100.0000'] lr = 0.000436
2023-11-06 18:12:55,641 - fewshot_scanobjectnn_transferring_features - INFO - [Validation] EPOCH: 55  acc = 71.0000
2023-11-06 18:12:57,973 - fewshot_scanobjectnn_transferring_features - INFO - Save checkpoint at ./experiments/fewshot_scanobjectnn_transferring_features/cfgs/lr0.00062/ckpt-last.pth
2023-11-06 18:12:59,433 - fewshot_scanobjectnn_transferring_features - INFO - [Training] EPOCH: 56 EpochTime = 1.458 (s) Losses = ['0.0470', '100.0000'] lr = 0.000430
2023-11-06 18:13:00,769 - fewshot_scanobjectnn_transferring_features - INFO - [Validation] EPOCH: 56  acc = 70.0000
2023-11-06 18:13:03,084 - fewshot_scanobjectnn_transferring_features - INFO - Save checkpoint at ./experiments/fewshot_scanobjectnn_transferring_features/cfgs/lr0.00062/ckpt-last.pth
2023-11-06 18:13:04,326 - fewshot_scanobjectnn_transferring_features - INFO - [Training] EPOCH: 57 EpochTime = 1.240 (s) Losses = ['0.0477', '100.0000'] lr = 0.000424
2023-11-06 18:13:05,173 - fewshot_scanobjectnn_transferring_features - INFO - [Validation] EPOCH: 57  acc = 72.0000
2023-11-06 18:13:06,984 - fewshot_scanobjectnn_transferring_features - INFO - Save checkpoint at ./experiments/fewshot_scanobjectnn_transferring_features/cfgs/lr0.00062/ckpt-last.pth
2023-11-06 18:13:08,595 - fewshot_scanobjectnn_transferring_features - INFO - [Training] EPOCH: 58 EpochTime = 1.604 (s) Losses = ['0.0418', '100.0000'] lr = 0.000418
2023-11-06 18:13:09,442 - fewshot_scanobjectnn_transferring_features - INFO - [Validation] EPOCH: 58  acc = 69.0000
2023-11-06 18:13:11,097 - fewshot_scanobjectnn_transferring_features - INFO - Save checkpoint at ./experiments/fewshot_scanobjectnn_transferring_features/cfgs/lr0.00062/ckpt-last.pth
2023-11-06 18:13:12,733 - fewshot_scanobjectnn_transferring_features - INFO - [Training] EPOCH: 59 EpochTime = 1.632 (s) Losses = ['0.0391', '100.0000'] lr = 0.000412
2023-11-06 18:13:13,671 - fewshot_scanobjectnn_transferring_features - INFO - [Validation] EPOCH: 59  acc = 70.0000
2023-11-06 18:13:15,410 - fewshot_scanobjectnn_transferring_features - INFO - Save checkpoint at ./experiments/fewshot_scanobjectnn_transferring_features/cfgs/lr0.00062/ckpt-last.pth
2023-11-06 18:13:17,273 - fewshot_scanobjectnn_transferring_features - INFO - [Training] EPOCH: 60 EpochTime = 1.861 (s) Losses = ['0.0484', '100.0000'] lr = 0.000406
2023-11-06 18:13:18,206 - fewshot_scanobjectnn_transferring_features - INFO - [Validation] EPOCH: 60  acc = 72.0000
2023-11-06 18:13:20,076 - fewshot_scanobjectnn_transferring_features - INFO - Save checkpoint at ./experiments/fewshot_scanobjectnn_transferring_features/cfgs/lr0.00062/ckpt-last.pth
2023-11-06 18:13:21,380 - fewshot_scanobjectnn_transferring_features - INFO - [Training] EPOCH: 61 EpochTime = 1.301 (s) Losses = ['0.0440', '100.0000'] lr = 0.000400
2023-11-06 18:13:22,827 - fewshot_scanobjectnn_transferring_features - INFO - [Validation] EPOCH: 61  acc = 72.0000
2023-11-06 18:13:24,416 - fewshot_scanobjectnn_transferring_features - INFO - Save checkpoint at ./experiments/fewshot_scanobjectnn_transferring_features/cfgs/lr0.00062/ckpt-last.pth
2023-11-06 18:13:25,650 - fewshot_scanobjectnn_transferring_features - INFO - [Training] EPOCH: 62 EpochTime = 1.232 (s) Losses = ['0.0615', '100.0000'] lr = 0.000394
2023-11-06 18:13:26,955 - fewshot_scanobjectnn_transferring_features - INFO - [Validation] EPOCH: 62  acc = 71.0000
2023-11-06 18:13:28,724 - fewshot_scanobjectnn_transferring_features - INFO - Save checkpoint at ./experiments/fewshot_scanobjectnn_transferring_features/cfgs/lr0.00062/ckpt-last.pth
2023-11-06 18:13:30,040 - fewshot_scanobjectnn_transferring_features - INFO - [Training] EPOCH: 63 EpochTime = 1.313 (s) Losses = ['0.0271', '100.0000'] lr = 0.000387
2023-11-06 18:13:31,319 - fewshot_scanobjectnn_transferring_features - INFO - [Validation] EPOCH: 63  acc = 72.0000
2023-11-06 18:13:32,999 - fewshot_scanobjectnn_transferring_features - INFO - Save checkpoint at ./experiments/fewshot_scanobjectnn_transferring_features/cfgs/lr0.00062/ckpt-last.pth
2023-11-06 18:13:34,224 - fewshot_scanobjectnn_transferring_features - INFO - [Training] EPOCH: 64 EpochTime = 1.222 (s) Losses = ['0.0337', '100.0000'] lr = 0.000381
2023-11-06 18:13:35,497 - fewshot_scanobjectnn_transferring_features - INFO - [Validation] EPOCH: 64  acc = 70.0000
2023-11-06 18:13:37,251 - fewshot_scanobjectnn_transferring_features - INFO - Save checkpoint at ./experiments/fewshot_scanobjectnn_transferring_features/cfgs/lr0.00062/ckpt-last.pth
2023-11-06 18:13:38,449 - fewshot_scanobjectnn_transferring_features - INFO - [Training] EPOCH: 65 EpochTime = 1.197 (s) Losses = ['0.0545', '100.0000'] lr = 0.000375
2023-11-06 18:13:39,662 - fewshot_scanobjectnn_transferring_features - INFO - [Validation] EPOCH: 65  acc = 69.0000
2023-11-06 18:13:41,333 - fewshot_scanobjectnn_transferring_features - INFO - Save checkpoint at ./experiments/fewshot_scanobjectnn_transferring_features/cfgs/lr0.00062/ckpt-last.pth
2023-11-06 18:13:42,621 - fewshot_scanobjectnn_transferring_features - INFO - [Training] EPOCH: 66 EpochTime = 1.285 (s) Losses = ['0.0371', '100.0000'] lr = 0.000368
2023-11-06 18:13:43,842 - fewshot_scanobjectnn_transferring_features - INFO - [Validation] EPOCH: 66  acc = 70.0000
2023-11-06 18:13:45,888 - fewshot_scanobjectnn_transferring_features - INFO - Save checkpoint at ./experiments/fewshot_scanobjectnn_transferring_features/cfgs/lr0.00062/ckpt-last.pth
2023-11-06 18:13:47,689 - fewshot_scanobjectnn_transferring_features - INFO - [Training] EPOCH: 67 EpochTime = 1.800 (s) Losses = ['0.0280', '100.0000'] lr = 0.000362
2023-11-06 18:13:48,706 - fewshot_scanobjectnn_transferring_features - INFO - [Validation] EPOCH: 67  acc = 71.0000
2023-11-06 18:13:51,413 - fewshot_scanobjectnn_transferring_features - INFO - Save checkpoint at ./experiments/fewshot_scanobjectnn_transferring_features/cfgs/lr0.00062/ckpt-last.pth
2023-11-06 18:13:53,053 - fewshot_scanobjectnn_transferring_features - INFO - [Training] EPOCH: 68 EpochTime = 1.638 (s) Losses = ['0.0314', '100.0000'] lr = 0.000356
2023-11-06 18:13:54,217 - fewshot_scanobjectnn_transferring_features - INFO - [Validation] EPOCH: 68  acc = 71.0000
2023-11-06 18:13:58,144 - fewshot_scanobjectnn_transferring_features - INFO - Save checkpoint at ./experiments/fewshot_scanobjectnn_transferring_features/cfgs/lr0.00062/ckpt-last.pth
2023-11-06 18:13:59,927 - fewshot_scanobjectnn_transferring_features - INFO - [Training] EPOCH: 69 EpochTime = 1.781 (s) Losses = ['0.0395', '100.0000'] lr = 0.000349
2023-11-06 18:14:00,876 - fewshot_scanobjectnn_transferring_features - INFO - [Validation] EPOCH: 69  acc = 71.0000
2023-11-06 18:14:02,663 - fewshot_scanobjectnn_transferring_features - INFO - Save checkpoint at ./experiments/fewshot_scanobjectnn_transferring_features/cfgs/lr0.00062/ckpt-last.pth
2023-11-06 18:14:03,904 - fewshot_scanobjectnn_transferring_features - INFO - [Training] EPOCH: 70 EpochTime = 1.238 (s) Losses = ['0.0296', '100.0000'] lr = 0.000343
2023-11-06 18:14:04,836 - fewshot_scanobjectnn_transferring_features - INFO - [Validation] EPOCH: 70  acc = 71.0000
2023-11-06 18:14:06,871 - fewshot_scanobjectnn_transferring_features - INFO - Save checkpoint at ./experiments/fewshot_scanobjectnn_transferring_features/cfgs/lr0.00062/ckpt-last.pth
2023-11-06 18:14:08,115 - fewshot_scanobjectnn_transferring_features - INFO - [Training] EPOCH: 71 EpochTime = 1.242 (s) Losses = ['0.0349', '100.0000'] lr = 0.000336
2023-11-06 18:14:09,244 - fewshot_scanobjectnn_transferring_features - INFO - [Validation] EPOCH: 71  acc = 71.0000
2023-11-06 18:14:10,892 - fewshot_scanobjectnn_transferring_features - INFO - Save checkpoint at ./experiments/fewshot_scanobjectnn_transferring_features/cfgs/lr0.00062/ckpt-last.pth
2023-11-06 18:14:12,214 - fewshot_scanobjectnn_transferring_features - INFO - [Training] EPOCH: 72 EpochTime = 1.321 (s) Losses = ['0.0312', '100.0000'] lr = 0.000330
2023-11-06 18:14:13,543 - fewshot_scanobjectnn_transferring_features - INFO - [Validation] EPOCH: 72  acc = 71.0000
2023-11-06 18:14:15,481 - fewshot_scanobjectnn_transferring_features - INFO - Save checkpoint at ./experiments/fewshot_scanobjectnn_transferring_features/cfgs/lr0.00062/ckpt-last.pth
2023-11-06 18:14:16,735 - fewshot_scanobjectnn_transferring_features - INFO - [Training] EPOCH: 73 EpochTime = 1.251 (s) Losses = ['0.0219', '100.0000'] lr = 0.000323
2023-11-06 18:14:17,998 - fewshot_scanobjectnn_transferring_features - INFO - [Validation] EPOCH: 73  acc = 72.0000
2023-11-06 18:14:19,872 - fewshot_scanobjectnn_transferring_features - INFO - Save checkpoint at ./experiments/fewshot_scanobjectnn_transferring_features/cfgs/lr0.00062/ckpt-last.pth
2023-11-06 18:14:21,100 - fewshot_scanobjectnn_transferring_features - INFO - [Training] EPOCH: 74 EpochTime = 1.226 (s) Losses = ['0.0315', '100.0000'] lr = 0.000317
2023-11-06 18:14:22,246 - fewshot_scanobjectnn_transferring_features - INFO - [Validation] EPOCH: 74  acc = 71.0000
2023-11-06 18:14:24,250 - fewshot_scanobjectnn_transferring_features - INFO - Save checkpoint at ./experiments/fewshot_scanobjectnn_transferring_features/cfgs/lr0.00062/ckpt-last.pth
2023-11-06 18:14:25,458 - fewshot_scanobjectnn_transferring_features - INFO - [Training] EPOCH: 75 EpochTime = 1.206 (s) Losses = ['0.0236', '100.0000'] lr = 0.000311
2023-11-06 18:14:26,668 - fewshot_scanobjectnn_transferring_features - INFO - [Validation] EPOCH: 75  acc = 71.0000
2023-11-06 18:14:28,822 - fewshot_scanobjectnn_transferring_features - INFO - Save checkpoint at ./experiments/fewshot_scanobjectnn_transferring_features/cfgs/lr0.00062/ckpt-last.pth
2023-11-06 18:14:30,605 - fewshot_scanobjectnn_transferring_features - INFO - [Training] EPOCH: 76 EpochTime = 1.781 (s) Losses = ['0.0267', '100.0000'] lr = 0.000304
2023-11-06 18:14:31,599 - fewshot_scanobjectnn_transferring_features - INFO - [Validation] EPOCH: 76  acc = 70.0000
2023-11-06 18:14:34,339 - fewshot_scanobjectnn_transferring_features - INFO - Save checkpoint at ./experiments/fewshot_scanobjectnn_transferring_features/cfgs/lr0.00062/ckpt-last.pth
2023-11-06 18:14:36,264 - fewshot_scanobjectnn_transferring_features - INFO - [Training] EPOCH: 77 EpochTime = 1.923 (s) Losses = ['0.0198', '100.0000'] lr = 0.000298
2023-11-06 18:14:37,653 - fewshot_scanobjectnn_transferring_features - INFO - [Validation] EPOCH: 77  acc = 71.0000
2023-11-06 18:14:39,874 - fewshot_scanobjectnn_transferring_features - INFO - Save checkpoint at ./experiments/fewshot_scanobjectnn_transferring_features/cfgs/lr0.00062/ckpt-last.pth
2023-11-06 18:14:41,448 - fewshot_scanobjectnn_transferring_features - INFO - [Training] EPOCH: 78 EpochTime = 1.571 (s) Losses = ['0.0227', '100.0000'] lr = 0.000291
2023-11-06 18:14:42,395 - fewshot_scanobjectnn_transferring_features - INFO - [Validation] EPOCH: 78  acc = 70.0000
2023-11-06 18:14:44,427 - fewshot_scanobjectnn_transferring_features - INFO - Save checkpoint at ./experiments/fewshot_scanobjectnn_transferring_features/cfgs/lr0.00062/ckpt-last.pth
2023-11-06 18:14:46,260 - fewshot_scanobjectnn_transferring_features - INFO - [Training] EPOCH: 79 EpochTime = 1.830 (s) Losses = ['0.0317', '100.0000'] lr = 0.000285
2023-11-06 18:14:47,188 - fewshot_scanobjectnn_transferring_features - INFO - [Validation] EPOCH: 79  acc = 73.0000
2023-11-06 18:14:48,964 - fewshot_scanobjectnn_transferring_features - INFO - Save checkpoint at ./experiments/fewshot_scanobjectnn_transferring_features/cfgs/lr0.00062/ckpt-last.pth
2023-11-06 18:14:50,436 - fewshot_scanobjectnn_transferring_features - INFO - [Training] EPOCH: 80 EpochTime = 1.470 (s) Losses = ['0.0274', '100.0000'] lr = 0.000278
2023-11-06 18:14:51,294 - fewshot_scanobjectnn_transferring_features - INFO - [Validation] EPOCH: 80  acc = 70.0000
2023-11-06 18:14:52,932 - fewshot_scanobjectnn_transferring_features - INFO - Save checkpoint at ./experiments/fewshot_scanobjectnn_transferring_features/cfgs/lr0.00062/ckpt-last.pth
2023-11-06 18:14:54,382 - fewshot_scanobjectnn_transferring_features - INFO - [Training] EPOCH: 81 EpochTime = 1.447 (s) Losses = ['0.0181', '100.0000'] lr = 0.000272
2023-11-06 18:14:55,414 - fewshot_scanobjectnn_transferring_features - INFO - [Validation] EPOCH: 81  acc = 70.0000
2023-11-06 18:14:57,151 - fewshot_scanobjectnn_transferring_features - INFO - Save checkpoint at ./experiments/fewshot_scanobjectnn_transferring_features/cfgs/lr0.00062/ckpt-last.pth
2023-11-06 18:14:58,382 - fewshot_scanobjectnn_transferring_features - INFO - [Training] EPOCH: 82 EpochTime = 1.229 (s) Losses = ['0.0232', '100.0000'] lr = 0.000265
2023-11-06 18:14:59,623 - fewshot_scanobjectnn_transferring_features - INFO - [Validation] EPOCH: 82  acc = 70.0000
2023-11-06 18:15:01,290 - fewshot_scanobjectnn_transferring_features - INFO - Save checkpoint at ./experiments/fewshot_scanobjectnn_transferring_features/cfgs/lr0.00062/ckpt-last.pth
2023-11-06 18:15:02,466 - fewshot_scanobjectnn_transferring_features - INFO - [Training] EPOCH: 83 EpochTime = 1.173 (s) Losses = ['0.0247', '100.0000'] lr = 0.000259
2023-11-06 18:15:03,634 - fewshot_scanobjectnn_transferring_features - INFO - [Validation] EPOCH: 83  acc = 69.0000
2023-11-06 18:15:05,336 - fewshot_scanobjectnn_transferring_features - INFO - Save checkpoint at ./experiments/fewshot_scanobjectnn_transferring_features/cfgs/lr0.00062/ckpt-last.pth
2023-11-06 18:15:06,564 - fewshot_scanobjectnn_transferring_features - INFO - [Training] EPOCH: 84 EpochTime = 1.226 (s) Losses = ['0.0221', '100.0000'] lr = 0.000253
2023-11-06 18:15:07,842 - fewshot_scanobjectnn_transferring_features - INFO - [Validation] EPOCH: 84  acc = 69.0000
2023-11-06 18:15:09,524 - fewshot_scanobjectnn_transferring_features - INFO - Save checkpoint at ./experiments/fewshot_scanobjectnn_transferring_features/cfgs/lr0.00062/ckpt-last.pth
2023-11-06 18:15:10,835 - fewshot_scanobjectnn_transferring_features - INFO - [Training] EPOCH: 85 EpochTime = 1.309 (s) Losses = ['0.0282', '100.0000'] lr = 0.000246
2023-11-06 18:15:12,145 - fewshot_scanobjectnn_transferring_features - INFO - [Validation] EPOCH: 85  acc = 72.0000
2023-11-06 18:15:13,911 - fewshot_scanobjectnn_transferring_features - INFO - Save checkpoint at ./experiments/fewshot_scanobjectnn_transferring_features/cfgs/lr0.00062/ckpt-last.pth
2023-11-06 18:15:15,195 - fewshot_scanobjectnn_transferring_features - INFO - [Training] EPOCH: 86 EpochTime = 1.281 (s) Losses = ['0.0276', '100.0000'] lr = 0.000240
2023-11-06 18:15:16,518 - fewshot_scanobjectnn_transferring_features - INFO - [Validation] EPOCH: 86  acc = 73.0000
2023-11-06 18:15:18,372 - fewshot_scanobjectnn_transferring_features - INFO - Save checkpoint at ./experiments/fewshot_scanobjectnn_transferring_features/cfgs/lr0.00062/ckpt-last.pth
2023-11-06 18:15:19,556 - fewshot_scanobjectnn_transferring_features - INFO - [Training] EPOCH: 87 EpochTime = 1.181 (s) Losses = ['0.0237', '100.0000'] lr = 0.000234
2023-11-06 18:15:20,630 - fewshot_scanobjectnn_transferring_features - INFO - [Validation] EPOCH: 87  acc = 73.0000
2023-11-06 18:15:22,278 - fewshot_scanobjectnn_transferring_features - INFO - Save checkpoint at ./experiments/fewshot_scanobjectnn_transferring_features/cfgs/lr0.00062/ckpt-last.pth
2023-11-06 18:15:23,520 - fewshot_scanobjectnn_transferring_features - INFO - [Training] EPOCH: 88 EpochTime = 1.240 (s) Losses = ['0.0353', '100.0000'] lr = 0.000227
2023-11-06 18:15:24,627 - fewshot_scanobjectnn_transferring_features - INFO - [Validation] EPOCH: 88  acc = 71.0000
2023-11-06 18:15:26,193 - fewshot_scanobjectnn_transferring_features - INFO - Save checkpoint at ./experiments/fewshot_scanobjectnn_transferring_features/cfgs/lr0.00062/ckpt-last.pth
2023-11-06 18:15:27,532 - fewshot_scanobjectnn_transferring_features - INFO - [Training] EPOCH: 89 EpochTime = 1.337 (s) Losses = ['0.0141', '100.0000'] lr = 0.000221
2023-11-06 18:15:28,628 - fewshot_scanobjectnn_transferring_features - INFO - [Validation] EPOCH: 89  acc = 70.0000
2023-11-06 18:15:30,611 - fewshot_scanobjectnn_transferring_features - INFO - Save checkpoint at ./experiments/fewshot_scanobjectnn_transferring_features/cfgs/lr0.00062/ckpt-last.pth
2023-11-06 18:15:31,836 - fewshot_scanobjectnn_transferring_features - INFO - [Training] EPOCH: 90 EpochTime = 1.223 (s) Losses = ['0.0223', '100.0000'] lr = 0.000215
2023-11-06 18:15:32,707 - fewshot_scanobjectnn_transferring_features - INFO - [Validation] EPOCH: 90  acc = 72.0000
2023-11-06 18:15:34,603 - fewshot_scanobjectnn_transferring_features - INFO - Save checkpoint at ./experiments/fewshot_scanobjectnn_transferring_features/cfgs/lr0.00062/ckpt-last.pth
2023-11-06 18:15:35,963 - fewshot_scanobjectnn_transferring_features - INFO - [Training] EPOCH: 91 EpochTime = 1.359 (s) Losses = ['0.0314', '100.0000'] lr = 0.000209
2023-11-06 18:15:37,213 - fewshot_scanobjectnn_transferring_features - INFO - [Validation] EPOCH: 91  acc = 73.0000
2023-11-06 18:15:38,933 - fewshot_scanobjectnn_transferring_features - INFO - Save checkpoint at ./experiments/fewshot_scanobjectnn_transferring_features/cfgs/lr0.00062/ckpt-last.pth
2023-11-06 18:15:40,293 - fewshot_scanobjectnn_transferring_features - INFO - [Training] EPOCH: 92 EpochTime = 1.357 (s) Losses = ['0.0212', '100.0000'] lr = 0.000203
2023-11-06 18:15:41,676 - fewshot_scanobjectnn_transferring_features - INFO - [Validation] EPOCH: 92  acc = 72.0000
2023-11-06 18:15:43,346 - fewshot_scanobjectnn_transferring_features - INFO - Save checkpoint at ./experiments/fewshot_scanobjectnn_transferring_features/cfgs/lr0.00062/ckpt-last.pth
2023-11-06 18:15:44,697 - fewshot_scanobjectnn_transferring_features - INFO - [Training] EPOCH: 93 EpochTime = 1.349 (s) Losses = ['0.0278', '100.0000'] lr = 0.000197
2023-11-06 18:15:46,071 - fewshot_scanobjectnn_transferring_features - INFO - [Validation] EPOCH: 93  acc = 72.0000
2023-11-06 18:15:48,974 - fewshot_scanobjectnn_transferring_features - INFO - Save checkpoint at ./experiments/fewshot_scanobjectnn_transferring_features/cfgs/lr0.00062/ckpt-last.pth
2023-11-06 18:15:50,749 - fewshot_scanobjectnn_transferring_features - INFO - [Training] EPOCH: 94 EpochTime = 1.772 (s) Losses = ['0.0271', '100.0000'] lr = 0.000191
2023-11-06 18:15:51,802 - fewshot_scanobjectnn_transferring_features - INFO - [Validation] EPOCH: 94  acc = 72.0000
2023-11-06 18:15:54,341 - fewshot_scanobjectnn_transferring_features - INFO - Save checkpoint at ./experiments/fewshot_scanobjectnn_transferring_features/cfgs/lr0.00062/ckpt-last.pth
2023-11-06 18:15:55,816 - fewshot_scanobjectnn_transferring_features - INFO - [Training] EPOCH: 95 EpochTime = 1.472 (s) Losses = ['0.0213', '100.0000'] lr = 0.000185
2023-11-06 18:15:57,152 - fewshot_scanobjectnn_transferring_features - INFO - [Validation] EPOCH: 95  acc = 72.0000
2023-11-06 18:15:59,200 - fewshot_scanobjectnn_transferring_features - INFO - Save checkpoint at ./experiments/fewshot_scanobjectnn_transferring_features/cfgs/lr0.00062/ckpt-last.pth
2023-11-06 18:16:00,564 - fewshot_scanobjectnn_transferring_features - INFO - [Training] EPOCH: 96 EpochTime = 1.361 (s) Losses = ['0.0289', '100.0000'] lr = 0.000179
2023-11-06 18:16:01,532 - fewshot_scanobjectnn_transferring_features - INFO - [Validation] EPOCH: 96  acc = 72.0000
2023-11-06 18:16:03,208 - fewshot_scanobjectnn_transferring_features - INFO - Save checkpoint at ./experiments/fewshot_scanobjectnn_transferring_features/cfgs/lr0.00062/ckpt-last.pth
2023-11-06 18:16:05,188 - fewshot_scanobjectnn_transferring_features - INFO - [Training] EPOCH: 97 EpochTime = 1.899 (s) Losses = ['0.0246', '100.0000'] lr = 0.000173
2023-11-06 18:16:06,203 - fewshot_scanobjectnn_transferring_features - INFO - [Validation] EPOCH: 97  acc = 74.0000
2023-11-06 18:16:08,021 - fewshot_scanobjectnn_transferring_features - INFO - Save checkpoint at ./experiments/fewshot_scanobjectnn_transferring_features/cfgs/lr0.00062/ckpt-last.pth
2023-11-06 18:16:09,987 - fewshot_scanobjectnn_transferring_features - INFO - [Training] EPOCH: 98 EpochTime = 1.964 (s) Losses = ['0.0190', '100.0000'] lr = 0.000167
2023-11-06 18:16:11,002 - fewshot_scanobjectnn_transferring_features - INFO - [Validation] EPOCH: 98  acc = 75.0000
2023-11-06 18:16:12,761 - fewshot_scanobjectnn_transferring_features - INFO - Save checkpoint at ./experiments/fewshot_scanobjectnn_transferring_features/cfgs/lr0.00062/ckpt-last.pth
2023-11-06 18:16:14,132 - fewshot_scanobjectnn_transferring_features - INFO - [Training] EPOCH: 99 EpochTime = 1.367 (s) Losses = ['0.0221', '100.0000'] lr = 0.000161
2023-11-06 18:16:15,452 - fewshot_scanobjectnn_transferring_features - INFO - [Validation] EPOCH: 99  acc = 76.0000
2023-11-06 18:16:17,126 - fewshot_scanobjectnn_transferring_features - INFO - Save checkpoint at ./experiments/fewshot_scanobjectnn_transferring_features/cfgs/lr0.00062/ckpt-best.pth
2023-11-06 18:16:17,126 - fewshot_scanobjectnn_transferring_features - INFO - --------------------------------------------------------------------------------------------
2023-11-06 18:16:19,487 - fewshot_scanobjectnn_transferring_features - INFO - Save checkpoint at ./experiments/fewshot_scanobjectnn_transferring_features/cfgs/lr0.00062/ckpt-last.pth
2023-11-06 18:16:20,881 - fewshot_scanobjectnn_transferring_features - INFO - [Training] EPOCH: 100 EpochTime = 1.392 (s) Losses = ['0.0285', '100.0000'] lr = 0.000156
2023-11-06 18:16:21,851 - fewshot_scanobjectnn_transferring_features - INFO - [Validation] EPOCH: 100  acc = 74.0000
2023-11-06 18:16:23,569 - fewshot_scanobjectnn_transferring_features - INFO - Save checkpoint at ./experiments/fewshot_scanobjectnn_transferring_features/cfgs/lr0.00062/ckpt-last.pth
2023-11-06 18:16:25,647 - fewshot_scanobjectnn_transferring_features - INFO - [Training] EPOCH: 101 EpochTime = 2.075 (s) Losses = ['0.0253', '100.0000'] lr = 0.000150
2023-11-06 18:16:26,644 - fewshot_scanobjectnn_transferring_features - INFO - [Validation] EPOCH: 101  acc = 73.0000
2023-11-06 18:16:29,926 - fewshot_scanobjectnn_transferring_features - INFO - Save checkpoint at ./experiments/fewshot_scanobjectnn_transferring_features/cfgs/lr0.00062/ckpt-last.pth
2023-11-06 18:16:31,196 - fewshot_scanobjectnn_transferring_features - INFO - [Training] EPOCH: 102 EpochTime = 1.268 (s) Losses = ['0.0245', '100.0000'] lr = 0.000145
2023-11-06 18:16:32,479 - fewshot_scanobjectnn_transferring_features - INFO - [Validation] EPOCH: 102  acc = 73.0000
2023-11-06 18:16:34,311 - fewshot_scanobjectnn_transferring_features - INFO - Save checkpoint at ./experiments/fewshot_scanobjectnn_transferring_features/cfgs/lr0.00062/ckpt-last.pth
2023-11-06 18:16:35,681 - fewshot_scanobjectnn_transferring_features - INFO - [Training] EPOCH: 103 EpochTime = 1.368 (s) Losses = ['0.0381', '100.0000'] lr = 0.000139
2023-11-06 18:16:36,890 - fewshot_scanobjectnn_transferring_features - INFO - [Validation] EPOCH: 103  acc = 72.0000
2023-11-06 18:16:38,649 - fewshot_scanobjectnn_transferring_features - INFO - Save checkpoint at ./experiments/fewshot_scanobjectnn_transferring_features/cfgs/lr0.00062/ckpt-last.pth
2023-11-06 18:16:39,863 - fewshot_scanobjectnn_transferring_features - INFO - [Training] EPOCH: 104 EpochTime = 1.213 (s) Losses = ['0.0256', '100.0000'] lr = 0.000134
2023-11-06 18:16:41,118 - fewshot_scanobjectnn_transferring_features - INFO - [Validation] EPOCH: 104  acc = 71.0000
2023-11-06 18:16:43,231 - fewshot_scanobjectnn_transferring_features - INFO - Save checkpoint at ./experiments/fewshot_scanobjectnn_transferring_features/cfgs/lr0.00062/ckpt-last.pth
2023-11-06 18:16:44,556 - fewshot_scanobjectnn_transferring_features - INFO - [Training] EPOCH: 105 EpochTime = 1.323 (s) Losses = ['0.0222', '100.0000'] lr = 0.000129
2023-11-06 18:16:45,786 - fewshot_scanobjectnn_transferring_features - INFO - [Validation] EPOCH: 105  acc = 71.0000
2023-11-06 18:16:47,897 - fewshot_scanobjectnn_transferring_features - INFO - Save checkpoint at ./experiments/fewshot_scanobjectnn_transferring_features/cfgs/lr0.00062/ckpt-last.pth
2023-11-06 18:16:49,169 - fewshot_scanobjectnn_transferring_features - INFO - [Training] EPOCH: 106 EpochTime = 1.270 (s) Losses = ['0.0146', '100.0000'] lr = 0.000123
2023-11-06 18:16:50,427 - fewshot_scanobjectnn_transferring_features - INFO - [Validation] EPOCH: 106  acc = 71.0000
2023-11-06 18:16:52,297 - fewshot_scanobjectnn_transferring_features - INFO - Save checkpoint at ./experiments/fewshot_scanobjectnn_transferring_features/cfgs/lr0.00062/ckpt-last.pth
2023-11-06 18:16:53,620 - fewshot_scanobjectnn_transferring_features - INFO - [Training] EPOCH: 107 EpochTime = 1.321 (s) Losses = ['0.0231', '100.0000'] lr = 0.000118
2023-11-06 18:16:54,846 - fewshot_scanobjectnn_transferring_features - INFO - [Validation] EPOCH: 107  acc = 71.0000
2023-11-06 18:16:56,860 - fewshot_scanobjectnn_transferring_features - INFO - Save checkpoint at ./experiments/fewshot_scanobjectnn_transferring_features/cfgs/lr0.00062/ckpt-last.pth
2023-11-06 18:16:58,549 - fewshot_scanobjectnn_transferring_features - INFO - [Training] EPOCH: 108 EpochTime = 1.687 (s) Losses = ['0.0466', '100.0000'] lr = 0.000113
2023-11-06 18:16:59,519 - fewshot_scanobjectnn_transferring_features - INFO - [Validation] EPOCH: 108  acc = 71.0000
2023-11-06 18:17:01,617 - fewshot_scanobjectnn_transferring_features - INFO - Save checkpoint at ./experiments/fewshot_scanobjectnn_transferring_features/cfgs/lr0.00062/ckpt-last.pth
2023-11-06 18:17:03,470 - fewshot_scanobjectnn_transferring_features - INFO - [Training] EPOCH: 109 EpochTime = 1.851 (s) Losses = ['0.0280', '100.0000'] lr = 0.000108
2023-11-06 18:17:04,491 - fewshot_scanobjectnn_transferring_features - INFO - [Validation] EPOCH: 109  acc = 70.0000
2023-11-06 18:17:06,973 - fewshot_scanobjectnn_transferring_features - INFO - Save checkpoint at ./experiments/fewshot_scanobjectnn_transferring_features/cfgs/lr0.00062/ckpt-last.pth
2023-11-06 18:17:08,281 - fewshot_scanobjectnn_transferring_features - INFO - [Training] EPOCH: 110 EpochTime = 1.304 (s) Losses = ['0.0271', '100.0000'] lr = 0.000103
2023-11-06 18:17:09,252 - fewshot_scanobjectnn_transferring_features - INFO - [Validation] EPOCH: 110  acc = 71.0000
2023-11-06 18:17:10,952 - fewshot_scanobjectnn_transferring_features - INFO - Save checkpoint at ./experiments/fewshot_scanobjectnn_transferring_features/cfgs/lr0.00062/ckpt-last.pth
2023-11-06 18:17:12,439 - fewshot_scanobjectnn_transferring_features - INFO - [Training] EPOCH: 111 EpochTime = 1.485 (s) Losses = ['0.0258', '100.0000'] lr = 0.000099
2023-11-06 18:17:13,407 - fewshot_scanobjectnn_transferring_features - INFO - [Validation] EPOCH: 111  acc = 71.0000
2023-11-06 18:17:15,174 - fewshot_scanobjectnn_transferring_features - INFO - Save checkpoint at ./experiments/fewshot_scanobjectnn_transferring_features/cfgs/lr0.00062/ckpt-last.pth
2023-11-06 18:17:17,149 - fewshot_scanobjectnn_transferring_features - INFO - [Training] EPOCH: 112 EpochTime = 1.972 (s) Losses = ['0.0204', '100.0000'] lr = 0.000094
2023-11-06 18:17:18,142 - fewshot_scanobjectnn_transferring_features - INFO - [Validation] EPOCH: 112  acc = 72.0000
2023-11-06 18:17:20,101 - fewshot_scanobjectnn_transferring_features - INFO - Save checkpoint at ./experiments/fewshot_scanobjectnn_transferring_features/cfgs/lr0.00062/ckpt-last.pth
2023-11-06 18:17:21,391 - fewshot_scanobjectnn_transferring_features - INFO - [Training] EPOCH: 113 EpochTime = 1.289 (s) Losses = ['0.0162', '100.0000'] lr = 0.000089
2023-11-06 18:17:22,724 - fewshot_scanobjectnn_transferring_features - INFO - [Validation] EPOCH: 113  acc = 72.0000
2023-11-06 18:17:25,755 - fewshot_scanobjectnn_transferring_features - INFO - Save checkpoint at ./experiments/fewshot_scanobjectnn_transferring_features/cfgs/lr0.00062/ckpt-last.pth
2023-11-06 18:17:27,682 - fewshot_scanobjectnn_transferring_features - INFO - [Training] EPOCH: 114 EpochTime = 1.924 (s) Losses = ['0.0255', '100.0000'] lr = 0.000085
2023-11-06 18:17:28,677 - fewshot_scanobjectnn_transferring_features - INFO - [Validation] EPOCH: 114  acc = 72.0000
2023-11-06 18:17:30,571 - fewshot_scanobjectnn_transferring_features - INFO - Save checkpoint at ./experiments/fewshot_scanobjectnn_transferring_features/cfgs/lr0.00062/ckpt-last.pth
2023-11-06 18:17:32,498 - fewshot_scanobjectnn_transferring_features - INFO - [Training] EPOCH: 115 EpochTime = 1.924 (s) Losses = ['0.0203', '100.0000'] lr = 0.000080
2023-11-06 18:17:33,590 - fewshot_scanobjectnn_transferring_features - INFO - [Validation] EPOCH: 115  acc = 72.0000
2023-11-06 18:17:35,963 - fewshot_scanobjectnn_transferring_features - INFO - Save checkpoint at ./experiments/fewshot_scanobjectnn_transferring_features/cfgs/lr0.00062/ckpt-last.pth
2023-11-06 18:17:37,319 - fewshot_scanobjectnn_transferring_features - INFO - [Training] EPOCH: 116 EpochTime = 1.353 (s) Losses = ['0.0168', '100.0000'] lr = 0.000076
2023-11-06 18:17:38,376 - fewshot_scanobjectnn_transferring_features - INFO - [Validation] EPOCH: 116  acc = 71.0000
2023-11-06 18:17:40,059 - fewshot_scanobjectnn_transferring_features - INFO - Save checkpoint at ./experiments/fewshot_scanobjectnn_transferring_features/cfgs/lr0.00062/ckpt-last.pth
2023-11-06 18:17:41,540 - fewshot_scanobjectnn_transferring_features - INFO - [Training] EPOCH: 117 EpochTime = 1.478 (s) Losses = ['0.0197', '100.0000'] lr = 0.000072
2023-11-06 18:17:42,507 - fewshot_scanobjectnn_transferring_features - INFO - [Validation] EPOCH: 117  acc = 71.0000
2023-11-06 18:17:44,208 - fewshot_scanobjectnn_transferring_features - INFO - Save checkpoint at ./experiments/fewshot_scanobjectnn_transferring_features/cfgs/lr0.00062/ckpt-last.pth
2023-11-06 18:17:46,191 - fewshot_scanobjectnn_transferring_features - INFO - [Training] EPOCH: 118 EpochTime = 1.982 (s) Losses = ['0.0176', '100.0000'] lr = 0.000068
2023-11-06 18:17:47,170 - fewshot_scanobjectnn_transferring_features - INFO - [Validation] EPOCH: 118  acc = 72.0000
2023-11-06 18:17:48,867 - fewshot_scanobjectnn_transferring_features - INFO - Save checkpoint at ./experiments/fewshot_scanobjectnn_transferring_features/cfgs/lr0.00062/ckpt-last.pth
2023-11-06 18:17:50,571 - fewshot_scanobjectnn_transferring_features - INFO - [Training] EPOCH: 119 EpochTime = 1.702 (s) Losses = ['0.0277', '100.0000'] lr = 0.000064
2023-11-06 18:17:51,655 - fewshot_scanobjectnn_transferring_features - INFO - [Validation] EPOCH: 119  acc = 72.0000
2023-11-06 18:17:53,280 - fewshot_scanobjectnn_transferring_features - INFO - Save checkpoint at ./experiments/fewshot_scanobjectnn_transferring_features/cfgs/lr0.00062/ckpt-last.pth
2023-11-06 18:17:54,674 - fewshot_scanobjectnn_transferring_features - INFO - [Training] EPOCH: 120 EpochTime = 1.392 (s) Losses = ['0.0166', '100.0000'] lr = 0.000060
2023-11-06 18:17:55,956 - fewshot_scanobjectnn_transferring_features - INFO - [Validation] EPOCH: 120  acc = 72.0000
2023-11-06 18:17:57,940 - fewshot_scanobjectnn_transferring_features - INFO - Save checkpoint at ./experiments/fewshot_scanobjectnn_transferring_features/cfgs/lr0.00062/ckpt-last.pth
2023-11-06 18:17:59,233 - fewshot_scanobjectnn_transferring_features - INFO - [Training] EPOCH: 121 EpochTime = 1.290 (s) Losses = ['0.0281', '100.0000'] lr = 0.000056
2023-11-06 18:18:00,434 - fewshot_scanobjectnn_transferring_features - INFO - [Validation] EPOCH: 121  acc = 72.0000
2023-11-06 18:18:02,081 - fewshot_scanobjectnn_transferring_features - INFO - Save checkpoint at ./experiments/fewshot_scanobjectnn_transferring_features/cfgs/lr0.00062/ckpt-last.pth
2023-11-06 18:18:03,481 - fewshot_scanobjectnn_transferring_features - INFO - [Training] EPOCH: 122 EpochTime = 1.396 (s) Losses = ['0.0251', '100.0000'] lr = 0.000053
2023-11-06 18:18:04,723 - fewshot_scanobjectnn_transferring_features - INFO - [Validation] EPOCH: 122  acc = 71.0000
2023-11-06 18:18:08,394 - fewshot_scanobjectnn_transferring_features - INFO - Save checkpoint at ./experiments/fewshot_scanobjectnn_transferring_features/cfgs/lr0.00062/ckpt-last.pth
2023-11-06 18:18:09,749 - fewshot_scanobjectnn_transferring_features - INFO - [Training] EPOCH: 123 EpochTime = 1.354 (s) Losses = ['0.0367', '100.0000'] lr = 0.000049
2023-11-06 18:18:10,743 - fewshot_scanobjectnn_transferring_features - INFO - [Validation] EPOCH: 123  acc = 71.0000
2023-11-06 18:18:12,469 - fewshot_scanobjectnn_transferring_features - INFO - Save checkpoint at ./experiments/fewshot_scanobjectnn_transferring_features/cfgs/lr0.00062/ckpt-last.pth
2023-11-06 18:18:14,209 - fewshot_scanobjectnn_transferring_features - INFO - [Training] EPOCH: 124 EpochTime = 1.738 (s) Losses = ['0.0181', '100.0000'] lr = 0.000046
2023-11-06 18:18:15,240 - fewshot_scanobjectnn_transferring_features - INFO - [Validation] EPOCH: 124  acc = 71.0000
2023-11-06 18:18:17,097 - fewshot_scanobjectnn_transferring_features - INFO - Save checkpoint at ./experiments/fewshot_scanobjectnn_transferring_features/cfgs/lr0.00062/ckpt-last.pth
2023-11-06 18:18:18,757 - fewshot_scanobjectnn_transferring_features - INFO - [Training] EPOCH: 125 EpochTime = 1.657 (s) Losses = ['0.0204', '100.0000'] lr = 0.000042
2023-11-06 18:18:19,851 - fewshot_scanobjectnn_transferring_features - INFO - [Validation] EPOCH: 125  acc = 70.0000
2023-11-06 18:18:21,651 - fewshot_scanobjectnn_transferring_features - INFO - Save checkpoint at ./experiments/fewshot_scanobjectnn_transferring_features/cfgs/lr0.00062/ckpt-last.pth
2023-11-06 18:18:22,991 - fewshot_scanobjectnn_transferring_features - INFO - [Training] EPOCH: 126 EpochTime = 1.338 (s) Losses = ['0.0175', '100.0000'] lr = 0.000039
2023-11-06 18:18:24,453 - fewshot_scanobjectnn_transferring_features - INFO - [Validation] EPOCH: 126  acc = 71.0000
2023-11-06 18:18:26,113 - fewshot_scanobjectnn_transferring_features - INFO - Save checkpoint at ./experiments/fewshot_scanobjectnn_transferring_features/cfgs/lr0.00062/ckpt-last.pth
2023-11-06 18:18:27,421 - fewshot_scanobjectnn_transferring_features - INFO - [Training] EPOCH: 127 EpochTime = 1.306 (s) Losses = ['0.0193', '100.0000'] lr = 0.000036
2023-11-06 18:18:28,649 - fewshot_scanobjectnn_transferring_features - INFO - [Validation] EPOCH: 127  acc = 71.0000
2023-11-06 18:18:30,267 - fewshot_scanobjectnn_transferring_features - INFO - Save checkpoint at ./experiments/fewshot_scanobjectnn_transferring_features/cfgs/lr0.00062/ckpt-last.pth
2023-11-06 18:18:31,665 - fewshot_scanobjectnn_transferring_features - INFO - [Training] EPOCH: 128 EpochTime = 1.396 (s) Losses = ['0.0137', '100.0000'] lr = 0.000033
2023-11-06 18:18:32,932 - fewshot_scanobjectnn_transferring_features - INFO - [Validation] EPOCH: 128  acc = 71.0000
2023-11-06 18:18:35,041 - fewshot_scanobjectnn_transferring_features - INFO - Save checkpoint at ./experiments/fewshot_scanobjectnn_transferring_features/cfgs/lr0.00062/ckpt-last.pth
2023-11-06 18:18:37,134 - fewshot_scanobjectnn_transferring_features - INFO - [Training] EPOCH: 129 EpochTime = 2.090 (s) Losses = ['0.0210', '100.0000'] lr = 0.000030
2023-11-06 18:18:38,293 - fewshot_scanobjectnn_transferring_features - INFO - [Validation] EPOCH: 129  acc = 70.0000
2023-11-06 18:18:40,664 - fewshot_scanobjectnn_transferring_features - INFO - Save checkpoint at ./experiments/fewshot_scanobjectnn_transferring_features/cfgs/lr0.00062/ckpt-last.pth
2023-11-06 18:18:42,188 - fewshot_scanobjectnn_transferring_features - INFO - [Training] EPOCH: 130 EpochTime = 1.522 (s) Losses = ['0.0191', '100.0000'] lr = 0.000028
2023-11-06 18:18:43,512 - fewshot_scanobjectnn_transferring_features - INFO - [Validation] EPOCH: 130  acc = 70.0000
2023-11-06 18:18:45,302 - fewshot_scanobjectnn_transferring_features - INFO - Save checkpoint at ./experiments/fewshot_scanobjectnn_transferring_features/cfgs/lr0.00062/ckpt-last.pth
2023-11-06 18:18:46,706 - fewshot_scanobjectnn_transferring_features - INFO - [Training] EPOCH: 131 EpochTime = 1.402 (s) Losses = ['0.0210', '100.0000'] lr = 0.000025
2023-11-06 18:18:47,689 - fewshot_scanobjectnn_transferring_features - INFO - [Validation] EPOCH: 131  acc = 70.0000
2023-11-06 18:18:49,731 - fewshot_scanobjectnn_transferring_features - INFO - Save checkpoint at ./experiments/fewshot_scanobjectnn_transferring_features/cfgs/lr0.00062/ckpt-last.pth
2023-11-06 18:18:51,675 - fewshot_scanobjectnn_transferring_features - INFO - [Training] EPOCH: 132 EpochTime = 1.942 (s) Losses = ['0.0202', '100.0000'] lr = 0.000023
2023-11-06 18:18:52,664 - fewshot_scanobjectnn_transferring_features - INFO - [Validation] EPOCH: 132  acc = 70.0000
2023-11-06 18:18:54,667 - fewshot_scanobjectnn_transferring_features - INFO - Save checkpoint at ./experiments/fewshot_scanobjectnn_transferring_features/cfgs/lr0.00062/ckpt-last.pth
2023-11-06 18:18:56,197 - fewshot_scanobjectnn_transferring_features - INFO - [Training] EPOCH: 133 EpochTime = 1.528 (s) Losses = ['0.0148', '100.0000'] lr = 0.000020
2023-11-06 18:18:57,220 - fewshot_scanobjectnn_transferring_features - INFO - [Validation] EPOCH: 133  acc = 70.0000
2023-11-06 18:18:59,275 - fewshot_scanobjectnn_transferring_features - INFO - Save checkpoint at ./experiments/fewshot_scanobjectnn_transferring_features/cfgs/lr0.00062/ckpt-last.pth
2023-11-06 18:19:00,484 - fewshot_scanobjectnn_transferring_features - INFO - [Training] EPOCH: 134 EpochTime = 1.203 (s) Losses = ['0.0278', '100.0000'] lr = 0.000018
2023-11-06 18:19:01,662 - fewshot_scanobjectnn_transferring_features - INFO - [Validation] EPOCH: 134  acc = 70.0000
2023-11-06 18:19:03,455 - fewshot_scanobjectnn_transferring_features - INFO - Save checkpoint at ./experiments/fewshot_scanobjectnn_transferring_features/cfgs/lr0.00062/ckpt-last.pth
2023-11-06 18:19:04,730 - fewshot_scanobjectnn_transferring_features - INFO - [Training] EPOCH: 135 EpochTime = 1.272 (s) Losses = ['0.0148', '100.0000'] lr = 0.000016
2023-11-06 18:19:05,841 - fewshot_scanobjectnn_transferring_features - INFO - [Validation] EPOCH: 135  acc = 71.0000
2023-11-06 18:19:07,444 - fewshot_scanobjectnn_transferring_features - INFO - Save checkpoint at ./experiments/fewshot_scanobjectnn_transferring_features/cfgs/lr0.00062/ckpt-last.pth
2023-11-06 18:19:08,752 - fewshot_scanobjectnn_transferring_features - INFO - [Training] EPOCH: 136 EpochTime = 1.306 (s) Losses = ['0.0263', '100.0000'] lr = 0.000014
2023-11-06 18:19:09,975 - fewshot_scanobjectnn_transferring_features - INFO - [Validation] EPOCH: 136  acc = 70.0000
2023-11-06 18:19:11,976 - fewshot_scanobjectnn_transferring_features - INFO - Save checkpoint at ./experiments/fewshot_scanobjectnn_transferring_features/cfgs/lr0.00062/ckpt-last.pth
2023-11-06 18:19:13,297 - fewshot_scanobjectnn_transferring_features - INFO - [Training] EPOCH: 137 EpochTime = 1.318 (s) Losses = ['0.0163', '100.0000'] lr = 0.000012
2023-11-06 18:19:14,545 - fewshot_scanobjectnn_transferring_features - INFO - [Validation] EPOCH: 137  acc = 70.0000
2023-11-06 18:19:16,752 - fewshot_scanobjectnn_transferring_features - INFO - Save checkpoint at ./experiments/fewshot_scanobjectnn_transferring_features/cfgs/lr0.00062/ckpt-last.pth
2023-11-06 18:19:18,048 - fewshot_scanobjectnn_transferring_features - INFO - [Training] EPOCH: 138 EpochTime = 1.294 (s) Losses = ['0.0188', '100.0000'] lr = 0.000011
2023-11-06 18:19:19,170 - fewshot_scanobjectnn_transferring_features - INFO - [Validation] EPOCH: 138  acc = 70.0000
2023-11-06 18:19:20,953 - fewshot_scanobjectnn_transferring_features - INFO - Save checkpoint at ./experiments/fewshot_scanobjectnn_transferring_features/cfgs/lr0.00062/ckpt-last.pth
2023-11-06 18:19:22,286 - fewshot_scanobjectnn_transferring_features - INFO - [Training] EPOCH: 139 EpochTime = 1.331 (s) Losses = ['0.0237', '100.0000'] lr = 0.000009
2023-11-06 18:19:23,544 - fewshot_scanobjectnn_transferring_features - INFO - [Validation] EPOCH: 139  acc = 71.0000
2023-11-06 18:19:25,642 - fewshot_scanobjectnn_transferring_features - INFO - Save checkpoint at ./experiments/fewshot_scanobjectnn_transferring_features/cfgs/lr0.00062/ckpt-last.pth
2023-11-06 18:19:26,961 - fewshot_scanobjectnn_transferring_features - INFO - [Training] EPOCH: 140 EpochTime = 1.318 (s) Losses = ['0.0163', '100.0000'] lr = 0.000008
2023-11-06 18:19:28,223 - fewshot_scanobjectnn_transferring_features - INFO - [Validation] EPOCH: 140  acc = 70.0000
2023-11-06 18:19:31,088 - fewshot_scanobjectnn_transferring_features - INFO - Save checkpoint at ./experiments/fewshot_scanobjectnn_transferring_features/cfgs/lr0.00062/ckpt-last.pth
2023-11-06 18:19:32,453 - fewshot_scanobjectnn_transferring_features - INFO - [Training] EPOCH: 141 EpochTime = 1.363 (s) Losses = ['0.0258', '100.0000'] lr = 0.000006
2023-11-06 18:19:33,707 - fewshot_scanobjectnn_transferring_features - INFO - [Validation] EPOCH: 141  acc = 71.0000
2023-11-06 18:19:35,774 - fewshot_scanobjectnn_transferring_features - INFO - Save checkpoint at ./experiments/fewshot_scanobjectnn_transferring_features/cfgs/lr0.00062/ckpt-last.pth
2023-11-06 18:19:38,620 - fewshot_scanobjectnn_transferring_features - INFO - Save checkpoint at ./experiments/fewshot_scanobjectnn_transferring_features/cfgs/lr0.00062/ckpt-epoch-141.pth
2023-11-06 18:19:40,428 - fewshot_scanobjectnn_transferring_features - INFO - [Training] EPOCH: 142 EpochTime = 1.806 (s) Losses = ['0.0235', '100.0000'] lr = 0.000005
2023-11-06 18:19:41,412 - fewshot_scanobjectnn_transferring_features - INFO - [Validation] EPOCH: 142  acc = 71.0000
2023-11-06 18:19:43,129 - fewshot_scanobjectnn_transferring_features - INFO - Save checkpoint at ./experiments/fewshot_scanobjectnn_transferring_features/cfgs/lr0.00062/ckpt-last.pth
2023-11-06 18:19:44,963 - fewshot_scanobjectnn_transferring_features - INFO - Save checkpoint at ./experiments/fewshot_scanobjectnn_transferring_features/cfgs/lr0.00062/ckpt-epoch-142.pth
2023-11-06 18:19:46,311 - fewshot_scanobjectnn_transferring_features - INFO - [Training] EPOCH: 143 EpochTime = 1.345 (s) Losses = ['0.0135', '100.0000'] lr = 0.000004
2023-11-06 18:19:47,342 - fewshot_scanobjectnn_transferring_features - INFO - [Validation] EPOCH: 143  acc = 70.0000
2023-11-06 18:19:49,417 - fewshot_scanobjectnn_transferring_features - INFO - Save checkpoint at ./experiments/fewshot_scanobjectnn_transferring_features/cfgs/lr0.00062/ckpt-last.pth
2023-11-06 18:19:52,091 - fewshot_scanobjectnn_transferring_features - INFO - Save checkpoint at ./experiments/fewshot_scanobjectnn_transferring_features/cfgs/lr0.00062/ckpt-epoch-143.pth
2023-11-06 18:19:53,432 - fewshot_scanobjectnn_transferring_features - INFO - [Training] EPOCH: 144 EpochTime = 1.338 (s) Losses = ['0.0254', '100.0000'] lr = 0.000003
2023-11-06 18:19:54,643 - fewshot_scanobjectnn_transferring_features - INFO - [Validation] EPOCH: 144  acc = 71.0000
2023-11-06 18:19:56,492 - fewshot_scanobjectnn_transferring_features - INFO - Save checkpoint at ./experiments/fewshot_scanobjectnn_transferring_features/cfgs/lr0.00062/ckpt-last.pth
2023-11-06 18:19:59,043 - fewshot_scanobjectnn_transferring_features - INFO - Save checkpoint at ./experiments/fewshot_scanobjectnn_transferring_features/cfgs/lr0.00062/ckpt-epoch-144.pth
2023-11-06 18:20:00,697 - fewshot_scanobjectnn_transferring_features - INFO - [Training] EPOCH: 145 EpochTime = 1.650 (s) Losses = ['0.0172', '100.0000'] lr = 0.000003
2023-11-06 18:20:01,978 - fewshot_scanobjectnn_transferring_features - INFO - [Validation] EPOCH: 145  acc = 70.0000
2023-11-06 18:20:04,589 - fewshot_scanobjectnn_transferring_features - INFO - Save checkpoint at ./experiments/fewshot_scanobjectnn_transferring_features/cfgs/lr0.00062/ckpt-last.pth
2023-11-06 18:20:06,256 - fewshot_scanobjectnn_transferring_features - INFO - Save checkpoint at ./experiments/fewshot_scanobjectnn_transferring_features/cfgs/lr0.00062/ckpt-epoch-145.pth
2023-11-06 18:20:07,641 - fewshot_scanobjectnn_transferring_features - INFO - [Training] EPOCH: 146 EpochTime = 1.307 (s) Losses = ['0.0215', '100.0000'] lr = 0.000002
2023-11-06 18:20:08,619 - fewshot_scanobjectnn_transferring_features - INFO - [Validation] EPOCH: 146  acc = 70.0000
2023-11-06 18:20:10,995 - fewshot_scanobjectnn_transferring_features - INFO - Save checkpoint at ./experiments/fewshot_scanobjectnn_transferring_features/cfgs/lr0.00062/ckpt-last.pth
2023-11-06 18:20:14,805 - fewshot_scanobjectnn_transferring_features - INFO - Save checkpoint at ./experiments/fewshot_scanobjectnn_transferring_features/cfgs/lr0.00062/ckpt-epoch-146.pth
2023-11-06 18:20:16,631 - fewshot_scanobjectnn_transferring_features - INFO - [Training] EPOCH: 147 EpochTime = 1.821 (s) Losses = ['0.0181', '100.0000'] lr = 0.000002
2023-11-06 18:20:17,988 - fewshot_scanobjectnn_transferring_features - INFO - [Validation] EPOCH: 147  acc = 70.0000
2023-11-06 18:20:20,553 - fewshot_scanobjectnn_transferring_features - INFO - Save checkpoint at ./experiments/fewshot_scanobjectnn_transferring_features/cfgs/lr0.00062/ckpt-last.pth
2023-11-06 18:20:22,538 - fewshot_scanobjectnn_transferring_features - INFO - Save checkpoint at ./experiments/fewshot_scanobjectnn_transferring_features/cfgs/lr0.00062/ckpt-epoch-147.pth
2023-11-06 18:20:23,888 - fewshot_scanobjectnn_transferring_features - INFO - [Training] EPOCH: 148 EpochTime = 1.348 (s) Losses = ['0.0258', '100.0000'] lr = 0.000001
2023-11-06 18:20:24,885 - fewshot_scanobjectnn_transferring_features - INFO - [Validation] EPOCH: 148  acc = 71.0000
2023-11-06 18:20:26,837 - fewshot_scanobjectnn_transferring_features - INFO - Save checkpoint at ./experiments/fewshot_scanobjectnn_transferring_features/cfgs/lr0.00062/ckpt-last.pth
2023-11-06 18:20:28,536 - fewshot_scanobjectnn_transferring_features - INFO - Save checkpoint at ./experiments/fewshot_scanobjectnn_transferring_features/cfgs/lr0.00062/ckpt-epoch-148.pth
2023-11-06 18:20:29,825 - fewshot_scanobjectnn_transferring_features - INFO - [Training] EPOCH: 149 EpochTime = 1.287 (s) Losses = ['0.0238', '100.0000'] lr = 0.000001
2023-11-06 18:20:30,783 - fewshot_scanobjectnn_transferring_features - INFO - [Validation] EPOCH: 149  acc = 70.0000
2023-11-06 18:20:32,760 - fewshot_scanobjectnn_transferring_features - INFO - Save checkpoint at ./experiments/fewshot_scanobjectnn_transferring_features/cfgs/lr0.00062/ckpt-last.pth
2023-11-06 18:20:34,656 - fewshot_scanobjectnn_transferring_features - INFO - Save checkpoint at ./experiments/fewshot_scanobjectnn_transferring_features/cfgs/lr0.00062/ckpt-epoch-149.pth
2023-11-06 18:20:36,044 - fewshot_scanobjectnn_transferring_features - INFO - [Training] EPOCH: 150 EpochTime = 1.387 (s) Losses = ['0.0166', '100.0000'] lr = 0.000001
2023-11-06 18:20:37,221 - fewshot_scanobjectnn_transferring_features - INFO - [Validation] EPOCH: 150  acc = 70.0000
2023-11-06 18:20:39,009 - fewshot_scanobjectnn_transferring_features - INFO - Save checkpoint at ./experiments/fewshot_scanobjectnn_transferring_features/cfgs/lr0.00062/ckpt-last.pth
2023-11-06 18:20:41,261 - fewshot_scanobjectnn_transferring_features - INFO - Save checkpoint at ./experiments/fewshot_scanobjectnn_transferring_features/cfgs/lr0.00062/ckpt-epoch-150.pth
