2023-09-18 01:50:25,161 - fewshot_scanobjectnn_transferring_features - INFO - Copy the Config file from cfgs/fewshot_scanobjectnn_transferring_features.yaml to ./experiments/fewshot_scanobjectnn_transferring_features/cfgs/add_as_normal/config.yaml
2023-09-18 01:50:25,161 - fewshot_scanobjectnn_transferring_features - INFO - args.config : cfgs/fewshot_scanobjectnn_transferring_features.yaml
2023-09-18 01:50:25,161 - fewshot_scanobjectnn_transferring_features - INFO - args.launcher : none
2023-09-18 01:50:25,161 - fewshot_scanobjectnn_transferring_features - INFO - args.local_rank : 0
2023-09-18 01:50:25,161 - fewshot_scanobjectnn_transferring_features - INFO - args.num_workers : 8
2023-09-18 01:50:25,162 - fewshot_scanobjectnn_transferring_features - INFO - args.seed : 0
2023-09-18 01:50:25,162 - fewshot_scanobjectnn_transferring_features - INFO - args.deterministic : False
2023-09-18 01:50:25,162 - fewshot_scanobjectnn_transferring_features - INFO - args.sync_bn : True
2023-09-18 01:50:25,162 - fewshot_scanobjectnn_transferring_features - INFO - args.update_weights_every : 1
2023-09-18 01:50:25,162 - fewshot_scanobjectnn_transferring_features - INFO - args.main_task : 0
2023-09-18 01:50:25,162 - fewshot_scanobjectnn_transferring_features - INFO - args.nashmtl_optim_niter : 20
2023-09-18 01:50:25,162 - fewshot_scanobjectnn_transferring_features - INFO - args.c : 0.4
2023-09-18 01:50:25,162 - fewshot_scanobjectnn_transferring_features - INFO - args.dwa_temp : 2.0
2023-09-18 01:50:25,162 - fewshot_scanobjectnn_transferring_features - INFO - args.method_params_lr : 0.025
2023-09-18 01:50:25,162 - fewshot_scanobjectnn_transferring_features - INFO - args.method : nashmtl
2023-09-18 01:50:25,162 - fewshot_scanobjectnn_transferring_features - INFO - args.gpu : 5
2023-09-18 01:50:25,162 - fewshot_scanobjectnn_transferring_features - INFO - args.large_group : 5
2023-09-18 01:50:25,162 - fewshot_scanobjectnn_transferring_features - INFO - args.small_group : 10
2023-09-18 01:50:25,162 - fewshot_scanobjectnn_transferring_features - INFO - args.large_patch : 6
2023-09-18 01:50:25,162 - fewshot_scanobjectnn_transferring_features - INFO - args.small_patch : 3
2023-09-18 01:50:25,162 - fewshot_scanobjectnn_transferring_features - INFO - args.queue_length : 8192
2023-09-18 01:50:25,162 - fewshot_scanobjectnn_transferring_features - INFO - args.epoch_queue_starts : 10
2023-09-18 01:50:25,162 - fewshot_scanobjectnn_transferring_features - INFO - args.nmb_crops : [5, 10]
2023-09-18 01:50:25,162 - fewshot_scanobjectnn_transferring_features - INFO - args.fea_dim : 384
2023-09-18 01:50:25,162 - fewshot_scanobjectnn_transferring_features - INFO - args.hidden_mlp : 256
2023-09-18 01:50:25,163 - fewshot_scanobjectnn_transferring_features - INFO - args.output_dim : 128
2023-09-18 01:50:25,163 - fewshot_scanobjectnn_transferring_features - INFO - args.nmb_prototypes : 200
2023-09-18 01:50:25,163 - fewshot_scanobjectnn_transferring_features - INFO - args.temperature : 0.1
2023-09-18 01:50:25,163 - fewshot_scanobjectnn_transferring_features - INFO - args.epsilon : 0.05
2023-09-18 01:50:25,163 - fewshot_scanobjectnn_transferring_features - INFO - args.sinkhorn_iterations : 3
2023-09-18 01:50:25,163 - fewshot_scanobjectnn_transferring_features - INFO - args.world_size : 1
2023-09-18 01:50:25,163 - fewshot_scanobjectnn_transferring_features - INFO - args.exp_name : add_as_normal
2023-09-18 01:50:25,163 - fewshot_scanobjectnn_transferring_features - INFO - args.loss : cd1
2023-09-18 01:50:25,163 - fewshot_scanobjectnn_transferring_features - INFO - args.start_ckpts : None
2023-09-18 01:50:25,163 - fewshot_scanobjectnn_transferring_features - INFO - args.ckpts : ./experiments/pretrain_MaskSurf/cfgs/add_as_normal/ckpt-last.pth
2023-09-18 01:50:25,163 - fewshot_scanobjectnn_transferring_features - INFO - args.val_freq : 1
2023-09-18 01:50:25,163 - fewshot_scanobjectnn_transferring_features - INFO - args.vote : False
2023-09-18 01:50:25,163 - fewshot_scanobjectnn_transferring_features - INFO - args.resume : False
2023-09-18 01:50:25,163 - fewshot_scanobjectnn_transferring_features - INFO - args.test : False
2023-09-18 01:50:25,163 - fewshot_scanobjectnn_transferring_features - INFO - args.finetune_model : True
2023-09-18 01:50:25,163 - fewshot_scanobjectnn_transferring_features - INFO - args.scratch_model : False
2023-09-18 01:50:25,163 - fewshot_scanobjectnn_transferring_features - INFO - args.mode : None
2023-09-18 01:50:25,163 - fewshot_scanobjectnn_transferring_features - INFO - args.way : 10
2023-09-18 01:50:25,163 - fewshot_scanobjectnn_transferring_features - INFO - args.shot : 10
2023-09-18 01:50:25,163 - fewshot_scanobjectnn_transferring_features - INFO - args.fold : 4
2023-09-18 01:50:25,163 - fewshot_scanobjectnn_transferring_features - INFO - args.experiment_path : ./experiments/fewshot_scanobjectnn_transferring_features/cfgs/add_as_normal
2023-09-18 01:50:25,163 - fewshot_scanobjectnn_transferring_features - INFO - args.tfboard_path : ./experiments/fewshot_scanobjectnn_transferring_features/cfgs/TFBoard/add_as_normal
2023-09-18 01:50:25,164 - fewshot_scanobjectnn_transferring_features - INFO - args.log_name : fewshot_scanobjectnn_transferring_features
2023-09-18 01:50:25,164 - fewshot_scanobjectnn_transferring_features - INFO - args.use_gpu : True
2023-09-18 01:50:25,164 - fewshot_scanobjectnn_transferring_features - INFO - args.distributed : False
2023-09-18 01:50:25,164 - fewshot_scanobjectnn_transferring_features - INFO - config.optimizer = edict()
2023-09-18 01:50:25,164 - fewshot_scanobjectnn_transferring_features - INFO - config.optimizer.type : AdamW
2023-09-18 01:50:25,164 - fewshot_scanobjectnn_transferring_features - INFO - config.optimizer.part : all
2023-09-18 01:50:25,164 - fewshot_scanobjectnn_transferring_features - INFO - config.optimizer.kwargs = edict()
2023-09-18 01:50:25,164 - fewshot_scanobjectnn_transferring_features - INFO - config.optimizer.kwargs.lr : 0.0005
2023-09-18 01:50:25,164 - fewshot_scanobjectnn_transferring_features - INFO - config.optimizer.kwargs.weight_decay : 0.05
2023-09-18 01:50:25,164 - fewshot_scanobjectnn_transferring_features - INFO - config.scheduler = edict()
2023-09-18 01:50:25,164 - fewshot_scanobjectnn_transferring_features - INFO - config.scheduler.type : CosLR
2023-09-18 01:50:25,164 - fewshot_scanobjectnn_transferring_features - INFO - config.scheduler.kwargs = edict()
2023-09-18 01:50:25,164 - fewshot_scanobjectnn_transferring_features - INFO - config.scheduler.kwargs.epochs : 150
2023-09-18 01:50:25,164 - fewshot_scanobjectnn_transferring_features - INFO - config.scheduler.kwargs.initial_epochs : 10
2023-09-18 01:50:25,164 - fewshot_scanobjectnn_transferring_features - INFO - config.dataset = edict()
2023-09-18 01:50:25,164 - fewshot_scanobjectnn_transferring_features - INFO - config.dataset.train = edict()
2023-09-18 01:50:25,164 - fewshot_scanobjectnn_transferring_features - INFO - config.dataset.train._base_ = edict()
2023-09-18 01:50:25,164 - fewshot_scanobjectnn_transferring_features - INFO - config.dataset.train._base_.NAME : ModelNetFewShot
2023-09-18 01:50:25,164 - fewshot_scanobjectnn_transferring_features - INFO - config.dataset.train._base_.DATA_PATH : data/ScanObjectNN_hardest_fewshot
2023-09-18 01:50:25,164 - fewshot_scanobjectnn_transferring_features - INFO - config.dataset.train._base_.N_POINTS : 2048
2023-09-18 01:50:25,164 - fewshot_scanobjectnn_transferring_features - INFO - config.dataset.train._base_.NUM_CATEGORY : 15
2023-09-18 01:50:25,165 - fewshot_scanobjectnn_transferring_features - INFO - config.dataset.train._base_.USE_NORMALS : False
2023-09-18 01:50:25,165 - fewshot_scanobjectnn_transferring_features - INFO - config.dataset.train.others = edict()
2023-09-18 01:50:25,165 - fewshot_scanobjectnn_transferring_features - INFO - config.dataset.train.others.subset : train
2023-09-18 01:50:25,165 - fewshot_scanobjectnn_transferring_features - INFO - config.dataset.train.others.bs : 32
2023-09-18 01:50:25,165 - fewshot_scanobjectnn_transferring_features - INFO - config.dataset.val = edict()
2023-09-18 01:50:25,165 - fewshot_scanobjectnn_transferring_features - INFO - config.dataset.val._base_ = edict()
2023-09-18 01:50:25,165 - fewshot_scanobjectnn_transferring_features - INFO - config.dataset.val._base_.NAME : ModelNetFewShot
2023-09-18 01:50:25,165 - fewshot_scanobjectnn_transferring_features - INFO - config.dataset.val._base_.DATA_PATH : data/ScanObjectNN_hardest_fewshot
2023-09-18 01:50:25,165 - fewshot_scanobjectnn_transferring_features - INFO - config.dataset.val._base_.N_POINTS : 2048
2023-09-18 01:50:25,165 - fewshot_scanobjectnn_transferring_features - INFO - config.dataset.val._base_.NUM_CATEGORY : 15
2023-09-18 01:50:25,165 - fewshot_scanobjectnn_transferring_features - INFO - config.dataset.val._base_.USE_NORMALS : False
2023-09-18 01:50:25,165 - fewshot_scanobjectnn_transferring_features - INFO - config.dataset.val.others = edict()
2023-09-18 01:50:25,165 - fewshot_scanobjectnn_transferring_features - INFO - config.dataset.val.others.subset : test
2023-09-18 01:50:25,165 - fewshot_scanobjectnn_transferring_features - INFO - config.dataset.val.others.bs : 64
2023-09-18 01:50:25,165 - fewshot_scanobjectnn_transferring_features - INFO - config.dataset.test = edict()
2023-09-18 01:50:25,165 - fewshot_scanobjectnn_transferring_features - INFO - config.dataset.test._base_ = edict()
2023-09-18 01:50:25,165 - fewshot_scanobjectnn_transferring_features - INFO - config.dataset.test._base_.NAME : ScanObjectNN_hardest
2023-09-18 01:50:25,165 - fewshot_scanobjectnn_transferring_features - INFO - config.dataset.test._base_.ROOT : data/ScanObjectNN/main_split
2023-09-18 01:50:25,165 - fewshot_scanobjectnn_transferring_features - INFO - config.dataset.test.others = edict()
2023-09-18 01:50:25,165 - fewshot_scanobjectnn_transferring_features - INFO - config.dataset.test.others.subset : test
2023-09-18 01:50:25,165 - fewshot_scanobjectnn_transferring_features - INFO - config.dataset.test.others.bs : 32
2023-09-18 01:50:25,165 - fewshot_scanobjectnn_transferring_features - INFO - config.model = edict()
2023-09-18 01:50:25,166 - fewshot_scanobjectnn_transferring_features - INFO - config.model.NAME : PointTransformer
2023-09-18 01:50:25,166 - fewshot_scanobjectnn_transferring_features - INFO - config.model.trans_dim : 384
2023-09-18 01:50:25,166 - fewshot_scanobjectnn_transferring_features - INFO - config.model.depth : 12
2023-09-18 01:50:25,166 - fewshot_scanobjectnn_transferring_features - INFO - config.model.drop_path_rate : 0.1
2023-09-18 01:50:25,166 - fewshot_scanobjectnn_transferring_features - INFO - config.model.cls_dim : 40
2023-09-18 01:50:25,166 - fewshot_scanobjectnn_transferring_features - INFO - config.model.num_heads : 6
2023-09-18 01:50:25,166 - fewshot_scanobjectnn_transferring_features - INFO - config.model.group_size : 32
2023-09-18 01:50:25,166 - fewshot_scanobjectnn_transferring_features - INFO - config.model.num_group : 64
2023-09-18 01:50:25,166 - fewshot_scanobjectnn_transferring_features - INFO - config.model.encoder_dims : 384
2023-09-18 01:50:25,166 - fewshot_scanobjectnn_transferring_features - INFO - config.npoints : 1024
2023-09-18 01:50:25,166 - fewshot_scanobjectnn_transferring_features - INFO - config.total_bs : 32
2023-09-18 01:50:25,166 - fewshot_scanobjectnn_transferring_features - INFO - config.step_per_update : 1
2023-09-18 01:50:25,166 - fewshot_scanobjectnn_transferring_features - INFO - config.max_epoch : 150
2023-09-18 01:50:25,166 - fewshot_scanobjectnn_transferring_features - INFO - config.grad_norm_clip : 10
2023-09-18 01:50:25,166 - fewshot_scanobjectnn_transferring_features - INFO - Distributed training: False
2023-09-18 01:50:25,166 - fewshot_scanobjectnn_transferring_features - INFO - Set random seed to 0, deterministic: False
2023-09-18 01:50:28,096 - fewshot_scanobjectnn_transferring_features - INFO - Using Data parallel ...
2023-09-18 01:50:34,086 - fewshot_scanobjectnn_transferring_features - INFO - [Training] EPOCH: 0 EpochTime = 5.971 (s) Losses = ['3.8749', '2.0833'] lr = 0.000001
2023-09-18 01:50:36,737 - fewshot_scanobjectnn_transferring_features - INFO - Save checkpoint at ./experiments/fewshot_scanobjectnn_transferring_features/cfgs/add_as_normal/ckpt-last.pth
2023-09-18 01:50:38,372 - fewshot_scanobjectnn_transferring_features - INFO - [Training] EPOCH: 1 EpochTime = 1.633 (s) Losses = ['3.7929', '4.1667'] lr = 0.000051
2023-09-18 01:50:40,658 - fewshot_scanobjectnn_transferring_features - INFO - [Validation] EPOCH: 1  acc = 3.0000
2023-09-18 01:50:44,230 - fewshot_scanobjectnn_transferring_features - INFO - Save checkpoint at ./experiments/fewshot_scanobjectnn_transferring_features/cfgs/add_as_normal/ckpt-best.pth
2023-09-18 01:50:44,230 - fewshot_scanobjectnn_transferring_features - INFO - --------------------------------------------------------------------------------------------
2023-09-18 01:50:46,120 - fewshot_scanobjectnn_transferring_features - INFO - Save checkpoint at ./experiments/fewshot_scanobjectnn_transferring_features/cfgs/add_as_normal/ckpt-last.pth
2023-09-18 01:50:47,697 - fewshot_scanobjectnn_transferring_features - INFO - [Training] EPOCH: 2 EpochTime = 1.574 (s) Losses = ['3.7941', '2.0833'] lr = 0.000101
2023-09-18 01:50:49,401 - fewshot_scanobjectnn_transferring_features - INFO - [Validation] EPOCH: 2  acc = 0.0000
2023-09-18 01:50:51,043 - fewshot_scanobjectnn_transferring_features - INFO - Save checkpoint at ./experiments/fewshot_scanobjectnn_transferring_features/cfgs/add_as_normal/ckpt-last.pth
2023-09-18 01:50:52,460 - fewshot_scanobjectnn_transferring_features - INFO - [Training] EPOCH: 3 EpochTime = 1.415 (s) Losses = ['3.8248', '4.1667'] lr = 0.000151
2023-09-18 01:50:54,177 - fewshot_scanobjectnn_transferring_features - INFO - [Validation] EPOCH: 3  acc = 0.0000
2023-09-18 01:50:55,973 - fewshot_scanobjectnn_transferring_features - INFO - Save checkpoint at ./experiments/fewshot_scanobjectnn_transferring_features/cfgs/add_as_normal/ckpt-last.pth
2023-09-18 01:50:57,455 - fewshot_scanobjectnn_transferring_features - INFO - [Training] EPOCH: 4 EpochTime = 1.479 (s) Losses = ['3.6307', '6.2500'] lr = 0.000201
2023-09-18 01:50:59,126 - fewshot_scanobjectnn_transferring_features - INFO - [Validation] EPOCH: 4  acc = 0.5000
2023-09-18 01:51:01,202 - fewshot_scanobjectnn_transferring_features - INFO - Save checkpoint at ./experiments/fewshot_scanobjectnn_transferring_features/cfgs/add_as_normal/ckpt-last.pth
2023-09-18 01:51:02,735 - fewshot_scanobjectnn_transferring_features - INFO - [Training] EPOCH: 5 EpochTime = 1.531 (s) Losses = ['3.6203', '6.2500'] lr = 0.000251
2023-09-18 01:51:04,160 - fewshot_scanobjectnn_transferring_features - INFO - [Validation] EPOCH: 5  acc = 3.0000
2023-09-18 01:51:05,783 - fewshot_scanobjectnn_transferring_features - INFO - Save checkpoint at ./experiments/fewshot_scanobjectnn_transferring_features/cfgs/add_as_normal/ckpt-last.pth
2023-09-18 01:51:07,082 - fewshot_scanobjectnn_transferring_features - INFO - [Training] EPOCH: 6 EpochTime = 1.298 (s) Losses = ['3.4296', '10.4167'] lr = 0.000300
2023-09-18 01:51:08,433 - fewshot_scanobjectnn_transferring_features - INFO - [Validation] EPOCH: 6  acc = 11.5000
2023-09-18 01:51:10,037 - fewshot_scanobjectnn_transferring_features - INFO - Save checkpoint at ./experiments/fewshot_scanobjectnn_transferring_features/cfgs/add_as_normal/ckpt-best.pth
2023-09-18 01:51:10,038 - fewshot_scanobjectnn_transferring_features - INFO - --------------------------------------------------------------------------------------------
2023-09-18 01:51:12,006 - fewshot_scanobjectnn_transferring_features - INFO - Save checkpoint at ./experiments/fewshot_scanobjectnn_transferring_features/cfgs/add_as_normal/ckpt-last.pth
2023-09-18 01:51:13,388 - fewshot_scanobjectnn_transferring_features - INFO - [Training] EPOCH: 7 EpochTime = 1.380 (s) Losses = ['3.1265', '19.7917'] lr = 0.000350
2023-09-18 01:51:14,749 - fewshot_scanobjectnn_transferring_features - INFO - [Validation] EPOCH: 7  acc = 17.5000
2023-09-18 01:51:16,942 - fewshot_scanobjectnn_transferring_features - INFO - Save checkpoint at ./experiments/fewshot_scanobjectnn_transferring_features/cfgs/add_as_normal/ckpt-best.pth
2023-09-18 01:51:16,942 - fewshot_scanobjectnn_transferring_features - INFO - --------------------------------------------------------------------------------------------
2023-09-18 01:51:18,840 - fewshot_scanobjectnn_transferring_features - INFO - Save checkpoint at ./experiments/fewshot_scanobjectnn_transferring_features/cfgs/add_as_normal/ckpt-last.pth
2023-09-18 01:51:20,203 - fewshot_scanobjectnn_transferring_features - INFO - [Training] EPOCH: 8 EpochTime = 1.361 (s) Losses = ['3.0274', '21.8750'] lr = 0.000400
2023-09-18 01:51:21,830 - fewshot_scanobjectnn_transferring_features - INFO - [Validation] EPOCH: 8  acc = 20.0000
2023-09-18 01:51:23,855 - fewshot_scanobjectnn_transferring_features - INFO - Save checkpoint at ./experiments/fewshot_scanobjectnn_transferring_features/cfgs/add_as_normal/ckpt-best.pth
2023-09-18 01:51:23,855 - fewshot_scanobjectnn_transferring_features - INFO - --------------------------------------------------------------------------------------------
2023-09-18 01:51:26,198 - fewshot_scanobjectnn_transferring_features - INFO - Save checkpoint at ./experiments/fewshot_scanobjectnn_transferring_features/cfgs/add_as_normal/ckpt-last.pth
2023-09-18 01:51:27,598 - fewshot_scanobjectnn_transferring_features - INFO - [Training] EPOCH: 9 EpochTime = 1.398 (s) Losses = ['2.9062', '28.1250'] lr = 0.000450
2023-09-18 01:51:29,102 - fewshot_scanobjectnn_transferring_features - INFO - [Validation] EPOCH: 9  acc = 21.0000
2023-09-18 01:51:31,771 - fewshot_scanobjectnn_transferring_features - INFO - Save checkpoint at ./experiments/fewshot_scanobjectnn_transferring_features/cfgs/add_as_normal/ckpt-best.pth
2023-09-18 01:51:31,771 - fewshot_scanobjectnn_transferring_features - INFO - --------------------------------------------------------------------------------------------
2023-09-18 01:51:34,688 - fewshot_scanobjectnn_transferring_features - INFO - Save checkpoint at ./experiments/fewshot_scanobjectnn_transferring_features/cfgs/add_as_normal/ckpt-last.pth
2023-09-18 01:51:36,285 - fewshot_scanobjectnn_transferring_features - INFO - [Training] EPOCH: 10 EpochTime = 1.595 (s) Losses = ['2.7502', '33.3333'] lr = 0.000495
2023-09-18 01:51:37,744 - fewshot_scanobjectnn_transferring_features - INFO - [Validation] EPOCH: 10  acc = 21.0000
2023-09-18 01:51:39,379 - fewshot_scanobjectnn_transferring_features - INFO - Save checkpoint at ./experiments/fewshot_scanobjectnn_transferring_features/cfgs/add_as_normal/ckpt-last.pth
2023-09-18 01:51:40,870 - fewshot_scanobjectnn_transferring_features - INFO - [Training] EPOCH: 11 EpochTime = 1.489 (s) Losses = ['2.5371', '38.5417'] lr = 0.000493
2023-09-18 01:51:42,465 - fewshot_scanobjectnn_transferring_features - INFO - [Validation] EPOCH: 11  acc = 26.5000
2023-09-18 01:51:44,669 - fewshot_scanobjectnn_transferring_features - INFO - Save checkpoint at ./experiments/fewshot_scanobjectnn_transferring_features/cfgs/add_as_normal/ckpt-best.pth
2023-09-18 01:51:44,669 - fewshot_scanobjectnn_transferring_features - INFO - --------------------------------------------------------------------------------------------
2023-09-18 01:51:46,409 - fewshot_scanobjectnn_transferring_features - INFO - Save checkpoint at ./experiments/fewshot_scanobjectnn_transferring_features/cfgs/add_as_normal/ckpt-last.pth
2023-09-18 01:51:47,719 - fewshot_scanobjectnn_transferring_features - INFO - [Training] EPOCH: 12 EpochTime = 1.307 (s) Losses = ['2.3968', '41.6667'] lr = 0.000492
2023-09-18 01:51:49,205 - fewshot_scanobjectnn_transferring_features - INFO - [Validation] EPOCH: 12  acc = 26.5000
2023-09-18 01:51:51,374 - fewshot_scanobjectnn_transferring_features - INFO - Save checkpoint at ./experiments/fewshot_scanobjectnn_transferring_features/cfgs/add_as_normal/ckpt-last.pth
2023-09-18 01:51:52,828 - fewshot_scanobjectnn_transferring_features - INFO - [Training] EPOCH: 13 EpochTime = 1.451 (s) Losses = ['2.1385', '48.9583'] lr = 0.000491
2023-09-18 01:51:54,357 - fewshot_scanobjectnn_transferring_features - INFO - [Validation] EPOCH: 13  acc = 28.5000
2023-09-18 01:51:56,266 - fewshot_scanobjectnn_transferring_features - INFO - Save checkpoint at ./experiments/fewshot_scanobjectnn_transferring_features/cfgs/add_as_normal/ckpt-best.pth
2023-09-18 01:51:56,266 - fewshot_scanobjectnn_transferring_features - INFO - --------------------------------------------------------------------------------------------
2023-09-18 01:51:58,265 - fewshot_scanobjectnn_transferring_features - INFO - Save checkpoint at ./experiments/fewshot_scanobjectnn_transferring_features/cfgs/add_as_normal/ckpt-last.pth
2023-09-18 01:51:59,705 - fewshot_scanobjectnn_transferring_features - INFO - [Training] EPOCH: 14 EpochTime = 1.438 (s) Losses = ['2.0792', '51.0417'] lr = 0.000489
2023-09-18 01:52:01,218 - fewshot_scanobjectnn_transferring_features - INFO - [Validation] EPOCH: 14  acc = 30.0000
2023-09-18 01:52:02,940 - fewshot_scanobjectnn_transferring_features - INFO - Save checkpoint at ./experiments/fewshot_scanobjectnn_transferring_features/cfgs/add_as_normal/ckpt-best.pth
2023-09-18 01:52:02,940 - fewshot_scanobjectnn_transferring_features - INFO - --------------------------------------------------------------------------------------------
2023-09-18 01:52:06,484 - fewshot_scanobjectnn_transferring_features - INFO - Save checkpoint at ./experiments/fewshot_scanobjectnn_transferring_features/cfgs/add_as_normal/ckpt-last.pth
2023-09-18 01:52:07,958 - fewshot_scanobjectnn_transferring_features - INFO - [Training] EPOCH: 15 EpochTime = 1.471 (s) Losses = ['1.9312', '58.3333'] lr = 0.000488
2023-09-18 01:52:09,435 - fewshot_scanobjectnn_transferring_features - INFO - [Validation] EPOCH: 15  acc = 31.0000
2023-09-18 01:52:12,524 - fewshot_scanobjectnn_transferring_features - INFO - Save checkpoint at ./experiments/fewshot_scanobjectnn_transferring_features/cfgs/add_as_normal/ckpt-best.pth
2023-09-18 01:52:12,524 - fewshot_scanobjectnn_transferring_features - INFO - --------------------------------------------------------------------------------------------
2023-09-18 01:52:14,323 - fewshot_scanobjectnn_transferring_features - INFO - Save checkpoint at ./experiments/fewshot_scanobjectnn_transferring_features/cfgs/add_as_normal/ckpt-last.pth
2023-09-18 01:52:15,825 - fewshot_scanobjectnn_transferring_features - INFO - [Training] EPOCH: 16 EpochTime = 1.500 (s) Losses = ['1.7664', '62.5000'] lr = 0.000486
2023-09-18 01:52:17,338 - fewshot_scanobjectnn_transferring_features - INFO - [Validation] EPOCH: 16  acc = 31.5000
2023-09-18 01:52:19,363 - fewshot_scanobjectnn_transferring_features - INFO - Save checkpoint at ./experiments/fewshot_scanobjectnn_transferring_features/cfgs/add_as_normal/ckpt-best.pth
2023-09-18 01:52:19,363 - fewshot_scanobjectnn_transferring_features - INFO - --------------------------------------------------------------------------------------------
2023-09-18 01:52:21,152 - fewshot_scanobjectnn_transferring_features - INFO - Save checkpoint at ./experiments/fewshot_scanobjectnn_transferring_features/cfgs/add_as_normal/ckpt-last.pth
2023-09-18 01:52:22,537 - fewshot_scanobjectnn_transferring_features - INFO - [Training] EPOCH: 17 EpochTime = 1.383 (s) Losses = ['1.5798', '72.9167'] lr = 0.000484
2023-09-18 01:52:24,030 - fewshot_scanobjectnn_transferring_features - INFO - [Validation] EPOCH: 17  acc = 31.5000
2023-09-18 01:52:25,739 - fewshot_scanobjectnn_transferring_features - INFO - Save checkpoint at ./experiments/fewshot_scanobjectnn_transferring_features/cfgs/add_as_normal/ckpt-last.pth
2023-09-18 01:52:27,144 - fewshot_scanobjectnn_transferring_features - INFO - [Training] EPOCH: 18 EpochTime = 1.403 (s) Losses = ['1.4938', '71.8750'] lr = 0.000482
2023-09-18 01:52:28,523 - fewshot_scanobjectnn_transferring_features - INFO - [Validation] EPOCH: 18  acc = 33.5000
2023-09-18 01:52:30,215 - fewshot_scanobjectnn_transferring_features - INFO - Save checkpoint at ./experiments/fewshot_scanobjectnn_transferring_features/cfgs/add_as_normal/ckpt-best.pth
2023-09-18 01:52:30,216 - fewshot_scanobjectnn_transferring_features - INFO - --------------------------------------------------------------------------------------------
2023-09-18 01:52:31,965 - fewshot_scanobjectnn_transferring_features - INFO - Save checkpoint at ./experiments/fewshot_scanobjectnn_transferring_features/cfgs/add_as_normal/ckpt-last.pth
2023-09-18 01:52:33,317 - fewshot_scanobjectnn_transferring_features - INFO - [Training] EPOCH: 19 EpochTime = 1.350 (s) Losses = ['1.4038', '65.6250'] lr = 0.000481
2023-09-18 01:52:34,943 - fewshot_scanobjectnn_transferring_features - INFO - [Validation] EPOCH: 19  acc = 33.5000
2023-09-18 01:52:37,078 - fewshot_scanobjectnn_transferring_features - INFO - Save checkpoint at ./experiments/fewshot_scanobjectnn_transferring_features/cfgs/add_as_normal/ckpt-last.pth
2023-09-18 01:52:38,415 - fewshot_scanobjectnn_transferring_features - INFO - [Training] EPOCH: 20 EpochTime = 1.336 (s) Losses = ['1.2741', '85.4167'] lr = 0.000478
2023-09-18 01:52:40,000 - fewshot_scanobjectnn_transferring_features - INFO - [Validation] EPOCH: 20  acc = 34.5000
2023-09-18 01:52:41,612 - fewshot_scanobjectnn_transferring_features - INFO - Save checkpoint at ./experiments/fewshot_scanobjectnn_transferring_features/cfgs/add_as_normal/ckpt-best.pth
2023-09-18 01:52:41,612 - fewshot_scanobjectnn_transferring_features - INFO - --------------------------------------------------------------------------------------------
2023-09-18 01:52:44,035 - fewshot_scanobjectnn_transferring_features - INFO - Save checkpoint at ./experiments/fewshot_scanobjectnn_transferring_features/cfgs/add_as_normal/ckpt-last.pth
2023-09-18 01:52:45,428 - fewshot_scanobjectnn_transferring_features - INFO - [Training] EPOCH: 21 EpochTime = 1.391 (s) Losses = ['1.1332', '84.3750'] lr = 0.000476
2023-09-18 01:52:47,099 - fewshot_scanobjectnn_transferring_features - INFO - [Validation] EPOCH: 21  acc = 37.5000
2023-09-18 01:52:49,097 - fewshot_scanobjectnn_transferring_features - INFO - Save checkpoint at ./experiments/fewshot_scanobjectnn_transferring_features/cfgs/add_as_normal/ckpt-best.pth
2023-09-18 01:52:49,097 - fewshot_scanobjectnn_transferring_features - INFO - --------------------------------------------------------------------------------------------
2023-09-18 01:52:52,327 - fewshot_scanobjectnn_transferring_features - INFO - Save checkpoint at ./experiments/fewshot_scanobjectnn_transferring_features/cfgs/add_as_normal/ckpt-last.pth
2023-09-18 01:52:53,863 - fewshot_scanobjectnn_transferring_features - INFO - [Training] EPOCH: 22 EpochTime = 1.534 (s) Losses = ['1.0032', '95.8333'] lr = 0.000474
2023-09-18 01:52:55,461 - fewshot_scanobjectnn_transferring_features - INFO - [Validation] EPOCH: 22  acc = 37.5000
2023-09-18 01:52:57,438 - fewshot_scanobjectnn_transferring_features - INFO - Save checkpoint at ./experiments/fewshot_scanobjectnn_transferring_features/cfgs/add_as_normal/ckpt-last.pth
2023-09-18 01:52:58,844 - fewshot_scanobjectnn_transferring_features - INFO - [Training] EPOCH: 23 EpochTime = 1.404 (s) Losses = ['0.9592', '86.4583'] lr = 0.000472
2023-09-18 01:53:00,286 - fewshot_scanobjectnn_transferring_features - INFO - [Validation] EPOCH: 23  acc = 36.0000
2023-09-18 01:53:02,989 - fewshot_scanobjectnn_transferring_features - INFO - Save checkpoint at ./experiments/fewshot_scanobjectnn_transferring_features/cfgs/add_as_normal/ckpt-last.pth
2023-09-18 01:53:04,355 - fewshot_scanobjectnn_transferring_features - INFO - [Training] EPOCH: 24 EpochTime = 1.364 (s) Losses = ['0.9287', '93.7500'] lr = 0.000469
2023-09-18 01:53:05,755 - fewshot_scanobjectnn_transferring_features - INFO - [Validation] EPOCH: 24  acc = 35.5000
2023-09-18 01:53:08,222 - fewshot_scanobjectnn_transferring_features - INFO - Save checkpoint at ./experiments/fewshot_scanobjectnn_transferring_features/cfgs/add_as_normal/ckpt-last.pth
2023-09-18 01:53:09,557 - fewshot_scanobjectnn_transferring_features - INFO - [Training] EPOCH: 25 EpochTime = 1.333 (s) Losses = ['0.8157', '96.8750'] lr = 0.000467
2023-09-18 01:53:10,904 - fewshot_scanobjectnn_transferring_features - INFO - [Validation] EPOCH: 25  acc = 37.5000
2023-09-18 01:53:13,308 - fewshot_scanobjectnn_transferring_features - INFO - Save checkpoint at ./experiments/fewshot_scanobjectnn_transferring_features/cfgs/add_as_normal/ckpt-last.pth
2023-09-18 01:53:14,605 - fewshot_scanobjectnn_transferring_features - INFO - [Training] EPOCH: 26 EpochTime = 1.295 (s) Losses = ['0.7553', '91.6667'] lr = 0.000464
2023-09-18 01:53:15,966 - fewshot_scanobjectnn_transferring_features - INFO - [Validation] EPOCH: 26  acc = 38.5000
2023-09-18 01:53:18,007 - fewshot_scanobjectnn_transferring_features - INFO - Save checkpoint at ./experiments/fewshot_scanobjectnn_transferring_features/cfgs/add_as_normal/ckpt-best.pth
2023-09-18 01:53:18,007 - fewshot_scanobjectnn_transferring_features - INFO - --------------------------------------------------------------------------------------------
2023-09-18 01:53:19,802 - fewshot_scanobjectnn_transferring_features - INFO - Save checkpoint at ./experiments/fewshot_scanobjectnn_transferring_features/cfgs/add_as_normal/ckpt-last.pth
2023-09-18 01:53:21,092 - fewshot_scanobjectnn_transferring_features - INFO - [Training] EPOCH: 27 EpochTime = 1.287 (s) Losses = ['0.6878', '97.9167'] lr = 0.000461
2023-09-18 01:53:22,496 - fewshot_scanobjectnn_transferring_features - INFO - [Validation] EPOCH: 27  acc = 40.5000
2023-09-18 01:53:24,181 - fewshot_scanobjectnn_transferring_features - INFO - Save checkpoint at ./experiments/fewshot_scanobjectnn_transferring_features/cfgs/add_as_normal/ckpt-best.pth
2023-09-18 01:53:24,181 - fewshot_scanobjectnn_transferring_features - INFO - --------------------------------------------------------------------------------------------
2023-09-18 01:53:27,656 - fewshot_scanobjectnn_transferring_features - INFO - Save checkpoint at ./experiments/fewshot_scanobjectnn_transferring_features/cfgs/add_as_normal/ckpt-last.pth
2023-09-18 01:53:29,217 - fewshot_scanobjectnn_transferring_features - INFO - [Training] EPOCH: 28 EpochTime = 1.559 (s) Losses = ['0.6166', '96.8750'] lr = 0.000458
2023-09-18 01:53:30,912 - fewshot_scanobjectnn_transferring_features - INFO - [Validation] EPOCH: 28  acc = 42.0000
2023-09-18 01:53:33,981 - fewshot_scanobjectnn_transferring_features - INFO - Save checkpoint at ./experiments/fewshot_scanobjectnn_transferring_features/cfgs/add_as_normal/ckpt-best.pth
2023-09-18 01:53:33,981 - fewshot_scanobjectnn_transferring_features - INFO - --------------------------------------------------------------------------------------------
2023-09-18 01:53:35,920 - fewshot_scanobjectnn_transferring_features - INFO - Save checkpoint at ./experiments/fewshot_scanobjectnn_transferring_features/cfgs/add_as_normal/ckpt-last.pth
2023-09-18 01:53:37,522 - fewshot_scanobjectnn_transferring_features - INFO - [Training] EPOCH: 29 EpochTime = 1.599 (s) Losses = ['0.4948', '98.9583'] lr = 0.000455
2023-09-18 01:53:39,088 - fewshot_scanobjectnn_transferring_features - INFO - [Validation] EPOCH: 29  acc = 38.0000
2023-09-18 01:53:41,654 - fewshot_scanobjectnn_transferring_features - INFO - Save checkpoint at ./experiments/fewshot_scanobjectnn_transferring_features/cfgs/add_as_normal/ckpt-last.pth
2023-09-18 01:53:42,987 - fewshot_scanobjectnn_transferring_features - INFO - [Training] EPOCH: 30 EpochTime = 1.330 (s) Losses = ['0.4870', '98.9583'] lr = 0.000452
2023-09-18 01:53:44,485 - fewshot_scanobjectnn_transferring_features - INFO - [Validation] EPOCH: 30  acc = 38.0000
2023-09-18 01:53:47,182 - fewshot_scanobjectnn_transferring_features - INFO - Save checkpoint at ./experiments/fewshot_scanobjectnn_transferring_features/cfgs/add_as_normal/ckpt-last.pth
2023-09-18 01:53:48,615 - fewshot_scanobjectnn_transferring_features - INFO - [Training] EPOCH: 31 EpochTime = 1.429 (s) Losses = ['0.4200', '100.0000'] lr = 0.000449
2023-09-18 01:53:50,225 - fewshot_scanobjectnn_transferring_features - INFO - [Validation] EPOCH: 31  acc = 38.5000
2023-09-18 01:53:54,020 - fewshot_scanobjectnn_transferring_features - INFO - Save checkpoint at ./experiments/fewshot_scanobjectnn_transferring_features/cfgs/add_as_normal/ckpt-last.pth
2023-09-18 01:53:55,711 - fewshot_scanobjectnn_transferring_features - INFO - [Training] EPOCH: 32 EpochTime = 1.689 (s) Losses = ['0.3930', '100.0000'] lr = 0.000446
2023-09-18 01:53:57,277 - fewshot_scanobjectnn_transferring_features - INFO - [Validation] EPOCH: 32  acc = 40.5000
2023-09-18 01:53:58,899 - fewshot_scanobjectnn_transferring_features - INFO - Save checkpoint at ./experiments/fewshot_scanobjectnn_transferring_features/cfgs/add_as_normal/ckpt-last.pth
2023-09-18 01:54:00,230 - fewshot_scanobjectnn_transferring_features - INFO - [Training] EPOCH: 33 EpochTime = 1.330 (s) Losses = ['0.4397', '98.9583'] lr = 0.000443
2023-09-18 01:54:01,712 - fewshot_scanobjectnn_transferring_features - INFO - [Validation] EPOCH: 33  acc = 40.5000
2023-09-18 01:54:03,353 - fewshot_scanobjectnn_transferring_features - INFO - Save checkpoint at ./experiments/fewshot_scanobjectnn_transferring_features/cfgs/add_as_normal/ckpt-last.pth
2023-09-18 01:54:04,970 - fewshot_scanobjectnn_transferring_features - INFO - [Training] EPOCH: 34 EpochTime = 1.615 (s) Losses = ['0.3647', '100.0000'] lr = 0.000439
2023-09-18 01:54:06,590 - fewshot_scanobjectnn_transferring_features - INFO - [Validation] EPOCH: 34  acc = 40.5000
2023-09-18 01:54:08,253 - fewshot_scanobjectnn_transferring_features - INFO - Save checkpoint at ./experiments/fewshot_scanobjectnn_transferring_features/cfgs/add_as_normal/ckpt-last.pth
2023-09-18 01:54:09,863 - fewshot_scanobjectnn_transferring_features - INFO - [Training] EPOCH: 35 EpochTime = 1.608 (s) Losses = ['0.3082', '100.0000'] lr = 0.000436
2023-09-18 01:54:11,299 - fewshot_scanobjectnn_transferring_features - INFO - [Validation] EPOCH: 35  acc = 43.0000
2023-09-18 01:54:13,053 - fewshot_scanobjectnn_transferring_features - INFO - Save checkpoint at ./experiments/fewshot_scanobjectnn_transferring_features/cfgs/add_as_normal/ckpt-best.pth
2023-09-18 01:54:13,053 - fewshot_scanobjectnn_transferring_features - INFO - --------------------------------------------------------------------------------------------
2023-09-18 01:54:14,921 - fewshot_scanobjectnn_transferring_features - INFO - Save checkpoint at ./experiments/fewshot_scanobjectnn_transferring_features/cfgs/add_as_normal/ckpt-last.pth
2023-09-18 01:54:16,293 - fewshot_scanobjectnn_transferring_features - INFO - [Training] EPOCH: 36 EpochTime = 1.371 (s) Losses = ['0.3517', '97.9167'] lr = 0.000432
2023-09-18 01:54:17,854 - fewshot_scanobjectnn_transferring_features - INFO - [Validation] EPOCH: 36  acc = 41.5000
2023-09-18 01:54:19,531 - fewshot_scanobjectnn_transferring_features - INFO - Save checkpoint at ./experiments/fewshot_scanobjectnn_transferring_features/cfgs/add_as_normal/ckpt-last.pth
2023-09-18 01:54:20,907 - fewshot_scanobjectnn_transferring_features - INFO - [Training] EPOCH: 37 EpochTime = 1.375 (s) Losses = ['0.3257', '100.0000'] lr = 0.000429
2023-09-18 01:54:22,484 - fewshot_scanobjectnn_transferring_features - INFO - [Validation] EPOCH: 37  acc = 43.0000
2023-09-18 01:54:24,155 - fewshot_scanobjectnn_transferring_features - INFO - Save checkpoint at ./experiments/fewshot_scanobjectnn_transferring_features/cfgs/add_as_normal/ckpt-last.pth
2023-09-18 01:54:25,582 - fewshot_scanobjectnn_transferring_features - INFO - [Training] EPOCH: 38 EpochTime = 1.426 (s) Losses = ['0.3164', '100.0000'] lr = 0.000425
2023-09-18 01:54:27,107 - fewshot_scanobjectnn_transferring_features - INFO - [Validation] EPOCH: 38  acc = 43.0000
2023-09-18 01:54:28,801 - fewshot_scanobjectnn_transferring_features - INFO - Save checkpoint at ./experiments/fewshot_scanobjectnn_transferring_features/cfgs/add_as_normal/ckpt-last.pth
2023-09-18 01:54:30,416 - fewshot_scanobjectnn_transferring_features - INFO - [Training] EPOCH: 39 EpochTime = 1.613 (s) Losses = ['0.2459', '100.0000'] lr = 0.000421
2023-09-18 01:54:31,974 - fewshot_scanobjectnn_transferring_features - INFO - [Validation] EPOCH: 39  acc = 44.0000
2023-09-18 01:54:33,845 - fewshot_scanobjectnn_transferring_features - INFO - Save checkpoint at ./experiments/fewshot_scanobjectnn_transferring_features/cfgs/add_as_normal/ckpt-best.pth
2023-09-18 01:54:33,845 - fewshot_scanobjectnn_transferring_features - INFO - --------------------------------------------------------------------------------------------
2023-09-18 01:54:35,935 - fewshot_scanobjectnn_transferring_features - INFO - Save checkpoint at ./experiments/fewshot_scanobjectnn_transferring_features/cfgs/add_as_normal/ckpt-last.pth
2023-09-18 01:54:37,524 - fewshot_scanobjectnn_transferring_features - INFO - [Training] EPOCH: 40 EpochTime = 1.586 (s) Losses = ['0.2295', '100.0000'] lr = 0.000417
2023-09-18 01:54:39,116 - fewshot_scanobjectnn_transferring_features - INFO - [Validation] EPOCH: 40  acc = 44.0000
2023-09-18 01:54:40,702 - fewshot_scanobjectnn_transferring_features - INFO - Save checkpoint at ./experiments/fewshot_scanobjectnn_transferring_features/cfgs/add_as_normal/ckpt-last.pth
2023-09-18 01:54:42,309 - fewshot_scanobjectnn_transferring_features - INFO - [Training] EPOCH: 41 EpochTime = 1.604 (s) Losses = ['0.2617', '100.0000'] lr = 0.000414
2023-09-18 01:54:44,031 - fewshot_scanobjectnn_transferring_features - INFO - [Validation] EPOCH: 41  acc = 43.5000
2023-09-18 01:54:45,614 - fewshot_scanobjectnn_transferring_features - INFO - Save checkpoint at ./experiments/fewshot_scanobjectnn_transferring_features/cfgs/add_as_normal/ckpt-last.pth
2023-09-18 01:54:46,960 - fewshot_scanobjectnn_transferring_features - INFO - [Training] EPOCH: 42 EpochTime = 1.345 (s) Losses = ['0.2342', '100.0000'] lr = 0.000410
2023-09-18 01:54:48,439 - fewshot_scanobjectnn_transferring_features - INFO - [Validation] EPOCH: 42  acc = 41.5000
2023-09-18 01:54:50,387 - fewshot_scanobjectnn_transferring_features - INFO - Save checkpoint at ./experiments/fewshot_scanobjectnn_transferring_features/cfgs/add_as_normal/ckpt-last.pth
2023-09-18 01:54:51,935 - fewshot_scanobjectnn_transferring_features - INFO - [Training] EPOCH: 43 EpochTime = 1.546 (s) Losses = ['0.2055', '100.0000'] lr = 0.000405
2023-09-18 01:54:53,628 - fewshot_scanobjectnn_transferring_features - INFO - [Validation] EPOCH: 43  acc = 41.0000
2023-09-18 01:54:55,582 - fewshot_scanobjectnn_transferring_features - INFO - Save checkpoint at ./experiments/fewshot_scanobjectnn_transferring_features/cfgs/add_as_normal/ckpt-last.pth
2023-09-18 01:54:57,055 - fewshot_scanobjectnn_transferring_features - INFO - [Training] EPOCH: 44 EpochTime = 1.471 (s) Losses = ['0.2215', '100.0000'] lr = 0.000401
2023-09-18 01:54:58,888 - fewshot_scanobjectnn_transferring_features - INFO - [Validation] EPOCH: 44  acc = 40.0000
2023-09-18 01:55:00,660 - fewshot_scanobjectnn_transferring_features - INFO - Save checkpoint at ./experiments/fewshot_scanobjectnn_transferring_features/cfgs/add_as_normal/ckpt-last.pth
2023-09-18 01:55:02,336 - fewshot_scanobjectnn_transferring_features - INFO - [Training] EPOCH: 45 EpochTime = 1.674 (s) Losses = ['0.2301', '100.0000'] lr = 0.000397
2023-09-18 01:55:03,806 - fewshot_scanobjectnn_transferring_features - INFO - [Validation] EPOCH: 45  acc = 41.0000
2023-09-18 01:55:05,509 - fewshot_scanobjectnn_transferring_features - INFO - Save checkpoint at ./experiments/fewshot_scanobjectnn_transferring_features/cfgs/add_as_normal/ckpt-last.pth
2023-09-18 01:55:07,233 - fewshot_scanobjectnn_transferring_features - INFO - [Training] EPOCH: 46 EpochTime = 1.721 (s) Losses = ['0.1876', '100.0000'] lr = 0.000393
2023-09-18 01:55:08,701 - fewshot_scanobjectnn_transferring_features - INFO - [Validation] EPOCH: 46  acc = 42.5000
2023-09-18 01:55:10,366 - fewshot_scanobjectnn_transferring_features - INFO - Save checkpoint at ./experiments/fewshot_scanobjectnn_transferring_features/cfgs/add_as_normal/ckpt-last.pth
2023-09-18 01:55:12,019 - fewshot_scanobjectnn_transferring_features - INFO - [Training] EPOCH: 47 EpochTime = 1.650 (s) Losses = ['0.1878', '100.0000'] lr = 0.000389
2023-09-18 01:55:13,842 - fewshot_scanobjectnn_transferring_features - INFO - [Validation] EPOCH: 47  acc = 43.0000
2023-09-18 01:55:15,608 - fewshot_scanobjectnn_transferring_features - INFO - Save checkpoint at ./experiments/fewshot_scanobjectnn_transferring_features/cfgs/add_as_normal/ckpt-last.pth
2023-09-18 01:55:17,330 - fewshot_scanobjectnn_transferring_features - INFO - [Training] EPOCH: 48 EpochTime = 1.720 (s) Losses = ['0.1967', '98.9583'] lr = 0.000384
2023-09-18 01:55:19,198 - fewshot_scanobjectnn_transferring_features - INFO - [Validation] EPOCH: 48  acc = 44.0000
2023-09-18 01:55:21,099 - fewshot_scanobjectnn_transferring_features - INFO - Save checkpoint at ./experiments/fewshot_scanobjectnn_transferring_features/cfgs/add_as_normal/ckpt-last.pth
2023-09-18 01:55:22,822 - fewshot_scanobjectnn_transferring_features - INFO - [Training] EPOCH: 49 EpochTime = 1.720 (s) Losses = ['0.1866', '100.0000'] lr = 0.000380
2023-09-18 01:55:24,337 - fewshot_scanobjectnn_transferring_features - INFO - [Validation] EPOCH: 49  acc = 46.0000
2023-09-18 01:55:26,126 - fewshot_scanobjectnn_transferring_features - INFO - Save checkpoint at ./experiments/fewshot_scanobjectnn_transferring_features/cfgs/add_as_normal/ckpt-best.pth
2023-09-18 01:55:26,127 - fewshot_scanobjectnn_transferring_features - INFO - --------------------------------------------------------------------------------------------
2023-09-18 01:55:29,167 - fewshot_scanobjectnn_transferring_features - INFO - Save checkpoint at ./experiments/fewshot_scanobjectnn_transferring_features/cfgs/add_as_normal/ckpt-last.pth
2023-09-18 01:55:30,743 - fewshot_scanobjectnn_transferring_features - INFO - [Training] EPOCH: 50 EpochTime = 1.574 (s) Losses = ['0.1582', '100.0000'] lr = 0.000375
2023-09-18 01:55:32,388 - fewshot_scanobjectnn_transferring_features - INFO - [Validation] EPOCH: 50  acc = 45.0000
2023-09-18 01:55:35,202 - fewshot_scanobjectnn_transferring_features - INFO - Save checkpoint at ./experiments/fewshot_scanobjectnn_transferring_features/cfgs/add_as_normal/ckpt-last.pth
2023-09-18 01:55:36,554 - fewshot_scanobjectnn_transferring_features - INFO - [Training] EPOCH: 51 EpochTime = 1.349 (s) Losses = ['0.1498', '100.0000'] lr = 0.000371
2023-09-18 01:55:38,181 - fewshot_scanobjectnn_transferring_features - INFO - [Validation] EPOCH: 51  acc = 44.5000
2023-09-18 01:55:40,238 - fewshot_scanobjectnn_transferring_features - INFO - Save checkpoint at ./experiments/fewshot_scanobjectnn_transferring_features/cfgs/add_as_normal/ckpt-last.pth
2023-09-18 01:55:41,555 - fewshot_scanobjectnn_transferring_features - INFO - [Training] EPOCH: 52 EpochTime = 1.315 (s) Losses = ['0.1095', '100.0000'] lr = 0.000366
2023-09-18 01:55:42,979 - fewshot_scanobjectnn_transferring_features - INFO - [Validation] EPOCH: 52  acc = 42.5000
2023-09-18 01:55:44,645 - fewshot_scanobjectnn_transferring_features - INFO - Save checkpoint at ./experiments/fewshot_scanobjectnn_transferring_features/cfgs/add_as_normal/ckpt-last.pth
2023-09-18 01:55:46,359 - fewshot_scanobjectnn_transferring_features - INFO - [Training] EPOCH: 53 EpochTime = 1.711 (s) Losses = ['0.1344', '100.0000'] lr = 0.000361
2023-09-18 01:55:48,126 - fewshot_scanobjectnn_transferring_features - INFO - [Validation] EPOCH: 53  acc = 41.0000
2023-09-18 01:55:51,962 - fewshot_scanobjectnn_transferring_features - INFO - Save checkpoint at ./experiments/fewshot_scanobjectnn_transferring_features/cfgs/add_as_normal/ckpt-last.pth
2023-09-18 01:55:53,569 - fewshot_scanobjectnn_transferring_features - INFO - [Training] EPOCH: 54 EpochTime = 1.605 (s) Losses = ['0.1405', '100.0000'] lr = 0.000357
2023-09-18 01:55:55,281 - fewshot_scanobjectnn_transferring_features - INFO - [Validation] EPOCH: 54  acc = 40.5000
2023-09-18 01:55:57,288 - fewshot_scanobjectnn_transferring_features - INFO - Save checkpoint at ./experiments/fewshot_scanobjectnn_transferring_features/cfgs/add_as_normal/ckpt-last.pth
2023-09-18 01:55:58,973 - fewshot_scanobjectnn_transferring_features - INFO - [Training] EPOCH: 55 EpochTime = 1.683 (s) Losses = ['0.1245', '100.0000'] lr = 0.000352
2023-09-18 01:56:00,788 - fewshot_scanobjectnn_transferring_features - INFO - [Validation] EPOCH: 55  acc = 41.5000
2023-09-18 01:56:02,670 - fewshot_scanobjectnn_transferring_features - INFO - Save checkpoint at ./experiments/fewshot_scanobjectnn_transferring_features/cfgs/add_as_normal/ckpt-last.pth
2023-09-18 01:56:04,396 - fewshot_scanobjectnn_transferring_features - INFO - [Training] EPOCH: 56 EpochTime = 1.724 (s) Losses = ['0.1392', '100.0000'] lr = 0.000347
2023-09-18 01:56:06,099 - fewshot_scanobjectnn_transferring_features - INFO - [Validation] EPOCH: 56  acc = 42.5000
2023-09-18 01:56:08,123 - fewshot_scanobjectnn_transferring_features - INFO - Save checkpoint at ./experiments/fewshot_scanobjectnn_transferring_features/cfgs/add_as_normal/ckpt-last.pth
2023-09-18 01:56:09,891 - fewshot_scanobjectnn_transferring_features - INFO - [Training] EPOCH: 57 EpochTime = 1.764 (s) Losses = ['0.1242', '100.0000'] lr = 0.000342
2023-09-18 01:56:11,641 - fewshot_scanobjectnn_transferring_features - INFO - [Validation] EPOCH: 57  acc = 41.5000
2023-09-18 01:56:13,659 - fewshot_scanobjectnn_transferring_features - INFO - Save checkpoint at ./experiments/fewshot_scanobjectnn_transferring_features/cfgs/add_as_normal/ckpt-last.pth
2023-09-18 01:56:15,374 - fewshot_scanobjectnn_transferring_features - INFO - [Training] EPOCH: 58 EpochTime = 1.711 (s) Losses = ['0.1461', '100.0000'] lr = 0.000337
2023-09-18 01:56:17,160 - fewshot_scanobjectnn_transferring_features - INFO - [Validation] EPOCH: 58  acc = 42.5000
2023-09-18 01:56:20,065 - fewshot_scanobjectnn_transferring_features - INFO - Save checkpoint at ./experiments/fewshot_scanobjectnn_transferring_features/cfgs/add_as_normal/ckpt-last.pth
2023-09-18 01:56:21,770 - fewshot_scanobjectnn_transferring_features - INFO - [Training] EPOCH: 59 EpochTime = 1.704 (s) Losses = ['0.1223', '100.0000'] lr = 0.000333
2023-09-18 01:56:23,568 - fewshot_scanobjectnn_transferring_features - INFO - [Validation] EPOCH: 59  acc = 42.5000
2023-09-18 01:56:26,832 - fewshot_scanobjectnn_transferring_features - INFO - Save checkpoint at ./experiments/fewshot_scanobjectnn_transferring_features/cfgs/add_as_normal/ckpt-last.pth
2023-09-18 01:56:28,555 - fewshot_scanobjectnn_transferring_features - INFO - [Training] EPOCH: 60 EpochTime = 1.721 (s) Losses = ['0.1075', '100.0000'] lr = 0.000328
2023-09-18 01:56:30,367 - fewshot_scanobjectnn_transferring_features - INFO - [Validation] EPOCH: 60  acc = 43.0000
2023-09-18 01:56:32,262 - fewshot_scanobjectnn_transferring_features - INFO - Save checkpoint at ./experiments/fewshot_scanobjectnn_transferring_features/cfgs/add_as_normal/ckpt-last.pth
2023-09-18 01:56:33,813 - fewshot_scanobjectnn_transferring_features - INFO - [Training] EPOCH: 61 EpochTime = 1.549 (s) Losses = ['0.1457', '100.0000'] lr = 0.000323
2023-09-18 01:56:35,546 - fewshot_scanobjectnn_transferring_features - INFO - [Validation] EPOCH: 61  acc = 43.5000
2023-09-18 01:56:37,719 - fewshot_scanobjectnn_transferring_features - INFO - Save checkpoint at ./experiments/fewshot_scanobjectnn_transferring_features/cfgs/add_as_normal/ckpt-last.pth
2023-09-18 01:56:39,326 - fewshot_scanobjectnn_transferring_features - INFO - [Training] EPOCH: 62 EpochTime = 1.603 (s) Losses = ['0.1141', '100.0000'] lr = 0.000318
2023-09-18 01:56:41,037 - fewshot_scanobjectnn_transferring_features - INFO - [Validation] EPOCH: 62  acc = 44.5000
2023-09-18 01:56:42,838 - fewshot_scanobjectnn_transferring_features - INFO - Save checkpoint at ./experiments/fewshot_scanobjectnn_transferring_features/cfgs/add_as_normal/ckpt-last.pth
2023-09-18 01:56:44,448 - fewshot_scanobjectnn_transferring_features - INFO - [Training] EPOCH: 63 EpochTime = 1.608 (s) Losses = ['0.1299', '100.0000'] lr = 0.000313
2023-09-18 01:56:46,140 - fewshot_scanobjectnn_transferring_features - INFO - [Validation] EPOCH: 63  acc = 42.0000
2023-09-18 01:56:47,918 - fewshot_scanobjectnn_transferring_features - INFO - Save checkpoint at ./experiments/fewshot_scanobjectnn_transferring_features/cfgs/add_as_normal/ckpt-last.pth
2023-09-18 01:56:49,571 - fewshot_scanobjectnn_transferring_features - INFO - [Training] EPOCH: 64 EpochTime = 1.651 (s) Losses = ['0.1152', '100.0000'] lr = 0.000307
2023-09-18 01:56:51,252 - fewshot_scanobjectnn_transferring_features - INFO - [Validation] EPOCH: 64  acc = 42.5000
2023-09-18 01:56:52,972 - fewshot_scanobjectnn_transferring_features - INFO - Save checkpoint at ./experiments/fewshot_scanobjectnn_transferring_features/cfgs/add_as_normal/ckpt-last.pth
2023-09-18 01:56:54,577 - fewshot_scanobjectnn_transferring_features - INFO - [Training] EPOCH: 65 EpochTime = 1.602 (s) Losses = ['0.1212', '100.0000'] lr = 0.000302
2023-09-18 01:56:56,283 - fewshot_scanobjectnn_transferring_features - INFO - [Validation] EPOCH: 65  acc = 43.0000
2023-09-18 01:56:58,044 - fewshot_scanobjectnn_transferring_features - INFO - Save checkpoint at ./experiments/fewshot_scanobjectnn_transferring_features/cfgs/add_as_normal/ckpt-last.pth
2023-09-18 01:56:59,753 - fewshot_scanobjectnn_transferring_features - INFO - [Training] EPOCH: 66 EpochTime = 1.705 (s) Losses = ['0.0987', '100.0000'] lr = 0.000297
2023-09-18 01:57:01,495 - fewshot_scanobjectnn_transferring_features - INFO - [Validation] EPOCH: 66  acc = 44.0000
2023-09-18 01:57:03,261 - fewshot_scanobjectnn_transferring_features - INFO - Save checkpoint at ./experiments/fewshot_scanobjectnn_transferring_features/cfgs/add_as_normal/ckpt-last.pth
2023-09-18 01:57:05,065 - fewshot_scanobjectnn_transferring_features - INFO - [Training] EPOCH: 67 EpochTime = 1.800 (s) Losses = ['0.1284', '100.0000'] lr = 0.000292
2023-09-18 01:57:06,759 - fewshot_scanobjectnn_transferring_features - INFO - [Validation] EPOCH: 67  acc = 44.0000
2023-09-18 01:57:08,678 - fewshot_scanobjectnn_transferring_features - INFO - Save checkpoint at ./experiments/fewshot_scanobjectnn_transferring_features/cfgs/add_as_normal/ckpt-last.pth
2023-09-18 01:57:10,420 - fewshot_scanobjectnn_transferring_features - INFO - [Training] EPOCH: 68 EpochTime = 1.739 (s) Losses = ['0.0919', '100.0000'] lr = 0.000287
2023-09-18 01:57:12,206 - fewshot_scanobjectnn_transferring_features - INFO - [Validation] EPOCH: 68  acc = 45.5000
2023-09-18 01:57:15,056 - fewshot_scanobjectnn_transferring_features - INFO - Save checkpoint at ./experiments/fewshot_scanobjectnn_transferring_features/cfgs/add_as_normal/ckpt-last.pth
2023-09-18 01:57:16,746 - fewshot_scanobjectnn_transferring_features - INFO - [Training] EPOCH: 69 EpochTime = 1.686 (s) Losses = ['0.1100', '100.0000'] lr = 0.000282
2023-09-18 01:57:18,436 - fewshot_scanobjectnn_transferring_features - INFO - [Validation] EPOCH: 69  acc = 45.0000
2023-09-18 01:57:20,467 - fewshot_scanobjectnn_transferring_features - INFO - Save checkpoint at ./experiments/fewshot_scanobjectnn_transferring_features/cfgs/add_as_normal/ckpt-last.pth
2023-09-18 01:57:22,090 - fewshot_scanobjectnn_transferring_features - INFO - [Training] EPOCH: 70 EpochTime = 1.621 (s) Losses = ['0.0972', '100.0000'] lr = 0.000277
2023-09-18 01:57:23,853 - fewshot_scanobjectnn_transferring_features - INFO - [Validation] EPOCH: 70  acc = 44.5000
2023-09-18 01:57:25,852 - fewshot_scanobjectnn_transferring_features - INFO - Save checkpoint at ./experiments/fewshot_scanobjectnn_transferring_features/cfgs/add_as_normal/ckpt-last.pth
2023-09-18 01:57:27,579 - fewshot_scanobjectnn_transferring_features - INFO - [Training] EPOCH: 71 EpochTime = 1.725 (s) Losses = ['0.1203', '100.0000'] lr = 0.000271
2023-09-18 01:57:29,274 - fewshot_scanobjectnn_transferring_features - INFO - [Validation] EPOCH: 71  acc = 46.5000
2023-09-18 01:57:31,821 - fewshot_scanobjectnn_transferring_features - INFO - Save checkpoint at ./experiments/fewshot_scanobjectnn_transferring_features/cfgs/add_as_normal/ckpt-best.pth
2023-09-18 01:57:31,821 - fewshot_scanobjectnn_transferring_features - INFO - --------------------------------------------------------------------------------------------
2023-09-18 01:57:33,666 - fewshot_scanobjectnn_transferring_features - INFO - Save checkpoint at ./experiments/fewshot_scanobjectnn_transferring_features/cfgs/add_as_normal/ckpt-last.pth
2023-09-18 01:57:35,357 - fewshot_scanobjectnn_transferring_features - INFO - [Training] EPOCH: 72 EpochTime = 1.688 (s) Losses = ['0.0947', '100.0000'] lr = 0.000266
2023-09-18 01:57:37,145 - fewshot_scanobjectnn_transferring_features - INFO - [Validation] EPOCH: 72  acc = 46.0000
2023-09-18 01:57:39,074 - fewshot_scanobjectnn_transferring_features - INFO - Save checkpoint at ./experiments/fewshot_scanobjectnn_transferring_features/cfgs/add_as_normal/ckpt-last.pth
2023-09-18 01:57:40,803 - fewshot_scanobjectnn_transferring_features - INFO - [Training] EPOCH: 73 EpochTime = 1.726 (s) Losses = ['0.0847', '100.0000'] lr = 0.000261
2023-09-18 01:57:42,501 - fewshot_scanobjectnn_transferring_features - INFO - [Validation] EPOCH: 73  acc = 44.5000
2023-09-18 01:57:44,401 - fewshot_scanobjectnn_transferring_features - INFO - Save checkpoint at ./experiments/fewshot_scanobjectnn_transferring_features/cfgs/add_as_normal/ckpt-last.pth
2023-09-18 01:57:46,135 - fewshot_scanobjectnn_transferring_features - INFO - [Training] EPOCH: 74 EpochTime = 1.732 (s) Losses = ['0.0993', '100.0000'] lr = 0.000256
2023-09-18 01:57:47,936 - fewshot_scanobjectnn_transferring_features - INFO - [Validation] EPOCH: 74  acc = 45.0000
2023-09-18 01:57:49,808 - fewshot_scanobjectnn_transferring_features - INFO - Save checkpoint at ./experiments/fewshot_scanobjectnn_transferring_features/cfgs/add_as_normal/ckpt-last.pth
2023-09-18 01:57:51,475 - fewshot_scanobjectnn_transferring_features - INFO - [Training] EPOCH: 75 EpochTime = 1.665 (s) Losses = ['0.0920', '100.0000'] lr = 0.000251
2023-09-18 01:57:53,267 - fewshot_scanobjectnn_transferring_features - INFO - [Validation] EPOCH: 75  acc = 45.0000
2023-09-18 01:57:55,260 - fewshot_scanobjectnn_transferring_features - INFO - Save checkpoint at ./experiments/fewshot_scanobjectnn_transferring_features/cfgs/add_as_normal/ckpt-last.pth
2023-09-18 01:57:57,050 - fewshot_scanobjectnn_transferring_features - INFO - [Training] EPOCH: 76 EpochTime = 1.787 (s) Losses = ['0.0784', '100.0000'] lr = 0.000245
2023-09-18 01:57:58,791 - fewshot_scanobjectnn_transferring_features - INFO - [Validation] EPOCH: 76  acc = 44.5000
2023-09-18 01:58:00,891 - fewshot_scanobjectnn_transferring_features - INFO - Save checkpoint at ./experiments/fewshot_scanobjectnn_transferring_features/cfgs/add_as_normal/ckpt-last.pth
2023-09-18 01:58:02,564 - fewshot_scanobjectnn_transferring_features - INFO - [Training] EPOCH: 77 EpochTime = 1.670 (s) Losses = ['0.0715', '100.0000'] lr = 0.000240
2023-09-18 01:58:04,245 - fewshot_scanobjectnn_transferring_features - INFO - [Validation] EPOCH: 77  acc = 45.5000
2023-09-18 01:58:06,583 - fewshot_scanobjectnn_transferring_features - INFO - Save checkpoint at ./experiments/fewshot_scanobjectnn_transferring_features/cfgs/add_as_normal/ckpt-last.pth
2023-09-18 01:58:08,263 - fewshot_scanobjectnn_transferring_features - INFO - [Training] EPOCH: 78 EpochTime = 1.679 (s) Losses = ['0.0967', '100.0000'] lr = 0.000235
2023-09-18 01:58:10,127 - fewshot_scanobjectnn_transferring_features - INFO - [Validation] EPOCH: 78  acc = 44.5000
2023-09-18 01:58:12,348 - fewshot_scanobjectnn_transferring_features - INFO - Save checkpoint at ./experiments/fewshot_scanobjectnn_transferring_features/cfgs/add_as_normal/ckpt-last.pth
2023-09-18 01:58:14,158 - fewshot_scanobjectnn_transferring_features - INFO - [Training] EPOCH: 79 EpochTime = 1.808 (s) Losses = ['0.0983', '100.0000'] lr = 0.000230
2023-09-18 01:58:15,957 - fewshot_scanobjectnn_transferring_features - INFO - [Validation] EPOCH: 79  acc = 45.5000
2023-09-18 01:58:18,355 - fewshot_scanobjectnn_transferring_features - INFO - Save checkpoint at ./experiments/fewshot_scanobjectnn_transferring_features/cfgs/add_as_normal/ckpt-last.pth
2023-09-18 01:58:20,006 - fewshot_scanobjectnn_transferring_features - INFO - [Training] EPOCH: 80 EpochTime = 1.649 (s) Losses = ['0.0782', '100.0000'] lr = 0.000224
2023-09-18 01:58:21,796 - fewshot_scanobjectnn_transferring_features - INFO - [Validation] EPOCH: 80  acc = 45.5000
2023-09-18 01:58:24,503 - fewshot_scanobjectnn_transferring_features - INFO - Save checkpoint at ./experiments/fewshot_scanobjectnn_transferring_features/cfgs/add_as_normal/ckpt-last.pth
2023-09-18 01:58:26,198 - fewshot_scanobjectnn_transferring_features - INFO - [Training] EPOCH: 81 EpochTime = 1.693 (s) Losses = ['0.0797', '100.0000'] lr = 0.000219
2023-09-18 01:58:28,035 - fewshot_scanobjectnn_transferring_features - INFO - [Validation] EPOCH: 81  acc = 45.0000
2023-09-18 01:58:31,417 - fewshot_scanobjectnn_transferring_features - INFO - Save checkpoint at ./experiments/fewshot_scanobjectnn_transferring_features/cfgs/add_as_normal/ckpt-last.pth
2023-09-18 01:58:33,032 - fewshot_scanobjectnn_transferring_features - INFO - [Training] EPOCH: 82 EpochTime = 1.613 (s) Losses = ['0.1024', '100.0000'] lr = 0.000214
2023-09-18 01:58:34,763 - fewshot_scanobjectnn_transferring_features - INFO - [Validation] EPOCH: 82  acc = 45.0000
2023-09-18 01:58:38,006 - fewshot_scanobjectnn_transferring_features - INFO - Save checkpoint at ./experiments/fewshot_scanobjectnn_transferring_features/cfgs/add_as_normal/ckpt-last.pth
2023-09-18 01:58:39,661 - fewshot_scanobjectnn_transferring_features - INFO - [Training] EPOCH: 83 EpochTime = 1.653 (s) Losses = ['0.0752', '100.0000'] lr = 0.000209
2023-09-18 01:58:41,427 - fewshot_scanobjectnn_transferring_features - INFO - [Validation] EPOCH: 83  acc = 45.5000
2023-09-18 01:58:44,284 - fewshot_scanobjectnn_transferring_features - INFO - Save checkpoint at ./experiments/fewshot_scanobjectnn_transferring_features/cfgs/add_as_normal/ckpt-last.pth
2023-09-18 01:58:45,920 - fewshot_scanobjectnn_transferring_features - INFO - [Training] EPOCH: 84 EpochTime = 1.635 (s) Losses = ['0.0860', '100.0000'] lr = 0.000204
2023-09-18 01:58:47,751 - fewshot_scanobjectnn_transferring_features - INFO - [Validation] EPOCH: 84  acc = 44.0000
2023-09-18 01:58:50,627 - fewshot_scanobjectnn_transferring_features - INFO - Save checkpoint at ./experiments/fewshot_scanobjectnn_transferring_features/cfgs/add_as_normal/ckpt-last.pth
2023-09-18 01:58:52,302 - fewshot_scanobjectnn_transferring_features - INFO - [Training] EPOCH: 85 EpochTime = 1.673 (s) Losses = ['0.0750', '100.0000'] lr = 0.000199
2023-09-18 01:58:54,099 - fewshot_scanobjectnn_transferring_features - INFO - [Validation] EPOCH: 85  acc = 44.0000
2023-09-18 01:58:56,915 - fewshot_scanobjectnn_transferring_features - INFO - Save checkpoint at ./experiments/fewshot_scanobjectnn_transferring_features/cfgs/add_as_normal/ckpt-last.pth
2023-09-18 01:58:58,560 - fewshot_scanobjectnn_transferring_features - INFO - [Training] EPOCH: 86 EpochTime = 1.642 (s) Losses = ['0.0654', '100.0000'] lr = 0.000194
2023-09-18 01:59:00,290 - fewshot_scanobjectnn_transferring_features - INFO - [Validation] EPOCH: 86  acc = 44.0000
2023-09-18 01:59:03,222 - fewshot_scanobjectnn_transferring_features - INFO - Save checkpoint at ./experiments/fewshot_scanobjectnn_transferring_features/cfgs/add_as_normal/ckpt-last.pth
2023-09-18 01:59:04,922 - fewshot_scanobjectnn_transferring_features - INFO - [Training] EPOCH: 87 EpochTime = 1.698 (s) Losses = ['0.0953', '100.0000'] lr = 0.000188
2023-09-18 01:59:06,718 - fewshot_scanobjectnn_transferring_features - INFO - [Validation] EPOCH: 87  acc = 44.0000
2023-09-18 01:59:09,702 - fewshot_scanobjectnn_transferring_features - INFO - Save checkpoint at ./experiments/fewshot_scanobjectnn_transferring_features/cfgs/add_as_normal/ckpt-last.pth
2023-09-18 01:59:11,439 - fewshot_scanobjectnn_transferring_features - INFO - [Training] EPOCH: 88 EpochTime = 1.735 (s) Losses = ['0.0815', '100.0000'] lr = 0.000183
2023-09-18 01:59:13,099 - fewshot_scanobjectnn_transferring_features - INFO - [Validation] EPOCH: 88  acc = 43.5000
2023-09-18 01:59:16,077 - fewshot_scanobjectnn_transferring_features - INFO - Save checkpoint at ./experiments/fewshot_scanobjectnn_transferring_features/cfgs/add_as_normal/ckpt-last.pth
2023-09-18 01:59:17,796 - fewshot_scanobjectnn_transferring_features - INFO - [Training] EPOCH: 89 EpochTime = 1.717 (s) Losses = ['0.0806', '100.0000'] lr = 0.000178
2023-09-18 01:59:19,560 - fewshot_scanobjectnn_transferring_features - INFO - [Validation] EPOCH: 89  acc = 44.5000
2023-09-18 01:59:22,934 - fewshot_scanobjectnn_transferring_features - INFO - Save checkpoint at ./experiments/fewshot_scanobjectnn_transferring_features/cfgs/add_as_normal/ckpt-last.pth
2023-09-18 01:59:24,598 - fewshot_scanobjectnn_transferring_features - INFO - [Training] EPOCH: 90 EpochTime = 1.662 (s) Losses = ['0.0756', '100.0000'] lr = 0.000173
2023-09-18 01:59:26,291 - fewshot_scanobjectnn_transferring_features - INFO - [Validation] EPOCH: 90  acc = 44.5000
2023-09-18 01:59:28,130 - fewshot_scanobjectnn_transferring_features - INFO - Save checkpoint at ./experiments/fewshot_scanobjectnn_transferring_features/cfgs/add_as_normal/ckpt-last.pth
2023-09-18 01:59:29,857 - fewshot_scanobjectnn_transferring_features - INFO - [Training] EPOCH: 91 EpochTime = 1.725 (s) Losses = ['0.0709', '100.0000'] lr = 0.000168
2023-09-18 01:59:31,621 - fewshot_scanobjectnn_transferring_features - INFO - [Validation] EPOCH: 91  acc = 46.0000
2023-09-18 01:59:33,261 - fewshot_scanobjectnn_transferring_features - INFO - Save checkpoint at ./experiments/fewshot_scanobjectnn_transferring_features/cfgs/add_as_normal/ckpt-last.pth
2023-09-18 01:59:34,889 - fewshot_scanobjectnn_transferring_features - INFO - [Training] EPOCH: 92 EpochTime = 1.626 (s) Losses = ['0.0788', '100.0000'] lr = 0.000164
2023-09-18 01:59:36,631 - fewshot_scanobjectnn_transferring_features - INFO - [Validation] EPOCH: 92  acc = 46.0000
2023-09-18 01:59:38,634 - fewshot_scanobjectnn_transferring_features - INFO - Save checkpoint at ./experiments/fewshot_scanobjectnn_transferring_features/cfgs/add_as_normal/ckpt-last.pth
2023-09-18 01:59:40,282 - fewshot_scanobjectnn_transferring_features - INFO - [Training] EPOCH: 93 EpochTime = 1.646 (s) Losses = ['0.0887', '100.0000'] lr = 0.000159
2023-09-18 01:59:42,175 - fewshot_scanobjectnn_transferring_features - INFO - [Validation] EPOCH: 93  acc = 46.5000
2023-09-18 01:59:44,042 - fewshot_scanobjectnn_transferring_features - INFO - Save checkpoint at ./experiments/fewshot_scanobjectnn_transferring_features/cfgs/add_as_normal/ckpt-last.pth
2023-09-18 01:59:45,649 - fewshot_scanobjectnn_transferring_features - INFO - [Training] EPOCH: 94 EpochTime = 1.604 (s) Losses = ['0.0786', '100.0000'] lr = 0.000154
2023-09-18 01:59:47,463 - fewshot_scanobjectnn_transferring_features - INFO - [Validation] EPOCH: 94  acc = 45.0000
2023-09-18 01:59:49,777 - fewshot_scanobjectnn_transferring_features - INFO - Save checkpoint at ./experiments/fewshot_scanobjectnn_transferring_features/cfgs/add_as_normal/ckpt-last.pth
2023-09-18 01:59:51,363 - fewshot_scanobjectnn_transferring_features - INFO - [Training] EPOCH: 95 EpochTime = 1.584 (s) Losses = ['0.0665', '100.0000'] lr = 0.000149
2023-09-18 01:59:53,094 - fewshot_scanobjectnn_transferring_features - INFO - [Validation] EPOCH: 95  acc = 45.5000
2023-09-18 01:59:56,461 - fewshot_scanobjectnn_transferring_features - INFO - Save checkpoint at ./experiments/fewshot_scanobjectnn_transferring_features/cfgs/add_as_normal/ckpt-last.pth
2023-09-18 01:59:58,164 - fewshot_scanobjectnn_transferring_features - INFO - [Training] EPOCH: 96 EpochTime = 1.700 (s) Losses = ['0.0667', '100.0000'] lr = 0.000144
2023-09-18 01:59:59,959 - fewshot_scanobjectnn_transferring_features - INFO - [Validation] EPOCH: 96  acc = 45.5000
2023-09-18 02:00:02,029 - fewshot_scanobjectnn_transferring_features - INFO - Save checkpoint at ./experiments/fewshot_scanobjectnn_transferring_features/cfgs/add_as_normal/ckpt-last.pth
2023-09-18 02:00:03,690 - fewshot_scanobjectnn_transferring_features - INFO - [Training] EPOCH: 97 EpochTime = 1.658 (s) Losses = ['0.0582', '100.0000'] lr = 0.000140
2023-09-18 02:00:05,466 - fewshot_scanobjectnn_transferring_features - INFO - [Validation] EPOCH: 97  acc = 44.5000
2023-09-18 02:00:08,415 - fewshot_scanobjectnn_transferring_features - INFO - Save checkpoint at ./experiments/fewshot_scanobjectnn_transferring_features/cfgs/add_as_normal/ckpt-last.pth
2023-09-18 02:00:10,009 - fewshot_scanobjectnn_transferring_features - INFO - [Training] EPOCH: 98 EpochTime = 1.592 (s) Losses = ['0.0868', '100.0000'] lr = 0.000135
2023-09-18 02:00:11,701 - fewshot_scanobjectnn_transferring_features - INFO - [Validation] EPOCH: 98  acc = 44.5000
2023-09-18 02:00:15,373 - fewshot_scanobjectnn_transferring_features - INFO - Save checkpoint at ./experiments/fewshot_scanobjectnn_transferring_features/cfgs/add_as_normal/ckpt-last.pth
2023-09-18 02:00:17,066 - fewshot_scanobjectnn_transferring_features - INFO - [Training] EPOCH: 99 EpochTime = 1.689 (s) Losses = ['0.0737', '100.0000'] lr = 0.000130
2023-09-18 02:00:18,884 - fewshot_scanobjectnn_transferring_features - INFO - [Validation] EPOCH: 99  acc = 44.5000
2023-09-18 02:00:20,826 - fewshot_scanobjectnn_transferring_features - INFO - Save checkpoint at ./experiments/fewshot_scanobjectnn_transferring_features/cfgs/add_as_normal/ckpt-last.pth
2023-09-18 02:00:22,533 - fewshot_scanobjectnn_transferring_features - INFO - [Training] EPOCH: 100 EpochTime = 1.704 (s) Losses = ['0.0653', '100.0000'] lr = 0.000126
2023-09-18 02:00:24,281 - fewshot_scanobjectnn_transferring_features - INFO - [Validation] EPOCH: 100  acc = 44.0000
2023-09-18 02:00:26,072 - fewshot_scanobjectnn_transferring_features - INFO - Save checkpoint at ./experiments/fewshot_scanobjectnn_transferring_features/cfgs/add_as_normal/ckpt-last.pth
2023-09-18 02:00:27,819 - fewshot_scanobjectnn_transferring_features - INFO - [Training] EPOCH: 101 EpochTime = 1.745 (s) Losses = ['0.0477', '100.0000'] lr = 0.000121
2023-09-18 02:00:29,601 - fewshot_scanobjectnn_transferring_features - INFO - [Validation] EPOCH: 101  acc = 44.0000
2023-09-18 02:00:32,278 - fewshot_scanobjectnn_transferring_features - INFO - Save checkpoint at ./experiments/fewshot_scanobjectnn_transferring_features/cfgs/add_as_normal/ckpt-last.pth
2023-09-18 02:00:33,996 - fewshot_scanobjectnn_transferring_features - INFO - [Training] EPOCH: 102 EpochTime = 1.716 (s) Losses = ['0.0624', '100.0000'] lr = 0.000117
2023-09-18 02:00:35,816 - fewshot_scanobjectnn_transferring_features - INFO - [Validation] EPOCH: 102  acc = 44.5000
2023-09-18 02:00:37,874 - fewshot_scanobjectnn_transferring_features - INFO - Save checkpoint at ./experiments/fewshot_scanobjectnn_transferring_features/cfgs/add_as_normal/ckpt-last.pth
2023-09-18 02:00:39,524 - fewshot_scanobjectnn_transferring_features - INFO - [Training] EPOCH: 103 EpochTime = 1.647 (s) Losses = ['0.0754', '100.0000'] lr = 0.000112
2023-09-18 02:00:41,322 - fewshot_scanobjectnn_transferring_features - INFO - [Validation] EPOCH: 103  acc = 44.0000
2023-09-18 02:00:43,128 - fewshot_scanobjectnn_transferring_features - INFO - Save checkpoint at ./experiments/fewshot_scanobjectnn_transferring_features/cfgs/add_as_normal/ckpt-last.pth
2023-09-18 02:00:44,823 - fewshot_scanobjectnn_transferring_features - INFO - [Training] EPOCH: 104 EpochTime = 1.693 (s) Losses = ['0.0759', '100.0000'] lr = 0.000108
2023-09-18 02:00:46,621 - fewshot_scanobjectnn_transferring_features - INFO - [Validation] EPOCH: 104  acc = 44.5000
2023-09-18 02:00:50,028 - fewshot_scanobjectnn_transferring_features - INFO - Save checkpoint at ./experiments/fewshot_scanobjectnn_transferring_features/cfgs/add_as_normal/ckpt-last.pth
2023-09-18 02:00:51,746 - fewshot_scanobjectnn_transferring_features - INFO - [Training] EPOCH: 105 EpochTime = 1.714 (s) Losses = ['0.0629', '100.0000'] lr = 0.000104
2023-09-18 02:00:53,563 - fewshot_scanobjectnn_transferring_features - INFO - [Validation] EPOCH: 105  acc = 44.0000
2023-09-18 02:00:58,013 - fewshot_scanobjectnn_transferring_features - INFO - Save checkpoint at ./experiments/fewshot_scanobjectnn_transferring_features/cfgs/add_as_normal/ckpt-last.pth
2023-09-18 02:00:59,860 - fewshot_scanobjectnn_transferring_features - INFO - [Training] EPOCH: 106 EpochTime = 1.845 (s) Losses = ['0.0576', '100.0000'] lr = 0.000100
2023-09-18 02:01:01,589 - fewshot_scanobjectnn_transferring_features - INFO - [Validation] EPOCH: 106  acc = 44.0000
2023-09-18 02:01:03,466 - fewshot_scanobjectnn_transferring_features - INFO - Save checkpoint at ./experiments/fewshot_scanobjectnn_transferring_features/cfgs/add_as_normal/ckpt-last.pth
2023-09-18 02:01:05,161 - fewshot_scanobjectnn_transferring_features - INFO - [Training] EPOCH: 107 EpochTime = 1.690 (s) Losses = ['0.0786', '100.0000'] lr = 0.000096
2023-09-18 02:01:06,882 - fewshot_scanobjectnn_transferring_features - INFO - [Validation] EPOCH: 107  acc = 44.5000
2023-09-18 02:01:08,965 - fewshot_scanobjectnn_transferring_features - INFO - Save checkpoint at ./experiments/fewshot_scanobjectnn_transferring_features/cfgs/add_as_normal/ckpt-last.pth
2023-09-18 02:01:10,637 - fewshot_scanobjectnn_transferring_features - INFO - [Training] EPOCH: 108 EpochTime = 1.670 (s) Losses = ['0.0536', '100.0000'] lr = 0.000091
2023-09-18 02:01:12,408 - fewshot_scanobjectnn_transferring_features - INFO - [Validation] EPOCH: 108  acc = 44.0000
2023-09-18 02:01:14,134 - fewshot_scanobjectnn_transferring_features - INFO - Save checkpoint at ./experiments/fewshot_scanobjectnn_transferring_features/cfgs/add_as_normal/ckpt-last.pth
2023-09-18 02:01:15,959 - fewshot_scanobjectnn_transferring_features - INFO - [Training] EPOCH: 109 EpochTime = 1.821 (s) Losses = ['0.0712', '100.0000'] lr = 0.000087
2023-09-18 02:01:17,683 - fewshot_scanobjectnn_transferring_features - INFO - [Validation] EPOCH: 109  acc = 44.0000
2023-09-18 02:01:19,388 - fewshot_scanobjectnn_transferring_features - INFO - Save checkpoint at ./experiments/fewshot_scanobjectnn_transferring_features/cfgs/add_as_normal/ckpt-last.pth
2023-09-18 02:01:20,995 - fewshot_scanobjectnn_transferring_features - INFO - [Training] EPOCH: 110 EpochTime = 1.605 (s) Losses = ['0.0691', '100.0000'] lr = 0.000084
2023-09-18 02:01:22,755 - fewshot_scanobjectnn_transferring_features - INFO - [Validation] EPOCH: 110  acc = 43.0000
2023-09-18 02:01:25,100 - fewshot_scanobjectnn_transferring_features - INFO - Save checkpoint at ./experiments/fewshot_scanobjectnn_transferring_features/cfgs/add_as_normal/ckpt-last.pth
2023-09-18 02:01:26,781 - fewshot_scanobjectnn_transferring_features - INFO - [Training] EPOCH: 111 EpochTime = 1.678 (s) Losses = ['0.0797', '100.0000'] lr = 0.000080
2023-09-18 02:01:28,563 - fewshot_scanobjectnn_transferring_features - INFO - [Validation] EPOCH: 111  acc = 42.5000
2023-09-18 02:01:30,733 - fewshot_scanobjectnn_transferring_features - INFO - Save checkpoint at ./experiments/fewshot_scanobjectnn_transferring_features/cfgs/add_as_normal/ckpt-last.pth
2023-09-18 02:01:32,276 - fewshot_scanobjectnn_transferring_features - INFO - [Training] EPOCH: 112 EpochTime = 1.541 (s) Losses = ['0.0636', '100.0000'] lr = 0.000076
2023-09-18 02:01:34,051 - fewshot_scanobjectnn_transferring_features - INFO - [Validation] EPOCH: 112  acc = 42.0000
2023-09-18 02:01:35,870 - fewshot_scanobjectnn_transferring_features - INFO - Save checkpoint at ./experiments/fewshot_scanobjectnn_transferring_features/cfgs/add_as_normal/ckpt-last.pth
2023-09-18 02:01:37,560 - fewshot_scanobjectnn_transferring_features - INFO - [Training] EPOCH: 113 EpochTime = 1.688 (s) Losses = ['0.0669', '100.0000'] lr = 0.000072
2023-09-18 02:01:39,275 - fewshot_scanobjectnn_transferring_features - INFO - [Validation] EPOCH: 113  acc = 42.0000
2023-09-18 02:01:41,174 - fewshot_scanobjectnn_transferring_features - INFO - Save checkpoint at ./experiments/fewshot_scanobjectnn_transferring_features/cfgs/add_as_normal/ckpt-last.pth
2023-09-18 02:01:42,910 - fewshot_scanobjectnn_transferring_features - INFO - [Training] EPOCH: 114 EpochTime = 1.733 (s) Losses = ['0.0625', '100.0000'] lr = 0.000069
2023-09-18 02:01:44,677 - fewshot_scanobjectnn_transferring_features - INFO - [Validation] EPOCH: 114  acc = 42.5000
2023-09-18 02:01:46,611 - fewshot_scanobjectnn_transferring_features - INFO - Save checkpoint at ./experiments/fewshot_scanobjectnn_transferring_features/cfgs/add_as_normal/ckpt-last.pth
2023-09-18 02:01:48,294 - fewshot_scanobjectnn_transferring_features - INFO - [Training] EPOCH: 115 EpochTime = 1.680 (s) Losses = ['0.0587', '100.0000'] lr = 0.000065
2023-09-18 02:01:50,047 - fewshot_scanobjectnn_transferring_features - INFO - [Validation] EPOCH: 115  acc = 43.0000
2023-09-18 02:01:52,806 - fewshot_scanobjectnn_transferring_features - INFO - Save checkpoint at ./experiments/fewshot_scanobjectnn_transferring_features/cfgs/add_as_normal/ckpt-last.pth
2023-09-18 02:01:54,462 - fewshot_scanobjectnn_transferring_features - INFO - [Training] EPOCH: 116 EpochTime = 1.654 (s) Losses = ['0.0621', '100.0000'] lr = 0.000062
2023-09-18 02:01:56,199 - fewshot_scanobjectnn_transferring_features - INFO - [Validation] EPOCH: 116  acc = 43.5000
2023-09-18 02:01:58,960 - fewshot_scanobjectnn_transferring_features - INFO - Save checkpoint at ./experiments/fewshot_scanobjectnn_transferring_features/cfgs/add_as_normal/ckpt-last.pth
2023-09-18 02:02:00,630 - fewshot_scanobjectnn_transferring_features - INFO - [Training] EPOCH: 117 EpochTime = 1.667 (s) Losses = ['0.0588', '100.0000'] lr = 0.000058
2023-09-18 02:02:02,351 - fewshot_scanobjectnn_transferring_features - INFO - [Validation] EPOCH: 117  acc = 43.5000
2023-09-18 02:02:04,792 - fewshot_scanobjectnn_transferring_features - INFO - Save checkpoint at ./experiments/fewshot_scanobjectnn_transferring_features/cfgs/add_as_normal/ckpt-last.pth
2023-09-18 02:02:06,577 - fewshot_scanobjectnn_transferring_features - INFO - [Training] EPOCH: 118 EpochTime = 1.783 (s) Losses = ['0.0599', '100.0000'] lr = 0.000055
2023-09-18 02:02:08,401 - fewshot_scanobjectnn_transferring_features - INFO - [Validation] EPOCH: 118  acc = 43.5000
2023-09-18 02:02:10,311 - fewshot_scanobjectnn_transferring_features - INFO - Save checkpoint at ./experiments/fewshot_scanobjectnn_transferring_features/cfgs/add_as_normal/ckpt-last.pth
2023-09-18 02:02:11,954 - fewshot_scanobjectnn_transferring_features - INFO - [Training] EPOCH: 119 EpochTime = 1.641 (s) Losses = ['0.0531', '100.0000'] lr = 0.000052
2023-09-18 02:02:13,743 - fewshot_scanobjectnn_transferring_features - INFO - [Validation] EPOCH: 119  acc = 43.5000
2023-09-18 02:02:15,793 - fewshot_scanobjectnn_transferring_features - INFO - Save checkpoint at ./experiments/fewshot_scanobjectnn_transferring_features/cfgs/add_as_normal/ckpt-last.pth
2023-09-18 02:02:17,568 - fewshot_scanobjectnn_transferring_features - INFO - [Training] EPOCH: 120 EpochTime = 1.772 (s) Losses = ['0.0643', '100.0000'] lr = 0.000049
2023-09-18 02:02:19,294 - fewshot_scanobjectnn_transferring_features - INFO - [Validation] EPOCH: 120  acc = 43.0000
2023-09-18 02:02:21,004 - fewshot_scanobjectnn_transferring_features - INFO - Save checkpoint at ./experiments/fewshot_scanobjectnn_transferring_features/cfgs/add_as_normal/ckpt-last.pth
2023-09-18 02:02:22,744 - fewshot_scanobjectnn_transferring_features - INFO - [Training] EPOCH: 121 EpochTime = 1.736 (s) Losses = ['0.0795', '100.0000'] lr = 0.000046
2023-09-18 02:02:24,438 - fewshot_scanobjectnn_transferring_features - INFO - [Validation] EPOCH: 121  acc = 42.5000
2023-09-18 02:02:26,704 - fewshot_scanobjectnn_transferring_features - INFO - Save checkpoint at ./experiments/fewshot_scanobjectnn_transferring_features/cfgs/add_as_normal/ckpt-last.pth
2023-09-18 02:02:28,380 - fewshot_scanobjectnn_transferring_features - INFO - [Training] EPOCH: 122 EpochTime = 1.673 (s) Losses = ['0.0662', '100.0000'] lr = 0.000043
2023-09-18 02:02:30,195 - fewshot_scanobjectnn_transferring_features - INFO - [Validation] EPOCH: 122  acc = 44.0000
2023-09-18 02:02:32,760 - fewshot_scanobjectnn_transferring_features - INFO - Save checkpoint at ./experiments/fewshot_scanobjectnn_transferring_features/cfgs/add_as_normal/ckpt-last.pth
2023-09-18 02:02:34,404 - fewshot_scanobjectnn_transferring_features - INFO - [Training] EPOCH: 123 EpochTime = 1.640 (s) Losses = ['0.0668', '100.0000'] lr = 0.000040
2023-09-18 02:02:36,161 - fewshot_scanobjectnn_transferring_features - INFO - [Validation] EPOCH: 123  acc = 43.5000
2023-09-18 02:02:37,778 - fewshot_scanobjectnn_transferring_features - INFO - Save checkpoint at ./experiments/fewshot_scanobjectnn_transferring_features/cfgs/add_as_normal/ckpt-last.pth
2023-09-18 02:02:39,425 - fewshot_scanobjectnn_transferring_features - INFO - [Training] EPOCH: 124 EpochTime = 1.645 (s) Losses = ['0.0706', '100.0000'] lr = 0.000037
2023-09-18 02:02:41,221 - fewshot_scanobjectnn_transferring_features - INFO - [Validation] EPOCH: 124  acc = 44.0000
2023-09-18 02:02:43,134 - fewshot_scanobjectnn_transferring_features - INFO - Save checkpoint at ./experiments/fewshot_scanobjectnn_transferring_features/cfgs/add_as_normal/ckpt-last.pth
2023-09-18 02:02:44,798 - fewshot_scanobjectnn_transferring_features - INFO - [Training] EPOCH: 125 EpochTime = 1.661 (s) Losses = ['0.0456', '100.0000'] lr = 0.000034
2023-09-18 02:02:46,600 - fewshot_scanobjectnn_transferring_features - INFO - [Validation] EPOCH: 125  acc = 42.5000
2023-09-18 02:02:50,626 - fewshot_scanobjectnn_transferring_features - INFO - Save checkpoint at ./experiments/fewshot_scanobjectnn_transferring_features/cfgs/add_as_normal/ckpt-last.pth
2023-09-18 02:02:52,299 - fewshot_scanobjectnn_transferring_features - INFO - [Training] EPOCH: 126 EpochTime = 1.670 (s) Losses = ['0.0542', '100.0000'] lr = 0.000032
2023-09-18 02:02:53,992 - fewshot_scanobjectnn_transferring_features - INFO - [Validation] EPOCH: 126  acc = 43.0000
2023-09-18 02:02:56,303 - fewshot_scanobjectnn_transferring_features - INFO - Save checkpoint at ./experiments/fewshot_scanobjectnn_transferring_features/cfgs/add_as_normal/ckpt-last.pth
2023-09-18 02:02:58,031 - fewshot_scanobjectnn_transferring_features - INFO - [Training] EPOCH: 127 EpochTime = 1.726 (s) Losses = ['0.0479', '100.0000'] lr = 0.000029
2023-09-18 02:02:59,739 - fewshot_scanobjectnn_transferring_features - INFO - [Validation] EPOCH: 127  acc = 43.0000
2023-09-18 02:03:02,151 - fewshot_scanobjectnn_transferring_features - INFO - Save checkpoint at ./experiments/fewshot_scanobjectnn_transferring_features/cfgs/add_as_normal/ckpt-last.pth
2023-09-18 02:03:03,786 - fewshot_scanobjectnn_transferring_features - INFO - [Training] EPOCH: 128 EpochTime = 1.632 (s) Losses = ['0.0500', '100.0000'] lr = 0.000027
2023-09-18 02:03:05,547 - fewshot_scanobjectnn_transferring_features - INFO - [Validation] EPOCH: 128  acc = 43.0000
2023-09-18 02:03:08,008 - fewshot_scanobjectnn_transferring_features - INFO - Save checkpoint at ./experiments/fewshot_scanobjectnn_transferring_features/cfgs/add_as_normal/ckpt-last.pth
2023-09-18 02:03:09,597 - fewshot_scanobjectnn_transferring_features - INFO - [Training] EPOCH: 129 EpochTime = 1.587 (s) Losses = ['0.0627', '100.0000'] lr = 0.000025
2023-09-18 02:03:11,350 - fewshot_scanobjectnn_transferring_features - INFO - [Validation] EPOCH: 129  acc = 43.5000
2023-09-18 02:03:13,444 - fewshot_scanobjectnn_transferring_features - INFO - Save checkpoint at ./experiments/fewshot_scanobjectnn_transferring_features/cfgs/add_as_normal/ckpt-last.pth
2023-09-18 02:03:15,136 - fewshot_scanobjectnn_transferring_features - INFO - [Training] EPOCH: 130 EpochTime = 1.688 (s) Losses = ['0.0831', '100.0000'] lr = 0.000023
2023-09-18 02:03:16,873 - fewshot_scanobjectnn_transferring_features - INFO - [Validation] EPOCH: 130  acc = 43.5000
2023-09-18 02:03:18,641 - fewshot_scanobjectnn_transferring_features - INFO - Save checkpoint at ./experiments/fewshot_scanobjectnn_transferring_features/cfgs/add_as_normal/ckpt-last.pth
2023-09-18 02:03:20,329 - fewshot_scanobjectnn_transferring_features - INFO - [Training] EPOCH: 131 EpochTime = 1.685 (s) Losses = ['0.0570', '100.0000'] lr = 0.000020
2023-09-18 02:03:22,085 - fewshot_scanobjectnn_transferring_features - INFO - [Validation] EPOCH: 131  acc = 43.0000
2023-09-18 02:03:24,066 - fewshot_scanobjectnn_transferring_features - INFO - Save checkpoint at ./experiments/fewshot_scanobjectnn_transferring_features/cfgs/add_as_normal/ckpt-last.pth
2023-09-18 02:03:25,839 - fewshot_scanobjectnn_transferring_features - INFO - [Training] EPOCH: 132 EpochTime = 1.767 (s) Losses = ['0.0577', '100.0000'] lr = 0.000019
2023-09-18 02:03:27,774 - fewshot_scanobjectnn_transferring_features - INFO - [Validation] EPOCH: 132  acc = 43.5000
2023-09-18 02:03:30,383 - fewshot_scanobjectnn_transferring_features - INFO - Save checkpoint at ./experiments/fewshot_scanobjectnn_transferring_features/cfgs/add_as_normal/ckpt-last.pth
2023-09-18 02:03:32,104 - fewshot_scanobjectnn_transferring_features - INFO - [Training] EPOCH: 133 EpochTime = 1.717 (s) Losses = ['0.0620', '100.0000'] lr = 0.000017
2023-09-18 02:03:33,770 - fewshot_scanobjectnn_transferring_features - INFO - [Validation] EPOCH: 133  acc = 44.5000
2023-09-18 02:03:36,309 - fewshot_scanobjectnn_transferring_features - INFO - Save checkpoint at ./experiments/fewshot_scanobjectnn_transferring_features/cfgs/add_as_normal/ckpt-last.pth
2023-09-18 02:03:37,933 - fewshot_scanobjectnn_transferring_features - INFO - [Training] EPOCH: 134 EpochTime = 1.620 (s) Losses = ['0.0806', '100.0000'] lr = 0.000015
2023-09-18 02:03:39,692 - fewshot_scanobjectnn_transferring_features - INFO - [Validation] EPOCH: 134  acc = 44.5000
2023-09-18 02:03:41,580 - fewshot_scanobjectnn_transferring_features - INFO - Save checkpoint at ./experiments/fewshot_scanobjectnn_transferring_features/cfgs/add_as_normal/ckpt-last.pth
2023-09-18 02:03:43,236 - fewshot_scanobjectnn_transferring_features - INFO - [Training] EPOCH: 135 EpochTime = 1.654 (s) Losses = ['0.0549', '100.0000'] lr = 0.000013
2023-09-18 02:03:45,002 - fewshot_scanobjectnn_transferring_features - INFO - [Validation] EPOCH: 135  acc = 45.0000
2023-09-18 02:03:46,896 - fewshot_scanobjectnn_transferring_features - INFO - Save checkpoint at ./experiments/fewshot_scanobjectnn_transferring_features/cfgs/add_as_normal/ckpt-last.pth
2023-09-18 02:03:48,560 - fewshot_scanobjectnn_transferring_features - INFO - [Training] EPOCH: 136 EpochTime = 1.661 (s) Losses = ['0.0608', '100.0000'] lr = 0.000012
2023-09-18 02:03:50,261 - fewshot_scanobjectnn_transferring_features - INFO - [Validation] EPOCH: 136  acc = 44.5000
2023-09-18 02:03:52,653 - fewshot_scanobjectnn_transferring_features - INFO - Save checkpoint at ./experiments/fewshot_scanobjectnn_transferring_features/cfgs/add_as_normal/ckpt-last.pth
2023-09-18 02:03:54,330 - fewshot_scanobjectnn_transferring_features - INFO - [Training] EPOCH: 137 EpochTime = 1.674 (s) Losses = ['0.0481', '100.0000'] lr = 0.000010
2023-09-18 02:03:55,999 - fewshot_scanobjectnn_transferring_features - INFO - [Validation] EPOCH: 137  acc = 43.5000
2023-09-18 02:03:57,910 - fewshot_scanobjectnn_transferring_features - INFO - Save checkpoint at ./experiments/fewshot_scanobjectnn_transferring_features/cfgs/add_as_normal/ckpt-last.pth
2023-09-18 02:03:59,576 - fewshot_scanobjectnn_transferring_features - INFO - [Training] EPOCH: 138 EpochTime = 1.664 (s) Losses = ['0.0621', '100.0000'] lr = 0.000009
2023-09-18 02:04:01,298 - fewshot_scanobjectnn_transferring_features - INFO - [Validation] EPOCH: 138  acc = 43.0000
2023-09-18 02:04:03,835 - fewshot_scanobjectnn_transferring_features - INFO - Save checkpoint at ./experiments/fewshot_scanobjectnn_transferring_features/cfgs/add_as_normal/ckpt-last.pth
2023-09-18 02:04:05,471 - fewshot_scanobjectnn_transferring_features - INFO - [Training] EPOCH: 139 EpochTime = 1.634 (s) Losses = ['0.0495', '100.0000'] lr = 0.000008
2023-09-18 02:04:07,315 - fewshot_scanobjectnn_transferring_features - INFO - [Validation] EPOCH: 139  acc = 43.0000
2023-09-18 02:04:09,702 - fewshot_scanobjectnn_transferring_features - INFO - Save checkpoint at ./experiments/fewshot_scanobjectnn_transferring_features/cfgs/add_as_normal/ckpt-last.pth
2023-09-18 02:04:11,453 - fewshot_scanobjectnn_transferring_features - INFO - [Training] EPOCH: 140 EpochTime = 1.748 (s) Losses = ['0.0465', '100.0000'] lr = 0.000006
2023-09-18 02:04:13,157 - fewshot_scanobjectnn_transferring_features - INFO - [Validation] EPOCH: 140  acc = 43.5000
2023-09-18 02:04:14,854 - fewshot_scanobjectnn_transferring_features - INFO - Save checkpoint at ./experiments/fewshot_scanobjectnn_transferring_features/cfgs/add_as_normal/ckpt-last.pth
2023-09-18 02:04:16,484 - fewshot_scanobjectnn_transferring_features - INFO - [Training] EPOCH: 141 EpochTime = 1.627 (s) Losses = ['0.0777', '100.0000'] lr = 0.000005
2023-09-18 02:04:18,233 - fewshot_scanobjectnn_transferring_features - INFO - [Validation] EPOCH: 141  acc = 44.0000
2023-09-18 02:04:19,827 - fewshot_scanobjectnn_transferring_features - INFO - Save checkpoint at ./experiments/fewshot_scanobjectnn_transferring_features/cfgs/add_as_normal/ckpt-last.pth
2023-09-18 02:04:21,531 - fewshot_scanobjectnn_transferring_features - INFO - Save checkpoint at ./experiments/fewshot_scanobjectnn_transferring_features/cfgs/add_as_normal/ckpt-epoch-141.pth
2023-09-18 02:04:23,133 - fewshot_scanobjectnn_transferring_features - INFO - [Training] EPOCH: 142 EpochTime = 1.600 (s) Losses = ['0.0713', '100.0000'] lr = 0.000004
2023-09-18 02:04:24,845 - fewshot_scanobjectnn_transferring_features - INFO - [Validation] EPOCH: 142  acc = 44.0000
2023-09-18 02:04:26,449 - fewshot_scanobjectnn_transferring_features - INFO - Save checkpoint at ./experiments/fewshot_scanobjectnn_transferring_features/cfgs/add_as_normal/ckpt-last.pth
2023-09-18 02:04:28,402 - fewshot_scanobjectnn_transferring_features - INFO - Save checkpoint at ./experiments/fewshot_scanobjectnn_transferring_features/cfgs/add_as_normal/ckpt-epoch-142.pth
2023-09-18 02:04:30,080 - fewshot_scanobjectnn_transferring_features - INFO - [Training] EPOCH: 143 EpochTime = 1.675 (s) Losses = ['0.0626', '100.0000'] lr = 0.000004
2023-09-18 02:04:31,903 - fewshot_scanobjectnn_transferring_features - INFO - [Validation] EPOCH: 143  acc = 44.5000
2023-09-18 02:04:33,881 - fewshot_scanobjectnn_transferring_features - INFO - Save checkpoint at ./experiments/fewshot_scanobjectnn_transferring_features/cfgs/add_as_normal/ckpt-last.pth
2023-09-18 02:04:36,079 - fewshot_scanobjectnn_transferring_features - INFO - Save checkpoint at ./experiments/fewshot_scanobjectnn_transferring_features/cfgs/add_as_normal/ckpt-epoch-143.pth
2023-09-18 02:04:37,816 - fewshot_scanobjectnn_transferring_features - INFO - [Training] EPOCH: 144 EpochTime = 1.624 (s) Losses = ['0.0623', '100.0000'] lr = 0.000003
2023-09-18 02:04:39,545 - fewshot_scanobjectnn_transferring_features - INFO - [Validation] EPOCH: 144  acc = 43.0000
2023-09-18 02:04:43,751 - fewshot_scanobjectnn_transferring_features - INFO - Save checkpoint at ./experiments/fewshot_scanobjectnn_transferring_features/cfgs/add_as_normal/ckpt-last.pth
2023-09-18 02:04:45,914 - fewshot_scanobjectnn_transferring_features - INFO - Save checkpoint at ./experiments/fewshot_scanobjectnn_transferring_features/cfgs/add_as_normal/ckpt-epoch-144.pth
2023-09-18 02:04:47,588 - fewshot_scanobjectnn_transferring_features - INFO - [Training] EPOCH: 145 EpochTime = 1.672 (s) Losses = ['0.0567', '100.0000'] lr = 0.000002
2023-09-18 02:04:49,306 - fewshot_scanobjectnn_transferring_features - INFO - [Validation] EPOCH: 145  acc = 43.5000
2023-09-18 02:04:51,236 - fewshot_scanobjectnn_transferring_features - INFO - Save checkpoint at ./experiments/fewshot_scanobjectnn_transferring_features/cfgs/add_as_normal/ckpt-last.pth
2023-09-18 02:04:53,112 - fewshot_scanobjectnn_transferring_features - INFO - Save checkpoint at ./experiments/fewshot_scanobjectnn_transferring_features/cfgs/add_as_normal/ckpt-epoch-145.pth
2023-09-18 02:04:54,750 - fewshot_scanobjectnn_transferring_features - INFO - [Training] EPOCH: 146 EpochTime = 1.636 (s) Losses = ['0.0697', '100.0000'] lr = 0.000002
2023-09-18 02:04:56,489 - fewshot_scanobjectnn_transferring_features - INFO - [Validation] EPOCH: 146  acc = 43.5000
2023-09-18 02:04:58,386 - fewshot_scanobjectnn_transferring_features - INFO - Save checkpoint at ./experiments/fewshot_scanobjectnn_transferring_features/cfgs/add_as_normal/ckpt-last.pth
2023-09-18 02:05:00,814 - fewshot_scanobjectnn_transferring_features - INFO - Save checkpoint at ./experiments/fewshot_scanobjectnn_transferring_features/cfgs/add_as_normal/ckpt-epoch-146.pth
2023-09-18 02:05:02,484 - fewshot_scanobjectnn_transferring_features - INFO - [Training] EPOCH: 147 EpochTime = 1.668 (s) Losses = ['0.0657', '100.0000'] lr = 0.000001
2023-09-18 02:05:04,237 - fewshot_scanobjectnn_transferring_features - INFO - [Validation] EPOCH: 147  acc = 43.5000
2023-09-18 02:05:06,721 - fewshot_scanobjectnn_transferring_features - INFO - Save checkpoint at ./experiments/fewshot_scanobjectnn_transferring_features/cfgs/add_as_normal/ckpt-last.pth
2023-09-18 02:05:08,710 - fewshot_scanobjectnn_transferring_features - INFO - Save checkpoint at ./experiments/fewshot_scanobjectnn_transferring_features/cfgs/add_as_normal/ckpt-epoch-147.pth
2023-09-18 02:05:10,360 - fewshot_scanobjectnn_transferring_features - INFO - [Training] EPOCH: 148 EpochTime = 1.647 (s) Losses = ['0.0552', '100.0000'] lr = 0.000001
2023-09-18 02:05:12,116 - fewshot_scanobjectnn_transferring_features - INFO - [Validation] EPOCH: 148  acc = 43.0000
2023-09-18 02:05:14,078 - fewshot_scanobjectnn_transferring_features - INFO - Save checkpoint at ./experiments/fewshot_scanobjectnn_transferring_features/cfgs/add_as_normal/ckpt-last.pth
2023-09-18 02:05:16,296 - fewshot_scanobjectnn_transferring_features - INFO - Save checkpoint at ./experiments/fewshot_scanobjectnn_transferring_features/cfgs/add_as_normal/ckpt-epoch-148.pth
2023-09-18 02:05:17,915 - fewshot_scanobjectnn_transferring_features - INFO - [Training] EPOCH: 149 EpochTime = 1.616 (s) Losses = ['0.0543', '100.0000'] lr = 0.000001
2023-09-18 02:05:19,688 - fewshot_scanobjectnn_transferring_features - INFO - [Validation] EPOCH: 149  acc = 44.0000
2023-09-18 02:05:21,575 - fewshot_scanobjectnn_transferring_features - INFO - Save checkpoint at ./experiments/fewshot_scanobjectnn_transferring_features/cfgs/add_as_normal/ckpt-last.pth
2023-09-18 02:05:23,688 - fewshot_scanobjectnn_transferring_features - INFO - Save checkpoint at ./experiments/fewshot_scanobjectnn_transferring_features/cfgs/add_as_normal/ckpt-epoch-149.pth
2023-09-18 02:05:25,419 - fewshot_scanobjectnn_transferring_features - INFO - [Training] EPOCH: 150 EpochTime = 1.729 (s) Losses = ['0.0631', '100.0000'] lr = 0.000001
2023-09-18 02:05:27,121 - fewshot_scanobjectnn_transferring_features - INFO - [Validation] EPOCH: 150  acc = 44.0000
2023-09-18 02:05:28,784 - fewshot_scanobjectnn_transferring_features - INFO - Save checkpoint at ./experiments/fewshot_scanobjectnn_transferring_features/cfgs/add_as_normal/ckpt-last.pth
2023-09-18 02:05:30,562 - fewshot_scanobjectnn_transferring_features - INFO - Save checkpoint at ./experiments/fewshot_scanobjectnn_transferring_features/cfgs/add_as_normal/ckpt-epoch-150.pth
