2023-10-08 06:50:14,905 - fewshot_scanobjectnn_transferring_features - INFO - Copy the Config file from cfgs/fewshot_scanobjectnn_transferring_features.yaml to ./experiments/fewshot_scanobjectnn_transferring_features/cfgs/LR_0.0006/config.yaml
2023-10-08 06:50:14,906 - fewshot_scanobjectnn_transferring_features - INFO - args.config : cfgs/fewshot_scanobjectnn_transferring_features.yaml
2023-10-08 06:50:14,906 - fewshot_scanobjectnn_transferring_features - INFO - args.launcher : none
2023-10-08 06:50:14,906 - fewshot_scanobjectnn_transferring_features - INFO - args.local_rank : 0
2023-10-08 06:50:14,906 - fewshot_scanobjectnn_transferring_features - INFO - args.num_workers : 8
2023-10-08 06:50:14,906 - fewshot_scanobjectnn_transferring_features - INFO - args.seed : 0
2023-10-08 06:50:14,906 - fewshot_scanobjectnn_transferring_features - INFO - args.deterministic : False
2023-10-08 06:50:14,906 - fewshot_scanobjectnn_transferring_features - INFO - args.sync_bn : True
2023-10-08 06:50:14,906 - fewshot_scanobjectnn_transferring_features - INFO - args.update_weights_every : 1
2023-10-08 06:50:14,906 - fewshot_scanobjectnn_transferring_features - INFO - args.main_task : 0
2023-10-08 06:50:14,906 - fewshot_scanobjectnn_transferring_features - INFO - args.nashmtl_optim_niter : 20
2023-10-08 06:50:14,906 - fewshot_scanobjectnn_transferring_features - INFO - args.c : 0.4
2023-10-08 06:50:14,906 - fewshot_scanobjectnn_transferring_features - INFO - args.dwa_temp : 2.0
2023-10-08 06:50:14,906 - fewshot_scanobjectnn_transferring_features - INFO - args.method_params_lr : 0.025
2023-10-08 06:50:14,906 - fewshot_scanobjectnn_transferring_features - INFO - args.method : nashmtl
2023-10-08 06:50:14,906 - fewshot_scanobjectnn_transferring_features - INFO - args.gpu : 5
2023-10-08 06:50:14,906 - fewshot_scanobjectnn_transferring_features - INFO - args.large_group : 5
2023-10-08 06:50:14,906 - fewshot_scanobjectnn_transferring_features - INFO - args.small_group : 10
2023-10-08 06:50:14,906 - fewshot_scanobjectnn_transferring_features - INFO - args.large_patch : 6
2023-10-08 06:50:14,906 - fewshot_scanobjectnn_transferring_features - INFO - args.small_patch : 3
2023-10-08 06:50:14,907 - fewshot_scanobjectnn_transferring_features - INFO - args.queue_length : 8192
2023-10-08 06:50:14,907 - fewshot_scanobjectnn_transferring_features - INFO - args.epoch_queue_starts : 10
2023-10-08 06:50:14,907 - fewshot_scanobjectnn_transferring_features - INFO - args.nmb_crops : [26]
2023-10-08 06:50:14,907 - fewshot_scanobjectnn_transferring_features - INFO - args.fea_dim : 384
2023-10-08 06:50:14,907 - fewshot_scanobjectnn_transferring_features - INFO - args.hidden_mlp : 256
2023-10-08 06:50:14,907 - fewshot_scanobjectnn_transferring_features - INFO - args.output_dim : 128
2023-10-08 06:50:14,907 - fewshot_scanobjectnn_transferring_features - INFO - args.nmb_prototypes : 200
2023-10-08 06:50:14,907 - fewshot_scanobjectnn_transferring_features - INFO - args.temperature : 0.1
2023-10-08 06:50:14,907 - fewshot_scanobjectnn_transferring_features - INFO - args.epsilon : 0.05
2023-10-08 06:50:14,907 - fewshot_scanobjectnn_transferring_features - INFO - args.sinkhorn_iterations : 3
2023-10-08 06:50:14,907 - fewshot_scanobjectnn_transferring_features - INFO - args.world_size : 1
2023-10-08 06:50:14,907 - fewshot_scanobjectnn_transferring_features - INFO - args.exp_name : LR_0.0006
2023-10-08 06:50:14,907 - fewshot_scanobjectnn_transferring_features - INFO - args.loss : cd1
2023-10-08 06:50:14,907 - fewshot_scanobjectnn_transferring_features - INFO - args.start_ckpts : None
2023-10-08 06:50:14,907 - fewshot_scanobjectnn_transferring_features - INFO - args.ckpts : ./experiments/pretrain_MaskSurf/cfgs/add_as_normal/ckpt-last.pth
2023-10-08 06:50:14,907 - fewshot_scanobjectnn_transferring_features - INFO - args.val_freq : 1
2023-10-08 06:50:14,907 - fewshot_scanobjectnn_transferring_features - INFO - args.vote : False
2023-10-08 06:50:14,907 - fewshot_scanobjectnn_transferring_features - INFO - args.resume : False
2023-10-08 06:50:14,907 - fewshot_scanobjectnn_transferring_features - INFO - args.test : False
2023-10-08 06:50:14,907 - fewshot_scanobjectnn_transferring_features - INFO - args.finetune_model : True
2023-10-08 06:50:14,907 - fewshot_scanobjectnn_transferring_features - INFO - args.scratch_model : False
2023-10-08 06:50:14,907 - fewshot_scanobjectnn_transferring_features - INFO - args.mode : None
2023-10-08 06:50:14,908 - fewshot_scanobjectnn_transferring_features - INFO - args.way : 10
2023-10-08 06:50:14,908 - fewshot_scanobjectnn_transferring_features - INFO - args.shot : 20
2023-10-08 06:50:14,908 - fewshot_scanobjectnn_transferring_features - INFO - args.fold : 2
2023-10-08 06:50:14,908 - fewshot_scanobjectnn_transferring_features - INFO - args.experiment_path : ./experiments/fewshot_scanobjectnn_transferring_features/cfgs/LR_0.0006
2023-10-08 06:50:14,908 - fewshot_scanobjectnn_transferring_features - INFO - args.tfboard_path : ./experiments/fewshot_scanobjectnn_transferring_features/cfgs/TFBoard/LR_0.0006
2023-10-08 06:50:14,908 - fewshot_scanobjectnn_transferring_features - INFO - args.log_name : fewshot_scanobjectnn_transferring_features
2023-10-08 06:50:14,908 - fewshot_scanobjectnn_transferring_features - INFO - args.use_gpu : True
2023-10-08 06:50:14,908 - fewshot_scanobjectnn_transferring_features - INFO - args.distributed : False
2023-10-08 06:50:14,908 - fewshot_scanobjectnn_transferring_features - INFO - config.optimizer = edict()
2023-10-08 06:50:14,908 - fewshot_scanobjectnn_transferring_features - INFO - config.optimizer.type : AdamW
2023-10-08 06:50:14,908 - fewshot_scanobjectnn_transferring_features - INFO - config.optimizer.part : all
2023-10-08 06:50:14,908 - fewshot_scanobjectnn_transferring_features - INFO - config.optimizer.kwargs = edict()
2023-10-08 06:50:14,908 - fewshot_scanobjectnn_transferring_features - INFO - config.optimizer.kwargs.lr : 0.0006
2023-10-08 06:50:14,908 - fewshot_scanobjectnn_transferring_features - INFO - config.optimizer.kwargs.weight_decay : 0.05
2023-10-08 06:50:14,908 - fewshot_scanobjectnn_transferring_features - INFO - config.scheduler = edict()
2023-10-08 06:50:14,908 - fewshot_scanobjectnn_transferring_features - INFO - config.scheduler.type : CosLR
2023-10-08 06:50:14,908 - fewshot_scanobjectnn_transferring_features - INFO - config.scheduler.kwargs = edict()
2023-10-08 06:50:14,908 - fewshot_scanobjectnn_transferring_features - INFO - config.scheduler.kwargs.epochs : 150
2023-10-08 06:50:14,908 - fewshot_scanobjectnn_transferring_features - INFO - config.scheduler.kwargs.initial_epochs : 10
2023-10-08 06:50:14,908 - fewshot_scanobjectnn_transferring_features - INFO - config.dataset = edict()
2023-10-08 06:50:14,908 - fewshot_scanobjectnn_transferring_features - INFO - config.dataset.train = edict()
2023-10-08 06:50:14,908 - fewshot_scanobjectnn_transferring_features - INFO - config.dataset.train._base_ = edict()
2023-10-08 06:50:14,909 - fewshot_scanobjectnn_transferring_features - INFO - config.dataset.train._base_.NAME : ModelNetFewShot
2023-10-08 06:50:14,909 - fewshot_scanobjectnn_transferring_features - INFO - config.dataset.train._base_.DATA_PATH : data/ScanObjectNN_hardest_fewshot
2023-10-08 06:50:14,909 - fewshot_scanobjectnn_transferring_features - INFO - config.dataset.train._base_.N_POINTS : 2048
2023-10-08 06:50:14,909 - fewshot_scanobjectnn_transferring_features - INFO - config.dataset.train._base_.NUM_CATEGORY : 15
2023-10-08 06:50:14,909 - fewshot_scanobjectnn_transferring_features - INFO - config.dataset.train._base_.USE_NORMALS : False
2023-10-08 06:50:14,909 - fewshot_scanobjectnn_transferring_features - INFO - config.dataset.train.others = edict()
2023-10-08 06:50:14,909 - fewshot_scanobjectnn_transferring_features - INFO - config.dataset.train.others.subset : train
2023-10-08 06:50:14,909 - fewshot_scanobjectnn_transferring_features - INFO - config.dataset.train.others.bs : 32
2023-10-08 06:50:14,909 - fewshot_scanobjectnn_transferring_features - INFO - config.dataset.val = edict()
2023-10-08 06:50:14,909 - fewshot_scanobjectnn_transferring_features - INFO - config.dataset.val._base_ = edict()
2023-10-08 06:50:14,909 - fewshot_scanobjectnn_transferring_features - INFO - config.dataset.val._base_.NAME : ModelNetFewShot
2023-10-08 06:50:14,909 - fewshot_scanobjectnn_transferring_features - INFO - config.dataset.val._base_.DATA_PATH : data/ScanObjectNN_hardest_fewshot
2023-10-08 06:50:14,909 - fewshot_scanobjectnn_transferring_features - INFO - config.dataset.val._base_.N_POINTS : 2048
2023-10-08 06:50:14,909 - fewshot_scanobjectnn_transferring_features - INFO - config.dataset.val._base_.NUM_CATEGORY : 15
2023-10-08 06:50:14,909 - fewshot_scanobjectnn_transferring_features - INFO - config.dataset.val._base_.USE_NORMALS : False
2023-10-08 06:50:14,909 - fewshot_scanobjectnn_transferring_features - INFO - config.dataset.val.others = edict()
2023-10-08 06:50:14,909 - fewshot_scanobjectnn_transferring_features - INFO - config.dataset.val.others.subset : test
2023-10-08 06:50:14,909 - fewshot_scanobjectnn_transferring_features - INFO - config.dataset.val.others.bs : 64
2023-10-08 06:50:14,909 - fewshot_scanobjectnn_transferring_features - INFO - config.dataset.test = edict()
2023-10-08 06:50:14,909 - fewshot_scanobjectnn_transferring_features - INFO - config.dataset.test._base_ = edict()
2023-10-08 06:50:14,909 - fewshot_scanobjectnn_transferring_features - INFO - config.dataset.test._base_.NAME : ScanObjectNN_hardest
2023-10-08 06:50:14,909 - fewshot_scanobjectnn_transferring_features - INFO - config.dataset.test._base_.ROOT : data/ScanObjectNN/main_split
2023-10-08 06:50:14,910 - fewshot_scanobjectnn_transferring_features - INFO - config.dataset.test.others = edict()
2023-10-08 06:50:14,910 - fewshot_scanobjectnn_transferring_features - INFO - config.dataset.test.others.subset : test
2023-10-08 06:50:14,910 - fewshot_scanobjectnn_transferring_features - INFO - config.dataset.test.others.bs : 32
2023-10-08 06:50:14,910 - fewshot_scanobjectnn_transferring_features - INFO - config.model = edict()
2023-10-08 06:50:14,910 - fewshot_scanobjectnn_transferring_features - INFO - config.model.NAME : PointTransformer
2023-10-08 06:50:14,910 - fewshot_scanobjectnn_transferring_features - INFO - config.model.trans_dim : 384
2023-10-08 06:50:14,910 - fewshot_scanobjectnn_transferring_features - INFO - config.model.depth : 12
2023-10-08 06:50:14,910 - fewshot_scanobjectnn_transferring_features - INFO - config.model.drop_path_rate : 0.1
2023-10-08 06:50:14,910 - fewshot_scanobjectnn_transferring_features - INFO - config.model.cls_dim : 40
2023-10-08 06:50:14,910 - fewshot_scanobjectnn_transferring_features - INFO - config.model.num_heads : 6
2023-10-08 06:50:14,910 - fewshot_scanobjectnn_transferring_features - INFO - config.model.group_size : 32
2023-10-08 06:50:14,910 - fewshot_scanobjectnn_transferring_features - INFO - config.model.num_group : 64
2023-10-08 06:50:14,910 - fewshot_scanobjectnn_transferring_features - INFO - config.model.encoder_dims : 384
2023-10-08 06:50:14,910 - fewshot_scanobjectnn_transferring_features - INFO - config.npoints : 1024
2023-10-08 06:50:14,910 - fewshot_scanobjectnn_transferring_features - INFO - config.total_bs : 32
2023-10-08 06:50:14,910 - fewshot_scanobjectnn_transferring_features - INFO - config.step_per_update : 1
2023-10-08 06:50:14,910 - fewshot_scanobjectnn_transferring_features - INFO - config.max_epoch : 150
2023-10-08 06:50:14,910 - fewshot_scanobjectnn_transferring_features - INFO - config.grad_norm_clip : 10
2023-10-08 06:50:14,910 - fewshot_scanobjectnn_transferring_features - INFO - Distributed training: False
2023-10-08 06:50:14,910 - fewshot_scanobjectnn_transferring_features - INFO - Set random seed to 0, deterministic: False
2023-10-08 06:50:17,404 - fewshot_scanobjectnn_transferring_features - INFO - Using Data parallel ...
2023-10-08 06:50:23,431 - fewshot_scanobjectnn_transferring_features - INFO - [Training] EPOCH: 0 EpochTime = 6.016 (s) Losses = ['3.8451', '1.5625'] lr = 0.000001
2023-10-08 06:50:24,955 - fewshot_scanobjectnn_transferring_features - INFO - Save checkpoint at ./experiments/fewshot_scanobjectnn_transferring_features/cfgs/LR_0.0006/ckpt-last.pth
2023-10-08 06:50:26,969 - fewshot_scanobjectnn_transferring_features - INFO - [Training] EPOCH: 1 EpochTime = 2.012 (s) Losses = ['3.7973', '2.6042'] lr = 0.000061
2023-10-08 06:50:29,032 - fewshot_scanobjectnn_transferring_features - INFO - [Validation] EPOCH: 1  acc = 0.5000
2023-10-08 06:50:30,544 - fewshot_scanobjectnn_transferring_features - INFO - Save checkpoint at ./experiments/fewshot_scanobjectnn_transferring_features/cfgs/LR_0.0006/ckpt-best.pth
2023-10-08 06:50:30,545 - fewshot_scanobjectnn_transferring_features - INFO - --------------------------------------------------------------------------------------------
2023-10-08 06:50:32,116 - fewshot_scanobjectnn_transferring_features - INFO - Save checkpoint at ./experiments/fewshot_scanobjectnn_transferring_features/cfgs/LR_0.0006/ckpt-last.pth
2023-10-08 06:50:34,135 - fewshot_scanobjectnn_transferring_features - INFO - [Training] EPOCH: 2 EpochTime = 2.018 (s) Losses = ['3.8018', '2.0833'] lr = 0.000121
2023-10-08 06:50:35,693 - fewshot_scanobjectnn_transferring_features - INFO - [Validation] EPOCH: 2  acc = 1.5000
2023-10-08 06:50:37,157 - fewshot_scanobjectnn_transferring_features - INFO - Save checkpoint at ./experiments/fewshot_scanobjectnn_transferring_features/cfgs/LR_0.0006/ckpt-best.pth
2023-10-08 06:50:37,157 - fewshot_scanobjectnn_transferring_features - INFO - --------------------------------------------------------------------------------------------
2023-10-08 06:50:38,665 - fewshot_scanobjectnn_transferring_features - INFO - Save checkpoint at ./experiments/fewshot_scanobjectnn_transferring_features/cfgs/LR_0.0006/ckpt-last.pth
2023-10-08 06:50:40,669 - fewshot_scanobjectnn_transferring_features - INFO - [Training] EPOCH: 3 EpochTime = 2.003 (s) Losses = ['3.6153', '9.3750'] lr = 0.000181
2023-10-08 06:50:42,142 - fewshot_scanobjectnn_transferring_features - INFO - [Validation] EPOCH: 3  acc = 12.5000
2023-10-08 06:50:43,640 - fewshot_scanobjectnn_transferring_features - INFO - Save checkpoint at ./experiments/fewshot_scanobjectnn_transferring_features/cfgs/LR_0.0006/ckpt-best.pth
2023-10-08 06:50:43,640 - fewshot_scanobjectnn_transferring_features - INFO - --------------------------------------------------------------------------------------------
2023-10-08 06:50:45,174 - fewshot_scanobjectnn_transferring_features - INFO - Save checkpoint at ./experiments/fewshot_scanobjectnn_transferring_features/cfgs/LR_0.0006/ckpt-last.pth
2023-10-08 06:50:47,147 - fewshot_scanobjectnn_transferring_features - INFO - [Training] EPOCH: 4 EpochTime = 1.971 (s) Losses = ['3.3993', '11.9792'] lr = 0.000241
2023-10-08 06:50:48,575 - fewshot_scanobjectnn_transferring_features - INFO - [Validation] EPOCH: 4  acc = 24.0000
2023-10-08 06:50:50,143 - fewshot_scanobjectnn_transferring_features - INFO - Save checkpoint at ./experiments/fewshot_scanobjectnn_transferring_features/cfgs/LR_0.0006/ckpt-best.pth
2023-10-08 06:50:50,144 - fewshot_scanobjectnn_transferring_features - INFO - --------------------------------------------------------------------------------------------
2023-10-08 06:50:51,610 - fewshot_scanobjectnn_transferring_features - INFO - Save checkpoint at ./experiments/fewshot_scanobjectnn_transferring_features/cfgs/LR_0.0006/ckpt-last.pth
2023-10-08 06:50:53,632 - fewshot_scanobjectnn_transferring_features - INFO - [Training] EPOCH: 5 EpochTime = 2.021 (s) Losses = ['3.2051', '15.6250'] lr = 0.000300
2023-10-08 06:50:55,112 - fewshot_scanobjectnn_transferring_features - INFO - [Validation] EPOCH: 5  acc = 28.0000
2023-10-08 06:50:56,580 - fewshot_scanobjectnn_transferring_features - INFO - Save checkpoint at ./experiments/fewshot_scanobjectnn_transferring_features/cfgs/LR_0.0006/ckpt-best.pth
2023-10-08 06:50:56,580 - fewshot_scanobjectnn_transferring_features - INFO - --------------------------------------------------------------------------------------------
2023-10-08 06:50:57,993 - fewshot_scanobjectnn_transferring_features - INFO - Save checkpoint at ./experiments/fewshot_scanobjectnn_transferring_features/cfgs/LR_0.0006/ckpt-last.pth
2023-10-08 06:51:00,060 - fewshot_scanobjectnn_transferring_features - INFO - [Training] EPOCH: 6 EpochTime = 2.066 (s) Losses = ['2.9061', '26.0417'] lr = 0.000360
2023-10-08 06:51:01,486 - fewshot_scanobjectnn_transferring_features - INFO - [Validation] EPOCH: 6  acc = 34.0000
2023-10-08 06:51:02,932 - fewshot_scanobjectnn_transferring_features - INFO - Save checkpoint at ./experiments/fewshot_scanobjectnn_transferring_features/cfgs/LR_0.0006/ckpt-best.pth
2023-10-08 06:51:02,932 - fewshot_scanobjectnn_transferring_features - INFO - --------------------------------------------------------------------------------------------
2023-10-08 06:51:04,344 - fewshot_scanobjectnn_transferring_features - INFO - Save checkpoint at ./experiments/fewshot_scanobjectnn_transferring_features/cfgs/LR_0.0006/ckpt-last.pth
2023-10-08 06:51:06,371 - fewshot_scanobjectnn_transferring_features - INFO - [Training] EPOCH: 7 EpochTime = 2.024 (s) Losses = ['2.7291', '26.5625'] lr = 0.000420
2023-10-08 06:51:07,784 - fewshot_scanobjectnn_transferring_features - INFO - [Validation] EPOCH: 7  acc = 41.0000
2023-10-08 06:51:09,283 - fewshot_scanobjectnn_transferring_features - INFO - Save checkpoint at ./experiments/fewshot_scanobjectnn_transferring_features/cfgs/LR_0.0006/ckpt-best.pth
2023-10-08 06:51:09,283 - fewshot_scanobjectnn_transferring_features - INFO - --------------------------------------------------------------------------------------------
2023-10-08 06:51:10,748 - fewshot_scanobjectnn_transferring_features - INFO - Save checkpoint at ./experiments/fewshot_scanobjectnn_transferring_features/cfgs/LR_0.0006/ckpt-last.pth
2023-10-08 06:51:12,766 - fewshot_scanobjectnn_transferring_features - INFO - [Training] EPOCH: 8 EpochTime = 2.016 (s) Losses = ['2.4427', '36.4583'] lr = 0.000480
2023-10-08 06:51:14,277 - fewshot_scanobjectnn_transferring_features - INFO - [Validation] EPOCH: 8  acc = 42.0000
2023-10-08 06:51:15,781 - fewshot_scanobjectnn_transferring_features - INFO - Save checkpoint at ./experiments/fewshot_scanobjectnn_transferring_features/cfgs/LR_0.0006/ckpt-best.pth
2023-10-08 06:51:15,782 - fewshot_scanobjectnn_transferring_features - INFO - --------------------------------------------------------------------------------------------
2023-10-08 06:51:17,222 - fewshot_scanobjectnn_transferring_features - INFO - Save checkpoint at ./experiments/fewshot_scanobjectnn_transferring_features/cfgs/LR_0.0006/ckpt-last.pth
2023-10-08 06:51:19,196 - fewshot_scanobjectnn_transferring_features - INFO - [Training] EPOCH: 9 EpochTime = 1.972 (s) Losses = ['2.2456', '37.5000'] lr = 0.000540
2023-10-08 06:51:20,622 - fewshot_scanobjectnn_transferring_features - INFO - [Validation] EPOCH: 9  acc = 42.0000
2023-10-08 06:51:22,108 - fewshot_scanobjectnn_transferring_features - INFO - Save checkpoint at ./experiments/fewshot_scanobjectnn_transferring_features/cfgs/LR_0.0006/ckpt-last.pth
2023-10-08 06:51:24,087 - fewshot_scanobjectnn_transferring_features - INFO - [Training] EPOCH: 10 EpochTime = 1.978 (s) Losses = ['1.9376', '49.4792'] lr = 0.000593
2023-10-08 06:51:25,510 - fewshot_scanobjectnn_transferring_features - INFO - [Validation] EPOCH: 10  acc = 44.5000
2023-10-08 06:51:27,053 - fewshot_scanobjectnn_transferring_features - INFO - Save checkpoint at ./experiments/fewshot_scanobjectnn_transferring_features/cfgs/LR_0.0006/ckpt-best.pth
2023-10-08 06:51:27,053 - fewshot_scanobjectnn_transferring_features - INFO - --------------------------------------------------------------------------------------------
2023-10-08 06:51:28,485 - fewshot_scanobjectnn_transferring_features - INFO - Save checkpoint at ./experiments/fewshot_scanobjectnn_transferring_features/cfgs/LR_0.0006/ckpt-last.pth
2023-10-08 06:51:30,450 - fewshot_scanobjectnn_transferring_features - INFO - [Training] EPOCH: 11 EpochTime = 1.963 (s) Losses = ['1.7795', '56.7708'] lr = 0.000592
2023-10-08 06:51:31,842 - fewshot_scanobjectnn_transferring_features - INFO - [Validation] EPOCH: 11  acc = 47.5000
2023-10-08 06:51:33,281 - fewshot_scanobjectnn_transferring_features - INFO - Save checkpoint at ./experiments/fewshot_scanobjectnn_transferring_features/cfgs/LR_0.0006/ckpt-best.pth
2023-10-08 06:51:33,281 - fewshot_scanobjectnn_transferring_features - INFO - --------------------------------------------------------------------------------------------
2023-10-08 06:51:34,692 - fewshot_scanobjectnn_transferring_features - INFO - Save checkpoint at ./experiments/fewshot_scanobjectnn_transferring_features/cfgs/LR_0.0006/ckpt-last.pth
2023-10-08 06:51:36,636 - fewshot_scanobjectnn_transferring_features - INFO - [Training] EPOCH: 12 EpochTime = 1.942 (s) Losses = ['1.5356', '63.0208'] lr = 0.000591
2023-10-08 06:51:38,038 - fewshot_scanobjectnn_transferring_features - INFO - [Validation] EPOCH: 12  acc = 45.5000
2023-10-08 06:51:39,566 - fewshot_scanobjectnn_transferring_features - INFO - Save checkpoint at ./experiments/fewshot_scanobjectnn_transferring_features/cfgs/LR_0.0006/ckpt-last.pth
2023-10-08 06:51:41,624 - fewshot_scanobjectnn_transferring_features - INFO - [Training] EPOCH: 13 EpochTime = 2.056 (s) Losses = ['1.3349', '73.4375'] lr = 0.000589
2023-10-08 06:51:43,058 - fewshot_scanobjectnn_transferring_features - INFO - [Validation] EPOCH: 13  acc = 49.0000
2023-10-08 06:51:44,620 - fewshot_scanobjectnn_transferring_features - INFO - Save checkpoint at ./experiments/fewshot_scanobjectnn_transferring_features/cfgs/LR_0.0006/ckpt-best.pth
2023-10-08 06:51:44,620 - fewshot_scanobjectnn_transferring_features - INFO - --------------------------------------------------------------------------------------------
2023-10-08 06:51:46,264 - fewshot_scanobjectnn_transferring_features - INFO - Save checkpoint at ./experiments/fewshot_scanobjectnn_transferring_features/cfgs/LR_0.0006/ckpt-last.pth
2023-10-08 06:51:48,330 - fewshot_scanobjectnn_transferring_features - INFO - [Training] EPOCH: 14 EpochTime = 2.064 (s) Losses = ['1.1758', '73.9583'] lr = 0.000587
2023-10-08 06:51:49,768 - fewshot_scanobjectnn_transferring_features - INFO - [Validation] EPOCH: 14  acc = 53.5000
2023-10-08 06:51:51,328 - fewshot_scanobjectnn_transferring_features - INFO - Save checkpoint at ./experiments/fewshot_scanobjectnn_transferring_features/cfgs/LR_0.0006/ckpt-best.pth
2023-10-08 06:51:51,329 - fewshot_scanobjectnn_transferring_features - INFO - --------------------------------------------------------------------------------------------
2023-10-08 06:51:52,887 - fewshot_scanobjectnn_transferring_features - INFO - Save checkpoint at ./experiments/fewshot_scanobjectnn_transferring_features/cfgs/LR_0.0006/ckpt-last.pth
2023-10-08 06:51:54,866 - fewshot_scanobjectnn_transferring_features - INFO - [Training] EPOCH: 15 EpochTime = 1.977 (s) Losses = ['1.0203', '83.3333'] lr = 0.000585
2023-10-08 06:51:56,314 - fewshot_scanobjectnn_transferring_features - INFO - [Validation] EPOCH: 15  acc = 54.0000
2023-10-08 06:51:57,894 - fewshot_scanobjectnn_transferring_features - INFO - Save checkpoint at ./experiments/fewshot_scanobjectnn_transferring_features/cfgs/LR_0.0006/ckpt-best.pth
2023-10-08 06:51:57,894 - fewshot_scanobjectnn_transferring_features - INFO - --------------------------------------------------------------------------------------------
2023-10-08 06:51:59,424 - fewshot_scanobjectnn_transferring_features - INFO - Save checkpoint at ./experiments/fewshot_scanobjectnn_transferring_features/cfgs/LR_0.0006/ckpt-last.pth
2023-10-08 06:52:01,393 - fewshot_scanobjectnn_transferring_features - INFO - [Training] EPOCH: 16 EpochTime = 1.967 (s) Losses = ['0.9295', '85.4167'] lr = 0.000583
2023-10-08 06:52:02,810 - fewshot_scanobjectnn_transferring_features - INFO - [Validation] EPOCH: 16  acc = 52.0000
2023-10-08 06:52:04,308 - fewshot_scanobjectnn_transferring_features - INFO - Save checkpoint at ./experiments/fewshot_scanobjectnn_transferring_features/cfgs/LR_0.0006/ckpt-last.pth
2023-10-08 06:52:06,346 - fewshot_scanobjectnn_transferring_features - INFO - [Training] EPOCH: 17 EpochTime = 2.036 (s) Losses = ['0.7300', '92.1875'] lr = 0.000581
2023-10-08 06:52:07,946 - fewshot_scanobjectnn_transferring_features - INFO - [Validation] EPOCH: 17  acc = 55.5000
2023-10-08 06:52:09,491 - fewshot_scanobjectnn_transferring_features - INFO - Save checkpoint at ./experiments/fewshot_scanobjectnn_transferring_features/cfgs/LR_0.0006/ckpt-best.pth
2023-10-08 06:52:09,491 - fewshot_scanobjectnn_transferring_features - INFO - --------------------------------------------------------------------------------------------
2023-10-08 06:52:10,994 - fewshot_scanobjectnn_transferring_features - INFO - Save checkpoint at ./experiments/fewshot_scanobjectnn_transferring_features/cfgs/LR_0.0006/ckpt-last.pth
2023-10-08 06:52:12,958 - fewshot_scanobjectnn_transferring_features - INFO - [Training] EPOCH: 18 EpochTime = 1.963 (s) Losses = ['0.6578', '92.1875'] lr = 0.000579
2023-10-08 06:52:14,395 - fewshot_scanobjectnn_transferring_features - INFO - [Validation] EPOCH: 18  acc = 53.5000
2023-10-08 06:52:16,791 - fewshot_scanobjectnn_transferring_features - INFO - Save checkpoint at ./experiments/fewshot_scanobjectnn_transferring_features/cfgs/LR_0.0006/ckpt-last.pth
2023-10-08 06:52:18,814 - fewshot_scanobjectnn_transferring_features - INFO - [Training] EPOCH: 19 EpochTime = 2.022 (s) Losses = ['0.5652', '92.1875'] lr = 0.000577
2023-10-08 06:52:20,245 - fewshot_scanobjectnn_transferring_features - INFO - [Validation] EPOCH: 19  acc = 51.5000
2023-10-08 06:52:21,851 - fewshot_scanobjectnn_transferring_features - INFO - Save checkpoint at ./experiments/fewshot_scanobjectnn_transferring_features/cfgs/LR_0.0006/ckpt-last.pth
2023-10-08 06:52:23,813 - fewshot_scanobjectnn_transferring_features - INFO - [Training] EPOCH: 20 EpochTime = 1.961 (s) Losses = ['0.4852', '94.7917'] lr = 0.000574
2023-10-08 06:52:25,239 - fewshot_scanobjectnn_transferring_features - INFO - [Validation] EPOCH: 20  acc = 56.0000
2023-10-08 06:52:26,746 - fewshot_scanobjectnn_transferring_features - INFO - Save checkpoint at ./experiments/fewshot_scanobjectnn_transferring_features/cfgs/LR_0.0006/ckpt-best.pth
2023-10-08 06:52:26,746 - fewshot_scanobjectnn_transferring_features - INFO - --------------------------------------------------------------------------------------------
2023-10-08 06:52:28,232 - fewshot_scanobjectnn_transferring_features - INFO - Save checkpoint at ./experiments/fewshot_scanobjectnn_transferring_features/cfgs/LR_0.0006/ckpt-last.pth
2023-10-08 06:52:30,319 - fewshot_scanobjectnn_transferring_features - INFO - [Training] EPOCH: 21 EpochTime = 2.085 (s) Losses = ['0.4333', '97.3958'] lr = 0.000571
2023-10-08 06:52:31,816 - fewshot_scanobjectnn_transferring_features - INFO - [Validation] EPOCH: 21  acc = 55.5000
2023-10-08 06:52:33,347 - fewshot_scanobjectnn_transferring_features - INFO - Save checkpoint at ./experiments/fewshot_scanobjectnn_transferring_features/cfgs/LR_0.0006/ckpt-last.pth
2023-10-08 06:52:35,304 - fewshot_scanobjectnn_transferring_features - INFO - [Training] EPOCH: 22 EpochTime = 1.956 (s) Losses = ['0.3459', '98.9583'] lr = 0.000569
2023-10-08 06:52:36,714 - fewshot_scanobjectnn_transferring_features - INFO - [Validation] EPOCH: 22  acc = 54.5000
2023-10-08 06:52:38,332 - fewshot_scanobjectnn_transferring_features - INFO - Save checkpoint at ./experiments/fewshot_scanobjectnn_transferring_features/cfgs/LR_0.0006/ckpt-last.pth
2023-10-08 06:52:40,275 - fewshot_scanobjectnn_transferring_features - INFO - [Training] EPOCH: 23 EpochTime = 1.941 (s) Losses = ['0.3313', '97.3958'] lr = 0.000566
2023-10-08 06:52:41,697 - fewshot_scanobjectnn_transferring_features - INFO - [Validation] EPOCH: 23  acc = 51.0000
2023-10-08 06:52:43,164 - fewshot_scanobjectnn_transferring_features - INFO - Save checkpoint at ./experiments/fewshot_scanobjectnn_transferring_features/cfgs/LR_0.0006/ckpt-last.pth
2023-10-08 06:52:45,106 - fewshot_scanobjectnn_transferring_features - INFO - [Training] EPOCH: 24 EpochTime = 1.940 (s) Losses = ['0.2768', '99.4792'] lr = 0.000563
2023-10-08 06:52:46,554 - fewshot_scanobjectnn_transferring_features - INFO - [Validation] EPOCH: 24  acc = 51.0000
2023-10-08 06:52:48,009 - fewshot_scanobjectnn_transferring_features - INFO - Save checkpoint at ./experiments/fewshot_scanobjectnn_transferring_features/cfgs/LR_0.0006/ckpt-last.pth
2023-10-08 06:52:49,966 - fewshot_scanobjectnn_transferring_features - INFO - [Training] EPOCH: 25 EpochTime = 1.956 (s) Losses = ['0.2113', '99.4792'] lr = 0.000560
2023-10-08 06:52:51,397 - fewshot_scanobjectnn_transferring_features - INFO - [Validation] EPOCH: 25  acc = 53.5000
2023-10-08 06:52:52,969 - fewshot_scanobjectnn_transferring_features - INFO - Save checkpoint at ./experiments/fewshot_scanobjectnn_transferring_features/cfgs/LR_0.0006/ckpt-last.pth
2023-10-08 06:52:54,937 - fewshot_scanobjectnn_transferring_features - INFO - [Training] EPOCH: 26 EpochTime = 1.966 (s) Losses = ['0.1796', '100.0000'] lr = 0.000557
2023-10-08 06:52:56,361 - fewshot_scanobjectnn_transferring_features - INFO - [Validation] EPOCH: 26  acc = 53.0000
2023-10-08 06:52:57,876 - fewshot_scanobjectnn_transferring_features - INFO - Save checkpoint at ./experiments/fewshot_scanobjectnn_transferring_features/cfgs/LR_0.0006/ckpt-last.pth
2023-10-08 06:53:00,007 - fewshot_scanobjectnn_transferring_features - INFO - [Training] EPOCH: 27 EpochTime = 2.129 (s) Losses = ['0.2068', '99.4792'] lr = 0.000553
2023-10-08 06:53:01,449 - fewshot_scanobjectnn_transferring_features - INFO - [Validation] EPOCH: 27  acc = 55.0000
2023-10-08 06:53:02,968 - fewshot_scanobjectnn_transferring_features - INFO - Save checkpoint at ./experiments/fewshot_scanobjectnn_transferring_features/cfgs/LR_0.0006/ckpt-last.pth
2023-10-08 06:53:04,943 - fewshot_scanobjectnn_transferring_features - INFO - [Training] EPOCH: 28 EpochTime = 1.974 (s) Losses = ['0.1865', '99.4792'] lr = 0.000550
2023-10-08 06:53:06,431 - fewshot_scanobjectnn_transferring_features - INFO - [Validation] EPOCH: 28  acc = 57.5000
2023-10-08 06:53:07,984 - fewshot_scanobjectnn_transferring_features - INFO - Save checkpoint at ./experiments/fewshot_scanobjectnn_transferring_features/cfgs/LR_0.0006/ckpt-best.pth
2023-10-08 06:53:07,984 - fewshot_scanobjectnn_transferring_features - INFO - --------------------------------------------------------------------------------------------
2023-10-08 06:53:09,477 - fewshot_scanobjectnn_transferring_features - INFO - Save checkpoint at ./experiments/fewshot_scanobjectnn_transferring_features/cfgs/LR_0.0006/ckpt-last.pth
2023-10-08 06:53:11,445 - fewshot_scanobjectnn_transferring_features - INFO - [Training] EPOCH: 29 EpochTime = 1.966 (s) Losses = ['0.1537', '100.0000'] lr = 0.000546
2023-10-08 06:53:12,890 - fewshot_scanobjectnn_transferring_features - INFO - [Validation] EPOCH: 29  acc = 57.5000
2023-10-08 06:53:14,419 - fewshot_scanobjectnn_transferring_features - INFO - Save checkpoint at ./experiments/fewshot_scanobjectnn_transferring_features/cfgs/LR_0.0006/ckpt-last.pth
2023-10-08 06:53:16,383 - fewshot_scanobjectnn_transferring_features - INFO - [Training] EPOCH: 30 EpochTime = 1.962 (s) Losses = ['0.1511', '99.4792'] lr = 0.000543
2023-10-08 06:53:17,806 - fewshot_scanobjectnn_transferring_features - INFO - [Validation] EPOCH: 30  acc = 55.0000
2023-10-08 06:53:19,340 - fewshot_scanobjectnn_transferring_features - INFO - Save checkpoint at ./experiments/fewshot_scanobjectnn_transferring_features/cfgs/LR_0.0006/ckpt-last.pth
2023-10-08 06:53:21,309 - fewshot_scanobjectnn_transferring_features - INFO - [Training] EPOCH: 31 EpochTime = 1.967 (s) Losses = ['0.1482', '99.4792'] lr = 0.000539
2023-10-08 06:53:22,738 - fewshot_scanobjectnn_transferring_features - INFO - [Validation] EPOCH: 31  acc = 56.0000
2023-10-08 06:53:24,298 - fewshot_scanobjectnn_transferring_features - INFO - Save checkpoint at ./experiments/fewshot_scanobjectnn_transferring_features/cfgs/LR_0.0006/ckpt-last.pth
2023-10-08 06:53:26,269 - fewshot_scanobjectnn_transferring_features - INFO - [Training] EPOCH: 32 EpochTime = 1.970 (s) Losses = ['0.1306', '100.0000'] lr = 0.000535
2023-10-08 06:53:27,745 - fewshot_scanobjectnn_transferring_features - INFO - [Validation] EPOCH: 32  acc = 56.5000
2023-10-08 06:53:29,340 - fewshot_scanobjectnn_transferring_features - INFO - Save checkpoint at ./experiments/fewshot_scanobjectnn_transferring_features/cfgs/LR_0.0006/ckpt-last.pth
2023-10-08 06:53:31,338 - fewshot_scanobjectnn_transferring_features - INFO - [Training] EPOCH: 33 EpochTime = 1.996 (s) Losses = ['0.1314', '98.9583'] lr = 0.000531
2023-10-08 06:53:32,770 - fewshot_scanobjectnn_transferring_features - INFO - [Validation] EPOCH: 33  acc = 55.5000
2023-10-08 06:53:34,332 - fewshot_scanobjectnn_transferring_features - INFO - Save checkpoint at ./experiments/fewshot_scanobjectnn_transferring_features/cfgs/LR_0.0006/ckpt-last.pth
2023-10-08 06:53:36,290 - fewshot_scanobjectnn_transferring_features - INFO - [Training] EPOCH: 34 EpochTime = 1.956 (s) Losses = ['0.1041', '100.0000'] lr = 0.000527
2023-10-08 06:53:37,705 - fewshot_scanobjectnn_transferring_features - INFO - [Validation] EPOCH: 34  acc = 54.5000
2023-10-08 06:53:39,264 - fewshot_scanobjectnn_transferring_features - INFO - Save checkpoint at ./experiments/fewshot_scanobjectnn_transferring_features/cfgs/LR_0.0006/ckpt-last.pth
2023-10-08 06:53:41,187 - fewshot_scanobjectnn_transferring_features - INFO - [Training] EPOCH: 35 EpochTime = 1.921 (s) Losses = ['0.1003', '100.0000'] lr = 0.000523
2023-10-08 06:53:42,599 - fewshot_scanobjectnn_transferring_features - INFO - [Validation] EPOCH: 35  acc = 59.5000
2023-10-08 06:53:44,069 - fewshot_scanobjectnn_transferring_features - INFO - Save checkpoint at ./experiments/fewshot_scanobjectnn_transferring_features/cfgs/LR_0.0006/ckpt-best.pth
2023-10-08 06:53:44,069 - fewshot_scanobjectnn_transferring_features - INFO - --------------------------------------------------------------------------------------------
2023-10-08 06:53:45,598 - fewshot_scanobjectnn_transferring_features - INFO - Save checkpoint at ./experiments/fewshot_scanobjectnn_transferring_features/cfgs/LR_0.0006/ckpt-last.pth
2023-10-08 06:53:47,523 - fewshot_scanobjectnn_transferring_features - INFO - [Training] EPOCH: 36 EpochTime = 1.923 (s) Losses = ['0.0987', '100.0000'] lr = 0.000519
2023-10-08 06:53:49,020 - fewshot_scanobjectnn_transferring_features - INFO - [Validation] EPOCH: 36  acc = 60.0000
2023-10-08 06:53:50,544 - fewshot_scanobjectnn_transferring_features - INFO - Save checkpoint at ./experiments/fewshot_scanobjectnn_transferring_features/cfgs/LR_0.0006/ckpt-best.pth
2023-10-08 06:53:50,544 - fewshot_scanobjectnn_transferring_features - INFO - --------------------------------------------------------------------------------------------
2023-10-08 06:53:52,180 - fewshot_scanobjectnn_transferring_features - INFO - Save checkpoint at ./experiments/fewshot_scanobjectnn_transferring_features/cfgs/LR_0.0006/ckpt-last.pth
2023-10-08 06:53:54,134 - fewshot_scanobjectnn_transferring_features - INFO - [Training] EPOCH: 37 EpochTime = 1.953 (s) Losses = ['0.0707', '100.0000'] lr = 0.000514
2023-10-08 06:53:55,586 - fewshot_scanobjectnn_transferring_features - INFO - [Validation] EPOCH: 37  acc = 57.5000
2023-10-08 06:53:57,172 - fewshot_scanobjectnn_transferring_features - INFO - Save checkpoint at ./experiments/fewshot_scanobjectnn_transferring_features/cfgs/LR_0.0006/ckpt-last.pth
2023-10-08 06:53:59,121 - fewshot_scanobjectnn_transferring_features - INFO - [Training] EPOCH: 38 EpochTime = 1.947 (s) Losses = ['0.0931', '100.0000'] lr = 0.000510
2023-10-08 06:54:00,591 - fewshot_scanobjectnn_transferring_features - INFO - [Validation] EPOCH: 38  acc = 56.5000
2023-10-08 06:54:02,202 - fewshot_scanobjectnn_transferring_features - INFO - Save checkpoint at ./experiments/fewshot_scanobjectnn_transferring_features/cfgs/LR_0.0006/ckpt-last.pth
2023-10-08 06:54:04,278 - fewshot_scanobjectnn_transferring_features - INFO - [Training] EPOCH: 39 EpochTime = 2.075 (s) Losses = ['0.0798', '100.0000'] lr = 0.000506
2023-10-08 06:54:05,696 - fewshot_scanobjectnn_transferring_features - INFO - [Validation] EPOCH: 39  acc = 56.5000
2023-10-08 06:54:07,256 - fewshot_scanobjectnn_transferring_features - INFO - Save checkpoint at ./experiments/fewshot_scanobjectnn_transferring_features/cfgs/LR_0.0006/ckpt-last.pth
2023-10-08 06:54:09,221 - fewshot_scanobjectnn_transferring_features - INFO - [Training] EPOCH: 40 EpochTime = 1.964 (s) Losses = ['0.0744', '99.4792'] lr = 0.000501
2023-10-08 06:54:10,629 - fewshot_scanobjectnn_transferring_features - INFO - [Validation] EPOCH: 40  acc = 56.5000
2023-10-08 06:54:12,149 - fewshot_scanobjectnn_transferring_features - INFO - Save checkpoint at ./experiments/fewshot_scanobjectnn_transferring_features/cfgs/LR_0.0006/ckpt-last.pth
2023-10-08 06:54:14,086 - fewshot_scanobjectnn_transferring_features - INFO - [Training] EPOCH: 41 EpochTime = 1.935 (s) Losses = ['0.0724', '99.4792'] lr = 0.000496
2023-10-08 06:54:15,499 - fewshot_scanobjectnn_transferring_features - INFO - [Validation] EPOCH: 41  acc = 53.5000
2023-10-08 06:54:17,039 - fewshot_scanobjectnn_transferring_features - INFO - Save checkpoint at ./experiments/fewshot_scanobjectnn_transferring_features/cfgs/LR_0.0006/ckpt-last.pth
2023-10-08 06:54:19,005 - fewshot_scanobjectnn_transferring_features - INFO - [Training] EPOCH: 42 EpochTime = 1.965 (s) Losses = ['0.0766', '100.0000'] lr = 0.000491
2023-10-08 06:54:20,411 - fewshot_scanobjectnn_transferring_features - INFO - [Validation] EPOCH: 42  acc = 56.0000
2023-10-08 06:54:21,963 - fewshot_scanobjectnn_transferring_features - INFO - Save checkpoint at ./experiments/fewshot_scanobjectnn_transferring_features/cfgs/LR_0.0006/ckpt-last.pth
2023-10-08 06:54:23,945 - fewshot_scanobjectnn_transferring_features - INFO - [Training] EPOCH: 43 EpochTime = 1.980 (s) Losses = ['0.0754', '100.0000'] lr = 0.000487
2023-10-08 06:54:25,366 - fewshot_scanobjectnn_transferring_features - INFO - [Validation] EPOCH: 43  acc = 54.0000
2023-10-08 06:54:26,939 - fewshot_scanobjectnn_transferring_features - INFO - Save checkpoint at ./experiments/fewshot_scanobjectnn_transferring_features/cfgs/LR_0.0006/ckpt-last.pth
2023-10-08 06:54:28,984 - fewshot_scanobjectnn_transferring_features - INFO - [Training] EPOCH: 44 EpochTime = 2.043 (s) Losses = ['0.0639', '100.0000'] lr = 0.000482
2023-10-08 06:54:30,473 - fewshot_scanobjectnn_transferring_features - INFO - [Validation] EPOCH: 44  acc = 55.5000
2023-10-08 06:54:31,978 - fewshot_scanobjectnn_transferring_features - INFO - Save checkpoint at ./experiments/fewshot_scanobjectnn_transferring_features/cfgs/LR_0.0006/ckpt-last.pth
2023-10-08 06:54:33,918 - fewshot_scanobjectnn_transferring_features - INFO - [Training] EPOCH: 45 EpochTime = 1.938 (s) Losses = ['0.0700', '100.0000'] lr = 0.000477
2023-10-08 06:54:35,322 - fewshot_scanobjectnn_transferring_features - INFO - [Validation] EPOCH: 45  acc = 55.5000
2023-10-08 06:54:36,874 - fewshot_scanobjectnn_transferring_features - INFO - Save checkpoint at ./experiments/fewshot_scanobjectnn_transferring_features/cfgs/LR_0.0006/ckpt-last.pth
2023-10-08 06:54:38,833 - fewshot_scanobjectnn_transferring_features - INFO - [Training] EPOCH: 46 EpochTime = 1.957 (s) Losses = ['0.0708', '100.0000'] lr = 0.000471
2023-10-08 06:54:40,307 - fewshot_scanobjectnn_transferring_features - INFO - [Validation] EPOCH: 46  acc = 53.0000
2023-10-08 06:54:41,896 - fewshot_scanobjectnn_transferring_features - INFO - Save checkpoint at ./experiments/fewshot_scanobjectnn_transferring_features/cfgs/LR_0.0006/ckpt-last.pth
2023-10-08 06:54:43,931 - fewshot_scanobjectnn_transferring_features - INFO - [Training] EPOCH: 47 EpochTime = 2.033 (s) Losses = ['0.0533', '100.0000'] lr = 0.000466
2023-10-08 06:54:45,349 - fewshot_scanobjectnn_transferring_features - INFO - [Validation] EPOCH: 47  acc = 55.5000
2023-10-08 06:54:47,037 - fewshot_scanobjectnn_transferring_features - INFO - Save checkpoint at ./experiments/fewshot_scanobjectnn_transferring_features/cfgs/LR_0.0006/ckpt-last.pth
2023-10-08 06:54:49,032 - fewshot_scanobjectnn_transferring_features - INFO - [Training] EPOCH: 48 EpochTime = 1.993 (s) Losses = ['0.0670', '100.0000'] lr = 0.000461
2023-10-08 06:54:50,455 - fewshot_scanobjectnn_transferring_features - INFO - [Validation] EPOCH: 48  acc = 55.5000
2023-10-08 06:54:52,137 - fewshot_scanobjectnn_transferring_features - INFO - Save checkpoint at ./experiments/fewshot_scanobjectnn_transferring_features/cfgs/LR_0.0006/ckpt-last.pth
2023-10-08 06:54:54,122 - fewshot_scanobjectnn_transferring_features - INFO - [Training] EPOCH: 49 EpochTime = 1.983 (s) Losses = ['0.0616', '100.0000'] lr = 0.000456
2023-10-08 06:54:55,537 - fewshot_scanobjectnn_transferring_features - INFO - [Validation] EPOCH: 49  acc = 55.0000
2023-10-08 06:54:57,200 - fewshot_scanobjectnn_transferring_features - INFO - Save checkpoint at ./experiments/fewshot_scanobjectnn_transferring_features/cfgs/LR_0.0006/ckpt-last.pth
2023-10-08 06:54:59,162 - fewshot_scanobjectnn_transferring_features - INFO - [Training] EPOCH: 50 EpochTime = 1.961 (s) Losses = ['0.0467', '100.0000'] lr = 0.000450
2023-10-08 06:55:00,575 - fewshot_scanobjectnn_transferring_features - INFO - [Validation] EPOCH: 50  acc = 55.5000
2023-10-08 06:55:02,168 - fewshot_scanobjectnn_transferring_features - INFO - Save checkpoint at ./experiments/fewshot_scanobjectnn_transferring_features/cfgs/LR_0.0006/ckpt-last.pth
2023-10-08 06:55:04,166 - fewshot_scanobjectnn_transferring_features - INFO - [Training] EPOCH: 51 EpochTime = 1.995 (s) Losses = ['0.0484', '100.0000'] lr = 0.000445
2023-10-08 06:55:05,594 - fewshot_scanobjectnn_transferring_features - INFO - [Validation] EPOCH: 51  acc = 57.0000
2023-10-08 06:55:07,188 - fewshot_scanobjectnn_transferring_features - INFO - Save checkpoint at ./experiments/fewshot_scanobjectnn_transferring_features/cfgs/LR_0.0006/ckpt-last.pth
2023-10-08 06:55:09,132 - fewshot_scanobjectnn_transferring_features - INFO - [Training] EPOCH: 52 EpochTime = 1.942 (s) Losses = ['0.0623', '99.4792'] lr = 0.000439
2023-10-08 06:55:10,597 - fewshot_scanobjectnn_transferring_features - INFO - [Validation] EPOCH: 52  acc = 58.5000
2023-10-08 06:55:12,232 - fewshot_scanobjectnn_transferring_features - INFO - Save checkpoint at ./experiments/fewshot_scanobjectnn_transferring_features/cfgs/LR_0.0006/ckpt-last.pth
2023-10-08 06:55:14,196 - fewshot_scanobjectnn_transferring_features - INFO - [Training] EPOCH: 53 EpochTime = 1.962 (s) Losses = ['0.0382', '100.0000'] lr = 0.000434
2023-10-08 06:55:15,612 - fewshot_scanobjectnn_transferring_features - INFO - [Validation] EPOCH: 53  acc = 58.0000
2023-10-08 06:55:17,251 - fewshot_scanobjectnn_transferring_features - INFO - Save checkpoint at ./experiments/fewshot_scanobjectnn_transferring_features/cfgs/LR_0.0006/ckpt-last.pth
2023-10-08 06:55:19,182 - fewshot_scanobjectnn_transferring_features - INFO - [Training] EPOCH: 54 EpochTime = 1.929 (s) Losses = ['0.0422', '100.0000'] lr = 0.000428
2023-10-08 06:55:20,596 - fewshot_scanobjectnn_transferring_features - INFO - [Validation] EPOCH: 54  acc = 57.0000
2023-10-08 06:55:22,168 - fewshot_scanobjectnn_transferring_features - INFO - Save checkpoint at ./experiments/fewshot_scanobjectnn_transferring_features/cfgs/LR_0.0006/ckpt-last.pth
2023-10-08 06:55:24,131 - fewshot_scanobjectnn_transferring_features - INFO - [Training] EPOCH: 55 EpochTime = 1.961 (s) Losses = ['0.0478', '100.0000'] lr = 0.000422
2023-10-08 06:55:25,543 - fewshot_scanobjectnn_transferring_features - INFO - [Validation] EPOCH: 55  acc = 57.0000
2023-10-08 06:55:27,105 - fewshot_scanobjectnn_transferring_features - INFO - Save checkpoint at ./experiments/fewshot_scanobjectnn_transferring_features/cfgs/LR_0.0006/ckpt-last.pth
2023-10-08 06:55:29,290 - fewshot_scanobjectnn_transferring_features - INFO - [Training] EPOCH: 56 EpochTime = 2.183 (s) Losses = ['0.0475', '100.0000'] lr = 0.000417
2023-10-08 06:55:30,730 - fewshot_scanobjectnn_transferring_features - INFO - [Validation] EPOCH: 56  acc = 57.5000
2023-10-08 06:55:32,367 - fewshot_scanobjectnn_transferring_features - INFO - Save checkpoint at ./experiments/fewshot_scanobjectnn_transferring_features/cfgs/LR_0.0006/ckpt-last.pth
2023-10-08 06:55:34,394 - fewshot_scanobjectnn_transferring_features - INFO - [Training] EPOCH: 57 EpochTime = 2.026 (s) Losses = ['0.0504', '100.0000'] lr = 0.000411
2023-10-08 06:55:35,801 - fewshot_scanobjectnn_transferring_features - INFO - [Validation] EPOCH: 57  acc = 56.0000
2023-10-08 06:55:37,263 - fewshot_scanobjectnn_transferring_features - INFO - Save checkpoint at ./experiments/fewshot_scanobjectnn_transferring_features/cfgs/LR_0.0006/ckpt-last.pth
2023-10-08 06:55:39,321 - fewshot_scanobjectnn_transferring_features - INFO - [Training] EPOCH: 58 EpochTime = 2.056 (s) Losses = ['0.0429', '100.0000'] lr = 0.000405
2023-10-08 06:55:40,742 - fewshot_scanobjectnn_transferring_features - INFO - [Validation] EPOCH: 58  acc = 58.5000
2023-10-08 06:55:42,288 - fewshot_scanobjectnn_transferring_features - INFO - Save checkpoint at ./experiments/fewshot_scanobjectnn_transferring_features/cfgs/LR_0.0006/ckpt-last.pth
2023-10-08 06:55:44,234 - fewshot_scanobjectnn_transferring_features - INFO - [Training] EPOCH: 59 EpochTime = 1.944 (s) Losses = ['0.0572', '100.0000'] lr = 0.000399
2023-10-08 06:55:45,660 - fewshot_scanobjectnn_transferring_features - INFO - [Validation] EPOCH: 59  acc = 57.5000
2023-10-08 06:55:47,256 - fewshot_scanobjectnn_transferring_features - INFO - Save checkpoint at ./experiments/fewshot_scanobjectnn_transferring_features/cfgs/LR_0.0006/ckpt-last.pth
2023-10-08 06:55:49,211 - fewshot_scanobjectnn_transferring_features - INFO - [Training] EPOCH: 60 EpochTime = 1.954 (s) Losses = ['0.0437', '100.0000'] lr = 0.000393
2023-10-08 06:55:50,654 - fewshot_scanobjectnn_transferring_features - INFO - [Validation] EPOCH: 60  acc = 57.0000
2023-10-08 06:55:52,247 - fewshot_scanobjectnn_transferring_features - INFO - Save checkpoint at ./experiments/fewshot_scanobjectnn_transferring_features/cfgs/LR_0.0006/ckpt-last.pth
2023-10-08 06:55:54,199 - fewshot_scanobjectnn_transferring_features - INFO - [Training] EPOCH: 61 EpochTime = 1.950 (s) Losses = ['0.0382', '100.0000'] lr = 0.000387
2023-10-08 06:55:55,632 - fewshot_scanobjectnn_transferring_features - INFO - [Validation] EPOCH: 61  acc = 59.0000
2023-10-08 06:55:57,096 - fewshot_scanobjectnn_transferring_features - INFO - Save checkpoint at ./experiments/fewshot_scanobjectnn_transferring_features/cfgs/LR_0.0006/ckpt-last.pth
2023-10-08 06:55:59,040 - fewshot_scanobjectnn_transferring_features - INFO - [Training] EPOCH: 62 EpochTime = 1.943 (s) Losses = ['0.0430', '100.0000'] lr = 0.000381
2023-10-08 06:56:00,611 - fewshot_scanobjectnn_transferring_features - INFO - [Validation] EPOCH: 62  acc = 57.5000
2023-10-08 06:56:02,149 - fewshot_scanobjectnn_transferring_features - INFO - Save checkpoint at ./experiments/fewshot_scanobjectnn_transferring_features/cfgs/LR_0.0006/ckpt-last.pth
2023-10-08 06:56:04,215 - fewshot_scanobjectnn_transferring_features - INFO - [Training] EPOCH: 63 EpochTime = 1.969 (s) Losses = ['0.0408', '100.0000'] lr = 0.000375
2023-10-08 06:56:05,624 - fewshot_scanobjectnn_transferring_features - INFO - [Validation] EPOCH: 63  acc = 57.5000
2023-10-08 06:56:07,101 - fewshot_scanobjectnn_transferring_features - INFO - Save checkpoint at ./experiments/fewshot_scanobjectnn_transferring_features/cfgs/LR_0.0006/ckpt-last.pth
2023-10-08 06:56:09,067 - fewshot_scanobjectnn_transferring_features - INFO - [Training] EPOCH: 64 EpochTime = 1.965 (s) Losses = ['0.0469', '100.0000'] lr = 0.000369
2023-10-08 06:56:10,511 - fewshot_scanobjectnn_transferring_features - INFO - [Validation] EPOCH: 64  acc = 56.0000
2023-10-08 06:56:12,058 - fewshot_scanobjectnn_transferring_features - INFO - Save checkpoint at ./experiments/fewshot_scanobjectnn_transferring_features/cfgs/LR_0.0006/ckpt-last.pth
2023-10-08 06:56:14,037 - fewshot_scanobjectnn_transferring_features - INFO - [Training] EPOCH: 65 EpochTime = 1.977 (s) Losses = ['0.0336', '100.0000'] lr = 0.000363
2023-10-08 06:56:15,562 - fewshot_scanobjectnn_transferring_features - INFO - [Validation] EPOCH: 65  acc = 59.0000
2023-10-08 06:56:17,028 - fewshot_scanobjectnn_transferring_features - INFO - Save checkpoint at ./experiments/fewshot_scanobjectnn_transferring_features/cfgs/LR_0.0006/ckpt-last.pth
2023-10-08 06:56:19,011 - fewshot_scanobjectnn_transferring_features - INFO - [Training] EPOCH: 66 EpochTime = 1.981 (s) Losses = ['0.0388', '100.0000'] lr = 0.000357
2023-10-08 06:56:20,434 - fewshot_scanobjectnn_transferring_features - INFO - [Validation] EPOCH: 66  acc = 62.0000
2023-10-08 06:56:22,003 - fewshot_scanobjectnn_transferring_features - INFO - Save checkpoint at ./experiments/fewshot_scanobjectnn_transferring_features/cfgs/LR_0.0006/ckpt-best.pth
2023-10-08 06:56:22,003 - fewshot_scanobjectnn_transferring_features - INFO - --------------------------------------------------------------------------------------------
2023-10-08 06:56:23,540 - fewshot_scanobjectnn_transferring_features - INFO - Save checkpoint at ./experiments/fewshot_scanobjectnn_transferring_features/cfgs/LR_0.0006/ckpt-last.pth
2023-10-08 06:56:25,602 - fewshot_scanobjectnn_transferring_features - INFO - [Training] EPOCH: 67 EpochTime = 2.061 (s) Losses = ['0.0378', '100.0000'] lr = 0.000350
2023-10-08 06:56:26,999 - fewshot_scanobjectnn_transferring_features - INFO - [Validation] EPOCH: 67  acc = 59.0000
2023-10-08 06:56:28,568 - fewshot_scanobjectnn_transferring_features - INFO - Save checkpoint at ./experiments/fewshot_scanobjectnn_transferring_features/cfgs/LR_0.0006/ckpt-last.pth
2023-10-08 06:56:30,524 - fewshot_scanobjectnn_transferring_features - INFO - [Training] EPOCH: 68 EpochTime = 1.955 (s) Losses = ['0.0353', '100.0000'] lr = 0.000344
2023-10-08 06:56:31,943 - fewshot_scanobjectnn_transferring_features - INFO - [Validation] EPOCH: 68  acc = 60.5000
2023-10-08 06:56:34,544 - fewshot_scanobjectnn_transferring_features - INFO - Save checkpoint at ./experiments/fewshot_scanobjectnn_transferring_features/cfgs/LR_0.0006/ckpt-last.pth
2023-10-08 06:56:36,677 - fewshot_scanobjectnn_transferring_features - INFO - [Training] EPOCH: 69 EpochTime = 2.132 (s) Losses = ['0.0296', '100.0000'] lr = 0.000338
2023-10-08 06:56:38,113 - fewshot_scanobjectnn_transferring_features - INFO - [Validation] EPOCH: 69  acc = 59.0000
2023-10-08 06:56:39,630 - fewshot_scanobjectnn_transferring_features - INFO - Save checkpoint at ./experiments/fewshot_scanobjectnn_transferring_features/cfgs/LR_0.0006/ckpt-last.pth
2023-10-08 06:56:41,613 - fewshot_scanobjectnn_transferring_features - INFO - [Training] EPOCH: 70 EpochTime = 1.981 (s) Losses = ['0.0316', '100.0000'] lr = 0.000332
2023-10-08 06:56:43,066 - fewshot_scanobjectnn_transferring_features - INFO - [Validation] EPOCH: 70  acc = 58.0000
2023-10-08 06:56:44,523 - fewshot_scanobjectnn_transferring_features - INFO - Save checkpoint at ./experiments/fewshot_scanobjectnn_transferring_features/cfgs/LR_0.0006/ckpt-last.pth
2023-10-08 06:56:46,484 - fewshot_scanobjectnn_transferring_features - INFO - [Training] EPOCH: 71 EpochTime = 1.959 (s) Losses = ['0.0380', '100.0000'] lr = 0.000326
2023-10-08 06:56:47,920 - fewshot_scanobjectnn_transferring_features - INFO - [Validation] EPOCH: 71  acc = 59.5000
2023-10-08 06:56:49,399 - fewshot_scanobjectnn_transferring_features - INFO - Save checkpoint at ./experiments/fewshot_scanobjectnn_transferring_features/cfgs/LR_0.0006/ckpt-last.pth
2023-10-08 06:56:51,548 - fewshot_scanobjectnn_transferring_features - INFO - [Training] EPOCH: 72 EpochTime = 2.146 (s) Losses = ['0.0337', '100.0000'] lr = 0.000319
2023-10-08 06:56:52,972 - fewshot_scanobjectnn_transferring_features - INFO - [Validation] EPOCH: 72  acc = 59.5000
2023-10-08 06:56:54,467 - fewshot_scanobjectnn_transferring_features - INFO - Save checkpoint at ./experiments/fewshot_scanobjectnn_transferring_features/cfgs/LR_0.0006/ckpt-last.pth
2023-10-08 06:56:56,420 - fewshot_scanobjectnn_transferring_features - INFO - [Training] EPOCH: 73 EpochTime = 1.952 (s) Losses = ['0.0340', '100.0000'] lr = 0.000313
2023-10-08 06:56:57,851 - fewshot_scanobjectnn_transferring_features - INFO - [Validation] EPOCH: 73  acc = 58.0000
2023-10-08 06:56:59,418 - fewshot_scanobjectnn_transferring_features - INFO - Save checkpoint at ./experiments/fewshot_scanobjectnn_transferring_features/cfgs/LR_0.0006/ckpt-last.pth
2023-10-08 06:57:01,554 - fewshot_scanobjectnn_transferring_features - INFO - [Training] EPOCH: 74 EpochTime = 2.134 (s) Losses = ['0.0300', '100.0000'] lr = 0.000307
2023-10-08 06:57:03,005 - fewshot_scanobjectnn_transferring_features - INFO - [Validation] EPOCH: 74  acc = 57.5000
2023-10-08 06:57:04,549 - fewshot_scanobjectnn_transferring_features - INFO - Save checkpoint at ./experiments/fewshot_scanobjectnn_transferring_features/cfgs/LR_0.0006/ckpt-last.pth
2023-10-08 06:57:06,532 - fewshot_scanobjectnn_transferring_features - INFO - [Training] EPOCH: 75 EpochTime = 1.981 (s) Losses = ['0.0288', '100.0000'] lr = 0.000300
2023-10-08 06:57:07,958 - fewshot_scanobjectnn_transferring_features - INFO - [Validation] EPOCH: 75  acc = 57.0000
2023-10-08 06:57:09,526 - fewshot_scanobjectnn_transferring_features - INFO - Save checkpoint at ./experiments/fewshot_scanobjectnn_transferring_features/cfgs/LR_0.0006/ckpt-last.pth
2023-10-08 06:57:11,569 - fewshot_scanobjectnn_transferring_features - INFO - [Training] EPOCH: 76 EpochTime = 2.042 (s) Losses = ['0.0278', '100.0000'] lr = 0.000294
2023-10-08 06:57:13,117 - fewshot_scanobjectnn_transferring_features - INFO - [Validation] EPOCH: 76  acc = 58.5000
2023-10-08 06:57:14,581 - fewshot_scanobjectnn_transferring_features - INFO - Save checkpoint at ./experiments/fewshot_scanobjectnn_transferring_features/cfgs/LR_0.0006/ckpt-last.pth
2023-10-08 06:57:16,529 - fewshot_scanobjectnn_transferring_features - INFO - [Training] EPOCH: 77 EpochTime = 1.947 (s) Losses = ['0.0308', '100.0000'] lr = 0.000288
2023-10-08 06:57:17,954 - fewshot_scanobjectnn_transferring_features - INFO - [Validation] EPOCH: 77  acc = 58.5000
2023-10-08 06:57:19,489 - fewshot_scanobjectnn_transferring_features - INFO - Save checkpoint at ./experiments/fewshot_scanobjectnn_transferring_features/cfgs/LR_0.0006/ckpt-last.pth
2023-10-08 06:57:21,472 - fewshot_scanobjectnn_transferring_features - INFO - [Training] EPOCH: 78 EpochTime = 1.981 (s) Losses = ['0.0217', '100.0000'] lr = 0.000282
2023-10-08 06:57:22,896 - fewshot_scanobjectnn_transferring_features - INFO - [Validation] EPOCH: 78  acc = 59.0000
2023-10-08 06:57:24,273 - fewshot_scanobjectnn_transferring_features - INFO - Save checkpoint at ./experiments/fewshot_scanobjectnn_transferring_features/cfgs/LR_0.0006/ckpt-last.pth
2023-10-08 06:57:26,211 - fewshot_scanobjectnn_transferring_features - INFO - [Training] EPOCH: 79 EpochTime = 1.936 (s) Losses = ['0.0262', '100.0000'] lr = 0.000275
2023-10-08 06:57:27,643 - fewshot_scanobjectnn_transferring_features - INFO - [Validation] EPOCH: 79  acc = 59.0000
2023-10-08 06:57:29,054 - fewshot_scanobjectnn_transferring_features - INFO - Save checkpoint at ./experiments/fewshot_scanobjectnn_transferring_features/cfgs/LR_0.0006/ckpt-last.pth
2023-10-08 06:57:31,024 - fewshot_scanobjectnn_transferring_features - INFO - [Training] EPOCH: 80 EpochTime = 1.968 (s) Losses = ['0.0319', '100.0000'] lr = 0.000269
2023-10-08 06:57:32,436 - fewshot_scanobjectnn_transferring_features - INFO - [Validation] EPOCH: 80  acc = 58.5000
2023-10-08 06:57:33,913 - fewshot_scanobjectnn_transferring_features - INFO - Save checkpoint at ./experiments/fewshot_scanobjectnn_transferring_features/cfgs/LR_0.0006/ckpt-last.pth
2023-10-08 06:57:35,977 - fewshot_scanobjectnn_transferring_features - INFO - [Training] EPOCH: 81 EpochTime = 2.062 (s) Losses = ['0.0237', '100.0000'] lr = 0.000263
2023-10-08 06:57:37,437 - fewshot_scanobjectnn_transferring_features - INFO - [Validation] EPOCH: 81  acc = 60.0000
2023-10-08 06:57:38,867 - fewshot_scanobjectnn_transferring_features - INFO - Save checkpoint at ./experiments/fewshot_scanobjectnn_transferring_features/cfgs/LR_0.0006/ckpt-last.pth
2023-10-08 06:57:40,814 - fewshot_scanobjectnn_transferring_features - INFO - [Training] EPOCH: 82 EpochTime = 1.946 (s) Losses = ['0.0255', '100.0000'] lr = 0.000257
2023-10-08 06:57:42,241 - fewshot_scanobjectnn_transferring_features - INFO - [Validation] EPOCH: 82  acc = 60.5000
2023-10-08 06:57:43,661 - fewshot_scanobjectnn_transferring_features - INFO - Save checkpoint at ./experiments/fewshot_scanobjectnn_transferring_features/cfgs/LR_0.0006/ckpt-last.pth
2023-10-08 06:57:45,720 - fewshot_scanobjectnn_transferring_features - INFO - [Training] EPOCH: 83 EpochTime = 2.058 (s) Losses = ['0.0265', '100.0000'] lr = 0.000251
2023-10-08 06:57:47,145 - fewshot_scanobjectnn_transferring_features - INFO - [Validation] EPOCH: 83  acc = 61.5000
2023-10-08 06:57:48,576 - fewshot_scanobjectnn_transferring_features - INFO - Save checkpoint at ./experiments/fewshot_scanobjectnn_transferring_features/cfgs/LR_0.0006/ckpt-last.pth
2023-10-08 06:57:50,547 - fewshot_scanobjectnn_transferring_features - INFO - [Training] EPOCH: 84 EpochTime = 1.969 (s) Losses = ['0.0268', '100.0000'] lr = 0.000244
2023-10-08 06:57:52,137 - fewshot_scanobjectnn_transferring_features - INFO - [Validation] EPOCH: 84  acc = 60.0000
2023-10-08 06:57:53,648 - fewshot_scanobjectnn_transferring_features - INFO - Save checkpoint at ./experiments/fewshot_scanobjectnn_transferring_features/cfgs/LR_0.0006/ckpt-last.pth
2023-10-08 06:57:55,614 - fewshot_scanobjectnn_transferring_features - INFO - [Training] EPOCH: 85 EpochTime = 1.965 (s) Losses = ['0.0274', '100.0000'] lr = 0.000238
2023-10-08 06:57:57,041 - fewshot_scanobjectnn_transferring_features - INFO - [Validation] EPOCH: 85  acc = 60.0000
2023-10-08 06:57:58,487 - fewshot_scanobjectnn_transferring_features - INFO - Save checkpoint at ./experiments/fewshot_scanobjectnn_transferring_features/cfgs/LR_0.0006/ckpt-last.pth
2023-10-08 06:58:00,413 - fewshot_scanobjectnn_transferring_features - INFO - [Training] EPOCH: 86 EpochTime = 1.925 (s) Losses = ['0.0260', '100.0000'] lr = 0.000232
2023-10-08 06:58:01,897 - fewshot_scanobjectnn_transferring_features - INFO - [Validation] EPOCH: 86  acc = 60.5000
2023-10-08 06:58:03,341 - fewshot_scanobjectnn_transferring_features - INFO - Save checkpoint at ./experiments/fewshot_scanobjectnn_transferring_features/cfgs/LR_0.0006/ckpt-last.pth
2023-10-08 06:58:05,298 - fewshot_scanobjectnn_transferring_features - INFO - [Training] EPOCH: 87 EpochTime = 1.956 (s) Losses = ['0.0197', '100.0000'] lr = 0.000226
2023-10-08 06:58:06,790 - fewshot_scanobjectnn_transferring_features - INFO - [Validation] EPOCH: 87  acc = 60.0000
2023-10-08 06:58:08,414 - fewshot_scanobjectnn_transferring_features - INFO - Save checkpoint at ./experiments/fewshot_scanobjectnn_transferring_features/cfgs/LR_0.0006/ckpt-last.pth
2023-10-08 06:58:10,398 - fewshot_scanobjectnn_transferring_features - INFO - [Training] EPOCH: 88 EpochTime = 1.982 (s) Losses = ['0.0241', '100.0000'] lr = 0.000220
2023-10-08 06:58:11,946 - fewshot_scanobjectnn_transferring_features - INFO - [Validation] EPOCH: 88  acc = 60.5000
2023-10-08 06:58:13,451 - fewshot_scanobjectnn_transferring_features - INFO - Save checkpoint at ./experiments/fewshot_scanobjectnn_transferring_features/cfgs/LR_0.0006/ckpt-last.pth
2023-10-08 06:58:15,460 - fewshot_scanobjectnn_transferring_features - INFO - [Training] EPOCH: 89 EpochTime = 2.007 (s) Losses = ['0.0243', '100.0000'] lr = 0.000214
2023-10-08 06:58:16,894 - fewshot_scanobjectnn_transferring_features - INFO - [Validation] EPOCH: 89  acc = 59.5000
2023-10-08 06:58:18,394 - fewshot_scanobjectnn_transferring_features - INFO - Save checkpoint at ./experiments/fewshot_scanobjectnn_transferring_features/cfgs/LR_0.0006/ckpt-last.pth
2023-10-08 06:58:20,348 - fewshot_scanobjectnn_transferring_features - INFO - [Training] EPOCH: 90 EpochTime = 1.952 (s) Losses = ['0.0243', '100.0000'] lr = 0.000208
2023-10-08 06:58:21,791 - fewshot_scanobjectnn_transferring_features - INFO - [Validation] EPOCH: 90  acc = 59.5000
2023-10-08 06:58:23,287 - fewshot_scanobjectnn_transferring_features - INFO - Save checkpoint at ./experiments/fewshot_scanobjectnn_transferring_features/cfgs/LR_0.0006/ckpt-last.pth
2023-10-08 06:58:25,295 - fewshot_scanobjectnn_transferring_features - INFO - [Training] EPOCH: 91 EpochTime = 2.006 (s) Losses = ['0.0312', '100.0000'] lr = 0.000202
2023-10-08 06:58:26,768 - fewshot_scanobjectnn_transferring_features - INFO - [Validation] EPOCH: 91  acc = 59.0000
2023-10-08 06:58:28,283 - fewshot_scanobjectnn_transferring_features - INFO - Save checkpoint at ./experiments/fewshot_scanobjectnn_transferring_features/cfgs/LR_0.0006/ckpt-last.pth
2023-10-08 06:58:30,253 - fewshot_scanobjectnn_transferring_features - INFO - [Training] EPOCH: 92 EpochTime = 1.968 (s) Losses = ['0.0245', '100.0000'] lr = 0.000196
2023-10-08 06:58:31,666 - fewshot_scanobjectnn_transferring_features - INFO - [Validation] EPOCH: 92  acc = 59.5000
2023-10-08 06:58:33,266 - fewshot_scanobjectnn_transferring_features - INFO - Save checkpoint at ./experiments/fewshot_scanobjectnn_transferring_features/cfgs/LR_0.0006/ckpt-last.pth
2023-10-08 06:58:35,233 - fewshot_scanobjectnn_transferring_features - INFO - [Training] EPOCH: 93 EpochTime = 1.965 (s) Losses = ['0.0281', '100.0000'] lr = 0.000190
2023-10-08 06:58:36,676 - fewshot_scanobjectnn_transferring_features - INFO - [Validation] EPOCH: 93  acc = 59.5000
2023-10-08 06:58:38,224 - fewshot_scanobjectnn_transferring_features - INFO - Save checkpoint at ./experiments/fewshot_scanobjectnn_transferring_features/cfgs/LR_0.0006/ckpt-last.pth
2023-10-08 06:58:40,247 - fewshot_scanobjectnn_transferring_features - INFO - [Training] EPOCH: 94 EpochTime = 2.022 (s) Losses = ['0.0223', '100.0000'] lr = 0.000184
2023-10-08 06:58:41,702 - fewshot_scanobjectnn_transferring_features - INFO - [Validation] EPOCH: 94  acc = 60.0000
2023-10-08 06:58:43,907 - fewshot_scanobjectnn_transferring_features - INFO - Save checkpoint at ./experiments/fewshot_scanobjectnn_transferring_features/cfgs/LR_0.0006/ckpt-last.pth
2023-10-08 06:58:45,898 - fewshot_scanobjectnn_transferring_features - INFO - [Training] EPOCH: 95 EpochTime = 1.989 (s) Losses = ['0.0300', '100.0000'] lr = 0.000179
2023-10-08 06:58:47,337 - fewshot_scanobjectnn_transferring_features - INFO - [Validation] EPOCH: 95  acc = 59.0000
2023-10-08 06:58:48,785 - fewshot_scanobjectnn_transferring_features - INFO - Save checkpoint at ./experiments/fewshot_scanobjectnn_transferring_features/cfgs/LR_0.0006/ckpt-last.pth
2023-10-08 06:58:50,749 - fewshot_scanobjectnn_transferring_features - INFO - [Training] EPOCH: 96 EpochTime = 1.962 (s) Losses = ['0.0245', '100.0000'] lr = 0.000173
2023-10-08 06:58:52,172 - fewshot_scanobjectnn_transferring_features - INFO - [Validation] EPOCH: 96  acc = 59.0000
2023-10-08 06:58:53,612 - fewshot_scanobjectnn_transferring_features - INFO - Save checkpoint at ./experiments/fewshot_scanobjectnn_transferring_features/cfgs/LR_0.0006/ckpt-last.pth
2023-10-08 06:58:55,567 - fewshot_scanobjectnn_transferring_features - INFO - [Training] EPOCH: 97 EpochTime = 1.953 (s) Losses = ['0.0248', '100.0000'] lr = 0.000167
2023-10-08 06:58:57,014 - fewshot_scanobjectnn_transferring_features - INFO - [Validation] EPOCH: 97  acc = 59.0000
2023-10-08 06:58:58,513 - fewshot_scanobjectnn_transferring_features - INFO - Save checkpoint at ./experiments/fewshot_scanobjectnn_transferring_features/cfgs/LR_0.0006/ckpt-last.pth
2023-10-08 06:59:00,494 - fewshot_scanobjectnn_transferring_features - INFO - [Training] EPOCH: 98 EpochTime = 1.980 (s) Losses = ['0.0239', '100.0000'] lr = 0.000162
2023-10-08 06:59:01,899 - fewshot_scanobjectnn_transferring_features - INFO - [Validation] EPOCH: 98  acc = 59.5000
2023-10-08 06:59:03,362 - fewshot_scanobjectnn_transferring_features - INFO - Save checkpoint at ./experiments/fewshot_scanobjectnn_transferring_features/cfgs/LR_0.0006/ckpt-last.pth
2023-10-08 06:59:05,318 - fewshot_scanobjectnn_transferring_features - INFO - [Training] EPOCH: 99 EpochTime = 1.954 (s) Losses = ['0.0276', '100.0000'] lr = 0.000156
2023-10-08 06:59:06,726 - fewshot_scanobjectnn_transferring_features - INFO - [Validation] EPOCH: 99  acc = 59.5000
2023-10-08 06:59:08,210 - fewshot_scanobjectnn_transferring_features - INFO - Save checkpoint at ./experiments/fewshot_scanobjectnn_transferring_features/cfgs/LR_0.0006/ckpt-last.pth
2023-10-08 06:59:10,173 - fewshot_scanobjectnn_transferring_features - INFO - [Training] EPOCH: 100 EpochTime = 1.961 (s) Losses = ['0.0153', '100.0000'] lr = 0.000151
2023-10-08 06:59:11,577 - fewshot_scanobjectnn_transferring_features - INFO - [Validation] EPOCH: 100  acc = 59.5000
2023-10-08 06:59:12,996 - fewshot_scanobjectnn_transferring_features - INFO - Save checkpoint at ./experiments/fewshot_scanobjectnn_transferring_features/cfgs/LR_0.0006/ckpt-last.pth
2023-10-08 06:59:14,964 - fewshot_scanobjectnn_transferring_features - INFO - [Training] EPOCH: 101 EpochTime = 1.966 (s) Losses = ['0.0188', '100.0000'] lr = 0.000145
2023-10-08 06:59:16,375 - fewshot_scanobjectnn_transferring_features - INFO - [Validation] EPOCH: 101  acc = 60.5000
2023-10-08 06:59:17,807 - fewshot_scanobjectnn_transferring_features - INFO - Save checkpoint at ./experiments/fewshot_scanobjectnn_transferring_features/cfgs/LR_0.0006/ckpt-last.pth
2023-10-08 06:59:19,792 - fewshot_scanobjectnn_transferring_features - INFO - [Training] EPOCH: 102 EpochTime = 1.983 (s) Losses = ['0.0234', '100.0000'] lr = 0.000140
2023-10-08 06:59:21,243 - fewshot_scanobjectnn_transferring_features - INFO - [Validation] EPOCH: 102  acc = 60.0000
2023-10-08 06:59:22,808 - fewshot_scanobjectnn_transferring_features - INFO - Save checkpoint at ./experiments/fewshot_scanobjectnn_transferring_features/cfgs/LR_0.0006/ckpt-last.pth
2023-10-08 06:59:24,756 - fewshot_scanobjectnn_transferring_features - INFO - [Training] EPOCH: 103 EpochTime = 1.946 (s) Losses = ['0.0223', '100.0000'] lr = 0.000135
2023-10-08 06:59:26,182 - fewshot_scanobjectnn_transferring_features - INFO - [Validation] EPOCH: 103  acc = 60.0000
2023-10-08 06:59:27,802 - fewshot_scanobjectnn_transferring_features - INFO - Save checkpoint at ./experiments/fewshot_scanobjectnn_transferring_features/cfgs/LR_0.0006/ckpt-last.pth
2023-10-08 06:59:29,729 - fewshot_scanobjectnn_transferring_features - INFO - [Training] EPOCH: 104 EpochTime = 1.925 (s) Losses = ['0.0191', '100.0000'] lr = 0.000130
2023-10-08 06:59:31,149 - fewshot_scanobjectnn_transferring_features - INFO - [Validation] EPOCH: 104  acc = 60.0000
2023-10-08 06:59:32,594 - fewshot_scanobjectnn_transferring_features - INFO - Save checkpoint at ./experiments/fewshot_scanobjectnn_transferring_features/cfgs/LR_0.0006/ckpt-last.pth
2023-10-08 06:59:34,548 - fewshot_scanobjectnn_transferring_features - INFO - [Training] EPOCH: 105 EpochTime = 1.953 (s) Losses = ['0.0234', '100.0000'] lr = 0.000124
2023-10-08 06:59:35,966 - fewshot_scanobjectnn_transferring_features - INFO - [Validation] EPOCH: 105  acc = 59.5000
2023-10-08 06:59:37,421 - fewshot_scanobjectnn_transferring_features - INFO - Save checkpoint at ./experiments/fewshot_scanobjectnn_transferring_features/cfgs/LR_0.0006/ckpt-last.pth
2023-10-08 06:59:39,338 - fewshot_scanobjectnn_transferring_features - INFO - [Training] EPOCH: 106 EpochTime = 1.915 (s) Losses = ['0.0171', '100.0000'] lr = 0.000119
2023-10-08 06:59:40,846 - fewshot_scanobjectnn_transferring_features - INFO - [Validation] EPOCH: 106  acc = 59.0000
2023-10-08 06:59:42,300 - fewshot_scanobjectnn_transferring_features - INFO - Save checkpoint at ./experiments/fewshot_scanobjectnn_transferring_features/cfgs/LR_0.0006/ckpt-last.pth
2023-10-08 06:59:44,318 - fewshot_scanobjectnn_transferring_features - INFO - [Training] EPOCH: 107 EpochTime = 2.016 (s) Losses = ['0.0177', '100.0000'] lr = 0.000114
2023-10-08 06:59:45,760 - fewshot_scanobjectnn_transferring_features - INFO - [Validation] EPOCH: 107  acc = 59.0000
2023-10-08 06:59:47,229 - fewshot_scanobjectnn_transferring_features - INFO - Save checkpoint at ./experiments/fewshot_scanobjectnn_transferring_features/cfgs/LR_0.0006/ckpt-last.pth
2023-10-08 06:59:49,180 - fewshot_scanobjectnn_transferring_features - INFO - [Training] EPOCH: 108 EpochTime = 1.949 (s) Losses = ['0.0188', '100.0000'] lr = 0.000110
2023-10-08 06:59:50,596 - fewshot_scanobjectnn_transferring_features - INFO - [Validation] EPOCH: 108  acc = 58.5000
2023-10-08 06:59:52,084 - fewshot_scanobjectnn_transferring_features - INFO - Save checkpoint at ./experiments/fewshot_scanobjectnn_transferring_features/cfgs/LR_0.0006/ckpt-last.pth
2023-10-08 06:59:54,075 - fewshot_scanobjectnn_transferring_features - INFO - [Training] EPOCH: 109 EpochTime = 1.990 (s) Losses = ['0.0177', '100.0000'] lr = 0.000105
2023-10-08 06:59:55,536 - fewshot_scanobjectnn_transferring_features - INFO - [Validation] EPOCH: 109  acc = 59.0000
2023-10-08 06:59:56,992 - fewshot_scanobjectnn_transferring_features - INFO - Save checkpoint at ./experiments/fewshot_scanobjectnn_transferring_features/cfgs/LR_0.0006/ckpt-last.pth
2023-10-08 06:59:58,967 - fewshot_scanobjectnn_transferring_features - INFO - [Training] EPOCH: 110 EpochTime = 1.974 (s) Losses = ['0.0195', '100.0000'] lr = 0.000100
2023-10-08 07:00:00,403 - fewshot_scanobjectnn_transferring_features - INFO - [Validation] EPOCH: 110  acc = 57.0000
2023-10-08 07:00:01,908 - fewshot_scanobjectnn_transferring_features - INFO - Save checkpoint at ./experiments/fewshot_scanobjectnn_transferring_features/cfgs/LR_0.0006/ckpt-last.pth
2023-10-08 07:00:03,885 - fewshot_scanobjectnn_transferring_features - INFO - [Training] EPOCH: 111 EpochTime = 1.976 (s) Losses = ['0.0206', '100.0000'] lr = 0.000095
2023-10-08 07:00:05,314 - fewshot_scanobjectnn_transferring_features - INFO - [Validation] EPOCH: 111  acc = 59.0000
2023-10-08 07:00:06,763 - fewshot_scanobjectnn_transferring_features - INFO - Save checkpoint at ./experiments/fewshot_scanobjectnn_transferring_features/cfgs/LR_0.0006/ckpt-last.pth
2023-10-08 07:00:08,737 - fewshot_scanobjectnn_transferring_features - INFO - [Training] EPOCH: 112 EpochTime = 1.972 (s) Losses = ['0.0207', '100.0000'] lr = 0.000091
2023-10-08 07:00:10,158 - fewshot_scanobjectnn_transferring_features - INFO - [Validation] EPOCH: 112  acc = 58.5000
2023-10-08 07:00:11,689 - fewshot_scanobjectnn_transferring_features - INFO - Save checkpoint at ./experiments/fewshot_scanobjectnn_transferring_features/cfgs/LR_0.0006/ckpt-last.pth
2023-10-08 07:00:13,696 - fewshot_scanobjectnn_transferring_features - INFO - [Training] EPOCH: 113 EpochTime = 2.005 (s) Losses = ['0.0204', '100.0000'] lr = 0.000087
2023-10-08 07:00:15,134 - fewshot_scanobjectnn_transferring_features - INFO - [Validation] EPOCH: 113  acc = 58.5000
2023-10-08 07:00:16,613 - fewshot_scanobjectnn_transferring_features - INFO - Save checkpoint at ./experiments/fewshot_scanobjectnn_transferring_features/cfgs/LR_0.0006/ckpt-last.pth
2023-10-08 07:00:18,552 - fewshot_scanobjectnn_transferring_features - INFO - [Training] EPOCH: 114 EpochTime = 1.938 (s) Losses = ['0.0191', '100.0000'] lr = 0.000082
2023-10-08 07:00:20,003 - fewshot_scanobjectnn_transferring_features - INFO - [Validation] EPOCH: 114  acc = 58.0000
2023-10-08 07:00:21,473 - fewshot_scanobjectnn_transferring_features - INFO - Save checkpoint at ./experiments/fewshot_scanobjectnn_transferring_features/cfgs/LR_0.0006/ckpt-last.pth
2023-10-08 07:00:23,441 - fewshot_scanobjectnn_transferring_features - INFO - [Training] EPOCH: 115 EpochTime = 1.966 (s) Losses = ['0.0215', '100.0000'] lr = 0.000078
2023-10-08 07:00:24,860 - fewshot_scanobjectnn_transferring_features - INFO - [Validation] EPOCH: 115  acc = 57.5000
2023-10-08 07:00:26,316 - fewshot_scanobjectnn_transferring_features - INFO - Save checkpoint at ./experiments/fewshot_scanobjectnn_transferring_features/cfgs/LR_0.0006/ckpt-last.pth
2023-10-08 07:00:28,090 - fewshot_scanobjectnn_transferring_features - INFO - [Training] EPOCH: 116 EpochTime = 1.772 (s) Losses = ['0.0166', '100.0000'] lr = 0.000074
2023-10-08 07:00:29,608 - fewshot_scanobjectnn_transferring_features - INFO - [Validation] EPOCH: 116  acc = 58.0000
2023-10-08 07:00:31,035 - fewshot_scanobjectnn_transferring_features - INFO - Save checkpoint at ./experiments/fewshot_scanobjectnn_transferring_features/cfgs/LR_0.0006/ckpt-last.pth
2023-10-08 07:00:32,961 - fewshot_scanobjectnn_transferring_features - INFO - [Training] EPOCH: 117 EpochTime = 1.925 (s) Losses = ['0.0139', '100.0000'] lr = 0.000070
2023-10-08 07:00:34,377 - fewshot_scanobjectnn_transferring_features - INFO - [Validation] EPOCH: 117  acc = 58.0000
2023-10-08 07:00:35,864 - fewshot_scanobjectnn_transferring_features - INFO - Save checkpoint at ./experiments/fewshot_scanobjectnn_transferring_features/cfgs/LR_0.0006/ckpt-last.pth
2023-10-08 07:00:37,790 - fewshot_scanobjectnn_transferring_features - INFO - [Training] EPOCH: 118 EpochTime = 1.924 (s) Losses = ['0.0178', '100.0000'] lr = 0.000066
2023-10-08 07:00:39,172 - fewshot_scanobjectnn_transferring_features - INFO - [Validation] EPOCH: 118  acc = 60.0000
2023-10-08 07:00:40,622 - fewshot_scanobjectnn_transferring_features - INFO - Save checkpoint at ./experiments/fewshot_scanobjectnn_transferring_features/cfgs/LR_0.0006/ckpt-last.pth
2023-10-08 07:00:42,566 - fewshot_scanobjectnn_transferring_features - INFO - [Training] EPOCH: 119 EpochTime = 1.942 (s) Losses = ['0.0198', '100.0000'] lr = 0.000062
2023-10-08 07:00:43,983 - fewshot_scanobjectnn_transferring_features - INFO - [Validation] EPOCH: 119  acc = 60.0000
2023-10-08 07:00:45,470 - fewshot_scanobjectnn_transferring_features - INFO - Save checkpoint at ./experiments/fewshot_scanobjectnn_transferring_features/cfgs/LR_0.0006/ckpt-last.pth
2023-10-08 07:00:47,386 - fewshot_scanobjectnn_transferring_features - INFO - [Training] EPOCH: 120 EpochTime = 1.915 (s) Losses = ['0.0267', '100.0000'] lr = 0.000058
2023-10-08 07:00:48,783 - fewshot_scanobjectnn_transferring_features - INFO - [Validation] EPOCH: 120  acc = 59.5000
2023-10-08 07:00:50,478 - fewshot_scanobjectnn_transferring_features - INFO - Save checkpoint at ./experiments/fewshot_scanobjectnn_transferring_features/cfgs/LR_0.0006/ckpt-last.pth
2023-10-08 07:00:52,414 - fewshot_scanobjectnn_transferring_features - INFO - [Training] EPOCH: 121 EpochTime = 1.934 (s) Losses = ['0.0172', '100.0000'] lr = 0.000055
2023-10-08 07:00:53,848 - fewshot_scanobjectnn_transferring_features - INFO - [Validation] EPOCH: 121  acc = 60.0000
2023-10-08 07:00:55,167 - fewshot_scanobjectnn_transferring_features - INFO - Save checkpoint at ./experiments/fewshot_scanobjectnn_transferring_features/cfgs/LR_0.0006/ckpt-last.pth
2023-10-08 07:00:57,071 - fewshot_scanobjectnn_transferring_features - INFO - [Training] EPOCH: 122 EpochTime = 1.902 (s) Losses = ['0.0168', '100.0000'] lr = 0.000051
2023-10-08 07:00:58,477 - fewshot_scanobjectnn_transferring_features - INFO - [Validation] EPOCH: 122  acc = 60.0000
2023-10-08 07:00:59,869 - fewshot_scanobjectnn_transferring_features - INFO - Save checkpoint at ./experiments/fewshot_scanobjectnn_transferring_features/cfgs/LR_0.0006/ckpt-last.pth
2023-10-08 07:01:01,797 - fewshot_scanobjectnn_transferring_features - INFO - [Training] EPOCH: 123 EpochTime = 1.925 (s) Losses = ['0.0179', '100.0000'] lr = 0.000048
2023-10-08 07:01:03,215 - fewshot_scanobjectnn_transferring_features - INFO - [Validation] EPOCH: 123  acc = 60.5000
2023-10-08 07:01:04,759 - fewshot_scanobjectnn_transferring_features - INFO - Save checkpoint at ./experiments/fewshot_scanobjectnn_transferring_features/cfgs/LR_0.0006/ckpt-last.pth
2023-10-08 07:01:06,681 - fewshot_scanobjectnn_transferring_features - INFO - [Training] EPOCH: 124 EpochTime = 1.920 (s) Losses = ['0.0151', '100.0000'] lr = 0.000044
2023-10-08 07:01:08,078 - fewshot_scanobjectnn_transferring_features - INFO - [Validation] EPOCH: 124  acc = 60.5000
2023-10-08 07:01:09,563 - fewshot_scanobjectnn_transferring_features - INFO - Save checkpoint at ./experiments/fewshot_scanobjectnn_transferring_features/cfgs/LR_0.0006/ckpt-last.pth
2023-10-08 07:01:11,467 - fewshot_scanobjectnn_transferring_features - INFO - [Training] EPOCH: 125 EpochTime = 1.902 (s) Losses = ['0.0193', '100.0000'] lr = 0.000041
2023-10-08 07:01:12,871 - fewshot_scanobjectnn_transferring_features - INFO - [Validation] EPOCH: 125  acc = 60.5000
2023-10-08 07:01:14,375 - fewshot_scanobjectnn_transferring_features - INFO - Save checkpoint at ./experiments/fewshot_scanobjectnn_transferring_features/cfgs/LR_0.0006/ckpt-last.pth
2023-10-08 07:01:16,275 - fewshot_scanobjectnn_transferring_features - INFO - [Training] EPOCH: 126 EpochTime = 1.899 (s) Losses = ['0.0163', '100.0000'] lr = 0.000038
2023-10-08 07:01:17,697 - fewshot_scanobjectnn_transferring_features - INFO - [Validation] EPOCH: 126  acc = 60.5000
2023-10-08 07:01:19,269 - fewshot_scanobjectnn_transferring_features - INFO - Save checkpoint at ./experiments/fewshot_scanobjectnn_transferring_features/cfgs/LR_0.0006/ckpt-last.pth
2023-10-08 07:01:21,188 - fewshot_scanobjectnn_transferring_features - INFO - [Training] EPOCH: 127 EpochTime = 1.917 (s) Losses = ['0.0155', '100.0000'] lr = 0.000035
2023-10-08 07:01:22,610 - fewshot_scanobjectnn_transferring_features - INFO - [Validation] EPOCH: 127  acc = 60.5000
2023-10-08 07:01:24,182 - fewshot_scanobjectnn_transferring_features - INFO - Save checkpoint at ./experiments/fewshot_scanobjectnn_transferring_features/cfgs/LR_0.0006/ckpt-last.pth
2023-10-08 07:01:26,105 - fewshot_scanobjectnn_transferring_features - INFO - [Training] EPOCH: 128 EpochTime = 1.922 (s) Losses = ['0.0197', '100.0000'] lr = 0.000032
2023-10-08 07:01:27,524 - fewshot_scanobjectnn_transferring_features - INFO - [Validation] EPOCH: 128  acc = 59.5000
2023-10-08 07:01:29,490 - fewshot_scanobjectnn_transferring_features - INFO - Save checkpoint at ./experiments/fewshot_scanobjectnn_transferring_features/cfgs/LR_0.0006/ckpt-last.pth
2023-10-08 07:01:31,422 - fewshot_scanobjectnn_transferring_features - INFO - [Training] EPOCH: 129 EpochTime = 1.930 (s) Losses = ['0.0188', '100.0000'] lr = 0.000030
2023-10-08 07:01:32,860 - fewshot_scanobjectnn_transferring_features - INFO - [Validation] EPOCH: 129  acc = 60.0000
2023-10-08 07:01:34,859 - fewshot_scanobjectnn_transferring_features - INFO - Save checkpoint at ./experiments/fewshot_scanobjectnn_transferring_features/cfgs/LR_0.0006/ckpt-last.pth
2023-10-08 07:01:36,762 - fewshot_scanobjectnn_transferring_features - INFO - [Training] EPOCH: 130 EpochTime = 1.902 (s) Losses = ['0.0152', '100.0000'] lr = 0.000027
2023-10-08 07:01:38,169 - fewshot_scanobjectnn_transferring_features - INFO - [Validation] EPOCH: 130  acc = 60.0000
2023-10-08 07:01:39,664 - fewshot_scanobjectnn_transferring_features - INFO - Save checkpoint at ./experiments/fewshot_scanobjectnn_transferring_features/cfgs/LR_0.0006/ckpt-last.pth
2023-10-08 07:01:41,652 - fewshot_scanobjectnn_transferring_features - INFO - [Training] EPOCH: 131 EpochTime = 1.986 (s) Losses = ['0.0213', '100.0000'] lr = 0.000024
2023-10-08 07:01:43,077 - fewshot_scanobjectnn_transferring_features - INFO - [Validation] EPOCH: 131  acc = 61.5000
2023-10-08 07:01:44,574 - fewshot_scanobjectnn_transferring_features - INFO - Save checkpoint at ./experiments/fewshot_scanobjectnn_transferring_features/cfgs/LR_0.0006/ckpt-last.pth
2023-10-08 07:01:46,510 - fewshot_scanobjectnn_transferring_features - INFO - [Training] EPOCH: 132 EpochTime = 1.934 (s) Losses = ['0.0168', '100.0000'] lr = 0.000022
2023-10-08 07:01:47,940 - fewshot_scanobjectnn_transferring_features - INFO - [Validation] EPOCH: 132  acc = 61.5000
2023-10-08 07:01:49,406 - fewshot_scanobjectnn_transferring_features - INFO - Save checkpoint at ./experiments/fewshot_scanobjectnn_transferring_features/cfgs/LR_0.0006/ckpt-last.pth
2023-10-08 07:01:51,337 - fewshot_scanobjectnn_transferring_features - INFO - [Training] EPOCH: 133 EpochTime = 1.930 (s) Losses = ['0.0182', '100.0000'] lr = 0.000020
2023-10-08 07:01:52,798 - fewshot_scanobjectnn_transferring_features - INFO - [Validation] EPOCH: 133  acc = 60.5000
2023-10-08 07:01:54,414 - fewshot_scanobjectnn_transferring_features - INFO - Save checkpoint at ./experiments/fewshot_scanobjectnn_transferring_features/cfgs/LR_0.0006/ckpt-last.pth
2023-10-08 07:01:56,346 - fewshot_scanobjectnn_transferring_features - INFO - [Training] EPOCH: 134 EpochTime = 1.930 (s) Losses = ['0.0205', '100.0000'] lr = 0.000018
2023-10-08 07:01:57,783 - fewshot_scanobjectnn_transferring_features - INFO - [Validation] EPOCH: 134  acc = 60.5000
2023-10-08 07:01:59,345 - fewshot_scanobjectnn_transferring_features - INFO - Save checkpoint at ./experiments/fewshot_scanobjectnn_transferring_features/cfgs/LR_0.0006/ckpt-last.pth
2023-10-08 07:02:01,254 - fewshot_scanobjectnn_transferring_features - INFO - [Training] EPOCH: 135 EpochTime = 1.907 (s) Losses = ['0.0200', '100.0000'] lr = 0.000016
2023-10-08 07:02:02,670 - fewshot_scanobjectnn_transferring_features - INFO - [Validation] EPOCH: 135  acc = 59.5000
2023-10-08 07:02:04,269 - fewshot_scanobjectnn_transferring_features - INFO - Save checkpoint at ./experiments/fewshot_scanobjectnn_transferring_features/cfgs/LR_0.0006/ckpt-last.pth
2023-10-08 07:02:06,198 - fewshot_scanobjectnn_transferring_features - INFO - [Training] EPOCH: 136 EpochTime = 1.928 (s) Losses = ['0.0188', '100.0000'] lr = 0.000014
2023-10-08 07:02:07,620 - fewshot_scanobjectnn_transferring_features - INFO - [Validation] EPOCH: 136  acc = 59.5000
2023-10-08 07:02:09,136 - fewshot_scanobjectnn_transferring_features - INFO - Save checkpoint at ./experiments/fewshot_scanobjectnn_transferring_features/cfgs/LR_0.0006/ckpt-last.pth
2023-10-08 07:02:11,066 - fewshot_scanobjectnn_transferring_features - INFO - [Training] EPOCH: 137 EpochTime = 1.928 (s) Losses = ['0.0157', '100.0000'] lr = 0.000012
2023-10-08 07:02:12,488 - fewshot_scanobjectnn_transferring_features - INFO - [Validation] EPOCH: 137  acc = 60.5000
2023-10-08 07:02:14,038 - fewshot_scanobjectnn_transferring_features - INFO - Save checkpoint at ./experiments/fewshot_scanobjectnn_transferring_features/cfgs/LR_0.0006/ckpt-last.pth
2023-10-08 07:02:15,958 - fewshot_scanobjectnn_transferring_features - INFO - [Training] EPOCH: 138 EpochTime = 1.919 (s) Losses = ['0.0158', '100.0000'] lr = 0.000010
2023-10-08 07:02:17,373 - fewshot_scanobjectnn_transferring_features - INFO - [Validation] EPOCH: 138  acc = 59.5000
2023-10-08 07:02:18,985 - fewshot_scanobjectnn_transferring_features - INFO - Save checkpoint at ./experiments/fewshot_scanobjectnn_transferring_features/cfgs/LR_0.0006/ckpt-last.pth
2023-10-08 07:02:20,928 - fewshot_scanobjectnn_transferring_features - INFO - [Training] EPOCH: 139 EpochTime = 1.941 (s) Losses = ['0.0185', '100.0000'] lr = 0.000009
2023-10-08 07:02:22,451 - fewshot_scanobjectnn_transferring_features - INFO - [Validation] EPOCH: 139  acc = 60.0000
2023-10-08 07:02:24,027 - fewshot_scanobjectnn_transferring_features - INFO - Save checkpoint at ./experiments/fewshot_scanobjectnn_transferring_features/cfgs/LR_0.0006/ckpt-last.pth
2023-10-08 07:02:25,960 - fewshot_scanobjectnn_transferring_features - INFO - [Training] EPOCH: 140 EpochTime = 1.932 (s) Losses = ['0.0206', '100.0000'] lr = 0.000008
2023-10-08 07:02:27,368 - fewshot_scanobjectnn_transferring_features - INFO - [Validation] EPOCH: 140  acc = 60.0000
2023-10-08 07:02:28,923 - fewshot_scanobjectnn_transferring_features - INFO - Save checkpoint at ./experiments/fewshot_scanobjectnn_transferring_features/cfgs/LR_0.0006/ckpt-last.pth
2023-10-08 07:02:30,900 - fewshot_scanobjectnn_transferring_features - INFO - [Training] EPOCH: 141 EpochTime = 1.975 (s) Losses = ['0.0186', '100.0000'] lr = 0.000006
2023-10-08 07:02:32,323 - fewshot_scanobjectnn_transferring_features - INFO - [Validation] EPOCH: 141  acc = 60.5000
2023-10-08 07:02:33,995 - fewshot_scanobjectnn_transferring_features - INFO - Save checkpoint at ./experiments/fewshot_scanobjectnn_transferring_features/cfgs/LR_0.0006/ckpt-last.pth
2023-10-08 07:02:35,535 - fewshot_scanobjectnn_transferring_features - INFO - Save checkpoint at ./experiments/fewshot_scanobjectnn_transferring_features/cfgs/LR_0.0006/ckpt-epoch-141.pth
2023-10-08 07:02:37,487 - fewshot_scanobjectnn_transferring_features - INFO - [Training] EPOCH: 142 EpochTime = 1.951 (s) Losses = ['0.0260', '100.0000'] lr = 0.000005
2023-10-08 07:02:38,907 - fewshot_scanobjectnn_transferring_features - INFO - [Validation] EPOCH: 142  acc = 60.0000
2023-10-08 07:02:40,407 - fewshot_scanobjectnn_transferring_features - INFO - Save checkpoint at ./experiments/fewshot_scanobjectnn_transferring_features/cfgs/LR_0.0006/ckpt-last.pth
2023-10-08 07:02:41,794 - fewshot_scanobjectnn_transferring_features - INFO - Save checkpoint at ./experiments/fewshot_scanobjectnn_transferring_features/cfgs/LR_0.0006/ckpt-epoch-142.pth
2023-10-08 07:02:43,838 - fewshot_scanobjectnn_transferring_features - INFO - [Training] EPOCH: 143 EpochTime = 2.042 (s) Losses = ['0.0185', '100.0000'] lr = 0.000004
2023-10-08 07:02:45,266 - fewshot_scanobjectnn_transferring_features - INFO - [Validation] EPOCH: 143  acc = 60.5000
2023-10-08 07:02:46,761 - fewshot_scanobjectnn_transferring_features - INFO - Save checkpoint at ./experiments/fewshot_scanobjectnn_transferring_features/cfgs/LR_0.0006/ckpt-last.pth
2023-10-08 07:02:48,326 - fewshot_scanobjectnn_transferring_features - INFO - Save checkpoint at ./experiments/fewshot_scanobjectnn_transferring_features/cfgs/LR_0.0006/ckpt-epoch-143.pth
2023-10-08 07:02:50,374 - fewshot_scanobjectnn_transferring_features - INFO - [Training] EPOCH: 144 EpochTime = 2.046 (s) Losses = ['0.0164', '100.0000'] lr = 0.000003
2023-10-08 07:02:51,789 - fewshot_scanobjectnn_transferring_features - INFO - [Validation] EPOCH: 144  acc = 60.5000
2023-10-08 07:02:53,318 - fewshot_scanobjectnn_transferring_features - INFO - Save checkpoint at ./experiments/fewshot_scanobjectnn_transferring_features/cfgs/LR_0.0006/ckpt-last.pth
2023-10-08 07:02:54,976 - fewshot_scanobjectnn_transferring_features - INFO - Save checkpoint at ./experiments/fewshot_scanobjectnn_transferring_features/cfgs/LR_0.0006/ckpt-epoch-144.pth
2023-10-08 07:02:56,913 - fewshot_scanobjectnn_transferring_features - INFO - [Training] EPOCH: 145 EpochTime = 1.935 (s) Losses = ['0.0210', '100.0000'] lr = 0.000003
2023-10-08 07:02:58,339 - fewshot_scanobjectnn_transferring_features - INFO - [Validation] EPOCH: 145  acc = 60.0000
2023-10-08 07:03:00,502 - fewshot_scanobjectnn_transferring_features - INFO - Save checkpoint at ./experiments/fewshot_scanobjectnn_transferring_features/cfgs/LR_0.0006/ckpt-last.pth
2023-10-08 07:03:02,635 - fewshot_scanobjectnn_transferring_features - INFO - Save checkpoint at ./experiments/fewshot_scanobjectnn_transferring_features/cfgs/LR_0.0006/ckpt-epoch-145.pth
2023-10-08 07:03:04,559 - fewshot_scanobjectnn_transferring_features - INFO - [Training] EPOCH: 146 EpochTime = 1.922 (s) Losses = ['0.0185', '100.0000'] lr = 0.000002
2023-10-08 07:03:05,989 - fewshot_scanobjectnn_transferring_features - INFO - [Validation] EPOCH: 146  acc = 60.0000
2023-10-08 07:03:07,479 - fewshot_scanobjectnn_transferring_features - INFO - Save checkpoint at ./experiments/fewshot_scanobjectnn_transferring_features/cfgs/LR_0.0006/ckpt-last.pth
2023-10-08 07:03:08,972 - fewshot_scanobjectnn_transferring_features - INFO - Save checkpoint at ./experiments/fewshot_scanobjectnn_transferring_features/cfgs/LR_0.0006/ckpt-epoch-146.pth
2023-10-08 07:03:10,967 - fewshot_scanobjectnn_transferring_features - INFO - [Training] EPOCH: 147 EpochTime = 1.994 (s) Losses = ['0.0165', '100.0000'] lr = 0.000002
2023-10-08 07:03:12,388 - fewshot_scanobjectnn_transferring_features - INFO - [Validation] EPOCH: 147  acc = 60.5000
2023-10-08 07:03:13,915 - fewshot_scanobjectnn_transferring_features - INFO - Save checkpoint at ./experiments/fewshot_scanobjectnn_transferring_features/cfgs/LR_0.0006/ckpt-last.pth
2023-10-08 07:03:15,374 - fewshot_scanobjectnn_transferring_features - INFO - Save checkpoint at ./experiments/fewshot_scanobjectnn_transferring_features/cfgs/LR_0.0006/ckpt-epoch-147.pth
2023-10-08 07:03:17,307 - fewshot_scanobjectnn_transferring_features - INFO - [Training] EPOCH: 148 EpochTime = 1.932 (s) Losses = ['0.0185', '100.0000'] lr = 0.000001
2023-10-08 07:03:18,741 - fewshot_scanobjectnn_transferring_features - INFO - [Validation] EPOCH: 148  acc = 60.5000
2023-10-08 07:03:20,179 - fewshot_scanobjectnn_transferring_features - INFO - Save checkpoint at ./experiments/fewshot_scanobjectnn_transferring_features/cfgs/LR_0.0006/ckpt-last.pth
2023-10-08 07:03:21,654 - fewshot_scanobjectnn_transferring_features - INFO - Save checkpoint at ./experiments/fewshot_scanobjectnn_transferring_features/cfgs/LR_0.0006/ckpt-epoch-148.pth
2023-10-08 07:03:23,565 - fewshot_scanobjectnn_transferring_features - INFO - [Training] EPOCH: 149 EpochTime = 1.910 (s) Losses = ['0.0165', '100.0000'] lr = 0.000001
2023-10-08 07:03:25,009 - fewshot_scanobjectnn_transferring_features - INFO - [Validation] EPOCH: 149  acc = 60.0000
2023-10-08 07:03:26,683 - fewshot_scanobjectnn_transferring_features - INFO - Save checkpoint at ./experiments/fewshot_scanobjectnn_transferring_features/cfgs/LR_0.0006/ckpt-last.pth
2023-10-08 07:03:28,173 - fewshot_scanobjectnn_transferring_features - INFO - Save checkpoint at ./experiments/fewshot_scanobjectnn_transferring_features/cfgs/LR_0.0006/ckpt-epoch-149.pth
2023-10-08 07:03:30,157 - fewshot_scanobjectnn_transferring_features - INFO - [Training] EPOCH: 150 EpochTime = 1.982 (s) Losses = ['0.0171', '100.0000'] lr = 0.000001
2023-10-08 07:03:31,570 - fewshot_scanobjectnn_transferring_features - INFO - [Validation] EPOCH: 150  acc = 60.5000
2023-10-08 07:03:33,043 - fewshot_scanobjectnn_transferring_features - INFO - Save checkpoint at ./experiments/fewshot_scanobjectnn_transferring_features/cfgs/LR_0.0006/ckpt-last.pth
2023-10-08 07:03:34,530 - fewshot_scanobjectnn_transferring_features - INFO - Save checkpoint at ./experiments/fewshot_scanobjectnn_transferring_features/cfgs/LR_0.0006/ckpt-epoch-150.pth
