2023-11-06 19:13:35,004 - fewshot_scanobjectnn_transferring_features - INFO - Copy the Config file from cfgs/fewshot_scanobjectnn_transferring_features.yaml to ./experiments/fewshot_scanobjectnn_transferring_features/cfgs/lr0.00062/config.yaml
2023-11-06 19:13:35,004 - fewshot_scanobjectnn_transferring_features - INFO - args.config : cfgs/fewshot_scanobjectnn_transferring_features.yaml
2023-11-06 19:13:35,004 - fewshot_scanobjectnn_transferring_features - INFO - args.launcher : none
2023-11-06 19:13:35,004 - fewshot_scanobjectnn_transferring_features - INFO - args.local_rank : 0
2023-11-06 19:13:35,004 - fewshot_scanobjectnn_transferring_features - INFO - args.num_workers : 8
2023-11-06 19:13:35,004 - fewshot_scanobjectnn_transferring_features - INFO - args.seed : 0
2023-11-06 19:13:35,004 - fewshot_scanobjectnn_transferring_features - INFO - args.deterministic : False
2023-11-06 19:13:35,004 - fewshot_scanobjectnn_transferring_features - INFO - args.sync_bn : True
2023-11-06 19:13:35,004 - fewshot_scanobjectnn_transferring_features - INFO - args.large_group : 5
2023-11-06 19:13:35,004 - fewshot_scanobjectnn_transferring_features - INFO - args.small_group : 10
2023-11-06 19:13:35,004 - fewshot_scanobjectnn_transferring_features - INFO - args.large_patch : 6
2023-11-06 19:13:35,004 - fewshot_scanobjectnn_transferring_features - INFO - args.small_patch : 3
2023-11-06 19:13:35,004 - fewshot_scanobjectnn_transferring_features - INFO - args.queue_length : 8192
2023-11-06 19:13:35,005 - fewshot_scanobjectnn_transferring_features - INFO - args.epoch_queue_starts : 10
2023-11-06 19:13:35,005 - fewshot_scanobjectnn_transferring_features - INFO - args.nmb_crops : 26
2023-11-06 19:13:35,005 - fewshot_scanobjectnn_transferring_features - INFO - args.fea_dim : 384
2023-11-06 19:13:35,005 - fewshot_scanobjectnn_transferring_features - INFO - args.hidden_mlp : 256
2023-11-06 19:13:35,005 - fewshot_scanobjectnn_transferring_features - INFO - args.output_dim : 128
2023-11-06 19:13:35,005 - fewshot_scanobjectnn_transferring_features - INFO - args.nmb_prototypes : 200
2023-11-06 19:13:35,005 - fewshot_scanobjectnn_transferring_features - INFO - args.temperature : 0.1
2023-11-06 19:13:35,005 - fewshot_scanobjectnn_transferring_features - INFO - args.epsilon : 0.05
2023-11-06 19:13:35,005 - fewshot_scanobjectnn_transferring_features - INFO - args.sinkhorn_iterations : 3
2023-11-06 19:13:35,005 - fewshot_scanobjectnn_transferring_features - INFO - args.world_size : 1
2023-11-06 19:13:35,005 - fewshot_scanobjectnn_transferring_features - INFO - args.exp_name : lr0.00062
2023-11-06 19:13:35,005 - fewshot_scanobjectnn_transferring_features - INFO - args.loss : cd1
2023-11-06 19:13:35,005 - fewshot_scanobjectnn_transferring_features - INFO - args.start_ckpts : None
2023-11-06 19:13:35,005 - fewshot_scanobjectnn_transferring_features - INFO - args.ckpts : ./experiments/pretrain_MaskSurf/cfgs/add_as_normal/ckpt-last.pth
2023-11-06 19:13:35,005 - fewshot_scanobjectnn_transferring_features - INFO - args.val_freq : 1
2023-11-06 19:13:35,005 - fewshot_scanobjectnn_transferring_features - INFO - args.vote : False
2023-11-06 19:13:35,005 - fewshot_scanobjectnn_transferring_features - INFO - args.resume : False
2023-11-06 19:13:35,005 - fewshot_scanobjectnn_transferring_features - INFO - args.test : False
2023-11-06 19:13:35,005 - fewshot_scanobjectnn_transferring_features - INFO - args.finetune_model : True
2023-11-06 19:13:35,005 - fewshot_scanobjectnn_transferring_features - INFO - args.scratch_model : False
2023-11-06 19:13:35,005 - fewshot_scanobjectnn_transferring_features - INFO - args.mode : None
2023-11-06 19:13:35,005 - fewshot_scanobjectnn_transferring_features - INFO - args.way : 5
2023-11-06 19:13:35,005 - fewshot_scanobjectnn_transferring_features - INFO - args.shot : 20
2023-11-06 19:13:35,006 - fewshot_scanobjectnn_transferring_features - INFO - args.fold : 6
2023-11-06 19:13:35,006 - fewshot_scanobjectnn_transferring_features - INFO - args.experiment_path : ./experiments/fewshot_scanobjectnn_transferring_features/cfgs/lr0.00062
2023-11-06 19:13:35,006 - fewshot_scanobjectnn_transferring_features - INFO - args.tfboard_path : ./experiments/fewshot_scanobjectnn_transferring_features/cfgs/TFBoard/lr0.00062
2023-11-06 19:13:35,006 - fewshot_scanobjectnn_transferring_features - INFO - args.log_name : fewshot_scanobjectnn_transferring_features
2023-11-06 19:13:35,006 - fewshot_scanobjectnn_transferring_features - INFO - args.use_gpu : True
2023-11-06 19:13:35,006 - fewshot_scanobjectnn_transferring_features - INFO - args.distributed : False
2023-11-06 19:13:35,006 - fewshot_scanobjectnn_transferring_features - INFO - config.optimizer = edict()
2023-11-06 19:13:35,006 - fewshot_scanobjectnn_transferring_features - INFO - config.optimizer.type : AdamW
2023-11-06 19:13:35,006 - fewshot_scanobjectnn_transferring_features - INFO - config.optimizer.part : all
2023-11-06 19:13:35,006 - fewshot_scanobjectnn_transferring_features - INFO - config.optimizer.kwargs = edict()
2023-11-06 19:13:35,006 - fewshot_scanobjectnn_transferring_features - INFO - config.optimizer.kwargs.lr : 0.00062
2023-11-06 19:13:35,006 - fewshot_scanobjectnn_transferring_features - INFO - config.optimizer.kwargs.weight_decay : 0.05
2023-11-06 19:13:35,006 - fewshot_scanobjectnn_transferring_features - INFO - config.scheduler = edict()
2023-11-06 19:13:35,006 - fewshot_scanobjectnn_transferring_features - INFO - config.scheduler.type : CosLR
2023-11-06 19:13:35,006 - fewshot_scanobjectnn_transferring_features - INFO - config.scheduler.kwargs = edict()
2023-11-06 19:13:35,006 - fewshot_scanobjectnn_transferring_features - INFO - config.scheduler.kwargs.epochs : 150
2023-11-06 19:13:35,006 - fewshot_scanobjectnn_transferring_features - INFO - config.scheduler.kwargs.initial_epochs : 10
2023-11-06 19:13:35,006 - fewshot_scanobjectnn_transferring_features - INFO - config.dataset = edict()
2023-11-06 19:13:35,006 - fewshot_scanobjectnn_transferring_features - INFO - config.dataset.train = edict()
2023-11-06 19:13:35,007 - fewshot_scanobjectnn_transferring_features - INFO - config.dataset.train._base_ = edict()
2023-11-06 19:13:35,007 - fewshot_scanobjectnn_transferring_features - INFO - config.dataset.train._base_.NAME : ModelNetFewShot
2023-11-06 19:13:35,007 - fewshot_scanobjectnn_transferring_features - INFO - config.dataset.train._base_.DATA_PATH : data/ScanObjectNN_hardest_fewshot
2023-11-06 19:13:35,007 - fewshot_scanobjectnn_transferring_features - INFO - config.dataset.train._base_.N_POINTS : 2048
2023-11-06 19:13:35,007 - fewshot_scanobjectnn_transferring_features - INFO - config.dataset.train._base_.NUM_CATEGORY : 15
2023-11-06 19:13:35,007 - fewshot_scanobjectnn_transferring_features - INFO - config.dataset.train._base_.USE_NORMALS : False
2023-11-06 19:13:35,007 - fewshot_scanobjectnn_transferring_features - INFO - config.dataset.train.others = edict()
2023-11-06 19:13:35,007 - fewshot_scanobjectnn_transferring_features - INFO - config.dataset.train.others.subset : train
2023-11-06 19:13:35,007 - fewshot_scanobjectnn_transferring_features - INFO - config.dataset.train.others.bs : 32
2023-11-06 19:13:35,007 - fewshot_scanobjectnn_transferring_features - INFO - config.dataset.val = edict()
2023-11-06 19:13:35,007 - fewshot_scanobjectnn_transferring_features - INFO - config.dataset.val._base_ = edict()
2023-11-06 19:13:35,007 - fewshot_scanobjectnn_transferring_features - INFO - config.dataset.val._base_.NAME : ModelNetFewShot
2023-11-06 19:13:35,007 - fewshot_scanobjectnn_transferring_features - INFO - config.dataset.val._base_.DATA_PATH : data/ScanObjectNN_hardest_fewshot
2023-11-06 19:13:35,007 - fewshot_scanobjectnn_transferring_features - INFO - config.dataset.val._base_.N_POINTS : 2048
2023-11-06 19:13:35,008 - fewshot_scanobjectnn_transferring_features - INFO - config.dataset.val._base_.NUM_CATEGORY : 15
2023-11-06 19:13:35,008 - fewshot_scanobjectnn_transferring_features - INFO - config.dataset.val._base_.USE_NORMALS : False
2023-11-06 19:13:35,008 - fewshot_scanobjectnn_transferring_features - INFO - config.dataset.val.others = edict()
2023-11-06 19:13:35,008 - fewshot_scanobjectnn_transferring_features - INFO - config.dataset.val.others.subset : test
2023-11-06 19:13:35,008 - fewshot_scanobjectnn_transferring_features - INFO - config.dataset.val.others.bs : 64
2023-11-06 19:13:35,008 - fewshot_scanobjectnn_transferring_features - INFO - config.dataset.test = edict()
2023-11-06 19:13:35,008 - fewshot_scanobjectnn_transferring_features - INFO - config.dataset.test._base_ = edict()
2023-11-06 19:13:35,008 - fewshot_scanobjectnn_transferring_features - INFO - config.dataset.test._base_.NAME : ScanObjectNN_hardest
2023-11-06 19:13:35,008 - fewshot_scanobjectnn_transferring_features - INFO - config.dataset.test._base_.ROOT : data/ScanObjectNN/main_split
2023-11-06 19:13:35,008 - fewshot_scanobjectnn_transferring_features - INFO - config.dataset.test.others = edict()
2023-11-06 19:13:35,008 - fewshot_scanobjectnn_transferring_features - INFO - config.dataset.test.others.subset : test
2023-11-06 19:13:35,008 - fewshot_scanobjectnn_transferring_features - INFO - config.dataset.test.others.bs : 32
2023-11-06 19:13:35,008 - fewshot_scanobjectnn_transferring_features - INFO - config.model = edict()
2023-11-06 19:13:35,008 - fewshot_scanobjectnn_transferring_features - INFO - config.model.NAME : PointTransformer
2023-11-06 19:13:35,009 - fewshot_scanobjectnn_transferring_features - INFO - config.model.trans_dim : 384
2023-11-06 19:13:35,009 - fewshot_scanobjectnn_transferring_features - INFO - config.model.depth : 12
2023-11-06 19:13:35,009 - fewshot_scanobjectnn_transferring_features - INFO - config.model.drop_path_rate : 0.1
2023-11-06 19:13:35,009 - fewshot_scanobjectnn_transferring_features - INFO - config.model.cls_dim : 40
2023-11-06 19:13:35,009 - fewshot_scanobjectnn_transferring_features - INFO - config.model.num_heads : 6
2023-11-06 19:13:35,009 - fewshot_scanobjectnn_transferring_features - INFO - config.model.group_size : 32
2023-11-06 19:13:35,009 - fewshot_scanobjectnn_transferring_features - INFO - config.model.num_group : 64
2023-11-06 19:13:35,009 - fewshot_scanobjectnn_transferring_features - INFO - config.model.encoder_dims : 384
2023-11-06 19:13:35,009 - fewshot_scanobjectnn_transferring_features - INFO - config.npoints : 1024
2023-11-06 19:13:35,009 - fewshot_scanobjectnn_transferring_features - INFO - config.total_bs : 32
2023-11-06 19:13:35,009 - fewshot_scanobjectnn_transferring_features - INFO - config.step_per_update : 1
2023-11-06 19:13:35,009 - fewshot_scanobjectnn_transferring_features - INFO - config.max_epoch : 150
2023-11-06 19:13:35,009 - fewshot_scanobjectnn_transferring_features - INFO - config.grad_norm_clip : 10
2023-11-06 19:13:35,009 - fewshot_scanobjectnn_transferring_features - INFO - Distributed training: False
2023-11-06 19:13:35,010 - fewshot_scanobjectnn_transferring_features - INFO - Set random seed to 0, deterministic: False
2023-11-06 19:13:37,234 - fewshot_scanobjectnn_transferring_features - INFO - Using Data parallel ...
2023-11-06 19:13:42,704 - fewshot_scanobjectnn_transferring_features - INFO - [Training] EPOCH: 0 EpochTime = 5.464 (s) Losses = ['3.7539', '0.0000'] lr = 0.000001
2023-11-06 19:13:45,080 - fewshot_scanobjectnn_transferring_features - INFO - Save checkpoint at ./experiments/fewshot_scanobjectnn_transferring_features/cfgs/lr0.00062/ckpt-last.pth
2023-11-06 19:13:46,349 - fewshot_scanobjectnn_transferring_features - INFO - [Training] EPOCH: 1 EpochTime = 1.267 (s) Losses = ['3.7996', '3.1250'] lr = 0.000063
2023-11-06 19:13:48,178 - fewshot_scanobjectnn_transferring_features - INFO - [Validation] EPOCH: 1  acc = 0.0000
2023-11-06 19:13:50,916 - fewshot_scanobjectnn_transferring_features - INFO - Save checkpoint at ./experiments/fewshot_scanobjectnn_transferring_features/cfgs/lr0.00062/ckpt-last.pth
2023-11-06 19:13:52,113 - fewshot_scanobjectnn_transferring_features - INFO - [Training] EPOCH: 2 EpochTime = 1.195 (s) Losses = ['3.6972', '4.1667'] lr = 0.000125
2023-11-06 19:13:53,181 - fewshot_scanobjectnn_transferring_features - INFO - [Validation] EPOCH: 2  acc = 0.0000
2023-11-06 19:13:55,280 - fewshot_scanobjectnn_transferring_features - INFO - Save checkpoint at ./experiments/fewshot_scanobjectnn_transferring_features/cfgs/lr0.00062/ckpt-last.pth
2023-11-06 19:13:57,271 - fewshot_scanobjectnn_transferring_features - INFO - [Training] EPOCH: 3 EpochTime = 1.990 (s) Losses = ['3.6953', '1.0417'] lr = 0.000187
2023-11-06 19:13:58,167 - fewshot_scanobjectnn_transferring_features - INFO - [Validation] EPOCH: 3  acc = 1.0000
2023-11-06 19:13:59,934 - fewshot_scanobjectnn_transferring_features - INFO - Save checkpoint at ./experiments/fewshot_scanobjectnn_transferring_features/cfgs/lr0.00062/ckpt-best.pth
2023-11-06 19:13:59,935 - fewshot_scanobjectnn_transferring_features - INFO - --------------------------------------------------------------------------------------------
2023-11-06 19:14:01,440 - fewshot_scanobjectnn_transferring_features - INFO - Save checkpoint at ./experiments/fewshot_scanobjectnn_transferring_features/cfgs/lr0.00062/ckpt-last.pth
2023-11-06 19:14:02,600 - fewshot_scanobjectnn_transferring_features - INFO - [Training] EPOCH: 4 EpochTime = 1.158 (s) Losses = ['3.5248', '6.2500'] lr = 0.000249
2023-11-06 19:14:03,575 - fewshot_scanobjectnn_transferring_features - INFO - [Validation] EPOCH: 4  acc = 3.0000
2023-11-06 19:14:05,512 - fewshot_scanobjectnn_transferring_features - INFO - Save checkpoint at ./experiments/fewshot_scanobjectnn_transferring_features/cfgs/lr0.00062/ckpt-best.pth
2023-11-06 19:14:05,512 - fewshot_scanobjectnn_transferring_features - INFO - --------------------------------------------------------------------------------------------
2023-11-06 19:14:08,389 - fewshot_scanobjectnn_transferring_features - INFO - Save checkpoint at ./experiments/fewshot_scanobjectnn_transferring_features/cfgs/lr0.00062/ckpt-last.pth
2023-11-06 19:14:10,082 - fewshot_scanobjectnn_transferring_features - INFO - [Training] EPOCH: 5 EpochTime = 1.691 (s) Losses = ['3.3906', '14.5833'] lr = 0.000311
2023-11-06 19:14:11,027 - fewshot_scanobjectnn_transferring_features - INFO - [Validation] EPOCH: 5  acc = 19.0000
2023-11-06 19:14:12,762 - fewshot_scanobjectnn_transferring_features - INFO - Save checkpoint at ./experiments/fewshot_scanobjectnn_transferring_features/cfgs/lr0.00062/ckpt-best.pth
2023-11-06 19:14:12,763 - fewshot_scanobjectnn_transferring_features - INFO - --------------------------------------------------------------------------------------------
2023-11-06 19:14:15,311 - fewshot_scanobjectnn_transferring_features - INFO - Save checkpoint at ./experiments/fewshot_scanobjectnn_transferring_features/cfgs/lr0.00062/ckpt-last.pth
2023-11-06 19:14:16,836 - fewshot_scanobjectnn_transferring_features - INFO - [Training] EPOCH: 6 EpochTime = 1.523 (s) Losses = ['3.2304', '18.7500'] lr = 0.000372
2023-11-06 19:14:17,776 - fewshot_scanobjectnn_transferring_features - INFO - [Validation] EPOCH: 6  acc = 32.0000
2023-11-06 19:14:19,951 - fewshot_scanobjectnn_transferring_features - INFO - Save checkpoint at ./experiments/fewshot_scanobjectnn_transferring_features/cfgs/lr0.00062/ckpt-best.pth
2023-11-06 19:14:19,951 - fewshot_scanobjectnn_transferring_features - INFO - --------------------------------------------------------------------------------------------
2023-11-06 19:14:21,689 - fewshot_scanobjectnn_transferring_features - INFO - Save checkpoint at ./experiments/fewshot_scanobjectnn_transferring_features/cfgs/lr0.00062/ckpt-last.pth
2023-11-06 19:14:22,856 - fewshot_scanobjectnn_transferring_features - INFO - [Training] EPOCH: 7 EpochTime = 1.164 (s) Losses = ['2.9014', '32.2917'] lr = 0.000434
2023-11-06 19:14:23,954 - fewshot_scanobjectnn_transferring_features - INFO - [Validation] EPOCH: 7  acc = 39.0000
2023-11-06 19:14:25,480 - fewshot_scanobjectnn_transferring_features - INFO - Save checkpoint at ./experiments/fewshot_scanobjectnn_transferring_features/cfgs/lr0.00062/ckpt-best.pth
2023-11-06 19:14:25,480 - fewshot_scanobjectnn_transferring_features - INFO - --------------------------------------------------------------------------------------------
2023-11-06 19:14:27,960 - fewshot_scanobjectnn_transferring_features - INFO - Save checkpoint at ./experiments/fewshot_scanobjectnn_transferring_features/cfgs/lr0.00062/ckpt-last.pth
2023-11-06 19:14:29,537 - fewshot_scanobjectnn_transferring_features - INFO - [Training] EPOCH: 8 EpochTime = 1.576 (s) Losses = ['2.7129', '38.5417'] lr = 0.000496
2023-11-06 19:14:30,464 - fewshot_scanobjectnn_transferring_features - INFO - [Validation] EPOCH: 8  acc = 44.0000
2023-11-06 19:14:31,748 - fewshot_scanobjectnn_transferring_features - INFO - Save checkpoint at ./experiments/fewshot_scanobjectnn_transferring_features/cfgs/lr0.00062/ckpt-best.pth
2023-11-06 19:14:31,749 - fewshot_scanobjectnn_transferring_features - INFO - --------------------------------------------------------------------------------------------
2023-11-06 19:14:34,167 - fewshot_scanobjectnn_transferring_features - INFO - Save checkpoint at ./experiments/fewshot_scanobjectnn_transferring_features/cfgs/lr0.00062/ckpt-last.pth
2023-11-06 19:14:35,335 - fewshot_scanobjectnn_transferring_features - INFO - [Training] EPOCH: 9 EpochTime = 1.166 (s) Losses = ['2.2560', '56.2500'] lr = 0.000558
2023-11-06 19:14:36,306 - fewshot_scanobjectnn_transferring_features - INFO - [Validation] EPOCH: 9  acc = 45.0000
2023-11-06 19:14:38,670 - fewshot_scanobjectnn_transferring_features - INFO - Save checkpoint at ./experiments/fewshot_scanobjectnn_transferring_features/cfgs/lr0.00062/ckpt-best.pth
2023-11-06 19:14:38,671 - fewshot_scanobjectnn_transferring_features - INFO - --------------------------------------------------------------------------------------------
2023-11-06 19:14:40,303 - fewshot_scanobjectnn_transferring_features - INFO - Save checkpoint at ./experiments/fewshot_scanobjectnn_transferring_features/cfgs/lr0.00062/ckpt-last.pth
2023-11-06 19:14:41,481 - fewshot_scanobjectnn_transferring_features - INFO - [Training] EPOCH: 10 EpochTime = 1.177 (s) Losses = ['2.0515', '60.4167'] lr = 0.000613
2023-11-06 19:14:42,365 - fewshot_scanobjectnn_transferring_features - INFO - [Validation] EPOCH: 10  acc = 48.0000
2023-11-06 19:14:43,998 - fewshot_scanobjectnn_transferring_features - INFO - Save checkpoint at ./experiments/fewshot_scanobjectnn_transferring_features/cfgs/lr0.00062/ckpt-best.pth
2023-11-06 19:14:43,998 - fewshot_scanobjectnn_transferring_features - INFO - --------------------------------------------------------------------------------------------
2023-11-06 19:14:45,784 - fewshot_scanobjectnn_transferring_features - INFO - Save checkpoint at ./experiments/fewshot_scanobjectnn_transferring_features/cfgs/lr0.00062/ckpt-last.pth
2023-11-06 19:14:46,948 - fewshot_scanobjectnn_transferring_features - INFO - [Training] EPOCH: 11 EpochTime = 1.162 (s) Losses = ['1.8795', '63.5417'] lr = 0.000612
2023-11-06 19:14:47,866 - fewshot_scanobjectnn_transferring_features - INFO - [Validation] EPOCH: 11  acc = 55.0000
2023-11-06 19:14:49,800 - fewshot_scanobjectnn_transferring_features - INFO - Save checkpoint at ./experiments/fewshot_scanobjectnn_transferring_features/cfgs/lr0.00062/ckpt-best.pth
2023-11-06 19:14:49,800 - fewshot_scanobjectnn_transferring_features - INFO - --------------------------------------------------------------------------------------------
2023-11-06 19:14:51,529 - fewshot_scanobjectnn_transferring_features - INFO - Save checkpoint at ./experiments/fewshot_scanobjectnn_transferring_features/cfgs/lr0.00062/ckpt-last.pth
2023-11-06 19:14:52,692 - fewshot_scanobjectnn_transferring_features - INFO - [Training] EPOCH: 12 EpochTime = 1.161 (s) Losses = ['1.5383', '75.0000'] lr = 0.000610
2023-11-06 19:14:53,532 - fewshot_scanobjectnn_transferring_features - INFO - [Validation] EPOCH: 12  acc = 63.0000
2023-11-06 19:14:55,068 - fewshot_scanobjectnn_transferring_features - INFO - Save checkpoint at ./experiments/fewshot_scanobjectnn_transferring_features/cfgs/lr0.00062/ckpt-best.pth
2023-11-06 19:14:55,069 - fewshot_scanobjectnn_transferring_features - INFO - --------------------------------------------------------------------------------------------
2023-11-06 19:14:56,787 - fewshot_scanobjectnn_transferring_features - INFO - Save checkpoint at ./experiments/fewshot_scanobjectnn_transferring_features/cfgs/lr0.00062/ckpt-last.pth
2023-11-06 19:14:57,928 - fewshot_scanobjectnn_transferring_features - INFO - [Training] EPOCH: 13 EpochTime = 1.140 (s) Losses = ['1.2636', '83.3333'] lr = 0.000609
2023-11-06 19:14:58,806 - fewshot_scanobjectnn_transferring_features - INFO - [Validation] EPOCH: 13  acc = 61.0000
2023-11-06 19:15:00,398 - fewshot_scanobjectnn_transferring_features - INFO - Save checkpoint at ./experiments/fewshot_scanobjectnn_transferring_features/cfgs/lr0.00062/ckpt-last.pth
2023-11-06 19:15:01,568 - fewshot_scanobjectnn_transferring_features - INFO - [Training] EPOCH: 14 EpochTime = 1.167 (s) Losses = ['1.1668', '84.3750'] lr = 0.000607
2023-11-06 19:15:02,405 - fewshot_scanobjectnn_transferring_features - INFO - [Validation] EPOCH: 14  acc = 64.0000
2023-11-06 19:15:04,029 - fewshot_scanobjectnn_transferring_features - INFO - Save checkpoint at ./experiments/fewshot_scanobjectnn_transferring_features/cfgs/lr0.00062/ckpt-best.pth
2023-11-06 19:15:04,029 - fewshot_scanobjectnn_transferring_features - INFO - --------------------------------------------------------------------------------------------
2023-11-06 19:15:05,592 - fewshot_scanobjectnn_transferring_features - INFO - Save checkpoint at ./experiments/fewshot_scanobjectnn_transferring_features/cfgs/lr0.00062/ckpt-last.pth
2023-11-06 19:15:06,805 - fewshot_scanobjectnn_transferring_features - INFO - [Training] EPOCH: 15 EpochTime = 1.210 (s) Losses = ['1.0746', '83.3333'] lr = 0.000605
2023-11-06 19:15:07,699 - fewshot_scanobjectnn_transferring_features - INFO - [Validation] EPOCH: 15  acc = 62.0000
2023-11-06 19:15:09,444 - fewshot_scanobjectnn_transferring_features - INFO - Save checkpoint at ./experiments/fewshot_scanobjectnn_transferring_features/cfgs/lr0.00062/ckpt-last.pth
2023-11-06 19:15:10,629 - fewshot_scanobjectnn_transferring_features - INFO - [Training] EPOCH: 16 EpochTime = 1.183 (s) Losses = ['0.7640', '92.7083'] lr = 0.000603
2023-11-06 19:15:11,599 - fewshot_scanobjectnn_transferring_features - INFO - [Validation] EPOCH: 16  acc = 63.0000
2023-11-06 19:15:13,254 - fewshot_scanobjectnn_transferring_features - INFO - Save checkpoint at ./experiments/fewshot_scanobjectnn_transferring_features/cfgs/lr0.00062/ckpt-last.pth
2023-11-06 19:15:14,455 - fewshot_scanobjectnn_transferring_features - INFO - [Training] EPOCH: 17 EpochTime = 1.199 (s) Losses = ['0.5979', '94.7917'] lr = 0.000601
2023-11-06 19:15:15,443 - fewshot_scanobjectnn_transferring_features - INFO - [Validation] EPOCH: 17  acc = 65.0000
2023-11-06 19:15:17,038 - fewshot_scanobjectnn_transferring_features - INFO - Save checkpoint at ./experiments/fewshot_scanobjectnn_transferring_features/cfgs/lr0.00062/ckpt-best.pth
2023-11-06 19:15:17,039 - fewshot_scanobjectnn_transferring_features - INFO - --------------------------------------------------------------------------------------------
2023-11-06 19:15:18,801 - fewshot_scanobjectnn_transferring_features - INFO - Save checkpoint at ./experiments/fewshot_scanobjectnn_transferring_features/cfgs/lr0.00062/ckpt-last.pth
2023-11-06 19:15:19,956 - fewshot_scanobjectnn_transferring_features - INFO - [Training] EPOCH: 18 EpochTime = 1.153 (s) Losses = ['0.5133', '97.9167'] lr = 0.000598
2023-11-06 19:15:20,849 - fewshot_scanobjectnn_transferring_features - INFO - [Validation] EPOCH: 18  acc = 65.0000
2023-11-06 19:15:22,608 - fewshot_scanobjectnn_transferring_features - INFO - Save checkpoint at ./experiments/fewshot_scanobjectnn_transferring_features/cfgs/lr0.00062/ckpt-last.pth
2023-11-06 19:15:23,788 - fewshot_scanobjectnn_transferring_features - INFO - [Training] EPOCH: 19 EpochTime = 1.179 (s) Losses = ['0.3838', '97.9167'] lr = 0.000596
2023-11-06 19:15:24,803 - fewshot_scanobjectnn_transferring_features - INFO - [Validation] EPOCH: 19  acc = 71.0000
2023-11-06 19:15:26,537 - fewshot_scanobjectnn_transferring_features - INFO - Save checkpoint at ./experiments/fewshot_scanobjectnn_transferring_features/cfgs/lr0.00062/ckpt-best.pth
2023-11-06 19:15:26,538 - fewshot_scanobjectnn_transferring_features - INFO - --------------------------------------------------------------------------------------------
2023-11-06 19:15:28,131 - fewshot_scanobjectnn_transferring_features - INFO - Save checkpoint at ./experiments/fewshot_scanobjectnn_transferring_features/cfgs/lr0.00062/ckpt-last.pth
2023-11-06 19:15:29,402 - fewshot_scanobjectnn_transferring_features - INFO - [Training] EPOCH: 20 EpochTime = 1.269 (s) Losses = ['0.3925', '98.9583'] lr = 0.000593
2023-11-06 19:15:30,380 - fewshot_scanobjectnn_transferring_features - INFO - [Validation] EPOCH: 20  acc = 71.0000
2023-11-06 19:15:32,107 - fewshot_scanobjectnn_transferring_features - INFO - Save checkpoint at ./experiments/fewshot_scanobjectnn_transferring_features/cfgs/lr0.00062/ckpt-last.pth
2023-11-06 19:15:33,297 - fewshot_scanobjectnn_transferring_features - INFO - [Training] EPOCH: 21 EpochTime = 1.188 (s) Losses = ['0.2512', '100.0000'] lr = 0.000591
2023-11-06 19:15:34,175 - fewshot_scanobjectnn_transferring_features - INFO - [Validation] EPOCH: 21  acc = 76.0000
2023-11-06 19:15:35,822 - fewshot_scanobjectnn_transferring_features - INFO - Save checkpoint at ./experiments/fewshot_scanobjectnn_transferring_features/cfgs/lr0.00062/ckpt-best.pth
2023-11-06 19:15:35,823 - fewshot_scanobjectnn_transferring_features - INFO - --------------------------------------------------------------------------------------------
2023-11-06 19:15:37,826 - fewshot_scanobjectnn_transferring_features - INFO - Save checkpoint at ./experiments/fewshot_scanobjectnn_transferring_features/cfgs/lr0.00062/ckpt-last.pth
2023-11-06 19:15:39,080 - fewshot_scanobjectnn_transferring_features - INFO - [Training] EPOCH: 22 EpochTime = 1.250 (s) Losses = ['0.3211', '97.9167'] lr = 0.000588
2023-11-06 19:15:39,967 - fewshot_scanobjectnn_transferring_features - INFO - [Validation] EPOCH: 22  acc = 77.0000
2023-11-06 19:15:42,723 - fewshot_scanobjectnn_transferring_features - INFO - Save checkpoint at ./experiments/fewshot_scanobjectnn_transferring_features/cfgs/lr0.00062/ckpt-best.pth
2023-11-06 19:15:42,723 - fewshot_scanobjectnn_transferring_features - INFO - --------------------------------------------------------------------------------------------
2023-11-06 19:15:44,641 - fewshot_scanobjectnn_transferring_features - INFO - Save checkpoint at ./experiments/fewshot_scanobjectnn_transferring_features/cfgs/lr0.00062/ckpt-last.pth
2023-11-06 19:15:45,839 - fewshot_scanobjectnn_transferring_features - INFO - [Training] EPOCH: 23 EpochTime = 1.195 (s) Losses = ['0.2226', '98.9583'] lr = 0.000585
2023-11-06 19:15:46,695 - fewshot_scanobjectnn_transferring_features - INFO - [Validation] EPOCH: 23  acc = 73.0000
2023-11-06 19:15:49,899 - fewshot_scanobjectnn_transferring_features - INFO - Save checkpoint at ./experiments/fewshot_scanobjectnn_transferring_features/cfgs/lr0.00062/ckpt-last.pth
2023-11-06 19:15:51,635 - fewshot_scanobjectnn_transferring_features - INFO - [Training] EPOCH: 24 EpochTime = 1.159 (s) Losses = ['0.1977', '100.0000'] lr = 0.000582
2023-11-06 19:15:52,580 - fewshot_scanobjectnn_transferring_features - INFO - [Validation] EPOCH: 24  acc = 73.0000
2023-11-06 19:15:54,465 - fewshot_scanobjectnn_transferring_features - INFO - Save checkpoint at ./experiments/fewshot_scanobjectnn_transferring_features/cfgs/lr0.00062/ckpt-last.pth
2023-11-06 19:15:55,702 - fewshot_scanobjectnn_transferring_features - INFO - [Training] EPOCH: 25 EpochTime = 1.234 (s) Losses = ['0.1797', '100.0000'] lr = 0.000579
2023-11-06 19:15:56,621 - fewshot_scanobjectnn_transferring_features - INFO - [Validation] EPOCH: 25  acc = 75.0000
2023-11-06 19:15:58,190 - fewshot_scanobjectnn_transferring_features - INFO - Save checkpoint at ./experiments/fewshot_scanobjectnn_transferring_features/cfgs/lr0.00062/ckpt-last.pth
2023-11-06 19:15:59,373 - fewshot_scanobjectnn_transferring_features - INFO - [Training] EPOCH: 26 EpochTime = 1.182 (s) Losses = ['0.1392', '98.9583'] lr = 0.000575
2023-11-06 19:16:00,211 - fewshot_scanobjectnn_transferring_features - INFO - [Validation] EPOCH: 26  acc = 75.0000
2023-11-06 19:16:01,861 - fewshot_scanobjectnn_transferring_features - INFO - Save checkpoint at ./experiments/fewshot_scanobjectnn_transferring_features/cfgs/lr0.00062/ckpt-last.pth
2023-11-06 19:16:03,052 - fewshot_scanobjectnn_transferring_features - INFO - [Training] EPOCH: 27 EpochTime = 1.189 (s) Losses = ['0.1402', '100.0000'] lr = 0.000572
2023-11-06 19:16:04,014 - fewshot_scanobjectnn_transferring_features - INFO - [Validation] EPOCH: 27  acc = 75.0000
2023-11-06 19:16:05,960 - fewshot_scanobjectnn_transferring_features - INFO - Save checkpoint at ./experiments/fewshot_scanobjectnn_transferring_features/cfgs/lr0.00062/ckpt-last.pth
2023-11-06 19:16:07,181 - fewshot_scanobjectnn_transferring_features - INFO - [Training] EPOCH: 28 EpochTime = 1.219 (s) Losses = ['0.1364', '100.0000'] lr = 0.000568
2023-11-06 19:16:08,145 - fewshot_scanobjectnn_transferring_features - INFO - [Validation] EPOCH: 28  acc = 73.0000
2023-11-06 19:16:10,528 - fewshot_scanobjectnn_transferring_features - INFO - Save checkpoint at ./experiments/fewshot_scanobjectnn_transferring_features/cfgs/lr0.00062/ckpt-last.pth
2023-11-06 19:16:11,771 - fewshot_scanobjectnn_transferring_features - INFO - [Training] EPOCH: 29 EpochTime = 1.242 (s) Losses = ['0.1460', '100.0000'] lr = 0.000565
2023-11-06 19:16:12,633 - fewshot_scanobjectnn_transferring_features - INFO - [Validation] EPOCH: 29  acc = 74.0000
2023-11-06 19:16:14,644 - fewshot_scanobjectnn_transferring_features - INFO - Save checkpoint at ./experiments/fewshot_scanobjectnn_transferring_features/cfgs/lr0.00062/ckpt-last.pth
2023-11-06 19:16:16,135 - fewshot_scanobjectnn_transferring_features - INFO - [Training] EPOCH: 30 EpochTime = 1.488 (s) Losses = ['0.1442', '100.0000'] lr = 0.000561
2023-11-06 19:16:17,171 - fewshot_scanobjectnn_transferring_features - INFO - [Validation] EPOCH: 30  acc = 73.0000
2023-11-06 19:16:18,971 - fewshot_scanobjectnn_transferring_features - INFO - Save checkpoint at ./experiments/fewshot_scanobjectnn_transferring_features/cfgs/lr0.00062/ckpt-last.pth
2023-11-06 19:16:20,227 - fewshot_scanobjectnn_transferring_features - INFO - [Training] EPOCH: 31 EpochTime = 1.255 (s) Losses = ['0.0919', '100.0000'] lr = 0.000557
2023-11-06 19:16:21,124 - fewshot_scanobjectnn_transferring_features - INFO - [Validation] EPOCH: 31  acc = 72.0000
2023-11-06 19:16:22,861 - fewshot_scanobjectnn_transferring_features - INFO - Save checkpoint at ./experiments/fewshot_scanobjectnn_transferring_features/cfgs/lr0.00062/ckpt-last.pth
2023-11-06 19:16:24,061 - fewshot_scanobjectnn_transferring_features - INFO - [Training] EPOCH: 32 EpochTime = 1.198 (s) Losses = ['0.0836', '100.0000'] lr = 0.000553
2023-11-06 19:16:25,005 - fewshot_scanobjectnn_transferring_features - INFO - [Validation] EPOCH: 32  acc = 73.0000
2023-11-06 19:16:27,046 - fewshot_scanobjectnn_transferring_features - INFO - Save checkpoint at ./experiments/fewshot_scanobjectnn_transferring_features/cfgs/lr0.00062/ckpt-last.pth
2023-11-06 19:16:28,297 - fewshot_scanobjectnn_transferring_features - INFO - [Training] EPOCH: 33 EpochTime = 1.249 (s) Losses = ['0.0861', '100.0000'] lr = 0.000549
2023-11-06 19:16:29,133 - fewshot_scanobjectnn_transferring_features - INFO - [Validation] EPOCH: 33  acc = 77.0000
2023-11-06 19:16:31,093 - fewshot_scanobjectnn_transferring_features - INFO - Save checkpoint at ./experiments/fewshot_scanobjectnn_transferring_features/cfgs/lr0.00062/ckpt-last.pth
2023-11-06 19:16:32,239 - fewshot_scanobjectnn_transferring_features - INFO - [Training] EPOCH: 34 EpochTime = 1.145 (s) Losses = ['0.0743', '100.0000'] lr = 0.000545
2023-11-06 19:16:33,100 - fewshot_scanobjectnn_transferring_features - INFO - [Validation] EPOCH: 34  acc = 78.0000
2023-11-06 19:16:34,947 - fewshot_scanobjectnn_transferring_features - INFO - Save checkpoint at ./experiments/fewshot_scanobjectnn_transferring_features/cfgs/lr0.00062/ckpt-best.pth
2023-11-06 19:16:34,947 - fewshot_scanobjectnn_transferring_features - INFO - --------------------------------------------------------------------------------------------
2023-11-06 19:16:36,584 - fewshot_scanobjectnn_transferring_features - INFO - Save checkpoint at ./experiments/fewshot_scanobjectnn_transferring_features/cfgs/lr0.00062/ckpt-last.pth
2023-11-06 19:16:37,891 - fewshot_scanobjectnn_transferring_features - INFO - [Training] EPOCH: 35 EpochTime = 1.305 (s) Losses = ['0.0900', '100.0000'] lr = 0.000541
2023-11-06 19:16:38,769 - fewshot_scanobjectnn_transferring_features - INFO - [Validation] EPOCH: 35  acc = 77.0000
2023-11-06 19:16:40,380 - fewshot_scanobjectnn_transferring_features - INFO - Save checkpoint at ./experiments/fewshot_scanobjectnn_transferring_features/cfgs/lr0.00062/ckpt-last.pth
2023-11-06 19:16:41,598 - fewshot_scanobjectnn_transferring_features - INFO - [Training] EPOCH: 36 EpochTime = 1.215 (s) Losses = ['0.0893', '100.0000'] lr = 0.000536
2023-11-06 19:16:42,545 - fewshot_scanobjectnn_transferring_features - INFO - [Validation] EPOCH: 36  acc = 78.0000
2023-11-06 19:16:44,474 - fewshot_scanobjectnn_transferring_features - INFO - Save checkpoint at ./experiments/fewshot_scanobjectnn_transferring_features/cfgs/lr0.00062/ckpt-last.pth
2023-11-06 19:16:45,660 - fewshot_scanobjectnn_transferring_features - INFO - [Training] EPOCH: 37 EpochTime = 1.183 (s) Losses = ['0.1275', '98.9583'] lr = 0.000532
2023-11-06 19:16:46,533 - fewshot_scanobjectnn_transferring_features - INFO - [Validation] EPOCH: 37  acc = 74.0000
2023-11-06 19:16:48,231 - fewshot_scanobjectnn_transferring_features - INFO - Save checkpoint at ./experiments/fewshot_scanobjectnn_transferring_features/cfgs/lr0.00062/ckpt-last.pth
2023-11-06 19:16:49,593 - fewshot_scanobjectnn_transferring_features - INFO - [Training] EPOCH: 38 EpochTime = 1.264 (s) Losses = ['0.0928', '100.0000'] lr = 0.000527
2023-11-06 19:16:50,511 - fewshot_scanobjectnn_transferring_features - INFO - [Validation] EPOCH: 38  acc = 77.0000
2023-11-06 19:16:52,169 - fewshot_scanobjectnn_transferring_features - INFO - Save checkpoint at ./experiments/fewshot_scanobjectnn_transferring_features/cfgs/lr0.00062/ckpt-last.pth
2023-11-06 19:16:53,313 - fewshot_scanobjectnn_transferring_features - INFO - [Training] EPOCH: 39 EpochTime = 1.142 (s) Losses = ['0.0912', '98.9583'] lr = 0.000522
2023-11-06 19:16:54,163 - fewshot_scanobjectnn_transferring_features - INFO - [Validation] EPOCH: 39  acc = 77.0000
2023-11-06 19:16:55,836 - fewshot_scanobjectnn_transferring_features - INFO - Save checkpoint at ./experiments/fewshot_scanobjectnn_transferring_features/cfgs/lr0.00062/ckpt-last.pth
2023-11-06 19:16:57,075 - fewshot_scanobjectnn_transferring_features - INFO - [Training] EPOCH: 40 EpochTime = 1.237 (s) Losses = ['0.0680', '100.0000'] lr = 0.000518
2023-11-06 19:16:57,971 - fewshot_scanobjectnn_transferring_features - INFO - [Validation] EPOCH: 40  acc = 78.0000
2023-11-06 19:16:59,535 - fewshot_scanobjectnn_transferring_features - INFO - Save checkpoint at ./experiments/fewshot_scanobjectnn_transferring_features/cfgs/lr0.00062/ckpt-last.pth
2023-11-06 19:17:00,699 - fewshot_scanobjectnn_transferring_features - INFO - [Training] EPOCH: 41 EpochTime = 1.162 (s) Losses = ['0.0774', '100.0000'] lr = 0.000513
2023-11-06 19:17:01,594 - fewshot_scanobjectnn_transferring_features - INFO - [Validation] EPOCH: 41  acc = 77.0000
2023-11-06 19:17:03,182 - fewshot_scanobjectnn_transferring_features - INFO - Save checkpoint at ./experiments/fewshot_scanobjectnn_transferring_features/cfgs/lr0.00062/ckpt-last.pth
2023-11-06 19:17:04,377 - fewshot_scanobjectnn_transferring_features - INFO - [Training] EPOCH: 42 EpochTime = 1.194 (s) Losses = ['0.0552', '100.0000'] lr = 0.000508
2023-11-06 19:17:05,237 - fewshot_scanobjectnn_transferring_features - INFO - [Validation] EPOCH: 42  acc = 76.0000
2023-11-06 19:17:06,780 - fewshot_scanobjectnn_transferring_features - INFO - Save checkpoint at ./experiments/fewshot_scanobjectnn_transferring_features/cfgs/lr0.00062/ckpt-last.pth
2023-11-06 19:17:07,943 - fewshot_scanobjectnn_transferring_features - INFO - [Training] EPOCH: 43 EpochTime = 1.162 (s) Losses = ['0.0487', '100.0000'] lr = 0.000503
2023-11-06 19:17:08,835 - fewshot_scanobjectnn_transferring_features - INFO - [Validation] EPOCH: 43  acc = 76.0000
2023-11-06 19:17:11,170 - fewshot_scanobjectnn_transferring_features - INFO - Save checkpoint at ./experiments/fewshot_scanobjectnn_transferring_features/cfgs/lr0.00062/ckpt-last.pth
2023-11-06 19:17:12,475 - fewshot_scanobjectnn_transferring_features - INFO - [Training] EPOCH: 44 EpochTime = 1.302 (s) Losses = ['0.0682', '100.0000'] lr = 0.000498
2023-11-06 19:17:13,335 - fewshot_scanobjectnn_transferring_features - INFO - [Validation] EPOCH: 44  acc = 81.0000
2023-11-06 19:17:14,999 - fewshot_scanobjectnn_transferring_features - INFO - Save checkpoint at ./experiments/fewshot_scanobjectnn_transferring_features/cfgs/lr0.00062/ckpt-best.pth
2023-11-06 19:17:14,999 - fewshot_scanobjectnn_transferring_features - INFO - --------------------------------------------------------------------------------------------
2023-11-06 19:17:16,595 - fewshot_scanobjectnn_transferring_features - INFO - Save checkpoint at ./experiments/fewshot_scanobjectnn_transferring_features/cfgs/lr0.00062/ckpt-last.pth
2023-11-06 19:17:17,764 - fewshot_scanobjectnn_transferring_features - INFO - [Training] EPOCH: 45 EpochTime = 1.166 (s) Losses = ['0.0545', '100.0000'] lr = 0.000492
2023-11-06 19:17:18,616 - fewshot_scanobjectnn_transferring_features - INFO - [Validation] EPOCH: 45  acc = 79.0000
2023-11-06 19:17:20,284 - fewshot_scanobjectnn_transferring_features - INFO - Save checkpoint at ./experiments/fewshot_scanobjectnn_transferring_features/cfgs/lr0.00062/ckpt-last.pth
2023-11-06 19:17:21,480 - fewshot_scanobjectnn_transferring_features - INFO - [Training] EPOCH: 46 EpochTime = 1.195 (s) Losses = ['0.0462', '100.0000'] lr = 0.000487
2023-11-06 19:17:22,322 - fewshot_scanobjectnn_transferring_features - INFO - [Validation] EPOCH: 46  acc = 81.0000
2023-11-06 19:17:23,983 - fewshot_scanobjectnn_transferring_features - INFO - Save checkpoint at ./experiments/fewshot_scanobjectnn_transferring_features/cfgs/lr0.00062/ckpt-last.pth
2023-11-06 19:17:25,181 - fewshot_scanobjectnn_transferring_features - INFO - [Training] EPOCH: 47 EpochTime = 1.195 (s) Losses = ['0.0758', '100.0000'] lr = 0.000482
2023-11-06 19:17:26,037 - fewshot_scanobjectnn_transferring_features - INFO - [Validation] EPOCH: 47  acc = 80.0000
2023-11-06 19:17:27,567 - fewshot_scanobjectnn_transferring_features - INFO - Save checkpoint at ./experiments/fewshot_scanobjectnn_transferring_features/cfgs/lr0.00062/ckpt-last.pth
2023-11-06 19:17:28,738 - fewshot_scanobjectnn_transferring_features - INFO - [Training] EPOCH: 48 EpochTime = 1.169 (s) Losses = ['0.0641', '100.0000'] lr = 0.000476
2023-11-06 19:17:29,682 - fewshot_scanobjectnn_transferring_features - INFO - [Validation] EPOCH: 48  acc = 82.0000
2023-11-06 19:17:31,418 - fewshot_scanobjectnn_transferring_features - INFO - Save checkpoint at ./experiments/fewshot_scanobjectnn_transferring_features/cfgs/lr0.00062/ckpt-best.pth
2023-11-06 19:17:31,418 - fewshot_scanobjectnn_transferring_features - INFO - --------------------------------------------------------------------------------------------
2023-11-06 19:17:33,094 - fewshot_scanobjectnn_transferring_features - INFO - Save checkpoint at ./experiments/fewshot_scanobjectnn_transferring_features/cfgs/lr0.00062/ckpt-last.pth
2023-11-06 19:17:34,272 - fewshot_scanobjectnn_transferring_features - INFO - [Training] EPOCH: 49 EpochTime = 1.176 (s) Losses = ['0.0460', '100.0000'] lr = 0.000471
2023-11-06 19:17:35,154 - fewshot_scanobjectnn_transferring_features - INFO - [Validation] EPOCH: 49  acc = 82.0000
2023-11-06 19:17:36,804 - fewshot_scanobjectnn_transferring_features - INFO - Save checkpoint at ./experiments/fewshot_scanobjectnn_transferring_features/cfgs/lr0.00062/ckpt-last.pth
2023-11-06 19:17:37,975 - fewshot_scanobjectnn_transferring_features - INFO - [Training] EPOCH: 50 EpochTime = 1.169 (s) Losses = ['0.0480', '100.0000'] lr = 0.000465
2023-11-06 19:17:38,888 - fewshot_scanobjectnn_transferring_features - INFO - [Validation] EPOCH: 50  acc = 81.0000
2023-11-06 19:17:40,648 - fewshot_scanobjectnn_transferring_features - INFO - Save checkpoint at ./experiments/fewshot_scanobjectnn_transferring_features/cfgs/lr0.00062/ckpt-last.pth
2023-11-06 19:17:41,962 - fewshot_scanobjectnn_transferring_features - INFO - [Training] EPOCH: 51 EpochTime = 1.312 (s) Losses = ['0.0524', '100.0000'] lr = 0.000460
2023-11-06 19:17:42,887 - fewshot_scanobjectnn_transferring_features - INFO - [Validation] EPOCH: 51  acc = 81.0000
2023-11-06 19:17:45,668 - fewshot_scanobjectnn_transferring_features - INFO - Save checkpoint at ./experiments/fewshot_scanobjectnn_transferring_features/cfgs/lr0.00062/ckpt-last.pth
2023-11-06 19:17:46,865 - fewshot_scanobjectnn_transferring_features - INFO - [Training] EPOCH: 52 EpochTime = 1.195 (s) Losses = ['0.0667', '98.9583'] lr = 0.000454
2023-11-06 19:17:47,798 - fewshot_scanobjectnn_transferring_features - INFO - [Validation] EPOCH: 52  acc = 81.0000
2023-11-06 19:17:49,421 - fewshot_scanobjectnn_transferring_features - INFO - Save checkpoint at ./experiments/fewshot_scanobjectnn_transferring_features/cfgs/lr0.00062/ckpt-last.pth
2023-11-06 19:17:50,577 - fewshot_scanobjectnn_transferring_features - INFO - [Training] EPOCH: 53 EpochTime = 1.153 (s) Losses = ['0.0366', '100.0000'] lr = 0.000448
2023-11-06 19:17:51,427 - fewshot_scanobjectnn_transferring_features - INFO - [Validation] EPOCH: 53  acc = 82.0000
2023-11-06 19:17:53,028 - fewshot_scanobjectnn_transferring_features - INFO - Save checkpoint at ./experiments/fewshot_scanobjectnn_transferring_features/cfgs/lr0.00062/ckpt-last.pth
2023-11-06 19:17:54,273 - fewshot_scanobjectnn_transferring_features - INFO - [Training] EPOCH: 54 EpochTime = 1.242 (s) Losses = ['0.0373', '100.0000'] lr = 0.000442
2023-11-06 19:17:55,194 - fewshot_scanobjectnn_transferring_features - INFO - [Validation] EPOCH: 54  acc = 80.0000
2023-11-06 19:17:56,938 - fewshot_scanobjectnn_transferring_features - INFO - Save checkpoint at ./experiments/fewshot_scanobjectnn_transferring_features/cfgs/lr0.00062/ckpt-last.pth
2023-11-06 19:17:58,099 - fewshot_scanobjectnn_transferring_features - INFO - [Training] EPOCH: 55 EpochTime = 1.159 (s) Losses = ['0.0425', '100.0000'] lr = 0.000436
2023-11-06 19:17:58,955 - fewshot_scanobjectnn_transferring_features - INFO - [Validation] EPOCH: 55  acc = 81.0000
2023-11-06 19:18:00,597 - fewshot_scanobjectnn_transferring_features - INFO - Save checkpoint at ./experiments/fewshot_scanobjectnn_transferring_features/cfgs/lr0.00062/ckpt-last.pth
2023-11-06 19:18:01,773 - fewshot_scanobjectnn_transferring_features - INFO - [Training] EPOCH: 56 EpochTime = 1.175 (s) Losses = ['0.0339', '100.0000'] lr = 0.000430
2023-11-06 19:18:02,674 - fewshot_scanobjectnn_transferring_features - INFO - [Validation] EPOCH: 56  acc = 81.0000
2023-11-06 19:18:04,336 - fewshot_scanobjectnn_transferring_features - INFO - Save checkpoint at ./experiments/fewshot_scanobjectnn_transferring_features/cfgs/lr0.00062/ckpt-last.pth
2023-11-06 19:18:05,490 - fewshot_scanobjectnn_transferring_features - INFO - [Training] EPOCH: 57 EpochTime = 1.152 (s) Losses = ['0.0547', '100.0000'] lr = 0.000424
2023-11-06 19:18:06,354 - fewshot_scanobjectnn_transferring_features - INFO - [Validation] EPOCH: 57  acc = 81.0000
2023-11-06 19:18:08,280 - fewshot_scanobjectnn_transferring_features - INFO - Save checkpoint at ./experiments/fewshot_scanobjectnn_transferring_features/cfgs/lr0.00062/ckpt-last.pth
2023-11-06 19:18:09,527 - fewshot_scanobjectnn_transferring_features - INFO - [Training] EPOCH: 58 EpochTime = 1.245 (s) Losses = ['0.0449', '100.0000'] lr = 0.000418
2023-11-06 19:18:10,410 - fewshot_scanobjectnn_transferring_features - INFO - [Validation] EPOCH: 58  acc = 80.0000
2023-11-06 19:18:12,373 - fewshot_scanobjectnn_transferring_features - INFO - Save checkpoint at ./experiments/fewshot_scanobjectnn_transferring_features/cfgs/lr0.00062/ckpt-last.pth
2023-11-06 19:18:13,640 - fewshot_scanobjectnn_transferring_features - INFO - [Training] EPOCH: 59 EpochTime = 1.264 (s) Losses = ['0.0341', '100.0000'] lr = 0.000412
2023-11-06 19:18:14,583 - fewshot_scanobjectnn_transferring_features - INFO - [Validation] EPOCH: 59  acc = 80.0000
2023-11-06 19:18:16,633 - fewshot_scanobjectnn_transferring_features - INFO - Save checkpoint at ./experiments/fewshot_scanobjectnn_transferring_features/cfgs/lr0.00062/ckpt-last.pth
2023-11-06 19:18:17,826 - fewshot_scanobjectnn_transferring_features - INFO - [Training] EPOCH: 60 EpochTime = 1.191 (s) Losses = ['0.0403', '100.0000'] lr = 0.000406
2023-11-06 19:18:18,835 - fewshot_scanobjectnn_transferring_features - INFO - [Validation] EPOCH: 60  acc = 80.0000
2023-11-06 19:18:20,765 - fewshot_scanobjectnn_transferring_features - INFO - Save checkpoint at ./experiments/fewshot_scanobjectnn_transferring_features/cfgs/lr0.00062/ckpt-last.pth
2023-11-06 19:18:21,969 - fewshot_scanobjectnn_transferring_features - INFO - [Training] EPOCH: 61 EpochTime = 1.202 (s) Losses = ['0.0377', '100.0000'] lr = 0.000400
2023-11-06 19:18:22,942 - fewshot_scanobjectnn_transferring_features - INFO - [Validation] EPOCH: 61  acc = 79.0000
2023-11-06 19:18:25,001 - fewshot_scanobjectnn_transferring_features - INFO - Save checkpoint at ./experiments/fewshot_scanobjectnn_transferring_features/cfgs/lr0.00062/ckpt-last.pth
2023-11-06 19:18:26,192 - fewshot_scanobjectnn_transferring_features - INFO - [Training] EPOCH: 62 EpochTime = 1.189 (s) Losses = ['0.0315', '100.0000'] lr = 0.000394
2023-11-06 19:18:27,089 - fewshot_scanobjectnn_transferring_features - INFO - [Validation] EPOCH: 62  acc = 79.0000
2023-11-06 19:18:29,149 - fewshot_scanobjectnn_transferring_features - INFO - Save checkpoint at ./experiments/fewshot_scanobjectnn_transferring_features/cfgs/lr0.00062/ckpt-last.pth
2023-11-06 19:18:30,413 - fewshot_scanobjectnn_transferring_features - INFO - [Training] EPOCH: 63 EpochTime = 1.262 (s) Losses = ['0.0559', '100.0000'] lr = 0.000387
2023-11-06 19:18:31,387 - fewshot_scanobjectnn_transferring_features - INFO - [Validation] EPOCH: 63  acc = 79.0000
2023-11-06 19:18:33,426 - fewshot_scanobjectnn_transferring_features - INFO - Save checkpoint at ./experiments/fewshot_scanobjectnn_transferring_features/cfgs/lr0.00062/ckpt-last.pth
2023-11-06 19:18:34,747 - fewshot_scanobjectnn_transferring_features - INFO - [Training] EPOCH: 64 EpochTime = 1.320 (s) Losses = ['0.0434', '100.0000'] lr = 0.000381
2023-11-06 19:18:35,642 - fewshot_scanobjectnn_transferring_features - INFO - [Validation] EPOCH: 64  acc = 76.0000
2023-11-06 19:18:37,610 - fewshot_scanobjectnn_transferring_features - INFO - Save checkpoint at ./experiments/fewshot_scanobjectnn_transferring_features/cfgs/lr0.00062/ckpt-last.pth
2023-11-06 19:18:38,873 - fewshot_scanobjectnn_transferring_features - INFO - [Training] EPOCH: 65 EpochTime = 1.261 (s) Losses = ['0.0386', '100.0000'] lr = 0.000375
2023-11-06 19:18:39,876 - fewshot_scanobjectnn_transferring_features - INFO - [Validation] EPOCH: 65  acc = 77.0000
2023-11-06 19:18:43,530 - fewshot_scanobjectnn_transferring_features - INFO - Save checkpoint at ./experiments/fewshot_scanobjectnn_transferring_features/cfgs/lr0.00062/ckpt-last.pth
2023-11-06 19:18:44,882 - fewshot_scanobjectnn_transferring_features - INFO - [Training] EPOCH: 66 EpochTime = 1.348 (s) Losses = ['0.0341', '100.0000'] lr = 0.000368
2023-11-06 19:18:45,857 - fewshot_scanobjectnn_transferring_features - INFO - [Validation] EPOCH: 66  acc = 79.0000
2023-11-06 19:18:47,536 - fewshot_scanobjectnn_transferring_features - INFO - Save checkpoint at ./experiments/fewshot_scanobjectnn_transferring_features/cfgs/lr0.00062/ckpt-last.pth
2023-11-06 19:18:48,736 - fewshot_scanobjectnn_transferring_features - INFO - [Training] EPOCH: 67 EpochTime = 1.198 (s) Losses = ['0.0438', '100.0000'] lr = 0.000362
2023-11-06 19:18:49,598 - fewshot_scanobjectnn_transferring_features - INFO - [Validation] EPOCH: 67  acc = 80.0000
2023-11-06 19:18:51,549 - fewshot_scanobjectnn_transferring_features - INFO - Save checkpoint at ./experiments/fewshot_scanobjectnn_transferring_features/cfgs/lr0.00062/ckpt-last.pth
2023-11-06 19:18:52,897 - fewshot_scanobjectnn_transferring_features - INFO - [Training] EPOCH: 68 EpochTime = 1.345 (s) Losses = ['0.0228', '100.0000'] lr = 0.000356
2023-11-06 19:18:53,848 - fewshot_scanobjectnn_transferring_features - INFO - [Validation] EPOCH: 68  acc = 80.0000
2023-11-06 19:18:55,832 - fewshot_scanobjectnn_transferring_features - INFO - Save checkpoint at ./experiments/fewshot_scanobjectnn_transferring_features/cfgs/lr0.00062/ckpt-last.pth
2023-11-06 19:18:57,003 - fewshot_scanobjectnn_transferring_features - INFO - [Training] EPOCH: 69 EpochTime = 1.170 (s) Losses = ['0.0329', '100.0000'] lr = 0.000349
2023-11-06 19:18:57,878 - fewshot_scanobjectnn_transferring_features - INFO - [Validation] EPOCH: 69  acc = 80.0000
2023-11-06 19:18:59,918 - fewshot_scanobjectnn_transferring_features - INFO - Save checkpoint at ./experiments/fewshot_scanobjectnn_transferring_features/cfgs/lr0.00062/ckpt-last.pth
2023-11-06 19:19:01,352 - fewshot_scanobjectnn_transferring_features - INFO - [Training] EPOCH: 70 EpochTime = 1.276 (s) Losses = ['0.0215', '100.0000'] lr = 0.000343
2023-11-06 19:19:02,344 - fewshot_scanobjectnn_transferring_features - INFO - [Validation] EPOCH: 70  acc = 80.0000
2023-11-06 19:19:04,337 - fewshot_scanobjectnn_transferring_features - INFO - Save checkpoint at ./experiments/fewshot_scanobjectnn_transferring_features/cfgs/lr0.00062/ckpt-last.pth
2023-11-06 19:19:05,581 - fewshot_scanobjectnn_transferring_features - INFO - [Training] EPOCH: 71 EpochTime = 1.242 (s) Losses = ['0.0348', '100.0000'] lr = 0.000336
2023-11-06 19:19:06,607 - fewshot_scanobjectnn_transferring_features - INFO - [Validation] EPOCH: 71  acc = 80.0000
2023-11-06 19:19:08,590 - fewshot_scanobjectnn_transferring_features - INFO - Save checkpoint at ./experiments/fewshot_scanobjectnn_transferring_features/cfgs/lr0.00062/ckpt-last.pth
2023-11-06 19:19:09,917 - fewshot_scanobjectnn_transferring_features - INFO - [Training] EPOCH: 72 EpochTime = 1.326 (s) Losses = ['0.0273', '100.0000'] lr = 0.000330
2023-11-06 19:19:10,767 - fewshot_scanobjectnn_transferring_features - INFO - [Validation] EPOCH: 72  acc = 79.0000
2023-11-06 19:19:12,283 - fewshot_scanobjectnn_transferring_features - INFO - Save checkpoint at ./experiments/fewshot_scanobjectnn_transferring_features/cfgs/lr0.00062/ckpt-last.pth
2023-11-06 19:19:13,461 - fewshot_scanobjectnn_transferring_features - INFO - [Training] EPOCH: 73 EpochTime = 1.176 (s) Losses = ['0.0229', '100.0000'] lr = 0.000323
2023-11-06 19:19:14,373 - fewshot_scanobjectnn_transferring_features - INFO - [Validation] EPOCH: 73  acc = 79.0000
2023-11-06 19:19:16,127 - fewshot_scanobjectnn_transferring_features - INFO - Save checkpoint at ./experiments/fewshot_scanobjectnn_transferring_features/cfgs/lr0.00062/ckpt-last.pth
2023-11-06 19:19:17,358 - fewshot_scanobjectnn_transferring_features - INFO - [Training] EPOCH: 74 EpochTime = 1.229 (s) Losses = ['0.0253', '100.0000'] lr = 0.000317
2023-11-06 19:19:18,187 - fewshot_scanobjectnn_transferring_features - INFO - [Validation] EPOCH: 74  acc = 80.0000
2023-11-06 19:19:20,044 - fewshot_scanobjectnn_transferring_features - INFO - Save checkpoint at ./experiments/fewshot_scanobjectnn_transferring_features/cfgs/lr0.00062/ckpt-last.pth
2023-11-06 19:19:21,270 - fewshot_scanobjectnn_transferring_features - INFO - [Training] EPOCH: 75 EpochTime = 1.225 (s) Losses = ['0.0217', '100.0000'] lr = 0.000311
2023-11-06 19:19:22,158 - fewshot_scanobjectnn_transferring_features - INFO - [Validation] EPOCH: 75  acc = 81.0000
2023-11-06 19:19:23,919 - fewshot_scanobjectnn_transferring_features - INFO - Save checkpoint at ./experiments/fewshot_scanobjectnn_transferring_features/cfgs/lr0.00062/ckpt-last.pth
2023-11-06 19:19:25,102 - fewshot_scanobjectnn_transferring_features - INFO - [Training] EPOCH: 76 EpochTime = 1.180 (s) Losses = ['0.0189', '100.0000'] lr = 0.000304
2023-11-06 19:19:25,946 - fewshot_scanobjectnn_transferring_features - INFO - [Validation] EPOCH: 76  acc = 82.0000
2023-11-06 19:19:27,839 - fewshot_scanobjectnn_transferring_features - INFO - Save checkpoint at ./experiments/fewshot_scanobjectnn_transferring_features/cfgs/lr0.00062/ckpt-last.pth
2023-11-06 19:19:29,006 - fewshot_scanobjectnn_transferring_features - INFO - [Training] EPOCH: 77 EpochTime = 1.164 (s) Losses = ['0.0288', '100.0000'] lr = 0.000298
2023-11-06 19:19:29,873 - fewshot_scanobjectnn_transferring_features - INFO - [Validation] EPOCH: 77  acc = 80.0000
2023-11-06 19:19:31,746 - fewshot_scanobjectnn_transferring_features - INFO - Save checkpoint at ./experiments/fewshot_scanobjectnn_transferring_features/cfgs/lr0.00062/ckpt-last.pth
2023-11-06 19:19:32,915 - fewshot_scanobjectnn_transferring_features - INFO - [Training] EPOCH: 78 EpochTime = 1.167 (s) Losses = ['0.0401', '100.0000'] lr = 0.000291
2023-11-06 19:19:33,888 - fewshot_scanobjectnn_transferring_features - INFO - [Validation] EPOCH: 78  acc = 80.0000
2023-11-06 19:19:35,988 - fewshot_scanobjectnn_transferring_features - INFO - Save checkpoint at ./experiments/fewshot_scanobjectnn_transferring_features/cfgs/lr0.00062/ckpt-last.pth
2023-11-06 19:19:37,129 - fewshot_scanobjectnn_transferring_features - INFO - [Training] EPOCH: 79 EpochTime = 1.139 (s) Losses = ['0.0322', '100.0000'] lr = 0.000285
2023-11-06 19:19:38,084 - fewshot_scanobjectnn_transferring_features - INFO - [Validation] EPOCH: 79  acc = 81.0000
2023-11-06 19:19:39,810 - fewshot_scanobjectnn_transferring_features - INFO - Save checkpoint at ./experiments/fewshot_scanobjectnn_transferring_features/cfgs/lr0.00062/ckpt-last.pth
2023-11-06 19:19:41,039 - fewshot_scanobjectnn_transferring_features - INFO - [Training] EPOCH: 80 EpochTime = 1.227 (s) Losses = ['0.0267', '100.0000'] lr = 0.000278
2023-11-06 19:19:42,011 - fewshot_scanobjectnn_transferring_features - INFO - [Validation] EPOCH: 80  acc = 81.0000
2023-11-06 19:19:44,748 - fewshot_scanobjectnn_transferring_features - INFO - Save checkpoint at ./experiments/fewshot_scanobjectnn_transferring_features/cfgs/lr0.00062/ckpt-last.pth
2023-11-06 19:19:45,973 - fewshot_scanobjectnn_transferring_features - INFO - [Training] EPOCH: 81 EpochTime = 1.223 (s) Losses = ['0.0261', '100.0000'] lr = 0.000272
2023-11-06 19:19:46,809 - fewshot_scanobjectnn_transferring_features - INFO - [Validation] EPOCH: 81  acc = 83.0000
2023-11-06 19:19:48,796 - fewshot_scanobjectnn_transferring_features - INFO - Save checkpoint at ./experiments/fewshot_scanobjectnn_transferring_features/cfgs/lr0.00062/ckpt-best.pth
2023-11-06 19:19:48,796 - fewshot_scanobjectnn_transferring_features - INFO - --------------------------------------------------------------------------------------------
2023-11-06 19:19:50,683 - fewshot_scanobjectnn_transferring_features - INFO - Save checkpoint at ./experiments/fewshot_scanobjectnn_transferring_features/cfgs/lr0.00062/ckpt-last.pth
2023-11-06 19:19:51,931 - fewshot_scanobjectnn_transferring_features - INFO - [Training] EPOCH: 82 EpochTime = 1.246 (s) Losses = ['0.0326', '100.0000'] lr = 0.000265
2023-11-06 19:19:52,809 - fewshot_scanobjectnn_transferring_features - INFO - [Validation] EPOCH: 82  acc = 83.0000
2023-11-06 19:19:54,769 - fewshot_scanobjectnn_transferring_features - INFO - Save checkpoint at ./experiments/fewshot_scanobjectnn_transferring_features/cfgs/lr0.00062/ckpt-last.pth
2023-11-06 19:19:55,904 - fewshot_scanobjectnn_transferring_features - INFO - [Training] EPOCH: 83 EpochTime = 1.134 (s) Losses = ['0.0249', '100.0000'] lr = 0.000259
2023-11-06 19:19:56,857 - fewshot_scanobjectnn_transferring_features - INFO - [Validation] EPOCH: 83  acc = 83.0000
2023-11-06 19:19:58,613 - fewshot_scanobjectnn_transferring_features - INFO - Save checkpoint at ./experiments/fewshot_scanobjectnn_transferring_features/cfgs/lr0.00062/ckpt-last.pth
2023-11-06 19:19:59,905 - fewshot_scanobjectnn_transferring_features - INFO - [Training] EPOCH: 84 EpochTime = 1.290 (s) Losses = ['0.0281', '100.0000'] lr = 0.000253
2023-11-06 19:20:00,823 - fewshot_scanobjectnn_transferring_features - INFO - [Validation] EPOCH: 84  acc = 82.0000
2023-11-06 19:20:02,347 - fewshot_scanobjectnn_transferring_features - INFO - Save checkpoint at ./experiments/fewshot_scanobjectnn_transferring_features/cfgs/lr0.00062/ckpt-last.pth
2023-11-06 19:20:03,506 - fewshot_scanobjectnn_transferring_features - INFO - [Training] EPOCH: 85 EpochTime = 1.157 (s) Losses = ['0.0167', '100.0000'] lr = 0.000246
2023-11-06 19:20:04,384 - fewshot_scanobjectnn_transferring_features - INFO - [Validation] EPOCH: 85  acc = 81.0000
2023-11-06 19:20:06,056 - fewshot_scanobjectnn_transferring_features - INFO - Save checkpoint at ./experiments/fewshot_scanobjectnn_transferring_features/cfgs/lr0.00062/ckpt-last.pth
2023-11-06 19:20:07,328 - fewshot_scanobjectnn_transferring_features - INFO - [Training] EPOCH: 86 EpochTime = 1.271 (s) Losses = ['0.0212', '100.0000'] lr = 0.000240
2023-11-06 19:20:08,175 - fewshot_scanobjectnn_transferring_features - INFO - [Validation] EPOCH: 86  acc = 81.0000
2023-11-06 19:20:09,774 - fewshot_scanobjectnn_transferring_features - INFO - Save checkpoint at ./experiments/fewshot_scanobjectnn_transferring_features/cfgs/lr0.00062/ckpt-last.pth
2023-11-06 19:20:10,934 - fewshot_scanobjectnn_transferring_features - INFO - [Training] EPOCH: 87 EpochTime = 1.158 (s) Losses = ['0.0293', '100.0000'] lr = 0.000234
2023-11-06 19:20:11,819 - fewshot_scanobjectnn_transferring_features - INFO - [Validation] EPOCH: 87  acc = 81.0000
2023-11-06 19:20:14,051 - fewshot_scanobjectnn_transferring_features - INFO - Save checkpoint at ./experiments/fewshot_scanobjectnn_transferring_features/cfgs/lr0.00062/ckpt-last.pth
2023-11-06 19:20:15,208 - fewshot_scanobjectnn_transferring_features - INFO - [Training] EPOCH: 88 EpochTime = 1.156 (s) Losses = ['0.0290', '100.0000'] lr = 0.000227
2023-11-06 19:20:16,076 - fewshot_scanobjectnn_transferring_features - INFO - [Validation] EPOCH: 88  acc = 80.0000
2023-11-06 19:20:18,089 - fewshot_scanobjectnn_transferring_features - INFO - Save checkpoint at ./experiments/fewshot_scanobjectnn_transferring_features/cfgs/lr0.00062/ckpt-last.pth
2023-11-06 19:20:19,308 - fewshot_scanobjectnn_transferring_features - INFO - [Training] EPOCH: 89 EpochTime = 1.217 (s) Losses = ['0.0308', '100.0000'] lr = 0.000221
2023-11-06 19:20:20,142 - fewshot_scanobjectnn_transferring_features - INFO - [Validation] EPOCH: 89  acc = 81.0000
2023-11-06 19:20:22,061 - fewshot_scanobjectnn_transferring_features - INFO - Save checkpoint at ./experiments/fewshot_scanobjectnn_transferring_features/cfgs/lr0.00062/ckpt-last.pth
2023-11-06 19:20:23,270 - fewshot_scanobjectnn_transferring_features - INFO - [Training] EPOCH: 90 EpochTime = 1.206 (s) Losses = ['0.0260', '100.0000'] lr = 0.000215
2023-11-06 19:20:24,123 - fewshot_scanobjectnn_transferring_features - INFO - [Validation] EPOCH: 90  acc = 81.0000
2023-11-06 19:20:25,659 - fewshot_scanobjectnn_transferring_features - INFO - Save checkpoint at ./experiments/fewshot_scanobjectnn_transferring_features/cfgs/lr0.00062/ckpt-last.pth
2023-11-06 19:20:26,842 - fewshot_scanobjectnn_transferring_features - INFO - [Training] EPOCH: 91 EpochTime = 1.181 (s) Losses = ['0.0221', '100.0000'] lr = 0.000209
2023-11-06 19:20:27,733 - fewshot_scanobjectnn_transferring_features - INFO - [Validation] EPOCH: 91  acc = 81.0000
2023-11-06 19:20:29,268 - fewshot_scanobjectnn_transferring_features - INFO - Save checkpoint at ./experiments/fewshot_scanobjectnn_transferring_features/cfgs/lr0.00062/ckpt-last.pth
2023-11-06 19:20:30,426 - fewshot_scanobjectnn_transferring_features - INFO - [Training] EPOCH: 92 EpochTime = 1.157 (s) Losses = ['0.0233', '100.0000'] lr = 0.000203
2023-11-06 19:20:31,401 - fewshot_scanobjectnn_transferring_features - INFO - [Validation] EPOCH: 92  acc = 80.0000
2023-11-06 19:20:33,006 - fewshot_scanobjectnn_transferring_features - INFO - Save checkpoint at ./experiments/fewshot_scanobjectnn_transferring_features/cfgs/lr0.00062/ckpt-last.pth
2023-11-06 19:20:34,196 - fewshot_scanobjectnn_transferring_features - INFO - [Training] EPOCH: 93 EpochTime = 1.188 (s) Losses = ['0.0217', '100.0000'] lr = 0.000197
2023-11-06 19:20:35,066 - fewshot_scanobjectnn_transferring_features - INFO - [Validation] EPOCH: 93  acc = 81.0000
2023-11-06 19:20:36,582 - fewshot_scanobjectnn_transferring_features - INFO - Save checkpoint at ./experiments/fewshot_scanobjectnn_transferring_features/cfgs/lr0.00062/ckpt-last.pth
2023-11-06 19:20:37,795 - fewshot_scanobjectnn_transferring_features - INFO - [Training] EPOCH: 94 EpochTime = 1.211 (s) Losses = ['0.0272', '100.0000'] lr = 0.000191
2023-11-06 19:20:38,637 - fewshot_scanobjectnn_transferring_features - INFO - [Validation] EPOCH: 94  acc = 80.0000
2023-11-06 19:20:41,137 - fewshot_scanobjectnn_transferring_features - INFO - Save checkpoint at ./experiments/fewshot_scanobjectnn_transferring_features/cfgs/lr0.00062/ckpt-last.pth
2023-11-06 19:20:42,300 - fewshot_scanobjectnn_transferring_features - INFO - [Training] EPOCH: 95 EpochTime = 1.161 (s) Losses = ['0.0197', '100.0000'] lr = 0.000185
2023-11-06 19:20:43,281 - fewshot_scanobjectnn_transferring_features - INFO - [Validation] EPOCH: 95  acc = 79.0000
2023-11-06 19:20:45,028 - fewshot_scanobjectnn_transferring_features - INFO - Save checkpoint at ./experiments/fewshot_scanobjectnn_transferring_features/cfgs/lr0.00062/ckpt-last.pth
2023-11-06 19:20:46,195 - fewshot_scanobjectnn_transferring_features - INFO - [Training] EPOCH: 96 EpochTime = 1.165 (s) Losses = ['0.0274', '100.0000'] lr = 0.000179
2023-11-06 19:20:47,031 - fewshot_scanobjectnn_transferring_features - INFO - [Validation] EPOCH: 96  acc = 79.0000
2023-11-06 19:20:48,636 - fewshot_scanobjectnn_transferring_features - INFO - Save checkpoint at ./experiments/fewshot_scanobjectnn_transferring_features/cfgs/lr0.00062/ckpt-last.pth
2023-11-06 19:20:49,833 - fewshot_scanobjectnn_transferring_features - INFO - [Training] EPOCH: 97 EpochTime = 1.195 (s) Losses = ['0.0302', '100.0000'] lr = 0.000173
2023-11-06 19:20:50,730 - fewshot_scanobjectnn_transferring_features - INFO - [Validation] EPOCH: 97  acc = 81.0000
2023-11-06 19:20:52,339 - fewshot_scanobjectnn_transferring_features - INFO - Save checkpoint at ./experiments/fewshot_scanobjectnn_transferring_features/cfgs/lr0.00062/ckpt-last.pth
2023-11-06 19:20:53,616 - fewshot_scanobjectnn_transferring_features - INFO - [Training] EPOCH: 98 EpochTime = 1.275 (s) Losses = ['0.0458', '100.0000'] lr = 0.000167
2023-11-06 19:20:54,498 - fewshot_scanobjectnn_transferring_features - INFO - [Validation] EPOCH: 98  acc = 81.0000
2023-11-06 19:20:56,180 - fewshot_scanobjectnn_transferring_features - INFO - Save checkpoint at ./experiments/fewshot_scanobjectnn_transferring_features/cfgs/lr0.00062/ckpt-last.pth
2023-11-06 19:20:57,360 - fewshot_scanobjectnn_transferring_features - INFO - [Training] EPOCH: 99 EpochTime = 1.178 (s) Losses = ['0.0311', '100.0000'] lr = 0.000161
2023-11-06 19:20:58,258 - fewshot_scanobjectnn_transferring_features - INFO - [Validation] EPOCH: 99  acc = 81.0000
2023-11-06 19:21:00,122 - fewshot_scanobjectnn_transferring_features - INFO - Save checkpoint at ./experiments/fewshot_scanobjectnn_transferring_features/cfgs/lr0.00062/ckpt-last.pth
2023-11-06 19:21:01,278 - fewshot_scanobjectnn_transferring_features - INFO - [Training] EPOCH: 100 EpochTime = 1.154 (s) Losses = ['0.0288', '100.0000'] lr = 0.000156
2023-11-06 19:21:02,209 - fewshot_scanobjectnn_transferring_features - INFO - [Validation] EPOCH: 100  acc = 83.0000
2023-11-06 19:21:03,815 - fewshot_scanobjectnn_transferring_features - INFO - Save checkpoint at ./experiments/fewshot_scanobjectnn_transferring_features/cfgs/lr0.00062/ckpt-last.pth
2023-11-06 19:21:04,989 - fewshot_scanobjectnn_transferring_features - INFO - [Training] EPOCH: 101 EpochTime = 1.173 (s) Losses = ['0.0232', '100.0000'] lr = 0.000150
2023-11-06 19:21:05,980 - fewshot_scanobjectnn_transferring_features - INFO - [Validation] EPOCH: 101  acc = 83.0000
2023-11-06 19:21:07,519 - fewshot_scanobjectnn_transferring_features - INFO - Save checkpoint at ./experiments/fewshot_scanobjectnn_transferring_features/cfgs/lr0.00062/ckpt-last.pth
2023-11-06 19:21:08,690 - fewshot_scanobjectnn_transferring_features - INFO - [Training] EPOCH: 102 EpochTime = 1.170 (s) Losses = ['0.0204', '100.0000'] lr = 0.000145
2023-11-06 19:21:09,532 - fewshot_scanobjectnn_transferring_features - INFO - [Validation] EPOCH: 102  acc = 82.0000
2023-11-06 19:21:11,370 - fewshot_scanobjectnn_transferring_features - INFO - Save checkpoint at ./experiments/fewshot_scanobjectnn_transferring_features/cfgs/lr0.00062/ckpt-last.pth
2023-11-06 19:21:12,551 - fewshot_scanobjectnn_transferring_features - INFO - [Training] EPOCH: 103 EpochTime = 1.179 (s) Losses = ['0.0173', '100.0000'] lr = 0.000139
2023-11-06 19:21:13,417 - fewshot_scanobjectnn_transferring_features - INFO - [Validation] EPOCH: 103  acc = 82.0000
2023-11-06 19:21:15,281 - fewshot_scanobjectnn_transferring_features - INFO - Save checkpoint at ./experiments/fewshot_scanobjectnn_transferring_features/cfgs/lr0.00062/ckpt-last.pth
2023-11-06 19:21:16,451 - fewshot_scanobjectnn_transferring_features - INFO - [Training] EPOCH: 104 EpochTime = 1.169 (s) Losses = ['0.0277', '100.0000'] lr = 0.000134
2023-11-06 19:21:17,376 - fewshot_scanobjectnn_transferring_features - INFO - [Validation] EPOCH: 104  acc = 81.0000
2023-11-06 19:21:19,313 - fewshot_scanobjectnn_transferring_features - INFO - Save checkpoint at ./experiments/fewshot_scanobjectnn_transferring_features/cfgs/lr0.00062/ckpt-last.pth
2023-11-06 19:21:20,501 - fewshot_scanobjectnn_transferring_features - INFO - [Training] EPOCH: 105 EpochTime = 1.186 (s) Losses = ['0.0171', '100.0000'] lr = 0.000129
2023-11-06 19:21:21,379 - fewshot_scanobjectnn_transferring_features - INFO - [Validation] EPOCH: 105  acc = 81.0000
2023-11-06 19:21:23,203 - fewshot_scanobjectnn_transferring_features - INFO - Save checkpoint at ./experiments/fewshot_scanobjectnn_transferring_features/cfgs/lr0.00062/ckpt-last.pth
2023-11-06 19:21:24,484 - fewshot_scanobjectnn_transferring_features - INFO - [Training] EPOCH: 106 EpochTime = 1.278 (s) Losses = ['0.0187', '100.0000'] lr = 0.000123
2023-11-06 19:21:25,319 - fewshot_scanobjectnn_transferring_features - INFO - [Validation] EPOCH: 106  acc = 81.0000
2023-11-06 19:21:27,250 - fewshot_scanobjectnn_transferring_features - INFO - Save checkpoint at ./experiments/fewshot_scanobjectnn_transferring_features/cfgs/lr0.00062/ckpt-last.pth
2023-11-06 19:21:28,454 - fewshot_scanobjectnn_transferring_features - INFO - [Training] EPOCH: 107 EpochTime = 1.201 (s) Losses = ['0.0172', '100.0000'] lr = 0.000118
2023-11-06 19:21:29,344 - fewshot_scanobjectnn_transferring_features - INFO - [Validation] EPOCH: 107  acc = 81.0000
2023-11-06 19:21:31,392 - fewshot_scanobjectnn_transferring_features - INFO - Save checkpoint at ./experiments/fewshot_scanobjectnn_transferring_features/cfgs/lr0.00062/ckpt-last.pth
2023-11-06 19:21:32,648 - fewshot_scanobjectnn_transferring_features - INFO - [Training] EPOCH: 108 EpochTime = 1.251 (s) Losses = ['0.0201', '100.0000'] lr = 0.000113
2023-11-06 19:21:33,537 - fewshot_scanobjectnn_transferring_features - INFO - [Validation] EPOCH: 108  acc = 81.0000
2023-11-06 19:21:35,528 - fewshot_scanobjectnn_transferring_features - INFO - Save checkpoint at ./experiments/fewshot_scanobjectnn_transferring_features/cfgs/lr0.00062/ckpt-last.pth
2023-11-06 19:21:36,692 - fewshot_scanobjectnn_transferring_features - INFO - [Training] EPOCH: 109 EpochTime = 1.162 (s) Losses = ['0.0300', '100.0000'] lr = 0.000108
2023-11-06 19:21:37,527 - fewshot_scanobjectnn_transferring_features - INFO - [Validation] EPOCH: 109  acc = 81.0000
2023-11-06 19:21:41,649 - fewshot_scanobjectnn_transferring_features - INFO - Save checkpoint at ./experiments/fewshot_scanobjectnn_transferring_features/cfgs/lr0.00062/ckpt-last.pth
2023-11-06 19:21:42,859 - fewshot_scanobjectnn_transferring_features - INFO - [Training] EPOCH: 110 EpochTime = 1.208 (s) Losses = ['0.0217', '100.0000'] lr = 0.000103
2023-11-06 19:21:43,803 - fewshot_scanobjectnn_transferring_features - INFO - [Validation] EPOCH: 110  acc = 82.0000
2023-11-06 19:21:45,446 - fewshot_scanobjectnn_transferring_features - INFO - Save checkpoint at ./experiments/fewshot_scanobjectnn_transferring_features/cfgs/lr0.00062/ckpt-last.pth
2023-11-06 19:21:46,767 - fewshot_scanobjectnn_transferring_features - INFO - [Training] EPOCH: 111 EpochTime = 1.318 (s) Losses = ['0.0195', '100.0000'] lr = 0.000099
2023-11-06 19:21:47,643 - fewshot_scanobjectnn_transferring_features - INFO - [Validation] EPOCH: 111  acc = 82.0000
2023-11-06 19:21:49,546 - fewshot_scanobjectnn_transferring_features - INFO - Save checkpoint at ./experiments/fewshot_scanobjectnn_transferring_features/cfgs/lr0.00062/ckpt-last.pth
2023-11-06 19:21:50,754 - fewshot_scanobjectnn_transferring_features - INFO - [Training] EPOCH: 112 EpochTime = 1.206 (s) Losses = ['0.0224', '100.0000'] lr = 0.000094
2023-11-06 19:21:51,657 - fewshot_scanobjectnn_transferring_features - INFO - [Validation] EPOCH: 112  acc = 82.0000
2023-11-06 19:21:53,522 - fewshot_scanobjectnn_transferring_features - INFO - Save checkpoint at ./experiments/fewshot_scanobjectnn_transferring_features/cfgs/lr0.00062/ckpt-last.pth
2023-11-06 19:21:54,844 - fewshot_scanobjectnn_transferring_features - INFO - [Training] EPOCH: 113 EpochTime = 1.319 (s) Losses = ['0.0174', '100.0000'] lr = 0.000089
2023-11-06 19:21:55,844 - fewshot_scanobjectnn_transferring_features - INFO - [Validation] EPOCH: 113  acc = 81.0000
2023-11-06 19:21:57,822 - fewshot_scanobjectnn_transferring_features - INFO - Save checkpoint at ./experiments/fewshot_scanobjectnn_transferring_features/cfgs/lr0.00062/ckpt-last.pth
2023-11-06 19:21:59,027 - fewshot_scanobjectnn_transferring_features - INFO - [Training] EPOCH: 114 EpochTime = 1.204 (s) Losses = ['0.0157', '100.0000'] lr = 0.000085
2023-11-06 19:22:00,260 - fewshot_scanobjectnn_transferring_features - INFO - [Validation] EPOCH: 114  acc = 82.0000
2023-11-06 19:22:03,066 - fewshot_scanobjectnn_transferring_features - INFO - Save checkpoint at ./experiments/fewshot_scanobjectnn_transferring_features/cfgs/lr0.00062/ckpt-last.pth
2023-11-06 19:22:05,105 - fewshot_scanobjectnn_transferring_features - INFO - [Training] EPOCH: 115 EpochTime = 2.037 (s) Losses = ['0.0266', '100.0000'] lr = 0.000080
2023-11-06 19:22:06,193 - fewshot_scanobjectnn_transferring_features - INFO - [Validation] EPOCH: 115  acc = 82.0000
2023-11-06 19:22:07,879 - fewshot_scanobjectnn_transferring_features - INFO - Save checkpoint at ./experiments/fewshot_scanobjectnn_transferring_features/cfgs/lr0.00062/ckpt-last.pth
2023-11-06 19:22:09,263 - fewshot_scanobjectnn_transferring_features - INFO - [Training] EPOCH: 116 EpochTime = 1.380 (s) Losses = ['0.0213', '100.0000'] lr = 0.000076
2023-11-06 19:22:10,248 - fewshot_scanobjectnn_transferring_features - INFO - [Validation] EPOCH: 116  acc = 81.0000
2023-11-06 19:22:12,250 - fewshot_scanobjectnn_transferring_features - INFO - Save checkpoint at ./experiments/fewshot_scanobjectnn_transferring_features/cfgs/lr0.00062/ckpt-last.pth
2023-11-06 19:22:13,906 - fewshot_scanobjectnn_transferring_features - INFO - [Training] EPOCH: 117 EpochTime = 1.654 (s) Losses = ['0.0256', '100.0000'] lr = 0.000072
2023-11-06 19:22:15,289 - fewshot_scanobjectnn_transferring_features - INFO - [Validation] EPOCH: 117  acc = 82.0000
2023-11-06 19:22:17,966 - fewshot_scanobjectnn_transferring_features - INFO - Save checkpoint at ./experiments/fewshot_scanobjectnn_transferring_features/cfgs/lr0.00062/ckpt-last.pth
2023-11-06 19:22:19,990 - fewshot_scanobjectnn_transferring_features - INFO - [Training] EPOCH: 118 EpochTime = 2.021 (s) Losses = ['0.0242', '100.0000'] lr = 0.000068
2023-11-06 19:22:20,975 - fewshot_scanobjectnn_transferring_features - INFO - [Validation] EPOCH: 118  acc = 81.0000
2023-11-06 19:22:23,049 - fewshot_scanobjectnn_transferring_features - INFO - Save checkpoint at ./experiments/fewshot_scanobjectnn_transferring_features/cfgs/lr0.00062/ckpt-last.pth
2023-11-06 19:22:24,413 - fewshot_scanobjectnn_transferring_features - INFO - [Training] EPOCH: 119 EpochTime = 1.358 (s) Losses = ['0.0223', '100.0000'] lr = 0.000064
2023-11-06 19:22:25,655 - fewshot_scanobjectnn_transferring_features - INFO - [Validation] EPOCH: 119  acc = 82.0000
2023-11-06 19:22:28,087 - fewshot_scanobjectnn_transferring_features - INFO - Save checkpoint at ./experiments/fewshot_scanobjectnn_transferring_features/cfgs/lr0.00062/ckpt-last.pth
2023-11-06 19:22:29,411 - fewshot_scanobjectnn_transferring_features - INFO - [Training] EPOCH: 120 EpochTime = 1.322 (s) Losses = ['0.0168', '100.0000'] lr = 0.000060
2023-11-06 19:22:30,606 - fewshot_scanobjectnn_transferring_features - INFO - [Validation] EPOCH: 120  acc = 82.0000
2023-11-06 19:22:33,850 - fewshot_scanobjectnn_transferring_features - INFO - Save checkpoint at ./experiments/fewshot_scanobjectnn_transferring_features/cfgs/lr0.00062/ckpt-last.pth
2023-11-06 19:22:35,158 - fewshot_scanobjectnn_transferring_features - INFO - [Training] EPOCH: 121 EpochTime = 1.306 (s) Losses = ['0.0219', '100.0000'] lr = 0.000056
2023-11-06 19:22:36,182 - fewshot_scanobjectnn_transferring_features - INFO - [Validation] EPOCH: 121  acc = 81.0000
2023-11-06 19:22:40,129 - fewshot_scanobjectnn_transferring_features - INFO - Save checkpoint at ./experiments/fewshot_scanobjectnn_transferring_features/cfgs/lr0.00062/ckpt-last.pth
2023-11-06 19:22:41,547 - fewshot_scanobjectnn_transferring_features - INFO - [Training] EPOCH: 122 EpochTime = 1.415 (s) Losses = ['0.0245', '100.0000'] lr = 0.000053
2023-11-06 19:22:42,635 - fewshot_scanobjectnn_transferring_features - INFO - [Validation] EPOCH: 122  acc = 80.0000
2023-11-06 19:22:44,907 - fewshot_scanobjectnn_transferring_features - INFO - Save checkpoint at ./experiments/fewshot_scanobjectnn_transferring_features/cfgs/lr0.00062/ckpt-last.pth
2023-11-06 19:22:46,422 - fewshot_scanobjectnn_transferring_features - INFO - [Training] EPOCH: 123 EpochTime = 1.513 (s) Losses = ['0.0213', '100.0000'] lr = 0.000049
2023-11-06 19:22:47,718 - fewshot_scanobjectnn_transferring_features - INFO - [Validation] EPOCH: 123  acc = 81.0000
2023-11-06 19:22:49,877 - fewshot_scanobjectnn_transferring_features - INFO - Save checkpoint at ./experiments/fewshot_scanobjectnn_transferring_features/cfgs/lr0.00062/ckpt-last.pth
2023-11-06 19:22:51,565 - fewshot_scanobjectnn_transferring_features - INFO - [Training] EPOCH: 124 EpochTime = 1.685 (s) Losses = ['0.0186', '100.0000'] lr = 0.000046
2023-11-06 19:22:52,705 - fewshot_scanobjectnn_transferring_features - INFO - [Validation] EPOCH: 124  acc = 82.0000
2023-11-06 19:22:54,893 - fewshot_scanobjectnn_transferring_features - INFO - Save checkpoint at ./experiments/fewshot_scanobjectnn_transferring_features/cfgs/lr0.00062/ckpt-last.pth
2023-11-06 19:22:56,598 - fewshot_scanobjectnn_transferring_features - INFO - [Training] EPOCH: 125 EpochTime = 1.703 (s) Losses = ['0.0202', '100.0000'] lr = 0.000042
2023-11-06 19:22:57,588 - fewshot_scanobjectnn_transferring_features - INFO - [Validation] EPOCH: 125  acc = 82.0000
2023-11-06 19:22:59,227 - fewshot_scanobjectnn_transferring_features - INFO - Save checkpoint at ./experiments/fewshot_scanobjectnn_transferring_features/cfgs/lr0.00062/ckpt-last.pth
2023-11-06 19:23:00,544 - fewshot_scanobjectnn_transferring_features - INFO - [Training] EPOCH: 126 EpochTime = 1.315 (s) Losses = ['0.0195', '100.0000'] lr = 0.000039
2023-11-06 19:23:01,684 - fewshot_scanobjectnn_transferring_features - INFO - [Validation] EPOCH: 126  acc = 82.0000
2023-11-06 19:23:03,396 - fewshot_scanobjectnn_transferring_features - INFO - Save checkpoint at ./experiments/fewshot_scanobjectnn_transferring_features/cfgs/lr0.00062/ckpt-last.pth
2023-11-06 19:23:04,720 - fewshot_scanobjectnn_transferring_features - INFO - [Training] EPOCH: 127 EpochTime = 1.323 (s) Losses = ['0.0252', '100.0000'] lr = 0.000036
2023-11-06 19:23:06,062 - fewshot_scanobjectnn_transferring_features - INFO - [Validation] EPOCH: 127  acc = 82.0000
2023-11-06 19:23:08,115 - fewshot_scanobjectnn_transferring_features - INFO - Save checkpoint at ./experiments/fewshot_scanobjectnn_transferring_features/cfgs/lr0.00062/ckpt-last.pth
2023-11-06 19:23:09,962 - fewshot_scanobjectnn_transferring_features - INFO - [Training] EPOCH: 128 EpochTime = 1.845 (s) Losses = ['0.0147', '100.0000'] lr = 0.000033
2023-11-06 19:23:11,470 - fewshot_scanobjectnn_transferring_features - INFO - [Validation] EPOCH: 128  acc = 82.0000
2023-11-06 19:23:13,813 - fewshot_scanobjectnn_transferring_features - INFO - Save checkpoint at ./experiments/fewshot_scanobjectnn_transferring_features/cfgs/lr0.00062/ckpt-last.pth
2023-11-06 19:23:15,785 - fewshot_scanobjectnn_transferring_features - INFO - [Training] EPOCH: 129 EpochTime = 1.969 (s) Losses = ['0.0117', '100.0000'] lr = 0.000030
2023-11-06 19:23:16,936 - fewshot_scanobjectnn_transferring_features - INFO - [Validation] EPOCH: 129  acc = 82.0000
2023-11-06 19:23:18,544 - fewshot_scanobjectnn_transferring_features - INFO - Save checkpoint at ./experiments/fewshot_scanobjectnn_transferring_features/cfgs/lr0.00062/ckpt-last.pth
2023-11-06 19:23:19,951 - fewshot_scanobjectnn_transferring_features - INFO - [Training] EPOCH: 130 EpochTime = 1.406 (s) Losses = ['0.0238', '100.0000'] lr = 0.000028
2023-11-06 19:23:20,991 - fewshot_scanobjectnn_transferring_features - INFO - [Validation] EPOCH: 130  acc = 81.0000
2023-11-06 19:23:23,525 - fewshot_scanobjectnn_transferring_features - INFO - Save checkpoint at ./experiments/fewshot_scanobjectnn_transferring_features/cfgs/lr0.00062/ckpt-last.pth
2023-11-06 19:23:25,440 - fewshot_scanobjectnn_transferring_features - INFO - [Training] EPOCH: 131 EpochTime = 1.914 (s) Losses = ['0.0191', '100.0000'] lr = 0.000025
2023-11-06 19:23:26,462 - fewshot_scanobjectnn_transferring_features - INFO - [Validation] EPOCH: 131  acc = 81.0000
2023-11-06 19:23:28,308 - fewshot_scanobjectnn_transferring_features - INFO - Save checkpoint at ./experiments/fewshot_scanobjectnn_transferring_features/cfgs/lr0.00062/ckpt-last.pth
2023-11-06 19:23:29,688 - fewshot_scanobjectnn_transferring_features - INFO - [Training] EPOCH: 132 EpochTime = 1.377 (s) Losses = ['0.0258', '100.0000'] lr = 0.000023
2023-11-06 19:23:30,948 - fewshot_scanobjectnn_transferring_features - INFO - [Validation] EPOCH: 132  acc = 80.0000
2023-11-06 19:23:33,141 - fewshot_scanobjectnn_transferring_features - INFO - Save checkpoint at ./experiments/fewshot_scanobjectnn_transferring_features/cfgs/lr0.00062/ckpt-last.pth
2023-11-06 19:23:34,630 - fewshot_scanobjectnn_transferring_features - INFO - [Training] EPOCH: 133 EpochTime = 1.488 (s) Losses = ['0.0138', '100.0000'] lr = 0.000020
2023-11-06 19:23:35,889 - fewshot_scanobjectnn_transferring_features - INFO - [Validation] EPOCH: 133  acc = 80.0000
2023-11-06 19:23:39,471 - fewshot_scanobjectnn_transferring_features - INFO - Save checkpoint at ./experiments/fewshot_scanobjectnn_transferring_features/cfgs/lr0.00062/ckpt-last.pth
2023-11-06 19:23:41,432 - fewshot_scanobjectnn_transferring_features - INFO - [Training] EPOCH: 134 EpochTime = 1.958 (s) Losses = ['0.0239', '100.0000'] lr = 0.000018
2023-11-06 19:23:42,604 - fewshot_scanobjectnn_transferring_features - INFO - [Validation] EPOCH: 134  acc = 80.0000
2023-11-06 19:23:44,734 - fewshot_scanobjectnn_transferring_features - INFO - Save checkpoint at ./experiments/fewshot_scanobjectnn_transferring_features/cfgs/lr0.00062/ckpt-last.pth
2023-11-06 19:23:46,178 - fewshot_scanobjectnn_transferring_features - INFO - [Training] EPOCH: 135 EpochTime = 1.441 (s) Losses = ['0.0221', '100.0000'] lr = 0.000016
2023-11-06 19:23:47,420 - fewshot_scanobjectnn_transferring_features - INFO - [Validation] EPOCH: 135  acc = 81.0000
2023-11-06 19:23:49,197 - fewshot_scanobjectnn_transferring_features - INFO - Save checkpoint at ./experiments/fewshot_scanobjectnn_transferring_features/cfgs/lr0.00062/ckpt-last.pth
2023-11-06 19:23:50,767 - fewshot_scanobjectnn_transferring_features - INFO - [Training] EPOCH: 136 EpochTime = 1.568 (s) Losses = ['0.0309', '100.0000'] lr = 0.000014
2023-11-06 19:23:51,974 - fewshot_scanobjectnn_transferring_features - INFO - [Validation] EPOCH: 136  acc = 81.0000
2023-11-06 19:23:54,764 - fewshot_scanobjectnn_transferring_features - INFO - Save checkpoint at ./experiments/fewshot_scanobjectnn_transferring_features/cfgs/lr0.00062/ckpt-last.pth
2023-11-06 19:23:56,475 - fewshot_scanobjectnn_transferring_features - INFO - [Training] EPOCH: 137 EpochTime = 1.709 (s) Losses = ['0.0210', '100.0000'] lr = 0.000012
2023-11-06 19:23:57,757 - fewshot_scanobjectnn_transferring_features - INFO - [Validation] EPOCH: 137  acc = 81.0000
2023-11-06 19:24:00,459 - fewshot_scanobjectnn_transferring_features - INFO - Save checkpoint at ./experiments/fewshot_scanobjectnn_transferring_features/cfgs/lr0.00062/ckpt-last.pth
2023-11-06 19:24:01,758 - fewshot_scanobjectnn_transferring_features - INFO - [Training] EPOCH: 138 EpochTime = 1.295 (s) Losses = ['0.0172', '100.0000'] lr = 0.000011
2023-11-06 19:24:02,790 - fewshot_scanobjectnn_transferring_features - INFO - [Validation] EPOCH: 138  acc = 81.0000
2023-11-06 19:24:04,584 - fewshot_scanobjectnn_transferring_features - INFO - Save checkpoint at ./experiments/fewshot_scanobjectnn_transferring_features/cfgs/lr0.00062/ckpt-last.pth
2023-11-06 19:24:06,408 - fewshot_scanobjectnn_transferring_features - INFO - [Training] EPOCH: 139 EpochTime = 1.822 (s) Losses = ['0.0150', '100.0000'] lr = 0.000009
2023-11-06 19:24:07,550 - fewshot_scanobjectnn_transferring_features - INFO - [Validation] EPOCH: 139  acc = 81.0000
2023-11-06 19:24:09,733 - fewshot_scanobjectnn_transferring_features - INFO - Save checkpoint at ./experiments/fewshot_scanobjectnn_transferring_features/cfgs/lr0.00062/ckpt-last.pth
2023-11-06 19:24:11,143 - fewshot_scanobjectnn_transferring_features - INFO - [Training] EPOCH: 140 EpochTime = 1.408 (s) Losses = ['0.0209', '100.0000'] lr = 0.000008
2023-11-06 19:24:12,311 - fewshot_scanobjectnn_transferring_features - INFO - [Validation] EPOCH: 140  acc = 82.0000
2023-11-06 19:24:14,418 - fewshot_scanobjectnn_transferring_features - INFO - Save checkpoint at ./experiments/fewshot_scanobjectnn_transferring_features/cfgs/lr0.00062/ckpt-last.pth
2023-11-06 19:24:15,803 - fewshot_scanobjectnn_transferring_features - INFO - [Training] EPOCH: 141 EpochTime = 1.383 (s) Losses = ['0.0167', '100.0000'] lr = 0.000006
2023-11-06 19:24:16,921 - fewshot_scanobjectnn_transferring_features - INFO - [Validation] EPOCH: 141  acc = 82.0000
2023-11-06 19:24:20,334 - fewshot_scanobjectnn_transferring_features - INFO - Save checkpoint at ./experiments/fewshot_scanobjectnn_transferring_features/cfgs/lr0.00062/ckpt-last.pth
2023-11-06 19:24:22,369 - fewshot_scanobjectnn_transferring_features - INFO - Save checkpoint at ./experiments/fewshot_scanobjectnn_transferring_features/cfgs/lr0.00062/ckpt-epoch-141.pth
2023-11-06 19:24:23,663 - fewshot_scanobjectnn_transferring_features - INFO - [Training] EPOCH: 142 EpochTime = 1.292 (s) Losses = ['0.0461', '98.9583'] lr = 0.000005
2023-11-06 19:24:24,705 - fewshot_scanobjectnn_transferring_features - INFO - [Validation] EPOCH: 142  acc = 82.0000
2023-11-06 19:24:28,158 - fewshot_scanobjectnn_transferring_features - INFO - Save checkpoint at ./experiments/fewshot_scanobjectnn_transferring_features/cfgs/lr0.00062/ckpt-last.pth
2023-11-06 19:24:30,337 - fewshot_scanobjectnn_transferring_features - INFO - Save checkpoint at ./experiments/fewshot_scanobjectnn_transferring_features/cfgs/lr0.00062/ckpt-epoch-142.pth
2023-11-06 19:24:31,632 - fewshot_scanobjectnn_transferring_features - INFO - [Training] EPOCH: 143 EpochTime = 1.294 (s) Losses = ['0.0178', '100.0000'] lr = 0.000004
2023-11-06 19:24:32,888 - fewshot_scanobjectnn_transferring_features - INFO - [Validation] EPOCH: 143  acc = 82.0000
2023-11-06 19:24:34,688 - fewshot_scanobjectnn_transferring_features - INFO - Save checkpoint at ./experiments/fewshot_scanobjectnn_transferring_features/cfgs/lr0.00062/ckpt-last.pth
2023-11-06 19:24:37,274 - fewshot_scanobjectnn_transferring_features - INFO - Save checkpoint at ./experiments/fewshot_scanobjectnn_transferring_features/cfgs/lr0.00062/ckpt-epoch-143.pth
2023-11-06 19:24:38,593 - fewshot_scanobjectnn_transferring_features - INFO - [Training] EPOCH: 144 EpochTime = 1.314 (s) Losses = ['0.0210', '100.0000'] lr = 0.000003
2023-11-06 19:24:39,761 - fewshot_scanobjectnn_transferring_features - INFO - [Validation] EPOCH: 144  acc = 82.0000
2023-11-06 19:24:44,026 - fewshot_scanobjectnn_transferring_features - INFO - Save checkpoint at ./experiments/fewshot_scanobjectnn_transferring_features/cfgs/lr0.00062/ckpt-last.pth
2023-11-06 19:24:46,103 - fewshot_scanobjectnn_transferring_features - INFO - Save checkpoint at ./experiments/fewshot_scanobjectnn_transferring_features/cfgs/lr0.00062/ckpt-epoch-144.pth
2023-11-06 19:24:47,863 - fewshot_scanobjectnn_transferring_features - INFO - [Training] EPOCH: 145 EpochTime = 1.758 (s) Losses = ['0.0324', '100.0000'] lr = 0.000003
2023-11-06 19:24:49,052 - fewshot_scanobjectnn_transferring_features - INFO - [Validation] EPOCH: 145  acc = 82.0000
2023-11-06 19:24:50,820 - fewshot_scanobjectnn_transferring_features - INFO - Save checkpoint at ./experiments/fewshot_scanobjectnn_transferring_features/cfgs/lr0.00062/ckpt-last.pth
2023-11-06 19:24:52,855 - fewshot_scanobjectnn_transferring_features - INFO - Save checkpoint at ./experiments/fewshot_scanobjectnn_transferring_features/cfgs/lr0.00062/ckpt-epoch-145.pth
2023-11-06 19:24:54,801 - fewshot_scanobjectnn_transferring_features - INFO - [Training] EPOCH: 146 EpochTime = 1.944 (s) Losses = ['0.0222', '100.0000'] lr = 0.000002
2023-11-06 19:24:55,795 - fewshot_scanobjectnn_transferring_features - INFO - [Validation] EPOCH: 146  acc = 82.0000
2023-11-06 19:24:57,801 - fewshot_scanobjectnn_transferring_features - INFO - Save checkpoint at ./experiments/fewshot_scanobjectnn_transferring_features/cfgs/lr0.00062/ckpt-last.pth
2023-11-06 19:25:00,258 - fewshot_scanobjectnn_transferring_features - INFO - Save checkpoint at ./experiments/fewshot_scanobjectnn_transferring_features/cfgs/lr0.00062/ckpt-epoch-146.pth
2023-11-06 19:25:01,784 - fewshot_scanobjectnn_transferring_features - INFO - [Training] EPOCH: 147 EpochTime = 1.524 (s) Losses = ['0.0122', '100.0000'] lr = 0.000002
2023-11-06 19:25:03,163 - fewshot_scanobjectnn_transferring_features - INFO - [Validation] EPOCH: 147  acc = 82.0000
2023-11-06 19:25:04,955 - fewshot_scanobjectnn_transferring_features - INFO - Save checkpoint at ./experiments/fewshot_scanobjectnn_transferring_features/cfgs/lr0.00062/ckpt-last.pth
2023-11-06 19:25:06,782 - fewshot_scanobjectnn_transferring_features - INFO - Save checkpoint at ./experiments/fewshot_scanobjectnn_transferring_features/cfgs/lr0.00062/ckpt-epoch-147.pth
2023-11-06 19:25:08,549 - fewshot_scanobjectnn_transferring_features - INFO - [Training] EPOCH: 148 EpochTime = 1.764 (s) Losses = ['0.0267', '100.0000'] lr = 0.000001
2023-11-06 19:25:09,706 - fewshot_scanobjectnn_transferring_features - INFO - [Validation] EPOCH: 148  acc = 81.0000
2023-11-06 19:25:11,504 - fewshot_scanobjectnn_transferring_features - INFO - Save checkpoint at ./experiments/fewshot_scanobjectnn_transferring_features/cfgs/lr0.00062/ckpt-last.pth
2023-11-06 19:25:13,578 - fewshot_scanobjectnn_transferring_features - INFO - Save checkpoint at ./experiments/fewshot_scanobjectnn_transferring_features/cfgs/lr0.00062/ckpt-epoch-148.pth
2023-11-06 19:25:15,617 - fewshot_scanobjectnn_transferring_features - INFO - [Training] EPOCH: 149 EpochTime = 2.036 (s) Losses = ['0.0187', '100.0000'] lr = 0.000001
2023-11-06 19:25:16,621 - fewshot_scanobjectnn_transferring_features - INFO - [Validation] EPOCH: 149  acc = 80.0000
2023-11-06 19:25:18,364 - fewshot_scanobjectnn_transferring_features - INFO - Save checkpoint at ./experiments/fewshot_scanobjectnn_transferring_features/cfgs/lr0.00062/ckpt-last.pth
2023-11-06 19:25:20,698 - fewshot_scanobjectnn_transferring_features - INFO - Save checkpoint at ./experiments/fewshot_scanobjectnn_transferring_features/cfgs/lr0.00062/ckpt-epoch-149.pth
2023-11-06 19:25:22,706 - fewshot_scanobjectnn_transferring_features - INFO - [Training] EPOCH: 150 EpochTime = 2.005 (s) Losses = ['0.0201', '100.0000'] lr = 0.000001
2023-11-06 19:25:23,688 - fewshot_scanobjectnn_transferring_features - INFO - [Validation] EPOCH: 150  acc = 81.0000
2023-11-06 19:25:25,444 - fewshot_scanobjectnn_transferring_features - INFO - Save checkpoint at ./experiments/fewshot_scanobjectnn_transferring_features/cfgs/lr0.00062/ckpt-last.pth
2023-11-06 19:25:27,328 - fewshot_scanobjectnn_transferring_features - INFO - Save checkpoint at ./experiments/fewshot_scanobjectnn_transferring_features/cfgs/lr0.00062/ckpt-epoch-150.pth
