2023-11-06 11:29:29,121 - fewshot_modelnet_linear_classification - INFO - Copy the Config file from cfgs/fewshot_modelnet_linear_classification.yaml to ./experiments/fewshot_modelnet_linear_classification/cfgs/lr0.02/config.yaml
2023-11-06 11:29:29,121 - fewshot_modelnet_linear_classification - INFO - args.config : cfgs/fewshot_modelnet_linear_classification.yaml
2023-11-06 11:29:29,121 - fewshot_modelnet_linear_classification - INFO - args.launcher : none
2023-11-06 11:29:29,121 - fewshot_modelnet_linear_classification - INFO - args.local_rank : 0
2023-11-06 11:29:29,121 - fewshot_modelnet_linear_classification - INFO - args.num_workers : 8
2023-11-06 11:29:29,121 - fewshot_modelnet_linear_classification - INFO - args.seed : 0
2023-11-06 11:29:29,121 - fewshot_modelnet_linear_classification - INFO - args.deterministic : False
2023-11-06 11:29:29,122 - fewshot_modelnet_linear_classification - INFO - args.sync_bn : True
2023-11-06 11:29:29,122 - fewshot_modelnet_linear_classification - INFO - args.large_group : 5
2023-11-06 11:29:29,122 - fewshot_modelnet_linear_classification - INFO - args.small_group : 10
2023-11-06 11:29:29,122 - fewshot_modelnet_linear_classification - INFO - args.large_patch : 6
2023-11-06 11:29:29,122 - fewshot_modelnet_linear_classification - INFO - args.small_patch : 3
2023-11-06 11:29:29,122 - fewshot_modelnet_linear_classification - INFO - args.queue_length : 8192
2023-11-06 11:29:29,122 - fewshot_modelnet_linear_classification - INFO - args.epoch_queue_starts : 10
2023-11-06 11:29:29,122 - fewshot_modelnet_linear_classification - INFO - args.nmb_crops : 26
2023-11-06 11:29:29,122 - fewshot_modelnet_linear_classification - INFO - args.fea_dim : 384
2023-11-06 11:29:29,122 - fewshot_modelnet_linear_classification - INFO - args.hidden_mlp : 256
2023-11-06 11:29:29,122 - fewshot_modelnet_linear_classification - INFO - args.output_dim : 128
2023-11-06 11:29:29,122 - fewshot_modelnet_linear_classification - INFO - args.nmb_prototypes : 200
2023-11-06 11:29:29,122 - fewshot_modelnet_linear_classification - INFO - args.temperature : 0.1
2023-11-06 11:29:29,122 - fewshot_modelnet_linear_classification - INFO - args.epsilon : 0.05
2023-11-06 11:29:29,122 - fewshot_modelnet_linear_classification - INFO - args.sinkhorn_iterations : 3
2023-11-06 11:29:29,122 - fewshot_modelnet_linear_classification - INFO - args.world_size : 1
2023-11-06 11:29:29,122 - fewshot_modelnet_linear_classification - INFO - args.exp_name : lr0.02
2023-11-06 11:29:29,122 - fewshot_modelnet_linear_classification - INFO - args.loss : cd1
2023-11-06 11:29:29,123 - fewshot_modelnet_linear_classification - INFO - args.start_ckpts : None
2023-11-06 11:29:29,123 - fewshot_modelnet_linear_classification - INFO - args.ckpts : ./experiments/pretrain_MaskSurf/cfgs/add_as_normal/ckpt-last.pth
2023-11-06 11:29:29,123 - fewshot_modelnet_linear_classification - INFO - args.val_freq : 1
2023-11-06 11:29:29,123 - fewshot_modelnet_linear_classification - INFO - args.vote : False
2023-11-06 11:29:29,123 - fewshot_modelnet_linear_classification - INFO - args.resume : False
2023-11-06 11:29:29,123 - fewshot_modelnet_linear_classification - INFO - args.test : False
2023-11-06 11:29:29,123 - fewshot_modelnet_linear_classification - INFO - args.finetune_model : True
2023-11-06 11:29:29,123 - fewshot_modelnet_linear_classification - INFO - args.scratch_model : False
2023-11-06 11:29:29,123 - fewshot_modelnet_linear_classification - INFO - args.mode : None
2023-11-06 11:29:29,123 - fewshot_modelnet_linear_classification - INFO - args.way : 10
2023-11-06 11:29:29,123 - fewshot_modelnet_linear_classification - INFO - args.shot : 20
2023-11-06 11:29:29,123 - fewshot_modelnet_linear_classification - INFO - args.fold : 9
2023-11-06 11:29:29,123 - fewshot_modelnet_linear_classification - INFO - args.experiment_path : ./experiments/fewshot_modelnet_linear_classification/cfgs/lr0.02
2023-11-06 11:29:29,123 - fewshot_modelnet_linear_classification - INFO - args.tfboard_path : ./experiments/fewshot_modelnet_linear_classification/cfgs/TFBoard/lr0.02
2023-11-06 11:29:29,123 - fewshot_modelnet_linear_classification - INFO - args.log_name : fewshot_modelnet_linear_classification
2023-11-06 11:29:29,123 - fewshot_modelnet_linear_classification - INFO - args.use_gpu : True
2023-11-06 11:29:29,124 - fewshot_modelnet_linear_classification - INFO - args.distributed : False
2023-11-06 11:29:29,124 - fewshot_modelnet_linear_classification - INFO - config.optimizer = edict()
2023-11-06 11:29:29,124 - fewshot_modelnet_linear_classification - INFO - config.optimizer.type : AdamW
2023-11-06 11:29:29,124 - fewshot_modelnet_linear_classification - INFO - config.optimizer.part : only_new
2023-11-06 11:29:29,124 - fewshot_modelnet_linear_classification - INFO - config.optimizer.kwargs = edict()
2023-11-06 11:29:29,124 - fewshot_modelnet_linear_classification - INFO - config.optimizer.kwargs.lr : 0.02
2023-11-06 11:29:29,124 - fewshot_modelnet_linear_classification - INFO - config.optimizer.kwargs.weight_decay : 0.05
2023-11-06 11:29:29,124 - fewshot_modelnet_linear_classification - INFO - config.scheduler = edict()
2023-11-06 11:29:29,124 - fewshot_modelnet_linear_classification - INFO - config.scheduler.type : CosLR
2023-11-06 11:29:29,124 - fewshot_modelnet_linear_classification - INFO - config.scheduler.kwargs = edict()
2023-11-06 11:29:29,124 - fewshot_modelnet_linear_classification - INFO - config.scheduler.kwargs.epochs : 150
2023-11-06 11:29:29,124 - fewshot_modelnet_linear_classification - INFO - config.scheduler.kwargs.initial_epochs : 10
2023-11-06 11:29:29,124 - fewshot_modelnet_linear_classification - INFO - config.dataset = edict()
2023-11-06 11:29:29,124 - fewshot_modelnet_linear_classification - INFO - config.dataset.train = edict()
2023-11-06 11:29:29,124 - fewshot_modelnet_linear_classification - INFO - config.dataset.train._base_ = edict()
2023-11-06 11:29:29,124 - fewshot_modelnet_linear_classification - INFO - config.dataset.train._base_.NAME : ModelNetFewShot
2023-11-06 11:29:29,124 - fewshot_modelnet_linear_classification - INFO - config.dataset.train._base_.DATA_PATH : data/ModelNetFewshot
2023-11-06 11:29:29,125 - fewshot_modelnet_linear_classification - INFO - config.dataset.train._base_.N_POINTS : 8192
2023-11-06 11:29:29,125 - fewshot_modelnet_linear_classification - INFO - config.dataset.train._base_.NUM_CATEGORY : 40
2023-11-06 11:29:29,125 - fewshot_modelnet_linear_classification - INFO - config.dataset.train._base_.USE_NORMALS : False
2023-11-06 11:29:29,125 - fewshot_modelnet_linear_classification - INFO - config.dataset.train.others = edict()
2023-11-06 11:29:29,125 - fewshot_modelnet_linear_classification - INFO - config.dataset.train.others.subset : train
2023-11-06 11:29:29,125 - fewshot_modelnet_linear_classification - INFO - config.dataset.train.others.bs : 32
2023-11-06 11:29:29,125 - fewshot_modelnet_linear_classification - INFO - config.dataset.val = edict()
2023-11-06 11:29:29,125 - fewshot_modelnet_linear_classification - INFO - config.dataset.val._base_ = edict()
2023-11-06 11:29:29,125 - fewshot_modelnet_linear_classification - INFO - config.dataset.val._base_.NAME : ModelNetFewShot
2023-11-06 11:29:29,125 - fewshot_modelnet_linear_classification - INFO - config.dataset.val._base_.DATA_PATH : data/ModelNetFewshot
2023-11-06 11:29:29,125 - fewshot_modelnet_linear_classification - INFO - config.dataset.val._base_.N_POINTS : 8192
2023-11-06 11:29:29,125 - fewshot_modelnet_linear_classification - INFO - config.dataset.val._base_.NUM_CATEGORY : 40
2023-11-06 11:29:29,125 - fewshot_modelnet_linear_classification - INFO - config.dataset.val._base_.USE_NORMALS : False
2023-11-06 11:29:29,125 - fewshot_modelnet_linear_classification - INFO - config.dataset.val.others = edict()
2023-11-06 11:29:29,125 - fewshot_modelnet_linear_classification - INFO - config.dataset.val.others.subset : test
2023-11-06 11:29:29,125 - fewshot_modelnet_linear_classification - INFO - config.dataset.val.others.bs : 64
2023-11-06 11:29:29,126 - fewshot_modelnet_linear_classification - INFO - config.dataset.test = edict()
2023-11-06 11:29:29,126 - fewshot_modelnet_linear_classification - INFO - config.dataset.test._base_ = edict()
2023-11-06 11:29:29,126 - fewshot_modelnet_linear_classification - INFO - config.dataset.test._base_.NAME : ModelNet
2023-11-06 11:29:29,126 - fewshot_modelnet_linear_classification - INFO - config.dataset.test._base_.DATA_PATH : data/ModelNet/modelnet40_normal_resampled
2023-11-06 11:29:29,126 - fewshot_modelnet_linear_classification - INFO - config.dataset.test._base_.N_POINTS : 8192
2023-11-06 11:29:29,126 - fewshot_modelnet_linear_classification - INFO - config.dataset.test._base_.NUM_CATEGORY : 40
2023-11-06 11:29:29,126 - fewshot_modelnet_linear_classification - INFO - config.dataset.test._base_.USE_NORMALS : False
2023-11-06 11:29:29,126 - fewshot_modelnet_linear_classification - INFO - config.dataset.test.others = edict()
2023-11-06 11:29:29,126 - fewshot_modelnet_linear_classification - INFO - config.dataset.test.others.subset : test
2023-11-06 11:29:29,126 - fewshot_modelnet_linear_classification - INFO - config.dataset.test.others.bs : 32
2023-11-06 11:29:29,126 - fewshot_modelnet_linear_classification - INFO - config.model = edict()
2023-11-06 11:29:29,126 - fewshot_modelnet_linear_classification - INFO - config.model.NAME : PointTransformerLinearClassification
2023-11-06 11:29:29,126 - fewshot_modelnet_linear_classification - INFO - config.model.trans_dim : 384
2023-11-06 11:29:29,126 - fewshot_modelnet_linear_classification - INFO - config.model.depth : 12
2023-11-06 11:29:29,126 - fewshot_modelnet_linear_classification - INFO - config.model.drop_path_rate : 0.1
2023-11-06 11:29:29,127 - fewshot_modelnet_linear_classification - INFO - config.model.cls_dim : 40
2023-11-06 11:29:29,127 - fewshot_modelnet_linear_classification - INFO - config.model.num_heads : 6
2023-11-06 11:29:29,127 - fewshot_modelnet_linear_classification - INFO - config.model.group_size : 32
2023-11-06 11:29:29,127 - fewshot_modelnet_linear_classification - INFO - config.model.num_group : 64
2023-11-06 11:29:29,127 - fewshot_modelnet_linear_classification - INFO - config.model.encoder_dims : 384
2023-11-06 11:29:29,127 - fewshot_modelnet_linear_classification - INFO - config.npoints : 1024
2023-11-06 11:29:29,127 - fewshot_modelnet_linear_classification - INFO - config.total_bs : 32
2023-11-06 11:29:29,127 - fewshot_modelnet_linear_classification - INFO - config.step_per_update : 1
2023-11-06 11:29:29,127 - fewshot_modelnet_linear_classification - INFO - config.max_epoch : 150
2023-11-06 11:29:29,127 - fewshot_modelnet_linear_classification - INFO - config.grad_norm_clip : 10
2023-11-06 11:29:29,127 - fewshot_modelnet_linear_classification - INFO - Distributed training: False
2023-11-06 11:29:29,127 - fewshot_modelnet_linear_classification - INFO - Set random seed to 0, deterministic: False
2023-11-06 11:29:32,423 - fewshot_modelnet_linear_classification - INFO - Using Data parallel ...
2023-11-06 11:29:39,071 - fewshot_modelnet_linear_classification - INFO - [Training] EPOCH: 0 EpochTime = 6.638 (s) Losses = ['3.7052', '1.0417'] lr = 0.000001
2023-11-06 11:29:39,776 - fewshot_modelnet_linear_classification - INFO - Save checkpoint at ./experiments/fewshot_modelnet_linear_classification/cfgs/lr0.02/ckpt-last.pth
2023-11-06 11:29:42,431 - fewshot_modelnet_linear_classification - INFO - [Training] EPOCH: 1 EpochTime = 2.653 (s) Losses = ['3.7051', '0.0000'] lr = 0.002001
2023-11-06 11:29:45,539 - fewshot_modelnet_linear_classification - INFO - [Validation] EPOCH: 1  acc = 0.0000
2023-11-06 11:29:46,013 - fewshot_modelnet_linear_classification - INFO - Save checkpoint at ./experiments/fewshot_modelnet_linear_classification/cfgs/lr0.02/ckpt-last.pth
2023-11-06 11:29:48,061 - fewshot_modelnet_linear_classification - INFO - [Training] EPOCH: 2 EpochTime = 2.046 (s) Losses = ['2.5524', '8.8542'] lr = 0.004001
2023-11-06 11:29:50,149 - fewshot_modelnet_linear_classification - INFO - [Validation] EPOCH: 2  acc = 46.5000
2023-11-06 11:29:50,666 - fewshot_modelnet_linear_classification - INFO - Save checkpoint at ./experiments/fewshot_modelnet_linear_classification/cfgs/lr0.02/ckpt-best.pth
2023-11-06 11:29:50,667 - fewshot_modelnet_linear_classification - INFO - --------------------------------------------------------------------------------------------
2023-11-06 11:29:51,166 - fewshot_modelnet_linear_classification - INFO - Save checkpoint at ./experiments/fewshot_modelnet_linear_classification/cfgs/lr0.02/ckpt-last.pth
2023-11-06 11:29:53,564 - fewshot_modelnet_linear_classification - INFO - [Training] EPOCH: 3 EpochTime = 2.396 (s) Losses = ['1.9690', '33.8542'] lr = 0.006001
2023-11-06 11:29:55,657 - fewshot_modelnet_linear_classification - INFO - [Validation] EPOCH: 3  acc = 72.5000
2023-11-06 11:29:56,244 - fewshot_modelnet_linear_classification - INFO - Save checkpoint at ./experiments/fewshot_modelnet_linear_classification/cfgs/lr0.02/ckpt-best.pth
2023-11-06 11:29:56,244 - fewshot_modelnet_linear_classification - INFO - --------------------------------------------------------------------------------------------
2023-11-06 11:29:56,880 - fewshot_modelnet_linear_classification - INFO - Save checkpoint at ./experiments/fewshot_modelnet_linear_classification/cfgs/lr0.02/ckpt-last.pth
2023-11-06 11:29:59,242 - fewshot_modelnet_linear_classification - INFO - [Training] EPOCH: 4 EpochTime = 2.360 (s) Losses = ['1.5241', '60.4167'] lr = 0.008001
2023-11-06 11:30:00,969 - fewshot_modelnet_linear_classification - INFO - [Validation] EPOCH: 4  acc = 64.5000
2023-11-06 11:30:01,955 - fewshot_modelnet_linear_classification - INFO - Save checkpoint at ./experiments/fewshot_modelnet_linear_classification/cfgs/lr0.02/ckpt-last.pth
2023-11-06 11:30:04,853 - fewshot_modelnet_linear_classification - INFO - [Training] EPOCH: 5 EpochTime = 2.897 (s) Losses = ['1.0951', '65.6250'] lr = 0.010000
2023-11-06 11:30:06,779 - fewshot_modelnet_linear_classification - INFO - [Validation] EPOCH: 5  acc = 74.0000
2023-11-06 11:30:07,324 - fewshot_modelnet_linear_classification - INFO - Save checkpoint at ./experiments/fewshot_modelnet_linear_classification/cfgs/lr0.02/ckpt-best.pth
2023-11-06 11:30:07,324 - fewshot_modelnet_linear_classification - INFO - --------------------------------------------------------------------------------------------
2023-11-06 11:30:07,807 - fewshot_modelnet_linear_classification - INFO - Save checkpoint at ./experiments/fewshot_modelnet_linear_classification/cfgs/lr0.02/ckpt-last.pth
2023-11-06 11:30:10,443 - fewshot_modelnet_linear_classification - INFO - [Training] EPOCH: 6 EpochTime = 2.634 (s) Losses = ['0.7751', '76.0417'] lr = 0.012000
2023-11-06 11:30:12,311 - fewshot_modelnet_linear_classification - INFO - [Validation] EPOCH: 6  acc = 84.5000
2023-11-06 11:30:12,938 - fewshot_modelnet_linear_classification - INFO - Save checkpoint at ./experiments/fewshot_modelnet_linear_classification/cfgs/lr0.02/ckpt-best.pth
2023-11-06 11:30:12,939 - fewshot_modelnet_linear_classification - INFO - --------------------------------------------------------------------------------------------
2023-11-06 11:30:13,900 - fewshot_modelnet_linear_classification - INFO - Save checkpoint at ./experiments/fewshot_modelnet_linear_classification/cfgs/lr0.02/ckpt-last.pth
2023-11-06 11:30:16,175 - fewshot_modelnet_linear_classification - INFO - [Training] EPOCH: 7 EpochTime = 2.273 (s) Losses = ['0.5232', '86.4583'] lr = 0.014000
2023-11-06 11:30:18,795 - fewshot_modelnet_linear_classification - INFO - [Validation] EPOCH: 7  acc = 70.5000
2023-11-06 11:30:19,544 - fewshot_modelnet_linear_classification - INFO - Save checkpoint at ./experiments/fewshot_modelnet_linear_classification/cfgs/lr0.02/ckpt-last.pth
2023-11-06 11:30:21,711 - fewshot_modelnet_linear_classification - INFO - [Training] EPOCH: 8 EpochTime = 2.165 (s) Losses = ['0.5082', '86.4583'] lr = 0.016000
2023-11-06 11:30:24,225 - fewshot_modelnet_linear_classification - INFO - [Validation] EPOCH: 8  acc = 79.5000
2023-11-06 11:30:25,304 - fewshot_modelnet_linear_classification - INFO - Save checkpoint at ./experiments/fewshot_modelnet_linear_classification/cfgs/lr0.02/ckpt-last.pth
2023-11-06 11:30:27,521 - fewshot_modelnet_linear_classification - INFO - [Training] EPOCH: 9 EpochTime = 2.215 (s) Losses = ['0.4687', '83.3333'] lr = 0.018000
2023-11-06 11:30:29,711 - fewshot_modelnet_linear_classification - INFO - [Validation] EPOCH: 9  acc = 80.0000
2023-11-06 11:30:30,335 - fewshot_modelnet_linear_classification - INFO - Save checkpoint at ./experiments/fewshot_modelnet_linear_classification/cfgs/lr0.02/ckpt-last.pth
2023-11-06 11:30:33,037 - fewshot_modelnet_linear_classification - INFO - [Training] EPOCH: 10 EpochTime = 2.700 (s) Losses = ['0.5350', '81.7708'] lr = 0.019781
2023-11-06 11:30:35,086 - fewshot_modelnet_linear_classification - INFO - [Validation] EPOCH: 10  acc = 92.0000
2023-11-06 11:30:35,599 - fewshot_modelnet_linear_classification - INFO - Save checkpoint at ./experiments/fewshot_modelnet_linear_classification/cfgs/lr0.02/ckpt-best.pth
2023-11-06 11:30:35,599 - fewshot_modelnet_linear_classification - INFO - --------------------------------------------------------------------------------------------
2023-11-06 11:30:36,117 - fewshot_modelnet_linear_classification - INFO - Save checkpoint at ./experiments/fewshot_modelnet_linear_classification/cfgs/lr0.02/ckpt-last.pth
2023-11-06 11:30:38,694 - fewshot_modelnet_linear_classification - INFO - [Training] EPOCH: 11 EpochTime = 2.575 (s) Losses = ['0.4275', '82.8125'] lr = 0.019736
2023-11-06 11:30:41,051 - fewshot_modelnet_linear_classification - INFO - [Validation] EPOCH: 11  acc = 87.5000
2023-11-06 11:30:41,667 - fewshot_modelnet_linear_classification - INFO - Save checkpoint at ./experiments/fewshot_modelnet_linear_classification/cfgs/lr0.02/ckpt-last.pth
2023-11-06 11:30:44,516 - fewshot_modelnet_linear_classification - INFO - [Training] EPOCH: 12 EpochTime = 2.846 (s) Losses = ['0.3461', '88.0208'] lr = 0.019686
2023-11-06 11:30:46,808 - fewshot_modelnet_linear_classification - INFO - [Validation] EPOCH: 12  acc = 84.5000
2023-11-06 11:30:47,531 - fewshot_modelnet_linear_classification - INFO - Save checkpoint at ./experiments/fewshot_modelnet_linear_classification/cfgs/lr0.02/ckpt-last.pth
2023-11-06 11:30:50,285 - fewshot_modelnet_linear_classification - INFO - [Training] EPOCH: 13 EpochTime = 2.752 (s) Losses = ['0.2758', '89.5833'] lr = 0.019632
2023-11-06 11:30:52,675 - fewshot_modelnet_linear_classification - INFO - [Validation] EPOCH: 13  acc = 94.5000
2023-11-06 11:30:53,326 - fewshot_modelnet_linear_classification - INFO - Save checkpoint at ./experiments/fewshot_modelnet_linear_classification/cfgs/lr0.02/ckpt-best.pth
2023-11-06 11:30:53,446 - fewshot_modelnet_linear_classification - INFO - --------------------------------------------------------------------------------------------
2023-11-06 11:30:54,703 - fewshot_modelnet_linear_classification - INFO - Save checkpoint at ./experiments/fewshot_modelnet_linear_classification/cfgs/lr0.02/ckpt-last.pth
2023-11-06 11:30:56,801 - fewshot_modelnet_linear_classification - INFO - [Training] EPOCH: 14 EpochTime = 2.096 (s) Losses = ['0.1664', '94.7917'] lr = 0.019573
2023-11-06 11:30:58,996 - fewshot_modelnet_linear_classification - INFO - [Validation] EPOCH: 14  acc = 89.5000
2023-11-06 11:30:59,737 - fewshot_modelnet_linear_classification - INFO - Save checkpoint at ./experiments/fewshot_modelnet_linear_classification/cfgs/lr0.02/ckpt-last.pth
2023-11-06 11:31:01,744 - fewshot_modelnet_linear_classification - INFO - [Training] EPOCH: 15 EpochTime = 2.004 (s) Losses = ['0.1411', '95.3125'] lr = 0.019511
2023-11-06 11:31:04,124 - fewshot_modelnet_linear_classification - INFO - [Validation] EPOCH: 15  acc = 93.0000
2023-11-06 11:31:04,975 - fewshot_modelnet_linear_classification - INFO - Save checkpoint at ./experiments/fewshot_modelnet_linear_classification/cfgs/lr0.02/ckpt-last.pth
2023-11-06 11:31:07,119 - fewshot_modelnet_linear_classification - INFO - [Training] EPOCH: 16 EpochTime = 2.142 (s) Losses = ['0.1240', '94.7917'] lr = 0.019444
2023-11-06 11:31:09,240 - fewshot_modelnet_linear_classification - INFO - [Validation] EPOCH: 16  acc = 95.5000
2023-11-06 11:31:09,825 - fewshot_modelnet_linear_classification - INFO - Save checkpoint at ./experiments/fewshot_modelnet_linear_classification/cfgs/lr0.02/ckpt-best.pth
2023-11-06 11:31:09,826 - fewshot_modelnet_linear_classification - INFO - --------------------------------------------------------------------------------------------
2023-11-06 11:31:10,561 - fewshot_modelnet_linear_classification - INFO - Save checkpoint at ./experiments/fewshot_modelnet_linear_classification/cfgs/lr0.02/ckpt-last.pth
2023-11-06 11:31:12,593 - fewshot_modelnet_linear_classification - INFO - [Training] EPOCH: 17 EpochTime = 2.030 (s) Losses = ['0.1274', '95.8333'] lr = 0.019373
2023-11-06 11:31:14,347 - fewshot_modelnet_linear_classification - INFO - [Validation] EPOCH: 17  acc = 94.0000
2023-11-06 11:31:14,997 - fewshot_modelnet_linear_classification - INFO - Save checkpoint at ./experiments/fewshot_modelnet_linear_classification/cfgs/lr0.02/ckpt-last.pth
2023-11-06 11:31:17,882 - fewshot_modelnet_linear_classification - INFO - [Training] EPOCH: 18 EpochTime = 2.883 (s) Losses = ['0.1144', '95.8333'] lr = 0.019298
2023-11-06 11:31:20,109 - fewshot_modelnet_linear_classification - INFO - [Validation] EPOCH: 18  acc = 93.0000
2023-11-06 11:31:20,634 - fewshot_modelnet_linear_classification - INFO - Save checkpoint at ./experiments/fewshot_modelnet_linear_classification/cfgs/lr0.02/ckpt-last.pth
2023-11-06 11:31:23,382 - fewshot_modelnet_linear_classification - INFO - [Training] EPOCH: 19 EpochTime = 2.745 (s) Losses = ['0.0903', '98.4375'] lr = 0.019219
2023-11-06 11:31:25,448 - fewshot_modelnet_linear_classification - INFO - [Validation] EPOCH: 19  acc = 94.5000
2023-11-06 11:31:25,998 - fewshot_modelnet_linear_classification - INFO - Save checkpoint at ./experiments/fewshot_modelnet_linear_classification/cfgs/lr0.02/ckpt-last.pth
2023-11-06 11:31:28,624 - fewshot_modelnet_linear_classification - INFO - [Training] EPOCH: 20 EpochTime = 2.624 (s) Losses = ['0.0807', '97.9167'] lr = 0.019135
2023-11-06 11:31:30,303 - fewshot_modelnet_linear_classification - INFO - [Validation] EPOCH: 20  acc = 94.0000
2023-11-06 11:31:30,892 - fewshot_modelnet_linear_classification - INFO - Save checkpoint at ./experiments/fewshot_modelnet_linear_classification/cfgs/lr0.02/ckpt-last.pth
2023-11-06 11:31:33,174 - fewshot_modelnet_linear_classification - INFO - [Training] EPOCH: 21 EpochTime = 2.280 (s) Losses = ['0.0858', '97.9167'] lr = 0.019048
2023-11-06 11:31:34,846 - fewshot_modelnet_linear_classification - INFO - [Validation] EPOCH: 21  acc = 94.5000
2023-11-06 11:31:35,557 - fewshot_modelnet_linear_classification - INFO - Save checkpoint at ./experiments/fewshot_modelnet_linear_classification/cfgs/lr0.02/ckpt-last.pth
2023-11-06 11:31:37,862 - fewshot_modelnet_linear_classification - INFO - [Training] EPOCH: 22 EpochTime = 2.303 (s) Losses = ['0.1148', '96.8750'] lr = 0.018957
2023-11-06 11:31:39,550 - fewshot_modelnet_linear_classification - INFO - [Validation] EPOCH: 22  acc = 94.5000
2023-11-06 11:31:40,461 - fewshot_modelnet_linear_classification - INFO - Save checkpoint at ./experiments/fewshot_modelnet_linear_classification/cfgs/lr0.02/ckpt-last.pth
2023-11-06 11:31:43,058 - fewshot_modelnet_linear_classification - INFO - [Training] EPOCH: 23 EpochTime = 2.595 (s) Losses = ['0.0792', '96.8750'] lr = 0.018862
2023-11-06 11:31:44,844 - fewshot_modelnet_linear_classification - INFO - [Validation] EPOCH: 23  acc = 94.0000
2023-11-06 11:31:45,982 - fewshot_modelnet_linear_classification - INFO - Save checkpoint at ./experiments/fewshot_modelnet_linear_classification/cfgs/lr0.02/ckpt-last.pth
2023-11-06 11:31:49,348 - fewshot_modelnet_linear_classification - INFO - [Training] EPOCH: 24 EpochTime = 3.364 (s) Losses = ['0.0984', '97.3958'] lr = 0.018763
2023-11-06 11:31:50,983 - fewshot_modelnet_linear_classification - INFO - [Validation] EPOCH: 24  acc = 95.0000
2023-11-06 11:31:51,635 - fewshot_modelnet_linear_classification - INFO - Save checkpoint at ./experiments/fewshot_modelnet_linear_classification/cfgs/lr0.02/ckpt-last.pth
2023-11-06 11:31:54,237 - fewshot_modelnet_linear_classification - INFO - [Training] EPOCH: 25 EpochTime = 2.600 (s) Losses = ['0.1259', '97.3958'] lr = 0.018660
2023-11-06 11:31:56,083 - fewshot_modelnet_linear_classification - INFO - [Validation] EPOCH: 25  acc = 89.0000
2023-11-06 11:31:56,609 - fewshot_modelnet_linear_classification - INFO - Save checkpoint at ./experiments/fewshot_modelnet_linear_classification/cfgs/lr0.02/ckpt-last.pth
2023-11-06 11:31:59,199 - fewshot_modelnet_linear_classification - INFO - [Training] EPOCH: 26 EpochTime = 2.588 (s) Losses = ['0.0825', '96.3542'] lr = 0.018554
2023-11-06 11:32:00,709 - fewshot_modelnet_linear_classification - INFO - [Validation] EPOCH: 26  acc = 92.5000
2023-11-06 11:32:01,225 - fewshot_modelnet_linear_classification - INFO - Save checkpoint at ./experiments/fewshot_modelnet_linear_classification/cfgs/lr0.02/ckpt-last.pth
2023-11-06 11:32:03,878 - fewshot_modelnet_linear_classification - INFO - [Training] EPOCH: 27 EpochTime = 2.651 (s) Losses = ['0.1250', '96.8750'] lr = 0.018443
2023-11-06 11:32:05,398 - fewshot_modelnet_linear_classification - INFO - [Validation] EPOCH: 27  acc = 87.5000
2023-11-06 11:32:07,046 - fewshot_modelnet_linear_classification - INFO - Save checkpoint at ./experiments/fewshot_modelnet_linear_classification/cfgs/lr0.02/ckpt-last.pth
2023-11-06 11:32:09,374 - fewshot_modelnet_linear_classification - INFO - [Training] EPOCH: 28 EpochTime = 2.325 (s) Losses = ['0.1518', '95.8333'] lr = 0.018329
2023-11-06 11:32:11,075 - fewshot_modelnet_linear_classification - INFO - [Validation] EPOCH: 28  acc = 94.5000
2023-11-06 11:32:11,638 - fewshot_modelnet_linear_classification - INFO - Save checkpoint at ./experiments/fewshot_modelnet_linear_classification/cfgs/lr0.02/ckpt-last.pth
2023-11-06 11:32:14,134 - fewshot_modelnet_linear_classification - INFO - [Training] EPOCH: 29 EpochTime = 2.492 (s) Losses = ['0.1654', '94.7917'] lr = 0.018212
2023-11-06 11:32:15,656 - fewshot_modelnet_linear_classification - INFO - [Validation] EPOCH: 29  acc = 93.0000
2023-11-06 11:32:16,378 - fewshot_modelnet_linear_classification - INFO - Save checkpoint at ./experiments/fewshot_modelnet_linear_classification/cfgs/lr0.02/ckpt-last.pth
2023-11-06 11:32:18,757 - fewshot_modelnet_linear_classification - INFO - [Training] EPOCH: 30 EpochTime = 2.377 (s) Losses = ['0.0796', '97.3958'] lr = 0.018090
2023-11-06 11:32:20,342 - fewshot_modelnet_linear_classification - INFO - [Validation] EPOCH: 30  acc = 94.0000
2023-11-06 11:32:21,590 - fewshot_modelnet_linear_classification - INFO - Save checkpoint at ./experiments/fewshot_modelnet_linear_classification/cfgs/lr0.02/ckpt-last.pth
2023-11-06 11:32:24,401 - fewshot_modelnet_linear_classification - INFO - [Training] EPOCH: 31 EpochTime = 2.810 (s) Losses = ['0.1072', '95.8333'] lr = 0.017965
2023-11-06 11:32:26,585 - fewshot_modelnet_linear_classification - INFO - [Validation] EPOCH: 31  acc = 92.5000
2023-11-06 11:32:27,157 - fewshot_modelnet_linear_classification - INFO - Save checkpoint at ./experiments/fewshot_modelnet_linear_classification/cfgs/lr0.02/ckpt-last.pth
2023-11-06 11:32:29,827 - fewshot_modelnet_linear_classification - INFO - [Training] EPOCH: 32 EpochTime = 2.668 (s) Losses = ['0.1156', '94.2708'] lr = 0.017837
2023-11-06 11:32:31,306 - fewshot_modelnet_linear_classification - INFO - [Validation] EPOCH: 32  acc = 92.5000
2023-11-06 11:32:31,838 - fewshot_modelnet_linear_classification - INFO - Save checkpoint at ./experiments/fewshot_modelnet_linear_classification/cfgs/lr0.02/ckpt-last.pth
2023-11-06 11:32:34,736 - fewshot_modelnet_linear_classification - INFO - [Training] EPOCH: 33 EpochTime = 2.896 (s) Losses = ['0.1075', '97.3958'] lr = 0.017705
2023-11-06 11:32:36,283 - fewshot_modelnet_linear_classification - INFO - [Validation] EPOCH: 33  acc = 94.0000
2023-11-06 11:32:37,432 - fewshot_modelnet_linear_classification - INFO - Save checkpoint at ./experiments/fewshot_modelnet_linear_classification/cfgs/lr0.02/ckpt-last.pth
2023-11-06 11:32:39,695 - fewshot_modelnet_linear_classification - INFO - [Training] EPOCH: 34 EpochTime = 2.262 (s) Losses = ['0.1127', '96.3542'] lr = 0.017570
2023-11-06 11:32:41,220 - fewshot_modelnet_linear_classification - INFO - [Validation] EPOCH: 34  acc = 94.0000
2023-11-06 11:32:41,771 - fewshot_modelnet_linear_classification - INFO - Save checkpoint at ./experiments/fewshot_modelnet_linear_classification/cfgs/lr0.02/ckpt-last.pth
2023-11-06 11:32:44,146 - fewshot_modelnet_linear_classification - INFO - [Training] EPOCH: 35 EpochTime = 2.373 (s) Losses = ['0.1229', '96.8750'] lr = 0.017432
2023-11-06 11:32:45,767 - fewshot_modelnet_linear_classification - INFO - [Validation] EPOCH: 35  acc = 94.5000
2023-11-06 11:32:46,826 - fewshot_modelnet_linear_classification - INFO - Save checkpoint at ./experiments/fewshot_modelnet_linear_classification/cfgs/lr0.02/ckpt-last.pth
2023-11-06 11:32:49,792 - fewshot_modelnet_linear_classification - INFO - [Training] EPOCH: 36 EpochTime = 2.964 (s) Losses = ['0.0920', '97.3958'] lr = 0.017290
2023-11-06 11:32:51,412 - fewshot_modelnet_linear_classification - INFO - [Validation] EPOCH: 36  acc = 91.5000
2023-11-06 11:32:53,806 - fewshot_modelnet_linear_classification - INFO - Save checkpoint at ./experiments/fewshot_modelnet_linear_classification/cfgs/lr0.02/ckpt-last.pth
2023-11-06 11:32:55,857 - fewshot_modelnet_linear_classification - INFO - [Training] EPOCH: 37 EpochTime = 2.049 (s) Losses = ['0.0322', '99.4792'] lr = 0.017145
2023-11-06 11:32:58,046 - fewshot_modelnet_linear_classification - INFO - [Validation] EPOCH: 37  acc = 94.5000
2023-11-06 11:32:58,632 - fewshot_modelnet_linear_classification - INFO - Save checkpoint at ./experiments/fewshot_modelnet_linear_classification/cfgs/lr0.02/ckpt-last.pth
2023-11-06 11:33:00,941 - fewshot_modelnet_linear_classification - INFO - [Training] EPOCH: 38 EpochTime = 2.305 (s) Losses = ['0.0374', '99.4792'] lr = 0.016997
2023-11-06 11:33:02,993 - fewshot_modelnet_linear_classification - INFO - [Validation] EPOCH: 38  acc = 94.5000
2023-11-06 11:33:03,527 - fewshot_modelnet_linear_classification - INFO - Save checkpoint at ./experiments/fewshot_modelnet_linear_classification/cfgs/lr0.02/ckpt-last.pth
2023-11-06 11:33:06,270 - fewshot_modelnet_linear_classification - INFO - [Training] EPOCH: 39 EpochTime = 2.742 (s) Losses = ['0.0459', '97.9167'] lr = 0.016846
2023-11-06 11:33:08,299 - fewshot_modelnet_linear_classification - INFO - [Validation] EPOCH: 39  acc = 94.0000
2023-11-06 11:33:08,799 - fewshot_modelnet_linear_classification - INFO - Save checkpoint at ./experiments/fewshot_modelnet_linear_classification/cfgs/lr0.02/ckpt-last.pth
2023-11-06 11:33:11,489 - fewshot_modelnet_linear_classification - INFO - [Training] EPOCH: 40 EpochTime = 2.687 (s) Losses = ['0.0371', '98.4375'] lr = 0.016691
2023-11-06 11:33:13,493 - fewshot_modelnet_linear_classification - INFO - [Validation] EPOCH: 40  acc = 95.0000
2023-11-06 11:33:13,939 - fewshot_modelnet_linear_classification - INFO - Save checkpoint at ./experiments/fewshot_modelnet_linear_classification/cfgs/lr0.02/ckpt-last.pth
2023-11-06 11:33:16,552 - fewshot_modelnet_linear_classification - INFO - [Training] EPOCH: 41 EpochTime = 2.612 (s) Losses = ['0.0286', '100.0000'] lr = 0.016534
2023-11-06 11:33:18,363 - fewshot_modelnet_linear_classification - INFO - [Validation] EPOCH: 41  acc = 95.0000
2023-11-06 11:33:18,840 - fewshot_modelnet_linear_classification - INFO - Save checkpoint at ./experiments/fewshot_modelnet_linear_classification/cfgs/lr0.02/ckpt-last.pth
2023-11-06 11:33:21,549 - fewshot_modelnet_linear_classification - INFO - [Training] EPOCH: 42 EpochTime = 2.708 (s) Losses = ['0.0250', '100.0000'] lr = 0.016374
2023-11-06 11:33:23,384 - fewshot_modelnet_linear_classification - INFO - [Validation] EPOCH: 42  acc = 95.0000
2023-11-06 11:33:23,834 - fewshot_modelnet_linear_classification - INFO - Save checkpoint at ./experiments/fewshot_modelnet_linear_classification/cfgs/lr0.02/ckpt-last.pth
2023-11-06 11:33:26,512 - fewshot_modelnet_linear_classification - INFO - [Training] EPOCH: 43 EpochTime = 2.675 (s) Losses = ['0.0312', '98.9583'] lr = 0.016212
2023-11-06 11:33:28,108 - fewshot_modelnet_linear_classification - INFO - [Validation] EPOCH: 43  acc = 93.5000
2023-11-06 11:33:28,652 - fewshot_modelnet_linear_classification - INFO - Save checkpoint at ./experiments/fewshot_modelnet_linear_classification/cfgs/lr0.02/ckpt-last.pth
2023-11-06 11:33:31,197 - fewshot_modelnet_linear_classification - INFO - [Training] EPOCH: 44 EpochTime = 2.543 (s) Losses = ['0.0443', '99.4792'] lr = 0.016046
2023-11-06 11:33:32,731 - fewshot_modelnet_linear_classification - INFO - [Validation] EPOCH: 44  acc = 95.5000
2023-11-06 11:33:33,275 - fewshot_modelnet_linear_classification - INFO - Save checkpoint at ./experiments/fewshot_modelnet_linear_classification/cfgs/lr0.02/ckpt-last.pth
2023-11-06 11:33:35,959 - fewshot_modelnet_linear_classification - INFO - [Training] EPOCH: 45 EpochTime = 2.682 (s) Losses = ['0.0204', '100.0000'] lr = 0.015878
2023-11-06 11:33:37,513 - fewshot_modelnet_linear_classification - INFO - [Validation] EPOCH: 45  acc = 95.5000
2023-11-06 11:33:38,314 - fewshot_modelnet_linear_classification - INFO - Save checkpoint at ./experiments/fewshot_modelnet_linear_classification/cfgs/lr0.02/ckpt-last.pth
2023-11-06 11:33:41,054 - fewshot_modelnet_linear_classification - INFO - [Training] EPOCH: 46 EpochTime = 2.737 (s) Losses = ['0.0162', '100.0000'] lr = 0.015707
2023-11-06 11:33:43,214 - fewshot_modelnet_linear_classification - INFO - [Validation] EPOCH: 46  acc = 97.0000
2023-11-06 11:33:43,744 - fewshot_modelnet_linear_classification - INFO - Save checkpoint at ./experiments/fewshot_modelnet_linear_classification/cfgs/lr0.02/ckpt-best.pth
2023-11-06 11:33:43,744 - fewshot_modelnet_linear_classification - INFO - --------------------------------------------------------------------------------------------
2023-11-06 11:33:44,382 - fewshot_modelnet_linear_classification - INFO - Save checkpoint at ./experiments/fewshot_modelnet_linear_classification/cfgs/lr0.02/ckpt-last.pth
2023-11-06 11:33:46,719 - fewshot_modelnet_linear_classification - INFO - [Training] EPOCH: 47 EpochTime = 2.336 (s) Losses = ['0.0253', '99.4792'] lr = 0.015534
2023-11-06 11:33:48,291 - fewshot_modelnet_linear_classification - INFO - [Validation] EPOCH: 47  acc = 93.5000
2023-11-06 11:33:48,911 - fewshot_modelnet_linear_classification - INFO - Save checkpoint at ./experiments/fewshot_modelnet_linear_classification/cfgs/lr0.02/ckpt-last.pth
2023-11-06 11:33:51,523 - fewshot_modelnet_linear_classification - INFO - [Training] EPOCH: 48 EpochTime = 2.610 (s) Losses = ['0.0300', '98.9583'] lr = 0.015359
2023-11-06 11:33:53,236 - fewshot_modelnet_linear_classification - INFO - [Validation] EPOCH: 48  acc = 95.0000
2023-11-06 11:33:53,859 - fewshot_modelnet_linear_classification - INFO - Save checkpoint at ./experiments/fewshot_modelnet_linear_classification/cfgs/lr0.02/ckpt-last.pth
2023-11-06 11:33:56,429 - fewshot_modelnet_linear_classification - INFO - [Training] EPOCH: 49 EpochTime = 2.566 (s) Losses = ['0.0447', '97.9167'] lr = 0.015181
2023-11-06 11:33:57,925 - fewshot_modelnet_linear_classification - INFO - [Validation] EPOCH: 49  acc = 94.5000
2023-11-06 11:33:58,577 - fewshot_modelnet_linear_classification - INFO - Save checkpoint at ./experiments/fewshot_modelnet_linear_classification/cfgs/lr0.02/ckpt-last.pth
2023-11-06 11:34:00,970 - fewshot_modelnet_linear_classification - INFO - [Training] EPOCH: 50 EpochTime = 2.392 (s) Losses = ['0.0250', '100.0000'] lr = 0.015000
2023-11-06 11:34:02,572 - fewshot_modelnet_linear_classification - INFO - [Validation] EPOCH: 50  acc = 94.0000
2023-11-06 11:34:03,199 - fewshot_modelnet_linear_classification - INFO - Save checkpoint at ./experiments/fewshot_modelnet_linear_classification/cfgs/lr0.02/ckpt-last.pth
2023-11-06 11:34:05,515 - fewshot_modelnet_linear_classification - INFO - [Training] EPOCH: 51 EpochTime = 2.315 (s) Losses = ['0.0284', '99.4792'] lr = 0.014818
2023-11-06 11:34:07,152 - fewshot_modelnet_linear_classification - INFO - [Validation] EPOCH: 51  acc = 90.5000
2023-11-06 11:34:07,823 - fewshot_modelnet_linear_classification - INFO - Save checkpoint at ./experiments/fewshot_modelnet_linear_classification/cfgs/lr0.02/ckpt-last.pth
2023-11-06 11:34:11,053 - fewshot_modelnet_linear_classification - INFO - [Training] EPOCH: 52 EpochTime = 3.228 (s) Losses = ['0.0553', '97.9167'] lr = 0.014633
2023-11-06 11:34:12,518 - fewshot_modelnet_linear_classification - INFO - [Validation] EPOCH: 52  acc = 96.0000
2023-11-06 11:34:13,262 - fewshot_modelnet_linear_classification - INFO - Save checkpoint at ./experiments/fewshot_modelnet_linear_classification/cfgs/lr0.02/ckpt-last.pth
2023-11-06 11:34:16,439 - fewshot_modelnet_linear_classification - INFO - [Training] EPOCH: 53 EpochTime = 3.176 (s) Losses = ['0.0486', '97.9167'] lr = 0.014447
2023-11-06 11:34:18,452 - fewshot_modelnet_linear_classification - INFO - [Validation] EPOCH: 53  acc = 94.5000
2023-11-06 11:34:19,260 - fewshot_modelnet_linear_classification - INFO - Save checkpoint at ./experiments/fewshot_modelnet_linear_classification/cfgs/lr0.02/ckpt-last.pth
2023-11-06 11:34:22,160 - fewshot_modelnet_linear_classification - INFO - [Training] EPOCH: 54 EpochTime = 2.898 (s) Losses = ['0.0718', '97.9167'] lr = 0.014258
2023-11-06 11:34:24,723 - fewshot_modelnet_linear_classification - INFO - [Validation] EPOCH: 54  acc = 93.5000
2023-11-06 11:34:25,681 - fewshot_modelnet_linear_classification - INFO - Save checkpoint at ./experiments/fewshot_modelnet_linear_classification/cfgs/lr0.02/ckpt-last.pth
2023-11-06 11:34:27,960 - fewshot_modelnet_linear_classification - INFO - [Training] EPOCH: 55 EpochTime = 2.278 (s) Losses = ['0.0324', '98.9583'] lr = 0.014068
2023-11-06 11:34:30,450 - fewshot_modelnet_linear_classification - INFO - [Validation] EPOCH: 55  acc = 94.0000
2023-11-06 11:34:31,227 - fewshot_modelnet_linear_classification - INFO - Save checkpoint at ./experiments/fewshot_modelnet_linear_classification/cfgs/lr0.02/ckpt-last.pth
2023-11-06 11:34:33,461 - fewshot_modelnet_linear_classification - INFO - [Training] EPOCH: 56 EpochTime = 2.232 (s) Losses = ['0.0387', '99.4792'] lr = 0.013875
2023-11-06 11:34:35,417 - fewshot_modelnet_linear_classification - INFO - [Validation] EPOCH: 56  acc = 92.0000
2023-11-06 11:34:35,938 - fewshot_modelnet_linear_classification - INFO - Save checkpoint at ./experiments/fewshot_modelnet_linear_classification/cfgs/lr0.02/ckpt-last.pth
2023-11-06 11:34:38,807 - fewshot_modelnet_linear_classification - INFO - [Training] EPOCH: 57 EpochTime = 2.867 (s) Losses = ['0.0156', '100.0000'] lr = 0.013682
2023-11-06 11:34:40,321 - fewshot_modelnet_linear_classification - INFO - [Validation] EPOCH: 57  acc = 92.0000
2023-11-06 11:34:41,332 - fewshot_modelnet_linear_classification - INFO - Save checkpoint at ./experiments/fewshot_modelnet_linear_classification/cfgs/lr0.02/ckpt-last.pth
2023-11-06 11:34:44,142 - fewshot_modelnet_linear_classification - INFO - [Training] EPOCH: 58 EpochTime = 2.807 (s) Losses = ['0.0214', '100.0000'] lr = 0.013486
2023-11-06 11:34:46,232 - fewshot_modelnet_linear_classification - INFO - [Validation] EPOCH: 58  acc = 93.5000
2023-11-06 11:34:46,968 - fewshot_modelnet_linear_classification - INFO - Save checkpoint at ./experiments/fewshot_modelnet_linear_classification/cfgs/lr0.02/ckpt-last.pth
2023-11-06 11:34:49,623 - fewshot_modelnet_linear_classification - INFO - [Training] EPOCH: 59 EpochTime = 2.653 (s) Losses = ['0.0337', '98.9583'] lr = 0.013289
2023-11-06 11:34:51,106 - fewshot_modelnet_linear_classification - INFO - [Validation] EPOCH: 59  acc = 92.5000
2023-11-06 11:34:51,770 - fewshot_modelnet_linear_classification - INFO - Save checkpoint at ./experiments/fewshot_modelnet_linear_classification/cfgs/lr0.02/ckpt-last.pth
2023-11-06 11:34:55,114 - fewshot_modelnet_linear_classification - INFO - [Training] EPOCH: 60 EpochTime = 3.343 (s) Losses = ['0.0802', '97.3958'] lr = 0.013091
2023-11-06 11:34:56,621 - fewshot_modelnet_linear_classification - INFO - [Validation] EPOCH: 60  acc = 95.5000
2023-11-06 11:34:57,249 - fewshot_modelnet_linear_classification - INFO - Save checkpoint at ./experiments/fewshot_modelnet_linear_classification/cfgs/lr0.02/ckpt-last.pth
2023-11-06 11:34:59,752 - fewshot_modelnet_linear_classification - INFO - [Training] EPOCH: 61 EpochTime = 2.502 (s) Losses = ['0.0302', '100.0000'] lr = 0.012891
2023-11-06 11:35:01,400 - fewshot_modelnet_linear_classification - INFO - [Validation] EPOCH: 61  acc = 93.5000
2023-11-06 11:35:02,071 - fewshot_modelnet_linear_classification - INFO - Save checkpoint at ./experiments/fewshot_modelnet_linear_classification/cfgs/lr0.02/ckpt-last.pth
2023-11-06 11:35:04,386 - fewshot_modelnet_linear_classification - INFO - [Training] EPOCH: 62 EpochTime = 2.314 (s) Losses = ['0.0226', '99.4792'] lr = 0.012690
2023-11-06 11:35:06,010 - fewshot_modelnet_linear_classification - INFO - [Validation] EPOCH: 62  acc = 93.5000
2023-11-06 11:35:06,690 - fewshot_modelnet_linear_classification - INFO - Save checkpoint at ./experiments/fewshot_modelnet_linear_classification/cfgs/lr0.02/ckpt-last.pth
2023-11-06 11:35:09,464 - fewshot_modelnet_linear_classification - INFO - [Training] EPOCH: 63 EpochTime = 2.771 (s) Losses = ['0.0304', '98.4375'] lr = 0.012487
2023-11-06 11:35:11,047 - fewshot_modelnet_linear_classification - INFO - [Validation] EPOCH: 63  acc = 95.0000
2023-11-06 11:35:12,034 - fewshot_modelnet_linear_classification - INFO - Save checkpoint at ./experiments/fewshot_modelnet_linear_classification/cfgs/lr0.02/ckpt-last.pth
2023-11-06 11:35:14,860 - fewshot_modelnet_linear_classification - INFO - [Training] EPOCH: 64 EpochTime = 2.823 (s) Losses = ['0.0275', '99.4792'] lr = 0.012284
2023-11-06 11:35:16,477 - fewshot_modelnet_linear_classification - INFO - [Validation] EPOCH: 64  acc = 94.5000
2023-11-06 11:35:17,932 - fewshot_modelnet_linear_classification - INFO - Save checkpoint at ./experiments/fewshot_modelnet_linear_classification/cfgs/lr0.02/ckpt-last.pth
2023-11-06 11:35:21,019 - fewshot_modelnet_linear_classification - INFO - [Training] EPOCH: 65 EpochTime = 3.085 (s) Losses = ['0.0354', '98.9583'] lr = 0.012080
2023-11-06 11:35:23,553 - fewshot_modelnet_linear_classification - INFO - [Validation] EPOCH: 65  acc = 95.5000
2023-11-06 11:35:24,403 - fewshot_modelnet_linear_classification - INFO - Save checkpoint at ./experiments/fewshot_modelnet_linear_classification/cfgs/lr0.02/ckpt-last.pth
2023-11-06 11:35:27,032 - fewshot_modelnet_linear_classification - INFO - [Training] EPOCH: 66 EpochTime = 2.628 (s) Losses = ['0.0173', '100.0000'] lr = 0.011874
2023-11-06 11:35:28,842 - fewshot_modelnet_linear_classification - INFO - [Validation] EPOCH: 66  acc = 94.0000
2023-11-06 11:35:29,393 - fewshot_modelnet_linear_classification - INFO - Save checkpoint at ./experiments/fewshot_modelnet_linear_classification/cfgs/lr0.02/ckpt-last.pth
2023-11-06 11:35:32,101 - fewshot_modelnet_linear_classification - INFO - [Training] EPOCH: 67 EpochTime = 2.707 (s) Losses = ['0.0177', '100.0000'] lr = 0.011668
2023-11-06 11:35:33,659 - fewshot_modelnet_linear_classification - INFO - [Validation] EPOCH: 67  acc = 94.0000
2023-11-06 11:35:34,603 - fewshot_modelnet_linear_classification - INFO - Save checkpoint at ./experiments/fewshot_modelnet_linear_classification/cfgs/lr0.02/ckpt-last.pth
2023-11-06 11:35:37,595 - fewshot_modelnet_linear_classification - INFO - [Training] EPOCH: 68 EpochTime = 2.990 (s) Losses = ['0.0440', '99.4792'] lr = 0.011461
2023-11-06 11:35:39,721 - fewshot_modelnet_linear_classification - INFO - [Validation] EPOCH: 68  acc = 94.0000
2023-11-06 11:35:40,442 - fewshot_modelnet_linear_classification - INFO - Save checkpoint at ./experiments/fewshot_modelnet_linear_classification/cfgs/lr0.02/ckpt-last.pth
2023-11-06 11:35:43,207 - fewshot_modelnet_linear_classification - INFO - [Training] EPOCH: 69 EpochTime = 2.764 (s) Losses = ['0.0227', '99.4792'] lr = 0.011254
2023-11-06 11:35:45,346 - fewshot_modelnet_linear_classification - INFO - [Validation] EPOCH: 69  acc = 94.0000
2023-11-06 11:35:45,827 - fewshot_modelnet_linear_classification - INFO - Save checkpoint at ./experiments/fewshot_modelnet_linear_classification/cfgs/lr0.02/ckpt-last.pth
2023-11-06 11:35:48,719 - fewshot_modelnet_linear_classification - INFO - [Training] EPOCH: 70 EpochTime = 2.890 (s) Losses = ['0.0352', '98.4375'] lr = 0.011046
2023-11-06 11:35:50,327 - fewshot_modelnet_linear_classification - INFO - [Validation] EPOCH: 70  acc = 95.5000
2023-11-06 11:35:51,073 - fewshot_modelnet_linear_classification - INFO - Save checkpoint at ./experiments/fewshot_modelnet_linear_classification/cfgs/lr0.02/ckpt-last.pth
2023-11-06 11:35:54,388 - fewshot_modelnet_linear_classification - INFO - [Training] EPOCH: 71 EpochTime = 3.313 (s) Losses = ['0.0252', '99.4792'] lr = 0.010837
2023-11-06 11:35:56,123 - fewshot_modelnet_linear_classification - INFO - [Validation] EPOCH: 71  acc = 94.0000
2023-11-06 11:35:57,387 - fewshot_modelnet_linear_classification - INFO - Save checkpoint at ./experiments/fewshot_modelnet_linear_classification/cfgs/lr0.02/ckpt-last.pth
2023-11-06 11:36:00,319 - fewshot_modelnet_linear_classification - INFO - [Training] EPOCH: 72 EpochTime = 2.930 (s) Losses = ['0.0300', '99.4792'] lr = 0.010628
2023-11-06 11:36:02,083 - fewshot_modelnet_linear_classification - INFO - [Validation] EPOCH: 72  acc = 95.5000
2023-11-06 11:36:02,790 - fewshot_modelnet_linear_classification - INFO - Save checkpoint at ./experiments/fewshot_modelnet_linear_classification/cfgs/lr0.02/ckpt-last.pth
2023-11-06 11:36:05,400 - fewshot_modelnet_linear_classification - INFO - [Training] EPOCH: 73 EpochTime = 2.607 (s) Losses = ['0.0323', '99.4792'] lr = 0.010419
2023-11-06 11:36:07,265 - fewshot_modelnet_linear_classification - INFO - [Validation] EPOCH: 73  acc = 90.5000
2023-11-06 11:36:07,827 - fewshot_modelnet_linear_classification - INFO - Save checkpoint at ./experiments/fewshot_modelnet_linear_classification/cfgs/lr0.02/ckpt-last.pth
2023-11-06 11:36:10,311 - fewshot_modelnet_linear_classification - INFO - [Training] EPOCH: 74 EpochTime = 2.482 (s) Losses = ['0.0410', '98.4375'] lr = 0.010210
2023-11-06 11:36:11,802 - fewshot_modelnet_linear_classification - INFO - [Validation] EPOCH: 74  acc = 94.0000
2023-11-06 11:36:12,756 - fewshot_modelnet_linear_classification - INFO - Save checkpoint at ./experiments/fewshot_modelnet_linear_classification/cfgs/lr0.02/ckpt-last.pth
2023-11-06 11:36:15,460 - fewshot_modelnet_linear_classification - INFO - [Training] EPOCH: 75 EpochTime = 2.702 (s) Losses = ['0.0501', '97.9167'] lr = 0.010000
2023-11-06 11:36:17,039 - fewshot_modelnet_linear_classification - INFO - [Validation] EPOCH: 75  acc = 92.5000
2023-11-06 11:36:17,977 - fewshot_modelnet_linear_classification - INFO - Save checkpoint at ./experiments/fewshot_modelnet_linear_classification/cfgs/lr0.02/ckpt-last.pth
2023-11-06 11:36:20,246 - fewshot_modelnet_linear_classification - INFO - [Training] EPOCH: 76 EpochTime = 2.267 (s) Losses = ['0.0468', '98.4375'] lr = 0.009791
2023-11-06 11:36:22,209 - fewshot_modelnet_linear_classification - INFO - [Validation] EPOCH: 76  acc = 95.5000
2023-11-06 11:36:22,706 - fewshot_modelnet_linear_classification - INFO - Save checkpoint at ./experiments/fewshot_modelnet_linear_classification/cfgs/lr0.02/ckpt-last.pth
2023-11-06 11:36:24,992 - fewshot_modelnet_linear_classification - INFO - [Training] EPOCH: 77 EpochTime = 2.284 (s) Losses = ['0.0493', '98.4375'] lr = 0.009582
2023-11-06 11:36:26,966 - fewshot_modelnet_linear_classification - INFO - [Validation] EPOCH: 77  acc = 95.5000
2023-11-06 11:36:27,406 - fewshot_modelnet_linear_classification - INFO - Save checkpoint at ./experiments/fewshot_modelnet_linear_classification/cfgs/lr0.02/ckpt-last.pth
2023-11-06 11:36:30,038 - fewshot_modelnet_linear_classification - INFO - [Training] EPOCH: 78 EpochTime = 2.630 (s) Losses = ['0.0283', '99.4792'] lr = 0.009373
2023-11-06 11:36:31,580 - fewshot_modelnet_linear_classification - INFO - [Validation] EPOCH: 78  acc = 91.0000
2023-11-06 11:36:33,048 - fewshot_modelnet_linear_classification - INFO - Save checkpoint at ./experiments/fewshot_modelnet_linear_classification/cfgs/lr0.02/ckpt-last.pth
2023-11-06 11:36:36,124 - fewshot_modelnet_linear_classification - INFO - [Training] EPOCH: 79 EpochTime = 3.075 (s) Losses = ['0.0470', '98.4375'] lr = 0.009164
2023-11-06 11:36:37,797 - fewshot_modelnet_linear_classification - INFO - [Validation] EPOCH: 79  acc = 93.5000
2023-11-06 11:36:39,425 - fewshot_modelnet_linear_classification - INFO - Save checkpoint at ./experiments/fewshot_modelnet_linear_classification/cfgs/lr0.02/ckpt-last.pth
2023-11-06 11:36:42,439 - fewshot_modelnet_linear_classification - INFO - [Training] EPOCH: 80 EpochTime = 3.012 (s) Losses = ['0.0663', '98.4375'] lr = 0.008955
2023-11-06 11:36:44,350 - fewshot_modelnet_linear_classification - INFO - [Validation] EPOCH: 80  acc = 95.5000
2023-11-06 11:36:44,941 - fewshot_modelnet_linear_classification - INFO - Save checkpoint at ./experiments/fewshot_modelnet_linear_classification/cfgs/lr0.02/ckpt-last.pth
2023-11-06 11:36:47,986 - fewshot_modelnet_linear_classification - INFO - [Training] EPOCH: 81 EpochTime = 3.042 (s) Losses = ['0.0191', '99.4792'] lr = 0.008747
2023-11-06 11:36:49,570 - fewshot_modelnet_linear_classification - INFO - [Validation] EPOCH: 81  acc = 94.5000
2023-11-06 11:36:50,281 - fewshot_modelnet_linear_classification - INFO - Save checkpoint at ./experiments/fewshot_modelnet_linear_classification/cfgs/lr0.02/ckpt-last.pth
2023-11-06 11:36:53,962 - fewshot_modelnet_linear_classification - INFO - [Training] EPOCH: 82 EpochTime = 3.679 (s) Losses = ['0.0144', '99.4792'] lr = 0.008540
2023-11-06 11:36:55,472 - fewshot_modelnet_linear_classification - INFO - [Validation] EPOCH: 82  acc = 95.5000
2023-11-06 11:36:56,486 - fewshot_modelnet_linear_classification - INFO - Save checkpoint at ./experiments/fewshot_modelnet_linear_classification/cfgs/lr0.02/ckpt-last.pth
2023-11-06 11:36:59,839 - fewshot_modelnet_linear_classification - INFO - [Training] EPOCH: 83 EpochTime = 3.351 (s) Losses = ['0.0095', '100.0000'] lr = 0.008333
2023-11-06 11:37:01,775 - fewshot_modelnet_linear_classification - INFO - [Validation] EPOCH: 83  acc = 95.5000
2023-11-06 11:37:02,278 - fewshot_modelnet_linear_classification - INFO - Save checkpoint at ./experiments/fewshot_modelnet_linear_classification/cfgs/lr0.02/ckpt-last.pth
2023-11-06 11:37:05,387 - fewshot_modelnet_linear_classification - INFO - [Training] EPOCH: 84 EpochTime = 3.108 (s) Losses = ['0.0104', '100.0000'] lr = 0.008127
2023-11-06 11:37:07,109 - fewshot_modelnet_linear_classification - INFO - [Validation] EPOCH: 84  acc = 95.5000
2023-11-06 11:37:07,687 - fewshot_modelnet_linear_classification - INFO - Save checkpoint at ./experiments/fewshot_modelnet_linear_classification/cfgs/lr0.02/ckpt-last.pth
2023-11-06 11:37:10,853 - fewshot_modelnet_linear_classification - INFO - [Training] EPOCH: 85 EpochTime = 3.164 (s) Losses = ['0.0120', '100.0000'] lr = 0.007921
2023-11-06 11:37:12,456 - fewshot_modelnet_linear_classification - INFO - [Validation] EPOCH: 85  acc = 95.5000
2023-11-06 11:37:13,476 - fewshot_modelnet_linear_classification - INFO - Save checkpoint at ./experiments/fewshot_modelnet_linear_classification/cfgs/lr0.02/ckpt-last.pth
2023-11-06 11:37:16,491 - fewshot_modelnet_linear_classification - INFO - [Training] EPOCH: 86 EpochTime = 3.013 (s) Losses = ['0.0255', '99.4792'] lr = 0.007717
2023-11-06 11:37:18,245 - fewshot_modelnet_linear_classification - INFO - [Validation] EPOCH: 86  acc = 96.0000
2023-11-06 11:37:18,731 - fewshot_modelnet_linear_classification - INFO - Save checkpoint at ./experiments/fewshot_modelnet_linear_classification/cfgs/lr0.02/ckpt-last.pth
2023-11-06 11:37:21,841 - fewshot_modelnet_linear_classification - INFO - [Training] EPOCH: 87 EpochTime = 3.108 (s) Losses = ['0.0095', '100.0000'] lr = 0.007514
2023-11-06 11:37:23,438 - fewshot_modelnet_linear_classification - INFO - [Validation] EPOCH: 87  acc = 95.0000
2023-11-06 11:37:24,274 - fewshot_modelnet_linear_classification - INFO - Save checkpoint at ./experiments/fewshot_modelnet_linear_classification/cfgs/lr0.02/ckpt-last.pth
2023-11-06 11:37:27,550 - fewshot_modelnet_linear_classification - INFO - [Training] EPOCH: 88 EpochTime = 3.274 (s) Losses = ['0.0137', '100.0000'] lr = 0.007311
2023-11-06 11:37:29,543 - fewshot_modelnet_linear_classification - INFO - [Validation] EPOCH: 88  acc = 95.0000
2023-11-06 11:37:31,062 - fewshot_modelnet_linear_classification - INFO - Save checkpoint at ./experiments/fewshot_modelnet_linear_classification/cfgs/lr0.02/ckpt-last.pth
2023-11-06 11:37:33,571 - fewshot_modelnet_linear_classification - INFO - [Training] EPOCH: 89 EpochTime = 2.507 (s) Losses = ['0.0139', '100.0000'] lr = 0.007110
2023-11-06 11:37:35,612 - fewshot_modelnet_linear_classification - INFO - [Validation] EPOCH: 89  acc = 95.5000
2023-11-06 11:37:36,329 - fewshot_modelnet_linear_classification - INFO - Save checkpoint at ./experiments/fewshot_modelnet_linear_classification/cfgs/lr0.02/ckpt-last.pth
2023-11-06 11:37:39,025 - fewshot_modelnet_linear_classification - INFO - [Training] EPOCH: 90 EpochTime = 2.695 (s) Losses = ['0.0247', '98.9583'] lr = 0.006910
2023-11-06 11:37:41,031 - fewshot_modelnet_linear_classification - INFO - [Validation] EPOCH: 90  acc = 94.0000
2023-11-06 11:37:41,780 - fewshot_modelnet_linear_classification - INFO - Save checkpoint at ./experiments/fewshot_modelnet_linear_classification/cfgs/lr0.02/ckpt-last.pth
2023-11-06 11:37:44,606 - fewshot_modelnet_linear_classification - INFO - [Training] EPOCH: 91 EpochTime = 2.824 (s) Losses = ['0.0303', '98.9583'] lr = 0.006712
2023-11-06 11:37:46,777 - fewshot_modelnet_linear_classification - INFO - [Validation] EPOCH: 91  acc = 94.5000
2023-11-06 11:37:47,525 - fewshot_modelnet_linear_classification - INFO - Save checkpoint at ./experiments/fewshot_modelnet_linear_classification/cfgs/lr0.02/ckpt-last.pth
2023-11-06 11:37:49,977 - fewshot_modelnet_linear_classification - INFO - [Training] EPOCH: 92 EpochTime = 2.450 (s) Losses = ['0.0198', '99.4792'] lr = 0.006515
2023-11-06 11:37:51,997 - fewshot_modelnet_linear_classification - INFO - [Validation] EPOCH: 92  acc = 96.5000
2023-11-06 11:37:52,554 - fewshot_modelnet_linear_classification - INFO - Save checkpoint at ./experiments/fewshot_modelnet_linear_classification/cfgs/lr0.02/ckpt-last.pth
2023-11-06 11:37:55,572 - fewshot_modelnet_linear_classification - INFO - [Training] EPOCH: 93 EpochTime = 3.017 (s) Losses = ['0.0135', '100.0000'] lr = 0.006319
2023-11-06 11:37:57,687 - fewshot_modelnet_linear_classification - INFO - [Validation] EPOCH: 93  acc = 95.0000
2023-11-06 11:37:58,225 - fewshot_modelnet_linear_classification - INFO - Save checkpoint at ./experiments/fewshot_modelnet_linear_classification/cfgs/lr0.02/ckpt-last.pth
2023-11-06 11:38:00,894 - fewshot_modelnet_linear_classification - INFO - [Training] EPOCH: 94 EpochTime = 2.666 (s) Losses = ['0.0164', '99.4792'] lr = 0.006126
2023-11-06 11:38:02,980 - fewshot_modelnet_linear_classification - INFO - [Validation] EPOCH: 94  acc = 94.5000
2023-11-06 11:38:03,466 - fewshot_modelnet_linear_classification - INFO - Save checkpoint at ./experiments/fewshot_modelnet_linear_classification/cfgs/lr0.02/ckpt-last.pth
2023-11-06 11:38:06,064 - fewshot_modelnet_linear_classification - INFO - [Training] EPOCH: 95 EpochTime = 2.597 (s) Losses = ['0.0146', '99.4792'] lr = 0.005933
2023-11-06 11:38:08,144 - fewshot_modelnet_linear_classification - INFO - [Validation] EPOCH: 95  acc = 95.0000
2023-11-06 11:38:09,234 - fewshot_modelnet_linear_classification - INFO - Save checkpoint at ./experiments/fewshot_modelnet_linear_classification/cfgs/lr0.02/ckpt-last.pth
2023-11-06 11:38:11,112 - fewshot_modelnet_linear_classification - INFO - [Training] EPOCH: 96 EpochTime = 1.876 (s) Losses = ['0.0111', '100.0000'] lr = 0.005743
2023-11-06 11:38:13,404 - fewshot_modelnet_linear_classification - INFO - [Validation] EPOCH: 96  acc = 94.5000
2023-11-06 11:38:13,863 - fewshot_modelnet_linear_classification - INFO - Save checkpoint at ./experiments/fewshot_modelnet_linear_classification/cfgs/lr0.02/ckpt-last.pth
2023-11-06 11:38:16,654 - fewshot_modelnet_linear_classification - INFO - [Training] EPOCH: 97 EpochTime = 2.789 (s) Losses = ['0.0126', '100.0000'] lr = 0.005554
2023-11-06 11:38:18,343 - fewshot_modelnet_linear_classification - INFO - [Validation] EPOCH: 97  acc = 93.5000
2023-11-06 11:38:18,852 - fewshot_modelnet_linear_classification - INFO - Save checkpoint at ./experiments/fewshot_modelnet_linear_classification/cfgs/lr0.02/ckpt-last.pth
2023-11-06 11:38:21,783 - fewshot_modelnet_linear_classification - INFO - [Training] EPOCH: 98 EpochTime = 2.929 (s) Losses = ['0.0130', '100.0000'] lr = 0.005368
2023-11-06 11:38:23,432 - fewshot_modelnet_linear_classification - INFO - [Validation] EPOCH: 98  acc = 95.0000
2023-11-06 11:38:23,873 - fewshot_modelnet_linear_classification - INFO - Save checkpoint at ./experiments/fewshot_modelnet_linear_classification/cfgs/lr0.02/ckpt-last.pth
2023-11-06 11:38:27,025 - fewshot_modelnet_linear_classification - INFO - [Training] EPOCH: 99 EpochTime = 3.150 (s) Losses = ['0.0083', '100.0000'] lr = 0.005183
2023-11-06 11:38:28,729 - fewshot_modelnet_linear_classification - INFO - [Validation] EPOCH: 99  acc = 95.0000
2023-11-06 11:38:29,233 - fewshot_modelnet_linear_classification - INFO - Save checkpoint at ./experiments/fewshot_modelnet_linear_classification/cfgs/lr0.02/ckpt-last.pth
2023-11-06 11:38:32,289 - fewshot_modelnet_linear_classification - INFO - [Training] EPOCH: 100 EpochTime = 3.054 (s) Losses = ['0.0097', '100.0000'] lr = 0.005001
2023-11-06 11:38:34,756 - fewshot_modelnet_linear_classification - INFO - [Validation] EPOCH: 100  acc = 95.5000
2023-11-06 11:38:35,367 - fewshot_modelnet_linear_classification - INFO - Save checkpoint at ./experiments/fewshot_modelnet_linear_classification/cfgs/lr0.02/ckpt-last.pth
2023-11-06 11:38:38,174 - fewshot_modelnet_linear_classification - INFO - [Training] EPOCH: 101 EpochTime = 2.806 (s) Losses = ['0.0186', '99.4792'] lr = 0.004820
2023-11-06 11:38:40,346 - fewshot_modelnet_linear_classification - INFO - [Validation] EPOCH: 101  acc = 94.5000
2023-11-06 11:38:41,096 - fewshot_modelnet_linear_classification - INFO - Save checkpoint at ./experiments/fewshot_modelnet_linear_classification/cfgs/lr0.02/ckpt-last.pth
2023-11-06 11:38:43,529 - fewshot_modelnet_linear_classification - INFO - [Training] EPOCH: 102 EpochTime = 2.431 (s) Losses = ['0.0101', '100.0000'] lr = 0.004642
2023-11-06 11:38:45,625 - fewshot_modelnet_linear_classification - INFO - [Validation] EPOCH: 102  acc = 94.0000
2023-11-06 11:38:46,381 - fewshot_modelnet_linear_classification - INFO - Save checkpoint at ./experiments/fewshot_modelnet_linear_classification/cfgs/lr0.02/ckpt-last.pth
2023-11-06 11:38:48,852 - fewshot_modelnet_linear_classification - INFO - [Training] EPOCH: 103 EpochTime = 2.469 (s) Losses = ['0.0142', '100.0000'] lr = 0.004467
2023-11-06 11:38:50,940 - fewshot_modelnet_linear_classification - INFO - [Validation] EPOCH: 103  acc = 94.0000
2023-11-06 11:38:51,529 - fewshot_modelnet_linear_classification - INFO - Save checkpoint at ./experiments/fewshot_modelnet_linear_classification/cfgs/lr0.02/ckpt-last.pth
2023-11-06 11:38:54,387 - fewshot_modelnet_linear_classification - INFO - [Training] EPOCH: 104 EpochTime = 2.856 (s) Losses = ['0.0151', '100.0000'] lr = 0.004294
2023-11-06 11:38:56,598 - fewshot_modelnet_linear_classification - INFO - [Validation] EPOCH: 104  acc = 94.0000
2023-11-06 11:38:57,184 - fewshot_modelnet_linear_classification - INFO - Save checkpoint at ./experiments/fewshot_modelnet_linear_classification/cfgs/lr0.02/ckpt-last.pth
2023-11-06 11:39:00,147 - fewshot_modelnet_linear_classification - INFO - [Training] EPOCH: 105 EpochTime = 2.962 (s) Losses = ['0.0097', '100.0000'] lr = 0.004123
2023-11-06 11:39:02,886 - fewshot_modelnet_linear_classification - INFO - [Validation] EPOCH: 105  acc = 94.0000
2023-11-06 11:39:03,323 - fewshot_modelnet_linear_classification - INFO - Save checkpoint at ./experiments/fewshot_modelnet_linear_classification/cfgs/lr0.02/ckpt-last.pth
2023-11-06 11:39:06,228 - fewshot_modelnet_linear_classification - INFO - [Training] EPOCH: 106 EpochTime = 2.903 (s) Losses = ['0.0219', '98.9583'] lr = 0.003955
2023-11-06 11:39:08,794 - fewshot_modelnet_linear_classification - INFO - [Validation] EPOCH: 106  acc = 94.5000
2023-11-06 11:39:09,388 - fewshot_modelnet_linear_classification - INFO - Save checkpoint at ./experiments/fewshot_modelnet_linear_classification/cfgs/lr0.02/ckpt-last.pth
2023-11-06 11:39:12,454 - fewshot_modelnet_linear_classification - INFO - [Training] EPOCH: 107 EpochTime = 3.063 (s) Losses = ['0.0139', '100.0000'] lr = 0.003789
2023-11-06 11:39:14,478 - fewshot_modelnet_linear_classification - INFO - [Validation] EPOCH: 107  acc = 94.0000
2023-11-06 11:39:15,329 - fewshot_modelnet_linear_classification - INFO - Save checkpoint at ./experiments/fewshot_modelnet_linear_classification/cfgs/lr0.02/ckpt-last.pth
2023-11-06 11:39:17,614 - fewshot_modelnet_linear_classification - INFO - [Training] EPOCH: 108 EpochTime = 2.283 (s) Losses = ['0.0127', '100.0000'] lr = 0.003627
2023-11-06 11:39:19,234 - fewshot_modelnet_linear_classification - INFO - [Validation] EPOCH: 108  acc = 95.0000
2023-11-06 11:39:19,842 - fewshot_modelnet_linear_classification - INFO - Save checkpoint at ./experiments/fewshot_modelnet_linear_classification/cfgs/lr0.02/ckpt-last.pth
2023-11-06 11:39:22,207 - fewshot_modelnet_linear_classification - INFO - [Training] EPOCH: 109 EpochTime = 2.364 (s) Losses = ['0.0117', '100.0000'] lr = 0.003467
2023-11-06 11:39:24,477 - fewshot_modelnet_linear_classification - INFO - [Validation] EPOCH: 109  acc = 95.0000
2023-11-06 11:39:25,782 - fewshot_modelnet_linear_classification - INFO - Save checkpoint at ./experiments/fewshot_modelnet_linear_classification/cfgs/lr0.02/ckpt-last.pth
2023-11-06 11:39:27,953 - fewshot_modelnet_linear_classification - INFO - [Training] EPOCH: 110 EpochTime = 2.169 (s) Losses = ['0.0103', '100.0000'] lr = 0.003310
2023-11-06 11:39:30,347 - fewshot_modelnet_linear_classification - INFO - [Validation] EPOCH: 110  acc = 95.5000
2023-11-06 11:39:30,916 - fewshot_modelnet_linear_classification - INFO - Save checkpoint at ./experiments/fewshot_modelnet_linear_classification/cfgs/lr0.02/ckpt-last.pth
2023-11-06 11:39:33,647 - fewshot_modelnet_linear_classification - INFO - [Training] EPOCH: 111 EpochTime = 2.729 (s) Losses = ['0.0083', '100.0000'] lr = 0.003155
2023-11-06 11:39:36,184 - fewshot_modelnet_linear_classification - INFO - [Validation] EPOCH: 111  acc = 95.5000
2023-11-06 11:39:36,774 - fewshot_modelnet_linear_classification - INFO - Save checkpoint at ./experiments/fewshot_modelnet_linear_classification/cfgs/lr0.02/ckpt-last.pth
2023-11-06 11:39:39,593 - fewshot_modelnet_linear_classification - INFO - [Training] EPOCH: 112 EpochTime = 2.818 (s) Losses = ['0.0111', '100.0000'] lr = 0.003004
2023-11-06 11:39:42,123 - fewshot_modelnet_linear_classification - INFO - [Validation] EPOCH: 112  acc = 96.0000
2023-11-06 11:39:42,732 - fewshot_modelnet_linear_classification - INFO - Save checkpoint at ./experiments/fewshot_modelnet_linear_classification/cfgs/lr0.02/ckpt-last.pth
2023-11-06 11:39:45,432 - fewshot_modelnet_linear_classification - INFO - [Training] EPOCH: 113 EpochTime = 2.698 (s) Losses = ['0.0105', '100.0000'] lr = 0.002856
2023-11-06 11:39:47,130 - fewshot_modelnet_linear_classification - INFO - [Validation] EPOCH: 113  acc = 94.5000
2023-11-06 11:39:47,754 - fewshot_modelnet_linear_classification - INFO - Save checkpoint at ./experiments/fewshot_modelnet_linear_classification/cfgs/lr0.02/ckpt-last.pth
2023-11-06 11:39:49,649 - fewshot_modelnet_linear_classification - INFO - [Training] EPOCH: 114 EpochTime = 1.893 (s) Losses = ['0.0141', '99.4792'] lr = 0.002711
2023-11-06 11:39:51,880 - fewshot_modelnet_linear_classification - INFO - [Validation] EPOCH: 114  acc = 94.0000
2023-11-06 11:39:52,436 - fewshot_modelnet_linear_classification - INFO - Save checkpoint at ./experiments/fewshot_modelnet_linear_classification/cfgs/lr0.02/ckpt-last.pth
2023-11-06 11:39:54,887 - fewshot_modelnet_linear_classification - INFO - [Training] EPOCH: 115 EpochTime = 2.448 (s) Losses = ['0.0169', '99.4792'] lr = 0.002569
2023-11-06 11:39:57,022 - fewshot_modelnet_linear_classification - INFO - [Validation] EPOCH: 115  acc = 94.5000
2023-11-06 11:39:57,512 - fewshot_modelnet_linear_classification - INFO - Save checkpoint at ./experiments/fewshot_modelnet_linear_classification/cfgs/lr0.02/ckpt-last.pth
2023-11-06 11:39:59,869 - fewshot_modelnet_linear_classification - INFO - [Training] EPOCH: 116 EpochTime = 2.355 (s) Losses = ['0.0173', '99.4792'] lr = 0.002431
2023-11-06 11:40:01,976 - fewshot_modelnet_linear_classification - INFO - [Validation] EPOCH: 116  acc = 94.5000
2023-11-06 11:40:02,574 - fewshot_modelnet_linear_classification - INFO - Save checkpoint at ./experiments/fewshot_modelnet_linear_classification/cfgs/lr0.02/ckpt-last.pth
2023-11-06 11:40:04,666 - fewshot_modelnet_linear_classification - INFO - [Training] EPOCH: 117 EpochTime = 2.090 (s) Losses = ['0.0117', '100.0000'] lr = 0.002296
2023-11-06 11:40:06,747 - fewshot_modelnet_linear_classification - INFO - [Validation] EPOCH: 117  acc = 95.5000
2023-11-06 11:40:07,358 - fewshot_modelnet_linear_classification - INFO - Save checkpoint at ./experiments/fewshot_modelnet_linear_classification/cfgs/lr0.02/ckpt-last.pth
2023-11-06 11:40:09,600 - fewshot_modelnet_linear_classification - INFO - [Training] EPOCH: 118 EpochTime = 2.240 (s) Losses = ['0.0184', '99.4792'] lr = 0.002164
2023-11-06 11:40:11,445 - fewshot_modelnet_linear_classification - INFO - [Validation] EPOCH: 118  acc = 95.0000
2023-11-06 11:40:11,921 - fewshot_modelnet_linear_classification - INFO - Save checkpoint at ./experiments/fewshot_modelnet_linear_classification/cfgs/lr0.02/ckpt-last.pth
2023-11-06 11:40:14,228 - fewshot_modelnet_linear_classification - INFO - [Training] EPOCH: 119 EpochTime = 2.305 (s) Losses = ['0.0090', '100.0000'] lr = 0.002036
2023-11-06 11:40:16,143 - fewshot_modelnet_linear_classification - INFO - [Validation] EPOCH: 119  acc = 95.5000
2023-11-06 11:40:16,699 - fewshot_modelnet_linear_classification - INFO - Save checkpoint at ./experiments/fewshot_modelnet_linear_classification/cfgs/lr0.02/ckpt-last.pth
2023-11-06 11:40:18,958 - fewshot_modelnet_linear_classification - INFO - [Training] EPOCH: 120 EpochTime = 2.257 (s) Losses = ['0.0102', '100.0000'] lr = 0.001911
2023-11-06 11:40:20,833 - fewshot_modelnet_linear_classification - INFO - [Validation] EPOCH: 120  acc = 95.0000
2023-11-06 11:40:21,913 - fewshot_modelnet_linear_classification - INFO - Save checkpoint at ./experiments/fewshot_modelnet_linear_classification/cfgs/lr0.02/ckpt-last.pth
2023-11-06 11:40:24,423 - fewshot_modelnet_linear_classification - INFO - [Training] EPOCH: 121 EpochTime = 2.509 (s) Losses = ['0.0141', '99.4792'] lr = 0.001789
2023-11-06 11:40:26,006 - fewshot_modelnet_linear_classification - INFO - [Validation] EPOCH: 121  acc = 95.0000
2023-11-06 11:40:26,572 - fewshot_modelnet_linear_classification - INFO - Save checkpoint at ./experiments/fewshot_modelnet_linear_classification/cfgs/lr0.02/ckpt-last.pth
2023-11-06 11:40:28,969 - fewshot_modelnet_linear_classification - INFO - [Training] EPOCH: 122 EpochTime = 2.396 (s) Losses = ['0.0092', '100.0000'] lr = 0.001672
2023-11-06 11:40:31,051 - fewshot_modelnet_linear_classification - INFO - [Validation] EPOCH: 122  acc = 95.0000
2023-11-06 11:40:31,583 - fewshot_modelnet_linear_classification - INFO - Save checkpoint at ./experiments/fewshot_modelnet_linear_classification/cfgs/lr0.02/ckpt-last.pth
2023-11-06 11:40:34,452 - fewshot_modelnet_linear_classification - INFO - [Training] EPOCH: 123 EpochTime = 2.866 (s) Losses = ['0.0115', '100.0000'] lr = 0.001558
2023-11-06 11:40:36,500 - fewshot_modelnet_linear_classification - INFO - [Validation] EPOCH: 123  acc = 95.0000
2023-11-06 11:40:37,039 - fewshot_modelnet_linear_classification - INFO - Save checkpoint at ./experiments/fewshot_modelnet_linear_classification/cfgs/lr0.02/ckpt-last.pth
2023-11-06 11:40:40,101 - fewshot_modelnet_linear_classification - INFO - [Training] EPOCH: 124 EpochTime = 3.060 (s) Losses = ['0.0126', '99.4792'] lr = 0.001447
2023-11-06 11:40:41,649 - fewshot_modelnet_linear_classification - INFO - [Validation] EPOCH: 124  acc = 95.5000
2023-11-06 11:40:42,906 - fewshot_modelnet_linear_classification - INFO - Save checkpoint at ./experiments/fewshot_modelnet_linear_classification/cfgs/lr0.02/ckpt-last.pth
2023-11-06 11:40:46,245 - fewshot_modelnet_linear_classification - INFO - [Training] EPOCH: 125 EpochTime = 3.337 (s) Losses = ['0.0116', '100.0000'] lr = 0.001341
2023-11-06 11:40:48,017 - fewshot_modelnet_linear_classification - INFO - [Validation] EPOCH: 125  acc = 95.0000
2023-11-06 11:40:48,542 - fewshot_modelnet_linear_classification - INFO - Save checkpoint at ./experiments/fewshot_modelnet_linear_classification/cfgs/lr0.02/ckpt-last.pth
2023-11-06 11:40:51,718 - fewshot_modelnet_linear_classification - INFO - [Training] EPOCH: 126 EpochTime = 3.174 (s) Losses = ['0.0086', '100.0000'] lr = 0.001238
2023-11-06 11:40:53,192 - fewshot_modelnet_linear_classification - INFO - [Validation] EPOCH: 126  acc = 94.5000
2023-11-06 11:40:54,595 - fewshot_modelnet_linear_classification - INFO - Save checkpoint at ./experiments/fewshot_modelnet_linear_classification/cfgs/lr0.02/ckpt-last.pth
2023-11-06 11:40:58,313 - fewshot_modelnet_linear_classification - INFO - [Training] EPOCH: 127 EpochTime = 3.717 (s) Losses = ['0.0092', '100.0000'] lr = 0.001139
2023-11-06 11:40:59,846 - fewshot_modelnet_linear_classification - INFO - [Validation] EPOCH: 127  acc = 95.0000
2023-11-06 11:41:01,527 - fewshot_modelnet_linear_classification - INFO - Save checkpoint at ./experiments/fewshot_modelnet_linear_classification/cfgs/lr0.02/ckpt-last.pth
2023-11-06 11:41:04,754 - fewshot_modelnet_linear_classification - INFO - [Training] EPOCH: 128 EpochTime = 3.225 (s) Losses = ['0.0088', '100.0000'] lr = 0.001044
2023-11-06 11:41:06,562 - fewshot_modelnet_linear_classification - INFO - [Validation] EPOCH: 128  acc = 95.0000
2023-11-06 11:41:07,264 - fewshot_modelnet_linear_classification - INFO - Save checkpoint at ./experiments/fewshot_modelnet_linear_classification/cfgs/lr0.02/ckpt-last.pth
2023-11-06 11:41:09,529 - fewshot_modelnet_linear_classification - INFO - [Training] EPOCH: 129 EpochTime = 2.264 (s) Losses = ['0.0081', '100.0000'] lr = 0.000953
2023-11-06 11:41:11,137 - fewshot_modelnet_linear_classification - INFO - [Validation] EPOCH: 129  acc = 95.0000
2023-11-06 11:41:12,284 - fewshot_modelnet_linear_classification - INFO - Save checkpoint at ./experiments/fewshot_modelnet_linear_classification/cfgs/lr0.02/ckpt-last.pth
2023-11-06 11:41:14,917 - fewshot_modelnet_linear_classification - INFO - [Training] EPOCH: 130 EpochTime = 2.630 (s) Losses = ['0.0078', '100.0000'] lr = 0.000866
2023-11-06 11:41:17,021 - fewshot_modelnet_linear_classification - INFO - [Validation] EPOCH: 130  acc = 95.0000
2023-11-06 11:41:17,642 - fewshot_modelnet_linear_classification - INFO - Save checkpoint at ./experiments/fewshot_modelnet_linear_classification/cfgs/lr0.02/ckpt-last.pth
2023-11-06 11:41:20,696 - fewshot_modelnet_linear_classification - INFO - [Training] EPOCH: 131 EpochTime = 3.052 (s) Losses = ['0.0135', '99.4792'] lr = 0.000782
2023-11-06 11:41:23,190 - fewshot_modelnet_linear_classification - INFO - [Validation] EPOCH: 131  acc = 95.0000
2023-11-06 11:41:24,082 - fewshot_modelnet_linear_classification - INFO - Save checkpoint at ./experiments/fewshot_modelnet_linear_classification/cfgs/lr0.02/ckpt-last.pth
2023-11-06 11:41:25,976 - fewshot_modelnet_linear_classification - INFO - [Training] EPOCH: 132 EpochTime = 1.892 (s) Losses = ['0.0108', '100.0000'] lr = 0.000703
2023-11-06 11:41:28,705 - fewshot_modelnet_linear_classification - INFO - [Validation] EPOCH: 132  acc = 95.0000
2023-11-06 11:41:29,306 - fewshot_modelnet_linear_classification - INFO - Save checkpoint at ./experiments/fewshot_modelnet_linear_classification/cfgs/lr0.02/ckpt-last.pth
2023-11-06 11:41:31,679 - fewshot_modelnet_linear_classification - INFO - [Training] EPOCH: 133 EpochTime = 2.371 (s) Losses = ['0.0093', '100.0000'] lr = 0.000628
2023-11-06 11:41:33,264 - fewshot_modelnet_linear_classification - INFO - [Validation] EPOCH: 133  acc = 95.0000
2023-11-06 11:41:34,709 - fewshot_modelnet_linear_classification - INFO - Save checkpoint at ./experiments/fewshot_modelnet_linear_classification/cfgs/lr0.02/ckpt-last.pth
2023-11-06 11:41:37,302 - fewshot_modelnet_linear_classification - INFO - [Training] EPOCH: 134 EpochTime = 2.591 (s) Losses = ['0.0226', '98.9583'] lr = 0.000557
2023-11-06 11:41:39,596 - fewshot_modelnet_linear_classification - INFO - [Validation] EPOCH: 134  acc = 95.5000
2023-11-06 11:41:40,227 - fewshot_modelnet_linear_classification - INFO - Save checkpoint at ./experiments/fewshot_modelnet_linear_classification/cfgs/lr0.02/ckpt-last.pth
2023-11-06 11:41:42,071 - fewshot_modelnet_linear_classification - INFO - [Training] EPOCH: 135 EpochTime = 1.843 (s) Losses = ['0.0174', '99.4792'] lr = 0.000490
2023-11-06 11:41:43,883 - fewshot_modelnet_linear_classification - INFO - [Validation] EPOCH: 135  acc = 95.5000
2023-11-06 11:41:44,402 - fewshot_modelnet_linear_classification - INFO - Save checkpoint at ./experiments/fewshot_modelnet_linear_classification/cfgs/lr0.02/ckpt-last.pth
2023-11-06 11:41:46,633 - fewshot_modelnet_linear_classification - INFO - [Training] EPOCH: 136 EpochTime = 2.229 (s) Losses = ['0.0140', '100.0000'] lr = 0.000428
2023-11-06 11:41:48,179 - fewshot_modelnet_linear_classification - INFO - [Validation] EPOCH: 136  acc = 95.0000
2023-11-06 11:41:48,784 - fewshot_modelnet_linear_classification - INFO - Save checkpoint at ./experiments/fewshot_modelnet_linear_classification/cfgs/lr0.02/ckpt-last.pth
2023-11-06 11:41:51,310 - fewshot_modelnet_linear_classification - INFO - [Training] EPOCH: 137 EpochTime = 2.525 (s) Losses = ['0.0075', '100.0000'] lr = 0.000369
2023-11-06 11:41:53,072 - fewshot_modelnet_linear_classification - INFO - [Validation] EPOCH: 137  acc = 95.0000
2023-11-06 11:41:53,930 - fewshot_modelnet_linear_classification - INFO - Save checkpoint at ./experiments/fewshot_modelnet_linear_classification/cfgs/lr0.02/ckpt-last.pth
2023-11-06 11:41:56,542 - fewshot_modelnet_linear_classification - INFO - [Training] EPOCH: 138 EpochTime = 2.571 (s) Losses = ['0.0082', '100.0000'] lr = 0.000315
2023-11-06 11:41:58,805 - fewshot_modelnet_linear_classification - INFO - [Validation] EPOCH: 138  acc = 95.0000
2023-11-06 11:41:59,906 - fewshot_modelnet_linear_classification - INFO - Save checkpoint at ./experiments/fewshot_modelnet_linear_classification/cfgs/lr0.02/ckpt-last.pth
2023-11-06 11:42:02,575 - fewshot_modelnet_linear_classification - INFO - [Training] EPOCH: 139 EpochTime = 2.667 (s) Losses = ['0.0095', '100.0000'] lr = 0.000265
2023-11-06 11:42:05,107 - fewshot_modelnet_linear_classification - INFO - [Validation] EPOCH: 139  acc = 95.0000
2023-11-06 11:42:05,927 - fewshot_modelnet_linear_classification - INFO - Save checkpoint at ./experiments/fewshot_modelnet_linear_classification/cfgs/lr0.02/ckpt-last.pth
2023-11-06 11:42:07,804 - fewshot_modelnet_linear_classification - INFO - [Training] EPOCH: 140 EpochTime = 1.874 (s) Losses = ['0.0125', '100.0000'] lr = 0.000220
2023-11-06 11:42:09,859 - fewshot_modelnet_linear_classification - INFO - [Validation] EPOCH: 140  acc = 95.0000
2023-11-06 11:42:10,473 - fewshot_modelnet_linear_classification - INFO - Save checkpoint at ./experiments/fewshot_modelnet_linear_classification/cfgs/lr0.02/ckpt-last.pth
2023-11-06 11:42:12,817 - fewshot_modelnet_linear_classification - INFO - [Training] EPOCH: 141 EpochTime = 2.342 (s) Losses = ['0.0077', '100.0000'] lr = 0.000178
2023-11-06 11:42:14,649 - fewshot_modelnet_linear_classification - INFO - [Validation] EPOCH: 141  acc = 95.5000
2023-11-06 11:42:15,223 - fewshot_modelnet_linear_classification - INFO - Save checkpoint at ./experiments/fewshot_modelnet_linear_classification/cfgs/lr0.02/ckpt-last.pth
2023-11-06 11:42:15,719 - fewshot_modelnet_linear_classification - INFO - Save checkpoint at ./experiments/fewshot_modelnet_linear_classification/cfgs/lr0.02/ckpt-epoch-141.pth
2023-11-06 11:42:18,135 - fewshot_modelnet_linear_classification - INFO - [Training] EPOCH: 142 EpochTime = 2.414 (s) Losses = ['0.0188', '99.4792'] lr = 0.000141
2023-11-06 11:42:19,792 - fewshot_modelnet_linear_classification - INFO - [Validation] EPOCH: 142  acc = 95.5000
2023-11-06 11:42:20,317 - fewshot_modelnet_linear_classification - INFO - Save checkpoint at ./experiments/fewshot_modelnet_linear_classification/cfgs/lr0.02/ckpt-last.pth
2023-11-06 11:42:20,782 - fewshot_modelnet_linear_classification - INFO - Save checkpoint at ./experiments/fewshot_modelnet_linear_classification/cfgs/lr0.02/ckpt-epoch-142.pth
2023-11-06 11:42:23,048 - fewshot_modelnet_linear_classification - INFO - [Training] EPOCH: 143 EpochTime = 2.264 (s) Losses = ['0.0099', '100.0000'] lr = 0.000108
2023-11-06 11:42:24,982 - fewshot_modelnet_linear_classification - INFO - [Validation] EPOCH: 143  acc = 95.5000
2023-11-06 11:42:25,501 - fewshot_modelnet_linear_classification - INFO - Save checkpoint at ./experiments/fewshot_modelnet_linear_classification/cfgs/lr0.02/ckpt-last.pth
2023-11-06 11:42:26,010 - fewshot_modelnet_linear_classification - INFO - Save checkpoint at ./experiments/fewshot_modelnet_linear_classification/cfgs/lr0.02/ckpt-epoch-143.pth
2023-11-06 11:42:28,278 - fewshot_modelnet_linear_classification - INFO - [Training] EPOCH: 144 EpochTime = 2.266 (s) Losses = ['0.0108', '100.0000'] lr = 0.000080
2023-11-06 11:42:30,382 - fewshot_modelnet_linear_classification - INFO - [Validation] EPOCH: 144  acc = 95.5000
2023-11-06 11:42:31,242 - fewshot_modelnet_linear_classification - INFO - Save checkpoint at ./experiments/fewshot_modelnet_linear_classification/cfgs/lr0.02/ckpt-last.pth
2023-11-06 11:42:32,349 - fewshot_modelnet_linear_classification - INFO - Save checkpoint at ./experiments/fewshot_modelnet_linear_classification/cfgs/lr0.02/ckpt-epoch-144.pth
2023-11-06 11:42:34,193 - fewshot_modelnet_linear_classification - INFO - [Training] EPOCH: 145 EpochTime = 1.842 (s) Losses = ['0.0085', '100.0000'] lr = 0.000056
2023-11-06 11:42:36,332 - fewshot_modelnet_linear_classification - INFO - [Validation] EPOCH: 145  acc = 95.5000
2023-11-06 11:42:36,803 - fewshot_modelnet_linear_classification - INFO - Save checkpoint at ./experiments/fewshot_modelnet_linear_classification/cfgs/lr0.02/ckpt-last.pth
2023-11-06 11:42:37,298 - fewshot_modelnet_linear_classification - INFO - Save checkpoint at ./experiments/fewshot_modelnet_linear_classification/cfgs/lr0.02/ckpt-epoch-145.pth
2023-11-06 11:42:39,639 - fewshot_modelnet_linear_classification - INFO - [Training] EPOCH: 146 EpochTime = 2.339 (s) Losses = ['0.0126', '100.0000'] lr = 0.000036
2023-11-06 11:42:41,688 - fewshot_modelnet_linear_classification - INFO - [Validation] EPOCH: 146  acc = 95.5000
2023-11-06 11:42:42,251 - fewshot_modelnet_linear_classification - INFO - Save checkpoint at ./experiments/fewshot_modelnet_linear_classification/cfgs/lr0.02/ckpt-last.pth
2023-11-06 11:42:42,759 - fewshot_modelnet_linear_classification - INFO - Save checkpoint at ./experiments/fewshot_modelnet_linear_classification/cfgs/lr0.02/ckpt-epoch-146.pth
2023-11-06 11:42:45,808 - fewshot_modelnet_linear_classification - INFO - [Training] EPOCH: 147 EpochTime = 3.047 (s) Losses = ['0.0149', '99.4792'] lr = 0.000021
2023-11-06 11:42:47,622 - fewshot_modelnet_linear_classification - INFO - [Validation] EPOCH: 147  acc = 95.5000
2023-11-06 11:42:48,086 - fewshot_modelnet_linear_classification - INFO - Save checkpoint at ./experiments/fewshot_modelnet_linear_classification/cfgs/lr0.02/ckpt-last.pth
2023-11-06 11:42:48,528 - fewshot_modelnet_linear_classification - INFO - Save checkpoint at ./experiments/fewshot_modelnet_linear_classification/cfgs/lr0.02/ckpt-epoch-147.pth
2023-11-06 11:42:51,594 - fewshot_modelnet_linear_classification - INFO - [Training] EPOCH: 148 EpochTime = 3.063 (s) Losses = ['0.0085', '100.0000'] lr = 0.000010
2023-11-06 11:42:53,301 - fewshot_modelnet_linear_classification - INFO - [Validation] EPOCH: 148  acc = 95.5000
2023-11-06 11:42:53,793 - fewshot_modelnet_linear_classification - INFO - Save checkpoint at ./experiments/fewshot_modelnet_linear_classification/cfgs/lr0.02/ckpt-last.pth
2023-11-06 11:42:54,263 - fewshot_modelnet_linear_classification - INFO - Save checkpoint at ./experiments/fewshot_modelnet_linear_classification/cfgs/lr0.02/ckpt-epoch-148.pth
2023-11-06 11:42:56,823 - fewshot_modelnet_linear_classification - INFO - [Training] EPOCH: 149 EpochTime = 2.558 (s) Losses = ['0.0109', '100.0000'] lr = 0.000003
2023-11-06 11:42:59,138 - fewshot_modelnet_linear_classification - INFO - [Validation] EPOCH: 149  acc = 95.5000
2023-11-06 11:42:59,644 - fewshot_modelnet_linear_classification - INFO - Save checkpoint at ./experiments/fewshot_modelnet_linear_classification/cfgs/lr0.02/ckpt-last.pth
2023-11-06 11:43:00,095 - fewshot_modelnet_linear_classification - INFO - Save checkpoint at ./experiments/fewshot_modelnet_linear_classification/cfgs/lr0.02/ckpt-epoch-149.pth
2023-11-06 11:43:02,693 - fewshot_modelnet_linear_classification - INFO - [Training] EPOCH: 150 EpochTime = 2.595 (s) Losses = ['0.0081', '100.0000'] lr = 0.000001
2023-11-06 11:43:04,857 - fewshot_modelnet_linear_classification - INFO - [Validation] EPOCH: 150  acc = 95.5000
2023-11-06 11:43:05,464 - fewshot_modelnet_linear_classification - INFO - Save checkpoint at ./experiments/fewshot_modelnet_linear_classification/cfgs/lr0.02/ckpt-last.pth
2023-11-06 11:43:06,292 - fewshot_modelnet_linear_classification - INFO - Save checkpoint at ./experiments/fewshot_modelnet_linear_classification/cfgs/lr0.02/ckpt-epoch-150.pth
