2023-11-03 17:40:18,267 - fewshot_modelnet_linear_classification - INFO - Copy the Config file from cfgs/fewshot_modelnet_linear_classification.yaml to ./experiments/fewshot_modelnet_linear_classification/cfgs/lr0.003/config.yaml
2023-11-03 17:40:18,268 - fewshot_modelnet_linear_classification - INFO - args.config : cfgs/fewshot_modelnet_linear_classification.yaml
2023-11-03 17:40:18,268 - fewshot_modelnet_linear_classification - INFO - args.launcher : none
2023-11-03 17:40:18,268 - fewshot_modelnet_linear_classification - INFO - args.local_rank : 0
2023-11-03 17:40:18,268 - fewshot_modelnet_linear_classification - INFO - args.num_workers : 8
2023-11-03 17:40:18,268 - fewshot_modelnet_linear_classification - INFO - args.seed : 0
2023-11-03 17:40:18,268 - fewshot_modelnet_linear_classification - INFO - args.deterministic : False
2023-11-03 17:40:18,268 - fewshot_modelnet_linear_classification - INFO - args.sync_bn : True
2023-11-03 17:40:18,268 - fewshot_modelnet_linear_classification - INFO - args.large_group : 5
2023-11-03 17:40:18,269 - fewshot_modelnet_linear_classification - INFO - args.small_group : 10
2023-11-03 17:40:18,269 - fewshot_modelnet_linear_classification - INFO - args.large_patch : 6
2023-11-03 17:40:18,269 - fewshot_modelnet_linear_classification - INFO - args.small_patch : 3
2023-11-03 17:40:18,269 - fewshot_modelnet_linear_classification - INFO - args.queue_length : 8192
2023-11-03 17:40:18,269 - fewshot_modelnet_linear_classification - INFO - args.epoch_queue_starts : 10
2023-11-03 17:40:18,269 - fewshot_modelnet_linear_classification - INFO - args.nmb_crops : 64
2023-11-03 17:40:18,269 - fewshot_modelnet_linear_classification - INFO - args.sample_num : 16
2023-11-03 17:40:18,269 - fewshot_modelnet_linear_classification - INFO - args.fea_dim : 384
2023-11-03 17:40:18,269 - fewshot_modelnet_linear_classification - INFO - args.hidden_mlp : 256
2023-11-03 17:40:18,270 - fewshot_modelnet_linear_classification - INFO - args.output_dim : 128
2023-11-03 17:40:18,270 - fewshot_modelnet_linear_classification - INFO - args.nmb_prototypes : 200
2023-11-03 17:40:18,270 - fewshot_modelnet_linear_classification - INFO - args.temperature : 0.1
2023-11-03 17:40:18,270 - fewshot_modelnet_linear_classification - INFO - args.epsilon : 0.05
2023-11-03 17:40:18,270 - fewshot_modelnet_linear_classification - INFO - args.sinkhorn_iterations : 3
2023-11-03 17:40:18,270 - fewshot_modelnet_linear_classification - INFO - args.world_size : 1
2023-11-03 17:40:18,270 - fewshot_modelnet_linear_classification - INFO - args.exp_name : lr0.003
2023-11-03 17:40:18,270 - fewshot_modelnet_linear_classification - INFO - args.loss : cd1
2023-11-03 17:40:18,270 - fewshot_modelnet_linear_classification - INFO - args.start_ckpts : None
2023-11-03 17:40:18,271 - fewshot_modelnet_linear_classification - INFO - args.ckpts : ./experiments/pretrain_MaskSurf/cfgs/add_as_normal/ckpt-last.pth
2023-11-03 17:40:18,271 - fewshot_modelnet_linear_classification - INFO - args.val_freq : 1
2023-11-03 17:40:18,271 - fewshot_modelnet_linear_classification - INFO - args.vote : False
2023-11-03 17:40:18,271 - fewshot_modelnet_linear_classification - INFO - args.resume : False
2023-11-03 17:40:18,271 - fewshot_modelnet_linear_classification - INFO - args.test : False
2023-11-03 17:40:18,271 - fewshot_modelnet_linear_classification - INFO - args.finetune_model : True
2023-11-03 17:40:18,271 - fewshot_modelnet_linear_classification - INFO - args.scratch_model : False
2023-11-03 17:40:18,271 - fewshot_modelnet_linear_classification - INFO - args.mode : None
2023-11-03 17:40:18,271 - fewshot_modelnet_linear_classification - INFO - args.way : 10
2023-11-03 17:40:18,271 - fewshot_modelnet_linear_classification - INFO - args.shot : 10
2023-11-03 17:40:18,272 - fewshot_modelnet_linear_classification - INFO - args.fold : 8
2023-11-03 17:40:18,272 - fewshot_modelnet_linear_classification - INFO - args.experiment_path : ./experiments/fewshot_modelnet_linear_classification/cfgs/lr0.003
2023-11-03 17:40:18,272 - fewshot_modelnet_linear_classification - INFO - args.tfboard_path : ./experiments/fewshot_modelnet_linear_classification/cfgs/TFBoard/lr0.003
2023-11-03 17:40:18,272 - fewshot_modelnet_linear_classification - INFO - args.log_name : fewshot_modelnet_linear_classification
2023-11-03 17:40:18,272 - fewshot_modelnet_linear_classification - INFO - args.use_gpu : True
2023-11-03 17:40:18,272 - fewshot_modelnet_linear_classification - INFO - args.distributed : False
2023-11-03 17:40:18,272 - fewshot_modelnet_linear_classification - INFO - config.optimizer = edict()
2023-11-03 17:40:18,272 - fewshot_modelnet_linear_classification - INFO - config.optimizer.type : AdamW
2023-11-03 17:40:18,273 - fewshot_modelnet_linear_classification - INFO - config.optimizer.part : only_new
2023-11-03 17:40:18,273 - fewshot_modelnet_linear_classification - INFO - config.optimizer.kwargs = edict()
2023-11-03 17:40:18,273 - fewshot_modelnet_linear_classification - INFO - config.optimizer.kwargs.lr : 0.003
2023-11-03 17:40:18,273 - fewshot_modelnet_linear_classification - INFO - config.optimizer.kwargs.weight_decay : 0.05
2023-11-03 17:40:18,273 - fewshot_modelnet_linear_classification - INFO - config.scheduler = edict()
2023-11-03 17:40:18,273 - fewshot_modelnet_linear_classification - INFO - config.scheduler.type : CosLR
2023-11-03 17:40:18,273 - fewshot_modelnet_linear_classification - INFO - config.scheduler.kwargs = edict()
2023-11-03 17:40:18,273 - fewshot_modelnet_linear_classification - INFO - config.scheduler.kwargs.epochs : 150
2023-11-03 17:40:18,274 - fewshot_modelnet_linear_classification - INFO - config.scheduler.kwargs.initial_epochs : 10
2023-11-03 17:40:18,274 - fewshot_modelnet_linear_classification - INFO - config.dataset = edict()
2023-11-03 17:40:18,274 - fewshot_modelnet_linear_classification - INFO - config.dataset.train = edict()
2023-11-03 17:40:18,274 - fewshot_modelnet_linear_classification - INFO - config.dataset.train._base_ = edict()
2023-11-03 17:40:18,274 - fewshot_modelnet_linear_classification - INFO - config.dataset.train._base_.NAME : ModelNetFewShot
2023-11-03 17:40:18,274 - fewshot_modelnet_linear_classification - INFO - config.dataset.train._base_.DATA_PATH : data/ModelNetFewshot
2023-11-03 17:40:18,274 - fewshot_modelnet_linear_classification - INFO - config.dataset.train._base_.N_POINTS : 8192
2023-11-03 17:40:18,274 - fewshot_modelnet_linear_classification - INFO - config.dataset.train._base_.NUM_CATEGORY : 40
2023-11-03 17:40:18,274 - fewshot_modelnet_linear_classification - INFO - config.dataset.train._base_.USE_NORMALS : False
2023-11-03 17:40:18,275 - fewshot_modelnet_linear_classification - INFO - config.dataset.train.others = edict()
2023-11-03 17:40:18,275 - fewshot_modelnet_linear_classification - INFO - config.dataset.train.others.subset : train
2023-11-03 17:40:18,275 - fewshot_modelnet_linear_classification - INFO - config.dataset.train.others.bs : 32
2023-11-03 17:40:18,275 - fewshot_modelnet_linear_classification - INFO - config.dataset.val = edict()
2023-11-03 17:40:18,275 - fewshot_modelnet_linear_classification - INFO - config.dataset.val._base_ = edict()
2023-11-03 17:40:18,275 - fewshot_modelnet_linear_classification - INFO - config.dataset.val._base_.NAME : ModelNetFewShot
2023-11-03 17:40:18,275 - fewshot_modelnet_linear_classification - INFO - config.dataset.val._base_.DATA_PATH : data/ModelNetFewshot
2023-11-03 17:40:18,275 - fewshot_modelnet_linear_classification - INFO - config.dataset.val._base_.N_POINTS : 8192
2023-11-03 17:40:18,275 - fewshot_modelnet_linear_classification - INFO - config.dataset.val._base_.NUM_CATEGORY : 40
2023-11-03 17:40:18,276 - fewshot_modelnet_linear_classification - INFO - config.dataset.val._base_.USE_NORMALS : False
2023-11-03 17:40:18,276 - fewshot_modelnet_linear_classification - INFO - config.dataset.val.others = edict()
2023-11-03 17:40:18,276 - fewshot_modelnet_linear_classification - INFO - config.dataset.val.others.subset : test
2023-11-03 17:40:18,276 - fewshot_modelnet_linear_classification - INFO - config.dataset.val.others.bs : 64
2023-11-03 17:40:18,276 - fewshot_modelnet_linear_classification - INFO - config.dataset.test = edict()
2023-11-03 17:40:18,276 - fewshot_modelnet_linear_classification - INFO - config.dataset.test._base_ = edict()
2023-11-03 17:40:18,276 - fewshot_modelnet_linear_classification - INFO - config.dataset.test._base_.NAME : ModelNet
2023-11-03 17:40:18,276 - fewshot_modelnet_linear_classification - INFO - config.dataset.test._base_.DATA_PATH : data/ModelNet/modelnet40_normal_resampled
2023-11-03 17:40:18,276 - fewshot_modelnet_linear_classification - INFO - config.dataset.test._base_.N_POINTS : 8192
2023-11-03 17:40:18,277 - fewshot_modelnet_linear_classification - INFO - config.dataset.test._base_.NUM_CATEGORY : 40
2023-11-03 17:40:18,277 - fewshot_modelnet_linear_classification - INFO - config.dataset.test._base_.USE_NORMALS : False
2023-11-03 17:40:18,277 - fewshot_modelnet_linear_classification - INFO - config.dataset.test.others = edict()
2023-11-03 17:40:18,277 - fewshot_modelnet_linear_classification - INFO - config.dataset.test.others.subset : test
2023-11-03 17:40:18,277 - fewshot_modelnet_linear_classification - INFO - config.dataset.test.others.bs : 32
2023-11-03 17:40:18,277 - fewshot_modelnet_linear_classification - INFO - config.model = edict()
2023-11-03 17:40:18,277 - fewshot_modelnet_linear_classification - INFO - config.model.NAME : PointTransformerLinearClassification
2023-11-03 17:40:18,277 - fewshot_modelnet_linear_classification - INFO - config.model.trans_dim : 384
2023-11-03 17:40:18,277 - fewshot_modelnet_linear_classification - INFO - config.model.depth : 12
2023-11-03 17:40:18,278 - fewshot_modelnet_linear_classification - INFO - config.model.drop_path_rate : 0.1
2023-11-03 17:40:18,278 - fewshot_modelnet_linear_classification - INFO - config.model.cls_dim : 40
2023-11-03 17:40:18,278 - fewshot_modelnet_linear_classification - INFO - config.model.num_heads : 6
2023-11-03 17:40:18,278 - fewshot_modelnet_linear_classification - INFO - config.model.group_size : 32
2023-11-03 17:40:18,278 - fewshot_modelnet_linear_classification - INFO - config.model.num_group : 64
2023-11-03 17:40:18,278 - fewshot_modelnet_linear_classification - INFO - config.model.encoder_dims : 384
2023-11-03 17:40:18,278 - fewshot_modelnet_linear_classification - INFO - config.npoints : 1024
2023-11-03 17:40:18,278 - fewshot_modelnet_linear_classification - INFO - config.total_bs : 32
2023-11-03 17:40:18,278 - fewshot_modelnet_linear_classification - INFO - config.step_per_update : 1
2023-11-03 17:40:18,278 - fewshot_modelnet_linear_classification - INFO - config.max_epoch : 150
2023-11-03 17:40:18,279 - fewshot_modelnet_linear_classification - INFO - config.grad_norm_clip : 10
2023-11-03 17:40:18,279 - fewshot_modelnet_linear_classification - INFO - Distributed training: False
2023-11-03 17:40:18,279 - fewshot_modelnet_linear_classification - INFO - Set random seed to 0, deterministic: False
2023-11-03 17:40:22,087 - fewshot_modelnet_linear_classification - INFO - Using Data parallel ...
2023-11-03 17:40:30,319 - fewshot_modelnet_linear_classification - INFO - [Training] EPOCH: 0 EpochTime = 8.227 (s) Losses = ['3.7133', '1.0417'] lr = 0.000001
2023-11-03 17:40:30,830 - fewshot_modelnet_linear_classification - INFO - Save checkpoint at ./experiments/fewshot_modelnet_linear_classification/cfgs/lr0.003/ckpt-last.pth
2023-11-03 17:40:32,302 - fewshot_modelnet_linear_classification - INFO - [Training] EPOCH: 1 EpochTime = 1.471 (s) Losses = ['3.6942', '2.0833'] lr = 0.000301
2023-11-03 17:40:35,959 - fewshot_modelnet_linear_classification - INFO - [Validation] EPOCH: 1  acc = 2.5000
2023-11-03 17:40:36,565 - fewshot_modelnet_linear_classification - INFO - Save checkpoint at ./experiments/fewshot_modelnet_linear_classification/cfgs/lr0.003/ckpt-best.pth
2023-11-03 17:40:36,565 - fewshot_modelnet_linear_classification - INFO - --------------------------------------------------------------------------------------------
2023-11-03 17:40:37,169 - fewshot_modelnet_linear_classification - INFO - Save checkpoint at ./experiments/fewshot_modelnet_linear_classification/cfgs/lr0.003/ckpt-last.pth
2023-11-03 17:40:39,368 - fewshot_modelnet_linear_classification - INFO - [Training] EPOCH: 2 EpochTime = 2.197 (s) Losses = ['3.4955', '6.2500'] lr = 0.000601
2023-11-03 17:40:41,726 - fewshot_modelnet_linear_classification - INFO - [Validation] EPOCH: 2  acc = 11.0000
2023-11-03 17:40:42,941 - fewshot_modelnet_linear_classification - INFO - Save checkpoint at ./experiments/fewshot_modelnet_linear_classification/cfgs/lr0.003/ckpt-best.pth
2023-11-03 17:40:42,941 - fewshot_modelnet_linear_classification - INFO - --------------------------------------------------------------------------------------------
2023-11-03 17:40:43,709 - fewshot_modelnet_linear_classification - INFO - Save checkpoint at ./experiments/fewshot_modelnet_linear_classification/cfgs/lr0.003/ckpt-last.pth
2023-11-03 17:40:46,025 - fewshot_modelnet_linear_classification - INFO - [Training] EPOCH: 3 EpochTime = 2.314 (s) Losses = ['2.8843', '11.4583'] lr = 0.000901
2023-11-03 17:40:48,369 - fewshot_modelnet_linear_classification - INFO - [Validation] EPOCH: 3  acc = 13.0000
2023-11-03 17:40:49,462 - fewshot_modelnet_linear_classification - INFO - Save checkpoint at ./experiments/fewshot_modelnet_linear_classification/cfgs/lr0.003/ckpt-best.pth
2023-11-03 17:40:49,462 - fewshot_modelnet_linear_classification - INFO - --------------------------------------------------------------------------------------------
2023-11-03 17:40:51,022 - fewshot_modelnet_linear_classification - INFO - Save checkpoint at ./experiments/fewshot_modelnet_linear_classification/cfgs/lr0.003/ckpt-last.pth
2023-11-03 17:40:53,281 - fewshot_modelnet_linear_classification - INFO - [Training] EPOCH: 4 EpochTime = 2.257 (s) Losses = ['2.3635', '19.7917'] lr = 0.001201
2023-11-03 17:40:55,618 - fewshot_modelnet_linear_classification - INFO - [Validation] EPOCH: 4  acc = 26.5000
2023-11-03 17:40:56,187 - fewshot_modelnet_linear_classification - INFO - Save checkpoint at ./experiments/fewshot_modelnet_linear_classification/cfgs/lr0.003/ckpt-best.pth
2023-11-03 17:40:56,187 - fewshot_modelnet_linear_classification - INFO - --------------------------------------------------------------------------------------------
2023-11-03 17:40:56,883 - fewshot_modelnet_linear_classification - INFO - Save checkpoint at ./experiments/fewshot_modelnet_linear_classification/cfgs/lr0.003/ckpt-last.pth
2023-11-03 17:40:59,027 - fewshot_modelnet_linear_classification - INFO - [Training] EPOCH: 5 EpochTime = 2.141 (s) Losses = ['2.1055', '30.2083'] lr = 0.001500
2023-11-03 17:41:01,350 - fewshot_modelnet_linear_classification - INFO - [Validation] EPOCH: 5  acc = 45.5000
2023-11-03 17:41:02,005 - fewshot_modelnet_linear_classification - INFO - Save checkpoint at ./experiments/fewshot_modelnet_linear_classification/cfgs/lr0.003/ckpt-best.pth
2023-11-03 17:41:02,006 - fewshot_modelnet_linear_classification - INFO - --------------------------------------------------------------------------------------------
2023-11-03 17:41:03,251 - fewshot_modelnet_linear_classification - INFO - Save checkpoint at ./experiments/fewshot_modelnet_linear_classification/cfgs/lr0.003/ckpt-last.pth
2023-11-03 17:41:05,582 - fewshot_modelnet_linear_classification - INFO - [Training] EPOCH: 6 EpochTime = 2.330 (s) Losses = ['1.9550', '40.6250'] lr = 0.001800
2023-11-03 17:41:07,210 - fewshot_modelnet_linear_classification - INFO - [Validation] EPOCH: 6  acc = 59.5000
2023-11-03 17:41:07,821 - fewshot_modelnet_linear_classification - INFO - Save checkpoint at ./experiments/fewshot_modelnet_linear_classification/cfgs/lr0.003/ckpt-best.pth
2023-11-03 17:41:07,821 - fewshot_modelnet_linear_classification - INFO - --------------------------------------------------------------------------------------------
2023-11-03 17:41:08,416 - fewshot_modelnet_linear_classification - INFO - Save checkpoint at ./experiments/fewshot_modelnet_linear_classification/cfgs/lr0.003/ckpt-last.pth
2023-11-03 17:41:10,466 - fewshot_modelnet_linear_classification - INFO - [Training] EPOCH: 7 EpochTime = 2.048 (s) Losses = ['1.7643', '55.2083'] lr = 0.002100
2023-11-03 17:41:12,817 - fewshot_modelnet_linear_classification - INFO - [Validation] EPOCH: 7  acc = 81.5000
2023-11-03 17:41:13,431 - fewshot_modelnet_linear_classification - INFO - Save checkpoint at ./experiments/fewshot_modelnet_linear_classification/cfgs/lr0.003/ckpt-best.pth
2023-11-03 17:41:13,431 - fewshot_modelnet_linear_classification - INFO - --------------------------------------------------------------------------------------------
2023-11-03 17:41:14,035 - fewshot_modelnet_linear_classification - INFO - Save checkpoint at ./experiments/fewshot_modelnet_linear_classification/cfgs/lr0.003/ckpt-last.pth
2023-11-03 17:41:16,176 - fewshot_modelnet_linear_classification - INFO - [Training] EPOCH: 8 EpochTime = 2.139 (s) Losses = ['1.5809', '65.6250'] lr = 0.002400
2023-11-03 17:41:18,421 - fewshot_modelnet_linear_classification - INFO - [Validation] EPOCH: 8  acc = 71.5000
2023-11-03 17:41:19,002 - fewshot_modelnet_linear_classification - INFO - Save checkpoint at ./experiments/fewshot_modelnet_linear_classification/cfgs/lr0.003/ckpt-last.pth
2023-11-03 17:41:21,327 - fewshot_modelnet_linear_classification - INFO - [Training] EPOCH: 9 EpochTime = 2.322 (s) Losses = ['1.3892', '65.6250'] lr = 0.002700
2023-11-03 17:41:23,638 - fewshot_modelnet_linear_classification - INFO - [Validation] EPOCH: 9  acc = 81.5000
2023-11-03 17:41:24,351 - fewshot_modelnet_linear_classification - INFO - Save checkpoint at ./experiments/fewshot_modelnet_linear_classification/cfgs/lr0.003/ckpt-last.pth
2023-11-03 17:41:26,713 - fewshot_modelnet_linear_classification - INFO - [Training] EPOCH: 10 EpochTime = 2.360 (s) Losses = ['1.2551', '76.0417'] lr = 0.002967
2023-11-03 17:41:28,914 - fewshot_modelnet_linear_classification - INFO - [Validation] EPOCH: 10  acc = 87.0000
2023-11-03 17:41:29,639 - fewshot_modelnet_linear_classification - INFO - Save checkpoint at ./experiments/fewshot_modelnet_linear_classification/cfgs/lr0.003/ckpt-best.pth
2023-11-03 17:41:29,640 - fewshot_modelnet_linear_classification - INFO - --------------------------------------------------------------------------------------------
2023-11-03 17:41:30,516 - fewshot_modelnet_linear_classification - INFO - Save checkpoint at ./experiments/fewshot_modelnet_linear_classification/cfgs/lr0.003/ckpt-last.pth
2023-11-03 17:41:32,738 - fewshot_modelnet_linear_classification - INFO - [Training] EPOCH: 11 EpochTime = 2.220 (s) Losses = ['1.1194', '78.1250'] lr = 0.002960
2023-11-03 17:41:35,145 - fewshot_modelnet_linear_classification - INFO - [Validation] EPOCH: 11  acc = 87.0000
2023-11-03 17:41:35,740 - fewshot_modelnet_linear_classification - INFO - Save checkpoint at ./experiments/fewshot_modelnet_linear_classification/cfgs/lr0.003/ckpt-last.pth
2023-11-03 17:41:37,563 - fewshot_modelnet_linear_classification - INFO - [Training] EPOCH: 12 EpochTime = 1.822 (s) Losses = ['0.9670', '86.4583'] lr = 0.002953
2023-11-03 17:41:40,157 - fewshot_modelnet_linear_classification - INFO - [Validation] EPOCH: 12  acc = 90.0000
2023-11-03 17:41:41,335 - fewshot_modelnet_linear_classification - INFO - Save checkpoint at ./experiments/fewshot_modelnet_linear_classification/cfgs/lr0.003/ckpt-best.pth
2023-11-03 17:41:41,335 - fewshot_modelnet_linear_classification - INFO - --------------------------------------------------------------------------------------------
2023-11-03 17:41:43,009 - fewshot_modelnet_linear_classification - INFO - Save checkpoint at ./experiments/fewshot_modelnet_linear_classification/cfgs/lr0.003/ckpt-last.pth
2023-11-03 17:41:44,517 - fewshot_modelnet_linear_classification - INFO - [Training] EPOCH: 13 EpochTime = 1.506 (s) Losses = ['0.9232', '79.1667'] lr = 0.002945
2023-11-03 17:41:46,926 - fewshot_modelnet_linear_classification - INFO - [Validation] EPOCH: 13  acc = 90.5000
2023-11-03 17:41:47,501 - fewshot_modelnet_linear_classification - INFO - Save checkpoint at ./experiments/fewshot_modelnet_linear_classification/cfgs/lr0.003/ckpt-best.pth
2023-11-03 17:41:47,501 - fewshot_modelnet_linear_classification - INFO - --------------------------------------------------------------------------------------------
2023-11-03 17:41:48,071 - fewshot_modelnet_linear_classification - INFO - Save checkpoint at ./experiments/fewshot_modelnet_linear_classification/cfgs/lr0.003/ckpt-last.pth
2023-11-03 17:41:50,302 - fewshot_modelnet_linear_classification - INFO - [Training] EPOCH: 14 EpochTime = 2.229 (s) Losses = ['0.8279', '85.4167'] lr = 0.002936
2023-11-03 17:41:52,682 - fewshot_modelnet_linear_classification - INFO - [Validation] EPOCH: 14  acc = 89.0000
2023-11-03 17:41:54,023 - fewshot_modelnet_linear_classification - INFO - Save checkpoint at ./experiments/fewshot_modelnet_linear_classification/cfgs/lr0.003/ckpt-last.pth
2023-11-03 17:41:56,231 - fewshot_modelnet_linear_classification - INFO - [Training] EPOCH: 15 EpochTime = 2.206 (s) Losses = ['0.7223', '84.3750'] lr = 0.002927
2023-11-03 17:41:58,476 - fewshot_modelnet_linear_classification - INFO - [Validation] EPOCH: 15  acc = 93.5000
2023-11-03 17:41:59,610 - fewshot_modelnet_linear_classification - INFO - Save checkpoint at ./experiments/fewshot_modelnet_linear_classification/cfgs/lr0.003/ckpt-best.pth
2023-11-03 17:41:59,610 - fewshot_modelnet_linear_classification - INFO - --------------------------------------------------------------------------------------------
2023-11-03 17:42:00,225 - fewshot_modelnet_linear_classification - INFO - Save checkpoint at ./experiments/fewshot_modelnet_linear_classification/cfgs/lr0.003/ckpt-last.pth
2023-11-03 17:42:02,386 - fewshot_modelnet_linear_classification - INFO - [Training] EPOCH: 16 EpochTime = 2.160 (s) Losses = ['0.6517', '89.5833'] lr = 0.002917
2023-11-03 17:42:04,733 - fewshot_modelnet_linear_classification - INFO - [Validation] EPOCH: 16  acc = 91.0000
2023-11-03 17:42:05,403 - fewshot_modelnet_linear_classification - INFO - Save checkpoint at ./experiments/fewshot_modelnet_linear_classification/cfgs/lr0.003/ckpt-last.pth
2023-11-03 17:42:07,777 - fewshot_modelnet_linear_classification - INFO - [Training] EPOCH: 17 EpochTime = 2.372 (s) Losses = ['0.6216', '87.5000'] lr = 0.002906
2023-11-03 17:42:10,163 - fewshot_modelnet_linear_classification - INFO - [Validation] EPOCH: 17  acc = 91.5000
2023-11-03 17:42:10,722 - fewshot_modelnet_linear_classification - INFO - Save checkpoint at ./experiments/fewshot_modelnet_linear_classification/cfgs/lr0.003/ckpt-last.pth
2023-11-03 17:42:12,884 - fewshot_modelnet_linear_classification - INFO - [Training] EPOCH: 18 EpochTime = 2.160 (s) Losses = ['0.6692', '79.1667'] lr = 0.002895
2023-11-03 17:42:14,571 - fewshot_modelnet_linear_classification - INFO - [Validation] EPOCH: 18  acc = 92.5000
2023-11-03 17:42:15,139 - fewshot_modelnet_linear_classification - INFO - Save checkpoint at ./experiments/fewshot_modelnet_linear_classification/cfgs/lr0.003/ckpt-last.pth
2023-11-03 17:42:17,488 - fewshot_modelnet_linear_classification - INFO - [Training] EPOCH: 19 EpochTime = 2.346 (s) Losses = ['0.5196', '88.5417'] lr = 0.002883
2023-11-03 17:42:19,742 - fewshot_modelnet_linear_classification - INFO - [Validation] EPOCH: 19  acc = 95.0000
2023-11-03 17:42:21,095 - fewshot_modelnet_linear_classification - INFO - Save checkpoint at ./experiments/fewshot_modelnet_linear_classification/cfgs/lr0.003/ckpt-best.pth
2023-11-03 17:42:21,095 - fewshot_modelnet_linear_classification - INFO - --------------------------------------------------------------------------------------------
2023-11-03 17:42:21,833 - fewshot_modelnet_linear_classification - INFO - Save checkpoint at ./experiments/fewshot_modelnet_linear_classification/cfgs/lr0.003/ckpt-last.pth
2023-11-03 17:42:24,182 - fewshot_modelnet_linear_classification - INFO - [Training] EPOCH: 20 EpochTime = 2.348 (s) Losses = ['0.4531', '92.7083'] lr = 0.002870
2023-11-03 17:42:26,438 - fewshot_modelnet_linear_classification - INFO - [Validation] EPOCH: 20  acc = 94.5000
2023-11-03 17:42:27,020 - fewshot_modelnet_linear_classification - INFO - Save checkpoint at ./experiments/fewshot_modelnet_linear_classification/cfgs/lr0.003/ckpt-last.pth
2023-11-03 17:42:29,275 - fewshot_modelnet_linear_classification - INFO - [Training] EPOCH: 21 EpochTime = 2.252 (s) Losses = ['0.4843', '90.6250'] lr = 0.002857
2023-11-03 17:42:31,448 - fewshot_modelnet_linear_classification - INFO - [Validation] EPOCH: 21  acc = 94.0000
2023-11-03 17:42:32,022 - fewshot_modelnet_linear_classification - INFO - Save checkpoint at ./experiments/fewshot_modelnet_linear_classification/cfgs/lr0.003/ckpt-last.pth
2023-11-03 17:42:34,126 - fewshot_modelnet_linear_classification - INFO - [Training] EPOCH: 22 EpochTime = 2.102 (s) Losses = ['0.4940', '84.3750'] lr = 0.002844
2023-11-03 17:42:36,452 - fewshot_modelnet_linear_classification - INFO - [Validation] EPOCH: 22  acc = 91.5000
2023-11-03 17:42:37,000 - fewshot_modelnet_linear_classification - INFO - Save checkpoint at ./experiments/fewshot_modelnet_linear_classification/cfgs/lr0.003/ckpt-last.pth
2023-11-03 17:42:39,236 - fewshot_modelnet_linear_classification - INFO - [Training] EPOCH: 23 EpochTime = 2.234 (s) Losses = ['0.4431', '87.5000'] lr = 0.002829
2023-11-03 17:42:41,428 - fewshot_modelnet_linear_classification - INFO - [Validation] EPOCH: 23  acc = 96.0000
2023-11-03 17:42:42,004 - fewshot_modelnet_linear_classification - INFO - Save checkpoint at ./experiments/fewshot_modelnet_linear_classification/cfgs/lr0.003/ckpt-best.pth
2023-11-03 17:42:42,005 - fewshot_modelnet_linear_classification - INFO - --------------------------------------------------------------------------------------------
2023-11-03 17:42:42,591 - fewshot_modelnet_linear_classification - INFO - Save checkpoint at ./experiments/fewshot_modelnet_linear_classification/cfgs/lr0.003/ckpt-last.pth
2023-11-03 17:42:44,982 - fewshot_modelnet_linear_classification - INFO - [Training] EPOCH: 24 EpochTime = 2.390 (s) Losses = ['0.3614', '95.8333'] lr = 0.002815
2023-11-03 17:42:47,333 - fewshot_modelnet_linear_classification - INFO - [Validation] EPOCH: 24  acc = 96.5000
2023-11-03 17:42:47,911 - fewshot_modelnet_linear_classification - INFO - Save checkpoint at ./experiments/fewshot_modelnet_linear_classification/cfgs/lr0.003/ckpt-best.pth
2023-11-03 17:42:47,912 - fewshot_modelnet_linear_classification - INFO - --------------------------------------------------------------------------------------------
2023-11-03 17:42:48,499 - fewshot_modelnet_linear_classification - INFO - Save checkpoint at ./experiments/fewshot_modelnet_linear_classification/cfgs/lr0.003/ckpt-last.pth
2023-11-03 17:42:50,704 - fewshot_modelnet_linear_classification - INFO - [Training] EPOCH: 25 EpochTime = 2.203 (s) Losses = ['0.3730', '92.7083'] lr = 0.002799
2023-11-03 17:42:52,831 - fewshot_modelnet_linear_classification - INFO - [Validation] EPOCH: 25  acc = 95.5000
2023-11-03 17:42:53,431 - fewshot_modelnet_linear_classification - INFO - Save checkpoint at ./experiments/fewshot_modelnet_linear_classification/cfgs/lr0.003/ckpt-last.pth
2023-11-03 17:42:55,812 - fewshot_modelnet_linear_classification - INFO - [Training] EPOCH: 26 EpochTime = 2.378 (s) Losses = ['0.3673', '94.7917'] lr = 0.002783
2023-11-03 17:42:57,513 - fewshot_modelnet_linear_classification - INFO - [Validation] EPOCH: 26  acc = 95.5000
2023-11-03 17:42:58,351 - fewshot_modelnet_linear_classification - INFO - Save checkpoint at ./experiments/fewshot_modelnet_linear_classification/cfgs/lr0.003/ckpt-last.pth
2023-11-03 17:43:00,747 - fewshot_modelnet_linear_classification - INFO - [Training] EPOCH: 27 EpochTime = 2.394 (s) Losses = ['0.3800', '88.5417'] lr = 0.002767
2023-11-03 17:43:03,082 - fewshot_modelnet_linear_classification - INFO - [Validation] EPOCH: 27  acc = 94.0000
2023-11-03 17:43:03,965 - fewshot_modelnet_linear_classification - INFO - Save checkpoint at ./experiments/fewshot_modelnet_linear_classification/cfgs/lr0.003/ckpt-last.pth
2023-11-03 17:43:06,141 - fewshot_modelnet_linear_classification - INFO - [Training] EPOCH: 28 EpochTime = 2.174 (s) Losses = ['0.3462', '94.7917'] lr = 0.002749
2023-11-03 17:43:08,567 - fewshot_modelnet_linear_classification - INFO - [Validation] EPOCH: 28  acc = 95.5000
2023-11-03 17:43:09,138 - fewshot_modelnet_linear_classification - INFO - Save checkpoint at ./experiments/fewshot_modelnet_linear_classification/cfgs/lr0.003/ckpt-last.pth
2023-11-03 17:43:11,619 - fewshot_modelnet_linear_classification - INFO - [Training] EPOCH: 29 EpochTime = 2.479 (s) Losses = ['0.3157', '92.7083'] lr = 0.002732
2023-11-03 17:43:13,918 - fewshot_modelnet_linear_classification - INFO - [Validation] EPOCH: 29  acc = 96.5000
2023-11-03 17:43:14,539 - fewshot_modelnet_linear_classification - INFO - Save checkpoint at ./experiments/fewshot_modelnet_linear_classification/cfgs/lr0.003/ckpt-last.pth
2023-11-03 17:43:16,699 - fewshot_modelnet_linear_classification - INFO - [Training] EPOCH: 30 EpochTime = 2.158 (s) Losses = ['0.3037', '95.8333'] lr = 0.002714
2023-11-03 17:43:18,973 - fewshot_modelnet_linear_classification - INFO - [Validation] EPOCH: 30  acc = 96.5000
2023-11-03 17:43:19,563 - fewshot_modelnet_linear_classification - INFO - Save checkpoint at ./experiments/fewshot_modelnet_linear_classification/cfgs/lr0.003/ckpt-last.pth
2023-11-03 17:43:21,819 - fewshot_modelnet_linear_classification - INFO - [Training] EPOCH: 31 EpochTime = 2.254 (s) Losses = ['0.2843', '96.8750'] lr = 0.002695
2023-11-03 17:43:24,199 - fewshot_modelnet_linear_classification - INFO - [Validation] EPOCH: 31  acc = 95.0000
2023-11-03 17:43:24,950 - fewshot_modelnet_linear_classification - INFO - Save checkpoint at ./experiments/fewshot_modelnet_linear_classification/cfgs/lr0.003/ckpt-last.pth
2023-11-03 17:43:27,266 - fewshot_modelnet_linear_classification - INFO - [Training] EPOCH: 32 EpochTime = 2.314 (s) Losses = ['0.2503', '98.9583'] lr = 0.002676
2023-11-03 17:43:28,912 - fewshot_modelnet_linear_classification - INFO - [Validation] EPOCH: 32  acc = 96.0000
2023-11-03 17:43:29,478 - fewshot_modelnet_linear_classification - INFO - Save checkpoint at ./experiments/fewshot_modelnet_linear_classification/cfgs/lr0.003/ckpt-last.pth
2023-11-03 17:43:31,850 - fewshot_modelnet_linear_classification - INFO - [Training] EPOCH: 33 EpochTime = 2.369 (s) Losses = ['0.3066', '93.7500'] lr = 0.002656
2023-11-03 17:43:33,677 - fewshot_modelnet_linear_classification - INFO - [Validation] EPOCH: 33  acc = 96.5000
2023-11-03 17:43:34,920 - fewshot_modelnet_linear_classification - INFO - Save checkpoint at ./experiments/fewshot_modelnet_linear_classification/cfgs/lr0.003/ckpt-last.pth
2023-11-03 17:43:37,207 - fewshot_modelnet_linear_classification - INFO - [Training] EPOCH: 34 EpochTime = 2.284 (s) Losses = ['0.2591', '96.8750'] lr = 0.002636
2023-11-03 17:43:39,394 - fewshot_modelnet_linear_classification - INFO - [Validation] EPOCH: 34  acc = 96.5000
2023-11-03 17:43:39,974 - fewshot_modelnet_linear_classification - INFO - Save checkpoint at ./experiments/fewshot_modelnet_linear_classification/cfgs/lr0.003/ckpt-last.pth
2023-11-03 17:43:42,346 - fewshot_modelnet_linear_classification - INFO - [Training] EPOCH: 35 EpochTime = 2.369 (s) Losses = ['0.2232', '100.0000'] lr = 0.002615
2023-11-03 17:43:44,670 - fewshot_modelnet_linear_classification - INFO - [Validation] EPOCH: 35  acc = 97.0000
2023-11-03 17:43:45,239 - fewshot_modelnet_linear_classification - INFO - Save checkpoint at ./experiments/fewshot_modelnet_linear_classification/cfgs/lr0.003/ckpt-best.pth
2023-11-03 17:43:45,239 - fewshot_modelnet_linear_classification - INFO - --------------------------------------------------------------------------------------------
2023-11-03 17:43:46,076 - fewshot_modelnet_linear_classification - INFO - Save checkpoint at ./experiments/fewshot_modelnet_linear_classification/cfgs/lr0.003/ckpt-last.pth
2023-11-03 17:43:48,342 - fewshot_modelnet_linear_classification - INFO - [Training] EPOCH: 36 EpochTime = 2.264 (s) Losses = ['0.2275', '98.9583'] lr = 0.002594
2023-11-03 17:43:50,529 - fewshot_modelnet_linear_classification - INFO - [Validation] EPOCH: 36  acc = 97.0000
2023-11-03 17:43:51,069 - fewshot_modelnet_linear_classification - INFO - Save checkpoint at ./experiments/fewshot_modelnet_linear_classification/cfgs/lr0.003/ckpt-last.pth
2023-11-03 17:43:53,157 - fewshot_modelnet_linear_classification - INFO - [Training] EPOCH: 37 EpochTime = 2.086 (s) Losses = ['0.2000', '98.9583'] lr = 0.002572
2023-11-03 17:43:55,349 - fewshot_modelnet_linear_classification - INFO - [Validation] EPOCH: 37  acc = 96.5000
2023-11-03 17:43:55,944 - fewshot_modelnet_linear_classification - INFO - Save checkpoint at ./experiments/fewshot_modelnet_linear_classification/cfgs/lr0.003/ckpt-last.pth
2023-11-03 17:43:57,972 - fewshot_modelnet_linear_classification - INFO - [Training] EPOCH: 38 EpochTime = 2.026 (s) Losses = ['0.2371', '95.8333'] lr = 0.002550
2023-11-03 17:44:00,234 - fewshot_modelnet_linear_classification - INFO - [Validation] EPOCH: 38  acc = 96.5000
2023-11-03 17:44:01,586 - fewshot_modelnet_linear_classification - INFO - Save checkpoint at ./experiments/fewshot_modelnet_linear_classification/cfgs/lr0.003/ckpt-last.pth
2023-11-03 17:44:03,704 - fewshot_modelnet_linear_classification - INFO - [Training] EPOCH: 39 EpochTime = 2.116 (s) Losses = ['0.2568', '96.8750'] lr = 0.002527
2023-11-03 17:44:05,524 - fewshot_modelnet_linear_classification - INFO - [Validation] EPOCH: 39  acc = 96.5000
2023-11-03 17:44:06,096 - fewshot_modelnet_linear_classification - INFO - Save checkpoint at ./experiments/fewshot_modelnet_linear_classification/cfgs/lr0.003/ckpt-last.pth
2023-11-03 17:44:08,426 - fewshot_modelnet_linear_classification - INFO - [Training] EPOCH: 40 EpochTime = 2.328 (s) Losses = ['0.2281', '96.8750'] lr = 0.002504
2023-11-03 17:44:10,237 - fewshot_modelnet_linear_classification - INFO - [Validation] EPOCH: 40  acc = 96.5000
2023-11-03 17:44:10,874 - fewshot_modelnet_linear_classification - INFO - Save checkpoint at ./experiments/fewshot_modelnet_linear_classification/cfgs/lr0.003/ckpt-last.pth
2023-11-03 17:44:12,950 - fewshot_modelnet_linear_classification - INFO - [Training] EPOCH: 41 EpochTime = 2.075 (s) Losses = ['0.2190', '98.9583'] lr = 0.002480
2023-11-03 17:44:15,142 - fewshot_modelnet_linear_classification - INFO - [Validation] EPOCH: 41  acc = 97.5000
2023-11-03 17:44:15,669 - fewshot_modelnet_linear_classification - INFO - Save checkpoint at ./experiments/fewshot_modelnet_linear_classification/cfgs/lr0.003/ckpt-best.pth
2023-11-03 17:44:15,670 - fewshot_modelnet_linear_classification - INFO - --------------------------------------------------------------------------------------------
2023-11-03 17:44:16,633 - fewshot_modelnet_linear_classification - INFO - Save checkpoint at ./experiments/fewshot_modelnet_linear_classification/cfgs/lr0.003/ckpt-last.pth
2023-11-03 17:44:18,653 - fewshot_modelnet_linear_classification - INFO - [Training] EPOCH: 42 EpochTime = 2.019 (s) Losses = ['0.2161', '97.9167'] lr = 0.002456
2023-11-03 17:44:21,008 - fewshot_modelnet_linear_classification - INFO - [Validation] EPOCH: 42  acc = 97.0000
2023-11-03 17:44:21,614 - fewshot_modelnet_linear_classification - INFO - Save checkpoint at ./experiments/fewshot_modelnet_linear_classification/cfgs/lr0.003/ckpt-last.pth
2023-11-03 17:44:23,780 - fewshot_modelnet_linear_classification - INFO - [Training] EPOCH: 43 EpochTime = 2.164 (s) Losses = ['0.2110', '95.8333'] lr = 0.002432
2023-11-03 17:44:26,143 - fewshot_modelnet_linear_classification - INFO - [Validation] EPOCH: 43  acc = 97.0000
2023-11-03 17:44:26,792 - fewshot_modelnet_linear_classification - INFO - Save checkpoint at ./experiments/fewshot_modelnet_linear_classification/cfgs/lr0.003/ckpt-last.pth
2023-11-03 17:44:29,220 - fewshot_modelnet_linear_classification - INFO - [Training] EPOCH: 44 EpochTime = 2.427 (s) Losses = ['0.1770', '100.0000'] lr = 0.002407
2023-11-03 17:44:31,629 - fewshot_modelnet_linear_classification - INFO - [Validation] EPOCH: 44  acc = 96.5000
2023-11-03 17:44:32,238 - fewshot_modelnet_linear_classification - INFO - Save checkpoint at ./experiments/fewshot_modelnet_linear_classification/cfgs/lr0.003/ckpt-last.pth
2023-11-03 17:44:34,616 - fewshot_modelnet_linear_classification - INFO - [Training] EPOCH: 45 EpochTime = 2.376 (s) Losses = ['0.1961', '98.9583'] lr = 0.002382
2023-11-03 17:44:36,830 - fewshot_modelnet_linear_classification - INFO - [Validation] EPOCH: 45  acc = 96.5000
2023-11-03 17:44:37,381 - fewshot_modelnet_linear_classification - INFO - Save checkpoint at ./experiments/fewshot_modelnet_linear_classification/cfgs/lr0.003/ckpt-last.pth
2023-11-03 17:44:39,808 - fewshot_modelnet_linear_classification - INFO - [Training] EPOCH: 46 EpochTime = 2.425 (s) Losses = ['0.1975', '96.8750'] lr = 0.002356
2023-11-03 17:44:41,758 - fewshot_modelnet_linear_classification - INFO - [Validation] EPOCH: 46  acc = 96.5000
2023-11-03 17:44:42,603 - fewshot_modelnet_linear_classification - INFO - Save checkpoint at ./experiments/fewshot_modelnet_linear_classification/cfgs/lr0.003/ckpt-last.pth
2023-11-03 17:44:45,050 - fewshot_modelnet_linear_classification - INFO - [Training] EPOCH: 47 EpochTime = 2.446 (s) Losses = ['0.1574', '98.9583'] lr = 0.002330
2023-11-03 17:44:47,022 - fewshot_modelnet_linear_classification - INFO - [Validation] EPOCH: 47  acc = 97.5000
2023-11-03 17:44:48,192 - fewshot_modelnet_linear_classification - INFO - Save checkpoint at ./experiments/fewshot_modelnet_linear_classification/cfgs/lr0.003/ckpt-last.pth
2023-11-03 17:44:50,386 - fewshot_modelnet_linear_classification - INFO - [Training] EPOCH: 48 EpochTime = 2.192 (s) Losses = ['0.1915', '97.9167'] lr = 0.002304
2023-11-03 17:44:52,808 - fewshot_modelnet_linear_classification - INFO - [Validation] EPOCH: 48  acc = 97.5000
2023-11-03 17:44:53,774 - fewshot_modelnet_linear_classification - INFO - Save checkpoint at ./experiments/fewshot_modelnet_linear_classification/cfgs/lr0.003/ckpt-last.pth
2023-11-03 17:44:56,072 - fewshot_modelnet_linear_classification - INFO - [Training] EPOCH: 49 EpochTime = 2.296 (s) Losses = ['0.1761', '95.8333'] lr = 0.002277
2023-11-03 17:44:58,389 - fewshot_modelnet_linear_classification - INFO - [Validation] EPOCH: 49  acc = 97.0000
2023-11-03 17:44:58,956 - fewshot_modelnet_linear_classification - INFO - Save checkpoint at ./experiments/fewshot_modelnet_linear_classification/cfgs/lr0.003/ckpt-last.pth
2023-11-03 17:45:01,318 - fewshot_modelnet_linear_classification - INFO - [Training] EPOCH: 50 EpochTime = 2.360 (s) Losses = ['0.1607', '97.9167'] lr = 0.002250
2023-11-03 17:45:03,658 - fewshot_modelnet_linear_classification - INFO - [Validation] EPOCH: 50  acc = 96.5000
2023-11-03 17:45:04,439 - fewshot_modelnet_linear_classification - INFO - Save checkpoint at ./experiments/fewshot_modelnet_linear_classification/cfgs/lr0.003/ckpt-last.pth
2023-11-03 17:45:06,715 - fewshot_modelnet_linear_classification - INFO - [Training] EPOCH: 51 EpochTime = 2.274 (s) Losses = ['0.1369', '98.9583'] lr = 0.002223
2023-11-03 17:45:09,089 - fewshot_modelnet_linear_classification - INFO - [Validation] EPOCH: 51  acc = 96.5000
2023-11-03 17:45:09,663 - fewshot_modelnet_linear_classification - INFO - Save checkpoint at ./experiments/fewshot_modelnet_linear_classification/cfgs/lr0.003/ckpt-last.pth
2023-11-03 17:45:12,103 - fewshot_modelnet_linear_classification - INFO - [Training] EPOCH: 52 EpochTime = 2.438 (s) Losses = ['0.1396', '100.0000'] lr = 0.002195
2023-11-03 17:45:14,283 - fewshot_modelnet_linear_classification - INFO - [Validation] EPOCH: 52  acc = 97.0000
2023-11-03 17:45:14,867 - fewshot_modelnet_linear_classification - INFO - Save checkpoint at ./experiments/fewshot_modelnet_linear_classification/cfgs/lr0.003/ckpt-last.pth
2023-11-03 17:45:16,938 - fewshot_modelnet_linear_classification - INFO - [Training] EPOCH: 53 EpochTime = 2.068 (s) Losses = ['0.1444', '97.9167'] lr = 0.002167
2023-11-03 17:45:18,579 - fewshot_modelnet_linear_classification - INFO - [Validation] EPOCH: 53  acc = 97.0000
2023-11-03 17:45:19,160 - fewshot_modelnet_linear_classification - INFO - Save checkpoint at ./experiments/fewshot_modelnet_linear_classification/cfgs/lr0.003/ckpt-last.pth
2023-11-03 17:45:21,482 - fewshot_modelnet_linear_classification - INFO - [Training] EPOCH: 54 EpochTime = 2.320 (s) Losses = ['0.1283', '100.0000'] lr = 0.002139
2023-11-03 17:45:23,538 - fewshot_modelnet_linear_classification - INFO - [Validation] EPOCH: 54  acc = 96.5000
2023-11-03 17:45:24,402 - fewshot_modelnet_linear_classification - INFO - Save checkpoint at ./experiments/fewshot_modelnet_linear_classification/cfgs/lr0.003/ckpt-last.pth
2023-11-03 17:45:26,753 - fewshot_modelnet_linear_classification - INFO - [Training] EPOCH: 55 EpochTime = 2.350 (s) Losses = ['0.1579', '98.9583'] lr = 0.002110
2023-11-03 17:45:29,153 - fewshot_modelnet_linear_classification - INFO - [Validation] EPOCH: 55  acc = 97.0000
2023-11-03 17:45:30,261 - fewshot_modelnet_linear_classification - INFO - Save checkpoint at ./experiments/fewshot_modelnet_linear_classification/cfgs/lr0.003/ckpt-last.pth
2023-11-03 17:45:32,485 - fewshot_modelnet_linear_classification - INFO - [Training] EPOCH: 56 EpochTime = 2.221 (s) Losses = ['0.1269', '100.0000'] lr = 0.002082
2023-11-03 17:45:34,834 - fewshot_modelnet_linear_classification - INFO - [Validation] EPOCH: 56  acc = 97.0000
2023-11-03 17:45:35,407 - fewshot_modelnet_linear_classification - INFO - Save checkpoint at ./experiments/fewshot_modelnet_linear_classification/cfgs/lr0.003/ckpt-last.pth
2023-11-03 17:45:37,603 - fewshot_modelnet_linear_classification - INFO - [Training] EPOCH: 57 EpochTime = 2.194 (s) Losses = ['0.1437', '98.9583'] lr = 0.002053
2023-11-03 17:45:39,767 - fewshot_modelnet_linear_classification - INFO - [Validation] EPOCH: 57  acc = 97.0000
2023-11-03 17:45:40,362 - fewshot_modelnet_linear_classification - INFO - Save checkpoint at ./experiments/fewshot_modelnet_linear_classification/cfgs/lr0.003/ckpt-last.pth
2023-11-03 17:45:42,715 - fewshot_modelnet_linear_classification - INFO - [Training] EPOCH: 58 EpochTime = 2.351 (s) Losses = ['0.1584', '97.9167'] lr = 0.002023
2023-11-03 17:45:44,961 - fewshot_modelnet_linear_classification - INFO - [Validation] EPOCH: 58  acc = 97.5000
2023-11-03 17:45:45,513 - fewshot_modelnet_linear_classification - INFO - Save checkpoint at ./experiments/fewshot_modelnet_linear_classification/cfgs/lr0.003/ckpt-last.pth
2023-11-03 17:45:47,520 - fewshot_modelnet_linear_classification - INFO - [Training] EPOCH: 59 EpochTime = 2.006 (s) Losses = ['0.1393', '100.0000'] lr = 0.001994
2023-11-03 17:45:49,763 - fewshot_modelnet_linear_classification - INFO - [Validation] EPOCH: 59  acc = 96.5000
2023-11-03 17:45:50,326 - fewshot_modelnet_linear_classification - INFO - Save checkpoint at ./experiments/fewshot_modelnet_linear_classification/cfgs/lr0.003/ckpt-last.pth
2023-11-03 17:45:52,577 - fewshot_modelnet_linear_classification - INFO - [Training] EPOCH: 60 EpochTime = 2.249 (s) Losses = ['0.1222', '100.0000'] lr = 0.001964
2023-11-03 17:45:54,934 - fewshot_modelnet_linear_classification - INFO - [Validation] EPOCH: 60  acc = 96.0000
2023-11-03 17:45:55,526 - fewshot_modelnet_linear_classification - INFO - Save checkpoint at ./experiments/fewshot_modelnet_linear_classification/cfgs/lr0.003/ckpt-last.pth
2023-11-03 17:45:57,459 - fewshot_modelnet_linear_classification - INFO - [Training] EPOCH: 61 EpochTime = 1.932 (s) Losses = ['0.1436', '97.9167'] lr = 0.001934
2023-11-03 17:46:00,062 - fewshot_modelnet_linear_classification - INFO - [Validation] EPOCH: 61  acc = 96.0000
2023-11-03 17:46:00,584 - fewshot_modelnet_linear_classification - INFO - Save checkpoint at ./experiments/fewshot_modelnet_linear_classification/cfgs/lr0.003/ckpt-last.pth
2023-11-03 17:46:02,140 - fewshot_modelnet_linear_classification - INFO - [Training] EPOCH: 62 EpochTime = 1.554 (s) Losses = ['0.1233', '98.9583'] lr = 0.001904
2023-11-03 17:46:04,464 - fewshot_modelnet_linear_classification - INFO - [Validation] EPOCH: 62  acc = 96.0000
2023-11-03 17:46:05,503 - fewshot_modelnet_linear_classification - INFO - Save checkpoint at ./experiments/fewshot_modelnet_linear_classification/cfgs/lr0.003/ckpt-last.pth
2023-11-03 17:46:07,787 - fewshot_modelnet_linear_classification - INFO - [Training] EPOCH: 63 EpochTime = 2.282 (s) Losses = ['0.1423', '98.9583'] lr = 0.001873
2023-11-03 17:46:09,993 - fewshot_modelnet_linear_classification - INFO - [Validation] EPOCH: 63  acc = 97.0000
2023-11-03 17:46:10,560 - fewshot_modelnet_linear_classification - INFO - Save checkpoint at ./experiments/fewshot_modelnet_linear_classification/cfgs/lr0.003/ckpt-last.pth
2023-11-03 17:46:12,898 - fewshot_modelnet_linear_classification - INFO - [Training] EPOCH: 64 EpochTime = 2.336 (s) Losses = ['0.1130', '98.9583'] lr = 0.001843
2023-11-03 17:46:15,236 - fewshot_modelnet_linear_classification - INFO - [Validation] EPOCH: 64  acc = 97.5000
2023-11-03 17:46:15,791 - fewshot_modelnet_linear_classification - INFO - Save checkpoint at ./experiments/fewshot_modelnet_linear_classification/cfgs/lr0.003/ckpt-last.pth
2023-11-03 17:46:18,015 - fewshot_modelnet_linear_classification - INFO - [Training] EPOCH: 65 EpochTime = 2.221 (s) Losses = ['0.1353', '98.9583'] lr = 0.001812
2023-11-03 17:46:20,230 - fewshot_modelnet_linear_classification - INFO - [Validation] EPOCH: 65  acc = 97.5000
2023-11-03 17:46:20,836 - fewshot_modelnet_linear_classification - INFO - Save checkpoint at ./experiments/fewshot_modelnet_linear_classification/cfgs/lr0.003/ckpt-last.pth
2023-11-03 17:46:23,151 - fewshot_modelnet_linear_classification - INFO - [Training] EPOCH: 66 EpochTime = 2.312 (s) Losses = ['0.1580', '98.9583'] lr = 0.001781
2023-11-03 17:46:25,535 - fewshot_modelnet_linear_classification - INFO - [Validation] EPOCH: 66  acc = 98.0000
2023-11-03 17:46:26,101 - fewshot_modelnet_linear_classification - INFO - Save checkpoint at ./experiments/fewshot_modelnet_linear_classification/cfgs/lr0.003/ckpt-best.pth
2023-11-03 17:46:26,101 - fewshot_modelnet_linear_classification - INFO - --------------------------------------------------------------------------------------------
2023-11-03 17:46:27,514 - fewshot_modelnet_linear_classification - INFO - Save checkpoint at ./experiments/fewshot_modelnet_linear_classification/cfgs/lr0.003/ckpt-last.pth
2023-11-03 17:46:29,774 - fewshot_modelnet_linear_classification - INFO - [Training] EPOCH: 67 EpochTime = 2.257 (s) Losses = ['0.1379', '98.9583'] lr = 0.001751
2023-11-03 17:46:32,127 - fewshot_modelnet_linear_classification - INFO - [Validation] EPOCH: 67  acc = 98.0000
2023-11-03 17:46:32,751 - fewshot_modelnet_linear_classification - INFO - Save checkpoint at ./experiments/fewshot_modelnet_linear_classification/cfgs/lr0.003/ckpt-last.pth
2023-11-03 17:46:34,595 - fewshot_modelnet_linear_classification - INFO - [Training] EPOCH: 68 EpochTime = 1.842 (s) Losses = ['0.1077', '100.0000'] lr = 0.001720
2023-11-03 17:46:37,015 - fewshot_modelnet_linear_classification - INFO - [Validation] EPOCH: 68  acc = 97.5000
2023-11-03 17:46:37,675 - fewshot_modelnet_linear_classification - INFO - Save checkpoint at ./experiments/fewshot_modelnet_linear_classification/cfgs/lr0.003/ckpt-last.pth
2023-11-03 17:46:39,222 - fewshot_modelnet_linear_classification - INFO - [Training] EPOCH: 69 EpochTime = 1.545 (s) Losses = ['0.1229', '98.9583'] lr = 0.001688
2023-11-03 17:46:41,534 - fewshot_modelnet_linear_classification - INFO - [Validation] EPOCH: 69  acc = 96.5000
2023-11-03 17:46:42,268 - fewshot_modelnet_linear_classification - INFO - Save checkpoint at ./experiments/fewshot_modelnet_linear_classification/cfgs/lr0.003/ckpt-last.pth
2023-11-03 17:46:44,516 - fewshot_modelnet_linear_classification - INFO - [Training] EPOCH: 70 EpochTime = 2.246 (s) Losses = ['0.1307', '98.9583'] lr = 0.001657
2023-11-03 17:46:46,872 - fewshot_modelnet_linear_classification - INFO - [Validation] EPOCH: 70  acc = 95.5000
2023-11-03 17:46:47,851 - fewshot_modelnet_linear_classification - INFO - Save checkpoint at ./experiments/fewshot_modelnet_linear_classification/cfgs/lr0.003/ckpt-last.pth
2023-11-03 17:46:50,226 - fewshot_modelnet_linear_classification - INFO - [Training] EPOCH: 71 EpochTime = 2.371 (s) Losses = ['0.1145', '98.9583'] lr = 0.001626
2023-11-03 17:46:52,577 - fewshot_modelnet_linear_classification - INFO - [Validation] EPOCH: 71  acc = 96.5000
2023-11-03 17:46:53,206 - fewshot_modelnet_linear_classification - INFO - Save checkpoint at ./experiments/fewshot_modelnet_linear_classification/cfgs/lr0.003/ckpt-last.pth
2023-11-03 17:46:55,336 - fewshot_modelnet_linear_classification - INFO - [Training] EPOCH: 72 EpochTime = 2.128 (s) Losses = ['0.0981', '100.0000'] lr = 0.001595
2023-11-03 17:46:57,669 - fewshot_modelnet_linear_classification - INFO - [Validation] EPOCH: 72  acc = 97.5000
2023-11-03 17:46:58,222 - fewshot_modelnet_linear_classification - INFO - Save checkpoint at ./experiments/fewshot_modelnet_linear_classification/cfgs/lr0.003/ckpt-last.pth
2023-11-03 17:47:00,534 - fewshot_modelnet_linear_classification - INFO - [Training] EPOCH: 73 EpochTime = 2.310 (s) Losses = ['0.1223', '100.0000'] lr = 0.001563
2023-11-03 17:47:02,812 - fewshot_modelnet_linear_classification - INFO - [Validation] EPOCH: 73  acc = 97.5000
2023-11-03 17:47:03,354 - fewshot_modelnet_linear_classification - INFO - Save checkpoint at ./experiments/fewshot_modelnet_linear_classification/cfgs/lr0.003/ckpt-last.pth
2023-11-03 17:47:05,930 - fewshot_modelnet_linear_classification - INFO - [Training] EPOCH: 74 EpochTime = 2.574 (s) Losses = ['0.1069', '100.0000'] lr = 0.001532
2023-11-03 17:47:08,296 - fewshot_modelnet_linear_classification - INFO - [Validation] EPOCH: 74  acc = 97.5000
2023-11-03 17:47:08,834 - fewshot_modelnet_linear_classification - INFO - Save checkpoint at ./experiments/fewshot_modelnet_linear_classification/cfgs/lr0.003/ckpt-last.pth
2023-11-03 17:47:10,680 - fewshot_modelnet_linear_classification - INFO - [Training] EPOCH: 75 EpochTime = 1.843 (s) Losses = ['0.1055', '98.9583'] lr = 0.001500
2023-11-03 17:47:13,114 - fewshot_modelnet_linear_classification - INFO - [Validation] EPOCH: 75  acc = 97.5000
2023-11-03 17:47:13,751 - fewshot_modelnet_linear_classification - INFO - Save checkpoint at ./experiments/fewshot_modelnet_linear_classification/cfgs/lr0.003/ckpt-last.pth
2023-11-03 17:47:16,199 - fewshot_modelnet_linear_classification - INFO - [Training] EPOCH: 76 EpochTime = 2.446 (s) Losses = ['0.1075', '98.9583'] lr = 0.001469
2023-11-03 17:47:18,015 - fewshot_modelnet_linear_classification - INFO - [Validation] EPOCH: 76  acc = 97.5000
2023-11-03 17:47:18,640 - fewshot_modelnet_linear_classification - INFO - Save checkpoint at ./experiments/fewshot_modelnet_linear_classification/cfgs/lr0.003/ckpt-last.pth
2023-11-03 17:47:20,959 - fewshot_modelnet_linear_classification - INFO - [Training] EPOCH: 77 EpochTime = 2.317 (s) Losses = ['0.1466', '98.9583'] lr = 0.001438
2023-11-03 17:47:23,211 - fewshot_modelnet_linear_classification - INFO - [Validation] EPOCH: 77  acc = 97.0000
2023-11-03 17:47:23,784 - fewshot_modelnet_linear_classification - INFO - Save checkpoint at ./experiments/fewshot_modelnet_linear_classification/cfgs/lr0.003/ckpt-last.pth
2023-11-03 17:47:26,110 - fewshot_modelnet_linear_classification - INFO - [Training] EPOCH: 78 EpochTime = 2.323 (s) Losses = ['0.1130', '98.9583'] lr = 0.001406
2023-11-03 17:47:28,525 - fewshot_modelnet_linear_classification - INFO - [Validation] EPOCH: 78  acc = 97.5000
2023-11-03 17:47:29,088 - fewshot_modelnet_linear_classification - INFO - Save checkpoint at ./experiments/fewshot_modelnet_linear_classification/cfgs/lr0.003/ckpt-last.pth
2023-11-03 17:47:31,203 - fewshot_modelnet_linear_classification - INFO - [Training] EPOCH: 79 EpochTime = 2.113 (s) Losses = ['0.0832', '100.0000'] lr = 0.001375
2023-11-03 17:47:33,408 - fewshot_modelnet_linear_classification - INFO - [Validation] EPOCH: 79  acc = 97.5000
2023-11-03 17:47:33,984 - fewshot_modelnet_linear_classification - INFO - Save checkpoint at ./experiments/fewshot_modelnet_linear_classification/cfgs/lr0.003/ckpt-last.pth
2023-11-03 17:47:36,296 - fewshot_modelnet_linear_classification - INFO - [Training] EPOCH: 80 EpochTime = 2.310 (s) Losses = ['0.1092', '100.0000'] lr = 0.001344
2023-11-03 17:47:38,539 - fewshot_modelnet_linear_classification - INFO - [Validation] EPOCH: 80  acc = 98.0000
2023-11-03 17:47:39,158 - fewshot_modelnet_linear_classification - INFO - Save checkpoint at ./experiments/fewshot_modelnet_linear_classification/cfgs/lr0.003/ckpt-last.pth
2023-11-03 17:47:41,445 - fewshot_modelnet_linear_classification - INFO - [Training] EPOCH: 81 EpochTime = 2.284 (s) Losses = ['0.1380', '98.9583'] lr = 0.001313
2023-11-03 17:47:43,872 - fewshot_modelnet_linear_classification - INFO - [Validation] EPOCH: 81  acc = 98.0000
2023-11-03 17:47:44,506 - fewshot_modelnet_linear_classification - INFO - Save checkpoint at ./experiments/fewshot_modelnet_linear_classification/cfgs/lr0.003/ckpt-last.pth
2023-11-03 17:47:46,868 - fewshot_modelnet_linear_classification - INFO - [Training] EPOCH: 82 EpochTime = 2.361 (s) Losses = ['0.0993', '98.9583'] lr = 0.001281
2023-11-03 17:47:48,550 - fewshot_modelnet_linear_classification - INFO - [Validation] EPOCH: 82  acc = 97.0000
2023-11-03 17:47:49,748 - fewshot_modelnet_linear_classification - INFO - Save checkpoint at ./experiments/fewshot_modelnet_linear_classification/cfgs/lr0.003/ckpt-last.pth
2023-11-03 17:47:52,129 - fewshot_modelnet_linear_classification - INFO - [Training] EPOCH: 83 EpochTime = 2.379 (s) Losses = ['0.0892', '100.0000'] lr = 0.001250
2023-11-03 17:47:53,857 - fewshot_modelnet_linear_classification - INFO - [Validation] EPOCH: 83  acc = 97.0000
2023-11-03 17:47:54,970 - fewshot_modelnet_linear_classification - INFO - Save checkpoint at ./experiments/fewshot_modelnet_linear_classification/cfgs/lr0.003/ckpt-last.pth
2023-11-03 17:47:57,083 - fewshot_modelnet_linear_classification - INFO - [Training] EPOCH: 84 EpochTime = 2.112 (s) Losses = ['0.0962', '98.9583'] lr = 0.001220
2023-11-03 17:47:59,341 - fewshot_modelnet_linear_classification - INFO - [Validation] EPOCH: 84  acc = 97.0000
2023-11-03 17:47:59,981 - fewshot_modelnet_linear_classification - INFO - Save checkpoint at ./experiments/fewshot_modelnet_linear_classification/cfgs/lr0.003/ckpt-last.pth
2023-11-03 17:48:02,241 - fewshot_modelnet_linear_classification - INFO - [Training] EPOCH: 85 EpochTime = 2.258 (s) Losses = ['0.1117', '100.0000'] lr = 0.001189
2023-11-03 17:48:04,537 - fewshot_modelnet_linear_classification - INFO - [Validation] EPOCH: 85  acc = 97.5000
2023-11-03 17:48:05,177 - fewshot_modelnet_linear_classification - INFO - Save checkpoint at ./experiments/fewshot_modelnet_linear_classification/cfgs/lr0.003/ckpt-last.pth
2023-11-03 17:48:07,343 - fewshot_modelnet_linear_classification - INFO - [Training] EPOCH: 86 EpochTime = 2.165 (s) Losses = ['0.0963', '100.0000'] lr = 0.001158
2023-11-03 17:48:09,570 - fewshot_modelnet_linear_classification - INFO - [Validation] EPOCH: 86  acc = 97.5000
2023-11-03 17:48:10,153 - fewshot_modelnet_linear_classification - INFO - Save checkpoint at ./experiments/fewshot_modelnet_linear_classification/cfgs/lr0.003/ckpt-last.pth
2023-11-03 17:48:12,461 - fewshot_modelnet_linear_classification - INFO - [Training] EPOCH: 87 EpochTime = 2.307 (s) Losses = ['0.1121', '100.0000'] lr = 0.001128
2023-11-03 17:48:14,794 - fewshot_modelnet_linear_classification - INFO - [Validation] EPOCH: 87  acc = 97.5000
2023-11-03 17:48:15,328 - fewshot_modelnet_linear_classification - INFO - Save checkpoint at ./experiments/fewshot_modelnet_linear_classification/cfgs/lr0.003/ckpt-last.pth
2023-11-03 17:48:17,537 - fewshot_modelnet_linear_classification - INFO - [Training] EPOCH: 88 EpochTime = 2.208 (s) Losses = ['0.1053', '100.0000'] lr = 0.001097
2023-11-03 17:48:19,853 - fewshot_modelnet_linear_classification - INFO - [Validation] EPOCH: 88  acc = 97.5000
2023-11-03 17:48:20,394 - fewshot_modelnet_linear_classification - INFO - Save checkpoint at ./experiments/fewshot_modelnet_linear_classification/cfgs/lr0.003/ckpt-last.pth
2023-11-03 17:48:22,680 - fewshot_modelnet_linear_classification - INFO - [Training] EPOCH: 89 EpochTime = 2.284 (s) Losses = ['0.1023', '98.9583'] lr = 0.001067
2023-11-03 17:48:25,031 - fewshot_modelnet_linear_classification - INFO - [Validation] EPOCH: 89  acc = 97.5000
2023-11-03 17:48:25,738 - fewshot_modelnet_linear_classification - INFO - Save checkpoint at ./experiments/fewshot_modelnet_linear_classification/cfgs/lr0.003/ckpt-last.pth
2023-11-03 17:48:28,192 - fewshot_modelnet_linear_classification - INFO - [Training] EPOCH: 90 EpochTime = 2.451 (s) Losses = ['0.0926', '98.9583'] lr = 0.001037
2023-11-03 17:48:30,841 - fewshot_modelnet_linear_classification - INFO - [Validation] EPOCH: 90  acc = 97.5000
2023-11-03 17:48:31,509 - fewshot_modelnet_linear_classification - INFO - Save checkpoint at ./experiments/fewshot_modelnet_linear_classification/cfgs/lr0.003/ckpt-last.pth
2023-11-03 17:48:32,895 - fewshot_modelnet_linear_classification - INFO - [Training] EPOCH: 91 EpochTime = 1.385 (s) Losses = ['0.1337', '97.9167'] lr = 0.001007
2023-11-03 17:48:35,098 - fewshot_modelnet_linear_classification - INFO - [Validation] EPOCH: 91  acc = 97.5000
2023-11-03 17:48:35,668 - fewshot_modelnet_linear_classification - INFO - Save checkpoint at ./experiments/fewshot_modelnet_linear_classification/cfgs/lr0.003/ckpt-last.pth
2023-11-03 17:48:37,775 - fewshot_modelnet_linear_classification - INFO - [Training] EPOCH: 92 EpochTime = 2.103 (s) Losses = ['0.0991', '98.9583'] lr = 0.000978
2023-11-03 17:48:40,039 - fewshot_modelnet_linear_classification - INFO - [Validation] EPOCH: 92  acc = 97.0000
2023-11-03 17:48:40,826 - fewshot_modelnet_linear_classification - INFO - Save checkpoint at ./experiments/fewshot_modelnet_linear_classification/cfgs/lr0.003/ckpt-last.pth
2023-11-03 17:48:43,196 - fewshot_modelnet_linear_classification - INFO - [Training] EPOCH: 93 EpochTime = 2.367 (s) Losses = ['0.0816', '100.0000'] lr = 0.000948
2023-11-03 17:48:45,630 - fewshot_modelnet_linear_classification - INFO - [Validation] EPOCH: 93  acc = 97.0000
2023-11-03 17:48:46,611 - fewshot_modelnet_linear_classification - INFO - Save checkpoint at ./experiments/fewshot_modelnet_linear_classification/cfgs/lr0.003/ckpt-last.pth
2023-11-03 17:48:48,646 - fewshot_modelnet_linear_classification - INFO - [Training] EPOCH: 94 EpochTime = 2.033 (s) Losses = ['0.1148', '98.9583'] lr = 0.000919
2023-11-03 17:48:50,833 - fewshot_modelnet_linear_classification - INFO - [Validation] EPOCH: 94  acc = 97.0000
2023-11-03 17:48:51,474 - fewshot_modelnet_linear_classification - INFO - Save checkpoint at ./experiments/fewshot_modelnet_linear_classification/cfgs/lr0.003/ckpt-last.pth
2023-11-03 17:48:53,744 - fewshot_modelnet_linear_classification - INFO - [Training] EPOCH: 95 EpochTime = 2.266 (s) Losses = ['0.0846', '100.0000'] lr = 0.000891
2023-11-03 17:48:56,085 - fewshot_modelnet_linear_classification - INFO - [Validation] EPOCH: 95  acc = 97.5000
2023-11-03 17:48:56,833 - fewshot_modelnet_linear_classification - INFO - Save checkpoint at ./experiments/fewshot_modelnet_linear_classification/cfgs/lr0.003/ckpt-last.pth
2023-11-03 17:48:59,187 - fewshot_modelnet_linear_classification - INFO - [Training] EPOCH: 96 EpochTime = 2.353 (s) Losses = ['0.0829', '100.0000'] lr = 0.000862
2023-11-03 17:49:01,346 - fewshot_modelnet_linear_classification - INFO - [Validation] EPOCH: 96  acc = 97.5000
2023-11-03 17:49:02,478 - fewshot_modelnet_linear_classification - INFO - Save checkpoint at ./experiments/fewshot_modelnet_linear_classification/cfgs/lr0.003/ckpt-last.pth
2023-11-03 17:49:04,048 - fewshot_modelnet_linear_classification - INFO - [Training] EPOCH: 97 EpochTime = 1.568 (s) Losses = ['0.0888', '100.0000'] lr = 0.000834
2023-11-03 17:49:06,523 - fewshot_modelnet_linear_classification - INFO - [Validation] EPOCH: 97  acc = 97.5000
2023-11-03 17:49:07,812 - fewshot_modelnet_linear_classification - INFO - Save checkpoint at ./experiments/fewshot_modelnet_linear_classification/cfgs/lr0.003/ckpt-last.pth
2023-11-03 17:49:09,216 - fewshot_modelnet_linear_classification - INFO - [Training] EPOCH: 98 EpochTime = 1.401 (s) Losses = ['0.0957', '100.0000'] lr = 0.000806
2023-11-03 17:49:11,587 - fewshot_modelnet_linear_classification - INFO - [Validation] EPOCH: 98  acc = 97.5000
2023-11-03 17:49:12,171 - fewshot_modelnet_linear_classification - INFO - Save checkpoint at ./experiments/fewshot_modelnet_linear_classification/cfgs/lr0.003/ckpt-last.pth
2023-11-03 17:49:14,595 - fewshot_modelnet_linear_classification - INFO - [Training] EPOCH: 99 EpochTime = 2.423 (s) Losses = ['0.0740', '98.9583'] lr = 0.000778
2023-11-03 17:49:16,979 - fewshot_modelnet_linear_classification - INFO - [Validation] EPOCH: 99  acc = 98.0000
2023-11-03 17:49:17,839 - fewshot_modelnet_linear_classification - INFO - Save checkpoint at ./experiments/fewshot_modelnet_linear_classification/cfgs/lr0.003/ckpt-last.pth
2023-11-03 17:49:19,987 - fewshot_modelnet_linear_classification - INFO - [Training] EPOCH: 100 EpochTime = 2.147 (s) Losses = ['0.0944', '98.9583'] lr = 0.000751
2023-11-03 17:49:22,300 - fewshot_modelnet_linear_classification - INFO - [Validation] EPOCH: 100  acc = 98.0000
2023-11-03 17:49:22,874 - fewshot_modelnet_linear_classification - INFO - Save checkpoint at ./experiments/fewshot_modelnet_linear_classification/cfgs/lr0.003/ckpt-last.pth
2023-11-03 17:49:25,089 - fewshot_modelnet_linear_classification - INFO - [Training] EPOCH: 101 EpochTime = 2.213 (s) Losses = ['0.0735', '100.0000'] lr = 0.000724
2023-11-03 17:49:27,293 - fewshot_modelnet_linear_classification - INFO - [Validation] EPOCH: 101  acc = 98.0000
2023-11-03 17:49:27,862 - fewshot_modelnet_linear_classification - INFO - Save checkpoint at ./experiments/fewshot_modelnet_linear_classification/cfgs/lr0.003/ckpt-last.pth
2023-11-03 17:49:30,235 - fewshot_modelnet_linear_classification - INFO - [Training] EPOCH: 102 EpochTime = 2.371 (s) Losses = ['0.1001', '100.0000'] lr = 0.000697
2023-11-03 17:49:32,499 - fewshot_modelnet_linear_classification - INFO - [Validation] EPOCH: 102  acc = 97.5000
2023-11-03 17:49:33,091 - fewshot_modelnet_linear_classification - INFO - Save checkpoint at ./experiments/fewshot_modelnet_linear_classification/cfgs/lr0.003/ckpt-last.pth
2023-11-03 17:49:35,365 - fewshot_modelnet_linear_classification - INFO - [Training] EPOCH: 103 EpochTime = 2.273 (s) Losses = ['0.0915', '100.0000'] lr = 0.000671
2023-11-03 17:49:37,676 - fewshot_modelnet_linear_classification - INFO - [Validation] EPOCH: 103  acc = 97.5000
2023-11-03 17:49:38,269 - fewshot_modelnet_linear_classification - INFO - Save checkpoint at ./experiments/fewshot_modelnet_linear_classification/cfgs/lr0.003/ckpt-last.pth
2023-11-03 17:49:40,463 - fewshot_modelnet_linear_classification - INFO - [Training] EPOCH: 104 EpochTime = 2.193 (s) Losses = ['0.0854', '98.9583'] lr = 0.000645
2023-11-03 17:49:42,686 - fewshot_modelnet_linear_classification - INFO - [Validation] EPOCH: 104  acc = 97.5000
2023-11-03 17:49:43,651 - fewshot_modelnet_linear_classification - INFO - Save checkpoint at ./experiments/fewshot_modelnet_linear_classification/cfgs/lr0.003/ckpt-last.pth
2023-11-03 17:49:46,050 - fewshot_modelnet_linear_classification - INFO - [Training] EPOCH: 105 EpochTime = 2.396 (s) Losses = ['0.0828', '100.0000'] lr = 0.000619
2023-11-03 17:49:47,758 - fewshot_modelnet_linear_classification - INFO - [Validation] EPOCH: 105  acc = 97.5000
2023-11-03 17:49:49,508 - fewshot_modelnet_linear_classification - INFO - Save checkpoint at ./experiments/fewshot_modelnet_linear_classification/cfgs/lr0.003/ckpt-last.pth
2023-11-03 17:49:51,783 - fewshot_modelnet_linear_classification - INFO - [Training] EPOCH: 106 EpochTime = 2.274 (s) Losses = ['0.0805', '100.0000'] lr = 0.000594
2023-11-03 17:49:53,995 - fewshot_modelnet_linear_classification - INFO - [Validation] EPOCH: 106  acc = 97.5000
2023-11-03 17:49:54,687 - fewshot_modelnet_linear_classification - INFO - Save checkpoint at ./experiments/fewshot_modelnet_linear_classification/cfgs/lr0.003/ckpt-last.pth
2023-11-03 17:49:56,822 - fewshot_modelnet_linear_classification - INFO - [Training] EPOCH: 107 EpochTime = 2.134 (s) Losses = ['0.0773', '100.0000'] lr = 0.000569
2023-11-03 17:49:59,178 - fewshot_modelnet_linear_classification - INFO - [Validation] EPOCH: 107  acc = 97.5000
2023-11-03 17:50:00,142 - fewshot_modelnet_linear_classification - INFO - Save checkpoint at ./experiments/fewshot_modelnet_linear_classification/cfgs/lr0.003/ckpt-last.pth
2023-11-03 17:50:02,338 - fewshot_modelnet_linear_classification - INFO - [Training] EPOCH: 108 EpochTime = 2.193 (s) Losses = ['0.0785', '100.0000'] lr = 0.000545
2023-11-03 17:50:04,724 - fewshot_modelnet_linear_classification - INFO - [Validation] EPOCH: 108  acc = 97.5000
2023-11-03 17:50:05,380 - fewshot_modelnet_linear_classification - INFO - Save checkpoint at ./experiments/fewshot_modelnet_linear_classification/cfgs/lr0.003/ckpt-last.pth
2023-11-03 17:50:07,736 - fewshot_modelnet_linear_classification - INFO - [Training] EPOCH: 109 EpochTime = 2.354 (s) Losses = ['0.0696', '100.0000'] lr = 0.000521
2023-11-03 17:50:09,999 - fewshot_modelnet_linear_classification - INFO - [Validation] EPOCH: 109  acc = 97.5000
2023-11-03 17:50:10,601 - fewshot_modelnet_linear_classification - INFO - Save checkpoint at ./experiments/fewshot_modelnet_linear_classification/cfgs/lr0.003/ckpt-last.pth
2023-11-03 17:50:12,855 - fewshot_modelnet_linear_classification - INFO - [Training] EPOCH: 110 EpochTime = 2.253 (s) Losses = ['0.0747', '100.0000'] lr = 0.000497
2023-11-03 17:50:15,135 - fewshot_modelnet_linear_classification - INFO - [Validation] EPOCH: 110  acc = 98.0000
2023-11-03 17:50:15,724 - fewshot_modelnet_linear_classification - INFO - Save checkpoint at ./experiments/fewshot_modelnet_linear_classification/cfgs/lr0.003/ckpt-last.pth
2023-11-03 17:50:18,051 - fewshot_modelnet_linear_classification - INFO - [Training] EPOCH: 111 EpochTime = 2.324 (s) Losses = ['0.0760', '100.0000'] lr = 0.000474
2023-11-03 17:50:20,549 - fewshot_modelnet_linear_classification - INFO - [Validation] EPOCH: 111  acc = 98.0000
2023-11-03 17:50:21,100 - fewshot_modelnet_linear_classification - INFO - Save checkpoint at ./experiments/fewshot_modelnet_linear_classification/cfgs/lr0.003/ckpt-last.pth
2023-11-03 17:50:23,502 - fewshot_modelnet_linear_classification - INFO - [Training] EPOCH: 112 EpochTime = 2.400 (s) Losses = ['0.0857', '100.0000'] lr = 0.000451
2023-11-03 17:50:25,162 - fewshot_modelnet_linear_classification - INFO - [Validation] EPOCH: 112  acc = 98.0000
2023-11-03 17:50:25,727 - fewshot_modelnet_linear_classification - INFO - Save checkpoint at ./experiments/fewshot_modelnet_linear_classification/cfgs/lr0.003/ckpt-last.pth
2023-11-03 17:50:28,055 - fewshot_modelnet_linear_classification - INFO - [Training] EPOCH: 113 EpochTime = 2.326 (s) Losses = ['0.0764', '100.0000'] lr = 0.000429
2023-11-03 17:50:30,321 - fewshot_modelnet_linear_classification - INFO - [Validation] EPOCH: 113  acc = 98.0000
2023-11-03 17:50:30,954 - fewshot_modelnet_linear_classification - INFO - Save checkpoint at ./experiments/fewshot_modelnet_linear_classification/cfgs/lr0.003/ckpt-last.pth
2023-11-03 17:50:33,234 - fewshot_modelnet_linear_classification - INFO - [Training] EPOCH: 114 EpochTime = 2.279 (s) Losses = ['0.0769', '100.0000'] lr = 0.000407
2023-11-03 17:50:35,584 - fewshot_modelnet_linear_classification - INFO - [Validation] EPOCH: 114  acc = 97.5000
2023-11-03 17:50:36,342 - fewshot_modelnet_linear_classification - INFO - Save checkpoint at ./experiments/fewshot_modelnet_linear_classification/cfgs/lr0.003/ckpt-last.pth
2023-11-03 17:50:38,646 - fewshot_modelnet_linear_classification - INFO - [Training] EPOCH: 115 EpochTime = 2.301 (s) Losses = ['0.0901', '98.9583'] lr = 0.000386
2023-11-03 17:50:40,945 - fewshot_modelnet_linear_classification - INFO - [Validation] EPOCH: 115  acc = 97.5000
2023-11-03 17:50:42,107 - fewshot_modelnet_linear_classification - INFO - Save checkpoint at ./experiments/fewshot_modelnet_linear_classification/cfgs/lr0.003/ckpt-last.pth
2023-11-03 17:50:44,401 - fewshot_modelnet_linear_classification - INFO - [Training] EPOCH: 116 EpochTime = 2.292 (s) Losses = ['0.0843', '100.0000'] lr = 0.000365
2023-11-03 17:50:46,606 - fewshot_modelnet_linear_classification - INFO - [Validation] EPOCH: 116  acc = 97.5000
2023-11-03 17:50:47,201 - fewshot_modelnet_linear_classification - INFO - Save checkpoint at ./experiments/fewshot_modelnet_linear_classification/cfgs/lr0.003/ckpt-last.pth
2023-11-03 17:50:49,530 - fewshot_modelnet_linear_classification - INFO - [Training] EPOCH: 117 EpochTime = 2.327 (s) Losses = ['0.0624', '100.0000'] lr = 0.000345
2023-11-03 17:50:51,840 - fewshot_modelnet_linear_classification - INFO - [Validation] EPOCH: 117  acc = 97.5000
2023-11-03 17:50:52,604 - fewshot_modelnet_linear_classification - INFO - Save checkpoint at ./experiments/fewshot_modelnet_linear_classification/cfgs/lr0.003/ckpt-last.pth
2023-11-03 17:50:54,917 - fewshot_modelnet_linear_classification - INFO - [Training] EPOCH: 118 EpochTime = 2.311 (s) Losses = ['0.0814', '100.0000'] lr = 0.000325
2023-11-03 17:50:57,196 - fewshot_modelnet_linear_classification - INFO - [Validation] EPOCH: 118  acc = 97.5000
2023-11-03 17:50:57,780 - fewshot_modelnet_linear_classification - INFO - Save checkpoint at ./experiments/fewshot_modelnet_linear_classification/cfgs/lr0.003/ckpt-last.pth
2023-11-03 17:51:00,185 - fewshot_modelnet_linear_classification - INFO - [Training] EPOCH: 119 EpochTime = 2.403 (s) Losses = ['0.0859', '100.0000'] lr = 0.000306
2023-11-03 17:51:01,951 - fewshot_modelnet_linear_classification - INFO - [Validation] EPOCH: 119  acc = 97.5000
2023-11-03 17:51:02,619 - fewshot_modelnet_linear_classification - INFO - Save checkpoint at ./experiments/fewshot_modelnet_linear_classification/cfgs/lr0.003/ckpt-last.pth
2023-11-03 17:51:04,761 - fewshot_modelnet_linear_classification - INFO - [Training] EPOCH: 120 EpochTime = 2.141 (s) Losses = ['0.0937', '98.9583'] lr = 0.000287
2023-11-03 17:51:07,117 - fewshot_modelnet_linear_classification - INFO - [Validation] EPOCH: 120  acc = 97.5000
2023-11-03 17:51:07,739 - fewshot_modelnet_linear_classification - INFO - Save checkpoint at ./experiments/fewshot_modelnet_linear_classification/cfgs/lr0.003/ckpt-last.pth
2023-11-03 17:51:09,927 - fewshot_modelnet_linear_classification - INFO - [Training] EPOCH: 121 EpochTime = 2.186 (s) Losses = ['0.0719', '100.0000'] lr = 0.000269
2023-11-03 17:51:12,239 - fewshot_modelnet_linear_classification - INFO - [Validation] EPOCH: 121  acc = 98.0000
2023-11-03 17:51:12,785 - fewshot_modelnet_linear_classification - INFO - Save checkpoint at ./experiments/fewshot_modelnet_linear_classification/cfgs/lr0.003/ckpt-last.pth
2023-11-03 17:51:14,990 - fewshot_modelnet_linear_classification - INFO - [Training] EPOCH: 122 EpochTime = 2.204 (s) Losses = ['0.0805', '100.0000'] lr = 0.000252
2023-11-03 17:51:17,292 - fewshot_modelnet_linear_classification - INFO - [Validation] EPOCH: 122  acc = 98.0000
2023-11-03 17:51:18,178 - fewshot_modelnet_linear_classification - INFO - Save checkpoint at ./experiments/fewshot_modelnet_linear_classification/cfgs/lr0.003/ckpt-last.pth
2023-11-03 17:51:20,424 - fewshot_modelnet_linear_classification - INFO - [Training] EPOCH: 123 EpochTime = 2.245 (s) Losses = ['0.0733', '100.0000'] lr = 0.000234
2023-11-03 17:51:22,814 - fewshot_modelnet_linear_classification - INFO - [Validation] EPOCH: 123  acc = 98.0000
2023-11-03 17:51:23,380 - fewshot_modelnet_linear_classification - INFO - Save checkpoint at ./experiments/fewshot_modelnet_linear_classification/cfgs/lr0.003/ckpt-last.pth
2023-11-03 17:51:25,542 - fewshot_modelnet_linear_classification - INFO - [Training] EPOCH: 124 EpochTime = 2.160 (s) Losses = ['0.0812', '100.0000'] lr = 0.000218
2023-11-03 17:51:27,804 - fewshot_modelnet_linear_classification - INFO - [Validation] EPOCH: 124  acc = 98.0000
2023-11-03 17:51:28,389 - fewshot_modelnet_linear_classification - INFO - Save checkpoint at ./experiments/fewshot_modelnet_linear_classification/cfgs/lr0.003/ckpt-last.pth
2023-11-03 17:51:30,700 - fewshot_modelnet_linear_classification - INFO - [Training] EPOCH: 125 EpochTime = 2.309 (s) Losses = ['0.0757', '100.0000'] lr = 0.000202
2023-11-03 17:51:33,042 - fewshot_modelnet_linear_classification - INFO - [Validation] EPOCH: 125  acc = 98.0000
2023-11-03 17:51:33,658 - fewshot_modelnet_linear_classification - INFO - Save checkpoint at ./experiments/fewshot_modelnet_linear_classification/cfgs/lr0.003/ckpt-last.pth
2023-11-03 17:51:36,148 - fewshot_modelnet_linear_classification - INFO - [Training] EPOCH: 126 EpochTime = 2.489 (s) Losses = ['0.0933', '100.0000'] lr = 0.000186
2023-11-03 17:51:38,678 - fewshot_modelnet_linear_classification - INFO - [Validation] EPOCH: 126  acc = 98.0000
2023-11-03 17:51:39,514 - fewshot_modelnet_linear_classification - INFO - Save checkpoint at ./experiments/fewshot_modelnet_linear_classification/cfgs/lr0.003/ckpt-last.pth
2023-11-03 17:51:41,886 - fewshot_modelnet_linear_classification - INFO - [Training] EPOCH: 127 EpochTime = 2.368 (s) Losses = ['0.0782', '100.0000'] lr = 0.000172
2023-11-03 17:51:44,190 - fewshot_modelnet_linear_classification - INFO - [Validation] EPOCH: 127  acc = 98.0000
2023-11-03 17:51:44,730 - fewshot_modelnet_linear_classification - INFO - Save checkpoint at ./experiments/fewshot_modelnet_linear_classification/cfgs/lr0.003/ckpt-last.pth
2023-11-03 17:51:47,054 - fewshot_modelnet_linear_classification - INFO - [Training] EPOCH: 128 EpochTime = 2.322 (s) Losses = ['0.0675', '100.0000'] lr = 0.000157
2023-11-03 17:51:49,406 - fewshot_modelnet_linear_classification - INFO - [Validation] EPOCH: 128  acc = 98.0000
2023-11-03 17:51:50,001 - fewshot_modelnet_linear_classification - INFO - Save checkpoint at ./experiments/fewshot_modelnet_linear_classification/cfgs/lr0.003/ckpt-last.pth
2023-11-03 17:51:52,175 - fewshot_modelnet_linear_classification - INFO - [Training] EPOCH: 129 EpochTime = 2.173 (s) Losses = ['0.0628', '100.0000'] lr = 0.000144
2023-11-03 17:51:54,513 - fewshot_modelnet_linear_classification - INFO - [Validation] EPOCH: 129  acc = 98.0000
2023-11-03 17:51:55,130 - fewshot_modelnet_linear_classification - INFO - Save checkpoint at ./experiments/fewshot_modelnet_linear_classification/cfgs/lr0.003/ckpt-last.pth
2023-11-03 17:51:57,280 - fewshot_modelnet_linear_classification - INFO - [Training] EPOCH: 130 EpochTime = 2.147 (s) Losses = ['0.1029', '98.9583'] lr = 0.000131
2023-11-03 17:51:59,640 - fewshot_modelnet_linear_classification - INFO - [Validation] EPOCH: 130  acc = 98.0000
2023-11-03 17:52:00,296 - fewshot_modelnet_linear_classification - INFO - Save checkpoint at ./experiments/fewshot_modelnet_linear_classification/cfgs/lr0.003/ckpt-last.pth
2023-11-03 17:52:02,424 - fewshot_modelnet_linear_classification - INFO - [Training] EPOCH: 131 EpochTime = 2.126 (s) Losses = ['0.0744', '100.0000'] lr = 0.000118
2023-11-03 17:52:04,804 - fewshot_modelnet_linear_classification - INFO - [Validation] EPOCH: 131  acc = 98.0000
2023-11-03 17:52:05,344 - fewshot_modelnet_linear_classification - INFO - Save checkpoint at ./experiments/fewshot_modelnet_linear_classification/cfgs/lr0.003/ckpt-last.pth
2023-11-03 17:52:07,550 - fewshot_modelnet_linear_classification - INFO - [Training] EPOCH: 132 EpochTime = 2.204 (s) Losses = ['0.0743', '100.0000'] lr = 0.000106
2023-11-03 17:52:09,883 - fewshot_modelnet_linear_classification - INFO - [Validation] EPOCH: 132  acc = 98.0000
2023-11-03 17:52:10,449 - fewshot_modelnet_linear_classification - INFO - Save checkpoint at ./experiments/fewshot_modelnet_linear_classification/cfgs/lr0.003/ckpt-last.pth
2023-11-03 17:52:11,863 - fewshot_modelnet_linear_classification - INFO - [Training] EPOCH: 133 EpochTime = 1.412 (s) Losses = ['0.0766', '98.9583'] lr = 0.000095
2023-11-03 17:52:14,409 - fewshot_modelnet_linear_classification - INFO - [Validation] EPOCH: 133  acc = 97.5000
2023-11-03 17:52:15,049 - fewshot_modelnet_linear_classification - INFO - Save checkpoint at ./experiments/fewshot_modelnet_linear_classification/cfgs/lr0.003/ckpt-last.pth
2023-11-03 17:52:16,936 - fewshot_modelnet_linear_classification - INFO - [Training] EPOCH: 134 EpochTime = 1.885 (s) Losses = ['0.0671', '100.0000'] lr = 0.000084
2023-11-03 17:52:18,794 - fewshot_modelnet_linear_classification - INFO - [Validation] EPOCH: 134  acc = 97.5000
2023-11-03 17:52:19,569 - fewshot_modelnet_linear_classification - INFO - Save checkpoint at ./experiments/fewshot_modelnet_linear_classification/cfgs/lr0.003/ckpt-last.pth
2023-11-03 17:52:22,008 - fewshot_modelnet_linear_classification - INFO - [Training] EPOCH: 135 EpochTime = 2.436 (s) Losses = ['0.0761', '100.0000'] lr = 0.000074
2023-11-03 17:52:24,319 - fewshot_modelnet_linear_classification - INFO - [Validation] EPOCH: 135  acc = 97.5000
2023-11-03 17:52:24,969 - fewshot_modelnet_linear_classification - INFO - Save checkpoint at ./experiments/fewshot_modelnet_linear_classification/cfgs/lr0.003/ckpt-last.pth
2023-11-03 17:52:27,091 - fewshot_modelnet_linear_classification - INFO - [Training] EPOCH: 136 EpochTime = 2.120 (s) Losses = ['0.0652', '100.0000'] lr = 0.000065
2023-11-03 17:52:29,349 - fewshot_modelnet_linear_classification - INFO - [Validation] EPOCH: 136  acc = 97.5000
2023-11-03 17:52:29,925 - fewshot_modelnet_linear_classification - INFO - Save checkpoint at ./experiments/fewshot_modelnet_linear_classification/cfgs/lr0.003/ckpt-last.pth
2023-11-03 17:52:32,230 - fewshot_modelnet_linear_classification - INFO - [Training] EPOCH: 137 EpochTime = 2.303 (s) Losses = ['0.0601', '100.0000'] lr = 0.000056
2023-11-03 17:52:34,558 - fewshot_modelnet_linear_classification - INFO - [Validation] EPOCH: 137  acc = 97.5000
2023-11-03 17:52:35,122 - fewshot_modelnet_linear_classification - INFO - Save checkpoint at ./experiments/fewshot_modelnet_linear_classification/cfgs/lr0.003/ckpt-last.pth
2023-11-03 17:52:37,348 - fewshot_modelnet_linear_classification - INFO - [Training] EPOCH: 138 EpochTime = 2.224 (s) Losses = ['0.0698', '100.0000'] lr = 0.000048
2023-11-03 17:52:39,704 - fewshot_modelnet_linear_classification - INFO - [Validation] EPOCH: 138  acc = 97.5000
2023-11-03 17:52:40,251 - fewshot_modelnet_linear_classification - INFO - Save checkpoint at ./experiments/fewshot_modelnet_linear_classification/cfgs/lr0.003/ckpt-last.pth
2023-11-03 17:52:42,458 - fewshot_modelnet_linear_classification - INFO - [Training] EPOCH: 139 EpochTime = 2.205 (s) Losses = ['0.0696', '100.0000'] lr = 0.000041
2023-11-03 17:52:44,821 - fewshot_modelnet_linear_classification - INFO - [Validation] EPOCH: 139  acc = 97.5000
2023-11-03 17:52:45,408 - fewshot_modelnet_linear_classification - INFO - Save checkpoint at ./experiments/fewshot_modelnet_linear_classification/cfgs/lr0.003/ckpt-last.pth
2023-11-03 17:52:47,582 - fewshot_modelnet_linear_classification - INFO - [Training] EPOCH: 140 EpochTime = 2.172 (s) Losses = ['0.0837', '100.0000'] lr = 0.000034
2023-11-03 17:52:49,349 - fewshot_modelnet_linear_classification - INFO - [Validation] EPOCH: 140  acc = 97.5000
2023-11-03 17:52:49,931 - fewshot_modelnet_linear_classification - INFO - Save checkpoint at ./experiments/fewshot_modelnet_linear_classification/cfgs/lr0.003/ckpt-last.pth
2023-11-03 17:52:52,333 - fewshot_modelnet_linear_classification - INFO - [Training] EPOCH: 141 EpochTime = 2.400 (s) Losses = ['0.0751', '100.0000'] lr = 0.000028
2023-11-03 17:52:54,296 - fewshot_modelnet_linear_classification - INFO - [Validation] EPOCH: 141  acc = 97.5000
2023-11-03 17:52:55,005 - fewshot_modelnet_linear_classification - INFO - Save checkpoint at ./experiments/fewshot_modelnet_linear_classification/cfgs/lr0.003/ckpt-last.pth
2023-11-03 17:52:56,128 - fewshot_modelnet_linear_classification - INFO - Save checkpoint at ./experiments/fewshot_modelnet_linear_classification/cfgs/lr0.003/ckpt-epoch-141.pth
2023-11-03 17:52:58,303 - fewshot_modelnet_linear_classification - INFO - [Training] EPOCH: 142 EpochTime = 2.172 (s) Losses = ['0.0818', '100.0000'] lr = 0.000022
2023-11-03 17:53:00,523 - fewshot_modelnet_linear_classification - INFO - [Validation] EPOCH: 142  acc = 97.5000
2023-11-03 17:53:01,100 - fewshot_modelnet_linear_classification - INFO - Save checkpoint at ./experiments/fewshot_modelnet_linear_classification/cfgs/lr0.003/ckpt-last.pth
2023-11-03 17:53:01,659 - fewshot_modelnet_linear_classification - INFO - Save checkpoint at ./experiments/fewshot_modelnet_linear_classification/cfgs/lr0.003/ckpt-epoch-142.pth
2023-11-03 17:53:04,003 - fewshot_modelnet_linear_classification - INFO - [Training] EPOCH: 143 EpochTime = 2.342 (s) Losses = ['0.0657', '100.0000'] lr = 0.000017
2023-11-03 17:53:06,219 - fewshot_modelnet_linear_classification - INFO - [Validation] EPOCH: 143  acc = 97.5000
2023-11-03 17:53:07,222 - fewshot_modelnet_linear_classification - INFO - Save checkpoint at ./experiments/fewshot_modelnet_linear_classification/cfgs/lr0.003/ckpt-last.pth
2023-11-03 17:53:08,064 - fewshot_modelnet_linear_classification - INFO - Save checkpoint at ./experiments/fewshot_modelnet_linear_classification/cfgs/lr0.003/ckpt-epoch-143.pth
2023-11-03 17:53:10,329 - fewshot_modelnet_linear_classification - INFO - [Training] EPOCH: 144 EpochTime = 2.262 (s) Losses = ['0.0779', '98.9583'] lr = 0.000013
2023-11-03 17:53:12,688 - fewshot_modelnet_linear_classification - INFO - [Validation] EPOCH: 144  acc = 97.5000
2023-11-03 17:53:13,280 - fewshot_modelnet_linear_classification - INFO - Save checkpoint at ./experiments/fewshot_modelnet_linear_classification/cfgs/lr0.003/ckpt-last.pth
2023-11-03 17:53:13,873 - fewshot_modelnet_linear_classification - INFO - Save checkpoint at ./experiments/fewshot_modelnet_linear_classification/cfgs/lr0.003/ckpt-epoch-144.pth
2023-11-03 17:53:16,073 - fewshot_modelnet_linear_classification - INFO - [Training] EPOCH: 145 EpochTime = 2.198 (s) Losses = ['0.0935', '98.9583'] lr = 0.000009
2023-11-03 17:53:18,475 - fewshot_modelnet_linear_classification - INFO - [Validation] EPOCH: 145  acc = 97.5000
2023-11-03 17:53:19,108 - fewshot_modelnet_linear_classification - INFO - Save checkpoint at ./experiments/fewshot_modelnet_linear_classification/cfgs/lr0.003/ckpt-last.pth
2023-11-03 17:53:19,690 - fewshot_modelnet_linear_classification - INFO - Save checkpoint at ./experiments/fewshot_modelnet_linear_classification/cfgs/lr0.003/ckpt-epoch-145.pth
2023-11-03 17:53:21,840 - fewshot_modelnet_linear_classification - INFO - [Training] EPOCH: 146 EpochTime = 2.148 (s) Losses = ['0.0838', '100.0000'] lr = 0.000006
2023-11-03 17:53:24,199 - fewshot_modelnet_linear_classification - INFO - [Validation] EPOCH: 146  acc = 97.5000
2023-11-03 17:53:25,149 - fewshot_modelnet_linear_classification - INFO - Save checkpoint at ./experiments/fewshot_modelnet_linear_classification/cfgs/lr0.003/ckpt-last.pth
2023-11-03 17:53:26,264 - fewshot_modelnet_linear_classification - INFO - Save checkpoint at ./experiments/fewshot_modelnet_linear_classification/cfgs/lr0.003/ckpt-epoch-146.pth
2023-11-03 17:53:28,710 - fewshot_modelnet_linear_classification - INFO - [Training] EPOCH: 147 EpochTime = 2.443 (s) Losses = ['0.0734', '100.0000'] lr = 0.000004
2023-11-03 17:53:30,382 - fewshot_modelnet_linear_classification - INFO - [Validation] EPOCH: 147  acc = 97.5000
2023-11-03 17:53:30,932 - fewshot_modelnet_linear_classification - INFO - Save checkpoint at ./experiments/fewshot_modelnet_linear_classification/cfgs/lr0.003/ckpt-last.pth
2023-11-03 17:53:31,604 - fewshot_modelnet_linear_classification - INFO - Save checkpoint at ./experiments/fewshot_modelnet_linear_classification/cfgs/lr0.003/ckpt-epoch-147.pth
2023-11-03 17:53:33,712 - fewshot_modelnet_linear_classification - INFO - [Training] EPOCH: 148 EpochTime = 2.105 (s) Losses = ['0.0788', '98.9583'] lr = 0.000002
2023-11-03 17:53:36,046 - fewshot_modelnet_linear_classification - INFO - [Validation] EPOCH: 148  acc = 97.5000
2023-11-03 17:53:36,631 - fewshot_modelnet_linear_classification - INFO - Save checkpoint at ./experiments/fewshot_modelnet_linear_classification/cfgs/lr0.003/ckpt-last.pth
2023-11-03 17:53:37,205 - fewshot_modelnet_linear_classification - INFO - Save checkpoint at ./experiments/fewshot_modelnet_linear_classification/cfgs/lr0.003/ckpt-epoch-148.pth
2023-11-03 17:53:39,743 - fewshot_modelnet_linear_classification - INFO - [Training] EPOCH: 149 EpochTime = 2.536 (s) Losses = ['0.0751', '100.0000'] lr = 0.000001
2023-11-03 17:53:42,099 - fewshot_modelnet_linear_classification - INFO - [Validation] EPOCH: 149  acc = 97.5000
2023-11-03 17:53:42,809 - fewshot_modelnet_linear_classification - INFO - Save checkpoint at ./experiments/fewshot_modelnet_linear_classification/cfgs/lr0.003/ckpt-last.pth
2023-11-03 17:53:43,971 - fewshot_modelnet_linear_classification - INFO - Save checkpoint at ./experiments/fewshot_modelnet_linear_classification/cfgs/lr0.003/ckpt-epoch-149.pth
2023-11-03 17:53:46,067 - fewshot_modelnet_linear_classification - INFO - [Training] EPOCH: 150 EpochTime = 2.094 (s) Losses = ['0.0900', '100.0000'] lr = 0.000001
2023-11-03 17:53:48,447 - fewshot_modelnet_linear_classification - INFO - [Validation] EPOCH: 150  acc = 97.5000
2023-11-03 17:53:49,088 - fewshot_modelnet_linear_classification - INFO - Save checkpoint at ./experiments/fewshot_modelnet_linear_classification/cfgs/lr0.003/ckpt-last.pth
2023-11-03 17:53:50,254 - fewshot_modelnet_linear_classification - INFO - Save checkpoint at ./experiments/fewshot_modelnet_linear_classification/cfgs/lr0.003/ckpt-epoch-150.pth
