2023-11-02 21:34:20,152 - fewshot_modelnet_linear_classification - INFO - Copy the Config file from cfgs/fewshot_modelnet_linear_classification.yaml to ./experiments/fewshot_modelnet_linear_classification/cfgs/LR_0.001/config.yaml
2023-11-02 21:34:20,153 - fewshot_modelnet_linear_classification - INFO - args.config : cfgs/fewshot_modelnet_linear_classification.yaml
2023-11-02 21:34:20,153 - fewshot_modelnet_linear_classification - INFO - args.launcher : none
2023-11-02 21:34:20,153 - fewshot_modelnet_linear_classification - INFO - args.local_rank : 0
2023-11-02 21:34:20,153 - fewshot_modelnet_linear_classification - INFO - args.num_workers : 8
2023-11-02 21:34:20,153 - fewshot_modelnet_linear_classification - INFO - args.seed : 0
2023-11-02 21:34:20,153 - fewshot_modelnet_linear_classification - INFO - args.deterministic : False
2023-11-02 21:34:20,153 - fewshot_modelnet_linear_classification - INFO - args.sync_bn : True
2023-11-02 21:34:20,153 - fewshot_modelnet_linear_classification - INFO - args.large_group : 5
2023-11-02 21:34:20,154 - fewshot_modelnet_linear_classification - INFO - args.small_group : 10
2023-11-02 21:34:20,154 - fewshot_modelnet_linear_classification - INFO - args.large_patch : 6
2023-11-02 21:34:20,154 - fewshot_modelnet_linear_classification - INFO - args.small_patch : 3
2023-11-02 21:34:20,154 - fewshot_modelnet_linear_classification - INFO - args.queue_length : 8192
2023-11-02 21:34:20,154 - fewshot_modelnet_linear_classification - INFO - args.epoch_queue_starts : 10
2023-11-02 21:34:20,154 - fewshot_modelnet_linear_classification - INFO - args.nmb_crops : 64
2023-11-02 21:34:20,154 - fewshot_modelnet_linear_classification - INFO - args.sample_num : 16
2023-11-02 21:34:20,154 - fewshot_modelnet_linear_classification - INFO - args.fea_dim : 384
2023-11-02 21:34:20,154 - fewshot_modelnet_linear_classification - INFO - args.hidden_mlp : 256
2023-11-02 21:34:20,154 - fewshot_modelnet_linear_classification - INFO - args.output_dim : 128
2023-11-02 21:34:20,154 - fewshot_modelnet_linear_classification - INFO - args.nmb_prototypes : 200
2023-11-02 21:34:20,154 - fewshot_modelnet_linear_classification - INFO - args.temperature : 0.1
2023-11-02 21:34:20,155 - fewshot_modelnet_linear_classification - INFO - args.epsilon : 0.05
2023-11-02 21:34:20,155 - fewshot_modelnet_linear_classification - INFO - args.sinkhorn_iterations : 3
2023-11-02 21:34:20,155 - fewshot_modelnet_linear_classification - INFO - args.world_size : 1
2023-11-02 21:34:20,155 - fewshot_modelnet_linear_classification - INFO - args.exp_name : LR_0.001
2023-11-02 21:34:20,155 - fewshot_modelnet_linear_classification - INFO - args.loss : cd1
2023-11-02 21:34:20,155 - fewshot_modelnet_linear_classification - INFO - args.start_ckpts : None
2023-11-02 21:34:20,155 - fewshot_modelnet_linear_classification - INFO - args.ckpts : ./experiments/pretrain_MaskSurf/cfgs/add_as_normal/ckpt-last.pth
2023-11-02 21:34:20,155 - fewshot_modelnet_linear_classification - INFO - args.val_freq : 1
2023-11-02 21:34:20,155 - fewshot_modelnet_linear_classification - INFO - args.vote : False
2023-11-02 21:34:20,155 - fewshot_modelnet_linear_classification - INFO - args.resume : False
2023-11-02 21:34:20,155 - fewshot_modelnet_linear_classification - INFO - args.test : False
2023-11-02 21:34:20,155 - fewshot_modelnet_linear_classification - INFO - args.finetune_model : True
2023-11-02 21:34:20,156 - fewshot_modelnet_linear_classification - INFO - args.scratch_model : False
2023-11-02 21:34:20,156 - fewshot_modelnet_linear_classification - INFO - args.mode : None
2023-11-02 21:34:20,156 - fewshot_modelnet_linear_classification - INFO - args.way : 5
2023-11-02 21:34:20,156 - fewshot_modelnet_linear_classification - INFO - args.shot : 10
2023-11-02 21:34:20,156 - fewshot_modelnet_linear_classification - INFO - args.fold : 8
2023-11-02 21:34:20,156 - fewshot_modelnet_linear_classification - INFO - args.experiment_path : ./experiments/fewshot_modelnet_linear_classification/cfgs/LR_0.001
2023-11-02 21:34:20,156 - fewshot_modelnet_linear_classification - INFO - args.tfboard_path : ./experiments/fewshot_modelnet_linear_classification/cfgs/TFBoard/LR_0.001
2023-11-02 21:34:20,156 - fewshot_modelnet_linear_classification - INFO - args.log_name : fewshot_modelnet_linear_classification
2023-11-02 21:34:20,156 - fewshot_modelnet_linear_classification - INFO - args.use_gpu : True
2023-11-02 21:34:20,156 - fewshot_modelnet_linear_classification - INFO - args.distributed : False
2023-11-02 21:34:20,156 - fewshot_modelnet_linear_classification - INFO - config.optimizer = edict()
2023-11-02 21:34:20,157 - fewshot_modelnet_linear_classification - INFO - config.optimizer.type : AdamW
2023-11-02 21:34:20,157 - fewshot_modelnet_linear_classification - INFO - config.optimizer.part : only_new
2023-11-02 21:34:20,157 - fewshot_modelnet_linear_classification - INFO - config.optimizer.kwargs = edict()
2023-11-02 21:34:20,157 - fewshot_modelnet_linear_classification - INFO - config.optimizer.kwargs.lr : 0.001
2023-11-02 21:34:20,157 - fewshot_modelnet_linear_classification - INFO - config.optimizer.kwargs.weight_decay : 0.05
2023-11-02 21:34:20,157 - fewshot_modelnet_linear_classification - INFO - config.scheduler = edict()
2023-11-02 21:34:20,157 - fewshot_modelnet_linear_classification - INFO - config.scheduler.type : CosLR
2023-11-02 21:34:20,157 - fewshot_modelnet_linear_classification - INFO - config.scheduler.kwargs = edict()
2023-11-02 21:34:20,157 - fewshot_modelnet_linear_classification - INFO - config.scheduler.kwargs.epochs : 150
2023-11-02 21:34:20,157 - fewshot_modelnet_linear_classification - INFO - config.scheduler.kwargs.initial_epochs : 10
2023-11-02 21:34:20,157 - fewshot_modelnet_linear_classification - INFO - config.dataset = edict()
2023-11-02 21:34:20,157 - fewshot_modelnet_linear_classification - INFO - config.dataset.train = edict()
2023-11-02 21:34:20,158 - fewshot_modelnet_linear_classification - INFO - config.dataset.train._base_ = edict()
2023-11-02 21:34:20,158 - fewshot_modelnet_linear_classification - INFO - config.dataset.train._base_.NAME : ModelNetFewShot
2023-11-02 21:34:20,158 - fewshot_modelnet_linear_classification - INFO - config.dataset.train._base_.DATA_PATH : data/ModelNetFewshot
2023-11-02 21:34:20,158 - fewshot_modelnet_linear_classification - INFO - config.dataset.train._base_.N_POINTS : 8192
2023-11-02 21:34:20,158 - fewshot_modelnet_linear_classification - INFO - config.dataset.train._base_.NUM_CATEGORY : 40
2023-11-02 21:34:20,158 - fewshot_modelnet_linear_classification - INFO - config.dataset.train._base_.USE_NORMALS : False
2023-11-02 21:34:20,158 - fewshot_modelnet_linear_classification - INFO - config.dataset.train.others = edict()
2023-11-02 21:34:20,158 - fewshot_modelnet_linear_classification - INFO - config.dataset.train.others.subset : train
2023-11-02 21:34:20,158 - fewshot_modelnet_linear_classification - INFO - config.dataset.train.others.bs : 32
2023-11-02 21:34:20,158 - fewshot_modelnet_linear_classification - INFO - config.dataset.val = edict()
2023-11-02 21:34:20,159 - fewshot_modelnet_linear_classification - INFO - config.dataset.val._base_ = edict()
2023-11-02 21:34:20,159 - fewshot_modelnet_linear_classification - INFO - config.dataset.val._base_.NAME : ModelNetFewShot
2023-11-02 21:34:20,159 - fewshot_modelnet_linear_classification - INFO - config.dataset.val._base_.DATA_PATH : data/ModelNetFewshot
2023-11-02 21:34:20,159 - fewshot_modelnet_linear_classification - INFO - config.dataset.val._base_.N_POINTS : 8192
2023-11-02 21:34:20,159 - fewshot_modelnet_linear_classification - INFO - config.dataset.val._base_.NUM_CATEGORY : 40
2023-11-02 21:34:20,159 - fewshot_modelnet_linear_classification - INFO - config.dataset.val._base_.USE_NORMALS : False
2023-11-02 21:34:20,159 - fewshot_modelnet_linear_classification - INFO - config.dataset.val.others = edict()
2023-11-02 21:34:20,159 - fewshot_modelnet_linear_classification - INFO - config.dataset.val.others.subset : test
2023-11-02 21:34:20,159 - fewshot_modelnet_linear_classification - INFO - config.dataset.val.others.bs : 64
2023-11-02 21:34:20,159 - fewshot_modelnet_linear_classification - INFO - config.dataset.test = edict()
2023-11-02 21:34:20,159 - fewshot_modelnet_linear_classification - INFO - config.dataset.test._base_ = edict()
2023-11-02 21:34:20,160 - fewshot_modelnet_linear_classification - INFO - config.dataset.test._base_.NAME : ModelNet
2023-11-02 21:34:20,160 - fewshot_modelnet_linear_classification - INFO - config.dataset.test._base_.DATA_PATH : data/ModelNet/modelnet40_normal_resampled
2023-11-02 21:34:20,160 - fewshot_modelnet_linear_classification - INFO - config.dataset.test._base_.N_POINTS : 8192
2023-11-02 21:34:20,160 - fewshot_modelnet_linear_classification - INFO - config.dataset.test._base_.NUM_CATEGORY : 40
2023-11-02 21:34:20,160 - fewshot_modelnet_linear_classification - INFO - config.dataset.test._base_.USE_NORMALS : False
2023-11-02 21:34:20,160 - fewshot_modelnet_linear_classification - INFO - config.dataset.test.others = edict()
2023-11-02 21:34:20,160 - fewshot_modelnet_linear_classification - INFO - config.dataset.test.others.subset : test
2023-11-02 21:34:20,160 - fewshot_modelnet_linear_classification - INFO - config.dataset.test.others.bs : 32
2023-11-02 21:34:20,160 - fewshot_modelnet_linear_classification - INFO - config.model = edict()
2023-11-02 21:34:20,161 - fewshot_modelnet_linear_classification - INFO - config.model.NAME : PointTransformerLinearClassification
2023-11-02 21:34:20,161 - fewshot_modelnet_linear_classification - INFO - config.model.trans_dim : 384
2023-11-02 21:34:20,161 - fewshot_modelnet_linear_classification - INFO - config.model.depth : 12
2023-11-02 21:34:20,161 - fewshot_modelnet_linear_classification - INFO - config.model.drop_path_rate : 0.1
2023-11-02 21:34:20,161 - fewshot_modelnet_linear_classification - INFO - config.model.cls_dim : 40
2023-11-02 21:34:20,161 - fewshot_modelnet_linear_classification - INFO - config.model.num_heads : 6
2023-11-02 21:34:20,161 - fewshot_modelnet_linear_classification - INFO - config.model.group_size : 32
2023-11-02 21:34:20,161 - fewshot_modelnet_linear_classification - INFO - config.model.num_group : 64
2023-11-02 21:34:20,161 - fewshot_modelnet_linear_classification - INFO - config.model.encoder_dims : 384
2023-11-02 21:34:20,162 - fewshot_modelnet_linear_classification - INFO - config.npoints : 1024
2023-11-02 21:34:20,162 - fewshot_modelnet_linear_classification - INFO - config.total_bs : 32
2023-11-02 21:34:20,162 - fewshot_modelnet_linear_classification - INFO - config.step_per_update : 1
2023-11-02 21:34:20,162 - fewshot_modelnet_linear_classification - INFO - config.max_epoch : 150
2023-11-02 21:34:20,162 - fewshot_modelnet_linear_classification - INFO - config.grad_norm_clip : 10
2023-11-02 21:34:20,162 - fewshot_modelnet_linear_classification - INFO - Distributed training: False
2023-11-02 21:34:20,162 - fewshot_modelnet_linear_classification - INFO - Set random seed to 0, deterministic: False
2023-11-02 21:34:22,926 - fewshot_modelnet_linear_classification - INFO - Using Data parallel ...
2023-11-02 21:34:28,020 - fewshot_modelnet_linear_classification - INFO - [Training] EPOCH: 0 EpochTime = 5.089 (s) Losses = ['3.6845', '0.0000'] lr = 0.000001
2023-11-02 21:34:29,222 - fewshot_modelnet_linear_classification - INFO - Save checkpoint at ./experiments/fewshot_modelnet_linear_classification/cfgs/LR_0.001/ckpt-last.pth
2023-11-02 21:34:30,533 - fewshot_modelnet_linear_classification - INFO - [Training] EPOCH: 1 EpochTime = 1.308 (s) Losses = ['3.7004', '0.0000'] lr = 0.000101
2023-11-02 21:34:32,312 - fewshot_modelnet_linear_classification - INFO - [Validation] EPOCH: 1  acc = 0.0000
2023-11-02 21:34:33,481 - fewshot_modelnet_linear_classification - INFO - Save checkpoint at ./experiments/fewshot_modelnet_linear_classification/cfgs/LR_0.001/ckpt-last.pth
2023-11-02 21:34:34,722 - fewshot_modelnet_linear_classification - INFO - [Training] EPOCH: 2 EpochTime = 1.239 (s) Losses = ['3.6553', '0.0000'] lr = 0.000201
2023-11-02 21:34:35,811 - fewshot_modelnet_linear_classification - INFO - [Validation] EPOCH: 2  acc = 2.0000
2023-11-02 21:34:37,234 - fewshot_modelnet_linear_classification - INFO - Save checkpoint at ./experiments/fewshot_modelnet_linear_classification/cfgs/LR_0.001/ckpt-best.pth
2023-11-02 21:34:37,234 - fewshot_modelnet_linear_classification - INFO - --------------------------------------------------------------------------------------------
2023-11-02 21:34:38,751 - fewshot_modelnet_linear_classification - INFO - Save checkpoint at ./experiments/fewshot_modelnet_linear_classification/cfgs/LR_0.001/ckpt-last.pth
2023-11-02 21:34:39,717 - fewshot_modelnet_linear_classification - INFO - [Training] EPOCH: 3 EpochTime = 0.963 (s) Losses = ['3.5994', '0.0000'] lr = 0.000301
2023-11-02 21:34:40,768 - fewshot_modelnet_linear_classification - INFO - [Validation] EPOCH: 3  acc = 12.0000
2023-11-02 21:34:42,069 - fewshot_modelnet_linear_classification - INFO - Save checkpoint at ./experiments/fewshot_modelnet_linear_classification/cfgs/LR_0.001/ckpt-best.pth
2023-11-02 21:34:42,069 - fewshot_modelnet_linear_classification - INFO - --------------------------------------------------------------------------------------------
2023-11-02 21:34:42,971 - fewshot_modelnet_linear_classification - INFO - Save checkpoint at ./experiments/fewshot_modelnet_linear_classification/cfgs/LR_0.001/ckpt-last.pth
2023-11-02 21:34:43,950 - fewshot_modelnet_linear_classification - INFO - [Training] EPOCH: 4 EpochTime = 0.978 (s) Losses = ['3.3695', '15.6250'] lr = 0.000401
2023-11-02 21:34:45,021 - fewshot_modelnet_linear_classification - INFO - [Validation] EPOCH: 4  acc = 19.0000
2023-11-02 21:34:45,994 - fewshot_modelnet_linear_classification - INFO - Save checkpoint at ./experiments/fewshot_modelnet_linear_classification/cfgs/LR_0.001/ckpt-best.pth
2023-11-02 21:34:45,995 - fewshot_modelnet_linear_classification - INFO - --------------------------------------------------------------------------------------------
2023-11-02 21:34:47,182 - fewshot_modelnet_linear_classification - INFO - Save checkpoint at ./experiments/fewshot_modelnet_linear_classification/cfgs/LR_0.001/ckpt-last.pth
2023-11-02 21:34:48,238 - fewshot_modelnet_linear_classification - INFO - [Training] EPOCH: 5 EpochTime = 1.053 (s) Losses = ['3.1023', '18.7500'] lr = 0.000501
2023-11-02 21:34:49,297 - fewshot_modelnet_linear_classification - INFO - [Validation] EPOCH: 5  acc = 19.0000
2023-11-02 21:34:50,458 - fewshot_modelnet_linear_classification - INFO - Save checkpoint at ./experiments/fewshot_modelnet_linear_classification/cfgs/LR_0.001/ckpt-last.pth
2023-11-02 21:34:51,627 - fewshot_modelnet_linear_classification - INFO - [Training] EPOCH: 6 EpochTime = 1.166 (s) Losses = ['2.8626', '28.1250'] lr = 0.000600
2023-11-02 21:34:52,704 - fewshot_modelnet_linear_classification - INFO - [Validation] EPOCH: 6  acc = 20.0000
2023-11-02 21:34:53,720 - fewshot_modelnet_linear_classification - INFO - Save checkpoint at ./experiments/fewshot_modelnet_linear_classification/cfgs/LR_0.001/ckpt-best.pth
2023-11-02 21:34:53,720 - fewshot_modelnet_linear_classification - INFO - --------------------------------------------------------------------------------------------
2023-11-02 21:34:54,194 - fewshot_modelnet_linear_classification - INFO - Save checkpoint at ./experiments/fewshot_modelnet_linear_classification/cfgs/LR_0.001/ckpt-last.pth
2023-11-02 21:34:55,154 - fewshot_modelnet_linear_classification - INFO - [Training] EPOCH: 7 EpochTime = 0.958 (s) Losses = ['2.5332', '18.7500'] lr = 0.000700
2023-11-02 21:34:56,455 - fewshot_modelnet_linear_classification - INFO - [Validation] EPOCH: 7  acc = 20.0000
2023-11-02 21:34:57,656 - fewshot_modelnet_linear_classification - INFO - Save checkpoint at ./experiments/fewshot_modelnet_linear_classification/cfgs/LR_0.001/ckpt-last.pth
2023-11-02 21:34:58,665 - fewshot_modelnet_linear_classification - INFO - [Training] EPOCH: 8 EpochTime = 1.007 (s) Losses = ['2.2411', '18.7500'] lr = 0.000800
2023-11-02 21:34:59,849 - fewshot_modelnet_linear_classification - INFO - [Validation] EPOCH: 8  acc = 19.0000
2023-11-02 21:35:00,911 - fewshot_modelnet_linear_classification - INFO - Save checkpoint at ./experiments/fewshot_modelnet_linear_classification/cfgs/LR_0.001/ckpt-last.pth
2023-11-02 21:35:02,233 - fewshot_modelnet_linear_classification - INFO - [Training] EPOCH: 9 EpochTime = 1.319 (s) Losses = ['1.9824', '15.6250'] lr = 0.000900
2023-11-02 21:35:03,555 - fewshot_modelnet_linear_classification - INFO - [Validation] EPOCH: 9  acc = 21.0000
2023-11-02 21:35:05,348 - fewshot_modelnet_linear_classification - INFO - Save checkpoint at ./experiments/fewshot_modelnet_linear_classification/cfgs/LR_0.001/ckpt-best.pth
2023-11-02 21:35:05,348 - fewshot_modelnet_linear_classification - INFO - --------------------------------------------------------------------------------------------
2023-11-02 21:35:07,557 - fewshot_modelnet_linear_classification - INFO - Save checkpoint at ./experiments/fewshot_modelnet_linear_classification/cfgs/LR_0.001/ckpt-last.pth
2023-11-02 21:35:08,542 - fewshot_modelnet_linear_classification - INFO - [Training] EPOCH: 10 EpochTime = 0.984 (s) Losses = ['1.8043', '15.6250'] lr = 0.000989
2023-11-02 21:35:09,783 - fewshot_modelnet_linear_classification - INFO - [Validation] EPOCH: 10  acc = 21.0000
2023-11-02 21:35:11,338 - fewshot_modelnet_linear_classification - INFO - Save checkpoint at ./experiments/fewshot_modelnet_linear_classification/cfgs/LR_0.001/ckpt-last.pth
2023-11-02 21:35:12,616 - fewshot_modelnet_linear_classification - INFO - [Training] EPOCH: 11 EpochTime = 1.275 (s) Losses = ['1.6558', '31.2500'] lr = 0.000987
2023-11-02 21:35:13,978 - fewshot_modelnet_linear_classification - INFO - [Validation] EPOCH: 11  acc = 21.0000
2023-11-02 21:35:15,220 - fewshot_modelnet_linear_classification - INFO - Save checkpoint at ./experiments/fewshot_modelnet_linear_classification/cfgs/LR_0.001/ckpt-last.pth
2023-11-02 21:35:16,200 - fewshot_modelnet_linear_classification - INFO - [Training] EPOCH: 12 EpochTime = 0.978 (s) Losses = ['1.5781', '25.0000'] lr = 0.000984
2023-11-02 21:35:17,285 - fewshot_modelnet_linear_classification - INFO - [Validation] EPOCH: 12  acc = 21.0000
2023-11-02 21:35:18,047 - fewshot_modelnet_linear_classification - INFO - Save checkpoint at ./experiments/fewshot_modelnet_linear_classification/cfgs/LR_0.001/ckpt-last.pth
2023-11-02 21:35:19,142 - fewshot_modelnet_linear_classification - INFO - [Training] EPOCH: 13 EpochTime = 1.093 (s) Losses = ['1.5251', '25.0000'] lr = 0.000982
2023-11-02 21:35:20,305 - fewshot_modelnet_linear_classification - INFO - [Validation] EPOCH: 13  acc = 26.0000
2023-11-02 21:35:22,024 - fewshot_modelnet_linear_classification - INFO - Save checkpoint at ./experiments/fewshot_modelnet_linear_classification/cfgs/LR_0.001/ckpt-best.pth
2023-11-02 21:35:22,024 - fewshot_modelnet_linear_classification - INFO - --------------------------------------------------------------------------------------------
2023-11-02 21:35:23,146 - fewshot_modelnet_linear_classification - INFO - Save checkpoint at ./experiments/fewshot_modelnet_linear_classification/cfgs/LR_0.001/ckpt-last.pth
2023-11-02 21:35:24,311 - fewshot_modelnet_linear_classification - INFO - [Training] EPOCH: 14 EpochTime = 1.163 (s) Losses = ['1.4320', '25.0000'] lr = 0.000979
2023-11-02 21:35:25,401 - fewshot_modelnet_linear_classification - INFO - [Validation] EPOCH: 14  acc = 34.0000
2023-11-02 21:35:26,586 - fewshot_modelnet_linear_classification - INFO - Save checkpoint at ./experiments/fewshot_modelnet_linear_classification/cfgs/LR_0.001/ckpt-best.pth
2023-11-02 21:35:26,586 - fewshot_modelnet_linear_classification - INFO - --------------------------------------------------------------------------------------------
2023-11-02 21:35:27,738 - fewshot_modelnet_linear_classification - INFO - Save checkpoint at ./experiments/fewshot_modelnet_linear_classification/cfgs/LR_0.001/ckpt-last.pth
2023-11-02 21:35:29,290 - fewshot_modelnet_linear_classification - INFO - [Training] EPOCH: 15 EpochTime = 1.550 (s) Losses = ['1.4384', '37.5000'] lr = 0.000976
2023-11-02 21:35:30,343 - fewshot_modelnet_linear_classification - INFO - [Validation] EPOCH: 15  acc = 46.0000
2023-11-02 21:35:31,705 - fewshot_modelnet_linear_classification - INFO - Save checkpoint at ./experiments/fewshot_modelnet_linear_classification/cfgs/LR_0.001/ckpt-best.pth
2023-11-02 21:35:31,706 - fewshot_modelnet_linear_classification - INFO - --------------------------------------------------------------------------------------------
2023-11-02 21:35:33,060 - fewshot_modelnet_linear_classification - INFO - Save checkpoint at ./experiments/fewshot_modelnet_linear_classification/cfgs/LR_0.001/ckpt-last.pth
2023-11-02 21:35:34,027 - fewshot_modelnet_linear_classification - INFO - [Training] EPOCH: 16 EpochTime = 0.964 (s) Losses = ['1.3961', '43.7500'] lr = 0.000972
2023-11-02 21:35:35,342 - fewshot_modelnet_linear_classification - INFO - [Validation] EPOCH: 16  acc = 59.0000
2023-11-02 21:35:37,648 - fewshot_modelnet_linear_classification - INFO - Save checkpoint at ./experiments/fewshot_modelnet_linear_classification/cfgs/LR_0.001/ckpt-best.pth
2023-11-02 21:35:37,648 - fewshot_modelnet_linear_classification - INFO - --------------------------------------------------------------------------------------------
2023-11-02 21:35:39,648 - fewshot_modelnet_linear_classification - INFO - Save checkpoint at ./experiments/fewshot_modelnet_linear_classification/cfgs/LR_0.001/ckpt-last.pth
2023-11-02 21:35:40,584 - fewshot_modelnet_linear_classification - INFO - [Training] EPOCH: 17 EpochTime = 0.935 (s) Losses = ['1.3969', '50.0000'] lr = 0.000969
2023-11-02 21:35:41,907 - fewshot_modelnet_linear_classification - INFO - [Validation] EPOCH: 17  acc = 68.0000
2023-11-02 21:35:42,410 - fewshot_modelnet_linear_classification - INFO - Save checkpoint at ./experiments/fewshot_modelnet_linear_classification/cfgs/LR_0.001/ckpt-best.pth
2023-11-02 21:35:42,410 - fewshot_modelnet_linear_classification - INFO - --------------------------------------------------------------------------------------------
2023-11-02 21:35:42,953 - fewshot_modelnet_linear_classification - INFO - Save checkpoint at ./experiments/fewshot_modelnet_linear_classification/cfgs/LR_0.001/ckpt-last.pth
2023-11-02 21:35:44,207 - fewshot_modelnet_linear_classification - INFO - [Training] EPOCH: 18 EpochTime = 1.253 (s) Losses = ['1.3223', '68.7500'] lr = 0.000965
2023-11-02 21:35:45,246 - fewshot_modelnet_linear_classification - INFO - [Validation] EPOCH: 18  acc = 68.0000
2023-11-02 21:35:47,107 - fewshot_modelnet_linear_classification - INFO - Save checkpoint at ./experiments/fewshot_modelnet_linear_classification/cfgs/LR_0.001/ckpt-last.pth
2023-11-02 21:35:48,405 - fewshot_modelnet_linear_classification - INFO - [Training] EPOCH: 19 EpochTime = 1.295 (s) Losses = ['1.3597', '62.5000'] lr = 0.000961
2023-11-02 21:35:49,523 - fewshot_modelnet_linear_classification - INFO - [Validation] EPOCH: 19  acc = 71.0000
2023-11-02 21:35:50,469 - fewshot_modelnet_linear_classification - INFO - Save checkpoint at ./experiments/fewshot_modelnet_linear_classification/cfgs/LR_0.001/ckpt-best.pth
2023-11-02 21:35:50,470 - fewshot_modelnet_linear_classification - INFO - --------------------------------------------------------------------------------------------
2023-11-02 21:35:51,381 - fewshot_modelnet_linear_classification - INFO - Save checkpoint at ./experiments/fewshot_modelnet_linear_classification/cfgs/LR_0.001/ckpt-last.pth
2023-11-02 21:35:52,580 - fewshot_modelnet_linear_classification - INFO - [Training] EPOCH: 20 EpochTime = 1.198 (s) Losses = ['1.2847', '56.2500'] lr = 0.000957
2023-11-02 21:35:53,682 - fewshot_modelnet_linear_classification - INFO - [Validation] EPOCH: 20  acc = 82.0000
2023-11-02 21:35:54,655 - fewshot_modelnet_linear_classification - INFO - Save checkpoint at ./experiments/fewshot_modelnet_linear_classification/cfgs/LR_0.001/ckpt-best.pth
2023-11-02 21:35:54,655 - fewshot_modelnet_linear_classification - INFO - --------------------------------------------------------------------------------------------
2023-11-02 21:35:56,059 - fewshot_modelnet_linear_classification - INFO - Save checkpoint at ./experiments/fewshot_modelnet_linear_classification/cfgs/LR_0.001/ckpt-last.pth
2023-11-02 21:35:57,281 - fewshot_modelnet_linear_classification - INFO - [Training] EPOCH: 21 EpochTime = 1.221 (s) Losses = ['1.2987', '56.2500'] lr = 0.000952
2023-11-02 21:35:58,318 - fewshot_modelnet_linear_classification - INFO - [Validation] EPOCH: 21  acc = 82.0000
2023-11-02 21:35:59,466 - fewshot_modelnet_linear_classification - INFO - Save checkpoint at ./experiments/fewshot_modelnet_linear_classification/cfgs/LR_0.001/ckpt-last.pth
2023-11-02 21:36:00,712 - fewshot_modelnet_linear_classification - INFO - [Training] EPOCH: 22 EpochTime = 1.244 (s) Losses = ['1.2717', '46.8750'] lr = 0.000948
2023-11-02 21:36:02,490 - fewshot_modelnet_linear_classification - INFO - [Validation] EPOCH: 22  acc = 87.0000
2023-11-02 21:36:03,123 - fewshot_modelnet_linear_classification - INFO - Save checkpoint at ./experiments/fewshot_modelnet_linear_classification/cfgs/LR_0.001/ckpt-best.pth
2023-11-02 21:36:03,123 - fewshot_modelnet_linear_classification - INFO - --------------------------------------------------------------------------------------------
2023-11-02 21:36:05,710 - fewshot_modelnet_linear_classification - INFO - Save checkpoint at ./experiments/fewshot_modelnet_linear_classification/cfgs/LR_0.001/ckpt-last.pth
2023-11-02 21:36:06,922 - fewshot_modelnet_linear_classification - INFO - [Training] EPOCH: 23 EpochTime = 1.210 (s) Losses = ['1.2106', '68.7500'] lr = 0.000943
2023-11-02 21:36:08,111 - fewshot_modelnet_linear_classification - INFO - [Validation] EPOCH: 23  acc = 83.0000
2023-11-02 21:36:08,827 - fewshot_modelnet_linear_classification - INFO - Save checkpoint at ./experiments/fewshot_modelnet_linear_classification/cfgs/LR_0.001/ckpt-last.pth
2023-11-02 21:36:10,231 - fewshot_modelnet_linear_classification - INFO - [Training] EPOCH: 24 EpochTime = 1.401 (s) Losses = ['1.1397', '84.3750'] lr = 0.000938
2023-11-02 21:36:11,444 - fewshot_modelnet_linear_classification - INFO - [Validation] EPOCH: 24  acc = 79.0000
2023-11-02 21:36:12,996 - fewshot_modelnet_linear_classification - INFO - Save checkpoint at ./experiments/fewshot_modelnet_linear_classification/cfgs/LR_0.001/ckpt-last.pth
2023-11-02 21:36:13,903 - fewshot_modelnet_linear_classification - INFO - [Training] EPOCH: 25 EpochTime = 0.904 (s) Losses = ['1.1538', '84.3750'] lr = 0.000933
2023-11-02 21:36:15,112 - fewshot_modelnet_linear_classification - INFO - [Validation] EPOCH: 25  acc = 81.0000
2023-11-02 21:36:15,616 - fewshot_modelnet_linear_classification - INFO - Save checkpoint at ./experiments/fewshot_modelnet_linear_classification/cfgs/LR_0.001/ckpt-last.pth
2023-11-02 21:36:16,706 - fewshot_modelnet_linear_classification - INFO - [Training] EPOCH: 26 EpochTime = 1.088 (s) Losses = ['1.1377', '71.8750'] lr = 0.000928
2023-11-02 21:36:17,847 - fewshot_modelnet_linear_classification - INFO - [Validation] EPOCH: 26  acc = 88.0000
2023-11-02 21:36:19,317 - fewshot_modelnet_linear_classification - INFO - Save checkpoint at ./experiments/fewshot_modelnet_linear_classification/cfgs/LR_0.001/ckpt-best.pth
2023-11-02 21:36:19,318 - fewshot_modelnet_linear_classification - INFO - --------------------------------------------------------------------------------------------
2023-11-02 21:36:20,555 - fewshot_modelnet_linear_classification - INFO - Save checkpoint at ./experiments/fewshot_modelnet_linear_classification/cfgs/LR_0.001/ckpt-last.pth
2023-11-02 21:36:21,848 - fewshot_modelnet_linear_classification - INFO - [Training] EPOCH: 27 EpochTime = 1.291 (s) Losses = ['1.0849', '81.2500'] lr = 0.000922
2023-11-02 21:36:22,911 - fewshot_modelnet_linear_classification - INFO - [Validation] EPOCH: 27  acc = 91.0000
2023-11-02 21:36:24,740 - fewshot_modelnet_linear_classification - INFO - Save checkpoint at ./experiments/fewshot_modelnet_linear_classification/cfgs/LR_0.001/ckpt-best.pth
2023-11-02 21:36:24,740 - fewshot_modelnet_linear_classification - INFO - --------------------------------------------------------------------------------------------
2023-11-02 21:36:26,197 - fewshot_modelnet_linear_classification - INFO - Save checkpoint at ./experiments/fewshot_modelnet_linear_classification/cfgs/LR_0.001/ckpt-last.pth
2023-11-02 21:36:27,407 - fewshot_modelnet_linear_classification - INFO - [Training] EPOCH: 28 EpochTime = 1.208 (s) Losses = ['1.0875', '84.3750'] lr = 0.000917
2023-11-02 21:36:28,472 - fewshot_modelnet_linear_classification - INFO - [Validation] EPOCH: 28  acc = 96.0000
2023-11-02 21:36:30,553 - fewshot_modelnet_linear_classification - INFO - Save checkpoint at ./experiments/fewshot_modelnet_linear_classification/cfgs/LR_0.001/ckpt-best.pth
2023-11-02 21:36:30,553 - fewshot_modelnet_linear_classification - INFO - --------------------------------------------------------------------------------------------
2023-11-02 21:36:31,708 - fewshot_modelnet_linear_classification - INFO - Save checkpoint at ./experiments/fewshot_modelnet_linear_classification/cfgs/LR_0.001/ckpt-last.pth
2023-11-02 21:36:32,694 - fewshot_modelnet_linear_classification - INFO - [Training] EPOCH: 29 EpochTime = 0.985 (s) Losses = ['1.0408', '93.7500'] lr = 0.000911
2023-11-02 21:36:34,075 - fewshot_modelnet_linear_classification - INFO - [Validation] EPOCH: 29  acc = 91.0000
2023-11-02 21:36:35,865 - fewshot_modelnet_linear_classification - INFO - Save checkpoint at ./experiments/fewshot_modelnet_linear_classification/cfgs/LR_0.001/ckpt-last.pth
2023-11-02 21:36:36,825 - fewshot_modelnet_linear_classification - INFO - [Training] EPOCH: 30 EpochTime = 0.957 (s) Losses = ['1.0187', '87.5000'] lr = 0.000905
2023-11-02 21:36:37,913 - fewshot_modelnet_linear_classification - INFO - [Validation] EPOCH: 30  acc = 92.0000
2023-11-02 21:36:39,549 - fewshot_modelnet_linear_classification - INFO - Save checkpoint at ./experiments/fewshot_modelnet_linear_classification/cfgs/LR_0.001/ckpt-last.pth
2023-11-02 21:36:40,848 - fewshot_modelnet_linear_classification - INFO - [Training] EPOCH: 31 EpochTime = 1.297 (s) Losses = ['0.9719', '90.6250'] lr = 0.000898
2023-11-02 21:36:41,912 - fewshot_modelnet_linear_classification - INFO - [Validation] EPOCH: 31  acc = 92.0000
2023-11-02 21:36:44,222 - fewshot_modelnet_linear_classification - INFO - Save checkpoint at ./experiments/fewshot_modelnet_linear_classification/cfgs/LR_0.001/ckpt-last.pth
2023-11-02 21:36:45,226 - fewshot_modelnet_linear_classification - INFO - [Training] EPOCH: 32 EpochTime = 1.002 (s) Losses = ['0.9816', '90.6250'] lr = 0.000892
2023-11-02 21:36:46,321 - fewshot_modelnet_linear_classification - INFO - [Validation] EPOCH: 32  acc = 93.0000
2023-11-02 21:36:46,857 - fewshot_modelnet_linear_classification - INFO - Save checkpoint at ./experiments/fewshot_modelnet_linear_classification/cfgs/LR_0.001/ckpt-last.pth
2023-11-02 21:36:48,004 - fewshot_modelnet_linear_classification - INFO - [Training] EPOCH: 33 EpochTime = 1.145 (s) Losses = ['0.9449', '87.5000'] lr = 0.000885
2023-11-02 21:36:49,071 - fewshot_modelnet_linear_classification - INFO - [Validation] EPOCH: 33  acc = 95.0000
2023-11-02 21:36:50,426 - fewshot_modelnet_linear_classification - INFO - Save checkpoint at ./experiments/fewshot_modelnet_linear_classification/cfgs/LR_0.001/ckpt-last.pth
2023-11-02 21:36:51,360 - fewshot_modelnet_linear_classification - INFO - [Training] EPOCH: 34 EpochTime = 0.933 (s) Losses = ['0.9174', '81.2500'] lr = 0.000879
2023-11-02 21:36:52,424 - fewshot_modelnet_linear_classification - INFO - [Validation] EPOCH: 34  acc = 94.0000
2023-11-02 21:36:54,421 - fewshot_modelnet_linear_classification - INFO - Save checkpoint at ./experiments/fewshot_modelnet_linear_classification/cfgs/LR_0.001/ckpt-last.pth
2023-11-02 21:36:55,356 - fewshot_modelnet_linear_classification - INFO - [Training] EPOCH: 35 EpochTime = 0.933 (s) Losses = ['0.8390', '93.7500'] lr = 0.000872
2023-11-02 21:36:56,523 - fewshot_modelnet_linear_classification - INFO - [Validation] EPOCH: 35  acc = 95.0000
2023-11-02 21:36:57,354 - fewshot_modelnet_linear_classification - INFO - Save checkpoint at ./experiments/fewshot_modelnet_linear_classification/cfgs/LR_0.001/ckpt-last.pth
2023-11-02 21:36:58,650 - fewshot_modelnet_linear_classification - INFO - [Training] EPOCH: 36 EpochTime = 1.293 (s) Losses = ['0.9001', '84.3750'] lr = 0.000865
2023-11-02 21:36:59,711 - fewshot_modelnet_linear_classification - INFO - [Validation] EPOCH: 36  acc = 95.0000
2023-11-02 21:37:02,298 - fewshot_modelnet_linear_classification - INFO - Save checkpoint at ./experiments/fewshot_modelnet_linear_classification/cfgs/LR_0.001/ckpt-last.pth
2023-11-02 21:37:03,585 - fewshot_modelnet_linear_classification - INFO - [Training] EPOCH: 37 EpochTime = 1.285 (s) Losses = ['0.9047', '81.2500'] lr = 0.000857
2023-11-02 21:37:04,640 - fewshot_modelnet_linear_classification - INFO - [Validation] EPOCH: 37  acc = 96.0000
2023-11-02 21:37:06,204 - fewshot_modelnet_linear_classification - INFO - Save checkpoint at ./experiments/fewshot_modelnet_linear_classification/cfgs/LR_0.001/ckpt-last.pth
2023-11-02 21:37:07,354 - fewshot_modelnet_linear_classification - INFO - [Training] EPOCH: 38 EpochTime = 1.147 (s) Losses = ['0.8216', '90.6250'] lr = 0.000850
2023-11-02 21:37:08,432 - fewshot_modelnet_linear_classification - INFO - [Validation] EPOCH: 38  acc = 95.0000
2023-11-02 21:37:09,606 - fewshot_modelnet_linear_classification - INFO - Save checkpoint at ./experiments/fewshot_modelnet_linear_classification/cfgs/LR_0.001/ckpt-last.pth
2023-11-02 21:37:10,568 - fewshot_modelnet_linear_classification - INFO - [Training] EPOCH: 39 EpochTime = 0.960 (s) Losses = ['0.9295', '84.3750'] lr = 0.000842
2023-11-02 21:37:11,715 - fewshot_modelnet_linear_classification - INFO - [Validation] EPOCH: 39  acc = 97.0000
2023-11-02 21:37:13,185 - fewshot_modelnet_linear_classification - INFO - Save checkpoint at ./experiments/fewshot_modelnet_linear_classification/cfgs/LR_0.001/ckpt-best.pth
2023-11-02 21:37:13,185 - fewshot_modelnet_linear_classification - INFO - --------------------------------------------------------------------------------------------
2023-11-02 21:37:14,827 - fewshot_modelnet_linear_classification - INFO - Save checkpoint at ./experiments/fewshot_modelnet_linear_classification/cfgs/LR_0.001/ckpt-last.pth
2023-11-02 21:37:15,898 - fewshot_modelnet_linear_classification - INFO - [Training] EPOCH: 40 EpochTime = 1.069 (s) Losses = ['0.8520', '84.3750'] lr = 0.000835
2023-11-02 21:37:17,546 - fewshot_modelnet_linear_classification - INFO - [Validation] EPOCH: 40  acc = 97.0000
2023-11-02 21:37:18,119 - fewshot_modelnet_linear_classification - INFO - Save checkpoint at ./experiments/fewshot_modelnet_linear_classification/cfgs/LR_0.001/ckpt-last.pth
2023-11-02 21:37:19,450 - fewshot_modelnet_linear_classification - INFO - [Training] EPOCH: 41 EpochTime = 1.329 (s) Losses = ['0.7901', '93.7500'] lr = 0.000827
2023-11-02 21:37:20,477 - fewshot_modelnet_linear_classification - INFO - [Validation] EPOCH: 41  acc = 95.0000
2023-11-02 21:37:21,843 - fewshot_modelnet_linear_classification - INFO - Save checkpoint at ./experiments/fewshot_modelnet_linear_classification/cfgs/LR_0.001/ckpt-last.pth
2023-11-02 21:37:22,830 - fewshot_modelnet_linear_classification - INFO - [Training] EPOCH: 42 EpochTime = 0.984 (s) Losses = ['0.7061', '96.8750'] lr = 0.000819
2023-11-02 21:37:24,210 - fewshot_modelnet_linear_classification - INFO - [Validation] EPOCH: 42  acc = 95.0000
2023-11-02 21:37:25,656 - fewshot_modelnet_linear_classification - INFO - Save checkpoint at ./experiments/fewshot_modelnet_linear_classification/cfgs/LR_0.001/ckpt-last.pth
2023-11-02 21:37:26,624 - fewshot_modelnet_linear_classification - INFO - [Training] EPOCH: 43 EpochTime = 0.965 (s) Losses = ['0.7554', '90.6250'] lr = 0.000811
2023-11-02 21:37:27,967 - fewshot_modelnet_linear_classification - INFO - [Validation] EPOCH: 43  acc = 94.0000
2023-11-02 21:37:29,560 - fewshot_modelnet_linear_classification - INFO - Save checkpoint at ./experiments/fewshot_modelnet_linear_classification/cfgs/LR_0.001/ckpt-last.pth
2023-11-02 21:37:30,545 - fewshot_modelnet_linear_classification - INFO - [Training] EPOCH: 44 EpochTime = 0.983 (s) Losses = ['0.8183', '84.3750'] lr = 0.000802
2023-11-02 21:37:31,608 - fewshot_modelnet_linear_classification - INFO - [Validation] EPOCH: 44  acc = 93.0000
2023-11-02 21:37:34,549 - fewshot_modelnet_linear_classification - INFO - Save checkpoint at ./experiments/fewshot_modelnet_linear_classification/cfgs/LR_0.001/ckpt-last.pth
2023-11-02 21:37:35,649 - fewshot_modelnet_linear_classification - INFO - [Training] EPOCH: 45 EpochTime = 1.097 (s) Losses = ['0.7320', '87.5000'] lr = 0.000794
2023-11-02 21:37:36,947 - fewshot_modelnet_linear_classification - INFO - [Validation] EPOCH: 45  acc = 93.0000
2023-11-02 21:37:38,547 - fewshot_modelnet_linear_classification - INFO - Save checkpoint at ./experiments/fewshot_modelnet_linear_classification/cfgs/LR_0.001/ckpt-last.pth
2023-11-02 21:37:39,583 - fewshot_modelnet_linear_classification - INFO - [Training] EPOCH: 46 EpochTime = 1.034 (s) Losses = ['0.7297', '90.6250'] lr = 0.000786
2023-11-02 21:37:40,681 - fewshot_modelnet_linear_classification - INFO - [Validation] EPOCH: 46  acc = 94.0000
2023-11-02 21:37:43,164 - fewshot_modelnet_linear_classification - INFO - Save checkpoint at ./experiments/fewshot_modelnet_linear_classification/cfgs/LR_0.001/ckpt-last.pth
2023-11-02 21:37:44,290 - fewshot_modelnet_linear_classification - INFO - [Training] EPOCH: 47 EpochTime = 1.123 (s) Losses = ['0.6550', '93.7500'] lr = 0.000777
2023-11-02 21:37:45,634 - fewshot_modelnet_linear_classification - INFO - [Validation] EPOCH: 47  acc = 94.0000
2023-11-02 21:37:46,208 - fewshot_modelnet_linear_classification - INFO - Save checkpoint at ./experiments/fewshot_modelnet_linear_classification/cfgs/LR_0.001/ckpt-last.pth
2023-11-02 21:37:47,160 - fewshot_modelnet_linear_classification - INFO - [Training] EPOCH: 48 EpochTime = 0.950 (s) Losses = ['0.6476', '100.0000'] lr = 0.000768
2023-11-02 21:37:48,585 - fewshot_modelnet_linear_classification - INFO - [Validation] EPOCH: 48  acc = 96.0000
2023-11-02 21:37:51,365 - fewshot_modelnet_linear_classification - INFO - Save checkpoint at ./experiments/fewshot_modelnet_linear_classification/cfgs/LR_0.001/ckpt-last.pth
2023-11-02 21:37:52,311 - fewshot_modelnet_linear_classification - INFO - [Training] EPOCH: 49 EpochTime = 0.943 (s) Losses = ['0.5767', '100.0000'] lr = 0.000759
2023-11-02 21:37:53,386 - fewshot_modelnet_linear_classification - INFO - [Validation] EPOCH: 49  acc = 96.0000
2023-11-02 21:37:54,125 - fewshot_modelnet_linear_classification - INFO - Save checkpoint at ./experiments/fewshot_modelnet_linear_classification/cfgs/LR_0.001/ckpt-last.pth
2023-11-02 21:37:55,214 - fewshot_modelnet_linear_classification - INFO - [Training] EPOCH: 50 EpochTime = 1.085 (s) Losses = ['0.6547', '90.6250'] lr = 0.000750
2023-11-02 21:37:56,283 - fewshot_modelnet_linear_classification - INFO - [Validation] EPOCH: 50  acc = 94.0000
2023-11-02 21:37:58,027 - fewshot_modelnet_linear_classification - INFO - Save checkpoint at ./experiments/fewshot_modelnet_linear_classification/cfgs/LR_0.001/ckpt-last.pth
2023-11-02 21:37:59,130 - fewshot_modelnet_linear_classification - INFO - [Training] EPOCH: 51 EpochTime = 1.097 (s) Losses = ['0.6529', '96.8750'] lr = 0.000741
2023-11-02 21:38:00,163 - fewshot_modelnet_linear_classification - INFO - [Validation] EPOCH: 51  acc = 93.0000
2023-11-02 21:38:01,416 - fewshot_modelnet_linear_classification - INFO - Save checkpoint at ./experiments/fewshot_modelnet_linear_classification/cfgs/LR_0.001/ckpt-last.pth
2023-11-02 21:38:02,443 - fewshot_modelnet_linear_classification - INFO - [Training] EPOCH: 52 EpochTime = 1.025 (s) Losses = ['0.6261', '100.0000'] lr = 0.000732
2023-11-02 21:38:03,972 - fewshot_modelnet_linear_classification - INFO - [Validation] EPOCH: 52  acc = 92.0000
2023-11-02 21:38:05,342 - fewshot_modelnet_linear_classification - INFO - Save checkpoint at ./experiments/fewshot_modelnet_linear_classification/cfgs/LR_0.001/ckpt-last.pth
2023-11-02 21:38:06,269 - fewshot_modelnet_linear_classification - INFO - [Training] EPOCH: 53 EpochTime = 0.924 (s) Losses = ['0.6141', '87.5000'] lr = 0.000723
2023-11-02 21:38:07,690 - fewshot_modelnet_linear_classification - INFO - [Validation] EPOCH: 53  acc = 93.0000
2023-11-02 21:38:09,566 - fewshot_modelnet_linear_classification - INFO - Save checkpoint at ./experiments/fewshot_modelnet_linear_classification/cfgs/LR_0.001/ckpt-last.pth
2023-11-02 21:38:10,535 - fewshot_modelnet_linear_classification - INFO - [Training] EPOCH: 54 EpochTime = 0.967 (s) Losses = ['0.5876', '96.8750'] lr = 0.000713
2023-11-02 21:38:11,579 - fewshot_modelnet_linear_classification - INFO - [Validation] EPOCH: 54  acc = 93.0000
2023-11-02 21:38:13,139 - fewshot_modelnet_linear_classification - INFO - Save checkpoint at ./experiments/fewshot_modelnet_linear_classification/cfgs/LR_0.001/ckpt-last.pth
2023-11-02 21:38:14,179 - fewshot_modelnet_linear_classification - INFO - [Training] EPOCH: 55 EpochTime = 1.005 (s) Losses = ['0.5946', '96.8750'] lr = 0.000704
2023-11-02 21:38:15,504 - fewshot_modelnet_linear_classification - INFO - [Validation] EPOCH: 55  acc = 95.0000
2023-11-02 21:38:16,389 - fewshot_modelnet_linear_classification - INFO - Save checkpoint at ./experiments/fewshot_modelnet_linear_classification/cfgs/LR_0.001/ckpt-last.pth
2023-11-02 21:38:17,600 - fewshot_modelnet_linear_classification - INFO - [Training] EPOCH: 56 EpochTime = 1.209 (s) Losses = ['0.5663', '96.8750'] lr = 0.000694
2023-11-02 21:38:18,596 - fewshot_modelnet_linear_classification - INFO - [Validation] EPOCH: 56  acc = 95.0000
2023-11-02 21:38:19,167 - fewshot_modelnet_linear_classification - INFO - Save checkpoint at ./experiments/fewshot_modelnet_linear_classification/cfgs/LR_0.001/ckpt-last.pth
2023-11-02 21:38:20,314 - fewshot_modelnet_linear_classification - INFO - [Training] EPOCH: 57 EpochTime = 1.144 (s) Losses = ['0.5815', '90.6250'] lr = 0.000684
2023-11-02 21:38:21,351 - fewshot_modelnet_linear_classification - INFO - [Validation] EPOCH: 57  acc = 95.0000
2023-11-02 21:38:22,049 - fewshot_modelnet_linear_classification - INFO - Save checkpoint at ./experiments/fewshot_modelnet_linear_classification/cfgs/LR_0.001/ckpt-last.pth
2023-11-02 21:38:23,098 - fewshot_modelnet_linear_classification - INFO - [Training] EPOCH: 58 EpochTime = 1.047 (s) Losses = ['0.5331', '93.7500'] lr = 0.000675
2023-11-02 21:38:24,314 - fewshot_modelnet_linear_classification - INFO - [Validation] EPOCH: 58  acc = 95.0000
2023-11-02 21:38:25,313 - fewshot_modelnet_linear_classification - INFO - Save checkpoint at ./experiments/fewshot_modelnet_linear_classification/cfgs/LR_0.001/ckpt-last.pth
2023-11-02 21:38:26,538 - fewshot_modelnet_linear_classification - INFO - [Training] EPOCH: 59 EpochTime = 1.223 (s) Losses = ['0.5644', '96.8750'] lr = 0.000665
2023-11-02 21:38:27,683 - fewshot_modelnet_linear_classification - INFO - [Validation] EPOCH: 59  acc = 94.0000
2023-11-02 21:38:28,898 - fewshot_modelnet_linear_classification - INFO - Save checkpoint at ./experiments/fewshot_modelnet_linear_classification/cfgs/LR_0.001/ckpt-last.pth
2023-11-02 21:38:29,806 - fewshot_modelnet_linear_classification - INFO - [Training] EPOCH: 60 EpochTime = 0.906 (s) Losses = ['0.5102', '93.7500'] lr = 0.000655
2023-11-02 21:38:30,972 - fewshot_modelnet_linear_classification - INFO - [Validation] EPOCH: 60  acc = 94.0000
2023-11-02 21:38:32,570 - fewshot_modelnet_linear_classification - INFO - Save checkpoint at ./experiments/fewshot_modelnet_linear_classification/cfgs/LR_0.001/ckpt-last.pth
2023-11-02 21:38:33,803 - fewshot_modelnet_linear_classification - INFO - [Training] EPOCH: 61 EpochTime = 1.231 (s) Losses = ['0.5567', '93.7500'] lr = 0.000645
2023-11-02 21:38:35,165 - fewshot_modelnet_linear_classification - INFO - [Validation] EPOCH: 61  acc = 94.0000
2023-11-02 21:38:36,747 - fewshot_modelnet_linear_classification - INFO - Save checkpoint at ./experiments/fewshot_modelnet_linear_classification/cfgs/LR_0.001/ckpt-last.pth
2023-11-02 21:38:37,624 - fewshot_modelnet_linear_classification - INFO - [Training] EPOCH: 62 EpochTime = 0.875 (s) Losses = ['0.6007', '87.5000'] lr = 0.000635
2023-11-02 21:38:38,747 - fewshot_modelnet_linear_classification - INFO - [Validation] EPOCH: 62  acc = 94.0000
2023-11-02 21:38:40,681 - fewshot_modelnet_linear_classification - INFO - Save checkpoint at ./experiments/fewshot_modelnet_linear_classification/cfgs/LR_0.001/ckpt-last.pth
2023-11-02 21:38:41,570 - fewshot_modelnet_linear_classification - INFO - [Training] EPOCH: 63 EpochTime = 0.887 (s) Losses = ['0.5541', '93.7500'] lr = 0.000625
2023-11-02 21:38:42,572 - fewshot_modelnet_linear_classification - INFO - [Validation] EPOCH: 63  acc = 94.0000
2023-11-02 21:38:44,591 - fewshot_modelnet_linear_classification - INFO - Save checkpoint at ./experiments/fewshot_modelnet_linear_classification/cfgs/LR_0.001/ckpt-last.pth
2023-11-02 21:38:45,666 - fewshot_modelnet_linear_classification - INFO - [Training] EPOCH: 64 EpochTime = 1.072 (s) Losses = ['0.6046', '87.5000'] lr = 0.000615
2023-11-02 21:38:46,708 - fewshot_modelnet_linear_classification - INFO - [Validation] EPOCH: 64  acc = 94.0000
2023-11-02 21:38:47,667 - fewshot_modelnet_linear_classification - INFO - Save checkpoint at ./experiments/fewshot_modelnet_linear_classification/cfgs/LR_0.001/ckpt-last.pth
2023-11-02 21:38:48,674 - fewshot_modelnet_linear_classification - INFO - [Training] EPOCH: 65 EpochTime = 1.005 (s) Losses = ['0.5495', '96.8750'] lr = 0.000604
2023-11-02 21:38:49,812 - fewshot_modelnet_linear_classification - INFO - [Validation] EPOCH: 65  acc = 94.0000
2023-11-02 21:38:51,834 - fewshot_modelnet_linear_classification - INFO - Save checkpoint at ./experiments/fewshot_modelnet_linear_classification/cfgs/LR_0.001/ckpt-last.pth
2023-11-02 21:38:52,758 - fewshot_modelnet_linear_classification - INFO - [Training] EPOCH: 66 EpochTime = 0.921 (s) Losses = ['0.5005', '93.7500'] lr = 0.000594
2023-11-02 21:38:53,869 - fewshot_modelnet_linear_classification - INFO - [Validation] EPOCH: 66  acc = 96.0000
2023-11-02 21:38:54,707 - fewshot_modelnet_linear_classification - INFO - Save checkpoint at ./experiments/fewshot_modelnet_linear_classification/cfgs/LR_0.001/ckpt-last.pth
2023-11-02 21:38:55,644 - fewshot_modelnet_linear_classification - INFO - [Training] EPOCH: 67 EpochTime = 0.935 (s) Losses = ['0.4176', '100.0000'] lr = 0.000584
2023-11-02 21:38:57,011 - fewshot_modelnet_linear_classification - INFO - [Validation] EPOCH: 67  acc = 97.0000
2023-11-02 21:38:58,634 - fewshot_modelnet_linear_classification - INFO - Save checkpoint at ./experiments/fewshot_modelnet_linear_classification/cfgs/LR_0.001/ckpt-last.pth
2023-11-02 21:38:59,897 - fewshot_modelnet_linear_classification - INFO - [Training] EPOCH: 68 EpochTime = 1.262 (s) Losses = ['0.5141', '96.8750'] lr = 0.000573
2023-11-02 21:39:00,992 - fewshot_modelnet_linear_classification - INFO - [Validation] EPOCH: 68  acc = 97.0000
2023-11-02 21:39:02,503 - fewshot_modelnet_linear_classification - INFO - Save checkpoint at ./experiments/fewshot_modelnet_linear_classification/cfgs/LR_0.001/ckpt-last.pth
2023-11-02 21:39:03,475 - fewshot_modelnet_linear_classification - INFO - [Training] EPOCH: 69 EpochTime = 0.970 (s) Losses = ['0.4947', '96.8750'] lr = 0.000563
2023-11-02 21:39:04,857 - fewshot_modelnet_linear_classification - INFO - [Validation] EPOCH: 69  acc = 98.0000
2023-11-02 21:39:06,696 - fewshot_modelnet_linear_classification - INFO - Save checkpoint at ./experiments/fewshot_modelnet_linear_classification/cfgs/LR_0.001/ckpt-best.pth
2023-11-02 21:39:06,696 - fewshot_modelnet_linear_classification - INFO - --------------------------------------------------------------------------------------------
2023-11-02 21:39:08,362 - fewshot_modelnet_linear_classification - INFO - Save checkpoint at ./experiments/fewshot_modelnet_linear_classification/cfgs/LR_0.001/ckpt-last.pth
2023-11-02 21:39:09,750 - fewshot_modelnet_linear_classification - INFO - [Training] EPOCH: 70 EpochTime = 1.386 (s) Losses = ['0.5093', '93.7500'] lr = 0.000553
2023-11-02 21:39:10,855 - fewshot_modelnet_linear_classification - INFO - [Validation] EPOCH: 70  acc = 98.0000
2023-11-02 21:39:12,494 - fewshot_modelnet_linear_classification - INFO - Save checkpoint at ./experiments/fewshot_modelnet_linear_classification/cfgs/LR_0.001/ckpt-last.pth
2023-11-02 21:39:13,580 - fewshot_modelnet_linear_classification - INFO - [Training] EPOCH: 71 EpochTime = 1.084 (s) Losses = ['0.5321', '87.5000'] lr = 0.000542
2023-11-02 21:39:15,152 - fewshot_modelnet_linear_classification - INFO - [Validation] EPOCH: 71  acc = 98.0000
2023-11-02 21:39:15,741 - fewshot_modelnet_linear_classification - INFO - Save checkpoint at ./experiments/fewshot_modelnet_linear_classification/cfgs/LR_0.001/ckpt-last.pth
2023-11-02 21:39:16,669 - fewshot_modelnet_linear_classification - INFO - [Training] EPOCH: 72 EpochTime = 0.926 (s) Losses = ['0.4611', '90.6250'] lr = 0.000532
2023-11-02 21:39:17,722 - fewshot_modelnet_linear_classification - INFO - [Validation] EPOCH: 72  acc = 99.0000
2023-11-02 21:39:19,081 - fewshot_modelnet_linear_classification - INFO - Save checkpoint at ./experiments/fewshot_modelnet_linear_classification/cfgs/LR_0.001/ckpt-best.pth
2023-11-02 21:39:19,082 - fewshot_modelnet_linear_classification - INFO - --------------------------------------------------------------------------------------------
2023-11-02 21:39:20,437 - fewshot_modelnet_linear_classification - INFO - Save checkpoint at ./experiments/fewshot_modelnet_linear_classification/cfgs/LR_0.001/ckpt-last.pth
2023-11-02 21:39:21,463 - fewshot_modelnet_linear_classification - INFO - [Training] EPOCH: 73 EpochTime = 1.024 (s) Losses = ['0.5307', '96.8750'] lr = 0.000521
2023-11-02 21:39:22,467 - fewshot_modelnet_linear_classification - INFO - [Validation] EPOCH: 73  acc = 99.0000
2023-11-02 21:39:24,134 - fewshot_modelnet_linear_classification - INFO - Save checkpoint at ./experiments/fewshot_modelnet_linear_classification/cfgs/LR_0.001/ckpt-last.pth
2023-11-02 21:39:25,430 - fewshot_modelnet_linear_classification - INFO - [Training] EPOCH: 74 EpochTime = 1.293 (s) Losses = ['0.4782', '93.7500'] lr = 0.000511
2023-11-02 21:39:26,466 - fewshot_modelnet_linear_classification - INFO - [Validation] EPOCH: 74  acc = 98.0000
2023-11-02 21:39:27,347 - fewshot_modelnet_linear_classification - INFO - Save checkpoint at ./experiments/fewshot_modelnet_linear_classification/cfgs/LR_0.001/ckpt-last.pth
2023-11-02 21:39:28,317 - fewshot_modelnet_linear_classification - INFO - [Training] EPOCH: 75 EpochTime = 0.968 (s) Losses = ['0.4368', '96.8750'] lr = 0.000501
2023-11-02 21:39:29,740 - fewshot_modelnet_linear_classification - INFO - [Validation] EPOCH: 75  acc = 96.0000
2023-11-02 21:39:31,139 - fewshot_modelnet_linear_classification - INFO - Save checkpoint at ./experiments/fewshot_modelnet_linear_classification/cfgs/LR_0.001/ckpt-last.pth
2023-11-02 21:39:32,183 - fewshot_modelnet_linear_classification - INFO - [Training] EPOCH: 76 EpochTime = 1.042 (s) Losses = ['0.5505', '90.6250'] lr = 0.000490
2023-11-02 21:39:33,318 - fewshot_modelnet_linear_classification - INFO - [Validation] EPOCH: 76  acc = 96.0000
2023-11-02 21:39:34,159 - fewshot_modelnet_linear_classification - INFO - Save checkpoint at ./experiments/fewshot_modelnet_linear_classification/cfgs/LR_0.001/ckpt-last.pth
2023-11-02 21:39:35,094 - fewshot_modelnet_linear_classification - INFO - [Training] EPOCH: 77 EpochTime = 0.934 (s) Losses = ['0.4669', '90.6250'] lr = 0.000480
2023-11-02 21:39:36,104 - fewshot_modelnet_linear_classification - INFO - [Validation] EPOCH: 77  acc = 96.0000
2023-11-02 21:39:37,449 - fewshot_modelnet_linear_classification - INFO - Save checkpoint at ./experiments/fewshot_modelnet_linear_classification/cfgs/LR_0.001/ckpt-last.pth
2023-11-02 21:39:38,424 - fewshot_modelnet_linear_classification - INFO - [Training] EPOCH: 78 EpochTime = 0.972 (s) Losses = ['0.3847', '96.8750'] lr = 0.000469
2023-11-02 21:39:39,420 - fewshot_modelnet_linear_classification - INFO - [Validation] EPOCH: 78  acc = 96.0000
2023-11-02 21:39:41,134 - fewshot_modelnet_linear_classification - INFO - Save checkpoint at ./experiments/fewshot_modelnet_linear_classification/cfgs/LR_0.001/ckpt-last.pth
2023-11-02 21:39:42,084 - fewshot_modelnet_linear_classification - INFO - [Training] EPOCH: 79 EpochTime = 0.949 (s) Losses = ['0.4249', '93.7500'] lr = 0.000459
2023-11-02 21:39:43,192 - fewshot_modelnet_linear_classification - INFO - [Validation] EPOCH: 79  acc = 96.0000
2023-11-02 21:39:43,986 - fewshot_modelnet_linear_classification - INFO - Save checkpoint at ./experiments/fewshot_modelnet_linear_classification/cfgs/LR_0.001/ckpt-last.pth
2023-11-02 21:39:44,989 - fewshot_modelnet_linear_classification - INFO - [Training] EPOCH: 80 EpochTime = 1.001 (s) Losses = ['0.4236', '90.6250'] lr = 0.000448
2023-11-02 21:39:46,023 - fewshot_modelnet_linear_classification - INFO - [Validation] EPOCH: 80  acc = 96.0000
2023-11-02 21:39:47,238 - fewshot_modelnet_linear_classification - INFO - Save checkpoint at ./experiments/fewshot_modelnet_linear_classification/cfgs/LR_0.001/ckpt-last.pth
2023-11-02 21:39:48,511 - fewshot_modelnet_linear_classification - INFO - [Training] EPOCH: 81 EpochTime = 1.271 (s) Losses = ['0.4390', '100.0000'] lr = 0.000438
2023-11-02 21:39:49,542 - fewshot_modelnet_linear_classification - INFO - [Validation] EPOCH: 81  acc = 96.0000
2023-11-02 21:39:51,037 - fewshot_modelnet_linear_classification - INFO - Save checkpoint at ./experiments/fewshot_modelnet_linear_classification/cfgs/LR_0.001/ckpt-last.pth
2023-11-02 21:39:51,965 - fewshot_modelnet_linear_classification - INFO - [Training] EPOCH: 82 EpochTime = 0.926 (s) Losses = ['0.4931', '90.6250'] lr = 0.000428
2023-11-02 21:39:53,408 - fewshot_modelnet_linear_classification - INFO - [Validation] EPOCH: 82  acc = 96.0000
2023-11-02 21:39:54,783 - fewshot_modelnet_linear_classification - INFO - Save checkpoint at ./experiments/fewshot_modelnet_linear_classification/cfgs/LR_0.001/ckpt-last.pth
2023-11-02 21:39:55,864 - fewshot_modelnet_linear_classification - INFO - [Training] EPOCH: 83 EpochTime = 1.077 (s) Losses = ['0.4907', '90.6250'] lr = 0.000417
2023-11-02 21:39:56,940 - fewshot_modelnet_linear_classification - INFO - [Validation] EPOCH: 83  acc = 96.0000
2023-11-02 21:39:58,669 - fewshot_modelnet_linear_classification - INFO - Save checkpoint at ./experiments/fewshot_modelnet_linear_classification/cfgs/LR_0.001/ckpt-last.pth
2023-11-02 21:39:59,996 - fewshot_modelnet_linear_classification - INFO - [Training] EPOCH: 84 EpochTime = 1.326 (s) Losses = ['0.4241', '96.8750'] lr = 0.000407
2023-11-02 21:40:01,230 - fewshot_modelnet_linear_classification - INFO - [Validation] EPOCH: 84  acc = 96.0000
2023-11-02 21:40:02,645 - fewshot_modelnet_linear_classification - INFO - Save checkpoint at ./experiments/fewshot_modelnet_linear_classification/cfgs/LR_0.001/ckpt-last.pth
2023-11-02 21:40:03,660 - fewshot_modelnet_linear_classification - INFO - [Training] EPOCH: 85 EpochTime = 1.012 (s) Losses = ['0.4082', '96.8750'] lr = 0.000397
2023-11-02 21:40:04,693 - fewshot_modelnet_linear_classification - INFO - [Validation] EPOCH: 85  acc = 96.0000
2023-11-02 21:40:06,621 - fewshot_modelnet_linear_classification - INFO - Save checkpoint at ./experiments/fewshot_modelnet_linear_classification/cfgs/LR_0.001/ckpt-last.pth
2023-11-02 21:40:07,584 - fewshot_modelnet_linear_classification - INFO - [Training] EPOCH: 86 EpochTime = 0.961 (s) Losses = ['0.4748', '96.8750'] lr = 0.000386
2023-11-02 21:40:08,614 - fewshot_modelnet_linear_classification - INFO - [Validation] EPOCH: 86  acc = 96.0000
2023-11-02 21:40:10,153 - fewshot_modelnet_linear_classification - INFO - Save checkpoint at ./experiments/fewshot_modelnet_linear_classification/cfgs/LR_0.001/ckpt-last.pth
2023-11-02 21:40:11,277 - fewshot_modelnet_linear_classification - INFO - [Training] EPOCH: 87 EpochTime = 1.122 (s) Losses = ['0.3853', '100.0000'] lr = 0.000376
2023-11-02 21:40:12,388 - fewshot_modelnet_linear_classification - INFO - [Validation] EPOCH: 87  acc = 96.0000
2023-11-02 21:40:13,689 - fewshot_modelnet_linear_classification - INFO - Save checkpoint at ./experiments/fewshot_modelnet_linear_classification/cfgs/LR_0.001/ckpt-last.pth
2023-11-02 21:40:14,604 - fewshot_modelnet_linear_classification - INFO - [Training] EPOCH: 88 EpochTime = 0.913 (s) Losses = ['0.3834', '96.8750'] lr = 0.000366
2023-11-02 21:40:16,059 - fewshot_modelnet_linear_classification - INFO - [Validation] EPOCH: 88  acc = 96.0000
2023-11-02 21:40:17,323 - fewshot_modelnet_linear_classification - INFO - Save checkpoint at ./experiments/fewshot_modelnet_linear_classification/cfgs/LR_0.001/ckpt-last.pth
2023-11-02 21:40:18,297 - fewshot_modelnet_linear_classification - INFO - [Training] EPOCH: 89 EpochTime = 0.972 (s) Losses = ['0.4320', '96.8750'] lr = 0.000356
2023-11-02 21:40:19,356 - fewshot_modelnet_linear_classification - INFO - [Validation] EPOCH: 89  acc = 96.0000
2023-11-02 21:40:21,135 - fewshot_modelnet_linear_classification - INFO - Save checkpoint at ./experiments/fewshot_modelnet_linear_classification/cfgs/LR_0.001/ckpt-last.pth
2023-11-02 21:40:22,030 - fewshot_modelnet_linear_classification - INFO - [Training] EPOCH: 90 EpochTime = 0.893 (s) Losses = ['0.3690', '96.8750'] lr = 0.000346
2023-11-02 21:40:23,256 - fewshot_modelnet_linear_classification - INFO - [Validation] EPOCH: 90  acc = 96.0000
2023-11-02 21:40:24,572 - fewshot_modelnet_linear_classification - INFO - Save checkpoint at ./experiments/fewshot_modelnet_linear_classification/cfgs/LR_0.001/ckpt-last.pth
2023-11-02 21:40:25,591 - fewshot_modelnet_linear_classification - INFO - [Training] EPOCH: 91 EpochTime = 1.017 (s) Losses = ['0.4365', '93.7500'] lr = 0.000336
2023-11-02 21:40:26,641 - fewshot_modelnet_linear_classification - INFO - [Validation] EPOCH: 91  acc = 96.0000
2023-11-02 21:40:27,982 - fewshot_modelnet_linear_classification - INFO - Save checkpoint at ./experiments/fewshot_modelnet_linear_classification/cfgs/LR_0.001/ckpt-last.pth
2023-11-02 21:40:28,959 - fewshot_modelnet_linear_classification - INFO - [Training] EPOCH: 92 EpochTime = 0.974 (s) Losses = ['0.3839', '96.8750'] lr = 0.000326
2023-11-02 21:40:30,031 - fewshot_modelnet_linear_classification - INFO - [Validation] EPOCH: 92  acc = 96.0000
2023-11-02 21:40:31,317 - fewshot_modelnet_linear_classification - INFO - Save checkpoint at ./experiments/fewshot_modelnet_linear_classification/cfgs/LR_0.001/ckpt-last.pth
2023-11-02 21:40:32,245 - fewshot_modelnet_linear_classification - INFO - [Training] EPOCH: 93 EpochTime = 0.926 (s) Losses = ['0.4181', '96.8750'] lr = 0.000317
2023-11-02 21:40:33,666 - fewshot_modelnet_linear_classification - INFO - [Validation] EPOCH: 93  acc = 96.0000
2023-11-02 21:40:35,121 - fewshot_modelnet_linear_classification - INFO - Save checkpoint at ./experiments/fewshot_modelnet_linear_classification/cfgs/LR_0.001/ckpt-last.pth
2023-11-02 21:40:36,096 - fewshot_modelnet_linear_classification - INFO - [Training] EPOCH: 94 EpochTime = 0.972 (s) Losses = ['0.4040', '93.7500'] lr = 0.000307
2023-11-02 21:40:37,139 - fewshot_modelnet_linear_classification - INFO - [Validation] EPOCH: 94  acc = 97.0000
2023-11-02 21:40:38,650 - fewshot_modelnet_linear_classification - INFO - Save checkpoint at ./experiments/fewshot_modelnet_linear_classification/cfgs/LR_0.001/ckpt-last.pth
2023-11-02 21:40:39,588 - fewshot_modelnet_linear_classification - INFO - [Training] EPOCH: 95 EpochTime = 0.936 (s) Losses = ['0.3366', '100.0000'] lr = 0.000297
2023-11-02 21:40:40,913 - fewshot_modelnet_linear_classification - INFO - [Validation] EPOCH: 95  acc = 97.0000
2023-11-02 21:40:42,252 - fewshot_modelnet_linear_classification - INFO - Save checkpoint at ./experiments/fewshot_modelnet_linear_classification/cfgs/LR_0.001/ckpt-last.pth
2023-11-02 21:40:43,306 - fewshot_modelnet_linear_classification - INFO - [Training] EPOCH: 96 EpochTime = 1.052 (s) Losses = ['0.4549', '93.7500'] lr = 0.000288
2023-11-02 21:40:44,415 - fewshot_modelnet_linear_classification - INFO - [Validation] EPOCH: 96  acc = 96.0000
2023-11-02 21:40:46,512 - fewshot_modelnet_linear_classification - INFO - Save checkpoint at ./experiments/fewshot_modelnet_linear_classification/cfgs/LR_0.001/ckpt-last.pth
2023-11-02 21:40:47,543 - fewshot_modelnet_linear_classification - INFO - [Training] EPOCH: 97 EpochTime = 1.029 (s) Losses = ['0.3830', '96.8750'] lr = 0.000278
2023-11-02 21:40:48,636 - fewshot_modelnet_linear_classification - INFO - [Validation] EPOCH: 97  acc = 96.0000
2023-11-02 21:40:50,182 - fewshot_modelnet_linear_classification - INFO - Save checkpoint at ./experiments/fewshot_modelnet_linear_classification/cfgs/LR_0.001/ckpt-last.pth
2023-11-02 21:40:51,160 - fewshot_modelnet_linear_classification - INFO - [Training] EPOCH: 98 EpochTime = 0.975 (s) Losses = ['0.3865', '96.8750'] lr = 0.000269
2023-11-02 21:40:52,218 - fewshot_modelnet_linear_classification - INFO - [Validation] EPOCH: 98  acc = 96.0000
2023-11-02 21:40:53,859 - fewshot_modelnet_linear_classification - INFO - Save checkpoint at ./experiments/fewshot_modelnet_linear_classification/cfgs/LR_0.001/ckpt-last.pth
2023-11-02 21:40:55,087 - fewshot_modelnet_linear_classification - INFO - [Training] EPOCH: 99 EpochTime = 1.227 (s) Losses = ['0.2789', '100.0000'] lr = 0.000260
2023-11-02 21:40:56,399 - fewshot_modelnet_linear_classification - INFO - [Validation] EPOCH: 99  acc = 96.0000
2023-11-02 21:40:56,912 - fewshot_modelnet_linear_classification - INFO - Save checkpoint at ./experiments/fewshot_modelnet_linear_classification/cfgs/LR_0.001/ckpt-last.pth
2023-11-02 21:40:57,800 - fewshot_modelnet_linear_classification - INFO - [Training] EPOCH: 100 EpochTime = 0.886 (s) Losses = ['0.4116', '93.7500'] lr = 0.000251
2023-11-02 21:40:59,247 - fewshot_modelnet_linear_classification - INFO - [Validation] EPOCH: 100  acc = 96.0000
2023-11-02 21:41:01,420 - fewshot_modelnet_linear_classification - INFO - Save checkpoint at ./experiments/fewshot_modelnet_linear_classification/cfgs/LR_0.001/ckpt-last.pth
2023-11-02 21:41:02,335 - fewshot_modelnet_linear_classification - INFO - [Training] EPOCH: 101 EpochTime = 0.913 (s) Losses = ['0.4552', '93.7500'] lr = 0.000242
2023-11-02 21:41:03,430 - fewshot_modelnet_linear_classification - INFO - [Validation] EPOCH: 101  acc = 96.0000
2023-11-02 21:41:05,569 - fewshot_modelnet_linear_classification - INFO - Save checkpoint at ./experiments/fewshot_modelnet_linear_classification/cfgs/LR_0.001/ckpt-last.pth
2023-11-02 21:41:06,697 - fewshot_modelnet_linear_classification - INFO - [Training] EPOCH: 102 EpochTime = 1.125 (s) Losses = ['0.4128', '96.8750'] lr = 0.000233
2023-11-02 21:41:08,178 - fewshot_modelnet_linear_classification - INFO - [Validation] EPOCH: 102  acc = 96.0000
2023-11-02 21:41:08,663 - fewshot_modelnet_linear_classification - INFO - Save checkpoint at ./experiments/fewshot_modelnet_linear_classification/cfgs/LR_0.001/ckpt-last.pth
2023-11-02 21:41:09,744 - fewshot_modelnet_linear_classification - INFO - [Training] EPOCH: 103 EpochTime = 1.079 (s) Losses = ['0.4150', '93.7500'] lr = 0.000224
2023-11-02 21:41:10,893 - fewshot_modelnet_linear_classification - INFO - [Validation] EPOCH: 103  acc = 96.0000
2023-11-02 21:41:12,255 - fewshot_modelnet_linear_classification - INFO - Save checkpoint at ./experiments/fewshot_modelnet_linear_classification/cfgs/LR_0.001/ckpt-last.pth
2023-11-02 21:41:13,310 - fewshot_modelnet_linear_classification - INFO - [Training] EPOCH: 104 EpochTime = 1.052 (s) Losses = ['0.3303', '100.0000'] lr = 0.000215
2023-11-02 21:41:14,557 - fewshot_modelnet_linear_classification - INFO - [Validation] EPOCH: 104  acc = 96.0000
2023-11-02 21:41:15,638 - fewshot_modelnet_linear_classification - INFO - Save checkpoint at ./experiments/fewshot_modelnet_linear_classification/cfgs/LR_0.001/ckpt-last.pth
2023-11-02 21:41:16,857 - fewshot_modelnet_linear_classification - INFO - [Training] EPOCH: 105 EpochTime = 1.217 (s) Losses = ['0.3476', '100.0000'] lr = 0.000207
2023-11-02 21:41:17,896 - fewshot_modelnet_linear_classification - INFO - [Validation] EPOCH: 105  acc = 96.0000
2023-11-02 21:41:19,482 - fewshot_modelnet_linear_classification - INFO - Save checkpoint at ./experiments/fewshot_modelnet_linear_classification/cfgs/LR_0.001/ckpt-last.pth
2023-11-02 21:41:20,399 - fewshot_modelnet_linear_classification - INFO - [Training] EPOCH: 106 EpochTime = 0.916 (s) Losses = ['0.4168', '93.7500'] lr = 0.000199
2023-11-02 21:41:21,896 - fewshot_modelnet_linear_classification - INFO - [Validation] EPOCH: 106  acc = 96.0000
2023-11-02 21:41:22,550 - fewshot_modelnet_linear_classification - INFO - Save checkpoint at ./experiments/fewshot_modelnet_linear_classification/cfgs/LR_0.001/ckpt-last.pth
2023-11-02 21:41:23,844 - fewshot_modelnet_linear_classification - INFO - [Training] EPOCH: 107 EpochTime = 1.291 (s) Losses = ['0.4039', '93.7500'] lr = 0.000190
2023-11-02 21:41:24,919 - fewshot_modelnet_linear_classification - INFO - [Validation] EPOCH: 107  acc = 96.0000
2023-11-02 21:41:26,716 - fewshot_modelnet_linear_classification - INFO - Save checkpoint at ./experiments/fewshot_modelnet_linear_classification/cfgs/LR_0.001/ckpt-last.pth
2023-11-02 21:41:28,021 - fewshot_modelnet_linear_classification - INFO - [Training] EPOCH: 108 EpochTime = 1.303 (s) Losses = ['0.3668', '93.7500'] lr = 0.000182
2023-11-02 21:41:29,082 - fewshot_modelnet_linear_classification - INFO - [Validation] EPOCH: 108  acc = 96.0000
2023-11-02 21:41:30,677 - fewshot_modelnet_linear_classification - INFO - Save checkpoint at ./experiments/fewshot_modelnet_linear_classification/cfgs/LR_0.001/ckpt-last.pth
2023-11-02 21:41:31,638 - fewshot_modelnet_linear_classification - INFO - [Training] EPOCH: 109 EpochTime = 0.955 (s) Losses = ['0.4449', '90.6250'] lr = 0.000174
2023-11-02 21:41:32,684 - fewshot_modelnet_linear_classification - INFO - [Validation] EPOCH: 109  acc = 96.0000
2023-11-02 21:41:34,079 - fewshot_modelnet_linear_classification - INFO - Save checkpoint at ./experiments/fewshot_modelnet_linear_classification/cfgs/LR_0.001/ckpt-last.pth
2023-11-02 21:41:35,075 - fewshot_modelnet_linear_classification - INFO - [Training] EPOCH: 110 EpochTime = 0.994 (s) Losses = ['0.4084', '100.0000'] lr = 0.000166
2023-11-02 21:41:36,089 - fewshot_modelnet_linear_classification - INFO - [Validation] EPOCH: 110  acc = 96.0000
2023-11-02 21:41:38,583 - fewshot_modelnet_linear_classification - INFO - Save checkpoint at ./experiments/fewshot_modelnet_linear_classification/cfgs/LR_0.001/ckpt-last.pth
2023-11-02 21:41:39,678 - fewshot_modelnet_linear_classification - INFO - [Training] EPOCH: 111 EpochTime = 1.093 (s) Losses = ['0.3261', '100.0000'] lr = 0.000159
2023-11-02 21:41:41,033 - fewshot_modelnet_linear_classification - INFO - [Validation] EPOCH: 111  acc = 96.0000
2023-11-02 21:41:41,737 - fewshot_modelnet_linear_classification - INFO - Save checkpoint at ./experiments/fewshot_modelnet_linear_classification/cfgs/LR_0.001/ckpt-last.pth
2023-11-02 21:41:42,669 - fewshot_modelnet_linear_classification - INFO - [Training] EPOCH: 112 EpochTime = 0.930 (s) Losses = ['0.3413', '96.8750'] lr = 0.000151
2023-11-02 21:41:43,700 - fewshot_modelnet_linear_classification - INFO - [Validation] EPOCH: 112  acc = 96.0000
2023-11-02 21:41:45,052 - fewshot_modelnet_linear_classification - INFO - Save checkpoint at ./experiments/fewshot_modelnet_linear_classification/cfgs/LR_0.001/ckpt-last.pth
2023-11-02 21:41:46,122 - fewshot_modelnet_linear_classification - INFO - [Training] EPOCH: 113 EpochTime = 1.068 (s) Losses = ['0.3099', '96.8750'] lr = 0.000144
2023-11-02 21:41:47,257 - fewshot_modelnet_linear_classification - INFO - [Validation] EPOCH: 113  acc = 96.0000
2023-11-02 21:41:48,105 - fewshot_modelnet_linear_classification - INFO - Save checkpoint at ./experiments/fewshot_modelnet_linear_classification/cfgs/LR_0.001/ckpt-last.pth
2023-11-02 21:41:49,253 - fewshot_modelnet_linear_classification - INFO - [Training] EPOCH: 114 EpochTime = 1.146 (s) Losses = ['0.3092', '100.0000'] lr = 0.000136
2023-11-02 21:41:50,647 - fewshot_modelnet_linear_classification - INFO - [Validation] EPOCH: 114  acc = 96.0000
2023-11-02 21:41:51,221 - fewshot_modelnet_linear_classification - INFO - Save checkpoint at ./experiments/fewshot_modelnet_linear_classification/cfgs/LR_0.001/ckpt-last.pth
2023-11-02 21:41:52,223 - fewshot_modelnet_linear_classification - INFO - [Training] EPOCH: 115 EpochTime = 0.999 (s) Losses = ['0.3548', '96.8750'] lr = 0.000129
2023-11-02 21:41:53,601 - fewshot_modelnet_linear_classification - INFO - [Validation] EPOCH: 115  acc = 96.0000
2023-11-02 21:41:54,794 - fewshot_modelnet_linear_classification - INFO - Save checkpoint at ./experiments/fewshot_modelnet_linear_classification/cfgs/LR_0.001/ckpt-last.pth
2023-11-02 21:41:55,745 - fewshot_modelnet_linear_classification - INFO - [Training] EPOCH: 116 EpochTime = 0.949 (s) Losses = ['0.3992', '90.6250'] lr = 0.000122
2023-11-02 21:41:57,166 - fewshot_modelnet_linear_classification - INFO - [Validation] EPOCH: 116  acc = 96.0000
2023-11-02 21:41:58,832 - fewshot_modelnet_linear_classification - INFO - Save checkpoint at ./experiments/fewshot_modelnet_linear_classification/cfgs/LR_0.001/ckpt-last.pth
2023-11-02 21:42:00,213 - fewshot_modelnet_linear_classification - INFO - [Training] EPOCH: 117 EpochTime = 1.377 (s) Losses = ['0.4123', '90.6250'] lr = 0.000116
2023-11-02 21:42:01,262 - fewshot_modelnet_linear_classification - INFO - [Validation] EPOCH: 117  acc = 96.0000
2023-11-02 21:42:02,556 - fewshot_modelnet_linear_classification - INFO - Save checkpoint at ./experiments/fewshot_modelnet_linear_classification/cfgs/LR_0.001/ckpt-last.pth
2023-11-02 21:42:03,719 - fewshot_modelnet_linear_classification - INFO - [Training] EPOCH: 118 EpochTime = 1.161 (s) Losses = ['0.3381', '100.0000'] lr = 0.000109
2023-11-02 21:42:04,806 - fewshot_modelnet_linear_classification - INFO - [Validation] EPOCH: 118  acc = 96.0000
2023-11-02 21:42:07,172 - fewshot_modelnet_linear_classification - INFO - Save checkpoint at ./experiments/fewshot_modelnet_linear_classification/cfgs/LR_0.001/ckpt-last.pth
2023-11-02 21:42:08,100 - fewshot_modelnet_linear_classification - INFO - [Training] EPOCH: 119 EpochTime = 0.925 (s) Losses = ['0.3499', '93.7500'] lr = 0.000103
2023-11-02 21:42:09,507 - fewshot_modelnet_linear_classification - INFO - [Validation] EPOCH: 119  acc = 96.0000
2023-11-02 21:42:09,984 - fewshot_modelnet_linear_classification - INFO - Save checkpoint at ./experiments/fewshot_modelnet_linear_classification/cfgs/LR_0.001/ckpt-last.pth
2023-11-02 21:42:11,342 - fewshot_modelnet_linear_classification - INFO - [Training] EPOCH: 120 EpochTime = 1.356 (s) Losses = ['0.4658', '90.6250'] lr = 0.000096
2023-11-02 21:42:12,446 - fewshot_modelnet_linear_classification - INFO - [Validation] EPOCH: 120  acc = 96.0000
2023-11-02 21:42:14,882 - fewshot_modelnet_linear_classification - INFO - Save checkpoint at ./experiments/fewshot_modelnet_linear_classification/cfgs/LR_0.001/ckpt-last.pth
2023-11-02 21:42:15,828 - fewshot_modelnet_linear_classification - INFO - [Training] EPOCH: 121 EpochTime = 0.944 (s) Losses = ['0.3757', '93.7500'] lr = 0.000090
2023-11-02 21:42:16,887 - fewshot_modelnet_linear_classification - INFO - [Validation] EPOCH: 121  acc = 96.0000
2023-11-02 21:42:17,889 - fewshot_modelnet_linear_classification - INFO - Save checkpoint at ./experiments/fewshot_modelnet_linear_classification/cfgs/LR_0.001/ckpt-last.pth
2023-11-02 21:42:18,806 - fewshot_modelnet_linear_classification - INFO - [Training] EPOCH: 122 EpochTime = 0.915 (s) Losses = ['0.3375', '96.8750'] lr = 0.000084
2023-11-02 21:42:19,929 - fewshot_modelnet_linear_classification - INFO - [Validation] EPOCH: 122  acc = 96.0000
2023-11-02 21:42:21,042 - fewshot_modelnet_linear_classification - INFO - Save checkpoint at ./experiments/fewshot_modelnet_linear_classification/cfgs/LR_0.001/ckpt-last.pth
2023-11-02 21:42:22,402 - fewshot_modelnet_linear_classification - INFO - [Training] EPOCH: 123 EpochTime = 1.359 (s) Losses = ['0.3620', '93.7500'] lr = 0.000079
2023-11-02 21:42:23,404 - fewshot_modelnet_linear_classification - INFO - [Validation] EPOCH: 123  acc = 96.0000
2023-11-02 21:42:25,181 - fewshot_modelnet_linear_classification - INFO - Save checkpoint at ./experiments/fewshot_modelnet_linear_classification/cfgs/LR_0.001/ckpt-last.pth
2023-11-02 21:42:26,238 - fewshot_modelnet_linear_classification - INFO - [Training] EPOCH: 124 EpochTime = 1.056 (s) Losses = ['0.3600', '96.8750'] lr = 0.000073
2023-11-02 21:42:27,805 - fewshot_modelnet_linear_classification - INFO - [Validation] EPOCH: 124  acc = 96.0000
2023-11-02 21:42:29,497 - fewshot_modelnet_linear_classification - INFO - Save checkpoint at ./experiments/fewshot_modelnet_linear_classification/cfgs/LR_0.001/ckpt-last.pth
2023-11-02 21:42:30,461 - fewshot_modelnet_linear_classification - INFO - [Training] EPOCH: 125 EpochTime = 0.962 (s) Losses = ['0.3720', '96.8750'] lr = 0.000068
2023-11-02 21:42:31,504 - fewshot_modelnet_linear_classification - INFO - [Validation] EPOCH: 125  acc = 96.0000
2023-11-02 21:42:32,321 - fewshot_modelnet_linear_classification - INFO - Save checkpoint at ./experiments/fewshot_modelnet_linear_classification/cfgs/LR_0.001/ckpt-last.pth
2023-11-02 21:42:33,694 - fewshot_modelnet_linear_classification - INFO - [Training] EPOCH: 126 EpochTime = 1.371 (s) Losses = ['0.3471', '93.7500'] lr = 0.000063
2023-11-02 21:42:34,761 - fewshot_modelnet_linear_classification - INFO - [Validation] EPOCH: 126  acc = 96.0000
2023-11-02 21:42:36,644 - fewshot_modelnet_linear_classification - INFO - Save checkpoint at ./experiments/fewshot_modelnet_linear_classification/cfgs/LR_0.001/ckpt-last.pth
2023-11-02 21:42:37,687 - fewshot_modelnet_linear_classification - INFO - [Training] EPOCH: 127 EpochTime = 1.040 (s) Losses = ['0.3894', '93.7500'] lr = 0.000058
2023-11-02 21:42:39,239 - fewshot_modelnet_linear_classification - INFO - [Validation] EPOCH: 127  acc = 96.0000
2023-11-02 21:42:40,081 - fewshot_modelnet_linear_classification - INFO - Save checkpoint at ./experiments/fewshot_modelnet_linear_classification/cfgs/LR_0.001/ckpt-last.pth
2023-11-02 21:42:41,049 - fewshot_modelnet_linear_classification - INFO - [Training] EPOCH: 128 EpochTime = 0.965 (s) Losses = ['0.3838', '96.8750'] lr = 0.000053
2023-11-02 21:42:42,087 - fewshot_modelnet_linear_classification - INFO - [Validation] EPOCH: 128  acc = 96.0000
2023-11-02 21:42:44,448 - fewshot_modelnet_linear_classification - INFO - Save checkpoint at ./experiments/fewshot_modelnet_linear_classification/cfgs/LR_0.001/ckpt-last.pth
2023-11-02 21:42:45,734 - fewshot_modelnet_linear_classification - INFO - [Training] EPOCH: 129 EpochTime = 1.284 (s) Losses = ['0.3009', '100.0000'] lr = 0.000049
2023-11-02 21:42:47,102 - fewshot_modelnet_linear_classification - INFO - [Validation] EPOCH: 129  acc = 96.0000
2023-11-02 21:42:47,594 - fewshot_modelnet_linear_classification - INFO - Save checkpoint at ./experiments/fewshot_modelnet_linear_classification/cfgs/LR_0.001/ckpt-last.pth
2023-11-02 21:42:48,685 - fewshot_modelnet_linear_classification - INFO - [Training] EPOCH: 130 EpochTime = 1.089 (s) Losses = ['0.4597', '93.7500'] lr = 0.000044
2023-11-02 21:42:49,928 - fewshot_modelnet_linear_classification - INFO - [Validation] EPOCH: 130  acc = 96.0000
2023-11-02 21:42:50,955 - fewshot_modelnet_linear_classification - INFO - Save checkpoint at ./experiments/fewshot_modelnet_linear_classification/cfgs/LR_0.001/ckpt-last.pth
2023-11-02 21:42:52,191 - fewshot_modelnet_linear_classification - INFO - [Training] EPOCH: 131 EpochTime = 1.235 (s) Losses = ['0.3852', '90.6250'] lr = 0.000040
2023-11-02 21:42:53,326 - fewshot_modelnet_linear_classification - INFO - [Validation] EPOCH: 131  acc = 96.0000
2023-11-02 21:42:54,279 - fewshot_modelnet_linear_classification - INFO - Save checkpoint at ./experiments/fewshot_modelnet_linear_classification/cfgs/LR_0.001/ckpt-last.pth
2023-11-02 21:42:55,559 - fewshot_modelnet_linear_classification - INFO - [Training] EPOCH: 132 EpochTime = 1.278 (s) Losses = ['0.2901', '100.0000'] lr = 0.000036
2023-11-02 21:42:56,630 - fewshot_modelnet_linear_classification - INFO - [Validation] EPOCH: 132  acc = 96.0000
2023-11-02 21:42:58,177 - fewshot_modelnet_linear_classification - INFO - Save checkpoint at ./experiments/fewshot_modelnet_linear_classification/cfgs/LR_0.001/ckpt-last.pth
2023-11-02 21:42:59,340 - fewshot_modelnet_linear_classification - INFO - [Training] EPOCH: 133 EpochTime = 1.160 (s) Losses = ['0.3639', '96.8750'] lr = 0.000032
2023-11-02 21:43:00,796 - fewshot_modelnet_linear_classification - INFO - [Validation] EPOCH: 133  acc = 96.0000
2023-11-02 21:43:01,316 - fewshot_modelnet_linear_classification - INFO - Save checkpoint at ./experiments/fewshot_modelnet_linear_classification/cfgs/LR_0.001/ckpt-last.pth
2023-11-02 21:43:02,552 - fewshot_modelnet_linear_classification - INFO - [Training] EPOCH: 134 EpochTime = 1.235 (s) Losses = ['0.3746', '96.8750'] lr = 0.000029
2023-11-02 21:43:03,626 - fewshot_modelnet_linear_classification - INFO - [Validation] EPOCH: 134  acc = 96.0000
2023-11-02 21:43:05,261 - fewshot_modelnet_linear_classification - INFO - Save checkpoint at ./experiments/fewshot_modelnet_linear_classification/cfgs/LR_0.001/ckpt-last.pth
2023-11-02 21:43:06,196 - fewshot_modelnet_linear_classification - INFO - [Training] EPOCH: 135 EpochTime = 0.933 (s) Losses = ['0.3993', '90.6250'] lr = 0.000025
2023-11-02 21:43:07,235 - fewshot_modelnet_linear_classification - INFO - [Validation] EPOCH: 135  acc = 96.0000
2023-11-02 21:43:08,894 - fewshot_modelnet_linear_classification - INFO - Save checkpoint at ./experiments/fewshot_modelnet_linear_classification/cfgs/LR_0.001/ckpt-last.pth
2023-11-02 21:43:10,352 - fewshot_modelnet_linear_classification - INFO - [Training] EPOCH: 136 EpochTime = 1.456 (s) Losses = ['0.4701', '93.7500'] lr = 0.000022
2023-11-02 21:43:11,478 - fewshot_modelnet_linear_classification - INFO - [Validation] EPOCH: 136  acc = 96.0000
2023-11-02 21:43:13,911 - fewshot_modelnet_linear_classification - INFO - Save checkpoint at ./experiments/fewshot_modelnet_linear_classification/cfgs/LR_0.001/ckpt-last.pth
2023-11-02 21:43:14,867 - fewshot_modelnet_linear_classification - INFO - [Training] EPOCH: 137 EpochTime = 0.954 (s) Losses = ['0.4085', '93.7500'] lr = 0.000019
2023-11-02 21:43:15,945 - fewshot_modelnet_linear_classification - INFO - [Validation] EPOCH: 137  acc = 96.0000
2023-11-02 21:43:16,718 - fewshot_modelnet_linear_classification - INFO - Save checkpoint at ./experiments/fewshot_modelnet_linear_classification/cfgs/LR_0.001/ckpt-last.pth
2023-11-02 21:43:17,676 - fewshot_modelnet_linear_classification - INFO - [Training] EPOCH: 138 EpochTime = 0.955 (s) Losses = ['0.3882', '96.8750'] lr = 0.000017
2023-11-02 21:43:19,157 - fewshot_modelnet_linear_classification - INFO - [Validation] EPOCH: 138  acc = 96.0000
2023-11-02 21:43:20,592 - fewshot_modelnet_linear_classification - INFO - Save checkpoint at ./experiments/fewshot_modelnet_linear_classification/cfgs/LR_0.001/ckpt-last.pth
2023-11-02 21:43:21,601 - fewshot_modelnet_linear_classification - INFO - [Training] EPOCH: 139 EpochTime = 1.006 (s) Losses = ['0.3322', '100.0000'] lr = 0.000014
2023-11-02 21:43:23,025 - fewshot_modelnet_linear_classification - INFO - [Validation] EPOCH: 139  acc = 96.0000
2023-11-02 21:43:23,895 - fewshot_modelnet_linear_classification - INFO - Save checkpoint at ./experiments/fewshot_modelnet_linear_classification/cfgs/LR_0.001/ckpt-last.pth
2023-11-02 21:43:25,233 - fewshot_modelnet_linear_classification - INFO - [Training] EPOCH: 140 EpochTime = 1.336 (s) Losses = ['0.2993', '96.8750'] lr = 0.000012
2023-11-02 21:43:26,447 - fewshot_modelnet_linear_classification - INFO - [Validation] EPOCH: 140  acc = 96.0000
2023-11-02 21:43:27,548 - fewshot_modelnet_linear_classification - INFO - Save checkpoint at ./experiments/fewshot_modelnet_linear_classification/cfgs/LR_0.001/ckpt-last.pth
2023-11-02 21:43:28,517 - fewshot_modelnet_linear_classification - INFO - [Training] EPOCH: 141 EpochTime = 0.967 (s) Losses = ['0.3665', '93.7500'] lr = 0.000010
2023-11-02 21:43:29,802 - fewshot_modelnet_linear_classification - INFO - [Validation] EPOCH: 141  acc = 96.0000
2023-11-02 21:43:30,765 - fewshot_modelnet_linear_classification - INFO - Save checkpoint at ./experiments/fewshot_modelnet_linear_classification/cfgs/LR_0.001/ckpt-last.pth
2023-11-02 21:43:32,559 - fewshot_modelnet_linear_classification - INFO - Save checkpoint at ./experiments/fewshot_modelnet_linear_classification/cfgs/LR_0.001/ckpt-epoch-141.pth
2023-11-02 21:43:33,635 - fewshot_modelnet_linear_classification - INFO - [Training] EPOCH: 142 EpochTime = 1.074 (s) Losses = ['0.4049', '93.7500'] lr = 0.000008
2023-11-02 21:43:35,120 - fewshot_modelnet_linear_classification - INFO - [Validation] EPOCH: 142  acc = 96.0000
2023-11-02 21:43:35,668 - fewshot_modelnet_linear_classification - INFO - Save checkpoint at ./experiments/fewshot_modelnet_linear_classification/cfgs/LR_0.001/ckpt-last.pth
2023-11-02 21:43:37,135 - fewshot_modelnet_linear_classification - INFO - Save checkpoint at ./experiments/fewshot_modelnet_linear_classification/cfgs/LR_0.001/ckpt-epoch-142.pth
2023-11-02 21:43:38,092 - fewshot_modelnet_linear_classification - INFO - [Training] EPOCH: 143 EpochTime = 0.955 (s) Losses = ['0.3575', '93.7500'] lr = 0.000006
2023-11-02 21:43:39,149 - fewshot_modelnet_linear_classification - INFO - [Validation] EPOCH: 143  acc = 96.0000
2023-11-02 21:43:40,951 - fewshot_modelnet_linear_classification - INFO - Save checkpoint at ./experiments/fewshot_modelnet_linear_classification/cfgs/LR_0.001/ckpt-last.pth
2023-11-02 21:43:42,830 - fewshot_modelnet_linear_classification - INFO - Save checkpoint at ./experiments/fewshot_modelnet_linear_classification/cfgs/LR_0.001/ckpt-epoch-143.pth
2023-11-02 21:43:43,892 - fewshot_modelnet_linear_classification - INFO - [Training] EPOCH: 144 EpochTime = 1.059 (s) Losses = ['0.3159', '96.8750'] lr = 0.000005
2023-11-02 21:43:45,315 - fewshot_modelnet_linear_classification - INFO - [Validation] EPOCH: 144  acc = 96.0000
2023-11-02 21:43:47,594 - fewshot_modelnet_linear_classification - INFO - Save checkpoint at ./experiments/fewshot_modelnet_linear_classification/cfgs/LR_0.001/ckpt-last.pth
2023-11-02 21:43:49,404 - fewshot_modelnet_linear_classification - INFO - Save checkpoint at ./experiments/fewshot_modelnet_linear_classification/cfgs/LR_0.001/ckpt-epoch-144.pth
2023-11-02 21:43:50,440 - fewshot_modelnet_linear_classification - INFO - [Training] EPOCH: 145 EpochTime = 1.033 (s) Losses = ['0.3632', '93.7500'] lr = 0.000004
2023-11-02 21:43:52,184 - fewshot_modelnet_linear_classification - INFO - [Validation] EPOCH: 145  acc = 96.0000
2023-11-02 21:43:52,748 - fewshot_modelnet_linear_classification - INFO - Save checkpoint at ./experiments/fewshot_modelnet_linear_classification/cfgs/LR_0.001/ckpt-last.pth
2023-11-02 21:43:53,966 - fewshot_modelnet_linear_classification - INFO - Save checkpoint at ./experiments/fewshot_modelnet_linear_classification/cfgs/LR_0.001/ckpt-epoch-145.pth
2023-11-02 21:43:54,935 - fewshot_modelnet_linear_classification - INFO - [Training] EPOCH: 146 EpochTime = 0.967 (s) Losses = ['0.3445', '96.8750'] lr = 0.000003
2023-11-02 21:43:56,272 - fewshot_modelnet_linear_classification - INFO - [Validation] EPOCH: 146  acc = 96.0000
2023-11-02 21:43:57,560 - fewshot_modelnet_linear_classification - INFO - Save checkpoint at ./experiments/fewshot_modelnet_linear_classification/cfgs/LR_0.001/ckpt-last.pth
2023-11-02 21:43:58,976 - fewshot_modelnet_linear_classification - INFO - Save checkpoint at ./experiments/fewshot_modelnet_linear_classification/cfgs/LR_0.001/ckpt-epoch-146.pth
2023-11-02 21:44:00,289 - fewshot_modelnet_linear_classification - INFO - [Training] EPOCH: 147 EpochTime = 1.310 (s) Losses = ['0.3303', '100.0000'] lr = 0.000002
2023-11-02 21:44:01,389 - fewshot_modelnet_linear_classification - INFO - [Validation] EPOCH: 147  acc = 96.0000
2023-11-02 21:44:02,115 - fewshot_modelnet_linear_classification - INFO - Save checkpoint at ./experiments/fewshot_modelnet_linear_classification/cfgs/LR_0.001/ckpt-last.pth
2023-11-02 21:44:03,666 - fewshot_modelnet_linear_classification - INFO - Save checkpoint at ./experiments/fewshot_modelnet_linear_classification/cfgs/LR_0.001/ckpt-epoch-147.pth
2023-11-02 21:44:04,675 - fewshot_modelnet_linear_classification - INFO - [Training] EPOCH: 148 EpochTime = 1.006 (s) Losses = ['0.3501', '96.8750'] lr = 0.000001
2023-11-02 21:44:05,776 - fewshot_modelnet_linear_classification - INFO - [Validation] EPOCH: 148  acc = 96.0000
2023-11-02 21:44:07,988 - fewshot_modelnet_linear_classification - INFO - Save checkpoint at ./experiments/fewshot_modelnet_linear_classification/cfgs/LR_0.001/ckpt-last.pth
2023-11-02 21:44:09,398 - fewshot_modelnet_linear_classification - INFO - Save checkpoint at ./experiments/fewshot_modelnet_linear_classification/cfgs/LR_0.001/ckpt-epoch-148.pth
2023-11-02 21:44:10,288 - fewshot_modelnet_linear_classification - INFO - [Training] EPOCH: 149 EpochTime = 0.888 (s) Losses = ['0.3437', '100.0000'] lr = 0.000001
2023-11-02 21:44:11,295 - fewshot_modelnet_linear_classification - INFO - [Validation] EPOCH: 149  acc = 96.0000
2023-11-02 21:44:12,579 - fewshot_modelnet_linear_classification - INFO - Save checkpoint at ./experiments/fewshot_modelnet_linear_classification/cfgs/LR_0.001/ckpt-last.pth
2023-11-02 21:44:13,278 - fewshot_modelnet_linear_classification - INFO - Save checkpoint at ./experiments/fewshot_modelnet_linear_classification/cfgs/LR_0.001/ckpt-epoch-149.pth
2023-11-02 21:44:14,192 - fewshot_modelnet_linear_classification - INFO - [Training] EPOCH: 150 EpochTime = 0.912 (s) Losses = ['0.3844', '96.8750'] lr = 0.000001
2023-11-02 21:44:15,174 - fewshot_modelnet_linear_classification - INFO - [Validation] EPOCH: 150  acc = 96.0000
2023-11-02 21:44:16,944 - fewshot_modelnet_linear_classification - INFO - Save checkpoint at ./experiments/fewshot_modelnet_linear_classification/cfgs/LR_0.001/ckpt-last.pth
2023-11-02 21:44:18,411 - fewshot_modelnet_linear_classification - INFO - Save checkpoint at ./experiments/fewshot_modelnet_linear_classification/cfgs/LR_0.001/ckpt-epoch-150.pth
