2023-11-02 22:39:01,641 - fewshot_modelnet_linear_classification - INFO - Copy the Config file from cfgs/fewshot_modelnet_linear_classification.yaml to ./experiments/fewshot_modelnet_linear_classification/cfgs/LR_0.001/config.yaml
2023-11-02 22:39:01,641 - fewshot_modelnet_linear_classification - INFO - args.config : cfgs/fewshot_modelnet_linear_classification.yaml
2023-11-02 22:39:01,641 - fewshot_modelnet_linear_classification - INFO - args.launcher : none
2023-11-02 22:39:01,641 - fewshot_modelnet_linear_classification - INFO - args.local_rank : 0
2023-11-02 22:39:01,641 - fewshot_modelnet_linear_classification - INFO - args.num_workers : 8
2023-11-02 22:39:01,641 - fewshot_modelnet_linear_classification - INFO - args.seed : 0
2023-11-02 22:39:01,641 - fewshot_modelnet_linear_classification - INFO - args.deterministic : False
2023-11-02 22:39:01,641 - fewshot_modelnet_linear_classification - INFO - args.sync_bn : True
2023-11-02 22:39:01,642 - fewshot_modelnet_linear_classification - INFO - args.large_group : 5
2023-11-02 22:39:01,642 - fewshot_modelnet_linear_classification - INFO - args.small_group : 10
2023-11-02 22:39:01,642 - fewshot_modelnet_linear_classification - INFO - args.large_patch : 6
2023-11-02 22:39:01,642 - fewshot_modelnet_linear_classification - INFO - args.small_patch : 3
2023-11-02 22:39:01,642 - fewshot_modelnet_linear_classification - INFO - args.queue_length : 8192
2023-11-02 22:39:01,642 - fewshot_modelnet_linear_classification - INFO - args.epoch_queue_starts : 10
2023-11-02 22:39:01,642 - fewshot_modelnet_linear_classification - INFO - args.nmb_crops : 64
2023-11-02 22:39:01,642 - fewshot_modelnet_linear_classification - INFO - args.sample_num : 16
2023-11-02 22:39:01,642 - fewshot_modelnet_linear_classification - INFO - args.fea_dim : 384
2023-11-02 22:39:01,642 - fewshot_modelnet_linear_classification - INFO - args.hidden_mlp : 256
2023-11-02 22:39:01,642 - fewshot_modelnet_linear_classification - INFO - args.output_dim : 128
2023-11-02 22:39:01,642 - fewshot_modelnet_linear_classification - INFO - args.nmb_prototypes : 200
2023-11-02 22:39:01,643 - fewshot_modelnet_linear_classification - INFO - args.temperature : 0.1
2023-11-02 22:39:01,643 - fewshot_modelnet_linear_classification - INFO - args.epsilon : 0.05
2023-11-02 22:39:01,643 - fewshot_modelnet_linear_classification - INFO - args.sinkhorn_iterations : 3
2023-11-02 22:39:01,643 - fewshot_modelnet_linear_classification - INFO - args.world_size : 1
2023-11-02 22:39:01,643 - fewshot_modelnet_linear_classification - INFO - args.exp_name : LR_0.001
2023-11-02 22:39:01,643 - fewshot_modelnet_linear_classification - INFO - args.loss : cd1
2023-11-02 22:39:01,643 - fewshot_modelnet_linear_classification - INFO - args.start_ckpts : None
2023-11-02 22:39:01,643 - fewshot_modelnet_linear_classification - INFO - args.ckpts : ./experiments/pretrain_MaskSurf/cfgs/add_as_normal/ckpt-last.pth
2023-11-02 22:39:01,643 - fewshot_modelnet_linear_classification - INFO - args.val_freq : 1
2023-11-02 22:39:01,643 - fewshot_modelnet_linear_classification - INFO - args.vote : False
2023-11-02 22:39:01,643 - fewshot_modelnet_linear_classification - INFO - args.resume : False
2023-11-02 22:39:01,643 - fewshot_modelnet_linear_classification - INFO - args.test : False
2023-11-02 22:39:01,644 - fewshot_modelnet_linear_classification - INFO - args.finetune_model : True
2023-11-02 22:39:01,644 - fewshot_modelnet_linear_classification - INFO - args.scratch_model : False
2023-11-02 22:39:01,644 - fewshot_modelnet_linear_classification - INFO - args.mode : None
2023-11-02 22:39:01,644 - fewshot_modelnet_linear_classification - INFO - args.way : 5
2023-11-02 22:39:01,644 - fewshot_modelnet_linear_classification - INFO - args.shot : 20
2023-11-02 22:39:01,644 - fewshot_modelnet_linear_classification - INFO - args.fold : 4
2023-11-02 22:39:01,644 - fewshot_modelnet_linear_classification - INFO - args.experiment_path : ./experiments/fewshot_modelnet_linear_classification/cfgs/LR_0.001
2023-11-02 22:39:01,644 - fewshot_modelnet_linear_classification - INFO - args.tfboard_path : ./experiments/fewshot_modelnet_linear_classification/cfgs/TFBoard/LR_0.001
2023-11-02 22:39:01,644 - fewshot_modelnet_linear_classification - INFO - args.log_name : fewshot_modelnet_linear_classification
2023-11-02 22:39:01,644 - fewshot_modelnet_linear_classification - INFO - args.use_gpu : True
2023-11-02 22:39:01,644 - fewshot_modelnet_linear_classification - INFO - args.distributed : False
2023-11-02 22:39:01,644 - fewshot_modelnet_linear_classification - INFO - config.optimizer = edict()
2023-11-02 22:39:01,645 - fewshot_modelnet_linear_classification - INFO - config.optimizer.type : AdamW
2023-11-02 22:39:01,645 - fewshot_modelnet_linear_classification - INFO - config.optimizer.part : only_new
2023-11-02 22:39:01,645 - fewshot_modelnet_linear_classification - INFO - config.optimizer.kwargs = edict()
2023-11-02 22:39:01,645 - fewshot_modelnet_linear_classification - INFO - config.optimizer.kwargs.lr : 0.001
2023-11-02 22:39:01,645 - fewshot_modelnet_linear_classification - INFO - config.optimizer.kwargs.weight_decay : 0.05
2023-11-02 22:39:01,645 - fewshot_modelnet_linear_classification - INFO - config.scheduler = edict()
2023-11-02 22:39:01,645 - fewshot_modelnet_linear_classification - INFO - config.scheduler.type : CosLR
2023-11-02 22:39:01,645 - fewshot_modelnet_linear_classification - INFO - config.scheduler.kwargs = edict()
2023-11-02 22:39:01,645 - fewshot_modelnet_linear_classification - INFO - config.scheduler.kwargs.epochs : 150
2023-11-02 22:39:01,645 - fewshot_modelnet_linear_classification - INFO - config.scheduler.kwargs.initial_epochs : 10
2023-11-02 22:39:01,645 - fewshot_modelnet_linear_classification - INFO - config.dataset = edict()
2023-11-02 22:39:01,645 - fewshot_modelnet_linear_classification - INFO - config.dataset.train = edict()
2023-11-02 22:39:01,646 - fewshot_modelnet_linear_classification - INFO - config.dataset.train._base_ = edict()
2023-11-02 22:39:01,646 - fewshot_modelnet_linear_classification - INFO - config.dataset.train._base_.NAME : ModelNetFewShot
2023-11-02 22:39:01,646 - fewshot_modelnet_linear_classification - INFO - config.dataset.train._base_.DATA_PATH : data/ModelNetFewshot
2023-11-02 22:39:01,646 - fewshot_modelnet_linear_classification - INFO - config.dataset.train._base_.N_POINTS : 8192
2023-11-02 22:39:01,646 - fewshot_modelnet_linear_classification - INFO - config.dataset.train._base_.NUM_CATEGORY : 40
2023-11-02 22:39:01,646 - fewshot_modelnet_linear_classification - INFO - config.dataset.train._base_.USE_NORMALS : False
2023-11-02 22:39:01,646 - fewshot_modelnet_linear_classification - INFO - config.dataset.train.others = edict()
2023-11-02 22:39:01,646 - fewshot_modelnet_linear_classification - INFO - config.dataset.train.others.subset : train
2023-11-02 22:39:01,646 - fewshot_modelnet_linear_classification - INFO - config.dataset.train.others.bs : 32
2023-11-02 22:39:01,646 - fewshot_modelnet_linear_classification - INFO - config.dataset.val = edict()
2023-11-02 22:39:01,646 - fewshot_modelnet_linear_classification - INFO - config.dataset.val._base_ = edict()
2023-11-02 22:39:01,646 - fewshot_modelnet_linear_classification - INFO - config.dataset.val._base_.NAME : ModelNetFewShot
2023-11-02 22:39:01,646 - fewshot_modelnet_linear_classification - INFO - config.dataset.val._base_.DATA_PATH : data/ModelNetFewshot
2023-11-02 22:39:01,646 - fewshot_modelnet_linear_classification - INFO - config.dataset.val._base_.N_POINTS : 8192
2023-11-02 22:39:01,646 - fewshot_modelnet_linear_classification - INFO - config.dataset.val._base_.NUM_CATEGORY : 40
2023-11-02 22:39:01,647 - fewshot_modelnet_linear_classification - INFO - config.dataset.val._base_.USE_NORMALS : False
2023-11-02 22:39:01,647 - fewshot_modelnet_linear_classification - INFO - config.dataset.val.others = edict()
2023-11-02 22:39:01,647 - fewshot_modelnet_linear_classification - INFO - config.dataset.val.others.subset : test
2023-11-02 22:39:01,647 - fewshot_modelnet_linear_classification - INFO - config.dataset.val.others.bs : 64
2023-11-02 22:39:01,647 - fewshot_modelnet_linear_classification - INFO - config.dataset.test = edict()
2023-11-02 22:39:01,647 - fewshot_modelnet_linear_classification - INFO - config.dataset.test._base_ = edict()
2023-11-02 22:39:01,647 - fewshot_modelnet_linear_classification - INFO - config.dataset.test._base_.NAME : ModelNet
2023-11-02 22:39:01,647 - fewshot_modelnet_linear_classification - INFO - config.dataset.test._base_.DATA_PATH : data/ModelNet/modelnet40_normal_resampled
2023-11-02 22:39:01,647 - fewshot_modelnet_linear_classification - INFO - config.dataset.test._base_.N_POINTS : 8192
2023-11-02 22:39:01,647 - fewshot_modelnet_linear_classification - INFO - config.dataset.test._base_.NUM_CATEGORY : 40
2023-11-02 22:39:01,647 - fewshot_modelnet_linear_classification - INFO - config.dataset.test._base_.USE_NORMALS : False
2023-11-02 22:39:01,647 - fewshot_modelnet_linear_classification - INFO - config.dataset.test.others = edict()
2023-11-02 22:39:01,647 - fewshot_modelnet_linear_classification - INFO - config.dataset.test.others.subset : test
2023-11-02 22:39:01,647 - fewshot_modelnet_linear_classification - INFO - config.dataset.test.others.bs : 32
2023-11-02 22:39:01,647 - fewshot_modelnet_linear_classification - INFO - config.model = edict()
2023-11-02 22:39:01,647 - fewshot_modelnet_linear_classification - INFO - config.model.NAME : PointTransformerLinearClassification
2023-11-02 22:39:01,647 - fewshot_modelnet_linear_classification - INFO - config.model.trans_dim : 384
2023-11-02 22:39:01,648 - fewshot_modelnet_linear_classification - INFO - config.model.depth : 12
2023-11-02 22:39:01,648 - fewshot_modelnet_linear_classification - INFO - config.model.drop_path_rate : 0.1
2023-11-02 22:39:01,648 - fewshot_modelnet_linear_classification - INFO - config.model.cls_dim : 40
2023-11-02 22:39:01,648 - fewshot_modelnet_linear_classification - INFO - config.model.num_heads : 6
2023-11-02 22:39:01,648 - fewshot_modelnet_linear_classification - INFO - config.model.group_size : 32
2023-11-02 22:39:01,648 - fewshot_modelnet_linear_classification - INFO - config.model.num_group : 64
2023-11-02 22:39:01,648 - fewshot_modelnet_linear_classification - INFO - config.model.encoder_dims : 384
2023-11-02 22:39:01,648 - fewshot_modelnet_linear_classification - INFO - config.npoints : 1024
2023-11-02 22:39:01,648 - fewshot_modelnet_linear_classification - INFO - config.total_bs : 32
2023-11-02 22:39:01,648 - fewshot_modelnet_linear_classification - INFO - config.step_per_update : 1
2023-11-02 22:39:01,648 - fewshot_modelnet_linear_classification - INFO - config.max_epoch : 150
2023-11-02 22:39:01,648 - fewshot_modelnet_linear_classification - INFO - config.grad_norm_clip : 10
2023-11-02 22:39:01,649 - fewshot_modelnet_linear_classification - INFO - Distributed training: False
2023-11-02 22:39:01,649 - fewshot_modelnet_linear_classification - INFO - Set random seed to 0, deterministic: False
2023-11-02 22:39:04,281 - fewshot_modelnet_linear_classification - INFO - Using Data parallel ...
2023-11-02 22:39:09,979 - fewshot_modelnet_linear_classification - INFO - [Training] EPOCH: 0 EpochTime = 5.693 (s) Losses = ['3.6820', '3.1250'] lr = 0.000001
2023-11-02 22:39:11,311 - fewshot_modelnet_linear_classification - INFO - Save checkpoint at ./experiments/fewshot_modelnet_linear_classification/cfgs/LR_0.001/ckpt-last.pth
2023-11-02 22:39:12,700 - fewshot_modelnet_linear_classification - INFO - [Training] EPOCH: 1 EpochTime = 1.387 (s) Losses = ['3.6927', '0.0000'] lr = 0.000101
2023-11-02 22:39:14,690 - fewshot_modelnet_linear_classification - INFO - [Validation] EPOCH: 1  acc = 0.0000
2023-11-02 22:39:16,073 - fewshot_modelnet_linear_classification - INFO - Save checkpoint at ./experiments/fewshot_modelnet_linear_classification/cfgs/LR_0.001/ckpt-last.pth
2023-11-02 22:39:17,702 - fewshot_modelnet_linear_classification - INFO - [Training] EPOCH: 2 EpochTime = 1.627 (s) Losses = ['3.5899', '3.1250'] lr = 0.000201
2023-11-02 22:39:18,790 - fewshot_modelnet_linear_classification - INFO - [Validation] EPOCH: 2  acc = 17.0000
2023-11-02 22:39:19,454 - fewshot_modelnet_linear_classification - INFO - Save checkpoint at ./experiments/fewshot_modelnet_linear_classification/cfgs/LR_0.001/ckpt-best.pth
2023-11-02 22:39:19,454 - fewshot_modelnet_linear_classification - INFO - --------------------------------------------------------------------------------------------
2023-11-02 22:39:20,502 - fewshot_modelnet_linear_classification - INFO - Save checkpoint at ./experiments/fewshot_modelnet_linear_classification/cfgs/LR_0.001/ckpt-last.pth
2023-11-02 22:39:22,466 - fewshot_modelnet_linear_classification - INFO - [Training] EPOCH: 3 EpochTime = 1.963 (s) Losses = ['3.2609', '17.7083'] lr = 0.000301
2023-11-02 22:39:23,611 - fewshot_modelnet_linear_classification - INFO - [Validation] EPOCH: 3  acc = 20.0000
2023-11-02 22:39:24,270 - fewshot_modelnet_linear_classification - INFO - Save checkpoint at ./experiments/fewshot_modelnet_linear_classification/cfgs/LR_0.001/ckpt-best.pth
2023-11-02 22:39:24,270 - fewshot_modelnet_linear_classification - INFO - --------------------------------------------------------------------------------------------
2023-11-02 22:39:25,729 - fewshot_modelnet_linear_classification - INFO - Save checkpoint at ./experiments/fewshot_modelnet_linear_classification/cfgs/LR_0.001/ckpt-last.pth
2023-11-02 22:39:27,225 - fewshot_modelnet_linear_classification - INFO - [Training] EPOCH: 4 EpochTime = 1.494 (s) Losses = ['2.8025', '21.8750'] lr = 0.000401
2023-11-02 22:39:28,308 - fewshot_modelnet_linear_classification - INFO - [Validation] EPOCH: 4  acc = 23.0000
2023-11-02 22:39:29,369 - fewshot_modelnet_linear_classification - INFO - Save checkpoint at ./experiments/fewshot_modelnet_linear_classification/cfgs/LR_0.001/ckpt-best.pth
2023-11-02 22:39:29,369 - fewshot_modelnet_linear_classification - INFO - --------------------------------------------------------------------------------------------
2023-11-02 22:39:31,048 - fewshot_modelnet_linear_classification - INFO - Save checkpoint at ./experiments/fewshot_modelnet_linear_classification/cfgs/LR_0.001/ckpt-last.pth
2023-11-02 22:39:32,373 - fewshot_modelnet_linear_classification - INFO - [Training] EPOCH: 5 EpochTime = 1.324 (s) Losses = ['2.2864', '18.7500'] lr = 0.000501
2023-11-02 22:39:33,418 - fewshot_modelnet_linear_classification - INFO - [Validation] EPOCH: 5  acc = 26.0000
2023-11-02 22:39:34,363 - fewshot_modelnet_linear_classification - INFO - Save checkpoint at ./experiments/fewshot_modelnet_linear_classification/cfgs/LR_0.001/ckpt-best.pth
2023-11-02 22:39:34,364 - fewshot_modelnet_linear_classification - INFO - --------------------------------------------------------------------------------------------
2023-11-02 22:39:35,352 - fewshot_modelnet_linear_classification - INFO - Save checkpoint at ./experiments/fewshot_modelnet_linear_classification/cfgs/LR_0.001/ckpt-last.pth
2023-11-02 22:39:37,175 - fewshot_modelnet_linear_classification - INFO - [Training] EPOCH: 6 EpochTime = 1.821 (s) Losses = ['1.8808', '25.0000'] lr = 0.000600
2023-11-02 22:39:38,260 - fewshot_modelnet_linear_classification - INFO - [Validation] EPOCH: 6  acc = 30.0000
2023-11-02 22:39:40,809 - fewshot_modelnet_linear_classification - INFO - Save checkpoint at ./experiments/fewshot_modelnet_linear_classification/cfgs/LR_0.001/ckpt-best.pth
2023-11-02 22:39:40,810 - fewshot_modelnet_linear_classification - INFO - --------------------------------------------------------------------------------------------
2023-11-02 22:39:42,502 - fewshot_modelnet_linear_classification - INFO - Save checkpoint at ./experiments/fewshot_modelnet_linear_classification/cfgs/LR_0.001/ckpt-last.pth
2023-11-02 22:39:44,198 - fewshot_modelnet_linear_classification - INFO - [Training] EPOCH: 7 EpochTime = 1.693 (s) Losses = ['1.6711', '30.2083'] lr = 0.000700
2023-11-02 22:39:45,301 - fewshot_modelnet_linear_classification - INFO - [Validation] EPOCH: 7  acc = 30.0000
2023-11-02 22:39:46,605 - fewshot_modelnet_linear_classification - INFO - Save checkpoint at ./experiments/fewshot_modelnet_linear_classification/cfgs/LR_0.001/ckpt-last.pth
2023-11-02 22:39:48,745 - fewshot_modelnet_linear_classification - INFO - [Training] EPOCH: 8 EpochTime = 2.138 (s) Losses = ['1.5581', '34.3750'] lr = 0.000800
2023-11-02 22:39:49,830 - fewshot_modelnet_linear_classification - INFO - [Validation] EPOCH: 8  acc = 46.0000
2023-11-02 22:39:50,999 - fewshot_modelnet_linear_classification - INFO - Save checkpoint at ./experiments/fewshot_modelnet_linear_classification/cfgs/LR_0.001/ckpt-best.pth
2023-11-02 22:39:50,999 - fewshot_modelnet_linear_classification - INFO - --------------------------------------------------------------------------------------------
2023-11-02 22:39:52,418 - fewshot_modelnet_linear_classification - INFO - Save checkpoint at ./experiments/fewshot_modelnet_linear_classification/cfgs/LR_0.001/ckpt-last.pth
2023-11-02 22:39:54,399 - fewshot_modelnet_linear_classification - INFO - [Training] EPOCH: 9 EpochTime = 1.979 (s) Losses = ['1.4863', '44.7917'] lr = 0.000900
2023-11-02 22:39:55,484 - fewshot_modelnet_linear_classification - INFO - [Validation] EPOCH: 9  acc = 46.0000
2023-11-02 22:39:56,700 - fewshot_modelnet_linear_classification - INFO - Save checkpoint at ./experiments/fewshot_modelnet_linear_classification/cfgs/LR_0.001/ckpt-last.pth
2023-11-02 22:39:58,832 - fewshot_modelnet_linear_classification - INFO - [Training] EPOCH: 10 EpochTime = 2.130 (s) Losses = ['1.4063', '56.2500'] lr = 0.000989
2023-11-02 22:40:00,335 - fewshot_modelnet_linear_classification - INFO - [Validation] EPOCH: 10  acc = 64.0000
2023-11-02 22:40:01,914 - fewshot_modelnet_linear_classification - INFO - Save checkpoint at ./experiments/fewshot_modelnet_linear_classification/cfgs/LR_0.001/ckpt-best.pth
2023-11-02 22:40:01,915 - fewshot_modelnet_linear_classification - INFO - --------------------------------------------------------------------------------------------
2023-11-02 22:40:03,404 - fewshot_modelnet_linear_classification - INFO - Save checkpoint at ./experiments/fewshot_modelnet_linear_classification/cfgs/LR_0.001/ckpt-last.pth
2023-11-02 22:40:05,027 - fewshot_modelnet_linear_classification - INFO - [Training] EPOCH: 11 EpochTime = 1.621 (s) Losses = ['1.3324', '65.6250'] lr = 0.000987
2023-11-02 22:40:06,452 - fewshot_modelnet_linear_classification - INFO - [Validation] EPOCH: 11  acc = 72.0000
2023-11-02 22:40:07,638 - fewshot_modelnet_linear_classification - INFO - Save checkpoint at ./experiments/fewshot_modelnet_linear_classification/cfgs/LR_0.001/ckpt-best.pth
2023-11-02 22:40:07,638 - fewshot_modelnet_linear_classification - INFO - --------------------------------------------------------------------------------------------
2023-11-02 22:40:08,759 - fewshot_modelnet_linear_classification - INFO - Save checkpoint at ./experiments/fewshot_modelnet_linear_classification/cfgs/LR_0.001/ckpt-last.pth
2023-11-02 22:40:10,172 - fewshot_modelnet_linear_classification - INFO - [Training] EPOCH: 12 EpochTime = 1.346 (s) Losses = ['1.2556', '77.0833'] lr = 0.000984
2023-11-02 22:40:11,257 - fewshot_modelnet_linear_classification - INFO - [Validation] EPOCH: 12  acc = 80.0000
2023-11-02 22:40:13,030 - fewshot_modelnet_linear_classification - INFO - Save checkpoint at ./experiments/fewshot_modelnet_linear_classification/cfgs/LR_0.001/ckpt-best.pth
2023-11-02 22:40:13,030 - fewshot_modelnet_linear_classification - INFO - --------------------------------------------------------------------------------------------
2023-11-02 22:40:14,524 - fewshot_modelnet_linear_classification - INFO - Save checkpoint at ./experiments/fewshot_modelnet_linear_classification/cfgs/LR_0.001/ckpt-last.pth
2023-11-02 22:40:16,938 - fewshot_modelnet_linear_classification - INFO - [Training] EPOCH: 13 EpochTime = 2.412 (s) Losses = ['1.1605', '79.1667'] lr = 0.000982
2023-11-02 22:40:18,012 - fewshot_modelnet_linear_classification - INFO - [Validation] EPOCH: 13  acc = 80.0000
2023-11-02 22:40:19,436 - fewshot_modelnet_linear_classification - INFO - Save checkpoint at ./experiments/fewshot_modelnet_linear_classification/cfgs/LR_0.001/ckpt-last.pth
2023-11-02 22:40:20,915 - fewshot_modelnet_linear_classification - INFO - [Training] EPOCH: 14 EpochTime = 1.478 (s) Losses = ['1.0958', '82.2917'] lr = 0.000979
2023-11-02 22:40:22,289 - fewshot_modelnet_linear_classification - INFO - [Validation] EPOCH: 14  acc = 80.0000
2023-11-02 22:40:22,957 - fewshot_modelnet_linear_classification - INFO - Save checkpoint at ./experiments/fewshot_modelnet_linear_classification/cfgs/LR_0.001/ckpt-last.pth
2023-11-02 22:40:24,855 - fewshot_modelnet_linear_classification - INFO - [Training] EPOCH: 15 EpochTime = 1.896 (s) Losses = ['1.0234', '81.2500'] lr = 0.000976
2023-11-02 22:40:25,955 - fewshot_modelnet_linear_classification - INFO - [Validation] EPOCH: 15  acc = 81.0000
2023-11-02 22:40:27,032 - fewshot_modelnet_linear_classification - INFO - Save checkpoint at ./experiments/fewshot_modelnet_linear_classification/cfgs/LR_0.001/ckpt-best.pth
2023-11-02 22:40:27,032 - fewshot_modelnet_linear_classification - INFO - --------------------------------------------------------------------------------------------
2023-11-02 22:40:28,075 - fewshot_modelnet_linear_classification - INFO - Save checkpoint at ./experiments/fewshot_modelnet_linear_classification/cfgs/LR_0.001/ckpt-last.pth
2023-11-02 22:40:30,131 - fewshot_modelnet_linear_classification - INFO - [Training] EPOCH: 16 EpochTime = 2.055 (s) Losses = ['0.9736', '82.2917'] lr = 0.000972
2023-11-02 22:40:31,270 - fewshot_modelnet_linear_classification - INFO - [Validation] EPOCH: 16  acc = 83.0000
2023-11-02 22:40:32,372 - fewshot_modelnet_linear_classification - INFO - Save checkpoint at ./experiments/fewshot_modelnet_linear_classification/cfgs/LR_0.001/ckpt-best.pth
2023-11-02 22:40:32,372 - fewshot_modelnet_linear_classification - INFO - --------------------------------------------------------------------------------------------
2023-11-02 22:40:33,983 - fewshot_modelnet_linear_classification - INFO - Save checkpoint at ./experiments/fewshot_modelnet_linear_classification/cfgs/LR_0.001/ckpt-last.pth
2023-11-02 22:40:35,935 - fewshot_modelnet_linear_classification - INFO - [Training] EPOCH: 17 EpochTime = 1.951 (s) Losses = ['0.9072', '86.4583'] lr = 0.000969
2023-11-02 22:40:37,063 - fewshot_modelnet_linear_classification - INFO - [Validation] EPOCH: 17  acc = 85.0000
2023-11-02 22:40:38,417 - fewshot_modelnet_linear_classification - INFO - Save checkpoint at ./experiments/fewshot_modelnet_linear_classification/cfgs/LR_0.001/ckpt-best.pth
2023-11-02 22:40:38,418 - fewshot_modelnet_linear_classification - INFO - --------------------------------------------------------------------------------------------
2023-11-02 22:40:40,501 - fewshot_modelnet_linear_classification - INFO - Save checkpoint at ./experiments/fewshot_modelnet_linear_classification/cfgs/LR_0.001/ckpt-last.pth
2023-11-02 22:40:42,598 - fewshot_modelnet_linear_classification - INFO - [Training] EPOCH: 18 EpochTime = 2.095 (s) Losses = ['0.9102', '85.4167'] lr = 0.000965
2023-11-02 22:40:43,702 - fewshot_modelnet_linear_classification - INFO - [Validation] EPOCH: 18  acc = 80.0000
2023-11-02 22:40:44,639 - fewshot_modelnet_linear_classification - INFO - Save checkpoint at ./experiments/fewshot_modelnet_linear_classification/cfgs/LR_0.001/ckpt-last.pth
2023-11-02 22:40:45,991 - fewshot_modelnet_linear_classification - INFO - [Training] EPOCH: 19 EpochTime = 1.350 (s) Losses = ['0.8592', '86.4583'] lr = 0.000961
2023-11-02 22:40:47,387 - fewshot_modelnet_linear_classification - INFO - [Validation] EPOCH: 19  acc = 78.0000
2023-11-02 22:40:48,299 - fewshot_modelnet_linear_classification - INFO - Save checkpoint at ./experiments/fewshot_modelnet_linear_classification/cfgs/LR_0.001/ckpt-last.pth
2023-11-02 22:40:49,832 - fewshot_modelnet_linear_classification - INFO - [Training] EPOCH: 20 EpochTime = 1.530 (s) Losses = ['0.8296', '80.2083'] lr = 0.000957
2023-11-02 22:40:51,113 - fewshot_modelnet_linear_classification - INFO - [Validation] EPOCH: 20  acc = 80.0000
2023-11-02 22:40:52,424 - fewshot_modelnet_linear_classification - INFO - Save checkpoint at ./experiments/fewshot_modelnet_linear_classification/cfgs/LR_0.001/ckpt-last.pth
2023-11-02 22:40:53,806 - fewshot_modelnet_linear_classification - INFO - [Training] EPOCH: 21 EpochTime = 1.380 (s) Losses = ['0.7361', '86.4583'] lr = 0.000952
2023-11-02 22:40:55,036 - fewshot_modelnet_linear_classification - INFO - [Validation] EPOCH: 21  acc = 82.0000
2023-11-02 22:40:56,352 - fewshot_modelnet_linear_classification - INFO - Save checkpoint at ./experiments/fewshot_modelnet_linear_classification/cfgs/LR_0.001/ckpt-last.pth
2023-11-02 22:40:58,212 - fewshot_modelnet_linear_classification - INFO - [Training] EPOCH: 22 EpochTime = 1.858 (s) Losses = ['0.7356', '86.4583'] lr = 0.000948
2023-11-02 22:40:59,562 - fewshot_modelnet_linear_classification - INFO - [Validation] EPOCH: 22  acc = 86.0000
2023-11-02 22:41:00,230 - fewshot_modelnet_linear_classification - INFO - Save checkpoint at ./experiments/fewshot_modelnet_linear_classification/cfgs/LR_0.001/ckpt-best.pth
2023-11-02 22:41:00,230 - fewshot_modelnet_linear_classification - INFO - --------------------------------------------------------------------------------------------
2023-11-02 22:41:02,011 - fewshot_modelnet_linear_classification - INFO - Save checkpoint at ./experiments/fewshot_modelnet_linear_classification/cfgs/LR_0.001/ckpt-last.pth
2023-11-02 22:41:03,762 - fewshot_modelnet_linear_classification - INFO - [Training] EPOCH: 23 EpochTime = 1.749 (s) Losses = ['0.7062', '86.4583'] lr = 0.000943
2023-11-02 22:41:04,956 - fewshot_modelnet_linear_classification - INFO - [Validation] EPOCH: 23  acc = 85.0000
2023-11-02 22:41:06,315 - fewshot_modelnet_linear_classification - INFO - Save checkpoint at ./experiments/fewshot_modelnet_linear_classification/cfgs/LR_0.001/ckpt-last.pth
2023-11-02 22:41:07,659 - fewshot_modelnet_linear_classification - INFO - [Training] EPOCH: 24 EpochTime = 1.343 (s) Losses = ['0.6491', '88.5417'] lr = 0.000938
2023-11-02 22:41:08,920 - fewshot_modelnet_linear_classification - INFO - [Validation] EPOCH: 24  acc = 84.0000
2023-11-02 22:41:10,405 - fewshot_modelnet_linear_classification - INFO - Save checkpoint at ./experiments/fewshot_modelnet_linear_classification/cfgs/LR_0.001/ckpt-last.pth
2023-11-02 22:41:12,093 - fewshot_modelnet_linear_classification - INFO - [Training] EPOCH: 25 EpochTime = 1.685 (s) Losses = ['0.6364', '84.3750'] lr = 0.000933
2023-11-02 22:41:13,200 - fewshot_modelnet_linear_classification - INFO - [Validation] EPOCH: 25  acc = 84.0000
2023-11-02 22:41:13,952 - fewshot_modelnet_linear_classification - INFO - Save checkpoint at ./experiments/fewshot_modelnet_linear_classification/cfgs/LR_0.001/ckpt-last.pth
2023-11-02 22:41:15,278 - fewshot_modelnet_linear_classification - INFO - [Training] EPOCH: 26 EpochTime = 1.324 (s) Losses = ['0.5884', '86.4583'] lr = 0.000928
2023-11-02 22:41:16,467 - fewshot_modelnet_linear_classification - INFO - [Validation] EPOCH: 26  acc = 86.0000
2023-11-02 22:41:17,890 - fewshot_modelnet_linear_classification - INFO - Save checkpoint at ./experiments/fewshot_modelnet_linear_classification/cfgs/LR_0.001/ckpt-last.pth
2023-11-02 22:41:19,540 - fewshot_modelnet_linear_classification - INFO - [Training] EPOCH: 27 EpochTime = 1.648 (s) Losses = ['0.5882', '90.6250'] lr = 0.000922
2023-11-02 22:41:20,935 - fewshot_modelnet_linear_classification - INFO - [Validation] EPOCH: 27  acc = 86.0000
2023-11-02 22:41:21,517 - fewshot_modelnet_linear_classification - INFO - Save checkpoint at ./experiments/fewshot_modelnet_linear_classification/cfgs/LR_0.001/ckpt-last.pth
2023-11-02 22:41:23,577 - fewshot_modelnet_linear_classification - INFO - [Training] EPOCH: 28 EpochTime = 2.058 (s) Losses = ['0.5393', '92.7083'] lr = 0.000917
2023-11-02 22:41:24,654 - fewshot_modelnet_linear_classification - INFO - [Validation] EPOCH: 28  acc = 86.0000
2023-11-02 22:41:26,066 - fewshot_modelnet_linear_classification - INFO - Save checkpoint at ./experiments/fewshot_modelnet_linear_classification/cfgs/LR_0.001/ckpt-last.pth
2023-11-02 22:41:27,576 - fewshot_modelnet_linear_classification - INFO - [Training] EPOCH: 29 EpochTime = 1.509 (s) Losses = ['0.5099', '92.7083'] lr = 0.000911
2023-11-02 22:41:29,013 - fewshot_modelnet_linear_classification - INFO - [Validation] EPOCH: 29  acc = 85.0000
2023-11-02 22:41:29,694 - fewshot_modelnet_linear_classification - INFO - Save checkpoint at ./experiments/fewshot_modelnet_linear_classification/cfgs/LR_0.001/ckpt-last.pth
2023-11-02 22:41:31,069 - fewshot_modelnet_linear_classification - INFO - [Training] EPOCH: 30 EpochTime = 1.373 (s) Losses = ['0.5495', '88.5417'] lr = 0.000905
2023-11-02 22:41:32,351 - fewshot_modelnet_linear_classification - INFO - [Validation] EPOCH: 30  acc = 84.0000
2023-11-02 22:41:33,131 - fewshot_modelnet_linear_classification - INFO - Save checkpoint at ./experiments/fewshot_modelnet_linear_classification/cfgs/LR_0.001/ckpt-last.pth
2023-11-02 22:41:34,985 - fewshot_modelnet_linear_classification - INFO - [Training] EPOCH: 31 EpochTime = 1.852 (s) Losses = ['0.4798', '93.7500'] lr = 0.000898
2023-11-02 22:41:36,024 - fewshot_modelnet_linear_classification - INFO - [Validation] EPOCH: 31  acc = 86.0000
2023-11-02 22:41:37,498 - fewshot_modelnet_linear_classification - INFO - Save checkpoint at ./experiments/fewshot_modelnet_linear_classification/cfgs/LR_0.001/ckpt-last.pth
2023-11-02 22:41:38,879 - fewshot_modelnet_linear_classification - INFO - [Training] EPOCH: 32 EpochTime = 1.379 (s) Losses = ['0.4947', '93.7500'] lr = 0.000892
2023-11-02 22:41:40,204 - fewshot_modelnet_linear_classification - INFO - [Validation] EPOCH: 32  acc = 88.0000
2023-11-02 22:41:41,742 - fewshot_modelnet_linear_classification - INFO - Save checkpoint at ./experiments/fewshot_modelnet_linear_classification/cfgs/LR_0.001/ckpt-best.pth
2023-11-02 22:41:41,742 - fewshot_modelnet_linear_classification - INFO - --------------------------------------------------------------------------------------------
2023-11-02 22:41:43,432 - fewshot_modelnet_linear_classification - INFO - Save checkpoint at ./experiments/fewshot_modelnet_linear_classification/cfgs/LR_0.001/ckpt-last.pth
2023-11-02 22:41:45,489 - fewshot_modelnet_linear_classification - INFO - [Training] EPOCH: 33 EpochTime = 2.054 (s) Losses = ['0.4340', '93.7500'] lr = 0.000885
2023-11-02 22:41:46,782 - fewshot_modelnet_linear_classification - INFO - [Validation] EPOCH: 33  acc = 86.0000
2023-11-02 22:41:47,584 - fewshot_modelnet_linear_classification - INFO - Save checkpoint at ./experiments/fewshot_modelnet_linear_classification/cfgs/LR_0.001/ckpt-last.pth
2023-11-02 22:41:48,899 - fewshot_modelnet_linear_classification - INFO - [Training] EPOCH: 34 EpochTime = 1.312 (s) Losses = ['0.4821', '91.6667'] lr = 0.000879
2023-11-02 22:41:50,181 - fewshot_modelnet_linear_classification - INFO - [Validation] EPOCH: 34  acc = 85.0000
2023-11-02 22:41:51,692 - fewshot_modelnet_linear_classification - INFO - Save checkpoint at ./experiments/fewshot_modelnet_linear_classification/cfgs/LR_0.001/ckpt-last.pth
2023-11-02 22:41:53,615 - fewshot_modelnet_linear_classification - INFO - [Training] EPOCH: 35 EpochTime = 1.921 (s) Losses = ['0.4928', '88.5417'] lr = 0.000872
2023-11-02 22:41:54,701 - fewshot_modelnet_linear_classification - INFO - [Validation] EPOCH: 35  acc = 84.0000
2023-11-02 22:41:55,900 - fewshot_modelnet_linear_classification - INFO - Save checkpoint at ./experiments/fewshot_modelnet_linear_classification/cfgs/LR_0.001/ckpt-last.pth
2023-11-02 22:41:57,841 - fewshot_modelnet_linear_classification - INFO - [Training] EPOCH: 36 EpochTime = 1.939 (s) Losses = ['0.4116', '92.7083'] lr = 0.000865
2023-11-02 22:41:59,268 - fewshot_modelnet_linear_classification - INFO - [Validation] EPOCH: 36  acc = 86.0000
2023-11-02 22:42:00,675 - fewshot_modelnet_linear_classification - INFO - Save checkpoint at ./experiments/fewshot_modelnet_linear_classification/cfgs/LR_0.001/ckpt-last.pth
2023-11-02 22:42:02,400 - fewshot_modelnet_linear_classification - INFO - [Training] EPOCH: 37 EpochTime = 1.723 (s) Losses = ['0.4116', '93.7500'] lr = 0.000857
2023-11-02 22:42:03,760 - fewshot_modelnet_linear_classification - INFO - [Validation] EPOCH: 37  acc = 86.0000
2023-11-02 22:42:04,809 - fewshot_modelnet_linear_classification - INFO - Save checkpoint at ./experiments/fewshot_modelnet_linear_classification/cfgs/LR_0.001/ckpt-last.pth
2023-11-02 22:42:06,479 - fewshot_modelnet_linear_classification - INFO - [Training] EPOCH: 38 EpochTime = 1.666 (s) Losses = ['0.4190', '92.7083'] lr = 0.000850
2023-11-02 22:42:07,577 - fewshot_modelnet_linear_classification - INFO - [Validation] EPOCH: 38  acc = 87.0000
2023-11-02 22:42:09,574 - fewshot_modelnet_linear_classification - INFO - Save checkpoint at ./experiments/fewshot_modelnet_linear_classification/cfgs/LR_0.001/ckpt-last.pth
2023-11-02 22:42:10,892 - fewshot_modelnet_linear_classification - INFO - [Training] EPOCH: 39 EpochTime = 1.315 (s) Losses = ['0.4593', '90.6250'] lr = 0.000842
2023-11-02 22:42:12,003 - fewshot_modelnet_linear_classification - INFO - [Validation] EPOCH: 39  acc = 87.0000
2023-11-02 22:42:13,110 - fewshot_modelnet_linear_classification - INFO - Save checkpoint at ./experiments/fewshot_modelnet_linear_classification/cfgs/LR_0.001/ckpt-last.pth
2023-11-02 22:42:14,690 - fewshot_modelnet_linear_classification - INFO - [Training] EPOCH: 40 EpochTime = 1.578 (s) Losses = ['0.3941', '93.7500'] lr = 0.000835
2023-11-02 22:42:16,125 - fewshot_modelnet_linear_classification - INFO - [Validation] EPOCH: 40  acc = 87.0000
2023-11-02 22:42:17,626 - fewshot_modelnet_linear_classification - INFO - Save checkpoint at ./experiments/fewshot_modelnet_linear_classification/cfgs/LR_0.001/ckpt-last.pth
2023-11-02 22:42:19,830 - fewshot_modelnet_linear_classification - INFO - [Training] EPOCH: 41 EpochTime = 2.201 (s) Losses = ['0.3898', '94.7917'] lr = 0.000827
2023-11-02 22:42:20,930 - fewshot_modelnet_linear_classification - INFO - [Validation] EPOCH: 41  acc = 88.0000
2023-11-02 22:42:21,874 - fewshot_modelnet_linear_classification - INFO - Save checkpoint at ./experiments/fewshot_modelnet_linear_classification/cfgs/LR_0.001/ckpt-last.pth
2023-11-02 22:42:23,202 - fewshot_modelnet_linear_classification - INFO - [Training] EPOCH: 42 EpochTime = 1.325 (s) Losses = ['0.3853', '92.7083'] lr = 0.000819
2023-11-02 22:42:24,373 - fewshot_modelnet_linear_classification - INFO - [Validation] EPOCH: 42  acc = 89.0000
2023-11-02 22:42:25,123 - fewshot_modelnet_linear_classification - INFO - Save checkpoint at ./experiments/fewshot_modelnet_linear_classification/cfgs/LR_0.001/ckpt-best.pth
2023-11-02 22:42:25,123 - fewshot_modelnet_linear_classification - INFO - --------------------------------------------------------------------------------------------
2023-11-02 22:42:27,164 - fewshot_modelnet_linear_classification - INFO - Save checkpoint at ./experiments/fewshot_modelnet_linear_classification/cfgs/LR_0.001/ckpt-last.pth
2023-11-02 22:42:28,510 - fewshot_modelnet_linear_classification - INFO - [Training] EPOCH: 43 EpochTime = 1.343 (s) Losses = ['0.3583', '93.7500'] lr = 0.000811
2023-11-02 22:42:29,657 - fewshot_modelnet_linear_classification - INFO - [Validation] EPOCH: 43  acc = 89.0000
2023-11-02 22:42:30,433 - fewshot_modelnet_linear_classification - INFO - Save checkpoint at ./experiments/fewshot_modelnet_linear_classification/cfgs/LR_0.001/ckpt-last.pth
2023-11-02 22:42:32,108 - fewshot_modelnet_linear_classification - INFO - [Training] EPOCH: 44 EpochTime = 1.673 (s) Losses = ['0.3201', '97.9167'] lr = 0.000802
2023-11-02 22:42:33,236 - fewshot_modelnet_linear_classification - INFO - [Validation] EPOCH: 44  acc = 89.0000
2023-11-02 22:42:34,759 - fewshot_modelnet_linear_classification - INFO - Save checkpoint at ./experiments/fewshot_modelnet_linear_classification/cfgs/LR_0.001/ckpt-last.pth
2023-11-02 22:42:36,872 - fewshot_modelnet_linear_classification - INFO - [Training] EPOCH: 45 EpochTime = 2.111 (s) Losses = ['0.3726', '93.7500'] lr = 0.000794
2023-11-02 22:42:38,355 - fewshot_modelnet_linear_classification - INFO - [Validation] EPOCH: 45  acc = 91.0000
2023-11-02 22:42:39,673 - fewshot_modelnet_linear_classification - INFO - Save checkpoint at ./experiments/fewshot_modelnet_linear_classification/cfgs/LR_0.001/ckpt-best.pth
2023-11-02 22:42:39,673 - fewshot_modelnet_linear_classification - INFO - --------------------------------------------------------------------------------------------
2023-11-02 22:42:40,450 - fewshot_modelnet_linear_classification - INFO - Save checkpoint at ./experiments/fewshot_modelnet_linear_classification/cfgs/LR_0.001/ckpt-last.pth
2023-11-02 22:42:42,350 - fewshot_modelnet_linear_classification - INFO - [Training] EPOCH: 46 EpochTime = 1.899 (s) Losses = ['0.3660', '93.7500'] lr = 0.000786
2023-11-02 22:42:43,576 - fewshot_modelnet_linear_classification - INFO - [Validation] EPOCH: 46  acc = 91.0000
2023-11-02 22:42:44,128 - fewshot_modelnet_linear_classification - INFO - Save checkpoint at ./experiments/fewshot_modelnet_linear_classification/cfgs/LR_0.001/ckpt-last.pth
2023-11-02 22:42:45,856 - fewshot_modelnet_linear_classification - INFO - [Training] EPOCH: 47 EpochTime = 1.726 (s) Losses = ['0.3196', '94.7917'] lr = 0.000777
2023-11-02 22:42:47,323 - fewshot_modelnet_linear_classification - INFO - [Validation] EPOCH: 47  acc = 92.0000
2023-11-02 22:42:48,081 - fewshot_modelnet_linear_classification - INFO - Save checkpoint at ./experiments/fewshot_modelnet_linear_classification/cfgs/LR_0.001/ckpt-best.pth
2023-11-02 22:42:48,082 - fewshot_modelnet_linear_classification - INFO - --------------------------------------------------------------------------------------------
2023-11-02 22:42:49,223 - fewshot_modelnet_linear_classification - INFO - Save checkpoint at ./experiments/fewshot_modelnet_linear_classification/cfgs/LR_0.001/ckpt-last.pth
2023-11-02 22:42:50,558 - fewshot_modelnet_linear_classification - INFO - [Training] EPOCH: 48 EpochTime = 1.333 (s) Losses = ['0.3553', '94.7917'] lr = 0.000768
2023-11-02 22:42:51,906 - fewshot_modelnet_linear_classification - INFO - [Validation] EPOCH: 48  acc = 91.0000
2023-11-02 22:42:52,776 - fewshot_modelnet_linear_classification - INFO - Save checkpoint at ./experiments/fewshot_modelnet_linear_classification/cfgs/LR_0.001/ckpt-last.pth
2023-11-02 22:42:54,505 - fewshot_modelnet_linear_classification - INFO - [Training] EPOCH: 49 EpochTime = 1.728 (s) Losses = ['0.2912', '98.9583'] lr = 0.000759
2023-11-02 22:42:55,850 - fewshot_modelnet_linear_classification - INFO - [Validation] EPOCH: 49  acc = 92.0000
2023-11-02 22:42:56,885 - fewshot_modelnet_linear_classification - INFO - Save checkpoint at ./experiments/fewshot_modelnet_linear_classification/cfgs/LR_0.001/ckpt-last.pth
2023-11-02 22:42:58,341 - fewshot_modelnet_linear_classification - INFO - [Training] EPOCH: 50 EpochTime = 1.455 (s) Losses = ['0.3165', '94.7917'] lr = 0.000750
2023-11-02 22:42:59,428 - fewshot_modelnet_linear_classification - INFO - [Validation] EPOCH: 50  acc = 92.0000
2023-11-02 22:43:00,964 - fewshot_modelnet_linear_classification - INFO - Save checkpoint at ./experiments/fewshot_modelnet_linear_classification/cfgs/LR_0.001/ckpt-last.pth
2023-11-02 22:43:02,898 - fewshot_modelnet_linear_classification - INFO - [Training] EPOCH: 51 EpochTime = 1.932 (s) Losses = ['0.2932', '95.8333'] lr = 0.000741
2023-11-02 22:43:04,005 - fewshot_modelnet_linear_classification - INFO - [Validation] EPOCH: 51  acc = 92.0000
2023-11-02 22:43:06,589 - fewshot_modelnet_linear_classification - INFO - Save checkpoint at ./experiments/fewshot_modelnet_linear_classification/cfgs/LR_0.001/ckpt-last.pth
2023-11-02 22:43:08,533 - fewshot_modelnet_linear_classification - INFO - [Training] EPOCH: 52 EpochTime = 1.844 (s) Losses = ['0.2792', '96.8750'] lr = 0.000732
2023-11-02 22:43:10,009 - fewshot_modelnet_linear_classification - INFO - [Validation] EPOCH: 52  acc = 92.0000
2023-11-02 22:43:10,612 - fewshot_modelnet_linear_classification - INFO - Save checkpoint at ./experiments/fewshot_modelnet_linear_classification/cfgs/LR_0.001/ckpt-last.pth
2023-11-02 22:43:12,291 - fewshot_modelnet_linear_classification - INFO - [Training] EPOCH: 53 EpochTime = 1.677 (s) Losses = ['0.2876', '95.8333'] lr = 0.000723
2023-11-02 22:43:13,619 - fewshot_modelnet_linear_classification - INFO - [Validation] EPOCH: 53  acc = 91.0000
2023-11-02 22:43:14,967 - fewshot_modelnet_linear_classification - INFO - Save checkpoint at ./experiments/fewshot_modelnet_linear_classification/cfgs/LR_0.001/ckpt-last.pth
2023-11-02 22:43:16,331 - fewshot_modelnet_linear_classification - INFO - [Training] EPOCH: 54 EpochTime = 1.362 (s) Losses = ['0.2667', '94.7917'] lr = 0.000713
2023-11-02 22:43:17,356 - fewshot_modelnet_linear_classification - INFO - [Validation] EPOCH: 54  acc = 91.0000
2023-11-02 22:43:18,705 - fewshot_modelnet_linear_classification - INFO - Save checkpoint at ./experiments/fewshot_modelnet_linear_classification/cfgs/LR_0.001/ckpt-last.pth
2023-11-02 22:43:20,114 - fewshot_modelnet_linear_classification - INFO - [Training] EPOCH: 55 EpochTime = 1.408 (s) Losses = ['0.2785', '96.8750'] lr = 0.000704
2023-11-02 22:43:21,175 - fewshot_modelnet_linear_classification - INFO - [Validation] EPOCH: 55  acc = 92.0000
2023-11-02 22:43:22,615 - fewshot_modelnet_linear_classification - INFO - Save checkpoint at ./experiments/fewshot_modelnet_linear_classification/cfgs/LR_0.001/ckpt-last.pth
2023-11-02 22:43:24,611 - fewshot_modelnet_linear_classification - INFO - [Training] EPOCH: 56 EpochTime = 1.995 (s) Losses = ['0.2709', '93.7500'] lr = 0.000694
2023-11-02 22:43:26,189 - fewshot_modelnet_linear_classification - INFO - [Validation] EPOCH: 56  acc = 93.0000
2023-11-02 22:43:27,727 - fewshot_modelnet_linear_classification - INFO - Save checkpoint at ./experiments/fewshot_modelnet_linear_classification/cfgs/LR_0.001/ckpt-best.pth
2023-11-02 22:43:27,728 - fewshot_modelnet_linear_classification - INFO - --------------------------------------------------------------------------------------------
2023-11-02 22:43:29,740 - fewshot_modelnet_linear_classification - INFO - Save checkpoint at ./experiments/fewshot_modelnet_linear_classification/cfgs/LR_0.001/ckpt-last.pth
2023-11-02 22:43:31,152 - fewshot_modelnet_linear_classification - INFO - [Training] EPOCH: 57 EpochTime = 1.410 (s) Losses = ['0.2749', '95.8333'] lr = 0.000684
2023-11-02 22:43:32,230 - fewshot_modelnet_linear_classification - INFO - [Validation] EPOCH: 57  acc = 93.0000
2023-11-02 22:43:34,281 - fewshot_modelnet_linear_classification - INFO - Save checkpoint at ./experiments/fewshot_modelnet_linear_classification/cfgs/LR_0.001/ckpt-last.pth
2023-11-02 22:43:36,270 - fewshot_modelnet_linear_classification - INFO - [Training] EPOCH: 58 EpochTime = 1.987 (s) Losses = ['0.2937', '95.8333'] lr = 0.000675
2023-11-02 22:43:37,708 - fewshot_modelnet_linear_classification - INFO - [Validation] EPOCH: 58  acc = 94.0000
2023-11-02 22:43:38,488 - fewshot_modelnet_linear_classification - INFO - Save checkpoint at ./experiments/fewshot_modelnet_linear_classification/cfgs/LR_0.001/ckpt-best.pth
2023-11-02 22:43:38,488 - fewshot_modelnet_linear_classification - INFO - --------------------------------------------------------------------------------------------
2023-11-02 22:43:40,548 - fewshot_modelnet_linear_classification - INFO - Save checkpoint at ./experiments/fewshot_modelnet_linear_classification/cfgs/LR_0.001/ckpt-last.pth
2023-11-02 22:43:42,454 - fewshot_modelnet_linear_classification - INFO - [Training] EPOCH: 59 EpochTime = 1.904 (s) Losses = ['0.2597', '95.8333'] lr = 0.000665
2023-11-02 22:43:43,656 - fewshot_modelnet_linear_classification - INFO - [Validation] EPOCH: 59  acc = 93.0000
2023-11-02 22:43:45,156 - fewshot_modelnet_linear_classification - INFO - Save checkpoint at ./experiments/fewshot_modelnet_linear_classification/cfgs/LR_0.001/ckpt-last.pth
2023-11-02 22:43:46,697 - fewshot_modelnet_linear_classification - INFO - [Training] EPOCH: 60 EpochTime = 1.539 (s) Losses = ['0.2676', '94.7917'] lr = 0.000655
2023-11-02 22:43:48,052 - fewshot_modelnet_linear_classification - INFO - [Validation] EPOCH: 60  acc = 94.0000
2023-11-02 22:43:49,189 - fewshot_modelnet_linear_classification - INFO - Save checkpoint at ./experiments/fewshot_modelnet_linear_classification/cfgs/LR_0.001/ckpt-last.pth
2023-11-02 22:43:51,223 - fewshot_modelnet_linear_classification - INFO - [Training] EPOCH: 61 EpochTime = 2.032 (s) Losses = ['0.2744', '94.7917'] lr = 0.000645
2023-11-02 22:43:52,283 - fewshot_modelnet_linear_classification - INFO - [Validation] EPOCH: 61  acc = 93.0000
2023-11-02 22:43:54,006 - fewshot_modelnet_linear_classification - INFO - Save checkpoint at ./experiments/fewshot_modelnet_linear_classification/cfgs/LR_0.001/ckpt-last.pth
2023-11-02 22:43:55,938 - fewshot_modelnet_linear_classification - INFO - [Training] EPOCH: 62 EpochTime = 1.929 (s) Losses = ['0.2342', '98.9583'] lr = 0.000635
2023-11-02 22:43:57,260 - fewshot_modelnet_linear_classification - INFO - [Validation] EPOCH: 62  acc = 92.0000
2023-11-02 22:43:57,875 - fewshot_modelnet_linear_classification - INFO - Save checkpoint at ./experiments/fewshot_modelnet_linear_classification/cfgs/LR_0.001/ckpt-last.pth
2023-11-02 22:43:59,193 - fewshot_modelnet_linear_classification - INFO - [Training] EPOCH: 63 EpochTime = 1.316 (s) Losses = ['0.2477', '93.7500'] lr = 0.000625
2023-11-02 22:44:00,220 - fewshot_modelnet_linear_classification - INFO - [Validation] EPOCH: 63  acc = 93.0000
2023-11-02 22:44:01,863 - fewshot_modelnet_linear_classification - INFO - Save checkpoint at ./experiments/fewshot_modelnet_linear_classification/cfgs/LR_0.001/ckpt-last.pth
2023-11-02 22:44:03,599 - fewshot_modelnet_linear_classification - INFO - [Training] EPOCH: 64 EpochTime = 1.734 (s) Losses = ['0.2512', '97.9167'] lr = 0.000615
2023-11-02 22:44:04,788 - fewshot_modelnet_linear_classification - INFO - [Validation] EPOCH: 64  acc = 93.0000
2023-11-02 22:44:06,297 - fewshot_modelnet_linear_classification - INFO - Save checkpoint at ./experiments/fewshot_modelnet_linear_classification/cfgs/LR_0.001/ckpt-last.pth
2023-11-02 22:44:07,625 - fewshot_modelnet_linear_classification - INFO - [Training] EPOCH: 65 EpochTime = 1.324 (s) Losses = ['0.2336', '95.8333'] lr = 0.000604
2023-11-02 22:44:08,698 - fewshot_modelnet_linear_classification - INFO - [Validation] EPOCH: 65  acc = 93.0000
2023-11-02 22:44:10,302 - fewshot_modelnet_linear_classification - INFO - Save checkpoint at ./experiments/fewshot_modelnet_linear_classification/cfgs/LR_0.001/ckpt-last.pth
2023-11-02 22:44:12,004 - fewshot_modelnet_linear_classification - INFO - [Training] EPOCH: 66 EpochTime = 1.701 (s) Losses = ['0.2279', '96.8750'] lr = 0.000594
2023-11-02 22:44:13,098 - fewshot_modelnet_linear_classification - INFO - [Validation] EPOCH: 66  acc = 94.0000
2023-11-02 22:44:14,630 - fewshot_modelnet_linear_classification - INFO - Save checkpoint at ./experiments/fewshot_modelnet_linear_classification/cfgs/LR_0.001/ckpt-last.pth
2023-11-02 22:44:16,041 - fewshot_modelnet_linear_classification - INFO - [Training] EPOCH: 67 EpochTime = 1.409 (s) Losses = ['0.2630', '95.8333'] lr = 0.000584
2023-11-02 22:44:17,458 - fewshot_modelnet_linear_classification - INFO - [Validation] EPOCH: 67  acc = 93.0000
2023-11-02 22:44:18,238 - fewshot_modelnet_linear_classification - INFO - Save checkpoint at ./experiments/fewshot_modelnet_linear_classification/cfgs/LR_0.001/ckpt-last.pth
2023-11-02 22:44:19,787 - fewshot_modelnet_linear_classification - INFO - [Training] EPOCH: 68 EpochTime = 1.546 (s) Losses = ['0.2264', '96.8750'] lr = 0.000573
2023-11-02 22:44:20,918 - fewshot_modelnet_linear_classification - INFO - [Validation] EPOCH: 68  acc = 95.0000
2023-11-02 22:44:21,396 - fewshot_modelnet_linear_classification - INFO - Save checkpoint at ./experiments/fewshot_modelnet_linear_classification/cfgs/LR_0.001/ckpt-best.pth
2023-11-02 22:44:21,396 - fewshot_modelnet_linear_classification - INFO - --------------------------------------------------------------------------------------------
2023-11-02 22:44:21,976 - fewshot_modelnet_linear_classification - INFO - Save checkpoint at ./experiments/fewshot_modelnet_linear_classification/cfgs/LR_0.001/ckpt-last.pth
2023-11-02 22:44:23,471 - fewshot_modelnet_linear_classification - INFO - [Training] EPOCH: 69 EpochTime = 1.493 (s) Losses = ['0.2102', '97.9167'] lr = 0.000563
2023-11-02 22:44:24,912 - fewshot_modelnet_linear_classification - INFO - [Validation] EPOCH: 69  acc = 94.0000
2023-11-02 22:44:26,690 - fewshot_modelnet_linear_classification - INFO - Save checkpoint at ./experiments/fewshot_modelnet_linear_classification/cfgs/LR_0.001/ckpt-last.pth
2023-11-02 22:44:28,890 - fewshot_modelnet_linear_classification - INFO - [Training] EPOCH: 70 EpochTime = 2.198 (s) Losses = ['0.2262', '94.7917'] lr = 0.000553
2023-11-02 22:44:30,402 - fewshot_modelnet_linear_classification - INFO - [Validation] EPOCH: 70  acc = 95.0000
2023-11-02 22:44:32,284 - fewshot_modelnet_linear_classification - INFO - Save checkpoint at ./experiments/fewshot_modelnet_linear_classification/cfgs/LR_0.001/ckpt-last.pth
2023-11-02 22:44:33,979 - fewshot_modelnet_linear_classification - INFO - [Training] EPOCH: 71 EpochTime = 1.693 (s) Losses = ['0.2006', '98.9583'] lr = 0.000542
2023-11-02 22:44:35,535 - fewshot_modelnet_linear_classification - INFO - [Validation] EPOCH: 71  acc = 94.0000
2023-11-02 22:44:36,232 - fewshot_modelnet_linear_classification - INFO - Save checkpoint at ./experiments/fewshot_modelnet_linear_classification/cfgs/LR_0.001/ckpt-last.pth
2023-11-02 22:44:37,583 - fewshot_modelnet_linear_classification - INFO - [Training] EPOCH: 72 EpochTime = 1.350 (s) Losses = ['0.2107', '97.9167'] lr = 0.000532
2023-11-02 22:44:38,832 - fewshot_modelnet_linear_classification - INFO - [Validation] EPOCH: 72  acc = 94.0000
2023-11-02 22:44:40,630 - fewshot_modelnet_linear_classification - INFO - Save checkpoint at ./experiments/fewshot_modelnet_linear_classification/cfgs/LR_0.001/ckpt-last.pth
2023-11-02 22:44:41,946 - fewshot_modelnet_linear_classification - INFO - [Training] EPOCH: 73 EpochTime = 1.315 (s) Losses = ['0.2101', '97.9167'] lr = 0.000521
2023-11-02 22:44:43,346 - fewshot_modelnet_linear_classification - INFO - [Validation] EPOCH: 73  acc = 92.0000
2023-11-02 22:44:44,473 - fewshot_modelnet_linear_classification - INFO - Save checkpoint at ./experiments/fewshot_modelnet_linear_classification/cfgs/LR_0.001/ckpt-last.pth
2023-11-02 22:44:46,548 - fewshot_modelnet_linear_classification - INFO - [Training] EPOCH: 74 EpochTime = 2.073 (s) Losses = ['0.2137', '94.7917'] lr = 0.000511
2023-11-02 22:44:47,643 - fewshot_modelnet_linear_classification - INFO - [Validation] EPOCH: 74  acc = 92.0000
2023-11-02 22:44:49,260 - fewshot_modelnet_linear_classification - INFO - Save checkpoint at ./experiments/fewshot_modelnet_linear_classification/cfgs/LR_0.001/ckpt-last.pth
2023-11-02 22:44:50,570 - fewshot_modelnet_linear_classification - INFO - [Training] EPOCH: 75 EpochTime = 1.308 (s) Losses = ['0.2226', '95.8333'] lr = 0.000501
2023-11-02 22:44:51,719 - fewshot_modelnet_linear_classification - INFO - [Validation] EPOCH: 75  acc = 94.0000
2023-11-02 22:44:52,400 - fewshot_modelnet_linear_classification - INFO - Save checkpoint at ./experiments/fewshot_modelnet_linear_classification/cfgs/LR_0.001/ckpt-last.pth
2023-11-02 22:44:53,746 - fewshot_modelnet_linear_classification - INFO - [Training] EPOCH: 76 EpochTime = 1.344 (s) Losses = ['0.1834', '96.8750'] lr = 0.000490
2023-11-02 22:44:54,922 - fewshot_modelnet_linear_classification - INFO - [Validation] EPOCH: 76  acc = 94.0000
2023-11-02 22:44:55,973 - fewshot_modelnet_linear_classification - INFO - Save checkpoint at ./experiments/fewshot_modelnet_linear_classification/cfgs/LR_0.001/ckpt-last.pth
2023-11-02 22:44:58,011 - fewshot_modelnet_linear_classification - INFO - [Training] EPOCH: 77 EpochTime = 2.036 (s) Losses = ['0.2010', '96.8750'] lr = 0.000480
2023-11-02 22:44:59,270 - fewshot_modelnet_linear_classification - INFO - [Validation] EPOCH: 77  acc = 94.0000
2023-11-02 22:44:59,838 - fewshot_modelnet_linear_classification - INFO - Save checkpoint at ./experiments/fewshot_modelnet_linear_classification/cfgs/LR_0.001/ckpt-last.pth
2023-11-02 22:45:01,442 - fewshot_modelnet_linear_classification - INFO - [Training] EPOCH: 78 EpochTime = 1.602 (s) Losses = ['0.1914', '96.8750'] lr = 0.000469
2023-11-02 22:45:02,582 - fewshot_modelnet_linear_classification - INFO - [Validation] EPOCH: 78  acc = 94.0000
2023-11-02 22:45:05,250 - fewshot_modelnet_linear_classification - INFO - Save checkpoint at ./experiments/fewshot_modelnet_linear_classification/cfgs/LR_0.001/ckpt-last.pth
2023-11-02 22:45:07,052 - fewshot_modelnet_linear_classification - INFO - [Training] EPOCH: 79 EpochTime = 1.799 (s) Losses = ['0.1850', '97.9167'] lr = 0.000459
2023-11-02 22:45:08,316 - fewshot_modelnet_linear_classification - INFO - [Validation] EPOCH: 79  acc = 93.0000
2023-11-02 22:45:09,320 - fewshot_modelnet_linear_classification - INFO - Save checkpoint at ./experiments/fewshot_modelnet_linear_classification/cfgs/LR_0.001/ckpt-last.pth
2023-11-02 22:45:10,746 - fewshot_modelnet_linear_classification - INFO - [Training] EPOCH: 80 EpochTime = 1.425 (s) Losses = ['0.2109', '94.7917'] lr = 0.000448
2023-11-02 22:45:11,826 - fewshot_modelnet_linear_classification - INFO - [Validation] EPOCH: 80  acc = 93.0000
2023-11-02 22:45:13,734 - fewshot_modelnet_linear_classification - INFO - Save checkpoint at ./experiments/fewshot_modelnet_linear_classification/cfgs/LR_0.001/ckpt-last.pth
2023-11-02 22:45:15,954 - fewshot_modelnet_linear_classification - INFO - [Training] EPOCH: 81 EpochTime = 2.218 (s) Losses = ['0.2396', '97.9167'] lr = 0.000438
2023-11-02 22:45:17,130 - fewshot_modelnet_linear_classification - INFO - [Validation] EPOCH: 81  acc = 95.0000
2023-11-02 22:45:18,166 - fewshot_modelnet_linear_classification - INFO - Save checkpoint at ./experiments/fewshot_modelnet_linear_classification/cfgs/LR_0.001/ckpt-last.pth
2023-11-02 22:45:19,941 - fewshot_modelnet_linear_classification - INFO - [Training] EPOCH: 82 EpochTime = 1.774 (s) Losses = ['0.2038', '97.9167'] lr = 0.000428
2023-11-02 22:45:21,433 - fewshot_modelnet_linear_classification - INFO - [Validation] EPOCH: 82  acc = 95.0000
2023-11-02 22:45:22,740 - fewshot_modelnet_linear_classification - INFO - Save checkpoint at ./experiments/fewshot_modelnet_linear_classification/cfgs/LR_0.001/ckpt-last.pth
2023-11-02 22:45:24,070 - fewshot_modelnet_linear_classification - INFO - [Training] EPOCH: 83 EpochTime = 1.327 (s) Losses = ['0.2040', '98.9583'] lr = 0.000417
2023-11-02 22:45:25,181 - fewshot_modelnet_linear_classification - INFO - [Validation] EPOCH: 83  acc = 94.0000
2023-11-02 22:45:26,655 - fewshot_modelnet_linear_classification - INFO - Save checkpoint at ./experiments/fewshot_modelnet_linear_classification/cfgs/LR_0.001/ckpt-last.pth
2023-11-02 22:45:28,477 - fewshot_modelnet_linear_classification - INFO - [Training] EPOCH: 84 EpochTime = 1.820 (s) Losses = ['0.2003', '96.8750'] lr = 0.000407
2023-11-02 22:45:29,544 - fewshot_modelnet_linear_classification - INFO - [Validation] EPOCH: 84  acc = 95.0000
2023-11-02 22:45:31,086 - fewshot_modelnet_linear_classification - INFO - Save checkpoint at ./experiments/fewshot_modelnet_linear_classification/cfgs/LR_0.001/ckpt-last.pth
2023-11-02 22:45:32,837 - fewshot_modelnet_linear_classification - INFO - [Training] EPOCH: 85 EpochTime = 1.748 (s) Losses = ['0.2262', '94.7917'] lr = 0.000397
2023-11-02 22:45:33,913 - fewshot_modelnet_linear_classification - INFO - [Validation] EPOCH: 85  acc = 94.0000
2023-11-02 22:45:35,256 - fewshot_modelnet_linear_classification - INFO - Save checkpoint at ./experiments/fewshot_modelnet_linear_classification/cfgs/LR_0.001/ckpt-last.pth
2023-11-02 22:45:37,013 - fewshot_modelnet_linear_classification - INFO - [Training] EPOCH: 86 EpochTime = 1.755 (s) Losses = ['0.2147', '96.8750'] lr = 0.000386
2023-11-02 22:45:38,101 - fewshot_modelnet_linear_classification - INFO - [Validation] EPOCH: 86  acc = 94.0000
2023-11-02 22:45:39,437 - fewshot_modelnet_linear_classification - INFO - Save checkpoint at ./experiments/fewshot_modelnet_linear_classification/cfgs/LR_0.001/ckpt-last.pth
2023-11-02 22:45:40,850 - fewshot_modelnet_linear_classification - INFO - [Training] EPOCH: 87 EpochTime = 1.410 (s) Losses = ['0.1715', '97.9167'] lr = 0.000376
2023-11-02 22:45:41,932 - fewshot_modelnet_linear_classification - INFO - [Validation] EPOCH: 87  acc = 94.0000
2023-11-02 22:45:43,523 - fewshot_modelnet_linear_classification - INFO - Save checkpoint at ./experiments/fewshot_modelnet_linear_classification/cfgs/LR_0.001/ckpt-last.pth
2023-11-02 22:45:44,834 - fewshot_modelnet_linear_classification - INFO - [Training] EPOCH: 88 EpochTime = 1.309 (s) Losses = ['0.2062', '94.7917'] lr = 0.000366
2023-11-02 22:45:46,321 - fewshot_modelnet_linear_classification - INFO - [Validation] EPOCH: 88  acc = 94.0000
2023-11-02 22:45:46,929 - fewshot_modelnet_linear_classification - INFO - Save checkpoint at ./experiments/fewshot_modelnet_linear_classification/cfgs/LR_0.001/ckpt-last.pth
2023-11-02 22:45:48,295 - fewshot_modelnet_linear_classification - INFO - [Training] EPOCH: 89 EpochTime = 1.364 (s) Losses = ['0.1859', '98.9583'] lr = 0.000356
2023-11-02 22:45:49,392 - fewshot_modelnet_linear_classification - INFO - [Validation] EPOCH: 89  acc = 93.0000
2023-11-02 22:45:50,867 - fewshot_modelnet_linear_classification - INFO - Save checkpoint at ./experiments/fewshot_modelnet_linear_classification/cfgs/LR_0.001/ckpt-last.pth
2023-11-02 22:45:52,217 - fewshot_modelnet_linear_classification - INFO - [Training] EPOCH: 90 EpochTime = 1.348 (s) Losses = ['0.1609', '98.9583'] lr = 0.000346
2023-11-02 22:45:53,757 - fewshot_modelnet_linear_classification - INFO - [Validation] EPOCH: 90  acc = 94.0000
2023-11-02 22:45:54,232 - fewshot_modelnet_linear_classification - INFO - Save checkpoint at ./experiments/fewshot_modelnet_linear_classification/cfgs/LR_0.001/ckpt-last.pth
2023-11-02 22:45:56,006 - fewshot_modelnet_linear_classification - INFO - [Training] EPOCH: 91 EpochTime = 1.772 (s) Losses = ['0.1883', '98.9583'] lr = 0.000336
2023-11-02 22:45:57,073 - fewshot_modelnet_linear_classification - INFO - [Validation] EPOCH: 91  acc = 95.0000
2023-11-02 22:45:59,264 - fewshot_modelnet_linear_classification - INFO - Save checkpoint at ./experiments/fewshot_modelnet_linear_classification/cfgs/LR_0.001/ckpt-last.pth
2023-11-02 22:46:00,800 - fewshot_modelnet_linear_classification - INFO - [Training] EPOCH: 92 EpochTime = 1.535 (s) Losses = ['0.1958', '95.8333'] lr = 0.000326
2023-11-02 22:46:02,311 - fewshot_modelnet_linear_classification - INFO - [Validation] EPOCH: 92  acc = 94.0000
2023-11-02 22:46:03,239 - fewshot_modelnet_linear_classification - INFO - Save checkpoint at ./experiments/fewshot_modelnet_linear_classification/cfgs/LR_0.001/ckpt-last.pth
2023-11-02 22:46:04,583 - fewshot_modelnet_linear_classification - INFO - [Training] EPOCH: 93 EpochTime = 1.341 (s) Losses = ['0.1669', '96.8750'] lr = 0.000317
2023-11-02 22:46:05,642 - fewshot_modelnet_linear_classification - INFO - [Validation] EPOCH: 93  acc = 93.0000
2023-11-02 22:46:07,391 - fewshot_modelnet_linear_classification - INFO - Save checkpoint at ./experiments/fewshot_modelnet_linear_classification/cfgs/LR_0.001/ckpt-last.pth
2023-11-02 22:46:09,116 - fewshot_modelnet_linear_classification - INFO - [Training] EPOCH: 94 EpochTime = 1.722 (s) Losses = ['0.2053', '95.8333'] lr = 0.000307
2023-11-02 22:46:10,602 - fewshot_modelnet_linear_classification - INFO - [Validation] EPOCH: 94  acc = 94.0000
2023-11-02 22:46:12,187 - fewshot_modelnet_linear_classification - INFO - Save checkpoint at ./experiments/fewshot_modelnet_linear_classification/cfgs/LR_0.001/ckpt-last.pth
2023-11-02 22:46:14,116 - fewshot_modelnet_linear_classification - INFO - [Training] EPOCH: 95 EpochTime = 1.927 (s) Losses = ['0.1701', '97.9167'] lr = 0.000297
2023-11-02 22:46:15,243 - fewshot_modelnet_linear_classification - INFO - [Validation] EPOCH: 95  acc = 94.0000
2023-11-02 22:46:16,878 - fewshot_modelnet_linear_classification - INFO - Save checkpoint at ./experiments/fewshot_modelnet_linear_classification/cfgs/LR_0.001/ckpt-last.pth
2023-11-02 22:46:18,194 - fewshot_modelnet_linear_classification - INFO - [Training] EPOCH: 96 EpochTime = 1.314 (s) Losses = ['0.1738', '97.9167'] lr = 0.000288
2023-11-02 22:46:19,246 - fewshot_modelnet_linear_classification - INFO - [Validation] EPOCH: 96  acc = 94.0000
2023-11-02 22:46:20,534 - fewshot_modelnet_linear_classification - INFO - Save checkpoint at ./experiments/fewshot_modelnet_linear_classification/cfgs/LR_0.001/ckpt-last.pth
2023-11-02 22:46:23,044 - fewshot_modelnet_linear_classification - INFO - [Training] EPOCH: 97 EpochTime = 2.509 (s) Losses = ['0.1607', '98.9583'] lr = 0.000278
2023-11-02 22:46:24,173 - fewshot_modelnet_linear_classification - INFO - [Validation] EPOCH: 97  acc = 94.0000
2023-11-02 22:46:24,828 - fewshot_modelnet_linear_classification - INFO - Save checkpoint at ./experiments/fewshot_modelnet_linear_classification/cfgs/LR_0.001/ckpt-last.pth
2023-11-02 22:46:26,613 - fewshot_modelnet_linear_classification - INFO - [Training] EPOCH: 98 EpochTime = 1.782 (s) Losses = ['0.1734', '98.9583'] lr = 0.000269
2023-11-02 22:46:27,734 - fewshot_modelnet_linear_classification - INFO - [Validation] EPOCH: 98  acc = 95.0000
2023-11-02 22:46:28,800 - fewshot_modelnet_linear_classification - INFO - Save checkpoint at ./experiments/fewshot_modelnet_linear_classification/cfgs/LR_0.001/ckpt-last.pth
2023-11-02 22:46:30,238 - fewshot_modelnet_linear_classification - INFO - [Training] EPOCH: 99 EpochTime = 1.436 (s) Losses = ['0.1625', '98.9583'] lr = 0.000260
2023-11-02 22:46:31,515 - fewshot_modelnet_linear_classification - INFO - [Validation] EPOCH: 99  acc = 95.0000
2023-11-02 22:46:32,938 - fewshot_modelnet_linear_classification - INFO - Save checkpoint at ./experiments/fewshot_modelnet_linear_classification/cfgs/LR_0.001/ckpt-last.pth
2023-11-02 22:46:34,447 - fewshot_modelnet_linear_classification - INFO - [Training] EPOCH: 100 EpochTime = 1.507 (s) Losses = ['0.1442', '98.9583'] lr = 0.000251
2023-11-02 22:46:35,749 - fewshot_modelnet_linear_classification - INFO - [Validation] EPOCH: 100  acc = 95.0000
2023-11-02 22:46:36,753 - fewshot_modelnet_linear_classification - INFO - Save checkpoint at ./experiments/fewshot_modelnet_linear_classification/cfgs/LR_0.001/ckpt-last.pth
2023-11-02 22:46:38,960 - fewshot_modelnet_linear_classification - INFO - [Training] EPOCH: 101 EpochTime = 2.205 (s) Losses = ['0.1678', '97.9167'] lr = 0.000242
2023-11-02 22:46:40,330 - fewshot_modelnet_linear_classification - INFO - [Validation] EPOCH: 101  acc = 95.0000
2023-11-02 22:46:40,920 - fewshot_modelnet_linear_classification - INFO - Save checkpoint at ./experiments/fewshot_modelnet_linear_classification/cfgs/LR_0.001/ckpt-last.pth
2023-11-02 22:46:42,253 - fewshot_modelnet_linear_classification - INFO - [Training] EPOCH: 102 EpochTime = 1.331 (s) Losses = ['0.1940', '96.8750'] lr = 0.000233
2023-11-02 22:46:43,399 - fewshot_modelnet_linear_classification - INFO - [Validation] EPOCH: 102  acc = 94.0000
2023-11-02 22:46:44,404 - fewshot_modelnet_linear_classification - INFO - Save checkpoint at ./experiments/fewshot_modelnet_linear_classification/cfgs/LR_0.001/ckpt-last.pth
2023-11-02 22:46:46,159 - fewshot_modelnet_linear_classification - INFO - [Training] EPOCH: 103 EpochTime = 1.752 (s) Losses = ['0.1589', '97.9167'] lr = 0.000224
2023-11-02 22:46:47,449 - fewshot_modelnet_linear_classification - INFO - [Validation] EPOCH: 103  acc = 93.0000
2023-11-02 22:46:48,971 - fewshot_modelnet_linear_classification - INFO - Save checkpoint at ./experiments/fewshot_modelnet_linear_classification/cfgs/LR_0.001/ckpt-last.pth
2023-11-02 22:46:50,682 - fewshot_modelnet_linear_classification - INFO - [Training] EPOCH: 104 EpochTime = 1.709 (s) Losses = ['0.1641', '98.9583'] lr = 0.000215
2023-11-02 22:46:52,075 - fewshot_modelnet_linear_classification - INFO - [Validation] EPOCH: 104  acc = 93.0000
2023-11-02 22:46:52,871 - fewshot_modelnet_linear_classification - INFO - Save checkpoint at ./experiments/fewshot_modelnet_linear_classification/cfgs/LR_0.001/ckpt-last.pth
2023-11-02 22:46:54,364 - fewshot_modelnet_linear_classification - INFO - [Training] EPOCH: 105 EpochTime = 1.491 (s) Losses = ['0.1530', '97.9167'] lr = 0.000207
2023-11-02 22:46:55,459 - fewshot_modelnet_linear_classification - INFO - [Validation] EPOCH: 105  acc = 93.0000
2023-11-02 22:46:56,662 - fewshot_modelnet_linear_classification - INFO - Save checkpoint at ./experiments/fewshot_modelnet_linear_classification/cfgs/LR_0.001/ckpt-last.pth
2023-11-02 22:46:58,379 - fewshot_modelnet_linear_classification - INFO - [Training] EPOCH: 106 EpochTime = 1.715 (s) Losses = ['0.1653', '98.9583'] lr = 0.000199
2023-11-02 22:46:59,755 - fewshot_modelnet_linear_classification - INFO - [Validation] EPOCH: 106  acc = 93.0000
2023-11-02 22:47:01,905 - fewshot_modelnet_linear_classification - INFO - Save checkpoint at ./experiments/fewshot_modelnet_linear_classification/cfgs/LR_0.001/ckpt-last.pth
2023-11-02 22:47:03,188 - fewshot_modelnet_linear_classification - INFO - [Training] EPOCH: 107 EpochTime = 1.282 (s) Losses = ['0.1882', '96.8750'] lr = 0.000190
2023-11-02 22:47:04,313 - fewshot_modelnet_linear_classification - INFO - [Validation] EPOCH: 107  acc = 93.0000
2023-11-02 22:47:04,927 - fewshot_modelnet_linear_classification - INFO - Save checkpoint at ./experiments/fewshot_modelnet_linear_classification/cfgs/LR_0.001/ckpt-last.pth
2023-11-02 22:47:06,396 - fewshot_modelnet_linear_classification - INFO - [Training] EPOCH: 108 EpochTime = 1.467 (s) Losses = ['0.1626', '97.9167'] lr = 0.000182
2023-11-02 22:47:07,523 - fewshot_modelnet_linear_classification - INFO - [Validation] EPOCH: 108  acc = 94.0000
2023-11-02 22:47:09,359 - fewshot_modelnet_linear_classification - INFO - Save checkpoint at ./experiments/fewshot_modelnet_linear_classification/cfgs/LR_0.001/ckpt-last.pth
2023-11-02 22:47:11,628 - fewshot_modelnet_linear_classification - INFO - [Training] EPOCH: 109 EpochTime = 2.267 (s) Losses = ['0.1940', '97.9167'] lr = 0.000174
2023-11-02 22:47:13,179 - fewshot_modelnet_linear_classification - INFO - [Validation] EPOCH: 109  acc = 93.0000
2023-11-02 22:47:14,887 - fewshot_modelnet_linear_classification - INFO - Save checkpoint at ./experiments/fewshot_modelnet_linear_classification/cfgs/LR_0.001/ckpt-last.pth
2023-11-02 22:47:16,418 - fewshot_modelnet_linear_classification - INFO - [Training] EPOCH: 110 EpochTime = 1.529 (s) Losses = ['0.1518', '98.9583'] lr = 0.000166
2023-11-02 22:47:17,613 - fewshot_modelnet_linear_classification - INFO - [Validation] EPOCH: 110  acc = 94.0000
2023-11-02 22:47:19,305 - fewshot_modelnet_linear_classification - INFO - Save checkpoint at ./experiments/fewshot_modelnet_linear_classification/cfgs/LR_0.001/ckpt-last.pth
2023-11-02 22:47:21,213 - fewshot_modelnet_linear_classification - INFO - [Training] EPOCH: 111 EpochTime = 1.907 (s) Losses = ['0.1654', '97.9167'] lr = 0.000159
2023-11-02 22:47:22,330 - fewshot_modelnet_linear_classification - INFO - [Validation] EPOCH: 111  acc = 94.0000
2023-11-02 22:47:23,390 - fewshot_modelnet_linear_classification - INFO - Save checkpoint at ./experiments/fewshot_modelnet_linear_classification/cfgs/LR_0.001/ckpt-last.pth
2023-11-02 22:47:24,722 - fewshot_modelnet_linear_classification - INFO - [Training] EPOCH: 112 EpochTime = 1.331 (s) Losses = ['0.1723', '97.9167'] lr = 0.000151
2023-11-02 22:47:26,168 - fewshot_modelnet_linear_classification - INFO - [Validation] EPOCH: 112  acc = 94.0000
2023-11-02 22:47:26,807 - fewshot_modelnet_linear_classification - INFO - Save checkpoint at ./experiments/fewshot_modelnet_linear_classification/cfgs/LR_0.001/ckpt-last.pth
2023-11-02 22:47:28,328 - fewshot_modelnet_linear_classification - INFO - [Training] EPOCH: 113 EpochTime = 1.520 (s) Losses = ['0.1730', '97.9167'] lr = 0.000144
2023-11-02 22:47:29,401 - fewshot_modelnet_linear_classification - INFO - [Validation] EPOCH: 113  acc = 94.0000
2023-11-02 22:47:31,969 - fewshot_modelnet_linear_classification - INFO - Save checkpoint at ./experiments/fewshot_modelnet_linear_classification/cfgs/LR_0.001/ckpt-last.pth
2023-11-02 22:47:34,107 - fewshot_modelnet_linear_classification - INFO - [Training] EPOCH: 114 EpochTime = 2.137 (s) Losses = ['0.1430', '97.9167'] lr = 0.000136
2023-11-02 22:47:35,208 - fewshot_modelnet_linear_classification - INFO - [Validation] EPOCH: 114  acc = 94.0000
2023-11-02 22:47:36,408 - fewshot_modelnet_linear_classification - INFO - Save checkpoint at ./experiments/fewshot_modelnet_linear_classification/cfgs/LR_0.001/ckpt-last.pth
2023-11-02 22:47:37,701 - fewshot_modelnet_linear_classification - INFO - [Training] EPOCH: 115 EpochTime = 1.290 (s) Losses = ['0.1459', '97.9167'] lr = 0.000129
2023-11-02 22:47:38,789 - fewshot_modelnet_linear_classification - INFO - [Validation] EPOCH: 115  acc = 93.0000
2023-11-02 22:47:40,656 - fewshot_modelnet_linear_classification - INFO - Save checkpoint at ./experiments/fewshot_modelnet_linear_classification/cfgs/LR_0.001/ckpt-last.pth
2023-11-02 22:47:42,118 - fewshot_modelnet_linear_classification - INFO - [Training] EPOCH: 116 EpochTime = 1.459 (s) Losses = ['0.1391', '100.0000'] lr = 0.000122
2023-11-02 22:47:43,256 - fewshot_modelnet_linear_classification - INFO - [Validation] EPOCH: 116  acc = 93.0000
2023-11-02 22:47:44,007 - fewshot_modelnet_linear_classification - INFO - Save checkpoint at ./experiments/fewshot_modelnet_linear_classification/cfgs/LR_0.001/ckpt-last.pth
2023-11-02 22:47:46,041 - fewshot_modelnet_linear_classification - INFO - [Training] EPOCH: 117 EpochTime = 2.033 (s) Losses = ['0.1697', '98.9583'] lr = 0.000116
2023-11-02 22:47:47,128 - fewshot_modelnet_linear_classification - INFO - [Validation] EPOCH: 117  acc = 93.0000
2023-11-02 22:47:48,722 - fewshot_modelnet_linear_classification - INFO - Save checkpoint at ./experiments/fewshot_modelnet_linear_classification/cfgs/LR_0.001/ckpt-last.pth
2023-11-02 22:47:50,381 - fewshot_modelnet_linear_classification - INFO - [Training] EPOCH: 118 EpochTime = 1.657 (s) Losses = ['0.1241', '98.9583'] lr = 0.000109
2023-11-02 22:47:52,130 - fewshot_modelnet_linear_classification - INFO - [Validation] EPOCH: 118  acc = 93.0000
2023-11-02 22:47:53,114 - fewshot_modelnet_linear_classification - INFO - Save checkpoint at ./experiments/fewshot_modelnet_linear_classification/cfgs/LR_0.001/ckpt-last.pth
2023-11-02 22:47:54,831 - fewshot_modelnet_linear_classification - INFO - [Training] EPOCH: 119 EpochTime = 1.715 (s) Losses = ['0.1630', '98.9583'] lr = 0.000103
2023-11-02 22:47:55,917 - fewshot_modelnet_linear_classification - INFO - [Validation] EPOCH: 119  acc = 93.0000
2023-11-02 22:47:57,717 - fewshot_modelnet_linear_classification - INFO - Save checkpoint at ./experiments/fewshot_modelnet_linear_classification/cfgs/LR_0.001/ckpt-last.pth
2023-11-02 22:47:59,857 - fewshot_modelnet_linear_classification - INFO - [Training] EPOCH: 120 EpochTime = 2.138 (s) Losses = ['0.2039', '94.7917'] lr = 0.000096
2023-11-02 22:48:00,925 - fewshot_modelnet_linear_classification - INFO - [Validation] EPOCH: 120  acc = 93.0000
2023-11-02 22:48:02,883 - fewshot_modelnet_linear_classification - INFO - Save checkpoint at ./experiments/fewshot_modelnet_linear_classification/cfgs/LR_0.001/ckpt-last.pth
2023-11-02 22:48:04,208 - fewshot_modelnet_linear_classification - INFO - [Training] EPOCH: 121 EpochTime = 1.323 (s) Losses = ['0.1535', '98.9583'] lr = 0.000090
2023-11-02 22:48:05,787 - fewshot_modelnet_linear_classification - INFO - [Validation] EPOCH: 121  acc = 93.0000
2023-11-02 22:48:06,771 - fewshot_modelnet_linear_classification - INFO - Save checkpoint at ./experiments/fewshot_modelnet_linear_classification/cfgs/LR_0.001/ckpt-last.pth
2023-11-02 22:48:08,539 - fewshot_modelnet_linear_classification - INFO - [Training] EPOCH: 122 EpochTime = 1.767 (s) Losses = ['0.1840', '97.9167'] lr = 0.000084
2023-11-02 22:48:09,622 - fewshot_modelnet_linear_classification - INFO - [Validation] EPOCH: 122  acc = 93.0000
2023-11-02 22:48:10,650 - fewshot_modelnet_linear_classification - INFO - Save checkpoint at ./experiments/fewshot_modelnet_linear_classification/cfgs/LR_0.001/ckpt-last.pth
2023-11-02 22:48:12,868 - fewshot_modelnet_linear_classification - INFO - [Training] EPOCH: 123 EpochTime = 2.217 (s) Losses = ['0.1596', '97.9167'] lr = 0.000079
2023-11-02 22:48:13,903 - fewshot_modelnet_linear_classification - INFO - [Validation] EPOCH: 123  acc = 93.0000
2023-11-02 22:48:15,838 - fewshot_modelnet_linear_classification - INFO - Save checkpoint at ./experiments/fewshot_modelnet_linear_classification/cfgs/LR_0.001/ckpt-last.pth
2023-11-02 22:48:17,349 - fewshot_modelnet_linear_classification - INFO - [Training] EPOCH: 124 EpochTime = 1.509 (s) Losses = ['0.1558', '98.9583'] lr = 0.000073
2023-11-02 22:48:18,884 - fewshot_modelnet_linear_classification - INFO - [Validation] EPOCH: 124  acc = 93.0000
2023-11-02 22:48:20,121 - fewshot_modelnet_linear_classification - INFO - Save checkpoint at ./experiments/fewshot_modelnet_linear_classification/cfgs/LR_0.001/ckpt-last.pth
2023-11-02 22:48:21,992 - fewshot_modelnet_linear_classification - INFO - [Training] EPOCH: 125 EpochTime = 1.870 (s) Losses = ['0.1791', '95.8333'] lr = 0.000068
2023-11-02 22:48:23,105 - fewshot_modelnet_linear_classification - INFO - [Validation] EPOCH: 125  acc = 94.0000
2023-11-02 22:48:24,009 - fewshot_modelnet_linear_classification - INFO - Save checkpoint at ./experiments/fewshot_modelnet_linear_classification/cfgs/LR_0.001/ckpt-last.pth
2023-11-02 22:48:25,403 - fewshot_modelnet_linear_classification - INFO - [Training] EPOCH: 126 EpochTime = 1.392 (s) Losses = ['0.1555', '97.9167'] lr = 0.000063
2023-11-02 22:48:26,748 - fewshot_modelnet_linear_classification - INFO - [Validation] EPOCH: 126  acc = 94.0000
2023-11-02 22:48:27,517 - fewshot_modelnet_linear_classification - INFO - Save checkpoint at ./experiments/fewshot_modelnet_linear_classification/cfgs/LR_0.001/ckpt-last.pth
2023-11-02 22:48:29,320 - fewshot_modelnet_linear_classification - INFO - [Training] EPOCH: 127 EpochTime = 1.800 (s) Losses = ['0.1645', '96.8750'] lr = 0.000058
2023-11-02 22:48:30,401 - fewshot_modelnet_linear_classification - INFO - [Validation] EPOCH: 127  acc = 94.0000
2023-11-02 22:48:32,227 - fewshot_modelnet_linear_classification - INFO - Save checkpoint at ./experiments/fewshot_modelnet_linear_classification/cfgs/LR_0.001/ckpt-last.pth
2023-11-02 22:48:34,022 - fewshot_modelnet_linear_classification - INFO - [Training] EPOCH: 128 EpochTime = 1.792 (s) Losses = ['0.1306', '98.9583'] lr = 0.000053
2023-11-02 22:48:35,078 - fewshot_modelnet_linear_classification - INFO - [Validation] EPOCH: 128  acc = 94.0000
2023-11-02 22:48:36,577 - fewshot_modelnet_linear_classification - INFO - Save checkpoint at ./experiments/fewshot_modelnet_linear_classification/cfgs/LR_0.001/ckpt-last.pth
2023-11-02 22:48:38,316 - fewshot_modelnet_linear_classification - INFO - [Training] EPOCH: 129 EpochTime = 1.738 (s) Losses = ['0.1733', '96.8750'] lr = 0.000049
2023-11-02 22:48:39,532 - fewshot_modelnet_linear_classification - INFO - [Validation] EPOCH: 129  acc = 94.0000
2023-11-02 22:48:40,771 - fewshot_modelnet_linear_classification - INFO - Save checkpoint at ./experiments/fewshot_modelnet_linear_classification/cfgs/LR_0.001/ckpt-last.pth
2023-11-02 22:48:43,211 - fewshot_modelnet_linear_classification - INFO - [Training] EPOCH: 130 EpochTime = 2.438 (s) Losses = ['0.1702', '97.9167'] lr = 0.000044
2023-11-02 22:48:44,592 - fewshot_modelnet_linear_classification - INFO - [Validation] EPOCH: 130  acc = 93.0000
2023-11-02 22:48:45,697 - fewshot_modelnet_linear_classification - INFO - Save checkpoint at ./experiments/fewshot_modelnet_linear_classification/cfgs/LR_0.001/ckpt-last.pth
2023-11-02 22:48:47,021 - fewshot_modelnet_linear_classification - INFO - [Training] EPOCH: 131 EpochTime = 1.323 (s) Losses = ['0.1511', '97.9167'] lr = 0.000040
2023-11-02 22:48:48,209 - fewshot_modelnet_linear_classification - INFO - [Validation] EPOCH: 131  acc = 93.0000
2023-11-02 22:48:48,879 - fewshot_modelnet_linear_classification - INFO - Save checkpoint at ./experiments/fewshot_modelnet_linear_classification/cfgs/LR_0.001/ckpt-last.pth
2023-11-02 22:48:50,914 - fewshot_modelnet_linear_classification - INFO - [Training] EPOCH: 132 EpochTime = 2.033 (s) Losses = ['0.1529', '98.9583'] lr = 0.000036
2023-11-02 22:48:52,029 - fewshot_modelnet_linear_classification - INFO - [Validation] EPOCH: 132  acc = 93.0000
2023-11-02 22:48:53,679 - fewshot_modelnet_linear_classification - INFO - Save checkpoint at ./experiments/fewshot_modelnet_linear_classification/cfgs/LR_0.001/ckpt-last.pth
2023-11-02 22:48:55,953 - fewshot_modelnet_linear_classification - INFO - [Training] EPOCH: 133 EpochTime = 2.272 (s) Losses = ['0.1456', '100.0000'] lr = 0.000032
2023-11-02 22:48:57,143 - fewshot_modelnet_linear_classification - INFO - [Validation] EPOCH: 133  acc = 93.0000
2023-11-02 22:48:57,918 - fewshot_modelnet_linear_classification - INFO - Save checkpoint at ./experiments/fewshot_modelnet_linear_classification/cfgs/LR_0.001/ckpt-last.pth
2023-11-02 22:48:59,363 - fewshot_modelnet_linear_classification - INFO - [Training] EPOCH: 134 EpochTime = 1.443 (s) Losses = ['0.1649', '97.9167'] lr = 0.000029
2023-11-02 22:49:00,825 - fewshot_modelnet_linear_classification - INFO - [Validation] EPOCH: 134  acc = 93.0000
2023-11-02 22:49:02,693 - fewshot_modelnet_linear_classification - INFO - Save checkpoint at ./experiments/fewshot_modelnet_linear_classification/cfgs/LR_0.001/ckpt-last.pth
2023-11-02 22:49:04,615 - fewshot_modelnet_linear_classification - INFO - [Training] EPOCH: 135 EpochTime = 1.920 (s) Losses = ['0.1740', '98.9583'] lr = 0.000025
2023-11-02 22:49:05,764 - fewshot_modelnet_linear_classification - INFO - [Validation] EPOCH: 135  acc = 93.0000
2023-11-02 22:49:06,890 - fewshot_modelnet_linear_classification - INFO - Save checkpoint at ./experiments/fewshot_modelnet_linear_classification/cfgs/LR_0.001/ckpt-last.pth
2023-11-02 22:49:08,721 - fewshot_modelnet_linear_classification - INFO - [Training] EPOCH: 136 EpochTime = 1.830 (s) Losses = ['0.1680', '96.8750'] lr = 0.000022
2023-11-02 22:49:10,340 - fewshot_modelnet_linear_classification - INFO - [Validation] EPOCH: 136  acc = 93.0000
2023-11-02 22:49:11,142 - fewshot_modelnet_linear_classification - INFO - Save checkpoint at ./experiments/fewshot_modelnet_linear_classification/cfgs/LR_0.001/ckpt-last.pth
2023-11-02 22:49:12,550 - fewshot_modelnet_linear_classification - INFO - [Training] EPOCH: 137 EpochTime = 1.406 (s) Losses = ['0.1565', '97.9167'] lr = 0.000019
2023-11-02 22:49:13,769 - fewshot_modelnet_linear_classification - INFO - [Validation] EPOCH: 137  acc = 93.0000
2023-11-02 22:49:14,797 - fewshot_modelnet_linear_classification - INFO - Save checkpoint at ./experiments/fewshot_modelnet_linear_classification/cfgs/LR_0.001/ckpt-last.pth
2023-11-02 22:49:16,292 - fewshot_modelnet_linear_classification - INFO - [Training] EPOCH: 138 EpochTime = 1.493 (s) Losses = ['0.1636', '97.9167'] lr = 0.000017
2023-11-02 22:49:17,465 - fewshot_modelnet_linear_classification - INFO - [Validation] EPOCH: 138  acc = 93.0000
2023-11-02 22:49:19,116 - fewshot_modelnet_linear_classification - INFO - Save checkpoint at ./experiments/fewshot_modelnet_linear_classification/cfgs/LR_0.001/ckpt-last.pth
2023-11-02 22:49:21,007 - fewshot_modelnet_linear_classification - INFO - [Training] EPOCH: 139 EpochTime = 1.890 (s) Losses = ['0.1660', '97.9167'] lr = 0.000014
2023-11-02 22:49:22,314 - fewshot_modelnet_linear_classification - INFO - [Validation] EPOCH: 139  acc = 94.0000
2023-11-02 22:49:22,812 - fewshot_modelnet_linear_classification - INFO - Save checkpoint at ./experiments/fewshot_modelnet_linear_classification/cfgs/LR_0.001/ckpt-last.pth
2023-11-02 22:49:24,122 - fewshot_modelnet_linear_classification - INFO - [Training] EPOCH: 140 EpochTime = 1.308 (s) Losses = ['0.1610', '98.9583'] lr = 0.000012
2023-11-02 22:49:25,235 - fewshot_modelnet_linear_classification - INFO - [Validation] EPOCH: 140  acc = 94.0000
2023-11-02 22:49:26,675 - fewshot_modelnet_linear_classification - INFO - Save checkpoint at ./experiments/fewshot_modelnet_linear_classification/cfgs/LR_0.001/ckpt-last.pth
2023-11-02 22:49:28,341 - fewshot_modelnet_linear_classification - INFO - [Training] EPOCH: 141 EpochTime = 1.664 (s) Losses = ['0.1599', '97.9167'] lr = 0.000010
2023-11-02 22:49:29,765 - fewshot_modelnet_linear_classification - INFO - [Validation] EPOCH: 141  acc = 95.0000
2023-11-02 22:49:31,322 - fewshot_modelnet_linear_classification - INFO - Save checkpoint at ./experiments/fewshot_modelnet_linear_classification/cfgs/LR_0.001/ckpt-last.pth
2023-11-02 22:49:32,842 - fewshot_modelnet_linear_classification - INFO - Save checkpoint at ./experiments/fewshot_modelnet_linear_classification/cfgs/LR_0.001/ckpt-epoch-141.pth
2023-11-02 22:49:34,170 - fewshot_modelnet_linear_classification - INFO - [Training] EPOCH: 142 EpochTime = 1.326 (s) Losses = ['0.1412', '98.9583'] lr = 0.000008
2023-11-02 22:49:35,649 - fewshot_modelnet_linear_classification - INFO - [Validation] EPOCH: 142  acc = 94.0000
2023-11-02 22:49:36,256 - fewshot_modelnet_linear_classification - INFO - Save checkpoint at ./experiments/fewshot_modelnet_linear_classification/cfgs/LR_0.001/ckpt-last.pth
2023-11-02 22:49:37,645 - fewshot_modelnet_linear_classification - INFO - Save checkpoint at ./experiments/fewshot_modelnet_linear_classification/cfgs/LR_0.001/ckpt-epoch-142.pth
2023-11-02 22:49:39,044 - fewshot_modelnet_linear_classification - INFO - [Training] EPOCH: 143 EpochTime = 1.398 (s) Losses = ['0.1370', '97.9167'] lr = 0.000006
2023-11-02 22:49:40,525 - fewshot_modelnet_linear_classification - INFO - [Validation] EPOCH: 143  acc = 94.0000
2023-11-02 22:49:41,922 - fewshot_modelnet_linear_classification - INFO - Save checkpoint at ./experiments/fewshot_modelnet_linear_classification/cfgs/LR_0.001/ckpt-last.pth
2023-11-02 22:49:43,337 - fewshot_modelnet_linear_classification - INFO - Save checkpoint at ./experiments/fewshot_modelnet_linear_classification/cfgs/LR_0.001/ckpt-epoch-143.pth
2023-11-02 22:49:45,232 - fewshot_modelnet_linear_classification - INFO - [Training] EPOCH: 144 EpochTime = 1.893 (s) Losses = ['0.1398', '100.0000'] lr = 0.000005
2023-11-02 22:49:46,320 - fewshot_modelnet_linear_classification - INFO - [Validation] EPOCH: 144  acc = 94.0000
2023-11-02 22:49:47,683 - fewshot_modelnet_linear_classification - INFO - Save checkpoint at ./experiments/fewshot_modelnet_linear_classification/cfgs/LR_0.001/ckpt-last.pth
2023-11-02 22:49:48,856 - fewshot_modelnet_linear_classification - INFO - Save checkpoint at ./experiments/fewshot_modelnet_linear_classification/cfgs/LR_0.001/ckpt-epoch-144.pth
2023-11-02 22:49:50,742 - fewshot_modelnet_linear_classification - INFO - [Training] EPOCH: 145 EpochTime = 1.882 (s) Losses = ['0.1516', '97.9167'] lr = 0.000004
2023-11-02 22:49:51,836 - fewshot_modelnet_linear_classification - INFO - [Validation] EPOCH: 145  acc = 95.0000
2023-11-02 22:49:52,552 - fewshot_modelnet_linear_classification - INFO - Save checkpoint at ./experiments/fewshot_modelnet_linear_classification/cfgs/LR_0.001/ckpt-last.pth
2023-11-02 22:49:53,420 - fewshot_modelnet_linear_classification - INFO - Save checkpoint at ./experiments/fewshot_modelnet_linear_classification/cfgs/LR_0.001/ckpt-epoch-145.pth
2023-11-02 22:49:54,862 - fewshot_modelnet_linear_classification - INFO - [Training] EPOCH: 146 EpochTime = 1.440 (s) Losses = ['0.1969', '95.8333'] lr = 0.000003
2023-11-02 22:49:56,160 - fewshot_modelnet_linear_classification - INFO - [Validation] EPOCH: 146  acc = 95.0000
2023-11-02 22:49:57,887 - fewshot_modelnet_linear_classification - INFO - Save checkpoint at ./experiments/fewshot_modelnet_linear_classification/cfgs/LR_0.001/ckpt-last.pth
2023-11-02 22:49:59,120 - fewshot_modelnet_linear_classification - INFO - Save checkpoint at ./experiments/fewshot_modelnet_linear_classification/cfgs/LR_0.001/ckpt-epoch-146.pth
2023-11-02 22:50:01,005 - fewshot_modelnet_linear_classification - INFO - [Training] EPOCH: 147 EpochTime = 1.882 (s) Losses = ['0.1538', '98.9583'] lr = 0.000002
2023-11-02 22:50:02,128 - fewshot_modelnet_linear_classification - INFO - [Validation] EPOCH: 147  acc = 95.0000
2023-11-02 22:50:04,275 - fewshot_modelnet_linear_classification - INFO - Save checkpoint at ./experiments/fewshot_modelnet_linear_classification/cfgs/LR_0.001/ckpt-last.pth
2023-11-02 22:50:05,826 - fewshot_modelnet_linear_classification - INFO - Save checkpoint at ./experiments/fewshot_modelnet_linear_classification/cfgs/LR_0.001/ckpt-epoch-147.pth
2023-11-02 22:50:07,154 - fewshot_modelnet_linear_classification - INFO - [Training] EPOCH: 148 EpochTime = 1.327 (s) Losses = ['0.1637', '98.9583'] lr = 0.000001
2023-11-02 22:50:08,725 - fewshot_modelnet_linear_classification - INFO - [Validation] EPOCH: 148  acc = 95.0000
2023-11-02 22:50:09,845 - fewshot_modelnet_linear_classification - INFO - Save checkpoint at ./experiments/fewshot_modelnet_linear_classification/cfgs/LR_0.001/ckpt-last.pth
2023-11-02 22:50:10,602 - fewshot_modelnet_linear_classification - INFO - Save checkpoint at ./experiments/fewshot_modelnet_linear_classification/cfgs/LR_0.001/ckpt-epoch-148.pth
2023-11-02 22:50:12,174 - fewshot_modelnet_linear_classification - INFO - [Training] EPOCH: 149 EpochTime = 1.571 (s) Losses = ['0.1626', '97.9167'] lr = 0.000001
2023-11-02 22:50:13,465 - fewshot_modelnet_linear_classification - INFO - [Validation] EPOCH: 149  acc = 95.0000
2023-11-02 22:50:14,514 - fewshot_modelnet_linear_classification - INFO - Save checkpoint at ./experiments/fewshot_modelnet_linear_classification/cfgs/LR_0.001/ckpt-last.pth
2023-11-02 22:50:15,368 - fewshot_modelnet_linear_classification - INFO - Save checkpoint at ./experiments/fewshot_modelnet_linear_classification/cfgs/LR_0.001/ckpt-epoch-149.pth
2023-11-02 22:50:17,115 - fewshot_modelnet_linear_classification - INFO - [Training] EPOCH: 150 EpochTime = 1.746 (s) Losses = ['0.1641', '97.9167'] lr = 0.000001
2023-11-02 22:50:18,515 - fewshot_modelnet_linear_classification - INFO - [Validation] EPOCH: 150  acc = 95.0000
2023-11-02 22:50:20,247 - fewshot_modelnet_linear_classification - INFO - Save checkpoint at ./experiments/fewshot_modelnet_linear_classification/cfgs/LR_0.001/ckpt-last.pth
2023-11-02 22:50:21,194 - fewshot_modelnet_linear_classification - INFO - Save checkpoint at ./experiments/fewshot_modelnet_linear_classification/cfgs/LR_0.001/ckpt-epoch-150.pth
