2023-11-02 10:36:00,632 - fewshot_scanobjectnn_non_linear_classification - INFO - Copy the Config file from cfgs/fewshot_scanobjectnn_non_linear_classification.yaml to ./experiments/fewshot_scanobjectnn_non_linear_classification/cfgs/LR_0.001/config.yaml
2023-11-02 10:36:00,632 - fewshot_scanobjectnn_non_linear_classification - INFO - args.config : cfgs/fewshot_scanobjectnn_non_linear_classification.yaml
2023-11-02 10:36:00,632 - fewshot_scanobjectnn_non_linear_classification - INFO - args.launcher : none
2023-11-02 10:36:00,632 - fewshot_scanobjectnn_non_linear_classification - INFO - args.local_rank : 0
2023-11-02 10:36:00,633 - fewshot_scanobjectnn_non_linear_classification - INFO - args.num_workers : 8
2023-11-02 10:36:00,633 - fewshot_scanobjectnn_non_linear_classification - INFO - args.seed : 0
2023-11-02 10:36:00,633 - fewshot_scanobjectnn_non_linear_classification - INFO - args.deterministic : False
2023-11-02 10:36:00,633 - fewshot_scanobjectnn_non_linear_classification - INFO - args.sync_bn : True
2023-11-02 10:36:00,633 - fewshot_scanobjectnn_non_linear_classification - INFO - args.large_group : 5
2023-11-02 10:36:00,633 - fewshot_scanobjectnn_non_linear_classification - INFO - args.small_group : 10
2023-11-02 10:36:00,633 - fewshot_scanobjectnn_non_linear_classification - INFO - args.large_patch : 6
2023-11-02 10:36:00,633 - fewshot_scanobjectnn_non_linear_classification - INFO - args.small_patch : 3
2023-11-02 10:36:00,633 - fewshot_scanobjectnn_non_linear_classification - INFO - args.queue_length : 8192
2023-11-02 10:36:00,633 - fewshot_scanobjectnn_non_linear_classification - INFO - args.epoch_queue_starts : 10
2023-11-02 10:36:00,633 - fewshot_scanobjectnn_non_linear_classification - INFO - args.nmb_crops : 64
2023-11-02 10:36:00,633 - fewshot_scanobjectnn_non_linear_classification - INFO - args.sample_num : 16
2023-11-02 10:36:00,633 - fewshot_scanobjectnn_non_linear_classification - INFO - args.fea_dim : 384
2023-11-02 10:36:00,633 - fewshot_scanobjectnn_non_linear_classification - INFO - args.hidden_mlp : 256
2023-11-02 10:36:00,633 - fewshot_scanobjectnn_non_linear_classification - INFO - args.output_dim : 128
2023-11-02 10:36:00,633 - fewshot_scanobjectnn_non_linear_classification - INFO - args.nmb_prototypes : 200
2023-11-02 10:36:00,633 - fewshot_scanobjectnn_non_linear_classification - INFO - args.temperature : 0.1
2023-11-02 10:36:00,633 - fewshot_scanobjectnn_non_linear_classification - INFO - args.epsilon : 0.05
2023-11-02 10:36:00,633 - fewshot_scanobjectnn_non_linear_classification - INFO - args.sinkhorn_iterations : 3
2023-11-02 10:36:00,633 - fewshot_scanobjectnn_non_linear_classification - INFO - args.world_size : 1
2023-11-02 10:36:00,633 - fewshot_scanobjectnn_non_linear_classification - INFO - args.exp_name : LR_0.001
2023-11-02 10:36:00,633 - fewshot_scanobjectnn_non_linear_classification - INFO - args.loss : cd1
2023-11-02 10:36:00,634 - fewshot_scanobjectnn_non_linear_classification - INFO - args.start_ckpts : None
2023-11-02 10:36:00,634 - fewshot_scanobjectnn_non_linear_classification - INFO - args.ckpts : ./experiments/pretrain_MaskSurf/cfgs/add_as_normal/ckpt-last.pth
2023-11-02 10:36:00,634 - fewshot_scanobjectnn_non_linear_classification - INFO - args.val_freq : 1
2023-11-02 10:36:00,634 - fewshot_scanobjectnn_non_linear_classification - INFO - args.vote : False
2023-11-02 10:36:00,634 - fewshot_scanobjectnn_non_linear_classification - INFO - args.resume : False
2023-11-02 10:36:00,634 - fewshot_scanobjectnn_non_linear_classification - INFO - args.test : False
2023-11-02 10:36:00,634 - fewshot_scanobjectnn_non_linear_classification - INFO - args.finetune_model : True
2023-11-02 10:36:00,634 - fewshot_scanobjectnn_non_linear_classification - INFO - args.scratch_model : False
2023-11-02 10:36:00,634 - fewshot_scanobjectnn_non_linear_classification - INFO - args.mode : None
2023-11-02 10:36:00,634 - fewshot_scanobjectnn_non_linear_classification - INFO - args.way : 5
2023-11-02 10:36:00,634 - fewshot_scanobjectnn_non_linear_classification - INFO - args.shot : 10
2023-11-02 10:36:00,634 - fewshot_scanobjectnn_non_linear_classification - INFO - args.fold : 5
2023-11-02 10:36:00,634 - fewshot_scanobjectnn_non_linear_classification - INFO - args.experiment_path : ./experiments/fewshot_scanobjectnn_non_linear_classification/cfgs/LR_0.001
2023-11-02 10:36:00,634 - fewshot_scanobjectnn_non_linear_classification - INFO - args.tfboard_path : ./experiments/fewshot_scanobjectnn_non_linear_classification/cfgs/TFBoard/LR_0.001
2023-11-02 10:36:00,634 - fewshot_scanobjectnn_non_linear_classification - INFO - args.log_name : fewshot_scanobjectnn_non_linear_classification
2023-11-02 10:36:00,634 - fewshot_scanobjectnn_non_linear_classification - INFO - args.use_gpu : True
2023-11-02 10:36:00,634 - fewshot_scanobjectnn_non_linear_classification - INFO - args.distributed : False
2023-11-02 10:36:00,634 - fewshot_scanobjectnn_non_linear_classification - INFO - config.optimizer = edict()
2023-11-02 10:36:00,634 - fewshot_scanobjectnn_non_linear_classification - INFO - config.optimizer.type : AdamW
2023-11-02 10:36:00,634 - fewshot_scanobjectnn_non_linear_classification - INFO - config.optimizer.part : only_new
2023-11-02 10:36:00,634 - fewshot_scanobjectnn_non_linear_classification - INFO - config.optimizer.kwargs = edict()
2023-11-02 10:36:00,634 - fewshot_scanobjectnn_non_linear_classification - INFO - config.optimizer.kwargs.lr : 0.0008
2023-11-02 10:36:00,634 - fewshot_scanobjectnn_non_linear_classification - INFO - config.optimizer.kwargs.weight_decay : 0.05
2023-11-02 10:36:00,635 - fewshot_scanobjectnn_non_linear_classification - INFO - config.scheduler = edict()
2023-11-02 10:36:00,635 - fewshot_scanobjectnn_non_linear_classification - INFO - config.scheduler.type : CosLR
2023-11-02 10:36:00,635 - fewshot_scanobjectnn_non_linear_classification - INFO - config.scheduler.kwargs = edict()
2023-11-02 10:36:00,635 - fewshot_scanobjectnn_non_linear_classification - INFO - config.scheduler.kwargs.epochs : 150
2023-11-02 10:36:00,635 - fewshot_scanobjectnn_non_linear_classification - INFO - config.scheduler.kwargs.initial_epochs : 10
2023-11-02 10:36:00,635 - fewshot_scanobjectnn_non_linear_classification - INFO - config.dataset = edict()
2023-11-02 10:36:00,635 - fewshot_scanobjectnn_non_linear_classification - INFO - config.dataset.train = edict()
2023-11-02 10:36:00,635 - fewshot_scanobjectnn_non_linear_classification - INFO - config.dataset.train._base_ = edict()
2023-11-02 10:36:00,635 - fewshot_scanobjectnn_non_linear_classification - INFO - config.dataset.train._base_.NAME : ModelNetFewShot
2023-11-02 10:36:00,635 - fewshot_scanobjectnn_non_linear_classification - INFO - config.dataset.train._base_.DATA_PATH : data/ScanObjectNN_hardest_fewshot
2023-11-02 10:36:00,635 - fewshot_scanobjectnn_non_linear_classification - INFO - config.dataset.train._base_.N_POINTS : 2048
2023-11-02 10:36:00,635 - fewshot_scanobjectnn_non_linear_classification - INFO - config.dataset.train._base_.NUM_CATEGORY : 15
2023-11-02 10:36:00,635 - fewshot_scanobjectnn_non_linear_classification - INFO - config.dataset.train._base_.USE_NORMALS : False
2023-11-02 10:36:00,635 - fewshot_scanobjectnn_non_linear_classification - INFO - config.dataset.train.others = edict()
2023-11-02 10:36:00,635 - fewshot_scanobjectnn_non_linear_classification - INFO - config.dataset.train.others.subset : train
2023-11-02 10:36:00,635 - fewshot_scanobjectnn_non_linear_classification - INFO - config.dataset.train.others.bs : 32
2023-11-02 10:36:00,635 - fewshot_scanobjectnn_non_linear_classification - INFO - config.dataset.val = edict()
2023-11-02 10:36:00,635 - fewshot_scanobjectnn_non_linear_classification - INFO - config.dataset.val._base_ = edict()
2023-11-02 10:36:00,635 - fewshot_scanobjectnn_non_linear_classification - INFO - config.dataset.val._base_.NAME : ModelNetFewShot
2023-11-02 10:36:00,635 - fewshot_scanobjectnn_non_linear_classification - INFO - config.dataset.val._base_.DATA_PATH : data/ScanObjectNN_hardest_fewshot
2023-11-02 10:36:00,635 - fewshot_scanobjectnn_non_linear_classification - INFO - config.dataset.val._base_.N_POINTS : 2048
2023-11-02 10:36:00,635 - fewshot_scanobjectnn_non_linear_classification - INFO - config.dataset.val._base_.NUM_CATEGORY : 15
2023-11-02 10:36:00,636 - fewshot_scanobjectnn_non_linear_classification - INFO - config.dataset.val._base_.USE_NORMALS : False
2023-11-02 10:36:00,636 - fewshot_scanobjectnn_non_linear_classification - INFO - config.dataset.val.others = edict()
2023-11-02 10:36:00,636 - fewshot_scanobjectnn_non_linear_classification - INFO - config.dataset.val.others.subset : test
2023-11-02 10:36:00,636 - fewshot_scanobjectnn_non_linear_classification - INFO - config.dataset.val.others.bs : 64
2023-11-02 10:36:00,636 - fewshot_scanobjectnn_non_linear_classification - INFO - config.dataset.test = edict()
2023-11-02 10:36:00,636 - fewshot_scanobjectnn_non_linear_classification - INFO - config.dataset.test._base_ = edict()
2023-11-02 10:36:00,636 - fewshot_scanobjectnn_non_linear_classification - INFO - config.dataset.test._base_.NAME : ScanObjectNN_hardest
2023-11-02 10:36:00,636 - fewshot_scanobjectnn_non_linear_classification - INFO - config.dataset.test._base_.ROOT : data/ScanObjectNN/main_split
2023-11-02 10:36:00,636 - fewshot_scanobjectnn_non_linear_classification - INFO - config.dataset.test.others = edict()
2023-11-02 10:36:00,636 - fewshot_scanobjectnn_non_linear_classification - INFO - config.dataset.test.others.subset : test
2023-11-02 10:36:00,636 - fewshot_scanobjectnn_non_linear_classification - INFO - config.dataset.test.others.bs : 32
2023-11-02 10:36:00,636 - fewshot_scanobjectnn_non_linear_classification - INFO - config.model = edict()
2023-11-02 10:36:00,636 - fewshot_scanobjectnn_non_linear_classification - INFO - config.model.NAME : PointTransformer
2023-11-02 10:36:00,636 - fewshot_scanobjectnn_non_linear_classification - INFO - config.model.trans_dim : 384
2023-11-02 10:36:00,636 - fewshot_scanobjectnn_non_linear_classification - INFO - config.model.depth : 12
2023-11-02 10:36:00,636 - fewshot_scanobjectnn_non_linear_classification - INFO - config.model.drop_path_rate : 0.1
2023-11-02 10:36:00,636 - fewshot_scanobjectnn_non_linear_classification - INFO - config.model.cls_dim : 15
2023-11-02 10:36:00,636 - fewshot_scanobjectnn_non_linear_classification - INFO - config.model.num_heads : 6
2023-11-02 10:36:00,636 - fewshot_scanobjectnn_non_linear_classification - INFO - config.model.group_size : 32
2023-11-02 10:36:00,636 - fewshot_scanobjectnn_non_linear_classification - INFO - config.model.num_group : 64
2023-11-02 10:36:00,636 - fewshot_scanobjectnn_non_linear_classification - INFO - config.model.encoder_dims : 384
2023-11-02 10:36:00,636 - fewshot_scanobjectnn_non_linear_classification - INFO - config.npoints : 1024
2023-11-02 10:36:00,636 - fewshot_scanobjectnn_non_linear_classification - INFO - config.total_bs : 32
2023-11-02 10:36:00,637 - fewshot_scanobjectnn_non_linear_classification - INFO - config.step_per_update : 1
2023-11-02 10:36:00,637 - fewshot_scanobjectnn_non_linear_classification - INFO - config.max_epoch : 150
2023-11-02 10:36:00,637 - fewshot_scanobjectnn_non_linear_classification - INFO - config.grad_norm_clip : 10
2023-11-02 10:36:00,637 - fewshot_scanobjectnn_non_linear_classification - INFO - Distributed training: False
2023-11-02 10:36:00,637 - fewshot_scanobjectnn_non_linear_classification - INFO - Set random seed to 0, deterministic: False
2023-11-02 10:36:02,647 - fewshot_scanobjectnn_non_linear_classification - INFO - Using Data parallel ...
2023-11-02 10:36:07,305 - fewshot_scanobjectnn_non_linear_classification - INFO - [Training] EPOCH: 0 EpochTime = 4.651 (s) Losses = ['2.7062', '9.3750'] lr = 0.000001
2023-11-02 10:36:07,849 - fewshot_scanobjectnn_non_linear_classification - INFO - Save checkpoint at ./experiments/fewshot_scanobjectnn_non_linear_classification/cfgs/LR_0.001/ckpt-last.pth
2023-11-02 10:36:08,683 - fewshot_scanobjectnn_non_linear_classification - INFO - [Training] EPOCH: 1 EpochTime = 0.831 (s) Losses = ['2.6059', '9.3750'] lr = 0.000081
2023-11-02 10:36:10,349 - fewshot_scanobjectnn_non_linear_classification - INFO - [Validation] EPOCH: 1  acc = 19.0000
2023-11-02 10:36:10,946 - fewshot_scanobjectnn_non_linear_classification - INFO - Save checkpoint at ./experiments/fewshot_scanobjectnn_non_linear_classification/cfgs/LR_0.001/ckpt-best.pth
2023-11-02 10:36:10,947 - fewshot_scanobjectnn_non_linear_classification - INFO - --------------------------------------------------------------------------------------------
2023-11-02 10:36:11,492 - fewshot_scanobjectnn_non_linear_classification - INFO - Save checkpoint at ./experiments/fewshot_scanobjectnn_non_linear_classification/cfgs/LR_0.001/ckpt-last.pth
2023-11-02 10:36:12,352 - fewshot_scanobjectnn_non_linear_classification - INFO - [Training] EPOCH: 2 EpochTime = 0.858 (s) Losses = ['2.7822', '9.3750'] lr = 0.000161
2023-11-02 10:36:13,279 - fewshot_scanobjectnn_non_linear_classification - INFO - [Validation] EPOCH: 2  acc = 19.0000
2023-11-02 10:36:13,993 - fewshot_scanobjectnn_non_linear_classification - INFO - Save checkpoint at ./experiments/fewshot_scanobjectnn_non_linear_classification/cfgs/LR_0.001/ckpt-last.pth
2023-11-02 10:36:14,841 - fewshot_scanobjectnn_non_linear_classification - INFO - [Training] EPOCH: 3 EpochTime = 0.846 (s) Losses = ['2.5902', '12.5000'] lr = 0.000241
2023-11-02 10:36:15,926 - fewshot_scanobjectnn_non_linear_classification - INFO - [Validation] EPOCH: 3  acc = 20.0000
2023-11-02 10:36:16,641 - fewshot_scanobjectnn_non_linear_classification - INFO - Save checkpoint at ./experiments/fewshot_scanobjectnn_non_linear_classification/cfgs/LR_0.001/ckpt-best.pth
2023-11-02 10:36:16,642 - fewshot_scanobjectnn_non_linear_classification - INFO - --------------------------------------------------------------------------------------------
2023-11-02 10:36:18,163 - fewshot_scanobjectnn_non_linear_classification - INFO - Save checkpoint at ./experiments/fewshot_scanobjectnn_non_linear_classification/cfgs/LR_0.001/ckpt-last.pth
2023-11-02 10:36:19,252 - fewshot_scanobjectnn_non_linear_classification - INFO - [Training] EPOCH: 4 EpochTime = 1.087 (s) Losses = ['2.7842', '3.1250'] lr = 0.000321
2023-11-02 10:36:20,470 - fewshot_scanobjectnn_non_linear_classification - INFO - [Validation] EPOCH: 4  acc = 21.0000
2023-11-02 10:36:21,220 - fewshot_scanobjectnn_non_linear_classification - INFO - Save checkpoint at ./experiments/fewshot_scanobjectnn_non_linear_classification/cfgs/LR_0.001/ckpt-best.pth
2023-11-02 10:36:21,220 - fewshot_scanobjectnn_non_linear_classification - INFO - --------------------------------------------------------------------------------------------
2023-11-02 10:36:21,932 - fewshot_scanobjectnn_non_linear_classification - INFO - Save checkpoint at ./experiments/fewshot_scanobjectnn_non_linear_classification/cfgs/LR_0.001/ckpt-last.pth
2023-11-02 10:36:22,744 - fewshot_scanobjectnn_non_linear_classification - INFO - [Training] EPOCH: 5 EpochTime = 0.811 (s) Losses = ['2.7368', '0.0000'] lr = 0.000401
2023-11-02 10:36:23,826 - fewshot_scanobjectnn_non_linear_classification - INFO - [Validation] EPOCH: 5  acc = 20.0000
2023-11-02 10:36:24,350 - fewshot_scanobjectnn_non_linear_classification - INFO - Save checkpoint at ./experiments/fewshot_scanobjectnn_non_linear_classification/cfgs/LR_0.001/ckpt-last.pth
2023-11-02 10:36:25,497 - fewshot_scanobjectnn_non_linear_classification - INFO - [Training] EPOCH: 6 EpochTime = 1.146 (s) Losses = ['2.6139', '3.1250'] lr = 0.000480
2023-11-02 10:36:26,372 - fewshot_scanobjectnn_non_linear_classification - INFO - [Validation] EPOCH: 6  acc = 20.0000
2023-11-02 10:36:27,127 - fewshot_scanobjectnn_non_linear_classification - INFO - Save checkpoint at ./experiments/fewshot_scanobjectnn_non_linear_classification/cfgs/LR_0.001/ckpt-last.pth
2023-11-02 10:36:28,044 - fewshot_scanobjectnn_non_linear_classification - INFO - [Training] EPOCH: 7 EpochTime = 0.915 (s) Losses = ['2.5121', '12.5000'] lr = 0.000560
2023-11-02 10:36:28,985 - fewshot_scanobjectnn_non_linear_classification - INFO - [Validation] EPOCH: 7  acc = 21.0000
2023-11-02 10:36:29,535 - fewshot_scanobjectnn_non_linear_classification - INFO - Save checkpoint at ./experiments/fewshot_scanobjectnn_non_linear_classification/cfgs/LR_0.001/ckpt-last.pth
2023-11-02 10:36:30,377 - fewshot_scanobjectnn_non_linear_classification - INFO - [Training] EPOCH: 8 EpochTime = 0.841 (s) Losses = ['2.3952', '18.7500'] lr = 0.000640
2023-11-02 10:36:31,300 - fewshot_scanobjectnn_non_linear_classification - INFO - [Validation] EPOCH: 8  acc = 23.0000
2023-11-02 10:36:32,086 - fewshot_scanobjectnn_non_linear_classification - INFO - Save checkpoint at ./experiments/fewshot_scanobjectnn_non_linear_classification/cfgs/LR_0.001/ckpt-best.pth
2023-11-02 10:36:32,087 - fewshot_scanobjectnn_non_linear_classification - INFO - --------------------------------------------------------------------------------------------
2023-11-02 10:36:33,056 - fewshot_scanobjectnn_non_linear_classification - INFO - Save checkpoint at ./experiments/fewshot_scanobjectnn_non_linear_classification/cfgs/LR_0.001/ckpt-last.pth
2023-11-02 10:36:34,190 - fewshot_scanobjectnn_non_linear_classification - INFO - [Training] EPOCH: 9 EpochTime = 1.133 (s) Losses = ['2.3575', '31.2500'] lr = 0.000720
2023-11-02 10:36:35,312 - fewshot_scanobjectnn_non_linear_classification - INFO - [Validation] EPOCH: 9  acc = 22.0000
2023-11-02 10:36:36,250 - fewshot_scanobjectnn_non_linear_classification - INFO - Save checkpoint at ./experiments/fewshot_scanobjectnn_non_linear_classification/cfgs/LR_0.001/ckpt-last.pth
2023-11-02 10:36:37,133 - fewshot_scanobjectnn_non_linear_classification - INFO - [Training] EPOCH: 10 EpochTime = 0.881 (s) Losses = ['2.2933', '31.2500'] lr = 0.000791
2023-11-02 10:36:38,077 - fewshot_scanobjectnn_non_linear_classification - INFO - [Validation] EPOCH: 10  acc = 26.0000
2023-11-02 10:36:39,098 - fewshot_scanobjectnn_non_linear_classification - INFO - Save checkpoint at ./experiments/fewshot_scanobjectnn_non_linear_classification/cfgs/LR_0.001/ckpt-best.pth
2023-11-02 10:36:39,098 - fewshot_scanobjectnn_non_linear_classification - INFO - --------------------------------------------------------------------------------------------
2023-11-02 10:36:40,361 - fewshot_scanobjectnn_non_linear_classification - INFO - Save checkpoint at ./experiments/fewshot_scanobjectnn_non_linear_classification/cfgs/LR_0.001/ckpt-last.pth
2023-11-02 10:36:41,333 - fewshot_scanobjectnn_non_linear_classification - INFO - [Training] EPOCH: 11 EpochTime = 0.971 (s) Losses = ['2.1142', '34.3750'] lr = 0.000789
2023-11-02 10:36:42,345 - fewshot_scanobjectnn_non_linear_classification - INFO - [Validation] EPOCH: 11  acc = 30.0000
2023-11-02 10:36:43,207 - fewshot_scanobjectnn_non_linear_classification - INFO - Save checkpoint at ./experiments/fewshot_scanobjectnn_non_linear_classification/cfgs/LR_0.001/ckpt-best.pth
2023-11-02 10:36:43,208 - fewshot_scanobjectnn_non_linear_classification - INFO - --------------------------------------------------------------------------------------------
2023-11-02 10:36:44,642 - fewshot_scanobjectnn_non_linear_classification - INFO - Save checkpoint at ./experiments/fewshot_scanobjectnn_non_linear_classification/cfgs/LR_0.001/ckpt-last.pth
2023-11-02 10:36:45,470 - fewshot_scanobjectnn_non_linear_classification - INFO - [Training] EPOCH: 12 EpochTime = 0.826 (s) Losses = ['1.9096', '46.8750'] lr = 0.000787
2023-11-02 10:36:46,769 - fewshot_scanobjectnn_non_linear_classification - INFO - [Validation] EPOCH: 12  acc = 32.0000
2023-11-02 10:36:47,332 - fewshot_scanobjectnn_non_linear_classification - INFO - Save checkpoint at ./experiments/fewshot_scanobjectnn_non_linear_classification/cfgs/LR_0.001/ckpt-best.pth
2023-11-02 10:36:47,332 - fewshot_scanobjectnn_non_linear_classification - INFO - --------------------------------------------------------------------------------------------
2023-11-02 10:36:48,640 - fewshot_scanobjectnn_non_linear_classification - INFO - Save checkpoint at ./experiments/fewshot_scanobjectnn_non_linear_classification/cfgs/LR_0.001/ckpt-last.pth
2023-11-02 10:36:49,458 - fewshot_scanobjectnn_non_linear_classification - INFO - [Training] EPOCH: 13 EpochTime = 0.816 (s) Losses = ['1.8102', '50.0000'] lr = 0.000785
2023-11-02 10:36:50,442 - fewshot_scanobjectnn_non_linear_classification - INFO - [Validation] EPOCH: 13  acc = 33.0000
2023-11-02 10:36:50,968 - fewshot_scanobjectnn_non_linear_classification - INFO - Save checkpoint at ./experiments/fewshot_scanobjectnn_non_linear_classification/cfgs/LR_0.001/ckpt-best.pth
2023-11-02 10:36:50,969 - fewshot_scanobjectnn_non_linear_classification - INFO - --------------------------------------------------------------------------------------------
2023-11-02 10:36:51,491 - fewshot_scanobjectnn_non_linear_classification - INFO - Save checkpoint at ./experiments/fewshot_scanobjectnn_non_linear_classification/cfgs/LR_0.001/ckpt-last.pth
2023-11-02 10:36:52,319 - fewshot_scanobjectnn_non_linear_classification - INFO - [Training] EPOCH: 14 EpochTime = 0.826 (s) Losses = ['1.6476', '59.3750'] lr = 0.000783
2023-11-02 10:36:53,191 - fewshot_scanobjectnn_non_linear_classification - INFO - [Validation] EPOCH: 14  acc = 32.0000
2023-11-02 10:36:54,122 - fewshot_scanobjectnn_non_linear_classification - INFO - Save checkpoint at ./experiments/fewshot_scanobjectnn_non_linear_classification/cfgs/LR_0.001/ckpt-last.pth
2023-11-02 10:36:55,628 - fewshot_scanobjectnn_non_linear_classification - INFO - [Training] EPOCH: 15 EpochTime = 0.903 (s) Losses = ['1.7494', '50.0000'] lr = 0.000780
2023-11-02 10:36:56,702 - fewshot_scanobjectnn_non_linear_classification - INFO - [Validation] EPOCH: 15  acc = 32.0000
2023-11-02 10:36:57,547 - fewshot_scanobjectnn_non_linear_classification - INFO - Save checkpoint at ./experiments/fewshot_scanobjectnn_non_linear_classification/cfgs/LR_0.001/ckpt-last.pth
2023-11-02 10:36:58,332 - fewshot_scanobjectnn_non_linear_classification - INFO - [Training] EPOCH: 16 EpochTime = 0.783 (s) Losses = ['1.7069', '59.3750'] lr = 0.000778
2023-11-02 10:36:59,220 - fewshot_scanobjectnn_non_linear_classification - INFO - [Validation] EPOCH: 16  acc = 35.0000
2023-11-02 10:36:59,733 - fewshot_scanobjectnn_non_linear_classification - INFO - Save checkpoint at ./experiments/fewshot_scanobjectnn_non_linear_classification/cfgs/LR_0.001/ckpt-best.pth
2023-11-02 10:36:59,733 - fewshot_scanobjectnn_non_linear_classification - INFO - --------------------------------------------------------------------------------------------
2023-11-02 10:37:00,383 - fewshot_scanobjectnn_non_linear_classification - INFO - Save checkpoint at ./experiments/fewshot_scanobjectnn_non_linear_classification/cfgs/LR_0.001/ckpt-last.pth
2023-11-02 10:37:01,398 - fewshot_scanobjectnn_non_linear_classification - INFO - [Training] EPOCH: 17 EpochTime = 1.013 (s) Losses = ['1.5196', '62.5000'] lr = 0.000775
2023-11-02 10:37:02,480 - fewshot_scanobjectnn_non_linear_classification - INFO - [Validation] EPOCH: 17  acc = 38.0000
2023-11-02 10:37:03,072 - fewshot_scanobjectnn_non_linear_classification - INFO - Save checkpoint at ./experiments/fewshot_scanobjectnn_non_linear_classification/cfgs/LR_0.001/ckpt-best.pth
2023-11-02 10:37:03,072 - fewshot_scanobjectnn_non_linear_classification - INFO - --------------------------------------------------------------------------------------------
2023-11-02 10:37:03,959 - fewshot_scanobjectnn_non_linear_classification - INFO - Save checkpoint at ./experiments/fewshot_scanobjectnn_non_linear_classification/cfgs/LR_0.001/ckpt-last.pth
2023-11-02 10:37:04,882 - fewshot_scanobjectnn_non_linear_classification - INFO - [Training] EPOCH: 18 EpochTime = 0.921 (s) Losses = ['1.3143', '71.8750'] lr = 0.000772
2023-11-02 10:37:05,761 - fewshot_scanobjectnn_non_linear_classification - INFO - [Validation] EPOCH: 18  acc = 38.0000
2023-11-02 10:37:06,529 - fewshot_scanobjectnn_non_linear_classification - INFO - Save checkpoint at ./experiments/fewshot_scanobjectnn_non_linear_classification/cfgs/LR_0.001/ckpt-last.pth
2023-11-02 10:37:07,933 - fewshot_scanobjectnn_non_linear_classification - INFO - [Training] EPOCH: 19 EpochTime = 1.402 (s) Losses = ['1.2809', '68.7500'] lr = 0.000769
2023-11-02 10:37:09,144 - fewshot_scanobjectnn_non_linear_classification - INFO - [Validation] EPOCH: 19  acc = 40.0000
2023-11-02 10:37:10,194 - fewshot_scanobjectnn_non_linear_classification - INFO - Save checkpoint at ./experiments/fewshot_scanobjectnn_non_linear_classification/cfgs/LR_0.001/ckpt-best.pth
2023-11-02 10:37:10,194 - fewshot_scanobjectnn_non_linear_classification - INFO - --------------------------------------------------------------------------------------------
2023-11-02 10:37:11,553 - fewshot_scanobjectnn_non_linear_classification - INFO - Save checkpoint at ./experiments/fewshot_scanobjectnn_non_linear_classification/cfgs/LR_0.001/ckpt-last.pth
2023-11-02 10:37:12,539 - fewshot_scanobjectnn_non_linear_classification - INFO - [Training] EPOCH: 20 EpochTime = 0.982 (s) Losses = ['1.5146', '56.2500'] lr = 0.000765
2023-11-02 10:37:13,748 - fewshot_scanobjectnn_non_linear_classification - INFO - [Validation] EPOCH: 20  acc = 40.0000
2023-11-02 10:37:14,939 - fewshot_scanobjectnn_non_linear_classification - INFO - Save checkpoint at ./experiments/fewshot_scanobjectnn_non_linear_classification/cfgs/LR_0.001/ckpt-last.pth
2023-11-02 10:37:15,738 - fewshot_scanobjectnn_non_linear_classification - INFO - [Training] EPOCH: 21 EpochTime = 0.797 (s) Losses = ['1.2534', '65.6250'] lr = 0.000762
2023-11-02 10:37:16,788 - fewshot_scanobjectnn_non_linear_classification - INFO - [Validation] EPOCH: 21  acc = 43.0000
2023-11-02 10:37:17,392 - fewshot_scanobjectnn_non_linear_classification - INFO - Save checkpoint at ./experiments/fewshot_scanobjectnn_non_linear_classification/cfgs/LR_0.001/ckpt-best.pth
2023-11-02 10:37:17,392 - fewshot_scanobjectnn_non_linear_classification - INFO - --------------------------------------------------------------------------------------------
2023-11-02 10:37:18,122 - fewshot_scanobjectnn_non_linear_classification - INFO - Save checkpoint at ./experiments/fewshot_scanobjectnn_non_linear_classification/cfgs/LR_0.001/ckpt-last.pth
2023-11-02 10:37:18,951 - fewshot_scanobjectnn_non_linear_classification - INFO - [Training] EPOCH: 22 EpochTime = 0.827 (s) Losses = ['1.0407', '78.1250'] lr = 0.000758
2023-11-02 10:37:19,863 - fewshot_scanobjectnn_non_linear_classification - INFO - [Validation] EPOCH: 22  acc = 44.0000
2023-11-02 10:37:20,977 - fewshot_scanobjectnn_non_linear_classification - INFO - Save checkpoint at ./experiments/fewshot_scanobjectnn_non_linear_classification/cfgs/LR_0.001/ckpt-best.pth
2023-11-02 10:37:20,978 - fewshot_scanobjectnn_non_linear_classification - INFO - --------------------------------------------------------------------------------------------
2023-11-02 10:37:22,010 - fewshot_scanobjectnn_non_linear_classification - INFO - Save checkpoint at ./experiments/fewshot_scanobjectnn_non_linear_classification/cfgs/LR_0.001/ckpt-last.pth
2023-11-02 10:37:22,865 - fewshot_scanobjectnn_non_linear_classification - INFO - [Training] EPOCH: 23 EpochTime = 0.854 (s) Losses = ['1.1847', '65.6250'] lr = 0.000755
2023-11-02 10:37:23,796 - fewshot_scanobjectnn_non_linear_classification - INFO - [Validation] EPOCH: 23  acc = 48.0000
2023-11-02 10:37:24,578 - fewshot_scanobjectnn_non_linear_classification - INFO - Save checkpoint at ./experiments/fewshot_scanobjectnn_non_linear_classification/cfgs/LR_0.001/ckpt-best.pth
2023-11-02 10:37:24,578 - fewshot_scanobjectnn_non_linear_classification - INFO - --------------------------------------------------------------------------------------------
2023-11-02 10:37:25,105 - fewshot_scanobjectnn_non_linear_classification - INFO - Save checkpoint at ./experiments/fewshot_scanobjectnn_non_linear_classification/cfgs/LR_0.001/ckpt-last.pth
2023-11-02 10:37:25,909 - fewshot_scanobjectnn_non_linear_classification - INFO - [Training] EPOCH: 24 EpochTime = 0.802 (s) Losses = ['1.1297', '68.7500'] lr = 0.000751
2023-11-02 10:37:26,771 - fewshot_scanobjectnn_non_linear_classification - INFO - [Validation] EPOCH: 24  acc = 51.0000
2023-11-02 10:37:27,614 - fewshot_scanobjectnn_non_linear_classification - INFO - Save checkpoint at ./experiments/fewshot_scanobjectnn_non_linear_classification/cfgs/LR_0.001/ckpt-best.pth
2023-11-02 10:37:27,614 - fewshot_scanobjectnn_non_linear_classification - INFO - --------------------------------------------------------------------------------------------
2023-11-02 10:37:28,520 - fewshot_scanobjectnn_non_linear_classification - INFO - Save checkpoint at ./experiments/fewshot_scanobjectnn_non_linear_classification/cfgs/LR_0.001/ckpt-last.pth
2023-11-02 10:37:29,608 - fewshot_scanobjectnn_non_linear_classification - INFO - [Training] EPOCH: 25 EpochTime = 1.086 (s) Losses = ['1.1374', '68.7500'] lr = 0.000746
2023-11-02 10:37:30,849 - fewshot_scanobjectnn_non_linear_classification - INFO - [Validation] EPOCH: 25  acc = 51.0000
2023-11-02 10:37:31,475 - fewshot_scanobjectnn_non_linear_classification - INFO - Save checkpoint at ./experiments/fewshot_scanobjectnn_non_linear_classification/cfgs/LR_0.001/ckpt-last.pth
2023-11-02 10:37:32,581 - fewshot_scanobjectnn_non_linear_classification - INFO - [Training] EPOCH: 26 EpochTime = 1.105 (s) Losses = ['1.1654', '65.6250'] lr = 0.000742
2023-11-02 10:37:33,533 - fewshot_scanobjectnn_non_linear_classification - INFO - [Validation] EPOCH: 26  acc = 50.0000
2023-11-02 10:37:34,444 - fewshot_scanobjectnn_non_linear_classification - INFO - Save checkpoint at ./experiments/fewshot_scanobjectnn_non_linear_classification/cfgs/LR_0.001/ckpt-last.pth
2023-11-02 10:37:35,543 - fewshot_scanobjectnn_non_linear_classification - INFO - [Training] EPOCH: 27 EpochTime = 0.991 (s) Losses = ['1.1432', '56.2500'] lr = 0.000738
2023-11-02 10:37:36,683 - fewshot_scanobjectnn_non_linear_classification - INFO - [Validation] EPOCH: 27  acc = 51.0000
2023-11-02 10:37:37,541 - fewshot_scanobjectnn_non_linear_classification - INFO - Save checkpoint at ./experiments/fewshot_scanobjectnn_non_linear_classification/cfgs/LR_0.001/ckpt-last.pth
2023-11-02 10:37:38,366 - fewshot_scanobjectnn_non_linear_classification - INFO - [Training] EPOCH: 28 EpochTime = 0.823 (s) Losses = ['0.8839', '75.0000'] lr = 0.000733
2023-11-02 10:37:39,233 - fewshot_scanobjectnn_non_linear_classification - INFO - [Validation] EPOCH: 28  acc = 51.0000
2023-11-02 10:37:40,062 - fewshot_scanobjectnn_non_linear_classification - INFO - Save checkpoint at ./experiments/fewshot_scanobjectnn_non_linear_classification/cfgs/LR_0.001/ckpt-last.pth
2023-11-02 10:37:41,039 - fewshot_scanobjectnn_non_linear_classification - INFO - [Training] EPOCH: 29 EpochTime = 0.975 (s) Losses = ['0.9922', '75.0000'] lr = 0.000729
2023-11-02 10:37:41,958 - fewshot_scanobjectnn_non_linear_classification - INFO - [Validation] EPOCH: 29  acc = 50.0000
2023-11-02 10:37:43,589 - fewshot_scanobjectnn_non_linear_classification - INFO - Save checkpoint at ./experiments/fewshot_scanobjectnn_non_linear_classification/cfgs/LR_0.001/ckpt-last.pth
2023-11-02 10:37:44,685 - fewshot_scanobjectnn_non_linear_classification - INFO - [Training] EPOCH: 30 EpochTime = 1.095 (s) Losses = ['0.9311', '68.7500'] lr = 0.000724
2023-11-02 10:37:45,908 - fewshot_scanobjectnn_non_linear_classification - INFO - [Validation] EPOCH: 30  acc = 50.0000
2023-11-02 10:37:47,019 - fewshot_scanobjectnn_non_linear_classification - INFO - Save checkpoint at ./experiments/fewshot_scanobjectnn_non_linear_classification/cfgs/LR_0.001/ckpt-last.pth
2023-11-02 10:37:47,792 - fewshot_scanobjectnn_non_linear_classification - INFO - [Training] EPOCH: 31 EpochTime = 0.772 (s) Losses = ['0.9472', '81.2500'] lr = 0.000719
2023-11-02 10:37:48,939 - fewshot_scanobjectnn_non_linear_classification - INFO - [Validation] EPOCH: 31  acc = 49.0000
2023-11-02 10:37:49,477 - fewshot_scanobjectnn_non_linear_classification - INFO - Save checkpoint at ./experiments/fewshot_scanobjectnn_non_linear_classification/cfgs/LR_0.001/ckpt-last.pth
2023-11-02 10:37:50,351 - fewshot_scanobjectnn_non_linear_classification - INFO - [Training] EPOCH: 32 EpochTime = 0.814 (s) Losses = ['0.8498', '84.3750'] lr = 0.000714
2023-11-02 10:37:51,245 - fewshot_scanobjectnn_non_linear_classification - INFO - [Validation] EPOCH: 32  acc = 50.0000
2023-11-02 10:37:52,293 - fewshot_scanobjectnn_non_linear_classification - INFO - Save checkpoint at ./experiments/fewshot_scanobjectnn_non_linear_classification/cfgs/LR_0.001/ckpt-last.pth
2023-11-02 10:37:53,282 - fewshot_scanobjectnn_non_linear_classification - INFO - [Training] EPOCH: 33 EpochTime = 0.985 (s) Losses = ['1.0830', '62.5000'] lr = 0.000708
2023-11-02 10:37:54,358 - fewshot_scanobjectnn_non_linear_classification - INFO - [Validation] EPOCH: 33  acc = 51.0000
2023-11-02 10:37:55,349 - fewshot_scanobjectnn_non_linear_classification - INFO - Save checkpoint at ./experiments/fewshot_scanobjectnn_non_linear_classification/cfgs/LR_0.001/ckpt-last.pth
2023-11-02 10:37:56,113 - fewshot_scanobjectnn_non_linear_classification - INFO - [Training] EPOCH: 34 EpochTime = 0.762 (s) Losses = ['0.9024', '68.7500'] lr = 0.000703
2023-11-02 10:37:57,375 - fewshot_scanobjectnn_non_linear_classification - INFO - [Validation] EPOCH: 34  acc = 53.0000
2023-11-02 10:37:57,891 - fewshot_scanobjectnn_non_linear_classification - INFO - Save checkpoint at ./experiments/fewshot_scanobjectnn_non_linear_classification/cfgs/LR_0.001/ckpt-best.pth
2023-11-02 10:37:57,892 - fewshot_scanobjectnn_non_linear_classification - INFO - --------------------------------------------------------------------------------------------
2023-11-02 10:37:58,423 - fewshot_scanobjectnn_non_linear_classification - INFO - Save checkpoint at ./experiments/fewshot_scanobjectnn_non_linear_classification/cfgs/LR_0.001/ckpt-last.pth
2023-11-02 10:37:59,206 - fewshot_scanobjectnn_non_linear_classification - INFO - [Training] EPOCH: 35 EpochTime = 0.782 (s) Losses = ['0.8733', '71.8750'] lr = 0.000697
2023-11-02 10:38:00,047 - fewshot_scanobjectnn_non_linear_classification - INFO - [Validation] EPOCH: 35  acc = 54.0000
2023-11-02 10:38:01,411 - fewshot_scanobjectnn_non_linear_classification - INFO - Save checkpoint at ./experiments/fewshot_scanobjectnn_non_linear_classification/cfgs/LR_0.001/ckpt-best.pth
2023-11-02 10:38:01,411 - fewshot_scanobjectnn_non_linear_classification - INFO - --------------------------------------------------------------------------------------------
2023-11-02 10:38:02,061 - fewshot_scanobjectnn_non_linear_classification - INFO - Save checkpoint at ./experiments/fewshot_scanobjectnn_non_linear_classification/cfgs/LR_0.001/ckpt-last.pth
2023-11-02 10:38:03,072 - fewshot_scanobjectnn_non_linear_classification - INFO - [Training] EPOCH: 36 EpochTime = 1.008 (s) Losses = ['0.7971', '81.2500'] lr = 0.000692
2023-11-02 10:38:04,132 - fewshot_scanobjectnn_non_linear_classification - INFO - [Validation] EPOCH: 36  acc = 56.0000
2023-11-02 10:38:04,806 - fewshot_scanobjectnn_non_linear_classification - INFO - Save checkpoint at ./experiments/fewshot_scanobjectnn_non_linear_classification/cfgs/LR_0.001/ckpt-best.pth
2023-11-02 10:38:04,806 - fewshot_scanobjectnn_non_linear_classification - INFO - --------------------------------------------------------------------------------------------
2023-11-02 10:38:06,102 - fewshot_scanobjectnn_non_linear_classification - INFO - Save checkpoint at ./experiments/fewshot_scanobjectnn_non_linear_classification/cfgs/LR_0.001/ckpt-last.pth
2023-11-02 10:38:07,182 - fewshot_scanobjectnn_non_linear_classification - INFO - [Training] EPOCH: 37 EpochTime = 1.079 (s) Losses = ['0.6122', '84.3750'] lr = 0.000686
2023-11-02 10:38:08,077 - fewshot_scanobjectnn_non_linear_classification - INFO - [Validation] EPOCH: 37  acc = 58.0000
2023-11-02 10:38:08,849 - fewshot_scanobjectnn_non_linear_classification - INFO - Save checkpoint at ./experiments/fewshot_scanobjectnn_non_linear_classification/cfgs/LR_0.001/ckpt-best.pth
2023-11-02 10:38:08,849 - fewshot_scanobjectnn_non_linear_classification - INFO - --------------------------------------------------------------------------------------------
2023-11-02 10:38:10,182 - fewshot_scanobjectnn_non_linear_classification - INFO - Save checkpoint at ./experiments/fewshot_scanobjectnn_non_linear_classification/cfgs/LR_0.001/ckpt-last.pth
2023-11-02 10:38:10,970 - fewshot_scanobjectnn_non_linear_classification - INFO - [Training] EPOCH: 38 EpochTime = 0.786 (s) Losses = ['0.7106', '84.3750'] lr = 0.000680
2023-11-02 10:38:11,851 - fewshot_scanobjectnn_non_linear_classification - INFO - [Validation] EPOCH: 38  acc = 60.0000
2023-11-02 10:38:12,665 - fewshot_scanobjectnn_non_linear_classification - INFO - Save checkpoint at ./experiments/fewshot_scanobjectnn_non_linear_classification/cfgs/LR_0.001/ckpt-best.pth
2023-11-02 10:38:12,666 - fewshot_scanobjectnn_non_linear_classification - INFO - --------------------------------------------------------------------------------------------
2023-11-02 10:38:13,181 - fewshot_scanobjectnn_non_linear_classification - INFO - Save checkpoint at ./experiments/fewshot_scanobjectnn_non_linear_classification/cfgs/LR_0.001/ckpt-last.pth
2023-11-02 10:38:14,170 - fewshot_scanobjectnn_non_linear_classification - INFO - [Training] EPOCH: 39 EpochTime = 0.988 (s) Losses = ['0.8395', '68.7500'] lr = 0.000674
2023-11-02 10:38:15,052 - fewshot_scanobjectnn_non_linear_classification - INFO - [Validation] EPOCH: 39  acc = 59.0000
2023-11-02 10:38:15,689 - fewshot_scanobjectnn_non_linear_classification - INFO - Save checkpoint at ./experiments/fewshot_scanobjectnn_non_linear_classification/cfgs/LR_0.001/ckpt-last.pth
2023-11-02 10:38:16,674 - fewshot_scanobjectnn_non_linear_classification - INFO - [Training] EPOCH: 40 EpochTime = 0.984 (s) Losses = ['0.7179', '87.5000'] lr = 0.000668
2023-11-02 10:38:17,714 - fewshot_scanobjectnn_non_linear_classification - INFO - [Validation] EPOCH: 40  acc = 56.0000
2023-11-02 10:38:18,234 - fewshot_scanobjectnn_non_linear_classification - INFO - Save checkpoint at ./experiments/fewshot_scanobjectnn_non_linear_classification/cfgs/LR_0.001/ckpt-last.pth
2023-11-02 10:38:19,022 - fewshot_scanobjectnn_non_linear_classification - INFO - [Training] EPOCH: 41 EpochTime = 0.786 (s) Losses = ['0.7554', '81.2500'] lr = 0.000662
2023-11-02 10:38:19,916 - fewshot_scanobjectnn_non_linear_classification - INFO - [Validation] EPOCH: 41  acc = 55.0000
2023-11-02 10:38:20,409 - fewshot_scanobjectnn_non_linear_classification - INFO - Save checkpoint at ./experiments/fewshot_scanobjectnn_non_linear_classification/cfgs/LR_0.001/ckpt-last.pth
2023-11-02 10:38:21,540 - fewshot_scanobjectnn_non_linear_classification - INFO - [Training] EPOCH: 42 EpochTime = 1.130 (s) Losses = ['0.7103', '78.1250'] lr = 0.000655
2023-11-02 10:38:22,672 - fewshot_scanobjectnn_non_linear_classification - INFO - [Validation] EPOCH: 42  acc = 55.0000
2023-11-02 10:38:23,484 - fewshot_scanobjectnn_non_linear_classification - INFO - Save checkpoint at ./experiments/fewshot_scanobjectnn_non_linear_classification/cfgs/LR_0.001/ckpt-last.pth
2023-11-02 10:38:24,406 - fewshot_scanobjectnn_non_linear_classification - INFO - [Training] EPOCH: 43 EpochTime = 0.919 (s) Losses = ['0.6183', '84.3750'] lr = 0.000649
2023-11-02 10:38:25,295 - fewshot_scanobjectnn_non_linear_classification - INFO - [Validation] EPOCH: 43  acc = 55.0000
2023-11-02 10:38:26,067 - fewshot_scanobjectnn_non_linear_classification - INFO - Save checkpoint at ./experiments/fewshot_scanobjectnn_non_linear_classification/cfgs/LR_0.001/ckpt-last.pth
2023-11-02 10:38:26,879 - fewshot_scanobjectnn_non_linear_classification - INFO - [Training] EPOCH: 44 EpochTime = 0.811 (s) Losses = ['0.7564', '75.0000'] lr = 0.000642
2023-11-02 10:38:27,973 - fewshot_scanobjectnn_non_linear_classification - INFO - [Validation] EPOCH: 44  acc = 55.0000
2023-11-02 10:38:28,492 - fewshot_scanobjectnn_non_linear_classification - INFO - Save checkpoint at ./experiments/fewshot_scanobjectnn_non_linear_classification/cfgs/LR_0.001/ckpt-last.pth
2023-11-02 10:38:29,374 - fewshot_scanobjectnn_non_linear_classification - INFO - [Training] EPOCH: 45 EpochTime = 0.880 (s) Losses = ['0.6775', '84.3750'] lr = 0.000635
2023-11-02 10:38:30,558 - fewshot_scanobjectnn_non_linear_classification - INFO - [Validation] EPOCH: 45  acc = 55.0000
2023-11-02 10:38:31,271 - fewshot_scanobjectnn_non_linear_classification - INFO - Save checkpoint at ./experiments/fewshot_scanobjectnn_non_linear_classification/cfgs/LR_0.001/ckpt-last.pth
2023-11-02 10:38:32,427 - fewshot_scanobjectnn_non_linear_classification - INFO - [Training] EPOCH: 46 EpochTime = 1.154 (s) Losses = ['0.6168', '96.8750'] lr = 0.000629
2023-11-02 10:38:33,418 - fewshot_scanobjectnn_non_linear_classification - INFO - [Validation] EPOCH: 46  acc = 55.0000
2023-11-02 10:38:34,666 - fewshot_scanobjectnn_non_linear_classification - INFO - Save checkpoint at ./experiments/fewshot_scanobjectnn_non_linear_classification/cfgs/LR_0.001/ckpt-last.pth
2023-11-02 10:38:35,484 - fewshot_scanobjectnn_non_linear_classification - INFO - [Training] EPOCH: 47 EpochTime = 0.817 (s) Losses = ['0.7313', '84.3750'] lr = 0.000622
2023-11-02 10:38:36,548 - fewshot_scanobjectnn_non_linear_classification - INFO - [Validation] EPOCH: 47  acc = 55.0000
2023-11-02 10:38:37,106 - fewshot_scanobjectnn_non_linear_classification - INFO - Save checkpoint at ./experiments/fewshot_scanobjectnn_non_linear_classification/cfgs/LR_0.001/ckpt-last.pth
2023-11-02 10:38:37,982 - fewshot_scanobjectnn_non_linear_classification - INFO - [Training] EPOCH: 48 EpochTime = 0.874 (s) Losses = ['0.5081', '96.8750'] lr = 0.000615
2023-11-02 10:38:38,863 - fewshot_scanobjectnn_non_linear_classification - INFO - [Validation] EPOCH: 48  acc = 54.0000
2023-11-02 10:38:39,953 - fewshot_scanobjectnn_non_linear_classification - INFO - Save checkpoint at ./experiments/fewshot_scanobjectnn_non_linear_classification/cfgs/LR_0.001/ckpt-last.pth
2023-11-02 10:38:41,123 - fewshot_scanobjectnn_non_linear_classification - INFO - [Training] EPOCH: 49 EpochTime = 1.168 (s) Losses = ['0.6289', '78.1250'] lr = 0.000607
2023-11-02 10:38:42,530 - fewshot_scanobjectnn_non_linear_classification - INFO - [Validation] EPOCH: 49  acc = 54.0000
2023-11-02 10:38:43,330 - fewshot_scanobjectnn_non_linear_classification - INFO - Save checkpoint at ./experiments/fewshot_scanobjectnn_non_linear_classification/cfgs/LR_0.001/ckpt-last.pth
2023-11-02 10:38:44,160 - fewshot_scanobjectnn_non_linear_classification - INFO - [Training] EPOCH: 50 EpochTime = 0.828 (s) Losses = ['0.5167', '93.7500'] lr = 0.000600
2023-11-02 10:38:45,156 - fewshot_scanobjectnn_non_linear_classification - INFO - [Validation] EPOCH: 50  acc = 55.0000
2023-11-02 10:38:45,973 - fewshot_scanobjectnn_non_linear_classification - INFO - Save checkpoint at ./experiments/fewshot_scanobjectnn_non_linear_classification/cfgs/LR_0.001/ckpt-last.pth
2023-11-02 10:38:46,981 - fewshot_scanobjectnn_non_linear_classification - INFO - [Training] EPOCH: 51 EpochTime = 1.006 (s) Losses = ['0.4791', '90.6250'] lr = 0.000593
2023-11-02 10:38:48,185 - fewshot_scanobjectnn_non_linear_classification - INFO - [Validation] EPOCH: 51  acc = 54.0000
2023-11-02 10:38:48,876 - fewshot_scanobjectnn_non_linear_classification - INFO - Save checkpoint at ./experiments/fewshot_scanobjectnn_non_linear_classification/cfgs/LR_0.001/ckpt-last.pth
2023-11-02 10:38:49,735 - fewshot_scanobjectnn_non_linear_classification - INFO - [Training] EPOCH: 52 EpochTime = 0.858 (s) Losses = ['0.4483', '90.6250'] lr = 0.000586
2023-11-02 10:38:50,696 - fewshot_scanobjectnn_non_linear_classification - INFO - [Validation] EPOCH: 52  acc = 56.0000
2023-11-02 10:38:51,585 - fewshot_scanobjectnn_non_linear_classification - INFO - Save checkpoint at ./experiments/fewshot_scanobjectnn_non_linear_classification/cfgs/LR_0.001/ckpt-last.pth
2023-11-02 10:38:52,342 - fewshot_scanobjectnn_non_linear_classification - INFO - [Training] EPOCH: 53 EpochTime = 0.756 (s) Losses = ['0.5663', '84.3750'] lr = 0.000578
2023-11-02 10:38:53,246 - fewshot_scanobjectnn_non_linear_classification - INFO - [Validation] EPOCH: 53  acc = 57.0000
2023-11-02 10:38:53,801 - fewshot_scanobjectnn_non_linear_classification - INFO - Save checkpoint at ./experiments/fewshot_scanobjectnn_non_linear_classification/cfgs/LR_0.001/ckpt-last.pth
2023-11-02 10:38:54,651 - fewshot_scanobjectnn_non_linear_classification - INFO - [Training] EPOCH: 54 EpochTime = 0.848 (s) Losses = ['0.4081', '100.0000'] lr = 0.000571
2023-11-02 10:38:55,553 - fewshot_scanobjectnn_non_linear_classification - INFO - [Validation] EPOCH: 54  acc = 55.0000
2023-11-02 10:38:56,510 - fewshot_scanobjectnn_non_linear_classification - INFO - Save checkpoint at ./experiments/fewshot_scanobjectnn_non_linear_classification/cfgs/LR_0.001/ckpt-last.pth
2023-11-02 10:38:57,427 - fewshot_scanobjectnn_non_linear_classification - INFO - [Training] EPOCH: 55 EpochTime = 0.915 (s) Losses = ['0.4289', '93.7500'] lr = 0.000563
2023-11-02 10:38:58,352 - fewshot_scanobjectnn_non_linear_classification - INFO - [Validation] EPOCH: 55  acc = 51.0000
2023-11-02 10:38:59,604 - fewshot_scanobjectnn_non_linear_classification - INFO - Save checkpoint at ./experiments/fewshot_scanobjectnn_non_linear_classification/cfgs/LR_0.001/ckpt-last.pth
2023-11-02 10:39:00,503 - fewshot_scanobjectnn_non_linear_classification - INFO - [Training] EPOCH: 56 EpochTime = 0.895 (s) Losses = ['0.4553', '84.3750'] lr = 0.000555
2023-11-02 10:39:01,767 - fewshot_scanobjectnn_non_linear_classification - INFO - [Validation] EPOCH: 56  acc = 52.0000
2023-11-02 10:39:02,321 - fewshot_scanobjectnn_non_linear_classification - INFO - Save checkpoint at ./experiments/fewshot_scanobjectnn_non_linear_classification/cfgs/LR_0.001/ckpt-last.pth
2023-11-02 10:39:03,180 - fewshot_scanobjectnn_non_linear_classification - INFO - [Training] EPOCH: 57 EpochTime = 0.857 (s) Losses = ['0.3347', '96.8750'] lr = 0.000548
2023-11-02 10:39:04,061 - fewshot_scanobjectnn_non_linear_classification - INFO - [Validation] EPOCH: 57  acc = 52.0000
2023-11-02 10:39:04,788 - fewshot_scanobjectnn_non_linear_classification - INFO - Save checkpoint at ./experiments/fewshot_scanobjectnn_non_linear_classification/cfgs/LR_0.001/ckpt-last.pth
2023-11-02 10:39:06,203 - fewshot_scanobjectnn_non_linear_classification - INFO - [Training] EPOCH: 58 EpochTime = 1.413 (s) Losses = ['0.3947', '96.8750'] lr = 0.000540
2023-11-02 10:39:07,389 - fewshot_scanobjectnn_non_linear_classification - INFO - [Validation] EPOCH: 58  acc = 53.0000
2023-11-02 10:39:08,255 - fewshot_scanobjectnn_non_linear_classification - INFO - Save checkpoint at ./experiments/fewshot_scanobjectnn_non_linear_classification/cfgs/LR_0.001/ckpt-last.pth
2023-11-02 10:39:09,092 - fewshot_scanobjectnn_non_linear_classification - INFO - [Training] EPOCH: 59 EpochTime = 0.835 (s) Losses = ['0.4312', '93.7500'] lr = 0.000532
2023-11-02 10:39:10,123 - fewshot_scanobjectnn_non_linear_classification - INFO - [Validation] EPOCH: 59  acc = 53.0000
2023-11-02 10:39:10,793 - fewshot_scanobjectnn_non_linear_classification - INFO - Save checkpoint at ./experiments/fewshot_scanobjectnn_non_linear_classification/cfgs/LR_0.001/ckpt-last.pth
2023-11-02 10:39:11,574 - fewshot_scanobjectnn_non_linear_classification - INFO - [Training] EPOCH: 60 EpochTime = 0.779 (s) Losses = ['0.3262', '100.0000'] lr = 0.000524
2023-11-02 10:39:12,586 - fewshot_scanobjectnn_non_linear_classification - INFO - [Validation] EPOCH: 60  acc = 53.0000
2023-11-02 10:39:13,116 - fewshot_scanobjectnn_non_linear_classification - INFO - Save checkpoint at ./experiments/fewshot_scanobjectnn_non_linear_classification/cfgs/LR_0.001/ckpt-last.pth
2023-11-02 10:39:13,959 - fewshot_scanobjectnn_non_linear_classification - INFO - [Training] EPOCH: 61 EpochTime = 0.842 (s) Losses = ['0.4197', '93.7500'] lr = 0.000516
2023-11-02 10:39:14,948 - fewshot_scanobjectnn_non_linear_classification - INFO - [Validation] EPOCH: 61  acc = 52.0000
2023-11-02 10:39:15,884 - fewshot_scanobjectnn_non_linear_classification - INFO - Save checkpoint at ./experiments/fewshot_scanobjectnn_non_linear_classification/cfgs/LR_0.001/ckpt-last.pth
2023-11-02 10:39:17,106 - fewshot_scanobjectnn_non_linear_classification - INFO - [Training] EPOCH: 62 EpochTime = 1.219 (s) Losses = ['0.3549', '93.7500'] lr = 0.000508
2023-11-02 10:39:18,348 - fewshot_scanobjectnn_non_linear_classification - INFO - [Validation] EPOCH: 62  acc = 51.0000
2023-11-02 10:39:19,372 - fewshot_scanobjectnn_non_linear_classification - INFO - Save checkpoint at ./experiments/fewshot_scanobjectnn_non_linear_classification/cfgs/LR_0.001/ckpt-last.pth
2023-11-02 10:39:20,291 - fewshot_scanobjectnn_non_linear_classification - INFO - [Training] EPOCH: 63 EpochTime = 0.917 (s) Losses = ['0.4475', '93.7500'] lr = 0.000500
2023-11-02 10:39:21,259 - fewshot_scanobjectnn_non_linear_classification - INFO - [Validation] EPOCH: 63  acc = 51.0000
2023-11-02 10:39:22,211 - fewshot_scanobjectnn_non_linear_classification - INFO - Save checkpoint at ./experiments/fewshot_scanobjectnn_non_linear_classification/cfgs/LR_0.001/ckpt-last.pth
2023-11-02 10:39:23,004 - fewshot_scanobjectnn_non_linear_classification - INFO - [Training] EPOCH: 64 EpochTime = 0.792 (s) Losses = ['0.2930', '100.0000'] lr = 0.000492
2023-11-02 10:39:23,878 - fewshot_scanobjectnn_non_linear_classification - INFO - [Validation] EPOCH: 64  acc = 50.0000
2023-11-02 10:39:24,413 - fewshot_scanobjectnn_non_linear_classification - INFO - Save checkpoint at ./experiments/fewshot_scanobjectnn_non_linear_classification/cfgs/LR_0.001/ckpt-last.pth
2023-11-02 10:39:25,340 - fewshot_scanobjectnn_non_linear_classification - INFO - [Training] EPOCH: 65 EpochTime = 0.926 (s) Losses = ['0.2884', '100.0000'] lr = 0.000484
2023-11-02 10:39:26,293 - fewshot_scanobjectnn_non_linear_classification - INFO - [Validation] EPOCH: 65  acc = 51.0000
2023-11-02 10:39:27,358 - fewshot_scanobjectnn_non_linear_classification - INFO - Save checkpoint at ./experiments/fewshot_scanobjectnn_non_linear_classification/cfgs/LR_0.001/ckpt-last.pth
2023-11-02 10:39:28,147 - fewshot_scanobjectnn_non_linear_classification - INFO - [Training] EPOCH: 66 EpochTime = 0.787 (s) Losses = ['0.3458', '96.8750'] lr = 0.000475
2023-11-02 10:39:29,561 - fewshot_scanobjectnn_non_linear_classification - INFO - [Validation] EPOCH: 66  acc = 51.0000
2023-11-02 10:39:30,092 - fewshot_scanobjectnn_non_linear_classification - INFO - Save checkpoint at ./experiments/fewshot_scanobjectnn_non_linear_classification/cfgs/LR_0.001/ckpt-last.pth
2023-11-02 10:39:30,941 - fewshot_scanobjectnn_non_linear_classification - INFO - [Training] EPOCH: 67 EpochTime = 0.847 (s) Losses = ['0.3392', '96.8750'] lr = 0.000467
2023-11-02 10:39:31,782 - fewshot_scanobjectnn_non_linear_classification - INFO - [Validation] EPOCH: 67  acc = 51.0000
2023-11-02 10:39:32,543 - fewshot_scanobjectnn_non_linear_classification - INFO - Save checkpoint at ./experiments/fewshot_scanobjectnn_non_linear_classification/cfgs/LR_0.001/ckpt-last.pth
2023-11-02 10:39:33,707 - fewshot_scanobjectnn_non_linear_classification - INFO - [Training] EPOCH: 68 EpochTime = 1.161 (s) Losses = ['0.2472', '100.0000'] lr = 0.000459
2023-11-02 10:39:34,605 - fewshot_scanobjectnn_non_linear_classification - INFO - [Validation] EPOCH: 68  acc = 52.0000
2023-11-02 10:39:36,705 - fewshot_scanobjectnn_non_linear_classification - INFO - Save checkpoint at ./experiments/fewshot_scanobjectnn_non_linear_classification/cfgs/LR_0.001/ckpt-last.pth
2023-11-02 10:39:37,528 - fewshot_scanobjectnn_non_linear_classification - INFO - [Training] EPOCH: 69 EpochTime = 0.822 (s) Losses = ['0.3380', '96.8750'] lr = 0.000451
2023-11-02 10:39:38,458 - fewshot_scanobjectnn_non_linear_classification - INFO - [Validation] EPOCH: 69  acc = 50.0000
2023-11-02 10:39:38,937 - fewshot_scanobjectnn_non_linear_classification - INFO - Save checkpoint at ./experiments/fewshot_scanobjectnn_non_linear_classification/cfgs/LR_0.001/ckpt-last.pth
2023-11-02 10:39:39,773 - fewshot_scanobjectnn_non_linear_classification - INFO - [Training] EPOCH: 70 EpochTime = 0.834 (s) Losses = ['0.2763', '96.8750'] lr = 0.000442
2023-11-02 10:39:40,827 - fewshot_scanobjectnn_non_linear_classification - INFO - [Validation] EPOCH: 70  acc = 49.0000
2023-11-02 10:39:41,364 - fewshot_scanobjectnn_non_linear_classification - INFO - Save checkpoint at ./experiments/fewshot_scanobjectnn_non_linear_classification/cfgs/LR_0.001/ckpt-last.pth
2023-11-02 10:39:42,195 - fewshot_scanobjectnn_non_linear_classification - INFO - [Training] EPOCH: 71 EpochTime = 0.830 (s) Losses = ['0.2635', '96.8750'] lr = 0.000434
2023-11-02 10:39:43,231 - fewshot_scanobjectnn_non_linear_classification - INFO - [Validation] EPOCH: 71  acc = 53.0000
2023-11-02 10:39:43,867 - fewshot_scanobjectnn_non_linear_classification - INFO - Save checkpoint at ./experiments/fewshot_scanobjectnn_non_linear_classification/cfgs/LR_0.001/ckpt-last.pth
2023-11-02 10:39:44,738 - fewshot_scanobjectnn_non_linear_classification - INFO - [Training] EPOCH: 72 EpochTime = 0.869 (s) Losses = ['0.3114', '96.8750'] lr = 0.000426
2023-11-02 10:39:45,632 - fewshot_scanobjectnn_non_linear_classification - INFO - [Validation] EPOCH: 72  acc = 54.0000
2023-11-02 10:39:46,679 - fewshot_scanobjectnn_non_linear_classification - INFO - Save checkpoint at ./experiments/fewshot_scanobjectnn_non_linear_classification/cfgs/LR_0.001/ckpt-last.pth
2023-11-02 10:39:47,550 - fewshot_scanobjectnn_non_linear_classification - INFO - [Training] EPOCH: 73 EpochTime = 0.868 (s) Losses = ['0.2413', '100.0000'] lr = 0.000417
2023-11-02 10:39:48,492 - fewshot_scanobjectnn_non_linear_classification - INFO - [Validation] EPOCH: 73  acc = 55.0000
2023-11-02 10:39:49,461 - fewshot_scanobjectnn_non_linear_classification - INFO - Save checkpoint at ./experiments/fewshot_scanobjectnn_non_linear_classification/cfgs/LR_0.001/ckpt-last.pth
2023-11-02 10:39:50,507 - fewshot_scanobjectnn_non_linear_classification - INFO - [Training] EPOCH: 74 EpochTime = 1.044 (s) Losses = ['0.3276', '93.7500'] lr = 0.000409
2023-11-02 10:39:51,413 - fewshot_scanobjectnn_non_linear_classification - INFO - [Validation] EPOCH: 74  acc = 53.0000
2023-11-02 10:39:52,261 - fewshot_scanobjectnn_non_linear_classification - INFO - Save checkpoint at ./experiments/fewshot_scanobjectnn_non_linear_classification/cfgs/LR_0.001/ckpt-last.pth
2023-11-02 10:39:53,159 - fewshot_scanobjectnn_non_linear_classification - INFO - [Training] EPOCH: 75 EpochTime = 0.897 (s) Losses = ['0.3112', '96.8750'] lr = 0.000401
2023-11-02 10:39:54,158 - fewshot_scanobjectnn_non_linear_classification - INFO - [Validation] EPOCH: 75  acc = 55.0000
2023-11-02 10:39:54,720 - fewshot_scanobjectnn_non_linear_classification - INFO - Save checkpoint at ./experiments/fewshot_scanobjectnn_non_linear_classification/cfgs/LR_0.001/ckpt-last.pth
2023-11-02 10:39:55,730 - fewshot_scanobjectnn_non_linear_classification - INFO - [Training] EPOCH: 76 EpochTime = 1.009 (s) Losses = ['0.2661', '100.0000'] lr = 0.000392
2023-11-02 10:39:56,606 - fewshot_scanobjectnn_non_linear_classification - INFO - [Validation] EPOCH: 76  acc = 57.0000
2023-11-02 10:39:57,295 - fewshot_scanobjectnn_non_linear_classification - INFO - Save checkpoint at ./experiments/fewshot_scanobjectnn_non_linear_classification/cfgs/LR_0.001/ckpt-last.pth
2023-11-02 10:39:58,299 - fewshot_scanobjectnn_non_linear_classification - INFO - [Training] EPOCH: 77 EpochTime = 1.002 (s) Losses = ['0.3182', '96.8750'] lr = 0.000384
2023-11-02 10:39:59,207 - fewshot_scanobjectnn_non_linear_classification - INFO - [Validation] EPOCH: 77  acc = 57.0000
2023-11-02 10:40:00,643 - fewshot_scanobjectnn_non_linear_classification - INFO - Save checkpoint at ./experiments/fewshot_scanobjectnn_non_linear_classification/cfgs/LR_0.001/ckpt-last.pth
2023-11-02 10:40:01,472 - fewshot_scanobjectnn_non_linear_classification - INFO - [Training] EPOCH: 78 EpochTime = 0.827 (s) Losses = ['0.2886', '93.7500'] lr = 0.000375
2023-11-02 10:40:02,446 - fewshot_scanobjectnn_non_linear_classification - INFO - [Validation] EPOCH: 78  acc = 59.0000
2023-11-02 10:40:02,999 - fewshot_scanobjectnn_non_linear_classification - INFO - Save checkpoint at ./experiments/fewshot_scanobjectnn_non_linear_classification/cfgs/LR_0.001/ckpt-last.pth
2023-11-02 10:40:04,086 - fewshot_scanobjectnn_non_linear_classification - INFO - [Training] EPOCH: 79 EpochTime = 1.085 (s) Losses = ['0.3007', '93.7500'] lr = 0.000367
2023-11-02 10:40:04,926 - fewshot_scanobjectnn_non_linear_classification - INFO - [Validation] EPOCH: 79  acc = 57.0000
2023-11-02 10:40:05,607 - fewshot_scanobjectnn_non_linear_classification - INFO - Save checkpoint at ./experiments/fewshot_scanobjectnn_non_linear_classification/cfgs/LR_0.001/ckpt-last.pth
2023-11-02 10:40:06,782 - fewshot_scanobjectnn_non_linear_classification - INFO - [Training] EPOCH: 80 EpochTime = 1.172 (s) Losses = ['0.2152', '96.8750'] lr = 0.000359
2023-11-02 10:40:07,649 - fewshot_scanobjectnn_non_linear_classification - INFO - [Validation] EPOCH: 80  acc = 56.0000
2023-11-02 10:40:08,364 - fewshot_scanobjectnn_non_linear_classification - INFO - Save checkpoint at ./experiments/fewshot_scanobjectnn_non_linear_classification/cfgs/LR_0.001/ckpt-last.pth
2023-11-02 10:40:09,303 - fewshot_scanobjectnn_non_linear_classification - INFO - [Training] EPOCH: 81 EpochTime = 0.937 (s) Losses = ['0.1820', '100.0000'] lr = 0.000350
2023-11-02 10:40:10,178 - fewshot_scanobjectnn_non_linear_classification - INFO - [Validation] EPOCH: 81  acc = 56.0000
2023-11-02 10:40:10,744 - fewshot_scanobjectnn_non_linear_classification - INFO - Save checkpoint at ./experiments/fewshot_scanobjectnn_non_linear_classification/cfgs/LR_0.001/ckpt-last.pth
2023-11-02 10:40:11,983 - fewshot_scanobjectnn_non_linear_classification - INFO - [Training] EPOCH: 82 EpochTime = 1.237 (s) Losses = ['0.2524', '96.8750'] lr = 0.000342
2023-11-02 10:40:12,908 - fewshot_scanobjectnn_non_linear_classification - INFO - [Validation] EPOCH: 82  acc = 56.0000
2023-11-02 10:40:13,840 - fewshot_scanobjectnn_non_linear_classification - INFO - Save checkpoint at ./experiments/fewshot_scanobjectnn_non_linear_classification/cfgs/LR_0.001/ckpt-last.pth
2023-11-02 10:40:14,922 - fewshot_scanobjectnn_non_linear_classification - INFO - [Training] EPOCH: 83 EpochTime = 1.080 (s) Losses = ['0.2292', '100.0000'] lr = 0.000334
2023-11-02 10:40:15,803 - fewshot_scanobjectnn_non_linear_classification - INFO - [Validation] EPOCH: 83  acc = 58.0000
2023-11-02 10:40:16,322 - fewshot_scanobjectnn_non_linear_classification - INFO - Save checkpoint at ./experiments/fewshot_scanobjectnn_non_linear_classification/cfgs/LR_0.001/ckpt-last.pth
2023-11-02 10:40:17,158 - fewshot_scanobjectnn_non_linear_classification - INFO - [Training] EPOCH: 84 EpochTime = 0.834 (s) Losses = ['0.1843', '100.0000'] lr = 0.000326
2023-11-02 10:40:18,019 - fewshot_scanobjectnn_non_linear_classification - INFO - [Validation] EPOCH: 84  acc = 56.0000
2023-11-02 10:40:18,933 - fewshot_scanobjectnn_non_linear_classification - INFO - Save checkpoint at ./experiments/fewshot_scanobjectnn_non_linear_classification/cfgs/LR_0.001/ckpt-last.pth
2023-11-02 10:40:19,936 - fewshot_scanobjectnn_non_linear_classification - INFO - [Training] EPOCH: 85 EpochTime = 1.001 (s) Losses = ['0.1723', '100.0000'] lr = 0.000317
2023-11-02 10:40:20,842 - fewshot_scanobjectnn_non_linear_classification - INFO - [Validation] EPOCH: 85  acc = 54.0000
2023-11-02 10:40:21,970 - fewshot_scanobjectnn_non_linear_classification - INFO - Save checkpoint at ./experiments/fewshot_scanobjectnn_non_linear_classification/cfgs/LR_0.001/ckpt-last.pth
2023-11-02 10:40:22,770 - fewshot_scanobjectnn_non_linear_classification - INFO - [Training] EPOCH: 86 EpochTime = 0.798 (s) Losses = ['0.2772', '100.0000'] lr = 0.000309
2023-11-02 10:40:23,927 - fewshot_scanobjectnn_non_linear_classification - INFO - [Validation] EPOCH: 86  acc = 53.0000
2023-11-02 10:40:25,223 - fewshot_scanobjectnn_non_linear_classification - INFO - Save checkpoint at ./experiments/fewshot_scanobjectnn_non_linear_classification/cfgs/LR_0.001/ckpt-last.pth
2023-11-02 10:40:26,015 - fewshot_scanobjectnn_non_linear_classification - INFO - [Training] EPOCH: 87 EpochTime = 0.791 (s) Losses = ['0.2518', '100.0000'] lr = 0.000301
2023-11-02 10:40:27,100 - fewshot_scanobjectnn_non_linear_classification - INFO - [Validation] EPOCH: 87  acc = 53.0000
2023-11-02 10:40:27,600 - fewshot_scanobjectnn_non_linear_classification - INFO - Save checkpoint at ./experiments/fewshot_scanobjectnn_non_linear_classification/cfgs/LR_0.001/ckpt-last.pth
2023-11-02 10:40:28,467 - fewshot_scanobjectnn_non_linear_classification - INFO - [Training] EPOCH: 88 EpochTime = 0.865 (s) Losses = ['0.2510', '100.0000'] lr = 0.000293
2023-11-02 10:40:29,679 - fewshot_scanobjectnn_non_linear_classification - INFO - [Validation] EPOCH: 88  acc = 53.0000
2023-11-02 10:40:30,464 - fewshot_scanobjectnn_non_linear_classification - INFO - Save checkpoint at ./experiments/fewshot_scanobjectnn_non_linear_classification/cfgs/LR_0.001/ckpt-last.pth
2023-11-02 10:40:31,600 - fewshot_scanobjectnn_non_linear_classification - INFO - [Training] EPOCH: 89 EpochTime = 1.135 (s) Losses = ['0.2561', '96.8750'] lr = 0.000285
2023-11-02 10:40:32,504 - fewshot_scanobjectnn_non_linear_classification - INFO - [Validation] EPOCH: 89  acc = 53.0000
2023-11-02 10:40:33,171 - fewshot_scanobjectnn_non_linear_classification - INFO - Save checkpoint at ./experiments/fewshot_scanobjectnn_non_linear_classification/cfgs/LR_0.001/ckpt-last.pth
2023-11-02 10:40:33,957 - fewshot_scanobjectnn_non_linear_classification - INFO - [Training] EPOCH: 90 EpochTime = 0.784 (s) Losses = ['0.1899', '100.0000'] lr = 0.000277
2023-11-02 10:40:34,957 - fewshot_scanobjectnn_non_linear_classification - INFO - [Validation] EPOCH: 90  acc = 53.0000
2023-11-02 10:40:35,486 - fewshot_scanobjectnn_non_linear_classification - INFO - Save checkpoint at ./experiments/fewshot_scanobjectnn_non_linear_classification/cfgs/LR_0.001/ckpt-last.pth
2023-11-02 10:40:36,331 - fewshot_scanobjectnn_non_linear_classification - INFO - [Training] EPOCH: 91 EpochTime = 0.843 (s) Losses = ['0.1905', '96.8750'] lr = 0.000269
2023-11-02 10:40:37,233 - fewshot_scanobjectnn_non_linear_classification - INFO - [Validation] EPOCH: 91  acc = 52.0000
2023-11-02 10:40:38,619 - fewshot_scanobjectnn_non_linear_classification - INFO - Save checkpoint at ./experiments/fewshot_scanobjectnn_non_linear_classification/cfgs/LR_0.001/ckpt-last.pth
2023-11-02 10:40:39,474 - fewshot_scanobjectnn_non_linear_classification - INFO - [Training] EPOCH: 92 EpochTime = 0.852 (s) Losses = ['0.2059', '100.0000'] lr = 0.000261
2023-11-02 10:40:40,362 - fewshot_scanobjectnn_non_linear_classification - INFO - [Validation] EPOCH: 92  acc = 52.0000
2023-11-02 10:40:40,972 - fewshot_scanobjectnn_non_linear_classification - INFO - Save checkpoint at ./experiments/fewshot_scanobjectnn_non_linear_classification/cfgs/LR_0.001/ckpt-last.pth
2023-11-02 10:40:41,803 - fewshot_scanobjectnn_non_linear_classification - INFO - [Training] EPOCH: 93 EpochTime = 0.830 (s) Losses = ['0.2344', '96.8750'] lr = 0.000253
2023-11-02 10:40:42,738 - fewshot_scanobjectnn_non_linear_classification - INFO - [Validation] EPOCH: 93  acc = 52.0000
2023-11-02 10:40:43,495 - fewshot_scanobjectnn_non_linear_classification - INFO - Save checkpoint at ./experiments/fewshot_scanobjectnn_non_linear_classification/cfgs/LR_0.001/ckpt-last.pth
2023-11-02 10:40:44,297 - fewshot_scanobjectnn_non_linear_classification - INFO - [Training] EPOCH: 94 EpochTime = 0.799 (s) Losses = ['0.1849', '100.0000'] lr = 0.000246
2023-11-02 10:40:45,195 - fewshot_scanobjectnn_non_linear_classification - INFO - [Validation] EPOCH: 94  acc = 51.0000
2023-11-02 10:40:45,725 - fewshot_scanobjectnn_non_linear_classification - INFO - Save checkpoint at ./experiments/fewshot_scanobjectnn_non_linear_classification/cfgs/LR_0.001/ckpt-last.pth
2023-11-02 10:40:46,945 - fewshot_scanobjectnn_non_linear_classification - INFO - [Training] EPOCH: 95 EpochTime = 1.218 (s) Losses = ['0.1864', '100.0000'] lr = 0.000238
2023-11-02 10:40:47,828 - fewshot_scanobjectnn_non_linear_classification - INFO - [Validation] EPOCH: 95  acc = 53.0000
2023-11-02 10:40:48,825 - fewshot_scanobjectnn_non_linear_classification - INFO - Save checkpoint at ./experiments/fewshot_scanobjectnn_non_linear_classification/cfgs/LR_0.001/ckpt-last.pth
2023-11-02 10:40:50,063 - fewshot_scanobjectnn_non_linear_classification - INFO - [Training] EPOCH: 96 EpochTime = 1.236 (s) Losses = ['0.2413', '93.7500'] lr = 0.000230
2023-11-02 10:40:51,258 - fewshot_scanobjectnn_non_linear_classification - INFO - [Validation] EPOCH: 96  acc = 54.0000
2023-11-02 10:40:51,769 - fewshot_scanobjectnn_non_linear_classification - INFO - Save checkpoint at ./experiments/fewshot_scanobjectnn_non_linear_classification/cfgs/LR_0.001/ckpt-last.pth
2023-11-02 10:40:52,753 - fewshot_scanobjectnn_non_linear_classification - INFO - [Training] EPOCH: 97 EpochTime = 0.982 (s) Losses = ['0.2207', '96.8750'] lr = 0.000223
2023-11-02 10:40:53,646 - fewshot_scanobjectnn_non_linear_classification - INFO - [Validation] EPOCH: 97  acc = 55.0000
2023-11-02 10:40:54,158 - fewshot_scanobjectnn_non_linear_classification - INFO - Save checkpoint at ./experiments/fewshot_scanobjectnn_non_linear_classification/cfgs/LR_0.001/ckpt-last.pth
2023-11-02 10:40:55,187 - fewshot_scanobjectnn_non_linear_classification - INFO - [Training] EPOCH: 98 EpochTime = 1.027 (s) Losses = ['0.1643', '100.0000'] lr = 0.000215
2023-11-02 10:40:56,092 - fewshot_scanobjectnn_non_linear_classification - INFO - [Validation] EPOCH: 98  acc = 55.0000
2023-11-02 10:40:57,191 - fewshot_scanobjectnn_non_linear_classification - INFO - Save checkpoint at ./experiments/fewshot_scanobjectnn_non_linear_classification/cfgs/LR_0.001/ckpt-last.pth
2023-11-02 10:40:58,325 - fewshot_scanobjectnn_non_linear_classification - INFO - [Training] EPOCH: 99 EpochTime = 1.132 (s) Losses = ['0.2554', '96.8750'] lr = 0.000208
2023-11-02 10:40:59,223 - fewshot_scanobjectnn_non_linear_classification - INFO - [Validation] EPOCH: 99  acc = 53.0000
2023-11-02 10:40:59,816 - fewshot_scanobjectnn_non_linear_classification - INFO - Save checkpoint at ./experiments/fewshot_scanobjectnn_non_linear_classification/cfgs/LR_0.001/ckpt-last.pth
2023-11-02 10:41:00,654 - fewshot_scanobjectnn_non_linear_classification - INFO - [Training] EPOCH: 100 EpochTime = 0.836 (s) Losses = ['0.1917', '96.8750'] lr = 0.000201
2023-11-02 10:41:01,601 - fewshot_scanobjectnn_non_linear_classification - INFO - [Validation] EPOCH: 100  acc = 53.0000
2023-11-02 10:41:02,960 - fewshot_scanobjectnn_non_linear_classification - INFO - Save checkpoint at ./experiments/fewshot_scanobjectnn_non_linear_classification/cfgs/LR_0.001/ckpt-last.pth
2023-11-02 10:41:04,195 - fewshot_scanobjectnn_non_linear_classification - INFO - [Training] EPOCH: 101 EpochTime = 1.233 (s) Losses = ['0.1825', '100.0000'] lr = 0.000194
2023-11-02 10:41:05,078 - fewshot_scanobjectnn_non_linear_classification - INFO - [Validation] EPOCH: 101  acc = 52.0000
2023-11-02 10:41:06,079 - fewshot_scanobjectnn_non_linear_classification - INFO - Save checkpoint at ./experiments/fewshot_scanobjectnn_non_linear_classification/cfgs/LR_0.001/ckpt-last.pth
2023-11-02 10:41:07,159 - fewshot_scanobjectnn_non_linear_classification - INFO - [Training] EPOCH: 102 EpochTime = 1.078 (s) Losses = ['0.2118', '96.8750'] lr = 0.000186
2023-11-02 10:41:08,073 - fewshot_scanobjectnn_non_linear_classification - INFO - [Validation] EPOCH: 102  acc = 55.0000
2023-11-02 10:41:08,626 - fewshot_scanobjectnn_non_linear_classification - INFO - Save checkpoint at ./experiments/fewshot_scanobjectnn_non_linear_classification/cfgs/LR_0.001/ckpt-last.pth
2023-11-02 10:41:09,771 - fewshot_scanobjectnn_non_linear_classification - INFO - [Training] EPOCH: 103 EpochTime = 1.143 (s) Losses = ['0.1346', '100.0000'] lr = 0.000179
2023-11-02 10:41:10,670 - fewshot_scanobjectnn_non_linear_classification - INFO - [Validation] EPOCH: 103  acc = 55.0000
2023-11-02 10:41:11,463 - fewshot_scanobjectnn_non_linear_classification - INFO - Save checkpoint at ./experiments/fewshot_scanobjectnn_non_linear_classification/cfgs/LR_0.001/ckpt-last.pth
2023-11-02 10:41:12,625 - fewshot_scanobjectnn_non_linear_classification - INFO - [Training] EPOCH: 104 EpochTime = 1.160 (s) Losses = ['0.1641', '100.0000'] lr = 0.000172
2023-11-02 10:41:13,497 - fewshot_scanobjectnn_non_linear_classification - INFO - [Validation] EPOCH: 104  acc = 54.0000
2023-11-02 10:41:14,509 - fewshot_scanobjectnn_non_linear_classification - INFO - Save checkpoint at ./experiments/fewshot_scanobjectnn_non_linear_classification/cfgs/LR_0.001/ckpt-last.pth
2023-11-02 10:41:15,783 - fewshot_scanobjectnn_non_linear_classification - INFO - [Training] EPOCH: 105 EpochTime = 1.272 (s) Losses = ['0.1512', '100.0000'] lr = 0.000166
2023-11-02 10:41:16,683 - fewshot_scanobjectnn_non_linear_classification - INFO - [Validation] EPOCH: 105  acc = 54.0000
2023-11-02 10:41:17,440 - fewshot_scanobjectnn_non_linear_classification - INFO - Save checkpoint at ./experiments/fewshot_scanobjectnn_non_linear_classification/cfgs/LR_0.001/ckpt-last.pth
2023-11-02 10:41:18,368 - fewshot_scanobjectnn_non_linear_classification - INFO - [Training] EPOCH: 106 EpochTime = 0.926 (s) Losses = ['0.1476', '100.0000'] lr = 0.000159
2023-11-02 10:41:19,256 - fewshot_scanobjectnn_non_linear_classification - INFO - [Validation] EPOCH: 106  acc = 54.0000
2023-11-02 10:41:20,334 - fewshot_scanobjectnn_non_linear_classification - INFO - Save checkpoint at ./experiments/fewshot_scanobjectnn_non_linear_classification/cfgs/LR_0.001/ckpt-last.pth
2023-11-02 10:41:21,259 - fewshot_scanobjectnn_non_linear_classification - INFO - [Training] EPOCH: 107 EpochTime = 0.922 (s) Losses = ['0.1949', '96.8750'] lr = 0.000152
2023-11-02 10:41:22,161 - fewshot_scanobjectnn_non_linear_classification - INFO - [Validation] EPOCH: 107  acc = 54.0000
2023-11-02 10:41:23,394 - fewshot_scanobjectnn_non_linear_classification - INFO - Save checkpoint at ./experiments/fewshot_scanobjectnn_non_linear_classification/cfgs/LR_0.001/ckpt-last.pth
2023-11-02 10:41:24,191 - fewshot_scanobjectnn_non_linear_classification - INFO - [Training] EPOCH: 108 EpochTime = 0.795 (s) Losses = ['0.1952', '100.0000'] lr = 0.000146
2023-11-02 10:41:25,082 - fewshot_scanobjectnn_non_linear_classification - INFO - [Validation] EPOCH: 108  acc = 54.0000
2023-11-02 10:41:25,587 - fewshot_scanobjectnn_non_linear_classification - INFO - Save checkpoint at ./experiments/fewshot_scanobjectnn_non_linear_classification/cfgs/LR_0.001/ckpt-last.pth
2023-11-02 10:41:26,747 - fewshot_scanobjectnn_non_linear_classification - INFO - [Training] EPOCH: 109 EpochTime = 1.159 (s) Losses = ['0.1929', '100.0000'] lr = 0.000139
2023-11-02 10:41:27,588 - fewshot_scanobjectnn_non_linear_classification - INFO - [Validation] EPOCH: 109  acc = 54.0000
2023-11-02 10:41:28,294 - fewshot_scanobjectnn_non_linear_classification - INFO - Save checkpoint at ./experiments/fewshot_scanobjectnn_non_linear_classification/cfgs/LR_0.001/ckpt-last.pth
2023-11-02 10:41:29,243 - fewshot_scanobjectnn_non_linear_classification - INFO - [Training] EPOCH: 110 EpochTime = 0.947 (s) Losses = ['0.1482', '100.0000'] lr = 0.000133
2023-11-02 10:41:30,144 - fewshot_scanobjectnn_non_linear_classification - INFO - [Validation] EPOCH: 110  acc = 54.0000
2023-11-02 10:41:31,156 - fewshot_scanobjectnn_non_linear_classification - INFO - Save checkpoint at ./experiments/fewshot_scanobjectnn_non_linear_classification/cfgs/LR_0.001/ckpt-last.pth
2023-11-02 10:41:32,559 - fewshot_scanobjectnn_non_linear_classification - INFO - [Training] EPOCH: 111 EpochTime = 1.401 (s) Losses = ['0.2080', '96.8750'] lr = 0.000127
2023-11-02 10:41:33,771 - fewshot_scanobjectnn_non_linear_classification - INFO - [Validation] EPOCH: 111  acc = 54.0000
2023-11-02 10:41:34,463 - fewshot_scanobjectnn_non_linear_classification - INFO - Save checkpoint at ./experiments/fewshot_scanobjectnn_non_linear_classification/cfgs/LR_0.001/ckpt-last.pth
2023-11-02 10:41:35,300 - fewshot_scanobjectnn_non_linear_classification - INFO - [Training] EPOCH: 112 EpochTime = 0.835 (s) Losses = ['0.1568', '100.0000'] lr = 0.000121
2023-11-02 10:41:36,184 - fewshot_scanobjectnn_non_linear_classification - INFO - [Validation] EPOCH: 112  acc = 54.0000
2023-11-02 10:41:36,772 - fewshot_scanobjectnn_non_linear_classification - INFO - Save checkpoint at ./experiments/fewshot_scanobjectnn_non_linear_classification/cfgs/LR_0.001/ckpt-last.pth
2023-11-02 10:41:37,918 - fewshot_scanobjectnn_non_linear_classification - INFO - [Training] EPOCH: 113 EpochTime = 1.145 (s) Losses = ['0.1552', '96.8750'] lr = 0.000115
2023-11-02 10:41:38,801 - fewshot_scanobjectnn_non_linear_classification - INFO - [Validation] EPOCH: 113  acc = 54.0000
2023-11-02 10:41:40,174 - fewshot_scanobjectnn_non_linear_classification - INFO - Save checkpoint at ./experiments/fewshot_scanobjectnn_non_linear_classification/cfgs/LR_0.001/ckpt-last.pth
2023-11-02 10:41:41,153 - fewshot_scanobjectnn_non_linear_classification - INFO - [Training] EPOCH: 114 EpochTime = 0.977 (s) Losses = ['0.1817', '100.0000'] lr = 0.000109
2023-11-02 10:41:42,306 - fewshot_scanobjectnn_non_linear_classification - INFO - [Validation] EPOCH: 114  acc = 54.0000
2023-11-02 10:41:43,265 - fewshot_scanobjectnn_non_linear_classification - INFO - Save checkpoint at ./experiments/fewshot_scanobjectnn_non_linear_classification/cfgs/LR_0.001/ckpt-last.pth
2023-11-02 10:41:44,106 - fewshot_scanobjectnn_non_linear_classification - INFO - [Training] EPOCH: 115 EpochTime = 0.839 (s) Losses = ['0.2957', '93.7500'] lr = 0.000104
2023-11-02 10:41:44,996 - fewshot_scanobjectnn_non_linear_classification - INFO - [Validation] EPOCH: 115  acc = 53.0000
2023-11-02 10:41:45,560 - fewshot_scanobjectnn_non_linear_classification - INFO - Save checkpoint at ./experiments/fewshot_scanobjectnn_non_linear_classification/cfgs/LR_0.001/ckpt-last.pth
2023-11-02 10:41:47,024 - fewshot_scanobjectnn_non_linear_classification - INFO - [Training] EPOCH: 116 EpochTime = 1.462 (s) Losses = ['0.2148', '96.8750'] lr = 0.000098
2023-11-02 10:41:47,890 - fewshot_scanobjectnn_non_linear_classification - INFO - [Validation] EPOCH: 116  acc = 55.0000
2023-11-02 10:41:48,736 - fewshot_scanobjectnn_non_linear_classification - INFO - Save checkpoint at ./experiments/fewshot_scanobjectnn_non_linear_classification/cfgs/LR_0.001/ckpt-last.pth
2023-11-02 10:41:49,537 - fewshot_scanobjectnn_non_linear_classification - INFO - [Training] EPOCH: 117 EpochTime = 0.800 (s) Losses = ['0.2031', '96.8750'] lr = 0.000093
2023-11-02 10:41:50,470 - fewshot_scanobjectnn_non_linear_classification - INFO - [Validation] EPOCH: 117  acc = 54.0000
2023-11-02 10:41:51,032 - fewshot_scanobjectnn_non_linear_classification - INFO - Save checkpoint at ./experiments/fewshot_scanobjectnn_non_linear_classification/cfgs/LR_0.001/ckpt-last.pth
2023-11-02 10:41:51,859 - fewshot_scanobjectnn_non_linear_classification - INFO - [Training] EPOCH: 118 EpochTime = 0.825 (s) Losses = ['0.1427', '100.0000'] lr = 0.000087
2023-11-02 10:41:52,725 - fewshot_scanobjectnn_non_linear_classification - INFO - [Validation] EPOCH: 118  acc = 54.0000
2023-11-02 10:41:53,923 - fewshot_scanobjectnn_non_linear_classification - INFO - Save checkpoint at ./experiments/fewshot_scanobjectnn_non_linear_classification/cfgs/LR_0.001/ckpt-last.pth
2023-11-02 10:41:55,190 - fewshot_scanobjectnn_non_linear_classification - INFO - [Training] EPOCH: 119 EpochTime = 1.265 (s) Losses = ['0.2045', '96.8750'] lr = 0.000082
2023-11-02 10:41:56,105 - fewshot_scanobjectnn_non_linear_classification - INFO - [Validation] EPOCH: 119  acc = 55.0000
2023-11-02 10:41:57,588 - fewshot_scanobjectnn_non_linear_classification - INFO - Save checkpoint at ./experiments/fewshot_scanobjectnn_non_linear_classification/cfgs/LR_0.001/ckpt-last.pth
2023-11-02 10:41:58,363 - fewshot_scanobjectnn_non_linear_classification - INFO - [Training] EPOCH: 120 EpochTime = 0.773 (s) Losses = ['0.1537', '100.0000'] lr = 0.000077
2023-11-02 10:41:59,280 - fewshot_scanobjectnn_non_linear_classification - INFO - [Validation] EPOCH: 120  acc = 53.0000
2023-11-02 10:41:59,795 - fewshot_scanobjectnn_non_linear_classification - INFO - Save checkpoint at ./experiments/fewshot_scanobjectnn_non_linear_classification/cfgs/LR_0.001/ckpt-last.pth
2023-11-02 10:42:00,951 - fewshot_scanobjectnn_non_linear_classification - INFO - [Training] EPOCH: 121 EpochTime = 1.155 (s) Losses = ['0.1642', '100.0000'] lr = 0.000072
2023-11-02 10:42:01,817 - fewshot_scanobjectnn_non_linear_classification - INFO - [Validation] EPOCH: 121  acc = 54.0000
2023-11-02 10:42:02,601 - fewshot_scanobjectnn_non_linear_classification - INFO - Save checkpoint at ./experiments/fewshot_scanobjectnn_non_linear_classification/cfgs/LR_0.001/ckpt-last.pth
2023-11-02 10:42:03,810 - fewshot_scanobjectnn_non_linear_classification - INFO - [Training] EPOCH: 122 EpochTime = 1.207 (s) Losses = ['0.1525', '100.0000'] lr = 0.000068
2023-11-02 10:42:04,687 - fewshot_scanobjectnn_non_linear_classification - INFO - [Validation] EPOCH: 122  acc = 54.0000
2023-11-02 10:42:06,280 - fewshot_scanobjectnn_non_linear_classification - INFO - Save checkpoint at ./experiments/fewshot_scanobjectnn_non_linear_classification/cfgs/LR_0.001/ckpt-last.pth
2023-11-02 10:42:07,264 - fewshot_scanobjectnn_non_linear_classification - INFO - [Training] EPOCH: 123 EpochTime = 0.982 (s) Losses = ['0.1894', '96.8750'] lr = 0.000063
2023-11-02 10:42:08,483 - fewshot_scanobjectnn_non_linear_classification - INFO - [Validation] EPOCH: 123  acc = 53.0000
2023-11-02 10:42:09,179 - fewshot_scanobjectnn_non_linear_classification - INFO - Save checkpoint at ./experiments/fewshot_scanobjectnn_non_linear_classification/cfgs/LR_0.001/ckpt-last.pth
2023-11-02 10:42:09,975 - fewshot_scanobjectnn_non_linear_classification - INFO - [Training] EPOCH: 124 EpochTime = 0.794 (s) Losses = ['0.2139', '100.0000'] lr = 0.000059
2023-11-02 10:42:11,079 - fewshot_scanobjectnn_non_linear_classification - INFO - [Validation] EPOCH: 124  acc = 54.0000
2023-11-02 10:42:11,628 - fewshot_scanobjectnn_non_linear_classification - INFO - Save checkpoint at ./experiments/fewshot_scanobjectnn_non_linear_classification/cfgs/LR_0.001/ckpt-last.pth
2023-11-02 10:42:12,448 - fewshot_scanobjectnn_non_linear_classification - INFO - [Training] EPOCH: 125 EpochTime = 0.819 (s) Losses = ['0.2118', '96.8750'] lr = 0.000055
2023-11-02 10:42:13,361 - fewshot_scanobjectnn_non_linear_classification - INFO - [Validation] EPOCH: 125  acc = 54.0000
2023-11-02 10:42:14,398 - fewshot_scanobjectnn_non_linear_classification - INFO - Save checkpoint at ./experiments/fewshot_scanobjectnn_non_linear_classification/cfgs/LR_0.001/ckpt-last.pth
2023-11-02 10:42:15,180 - fewshot_scanobjectnn_non_linear_classification - INFO - [Training] EPOCH: 126 EpochTime = 0.781 (s) Losses = ['0.2216', '96.8750'] lr = 0.000050
2023-11-02 10:42:16,084 - fewshot_scanobjectnn_non_linear_classification - INFO - [Validation] EPOCH: 126  acc = 53.0000
2023-11-02 10:42:16,606 - fewshot_scanobjectnn_non_linear_classification - INFO - Save checkpoint at ./experiments/fewshot_scanobjectnn_non_linear_classification/cfgs/LR_0.001/ckpt-last.pth
2023-11-02 10:42:17,723 - fewshot_scanobjectnn_non_linear_classification - INFO - [Training] EPOCH: 127 EpochTime = 1.115 (s) Losses = ['0.2091', '100.0000'] lr = 0.000046
2023-11-02 10:42:18,586 - fewshot_scanobjectnn_non_linear_classification - INFO - [Validation] EPOCH: 127  acc = 53.0000
2023-11-02 10:42:19,541 - fewshot_scanobjectnn_non_linear_classification - INFO - Save checkpoint at ./experiments/fewshot_scanobjectnn_non_linear_classification/cfgs/LR_0.001/ckpt-last.pth
2023-11-02 10:42:20,432 - fewshot_scanobjectnn_non_linear_classification - INFO - [Training] EPOCH: 128 EpochTime = 0.889 (s) Losses = ['0.1839', '100.0000'] lr = 0.000043
2023-11-02 10:42:21,383 - fewshot_scanobjectnn_non_linear_classification - INFO - [Validation] EPOCH: 128  acc = 54.0000
2023-11-02 10:42:22,454 - fewshot_scanobjectnn_non_linear_classification - INFO - Save checkpoint at ./experiments/fewshot_scanobjectnn_non_linear_classification/cfgs/LR_0.001/ckpt-last.pth
2023-11-02 10:42:23,548 - fewshot_scanobjectnn_non_linear_classification - INFO - [Training] EPOCH: 129 EpochTime = 1.092 (s) Losses = ['0.2416', '96.8750'] lr = 0.000039
2023-11-02 10:42:24,485 - fewshot_scanobjectnn_non_linear_classification - INFO - [Validation] EPOCH: 129  acc = 55.0000
2023-11-02 10:42:25,047 - fewshot_scanobjectnn_non_linear_classification - INFO - Save checkpoint at ./experiments/fewshot_scanobjectnn_non_linear_classification/cfgs/LR_0.001/ckpt-last.pth
2023-11-02 10:42:25,875 - fewshot_scanobjectnn_non_linear_classification - INFO - [Training] EPOCH: 130 EpochTime = 0.825 (s) Losses = ['0.1169', '100.0000'] lr = 0.000036
2023-11-02 10:42:26,810 - fewshot_scanobjectnn_non_linear_classification - INFO - [Validation] EPOCH: 130  acc = 54.0000
2023-11-02 10:42:27,735 - fewshot_scanobjectnn_non_linear_classification - INFO - Save checkpoint at ./experiments/fewshot_scanobjectnn_non_linear_classification/cfgs/LR_0.001/ckpt-last.pth
2023-11-02 10:42:28,989 - fewshot_scanobjectnn_non_linear_classification - INFO - [Training] EPOCH: 131 EpochTime = 1.251 (s) Losses = ['0.1910', '100.0000'] lr = 0.000032
2023-11-02 10:42:29,905 - fewshot_scanobjectnn_non_linear_classification - INFO - [Validation] EPOCH: 131  acc = 54.0000
2023-11-02 10:42:30,963 - fewshot_scanobjectnn_non_linear_classification - INFO - Save checkpoint at ./experiments/fewshot_scanobjectnn_non_linear_classification/cfgs/LR_0.001/ckpt-last.pth
2023-11-02 10:42:31,875 - fewshot_scanobjectnn_non_linear_classification - INFO - [Training] EPOCH: 132 EpochTime = 0.910 (s) Losses = ['0.1503', '100.0000'] lr = 0.000029
2023-11-02 10:42:32,815 - fewshot_scanobjectnn_non_linear_classification - INFO - [Validation] EPOCH: 132  acc = 55.0000
2023-11-02 10:42:33,348 - fewshot_scanobjectnn_non_linear_classification - INFO - Save checkpoint at ./experiments/fewshot_scanobjectnn_non_linear_classification/cfgs/LR_0.001/ckpt-last.pth
2023-11-02 10:42:34,432 - fewshot_scanobjectnn_non_linear_classification - INFO - [Training] EPOCH: 133 EpochTime = 1.082 (s) Losses = ['0.1378', '100.0000'] lr = 0.000026
2023-11-02 10:42:35,299 - fewshot_scanobjectnn_non_linear_classification - INFO - [Validation] EPOCH: 133  acc = 55.0000
2023-11-02 10:42:36,213 - fewshot_scanobjectnn_non_linear_classification - INFO - Save checkpoint at ./experiments/fewshot_scanobjectnn_non_linear_classification/cfgs/LR_0.001/ckpt-last.pth
2023-11-02 10:42:37,159 - fewshot_scanobjectnn_non_linear_classification - INFO - [Training] EPOCH: 134 EpochTime = 0.944 (s) Losses = ['0.1568', '100.0000'] lr = 0.000023
2023-11-02 10:42:38,058 - fewshot_scanobjectnn_non_linear_classification - INFO - [Validation] EPOCH: 134  acc = 54.0000
2023-11-02 10:42:38,772 - fewshot_scanobjectnn_non_linear_classification - INFO - Save checkpoint at ./experiments/fewshot_scanobjectnn_non_linear_classification/cfgs/LR_0.001/ckpt-last.pth
2023-11-02 10:42:39,601 - fewshot_scanobjectnn_non_linear_classification - INFO - [Training] EPOCH: 135 EpochTime = 0.827 (s) Losses = ['0.1481', '100.0000'] lr = 0.000021
2023-11-02 10:42:40,816 - fewshot_scanobjectnn_non_linear_classification - INFO - [Validation] EPOCH: 135  acc = 54.0000
2023-11-02 10:42:41,304 - fewshot_scanobjectnn_non_linear_classification - INFO - Save checkpoint at ./experiments/fewshot_scanobjectnn_non_linear_classification/cfgs/LR_0.001/ckpt-last.pth
2023-11-02 10:42:42,390 - fewshot_scanobjectnn_non_linear_classification - INFO - [Training] EPOCH: 136 EpochTime = 1.084 (s) Losses = ['0.1856', '96.8750'] lr = 0.000018
2023-11-02 10:42:43,247 - fewshot_scanobjectnn_non_linear_classification - INFO - [Validation] EPOCH: 136  acc = 55.0000
2023-11-02 10:42:43,993 - fewshot_scanobjectnn_non_linear_classification - INFO - Save checkpoint at ./experiments/fewshot_scanobjectnn_non_linear_classification/cfgs/LR_0.001/ckpt-last.pth
2023-11-02 10:42:44,980 - fewshot_scanobjectnn_non_linear_classification - INFO - [Training] EPOCH: 137 EpochTime = 0.986 (s) Losses = ['0.1798', '100.0000'] lr = 0.000016
2023-11-02 10:42:46,194 - fewshot_scanobjectnn_non_linear_classification - INFO - [Validation] EPOCH: 137  acc = 55.0000
2023-11-02 10:42:46,987 - fewshot_scanobjectnn_non_linear_classification - INFO - Save checkpoint at ./experiments/fewshot_scanobjectnn_non_linear_classification/cfgs/LR_0.001/ckpt-last.pth
2023-11-02 10:42:47,963 - fewshot_scanobjectnn_non_linear_classification - INFO - [Training] EPOCH: 138 EpochTime = 0.974 (s) Losses = ['0.1193', '100.0000'] lr = 0.000014
2023-11-02 10:42:48,885 - fewshot_scanobjectnn_non_linear_classification - INFO - [Validation] EPOCH: 138  acc = 55.0000
2023-11-02 10:42:49,366 - fewshot_scanobjectnn_non_linear_classification - INFO - Save checkpoint at ./experiments/fewshot_scanobjectnn_non_linear_classification/cfgs/LR_0.001/ckpt-last.pth
2023-11-02 10:42:50,402 - fewshot_scanobjectnn_non_linear_classification - INFO - [Training] EPOCH: 139 EpochTime = 1.035 (s) Losses = ['0.1586', '100.0000'] lr = 0.000012
2023-11-02 10:42:51,296 - fewshot_scanobjectnn_non_linear_classification - INFO - [Validation] EPOCH: 139  acc = 56.0000
2023-11-02 10:42:52,364 - fewshot_scanobjectnn_non_linear_classification - INFO - Save checkpoint at ./experiments/fewshot_scanobjectnn_non_linear_classification/cfgs/LR_0.001/ckpt-last.pth
2023-11-02 10:42:53,515 - fewshot_scanobjectnn_non_linear_classification - INFO - [Training] EPOCH: 140 EpochTime = 1.148 (s) Losses = ['0.1743', '96.8750'] lr = 0.000010
2023-11-02 10:42:54,530 - fewshot_scanobjectnn_non_linear_classification - INFO - [Validation] EPOCH: 140  acc = 56.0000
2023-11-02 10:42:55,221 - fewshot_scanobjectnn_non_linear_classification - INFO - Save checkpoint at ./experiments/fewshot_scanobjectnn_non_linear_classification/cfgs/LR_0.001/ckpt-last.pth
2023-11-02 10:42:56,017 - fewshot_scanobjectnn_non_linear_classification - INFO - [Training] EPOCH: 141 EpochTime = 0.794 (s) Losses = ['0.1809', '100.0000'] lr = 0.000008
2023-11-02 10:42:56,910 - fewshot_scanobjectnn_non_linear_classification - INFO - [Validation] EPOCH: 141  acc = 55.0000
2023-11-02 10:42:57,742 - fewshot_scanobjectnn_non_linear_classification - INFO - Save checkpoint at ./experiments/fewshot_scanobjectnn_non_linear_classification/cfgs/LR_0.001/ckpt-last.pth
2023-11-02 10:42:58,254 - fewshot_scanobjectnn_non_linear_classification - INFO - Save checkpoint at ./experiments/fewshot_scanobjectnn_non_linear_classification/cfgs/LR_0.001/ckpt-epoch-141.pth
2023-11-02 10:42:59,605 - fewshot_scanobjectnn_non_linear_classification - INFO - [Training] EPOCH: 142 EpochTime = 1.349 (s) Losses = ['0.1387', '100.0000'] lr = 0.000007
2023-11-02 10:43:00,466 - fewshot_scanobjectnn_non_linear_classification - INFO - [Validation] EPOCH: 142  acc = 56.0000
2023-11-02 10:43:01,210 - fewshot_scanobjectnn_non_linear_classification - INFO - Save checkpoint at ./experiments/fewshot_scanobjectnn_non_linear_classification/cfgs/LR_0.001/ckpt-last.pth
2023-11-02 10:43:02,353 - fewshot_scanobjectnn_non_linear_classification - INFO - Save checkpoint at ./experiments/fewshot_scanobjectnn_non_linear_classification/cfgs/LR_0.001/ckpt-epoch-142.pth
2023-11-02 10:43:03,159 - fewshot_scanobjectnn_non_linear_classification - INFO - [Training] EPOCH: 143 EpochTime = 0.804 (s) Losses = ['0.1960', '100.0000'] lr = 0.000005
2023-11-02 10:43:04,203 - fewshot_scanobjectnn_non_linear_classification - INFO - [Validation] EPOCH: 143  acc = 54.0000
2023-11-02 10:43:05,168 - fewshot_scanobjectnn_non_linear_classification - INFO - Save checkpoint at ./experiments/fewshot_scanobjectnn_non_linear_classification/cfgs/LR_0.001/ckpt-last.pth
2023-11-02 10:43:05,711 - fewshot_scanobjectnn_non_linear_classification - INFO - Save checkpoint at ./experiments/fewshot_scanobjectnn_non_linear_classification/cfgs/LR_0.001/ckpt-epoch-143.pth
2023-11-02 10:43:06,717 - fewshot_scanobjectnn_non_linear_classification - INFO - [Training] EPOCH: 144 EpochTime = 1.004 (s) Losses = ['0.1302', '100.0000'] lr = 0.000004
2023-11-02 10:43:07,646 - fewshot_scanobjectnn_non_linear_classification - INFO - [Validation] EPOCH: 144  acc = 55.0000
2023-11-02 10:43:08,498 - fewshot_scanobjectnn_non_linear_classification - INFO - Save checkpoint at ./experiments/fewshot_scanobjectnn_non_linear_classification/cfgs/LR_0.001/ckpt-last.pth
2023-11-02 10:43:09,776 - fewshot_scanobjectnn_non_linear_classification - INFO - Save checkpoint at ./experiments/fewshot_scanobjectnn_non_linear_classification/cfgs/LR_0.001/ckpt-epoch-144.pth
2023-11-02 10:43:10,562 - fewshot_scanobjectnn_non_linear_classification - INFO - [Training] EPOCH: 145 EpochTime = 0.784 (s) Losses = ['0.1491', '100.0000'] lr = 0.000003
2023-11-02 10:43:11,696 - fewshot_scanobjectnn_non_linear_classification - INFO - [Validation] EPOCH: 145  acc = 54.0000
2023-11-02 10:43:12,611 - fewshot_scanobjectnn_non_linear_classification - INFO - Save checkpoint at ./experiments/fewshot_scanobjectnn_non_linear_classification/cfgs/LR_0.001/ckpt-last.pth
2023-11-02 10:43:13,152 - fewshot_scanobjectnn_non_linear_classification - INFO - Save checkpoint at ./experiments/fewshot_scanobjectnn_non_linear_classification/cfgs/LR_0.001/ckpt-epoch-145.pth
2023-11-02 10:43:14,101 - fewshot_scanobjectnn_non_linear_classification - INFO - [Training] EPOCH: 146 EpochTime = 0.947 (s) Losses = ['0.1432', '100.0000'] lr = 0.000002
2023-11-02 10:43:14,972 - fewshot_scanobjectnn_non_linear_classification - INFO - [Validation] EPOCH: 146  acc = 54.0000
2023-11-02 10:43:16,072 - fewshot_scanobjectnn_non_linear_classification - INFO - Save checkpoint at ./experiments/fewshot_scanobjectnn_non_linear_classification/cfgs/LR_0.001/ckpt-last.pth
2023-11-02 10:43:17,479 - fewshot_scanobjectnn_non_linear_classification - INFO - Save checkpoint at ./experiments/fewshot_scanobjectnn_non_linear_classification/cfgs/LR_0.001/ckpt-epoch-146.pth
2023-11-02 10:43:18,409 - fewshot_scanobjectnn_non_linear_classification - INFO - [Training] EPOCH: 147 EpochTime = 0.928 (s) Losses = ['0.1504', '96.8750'] lr = 0.000002
2023-11-02 10:43:19,595 - fewshot_scanobjectnn_non_linear_classification - INFO - [Validation] EPOCH: 147  acc = 56.0000
2023-11-02 10:43:20,875 - fewshot_scanobjectnn_non_linear_classification - INFO - Save checkpoint at ./experiments/fewshot_scanobjectnn_non_linear_classification/cfgs/LR_0.001/ckpt-last.pth
2023-11-02 10:43:22,263 - fewshot_scanobjectnn_non_linear_classification - INFO - Save checkpoint at ./experiments/fewshot_scanobjectnn_non_linear_classification/cfgs/LR_0.001/ckpt-epoch-147.pth
2023-11-02 10:43:23,132 - fewshot_scanobjectnn_non_linear_classification - INFO - [Training] EPOCH: 148 EpochTime = 0.867 (s) Losses = ['0.1933', '100.0000'] lr = 0.000001
2023-11-02 10:43:24,066 - fewshot_scanobjectnn_non_linear_classification - INFO - [Validation] EPOCH: 148  acc = 56.0000
2023-11-02 10:43:25,587 - fewshot_scanobjectnn_non_linear_classification - INFO - Save checkpoint at ./experiments/fewshot_scanobjectnn_non_linear_classification/cfgs/LR_0.001/ckpt-last.pth
2023-11-02 10:43:26,951 - fewshot_scanobjectnn_non_linear_classification - INFO - Save checkpoint at ./experiments/fewshot_scanobjectnn_non_linear_classification/cfgs/LR_0.001/ckpt-epoch-148.pth
2023-11-02 10:43:27,753 - fewshot_scanobjectnn_non_linear_classification - INFO - [Training] EPOCH: 149 EpochTime = 0.801 (s) Losses = ['0.1769', '100.0000'] lr = 0.000001
2023-11-02 10:43:28,663 - fewshot_scanobjectnn_non_linear_classification - INFO - [Validation] EPOCH: 149  acc = 57.0000
2023-11-02 10:43:29,424 - fewshot_scanobjectnn_non_linear_classification - INFO - Save checkpoint at ./experiments/fewshot_scanobjectnn_non_linear_classification/cfgs/LR_0.001/ckpt-last.pth
2023-11-02 10:43:30,940 - fewshot_scanobjectnn_non_linear_classification - INFO - Save checkpoint at ./experiments/fewshot_scanobjectnn_non_linear_classification/cfgs/LR_0.001/ckpt-epoch-149.pth
2023-11-02 10:43:31,766 - fewshot_scanobjectnn_non_linear_classification - INFO - [Training] EPOCH: 150 EpochTime = 0.824 (s) Losses = ['0.1947', '100.0000'] lr = 0.000001
2023-11-02 10:43:32,823 - fewshot_scanobjectnn_non_linear_classification - INFO - [Validation] EPOCH: 150  acc = 57.0000
2023-11-02 10:43:33,426 - fewshot_scanobjectnn_non_linear_classification - INFO - Save checkpoint at ./experiments/fewshot_scanobjectnn_non_linear_classification/cfgs/LR_0.001/ckpt-last.pth
2023-11-02 10:43:34,401 - fewshot_scanobjectnn_non_linear_classification - INFO - Save checkpoint at ./experiments/fewshot_scanobjectnn_non_linear_classification/cfgs/LR_0.001/ckpt-epoch-150.pth
