2023-10-08 05:36:54,214 - fewshot_scanobjectnn_non_linear_classification - INFO - Copy the Config file from cfgs/fewshot_scanobjectnn_non_linear_classification.yaml to ./experiments/fewshot_scanobjectnn_non_linear_classification/cfgs/LR_0.0006/config.yaml
2023-10-08 05:36:54,214 - fewshot_scanobjectnn_non_linear_classification - INFO - args.config : cfgs/fewshot_scanobjectnn_non_linear_classification.yaml
2023-10-08 05:36:54,214 - fewshot_scanobjectnn_non_linear_classification - INFO - args.launcher : none
2023-10-08 05:36:54,214 - fewshot_scanobjectnn_non_linear_classification - INFO - args.local_rank : 0
2023-10-08 05:36:54,214 - fewshot_scanobjectnn_non_linear_classification - INFO - args.num_workers : 8
2023-10-08 05:36:54,214 - fewshot_scanobjectnn_non_linear_classification - INFO - args.seed : 0
2023-10-08 05:36:54,214 - fewshot_scanobjectnn_non_linear_classification - INFO - args.deterministic : False
2023-10-08 05:36:54,215 - fewshot_scanobjectnn_non_linear_classification - INFO - args.sync_bn : True
2023-10-08 05:36:54,215 - fewshot_scanobjectnn_non_linear_classification - INFO - args.update_weights_every : 1
2023-10-08 05:36:54,215 - fewshot_scanobjectnn_non_linear_classification - INFO - args.main_task : 0
2023-10-08 05:36:54,215 - fewshot_scanobjectnn_non_linear_classification - INFO - args.nashmtl_optim_niter : 20
2023-10-08 05:36:54,215 - fewshot_scanobjectnn_non_linear_classification - INFO - args.c : 0.4
2023-10-08 05:36:54,215 - fewshot_scanobjectnn_non_linear_classification - INFO - args.dwa_temp : 2.0
2023-10-08 05:36:54,215 - fewshot_scanobjectnn_non_linear_classification - INFO - args.method_params_lr : 0.025
2023-10-08 05:36:54,215 - fewshot_scanobjectnn_non_linear_classification - INFO - args.method : nashmtl
2023-10-08 05:36:54,215 - fewshot_scanobjectnn_non_linear_classification - INFO - args.gpu : 5
2023-10-08 05:36:54,215 - fewshot_scanobjectnn_non_linear_classification - INFO - args.large_group : 5
2023-10-08 05:36:54,215 - fewshot_scanobjectnn_non_linear_classification - INFO - args.small_group : 10
2023-10-08 05:36:54,215 - fewshot_scanobjectnn_non_linear_classification - INFO - args.large_patch : 6
2023-10-08 05:36:54,215 - fewshot_scanobjectnn_non_linear_classification - INFO - args.small_patch : 3
2023-10-08 05:36:54,215 - fewshot_scanobjectnn_non_linear_classification - INFO - args.queue_length : 8192
2023-10-08 05:36:54,215 - fewshot_scanobjectnn_non_linear_classification - INFO - args.epoch_queue_starts : 10
2023-10-08 05:36:54,215 - fewshot_scanobjectnn_non_linear_classification - INFO - args.nmb_crops : [26]
2023-10-08 05:36:54,215 - fewshot_scanobjectnn_non_linear_classification - INFO - args.fea_dim : 384
2023-10-08 05:36:54,215 - fewshot_scanobjectnn_non_linear_classification - INFO - args.hidden_mlp : 256
2023-10-08 05:36:54,215 - fewshot_scanobjectnn_non_linear_classification - INFO - args.output_dim : 128
2023-10-08 05:36:54,215 - fewshot_scanobjectnn_non_linear_classification - INFO - args.nmb_prototypes : 200
2023-10-08 05:36:54,215 - fewshot_scanobjectnn_non_linear_classification - INFO - args.temperature : 0.1
2023-10-08 05:36:54,216 - fewshot_scanobjectnn_non_linear_classification - INFO - args.epsilon : 0.05
2023-10-08 05:36:54,216 - fewshot_scanobjectnn_non_linear_classification - INFO - args.sinkhorn_iterations : 3
2023-10-08 05:36:54,216 - fewshot_scanobjectnn_non_linear_classification - INFO - args.world_size : 1
2023-10-08 05:36:54,216 - fewshot_scanobjectnn_non_linear_classification - INFO - args.exp_name : LR_0.0006
2023-10-08 05:36:54,216 - fewshot_scanobjectnn_non_linear_classification - INFO - args.loss : cd1
2023-10-08 05:36:54,216 - fewshot_scanobjectnn_non_linear_classification - INFO - args.start_ckpts : None
2023-10-08 05:36:54,216 - fewshot_scanobjectnn_non_linear_classification - INFO - args.ckpts : ./experiments/pretrain_MaskSurf/cfgs/add_as_normal/ckpt-last.pth
2023-10-08 05:36:54,216 - fewshot_scanobjectnn_non_linear_classification - INFO - args.val_freq : 1
2023-10-08 05:36:54,216 - fewshot_scanobjectnn_non_linear_classification - INFO - args.vote : False
2023-10-08 05:36:54,216 - fewshot_scanobjectnn_non_linear_classification - INFO - args.resume : False
2023-10-08 05:36:54,216 - fewshot_scanobjectnn_non_linear_classification - INFO - args.test : False
2023-10-08 05:36:54,216 - fewshot_scanobjectnn_non_linear_classification - INFO - args.finetune_model : True
2023-10-08 05:36:54,216 - fewshot_scanobjectnn_non_linear_classification - INFO - args.scratch_model : False
2023-10-08 05:36:54,216 - fewshot_scanobjectnn_non_linear_classification - INFO - args.mode : None
2023-10-08 05:36:54,216 - fewshot_scanobjectnn_non_linear_classification - INFO - args.way : 10
2023-10-08 05:36:54,216 - fewshot_scanobjectnn_non_linear_classification - INFO - args.shot : 10
2023-10-08 05:36:54,216 - fewshot_scanobjectnn_non_linear_classification - INFO - args.fold : 9
2023-10-08 05:36:54,216 - fewshot_scanobjectnn_non_linear_classification - INFO - args.experiment_path : ./experiments/fewshot_scanobjectnn_non_linear_classification/cfgs/LR_0.0006
2023-10-08 05:36:54,216 - fewshot_scanobjectnn_non_linear_classification - INFO - args.tfboard_path : ./experiments/fewshot_scanobjectnn_non_linear_classification/cfgs/TFBoard/LR_0.0006
2023-10-08 05:36:54,216 - fewshot_scanobjectnn_non_linear_classification - INFO - args.log_name : fewshot_scanobjectnn_non_linear_classification
2023-10-08 05:36:54,216 - fewshot_scanobjectnn_non_linear_classification - INFO - args.use_gpu : True
2023-10-08 05:36:54,217 - fewshot_scanobjectnn_non_linear_classification - INFO - args.distributed : False
2023-10-08 05:36:54,217 - fewshot_scanobjectnn_non_linear_classification - INFO - config.optimizer = edict()
2023-10-08 05:36:54,217 - fewshot_scanobjectnn_non_linear_classification - INFO - config.optimizer.type : AdamW
2023-10-08 05:36:54,217 - fewshot_scanobjectnn_non_linear_classification - INFO - config.optimizer.part : only_new
2023-10-08 05:36:54,217 - fewshot_scanobjectnn_non_linear_classification - INFO - config.optimizer.kwargs = edict()
2023-10-08 05:36:54,217 - fewshot_scanobjectnn_non_linear_classification - INFO - config.optimizer.kwargs.lr : 0.0006
2023-10-08 05:36:54,217 - fewshot_scanobjectnn_non_linear_classification - INFO - config.optimizer.kwargs.weight_decay : 0.05
2023-10-08 05:36:54,217 - fewshot_scanobjectnn_non_linear_classification - INFO - config.scheduler = edict()
2023-10-08 05:36:54,217 - fewshot_scanobjectnn_non_linear_classification - INFO - config.scheduler.type : CosLR
2023-10-08 05:36:54,217 - fewshot_scanobjectnn_non_linear_classification - INFO - config.scheduler.kwargs = edict()
2023-10-08 05:36:54,217 - fewshot_scanobjectnn_non_linear_classification - INFO - config.scheduler.kwargs.epochs : 150
2023-10-08 05:36:54,217 - fewshot_scanobjectnn_non_linear_classification - INFO - config.scheduler.kwargs.initial_epochs : 10
2023-10-08 05:36:54,217 - fewshot_scanobjectnn_non_linear_classification - INFO - config.dataset = edict()
2023-10-08 05:36:54,217 - fewshot_scanobjectnn_non_linear_classification - INFO - config.dataset.train = edict()
2023-10-08 05:36:54,217 - fewshot_scanobjectnn_non_linear_classification - INFO - config.dataset.train._base_ = edict()
2023-10-08 05:36:54,217 - fewshot_scanobjectnn_non_linear_classification - INFO - config.dataset.train._base_.NAME : ModelNetFewShot
2023-10-08 05:36:54,217 - fewshot_scanobjectnn_non_linear_classification - INFO - config.dataset.train._base_.DATA_PATH : data/ScanObjectNN_hardest_fewshot
2023-10-08 05:36:54,217 - fewshot_scanobjectnn_non_linear_classification - INFO - config.dataset.train._base_.N_POINTS : 2048
2023-10-08 05:36:54,217 - fewshot_scanobjectnn_non_linear_classification - INFO - config.dataset.train._base_.NUM_CATEGORY : 15
2023-10-08 05:36:54,218 - fewshot_scanobjectnn_non_linear_classification - INFO - config.dataset.train._base_.USE_NORMALS : False
2023-10-08 05:36:54,218 - fewshot_scanobjectnn_non_linear_classification - INFO - config.dataset.train.others = edict()
2023-10-08 05:36:54,218 - fewshot_scanobjectnn_non_linear_classification - INFO - config.dataset.train.others.subset : train
2023-10-08 05:36:54,218 - fewshot_scanobjectnn_non_linear_classification - INFO - config.dataset.train.others.bs : 32
2023-10-08 05:36:54,218 - fewshot_scanobjectnn_non_linear_classification - INFO - config.dataset.val = edict()
2023-10-08 05:36:54,218 - fewshot_scanobjectnn_non_linear_classification - INFO - config.dataset.val._base_ = edict()
2023-10-08 05:36:54,218 - fewshot_scanobjectnn_non_linear_classification - INFO - config.dataset.val._base_.NAME : ModelNetFewShot
2023-10-08 05:36:54,218 - fewshot_scanobjectnn_non_linear_classification - INFO - config.dataset.val._base_.DATA_PATH : data/ScanObjectNN_hardest_fewshot
2023-10-08 05:36:54,218 - fewshot_scanobjectnn_non_linear_classification - INFO - config.dataset.val._base_.N_POINTS : 2048
2023-10-08 05:36:54,218 - fewshot_scanobjectnn_non_linear_classification - INFO - config.dataset.val._base_.NUM_CATEGORY : 15
2023-10-08 05:36:54,218 - fewshot_scanobjectnn_non_linear_classification - INFO - config.dataset.val._base_.USE_NORMALS : False
2023-10-08 05:36:54,218 - fewshot_scanobjectnn_non_linear_classification - INFO - config.dataset.val.others = edict()
2023-10-08 05:36:54,218 - fewshot_scanobjectnn_non_linear_classification - INFO - config.dataset.val.others.subset : test
2023-10-08 05:36:54,218 - fewshot_scanobjectnn_non_linear_classification - INFO - config.dataset.val.others.bs : 64
2023-10-08 05:36:54,218 - fewshot_scanobjectnn_non_linear_classification - INFO - config.dataset.test = edict()
2023-10-08 05:36:54,218 - fewshot_scanobjectnn_non_linear_classification - INFO - config.dataset.test._base_ = edict()
2023-10-08 05:36:54,218 - fewshot_scanobjectnn_non_linear_classification - INFO - config.dataset.test._base_.NAME : ScanObjectNN_hardest
2023-10-08 05:36:54,218 - fewshot_scanobjectnn_non_linear_classification - INFO - config.dataset.test._base_.ROOT : data/ScanObjectNN/main_split
2023-10-08 05:36:54,218 - fewshot_scanobjectnn_non_linear_classification - INFO - config.dataset.test.others = edict()
2023-10-08 05:36:54,218 - fewshot_scanobjectnn_non_linear_classification - INFO - config.dataset.test.others.subset : test
2023-10-08 05:36:54,219 - fewshot_scanobjectnn_non_linear_classification - INFO - config.dataset.test.others.bs : 32
2023-10-08 05:36:54,219 - fewshot_scanobjectnn_non_linear_classification - INFO - config.model = edict()
2023-10-08 05:36:54,219 - fewshot_scanobjectnn_non_linear_classification - INFO - config.model.NAME : PointTransformer
2023-10-08 05:36:54,219 - fewshot_scanobjectnn_non_linear_classification - INFO - config.model.trans_dim : 384
2023-10-08 05:36:54,219 - fewshot_scanobjectnn_non_linear_classification - INFO - config.model.depth : 12
2023-10-08 05:36:54,219 - fewshot_scanobjectnn_non_linear_classification - INFO - config.model.drop_path_rate : 0.1
2023-10-08 05:36:54,219 - fewshot_scanobjectnn_non_linear_classification - INFO - config.model.cls_dim : 15
2023-10-08 05:36:54,219 - fewshot_scanobjectnn_non_linear_classification - INFO - config.model.num_heads : 6
2023-10-08 05:36:54,219 - fewshot_scanobjectnn_non_linear_classification - INFO - config.model.group_size : 32
2023-10-08 05:36:54,219 - fewshot_scanobjectnn_non_linear_classification - INFO - config.model.num_group : 64
2023-10-08 05:36:54,219 - fewshot_scanobjectnn_non_linear_classification - INFO - config.model.encoder_dims : 384
2023-10-08 05:36:54,219 - fewshot_scanobjectnn_non_linear_classification - INFO - config.npoints : 1024
2023-10-08 05:36:54,219 - fewshot_scanobjectnn_non_linear_classification - INFO - config.total_bs : 32
2023-10-08 05:36:54,219 - fewshot_scanobjectnn_non_linear_classification - INFO - config.step_per_update : 1
2023-10-08 05:36:54,219 - fewshot_scanobjectnn_non_linear_classification - INFO - config.max_epoch : 150
2023-10-08 05:36:54,219 - fewshot_scanobjectnn_non_linear_classification - INFO - config.grad_norm_clip : 10
2023-10-08 05:36:54,219 - fewshot_scanobjectnn_non_linear_classification - INFO - Distributed training: False
2023-10-08 05:36:54,219 - fewshot_scanobjectnn_non_linear_classification - INFO - Set random seed to 0, deterministic: False
2023-10-08 05:36:56,233 - fewshot_scanobjectnn_non_linear_classification - INFO - Using Data parallel ...
2023-10-08 05:37:01,236 - fewshot_scanobjectnn_non_linear_classification - INFO - [Training] EPOCH: 0 EpochTime = 4.998 (s) Losses = ['2.7732', '10.4167'] lr = 0.000001
2023-10-08 05:37:01,776 - fewshot_scanobjectnn_non_linear_classification - INFO - Save checkpoint at ./experiments/fewshot_scanobjectnn_non_linear_classification/cfgs/LR_0.0006/ckpt-last.pth
2023-10-08 05:37:03,045 - fewshot_scanobjectnn_non_linear_classification - INFO - [Training] EPOCH: 1 EpochTime = 1.268 (s) Losses = ['2.7503', '8.3333'] lr = 0.000061
2023-10-08 05:37:05,164 - fewshot_scanobjectnn_non_linear_classification - INFO - [Validation] EPOCH: 1  acc = 10.5000
2023-10-08 05:37:05,615 - fewshot_scanobjectnn_non_linear_classification - INFO - Save checkpoint at ./experiments/fewshot_scanobjectnn_non_linear_classification/cfgs/LR_0.0006/ckpt-best.pth
2023-10-08 05:37:05,616 - fewshot_scanobjectnn_non_linear_classification - INFO - --------------------------------------------------------------------------------------------
2023-10-08 05:37:06,112 - fewshot_scanobjectnn_non_linear_classification - INFO - Save checkpoint at ./experiments/fewshot_scanobjectnn_non_linear_classification/cfgs/LR_0.0006/ckpt-last.pth
2023-10-08 05:37:07,363 - fewshot_scanobjectnn_non_linear_classification - INFO - [Training] EPOCH: 2 EpochTime = 1.250 (s) Losses = ['2.7271', '9.3750'] lr = 0.000121
2023-10-08 05:37:08,821 - fewshot_scanobjectnn_non_linear_classification - INFO - [Validation] EPOCH: 2  acc = 10.5000
2023-10-08 05:37:09,295 - fewshot_scanobjectnn_non_linear_classification - INFO - Save checkpoint at ./experiments/fewshot_scanobjectnn_non_linear_classification/cfgs/LR_0.0006/ckpt-last.pth
2023-10-08 05:37:10,585 - fewshot_scanobjectnn_non_linear_classification - INFO - [Training] EPOCH: 3 EpochTime = 1.288 (s) Losses = ['2.7642', '11.4583'] lr = 0.000181
2023-10-08 05:37:12,018 - fewshot_scanobjectnn_non_linear_classification - INFO - [Validation] EPOCH: 3  acc = 10.0000
2023-10-08 05:37:12,460 - fewshot_scanobjectnn_non_linear_classification - INFO - Save checkpoint at ./experiments/fewshot_scanobjectnn_non_linear_classification/cfgs/LR_0.0006/ckpt-last.pth
2023-10-08 05:37:13,731 - fewshot_scanobjectnn_non_linear_classification - INFO - [Training] EPOCH: 4 EpochTime = 1.269 (s) Losses = ['2.7960', '7.2917'] lr = 0.000241
2023-10-08 05:37:15,172 - fewshot_scanobjectnn_non_linear_classification - INFO - [Validation] EPOCH: 4  acc = 10.0000
2023-10-08 05:37:15,575 - fewshot_scanobjectnn_non_linear_classification - INFO - Save checkpoint at ./experiments/fewshot_scanobjectnn_non_linear_classification/cfgs/LR_0.0006/ckpt-last.pth
2023-10-08 05:37:16,860 - fewshot_scanobjectnn_non_linear_classification - INFO - [Training] EPOCH: 5 EpochTime = 1.283 (s) Losses = ['2.6256', '12.5000'] lr = 0.000300
2023-10-08 05:37:18,303 - fewshot_scanobjectnn_non_linear_classification - INFO - [Validation] EPOCH: 5  acc = 10.5000
2023-10-08 05:37:18,764 - fewshot_scanobjectnn_non_linear_classification - INFO - Save checkpoint at ./experiments/fewshot_scanobjectnn_non_linear_classification/cfgs/LR_0.0006/ckpt-last.pth
2023-10-08 05:37:20,042 - fewshot_scanobjectnn_non_linear_classification - INFO - [Training] EPOCH: 6 EpochTime = 1.277 (s) Losses = ['2.6370', '13.5417'] lr = 0.000360
2023-10-08 05:37:21,460 - fewshot_scanobjectnn_non_linear_classification - INFO - [Validation] EPOCH: 6  acc = 14.5000
2023-10-08 05:37:21,933 - fewshot_scanobjectnn_non_linear_classification - INFO - Save checkpoint at ./experiments/fewshot_scanobjectnn_non_linear_classification/cfgs/LR_0.0006/ckpt-best.pth
2023-10-08 05:37:21,933 - fewshot_scanobjectnn_non_linear_classification - INFO - --------------------------------------------------------------------------------------------
2023-10-08 05:37:22,392 - fewshot_scanobjectnn_non_linear_classification - INFO - Save checkpoint at ./experiments/fewshot_scanobjectnn_non_linear_classification/cfgs/LR_0.0006/ckpt-last.pth
2023-10-08 05:37:23,675 - fewshot_scanobjectnn_non_linear_classification - INFO - [Training] EPOCH: 7 EpochTime = 1.281 (s) Losses = ['2.4764', '15.6250'] lr = 0.000420
2023-10-08 05:37:25,111 - fewshot_scanobjectnn_non_linear_classification - INFO - [Validation] EPOCH: 7  acc = 18.0000
2023-10-08 05:37:25,632 - fewshot_scanobjectnn_non_linear_classification - INFO - Save checkpoint at ./experiments/fewshot_scanobjectnn_non_linear_classification/cfgs/LR_0.0006/ckpt-best.pth
2023-10-08 05:37:25,632 - fewshot_scanobjectnn_non_linear_classification - INFO - --------------------------------------------------------------------------------------------
2023-10-08 05:37:26,085 - fewshot_scanobjectnn_non_linear_classification - INFO - Save checkpoint at ./experiments/fewshot_scanobjectnn_non_linear_classification/cfgs/LR_0.0006/ckpt-last.pth
2023-10-08 05:37:27,364 - fewshot_scanobjectnn_non_linear_classification - INFO - [Training] EPOCH: 8 EpochTime = 1.277 (s) Losses = ['2.4268', '16.6667'] lr = 0.000480
2023-10-08 05:37:28,815 - fewshot_scanobjectnn_non_linear_classification - INFO - [Validation] EPOCH: 8  acc = 21.5000
2023-10-08 05:37:29,302 - fewshot_scanobjectnn_non_linear_classification - INFO - Save checkpoint at ./experiments/fewshot_scanobjectnn_non_linear_classification/cfgs/LR_0.0006/ckpt-best.pth
2023-10-08 05:37:29,303 - fewshot_scanobjectnn_non_linear_classification - INFO - --------------------------------------------------------------------------------------------
2023-10-08 05:37:29,744 - fewshot_scanobjectnn_non_linear_classification - INFO - Save checkpoint at ./experiments/fewshot_scanobjectnn_non_linear_classification/cfgs/LR_0.0006/ckpt-last.pth
2023-10-08 05:37:31,043 - fewshot_scanobjectnn_non_linear_classification - INFO - [Training] EPOCH: 9 EpochTime = 1.297 (s) Losses = ['2.3382', '20.8333'] lr = 0.000540
2023-10-08 05:37:32,488 - fewshot_scanobjectnn_non_linear_classification - INFO - [Validation] EPOCH: 9  acc = 21.0000
2023-10-08 05:37:32,918 - fewshot_scanobjectnn_non_linear_classification - INFO - Save checkpoint at ./experiments/fewshot_scanobjectnn_non_linear_classification/cfgs/LR_0.0006/ckpt-last.pth
2023-10-08 05:37:34,198 - fewshot_scanobjectnn_non_linear_classification - INFO - [Training] EPOCH: 10 EpochTime = 1.278 (s) Losses = ['2.2466', '23.9583'] lr = 0.000593
2023-10-08 05:37:35,629 - fewshot_scanobjectnn_non_linear_classification - INFO - [Validation] EPOCH: 10  acc = 24.0000
2023-10-08 05:37:36,074 - fewshot_scanobjectnn_non_linear_classification - INFO - Save checkpoint at ./experiments/fewshot_scanobjectnn_non_linear_classification/cfgs/LR_0.0006/ckpt-best.pth
2023-10-08 05:37:36,074 - fewshot_scanobjectnn_non_linear_classification - INFO - --------------------------------------------------------------------------------------------
2023-10-08 05:37:36,500 - fewshot_scanobjectnn_non_linear_classification - INFO - Save checkpoint at ./experiments/fewshot_scanobjectnn_non_linear_classification/cfgs/LR_0.0006/ckpt-last.pth
2023-10-08 05:37:37,788 - fewshot_scanobjectnn_non_linear_classification - INFO - [Training] EPOCH: 11 EpochTime = 1.286 (s) Losses = ['2.0970', '32.2917'] lr = 0.000592
2023-10-08 05:37:39,223 - fewshot_scanobjectnn_non_linear_classification - INFO - [Validation] EPOCH: 11  acc = 25.5000
2023-10-08 05:37:39,693 - fewshot_scanobjectnn_non_linear_classification - INFO - Save checkpoint at ./experiments/fewshot_scanobjectnn_non_linear_classification/cfgs/LR_0.0006/ckpt-best.pth
2023-10-08 05:37:39,694 - fewshot_scanobjectnn_non_linear_classification - INFO - --------------------------------------------------------------------------------------------
2023-10-08 05:37:40,151 - fewshot_scanobjectnn_non_linear_classification - INFO - Save checkpoint at ./experiments/fewshot_scanobjectnn_non_linear_classification/cfgs/LR_0.0006/ckpt-last.pth
2023-10-08 05:37:41,408 - fewshot_scanobjectnn_non_linear_classification - INFO - [Training] EPOCH: 12 EpochTime = 1.255 (s) Losses = ['2.0401', '35.4167'] lr = 0.000591
2023-10-08 05:37:42,812 - fewshot_scanobjectnn_non_linear_classification - INFO - [Validation] EPOCH: 12  acc = 23.5000
2023-10-08 05:37:43,291 - fewshot_scanobjectnn_non_linear_classification - INFO - Save checkpoint at ./experiments/fewshot_scanobjectnn_non_linear_classification/cfgs/LR_0.0006/ckpt-last.pth
2023-10-08 05:37:44,584 - fewshot_scanobjectnn_non_linear_classification - INFO - [Training] EPOCH: 13 EpochTime = 1.291 (s) Losses = ['2.0437', '30.2083'] lr = 0.000589
2023-10-08 05:37:46,038 - fewshot_scanobjectnn_non_linear_classification - INFO - [Validation] EPOCH: 13  acc = 23.5000
2023-10-08 05:37:46,471 - fewshot_scanobjectnn_non_linear_classification - INFO - Save checkpoint at ./experiments/fewshot_scanobjectnn_non_linear_classification/cfgs/LR_0.0006/ckpt-last.pth
2023-10-08 05:37:47,732 - fewshot_scanobjectnn_non_linear_classification - INFO - [Training] EPOCH: 14 EpochTime = 1.260 (s) Losses = ['1.9261', '38.5417'] lr = 0.000587
2023-10-08 05:37:49,159 - fewshot_scanobjectnn_non_linear_classification - INFO - [Validation] EPOCH: 14  acc = 25.5000
2023-10-08 05:37:49,598 - fewshot_scanobjectnn_non_linear_classification - INFO - Save checkpoint at ./experiments/fewshot_scanobjectnn_non_linear_classification/cfgs/LR_0.0006/ckpt-last.pth
2023-10-08 05:37:50,872 - fewshot_scanobjectnn_non_linear_classification - INFO - [Training] EPOCH: 15 EpochTime = 1.273 (s) Losses = ['1.9361', '39.5833'] lr = 0.000585
2023-10-08 05:37:52,352 - fewshot_scanobjectnn_non_linear_classification - INFO - [Validation] EPOCH: 15  acc = 25.0000
2023-10-08 05:37:52,807 - fewshot_scanobjectnn_non_linear_classification - INFO - Save checkpoint at ./experiments/fewshot_scanobjectnn_non_linear_classification/cfgs/LR_0.0006/ckpt-last.pth
2023-10-08 05:37:54,076 - fewshot_scanobjectnn_non_linear_classification - INFO - [Training] EPOCH: 16 EpochTime = 1.267 (s) Losses = ['1.8203', '42.7083'] lr = 0.000583
2023-10-08 05:37:55,520 - fewshot_scanobjectnn_non_linear_classification - INFO - [Validation] EPOCH: 16  acc = 26.5000
2023-10-08 05:37:56,026 - fewshot_scanobjectnn_non_linear_classification - INFO - Save checkpoint at ./experiments/fewshot_scanobjectnn_non_linear_classification/cfgs/LR_0.0006/ckpt-best.pth
2023-10-08 05:37:56,027 - fewshot_scanobjectnn_non_linear_classification - INFO - --------------------------------------------------------------------------------------------
2023-10-08 05:37:56,486 - fewshot_scanobjectnn_non_linear_classification - INFO - Save checkpoint at ./experiments/fewshot_scanobjectnn_non_linear_classification/cfgs/LR_0.0006/ckpt-last.pth
2023-10-08 05:37:57,788 - fewshot_scanobjectnn_non_linear_classification - INFO - [Training] EPOCH: 17 EpochTime = 1.301 (s) Losses = ['1.7788', '44.7917'] lr = 0.000581
2023-10-08 05:37:59,200 - fewshot_scanobjectnn_non_linear_classification - INFO - [Validation] EPOCH: 17  acc = 28.0000
2023-10-08 05:37:59,622 - fewshot_scanobjectnn_non_linear_classification - INFO - Save checkpoint at ./experiments/fewshot_scanobjectnn_non_linear_classification/cfgs/LR_0.0006/ckpt-best.pth
2023-10-08 05:37:59,622 - fewshot_scanobjectnn_non_linear_classification - INFO - --------------------------------------------------------------------------------------------
2023-10-08 05:38:00,074 - fewshot_scanobjectnn_non_linear_classification - INFO - Save checkpoint at ./experiments/fewshot_scanobjectnn_non_linear_classification/cfgs/LR_0.0006/ckpt-last.pth
2023-10-08 05:38:01,333 - fewshot_scanobjectnn_non_linear_classification - INFO - [Training] EPOCH: 18 EpochTime = 1.257 (s) Losses = ['1.6763', '46.8750'] lr = 0.000579
2023-10-08 05:38:02,748 - fewshot_scanobjectnn_non_linear_classification - INFO - [Validation] EPOCH: 18  acc = 31.5000
2023-10-08 05:38:03,167 - fewshot_scanobjectnn_non_linear_classification - INFO - Save checkpoint at ./experiments/fewshot_scanobjectnn_non_linear_classification/cfgs/LR_0.0006/ckpt-best.pth
2023-10-08 05:38:03,167 - fewshot_scanobjectnn_non_linear_classification - INFO - --------------------------------------------------------------------------------------------
2023-10-08 05:38:03,652 - fewshot_scanobjectnn_non_linear_classification - INFO - Save checkpoint at ./experiments/fewshot_scanobjectnn_non_linear_classification/cfgs/LR_0.0006/ckpt-last.pth
2023-10-08 05:38:04,920 - fewshot_scanobjectnn_non_linear_classification - INFO - [Training] EPOCH: 19 EpochTime = 1.266 (s) Losses = ['1.6444', '46.8750'] lr = 0.000577
2023-10-08 05:38:06,329 - fewshot_scanobjectnn_non_linear_classification - INFO - [Validation] EPOCH: 19  acc = 32.5000
2023-10-08 05:38:06,769 - fewshot_scanobjectnn_non_linear_classification - INFO - Save checkpoint at ./experiments/fewshot_scanobjectnn_non_linear_classification/cfgs/LR_0.0006/ckpt-best.pth
2023-10-08 05:38:06,769 - fewshot_scanobjectnn_non_linear_classification - INFO - --------------------------------------------------------------------------------------------
2023-10-08 05:38:07,193 - fewshot_scanobjectnn_non_linear_classification - INFO - Save checkpoint at ./experiments/fewshot_scanobjectnn_non_linear_classification/cfgs/LR_0.0006/ckpt-last.pth
2023-10-08 05:38:08,463 - fewshot_scanobjectnn_non_linear_classification - INFO - [Training] EPOCH: 20 EpochTime = 1.269 (s) Losses = ['1.6311', '54.1667'] lr = 0.000574
2023-10-08 05:38:09,960 - fewshot_scanobjectnn_non_linear_classification - INFO - [Validation] EPOCH: 20  acc = 31.0000
2023-10-08 05:38:10,509 - fewshot_scanobjectnn_non_linear_classification - INFO - Save checkpoint at ./experiments/fewshot_scanobjectnn_non_linear_classification/cfgs/LR_0.0006/ckpt-last.pth
2023-10-08 05:38:11,886 - fewshot_scanobjectnn_non_linear_classification - INFO - [Training] EPOCH: 21 EpochTime = 1.375 (s) Losses = ['1.6226', '51.0417'] lr = 0.000571
2023-10-08 05:38:13,310 - fewshot_scanobjectnn_non_linear_classification - INFO - [Validation] EPOCH: 21  acc = 29.5000
2023-10-08 05:38:13,743 - fewshot_scanobjectnn_non_linear_classification - INFO - Save checkpoint at ./experiments/fewshot_scanobjectnn_non_linear_classification/cfgs/LR_0.0006/ckpt-last.pth
2023-10-08 05:38:15,022 - fewshot_scanobjectnn_non_linear_classification - INFO - [Training] EPOCH: 22 EpochTime = 1.278 (s) Losses = ['1.5227', '52.0833'] lr = 0.000569
2023-10-08 05:38:16,447 - fewshot_scanobjectnn_non_linear_classification - INFO - [Validation] EPOCH: 22  acc = 30.0000
2023-10-08 05:38:16,973 - fewshot_scanobjectnn_non_linear_classification - INFO - Save checkpoint at ./experiments/fewshot_scanobjectnn_non_linear_classification/cfgs/LR_0.0006/ckpt-last.pth
2023-10-08 05:38:18,246 - fewshot_scanobjectnn_non_linear_classification - INFO - [Training] EPOCH: 23 EpochTime = 1.272 (s) Losses = ['1.4248', '61.4583'] lr = 0.000566
2023-10-08 05:38:19,664 - fewshot_scanobjectnn_non_linear_classification - INFO - [Validation] EPOCH: 23  acc = 31.0000
2023-10-08 05:38:20,178 - fewshot_scanobjectnn_non_linear_classification - INFO - Save checkpoint at ./experiments/fewshot_scanobjectnn_non_linear_classification/cfgs/LR_0.0006/ckpt-last.pth
2023-10-08 05:38:21,464 - fewshot_scanobjectnn_non_linear_classification - INFO - [Training] EPOCH: 24 EpochTime = 1.285 (s) Losses = ['1.4377', '62.5000'] lr = 0.000563
2023-10-08 05:38:22,899 - fewshot_scanobjectnn_non_linear_classification - INFO - [Validation] EPOCH: 24  acc = 32.0000
2023-10-08 05:38:23,358 - fewshot_scanobjectnn_non_linear_classification - INFO - Save checkpoint at ./experiments/fewshot_scanobjectnn_non_linear_classification/cfgs/LR_0.0006/ckpt-last.pth
2023-10-08 05:38:24,632 - fewshot_scanobjectnn_non_linear_classification - INFO - [Training] EPOCH: 25 EpochTime = 1.273 (s) Losses = ['1.3824', '60.4167'] lr = 0.000560
2023-10-08 05:38:26,061 - fewshot_scanobjectnn_non_linear_classification - INFO - [Validation] EPOCH: 25  acc = 29.5000
2023-10-08 05:38:26,533 - fewshot_scanobjectnn_non_linear_classification - INFO - Save checkpoint at ./experiments/fewshot_scanobjectnn_non_linear_classification/cfgs/LR_0.0006/ckpt-last.pth
2023-10-08 05:38:27,795 - fewshot_scanobjectnn_non_linear_classification - INFO - [Training] EPOCH: 26 EpochTime = 1.260 (s) Losses = ['1.3234', '62.5000'] lr = 0.000557
2023-10-08 05:38:29,211 - fewshot_scanobjectnn_non_linear_classification - INFO - [Validation] EPOCH: 26  acc = 29.5000
2023-10-08 05:38:29,647 - fewshot_scanobjectnn_non_linear_classification - INFO - Save checkpoint at ./experiments/fewshot_scanobjectnn_non_linear_classification/cfgs/LR_0.0006/ckpt-last.pth
2023-10-08 05:38:30,903 - fewshot_scanobjectnn_non_linear_classification - INFO - [Training] EPOCH: 27 EpochTime = 1.254 (s) Losses = ['1.3407', '67.7083'] lr = 0.000553
2023-10-08 05:38:32,330 - fewshot_scanobjectnn_non_linear_classification - INFO - [Validation] EPOCH: 27  acc = 32.0000
2023-10-08 05:38:32,823 - fewshot_scanobjectnn_non_linear_classification - INFO - Save checkpoint at ./experiments/fewshot_scanobjectnn_non_linear_classification/cfgs/LR_0.0006/ckpt-last.pth
2023-10-08 05:38:34,010 - fewshot_scanobjectnn_non_linear_classification - INFO - [Training] EPOCH: 28 EpochTime = 1.186 (s) Losses = ['1.3058', '72.9167'] lr = 0.000550
2023-10-08 05:38:35,355 - fewshot_scanobjectnn_non_linear_classification - INFO - [Validation] EPOCH: 28  acc = 34.0000
2023-10-08 05:38:35,834 - fewshot_scanobjectnn_non_linear_classification - INFO - Save checkpoint at ./experiments/fewshot_scanobjectnn_non_linear_classification/cfgs/LR_0.0006/ckpt-best.pth
2023-10-08 05:38:35,834 - fewshot_scanobjectnn_non_linear_classification - INFO - --------------------------------------------------------------------------------------------
2023-10-08 05:38:36,299 - fewshot_scanobjectnn_non_linear_classification - INFO - Save checkpoint at ./experiments/fewshot_scanobjectnn_non_linear_classification/cfgs/LR_0.0006/ckpt-last.pth
2023-10-08 05:38:37,565 - fewshot_scanobjectnn_non_linear_classification - INFO - [Training] EPOCH: 29 EpochTime = 1.264 (s) Losses = ['1.1951', '70.8333'] lr = 0.000546
2023-10-08 05:38:39,090 - fewshot_scanobjectnn_non_linear_classification - INFO - [Validation] EPOCH: 29  acc = 36.0000
2023-10-08 05:38:39,604 - fewshot_scanobjectnn_non_linear_classification - INFO - Save checkpoint at ./experiments/fewshot_scanobjectnn_non_linear_classification/cfgs/LR_0.0006/ckpt-best.pth
2023-10-08 05:38:39,604 - fewshot_scanobjectnn_non_linear_classification - INFO - --------------------------------------------------------------------------------------------
2023-10-08 05:38:40,102 - fewshot_scanobjectnn_non_linear_classification - INFO - Save checkpoint at ./experiments/fewshot_scanobjectnn_non_linear_classification/cfgs/LR_0.0006/ckpt-last.pth
2023-10-08 05:38:41,379 - fewshot_scanobjectnn_non_linear_classification - INFO - [Training] EPOCH: 30 EpochTime = 1.274 (s) Losses = ['1.1888', '70.8333'] lr = 0.000543
2023-10-08 05:38:42,855 - fewshot_scanobjectnn_non_linear_classification - INFO - [Validation] EPOCH: 30  acc = 34.5000
2023-10-08 05:38:43,305 - fewshot_scanobjectnn_non_linear_classification - INFO - Save checkpoint at ./experiments/fewshot_scanobjectnn_non_linear_classification/cfgs/LR_0.0006/ckpt-last.pth
2023-10-08 05:38:44,568 - fewshot_scanobjectnn_non_linear_classification - INFO - [Training] EPOCH: 31 EpochTime = 1.262 (s) Losses = ['1.1604', '79.1667'] lr = 0.000539
2023-10-08 05:38:46,025 - fewshot_scanobjectnn_non_linear_classification - INFO - [Validation] EPOCH: 31  acc = 32.5000
2023-10-08 05:38:46,539 - fewshot_scanobjectnn_non_linear_classification - INFO - Save checkpoint at ./experiments/fewshot_scanobjectnn_non_linear_classification/cfgs/LR_0.0006/ckpt-last.pth
2023-10-08 05:38:47,818 - fewshot_scanobjectnn_non_linear_classification - INFO - [Training] EPOCH: 32 EpochTime = 1.277 (s) Losses = ['1.1429', '75.0000'] lr = 0.000535
2023-10-08 05:38:49,263 - fewshot_scanobjectnn_non_linear_classification - INFO - [Validation] EPOCH: 32  acc = 33.5000
2023-10-08 05:38:49,689 - fewshot_scanobjectnn_non_linear_classification - INFO - Save checkpoint at ./experiments/fewshot_scanobjectnn_non_linear_classification/cfgs/LR_0.0006/ckpt-last.pth
2023-10-08 05:38:50,975 - fewshot_scanobjectnn_non_linear_classification - INFO - [Training] EPOCH: 33 EpochTime = 1.285 (s) Losses = ['1.0696', '76.0417'] lr = 0.000531
2023-10-08 05:38:52,387 - fewshot_scanobjectnn_non_linear_classification - INFO - [Validation] EPOCH: 33  acc = 37.0000
2023-10-08 05:38:52,944 - fewshot_scanobjectnn_non_linear_classification - INFO - Save checkpoint at ./experiments/fewshot_scanobjectnn_non_linear_classification/cfgs/LR_0.0006/ckpt-best.pth
2023-10-08 05:38:52,945 - fewshot_scanobjectnn_non_linear_classification - INFO - --------------------------------------------------------------------------------------------
2023-10-08 05:38:53,436 - fewshot_scanobjectnn_non_linear_classification - INFO - Save checkpoint at ./experiments/fewshot_scanobjectnn_non_linear_classification/cfgs/LR_0.0006/ckpt-last.pth
2023-10-08 05:38:54,705 - fewshot_scanobjectnn_non_linear_classification - INFO - [Training] EPOCH: 34 EpochTime = 1.267 (s) Losses = ['1.0643', '73.9583'] lr = 0.000527
2023-10-08 05:38:56,118 - fewshot_scanobjectnn_non_linear_classification - INFO - [Validation] EPOCH: 34  acc = 32.0000
2023-10-08 05:38:56,578 - fewshot_scanobjectnn_non_linear_classification - INFO - Save checkpoint at ./experiments/fewshot_scanobjectnn_non_linear_classification/cfgs/LR_0.0006/ckpt-last.pth
2023-10-08 05:38:57,844 - fewshot_scanobjectnn_non_linear_classification - INFO - [Training] EPOCH: 35 EpochTime = 1.264 (s) Losses = ['0.9923', '79.1667'] lr = 0.000523
2023-10-08 05:38:59,280 - fewshot_scanobjectnn_non_linear_classification - INFO - [Validation] EPOCH: 35  acc = 32.5000
2023-10-08 05:38:59,748 - fewshot_scanobjectnn_non_linear_classification - INFO - Save checkpoint at ./experiments/fewshot_scanobjectnn_non_linear_classification/cfgs/LR_0.0006/ckpt-last.pth
2023-10-08 05:39:00,991 - fewshot_scanobjectnn_non_linear_classification - INFO - [Training] EPOCH: 36 EpochTime = 1.241 (s) Losses = ['0.9536', '80.2083'] lr = 0.000519
2023-10-08 05:39:02,386 - fewshot_scanobjectnn_non_linear_classification - INFO - [Validation] EPOCH: 36  acc = 31.5000
2023-10-08 05:39:02,924 - fewshot_scanobjectnn_non_linear_classification - INFO - Save checkpoint at ./experiments/fewshot_scanobjectnn_non_linear_classification/cfgs/LR_0.0006/ckpt-last.pth
2023-10-08 05:39:04,173 - fewshot_scanobjectnn_non_linear_classification - INFO - [Training] EPOCH: 37 EpochTime = 1.248 (s) Losses = ['0.9313', '82.2917'] lr = 0.000514
2023-10-08 05:39:05,587 - fewshot_scanobjectnn_non_linear_classification - INFO - [Validation] EPOCH: 37  acc = 33.0000
2023-10-08 05:39:06,067 - fewshot_scanobjectnn_non_linear_classification - INFO - Save checkpoint at ./experiments/fewshot_scanobjectnn_non_linear_classification/cfgs/LR_0.0006/ckpt-last.pth
2023-10-08 05:39:07,336 - fewshot_scanobjectnn_non_linear_classification - INFO - [Training] EPOCH: 38 EpochTime = 1.268 (s) Losses = ['0.9295', '77.0833'] lr = 0.000510
2023-10-08 05:39:08,743 - fewshot_scanobjectnn_non_linear_classification - INFO - [Validation] EPOCH: 38  acc = 34.0000
2023-10-08 05:39:09,266 - fewshot_scanobjectnn_non_linear_classification - INFO - Save checkpoint at ./experiments/fewshot_scanobjectnn_non_linear_classification/cfgs/LR_0.0006/ckpt-last.pth
2023-10-08 05:39:10,525 - fewshot_scanobjectnn_non_linear_classification - INFO - [Training] EPOCH: 39 EpochTime = 1.258 (s) Losses = ['0.8589', '86.4583'] lr = 0.000506
2023-10-08 05:39:11,932 - fewshot_scanobjectnn_non_linear_classification - INFO - [Validation] EPOCH: 39  acc = 36.0000
2023-10-08 05:39:12,474 - fewshot_scanobjectnn_non_linear_classification - INFO - Save checkpoint at ./experiments/fewshot_scanobjectnn_non_linear_classification/cfgs/LR_0.0006/ckpt-last.pth
2023-10-08 05:39:13,737 - fewshot_scanobjectnn_non_linear_classification - INFO - [Training] EPOCH: 40 EpochTime = 1.262 (s) Losses = ['0.8689', '82.2917'] lr = 0.000501
2023-10-08 05:39:15,149 - fewshot_scanobjectnn_non_linear_classification - INFO - [Validation] EPOCH: 40  acc = 38.0000
2023-10-08 05:39:15,797 - fewshot_scanobjectnn_non_linear_classification - INFO - Save checkpoint at ./experiments/fewshot_scanobjectnn_non_linear_classification/cfgs/LR_0.0006/ckpt-best.pth
2023-10-08 05:39:15,797 - fewshot_scanobjectnn_non_linear_classification - INFO - --------------------------------------------------------------------------------------------
2023-10-08 05:39:16,898 - fewshot_scanobjectnn_non_linear_classification - INFO - Save checkpoint at ./experiments/fewshot_scanobjectnn_non_linear_classification/cfgs/LR_0.0006/ckpt-last.pth
2023-10-08 05:39:18,236 - fewshot_scanobjectnn_non_linear_classification - INFO - [Training] EPOCH: 41 EpochTime = 1.337 (s) Losses = ['0.8300', '83.3333'] lr = 0.000496
2023-10-08 05:39:19,702 - fewshot_scanobjectnn_non_linear_classification - INFO - [Validation] EPOCH: 41  acc = 39.0000
2023-10-08 05:39:20,189 - fewshot_scanobjectnn_non_linear_classification - INFO - Save checkpoint at ./experiments/fewshot_scanobjectnn_non_linear_classification/cfgs/LR_0.0006/ckpt-best.pth
2023-10-08 05:39:20,189 - fewshot_scanobjectnn_non_linear_classification - INFO - --------------------------------------------------------------------------------------------
2023-10-08 05:39:20,656 - fewshot_scanobjectnn_non_linear_classification - INFO - Save checkpoint at ./experiments/fewshot_scanobjectnn_non_linear_classification/cfgs/LR_0.0006/ckpt-last.pth
2023-10-08 05:39:22,029 - fewshot_scanobjectnn_non_linear_classification - INFO - [Training] EPOCH: 42 EpochTime = 1.370 (s) Losses = ['0.7926', '87.5000'] lr = 0.000491
2023-10-08 05:39:23,450 - fewshot_scanobjectnn_non_linear_classification - INFO - [Validation] EPOCH: 42  acc = 37.0000
2023-10-08 05:39:23,926 - fewshot_scanobjectnn_non_linear_classification - INFO - Save checkpoint at ./experiments/fewshot_scanobjectnn_non_linear_classification/cfgs/LR_0.0006/ckpt-last.pth
2023-10-08 05:39:25,209 - fewshot_scanobjectnn_non_linear_classification - INFO - [Training] EPOCH: 43 EpochTime = 1.282 (s) Losses = ['0.7747', '88.5417'] lr = 0.000487
2023-10-08 05:39:26,702 - fewshot_scanobjectnn_non_linear_classification - INFO - [Validation] EPOCH: 43  acc = 38.0000
2023-10-08 05:39:27,263 - fewshot_scanobjectnn_non_linear_classification - INFO - Save checkpoint at ./experiments/fewshot_scanobjectnn_non_linear_classification/cfgs/LR_0.0006/ckpt-last.pth
2023-10-08 05:39:28,524 - fewshot_scanobjectnn_non_linear_classification - INFO - [Training] EPOCH: 44 EpochTime = 1.260 (s) Losses = ['0.6845', '87.5000'] lr = 0.000482
2023-10-08 05:39:29,928 - fewshot_scanobjectnn_non_linear_classification - INFO - [Validation] EPOCH: 44  acc = 37.5000
2023-10-08 05:39:30,441 - fewshot_scanobjectnn_non_linear_classification - INFO - Save checkpoint at ./experiments/fewshot_scanobjectnn_non_linear_classification/cfgs/LR_0.0006/ckpt-last.pth
2023-10-08 05:39:31,675 - fewshot_scanobjectnn_non_linear_classification - INFO - [Training] EPOCH: 45 EpochTime = 1.232 (s) Losses = ['0.7263', '84.3750'] lr = 0.000477
2023-10-08 05:39:33,045 - fewshot_scanobjectnn_non_linear_classification - INFO - [Validation] EPOCH: 45  acc = 36.0000
2023-10-08 05:39:33,576 - fewshot_scanobjectnn_non_linear_classification - INFO - Save checkpoint at ./experiments/fewshot_scanobjectnn_non_linear_classification/cfgs/LR_0.0006/ckpt-last.pth
2023-10-08 05:39:34,821 - fewshot_scanobjectnn_non_linear_classification - INFO - [Training] EPOCH: 46 EpochTime = 1.243 (s) Losses = ['0.7425', '85.4167'] lr = 0.000471
2023-10-08 05:39:36,207 - fewshot_scanobjectnn_non_linear_classification - INFO - [Validation] EPOCH: 46  acc = 35.5000
2023-10-08 05:39:36,697 - fewshot_scanobjectnn_non_linear_classification - INFO - Save checkpoint at ./experiments/fewshot_scanobjectnn_non_linear_classification/cfgs/LR_0.0006/ckpt-last.pth
2023-10-08 05:39:37,937 - fewshot_scanobjectnn_non_linear_classification - INFO - [Training] EPOCH: 47 EpochTime = 1.239 (s) Losses = ['0.6422', '90.6250'] lr = 0.000466
2023-10-08 05:39:39,322 - fewshot_scanobjectnn_non_linear_classification - INFO - [Validation] EPOCH: 47  acc = 36.0000
2023-10-08 05:39:39,815 - fewshot_scanobjectnn_non_linear_classification - INFO - Save checkpoint at ./experiments/fewshot_scanobjectnn_non_linear_classification/cfgs/LR_0.0006/ckpt-last.pth
2023-10-08 05:39:41,057 - fewshot_scanobjectnn_non_linear_classification - INFO - [Training] EPOCH: 48 EpochTime = 1.241 (s) Losses = ['0.6549', '91.6667'] lr = 0.000461
2023-10-08 05:39:42,466 - fewshot_scanobjectnn_non_linear_classification - INFO - [Validation] EPOCH: 48  acc = 36.0000
2023-10-08 05:39:42,942 - fewshot_scanobjectnn_non_linear_classification - INFO - Save checkpoint at ./experiments/fewshot_scanobjectnn_non_linear_classification/cfgs/LR_0.0006/ckpt-last.pth
2023-10-08 05:39:44,194 - fewshot_scanobjectnn_non_linear_classification - INFO - [Training] EPOCH: 49 EpochTime = 1.250 (s) Losses = ['0.6603', '88.5417'] lr = 0.000456
2023-10-08 05:39:45,579 - fewshot_scanobjectnn_non_linear_classification - INFO - [Validation] EPOCH: 49  acc = 37.0000
2023-10-08 05:39:46,111 - fewshot_scanobjectnn_non_linear_classification - INFO - Save checkpoint at ./experiments/fewshot_scanobjectnn_non_linear_classification/cfgs/LR_0.0006/ckpt-last.pth
2023-10-08 05:39:47,379 - fewshot_scanobjectnn_non_linear_classification - INFO - [Training] EPOCH: 50 EpochTime = 1.267 (s) Losses = ['0.5493', '93.7500'] lr = 0.000450
2023-10-08 05:39:48,743 - fewshot_scanobjectnn_non_linear_classification - INFO - [Validation] EPOCH: 50  acc = 36.0000
2023-10-08 05:39:49,338 - fewshot_scanobjectnn_non_linear_classification - INFO - Save checkpoint at ./experiments/fewshot_scanobjectnn_non_linear_classification/cfgs/LR_0.0006/ckpt-last.pth
2023-10-08 05:39:50,581 - fewshot_scanobjectnn_non_linear_classification - INFO - [Training] EPOCH: 51 EpochTime = 1.241 (s) Losses = ['0.5883', '87.5000'] lr = 0.000445
2023-10-08 05:39:51,995 - fewshot_scanobjectnn_non_linear_classification - INFO - [Validation] EPOCH: 51  acc = 37.0000
2023-10-08 05:39:52,497 - fewshot_scanobjectnn_non_linear_classification - INFO - Save checkpoint at ./experiments/fewshot_scanobjectnn_non_linear_classification/cfgs/LR_0.0006/ckpt-last.pth
2023-10-08 05:39:53,722 - fewshot_scanobjectnn_non_linear_classification - INFO - [Training] EPOCH: 52 EpochTime = 1.223 (s) Losses = ['0.5386', '93.7500'] lr = 0.000439
2023-10-08 05:39:55,083 - fewshot_scanobjectnn_non_linear_classification - INFO - [Validation] EPOCH: 52  acc = 38.0000
2023-10-08 05:39:55,549 - fewshot_scanobjectnn_non_linear_classification - INFO - Save checkpoint at ./experiments/fewshot_scanobjectnn_non_linear_classification/cfgs/LR_0.0006/ckpt-last.pth
2023-10-08 05:39:56,786 - fewshot_scanobjectnn_non_linear_classification - INFO - [Training] EPOCH: 53 EpochTime = 1.235 (s) Losses = ['0.4577', '92.7083'] lr = 0.000434
2023-10-08 05:39:58,164 - fewshot_scanobjectnn_non_linear_classification - INFO - [Validation] EPOCH: 53  acc = 36.0000
2023-10-08 05:39:58,734 - fewshot_scanobjectnn_non_linear_classification - INFO - Save checkpoint at ./experiments/fewshot_scanobjectnn_non_linear_classification/cfgs/LR_0.0006/ckpt-last.pth
2023-10-08 05:39:59,965 - fewshot_scanobjectnn_non_linear_classification - INFO - [Training] EPOCH: 54 EpochTime = 1.230 (s) Losses = ['0.5694', '92.7083'] lr = 0.000428
2023-10-08 05:40:01,328 - fewshot_scanobjectnn_non_linear_classification - INFO - [Validation] EPOCH: 54  acc = 38.5000
2023-10-08 05:40:01,910 - fewshot_scanobjectnn_non_linear_classification - INFO - Save checkpoint at ./experiments/fewshot_scanobjectnn_non_linear_classification/cfgs/LR_0.0006/ckpt-last.pth
2023-10-08 05:40:03,140 - fewshot_scanobjectnn_non_linear_classification - INFO - [Training] EPOCH: 55 EpochTime = 1.228 (s) Losses = ['0.5426', '94.7917'] lr = 0.000422
2023-10-08 05:40:04,541 - fewshot_scanobjectnn_non_linear_classification - INFO - [Validation] EPOCH: 55  acc = 38.5000
2023-10-08 05:40:05,038 - fewshot_scanobjectnn_non_linear_classification - INFO - Save checkpoint at ./experiments/fewshot_scanobjectnn_non_linear_classification/cfgs/LR_0.0006/ckpt-last.pth
2023-10-08 05:40:06,285 - fewshot_scanobjectnn_non_linear_classification - INFO - [Training] EPOCH: 56 EpochTime = 1.246 (s) Losses = ['0.4470', '95.8333'] lr = 0.000417
2023-10-08 05:40:07,648 - fewshot_scanobjectnn_non_linear_classification - INFO - [Validation] EPOCH: 56  acc = 40.0000
2023-10-08 05:40:08,201 - fewshot_scanobjectnn_non_linear_classification - INFO - Save checkpoint at ./experiments/fewshot_scanobjectnn_non_linear_classification/cfgs/LR_0.0006/ckpt-best.pth
2023-10-08 05:40:08,201 - fewshot_scanobjectnn_non_linear_classification - INFO - --------------------------------------------------------------------------------------------
2023-10-08 05:40:08,619 - fewshot_scanobjectnn_non_linear_classification - INFO - Save checkpoint at ./experiments/fewshot_scanobjectnn_non_linear_classification/cfgs/LR_0.0006/ckpt-last.pth
2023-10-08 05:40:09,838 - fewshot_scanobjectnn_non_linear_classification - INFO - [Training] EPOCH: 57 EpochTime = 1.218 (s) Losses = ['0.4296', '95.8333'] lr = 0.000411
2023-10-08 05:40:11,208 - fewshot_scanobjectnn_non_linear_classification - INFO - [Validation] EPOCH: 57  acc = 38.5000
2023-10-08 05:40:11,823 - fewshot_scanobjectnn_non_linear_classification - INFO - Save checkpoint at ./experiments/fewshot_scanobjectnn_non_linear_classification/cfgs/LR_0.0006/ckpt-last.pth
2023-10-08 05:40:13,133 - fewshot_scanobjectnn_non_linear_classification - INFO - [Training] EPOCH: 58 EpochTime = 1.308 (s) Losses = ['0.4290', '94.7917'] lr = 0.000405
2023-10-08 05:40:14,649 - fewshot_scanobjectnn_non_linear_classification - INFO - [Validation] EPOCH: 58  acc = 39.5000
2023-10-08 05:40:15,336 - fewshot_scanobjectnn_non_linear_classification - INFO - Save checkpoint at ./experiments/fewshot_scanobjectnn_non_linear_classification/cfgs/LR_0.0006/ckpt-last.pth
2023-10-08 05:40:16,673 - fewshot_scanobjectnn_non_linear_classification - INFO - [Training] EPOCH: 59 EpochTime = 1.336 (s) Losses = ['0.3925', '96.8750'] lr = 0.000399
2023-10-08 05:40:18,077 - fewshot_scanobjectnn_non_linear_classification - INFO - [Validation] EPOCH: 59  acc = 38.5000
2023-10-08 05:40:18,854 - fewshot_scanobjectnn_non_linear_classification - INFO - Save checkpoint at ./experiments/fewshot_scanobjectnn_non_linear_classification/cfgs/LR_0.0006/ckpt-last.pth
2023-10-08 05:40:20,092 - fewshot_scanobjectnn_non_linear_classification - INFO - [Training] EPOCH: 60 EpochTime = 1.237 (s) Losses = ['0.4039', '94.7917'] lr = 0.000393
2023-10-08 05:40:21,472 - fewshot_scanobjectnn_non_linear_classification - INFO - [Validation] EPOCH: 60  acc = 40.0000
2023-10-08 05:40:22,277 - fewshot_scanobjectnn_non_linear_classification - INFO - Save checkpoint at ./experiments/fewshot_scanobjectnn_non_linear_classification/cfgs/LR_0.0006/ckpt-last.pth
2023-10-08 05:40:23,521 - fewshot_scanobjectnn_non_linear_classification - INFO - [Training] EPOCH: 61 EpochTime = 1.243 (s) Losses = ['0.4505', '93.7500'] lr = 0.000387
2023-10-08 05:40:24,915 - fewshot_scanobjectnn_non_linear_classification - INFO - [Validation] EPOCH: 61  acc = 42.5000
2023-10-08 05:40:25,765 - fewshot_scanobjectnn_non_linear_classification - INFO - Save checkpoint at ./experiments/fewshot_scanobjectnn_non_linear_classification/cfgs/LR_0.0006/ckpt-best.pth
2023-10-08 05:40:25,765 - fewshot_scanobjectnn_non_linear_classification - INFO - --------------------------------------------------------------------------------------------
2023-10-08 05:40:26,558 - fewshot_scanobjectnn_non_linear_classification - INFO - Save checkpoint at ./experiments/fewshot_scanobjectnn_non_linear_classification/cfgs/LR_0.0006/ckpt-last.pth
2023-10-08 05:40:27,815 - fewshot_scanobjectnn_non_linear_classification - INFO - [Training] EPOCH: 62 EpochTime = 1.255 (s) Losses = ['0.4201', '97.9167'] lr = 0.000381
2023-10-08 05:40:29,177 - fewshot_scanobjectnn_non_linear_classification - INFO - [Validation] EPOCH: 62  acc = 43.5000
2023-10-08 05:40:29,848 - fewshot_scanobjectnn_non_linear_classification - INFO - Save checkpoint at ./experiments/fewshot_scanobjectnn_non_linear_classification/cfgs/LR_0.0006/ckpt-best.pth
2023-10-08 05:40:29,848 - fewshot_scanobjectnn_non_linear_classification - INFO - --------------------------------------------------------------------------------------------
2023-10-08 05:40:30,662 - fewshot_scanobjectnn_non_linear_classification - INFO - Save checkpoint at ./experiments/fewshot_scanobjectnn_non_linear_classification/cfgs/LR_0.0006/ckpt-last.pth
2023-10-08 05:40:31,932 - fewshot_scanobjectnn_non_linear_classification - INFO - [Training] EPOCH: 63 EpochTime = 1.268 (s) Losses = ['0.3932', '95.8333'] lr = 0.000375
2023-10-08 05:40:33,330 - fewshot_scanobjectnn_non_linear_classification - INFO - [Validation] EPOCH: 63  acc = 43.0000
2023-10-08 05:40:34,129 - fewshot_scanobjectnn_non_linear_classification - INFO - Save checkpoint at ./experiments/fewshot_scanobjectnn_non_linear_classification/cfgs/LR_0.0006/ckpt-last.pth
2023-10-08 05:40:35,381 - fewshot_scanobjectnn_non_linear_classification - INFO - [Training] EPOCH: 64 EpochTime = 1.251 (s) Losses = ['0.3611', '97.9167'] lr = 0.000369
2023-10-08 05:40:36,798 - fewshot_scanobjectnn_non_linear_classification - INFO - [Validation] EPOCH: 64  acc = 43.0000
2023-10-08 05:40:37,646 - fewshot_scanobjectnn_non_linear_classification - INFO - Save checkpoint at ./experiments/fewshot_scanobjectnn_non_linear_classification/cfgs/LR_0.0006/ckpt-last.pth
2023-10-08 05:40:38,869 - fewshot_scanobjectnn_non_linear_classification - INFO - [Training] EPOCH: 65 EpochTime = 1.222 (s) Losses = ['0.4233', '92.7083'] lr = 0.000363
2023-10-08 05:40:40,243 - fewshot_scanobjectnn_non_linear_classification - INFO - [Validation] EPOCH: 65  acc = 42.0000
2023-10-08 05:40:40,852 - fewshot_scanobjectnn_non_linear_classification - INFO - Save checkpoint at ./experiments/fewshot_scanobjectnn_non_linear_classification/cfgs/LR_0.0006/ckpt-last.pth
2023-10-08 05:40:42,089 - fewshot_scanobjectnn_non_linear_classification - INFO - [Training] EPOCH: 66 EpochTime = 1.236 (s) Losses = ['0.3311', '94.7917'] lr = 0.000357
2023-10-08 05:40:43,464 - fewshot_scanobjectnn_non_linear_classification - INFO - [Validation] EPOCH: 66  acc = 41.5000
2023-10-08 05:40:43,961 - fewshot_scanobjectnn_non_linear_classification - INFO - Save checkpoint at ./experiments/fewshot_scanobjectnn_non_linear_classification/cfgs/LR_0.0006/ckpt-last.pth
2023-10-08 05:40:45,196 - fewshot_scanobjectnn_non_linear_classification - INFO - [Training] EPOCH: 67 EpochTime = 1.233 (s) Losses = ['0.3218', '97.9167'] lr = 0.000350
2023-10-08 05:40:46,604 - fewshot_scanobjectnn_non_linear_classification - INFO - [Validation] EPOCH: 67  acc = 37.5000
2023-10-08 05:40:47,183 - fewshot_scanobjectnn_non_linear_classification - INFO - Save checkpoint at ./experiments/fewshot_scanobjectnn_non_linear_classification/cfgs/LR_0.0006/ckpt-last.pth
2023-10-08 05:40:48,413 - fewshot_scanobjectnn_non_linear_classification - INFO - [Training] EPOCH: 68 EpochTime = 1.228 (s) Losses = ['0.3323', '94.7917'] lr = 0.000344
2023-10-08 05:40:49,800 - fewshot_scanobjectnn_non_linear_classification - INFO - [Validation] EPOCH: 68  acc = 37.5000
2023-10-08 05:40:50,289 - fewshot_scanobjectnn_non_linear_classification - INFO - Save checkpoint at ./experiments/fewshot_scanobjectnn_non_linear_classification/cfgs/LR_0.0006/ckpt-last.pth
2023-10-08 05:40:51,542 - fewshot_scanobjectnn_non_linear_classification - INFO - [Training] EPOCH: 69 EpochTime = 1.251 (s) Losses = ['0.3069', '96.8750'] lr = 0.000338
2023-10-08 05:40:52,920 - fewshot_scanobjectnn_non_linear_classification - INFO - [Validation] EPOCH: 69  acc = 39.5000
2023-10-08 05:40:53,383 - fewshot_scanobjectnn_non_linear_classification - INFO - Save checkpoint at ./experiments/fewshot_scanobjectnn_non_linear_classification/cfgs/LR_0.0006/ckpt-last.pth
2023-10-08 05:40:54,631 - fewshot_scanobjectnn_non_linear_classification - INFO - [Training] EPOCH: 70 EpochTime = 1.247 (s) Losses = ['0.3459', '95.8333'] lr = 0.000332
2023-10-08 05:40:56,026 - fewshot_scanobjectnn_non_linear_classification - INFO - [Validation] EPOCH: 70  acc = 40.0000
2023-10-08 05:40:56,466 - fewshot_scanobjectnn_non_linear_classification - INFO - Save checkpoint at ./experiments/fewshot_scanobjectnn_non_linear_classification/cfgs/LR_0.0006/ckpt-last.pth
2023-10-08 05:40:57,711 - fewshot_scanobjectnn_non_linear_classification - INFO - [Training] EPOCH: 71 EpochTime = 1.243 (s) Losses = ['0.3056', '96.8750'] lr = 0.000326
2023-10-08 05:40:59,106 - fewshot_scanobjectnn_non_linear_classification - INFO - [Validation] EPOCH: 71  acc = 40.5000
2023-10-08 05:40:59,592 - fewshot_scanobjectnn_non_linear_classification - INFO - Save checkpoint at ./experiments/fewshot_scanobjectnn_non_linear_classification/cfgs/LR_0.0006/ckpt-last.pth
2023-10-08 05:41:00,836 - fewshot_scanobjectnn_non_linear_classification - INFO - [Training] EPOCH: 72 EpochTime = 1.243 (s) Losses = ['0.3212', '96.8750'] lr = 0.000319
2023-10-08 05:41:02,214 - fewshot_scanobjectnn_non_linear_classification - INFO - [Validation] EPOCH: 72  acc = 40.5000
2023-10-08 05:41:02,705 - fewshot_scanobjectnn_non_linear_classification - INFO - Save checkpoint at ./experiments/fewshot_scanobjectnn_non_linear_classification/cfgs/LR_0.0006/ckpt-last.pth
2023-10-08 05:41:03,957 - fewshot_scanobjectnn_non_linear_classification - INFO - [Training] EPOCH: 73 EpochTime = 1.250 (s) Losses = ['0.3144', '93.7500'] lr = 0.000313
2023-10-08 05:41:05,347 - fewshot_scanobjectnn_non_linear_classification - INFO - [Validation] EPOCH: 73  acc = 41.0000
2023-10-08 05:41:05,880 - fewshot_scanobjectnn_non_linear_classification - INFO - Save checkpoint at ./experiments/fewshot_scanobjectnn_non_linear_classification/cfgs/LR_0.0006/ckpt-last.pth
2023-10-08 05:41:07,162 - fewshot_scanobjectnn_non_linear_classification - INFO - [Training] EPOCH: 74 EpochTime = 1.280 (s) Losses = ['0.2955', '94.7917'] lr = 0.000307
2023-10-08 05:41:08,568 - fewshot_scanobjectnn_non_linear_classification - INFO - [Validation] EPOCH: 74  acc = 43.5000
2023-10-08 05:41:09,037 - fewshot_scanobjectnn_non_linear_classification - INFO - Save checkpoint at ./experiments/fewshot_scanobjectnn_non_linear_classification/cfgs/LR_0.0006/ckpt-last.pth
2023-10-08 05:41:10,276 - fewshot_scanobjectnn_non_linear_classification - INFO - [Training] EPOCH: 75 EpochTime = 1.238 (s) Losses = ['0.3083', '95.8333'] lr = 0.000300
2023-10-08 05:41:11,655 - fewshot_scanobjectnn_non_linear_classification - INFO - [Validation] EPOCH: 75  acc = 43.0000
2023-10-08 05:41:12,091 - fewshot_scanobjectnn_non_linear_classification - INFO - Save checkpoint at ./experiments/fewshot_scanobjectnn_non_linear_classification/cfgs/LR_0.0006/ckpt-last.pth
2023-10-08 05:41:13,323 - fewshot_scanobjectnn_non_linear_classification - INFO - [Training] EPOCH: 76 EpochTime = 1.231 (s) Losses = ['0.2871', '96.8750'] lr = 0.000294
2023-10-08 05:41:14,693 - fewshot_scanobjectnn_non_linear_classification - INFO - [Validation] EPOCH: 76  acc = 42.5000
2023-10-08 05:41:15,160 - fewshot_scanobjectnn_non_linear_classification - INFO - Save checkpoint at ./experiments/fewshot_scanobjectnn_non_linear_classification/cfgs/LR_0.0006/ckpt-last.pth
2023-10-08 05:41:16,402 - fewshot_scanobjectnn_non_linear_classification - INFO - [Training] EPOCH: 77 EpochTime = 1.241 (s) Losses = ['0.2820', '95.8333'] lr = 0.000288
2023-10-08 05:41:17,795 - fewshot_scanobjectnn_non_linear_classification - INFO - [Validation] EPOCH: 77  acc = 41.0000
2023-10-08 05:41:18,366 - fewshot_scanobjectnn_non_linear_classification - INFO - Save checkpoint at ./experiments/fewshot_scanobjectnn_non_linear_classification/cfgs/LR_0.0006/ckpt-last.pth
2023-10-08 05:41:19,595 - fewshot_scanobjectnn_non_linear_classification - INFO - [Training] EPOCH: 78 EpochTime = 1.228 (s) Losses = ['0.2373', '98.9583'] lr = 0.000282
2023-10-08 05:41:20,989 - fewshot_scanobjectnn_non_linear_classification - INFO - [Validation] EPOCH: 78  acc = 41.0000
2023-10-08 05:41:21,453 - fewshot_scanobjectnn_non_linear_classification - INFO - Save checkpoint at ./experiments/fewshot_scanobjectnn_non_linear_classification/cfgs/LR_0.0006/ckpt-last.pth
2023-10-08 05:41:22,695 - fewshot_scanobjectnn_non_linear_classification - INFO - [Training] EPOCH: 79 EpochTime = 1.240 (s) Losses = ['0.2458', '97.9167'] lr = 0.000275
2023-10-08 05:41:24,095 - fewshot_scanobjectnn_non_linear_classification - INFO - [Validation] EPOCH: 79  acc = 40.0000
2023-10-08 05:41:24,614 - fewshot_scanobjectnn_non_linear_classification - INFO - Save checkpoint at ./experiments/fewshot_scanobjectnn_non_linear_classification/cfgs/LR_0.0006/ckpt-last.pth
2023-10-08 05:41:25,855 - fewshot_scanobjectnn_non_linear_classification - INFO - [Training] EPOCH: 80 EpochTime = 1.239 (s) Losses = ['0.2432', '96.8750'] lr = 0.000269
2023-10-08 05:41:27,267 - fewshot_scanobjectnn_non_linear_classification - INFO - [Validation] EPOCH: 80  acc = 40.0000
2023-10-08 05:41:27,716 - fewshot_scanobjectnn_non_linear_classification - INFO - Save checkpoint at ./experiments/fewshot_scanobjectnn_non_linear_classification/cfgs/LR_0.0006/ckpt-last.pth
2023-10-08 05:41:28,954 - fewshot_scanobjectnn_non_linear_classification - INFO - [Training] EPOCH: 81 EpochTime = 1.236 (s) Losses = ['0.3889', '90.6250'] lr = 0.000263
2023-10-08 05:41:30,338 - fewshot_scanobjectnn_non_linear_classification - INFO - [Validation] EPOCH: 81  acc = 41.0000
2023-10-08 05:41:30,759 - fewshot_scanobjectnn_non_linear_classification - INFO - Save checkpoint at ./experiments/fewshot_scanobjectnn_non_linear_classification/cfgs/LR_0.0006/ckpt-last.pth
2023-10-08 05:41:32,004 - fewshot_scanobjectnn_non_linear_classification - INFO - [Training] EPOCH: 82 EpochTime = 1.244 (s) Losses = ['0.2548', '96.8750'] lr = 0.000257
2023-10-08 05:41:33,383 - fewshot_scanobjectnn_non_linear_classification - INFO - [Validation] EPOCH: 82  acc = 41.5000
2023-10-08 05:41:34,033 - fewshot_scanobjectnn_non_linear_classification - INFO - Save checkpoint at ./experiments/fewshot_scanobjectnn_non_linear_classification/cfgs/LR_0.0006/ckpt-last.pth
2023-10-08 05:41:35,252 - fewshot_scanobjectnn_non_linear_classification - INFO - [Training] EPOCH: 83 EpochTime = 1.218 (s) Losses = ['0.2091', '98.9583'] lr = 0.000251
2023-10-08 05:41:36,643 - fewshot_scanobjectnn_non_linear_classification - INFO - [Validation] EPOCH: 83  acc = 46.0000
2023-10-08 05:41:37,134 - fewshot_scanobjectnn_non_linear_classification - INFO - Save checkpoint at ./experiments/fewshot_scanobjectnn_non_linear_classification/cfgs/LR_0.0006/ckpt-best.pth
2023-10-08 05:41:37,134 - fewshot_scanobjectnn_non_linear_classification - INFO - --------------------------------------------------------------------------------------------
2023-10-08 05:41:37,603 - fewshot_scanobjectnn_non_linear_classification - INFO - Save checkpoint at ./experiments/fewshot_scanobjectnn_non_linear_classification/cfgs/LR_0.0006/ckpt-last.pth
2023-10-08 05:41:38,847 - fewshot_scanobjectnn_non_linear_classification - INFO - [Training] EPOCH: 84 EpochTime = 1.242 (s) Losses = ['0.2453', '98.9583'] lr = 0.000244
2023-10-08 05:41:40,265 - fewshot_scanobjectnn_non_linear_classification - INFO - [Validation] EPOCH: 84  acc = 45.0000
2023-10-08 05:41:40,783 - fewshot_scanobjectnn_non_linear_classification - INFO - Save checkpoint at ./experiments/fewshot_scanobjectnn_non_linear_classification/cfgs/LR_0.0006/ckpt-last.pth
2023-10-08 05:41:42,083 - fewshot_scanobjectnn_non_linear_classification - INFO - [Training] EPOCH: 85 EpochTime = 1.298 (s) Losses = ['0.2851', '95.8333'] lr = 0.000238
2023-10-08 05:41:43,482 - fewshot_scanobjectnn_non_linear_classification - INFO - [Validation] EPOCH: 85  acc = 42.5000
2023-10-08 05:41:43,922 - fewshot_scanobjectnn_non_linear_classification - INFO - Save checkpoint at ./experiments/fewshot_scanobjectnn_non_linear_classification/cfgs/LR_0.0006/ckpt-last.pth
2023-10-08 05:41:45,161 - fewshot_scanobjectnn_non_linear_classification - INFO - [Training] EPOCH: 86 EpochTime = 1.237 (s) Losses = ['0.2505', '96.8750'] lr = 0.000232
2023-10-08 05:41:46,540 - fewshot_scanobjectnn_non_linear_classification - INFO - [Validation] EPOCH: 86  acc = 43.5000
2023-10-08 05:41:47,053 - fewshot_scanobjectnn_non_linear_classification - INFO - Save checkpoint at ./experiments/fewshot_scanobjectnn_non_linear_classification/cfgs/LR_0.0006/ckpt-last.pth
2023-10-08 05:41:48,279 - fewshot_scanobjectnn_non_linear_classification - INFO - [Training] EPOCH: 87 EpochTime = 1.224 (s) Losses = ['0.2379', '98.9583'] lr = 0.000226
2023-10-08 05:41:49,668 - fewshot_scanobjectnn_non_linear_classification - INFO - [Validation] EPOCH: 87  acc = 43.5000
2023-10-08 05:41:50,134 - fewshot_scanobjectnn_non_linear_classification - INFO - Save checkpoint at ./experiments/fewshot_scanobjectnn_non_linear_classification/cfgs/LR_0.0006/ckpt-last.pth
2023-10-08 05:41:51,387 - fewshot_scanobjectnn_non_linear_classification - INFO - [Training] EPOCH: 88 EpochTime = 1.251 (s) Losses = ['0.2112', '98.9583'] lr = 0.000220
2023-10-08 05:41:52,770 - fewshot_scanobjectnn_non_linear_classification - INFO - [Validation] EPOCH: 88  acc = 43.5000
2023-10-08 05:41:53,288 - fewshot_scanobjectnn_non_linear_classification - INFO - Save checkpoint at ./experiments/fewshot_scanobjectnn_non_linear_classification/cfgs/LR_0.0006/ckpt-last.pth
2023-10-08 05:41:54,651 - fewshot_scanobjectnn_non_linear_classification - INFO - [Training] EPOCH: 89 EpochTime = 1.361 (s) Losses = ['0.2527', '96.8750'] lr = 0.000214
2023-10-08 05:41:56,154 - fewshot_scanobjectnn_non_linear_classification - INFO - [Validation] EPOCH: 89  acc = 42.5000
2023-10-08 05:41:56,635 - fewshot_scanobjectnn_non_linear_classification - INFO - Save checkpoint at ./experiments/fewshot_scanobjectnn_non_linear_classification/cfgs/LR_0.0006/ckpt-last.pth
2023-10-08 05:41:57,867 - fewshot_scanobjectnn_non_linear_classification - INFO - [Training] EPOCH: 90 EpochTime = 1.230 (s) Losses = ['0.2117', '98.9583'] lr = 0.000208
2023-10-08 05:41:59,254 - fewshot_scanobjectnn_non_linear_classification - INFO - [Validation] EPOCH: 90  acc = 41.5000
2023-10-08 05:41:59,789 - fewshot_scanobjectnn_non_linear_classification - INFO - Save checkpoint at ./experiments/fewshot_scanobjectnn_non_linear_classification/cfgs/LR_0.0006/ckpt-last.pth
2023-10-08 05:42:01,006 - fewshot_scanobjectnn_non_linear_classification - INFO - [Training] EPOCH: 91 EpochTime = 1.215 (s) Losses = ['0.2399', '98.9583'] lr = 0.000202
2023-10-08 05:42:02,382 - fewshot_scanobjectnn_non_linear_classification - INFO - [Validation] EPOCH: 91  acc = 42.5000
2023-10-08 05:42:02,819 - fewshot_scanobjectnn_non_linear_classification - INFO - Save checkpoint at ./experiments/fewshot_scanobjectnn_non_linear_classification/cfgs/LR_0.0006/ckpt-last.pth
2023-10-08 05:42:04,064 - fewshot_scanobjectnn_non_linear_classification - INFO - [Training] EPOCH: 92 EpochTime = 1.244 (s) Losses = ['0.2475', '97.9167'] lr = 0.000196
2023-10-08 05:42:05,458 - fewshot_scanobjectnn_non_linear_classification - INFO - [Validation] EPOCH: 92  acc = 40.5000
2023-10-08 05:42:05,866 - fewshot_scanobjectnn_non_linear_classification - INFO - Save checkpoint at ./experiments/fewshot_scanobjectnn_non_linear_classification/cfgs/LR_0.0006/ckpt-last.pth
2023-10-08 05:42:07,105 - fewshot_scanobjectnn_non_linear_classification - INFO - [Training] EPOCH: 93 EpochTime = 1.238 (s) Losses = ['0.2147', '98.9583'] lr = 0.000190
2023-10-08 05:42:08,483 - fewshot_scanobjectnn_non_linear_classification - INFO - [Validation] EPOCH: 93  acc = 40.0000
2023-10-08 05:42:08,901 - fewshot_scanobjectnn_non_linear_classification - INFO - Save checkpoint at ./experiments/fewshot_scanobjectnn_non_linear_classification/cfgs/LR_0.0006/ckpt-last.pth
2023-10-08 05:42:10,148 - fewshot_scanobjectnn_non_linear_classification - INFO - [Training] EPOCH: 94 EpochTime = 1.245 (s) Losses = ['0.2050', '97.9167'] lr = 0.000184
2023-10-08 05:42:11,526 - fewshot_scanobjectnn_non_linear_classification - INFO - [Validation] EPOCH: 94  acc = 39.5000
2023-10-08 05:42:12,090 - fewshot_scanobjectnn_non_linear_classification - INFO - Save checkpoint at ./experiments/fewshot_scanobjectnn_non_linear_classification/cfgs/LR_0.0006/ckpt-last.pth
2023-10-08 05:42:13,320 - fewshot_scanobjectnn_non_linear_classification - INFO - [Training] EPOCH: 95 EpochTime = 1.228 (s) Losses = ['0.2472', '98.9583'] lr = 0.000179
2023-10-08 05:42:14,718 - fewshot_scanobjectnn_non_linear_classification - INFO - [Validation] EPOCH: 95  acc = 40.0000
2023-10-08 05:42:15,172 - fewshot_scanobjectnn_non_linear_classification - INFO - Save checkpoint at ./experiments/fewshot_scanobjectnn_non_linear_classification/cfgs/LR_0.0006/ckpt-last.pth
2023-10-08 05:42:16,406 - fewshot_scanobjectnn_non_linear_classification - INFO - [Training] EPOCH: 96 EpochTime = 1.233 (s) Losses = ['0.1734', '100.0000'] lr = 0.000173
2023-10-08 05:42:17,785 - fewshot_scanobjectnn_non_linear_classification - INFO - [Validation] EPOCH: 96  acc = 40.5000
2023-10-08 05:42:18,275 - fewshot_scanobjectnn_non_linear_classification - INFO - Save checkpoint at ./experiments/fewshot_scanobjectnn_non_linear_classification/cfgs/LR_0.0006/ckpt-last.pth
2023-10-08 05:42:19,504 - fewshot_scanobjectnn_non_linear_classification - INFO - [Training] EPOCH: 97 EpochTime = 1.227 (s) Losses = ['0.2508', '95.8333'] lr = 0.000167
2023-10-08 05:42:20,881 - fewshot_scanobjectnn_non_linear_classification - INFO - [Validation] EPOCH: 97  acc = 41.0000
2023-10-08 05:42:21,421 - fewshot_scanobjectnn_non_linear_classification - INFO - Save checkpoint at ./experiments/fewshot_scanobjectnn_non_linear_classification/cfgs/LR_0.0006/ckpt-last.pth
2023-10-08 05:42:22,636 - fewshot_scanobjectnn_non_linear_classification - INFO - [Training] EPOCH: 98 EpochTime = 1.214 (s) Losses = ['0.2268', '98.9583'] lr = 0.000162
2023-10-08 05:42:24,029 - fewshot_scanobjectnn_non_linear_classification - INFO - [Validation] EPOCH: 98  acc = 41.0000
2023-10-08 05:42:24,537 - fewshot_scanobjectnn_non_linear_classification - INFO - Save checkpoint at ./experiments/fewshot_scanobjectnn_non_linear_classification/cfgs/LR_0.0006/ckpt-last.pth
2023-10-08 05:42:25,765 - fewshot_scanobjectnn_non_linear_classification - INFO - [Training] EPOCH: 99 EpochTime = 1.226 (s) Losses = ['0.1884', '97.9167'] lr = 0.000156
2023-10-08 05:42:27,209 - fewshot_scanobjectnn_non_linear_classification - INFO - [Validation] EPOCH: 99  acc = 42.0000
2023-10-08 05:42:27,704 - fewshot_scanobjectnn_non_linear_classification - INFO - Save checkpoint at ./experiments/fewshot_scanobjectnn_non_linear_classification/cfgs/LR_0.0006/ckpt-last.pth
2023-10-08 05:42:28,960 - fewshot_scanobjectnn_non_linear_classification - INFO - [Training] EPOCH: 100 EpochTime = 1.255 (s) Losses = ['0.1965', '98.9583'] lr = 0.000151
2023-10-08 05:42:30,343 - fewshot_scanobjectnn_non_linear_classification - INFO - [Validation] EPOCH: 100  acc = 42.0000
2023-10-08 05:42:30,775 - fewshot_scanobjectnn_non_linear_classification - INFO - Save checkpoint at ./experiments/fewshot_scanobjectnn_non_linear_classification/cfgs/LR_0.0006/ckpt-last.pth
2023-10-08 05:42:32,016 - fewshot_scanobjectnn_non_linear_classification - INFO - [Training] EPOCH: 101 EpochTime = 1.239 (s) Losses = ['0.1430', '100.0000'] lr = 0.000145
2023-10-08 05:42:33,408 - fewshot_scanobjectnn_non_linear_classification - INFO - [Validation] EPOCH: 101  acc = 42.0000
2023-10-08 05:42:33,941 - fewshot_scanobjectnn_non_linear_classification - INFO - Save checkpoint at ./experiments/fewshot_scanobjectnn_non_linear_classification/cfgs/LR_0.0006/ckpt-last.pth
2023-10-08 05:42:35,185 - fewshot_scanobjectnn_non_linear_classification - INFO - [Training] EPOCH: 102 EpochTime = 1.243 (s) Losses = ['0.1944', '98.9583'] lr = 0.000140
2023-10-08 05:42:36,565 - fewshot_scanobjectnn_non_linear_classification - INFO - [Validation] EPOCH: 102  acc = 42.5000
2023-10-08 05:42:37,138 - fewshot_scanobjectnn_non_linear_classification - INFO - Save checkpoint at ./experiments/fewshot_scanobjectnn_non_linear_classification/cfgs/LR_0.0006/ckpt-last.pth
2023-10-08 05:42:38,382 - fewshot_scanobjectnn_non_linear_classification - INFO - [Training] EPOCH: 103 EpochTime = 1.242 (s) Losses = ['0.2965', '92.7083'] lr = 0.000135
2023-10-08 05:42:39,745 - fewshot_scanobjectnn_non_linear_classification - INFO - [Validation] EPOCH: 103  acc = 42.5000
2023-10-08 05:42:40,194 - fewshot_scanobjectnn_non_linear_classification - INFO - Save checkpoint at ./experiments/fewshot_scanobjectnn_non_linear_classification/cfgs/LR_0.0006/ckpt-last.pth
2023-10-08 05:42:41,431 - fewshot_scanobjectnn_non_linear_classification - INFO - [Training] EPOCH: 104 EpochTime = 1.236 (s) Losses = ['0.1893', '97.9167'] lr = 0.000130
2023-10-08 05:42:42,807 - fewshot_scanobjectnn_non_linear_classification - INFO - [Validation] EPOCH: 104  acc = 42.5000
2023-10-08 05:42:43,325 - fewshot_scanobjectnn_non_linear_classification - INFO - Save checkpoint at ./experiments/fewshot_scanobjectnn_non_linear_classification/cfgs/LR_0.0006/ckpt-last.pth
2023-10-08 05:42:44,558 - fewshot_scanobjectnn_non_linear_classification - INFO - [Training] EPOCH: 105 EpochTime = 1.231 (s) Losses = ['0.1867', '98.9583'] lr = 0.000124
2023-10-08 05:42:45,972 - fewshot_scanobjectnn_non_linear_classification - INFO - [Validation] EPOCH: 105  acc = 43.5000
2023-10-08 05:42:46,469 - fewshot_scanobjectnn_non_linear_classification - INFO - Save checkpoint at ./experiments/fewshot_scanobjectnn_non_linear_classification/cfgs/LR_0.0006/ckpt-last.pth
2023-10-08 05:42:47,704 - fewshot_scanobjectnn_non_linear_classification - INFO - [Training] EPOCH: 106 EpochTime = 1.233 (s) Losses = ['0.1845', '100.0000'] lr = 0.000119
2023-10-08 05:42:49,092 - fewshot_scanobjectnn_non_linear_classification - INFO - [Validation] EPOCH: 106  acc = 43.0000
2023-10-08 05:42:49,529 - fewshot_scanobjectnn_non_linear_classification - INFO - Save checkpoint at ./experiments/fewshot_scanobjectnn_non_linear_classification/cfgs/LR_0.0006/ckpt-last.pth
2023-10-08 05:42:50,775 - fewshot_scanobjectnn_non_linear_classification - INFO - [Training] EPOCH: 107 EpochTime = 1.245 (s) Losses = ['0.2861', '94.7917'] lr = 0.000114
2023-10-08 05:42:52,159 - fewshot_scanobjectnn_non_linear_classification - INFO - [Validation] EPOCH: 107  acc = 42.0000
2023-10-08 05:42:52,681 - fewshot_scanobjectnn_non_linear_classification - INFO - Save checkpoint at ./experiments/fewshot_scanobjectnn_non_linear_classification/cfgs/LR_0.0006/ckpt-last.pth
2023-10-08 05:42:53,935 - fewshot_scanobjectnn_non_linear_classification - INFO - [Training] EPOCH: 108 EpochTime = 1.253 (s) Losses = ['0.1710', '100.0000'] lr = 0.000110
2023-10-08 05:42:55,332 - fewshot_scanobjectnn_non_linear_classification - INFO - [Validation] EPOCH: 108  acc = 42.5000
2023-10-08 05:42:55,779 - fewshot_scanobjectnn_non_linear_classification - INFO - Save checkpoint at ./experiments/fewshot_scanobjectnn_non_linear_classification/cfgs/LR_0.0006/ckpt-last.pth
2023-10-08 05:42:57,023 - fewshot_scanobjectnn_non_linear_classification - INFO - [Training] EPOCH: 109 EpochTime = 1.243 (s) Losses = ['0.1823', '100.0000'] lr = 0.000105
2023-10-08 05:42:58,413 - fewshot_scanobjectnn_non_linear_classification - INFO - [Validation] EPOCH: 109  acc = 42.0000
2023-10-08 05:42:58,916 - fewshot_scanobjectnn_non_linear_classification - INFO - Save checkpoint at ./experiments/fewshot_scanobjectnn_non_linear_classification/cfgs/LR_0.0006/ckpt-last.pth
2023-10-08 05:43:00,171 - fewshot_scanobjectnn_non_linear_classification - INFO - [Training] EPOCH: 110 EpochTime = 1.253 (s) Losses = ['0.1893', '98.9583'] lr = 0.000100
2023-10-08 05:43:01,571 - fewshot_scanobjectnn_non_linear_classification - INFO - [Validation] EPOCH: 110  acc = 40.0000
2023-10-08 05:43:02,095 - fewshot_scanobjectnn_non_linear_classification - INFO - Save checkpoint at ./experiments/fewshot_scanobjectnn_non_linear_classification/cfgs/LR_0.0006/ckpt-last.pth
2023-10-08 05:43:03,354 - fewshot_scanobjectnn_non_linear_classification - INFO - [Training] EPOCH: 111 EpochTime = 1.257 (s) Losses = ['0.1760', '98.9583'] lr = 0.000095
2023-10-08 05:43:04,751 - fewshot_scanobjectnn_non_linear_classification - INFO - [Validation] EPOCH: 111  acc = 40.5000
2023-10-08 05:43:05,218 - fewshot_scanobjectnn_non_linear_classification - INFO - Save checkpoint at ./experiments/fewshot_scanobjectnn_non_linear_classification/cfgs/LR_0.0006/ckpt-last.pth
2023-10-08 05:43:06,461 - fewshot_scanobjectnn_non_linear_classification - INFO - [Training] EPOCH: 112 EpochTime = 1.241 (s) Losses = ['0.2240', '100.0000'] lr = 0.000091
2023-10-08 05:43:07,851 - fewshot_scanobjectnn_non_linear_classification - INFO - [Validation] EPOCH: 112  acc = 42.0000
2023-10-08 05:43:08,354 - fewshot_scanobjectnn_non_linear_classification - INFO - Save checkpoint at ./experiments/fewshot_scanobjectnn_non_linear_classification/cfgs/LR_0.0006/ckpt-last.pth
2023-10-08 05:43:09,610 - fewshot_scanobjectnn_non_linear_classification - INFO - [Training] EPOCH: 113 EpochTime = 1.255 (s) Losses = ['0.1655', '100.0000'] lr = 0.000087
2023-10-08 05:43:11,014 - fewshot_scanobjectnn_non_linear_classification - INFO - [Validation] EPOCH: 113  acc = 42.0000
2023-10-08 05:43:11,514 - fewshot_scanobjectnn_non_linear_classification - INFO - Save checkpoint at ./experiments/fewshot_scanobjectnn_non_linear_classification/cfgs/LR_0.0006/ckpt-last.pth
2023-10-08 05:43:12,762 - fewshot_scanobjectnn_non_linear_classification - INFO - [Training] EPOCH: 114 EpochTime = 1.247 (s) Losses = ['0.1816', '100.0000'] lr = 0.000082
2023-10-08 05:43:14,161 - fewshot_scanobjectnn_non_linear_classification - INFO - [Validation] EPOCH: 114  acc = 42.5000
2023-10-08 05:43:14,639 - fewshot_scanobjectnn_non_linear_classification - INFO - Save checkpoint at ./experiments/fewshot_scanobjectnn_non_linear_classification/cfgs/LR_0.0006/ckpt-last.pth
2023-10-08 05:43:15,890 - fewshot_scanobjectnn_non_linear_classification - INFO - [Training] EPOCH: 115 EpochTime = 1.250 (s) Losses = ['0.1843', '97.9167'] lr = 0.000078
2023-10-08 05:43:17,338 - fewshot_scanobjectnn_non_linear_classification - INFO - [Validation] EPOCH: 115  acc = 42.0000
2023-10-08 05:43:17,815 - fewshot_scanobjectnn_non_linear_classification - INFO - Save checkpoint at ./experiments/fewshot_scanobjectnn_non_linear_classification/cfgs/LR_0.0006/ckpt-last.pth
2023-10-08 05:43:19,062 - fewshot_scanobjectnn_non_linear_classification - INFO - [Training] EPOCH: 116 EpochTime = 1.246 (s) Losses = ['0.1973', '97.9167'] lr = 0.000074
2023-10-08 05:43:20,429 - fewshot_scanobjectnn_non_linear_classification - INFO - [Validation] EPOCH: 116  acc = 41.5000
2023-10-08 05:43:21,085 - fewshot_scanobjectnn_non_linear_classification - INFO - Save checkpoint at ./experiments/fewshot_scanobjectnn_non_linear_classification/cfgs/LR_0.0006/ckpt-last.pth
2023-10-08 05:43:22,322 - fewshot_scanobjectnn_non_linear_classification - INFO - [Training] EPOCH: 117 EpochTime = 1.236 (s) Losses = ['0.1964', '100.0000'] lr = 0.000070
2023-10-08 05:43:23,689 - fewshot_scanobjectnn_non_linear_classification - INFO - [Validation] EPOCH: 117  acc = 41.0000
2023-10-08 05:43:24,301 - fewshot_scanobjectnn_non_linear_classification - INFO - Save checkpoint at ./experiments/fewshot_scanobjectnn_non_linear_classification/cfgs/LR_0.0006/ckpt-last.pth
2023-10-08 05:43:25,540 - fewshot_scanobjectnn_non_linear_classification - INFO - [Training] EPOCH: 118 EpochTime = 1.237 (s) Losses = ['0.1640', '100.0000'] lr = 0.000066
2023-10-08 05:43:26,918 - fewshot_scanobjectnn_non_linear_classification - INFO - [Validation] EPOCH: 118  acc = 41.0000
2023-10-08 05:43:27,404 - fewshot_scanobjectnn_non_linear_classification - INFO - Save checkpoint at ./experiments/fewshot_scanobjectnn_non_linear_classification/cfgs/LR_0.0006/ckpt-last.pth
2023-10-08 05:43:28,650 - fewshot_scanobjectnn_non_linear_classification - INFO - [Training] EPOCH: 119 EpochTime = 1.244 (s) Losses = ['0.1997', '96.8750'] lr = 0.000062
2023-10-08 05:43:30,052 - fewshot_scanobjectnn_non_linear_classification - INFO - [Validation] EPOCH: 119  acc = 41.5000
2023-10-08 05:43:30,507 - fewshot_scanobjectnn_non_linear_classification - INFO - Save checkpoint at ./experiments/fewshot_scanobjectnn_non_linear_classification/cfgs/LR_0.0006/ckpt-last.pth
2023-10-08 05:43:31,880 - fewshot_scanobjectnn_non_linear_classification - INFO - [Training] EPOCH: 120 EpochTime = 1.371 (s) Losses = ['0.1613', '97.9167'] lr = 0.000058
2023-10-08 05:43:33,276 - fewshot_scanobjectnn_non_linear_classification - INFO - [Validation] EPOCH: 120  acc = 41.5000
2023-10-08 05:43:34,076 - fewshot_scanobjectnn_non_linear_classification - INFO - Save checkpoint at ./experiments/fewshot_scanobjectnn_non_linear_classification/cfgs/LR_0.0006/ckpt-last.pth
2023-10-08 05:43:35,341 - fewshot_scanobjectnn_non_linear_classification - INFO - [Training] EPOCH: 121 EpochTime = 1.264 (s) Losses = ['0.2055', '96.8750'] lr = 0.000055
2023-10-08 05:43:36,875 - fewshot_scanobjectnn_non_linear_classification - INFO - [Validation] EPOCH: 121  acc = 42.0000
2023-10-08 05:43:37,317 - fewshot_scanobjectnn_non_linear_classification - INFO - Save checkpoint at ./experiments/fewshot_scanobjectnn_non_linear_classification/cfgs/LR_0.0006/ckpt-last.pth
2023-10-08 05:43:38,553 - fewshot_scanobjectnn_non_linear_classification - INFO - [Training] EPOCH: 122 EpochTime = 1.235 (s) Losses = ['0.2069', '96.8750'] lr = 0.000051
2023-10-08 05:43:39,954 - fewshot_scanobjectnn_non_linear_classification - INFO - [Validation] EPOCH: 122  acc = 40.5000
2023-10-08 05:43:40,413 - fewshot_scanobjectnn_non_linear_classification - INFO - Save checkpoint at ./experiments/fewshot_scanobjectnn_non_linear_classification/cfgs/LR_0.0006/ckpt-last.pth
2023-10-08 05:43:41,667 - fewshot_scanobjectnn_non_linear_classification - INFO - [Training] EPOCH: 123 EpochTime = 1.252 (s) Losses = ['0.1791', '98.9583'] lr = 0.000048
2023-10-08 05:43:43,114 - fewshot_scanobjectnn_non_linear_classification - INFO - [Validation] EPOCH: 123  acc = 41.0000
2023-10-08 05:43:43,639 - fewshot_scanobjectnn_non_linear_classification - INFO - Save checkpoint at ./experiments/fewshot_scanobjectnn_non_linear_classification/cfgs/LR_0.0006/ckpt-last.pth
2023-10-08 05:43:44,912 - fewshot_scanobjectnn_non_linear_classification - INFO - [Training] EPOCH: 124 EpochTime = 1.272 (s) Losses = ['0.1467', '100.0000'] lr = 0.000044
2023-10-08 05:43:46,308 - fewshot_scanobjectnn_non_linear_classification - INFO - [Validation] EPOCH: 124  acc = 41.0000
2023-10-08 05:43:46,794 - fewshot_scanobjectnn_non_linear_classification - INFO - Save checkpoint at ./experiments/fewshot_scanobjectnn_non_linear_classification/cfgs/LR_0.0006/ckpt-last.pth
2023-10-08 05:43:48,075 - fewshot_scanobjectnn_non_linear_classification - INFO - [Training] EPOCH: 125 EpochTime = 1.279 (s) Losses = ['0.1957', '96.8750'] lr = 0.000041
2023-10-08 05:43:49,484 - fewshot_scanobjectnn_non_linear_classification - INFO - [Validation] EPOCH: 125  acc = 41.5000
2023-10-08 05:43:49,951 - fewshot_scanobjectnn_non_linear_classification - INFO - Save checkpoint at ./experiments/fewshot_scanobjectnn_non_linear_classification/cfgs/LR_0.0006/ckpt-last.pth
2023-10-08 05:43:51,214 - fewshot_scanobjectnn_non_linear_classification - INFO - [Training] EPOCH: 126 EpochTime = 1.262 (s) Losses = ['0.1615', '98.9583'] lr = 0.000038
2023-10-08 05:43:52,625 - fewshot_scanobjectnn_non_linear_classification - INFO - [Validation] EPOCH: 126  acc = 41.0000
2023-10-08 05:43:53,138 - fewshot_scanobjectnn_non_linear_classification - INFO - Save checkpoint at ./experiments/fewshot_scanobjectnn_non_linear_classification/cfgs/LR_0.0006/ckpt-last.pth
2023-10-08 05:43:54,409 - fewshot_scanobjectnn_non_linear_classification - INFO - [Training] EPOCH: 127 EpochTime = 1.269 (s) Losses = ['0.2032', '97.9167'] lr = 0.000035
2023-10-08 05:43:55,807 - fewshot_scanobjectnn_non_linear_classification - INFO - [Validation] EPOCH: 127  acc = 40.5000
2023-10-08 05:43:56,416 - fewshot_scanobjectnn_non_linear_classification - INFO - Save checkpoint at ./experiments/fewshot_scanobjectnn_non_linear_classification/cfgs/LR_0.0006/ckpt-last.pth
2023-10-08 05:43:57,692 - fewshot_scanobjectnn_non_linear_classification - INFO - [Training] EPOCH: 128 EpochTime = 1.275 (s) Losses = ['0.1745', '98.9583'] lr = 0.000032
2023-10-08 05:43:59,109 - fewshot_scanobjectnn_non_linear_classification - INFO - [Validation] EPOCH: 128  acc = 40.5000
2023-10-08 05:43:59,555 - fewshot_scanobjectnn_non_linear_classification - INFO - Save checkpoint at ./experiments/fewshot_scanobjectnn_non_linear_classification/cfgs/LR_0.0006/ckpt-last.pth
2023-10-08 05:44:00,821 - fewshot_scanobjectnn_non_linear_classification - INFO - [Training] EPOCH: 129 EpochTime = 1.265 (s) Losses = ['0.1978', '98.9583'] lr = 0.000030
2023-10-08 05:44:02,233 - fewshot_scanobjectnn_non_linear_classification - INFO - [Validation] EPOCH: 129  acc = 40.5000
2023-10-08 05:44:02,718 - fewshot_scanobjectnn_non_linear_classification - INFO - Save checkpoint at ./experiments/fewshot_scanobjectnn_non_linear_classification/cfgs/LR_0.0006/ckpt-last.pth
2023-10-08 05:44:03,989 - fewshot_scanobjectnn_non_linear_classification - INFO - [Training] EPOCH: 130 EpochTime = 1.270 (s) Losses = ['0.2012', '97.9167'] lr = 0.000027
2023-10-08 05:44:05,406 - fewshot_scanobjectnn_non_linear_classification - INFO - [Validation] EPOCH: 130  acc = 41.0000
2023-10-08 05:44:05,878 - fewshot_scanobjectnn_non_linear_classification - INFO - Save checkpoint at ./experiments/fewshot_scanobjectnn_non_linear_classification/cfgs/LR_0.0006/ckpt-last.pth
2023-10-08 05:44:07,128 - fewshot_scanobjectnn_non_linear_classification - INFO - [Training] EPOCH: 131 EpochTime = 1.249 (s) Losses = ['0.1428', '100.0000'] lr = 0.000024
2023-10-08 05:44:08,653 - fewshot_scanobjectnn_non_linear_classification - INFO - [Validation] EPOCH: 131  acc = 41.0000
2023-10-08 05:44:09,138 - fewshot_scanobjectnn_non_linear_classification - INFO - Save checkpoint at ./experiments/fewshot_scanobjectnn_non_linear_classification/cfgs/LR_0.0006/ckpt-last.pth
2023-10-08 05:44:10,398 - fewshot_scanobjectnn_non_linear_classification - INFO - [Training] EPOCH: 132 EpochTime = 1.258 (s) Losses = ['0.2326', '95.8333'] lr = 0.000022
2023-10-08 05:44:11,820 - fewshot_scanobjectnn_non_linear_classification - INFO - [Validation] EPOCH: 132  acc = 42.5000
2023-10-08 05:44:12,345 - fewshot_scanobjectnn_non_linear_classification - INFO - Save checkpoint at ./experiments/fewshot_scanobjectnn_non_linear_classification/cfgs/LR_0.0006/ckpt-last.pth
2023-10-08 05:44:13,602 - fewshot_scanobjectnn_non_linear_classification - INFO - [Training] EPOCH: 133 EpochTime = 1.255 (s) Losses = ['0.1624', '96.8750'] lr = 0.000020
2023-10-08 05:44:15,002 - fewshot_scanobjectnn_non_linear_classification - INFO - [Validation] EPOCH: 133  acc = 42.5000
2023-10-08 05:44:15,476 - fewshot_scanobjectnn_non_linear_classification - INFO - Save checkpoint at ./experiments/fewshot_scanobjectnn_non_linear_classification/cfgs/LR_0.0006/ckpt-last.pth
2023-10-08 05:44:16,757 - fewshot_scanobjectnn_non_linear_classification - INFO - [Training] EPOCH: 134 EpochTime = 1.280 (s) Losses = ['0.1857', '98.9583'] lr = 0.000018
2023-10-08 05:44:18,164 - fewshot_scanobjectnn_non_linear_classification - INFO - [Validation] EPOCH: 134  acc = 42.5000
2023-10-08 05:44:18,635 - fewshot_scanobjectnn_non_linear_classification - INFO - Save checkpoint at ./experiments/fewshot_scanobjectnn_non_linear_classification/cfgs/LR_0.0006/ckpt-last.pth
2023-10-08 05:44:19,831 - fewshot_scanobjectnn_non_linear_classification - INFO - [Training] EPOCH: 135 EpochTime = 1.194 (s) Losses = ['0.2005', '97.9167'] lr = 0.000016
2023-10-08 05:44:21,248 - fewshot_scanobjectnn_non_linear_classification - INFO - [Validation] EPOCH: 135  acc = 42.5000
2023-10-08 05:44:21,730 - fewshot_scanobjectnn_non_linear_classification - INFO - Save checkpoint at ./experiments/fewshot_scanobjectnn_non_linear_classification/cfgs/LR_0.0006/ckpt-last.pth
2023-10-08 05:44:22,934 - fewshot_scanobjectnn_non_linear_classification - INFO - [Training] EPOCH: 136 EpochTime = 1.202 (s) Losses = ['0.1472', '100.0000'] lr = 0.000014
2023-10-08 05:44:24,340 - fewshot_scanobjectnn_non_linear_classification - INFO - [Validation] EPOCH: 136  acc = 43.5000
2023-10-08 05:44:24,782 - fewshot_scanobjectnn_non_linear_classification - INFO - Save checkpoint at ./experiments/fewshot_scanobjectnn_non_linear_classification/cfgs/LR_0.0006/ckpt-last.pth
2023-10-08 05:44:26,075 - fewshot_scanobjectnn_non_linear_classification - INFO - [Training] EPOCH: 137 EpochTime = 1.291 (s) Losses = ['0.1531', '98.9583'] lr = 0.000012
2023-10-08 05:44:27,625 - fewshot_scanobjectnn_non_linear_classification - INFO - [Validation] EPOCH: 137  acc = 43.0000
2023-10-08 05:44:28,139 - fewshot_scanobjectnn_non_linear_classification - INFO - Save checkpoint at ./experiments/fewshot_scanobjectnn_non_linear_classification/cfgs/LR_0.0006/ckpt-last.pth
2023-10-08 05:44:29,409 - fewshot_scanobjectnn_non_linear_classification - INFO - [Training] EPOCH: 138 EpochTime = 1.269 (s) Losses = ['0.1584', '98.9583'] lr = 0.000010
2023-10-08 05:44:30,796 - fewshot_scanobjectnn_non_linear_classification - INFO - [Validation] EPOCH: 138  acc = 43.0000
2023-10-08 05:44:31,238 - fewshot_scanobjectnn_non_linear_classification - INFO - Save checkpoint at ./experiments/fewshot_scanobjectnn_non_linear_classification/cfgs/LR_0.0006/ckpt-last.pth
2023-10-08 05:44:32,496 - fewshot_scanobjectnn_non_linear_classification - INFO - [Training] EPOCH: 139 EpochTime = 1.257 (s) Losses = ['0.1824', '100.0000'] lr = 0.000009
2023-10-08 05:44:33,876 - fewshot_scanobjectnn_non_linear_classification - INFO - [Validation] EPOCH: 139  acc = 42.5000
2023-10-08 05:44:34,362 - fewshot_scanobjectnn_non_linear_classification - INFO - Save checkpoint at ./experiments/fewshot_scanobjectnn_non_linear_classification/cfgs/LR_0.0006/ckpt-last.pth
2023-10-08 05:44:35,743 - fewshot_scanobjectnn_non_linear_classification - INFO - [Training] EPOCH: 140 EpochTime = 1.379 (s) Losses = ['0.1173', '100.0000'] lr = 0.000008
2023-10-08 05:44:37,144 - fewshot_scanobjectnn_non_linear_classification - INFO - [Validation] EPOCH: 140  acc = 42.5000
2023-10-08 05:44:37,617 - fewshot_scanobjectnn_non_linear_classification - INFO - Save checkpoint at ./experiments/fewshot_scanobjectnn_non_linear_classification/cfgs/LR_0.0006/ckpt-last.pth
2023-10-08 05:44:38,879 - fewshot_scanobjectnn_non_linear_classification - INFO - [Training] EPOCH: 141 EpochTime = 1.261 (s) Losses = ['0.1826', '97.9167'] lr = 0.000006
2023-10-08 05:44:40,312 - fewshot_scanobjectnn_non_linear_classification - INFO - [Validation] EPOCH: 141  acc = 43.5000
2023-10-08 05:44:40,749 - fewshot_scanobjectnn_non_linear_classification - INFO - Save checkpoint at ./experiments/fewshot_scanobjectnn_non_linear_classification/cfgs/LR_0.0006/ckpt-last.pth
2023-10-08 05:44:41,179 - fewshot_scanobjectnn_non_linear_classification - INFO - Save checkpoint at ./experiments/fewshot_scanobjectnn_non_linear_classification/cfgs/LR_0.0006/ckpt-epoch-141.pth
2023-10-08 05:44:42,456 - fewshot_scanobjectnn_non_linear_classification - INFO - [Training] EPOCH: 142 EpochTime = 1.276 (s) Losses = ['0.2012', '95.8333'] lr = 0.000005
2023-10-08 05:44:43,881 - fewshot_scanobjectnn_non_linear_classification - INFO - [Validation] EPOCH: 142  acc = 42.5000
2023-10-08 05:44:44,311 - fewshot_scanobjectnn_non_linear_classification - INFO - Save checkpoint at ./experiments/fewshot_scanobjectnn_non_linear_classification/cfgs/LR_0.0006/ckpt-last.pth
2023-10-08 05:44:44,796 - fewshot_scanobjectnn_non_linear_classification - INFO - Save checkpoint at ./experiments/fewshot_scanobjectnn_non_linear_classification/cfgs/LR_0.0006/ckpt-epoch-142.pth
2023-10-08 05:44:46,089 - fewshot_scanobjectnn_non_linear_classification - INFO - [Training] EPOCH: 143 EpochTime = 1.291 (s) Losses = ['0.2287', '95.8333'] lr = 0.000004
2023-10-08 05:44:47,481 - fewshot_scanobjectnn_non_linear_classification - INFO - [Validation] EPOCH: 143  acc = 43.5000
2023-10-08 05:44:47,929 - fewshot_scanobjectnn_non_linear_classification - INFO - Save checkpoint at ./experiments/fewshot_scanobjectnn_non_linear_classification/cfgs/LR_0.0006/ckpt-last.pth
2023-10-08 05:44:48,402 - fewshot_scanobjectnn_non_linear_classification - INFO - Save checkpoint at ./experiments/fewshot_scanobjectnn_non_linear_classification/cfgs/LR_0.0006/ckpt-epoch-143.pth
2023-10-08 05:44:49,669 - fewshot_scanobjectnn_non_linear_classification - INFO - [Training] EPOCH: 144 EpochTime = 1.266 (s) Losses = ['0.2342', '97.9167'] lr = 0.000003
2023-10-08 05:44:51,067 - fewshot_scanobjectnn_non_linear_classification - INFO - [Validation] EPOCH: 144  acc = 42.5000
2023-10-08 05:44:51,484 - fewshot_scanobjectnn_non_linear_classification - INFO - Save checkpoint at ./experiments/fewshot_scanobjectnn_non_linear_classification/cfgs/LR_0.0006/ckpt-last.pth
2023-10-08 05:44:51,972 - fewshot_scanobjectnn_non_linear_classification - INFO - Save checkpoint at ./experiments/fewshot_scanobjectnn_non_linear_classification/cfgs/LR_0.0006/ckpt-epoch-144.pth
2023-10-08 05:44:53,251 - fewshot_scanobjectnn_non_linear_classification - INFO - [Training] EPOCH: 145 EpochTime = 1.277 (s) Losses = ['0.2069', '98.9583'] lr = 0.000003
2023-10-08 05:44:54,648 - fewshot_scanobjectnn_non_linear_classification - INFO - [Validation] EPOCH: 145  acc = 41.5000
2023-10-08 05:44:55,123 - fewshot_scanobjectnn_non_linear_classification - INFO - Save checkpoint at ./experiments/fewshot_scanobjectnn_non_linear_classification/cfgs/LR_0.0006/ckpt-last.pth
2023-10-08 05:44:55,591 - fewshot_scanobjectnn_non_linear_classification - INFO - Save checkpoint at ./experiments/fewshot_scanobjectnn_non_linear_classification/cfgs/LR_0.0006/ckpt-epoch-145.pth
2023-10-08 05:44:56,841 - fewshot_scanobjectnn_non_linear_classification - INFO - [Training] EPOCH: 146 EpochTime = 1.248 (s) Losses = ['0.1962', '100.0000'] lr = 0.000002
2023-10-08 05:44:58,222 - fewshot_scanobjectnn_non_linear_classification - INFO - [Validation] EPOCH: 146  acc = 41.5000
2023-10-08 05:44:58,702 - fewshot_scanobjectnn_non_linear_classification - INFO - Save checkpoint at ./experiments/fewshot_scanobjectnn_non_linear_classification/cfgs/LR_0.0006/ckpt-last.pth
2023-10-08 05:44:59,155 - fewshot_scanobjectnn_non_linear_classification - INFO - Save checkpoint at ./experiments/fewshot_scanobjectnn_non_linear_classification/cfgs/LR_0.0006/ckpt-epoch-146.pth
2023-10-08 05:45:00,423 - fewshot_scanobjectnn_non_linear_classification - INFO - [Training] EPOCH: 147 EpochTime = 1.266 (s) Losses = ['0.1679', '98.9583'] lr = 0.000002
2023-10-08 05:45:01,815 - fewshot_scanobjectnn_non_linear_classification - INFO - [Validation] EPOCH: 147  acc = 41.5000
2023-10-08 05:45:02,322 - fewshot_scanobjectnn_non_linear_classification - INFO - Save checkpoint at ./experiments/fewshot_scanobjectnn_non_linear_classification/cfgs/LR_0.0006/ckpt-last.pth
2023-10-08 05:45:02,768 - fewshot_scanobjectnn_non_linear_classification - INFO - Save checkpoint at ./experiments/fewshot_scanobjectnn_non_linear_classification/cfgs/LR_0.0006/ckpt-epoch-147.pth
2023-10-08 05:45:04,107 - fewshot_scanobjectnn_non_linear_classification - INFO - [Training] EPOCH: 148 EpochTime = 1.338 (s) Losses = ['0.2079', '96.8750'] lr = 0.000001
2023-10-08 05:45:05,505 - fewshot_scanobjectnn_non_linear_classification - INFO - [Validation] EPOCH: 148  acc = 42.0000
2023-10-08 05:45:06,004 - fewshot_scanobjectnn_non_linear_classification - INFO - Save checkpoint at ./experiments/fewshot_scanobjectnn_non_linear_classification/cfgs/LR_0.0006/ckpt-last.pth
2023-10-08 05:45:06,668 - fewshot_scanobjectnn_non_linear_classification - INFO - Save checkpoint at ./experiments/fewshot_scanobjectnn_non_linear_classification/cfgs/LR_0.0006/ckpt-epoch-148.pth
2023-10-08 05:45:07,928 - fewshot_scanobjectnn_non_linear_classification - INFO - [Training] EPOCH: 149 EpochTime = 1.259 (s) Losses = ['0.1561', '100.0000'] lr = 0.000001
2023-10-08 05:45:09,322 - fewshot_scanobjectnn_non_linear_classification - INFO - [Validation] EPOCH: 149  acc = 41.5000
2023-10-08 05:45:09,774 - fewshot_scanobjectnn_non_linear_classification - INFO - Save checkpoint at ./experiments/fewshot_scanobjectnn_non_linear_classification/cfgs/LR_0.0006/ckpt-last.pth
2023-10-08 05:45:10,250 - fewshot_scanobjectnn_non_linear_classification - INFO - Save checkpoint at ./experiments/fewshot_scanobjectnn_non_linear_classification/cfgs/LR_0.0006/ckpt-epoch-149.pth
2023-10-08 05:45:11,509 - fewshot_scanobjectnn_non_linear_classification - INFO - [Training] EPOCH: 150 EpochTime = 1.257 (s) Losses = ['0.1451', '100.0000'] lr = 0.000001
2023-10-08 05:45:12,895 - fewshot_scanobjectnn_non_linear_classification - INFO - [Validation] EPOCH: 150  acc = 42.0000
2023-10-08 05:45:13,410 - fewshot_scanobjectnn_non_linear_classification - INFO - Save checkpoint at ./experiments/fewshot_scanobjectnn_non_linear_classification/cfgs/LR_0.0006/ckpt-last.pth
2023-10-08 05:45:13,848 - fewshot_scanobjectnn_non_linear_classification - INFO - Save checkpoint at ./experiments/fewshot_scanobjectnn_non_linear_classification/cfgs/LR_0.0006/ckpt-epoch-150.pth
