2023-10-08 10:59:08,201 - fewshot_scanobjectnn_non_linear_classification - INFO - Copy the Config file from cfgs/fewshot_scanobjectnn_non_linear_classification.yaml to ./experiments/fewshot_scanobjectnn_non_linear_classification/cfgs/LR_0.0006/config.yaml
2023-10-08 10:59:08,201 - fewshot_scanobjectnn_non_linear_classification - INFO - args.config : cfgs/fewshot_scanobjectnn_non_linear_classification.yaml
2023-10-08 10:59:08,201 - fewshot_scanobjectnn_non_linear_classification - INFO - args.launcher : none
2023-10-08 10:59:08,201 - fewshot_scanobjectnn_non_linear_classification - INFO - args.local_rank : 0
2023-10-08 10:59:08,201 - fewshot_scanobjectnn_non_linear_classification - INFO - args.num_workers : 8
2023-10-08 10:59:08,201 - fewshot_scanobjectnn_non_linear_classification - INFO - args.seed : 0
2023-10-08 10:59:08,201 - fewshot_scanobjectnn_non_linear_classification - INFO - args.deterministic : False
2023-10-08 10:59:08,201 - fewshot_scanobjectnn_non_linear_classification - INFO - args.sync_bn : True
2023-10-08 10:59:08,201 - fewshot_scanobjectnn_non_linear_classification - INFO - args.update_weights_every : 1
2023-10-08 10:59:08,201 - fewshot_scanobjectnn_non_linear_classification - INFO - args.main_task : 0
2023-10-08 10:59:08,202 - fewshot_scanobjectnn_non_linear_classification - INFO - args.nashmtl_optim_niter : 20
2023-10-08 10:59:08,202 - fewshot_scanobjectnn_non_linear_classification - INFO - args.c : 0.4
2023-10-08 10:59:08,202 - fewshot_scanobjectnn_non_linear_classification - INFO - args.dwa_temp : 2.0
2023-10-08 10:59:08,202 - fewshot_scanobjectnn_non_linear_classification - INFO - args.method_params_lr : 0.025
2023-10-08 10:59:08,202 - fewshot_scanobjectnn_non_linear_classification - INFO - args.method : nashmtl
2023-10-08 10:59:08,202 - fewshot_scanobjectnn_non_linear_classification - INFO - args.gpu : 5
2023-10-08 10:59:08,202 - fewshot_scanobjectnn_non_linear_classification - INFO - args.large_group : 5
2023-10-08 10:59:08,202 - fewshot_scanobjectnn_non_linear_classification - INFO - args.small_group : 10
2023-10-08 10:59:08,202 - fewshot_scanobjectnn_non_linear_classification - INFO - args.large_patch : 6
2023-10-08 10:59:08,202 - fewshot_scanobjectnn_non_linear_classification - INFO - args.small_patch : 3
2023-10-08 10:59:08,202 - fewshot_scanobjectnn_non_linear_classification - INFO - args.queue_length : 8192
2023-10-08 10:59:08,202 - fewshot_scanobjectnn_non_linear_classification - INFO - args.epoch_queue_starts : 10
2023-10-08 10:59:08,202 - fewshot_scanobjectnn_non_linear_classification - INFO - args.nmb_crops : [26]
2023-10-08 10:59:08,202 - fewshot_scanobjectnn_non_linear_classification - INFO - args.fea_dim : 384
2023-10-08 10:59:08,202 - fewshot_scanobjectnn_non_linear_classification - INFO - args.hidden_mlp : 256
2023-10-08 10:59:08,202 - fewshot_scanobjectnn_non_linear_classification - INFO - args.output_dim : 128
2023-10-08 10:59:08,202 - fewshot_scanobjectnn_non_linear_classification - INFO - args.nmb_prototypes : 200
2023-10-08 10:59:08,202 - fewshot_scanobjectnn_non_linear_classification - INFO - args.temperature : 0.1
2023-10-08 10:59:08,202 - fewshot_scanobjectnn_non_linear_classification - INFO - args.epsilon : 0.05
2023-10-08 10:59:08,203 - fewshot_scanobjectnn_non_linear_classification - INFO - args.sinkhorn_iterations : 3
2023-10-08 10:59:08,203 - fewshot_scanobjectnn_non_linear_classification - INFO - args.world_size : 1
2023-10-08 10:59:08,203 - fewshot_scanobjectnn_non_linear_classification - INFO - args.exp_name : LR_0.0006
2023-10-08 10:59:08,203 - fewshot_scanobjectnn_non_linear_classification - INFO - args.loss : cd1
2023-10-08 10:59:08,203 - fewshot_scanobjectnn_non_linear_classification - INFO - args.start_ckpts : None
2023-10-08 10:59:08,203 - fewshot_scanobjectnn_non_linear_classification - INFO - args.ckpts : ./experiments/pretrain_MaskSurf/cfgs/add_as_normal/ckpt-last.pth
2023-10-08 10:59:08,203 - fewshot_scanobjectnn_non_linear_classification - INFO - args.val_freq : 1
2023-10-08 10:59:08,203 - fewshot_scanobjectnn_non_linear_classification - INFO - args.vote : False
2023-10-08 10:59:08,203 - fewshot_scanobjectnn_non_linear_classification - INFO - args.resume : False
2023-10-08 10:59:08,203 - fewshot_scanobjectnn_non_linear_classification - INFO - args.test : False
2023-10-08 10:59:08,203 - fewshot_scanobjectnn_non_linear_classification - INFO - args.finetune_model : True
2023-10-08 10:59:08,203 - fewshot_scanobjectnn_non_linear_classification - INFO - args.scratch_model : False
2023-10-08 10:59:08,203 - fewshot_scanobjectnn_non_linear_classification - INFO - args.mode : None
2023-10-08 10:59:08,203 - fewshot_scanobjectnn_non_linear_classification - INFO - args.way : 10
2023-10-08 10:59:08,203 - fewshot_scanobjectnn_non_linear_classification - INFO - args.shot : 20
2023-10-08 10:59:08,203 - fewshot_scanobjectnn_non_linear_classification - INFO - args.fold : 9
2023-10-08 10:59:08,203 - fewshot_scanobjectnn_non_linear_classification - INFO - args.experiment_path : ./experiments/fewshot_scanobjectnn_non_linear_classification/cfgs/LR_0.0006
2023-10-08 10:59:08,203 - fewshot_scanobjectnn_non_linear_classification - INFO - args.tfboard_path : ./experiments/fewshot_scanobjectnn_non_linear_classification/cfgs/TFBoard/LR_0.0006
2023-10-08 10:59:08,203 - fewshot_scanobjectnn_non_linear_classification - INFO - args.log_name : fewshot_scanobjectnn_non_linear_classification
2023-10-08 10:59:08,204 - fewshot_scanobjectnn_non_linear_classification - INFO - args.use_gpu : True
2023-10-08 10:59:08,204 - fewshot_scanobjectnn_non_linear_classification - INFO - args.distributed : False
2023-10-08 10:59:08,204 - fewshot_scanobjectnn_non_linear_classification - INFO - config.optimizer = edict()
2023-10-08 10:59:08,204 - fewshot_scanobjectnn_non_linear_classification - INFO - config.optimizer.type : AdamW
2023-10-08 10:59:08,204 - fewshot_scanobjectnn_non_linear_classification - INFO - config.optimizer.part : only_new
2023-10-08 10:59:08,204 - fewshot_scanobjectnn_non_linear_classification - INFO - config.optimizer.kwargs = edict()
2023-10-08 10:59:08,204 - fewshot_scanobjectnn_non_linear_classification - INFO - config.optimizer.kwargs.lr : 0.0006
2023-10-08 10:59:08,204 - fewshot_scanobjectnn_non_linear_classification - INFO - config.optimizer.kwargs.weight_decay : 0.05
2023-10-08 10:59:08,204 - fewshot_scanobjectnn_non_linear_classification - INFO - config.scheduler = edict()
2023-10-08 10:59:08,204 - fewshot_scanobjectnn_non_linear_classification - INFO - config.scheduler.type : CosLR
2023-10-08 10:59:08,204 - fewshot_scanobjectnn_non_linear_classification - INFO - config.scheduler.kwargs = edict()
2023-10-08 10:59:08,204 - fewshot_scanobjectnn_non_linear_classification - INFO - config.scheduler.kwargs.epochs : 150
2023-10-08 10:59:08,204 - fewshot_scanobjectnn_non_linear_classification - INFO - config.scheduler.kwargs.initial_epochs : 10
2023-10-08 10:59:08,204 - fewshot_scanobjectnn_non_linear_classification - INFO - config.dataset = edict()
2023-10-08 10:59:08,204 - fewshot_scanobjectnn_non_linear_classification - INFO - config.dataset.train = edict()
2023-10-08 10:59:08,204 - fewshot_scanobjectnn_non_linear_classification - INFO - config.dataset.train._base_ = edict()
2023-10-08 10:59:08,204 - fewshot_scanobjectnn_non_linear_classification - INFO - config.dataset.train._base_.NAME : ModelNetFewShot
2023-10-08 10:59:08,204 - fewshot_scanobjectnn_non_linear_classification - INFO - config.dataset.train._base_.DATA_PATH : data/ScanObjectNN_hardest_fewshot
2023-10-08 10:59:08,205 - fewshot_scanobjectnn_non_linear_classification - INFO - config.dataset.train._base_.N_POINTS : 2048
2023-10-08 10:59:08,205 - fewshot_scanobjectnn_non_linear_classification - INFO - config.dataset.train._base_.NUM_CATEGORY : 15
2023-10-08 10:59:08,205 - fewshot_scanobjectnn_non_linear_classification - INFO - config.dataset.train._base_.USE_NORMALS : False
2023-10-08 10:59:08,205 - fewshot_scanobjectnn_non_linear_classification - INFO - config.dataset.train.others = edict()
2023-10-08 10:59:08,205 - fewshot_scanobjectnn_non_linear_classification - INFO - config.dataset.train.others.subset : train
2023-10-08 10:59:08,205 - fewshot_scanobjectnn_non_linear_classification - INFO - config.dataset.train.others.bs : 32
2023-10-08 10:59:08,205 - fewshot_scanobjectnn_non_linear_classification - INFO - config.dataset.val = edict()
2023-10-08 10:59:08,205 - fewshot_scanobjectnn_non_linear_classification - INFO - config.dataset.val._base_ = edict()
2023-10-08 10:59:08,205 - fewshot_scanobjectnn_non_linear_classification - INFO - config.dataset.val._base_.NAME : ModelNetFewShot
2023-10-08 10:59:08,205 - fewshot_scanobjectnn_non_linear_classification - INFO - config.dataset.val._base_.DATA_PATH : data/ScanObjectNN_hardest_fewshot
2023-10-08 10:59:08,205 - fewshot_scanobjectnn_non_linear_classification - INFO - config.dataset.val._base_.N_POINTS : 2048
2023-10-08 10:59:08,205 - fewshot_scanobjectnn_non_linear_classification - INFO - config.dataset.val._base_.NUM_CATEGORY : 15
2023-10-08 10:59:08,205 - fewshot_scanobjectnn_non_linear_classification - INFO - config.dataset.val._base_.USE_NORMALS : False
2023-10-08 10:59:08,205 - fewshot_scanobjectnn_non_linear_classification - INFO - config.dataset.val.others = edict()
2023-10-08 10:59:08,205 - fewshot_scanobjectnn_non_linear_classification - INFO - config.dataset.val.others.subset : test
2023-10-08 10:59:08,205 - fewshot_scanobjectnn_non_linear_classification - INFO - config.dataset.val.others.bs : 64
2023-10-08 10:59:08,205 - fewshot_scanobjectnn_non_linear_classification - INFO - config.dataset.test = edict()
2023-10-08 10:59:08,205 - fewshot_scanobjectnn_non_linear_classification - INFO - config.dataset.test._base_ = edict()
2023-10-08 10:59:08,206 - fewshot_scanobjectnn_non_linear_classification - INFO - config.dataset.test._base_.NAME : ScanObjectNN_hardest
2023-10-08 10:59:08,206 - fewshot_scanobjectnn_non_linear_classification - INFO - config.dataset.test._base_.ROOT : data/ScanObjectNN/main_split
2023-10-08 10:59:08,206 - fewshot_scanobjectnn_non_linear_classification - INFO - config.dataset.test.others = edict()
2023-10-08 10:59:08,206 - fewshot_scanobjectnn_non_linear_classification - INFO - config.dataset.test.others.subset : test
2023-10-08 10:59:08,206 - fewshot_scanobjectnn_non_linear_classification - INFO - config.dataset.test.others.bs : 32
2023-10-08 10:59:08,206 - fewshot_scanobjectnn_non_linear_classification - INFO - config.model = edict()
2023-10-08 10:59:08,206 - fewshot_scanobjectnn_non_linear_classification - INFO - config.model.NAME : PointTransformer
2023-10-08 10:59:08,206 - fewshot_scanobjectnn_non_linear_classification - INFO - config.model.trans_dim : 384
2023-10-08 10:59:08,206 - fewshot_scanobjectnn_non_linear_classification - INFO - config.model.depth : 12
2023-10-08 10:59:08,206 - fewshot_scanobjectnn_non_linear_classification - INFO - config.model.drop_path_rate : 0.1
2023-10-08 10:59:08,206 - fewshot_scanobjectnn_non_linear_classification - INFO - config.model.cls_dim : 15
2023-10-08 10:59:08,206 - fewshot_scanobjectnn_non_linear_classification - INFO - config.model.num_heads : 6
2023-10-08 10:59:08,206 - fewshot_scanobjectnn_non_linear_classification - INFO - config.model.group_size : 32
2023-10-08 10:59:08,206 - fewshot_scanobjectnn_non_linear_classification - INFO - config.model.num_group : 64
2023-10-08 10:59:08,206 - fewshot_scanobjectnn_non_linear_classification - INFO - config.model.encoder_dims : 384
2023-10-08 10:59:08,206 - fewshot_scanobjectnn_non_linear_classification - INFO - config.npoints : 1024
2023-10-08 10:59:08,206 - fewshot_scanobjectnn_non_linear_classification - INFO - config.total_bs : 32
2023-10-08 10:59:08,206 - fewshot_scanobjectnn_non_linear_classification - INFO - config.step_per_update : 1
2023-10-08 10:59:08,207 - fewshot_scanobjectnn_non_linear_classification - INFO - config.max_epoch : 150
2023-10-08 10:59:08,207 - fewshot_scanobjectnn_non_linear_classification - INFO - config.grad_norm_clip : 10
2023-10-08 10:59:08,207 - fewshot_scanobjectnn_non_linear_classification - INFO - Distributed training: False
2023-10-08 10:59:08,207 - fewshot_scanobjectnn_non_linear_classification - INFO - Set random seed to 0, deterministic: False
2023-10-08 10:59:10,363 - fewshot_scanobjectnn_non_linear_classification - INFO - Using Data parallel ...
2023-10-08 10:59:16,241 - fewshot_scanobjectnn_non_linear_classification - INFO - [Training] EPOCH: 0 EpochTime = 5.872 (s) Losses = ['2.7767', '6.7708'] lr = 0.000001
2023-10-08 10:59:16,726 - fewshot_scanobjectnn_non_linear_classification - INFO - Save checkpoint at ./experiments/fewshot_scanobjectnn_non_linear_classification/cfgs/LR_0.0006/ckpt-last.pth
2023-10-08 10:59:18,578 - fewshot_scanobjectnn_non_linear_classification - INFO - [Training] EPOCH: 1 EpochTime = 1.851 (s) Losses = ['2.8066', '6.2500'] lr = 0.000061
2023-10-08 10:59:20,568 - fewshot_scanobjectnn_non_linear_classification - INFO - [Validation] EPOCH: 1  acc = 10.0000
2023-10-08 10:59:21,087 - fewshot_scanobjectnn_non_linear_classification - INFO - Save checkpoint at ./experiments/fewshot_scanobjectnn_non_linear_classification/cfgs/LR_0.0006/ckpt-best.pth
2023-10-08 10:59:21,087 - fewshot_scanobjectnn_non_linear_classification - INFO - --------------------------------------------------------------------------------------------
2023-10-08 10:59:21,741 - fewshot_scanobjectnn_non_linear_classification - INFO - Save checkpoint at ./experiments/fewshot_scanobjectnn_non_linear_classification/cfgs/LR_0.0006/ckpt-last.pth
2023-10-08 10:59:23,597 - fewshot_scanobjectnn_non_linear_classification - INFO - [Training] EPOCH: 2 EpochTime = 1.855 (s) Losses = ['2.7397', '9.8958'] lr = 0.000121
2023-10-08 10:59:25,031 - fewshot_scanobjectnn_non_linear_classification - INFO - [Validation] EPOCH: 2  acc = 12.0000
2023-10-08 10:59:25,455 - fewshot_scanobjectnn_non_linear_classification - INFO - Save checkpoint at ./experiments/fewshot_scanobjectnn_non_linear_classification/cfgs/LR_0.0006/ckpt-best.pth
2023-10-08 10:59:25,455 - fewshot_scanobjectnn_non_linear_classification - INFO - --------------------------------------------------------------------------------------------
2023-10-08 10:59:25,919 - fewshot_scanobjectnn_non_linear_classification - INFO - Save checkpoint at ./experiments/fewshot_scanobjectnn_non_linear_classification/cfgs/LR_0.0006/ckpt-last.pth
2023-10-08 10:59:27,799 - fewshot_scanobjectnn_non_linear_classification - INFO - [Training] EPOCH: 3 EpochTime = 1.878 (s) Losses = ['2.6861', '10.4167'] lr = 0.000181
2023-10-08 10:59:29,169 - fewshot_scanobjectnn_non_linear_classification - INFO - [Validation] EPOCH: 3  acc = 12.0000
2023-10-08 10:59:29,742 - fewshot_scanobjectnn_non_linear_classification - INFO - Save checkpoint at ./experiments/fewshot_scanobjectnn_non_linear_classification/cfgs/LR_0.0006/ckpt-last.pth
2023-10-08 10:59:31,628 - fewshot_scanobjectnn_non_linear_classification - INFO - [Training] EPOCH: 4 EpochTime = 1.884 (s) Losses = ['2.6830', '8.3333'] lr = 0.000241
2023-10-08 10:59:32,991 - fewshot_scanobjectnn_non_linear_classification - INFO - [Validation] EPOCH: 4  acc = 15.5000
2023-10-08 10:59:33,475 - fewshot_scanobjectnn_non_linear_classification - INFO - Save checkpoint at ./experiments/fewshot_scanobjectnn_non_linear_classification/cfgs/LR_0.0006/ckpt-best.pth
2023-10-08 10:59:33,475 - fewshot_scanobjectnn_non_linear_classification - INFO - --------------------------------------------------------------------------------------------
2023-10-08 10:59:33,924 - fewshot_scanobjectnn_non_linear_classification - INFO - Save checkpoint at ./experiments/fewshot_scanobjectnn_non_linear_classification/cfgs/LR_0.0006/ckpt-last.pth
2023-10-08 10:59:35,812 - fewshot_scanobjectnn_non_linear_classification - INFO - [Training] EPOCH: 5 EpochTime = 1.886 (s) Losses = ['2.5987', '14.0625'] lr = 0.000300
2023-10-08 10:59:37,183 - fewshot_scanobjectnn_non_linear_classification - INFO - [Validation] EPOCH: 5  acc = 16.5000
2023-10-08 10:59:37,646 - fewshot_scanobjectnn_non_linear_classification - INFO - Save checkpoint at ./experiments/fewshot_scanobjectnn_non_linear_classification/cfgs/LR_0.0006/ckpt-best.pth
2023-10-08 10:59:37,647 - fewshot_scanobjectnn_non_linear_classification - INFO - --------------------------------------------------------------------------------------------
2023-10-08 10:59:38,058 - fewshot_scanobjectnn_non_linear_classification - INFO - Save checkpoint at ./experiments/fewshot_scanobjectnn_non_linear_classification/cfgs/LR_0.0006/ckpt-last.pth
2023-10-08 10:59:39,924 - fewshot_scanobjectnn_non_linear_classification - INFO - [Training] EPOCH: 6 EpochTime = 1.865 (s) Losses = ['2.4275', '19.7917'] lr = 0.000360
2023-10-08 10:59:41,297 - fewshot_scanobjectnn_non_linear_classification - INFO - [Validation] EPOCH: 6  acc = 23.5000
2023-10-08 10:59:41,890 - fewshot_scanobjectnn_non_linear_classification - INFO - Save checkpoint at ./experiments/fewshot_scanobjectnn_non_linear_classification/cfgs/LR_0.0006/ckpt-best.pth
2023-10-08 10:59:41,891 - fewshot_scanobjectnn_non_linear_classification - INFO - --------------------------------------------------------------------------------------------
2023-10-08 10:59:42,375 - fewshot_scanobjectnn_non_linear_classification - INFO - Save checkpoint at ./experiments/fewshot_scanobjectnn_non_linear_classification/cfgs/LR_0.0006/ckpt-last.pth
2023-10-08 10:59:44,252 - fewshot_scanobjectnn_non_linear_classification - INFO - [Training] EPOCH: 7 EpochTime = 1.875 (s) Losses = ['2.3185', '23.9583'] lr = 0.000420
2023-10-08 10:59:45,620 - fewshot_scanobjectnn_non_linear_classification - INFO - [Validation] EPOCH: 7  acc = 23.5000
2023-10-08 10:59:46,095 - fewshot_scanobjectnn_non_linear_classification - INFO - Save checkpoint at ./experiments/fewshot_scanobjectnn_non_linear_classification/cfgs/LR_0.0006/ckpt-last.pth
2023-10-08 10:59:48,021 - fewshot_scanobjectnn_non_linear_classification - INFO - [Training] EPOCH: 8 EpochTime = 1.924 (s) Losses = ['2.2490', '24.4792'] lr = 0.000480
2023-10-08 10:59:49,404 - fewshot_scanobjectnn_non_linear_classification - INFO - [Validation] EPOCH: 8  acc = 22.5000
2023-10-08 10:59:49,931 - fewshot_scanobjectnn_non_linear_classification - INFO - Save checkpoint at ./experiments/fewshot_scanobjectnn_non_linear_classification/cfgs/LR_0.0006/ckpt-last.pth
2023-10-08 10:59:51,773 - fewshot_scanobjectnn_non_linear_classification - INFO - [Training] EPOCH: 9 EpochTime = 1.841 (s) Losses = ['2.1451', '28.6458'] lr = 0.000540
2023-10-08 10:59:53,142 - fewshot_scanobjectnn_non_linear_classification - INFO - [Validation] EPOCH: 9  acc = 25.0000
2023-10-08 10:59:53,635 - fewshot_scanobjectnn_non_linear_classification - INFO - Save checkpoint at ./experiments/fewshot_scanobjectnn_non_linear_classification/cfgs/LR_0.0006/ckpt-best.pth
2023-10-08 10:59:53,635 - fewshot_scanobjectnn_non_linear_classification - INFO - --------------------------------------------------------------------------------------------
2023-10-08 10:59:54,100 - fewshot_scanobjectnn_non_linear_classification - INFO - Save checkpoint at ./experiments/fewshot_scanobjectnn_non_linear_classification/cfgs/LR_0.0006/ckpt-last.pth
2023-10-08 10:59:55,968 - fewshot_scanobjectnn_non_linear_classification - INFO - [Training] EPOCH: 10 EpochTime = 1.866 (s) Losses = ['2.1281', '28.6458'] lr = 0.000593
2023-10-08 10:59:57,343 - fewshot_scanobjectnn_non_linear_classification - INFO - [Validation] EPOCH: 10  acc = 27.5000
2023-10-08 10:59:57,830 - fewshot_scanobjectnn_non_linear_classification - INFO - Save checkpoint at ./experiments/fewshot_scanobjectnn_non_linear_classification/cfgs/LR_0.0006/ckpt-best.pth
2023-10-08 10:59:57,830 - fewshot_scanobjectnn_non_linear_classification - INFO - --------------------------------------------------------------------------------------------
2023-10-08 10:59:58,323 - fewshot_scanobjectnn_non_linear_classification - INFO - Save checkpoint at ./experiments/fewshot_scanobjectnn_non_linear_classification/cfgs/LR_0.0006/ckpt-last.pth
2023-10-08 11:00:00,184 - fewshot_scanobjectnn_non_linear_classification - INFO - [Training] EPOCH: 11 EpochTime = 1.860 (s) Losses = ['1.9968', '31.2500'] lr = 0.000592
2023-10-08 11:00:01,541 - fewshot_scanobjectnn_non_linear_classification - INFO - [Validation] EPOCH: 11  acc = 33.0000
2023-10-08 11:00:02,034 - fewshot_scanobjectnn_non_linear_classification - INFO - Save checkpoint at ./experiments/fewshot_scanobjectnn_non_linear_classification/cfgs/LR_0.0006/ckpt-best.pth
2023-10-08 11:00:02,034 - fewshot_scanobjectnn_non_linear_classification - INFO - --------------------------------------------------------------------------------------------
2023-10-08 11:00:02,515 - fewshot_scanobjectnn_non_linear_classification - INFO - Save checkpoint at ./experiments/fewshot_scanobjectnn_non_linear_classification/cfgs/LR_0.0006/ckpt-last.pth
2023-10-08 11:00:04,413 - fewshot_scanobjectnn_non_linear_classification - INFO - [Training] EPOCH: 12 EpochTime = 1.896 (s) Losses = ['1.8995', '37.5000'] lr = 0.000591
2023-10-08 11:00:05,835 - fewshot_scanobjectnn_non_linear_classification - INFO - [Validation] EPOCH: 12  acc = 31.0000
2023-10-08 11:00:06,323 - fewshot_scanobjectnn_non_linear_classification - INFO - Save checkpoint at ./experiments/fewshot_scanobjectnn_non_linear_classification/cfgs/LR_0.0006/ckpt-last.pth
2023-10-08 11:00:08,194 - fewshot_scanobjectnn_non_linear_classification - INFO - [Training] EPOCH: 13 EpochTime = 1.869 (s) Losses = ['1.8448', '42.7083'] lr = 0.000589
2023-10-08 11:00:09,647 - fewshot_scanobjectnn_non_linear_classification - INFO - [Validation] EPOCH: 13  acc = 33.5000
2023-10-08 11:00:10,183 - fewshot_scanobjectnn_non_linear_classification - INFO - Save checkpoint at ./experiments/fewshot_scanobjectnn_non_linear_classification/cfgs/LR_0.0006/ckpt-best.pth
2023-10-08 11:00:10,183 - fewshot_scanobjectnn_non_linear_classification - INFO - --------------------------------------------------------------------------------------------
2023-10-08 11:00:10,666 - fewshot_scanobjectnn_non_linear_classification - INFO - Save checkpoint at ./experiments/fewshot_scanobjectnn_non_linear_classification/cfgs/LR_0.0006/ckpt-last.pth
2023-10-08 11:00:12,677 - fewshot_scanobjectnn_non_linear_classification - INFO - [Training] EPOCH: 14 EpochTime = 2.009 (s) Losses = ['1.7108', '44.7917'] lr = 0.000587
2023-10-08 11:00:14,032 - fewshot_scanobjectnn_non_linear_classification - INFO - [Validation] EPOCH: 14  acc = 32.5000
2023-10-08 11:00:14,526 - fewshot_scanobjectnn_non_linear_classification - INFO - Save checkpoint at ./experiments/fewshot_scanobjectnn_non_linear_classification/cfgs/LR_0.0006/ckpt-last.pth
2023-10-08 11:00:16,356 - fewshot_scanobjectnn_non_linear_classification - INFO - [Training] EPOCH: 15 EpochTime = 1.828 (s) Losses = ['1.7039', '42.1875'] lr = 0.000585
2023-10-08 11:00:17,824 - fewshot_scanobjectnn_non_linear_classification - INFO - [Validation] EPOCH: 15  acc = 33.0000
2023-10-08 11:00:18,336 - fewshot_scanobjectnn_non_linear_classification - INFO - Save checkpoint at ./experiments/fewshot_scanobjectnn_non_linear_classification/cfgs/LR_0.0006/ckpt-last.pth
2023-10-08 11:00:20,187 - fewshot_scanobjectnn_non_linear_classification - INFO - [Training] EPOCH: 16 EpochTime = 1.850 (s) Losses = ['1.6839', '43.7500'] lr = 0.000583
2023-10-08 11:00:21,542 - fewshot_scanobjectnn_non_linear_classification - INFO - [Validation] EPOCH: 16  acc = 34.5000
2023-10-08 11:00:22,044 - fewshot_scanobjectnn_non_linear_classification - INFO - Save checkpoint at ./experiments/fewshot_scanobjectnn_non_linear_classification/cfgs/LR_0.0006/ckpt-best.pth
2023-10-08 11:00:22,044 - fewshot_scanobjectnn_non_linear_classification - INFO - --------------------------------------------------------------------------------------------
2023-10-08 11:00:22,621 - fewshot_scanobjectnn_non_linear_classification - INFO - Save checkpoint at ./experiments/fewshot_scanobjectnn_non_linear_classification/cfgs/LR_0.0006/ckpt-last.pth
2023-10-08 11:00:24,460 - fewshot_scanobjectnn_non_linear_classification - INFO - [Training] EPOCH: 17 EpochTime = 1.837 (s) Losses = ['1.6344', '51.5625'] lr = 0.000581
2023-10-08 11:00:25,812 - fewshot_scanobjectnn_non_linear_classification - INFO - [Validation] EPOCH: 17  acc = 40.5000
2023-10-08 11:00:26,510 - fewshot_scanobjectnn_non_linear_classification - INFO - Save checkpoint at ./experiments/fewshot_scanobjectnn_non_linear_classification/cfgs/LR_0.0006/ckpt-best.pth
2023-10-08 11:00:26,510 - fewshot_scanobjectnn_non_linear_classification - INFO - --------------------------------------------------------------------------------------------
2023-10-08 11:00:26,993 - fewshot_scanobjectnn_non_linear_classification - INFO - Save checkpoint at ./experiments/fewshot_scanobjectnn_non_linear_classification/cfgs/LR_0.0006/ckpt-last.pth
2023-10-08 11:00:28,802 - fewshot_scanobjectnn_non_linear_classification - INFO - [Training] EPOCH: 18 EpochTime = 1.808 (s) Losses = ['1.5103', '52.0833'] lr = 0.000579
2023-10-08 11:00:30,191 - fewshot_scanobjectnn_non_linear_classification - INFO - [Validation] EPOCH: 18  acc = 44.5000
2023-10-08 11:00:30,639 - fewshot_scanobjectnn_non_linear_classification - INFO - Save checkpoint at ./experiments/fewshot_scanobjectnn_non_linear_classification/cfgs/LR_0.0006/ckpt-best.pth
2023-10-08 11:00:30,640 - fewshot_scanobjectnn_non_linear_classification - INFO - --------------------------------------------------------------------------------------------
2023-10-08 11:00:31,148 - fewshot_scanobjectnn_non_linear_classification - INFO - Save checkpoint at ./experiments/fewshot_scanobjectnn_non_linear_classification/cfgs/LR_0.0006/ckpt-last.pth
2023-10-08 11:00:32,997 - fewshot_scanobjectnn_non_linear_classification - INFO - [Training] EPOCH: 19 EpochTime = 1.848 (s) Losses = ['1.4993', '53.6458'] lr = 0.000577
2023-10-08 11:00:34,397 - fewshot_scanobjectnn_non_linear_classification - INFO - [Validation] EPOCH: 19  acc = 44.0000
2023-10-08 11:00:34,907 - fewshot_scanobjectnn_non_linear_classification - INFO - Save checkpoint at ./experiments/fewshot_scanobjectnn_non_linear_classification/cfgs/LR_0.0006/ckpt-last.pth
2023-10-08 11:00:36,735 - fewshot_scanobjectnn_non_linear_classification - INFO - [Training] EPOCH: 20 EpochTime = 1.826 (s) Losses = ['1.3872', '54.1667'] lr = 0.000574
2023-10-08 11:00:38,101 - fewshot_scanobjectnn_non_linear_classification - INFO - [Validation] EPOCH: 20  acc = 46.0000
2023-10-08 11:00:38,674 - fewshot_scanobjectnn_non_linear_classification - INFO - Save checkpoint at ./experiments/fewshot_scanobjectnn_non_linear_classification/cfgs/LR_0.0006/ckpt-best.pth
2023-10-08 11:00:38,674 - fewshot_scanobjectnn_non_linear_classification - INFO - --------------------------------------------------------------------------------------------
2023-10-08 11:00:39,256 - fewshot_scanobjectnn_non_linear_classification - INFO - Save checkpoint at ./experiments/fewshot_scanobjectnn_non_linear_classification/cfgs/LR_0.0006/ckpt-last.pth
2023-10-08 11:00:41,115 - fewshot_scanobjectnn_non_linear_classification - INFO - [Training] EPOCH: 21 EpochTime = 1.858 (s) Losses = ['1.3281', '63.5417'] lr = 0.000571
2023-10-08 11:00:42,526 - fewshot_scanobjectnn_non_linear_classification - INFO - [Validation] EPOCH: 21  acc = 45.0000
2023-10-08 11:00:43,120 - fewshot_scanobjectnn_non_linear_classification - INFO - Save checkpoint at ./experiments/fewshot_scanobjectnn_non_linear_classification/cfgs/LR_0.0006/ckpt-last.pth
2023-10-08 11:00:44,959 - fewshot_scanobjectnn_non_linear_classification - INFO - [Training] EPOCH: 22 EpochTime = 1.837 (s) Losses = ['1.3125', '58.3333'] lr = 0.000569
2023-10-08 11:00:46,314 - fewshot_scanobjectnn_non_linear_classification - INFO - [Validation] EPOCH: 22  acc = 45.5000
2023-10-08 11:00:46,857 - fewshot_scanobjectnn_non_linear_classification - INFO - Save checkpoint at ./experiments/fewshot_scanobjectnn_non_linear_classification/cfgs/LR_0.0006/ckpt-last.pth
2023-10-08 11:00:48,695 - fewshot_scanobjectnn_non_linear_classification - INFO - [Training] EPOCH: 23 EpochTime = 1.836 (s) Losses = ['1.2806', '61.9792'] lr = 0.000566
2023-10-08 11:00:50,055 - fewshot_scanobjectnn_non_linear_classification - INFO - [Validation] EPOCH: 23  acc = 47.5000
2023-10-08 11:00:50,567 - fewshot_scanobjectnn_non_linear_classification - INFO - Save checkpoint at ./experiments/fewshot_scanobjectnn_non_linear_classification/cfgs/LR_0.0006/ckpt-best.pth
2023-10-08 11:00:50,567 - fewshot_scanobjectnn_non_linear_classification - INFO - --------------------------------------------------------------------------------------------
2023-10-08 11:00:51,054 - fewshot_scanobjectnn_non_linear_classification - INFO - Save checkpoint at ./experiments/fewshot_scanobjectnn_non_linear_classification/cfgs/LR_0.0006/ckpt-last.pth
2023-10-08 11:00:52,947 - fewshot_scanobjectnn_non_linear_classification - INFO - [Training] EPOCH: 24 EpochTime = 1.891 (s) Losses = ['1.1839', '64.5833'] lr = 0.000563
2023-10-08 11:00:54,306 - fewshot_scanobjectnn_non_linear_classification - INFO - [Validation] EPOCH: 24  acc = 47.5000
2023-10-08 11:00:54,792 - fewshot_scanobjectnn_non_linear_classification - INFO - Save checkpoint at ./experiments/fewshot_scanobjectnn_non_linear_classification/cfgs/LR_0.0006/ckpt-last.pth
2023-10-08 11:00:56,630 - fewshot_scanobjectnn_non_linear_classification - INFO - [Training] EPOCH: 25 EpochTime = 1.837 (s) Losses = ['1.1203', '71.8750'] lr = 0.000560
2023-10-08 11:00:57,986 - fewshot_scanobjectnn_non_linear_classification - INFO - [Validation] EPOCH: 25  acc = 46.0000
2023-10-08 11:00:58,511 - fewshot_scanobjectnn_non_linear_classification - INFO - Save checkpoint at ./experiments/fewshot_scanobjectnn_non_linear_classification/cfgs/LR_0.0006/ckpt-last.pth
2023-10-08 11:01:00,362 - fewshot_scanobjectnn_non_linear_classification - INFO - [Training] EPOCH: 26 EpochTime = 1.850 (s) Losses = ['1.1225', '69.2708'] lr = 0.000557
2023-10-08 11:01:01,714 - fewshot_scanobjectnn_non_linear_classification - INFO - [Validation] EPOCH: 26  acc = 50.0000
2023-10-08 11:01:02,278 - fewshot_scanobjectnn_non_linear_classification - INFO - Save checkpoint at ./experiments/fewshot_scanobjectnn_non_linear_classification/cfgs/LR_0.0006/ckpt-best.pth
2023-10-08 11:01:02,278 - fewshot_scanobjectnn_non_linear_classification - INFO - --------------------------------------------------------------------------------------------
2023-10-08 11:01:02,828 - fewshot_scanobjectnn_non_linear_classification - INFO - Save checkpoint at ./experiments/fewshot_scanobjectnn_non_linear_classification/cfgs/LR_0.0006/ckpt-last.pth
2023-10-08 11:01:04,654 - fewshot_scanobjectnn_non_linear_classification - INFO - [Training] EPOCH: 27 EpochTime = 1.824 (s) Losses = ['0.9905', '76.0417'] lr = 0.000553
2023-10-08 11:01:06,064 - fewshot_scanobjectnn_non_linear_classification - INFO - [Validation] EPOCH: 27  acc = 49.5000
2023-10-08 11:01:06,563 - fewshot_scanobjectnn_non_linear_classification - INFO - Save checkpoint at ./experiments/fewshot_scanobjectnn_non_linear_classification/cfgs/LR_0.0006/ckpt-last.pth
2023-10-08 11:01:08,415 - fewshot_scanobjectnn_non_linear_classification - INFO - [Training] EPOCH: 28 EpochTime = 1.851 (s) Losses = ['0.9943', '70.3125'] lr = 0.000550
2023-10-08 11:01:09,763 - fewshot_scanobjectnn_non_linear_classification - INFO - [Validation] EPOCH: 28  acc = 51.0000
2023-10-08 11:01:10,338 - fewshot_scanobjectnn_non_linear_classification - INFO - Save checkpoint at ./experiments/fewshot_scanobjectnn_non_linear_classification/cfgs/LR_0.0006/ckpt-best.pth
2023-10-08 11:01:10,338 - fewshot_scanobjectnn_non_linear_classification - INFO - --------------------------------------------------------------------------------------------
2023-10-08 11:01:10,783 - fewshot_scanobjectnn_non_linear_classification - INFO - Save checkpoint at ./experiments/fewshot_scanobjectnn_non_linear_classification/cfgs/LR_0.0006/ckpt-last.pth
2023-10-08 11:01:12,681 - fewshot_scanobjectnn_non_linear_classification - INFO - [Training] EPOCH: 29 EpochTime = 1.897 (s) Losses = ['0.9442', '78.1250'] lr = 0.000546
2023-10-08 11:01:14,036 - fewshot_scanobjectnn_non_linear_classification - INFO - [Validation] EPOCH: 29  acc = 50.0000
2023-10-08 11:01:14,562 - fewshot_scanobjectnn_non_linear_classification - INFO - Save checkpoint at ./experiments/fewshot_scanobjectnn_non_linear_classification/cfgs/LR_0.0006/ckpt-last.pth
2023-10-08 11:01:16,385 - fewshot_scanobjectnn_non_linear_classification - INFO - [Training] EPOCH: 30 EpochTime = 1.821 (s) Losses = ['0.9044', '77.6042'] lr = 0.000543
2023-10-08 11:01:17,736 - fewshot_scanobjectnn_non_linear_classification - INFO - [Validation] EPOCH: 30  acc = 48.5000
2023-10-08 11:01:18,541 - fewshot_scanobjectnn_non_linear_classification - INFO - Save checkpoint at ./experiments/fewshot_scanobjectnn_non_linear_classification/cfgs/LR_0.0006/ckpt-last.pth
2023-10-08 11:01:20,385 - fewshot_scanobjectnn_non_linear_classification - INFO - [Training] EPOCH: 31 EpochTime = 1.843 (s) Losses = ['0.8544', '81.7708'] lr = 0.000539
2023-10-08 11:01:21,736 - fewshot_scanobjectnn_non_linear_classification - INFO - [Validation] EPOCH: 31  acc = 49.5000
2023-10-08 11:01:22,154 - fewshot_scanobjectnn_non_linear_classification - INFO - Save checkpoint at ./experiments/fewshot_scanobjectnn_non_linear_classification/cfgs/LR_0.0006/ckpt-last.pth
2023-10-08 11:01:24,007 - fewshot_scanobjectnn_non_linear_classification - INFO - [Training] EPOCH: 32 EpochTime = 1.852 (s) Losses = ['0.8059', '81.7708'] lr = 0.000535
2023-10-08 11:01:25,375 - fewshot_scanobjectnn_non_linear_classification - INFO - [Validation] EPOCH: 32  acc = 47.0000
2023-10-08 11:01:25,894 - fewshot_scanobjectnn_non_linear_classification - INFO - Save checkpoint at ./experiments/fewshot_scanobjectnn_non_linear_classification/cfgs/LR_0.0006/ckpt-last.pth
2023-10-08 11:01:27,749 - fewshot_scanobjectnn_non_linear_classification - INFO - [Training] EPOCH: 33 EpochTime = 1.853 (s) Losses = ['0.8470', '72.9167'] lr = 0.000531
2023-10-08 11:01:29,115 - fewshot_scanobjectnn_non_linear_classification - INFO - [Validation] EPOCH: 33  acc = 50.5000
2023-10-08 11:01:29,566 - fewshot_scanobjectnn_non_linear_classification - INFO - Save checkpoint at ./experiments/fewshot_scanobjectnn_non_linear_classification/cfgs/LR_0.0006/ckpt-last.pth
2023-10-08 11:01:31,497 - fewshot_scanobjectnn_non_linear_classification - INFO - [Training] EPOCH: 34 EpochTime = 1.930 (s) Losses = ['0.7801', '78.1250'] lr = 0.000527
2023-10-08 11:01:32,851 - fewshot_scanobjectnn_non_linear_classification - INFO - [Validation] EPOCH: 34  acc = 49.5000
2023-10-08 11:01:33,386 - fewshot_scanobjectnn_non_linear_classification - INFO - Save checkpoint at ./experiments/fewshot_scanobjectnn_non_linear_classification/cfgs/LR_0.0006/ckpt-last.pth
2023-10-08 11:01:35,222 - fewshot_scanobjectnn_non_linear_classification - INFO - [Training] EPOCH: 35 EpochTime = 1.834 (s) Losses = ['0.7621', '78.6458'] lr = 0.000523
2023-10-08 11:01:36,574 - fewshot_scanobjectnn_non_linear_classification - INFO - [Validation] EPOCH: 35  acc = 45.5000
2023-10-08 11:01:37,170 - fewshot_scanobjectnn_non_linear_classification - INFO - Save checkpoint at ./experiments/fewshot_scanobjectnn_non_linear_classification/cfgs/LR_0.0006/ckpt-last.pth
2023-10-08 11:01:39,004 - fewshot_scanobjectnn_non_linear_classification - INFO - [Training] EPOCH: 36 EpochTime = 1.833 (s) Losses = ['0.7176', '81.2500'] lr = 0.000519
2023-10-08 11:01:40,349 - fewshot_scanobjectnn_non_linear_classification - INFO - [Validation] EPOCH: 36  acc = 49.5000
2023-10-08 11:01:40,871 - fewshot_scanobjectnn_non_linear_classification - INFO - Save checkpoint at ./experiments/fewshot_scanobjectnn_non_linear_classification/cfgs/LR_0.0006/ckpt-last.pth
2023-10-08 11:01:42,706 - fewshot_scanobjectnn_non_linear_classification - INFO - [Training] EPOCH: 37 EpochTime = 1.833 (s) Losses = ['0.6327', '85.9375'] lr = 0.000514
2023-10-08 11:01:44,068 - fewshot_scanobjectnn_non_linear_classification - INFO - [Validation] EPOCH: 37  acc = 50.5000
2023-10-08 11:01:44,574 - fewshot_scanobjectnn_non_linear_classification - INFO - Save checkpoint at ./experiments/fewshot_scanobjectnn_non_linear_classification/cfgs/LR_0.0006/ckpt-last.pth
2023-10-08 11:01:46,480 - fewshot_scanobjectnn_non_linear_classification - INFO - [Training] EPOCH: 38 EpochTime = 1.904 (s) Losses = ['0.5963', '87.5000'] lr = 0.000510
2023-10-08 11:01:47,958 - fewshot_scanobjectnn_non_linear_classification - INFO - [Validation] EPOCH: 38  acc = 51.0000
2023-10-08 11:01:48,475 - fewshot_scanobjectnn_non_linear_classification - INFO - Save checkpoint at ./experiments/fewshot_scanobjectnn_non_linear_classification/cfgs/LR_0.0006/ckpt-last.pth
2023-10-08 11:01:50,309 - fewshot_scanobjectnn_non_linear_classification - INFO - [Training] EPOCH: 39 EpochTime = 1.832 (s) Losses = ['0.6422', '84.3750'] lr = 0.000506
2023-10-08 11:01:51,675 - fewshot_scanobjectnn_non_linear_classification - INFO - [Validation] EPOCH: 39  acc = 51.0000
2023-10-08 11:01:52,163 - fewshot_scanobjectnn_non_linear_classification - INFO - Save checkpoint at ./experiments/fewshot_scanobjectnn_non_linear_classification/cfgs/LR_0.0006/ckpt-last.pth
2023-10-08 11:01:54,020 - fewshot_scanobjectnn_non_linear_classification - INFO - [Training] EPOCH: 40 EpochTime = 1.856 (s) Losses = ['0.6396', '83.8542'] lr = 0.000501
2023-10-08 11:01:55,386 - fewshot_scanobjectnn_non_linear_classification - INFO - [Validation] EPOCH: 40  acc = 51.0000
2023-10-08 11:01:55,936 - fewshot_scanobjectnn_non_linear_classification - INFO - Save checkpoint at ./experiments/fewshot_scanobjectnn_non_linear_classification/cfgs/LR_0.0006/ckpt-last.pth
2023-10-08 11:01:57,823 - fewshot_scanobjectnn_non_linear_classification - INFO - [Training] EPOCH: 41 EpochTime = 1.885 (s) Losses = ['0.5727', '89.5833'] lr = 0.000496
2023-10-08 11:01:59,198 - fewshot_scanobjectnn_non_linear_classification - INFO - [Validation] EPOCH: 41  acc = 50.5000
2023-10-08 11:01:59,708 - fewshot_scanobjectnn_non_linear_classification - INFO - Save checkpoint at ./experiments/fewshot_scanobjectnn_non_linear_classification/cfgs/LR_0.0006/ckpt-last.pth
2023-10-08 11:02:01,663 - fewshot_scanobjectnn_non_linear_classification - INFO - [Training] EPOCH: 42 EpochTime = 1.954 (s) Losses = ['0.5775', '88.0208'] lr = 0.000491
2023-10-08 11:02:03,090 - fewshot_scanobjectnn_non_linear_classification - INFO - [Validation] EPOCH: 42  acc = 51.0000
2023-10-08 11:02:03,578 - fewshot_scanobjectnn_non_linear_classification - INFO - Save checkpoint at ./experiments/fewshot_scanobjectnn_non_linear_classification/cfgs/LR_0.0006/ckpt-last.pth
2023-10-08 11:02:05,417 - fewshot_scanobjectnn_non_linear_classification - INFO - [Training] EPOCH: 43 EpochTime = 1.837 (s) Losses = ['0.5123', '88.5417'] lr = 0.000487
2023-10-08 11:02:06,755 - fewshot_scanobjectnn_non_linear_classification - INFO - [Validation] EPOCH: 43  acc = 49.5000
2023-10-08 11:02:07,254 - fewshot_scanobjectnn_non_linear_classification - INFO - Save checkpoint at ./experiments/fewshot_scanobjectnn_non_linear_classification/cfgs/LR_0.0006/ckpt-last.pth
2023-10-08 11:02:09,070 - fewshot_scanobjectnn_non_linear_classification - INFO - [Training] EPOCH: 44 EpochTime = 1.814 (s) Losses = ['0.4813', '93.2292'] lr = 0.000482
2023-10-08 11:02:10,440 - fewshot_scanobjectnn_non_linear_classification - INFO - [Validation] EPOCH: 44  acc = 51.5000
2023-10-08 11:02:11,014 - fewshot_scanobjectnn_non_linear_classification - INFO - Save checkpoint at ./experiments/fewshot_scanobjectnn_non_linear_classification/cfgs/LR_0.0006/ckpt-best.pth
2023-10-08 11:02:11,014 - fewshot_scanobjectnn_non_linear_classification - INFO - --------------------------------------------------------------------------------------------
2023-10-08 11:02:11,471 - fewshot_scanobjectnn_non_linear_classification - INFO - Save checkpoint at ./experiments/fewshot_scanobjectnn_non_linear_classification/cfgs/LR_0.0006/ckpt-last.pth
2023-10-08 11:02:13,312 - fewshot_scanobjectnn_non_linear_classification - INFO - [Training] EPOCH: 45 EpochTime = 1.840 (s) Losses = ['0.4952', '89.5833'] lr = 0.000477
2023-10-08 11:02:14,686 - fewshot_scanobjectnn_non_linear_classification - INFO - [Validation] EPOCH: 45  acc = 50.5000
2023-10-08 11:02:15,187 - fewshot_scanobjectnn_non_linear_classification - INFO - Save checkpoint at ./experiments/fewshot_scanobjectnn_non_linear_classification/cfgs/LR_0.0006/ckpt-last.pth
2023-10-08 11:02:17,040 - fewshot_scanobjectnn_non_linear_classification - INFO - [Training] EPOCH: 46 EpochTime = 1.852 (s) Losses = ['0.4440', '91.1458'] lr = 0.000471
2023-10-08 11:02:18,397 - fewshot_scanobjectnn_non_linear_classification - INFO - [Validation] EPOCH: 46  acc = 50.0000
2023-10-08 11:02:18,928 - fewshot_scanobjectnn_non_linear_classification - INFO - Save checkpoint at ./experiments/fewshot_scanobjectnn_non_linear_classification/cfgs/LR_0.0006/ckpt-last.pth
2023-10-08 11:02:20,775 - fewshot_scanobjectnn_non_linear_classification - INFO - [Training] EPOCH: 47 EpochTime = 1.845 (s) Losses = ['0.4648', '88.5417'] lr = 0.000466
2023-10-08 11:02:22,133 - fewshot_scanobjectnn_non_linear_classification - INFO - [Validation] EPOCH: 47  acc = 51.0000
2023-10-08 11:02:22,713 - fewshot_scanobjectnn_non_linear_classification - INFO - Save checkpoint at ./experiments/fewshot_scanobjectnn_non_linear_classification/cfgs/LR_0.0006/ckpt-last.pth
2023-10-08 11:02:24,582 - fewshot_scanobjectnn_non_linear_classification - INFO - [Training] EPOCH: 48 EpochTime = 1.867 (s) Losses = ['0.4917', '86.9792'] lr = 0.000461
2023-10-08 11:02:26,009 - fewshot_scanobjectnn_non_linear_classification - INFO - [Validation] EPOCH: 48  acc = 50.5000
2023-10-08 11:02:26,494 - fewshot_scanobjectnn_non_linear_classification - INFO - Save checkpoint at ./experiments/fewshot_scanobjectnn_non_linear_classification/cfgs/LR_0.0006/ckpt-last.pth
2023-10-08 11:02:28,328 - fewshot_scanobjectnn_non_linear_classification - INFO - [Training] EPOCH: 49 EpochTime = 1.832 (s) Losses = ['0.4557', '90.6250'] lr = 0.000456
2023-10-08 11:02:29,768 - fewshot_scanobjectnn_non_linear_classification - INFO - [Validation] EPOCH: 49  acc = 51.5000
2023-10-08 11:02:30,291 - fewshot_scanobjectnn_non_linear_classification - INFO - Save checkpoint at ./experiments/fewshot_scanobjectnn_non_linear_classification/cfgs/LR_0.0006/ckpt-last.pth
2023-10-08 11:02:32,118 - fewshot_scanobjectnn_non_linear_classification - INFO - [Training] EPOCH: 50 EpochTime = 1.826 (s) Losses = ['0.4023', '93.2292'] lr = 0.000450
2023-10-08 11:02:33,488 - fewshot_scanobjectnn_non_linear_classification - INFO - [Validation] EPOCH: 50  acc = 52.0000
2023-10-08 11:02:34,000 - fewshot_scanobjectnn_non_linear_classification - INFO - Save checkpoint at ./experiments/fewshot_scanobjectnn_non_linear_classification/cfgs/LR_0.0006/ckpt-best.pth
2023-10-08 11:02:34,000 - fewshot_scanobjectnn_non_linear_classification - INFO - --------------------------------------------------------------------------------------------
2023-10-08 11:02:34,465 - fewshot_scanobjectnn_non_linear_classification - INFO - Save checkpoint at ./experiments/fewshot_scanobjectnn_non_linear_classification/cfgs/LR_0.0006/ckpt-last.pth
2023-10-08 11:02:36,386 - fewshot_scanobjectnn_non_linear_classification - INFO - [Training] EPOCH: 51 EpochTime = 1.920 (s) Losses = ['0.3722', '94.7917'] lr = 0.000445
2023-10-08 11:02:37,741 - fewshot_scanobjectnn_non_linear_classification - INFO - [Validation] EPOCH: 51  acc = 51.0000
2023-10-08 11:02:38,262 - fewshot_scanobjectnn_non_linear_classification - INFO - Save checkpoint at ./experiments/fewshot_scanobjectnn_non_linear_classification/cfgs/LR_0.0006/ckpt-last.pth
2023-10-08 11:02:40,106 - fewshot_scanobjectnn_non_linear_classification - INFO - [Training] EPOCH: 52 EpochTime = 1.842 (s) Losses = ['0.4303', '89.0625'] lr = 0.000439
2023-10-08 11:02:41,469 - fewshot_scanobjectnn_non_linear_classification - INFO - [Validation] EPOCH: 52  acc = 50.0000
2023-10-08 11:02:42,045 - fewshot_scanobjectnn_non_linear_classification - INFO - Save checkpoint at ./experiments/fewshot_scanobjectnn_non_linear_classification/cfgs/LR_0.0006/ckpt-last.pth
2023-10-08 11:02:43,901 - fewshot_scanobjectnn_non_linear_classification - INFO - [Training] EPOCH: 53 EpochTime = 1.855 (s) Losses = ['0.3826', '91.1458'] lr = 0.000434
2023-10-08 11:02:45,258 - fewshot_scanobjectnn_non_linear_classification - INFO - [Validation] EPOCH: 53  acc = 50.5000
2023-10-08 11:02:45,723 - fewshot_scanobjectnn_non_linear_classification - INFO - Save checkpoint at ./experiments/fewshot_scanobjectnn_non_linear_classification/cfgs/LR_0.0006/ckpt-last.pth
2023-10-08 11:02:47,561 - fewshot_scanobjectnn_non_linear_classification - INFO - [Training] EPOCH: 54 EpochTime = 1.836 (s) Losses = ['0.3848', '92.1875'] lr = 0.000428
2023-10-08 11:02:48,908 - fewshot_scanobjectnn_non_linear_classification - INFO - [Validation] EPOCH: 54  acc = 50.5000
2023-10-08 11:02:49,412 - fewshot_scanobjectnn_non_linear_classification - INFO - Save checkpoint at ./experiments/fewshot_scanobjectnn_non_linear_classification/cfgs/LR_0.0006/ckpt-last.pth
2023-10-08 11:02:51,247 - fewshot_scanobjectnn_non_linear_classification - INFO - [Training] EPOCH: 55 EpochTime = 1.834 (s) Losses = ['0.4142', '90.6250'] lr = 0.000422
2023-10-08 11:02:52,604 - fewshot_scanobjectnn_non_linear_classification - INFO - [Validation] EPOCH: 55  acc = 50.5000
2023-10-08 11:02:53,174 - fewshot_scanobjectnn_non_linear_classification - INFO - Save checkpoint at ./experiments/fewshot_scanobjectnn_non_linear_classification/cfgs/LR_0.0006/ckpt-last.pth
2023-10-08 11:02:55,002 - fewshot_scanobjectnn_non_linear_classification - INFO - [Training] EPOCH: 56 EpochTime = 1.826 (s) Losses = ['0.3820', '93.2292'] lr = 0.000417
2023-10-08 11:02:56,364 - fewshot_scanobjectnn_non_linear_classification - INFO - [Validation] EPOCH: 56  acc = 50.0000
2023-10-08 11:02:56,897 - fewshot_scanobjectnn_non_linear_classification - INFO - Save checkpoint at ./experiments/fewshot_scanobjectnn_non_linear_classification/cfgs/LR_0.0006/ckpt-last.pth
2023-10-08 11:02:58,712 - fewshot_scanobjectnn_non_linear_classification - INFO - [Training] EPOCH: 57 EpochTime = 1.814 (s) Losses = ['0.3198', '94.2708'] lr = 0.000411
2023-10-08 11:03:00,085 - fewshot_scanobjectnn_non_linear_classification - INFO - [Validation] EPOCH: 57  acc = 50.5000
2023-10-08 11:03:00,548 - fewshot_scanobjectnn_non_linear_classification - INFO - Save checkpoint at ./experiments/fewshot_scanobjectnn_non_linear_classification/cfgs/LR_0.0006/ckpt-last.pth
2023-10-08 11:03:02,353 - fewshot_scanobjectnn_non_linear_classification - INFO - [Training] EPOCH: 58 EpochTime = 1.804 (s) Losses = ['0.3548', '92.1875'] lr = 0.000405
2023-10-08 11:03:03,702 - fewshot_scanobjectnn_non_linear_classification - INFO - [Validation] EPOCH: 58  acc = 47.5000
2023-10-08 11:03:04,198 - fewshot_scanobjectnn_non_linear_classification - INFO - Save checkpoint at ./experiments/fewshot_scanobjectnn_non_linear_classification/cfgs/LR_0.0006/ckpt-last.pth
2023-10-08 11:03:06,031 - fewshot_scanobjectnn_non_linear_classification - INFO - [Training] EPOCH: 59 EpochTime = 1.831 (s) Losses = ['0.2954', '93.7500'] lr = 0.000399
2023-10-08 11:03:07,387 - fewshot_scanobjectnn_non_linear_classification - INFO - [Validation] EPOCH: 59  acc = 48.5000
2023-10-08 11:03:07,874 - fewshot_scanobjectnn_non_linear_classification - INFO - Save checkpoint at ./experiments/fewshot_scanobjectnn_non_linear_classification/cfgs/LR_0.0006/ckpt-last.pth
2023-10-08 11:03:09,698 - fewshot_scanobjectnn_non_linear_classification - INFO - [Training] EPOCH: 60 EpochTime = 1.823 (s) Losses = ['0.3837', '90.1042'] lr = 0.000393
2023-10-08 11:03:11,068 - fewshot_scanobjectnn_non_linear_classification - INFO - [Validation] EPOCH: 60  acc = 52.0000
2023-10-08 11:03:11,570 - fewshot_scanobjectnn_non_linear_classification - INFO - Save checkpoint at ./experiments/fewshot_scanobjectnn_non_linear_classification/cfgs/LR_0.0006/ckpt-last.pth
2023-10-08 11:03:13,388 - fewshot_scanobjectnn_non_linear_classification - INFO - [Training] EPOCH: 61 EpochTime = 1.817 (s) Losses = ['0.2842', '94.2708'] lr = 0.000387
2023-10-08 11:03:14,755 - fewshot_scanobjectnn_non_linear_classification - INFO - [Validation] EPOCH: 61  acc = 54.0000
2023-10-08 11:03:15,190 - fewshot_scanobjectnn_non_linear_classification - INFO - Save checkpoint at ./experiments/fewshot_scanobjectnn_non_linear_classification/cfgs/LR_0.0006/ckpt-best.pth
2023-10-08 11:03:15,190 - fewshot_scanobjectnn_non_linear_classification - INFO - --------------------------------------------------------------------------------------------
2023-10-08 11:03:15,674 - fewshot_scanobjectnn_non_linear_classification - INFO - Save checkpoint at ./experiments/fewshot_scanobjectnn_non_linear_classification/cfgs/LR_0.0006/ckpt-last.pth
2023-10-08 11:03:17,513 - fewshot_scanobjectnn_non_linear_classification - INFO - [Training] EPOCH: 62 EpochTime = 1.838 (s) Losses = ['0.2685', '94.7917'] lr = 0.000381
2023-10-08 11:03:18,858 - fewshot_scanobjectnn_non_linear_classification - INFO - [Validation] EPOCH: 62  acc = 50.5000
2023-10-08 11:03:19,429 - fewshot_scanobjectnn_non_linear_classification - INFO - Save checkpoint at ./experiments/fewshot_scanobjectnn_non_linear_classification/cfgs/LR_0.0006/ckpt-last.pth
2023-10-08 11:03:21,272 - fewshot_scanobjectnn_non_linear_classification - INFO - [Training] EPOCH: 63 EpochTime = 1.842 (s) Losses = ['0.2779', '95.8333'] lr = 0.000375
2023-10-08 11:03:22,611 - fewshot_scanobjectnn_non_linear_classification - INFO - [Validation] EPOCH: 63  acc = 51.5000
2023-10-08 11:03:23,098 - fewshot_scanobjectnn_non_linear_classification - INFO - Save checkpoint at ./experiments/fewshot_scanobjectnn_non_linear_classification/cfgs/LR_0.0006/ckpt-last.pth
2023-10-08 11:03:24,925 - fewshot_scanobjectnn_non_linear_classification - INFO - [Training] EPOCH: 64 EpochTime = 1.825 (s) Losses = ['0.3032', '93.2292'] lr = 0.000369
2023-10-08 11:03:26,300 - fewshot_scanobjectnn_non_linear_classification - INFO - [Validation] EPOCH: 64  acc = 51.5000
2023-10-08 11:03:26,912 - fewshot_scanobjectnn_non_linear_classification - INFO - Save checkpoint at ./experiments/fewshot_scanobjectnn_non_linear_classification/cfgs/LR_0.0006/ckpt-last.pth
2023-10-08 11:03:28,736 - fewshot_scanobjectnn_non_linear_classification - INFO - [Training] EPOCH: 65 EpochTime = 1.822 (s) Losses = ['0.2961', '94.7917'] lr = 0.000363
2023-10-08 11:03:30,080 - fewshot_scanobjectnn_non_linear_classification - INFO - [Validation] EPOCH: 65  acc = 52.5000
2023-10-08 11:03:30,534 - fewshot_scanobjectnn_non_linear_classification - INFO - Save checkpoint at ./experiments/fewshot_scanobjectnn_non_linear_classification/cfgs/LR_0.0006/ckpt-last.pth
2023-10-08 11:03:32,388 - fewshot_scanobjectnn_non_linear_classification - INFO - [Training] EPOCH: 66 EpochTime = 1.853 (s) Losses = ['0.2280', '96.3542'] lr = 0.000357
2023-10-08 11:03:33,753 - fewshot_scanobjectnn_non_linear_classification - INFO - [Validation] EPOCH: 66  acc = 52.0000
2023-10-08 11:03:34,225 - fewshot_scanobjectnn_non_linear_classification - INFO - Save checkpoint at ./experiments/fewshot_scanobjectnn_non_linear_classification/cfgs/LR_0.0006/ckpt-last.pth
2023-10-08 11:03:36,071 - fewshot_scanobjectnn_non_linear_classification - INFO - [Training] EPOCH: 67 EpochTime = 1.843 (s) Losses = ['0.3070', '94.7917'] lr = 0.000350
2023-10-08 11:03:37,451 - fewshot_scanobjectnn_non_linear_classification - INFO - [Validation] EPOCH: 67  acc = 49.5000
2023-10-08 11:03:37,935 - fewshot_scanobjectnn_non_linear_classification - INFO - Save checkpoint at ./experiments/fewshot_scanobjectnn_non_linear_classification/cfgs/LR_0.0006/ckpt-last.pth
2023-10-08 11:03:39,767 - fewshot_scanobjectnn_non_linear_classification - INFO - [Training] EPOCH: 68 EpochTime = 1.831 (s) Losses = ['0.2603', '95.3125'] lr = 0.000344
2023-10-08 11:03:41,161 - fewshot_scanobjectnn_non_linear_classification - INFO - [Validation] EPOCH: 68  acc = 47.5000
2023-10-08 11:03:41,637 - fewshot_scanobjectnn_non_linear_classification - INFO - Save checkpoint at ./experiments/fewshot_scanobjectnn_non_linear_classification/cfgs/LR_0.0006/ckpt-last.pth
2023-10-08 11:03:43,456 - fewshot_scanobjectnn_non_linear_classification - INFO - [Training] EPOCH: 69 EpochTime = 1.817 (s) Losses = ['0.2511', '95.8333'] lr = 0.000338
2023-10-08 11:03:44,807 - fewshot_scanobjectnn_non_linear_classification - INFO - [Validation] EPOCH: 69  acc = 51.5000
2023-10-08 11:03:45,373 - fewshot_scanobjectnn_non_linear_classification - INFO - Save checkpoint at ./experiments/fewshot_scanobjectnn_non_linear_classification/cfgs/LR_0.0006/ckpt-last.pth
2023-10-08 11:03:47,226 - fewshot_scanobjectnn_non_linear_classification - INFO - [Training] EPOCH: 70 EpochTime = 1.852 (s) Losses = ['0.2433', '95.8333'] lr = 0.000332
2023-10-08 11:03:48,604 - fewshot_scanobjectnn_non_linear_classification - INFO - [Validation] EPOCH: 70  acc = 50.0000
2023-10-08 11:03:49,136 - fewshot_scanobjectnn_non_linear_classification - INFO - Save checkpoint at ./experiments/fewshot_scanobjectnn_non_linear_classification/cfgs/LR_0.0006/ckpt-last.pth
2023-10-08 11:03:50,976 - fewshot_scanobjectnn_non_linear_classification - INFO - [Training] EPOCH: 71 EpochTime = 1.839 (s) Losses = ['0.2451', '96.3542'] lr = 0.000326
2023-10-08 11:03:52,335 - fewshot_scanobjectnn_non_linear_classification - INFO - [Validation] EPOCH: 71  acc = 51.0000
2023-10-08 11:03:52,926 - fewshot_scanobjectnn_non_linear_classification - INFO - Save checkpoint at ./experiments/fewshot_scanobjectnn_non_linear_classification/cfgs/LR_0.0006/ckpt-last.pth
2023-10-08 11:03:54,777 - fewshot_scanobjectnn_non_linear_classification - INFO - [Training] EPOCH: 72 EpochTime = 1.849 (s) Losses = ['0.2330', '95.8333'] lr = 0.000319
2023-10-08 11:03:56,152 - fewshot_scanobjectnn_non_linear_classification - INFO - [Validation] EPOCH: 72  acc = 50.0000
2023-10-08 11:03:56,646 - fewshot_scanobjectnn_non_linear_classification - INFO - Save checkpoint at ./experiments/fewshot_scanobjectnn_non_linear_classification/cfgs/LR_0.0006/ckpt-last.pth
2023-10-08 11:03:58,493 - fewshot_scanobjectnn_non_linear_classification - INFO - [Training] EPOCH: 73 EpochTime = 1.846 (s) Losses = ['0.2743', '94.7917'] lr = 0.000313
2023-10-08 11:03:59,844 - fewshot_scanobjectnn_non_linear_classification - INFO - [Validation] EPOCH: 73  acc = 50.5000
2023-10-08 11:04:00,410 - fewshot_scanobjectnn_non_linear_classification - INFO - Save checkpoint at ./experiments/fewshot_scanobjectnn_non_linear_classification/cfgs/LR_0.0006/ckpt-last.pth
2023-10-08 11:04:02,261 - fewshot_scanobjectnn_non_linear_classification - INFO - [Training] EPOCH: 74 EpochTime = 1.850 (s) Losses = ['0.2516', '95.3125'] lr = 0.000307
2023-10-08 11:04:03,621 - fewshot_scanobjectnn_non_linear_classification - INFO - [Validation] EPOCH: 74  acc = 52.5000
2023-10-08 11:04:04,098 - fewshot_scanobjectnn_non_linear_classification - INFO - Save checkpoint at ./experiments/fewshot_scanobjectnn_non_linear_classification/cfgs/LR_0.0006/ckpt-last.pth
2023-10-08 11:04:05,925 - fewshot_scanobjectnn_non_linear_classification - INFO - [Training] EPOCH: 75 EpochTime = 1.825 (s) Losses = ['0.1842', '97.3958'] lr = 0.000300
2023-10-08 11:04:07,271 - fewshot_scanobjectnn_non_linear_classification - INFO - [Validation] EPOCH: 75  acc = 51.5000
2023-10-08 11:04:07,735 - fewshot_scanobjectnn_non_linear_classification - INFO - Save checkpoint at ./experiments/fewshot_scanobjectnn_non_linear_classification/cfgs/LR_0.0006/ckpt-last.pth
2023-10-08 11:04:09,580 - fewshot_scanobjectnn_non_linear_classification - INFO - [Training] EPOCH: 76 EpochTime = 1.844 (s) Losses = ['0.2518', '94.7917'] lr = 0.000294
2023-10-08 11:04:10,944 - fewshot_scanobjectnn_non_linear_classification - INFO - [Validation] EPOCH: 76  acc = 51.5000
2023-10-08 11:04:11,485 - fewshot_scanobjectnn_non_linear_classification - INFO - Save checkpoint at ./experiments/fewshot_scanobjectnn_non_linear_classification/cfgs/LR_0.0006/ckpt-last.pth
2023-10-08 11:04:13,338 - fewshot_scanobjectnn_non_linear_classification - INFO - [Training] EPOCH: 77 EpochTime = 1.852 (s) Losses = ['0.2158', '96.8750'] lr = 0.000288
2023-10-08 11:04:14,713 - fewshot_scanobjectnn_non_linear_classification - INFO - [Validation] EPOCH: 77  acc = 51.5000
2023-10-08 11:04:15,265 - fewshot_scanobjectnn_non_linear_classification - INFO - Save checkpoint at ./experiments/fewshot_scanobjectnn_non_linear_classification/cfgs/LR_0.0006/ckpt-last.pth
2023-10-08 11:04:17,121 - fewshot_scanobjectnn_non_linear_classification - INFO - [Training] EPOCH: 78 EpochTime = 1.854 (s) Losses = ['0.1818', '96.8750'] lr = 0.000282
2023-10-08 11:04:18,492 - fewshot_scanobjectnn_non_linear_classification - INFO - [Validation] EPOCH: 78  acc = 50.5000
2023-10-08 11:04:18,947 - fewshot_scanobjectnn_non_linear_classification - INFO - Save checkpoint at ./experiments/fewshot_scanobjectnn_non_linear_classification/cfgs/LR_0.0006/ckpt-last.pth
2023-10-08 11:04:20,793 - fewshot_scanobjectnn_non_linear_classification - INFO - [Training] EPOCH: 79 EpochTime = 1.844 (s) Losses = ['0.2298', '93.7500'] lr = 0.000275
2023-10-08 11:04:22,160 - fewshot_scanobjectnn_non_linear_classification - INFO - [Validation] EPOCH: 79  acc = 50.0000
2023-10-08 11:04:22,665 - fewshot_scanobjectnn_non_linear_classification - INFO - Save checkpoint at ./experiments/fewshot_scanobjectnn_non_linear_classification/cfgs/LR_0.0006/ckpt-last.pth
2023-10-08 11:04:24,502 - fewshot_scanobjectnn_non_linear_classification - INFO - [Training] EPOCH: 80 EpochTime = 1.836 (s) Losses = ['0.2315', '94.2708'] lr = 0.000269
2023-10-08 11:04:25,985 - fewshot_scanobjectnn_non_linear_classification - INFO - [Validation] EPOCH: 80  acc = 51.0000
2023-10-08 11:04:26,451 - fewshot_scanobjectnn_non_linear_classification - INFO - Save checkpoint at ./experiments/fewshot_scanobjectnn_non_linear_classification/cfgs/LR_0.0006/ckpt-last.pth
2023-10-08 11:04:28,285 - fewshot_scanobjectnn_non_linear_classification - INFO - [Training] EPOCH: 81 EpochTime = 1.833 (s) Losses = ['0.2084', '95.3125'] lr = 0.000263
2023-10-08 11:04:29,653 - fewshot_scanobjectnn_non_linear_classification - INFO - [Validation] EPOCH: 81  acc = 50.0000
2023-10-08 11:04:30,125 - fewshot_scanobjectnn_non_linear_classification - INFO - Save checkpoint at ./experiments/fewshot_scanobjectnn_non_linear_classification/cfgs/LR_0.0006/ckpt-last.pth
2023-10-08 11:04:32,010 - fewshot_scanobjectnn_non_linear_classification - INFO - [Training] EPOCH: 82 EpochTime = 1.883 (s) Losses = ['0.1769', '97.9167'] lr = 0.000257
2023-10-08 11:04:33,374 - fewshot_scanobjectnn_non_linear_classification - INFO - [Validation] EPOCH: 82  acc = 49.5000
2023-10-08 11:04:33,955 - fewshot_scanobjectnn_non_linear_classification - INFO - Save checkpoint at ./experiments/fewshot_scanobjectnn_non_linear_classification/cfgs/LR_0.0006/ckpt-last.pth
2023-10-08 11:04:35,811 - fewshot_scanobjectnn_non_linear_classification - INFO - [Training] EPOCH: 83 EpochTime = 1.854 (s) Losses = ['0.1655', '97.9167'] lr = 0.000251
2023-10-08 11:04:37,164 - fewshot_scanobjectnn_non_linear_classification - INFO - [Validation] EPOCH: 83  acc = 50.0000
2023-10-08 11:04:37,631 - fewshot_scanobjectnn_non_linear_classification - INFO - Save checkpoint at ./experiments/fewshot_scanobjectnn_non_linear_classification/cfgs/LR_0.0006/ckpt-last.pth
2023-10-08 11:04:39,454 - fewshot_scanobjectnn_non_linear_classification - INFO - [Training] EPOCH: 84 EpochTime = 1.821 (s) Losses = ['0.2250', '95.8333'] lr = 0.000244
2023-10-08 11:04:40,811 - fewshot_scanobjectnn_non_linear_classification - INFO - [Validation] EPOCH: 84  acc = 49.0000
2023-10-08 11:04:41,252 - fewshot_scanobjectnn_non_linear_classification - INFO - Save checkpoint at ./experiments/fewshot_scanobjectnn_non_linear_classification/cfgs/LR_0.0006/ckpt-last.pth
2023-10-08 11:04:43,079 - fewshot_scanobjectnn_non_linear_classification - INFO - [Training] EPOCH: 85 EpochTime = 1.825 (s) Losses = ['0.2201', '95.3125'] lr = 0.000238
2023-10-08 11:04:44,530 - fewshot_scanobjectnn_non_linear_classification - INFO - [Validation] EPOCH: 85  acc = 49.5000
2023-10-08 11:04:45,184 - fewshot_scanobjectnn_non_linear_classification - INFO - Save checkpoint at ./experiments/fewshot_scanobjectnn_non_linear_classification/cfgs/LR_0.0006/ckpt-last.pth
2023-10-08 11:04:47,006 - fewshot_scanobjectnn_non_linear_classification - INFO - [Training] EPOCH: 86 EpochTime = 1.821 (s) Losses = ['0.1962', '95.3125'] lr = 0.000232
2023-10-08 11:04:48,369 - fewshot_scanobjectnn_non_linear_classification - INFO - [Validation] EPOCH: 86  acc = 48.5000
2023-10-08 11:04:48,927 - fewshot_scanobjectnn_non_linear_classification - INFO - Save checkpoint at ./experiments/fewshot_scanobjectnn_non_linear_classification/cfgs/LR_0.0006/ckpt-last.pth
2023-10-08 11:04:50,794 - fewshot_scanobjectnn_non_linear_classification - INFO - [Training] EPOCH: 87 EpochTime = 1.866 (s) Losses = ['0.1894', '96.3542'] lr = 0.000226
2023-10-08 11:04:52,170 - fewshot_scanobjectnn_non_linear_classification - INFO - [Validation] EPOCH: 87  acc = 48.0000
2023-10-08 11:04:52,674 - fewshot_scanobjectnn_non_linear_classification - INFO - Save checkpoint at ./experiments/fewshot_scanobjectnn_non_linear_classification/cfgs/LR_0.0006/ckpt-last.pth
2023-10-08 11:04:54,529 - fewshot_scanobjectnn_non_linear_classification - INFO - [Training] EPOCH: 88 EpochTime = 1.853 (s) Losses = ['0.1895', '96.8750'] lr = 0.000220
2023-10-08 11:04:55,932 - fewshot_scanobjectnn_non_linear_classification - INFO - [Validation] EPOCH: 88  acc = 50.0000
2023-10-08 11:04:56,437 - fewshot_scanobjectnn_non_linear_classification - INFO - Save checkpoint at ./experiments/fewshot_scanobjectnn_non_linear_classification/cfgs/LR_0.0006/ckpt-last.pth
2023-10-08 11:04:58,320 - fewshot_scanobjectnn_non_linear_classification - INFO - [Training] EPOCH: 89 EpochTime = 1.881 (s) Losses = ['0.2004', '95.8333'] lr = 0.000214
2023-10-08 11:04:59,871 - fewshot_scanobjectnn_non_linear_classification - INFO - [Validation] EPOCH: 89  acc = 50.0000
2023-10-08 11:05:00,358 - fewshot_scanobjectnn_non_linear_classification - INFO - Save checkpoint at ./experiments/fewshot_scanobjectnn_non_linear_classification/cfgs/LR_0.0006/ckpt-last.pth
2023-10-08 11:05:02,223 - fewshot_scanobjectnn_non_linear_classification - INFO - [Training] EPOCH: 90 EpochTime = 1.863 (s) Losses = ['0.1697', '97.9167'] lr = 0.000208
2023-10-08 11:05:03,590 - fewshot_scanobjectnn_non_linear_classification - INFO - [Validation] EPOCH: 90  acc = 49.5000
2023-10-08 11:05:04,104 - fewshot_scanobjectnn_non_linear_classification - INFO - Save checkpoint at ./experiments/fewshot_scanobjectnn_non_linear_classification/cfgs/LR_0.0006/ckpt-last.pth
2023-10-08 11:05:06,005 - fewshot_scanobjectnn_non_linear_classification - INFO - [Training] EPOCH: 91 EpochTime = 1.900 (s) Losses = ['0.2392', '95.3125'] lr = 0.000202
2023-10-08 11:05:07,369 - fewshot_scanobjectnn_non_linear_classification - INFO - [Validation] EPOCH: 91  acc = 50.5000
2023-10-08 11:05:08,097 - fewshot_scanobjectnn_non_linear_classification - INFO - Save checkpoint at ./experiments/fewshot_scanobjectnn_non_linear_classification/cfgs/LR_0.0006/ckpt-last.pth
2023-10-08 11:05:09,952 - fewshot_scanobjectnn_non_linear_classification - INFO - [Training] EPOCH: 92 EpochTime = 1.853 (s) Losses = ['0.1658', '97.3958'] lr = 0.000196
2023-10-08 11:05:11,307 - fewshot_scanobjectnn_non_linear_classification - INFO - [Validation] EPOCH: 92  acc = 52.0000
2023-10-08 11:05:11,783 - fewshot_scanobjectnn_non_linear_classification - INFO - Save checkpoint at ./experiments/fewshot_scanobjectnn_non_linear_classification/cfgs/LR_0.0006/ckpt-last.pth
2023-10-08 11:05:13,632 - fewshot_scanobjectnn_non_linear_classification - INFO - [Training] EPOCH: 93 EpochTime = 1.848 (s) Losses = ['0.1854', '95.8333'] lr = 0.000190
2023-10-08 11:05:15,004 - fewshot_scanobjectnn_non_linear_classification - INFO - [Validation] EPOCH: 93  acc = 52.0000
2023-10-08 11:05:15,494 - fewshot_scanobjectnn_non_linear_classification - INFO - Save checkpoint at ./experiments/fewshot_scanobjectnn_non_linear_classification/cfgs/LR_0.0006/ckpt-last.pth
2023-10-08 11:05:17,325 - fewshot_scanobjectnn_non_linear_classification - INFO - [Training] EPOCH: 94 EpochTime = 1.830 (s) Losses = ['0.1338', '99.4792'] lr = 0.000184
2023-10-08 11:05:18,703 - fewshot_scanobjectnn_non_linear_classification - INFO - [Validation] EPOCH: 94  acc = 51.5000
2023-10-08 11:05:19,196 - fewshot_scanobjectnn_non_linear_classification - INFO - Save checkpoint at ./experiments/fewshot_scanobjectnn_non_linear_classification/cfgs/LR_0.0006/ckpt-last.pth
2023-10-08 11:05:21,045 - fewshot_scanobjectnn_non_linear_classification - INFO - [Training] EPOCH: 95 EpochTime = 1.847 (s) Losses = ['0.1534', '97.3958'] lr = 0.000179
2023-10-08 11:05:22,372 - fewshot_scanobjectnn_non_linear_classification - INFO - [Validation] EPOCH: 95  acc = 52.0000
2023-10-08 11:05:22,864 - fewshot_scanobjectnn_non_linear_classification - INFO - Save checkpoint at ./experiments/fewshot_scanobjectnn_non_linear_classification/cfgs/LR_0.0006/ckpt-last.pth
2023-10-08 11:05:24,724 - fewshot_scanobjectnn_non_linear_classification - INFO - [Training] EPOCH: 96 EpochTime = 1.858 (s) Losses = ['0.1991', '96.3542'] lr = 0.000173
2023-10-08 11:05:26,094 - fewshot_scanobjectnn_non_linear_classification - INFO - [Validation] EPOCH: 96  acc = 48.5000
2023-10-08 11:05:26,617 - fewshot_scanobjectnn_non_linear_classification - INFO - Save checkpoint at ./experiments/fewshot_scanobjectnn_non_linear_classification/cfgs/LR_0.0006/ckpt-last.pth
2023-10-08 11:05:28,462 - fewshot_scanobjectnn_non_linear_classification - INFO - [Training] EPOCH: 97 EpochTime = 1.843 (s) Losses = ['0.1818', '97.3958'] lr = 0.000167
2023-10-08 11:05:29,815 - fewshot_scanobjectnn_non_linear_classification - INFO - [Validation] EPOCH: 97  acc = 48.0000
2023-10-08 11:05:30,254 - fewshot_scanobjectnn_non_linear_classification - INFO - Save checkpoint at ./experiments/fewshot_scanobjectnn_non_linear_classification/cfgs/LR_0.0006/ckpt-last.pth
2023-10-08 11:05:32,090 - fewshot_scanobjectnn_non_linear_classification - INFO - [Training] EPOCH: 98 EpochTime = 1.835 (s) Losses = ['0.1627', '96.8750'] lr = 0.000162
2023-10-08 11:05:33,449 - fewshot_scanobjectnn_non_linear_classification - INFO - [Validation] EPOCH: 98  acc = 50.5000
2023-10-08 11:05:33,947 - fewshot_scanobjectnn_non_linear_classification - INFO - Save checkpoint at ./experiments/fewshot_scanobjectnn_non_linear_classification/cfgs/LR_0.0006/ckpt-last.pth
2023-10-08 11:05:35,773 - fewshot_scanobjectnn_non_linear_classification - INFO - [Training] EPOCH: 99 EpochTime = 1.824 (s) Losses = ['0.1480', '97.3958'] lr = 0.000156
2023-10-08 11:05:37,145 - fewshot_scanobjectnn_non_linear_classification - INFO - [Validation] EPOCH: 99  acc = 49.0000
2023-10-08 11:05:37,618 - fewshot_scanobjectnn_non_linear_classification - INFO - Save checkpoint at ./experiments/fewshot_scanobjectnn_non_linear_classification/cfgs/LR_0.0006/ckpt-last.pth
2023-10-08 11:05:39,467 - fewshot_scanobjectnn_non_linear_classification - INFO - [Training] EPOCH: 100 EpochTime = 1.847 (s) Losses = ['0.1610', '98.4375'] lr = 0.000151
2023-10-08 11:05:40,822 - fewshot_scanobjectnn_non_linear_classification - INFO - [Validation] EPOCH: 100  acc = 52.5000
2023-10-08 11:05:41,410 - fewshot_scanobjectnn_non_linear_classification - INFO - Save checkpoint at ./experiments/fewshot_scanobjectnn_non_linear_classification/cfgs/LR_0.0006/ckpt-last.pth
2023-10-08 11:05:43,257 - fewshot_scanobjectnn_non_linear_classification - INFO - [Training] EPOCH: 101 EpochTime = 1.845 (s) Losses = ['0.1703', '96.8750'] lr = 0.000145
2023-10-08 11:05:44,637 - fewshot_scanobjectnn_non_linear_classification - INFO - [Validation] EPOCH: 101  acc = 53.0000
2023-10-08 11:05:45,175 - fewshot_scanobjectnn_non_linear_classification - INFO - Save checkpoint at ./experiments/fewshot_scanobjectnn_non_linear_classification/cfgs/LR_0.0006/ckpt-last.pth
2023-10-08 11:05:47,019 - fewshot_scanobjectnn_non_linear_classification - INFO - [Training] EPOCH: 102 EpochTime = 1.842 (s) Losses = ['0.2129', '94.2708'] lr = 0.000140
2023-10-08 11:05:48,373 - fewshot_scanobjectnn_non_linear_classification - INFO - [Validation] EPOCH: 102  acc = 52.0000
2023-10-08 11:05:48,862 - fewshot_scanobjectnn_non_linear_classification - INFO - Save checkpoint at ./experiments/fewshot_scanobjectnn_non_linear_classification/cfgs/LR_0.0006/ckpt-last.pth
2023-10-08 11:05:50,699 - fewshot_scanobjectnn_non_linear_classification - INFO - [Training] EPOCH: 103 EpochTime = 1.836 (s) Losses = ['0.1346', '97.3958'] lr = 0.000135
2023-10-08 11:05:52,045 - fewshot_scanobjectnn_non_linear_classification - INFO - [Validation] EPOCH: 103  acc = 53.0000
2023-10-08 11:05:52,548 - fewshot_scanobjectnn_non_linear_classification - INFO - Save checkpoint at ./experiments/fewshot_scanobjectnn_non_linear_classification/cfgs/LR_0.0006/ckpt-last.pth
2023-10-08 11:05:54,403 - fewshot_scanobjectnn_non_linear_classification - INFO - [Training] EPOCH: 104 EpochTime = 1.853 (s) Losses = ['0.1652', '97.9167'] lr = 0.000130
2023-10-08 11:05:55,772 - fewshot_scanobjectnn_non_linear_classification - INFO - [Validation] EPOCH: 104  acc = 52.0000
2023-10-08 11:05:56,275 - fewshot_scanobjectnn_non_linear_classification - INFO - Save checkpoint at ./experiments/fewshot_scanobjectnn_non_linear_classification/cfgs/LR_0.0006/ckpt-last.pth
2023-10-08 11:05:58,105 - fewshot_scanobjectnn_non_linear_classification - INFO - [Training] EPOCH: 105 EpochTime = 1.829 (s) Losses = ['0.1738', '95.3125'] lr = 0.000124
2023-10-08 11:05:59,481 - fewshot_scanobjectnn_non_linear_classification - INFO - [Validation] EPOCH: 105  acc = 53.0000
2023-10-08 11:05:59,943 - fewshot_scanobjectnn_non_linear_classification - INFO - Save checkpoint at ./experiments/fewshot_scanobjectnn_non_linear_classification/cfgs/LR_0.0006/ckpt-last.pth
2023-10-08 11:06:01,789 - fewshot_scanobjectnn_non_linear_classification - INFO - [Training] EPOCH: 106 EpochTime = 1.845 (s) Losses = ['0.1677', '96.8750'] lr = 0.000119
2023-10-08 11:06:03,243 - fewshot_scanobjectnn_non_linear_classification - INFO - [Validation] EPOCH: 106  acc = 50.5000
2023-10-08 11:06:03,745 - fewshot_scanobjectnn_non_linear_classification - INFO - Save checkpoint at ./experiments/fewshot_scanobjectnn_non_linear_classification/cfgs/LR_0.0006/ckpt-last.pth
2023-10-08 11:06:05,576 - fewshot_scanobjectnn_non_linear_classification - INFO - [Training] EPOCH: 107 EpochTime = 1.830 (s) Losses = ['0.1229', '98.4375'] lr = 0.000114
2023-10-08 11:06:06,924 - fewshot_scanobjectnn_non_linear_classification - INFO - [Validation] EPOCH: 107  acc = 53.0000
2023-10-08 11:06:07,452 - fewshot_scanobjectnn_non_linear_classification - INFO - Save checkpoint at ./experiments/fewshot_scanobjectnn_non_linear_classification/cfgs/LR_0.0006/ckpt-last.pth
2023-10-08 11:06:09,299 - fewshot_scanobjectnn_non_linear_classification - INFO - [Training] EPOCH: 108 EpochTime = 1.846 (s) Losses = ['0.1414', '97.9167'] lr = 0.000110
2023-10-08 11:06:10,681 - fewshot_scanobjectnn_non_linear_classification - INFO - [Validation] EPOCH: 108  acc = 51.0000
2023-10-08 11:06:11,168 - fewshot_scanobjectnn_non_linear_classification - INFO - Save checkpoint at ./experiments/fewshot_scanobjectnn_non_linear_classification/cfgs/LR_0.0006/ckpt-last.pth
2023-10-08 11:06:13,008 - fewshot_scanobjectnn_non_linear_classification - INFO - [Training] EPOCH: 109 EpochTime = 1.838 (s) Losses = ['0.1550', '97.3958'] lr = 0.000105
2023-10-08 11:06:14,367 - fewshot_scanobjectnn_non_linear_classification - INFO - [Validation] EPOCH: 109  acc = 51.0000
2023-10-08 11:06:14,871 - fewshot_scanobjectnn_non_linear_classification - INFO - Save checkpoint at ./experiments/fewshot_scanobjectnn_non_linear_classification/cfgs/LR_0.0006/ckpt-last.pth
2023-10-08 11:06:16,766 - fewshot_scanobjectnn_non_linear_classification - INFO - [Training] EPOCH: 110 EpochTime = 1.894 (s) Losses = ['0.1582', '97.3958'] lr = 0.000100
2023-10-08 11:06:18,154 - fewshot_scanobjectnn_non_linear_classification - INFO - [Validation] EPOCH: 110  acc = 52.0000
2023-10-08 11:06:18,646 - fewshot_scanobjectnn_non_linear_classification - INFO - Save checkpoint at ./experiments/fewshot_scanobjectnn_non_linear_classification/cfgs/LR_0.0006/ckpt-last.pth
2023-10-08 11:06:20,502 - fewshot_scanobjectnn_non_linear_classification - INFO - [Training] EPOCH: 111 EpochTime = 1.855 (s) Losses = ['0.1451', '97.9167'] lr = 0.000095
2023-10-08 11:06:21,892 - fewshot_scanobjectnn_non_linear_classification - INFO - [Validation] EPOCH: 111  acc = 52.0000
2023-10-08 11:06:22,393 - fewshot_scanobjectnn_non_linear_classification - INFO - Save checkpoint at ./experiments/fewshot_scanobjectnn_non_linear_classification/cfgs/LR_0.0006/ckpt-last.pth
2023-10-08 11:06:24,226 - fewshot_scanobjectnn_non_linear_classification - INFO - [Training] EPOCH: 112 EpochTime = 1.832 (s) Losses = ['0.1209', '97.3958'] lr = 0.000091
2023-10-08 11:06:25,653 - fewshot_scanobjectnn_non_linear_classification - INFO - [Validation] EPOCH: 112  acc = 51.0000
2023-10-08 11:06:26,141 - fewshot_scanobjectnn_non_linear_classification - INFO - Save checkpoint at ./experiments/fewshot_scanobjectnn_non_linear_classification/cfgs/LR_0.0006/ckpt-last.pth
2023-10-08 11:06:28,009 - fewshot_scanobjectnn_non_linear_classification - INFO - [Training] EPOCH: 113 EpochTime = 1.867 (s) Losses = ['0.1629', '97.3958'] lr = 0.000087
2023-10-08 11:06:29,382 - fewshot_scanobjectnn_non_linear_classification - INFO - [Validation] EPOCH: 113  acc = 52.5000
2023-10-08 11:06:29,780 - fewshot_scanobjectnn_non_linear_classification - INFO - Save checkpoint at ./experiments/fewshot_scanobjectnn_non_linear_classification/cfgs/LR_0.0006/ckpt-last.pth
2023-10-08 11:06:31,603 - fewshot_scanobjectnn_non_linear_classification - INFO - [Training] EPOCH: 114 EpochTime = 1.822 (s) Losses = ['0.1788', '97.3958'] lr = 0.000082
2023-10-08 11:06:32,966 - fewshot_scanobjectnn_non_linear_classification - INFO - [Validation] EPOCH: 114  acc = 52.0000
2023-10-08 11:06:33,495 - fewshot_scanobjectnn_non_linear_classification - INFO - Save checkpoint at ./experiments/fewshot_scanobjectnn_non_linear_classification/cfgs/LR_0.0006/ckpt-last.pth
2023-10-08 11:06:35,338 - fewshot_scanobjectnn_non_linear_classification - INFO - [Training] EPOCH: 115 EpochTime = 1.841 (s) Losses = ['0.1535', '97.9167'] lr = 0.000078
2023-10-08 11:06:36,708 - fewshot_scanobjectnn_non_linear_classification - INFO - [Validation] EPOCH: 115  acc = 52.0000
2023-10-08 11:06:37,213 - fewshot_scanobjectnn_non_linear_classification - INFO - Save checkpoint at ./experiments/fewshot_scanobjectnn_non_linear_classification/cfgs/LR_0.0006/ckpt-last.pth
2023-10-08 11:06:39,067 - fewshot_scanobjectnn_non_linear_classification - INFO - [Training] EPOCH: 116 EpochTime = 1.852 (s) Losses = ['0.1353', '97.9167'] lr = 0.000074
2023-10-08 11:06:40,440 - fewshot_scanobjectnn_non_linear_classification - INFO - [Validation] EPOCH: 116  acc = 52.0000
2023-10-08 11:06:40,876 - fewshot_scanobjectnn_non_linear_classification - INFO - Save checkpoint at ./experiments/fewshot_scanobjectnn_non_linear_classification/cfgs/LR_0.0006/ckpt-last.pth
2023-10-08 11:06:42,704 - fewshot_scanobjectnn_non_linear_classification - INFO - [Training] EPOCH: 117 EpochTime = 1.826 (s) Losses = ['0.1583', '97.3958'] lr = 0.000070
2023-10-08 11:06:44,066 - fewshot_scanobjectnn_non_linear_classification - INFO - [Validation] EPOCH: 117  acc = 51.5000
2023-10-08 11:06:44,615 - fewshot_scanobjectnn_non_linear_classification - INFO - Save checkpoint at ./experiments/fewshot_scanobjectnn_non_linear_classification/cfgs/LR_0.0006/ckpt-last.pth
2023-10-08 11:06:46,427 - fewshot_scanobjectnn_non_linear_classification - INFO - [Training] EPOCH: 118 EpochTime = 1.810 (s) Losses = ['0.1573', '98.9583'] lr = 0.000066
2023-10-08 11:06:47,823 - fewshot_scanobjectnn_non_linear_classification - INFO - [Validation] EPOCH: 118  acc = 52.0000
2023-10-08 11:06:48,243 - fewshot_scanobjectnn_non_linear_classification - INFO - Save checkpoint at ./experiments/fewshot_scanobjectnn_non_linear_classification/cfgs/LR_0.0006/ckpt-last.pth
2023-10-08 11:06:50,225 - fewshot_scanobjectnn_non_linear_classification - INFO - [Training] EPOCH: 119 EpochTime = 1.981 (s) Losses = ['0.1611', '97.3958'] lr = 0.000062
2023-10-08 11:06:51,603 - fewshot_scanobjectnn_non_linear_classification - INFO - [Validation] EPOCH: 119  acc = 51.5000
2023-10-08 11:06:52,059 - fewshot_scanobjectnn_non_linear_classification - INFO - Save checkpoint at ./experiments/fewshot_scanobjectnn_non_linear_classification/cfgs/LR_0.0006/ckpt-last.pth
2023-10-08 11:06:53,924 - fewshot_scanobjectnn_non_linear_classification - INFO - [Training] EPOCH: 120 EpochTime = 1.864 (s) Losses = ['0.1662', '95.3125'] lr = 0.000058
2023-10-08 11:06:55,271 - fewshot_scanobjectnn_non_linear_classification - INFO - [Validation] EPOCH: 120  acc = 52.5000
2023-10-08 11:06:55,744 - fewshot_scanobjectnn_non_linear_classification - INFO - Save checkpoint at ./experiments/fewshot_scanobjectnn_non_linear_classification/cfgs/LR_0.0006/ckpt-last.pth
2023-10-08 11:06:57,562 - fewshot_scanobjectnn_non_linear_classification - INFO - [Training] EPOCH: 121 EpochTime = 1.817 (s) Losses = ['0.1264', '98.9583'] lr = 0.000055
2023-10-08 11:06:58,928 - fewshot_scanobjectnn_non_linear_classification - INFO - [Validation] EPOCH: 121  acc = 51.5000
2023-10-08 11:06:59,413 - fewshot_scanobjectnn_non_linear_classification - INFO - Save checkpoint at ./experiments/fewshot_scanobjectnn_non_linear_classification/cfgs/LR_0.0006/ckpt-last.pth
2023-10-08 11:07:01,242 - fewshot_scanobjectnn_non_linear_classification - INFO - [Training] EPOCH: 122 EpochTime = 1.827 (s) Losses = ['0.1423', '96.8750'] lr = 0.000051
2023-10-08 11:07:02,594 - fewshot_scanobjectnn_non_linear_classification - INFO - [Validation] EPOCH: 122  acc = 52.0000
2023-10-08 11:07:03,112 - fewshot_scanobjectnn_non_linear_classification - INFO - Save checkpoint at ./experiments/fewshot_scanobjectnn_non_linear_classification/cfgs/LR_0.0006/ckpt-last.pth
2023-10-08 11:07:04,937 - fewshot_scanobjectnn_non_linear_classification - INFO - [Training] EPOCH: 123 EpochTime = 1.824 (s) Losses = ['0.1287', '99.4792'] lr = 0.000048
2023-10-08 11:07:06,316 - fewshot_scanobjectnn_non_linear_classification - INFO - [Validation] EPOCH: 123  acc = 51.5000
2023-10-08 11:07:06,792 - fewshot_scanobjectnn_non_linear_classification - INFO - Save checkpoint at ./experiments/fewshot_scanobjectnn_non_linear_classification/cfgs/LR_0.0006/ckpt-last.pth
2023-10-08 11:07:08,621 - fewshot_scanobjectnn_non_linear_classification - INFO - [Training] EPOCH: 124 EpochTime = 1.827 (s) Losses = ['0.1357', '98.4375'] lr = 0.000044
2023-10-08 11:07:09,988 - fewshot_scanobjectnn_non_linear_classification - INFO - [Validation] EPOCH: 124  acc = 52.5000
2023-10-08 11:07:10,463 - fewshot_scanobjectnn_non_linear_classification - INFO - Save checkpoint at ./experiments/fewshot_scanobjectnn_non_linear_classification/cfgs/LR_0.0006/ckpt-last.pth
2023-10-08 11:07:12,389 - fewshot_scanobjectnn_non_linear_classification - INFO - [Training] EPOCH: 125 EpochTime = 1.924 (s) Losses = ['0.1457', '97.9167'] lr = 0.000041
2023-10-08 11:07:13,760 - fewshot_scanobjectnn_non_linear_classification - INFO - [Validation] EPOCH: 125  acc = 51.0000
2023-10-08 11:07:14,239 - fewshot_scanobjectnn_non_linear_classification - INFO - Save checkpoint at ./experiments/fewshot_scanobjectnn_non_linear_classification/cfgs/LR_0.0006/ckpt-last.pth
2023-10-08 11:07:16,091 - fewshot_scanobjectnn_non_linear_classification - INFO - [Training] EPOCH: 126 EpochTime = 1.851 (s) Losses = ['0.1304', '98.9583'] lr = 0.000038
2023-10-08 11:07:17,481 - fewshot_scanobjectnn_non_linear_classification - INFO - [Validation] EPOCH: 126  acc = 50.5000
2023-10-08 11:07:17,914 - fewshot_scanobjectnn_non_linear_classification - INFO - Save checkpoint at ./experiments/fewshot_scanobjectnn_non_linear_classification/cfgs/LR_0.0006/ckpt-last.pth
2023-10-08 11:07:19,751 - fewshot_scanobjectnn_non_linear_classification - INFO - [Training] EPOCH: 127 EpochTime = 1.836 (s) Losses = ['0.1208', '96.8750'] lr = 0.000035
2023-10-08 11:07:21,099 - fewshot_scanobjectnn_non_linear_classification - INFO - [Validation] EPOCH: 127  acc = 50.5000
2023-10-08 11:07:21,622 - fewshot_scanobjectnn_non_linear_classification - INFO - Save checkpoint at ./experiments/fewshot_scanobjectnn_non_linear_classification/cfgs/LR_0.0006/ckpt-last.pth
2023-10-08 11:07:23,479 - fewshot_scanobjectnn_non_linear_classification - INFO - [Training] EPOCH: 128 EpochTime = 1.855 (s) Losses = ['0.1047', '98.9583'] lr = 0.000032
2023-10-08 11:07:24,846 - fewshot_scanobjectnn_non_linear_classification - INFO - [Validation] EPOCH: 128  acc = 51.0000
2023-10-08 11:07:25,520 - fewshot_scanobjectnn_non_linear_classification - INFO - Save checkpoint at ./experiments/fewshot_scanobjectnn_non_linear_classification/cfgs/LR_0.0006/ckpt-last.pth
2023-10-08 11:07:27,367 - fewshot_scanobjectnn_non_linear_classification - INFO - [Training] EPOCH: 129 EpochTime = 1.845 (s) Losses = ['0.1412', '96.8750'] lr = 0.000030
2023-10-08 11:07:28,734 - fewshot_scanobjectnn_non_linear_classification - INFO - [Validation] EPOCH: 129  acc = 51.0000
2023-10-08 11:07:29,213 - fewshot_scanobjectnn_non_linear_classification - INFO - Save checkpoint at ./experiments/fewshot_scanobjectnn_non_linear_classification/cfgs/LR_0.0006/ckpt-last.pth
2023-10-08 11:07:31,068 - fewshot_scanobjectnn_non_linear_classification - INFO - [Training] EPOCH: 130 EpochTime = 1.853 (s) Losses = ['0.1117', '98.4375'] lr = 0.000027
2023-10-08 11:07:32,425 - fewshot_scanobjectnn_non_linear_classification - INFO - [Validation] EPOCH: 130  acc = 50.5000
2023-10-08 11:07:32,900 - fewshot_scanobjectnn_non_linear_classification - INFO - Save checkpoint at ./experiments/fewshot_scanobjectnn_non_linear_classification/cfgs/LR_0.0006/ckpt-last.pth
2023-10-08 11:07:34,831 - fewshot_scanobjectnn_non_linear_classification - INFO - [Training] EPOCH: 131 EpochTime = 1.929 (s) Losses = ['0.1300', '97.9167'] lr = 0.000024
2023-10-08 11:07:36,203 - fewshot_scanobjectnn_non_linear_classification - INFO - [Validation] EPOCH: 131  acc = 51.0000
2023-10-08 11:07:36,647 - fewshot_scanobjectnn_non_linear_classification - INFO - Save checkpoint at ./experiments/fewshot_scanobjectnn_non_linear_classification/cfgs/LR_0.0006/ckpt-last.pth
2023-10-08 11:07:38,483 - fewshot_scanobjectnn_non_linear_classification - INFO - [Training] EPOCH: 132 EpochTime = 1.834 (s) Losses = ['0.1711', '95.8333'] lr = 0.000022
2023-10-08 11:07:39,837 - fewshot_scanobjectnn_non_linear_classification - INFO - [Validation] EPOCH: 132  acc = 52.0000
2023-10-08 11:07:40,361 - fewshot_scanobjectnn_non_linear_classification - INFO - Save checkpoint at ./experiments/fewshot_scanobjectnn_non_linear_classification/cfgs/LR_0.0006/ckpt-last.pth
2023-10-08 11:07:42,225 - fewshot_scanobjectnn_non_linear_classification - INFO - [Training] EPOCH: 133 EpochTime = 1.863 (s) Losses = ['0.1629', '97.3958'] lr = 0.000020
2023-10-08 11:07:43,564 - fewshot_scanobjectnn_non_linear_classification - INFO - [Validation] EPOCH: 133  acc = 51.5000
2023-10-08 11:07:44,048 - fewshot_scanobjectnn_non_linear_classification - INFO - Save checkpoint at ./experiments/fewshot_scanobjectnn_non_linear_classification/cfgs/LR_0.0006/ckpt-last.pth
2023-10-08 11:07:45,908 - fewshot_scanobjectnn_non_linear_classification - INFO - [Training] EPOCH: 134 EpochTime = 1.859 (s) Losses = ['0.1451', '96.3542'] lr = 0.000018
2023-10-08 11:07:47,278 - fewshot_scanobjectnn_non_linear_classification - INFO - [Validation] EPOCH: 134  acc = 52.0000
2023-10-08 11:07:47,737 - fewshot_scanobjectnn_non_linear_classification - INFO - Save checkpoint at ./experiments/fewshot_scanobjectnn_non_linear_classification/cfgs/LR_0.0006/ckpt-last.pth
2023-10-08 11:07:49,563 - fewshot_scanobjectnn_non_linear_classification - INFO - [Training] EPOCH: 135 EpochTime = 1.824 (s) Losses = ['0.1391', '98.9583'] lr = 0.000016
2023-10-08 11:07:50,974 - fewshot_scanobjectnn_non_linear_classification - INFO - [Validation] EPOCH: 135  acc = 52.5000
2023-10-08 11:07:51,739 - fewshot_scanobjectnn_non_linear_classification - INFO - Save checkpoint at ./experiments/fewshot_scanobjectnn_non_linear_classification/cfgs/LR_0.0006/ckpt-last.pth
2023-10-08 11:07:53,586 - fewshot_scanobjectnn_non_linear_classification - INFO - [Training] EPOCH: 136 EpochTime = 1.845 (s) Losses = ['0.1127', '98.4375'] lr = 0.000014
2023-10-08 11:07:54,942 - fewshot_scanobjectnn_non_linear_classification - INFO - [Validation] EPOCH: 136  acc = 52.5000
2023-10-08 11:07:55,467 - fewshot_scanobjectnn_non_linear_classification - INFO - Save checkpoint at ./experiments/fewshot_scanobjectnn_non_linear_classification/cfgs/LR_0.0006/ckpt-last.pth
2023-10-08 11:07:57,326 - fewshot_scanobjectnn_non_linear_classification - INFO - [Training] EPOCH: 137 EpochTime = 1.857 (s) Losses = ['0.1426', '95.3125'] lr = 0.000012
2023-10-08 11:07:58,690 - fewshot_scanobjectnn_non_linear_classification - INFO - [Validation] EPOCH: 137  acc = 52.0000
2023-10-08 11:07:59,246 - fewshot_scanobjectnn_non_linear_classification - INFO - Save checkpoint at ./experiments/fewshot_scanobjectnn_non_linear_classification/cfgs/LR_0.0006/ckpt-last.pth
2023-10-08 11:08:01,099 - fewshot_scanobjectnn_non_linear_classification - INFO - [Training] EPOCH: 138 EpochTime = 1.852 (s) Losses = ['0.1223', '97.9167'] lr = 0.000010
2023-10-08 11:08:02,448 - fewshot_scanobjectnn_non_linear_classification - INFO - [Validation] EPOCH: 138  acc = 51.5000
2023-10-08 11:08:02,903 - fewshot_scanobjectnn_non_linear_classification - INFO - Save checkpoint at ./experiments/fewshot_scanobjectnn_non_linear_classification/cfgs/LR_0.0006/ckpt-last.pth
2023-10-08 11:08:04,851 - fewshot_scanobjectnn_non_linear_classification - INFO - [Training] EPOCH: 139 EpochTime = 1.946 (s) Losses = ['0.1696', '96.3542'] lr = 0.000009
2023-10-08 11:08:06,210 - fewshot_scanobjectnn_non_linear_classification - INFO - [Validation] EPOCH: 139  acc = 51.5000
2023-10-08 11:08:06,726 - fewshot_scanobjectnn_non_linear_classification - INFO - Save checkpoint at ./experiments/fewshot_scanobjectnn_non_linear_classification/cfgs/LR_0.0006/ckpt-last.pth
2023-10-08 11:08:08,630 - fewshot_scanobjectnn_non_linear_classification - INFO - [Training] EPOCH: 140 EpochTime = 1.902 (s) Losses = ['0.1128', '99.4792'] lr = 0.000008
2023-10-08 11:08:10,018 - fewshot_scanobjectnn_non_linear_classification - INFO - [Validation] EPOCH: 140  acc = 51.5000
2023-10-08 11:08:10,511 - fewshot_scanobjectnn_non_linear_classification - INFO - Save checkpoint at ./experiments/fewshot_scanobjectnn_non_linear_classification/cfgs/LR_0.0006/ckpt-last.pth
2023-10-08 11:08:12,377 - fewshot_scanobjectnn_non_linear_classification - INFO - [Training] EPOCH: 141 EpochTime = 1.864 (s) Losses = ['0.1297', '97.9167'] lr = 0.000006
2023-10-08 11:08:13,756 - fewshot_scanobjectnn_non_linear_classification - INFO - [Validation] EPOCH: 141  acc = 51.5000
2023-10-08 11:08:14,227 - fewshot_scanobjectnn_non_linear_classification - INFO - Save checkpoint at ./experiments/fewshot_scanobjectnn_non_linear_classification/cfgs/LR_0.0006/ckpt-last.pth
2023-10-08 11:08:14,720 - fewshot_scanobjectnn_non_linear_classification - INFO - Save checkpoint at ./experiments/fewshot_scanobjectnn_non_linear_classification/cfgs/LR_0.0006/ckpt-epoch-141.pth
2023-10-08 11:08:16,610 - fewshot_scanobjectnn_non_linear_classification - INFO - [Training] EPOCH: 142 EpochTime = 1.889 (s) Losses = ['0.1664', '95.8333'] lr = 0.000005
2023-10-08 11:08:17,994 - fewshot_scanobjectnn_non_linear_classification - INFO - [Validation] EPOCH: 142  acc = 51.0000
2023-10-08 11:08:18,540 - fewshot_scanobjectnn_non_linear_classification - INFO - Save checkpoint at ./experiments/fewshot_scanobjectnn_non_linear_classification/cfgs/LR_0.0006/ckpt-last.pth
2023-10-08 11:08:19,006 - fewshot_scanobjectnn_non_linear_classification - INFO - Save checkpoint at ./experiments/fewshot_scanobjectnn_non_linear_classification/cfgs/LR_0.0006/ckpt-epoch-142.pth
2023-10-08 11:08:20,917 - fewshot_scanobjectnn_non_linear_classification - INFO - [Training] EPOCH: 143 EpochTime = 1.909 (s) Losses = ['0.1410', '97.9167'] lr = 0.000004
2023-10-08 11:08:22,248 - fewshot_scanobjectnn_non_linear_classification - INFO - [Validation] EPOCH: 143  acc = 51.5000
2023-10-08 11:08:22,863 - fewshot_scanobjectnn_non_linear_classification - INFO - Save checkpoint at ./experiments/fewshot_scanobjectnn_non_linear_classification/cfgs/LR_0.0006/ckpt-last.pth
2023-10-08 11:08:23,361 - fewshot_scanobjectnn_non_linear_classification - INFO - Save checkpoint at ./experiments/fewshot_scanobjectnn_non_linear_classification/cfgs/LR_0.0006/ckpt-epoch-143.pth
2023-10-08 11:08:25,016 - fewshot_scanobjectnn_non_linear_classification - INFO - [Training] EPOCH: 144 EpochTime = 1.652 (s) Losses = ['0.1065', '98.9583'] lr = 0.000003
2023-10-08 11:08:26,332 - fewshot_scanobjectnn_non_linear_classification - INFO - [Validation] EPOCH: 144  acc = 51.5000
2023-10-08 11:08:26,918 - fewshot_scanobjectnn_non_linear_classification - INFO - Save checkpoint at ./experiments/fewshot_scanobjectnn_non_linear_classification/cfgs/LR_0.0006/ckpt-last.pth
2023-10-08 11:08:27,338 - fewshot_scanobjectnn_non_linear_classification - INFO - Save checkpoint at ./experiments/fewshot_scanobjectnn_non_linear_classification/cfgs/LR_0.0006/ckpt-epoch-144.pth
2023-10-08 11:08:28,989 - fewshot_scanobjectnn_non_linear_classification - INFO - [Training] EPOCH: 145 EpochTime = 1.650 (s) Losses = ['0.1323', '96.3542'] lr = 0.000003
2023-10-08 11:08:30,381 - fewshot_scanobjectnn_non_linear_classification - INFO - [Validation] EPOCH: 145  acc = 53.0000
2023-10-08 11:08:30,896 - fewshot_scanobjectnn_non_linear_classification - INFO - Save checkpoint at ./experiments/fewshot_scanobjectnn_non_linear_classification/cfgs/LR_0.0006/ckpt-last.pth
2023-10-08 11:08:31,365 - fewshot_scanobjectnn_non_linear_classification - INFO - Save checkpoint at ./experiments/fewshot_scanobjectnn_non_linear_classification/cfgs/LR_0.0006/ckpt-epoch-145.pth
2023-10-08 11:08:33,020 - fewshot_scanobjectnn_non_linear_classification - INFO - [Training] EPOCH: 146 EpochTime = 1.653 (s) Losses = ['0.1273', '98.4375'] lr = 0.000002
2023-10-08 11:08:34,322 - fewshot_scanobjectnn_non_linear_classification - INFO - [Validation] EPOCH: 146  acc = 53.0000
2023-10-08 11:08:34,802 - fewshot_scanobjectnn_non_linear_classification - INFO - Save checkpoint at ./experiments/fewshot_scanobjectnn_non_linear_classification/cfgs/LR_0.0006/ckpt-last.pth
2023-10-08 11:08:35,283 - fewshot_scanobjectnn_non_linear_classification - INFO - Save checkpoint at ./experiments/fewshot_scanobjectnn_non_linear_classification/cfgs/LR_0.0006/ckpt-epoch-146.pth
2023-10-08 11:08:36,914 - fewshot_scanobjectnn_non_linear_classification - INFO - [Training] EPOCH: 147 EpochTime = 1.629 (s) Losses = ['0.1437', '95.8333'] lr = 0.000002
2023-10-08 11:08:38,246 - fewshot_scanobjectnn_non_linear_classification - INFO - [Validation] EPOCH: 147  acc = 53.0000
2023-10-08 11:08:38,709 - fewshot_scanobjectnn_non_linear_classification - INFO - Save checkpoint at ./experiments/fewshot_scanobjectnn_non_linear_classification/cfgs/LR_0.0006/ckpt-last.pth
2023-10-08 11:08:39,240 - fewshot_scanobjectnn_non_linear_classification - INFO - Save checkpoint at ./experiments/fewshot_scanobjectnn_non_linear_classification/cfgs/LR_0.0006/ckpt-epoch-147.pth
2023-10-08 11:08:40,887 - fewshot_scanobjectnn_non_linear_classification - INFO - [Training] EPOCH: 148 EpochTime = 1.645 (s) Losses = ['0.1499', '96.8750'] lr = 0.000001
2023-10-08 11:08:42,183 - fewshot_scanobjectnn_non_linear_classification - INFO - [Validation] EPOCH: 148  acc = 51.0000
2023-10-08 11:08:42,682 - fewshot_scanobjectnn_non_linear_classification - INFO - Save checkpoint at ./experiments/fewshot_scanobjectnn_non_linear_classification/cfgs/LR_0.0006/ckpt-last.pth
2023-10-08 11:08:43,133 - fewshot_scanobjectnn_non_linear_classification - INFO - Save checkpoint at ./experiments/fewshot_scanobjectnn_non_linear_classification/cfgs/LR_0.0006/ckpt-epoch-148.pth
2023-10-08 11:08:44,802 - fewshot_scanobjectnn_non_linear_classification - INFO - [Training] EPOCH: 149 EpochTime = 1.667 (s) Losses = ['0.1710', '96.8750'] lr = 0.000001
2023-10-08 11:08:46,091 - fewshot_scanobjectnn_non_linear_classification - INFO - [Validation] EPOCH: 149  acc = 51.0000
2023-10-08 11:08:46,541 - fewshot_scanobjectnn_non_linear_classification - INFO - Save checkpoint at ./experiments/fewshot_scanobjectnn_non_linear_classification/cfgs/LR_0.0006/ckpt-last.pth
2023-10-08 11:08:47,044 - fewshot_scanobjectnn_non_linear_classification - INFO - Save checkpoint at ./experiments/fewshot_scanobjectnn_non_linear_classification/cfgs/LR_0.0006/ckpt-epoch-149.pth
2023-10-08 11:08:48,718 - fewshot_scanobjectnn_non_linear_classification - INFO - [Training] EPOCH: 150 EpochTime = 1.672 (s) Losses = ['0.1443', '97.3958'] lr = 0.000001
2023-10-08 11:08:50,076 - fewshot_scanobjectnn_non_linear_classification - INFO - [Validation] EPOCH: 150  acc = 53.0000
2023-10-08 11:08:50,516 - fewshot_scanobjectnn_non_linear_classification - INFO - Save checkpoint at ./experiments/fewshot_scanobjectnn_non_linear_classification/cfgs/LR_0.0006/ckpt-last.pth
2023-10-08 11:08:50,962 - fewshot_scanobjectnn_non_linear_classification - INFO - Save checkpoint at ./experiments/fewshot_scanobjectnn_non_linear_classification/cfgs/LR_0.0006/ckpt-epoch-150.pth
