2023-09-17 23:36:38,039 - fewshot_scanobjectnn_non_linear_classification - INFO - Copy the Config file from cfgs/fewshot_scanobjectnn_non_linear_classification.yaml to ./experiments/fewshot_scanobjectnn_non_linear_classification/cfgs/add_as_normal/config.yaml
2023-09-17 23:36:38,039 - fewshot_scanobjectnn_non_linear_classification - INFO - args.config : cfgs/fewshot_scanobjectnn_non_linear_classification.yaml
2023-09-17 23:36:38,039 - fewshot_scanobjectnn_non_linear_classification - INFO - args.launcher : none
2023-09-17 23:36:38,039 - fewshot_scanobjectnn_non_linear_classification - INFO - args.local_rank : 0
2023-09-17 23:36:38,039 - fewshot_scanobjectnn_non_linear_classification - INFO - args.num_workers : 8
2023-09-17 23:36:38,039 - fewshot_scanobjectnn_non_linear_classification - INFO - args.seed : 0
2023-09-17 23:36:38,040 - fewshot_scanobjectnn_non_linear_classification - INFO - args.deterministic : False
2023-09-17 23:36:38,040 - fewshot_scanobjectnn_non_linear_classification - INFO - args.sync_bn : True
2023-09-17 23:36:38,040 - fewshot_scanobjectnn_non_linear_classification - INFO - args.update_weights_every : 1
2023-09-17 23:36:38,040 - fewshot_scanobjectnn_non_linear_classification - INFO - args.main_task : 0
2023-09-17 23:36:38,040 - fewshot_scanobjectnn_non_linear_classification - INFO - args.nashmtl_optim_niter : 20
2023-09-17 23:36:38,040 - fewshot_scanobjectnn_non_linear_classification - INFO - args.c : 0.4
2023-09-17 23:36:38,040 - fewshot_scanobjectnn_non_linear_classification - INFO - args.dwa_temp : 2.0
2023-09-17 23:36:38,040 - fewshot_scanobjectnn_non_linear_classification - INFO - args.method_params_lr : 0.025
2023-09-17 23:36:38,040 - fewshot_scanobjectnn_non_linear_classification - INFO - args.method : nashmtl
2023-09-17 23:36:38,040 - fewshot_scanobjectnn_non_linear_classification - INFO - args.gpu : 5
2023-09-17 23:36:38,040 - fewshot_scanobjectnn_non_linear_classification - INFO - args.large_group : 5
2023-09-17 23:36:38,040 - fewshot_scanobjectnn_non_linear_classification - INFO - args.small_group : 10
2023-09-17 23:36:38,040 - fewshot_scanobjectnn_non_linear_classification - INFO - args.large_patch : 6
2023-09-17 23:36:38,040 - fewshot_scanobjectnn_non_linear_classification - INFO - args.small_patch : 3
2023-09-17 23:36:38,040 - fewshot_scanobjectnn_non_linear_classification - INFO - args.queue_length : 8192
2023-09-17 23:36:38,040 - fewshot_scanobjectnn_non_linear_classification - INFO - args.epoch_queue_starts : 10
2023-09-17 23:36:38,040 - fewshot_scanobjectnn_non_linear_classification - INFO - args.nmb_crops : [5, 10]
2023-09-17 23:36:38,040 - fewshot_scanobjectnn_non_linear_classification - INFO - args.fea_dim : 384
2023-09-17 23:36:38,040 - fewshot_scanobjectnn_non_linear_classification - INFO - args.hidden_mlp : 256
2023-09-17 23:36:38,040 - fewshot_scanobjectnn_non_linear_classification - INFO - args.output_dim : 128
2023-09-17 23:36:38,040 - fewshot_scanobjectnn_non_linear_classification - INFO - args.nmb_prototypes : 200
2023-09-17 23:36:38,040 - fewshot_scanobjectnn_non_linear_classification - INFO - args.temperature : 0.1
2023-09-17 23:36:38,040 - fewshot_scanobjectnn_non_linear_classification - INFO - args.epsilon : 0.05
2023-09-17 23:36:38,041 - fewshot_scanobjectnn_non_linear_classification - INFO - args.sinkhorn_iterations : 3
2023-09-17 23:36:38,041 - fewshot_scanobjectnn_non_linear_classification - INFO - args.world_size : 1
2023-09-17 23:36:38,041 - fewshot_scanobjectnn_non_linear_classification - INFO - args.exp_name : add_as_normal
2023-09-17 23:36:38,041 - fewshot_scanobjectnn_non_linear_classification - INFO - args.loss : cd1
2023-09-17 23:36:38,041 - fewshot_scanobjectnn_non_linear_classification - INFO - args.start_ckpts : None
2023-09-17 23:36:38,041 - fewshot_scanobjectnn_non_linear_classification - INFO - args.ckpts : ./experiments/pretrain_MaskSurf/cfgs/add_as_normal/ckpt-last.pth
2023-09-17 23:36:38,041 - fewshot_scanobjectnn_non_linear_classification - INFO - args.val_freq : 1
2023-09-17 23:36:38,041 - fewshot_scanobjectnn_non_linear_classification - INFO - args.vote : False
2023-09-17 23:36:38,041 - fewshot_scanobjectnn_non_linear_classification - INFO - args.resume : False
2023-09-17 23:36:38,041 - fewshot_scanobjectnn_non_linear_classification - INFO - args.test : False
2023-09-17 23:36:38,041 - fewshot_scanobjectnn_non_linear_classification - INFO - args.finetune_model : True
2023-09-17 23:36:38,041 - fewshot_scanobjectnn_non_linear_classification - INFO - args.scratch_model : False
2023-09-17 23:36:38,041 - fewshot_scanobjectnn_non_linear_classification - INFO - args.mode : None
2023-09-17 23:36:38,041 - fewshot_scanobjectnn_non_linear_classification - INFO - args.way : 5
2023-09-17 23:36:38,041 - fewshot_scanobjectnn_non_linear_classification - INFO - args.shot : 20
2023-09-17 23:36:38,041 - fewshot_scanobjectnn_non_linear_classification - INFO - args.fold : 9
2023-09-17 23:36:38,041 - fewshot_scanobjectnn_non_linear_classification - INFO - args.experiment_path : ./experiments/fewshot_scanobjectnn_non_linear_classification/cfgs/add_as_normal
2023-09-17 23:36:38,041 - fewshot_scanobjectnn_non_linear_classification - INFO - args.tfboard_path : ./experiments/fewshot_scanobjectnn_non_linear_classification/cfgs/TFBoard/add_as_normal
2023-09-17 23:36:38,041 - fewshot_scanobjectnn_non_linear_classification - INFO - args.log_name : fewshot_scanobjectnn_non_linear_classification
2023-09-17 23:36:38,041 - fewshot_scanobjectnn_non_linear_classification - INFO - args.use_gpu : True
2023-09-17 23:36:38,041 - fewshot_scanobjectnn_non_linear_classification - INFO - args.distributed : False
2023-09-17 23:36:38,041 - fewshot_scanobjectnn_non_linear_classification - INFO - config.optimizer = edict()
2023-09-17 23:36:38,041 - fewshot_scanobjectnn_non_linear_classification - INFO - config.optimizer.type : AdamW
2023-09-17 23:36:38,042 - fewshot_scanobjectnn_non_linear_classification - INFO - config.optimizer.part : only_new
2023-09-17 23:36:38,042 - fewshot_scanobjectnn_non_linear_classification - INFO - config.optimizer.kwargs = edict()
2023-09-17 23:36:38,042 - fewshot_scanobjectnn_non_linear_classification - INFO - config.optimizer.kwargs.lr : 0.0005
2023-09-17 23:36:38,042 - fewshot_scanobjectnn_non_linear_classification - INFO - config.optimizer.kwargs.weight_decay : 0.05
2023-09-17 23:36:38,042 - fewshot_scanobjectnn_non_linear_classification - INFO - config.scheduler = edict()
2023-09-17 23:36:38,042 - fewshot_scanobjectnn_non_linear_classification - INFO - config.scheduler.type : CosLR
2023-09-17 23:36:38,042 - fewshot_scanobjectnn_non_linear_classification - INFO - config.scheduler.kwargs = edict()
2023-09-17 23:36:38,042 - fewshot_scanobjectnn_non_linear_classification - INFO - config.scheduler.kwargs.epochs : 150
2023-09-17 23:36:38,042 - fewshot_scanobjectnn_non_linear_classification - INFO - config.scheduler.kwargs.initial_epochs : 10
2023-09-17 23:36:38,042 - fewshot_scanobjectnn_non_linear_classification - INFO - config.dataset = edict()
2023-09-17 23:36:38,042 - fewshot_scanobjectnn_non_linear_classification - INFO - config.dataset.train = edict()
2023-09-17 23:36:38,042 - fewshot_scanobjectnn_non_linear_classification - INFO - config.dataset.train._base_ = edict()
2023-09-17 23:36:38,042 - fewshot_scanobjectnn_non_linear_classification - INFO - config.dataset.train._base_.NAME : ModelNetFewShot
2023-09-17 23:36:38,042 - fewshot_scanobjectnn_non_linear_classification - INFO - config.dataset.train._base_.DATA_PATH : data/ScanObjectNN_hardest_fewshot
2023-09-17 23:36:38,042 - fewshot_scanobjectnn_non_linear_classification - INFO - config.dataset.train._base_.N_POINTS : 2048
2023-09-17 23:36:38,042 - fewshot_scanobjectnn_non_linear_classification - INFO - config.dataset.train._base_.NUM_CATEGORY : 15
2023-09-17 23:36:38,042 - fewshot_scanobjectnn_non_linear_classification - INFO - config.dataset.train._base_.USE_NORMALS : False
2023-09-17 23:36:38,042 - fewshot_scanobjectnn_non_linear_classification - INFO - config.dataset.train.others = edict()
2023-09-17 23:36:38,042 - fewshot_scanobjectnn_non_linear_classification - INFO - config.dataset.train.others.subset : train
2023-09-17 23:36:38,042 - fewshot_scanobjectnn_non_linear_classification - INFO - config.dataset.train.others.bs : 32
2023-09-17 23:36:38,042 - fewshot_scanobjectnn_non_linear_classification - INFO - config.dataset.val = edict()
2023-09-17 23:36:38,042 - fewshot_scanobjectnn_non_linear_classification - INFO - config.dataset.val._base_ = edict()
2023-09-17 23:36:38,043 - fewshot_scanobjectnn_non_linear_classification - INFO - config.dataset.val._base_.NAME : ModelNetFewShot
2023-09-17 23:36:38,043 - fewshot_scanobjectnn_non_linear_classification - INFO - config.dataset.val._base_.DATA_PATH : data/ScanObjectNN_hardest_fewshot
2023-09-17 23:36:38,043 - fewshot_scanobjectnn_non_linear_classification - INFO - config.dataset.val._base_.N_POINTS : 2048
2023-09-17 23:36:38,043 - fewshot_scanobjectnn_non_linear_classification - INFO - config.dataset.val._base_.NUM_CATEGORY : 15
2023-09-17 23:36:38,043 - fewshot_scanobjectnn_non_linear_classification - INFO - config.dataset.val._base_.USE_NORMALS : False
2023-09-17 23:36:38,043 - fewshot_scanobjectnn_non_linear_classification - INFO - config.dataset.val.others = edict()
2023-09-17 23:36:38,043 - fewshot_scanobjectnn_non_linear_classification - INFO - config.dataset.val.others.subset : test
2023-09-17 23:36:38,043 - fewshot_scanobjectnn_non_linear_classification - INFO - config.dataset.val.others.bs : 64
2023-09-17 23:36:38,043 - fewshot_scanobjectnn_non_linear_classification - INFO - config.dataset.test = edict()
2023-09-17 23:36:38,043 - fewshot_scanobjectnn_non_linear_classification - INFO - config.dataset.test._base_ = edict()
2023-09-17 23:36:38,043 - fewshot_scanobjectnn_non_linear_classification - INFO - config.dataset.test._base_.NAME : ScanObjectNN_hardest
2023-09-17 23:36:38,043 - fewshot_scanobjectnn_non_linear_classification - INFO - config.dataset.test._base_.ROOT : data/ScanObjectNN/main_split
2023-09-17 23:36:38,043 - fewshot_scanobjectnn_non_linear_classification - INFO - config.dataset.test.others = edict()
2023-09-17 23:36:38,043 - fewshot_scanobjectnn_non_linear_classification - INFO - config.dataset.test.others.subset : test
2023-09-17 23:36:38,043 - fewshot_scanobjectnn_non_linear_classification - INFO - config.dataset.test.others.bs : 32
2023-09-17 23:36:38,043 - fewshot_scanobjectnn_non_linear_classification - INFO - config.model = edict()
2023-09-17 23:36:38,043 - fewshot_scanobjectnn_non_linear_classification - INFO - config.model.NAME : PointTransformer
2023-09-17 23:36:38,043 - fewshot_scanobjectnn_non_linear_classification - INFO - config.model.trans_dim : 384
2023-09-17 23:36:38,043 - fewshot_scanobjectnn_non_linear_classification - INFO - config.model.depth : 12
2023-09-17 23:36:38,043 - fewshot_scanobjectnn_non_linear_classification - INFO - config.model.drop_path_rate : 0.1
2023-09-17 23:36:38,043 - fewshot_scanobjectnn_non_linear_classification - INFO - config.model.cls_dim : 15
2023-09-17 23:36:38,043 - fewshot_scanobjectnn_non_linear_classification - INFO - config.model.num_heads : 6
2023-09-17 23:36:38,044 - fewshot_scanobjectnn_non_linear_classification - INFO - config.model.group_size : 32
2023-09-17 23:36:38,044 - fewshot_scanobjectnn_non_linear_classification - INFO - config.model.num_group : 64
2023-09-17 23:36:38,044 - fewshot_scanobjectnn_non_linear_classification - INFO - config.model.encoder_dims : 384
2023-09-17 23:36:38,044 - fewshot_scanobjectnn_non_linear_classification - INFO - config.npoints : 1024
2023-09-17 23:36:38,044 - fewshot_scanobjectnn_non_linear_classification - INFO - config.total_bs : 32
2023-09-17 23:36:38,044 - fewshot_scanobjectnn_non_linear_classification - INFO - config.step_per_update : 1
2023-09-17 23:36:38,044 - fewshot_scanobjectnn_non_linear_classification - INFO - config.max_epoch : 150
2023-09-17 23:36:38,044 - fewshot_scanobjectnn_non_linear_classification - INFO - config.grad_norm_clip : 10
2023-09-17 23:36:38,044 - fewshot_scanobjectnn_non_linear_classification - INFO - Distributed training: False
2023-09-17 23:36:38,044 - fewshot_scanobjectnn_non_linear_classification - INFO - Set random seed to 0, deterministic: False
2023-09-17 23:36:40,187 - fewshot_scanobjectnn_non_linear_classification - INFO - Using Data parallel ...
2023-09-17 23:36:45,190 - fewshot_scanobjectnn_non_linear_classification - INFO - [Training] EPOCH: 0 EpochTime = 4.998 (s) Losses = ['2.8014', '7.2917'] lr = 0.000001
2023-09-17 23:36:45,728 - fewshot_scanobjectnn_non_linear_classification - INFO - Save checkpoint at ./experiments/fewshot_scanobjectnn_non_linear_classification/cfgs/add_as_normal/ckpt-last.pth
2023-09-17 23:36:47,006 - fewshot_scanobjectnn_non_linear_classification - INFO - [Training] EPOCH: 1 EpochTime = 1.277 (s) Losses = ['2.6777', '8.3333'] lr = 0.000051
2023-09-17 23:36:49,160 - fewshot_scanobjectnn_non_linear_classification - INFO - [Validation] EPOCH: 1  acc = 8.0000
2023-09-17 23:36:49,735 - fewshot_scanobjectnn_non_linear_classification - INFO - Save checkpoint at ./experiments/fewshot_scanobjectnn_non_linear_classification/cfgs/add_as_normal/ckpt-best.pth
2023-09-17 23:36:49,736 - fewshot_scanobjectnn_non_linear_classification - INFO - --------------------------------------------------------------------------------------------
2023-09-17 23:36:50,430 - fewshot_scanobjectnn_non_linear_classification - INFO - Save checkpoint at ./experiments/fewshot_scanobjectnn_non_linear_classification/cfgs/add_as_normal/ckpt-last.pth
2023-09-17 23:36:51,612 - fewshot_scanobjectnn_non_linear_classification - INFO - [Training] EPOCH: 2 EpochTime = 1.180 (s) Losses = ['2.7256', '12.5000'] lr = 0.000101
2023-09-17 23:36:52,567 - fewshot_scanobjectnn_non_linear_classification - INFO - [Validation] EPOCH: 2  acc = 12.0000
2023-09-17 23:36:53,134 - fewshot_scanobjectnn_non_linear_classification - INFO - Save checkpoint at ./experiments/fewshot_scanobjectnn_non_linear_classification/cfgs/add_as_normal/ckpt-best.pth
2023-09-17 23:36:53,135 - fewshot_scanobjectnn_non_linear_classification - INFO - --------------------------------------------------------------------------------------------
2023-09-17 23:36:53,692 - fewshot_scanobjectnn_non_linear_classification - INFO - Save checkpoint at ./experiments/fewshot_scanobjectnn_non_linear_classification/cfgs/add_as_normal/ckpt-last.pth
2023-09-17 23:36:54,894 - fewshot_scanobjectnn_non_linear_classification - INFO - [Training] EPOCH: 3 EpochTime = 1.201 (s) Losses = ['2.6805', '10.4167'] lr = 0.000151
2023-09-17 23:36:55,835 - fewshot_scanobjectnn_non_linear_classification - INFO - [Validation] EPOCH: 3  acc = 19.0000
2023-09-17 23:36:56,408 - fewshot_scanobjectnn_non_linear_classification - INFO - Save checkpoint at ./experiments/fewshot_scanobjectnn_non_linear_classification/cfgs/add_as_normal/ckpt-best.pth
2023-09-17 23:36:56,408 - fewshot_scanobjectnn_non_linear_classification - INFO - --------------------------------------------------------------------------------------------
2023-09-17 23:36:57,076 - fewshot_scanobjectnn_non_linear_classification - INFO - Save checkpoint at ./experiments/fewshot_scanobjectnn_non_linear_classification/cfgs/add_as_normal/ckpt-last.pth
2023-09-17 23:36:58,242 - fewshot_scanobjectnn_non_linear_classification - INFO - [Training] EPOCH: 4 EpochTime = 1.164 (s) Losses = ['2.5255', '17.7083'] lr = 0.000201
2023-09-17 23:36:59,151 - fewshot_scanobjectnn_non_linear_classification - INFO - [Validation] EPOCH: 4  acc = 27.0000
2023-09-17 23:36:59,879 - fewshot_scanobjectnn_non_linear_classification - INFO - Save checkpoint at ./experiments/fewshot_scanobjectnn_non_linear_classification/cfgs/add_as_normal/ckpt-best.pth
2023-09-17 23:36:59,879 - fewshot_scanobjectnn_non_linear_classification - INFO - --------------------------------------------------------------------------------------------
2023-09-17 23:37:00,349 - fewshot_scanobjectnn_non_linear_classification - INFO - Save checkpoint at ./experiments/fewshot_scanobjectnn_non_linear_classification/cfgs/add_as_normal/ckpt-last.pth
2023-09-17 23:37:01,590 - fewshot_scanobjectnn_non_linear_classification - INFO - [Training] EPOCH: 5 EpochTime = 1.239 (s) Losses = ['2.5408', '15.6250'] lr = 0.000251
2023-09-17 23:37:02,512 - fewshot_scanobjectnn_non_linear_classification - INFO - [Validation] EPOCH: 5  acc = 37.0000
2023-09-17 23:37:03,037 - fewshot_scanobjectnn_non_linear_classification - INFO - Save checkpoint at ./experiments/fewshot_scanobjectnn_non_linear_classification/cfgs/add_as_normal/ckpt-best.pth
2023-09-17 23:37:03,037 - fewshot_scanobjectnn_non_linear_classification - INFO - --------------------------------------------------------------------------------------------
2023-09-17 23:37:03,498 - fewshot_scanobjectnn_non_linear_classification - INFO - Save checkpoint at ./experiments/fewshot_scanobjectnn_non_linear_classification/cfgs/add_as_normal/ckpt-last.pth
2023-09-17 23:37:04,730 - fewshot_scanobjectnn_non_linear_classification - INFO - [Training] EPOCH: 6 EpochTime = 1.231 (s) Losses = ['2.3855', '21.8750'] lr = 0.000300
2023-09-17 23:37:05,868 - fewshot_scanobjectnn_non_linear_classification - INFO - [Validation] EPOCH: 6  acc = 42.0000
2023-09-17 23:37:06,366 - fewshot_scanobjectnn_non_linear_classification - INFO - Save checkpoint at ./experiments/fewshot_scanobjectnn_non_linear_classification/cfgs/add_as_normal/ckpt-best.pth
2023-09-17 23:37:06,366 - fewshot_scanobjectnn_non_linear_classification - INFO - --------------------------------------------------------------------------------------------
2023-09-17 23:37:06,941 - fewshot_scanobjectnn_non_linear_classification - INFO - Save checkpoint at ./experiments/fewshot_scanobjectnn_non_linear_classification/cfgs/add_as_normal/ckpt-last.pth
2023-09-17 23:37:08,138 - fewshot_scanobjectnn_non_linear_classification - INFO - [Training] EPOCH: 7 EpochTime = 1.196 (s) Losses = ['2.1717', '33.3333'] lr = 0.000350
2023-09-17 23:37:09,116 - fewshot_scanobjectnn_non_linear_classification - INFO - [Validation] EPOCH: 7  acc = 42.0000
2023-09-17 23:37:09,785 - fewshot_scanobjectnn_non_linear_classification - INFO - Save checkpoint at ./experiments/fewshot_scanobjectnn_non_linear_classification/cfgs/add_as_normal/ckpt-last.pth
2023-09-17 23:37:11,052 - fewshot_scanobjectnn_non_linear_classification - INFO - [Training] EPOCH: 8 EpochTime = 1.265 (s) Losses = ['1.9852', '40.6250'] lr = 0.000400
2023-09-17 23:37:12,072 - fewshot_scanobjectnn_non_linear_classification - INFO - [Validation] EPOCH: 8  acc = 43.0000
2023-09-17 23:37:12,617 - fewshot_scanobjectnn_non_linear_classification - INFO - Save checkpoint at ./experiments/fewshot_scanobjectnn_non_linear_classification/cfgs/add_as_normal/ckpt-best.pth
2023-09-17 23:37:12,617 - fewshot_scanobjectnn_non_linear_classification - INFO - --------------------------------------------------------------------------------------------
2023-09-17 23:37:13,368 - fewshot_scanobjectnn_non_linear_classification - INFO - Save checkpoint at ./experiments/fewshot_scanobjectnn_non_linear_classification/cfgs/add_as_normal/ckpt-last.pth
2023-09-17 23:37:14,534 - fewshot_scanobjectnn_non_linear_classification - INFO - [Training] EPOCH: 9 EpochTime = 1.165 (s) Losses = ['1.9273', '47.9167'] lr = 0.000450
2023-09-17 23:37:15,409 - fewshot_scanobjectnn_non_linear_classification - INFO - [Validation] EPOCH: 9  acc = 42.0000
2023-09-17 23:37:15,919 - fewshot_scanobjectnn_non_linear_classification - INFO - Save checkpoint at ./experiments/fewshot_scanobjectnn_non_linear_classification/cfgs/add_as_normal/ckpt-last.pth
2023-09-17 23:37:17,133 - fewshot_scanobjectnn_non_linear_classification - INFO - [Training] EPOCH: 10 EpochTime = 1.213 (s) Losses = ['1.6854', '52.0833'] lr = 0.000495
2023-09-17 23:37:18,220 - fewshot_scanobjectnn_non_linear_classification - INFO - [Validation] EPOCH: 10  acc = 49.0000
2023-09-17 23:37:18,717 - fewshot_scanobjectnn_non_linear_classification - INFO - Save checkpoint at ./experiments/fewshot_scanobjectnn_non_linear_classification/cfgs/add_as_normal/ckpt-best.pth
2023-09-17 23:37:18,717 - fewshot_scanobjectnn_non_linear_classification - INFO - --------------------------------------------------------------------------------------------
2023-09-17 23:37:19,342 - fewshot_scanobjectnn_non_linear_classification - INFO - Save checkpoint at ./experiments/fewshot_scanobjectnn_non_linear_classification/cfgs/add_as_normal/ckpt-last.pth
2023-09-17 23:37:20,500 - fewshot_scanobjectnn_non_linear_classification - INFO - [Training] EPOCH: 11 EpochTime = 1.156 (s) Losses = ['1.6301', '50.0000'] lr = 0.000493
2023-09-17 23:37:21,473 - fewshot_scanobjectnn_non_linear_classification - INFO - [Validation] EPOCH: 11  acc = 51.0000
2023-09-17 23:37:22,001 - fewshot_scanobjectnn_non_linear_classification - INFO - Save checkpoint at ./experiments/fewshot_scanobjectnn_non_linear_classification/cfgs/add_as_normal/ckpt-best.pth
2023-09-17 23:37:22,001 - fewshot_scanobjectnn_non_linear_classification - INFO - --------------------------------------------------------------------------------------------
2023-09-17 23:37:22,577 - fewshot_scanobjectnn_non_linear_classification - INFO - Save checkpoint at ./experiments/fewshot_scanobjectnn_non_linear_classification/cfgs/add_as_normal/ckpt-last.pth
2023-09-17 23:37:23,737 - fewshot_scanobjectnn_non_linear_classification - INFO - [Training] EPOCH: 12 EpochTime = 1.159 (s) Losses = ['1.4553', '59.3750'] lr = 0.000492
2023-09-17 23:37:24,664 - fewshot_scanobjectnn_non_linear_classification - INFO - [Validation] EPOCH: 12  acc = 56.0000
2023-09-17 23:37:25,398 - fewshot_scanobjectnn_non_linear_classification - INFO - Save checkpoint at ./experiments/fewshot_scanobjectnn_non_linear_classification/cfgs/add_as_normal/ckpt-best.pth
2023-09-17 23:37:25,398 - fewshot_scanobjectnn_non_linear_classification - INFO - --------------------------------------------------------------------------------------------
2023-09-17 23:37:25,976 - fewshot_scanobjectnn_non_linear_classification - INFO - Save checkpoint at ./experiments/fewshot_scanobjectnn_non_linear_classification/cfgs/add_as_normal/ckpt-last.pth
2023-09-17 23:37:27,147 - fewshot_scanobjectnn_non_linear_classification - INFO - [Training] EPOCH: 13 EpochTime = 1.169 (s) Losses = ['1.3185', '60.4167'] lr = 0.000491
2023-09-17 23:37:28,045 - fewshot_scanobjectnn_non_linear_classification - INFO - [Validation] EPOCH: 13  acc = 58.0000
2023-09-17 23:37:28,561 - fewshot_scanobjectnn_non_linear_classification - INFO - Save checkpoint at ./experiments/fewshot_scanobjectnn_non_linear_classification/cfgs/add_as_normal/ckpt-best.pth
2023-09-17 23:37:28,561 - fewshot_scanobjectnn_non_linear_classification - INFO - --------------------------------------------------------------------------------------------
2023-09-17 23:37:29,172 - fewshot_scanobjectnn_non_linear_classification - INFO - Save checkpoint at ./experiments/fewshot_scanobjectnn_non_linear_classification/cfgs/add_as_normal/ckpt-last.pth
2023-09-17 23:37:30,517 - fewshot_scanobjectnn_non_linear_classification - INFO - [Training] EPOCH: 14 EpochTime = 1.343 (s) Losses = ['1.2791', '60.4167'] lr = 0.000489
2023-09-17 23:37:31,447 - fewshot_scanobjectnn_non_linear_classification - INFO - [Validation] EPOCH: 14  acc = 60.0000
2023-09-17 23:37:31,958 - fewshot_scanobjectnn_non_linear_classification - INFO - Save checkpoint at ./experiments/fewshot_scanobjectnn_non_linear_classification/cfgs/add_as_normal/ckpt-best.pth
2023-09-17 23:37:31,958 - fewshot_scanobjectnn_non_linear_classification - INFO - --------------------------------------------------------------------------------------------
2023-09-17 23:37:32,947 - fewshot_scanobjectnn_non_linear_classification - INFO - Save checkpoint at ./experiments/fewshot_scanobjectnn_non_linear_classification/cfgs/add_as_normal/ckpt-last.pth
2023-09-17 23:37:34,229 - fewshot_scanobjectnn_non_linear_classification - INFO - [Training] EPOCH: 15 EpochTime = 1.281 (s) Losses = ['1.2469', '60.4167'] lr = 0.000488
2023-09-17 23:37:35,163 - fewshot_scanobjectnn_non_linear_classification - INFO - [Validation] EPOCH: 15  acc = 61.0000
2023-09-17 23:37:35,733 - fewshot_scanobjectnn_non_linear_classification - INFO - Save checkpoint at ./experiments/fewshot_scanobjectnn_non_linear_classification/cfgs/add_as_normal/ckpt-best.pth
2023-09-17 23:37:35,734 - fewshot_scanobjectnn_non_linear_classification - INFO - --------------------------------------------------------------------------------------------
2023-09-17 23:37:36,267 - fewshot_scanobjectnn_non_linear_classification - INFO - Save checkpoint at ./experiments/fewshot_scanobjectnn_non_linear_classification/cfgs/add_as_normal/ckpt-last.pth
2023-09-17 23:37:37,469 - fewshot_scanobjectnn_non_linear_classification - INFO - [Training] EPOCH: 16 EpochTime = 1.200 (s) Losses = ['1.1400', '69.7917'] lr = 0.000486
2023-09-17 23:37:38,406 - fewshot_scanobjectnn_non_linear_classification - INFO - [Validation] EPOCH: 16  acc = 62.0000
2023-09-17 23:37:38,907 - fewshot_scanobjectnn_non_linear_classification - INFO - Save checkpoint at ./experiments/fewshot_scanobjectnn_non_linear_classification/cfgs/add_as_normal/ckpt-best.pth
2023-09-17 23:37:38,907 - fewshot_scanobjectnn_non_linear_classification - INFO - --------------------------------------------------------------------------------------------
2023-09-17 23:37:39,514 - fewshot_scanobjectnn_non_linear_classification - INFO - Save checkpoint at ./experiments/fewshot_scanobjectnn_non_linear_classification/cfgs/add_as_normal/ckpt-last.pth
2023-09-17 23:37:40,677 - fewshot_scanobjectnn_non_linear_classification - INFO - [Training] EPOCH: 17 EpochTime = 1.161 (s) Losses = ['1.0646', '70.8333'] lr = 0.000484
2023-09-17 23:37:41,595 - fewshot_scanobjectnn_non_linear_classification - INFO - [Validation] EPOCH: 17  acc = 63.0000
2023-09-17 23:37:42,112 - fewshot_scanobjectnn_non_linear_classification - INFO - Save checkpoint at ./experiments/fewshot_scanobjectnn_non_linear_classification/cfgs/add_as_normal/ckpt-best.pth
2023-09-17 23:37:42,112 - fewshot_scanobjectnn_non_linear_classification - INFO - --------------------------------------------------------------------------------------------
2023-09-17 23:37:42,681 - fewshot_scanobjectnn_non_linear_classification - INFO - Save checkpoint at ./experiments/fewshot_scanobjectnn_non_linear_classification/cfgs/add_as_normal/ckpt-last.pth
2023-09-17 23:37:43,832 - fewshot_scanobjectnn_non_linear_classification - INFO - [Training] EPOCH: 18 EpochTime = 1.149 (s) Losses = ['1.0689', '66.6667'] lr = 0.000482
2023-09-17 23:37:44,762 - fewshot_scanobjectnn_non_linear_classification - INFO - [Validation] EPOCH: 18  acc = 61.0000
2023-09-17 23:37:45,486 - fewshot_scanobjectnn_non_linear_classification - INFO - Save checkpoint at ./experiments/fewshot_scanobjectnn_non_linear_classification/cfgs/add_as_normal/ckpt-last.pth
2023-09-17 23:37:46,701 - fewshot_scanobjectnn_non_linear_classification - INFO - [Training] EPOCH: 19 EpochTime = 1.213 (s) Losses = ['0.9651', '71.8750'] lr = 0.000481
2023-09-17 23:37:47,584 - fewshot_scanobjectnn_non_linear_classification - INFO - [Validation] EPOCH: 19  acc = 63.0000
2023-09-17 23:37:48,230 - fewshot_scanobjectnn_non_linear_classification - INFO - Save checkpoint at ./experiments/fewshot_scanobjectnn_non_linear_classification/cfgs/add_as_normal/ckpt-last.pth
2023-09-17 23:37:49,411 - fewshot_scanobjectnn_non_linear_classification - INFO - [Training] EPOCH: 20 EpochTime = 1.179 (s) Losses = ['0.9405', '72.9167'] lr = 0.000478
2023-09-17 23:37:50,376 - fewshot_scanobjectnn_non_linear_classification - INFO - [Validation] EPOCH: 20  acc = 61.0000
2023-09-17 23:37:51,037 - fewshot_scanobjectnn_non_linear_classification - INFO - Save checkpoint at ./experiments/fewshot_scanobjectnn_non_linear_classification/cfgs/add_as_normal/ckpt-last.pth
2023-09-17 23:37:52,238 - fewshot_scanobjectnn_non_linear_classification - INFO - [Training] EPOCH: 21 EpochTime = 1.199 (s) Losses = ['0.8523', '76.0417'] lr = 0.000476
2023-09-17 23:37:53,172 - fewshot_scanobjectnn_non_linear_classification - INFO - [Validation] EPOCH: 21  acc = 65.0000
2023-09-17 23:37:53,742 - fewshot_scanobjectnn_non_linear_classification - INFO - Save checkpoint at ./experiments/fewshot_scanobjectnn_non_linear_classification/cfgs/add_as_normal/ckpt-best.pth
2023-09-17 23:37:53,743 - fewshot_scanobjectnn_non_linear_classification - INFO - --------------------------------------------------------------------------------------------
2023-09-17 23:37:54,873 - fewshot_scanobjectnn_non_linear_classification - INFO - Save checkpoint at ./experiments/fewshot_scanobjectnn_non_linear_classification/cfgs/add_as_normal/ckpt-last.pth
2023-09-17 23:37:56,063 - fewshot_scanobjectnn_non_linear_classification - INFO - [Training] EPOCH: 22 EpochTime = 1.189 (s) Losses = ['0.8387', '70.8333'] lr = 0.000474
2023-09-17 23:37:56,970 - fewshot_scanobjectnn_non_linear_classification - INFO - [Validation] EPOCH: 22  acc = 63.0000
2023-09-17 23:37:57,557 - fewshot_scanobjectnn_non_linear_classification - INFO - Save checkpoint at ./experiments/fewshot_scanobjectnn_non_linear_classification/cfgs/add_as_normal/ckpt-last.pth
2023-09-17 23:37:58,721 - fewshot_scanobjectnn_non_linear_classification - INFO - [Training] EPOCH: 23 EpochTime = 1.163 (s) Losses = ['0.8179', '78.1250'] lr = 0.000472
2023-09-17 23:37:59,651 - fewshot_scanobjectnn_non_linear_classification - INFO - [Validation] EPOCH: 23  acc = 65.0000
2023-09-17 23:38:00,282 - fewshot_scanobjectnn_non_linear_classification - INFO - Save checkpoint at ./experiments/fewshot_scanobjectnn_non_linear_classification/cfgs/add_as_normal/ckpt-last.pth
2023-09-17 23:38:01,490 - fewshot_scanobjectnn_non_linear_classification - INFO - [Training] EPOCH: 24 EpochTime = 1.206 (s) Losses = ['0.7688', '81.2500'] lr = 0.000469
2023-09-17 23:38:02,413 - fewshot_scanobjectnn_non_linear_classification - INFO - [Validation] EPOCH: 24  acc = 68.0000
2023-09-17 23:38:03,001 - fewshot_scanobjectnn_non_linear_classification - INFO - Save checkpoint at ./experiments/fewshot_scanobjectnn_non_linear_classification/cfgs/add_as_normal/ckpt-best.pth
2023-09-17 23:38:03,001 - fewshot_scanobjectnn_non_linear_classification - INFO - --------------------------------------------------------------------------------------------
2023-09-17 23:38:03,479 - fewshot_scanobjectnn_non_linear_classification - INFO - Save checkpoint at ./experiments/fewshot_scanobjectnn_non_linear_classification/cfgs/add_as_normal/ckpt-last.pth
2023-09-17 23:38:04,686 - fewshot_scanobjectnn_non_linear_classification - INFO - [Training] EPOCH: 25 EpochTime = 1.206 (s) Losses = ['0.7442', '82.2917'] lr = 0.000467
2023-09-17 23:38:05,606 - fewshot_scanobjectnn_non_linear_classification - INFO - [Validation] EPOCH: 25  acc = 67.0000
2023-09-17 23:38:06,224 - fewshot_scanobjectnn_non_linear_classification - INFO - Save checkpoint at ./experiments/fewshot_scanobjectnn_non_linear_classification/cfgs/add_as_normal/ckpt-last.pth
2023-09-17 23:38:07,589 - fewshot_scanobjectnn_non_linear_classification - INFO - [Training] EPOCH: 26 EpochTime = 1.363 (s) Losses = ['0.6833', '80.2083'] lr = 0.000464
2023-09-17 23:38:08,543 - fewshot_scanobjectnn_non_linear_classification - INFO - [Validation] EPOCH: 26  acc = 68.0000
2023-09-17 23:38:09,107 - fewshot_scanobjectnn_non_linear_classification - INFO - Save checkpoint at ./experiments/fewshot_scanobjectnn_non_linear_classification/cfgs/add_as_normal/ckpt-last.pth
2023-09-17 23:38:10,398 - fewshot_scanobjectnn_non_linear_classification - INFO - [Training] EPOCH: 27 EpochTime = 1.290 (s) Losses = ['0.6789', '85.4167'] lr = 0.000461
2023-09-17 23:38:11,342 - fewshot_scanobjectnn_non_linear_classification - INFO - [Validation] EPOCH: 27  acc = 68.0000
2023-09-17 23:38:12,026 - fewshot_scanobjectnn_non_linear_classification - INFO - Save checkpoint at ./experiments/fewshot_scanobjectnn_non_linear_classification/cfgs/add_as_normal/ckpt-last.pth
2023-09-17 23:38:13,197 - fewshot_scanobjectnn_non_linear_classification - INFO - [Training] EPOCH: 28 EpochTime = 1.169 (s) Losses = ['0.6451', '83.3333'] lr = 0.000458
2023-09-17 23:38:14,158 - fewshot_scanobjectnn_non_linear_classification - INFO - [Validation] EPOCH: 28  acc = 73.0000
2023-09-17 23:38:14,712 - fewshot_scanobjectnn_non_linear_classification - INFO - Save checkpoint at ./experiments/fewshot_scanobjectnn_non_linear_classification/cfgs/add_as_normal/ckpt-best.pth
2023-09-17 23:38:14,712 - fewshot_scanobjectnn_non_linear_classification - INFO - --------------------------------------------------------------------------------------------
2023-09-17 23:38:15,208 - fewshot_scanobjectnn_non_linear_classification - INFO - Save checkpoint at ./experiments/fewshot_scanobjectnn_non_linear_classification/cfgs/add_as_normal/ckpt-last.pth
2023-09-17 23:38:16,390 - fewshot_scanobjectnn_non_linear_classification - INFO - [Training] EPOCH: 29 EpochTime = 1.180 (s) Losses = ['0.5398', '88.5417'] lr = 0.000455
2023-09-17 23:38:17,348 - fewshot_scanobjectnn_non_linear_classification - INFO - [Validation] EPOCH: 29  acc = 70.0000
2023-09-17 23:38:17,892 - fewshot_scanobjectnn_non_linear_classification - INFO - Save checkpoint at ./experiments/fewshot_scanobjectnn_non_linear_classification/cfgs/add_as_normal/ckpt-last.pth
2023-09-17 23:38:19,072 - fewshot_scanobjectnn_non_linear_classification - INFO - [Training] EPOCH: 30 EpochTime = 1.178 (s) Losses = ['0.6140', '84.3750'] lr = 0.000452
2023-09-17 23:38:19,992 - fewshot_scanobjectnn_non_linear_classification - INFO - [Validation] EPOCH: 30  acc = 67.0000
2023-09-17 23:38:20,550 - fewshot_scanobjectnn_non_linear_classification - INFO - Save checkpoint at ./experiments/fewshot_scanobjectnn_non_linear_classification/cfgs/add_as_normal/ckpt-last.pth
2023-09-17 23:38:21,814 - fewshot_scanobjectnn_non_linear_classification - INFO - [Training] EPOCH: 31 EpochTime = 1.230 (s) Losses = ['0.5446', '87.5000'] lr = 0.000449
2023-09-17 23:38:22,771 - fewshot_scanobjectnn_non_linear_classification - INFO - [Validation] EPOCH: 31  acc = 69.0000
2023-09-17 23:38:23,427 - fewshot_scanobjectnn_non_linear_classification - INFO - Save checkpoint at ./experiments/fewshot_scanobjectnn_non_linear_classification/cfgs/add_as_normal/ckpt-last.pth
2023-09-17 23:38:24,713 - fewshot_scanobjectnn_non_linear_classification - INFO - [Training] EPOCH: 32 EpochTime = 1.285 (s) Losses = ['0.5331', '86.4583'] lr = 0.000446
2023-09-17 23:38:25,603 - fewshot_scanobjectnn_non_linear_classification - INFO - [Validation] EPOCH: 32  acc = 68.0000
2023-09-17 23:38:26,360 - fewshot_scanobjectnn_non_linear_classification - INFO - Save checkpoint at ./experiments/fewshot_scanobjectnn_non_linear_classification/cfgs/add_as_normal/ckpt-last.pth
2023-09-17 23:38:27,529 - fewshot_scanobjectnn_non_linear_classification - INFO - [Training] EPOCH: 33 EpochTime = 1.167 (s) Losses = ['0.5288', '86.4583'] lr = 0.000443
2023-09-17 23:38:28,425 - fewshot_scanobjectnn_non_linear_classification - INFO - [Validation] EPOCH: 33  acc = 67.0000
2023-09-17 23:38:29,007 - fewshot_scanobjectnn_non_linear_classification - INFO - Save checkpoint at ./experiments/fewshot_scanobjectnn_non_linear_classification/cfgs/add_as_normal/ckpt-last.pth
2023-09-17 23:38:30,178 - fewshot_scanobjectnn_non_linear_classification - INFO - [Training] EPOCH: 34 EpochTime = 1.169 (s) Losses = ['0.5169', '86.4583'] lr = 0.000439
2023-09-17 23:38:31,102 - fewshot_scanobjectnn_non_linear_classification - INFO - [Validation] EPOCH: 34  acc = 67.0000
2023-09-17 23:38:31,659 - fewshot_scanobjectnn_non_linear_classification - INFO - Save checkpoint at ./experiments/fewshot_scanobjectnn_non_linear_classification/cfgs/add_as_normal/ckpt-last.pth
2023-09-17 23:38:32,858 - fewshot_scanobjectnn_non_linear_classification - INFO - [Training] EPOCH: 35 EpochTime = 1.198 (s) Losses = ['0.5014', '92.7083'] lr = 0.000436
2023-09-17 23:38:33,767 - fewshot_scanobjectnn_non_linear_classification - INFO - [Validation] EPOCH: 35  acc = 69.0000
2023-09-17 23:38:34,505 - fewshot_scanobjectnn_non_linear_classification - INFO - Save checkpoint at ./experiments/fewshot_scanobjectnn_non_linear_classification/cfgs/add_as_normal/ckpt-last.pth
2023-09-17 23:38:35,687 - fewshot_scanobjectnn_non_linear_classification - INFO - [Training] EPOCH: 36 EpochTime = 1.179 (s) Losses = ['0.4290', '93.7500'] lr = 0.000432
2023-09-17 23:38:36,646 - fewshot_scanobjectnn_non_linear_classification - INFO - [Validation] EPOCH: 36  acc = 70.0000
2023-09-17 23:38:37,107 - fewshot_scanobjectnn_non_linear_classification - INFO - Save checkpoint at ./experiments/fewshot_scanobjectnn_non_linear_classification/cfgs/add_as_normal/ckpt-last.pth
2023-09-17 23:38:38,306 - fewshot_scanobjectnn_non_linear_classification - INFO - [Training] EPOCH: 37 EpochTime = 1.198 (s) Losses = ['0.4453', '87.5000'] lr = 0.000429
2023-09-17 23:38:39,212 - fewshot_scanobjectnn_non_linear_classification - INFO - [Validation] EPOCH: 37  acc = 68.0000
2023-09-17 23:38:39,978 - fewshot_scanobjectnn_non_linear_classification - INFO - Save checkpoint at ./experiments/fewshot_scanobjectnn_non_linear_classification/cfgs/add_as_normal/ckpt-last.pth
2023-09-17 23:38:41,159 - fewshot_scanobjectnn_non_linear_classification - INFO - [Training] EPOCH: 38 EpochTime = 1.180 (s) Losses = ['0.4029', '94.7917'] lr = 0.000425
2023-09-17 23:38:42,069 - fewshot_scanobjectnn_non_linear_classification - INFO - [Validation] EPOCH: 38  acc = 70.0000
2023-09-17 23:38:43,276 - fewshot_scanobjectnn_non_linear_classification - INFO - Save checkpoint at ./experiments/fewshot_scanobjectnn_non_linear_classification/cfgs/add_as_normal/ckpt-last.pth
2023-09-17 23:38:44,506 - fewshot_scanobjectnn_non_linear_classification - INFO - [Training] EPOCH: 39 EpochTime = 1.229 (s) Losses = ['0.4643', '89.5833'] lr = 0.000421
2023-09-17 23:38:45,557 - fewshot_scanobjectnn_non_linear_classification - INFO - [Validation] EPOCH: 39  acc = 71.0000
2023-09-17 23:38:46,342 - fewshot_scanobjectnn_non_linear_classification - INFO - Save checkpoint at ./experiments/fewshot_scanobjectnn_non_linear_classification/cfgs/add_as_normal/ckpt-last.pth
2023-09-17 23:38:47,542 - fewshot_scanobjectnn_non_linear_classification - INFO - [Training] EPOCH: 40 EpochTime = 1.199 (s) Losses = ['0.4330', '88.5417'] lr = 0.000417
2023-09-17 23:38:48,461 - fewshot_scanobjectnn_non_linear_classification - INFO - [Validation] EPOCH: 40  acc = 73.0000
2023-09-17 23:38:49,463 - fewshot_scanobjectnn_non_linear_classification - INFO - Save checkpoint at ./experiments/fewshot_scanobjectnn_non_linear_classification/cfgs/add_as_normal/ckpt-last.pth
2023-09-17 23:38:50,646 - fewshot_scanobjectnn_non_linear_classification - INFO - [Training] EPOCH: 41 EpochTime = 1.180 (s) Losses = ['0.4261', '90.6250'] lr = 0.000414
2023-09-17 23:38:51,584 - fewshot_scanobjectnn_non_linear_classification - INFO - [Validation] EPOCH: 41  acc = 76.0000
2023-09-17 23:38:52,219 - fewshot_scanobjectnn_non_linear_classification - INFO - Save checkpoint at ./experiments/fewshot_scanobjectnn_non_linear_classification/cfgs/add_as_normal/ckpt-best.pth
2023-09-17 23:38:52,219 - fewshot_scanobjectnn_non_linear_classification - INFO - --------------------------------------------------------------------------------------------
2023-09-17 23:38:52,826 - fewshot_scanobjectnn_non_linear_classification - INFO - Save checkpoint at ./experiments/fewshot_scanobjectnn_non_linear_classification/cfgs/add_as_normal/ckpt-last.pth
2023-09-17 23:38:53,981 - fewshot_scanobjectnn_non_linear_classification - INFO - [Training] EPOCH: 42 EpochTime = 1.153 (s) Losses = ['0.3034', '96.8750'] lr = 0.000410
2023-09-17 23:38:54,923 - fewshot_scanobjectnn_non_linear_classification - INFO - [Validation] EPOCH: 42  acc = 77.0000
2023-09-17 23:38:55,834 - fewshot_scanobjectnn_non_linear_classification - INFO - Save checkpoint at ./experiments/fewshot_scanobjectnn_non_linear_classification/cfgs/add_as_normal/ckpt-best.pth
2023-09-17 23:38:55,835 - fewshot_scanobjectnn_non_linear_classification - INFO - --------------------------------------------------------------------------------------------
2023-09-17 23:38:57,284 - fewshot_scanobjectnn_non_linear_classification - INFO - Save checkpoint at ./experiments/fewshot_scanobjectnn_non_linear_classification/cfgs/add_as_normal/ckpt-last.pth
2023-09-17 23:38:58,484 - fewshot_scanobjectnn_non_linear_classification - INFO - [Training] EPOCH: 43 EpochTime = 1.198 (s) Losses = ['0.4642', '87.5000'] lr = 0.000405
2023-09-17 23:38:59,417 - fewshot_scanobjectnn_non_linear_classification - INFO - [Validation] EPOCH: 43  acc = 75.0000
2023-09-17 23:38:59,923 - fewshot_scanobjectnn_non_linear_classification - INFO - Save checkpoint at ./experiments/fewshot_scanobjectnn_non_linear_classification/cfgs/add_as_normal/ckpt-last.pth
2023-09-17 23:39:01,172 - fewshot_scanobjectnn_non_linear_classification - INFO - [Training] EPOCH: 44 EpochTime = 1.247 (s) Losses = ['0.4073', '88.5417'] lr = 0.000401
2023-09-17 23:39:02,088 - fewshot_scanobjectnn_non_linear_classification - INFO - [Validation] EPOCH: 44  acc = 75.0000
2023-09-17 23:39:02,958 - fewshot_scanobjectnn_non_linear_classification - INFO - Save checkpoint at ./experiments/fewshot_scanobjectnn_non_linear_classification/cfgs/add_as_normal/ckpt-last.pth
2023-09-17 23:39:04,123 - fewshot_scanobjectnn_non_linear_classification - INFO - [Training] EPOCH: 45 EpochTime = 1.163 (s) Losses = ['0.3927', '90.6250'] lr = 0.000397
2023-09-17 23:39:05,068 - fewshot_scanobjectnn_non_linear_classification - INFO - [Validation] EPOCH: 45  acc = 72.0000
2023-09-17 23:39:05,535 - fewshot_scanobjectnn_non_linear_classification - INFO - Save checkpoint at ./experiments/fewshot_scanobjectnn_non_linear_classification/cfgs/add_as_normal/ckpt-last.pth
2023-09-17 23:39:06,763 - fewshot_scanobjectnn_non_linear_classification - INFO - [Training] EPOCH: 46 EpochTime = 1.226 (s) Losses = ['0.3697', '93.7500'] lr = 0.000393
2023-09-17 23:39:07,728 - fewshot_scanobjectnn_non_linear_classification - INFO - [Validation] EPOCH: 46  acc = 71.0000
2023-09-17 23:39:08,435 - fewshot_scanobjectnn_non_linear_classification - INFO - Save checkpoint at ./experiments/fewshot_scanobjectnn_non_linear_classification/cfgs/add_as_normal/ckpt-last.pth
2023-09-17 23:39:09,609 - fewshot_scanobjectnn_non_linear_classification - INFO - [Training] EPOCH: 47 EpochTime = 1.173 (s) Losses = ['0.3145', '94.7917'] lr = 0.000389
2023-09-17 23:39:10,537 - fewshot_scanobjectnn_non_linear_classification - INFO - [Validation] EPOCH: 47  acc = 70.0000
2023-09-17 23:39:11,074 - fewshot_scanobjectnn_non_linear_classification - INFO - Save checkpoint at ./experiments/fewshot_scanobjectnn_non_linear_classification/cfgs/add_as_normal/ckpt-last.pth
2023-09-17 23:39:12,267 - fewshot_scanobjectnn_non_linear_classification - INFO - [Training] EPOCH: 48 EpochTime = 1.191 (s) Losses = ['0.3213', '91.6667'] lr = 0.000384
2023-09-17 23:39:13,230 - fewshot_scanobjectnn_non_linear_classification - INFO - [Validation] EPOCH: 48  acc = 70.0000
2023-09-17 23:39:13,816 - fewshot_scanobjectnn_non_linear_classification - INFO - Save checkpoint at ./experiments/fewshot_scanobjectnn_non_linear_classification/cfgs/add_as_normal/ckpt-last.pth
2023-09-17 23:39:14,991 - fewshot_scanobjectnn_non_linear_classification - INFO - [Training] EPOCH: 49 EpochTime = 1.173 (s) Losses = ['0.2946', '95.8333'] lr = 0.000380
2023-09-17 23:39:15,892 - fewshot_scanobjectnn_non_linear_classification - INFO - [Validation] EPOCH: 49  acc = 70.0000
2023-09-17 23:39:16,676 - fewshot_scanobjectnn_non_linear_classification - INFO - Save checkpoint at ./experiments/fewshot_scanobjectnn_non_linear_classification/cfgs/add_as_normal/ckpt-last.pth
2023-09-17 23:39:17,916 - fewshot_scanobjectnn_non_linear_classification - INFO - [Training] EPOCH: 50 EpochTime = 1.239 (s) Losses = ['0.2713', '93.7500'] lr = 0.000375
2023-09-17 23:39:19,052 - fewshot_scanobjectnn_non_linear_classification - INFO - [Validation] EPOCH: 50  acc = 70.0000
2023-09-17 23:39:19,743 - fewshot_scanobjectnn_non_linear_classification - INFO - Save checkpoint at ./experiments/fewshot_scanobjectnn_non_linear_classification/cfgs/add_as_normal/ckpt-last.pth
2023-09-17 23:39:20,905 - fewshot_scanobjectnn_non_linear_classification - INFO - [Training] EPOCH: 51 EpochTime = 1.160 (s) Losses = ['0.2914', '94.7917'] lr = 0.000371
2023-09-17 23:39:21,817 - fewshot_scanobjectnn_non_linear_classification - INFO - [Validation] EPOCH: 51  acc = 70.0000
2023-09-17 23:39:22,693 - fewshot_scanobjectnn_non_linear_classification - INFO - Save checkpoint at ./experiments/fewshot_scanobjectnn_non_linear_classification/cfgs/add_as_normal/ckpt-last.pth
2023-09-17 23:39:23,868 - fewshot_scanobjectnn_non_linear_classification - INFO - [Training] EPOCH: 52 EpochTime = 1.173 (s) Losses = ['0.2623', '96.8750'] lr = 0.000366
2023-09-17 23:39:25,029 - fewshot_scanobjectnn_non_linear_classification - INFO - [Validation] EPOCH: 52  acc = 70.0000
2023-09-17 23:39:25,580 - fewshot_scanobjectnn_non_linear_classification - INFO - Save checkpoint at ./experiments/fewshot_scanobjectnn_non_linear_classification/cfgs/add_as_normal/ckpt-last.pth
2023-09-17 23:39:26,772 - fewshot_scanobjectnn_non_linear_classification - INFO - [Training] EPOCH: 53 EpochTime = 1.190 (s) Losses = ['0.2674', '96.8750'] lr = 0.000361
2023-09-17 23:39:27,673 - fewshot_scanobjectnn_non_linear_classification - INFO - [Validation] EPOCH: 53  acc = 70.0000
2023-09-17 23:39:28,132 - fewshot_scanobjectnn_non_linear_classification - INFO - Save checkpoint at ./experiments/fewshot_scanobjectnn_non_linear_classification/cfgs/add_as_normal/ckpt-last.pth
2023-09-17 23:39:29,483 - fewshot_scanobjectnn_non_linear_classification - INFO - [Training] EPOCH: 54 EpochTime = 1.349 (s) Losses = ['0.1595', '100.0000'] lr = 0.000357
2023-09-17 23:39:30,406 - fewshot_scanobjectnn_non_linear_classification - INFO - [Validation] EPOCH: 54  acc = 70.0000
2023-09-17 23:39:31,177 - fewshot_scanobjectnn_non_linear_classification - INFO - Save checkpoint at ./experiments/fewshot_scanobjectnn_non_linear_classification/cfgs/add_as_normal/ckpt-last.pth
2023-09-17 23:39:32,342 - fewshot_scanobjectnn_non_linear_classification - INFO - [Training] EPOCH: 55 EpochTime = 1.164 (s) Losses = ['0.2479', '95.8333'] lr = 0.000352
2023-09-17 23:39:33,276 - fewshot_scanobjectnn_non_linear_classification - INFO - [Validation] EPOCH: 55  acc = 71.0000
2023-09-17 23:39:34,033 - fewshot_scanobjectnn_non_linear_classification - INFO - Save checkpoint at ./experiments/fewshot_scanobjectnn_non_linear_classification/cfgs/add_as_normal/ckpt-last.pth
2023-09-17 23:39:35,203 - fewshot_scanobjectnn_non_linear_classification - INFO - [Training] EPOCH: 56 EpochTime = 1.168 (s) Losses = ['0.2470', '95.8333'] lr = 0.000347
2023-09-17 23:39:36,103 - fewshot_scanobjectnn_non_linear_classification - INFO - [Validation] EPOCH: 56  acc = 70.0000
2023-09-17 23:39:36,682 - fewshot_scanobjectnn_non_linear_classification - INFO - Save checkpoint at ./experiments/fewshot_scanobjectnn_non_linear_classification/cfgs/add_as_normal/ckpt-last.pth
2023-09-17 23:39:37,943 - fewshot_scanobjectnn_non_linear_classification - INFO - [Training] EPOCH: 57 EpochTime = 1.258 (s) Losses = ['0.3027', '90.6250'] lr = 0.000342
2023-09-17 23:39:38,844 - fewshot_scanobjectnn_non_linear_classification - INFO - [Validation] EPOCH: 57  acc = 73.0000
2023-09-17 23:39:39,659 - fewshot_scanobjectnn_non_linear_classification - INFO - Save checkpoint at ./experiments/fewshot_scanobjectnn_non_linear_classification/cfgs/add_as_normal/ckpt-last.pth
2023-09-17 23:39:40,825 - fewshot_scanobjectnn_non_linear_classification - INFO - [Training] EPOCH: 58 EpochTime = 1.165 (s) Losses = ['0.2170', '95.8333'] lr = 0.000337
2023-09-17 23:39:41,739 - fewshot_scanobjectnn_non_linear_classification - INFO - [Validation] EPOCH: 58  acc = 72.0000
2023-09-17 23:39:42,781 - fewshot_scanobjectnn_non_linear_classification - INFO - Save checkpoint at ./experiments/fewshot_scanobjectnn_non_linear_classification/cfgs/add_as_normal/ckpt-last.pth
2023-09-17 23:39:43,951 - fewshot_scanobjectnn_non_linear_classification - INFO - [Training] EPOCH: 59 EpochTime = 1.169 (s) Losses = ['0.2174', '96.8750'] lr = 0.000333
2023-09-17 23:39:44,878 - fewshot_scanobjectnn_non_linear_classification - INFO - [Validation] EPOCH: 59  acc = 73.0000
2023-09-17 23:39:45,691 - fewshot_scanobjectnn_non_linear_classification - INFO - Save checkpoint at ./experiments/fewshot_scanobjectnn_non_linear_classification/cfgs/add_as_normal/ckpt-last.pth
2023-09-17 23:39:46,858 - fewshot_scanobjectnn_non_linear_classification - INFO - [Training] EPOCH: 60 EpochTime = 1.165 (s) Losses = ['0.2373', '93.7500'] lr = 0.000328
2023-09-17 23:39:47,758 - fewshot_scanobjectnn_non_linear_classification - INFO - [Validation] EPOCH: 60  acc = 73.0000
2023-09-17 23:39:48,804 - fewshot_scanobjectnn_non_linear_classification - INFO - Save checkpoint at ./experiments/fewshot_scanobjectnn_non_linear_classification/cfgs/add_as_normal/ckpt-last.pth
2023-09-17 23:39:50,007 - fewshot_scanobjectnn_non_linear_classification - INFO - [Training] EPOCH: 61 EpochTime = 1.201 (s) Losses = ['0.2834', '91.6667'] lr = 0.000323
2023-09-17 23:39:50,925 - fewshot_scanobjectnn_non_linear_classification - INFO - [Validation] EPOCH: 61  acc = 72.0000
2023-09-17 23:39:51,460 - fewshot_scanobjectnn_non_linear_classification - INFO - Save checkpoint at ./experiments/fewshot_scanobjectnn_non_linear_classification/cfgs/add_as_normal/ckpt-last.pth
2023-09-17 23:39:52,637 - fewshot_scanobjectnn_non_linear_classification - INFO - [Training] EPOCH: 62 EpochTime = 1.175 (s) Losses = ['0.1746', '98.9583'] lr = 0.000318
2023-09-17 23:39:53,564 - fewshot_scanobjectnn_non_linear_classification - INFO - [Validation] EPOCH: 62  acc = 70.0000
2023-09-17 23:39:54,212 - fewshot_scanobjectnn_non_linear_classification - INFO - Save checkpoint at ./experiments/fewshot_scanobjectnn_non_linear_classification/cfgs/add_as_normal/ckpt-last.pth
2023-09-17 23:39:55,382 - fewshot_scanobjectnn_non_linear_classification - INFO - [Training] EPOCH: 63 EpochTime = 1.169 (s) Losses = ['0.2162', '95.8333'] lr = 0.000313
2023-09-17 23:39:56,281 - fewshot_scanobjectnn_non_linear_classification - INFO - [Validation] EPOCH: 63  acc = 69.0000
2023-09-17 23:39:56,886 - fewshot_scanobjectnn_non_linear_classification - INFO - Save checkpoint at ./experiments/fewshot_scanobjectnn_non_linear_classification/cfgs/add_as_normal/ckpt-last.pth
2023-09-17 23:39:58,107 - fewshot_scanobjectnn_non_linear_classification - INFO - [Training] EPOCH: 64 EpochTime = 1.220 (s) Losses = ['0.2241', '95.8333'] lr = 0.000307
2023-09-17 23:39:59,004 - fewshot_scanobjectnn_non_linear_classification - INFO - [Validation] EPOCH: 64  acc = 69.0000
2023-09-17 23:39:59,672 - fewshot_scanobjectnn_non_linear_classification - INFO - Save checkpoint at ./experiments/fewshot_scanobjectnn_non_linear_classification/cfgs/add_as_normal/ckpt-last.pth
2023-09-17 23:40:00,876 - fewshot_scanobjectnn_non_linear_classification - INFO - [Training] EPOCH: 65 EpochTime = 1.203 (s) Losses = ['0.2101', '96.8750'] lr = 0.000302
2023-09-17 23:40:01,757 - fewshot_scanobjectnn_non_linear_classification - INFO - [Validation] EPOCH: 65  acc = 71.0000
2023-09-17 23:40:02,668 - fewshot_scanobjectnn_non_linear_classification - INFO - Save checkpoint at ./experiments/fewshot_scanobjectnn_non_linear_classification/cfgs/add_as_normal/ckpt-last.pth
2023-09-17 23:40:03,860 - fewshot_scanobjectnn_non_linear_classification - INFO - [Training] EPOCH: 66 EpochTime = 1.191 (s) Losses = ['0.2038', '97.9167'] lr = 0.000297
2023-09-17 23:40:04,804 - fewshot_scanobjectnn_non_linear_classification - INFO - [Validation] EPOCH: 66  acc = 71.0000
2023-09-17 23:40:05,506 - fewshot_scanobjectnn_non_linear_classification - INFO - Save checkpoint at ./experiments/fewshot_scanobjectnn_non_linear_classification/cfgs/add_as_normal/ckpt-last.pth
2023-09-17 23:40:06,659 - fewshot_scanobjectnn_non_linear_classification - INFO - [Training] EPOCH: 67 EpochTime = 1.152 (s) Losses = ['0.2142', '96.8750'] lr = 0.000292
2023-09-17 23:40:07,618 - fewshot_scanobjectnn_non_linear_classification - INFO - [Validation] EPOCH: 67  acc = 70.0000
2023-09-17 23:40:08,162 - fewshot_scanobjectnn_non_linear_classification - INFO - Save checkpoint at ./experiments/fewshot_scanobjectnn_non_linear_classification/cfgs/add_as_normal/ckpt-last.pth
2023-09-17 23:40:09,353 - fewshot_scanobjectnn_non_linear_classification - INFO - [Training] EPOCH: 68 EpochTime = 1.190 (s) Losses = ['0.1728', '97.9167'] lr = 0.000287
2023-09-17 23:40:10,244 - fewshot_scanobjectnn_non_linear_classification - INFO - [Validation] EPOCH: 68  acc = 69.0000
2023-09-17 23:40:11,221 - fewshot_scanobjectnn_non_linear_classification - INFO - Save checkpoint at ./experiments/fewshot_scanobjectnn_non_linear_classification/cfgs/add_as_normal/ckpt-last.pth
2023-09-17 23:40:12,447 - fewshot_scanobjectnn_non_linear_classification - INFO - [Training] EPOCH: 69 EpochTime = 1.224 (s) Losses = ['0.1526', '97.9167'] lr = 0.000282
2023-09-17 23:40:13,400 - fewshot_scanobjectnn_non_linear_classification - INFO - [Validation] EPOCH: 69  acc = 70.0000
2023-09-17 23:40:14,057 - fewshot_scanobjectnn_non_linear_classification - INFO - Save checkpoint at ./experiments/fewshot_scanobjectnn_non_linear_classification/cfgs/add_as_normal/ckpt-last.pth
2023-09-17 23:40:15,258 - fewshot_scanobjectnn_non_linear_classification - INFO - [Training] EPOCH: 70 EpochTime = 1.199 (s) Losses = ['0.1597', '97.9167'] lr = 0.000277
2023-09-17 23:40:16,213 - fewshot_scanobjectnn_non_linear_classification - INFO - [Validation] EPOCH: 70  acc = 69.0000
2023-09-17 23:40:16,901 - fewshot_scanobjectnn_non_linear_classification - INFO - Save checkpoint at ./experiments/fewshot_scanobjectnn_non_linear_classification/cfgs/add_as_normal/ckpt-last.pth
2023-09-17 23:40:18,106 - fewshot_scanobjectnn_non_linear_classification - INFO - [Training] EPOCH: 71 EpochTime = 1.203 (s) Losses = ['0.1542', '96.8750'] lr = 0.000271
2023-09-17 23:40:19,016 - fewshot_scanobjectnn_non_linear_classification - INFO - [Validation] EPOCH: 71  acc = 68.0000
2023-09-17 23:40:19,559 - fewshot_scanobjectnn_non_linear_classification - INFO - Save checkpoint at ./experiments/fewshot_scanobjectnn_non_linear_classification/cfgs/add_as_normal/ckpt-last.pth
2023-09-17 23:40:20,756 - fewshot_scanobjectnn_non_linear_classification - INFO - [Training] EPOCH: 72 EpochTime = 1.195 (s) Losses = ['0.1266', '100.0000'] lr = 0.000266
2023-09-17 23:40:21,699 - fewshot_scanobjectnn_non_linear_classification - INFO - [Validation] EPOCH: 72  acc = 69.0000
2023-09-17 23:40:22,168 - fewshot_scanobjectnn_non_linear_classification - INFO - Save checkpoint at ./experiments/fewshot_scanobjectnn_non_linear_classification/cfgs/add_as_normal/ckpt-last.pth
2023-09-17 23:40:23,333 - fewshot_scanobjectnn_non_linear_classification - INFO - [Training] EPOCH: 73 EpochTime = 1.164 (s) Losses = ['0.1897', '95.8333'] lr = 0.000261
2023-09-17 23:40:24,390 - fewshot_scanobjectnn_non_linear_classification - INFO - [Validation] EPOCH: 73  acc = 69.0000
2023-09-17 23:40:24,885 - fewshot_scanobjectnn_non_linear_classification - INFO - Save checkpoint at ./experiments/fewshot_scanobjectnn_non_linear_classification/cfgs/add_as_normal/ckpt-last.pth
2023-09-17 23:40:26,104 - fewshot_scanobjectnn_non_linear_classification - INFO - [Training] EPOCH: 74 EpochTime = 1.218 (s) Losses = ['0.1713', '96.8750'] lr = 0.000256
2023-09-17 23:40:27,025 - fewshot_scanobjectnn_non_linear_classification - INFO - [Validation] EPOCH: 74  acc = 69.0000
2023-09-17 23:40:27,847 - fewshot_scanobjectnn_non_linear_classification - INFO - Save checkpoint at ./experiments/fewshot_scanobjectnn_non_linear_classification/cfgs/add_as_normal/ckpt-last.pth
2023-09-17 23:40:29,023 - fewshot_scanobjectnn_non_linear_classification - INFO - [Training] EPOCH: 75 EpochTime = 1.175 (s) Losses = ['0.1369', '97.9167'] lr = 0.000251
2023-09-17 23:40:29,973 - fewshot_scanobjectnn_non_linear_classification - INFO - [Validation] EPOCH: 75  acc = 67.0000
2023-09-17 23:40:30,663 - fewshot_scanobjectnn_non_linear_classification - INFO - Save checkpoint at ./experiments/fewshot_scanobjectnn_non_linear_classification/cfgs/add_as_normal/ckpt-last.pth
2023-09-17 23:40:31,925 - fewshot_scanobjectnn_non_linear_classification - INFO - [Training] EPOCH: 76 EpochTime = 1.260 (s) Losses = ['0.1504', '96.8750'] lr = 0.000245
2023-09-17 23:40:32,875 - fewshot_scanobjectnn_non_linear_classification - INFO - [Validation] EPOCH: 76  acc = 69.0000
2023-09-17 23:40:33,452 - fewshot_scanobjectnn_non_linear_classification - INFO - Save checkpoint at ./experiments/fewshot_scanobjectnn_non_linear_classification/cfgs/add_as_normal/ckpt-last.pth
2023-09-17 23:40:34,662 - fewshot_scanobjectnn_non_linear_classification - INFO - [Training] EPOCH: 77 EpochTime = 1.209 (s) Losses = ['0.2032', '94.7917'] lr = 0.000240
2023-09-17 23:40:35,628 - fewshot_scanobjectnn_non_linear_classification - INFO - [Validation] EPOCH: 77  acc = 70.0000
2023-09-17 23:40:36,259 - fewshot_scanobjectnn_non_linear_classification - INFO - Save checkpoint at ./experiments/fewshot_scanobjectnn_non_linear_classification/cfgs/add_as_normal/ckpt-last.pth
2023-09-17 23:40:37,432 - fewshot_scanobjectnn_non_linear_classification - INFO - [Training] EPOCH: 78 EpochTime = 1.171 (s) Losses = ['0.1058', '100.0000'] lr = 0.000235
2023-09-17 23:40:38,332 - fewshot_scanobjectnn_non_linear_classification - INFO - [Validation] EPOCH: 78  acc = 71.0000
2023-09-17 23:40:38,805 - fewshot_scanobjectnn_non_linear_classification - INFO - Save checkpoint at ./experiments/fewshot_scanobjectnn_non_linear_classification/cfgs/add_as_normal/ckpt-last.pth
2023-09-17 23:40:40,010 - fewshot_scanobjectnn_non_linear_classification - INFO - [Training] EPOCH: 79 EpochTime = 1.203 (s) Losses = ['0.1246', '97.9167'] lr = 0.000230
2023-09-17 23:40:40,938 - fewshot_scanobjectnn_non_linear_classification - INFO - [Validation] EPOCH: 79  acc = 71.0000
2023-09-17 23:40:41,944 - fewshot_scanobjectnn_non_linear_classification - INFO - Save checkpoint at ./experiments/fewshot_scanobjectnn_non_linear_classification/cfgs/add_as_normal/ckpt-last.pth
2023-09-17 23:40:43,232 - fewshot_scanobjectnn_non_linear_classification - INFO - [Training] EPOCH: 80 EpochTime = 1.287 (s) Losses = ['0.1477', '95.8333'] lr = 0.000224
2023-09-17 23:40:44,168 - fewshot_scanobjectnn_non_linear_classification - INFO - [Validation] EPOCH: 80  acc = 71.0000
2023-09-17 23:40:45,227 - fewshot_scanobjectnn_non_linear_classification - INFO - Save checkpoint at ./experiments/fewshot_scanobjectnn_non_linear_classification/cfgs/add_as_normal/ckpt-last.pth
2023-09-17 23:40:46,398 - fewshot_scanobjectnn_non_linear_classification - INFO - [Training] EPOCH: 81 EpochTime = 1.170 (s) Losses = ['0.1230', '98.9583'] lr = 0.000219
2023-09-17 23:40:47,328 - fewshot_scanobjectnn_non_linear_classification - INFO - [Validation] EPOCH: 81  acc = 72.0000
2023-09-17 23:40:47,801 - fewshot_scanobjectnn_non_linear_classification - INFO - Save checkpoint at ./experiments/fewshot_scanobjectnn_non_linear_classification/cfgs/add_as_normal/ckpt-last.pth
2023-09-17 23:40:49,152 - fewshot_scanobjectnn_non_linear_classification - INFO - [Training] EPOCH: 82 EpochTime = 1.350 (s) Losses = ['0.1768', '96.8750'] lr = 0.000214
2023-09-17 23:40:50,063 - fewshot_scanobjectnn_non_linear_classification - INFO - [Validation] EPOCH: 82  acc = 70.0000
2023-09-17 23:40:50,673 - fewshot_scanobjectnn_non_linear_classification - INFO - Save checkpoint at ./experiments/fewshot_scanobjectnn_non_linear_classification/cfgs/add_as_normal/ckpt-last.pth
2023-09-17 23:40:51,842 - fewshot_scanobjectnn_non_linear_classification - INFO - [Training] EPOCH: 83 EpochTime = 1.167 (s) Losses = ['0.1465', '95.8333'] lr = 0.000209
2023-09-17 23:40:52,779 - fewshot_scanobjectnn_non_linear_classification - INFO - [Validation] EPOCH: 83  acc = 71.0000
2023-09-17 23:40:53,428 - fewshot_scanobjectnn_non_linear_classification - INFO - Save checkpoint at ./experiments/fewshot_scanobjectnn_non_linear_classification/cfgs/add_as_normal/ckpt-last.pth
2023-09-17 23:40:54,642 - fewshot_scanobjectnn_non_linear_classification - INFO - [Training] EPOCH: 84 EpochTime = 1.212 (s) Losses = ['0.1653', '96.8750'] lr = 0.000204
2023-09-17 23:40:55,572 - fewshot_scanobjectnn_non_linear_classification - INFO - [Validation] EPOCH: 84  acc = 72.0000
2023-09-17 23:40:56,190 - fewshot_scanobjectnn_non_linear_classification - INFO - Save checkpoint at ./experiments/fewshot_scanobjectnn_non_linear_classification/cfgs/add_as_normal/ckpt-last.pth
2023-09-17 23:40:57,348 - fewshot_scanobjectnn_non_linear_classification - INFO - [Training] EPOCH: 85 EpochTime = 1.157 (s) Losses = ['0.1485', '96.8750'] lr = 0.000199
2023-09-17 23:40:58,261 - fewshot_scanobjectnn_non_linear_classification - INFO - [Validation] EPOCH: 85  acc = 71.0000
2023-09-17 23:40:59,135 - fewshot_scanobjectnn_non_linear_classification - INFO - Save checkpoint at ./experiments/fewshot_scanobjectnn_non_linear_classification/cfgs/add_as_normal/ckpt-last.pth
2023-09-17 23:41:00,294 - fewshot_scanobjectnn_non_linear_classification - INFO - [Training] EPOCH: 86 EpochTime = 1.157 (s) Losses = ['0.1161', '98.9583'] lr = 0.000194
2023-09-17 23:41:01,218 - fewshot_scanobjectnn_non_linear_classification - INFO - [Validation] EPOCH: 86  acc = 71.0000
2023-09-17 23:41:01,727 - fewshot_scanobjectnn_non_linear_classification - INFO - Save checkpoint at ./experiments/fewshot_scanobjectnn_non_linear_classification/cfgs/add_as_normal/ckpt-last.pth
2023-09-17 23:41:02,979 - fewshot_scanobjectnn_non_linear_classification - INFO - [Training] EPOCH: 87 EpochTime = 1.251 (s) Losses = ['0.2434', '93.7500'] lr = 0.000188
2023-09-17 23:41:03,935 - fewshot_scanobjectnn_non_linear_classification - INFO - [Validation] EPOCH: 87  acc = 70.0000
2023-09-17 23:41:04,726 - fewshot_scanobjectnn_non_linear_classification - INFO - Save checkpoint at ./experiments/fewshot_scanobjectnn_non_linear_classification/cfgs/add_as_normal/ckpt-last.pth
2023-09-17 23:41:05,901 - fewshot_scanobjectnn_non_linear_classification - INFO - [Training] EPOCH: 88 EpochTime = 1.173 (s) Losses = ['0.1153', '98.9583'] lr = 0.000183
2023-09-17 23:41:06,828 - fewshot_scanobjectnn_non_linear_classification - INFO - [Validation] EPOCH: 88  acc = 71.0000
2023-09-17 23:41:07,601 - fewshot_scanobjectnn_non_linear_classification - INFO - Save checkpoint at ./experiments/fewshot_scanobjectnn_non_linear_classification/cfgs/add_as_normal/ckpt-last.pth
2023-09-17 23:41:08,779 - fewshot_scanobjectnn_non_linear_classification - INFO - [Training] EPOCH: 89 EpochTime = 1.177 (s) Losses = ['0.1295', '98.9583'] lr = 0.000178
2023-09-17 23:41:09,923 - fewshot_scanobjectnn_non_linear_classification - INFO - [Validation] EPOCH: 89  acc = 71.0000
2023-09-17 23:41:10,472 - fewshot_scanobjectnn_non_linear_classification - INFO - Save checkpoint at ./experiments/fewshot_scanobjectnn_non_linear_classification/cfgs/add_as_normal/ckpt-last.pth
2023-09-17 23:41:11,693 - fewshot_scanobjectnn_non_linear_classification - INFO - [Training] EPOCH: 90 EpochTime = 1.220 (s) Losses = ['0.1096', '96.8750'] lr = 0.000173
2023-09-17 23:41:12,599 - fewshot_scanobjectnn_non_linear_classification - INFO - [Validation] EPOCH: 90  acc = 71.0000
2023-09-17 23:41:13,437 - fewshot_scanobjectnn_non_linear_classification - INFO - Save checkpoint at ./experiments/fewshot_scanobjectnn_non_linear_classification/cfgs/add_as_normal/ckpt-last.pth
2023-09-17 23:41:14,602 - fewshot_scanobjectnn_non_linear_classification - INFO - [Training] EPOCH: 91 EpochTime = 1.163 (s) Losses = ['0.1687', '94.7917'] lr = 0.000168
2023-09-17 23:41:15,687 - fewshot_scanobjectnn_non_linear_classification - INFO - [Validation] EPOCH: 91  acc = 71.0000
2023-09-17 23:41:16,266 - fewshot_scanobjectnn_non_linear_classification - INFO - Save checkpoint at ./experiments/fewshot_scanobjectnn_non_linear_classification/cfgs/add_as_normal/ckpt-last.pth
2023-09-17 23:41:17,664 - fewshot_scanobjectnn_non_linear_classification - INFO - [Training] EPOCH: 92 EpochTime = 1.396 (s) Losses = ['0.1317', '97.9167'] lr = 0.000164
2023-09-17 23:41:18,562 - fewshot_scanobjectnn_non_linear_classification - INFO - [Validation] EPOCH: 92  acc = 71.0000
2023-09-17 23:41:19,052 - fewshot_scanobjectnn_non_linear_classification - INFO - Save checkpoint at ./experiments/fewshot_scanobjectnn_non_linear_classification/cfgs/add_as_normal/ckpt-last.pth
2023-09-17 23:41:20,251 - fewshot_scanobjectnn_non_linear_classification - INFO - [Training] EPOCH: 93 EpochTime = 1.197 (s) Losses = ['0.1346', '97.9167'] lr = 0.000159
2023-09-17 23:41:21,192 - fewshot_scanobjectnn_non_linear_classification - INFO - [Validation] EPOCH: 93  acc = 69.0000
2023-09-17 23:41:21,843 - fewshot_scanobjectnn_non_linear_classification - INFO - Save checkpoint at ./experiments/fewshot_scanobjectnn_non_linear_classification/cfgs/add_as_normal/ckpt-last.pth
2023-09-17 23:41:23,044 - fewshot_scanobjectnn_non_linear_classification - INFO - [Training] EPOCH: 94 EpochTime = 1.200 (s) Losses = ['0.0866', '100.0000'] lr = 0.000154
2023-09-17 23:41:24,026 - fewshot_scanobjectnn_non_linear_classification - INFO - [Validation] EPOCH: 94  acc = 69.0000
2023-09-17 23:41:24,588 - fewshot_scanobjectnn_non_linear_classification - INFO - Save checkpoint at ./experiments/fewshot_scanobjectnn_non_linear_classification/cfgs/add_as_normal/ckpt-last.pth
2023-09-17 23:41:25,809 - fewshot_scanobjectnn_non_linear_classification - INFO - [Training] EPOCH: 95 EpochTime = 1.219 (s) Losses = ['0.0937', '98.9583'] lr = 0.000149
2023-09-17 23:41:26,718 - fewshot_scanobjectnn_non_linear_classification - INFO - [Validation] EPOCH: 95  acc = 70.0000
2023-09-17 23:41:27,382 - fewshot_scanobjectnn_non_linear_classification - INFO - Save checkpoint at ./experiments/fewshot_scanobjectnn_non_linear_classification/cfgs/add_as_normal/ckpt-last.pth
2023-09-17 23:41:28,551 - fewshot_scanobjectnn_non_linear_classification - INFO - [Training] EPOCH: 96 EpochTime = 1.168 (s) Losses = ['0.0766', '98.9583'] lr = 0.000144
2023-09-17 23:41:29,521 - fewshot_scanobjectnn_non_linear_classification - INFO - [Validation] EPOCH: 96  acc = 69.0000
2023-09-17 23:41:30,211 - fewshot_scanobjectnn_non_linear_classification - INFO - Save checkpoint at ./experiments/fewshot_scanobjectnn_non_linear_classification/cfgs/add_as_normal/ckpt-last.pth
2023-09-17 23:41:31,411 - fewshot_scanobjectnn_non_linear_classification - INFO - [Training] EPOCH: 97 EpochTime = 1.199 (s) Losses = ['0.1332', '97.9167'] lr = 0.000140
2023-09-17 23:41:32,302 - fewshot_scanobjectnn_non_linear_classification - INFO - [Validation] EPOCH: 97  acc = 69.0000
2023-09-17 23:41:32,925 - fewshot_scanobjectnn_non_linear_classification - INFO - Save checkpoint at ./experiments/fewshot_scanobjectnn_non_linear_classification/cfgs/add_as_normal/ckpt-last.pth
2023-09-17 23:41:34,112 - fewshot_scanobjectnn_non_linear_classification - INFO - [Training] EPOCH: 98 EpochTime = 1.184 (s) Losses = ['0.1498', '96.8750'] lr = 0.000135
2023-09-17 23:41:35,035 - fewshot_scanobjectnn_non_linear_classification - INFO - [Validation] EPOCH: 98  acc = 70.0000
2023-09-17 23:41:35,702 - fewshot_scanobjectnn_non_linear_classification - INFO - Save checkpoint at ./experiments/fewshot_scanobjectnn_non_linear_classification/cfgs/add_as_normal/ckpt-last.pth
2023-09-17 23:41:36,854 - fewshot_scanobjectnn_non_linear_classification - INFO - [Training] EPOCH: 99 EpochTime = 1.151 (s) Losses = ['0.0817', '100.0000'] lr = 0.000130
2023-09-17 23:41:37,767 - fewshot_scanobjectnn_non_linear_classification - INFO - [Validation] EPOCH: 99  acc = 69.0000
2023-09-17 23:41:38,300 - fewshot_scanobjectnn_non_linear_classification - INFO - Save checkpoint at ./experiments/fewshot_scanobjectnn_non_linear_classification/cfgs/add_as_normal/ckpt-last.pth
2023-09-17 23:41:39,488 - fewshot_scanobjectnn_non_linear_classification - INFO - [Training] EPOCH: 100 EpochTime = 1.186 (s) Losses = ['0.1268', '97.9167'] lr = 0.000126
2023-09-17 23:41:40,551 - fewshot_scanobjectnn_non_linear_classification - INFO - [Validation] EPOCH: 100  acc = 69.0000
2023-09-17 23:41:41,317 - fewshot_scanobjectnn_non_linear_classification - INFO - Save checkpoint at ./experiments/fewshot_scanobjectnn_non_linear_classification/cfgs/add_as_normal/ckpt-last.pth
2023-09-17 23:41:42,522 - fewshot_scanobjectnn_non_linear_classification - INFO - [Training] EPOCH: 101 EpochTime = 1.203 (s) Losses = ['0.1447', '97.9167'] lr = 0.000121
2023-09-17 23:41:43,462 - fewshot_scanobjectnn_non_linear_classification - INFO - [Validation] EPOCH: 101  acc = 69.0000
2023-09-17 23:41:44,145 - fewshot_scanobjectnn_non_linear_classification - INFO - Save checkpoint at ./experiments/fewshot_scanobjectnn_non_linear_classification/cfgs/add_as_normal/ckpt-last.pth
2023-09-17 23:41:45,368 - fewshot_scanobjectnn_non_linear_classification - INFO - [Training] EPOCH: 102 EpochTime = 1.222 (s) Losses = ['0.1092', '98.9583'] lr = 0.000117
2023-09-17 23:41:46,366 - fewshot_scanobjectnn_non_linear_classification - INFO - [Validation] EPOCH: 102  acc = 70.0000
2023-09-17 23:41:46,893 - fewshot_scanobjectnn_non_linear_classification - INFO - Save checkpoint at ./experiments/fewshot_scanobjectnn_non_linear_classification/cfgs/add_as_normal/ckpt-last.pth
2023-09-17 23:41:48,165 - fewshot_scanobjectnn_non_linear_classification - INFO - [Training] EPOCH: 103 EpochTime = 1.270 (s) Losses = ['0.1539', '94.7917'] lr = 0.000112
2023-09-17 23:41:49,089 - fewshot_scanobjectnn_non_linear_classification - INFO - [Validation] EPOCH: 103  acc = 70.0000
2023-09-17 23:41:50,087 - fewshot_scanobjectnn_non_linear_classification - INFO - Save checkpoint at ./experiments/fewshot_scanobjectnn_non_linear_classification/cfgs/add_as_normal/ckpt-last.pth
2023-09-17 23:41:51,263 - fewshot_scanobjectnn_non_linear_classification - INFO - [Training] EPOCH: 104 EpochTime = 1.174 (s) Losses = ['0.1339', '97.9167'] lr = 0.000108
2023-09-17 23:41:52,166 - fewshot_scanobjectnn_non_linear_classification - INFO - [Validation] EPOCH: 104  acc = 70.0000
2023-09-17 23:41:52,665 - fewshot_scanobjectnn_non_linear_classification - INFO - Save checkpoint at ./experiments/fewshot_scanobjectnn_non_linear_classification/cfgs/add_as_normal/ckpt-last.pth
2023-09-17 23:41:53,942 - fewshot_scanobjectnn_non_linear_classification - INFO - [Training] EPOCH: 105 EpochTime = 1.275 (s) Losses = ['0.1157', '98.9583'] lr = 0.000104
2023-09-17 23:41:54,841 - fewshot_scanobjectnn_non_linear_classification - INFO - [Validation] EPOCH: 105  acc = 69.0000
2023-09-17 23:41:55,463 - fewshot_scanobjectnn_non_linear_classification - INFO - Save checkpoint at ./experiments/fewshot_scanobjectnn_non_linear_classification/cfgs/add_as_normal/ckpt-last.pth
2023-09-17 23:41:56,693 - fewshot_scanobjectnn_non_linear_classification - INFO - [Training] EPOCH: 106 EpochTime = 1.228 (s) Losses = ['0.0993', '98.9583'] lr = 0.000100
2023-09-17 23:41:57,626 - fewshot_scanobjectnn_non_linear_classification - INFO - [Validation] EPOCH: 106  acc = 70.0000
2023-09-17 23:41:58,288 - fewshot_scanobjectnn_non_linear_classification - INFO - Save checkpoint at ./experiments/fewshot_scanobjectnn_non_linear_classification/cfgs/add_as_normal/ckpt-last.pth
2023-09-17 23:41:59,469 - fewshot_scanobjectnn_non_linear_classification - INFO - [Training] EPOCH: 107 EpochTime = 1.179 (s) Losses = ['0.1063', '96.8750'] lr = 0.000096
2023-09-17 23:42:00,387 - fewshot_scanobjectnn_non_linear_classification - INFO - [Validation] EPOCH: 107  acc = 67.0000
2023-09-17 23:42:01,154 - fewshot_scanobjectnn_non_linear_classification - INFO - Save checkpoint at ./experiments/fewshot_scanobjectnn_non_linear_classification/cfgs/add_as_normal/ckpt-last.pth
2023-09-17 23:42:02,350 - fewshot_scanobjectnn_non_linear_classification - INFO - [Training] EPOCH: 108 EpochTime = 1.194 (s) Losses = ['0.0957', '100.0000'] lr = 0.000091
2023-09-17 23:42:03,248 - fewshot_scanobjectnn_non_linear_classification - INFO - [Validation] EPOCH: 108  acc = 66.0000
2023-09-17 23:42:03,890 - fewshot_scanobjectnn_non_linear_classification - INFO - Save checkpoint at ./experiments/fewshot_scanobjectnn_non_linear_classification/cfgs/add_as_normal/ckpt-last.pth
2023-09-17 23:42:05,089 - fewshot_scanobjectnn_non_linear_classification - INFO - [Training] EPOCH: 109 EpochTime = 1.197 (s) Losses = ['0.1046', '98.9583'] lr = 0.000087
2023-09-17 23:42:06,003 - fewshot_scanobjectnn_non_linear_classification - INFO - [Validation] EPOCH: 109  acc = 66.0000
2023-09-17 23:42:06,479 - fewshot_scanobjectnn_non_linear_classification - INFO - Save checkpoint at ./experiments/fewshot_scanobjectnn_non_linear_classification/cfgs/add_as_normal/ckpt-last.pth
2023-09-17 23:42:07,657 - fewshot_scanobjectnn_non_linear_classification - INFO - [Training] EPOCH: 110 EpochTime = 1.177 (s) Losses = ['0.0999', '98.9583'] lr = 0.000084
2023-09-17 23:42:08,629 - fewshot_scanobjectnn_non_linear_classification - INFO - [Validation] EPOCH: 110  acc = 66.0000
2023-09-17 23:42:09,244 - fewshot_scanobjectnn_non_linear_classification - INFO - Save checkpoint at ./experiments/fewshot_scanobjectnn_non_linear_classification/cfgs/add_as_normal/ckpt-last.pth
2023-09-17 23:42:10,433 - fewshot_scanobjectnn_non_linear_classification - INFO - [Training] EPOCH: 111 EpochTime = 1.187 (s) Losses = ['0.0870', '100.0000'] lr = 0.000080
2023-09-17 23:42:11,328 - fewshot_scanobjectnn_non_linear_classification - INFO - [Validation] EPOCH: 111  acc = 66.0000
2023-09-17 23:42:12,019 - fewshot_scanobjectnn_non_linear_classification - INFO - Save checkpoint at ./experiments/fewshot_scanobjectnn_non_linear_classification/cfgs/add_as_normal/ckpt-last.pth
2023-09-17 23:42:13,184 - fewshot_scanobjectnn_non_linear_classification - INFO - [Training] EPOCH: 112 EpochTime = 1.163 (s) Losses = ['0.0878', '97.9167'] lr = 0.000076
2023-09-17 23:42:14,103 - fewshot_scanobjectnn_non_linear_classification - INFO - [Validation] EPOCH: 112  acc = 66.0000
2023-09-17 23:42:14,673 - fewshot_scanobjectnn_non_linear_classification - INFO - Save checkpoint at ./experiments/fewshot_scanobjectnn_non_linear_classification/cfgs/add_as_normal/ckpt-last.pth
2023-09-17 23:42:15,867 - fewshot_scanobjectnn_non_linear_classification - INFO - [Training] EPOCH: 113 EpochTime = 1.192 (s) Losses = ['0.0974', '100.0000'] lr = 0.000072
2023-09-17 23:42:16,763 - fewshot_scanobjectnn_non_linear_classification - INFO - [Validation] EPOCH: 113  acc = 66.0000
2023-09-17 23:42:17,588 - fewshot_scanobjectnn_non_linear_classification - INFO - Save checkpoint at ./experiments/fewshot_scanobjectnn_non_linear_classification/cfgs/add_as_normal/ckpt-last.pth
2023-09-17 23:42:18,763 - fewshot_scanobjectnn_non_linear_classification - INFO - [Training] EPOCH: 114 EpochTime = 1.174 (s) Losses = ['0.1178', '97.9167'] lr = 0.000069
2023-09-17 23:42:19,686 - fewshot_scanobjectnn_non_linear_classification - INFO - [Validation] EPOCH: 114  acc = 67.0000
2023-09-17 23:42:20,217 - fewshot_scanobjectnn_non_linear_classification - INFO - Save checkpoint at ./experiments/fewshot_scanobjectnn_non_linear_classification/cfgs/add_as_normal/ckpt-last.pth
2023-09-17 23:42:21,428 - fewshot_scanobjectnn_non_linear_classification - INFO - [Training] EPOCH: 115 EpochTime = 1.209 (s) Losses = ['0.1068', '98.9583'] lr = 0.000065
2023-09-17 23:42:22,353 - fewshot_scanobjectnn_non_linear_classification - INFO - [Validation] EPOCH: 115  acc = 67.0000
2023-09-17 23:42:22,806 - fewshot_scanobjectnn_non_linear_classification - INFO - Save checkpoint at ./experiments/fewshot_scanobjectnn_non_linear_classification/cfgs/add_as_normal/ckpt-last.pth
2023-09-17 23:42:23,985 - fewshot_scanobjectnn_non_linear_classification - INFO - [Training] EPOCH: 116 EpochTime = 1.178 (s) Losses = ['0.1195', '97.9167'] lr = 0.000062
2023-09-17 23:42:24,892 - fewshot_scanobjectnn_non_linear_classification - INFO - [Validation] EPOCH: 116  acc = 66.0000
2023-09-17 23:42:26,247 - fewshot_scanobjectnn_non_linear_classification - INFO - Save checkpoint at ./experiments/fewshot_scanobjectnn_non_linear_classification/cfgs/add_as_normal/ckpt-last.pth
2023-09-17 23:42:27,670 - fewshot_scanobjectnn_non_linear_classification - INFO - [Training] EPOCH: 117 EpochTime = 1.421 (s) Losses = ['0.1068', '98.9583'] lr = 0.000058
2023-09-17 23:42:28,588 - fewshot_scanobjectnn_non_linear_classification - INFO - [Validation] EPOCH: 117  acc = 66.0000
2023-09-17 23:42:29,138 - fewshot_scanobjectnn_non_linear_classification - INFO - Save checkpoint at ./experiments/fewshot_scanobjectnn_non_linear_classification/cfgs/add_as_normal/ckpt-last.pth
2023-09-17 23:42:30,374 - fewshot_scanobjectnn_non_linear_classification - INFO - [Training] EPOCH: 118 EpochTime = 1.233 (s) Losses = ['0.1000', '97.9167'] lr = 0.000055
2023-09-17 23:42:31,359 - fewshot_scanobjectnn_non_linear_classification - INFO - [Validation] EPOCH: 118  acc = 66.0000
2023-09-17 23:42:31,964 - fewshot_scanobjectnn_non_linear_classification - INFO - Save checkpoint at ./experiments/fewshot_scanobjectnn_non_linear_classification/cfgs/add_as_normal/ckpt-last.pth
2023-09-17 23:42:33,153 - fewshot_scanobjectnn_non_linear_classification - INFO - [Training] EPOCH: 119 EpochTime = 1.187 (s) Losses = ['0.0860', '100.0000'] lr = 0.000052
2023-09-17 23:42:34,060 - fewshot_scanobjectnn_non_linear_classification - INFO - [Validation] EPOCH: 119  acc = 66.0000
2023-09-17 23:42:34,780 - fewshot_scanobjectnn_non_linear_classification - INFO - Save checkpoint at ./experiments/fewshot_scanobjectnn_non_linear_classification/cfgs/add_as_normal/ckpt-last.pth
2023-09-17 23:42:35,970 - fewshot_scanobjectnn_non_linear_classification - INFO - [Training] EPOCH: 120 EpochTime = 1.189 (s) Losses = ['0.1166', '98.9583'] lr = 0.000049
2023-09-17 23:42:36,910 - fewshot_scanobjectnn_non_linear_classification - INFO - [Validation] EPOCH: 120  acc = 66.0000
2023-09-17 23:42:37,390 - fewshot_scanobjectnn_non_linear_classification - INFO - Save checkpoint at ./experiments/fewshot_scanobjectnn_non_linear_classification/cfgs/add_as_normal/ckpt-last.pth
2023-09-17 23:42:38,584 - fewshot_scanobjectnn_non_linear_classification - INFO - [Training] EPOCH: 121 EpochTime = 1.192 (s) Losses = ['0.0907', '100.0000'] lr = 0.000046
2023-09-17 23:42:39,498 - fewshot_scanobjectnn_non_linear_classification - INFO - [Validation] EPOCH: 121  acc = 68.0000
2023-09-17 23:42:40,233 - fewshot_scanobjectnn_non_linear_classification - INFO - Save checkpoint at ./experiments/fewshot_scanobjectnn_non_linear_classification/cfgs/add_as_normal/ckpt-last.pth
2023-09-17 23:42:41,444 - fewshot_scanobjectnn_non_linear_classification - INFO - [Training] EPOCH: 122 EpochTime = 1.210 (s) Losses = ['0.1008', '98.9583'] lr = 0.000043
2023-09-17 23:42:42,409 - fewshot_scanobjectnn_non_linear_classification - INFO - [Validation] EPOCH: 122  acc = 67.0000
2023-09-17 23:42:43,108 - fewshot_scanobjectnn_non_linear_classification - INFO - Save checkpoint at ./experiments/fewshot_scanobjectnn_non_linear_classification/cfgs/add_as_normal/ckpt-last.pth
2023-09-17 23:42:44,263 - fewshot_scanobjectnn_non_linear_classification - INFO - [Training] EPOCH: 123 EpochTime = 1.154 (s) Losses = ['0.0844', '98.9583'] lr = 0.000040
2023-09-17 23:42:45,325 - fewshot_scanobjectnn_non_linear_classification - INFO - [Validation] EPOCH: 123  acc = 67.0000
2023-09-17 23:42:46,016 - fewshot_scanobjectnn_non_linear_classification - INFO - Save checkpoint at ./experiments/fewshot_scanobjectnn_non_linear_classification/cfgs/add_as_normal/ckpt-last.pth
2023-09-17 23:42:47,240 - fewshot_scanobjectnn_non_linear_classification - INFO - [Training] EPOCH: 124 EpochTime = 1.222 (s) Losses = ['0.1325', '97.9167'] lr = 0.000037
2023-09-17 23:42:48,135 - fewshot_scanobjectnn_non_linear_classification - INFO - [Validation] EPOCH: 124  acc = 67.0000
2023-09-17 23:42:48,788 - fewshot_scanobjectnn_non_linear_classification - INFO - Save checkpoint at ./experiments/fewshot_scanobjectnn_non_linear_classification/cfgs/add_as_normal/ckpt-last.pth
2023-09-17 23:42:49,949 - fewshot_scanobjectnn_non_linear_classification - INFO - [Training] EPOCH: 125 EpochTime = 1.159 (s) Losses = ['0.1282', '98.9583'] lr = 0.000034
2023-09-17 23:42:50,888 - fewshot_scanobjectnn_non_linear_classification - INFO - [Validation] EPOCH: 125  acc = 67.0000
2023-09-17 23:42:51,406 - fewshot_scanobjectnn_non_linear_classification - INFO - Save checkpoint at ./experiments/fewshot_scanobjectnn_non_linear_classification/cfgs/add_as_normal/ckpt-last.pth
2023-09-17 23:42:52,614 - fewshot_scanobjectnn_non_linear_classification - INFO - [Training] EPOCH: 126 EpochTime = 1.207 (s) Losses = ['0.0994', '98.9583'] lr = 0.000032
2023-09-17 23:42:53,528 - fewshot_scanobjectnn_non_linear_classification - INFO - [Validation] EPOCH: 126  acc = 67.0000
2023-09-17 23:42:54,084 - fewshot_scanobjectnn_non_linear_classification - INFO - Save checkpoint at ./experiments/fewshot_scanobjectnn_non_linear_classification/cfgs/add_as_normal/ckpt-last.pth
2023-09-17 23:42:55,306 - fewshot_scanobjectnn_non_linear_classification - INFO - [Training] EPOCH: 127 EpochTime = 1.221 (s) Losses = ['0.1232', '98.9583'] lr = 0.000029
2023-09-17 23:42:56,253 - fewshot_scanobjectnn_non_linear_classification - INFO - [Validation] EPOCH: 127  acc = 66.0000
2023-09-17 23:42:56,826 - fewshot_scanobjectnn_non_linear_classification - INFO - Save checkpoint at ./experiments/fewshot_scanobjectnn_non_linear_classification/cfgs/add_as_normal/ckpt-last.pth
2023-09-17 23:42:57,991 - fewshot_scanobjectnn_non_linear_classification - INFO - [Training] EPOCH: 128 EpochTime = 1.163 (s) Losses = ['0.1017', '98.9583'] lr = 0.000027
2023-09-17 23:42:58,894 - fewshot_scanobjectnn_non_linear_classification - INFO - [Validation] EPOCH: 128  acc = 68.0000
2023-09-17 23:42:59,473 - fewshot_scanobjectnn_non_linear_classification - INFO - Save checkpoint at ./experiments/fewshot_scanobjectnn_non_linear_classification/cfgs/add_as_normal/ckpt-last.pth
2023-09-17 23:43:00,813 - fewshot_scanobjectnn_non_linear_classification - INFO - [Training] EPOCH: 129 EpochTime = 1.338 (s) Losses = ['0.1441', '96.8750'] lr = 0.000025
2023-09-17 23:43:01,739 - fewshot_scanobjectnn_non_linear_classification - INFO - [Validation] EPOCH: 129  acc = 66.0000
2023-09-17 23:43:02,438 - fewshot_scanobjectnn_non_linear_classification - INFO - Save checkpoint at ./experiments/fewshot_scanobjectnn_non_linear_classification/cfgs/add_as_normal/ckpt-last.pth
2023-09-17 23:43:03,853 - fewshot_scanobjectnn_non_linear_classification - INFO - [Training] EPOCH: 130 EpochTime = 1.413 (s) Losses = ['0.1826', '92.7083'] lr = 0.000023
2023-09-17 23:43:04,775 - fewshot_scanobjectnn_non_linear_classification - INFO - [Validation] EPOCH: 130  acc = 66.0000
2023-09-17 23:43:05,273 - fewshot_scanobjectnn_non_linear_classification - INFO - Save checkpoint at ./experiments/fewshot_scanobjectnn_non_linear_classification/cfgs/add_as_normal/ckpt-last.pth
2023-09-17 23:43:06,470 - fewshot_scanobjectnn_non_linear_classification - INFO - [Training] EPOCH: 131 EpochTime = 1.195 (s) Losses = ['0.1078', '98.9583'] lr = 0.000020
2023-09-17 23:43:07,423 - fewshot_scanobjectnn_non_linear_classification - INFO - [Validation] EPOCH: 131  acc = 66.0000
2023-09-17 23:43:08,144 - fewshot_scanobjectnn_non_linear_classification - INFO - Save checkpoint at ./experiments/fewshot_scanobjectnn_non_linear_classification/cfgs/add_as_normal/ckpt-last.pth
2023-09-17 23:43:09,343 - fewshot_scanobjectnn_non_linear_classification - INFO - [Training] EPOCH: 132 EpochTime = 1.197 (s) Losses = ['0.0894', '98.9583'] lr = 0.000019
2023-09-17 23:43:10,366 - fewshot_scanobjectnn_non_linear_classification - INFO - [Validation] EPOCH: 132  acc = 67.0000
2023-09-17 23:43:11,364 - fewshot_scanobjectnn_non_linear_classification - INFO - Save checkpoint at ./experiments/fewshot_scanobjectnn_non_linear_classification/cfgs/add_as_normal/ckpt-last.pth
2023-09-17 23:43:12,603 - fewshot_scanobjectnn_non_linear_classification - INFO - [Training] EPOCH: 133 EpochTime = 1.238 (s) Losses = ['0.0944', '97.9167'] lr = 0.000017
2023-09-17 23:43:13,601 - fewshot_scanobjectnn_non_linear_classification - INFO - [Validation] EPOCH: 133  acc = 66.0000
2023-09-17 23:43:14,209 - fewshot_scanobjectnn_non_linear_classification - INFO - Save checkpoint at ./experiments/fewshot_scanobjectnn_non_linear_classification/cfgs/add_as_normal/ckpt-last.pth
2023-09-17 23:43:15,373 - fewshot_scanobjectnn_non_linear_classification - INFO - [Training] EPOCH: 134 EpochTime = 1.163 (s) Losses = ['0.1344', '98.9583'] lr = 0.000015
2023-09-17 23:43:16,385 - fewshot_scanobjectnn_non_linear_classification - INFO - [Validation] EPOCH: 134  acc = 66.0000
2023-09-17 23:43:17,012 - fewshot_scanobjectnn_non_linear_classification - INFO - Save checkpoint at ./experiments/fewshot_scanobjectnn_non_linear_classification/cfgs/add_as_normal/ckpt-last.pth
2023-09-17 23:43:18,358 - fewshot_scanobjectnn_non_linear_classification - INFO - [Training] EPOCH: 135 EpochTime = 1.345 (s) Losses = ['0.0937', '98.9583'] lr = 0.000013
2023-09-17 23:43:19,259 - fewshot_scanobjectnn_non_linear_classification - INFO - [Validation] EPOCH: 135  acc = 66.0000
2023-09-17 23:43:19,885 - fewshot_scanobjectnn_non_linear_classification - INFO - Save checkpoint at ./experiments/fewshot_scanobjectnn_non_linear_classification/cfgs/add_as_normal/ckpt-last.pth
2023-09-17 23:43:21,064 - fewshot_scanobjectnn_non_linear_classification - INFO - [Training] EPOCH: 136 EpochTime = 1.177 (s) Losses = ['0.1208', '97.9167'] lr = 0.000012
2023-09-17 23:43:22,103 - fewshot_scanobjectnn_non_linear_classification - INFO - [Validation] EPOCH: 136  acc = 67.0000
2023-09-17 23:43:22,648 - fewshot_scanobjectnn_non_linear_classification - INFO - Save checkpoint at ./experiments/fewshot_scanobjectnn_non_linear_classification/cfgs/add_as_normal/ckpt-last.pth
2023-09-17 23:43:23,867 - fewshot_scanobjectnn_non_linear_classification - INFO - [Training] EPOCH: 137 EpochTime = 1.217 (s) Losses = ['0.0748', '100.0000'] lr = 0.000010
2023-09-17 23:43:24,774 - fewshot_scanobjectnn_non_linear_classification - INFO - [Validation] EPOCH: 137  acc = 66.0000
2023-09-17 23:43:25,456 - fewshot_scanobjectnn_non_linear_classification - INFO - Save checkpoint at ./experiments/fewshot_scanobjectnn_non_linear_classification/cfgs/add_as_normal/ckpt-last.pth
2023-09-17 23:43:26,653 - fewshot_scanobjectnn_non_linear_classification - INFO - [Training] EPOCH: 138 EpochTime = 1.196 (s) Losses = ['0.1097', '98.9583'] lr = 0.000009
2023-09-17 23:43:27,579 - fewshot_scanobjectnn_non_linear_classification - INFO - [Validation] EPOCH: 138  acc = 68.0000
2023-09-17 23:43:28,290 - fewshot_scanobjectnn_non_linear_classification - INFO - Save checkpoint at ./experiments/fewshot_scanobjectnn_non_linear_classification/cfgs/add_as_normal/ckpt-last.pth
2023-09-17 23:43:29,457 - fewshot_scanobjectnn_non_linear_classification - INFO - [Training] EPOCH: 139 EpochTime = 1.166 (s) Losses = ['0.0857', '98.9583'] lr = 0.000008
2023-09-17 23:43:30,413 - fewshot_scanobjectnn_non_linear_classification - INFO - [Validation] EPOCH: 139  acc = 68.0000
2023-09-17 23:43:30,944 - fewshot_scanobjectnn_non_linear_classification - INFO - Save checkpoint at ./experiments/fewshot_scanobjectnn_non_linear_classification/cfgs/add_as_normal/ckpt-last.pth
2023-09-17 23:43:32,218 - fewshot_scanobjectnn_non_linear_classification - INFO - [Training] EPOCH: 140 EpochTime = 1.272 (s) Losses = ['0.1026', '100.0000'] lr = 0.000006
2023-09-17 23:43:33,139 - fewshot_scanobjectnn_non_linear_classification - INFO - [Validation] EPOCH: 140  acc = 67.0000
2023-09-17 23:43:33,782 - fewshot_scanobjectnn_non_linear_classification - INFO - Save checkpoint at ./experiments/fewshot_scanobjectnn_non_linear_classification/cfgs/add_as_normal/ckpt-last.pth
2023-09-17 23:43:34,972 - fewshot_scanobjectnn_non_linear_classification - INFO - [Training] EPOCH: 141 EpochTime = 1.189 (s) Losses = ['0.1202', '98.9583'] lr = 0.000005
2023-09-17 23:43:35,942 - fewshot_scanobjectnn_non_linear_classification - INFO - [Validation] EPOCH: 141  acc = 68.0000
2023-09-17 23:43:36,446 - fewshot_scanobjectnn_non_linear_classification - INFO - Save checkpoint at ./experiments/fewshot_scanobjectnn_non_linear_classification/cfgs/add_as_normal/ckpt-last.pth
2023-09-17 23:43:37,011 - fewshot_scanobjectnn_non_linear_classification - INFO - Save checkpoint at ./experiments/fewshot_scanobjectnn_non_linear_classification/cfgs/add_as_normal/ckpt-epoch-141.pth
2023-09-17 23:43:38,173 - fewshot_scanobjectnn_non_linear_classification - INFO - [Training] EPOCH: 142 EpochTime = 1.160 (s) Losses = ['0.0812', '100.0000'] lr = 0.000004
2023-09-17 23:43:39,111 - fewshot_scanobjectnn_non_linear_classification - INFO - [Validation] EPOCH: 142  acc = 68.0000
2023-09-17 23:43:39,639 - fewshot_scanobjectnn_non_linear_classification - INFO - Save checkpoint at ./experiments/fewshot_scanobjectnn_non_linear_classification/cfgs/add_as_normal/ckpt-last.pth
2023-09-17 23:43:40,119 - fewshot_scanobjectnn_non_linear_classification - INFO - Save checkpoint at ./experiments/fewshot_scanobjectnn_non_linear_classification/cfgs/add_as_normal/ckpt-epoch-142.pth
2023-09-17 23:43:41,294 - fewshot_scanobjectnn_non_linear_classification - INFO - [Training] EPOCH: 143 EpochTime = 1.173 (s) Losses = ['0.0984', '100.0000'] lr = 0.000004
2023-09-17 23:43:42,201 - fewshot_scanobjectnn_non_linear_classification - INFO - [Validation] EPOCH: 143  acc = 68.0000
2023-09-17 23:43:42,920 - fewshot_scanobjectnn_non_linear_classification - INFO - Save checkpoint at ./experiments/fewshot_scanobjectnn_non_linear_classification/cfgs/add_as_normal/ckpt-last.pth
2023-09-17 23:43:43,726 - fewshot_scanobjectnn_non_linear_classification - INFO - Save checkpoint at ./experiments/fewshot_scanobjectnn_non_linear_classification/cfgs/add_as_normal/ckpt-epoch-143.pth
2023-09-17 23:43:44,993 - fewshot_scanobjectnn_non_linear_classification - INFO - [Training] EPOCH: 144 EpochTime = 1.265 (s) Losses = ['0.1401', '95.8333'] lr = 0.000003
2023-09-17 23:43:45,903 - fewshot_scanobjectnn_non_linear_classification - INFO - [Validation] EPOCH: 144  acc = 68.0000
2023-09-17 23:43:46,796 - fewshot_scanobjectnn_non_linear_classification - INFO - Save checkpoint at ./experiments/fewshot_scanobjectnn_non_linear_classification/cfgs/add_as_normal/ckpt-last.pth
2023-09-17 23:43:47,743 - fewshot_scanobjectnn_non_linear_classification - INFO - Save checkpoint at ./experiments/fewshot_scanobjectnn_non_linear_classification/cfgs/add_as_normal/ckpt-epoch-144.pth
2023-09-17 23:43:48,995 - fewshot_scanobjectnn_non_linear_classification - INFO - [Training] EPOCH: 145 EpochTime = 1.249 (s) Losses = ['0.0988', '100.0000'] lr = 0.000002
2023-09-17 23:43:50,101 - fewshot_scanobjectnn_non_linear_classification - INFO - [Validation] EPOCH: 145  acc = 67.0000
2023-09-17 23:43:50,890 - fewshot_scanobjectnn_non_linear_classification - INFO - Save checkpoint at ./experiments/fewshot_scanobjectnn_non_linear_classification/cfgs/add_as_normal/ckpt-last.pth
2023-09-17 23:43:51,761 - fewshot_scanobjectnn_non_linear_classification - INFO - Save checkpoint at ./experiments/fewshot_scanobjectnn_non_linear_classification/cfgs/add_as_normal/ckpt-epoch-145.pth
2023-09-17 23:43:52,997 - fewshot_scanobjectnn_non_linear_classification - INFO - [Training] EPOCH: 146 EpochTime = 1.235 (s) Losses = ['0.0946', '100.0000'] lr = 0.000002
2023-09-17 23:43:54,063 - fewshot_scanobjectnn_non_linear_classification - INFO - [Validation] EPOCH: 146  acc = 67.0000
2023-09-17 23:43:54,543 - fewshot_scanobjectnn_non_linear_classification - INFO - Save checkpoint at ./experiments/fewshot_scanobjectnn_non_linear_classification/cfgs/add_as_normal/ckpt-last.pth
2023-09-17 23:43:55,253 - fewshot_scanobjectnn_non_linear_classification - INFO - Save checkpoint at ./experiments/fewshot_scanobjectnn_non_linear_classification/cfgs/add_as_normal/ckpt-epoch-146.pth
2023-09-17 23:43:56,444 - fewshot_scanobjectnn_non_linear_classification - INFO - [Training] EPOCH: 147 EpochTime = 1.190 (s) Losses = ['0.0847', '98.9583'] lr = 0.000001
2023-09-17 23:43:57,347 - fewshot_scanobjectnn_non_linear_classification - INFO - [Validation] EPOCH: 147  acc = 67.0000
2023-09-17 23:43:57,875 - fewshot_scanobjectnn_non_linear_classification - INFO - Save checkpoint at ./experiments/fewshot_scanobjectnn_non_linear_classification/cfgs/add_as_normal/ckpt-last.pth
2023-09-17 23:43:58,526 - fewshot_scanobjectnn_non_linear_classification - INFO - Save checkpoint at ./experiments/fewshot_scanobjectnn_non_linear_classification/cfgs/add_as_normal/ckpt-epoch-147.pth
2023-09-17 23:43:59,698 - fewshot_scanobjectnn_non_linear_classification - INFO - [Training] EPOCH: 148 EpochTime = 1.171 (s) Losses = ['0.1600', '97.9167'] lr = 0.000001
2023-09-17 23:44:00,590 - fewshot_scanobjectnn_non_linear_classification - INFO - [Validation] EPOCH: 148  acc = 68.0000
2023-09-17 23:44:01,535 - fewshot_scanobjectnn_non_linear_classification - INFO - Save checkpoint at ./experiments/fewshot_scanobjectnn_non_linear_classification/cfgs/add_as_normal/ckpt-last.pth
2023-09-17 23:44:02,262 - fewshot_scanobjectnn_non_linear_classification - INFO - Save checkpoint at ./experiments/fewshot_scanobjectnn_non_linear_classification/cfgs/add_as_normal/ckpt-epoch-148.pth
2023-09-17 23:44:03,468 - fewshot_scanobjectnn_non_linear_classification - INFO - [Training] EPOCH: 149 EpochTime = 1.204 (s) Losses = ['0.1264', '97.9167'] lr = 0.000001
2023-09-17 23:44:04,386 - fewshot_scanobjectnn_non_linear_classification - INFO - [Validation] EPOCH: 149  acc = 66.0000
2023-09-17 23:44:05,051 - fewshot_scanobjectnn_non_linear_classification - INFO - Save checkpoint at ./experiments/fewshot_scanobjectnn_non_linear_classification/cfgs/add_as_normal/ckpt-last.pth
2023-09-17 23:44:06,459 - fewshot_scanobjectnn_non_linear_classification - INFO - Save checkpoint at ./experiments/fewshot_scanobjectnn_non_linear_classification/cfgs/add_as_normal/ckpt-epoch-149.pth
2023-09-17 23:44:07,718 - fewshot_scanobjectnn_non_linear_classification - INFO - [Training] EPOCH: 150 EpochTime = 1.257 (s) Losses = ['0.1036', '100.0000'] lr = 0.000001
2023-09-17 23:44:08,660 - fewshot_scanobjectnn_non_linear_classification - INFO - [Validation] EPOCH: 150  acc = 68.0000
2023-09-17 23:44:09,206 - fewshot_scanobjectnn_non_linear_classification - INFO - Save checkpoint at ./experiments/fewshot_scanobjectnn_non_linear_classification/cfgs/add_as_normal/ckpt-last.pth
2023-09-17 23:44:10,512 - fewshot_scanobjectnn_non_linear_classification - INFO - Save checkpoint at ./experiments/fewshot_scanobjectnn_non_linear_classification/cfgs/add_as_normal/ckpt-epoch-150.pth
