2023-10-08 07:13:37,557 - fewshot_scanobjectnn_non_linear_classification - INFO - Copy the Config file from cfgs/fewshot_scanobjectnn_non_linear_classification.yaml to ./experiments/fewshot_scanobjectnn_non_linear_classification/cfgs/LR_0.0006/config.yaml
2023-10-08 07:13:37,557 - fewshot_scanobjectnn_non_linear_classification - INFO - args.config : cfgs/fewshot_scanobjectnn_non_linear_classification.yaml
2023-10-08 07:13:37,557 - fewshot_scanobjectnn_non_linear_classification - INFO - args.launcher : none
2023-10-08 07:13:37,557 - fewshot_scanobjectnn_non_linear_classification - INFO - args.local_rank : 0
2023-10-08 07:13:37,557 - fewshot_scanobjectnn_non_linear_classification - INFO - args.num_workers : 8
2023-10-08 07:13:37,557 - fewshot_scanobjectnn_non_linear_classification - INFO - args.seed : 0
2023-10-08 07:13:37,557 - fewshot_scanobjectnn_non_linear_classification - INFO - args.deterministic : False
2023-10-08 07:13:37,558 - fewshot_scanobjectnn_non_linear_classification - INFO - args.sync_bn : True
2023-10-08 07:13:37,558 - fewshot_scanobjectnn_non_linear_classification - INFO - args.update_weights_every : 1
2023-10-08 07:13:37,558 - fewshot_scanobjectnn_non_linear_classification - INFO - args.main_task : 0
2023-10-08 07:13:37,558 - fewshot_scanobjectnn_non_linear_classification - INFO - args.nashmtl_optim_niter : 20
2023-10-08 07:13:37,558 - fewshot_scanobjectnn_non_linear_classification - INFO - args.c : 0.4
2023-10-08 07:13:37,558 - fewshot_scanobjectnn_non_linear_classification - INFO - args.dwa_temp : 2.0
2023-10-08 07:13:37,558 - fewshot_scanobjectnn_non_linear_classification - INFO - args.method_params_lr : 0.025
2023-10-08 07:13:37,558 - fewshot_scanobjectnn_non_linear_classification - INFO - args.method : nashmtl
2023-10-08 07:13:37,558 - fewshot_scanobjectnn_non_linear_classification - INFO - args.gpu : 5
2023-10-08 07:13:37,558 - fewshot_scanobjectnn_non_linear_classification - INFO - args.large_group : 5
2023-10-08 07:13:37,558 - fewshot_scanobjectnn_non_linear_classification - INFO - args.small_group : 10
2023-10-08 07:13:37,558 - fewshot_scanobjectnn_non_linear_classification - INFO - args.large_patch : 6
2023-10-08 07:13:37,558 - fewshot_scanobjectnn_non_linear_classification - INFO - args.small_patch : 3
2023-10-08 07:13:37,558 - fewshot_scanobjectnn_non_linear_classification - INFO - args.queue_length : 8192
2023-10-08 07:13:37,558 - fewshot_scanobjectnn_non_linear_classification - INFO - args.epoch_queue_starts : 10
2023-10-08 07:13:37,558 - fewshot_scanobjectnn_non_linear_classification - INFO - args.nmb_crops : [26]
2023-10-08 07:13:37,558 - fewshot_scanobjectnn_non_linear_classification - INFO - args.fea_dim : 384
2023-10-08 07:13:37,558 - fewshot_scanobjectnn_non_linear_classification - INFO - args.hidden_mlp : 256
2023-10-08 07:13:37,558 - fewshot_scanobjectnn_non_linear_classification - INFO - args.output_dim : 128
2023-10-08 07:13:37,558 - fewshot_scanobjectnn_non_linear_classification - INFO - args.nmb_prototypes : 200
2023-10-08 07:13:37,559 - fewshot_scanobjectnn_non_linear_classification - INFO - args.temperature : 0.1
2023-10-08 07:13:37,559 - fewshot_scanobjectnn_non_linear_classification - INFO - args.epsilon : 0.05
2023-10-08 07:13:37,559 - fewshot_scanobjectnn_non_linear_classification - INFO - args.sinkhorn_iterations : 3
2023-10-08 07:13:37,559 - fewshot_scanobjectnn_non_linear_classification - INFO - args.world_size : 1
2023-10-08 07:13:37,559 - fewshot_scanobjectnn_non_linear_classification - INFO - args.exp_name : LR_0.0006
2023-10-08 07:13:37,559 - fewshot_scanobjectnn_non_linear_classification - INFO - args.loss : cd1
2023-10-08 07:13:37,559 - fewshot_scanobjectnn_non_linear_classification - INFO - args.start_ckpts : None
2023-10-08 07:13:37,559 - fewshot_scanobjectnn_non_linear_classification - INFO - args.ckpts : ./experiments/pretrain_MaskSurf/cfgs/add_as_normal/ckpt-last.pth
2023-10-08 07:13:37,559 - fewshot_scanobjectnn_non_linear_classification - INFO - args.val_freq : 1
2023-10-08 07:13:37,559 - fewshot_scanobjectnn_non_linear_classification - INFO - args.vote : False
2023-10-08 07:13:37,559 - fewshot_scanobjectnn_non_linear_classification - INFO - args.resume : False
2023-10-08 07:13:37,559 - fewshot_scanobjectnn_non_linear_classification - INFO - args.test : False
2023-10-08 07:13:37,559 - fewshot_scanobjectnn_non_linear_classification - INFO - args.finetune_model : True
2023-10-08 07:13:37,559 - fewshot_scanobjectnn_non_linear_classification - INFO - args.scratch_model : False
2023-10-08 07:13:37,559 - fewshot_scanobjectnn_non_linear_classification - INFO - args.mode : None
2023-10-08 07:13:37,559 - fewshot_scanobjectnn_non_linear_classification - INFO - args.way : 10
2023-10-08 07:13:37,559 - fewshot_scanobjectnn_non_linear_classification - INFO - args.shot : 20
2023-10-08 07:13:37,559 - fewshot_scanobjectnn_non_linear_classification - INFO - args.fold : 2
2023-10-08 07:13:37,559 - fewshot_scanobjectnn_non_linear_classification - INFO - args.experiment_path : ./experiments/fewshot_scanobjectnn_non_linear_classification/cfgs/LR_0.0006
2023-10-08 07:13:37,559 - fewshot_scanobjectnn_non_linear_classification - INFO - args.tfboard_path : ./experiments/fewshot_scanobjectnn_non_linear_classification/cfgs/TFBoard/LR_0.0006
2023-10-08 07:13:37,559 - fewshot_scanobjectnn_non_linear_classification - INFO - args.log_name : fewshot_scanobjectnn_non_linear_classification
2023-10-08 07:13:37,560 - fewshot_scanobjectnn_non_linear_classification - INFO - args.use_gpu : True
2023-10-08 07:13:37,560 - fewshot_scanobjectnn_non_linear_classification - INFO - args.distributed : False
2023-10-08 07:13:37,560 - fewshot_scanobjectnn_non_linear_classification - INFO - config.optimizer = edict()
2023-10-08 07:13:37,560 - fewshot_scanobjectnn_non_linear_classification - INFO - config.optimizer.type : AdamW
2023-10-08 07:13:37,560 - fewshot_scanobjectnn_non_linear_classification - INFO - config.optimizer.part : only_new
2023-10-08 07:13:37,560 - fewshot_scanobjectnn_non_linear_classification - INFO - config.optimizer.kwargs = edict()
2023-10-08 07:13:37,560 - fewshot_scanobjectnn_non_linear_classification - INFO - config.optimizer.kwargs.lr : 0.0006
2023-10-08 07:13:37,560 - fewshot_scanobjectnn_non_linear_classification - INFO - config.optimizer.kwargs.weight_decay : 0.05
2023-10-08 07:13:37,560 - fewshot_scanobjectnn_non_linear_classification - INFO - config.scheduler = edict()
2023-10-08 07:13:37,560 - fewshot_scanobjectnn_non_linear_classification - INFO - config.scheduler.type : CosLR
2023-10-08 07:13:37,560 - fewshot_scanobjectnn_non_linear_classification - INFO - config.scheduler.kwargs = edict()
2023-10-08 07:13:37,560 - fewshot_scanobjectnn_non_linear_classification - INFO - config.scheduler.kwargs.epochs : 150
2023-10-08 07:13:37,560 - fewshot_scanobjectnn_non_linear_classification - INFO - config.scheduler.kwargs.initial_epochs : 10
2023-10-08 07:13:37,560 - fewshot_scanobjectnn_non_linear_classification - INFO - config.dataset = edict()
2023-10-08 07:13:37,560 - fewshot_scanobjectnn_non_linear_classification - INFO - config.dataset.train = edict()
2023-10-08 07:13:37,560 - fewshot_scanobjectnn_non_linear_classification - INFO - config.dataset.train._base_ = edict()
2023-10-08 07:13:37,560 - fewshot_scanobjectnn_non_linear_classification - INFO - config.dataset.train._base_.NAME : ModelNetFewShot
2023-10-08 07:13:37,560 - fewshot_scanobjectnn_non_linear_classification - INFO - config.dataset.train._base_.DATA_PATH : data/ScanObjectNN_hardest_fewshot
2023-10-08 07:13:37,560 - fewshot_scanobjectnn_non_linear_classification - INFO - config.dataset.train._base_.N_POINTS : 2048
2023-10-08 07:13:37,560 - fewshot_scanobjectnn_non_linear_classification - INFO - config.dataset.train._base_.NUM_CATEGORY : 15
2023-10-08 07:13:37,561 - fewshot_scanobjectnn_non_linear_classification - INFO - config.dataset.train._base_.USE_NORMALS : False
2023-10-08 07:13:37,561 - fewshot_scanobjectnn_non_linear_classification - INFO - config.dataset.train.others = edict()
2023-10-08 07:13:37,561 - fewshot_scanobjectnn_non_linear_classification - INFO - config.dataset.train.others.subset : train
2023-10-08 07:13:37,561 - fewshot_scanobjectnn_non_linear_classification - INFO - config.dataset.train.others.bs : 32
2023-10-08 07:13:37,561 - fewshot_scanobjectnn_non_linear_classification - INFO - config.dataset.val = edict()
2023-10-08 07:13:37,561 - fewshot_scanobjectnn_non_linear_classification - INFO - config.dataset.val._base_ = edict()
2023-10-08 07:13:37,561 - fewshot_scanobjectnn_non_linear_classification - INFO - config.dataset.val._base_.NAME : ModelNetFewShot
2023-10-08 07:13:37,561 - fewshot_scanobjectnn_non_linear_classification - INFO - config.dataset.val._base_.DATA_PATH : data/ScanObjectNN_hardest_fewshot
2023-10-08 07:13:37,561 - fewshot_scanobjectnn_non_linear_classification - INFO - config.dataset.val._base_.N_POINTS : 2048
2023-10-08 07:13:37,561 - fewshot_scanobjectnn_non_linear_classification - INFO - config.dataset.val._base_.NUM_CATEGORY : 15
2023-10-08 07:13:37,561 - fewshot_scanobjectnn_non_linear_classification - INFO - config.dataset.val._base_.USE_NORMALS : False
2023-10-08 07:13:37,561 - fewshot_scanobjectnn_non_linear_classification - INFO - config.dataset.val.others = edict()
2023-10-08 07:13:37,561 - fewshot_scanobjectnn_non_linear_classification - INFO - config.dataset.val.others.subset : test
2023-10-08 07:13:37,561 - fewshot_scanobjectnn_non_linear_classification - INFO - config.dataset.val.others.bs : 64
2023-10-08 07:13:37,561 - fewshot_scanobjectnn_non_linear_classification - INFO - config.dataset.test = edict()
2023-10-08 07:13:37,561 - fewshot_scanobjectnn_non_linear_classification - INFO - config.dataset.test._base_ = edict()
2023-10-08 07:13:37,561 - fewshot_scanobjectnn_non_linear_classification - INFO - config.dataset.test._base_.NAME : ScanObjectNN_hardest
2023-10-08 07:13:37,562 - fewshot_scanobjectnn_non_linear_classification - INFO - config.dataset.test._base_.ROOT : data/ScanObjectNN/main_split
2023-10-08 07:13:37,562 - fewshot_scanobjectnn_non_linear_classification - INFO - config.dataset.test.others = edict()
2023-10-08 07:13:37,562 - fewshot_scanobjectnn_non_linear_classification - INFO - config.dataset.test.others.subset : test
2023-10-08 07:13:37,562 - fewshot_scanobjectnn_non_linear_classification - INFO - config.dataset.test.others.bs : 32
2023-10-08 07:13:37,562 - fewshot_scanobjectnn_non_linear_classification - INFO - config.model = edict()
2023-10-08 07:13:37,562 - fewshot_scanobjectnn_non_linear_classification - INFO - config.model.NAME : PointTransformer
2023-10-08 07:13:37,562 - fewshot_scanobjectnn_non_linear_classification - INFO - config.model.trans_dim : 384
2023-10-08 07:13:37,562 - fewshot_scanobjectnn_non_linear_classification - INFO - config.model.depth : 12
2023-10-08 07:13:37,562 - fewshot_scanobjectnn_non_linear_classification - INFO - config.model.drop_path_rate : 0.1
2023-10-08 07:13:37,562 - fewshot_scanobjectnn_non_linear_classification - INFO - config.model.cls_dim : 15
2023-10-08 07:13:37,562 - fewshot_scanobjectnn_non_linear_classification - INFO - config.model.num_heads : 6
2023-10-08 07:13:37,562 - fewshot_scanobjectnn_non_linear_classification - INFO - config.model.group_size : 32
2023-10-08 07:13:37,562 - fewshot_scanobjectnn_non_linear_classification - INFO - config.model.num_group : 64
2023-10-08 07:13:37,562 - fewshot_scanobjectnn_non_linear_classification - INFO - config.model.encoder_dims : 384
2023-10-08 07:13:37,562 - fewshot_scanobjectnn_non_linear_classification - INFO - config.npoints : 1024
2023-10-08 07:13:37,563 - fewshot_scanobjectnn_non_linear_classification - INFO - config.total_bs : 32
2023-10-08 07:13:37,563 - fewshot_scanobjectnn_non_linear_classification - INFO - config.step_per_update : 1
2023-10-08 07:13:37,563 - fewshot_scanobjectnn_non_linear_classification - INFO - config.max_epoch : 150
2023-10-08 07:13:37,563 - fewshot_scanobjectnn_non_linear_classification - INFO - config.grad_norm_clip : 10
2023-10-08 07:13:37,563 - fewshot_scanobjectnn_non_linear_classification - INFO - Distributed training: False
2023-10-08 07:13:37,563 - fewshot_scanobjectnn_non_linear_classification - INFO - Set random seed to 0, deterministic: False
2023-10-08 07:13:39,578 - fewshot_scanobjectnn_non_linear_classification - INFO - Using Data parallel ...
2023-10-08 07:13:45,147 - fewshot_scanobjectnn_non_linear_classification - INFO - [Training] EPOCH: 0 EpochTime = 5.564 (s) Losses = ['2.7691', '9.3750'] lr = 0.000001
2023-10-08 07:13:45,631 - fewshot_scanobjectnn_non_linear_classification - INFO - Save checkpoint at ./experiments/fewshot_scanobjectnn_non_linear_classification/cfgs/LR_0.0006/ckpt-last.pth
2023-10-08 07:13:47,302 - fewshot_scanobjectnn_non_linear_classification - INFO - [Training] EPOCH: 1 EpochTime = 1.670 (s) Losses = ['2.8491', '7.8125'] lr = 0.000061
2023-10-08 07:13:49,151 - fewshot_scanobjectnn_non_linear_classification - INFO - [Validation] EPOCH: 1  acc = 12.0000
2023-10-08 07:13:49,680 - fewshot_scanobjectnn_non_linear_classification - INFO - Save checkpoint at ./experiments/fewshot_scanobjectnn_non_linear_classification/cfgs/LR_0.0006/ckpt-best.pth
2023-10-08 07:13:49,681 - fewshot_scanobjectnn_non_linear_classification - INFO - --------------------------------------------------------------------------------------------
2023-10-08 07:13:50,155 - fewshot_scanobjectnn_non_linear_classification - INFO - Save checkpoint at ./experiments/fewshot_scanobjectnn_non_linear_classification/cfgs/LR_0.0006/ckpt-last.pth
2023-10-08 07:13:51,871 - fewshot_scanobjectnn_non_linear_classification - INFO - [Training] EPOCH: 2 EpochTime = 1.714 (s) Losses = ['2.7334', '8.8542'] lr = 0.000121
2023-10-08 07:13:53,119 - fewshot_scanobjectnn_non_linear_classification - INFO - [Validation] EPOCH: 2  acc = 13.0000
2023-10-08 07:13:53,550 - fewshot_scanobjectnn_non_linear_classification - INFO - Save checkpoint at ./experiments/fewshot_scanobjectnn_non_linear_classification/cfgs/LR_0.0006/ckpt-best.pth
2023-10-08 07:13:53,551 - fewshot_scanobjectnn_non_linear_classification - INFO - --------------------------------------------------------------------------------------------
2023-10-08 07:13:54,128 - fewshot_scanobjectnn_non_linear_classification - INFO - Save checkpoint at ./experiments/fewshot_scanobjectnn_non_linear_classification/cfgs/LR_0.0006/ckpt-last.pth
2023-10-08 07:13:55,828 - fewshot_scanobjectnn_non_linear_classification - INFO - [Training] EPOCH: 3 EpochTime = 1.699 (s) Losses = ['2.7790', '6.7708'] lr = 0.000181
2023-10-08 07:13:57,062 - fewshot_scanobjectnn_non_linear_classification - INFO - [Validation] EPOCH: 3  acc = 14.0000
2023-10-08 07:13:57,589 - fewshot_scanobjectnn_non_linear_classification - INFO - Save checkpoint at ./experiments/fewshot_scanobjectnn_non_linear_classification/cfgs/LR_0.0006/ckpt-best.pth
2023-10-08 07:13:57,589 - fewshot_scanobjectnn_non_linear_classification - INFO - --------------------------------------------------------------------------------------------
2023-10-08 07:13:58,068 - fewshot_scanobjectnn_non_linear_classification - INFO - Save checkpoint at ./experiments/fewshot_scanobjectnn_non_linear_classification/cfgs/LR_0.0006/ckpt-last.pth
2023-10-08 07:13:59,770 - fewshot_scanobjectnn_non_linear_classification - INFO - [Training] EPOCH: 4 EpochTime = 1.700 (s) Losses = ['2.6481', '11.9792'] lr = 0.000241
2023-10-08 07:14:01,020 - fewshot_scanobjectnn_non_linear_classification - INFO - [Validation] EPOCH: 4  acc = 19.0000
2023-10-08 07:14:01,534 - fewshot_scanobjectnn_non_linear_classification - INFO - Save checkpoint at ./experiments/fewshot_scanobjectnn_non_linear_classification/cfgs/LR_0.0006/ckpt-best.pth
2023-10-08 07:14:01,534 - fewshot_scanobjectnn_non_linear_classification - INFO - --------------------------------------------------------------------------------------------
2023-10-08 07:14:02,053 - fewshot_scanobjectnn_non_linear_classification - INFO - Save checkpoint at ./experiments/fewshot_scanobjectnn_non_linear_classification/cfgs/LR_0.0006/ckpt-last.pth
2023-10-08 07:14:03,762 - fewshot_scanobjectnn_non_linear_classification - INFO - [Training] EPOCH: 5 EpochTime = 1.707 (s) Losses = ['2.5211', '16.6667'] lr = 0.000300
2023-10-08 07:14:05,000 - fewshot_scanobjectnn_non_linear_classification - INFO - [Validation] EPOCH: 5  acc = 28.5000
2023-10-08 07:14:05,509 - fewshot_scanobjectnn_non_linear_classification - INFO - Save checkpoint at ./experiments/fewshot_scanobjectnn_non_linear_classification/cfgs/LR_0.0006/ckpt-best.pth
2023-10-08 07:14:05,509 - fewshot_scanobjectnn_non_linear_classification - INFO - --------------------------------------------------------------------------------------------
2023-10-08 07:14:05,960 - fewshot_scanobjectnn_non_linear_classification - INFO - Save checkpoint at ./experiments/fewshot_scanobjectnn_non_linear_classification/cfgs/LR_0.0006/ckpt-last.pth
2023-10-08 07:14:07,632 - fewshot_scanobjectnn_non_linear_classification - INFO - [Training] EPOCH: 6 EpochTime = 1.670 (s) Losses = ['2.3992', '18.7500'] lr = 0.000360
2023-10-08 07:14:08,864 - fewshot_scanobjectnn_non_linear_classification - INFO - [Validation] EPOCH: 6  acc = 36.5000
2023-10-08 07:14:09,352 - fewshot_scanobjectnn_non_linear_classification - INFO - Save checkpoint at ./experiments/fewshot_scanobjectnn_non_linear_classification/cfgs/LR_0.0006/ckpt-best.pth
2023-10-08 07:14:09,352 - fewshot_scanobjectnn_non_linear_classification - INFO - --------------------------------------------------------------------------------------------
2023-10-08 07:14:09,778 - fewshot_scanobjectnn_non_linear_classification - INFO - Save checkpoint at ./experiments/fewshot_scanobjectnn_non_linear_classification/cfgs/LR_0.0006/ckpt-last.pth
2023-10-08 07:14:11,467 - fewshot_scanobjectnn_non_linear_classification - INFO - [Training] EPOCH: 7 EpochTime = 1.687 (s) Losses = ['2.2563', '23.9583'] lr = 0.000420
2023-10-08 07:14:12,709 - fewshot_scanobjectnn_non_linear_classification - INFO - [Validation] EPOCH: 7  acc = 38.0000
2023-10-08 07:14:13,217 - fewshot_scanobjectnn_non_linear_classification - INFO - Save checkpoint at ./experiments/fewshot_scanobjectnn_non_linear_classification/cfgs/LR_0.0006/ckpt-best.pth
2023-10-08 07:14:13,217 - fewshot_scanobjectnn_non_linear_classification - INFO - --------------------------------------------------------------------------------------------
2023-10-08 07:14:13,633 - fewshot_scanobjectnn_non_linear_classification - INFO - Save checkpoint at ./experiments/fewshot_scanobjectnn_non_linear_classification/cfgs/LR_0.0006/ckpt-last.pth
2023-10-08 07:14:15,294 - fewshot_scanobjectnn_non_linear_classification - INFO - [Training] EPOCH: 8 EpochTime = 1.659 (s) Losses = ['2.1717', '24.4792'] lr = 0.000480
2023-10-08 07:14:16,510 - fewshot_scanobjectnn_non_linear_classification - INFO - [Validation] EPOCH: 8  acc = 34.0000
2023-10-08 07:14:17,014 - fewshot_scanobjectnn_non_linear_classification - INFO - Save checkpoint at ./experiments/fewshot_scanobjectnn_non_linear_classification/cfgs/LR_0.0006/ckpt-last.pth
2023-10-08 07:14:18,720 - fewshot_scanobjectnn_non_linear_classification - INFO - [Training] EPOCH: 9 EpochTime = 1.703 (s) Losses = ['2.1025', '29.1667'] lr = 0.000540
2023-10-08 07:14:19,940 - fewshot_scanobjectnn_non_linear_classification - INFO - [Validation] EPOCH: 9  acc = 42.5000
2023-10-08 07:14:20,434 - fewshot_scanobjectnn_non_linear_classification - INFO - Save checkpoint at ./experiments/fewshot_scanobjectnn_non_linear_classification/cfgs/LR_0.0006/ckpt-best.pth
2023-10-08 07:14:20,434 - fewshot_scanobjectnn_non_linear_classification - INFO - --------------------------------------------------------------------------------------------
2023-10-08 07:14:20,905 - fewshot_scanobjectnn_non_linear_classification - INFO - Save checkpoint at ./experiments/fewshot_scanobjectnn_non_linear_classification/cfgs/LR_0.0006/ckpt-last.pth
2023-10-08 07:14:22,654 - fewshot_scanobjectnn_non_linear_classification - INFO - [Training] EPOCH: 10 EpochTime = 1.748 (s) Losses = ['1.9646', '33.8542'] lr = 0.000593
2023-10-08 07:14:23,895 - fewshot_scanobjectnn_non_linear_classification - INFO - [Validation] EPOCH: 10  acc = 42.0000
2023-10-08 07:14:24,318 - fewshot_scanobjectnn_non_linear_classification - INFO - Save checkpoint at ./experiments/fewshot_scanobjectnn_non_linear_classification/cfgs/LR_0.0006/ckpt-last.pth
2023-10-08 07:14:26,029 - fewshot_scanobjectnn_non_linear_classification - INFO - [Training] EPOCH: 11 EpochTime = 1.709 (s) Losses = ['1.8680', '39.0625'] lr = 0.000592
2023-10-08 07:14:27,262 - fewshot_scanobjectnn_non_linear_classification - INFO - [Validation] EPOCH: 11  acc = 40.5000
2023-10-08 07:14:27,808 - fewshot_scanobjectnn_non_linear_classification - INFO - Save checkpoint at ./experiments/fewshot_scanobjectnn_non_linear_classification/cfgs/LR_0.0006/ckpt-last.pth
2023-10-08 07:14:29,526 - fewshot_scanobjectnn_non_linear_classification - INFO - [Training] EPOCH: 12 EpochTime = 1.717 (s) Losses = ['1.8203', '41.1458'] lr = 0.000591
2023-10-08 07:14:30,768 - fewshot_scanobjectnn_non_linear_classification - INFO - [Validation] EPOCH: 12  acc = 43.0000
2023-10-08 07:14:31,292 - fewshot_scanobjectnn_non_linear_classification - INFO - Save checkpoint at ./experiments/fewshot_scanobjectnn_non_linear_classification/cfgs/LR_0.0006/ckpt-best.pth
2023-10-08 07:14:31,292 - fewshot_scanobjectnn_non_linear_classification - INFO - --------------------------------------------------------------------------------------------
2023-10-08 07:14:31,761 - fewshot_scanobjectnn_non_linear_classification - INFO - Save checkpoint at ./experiments/fewshot_scanobjectnn_non_linear_classification/cfgs/LR_0.0006/ckpt-last.pth
2023-10-08 07:14:33,443 - fewshot_scanobjectnn_non_linear_classification - INFO - [Training] EPOCH: 13 EpochTime = 1.680 (s) Losses = ['1.7937', '40.6250'] lr = 0.000589
2023-10-08 07:14:34,679 - fewshot_scanobjectnn_non_linear_classification - INFO - [Validation] EPOCH: 13  acc = 45.5000
2023-10-08 07:14:35,130 - fewshot_scanobjectnn_non_linear_classification - INFO - Save checkpoint at ./experiments/fewshot_scanobjectnn_non_linear_classification/cfgs/LR_0.0006/ckpt-best.pth
2023-10-08 07:14:35,130 - fewshot_scanobjectnn_non_linear_classification - INFO - --------------------------------------------------------------------------------------------
2023-10-08 07:14:35,639 - fewshot_scanobjectnn_non_linear_classification - INFO - Save checkpoint at ./experiments/fewshot_scanobjectnn_non_linear_classification/cfgs/LR_0.0006/ckpt-last.pth
2023-10-08 07:14:37,315 - fewshot_scanobjectnn_non_linear_classification - INFO - [Training] EPOCH: 14 EpochTime = 1.675 (s) Losses = ['1.7235', '43.2292'] lr = 0.000587
2023-10-08 07:14:38,527 - fewshot_scanobjectnn_non_linear_classification - INFO - [Validation] EPOCH: 14  acc = 40.0000
2023-10-08 07:14:39,066 - fewshot_scanobjectnn_non_linear_classification - INFO - Save checkpoint at ./experiments/fewshot_scanobjectnn_non_linear_classification/cfgs/LR_0.0006/ckpt-last.pth
2023-10-08 07:14:40,800 - fewshot_scanobjectnn_non_linear_classification - INFO - [Training] EPOCH: 15 EpochTime = 1.733 (s) Losses = ['1.6692', '45.3125'] lr = 0.000585
2023-10-08 07:14:42,095 - fewshot_scanobjectnn_non_linear_classification - INFO - [Validation] EPOCH: 15  acc = 32.5000
2023-10-08 07:14:42,650 - fewshot_scanobjectnn_non_linear_classification - INFO - Save checkpoint at ./experiments/fewshot_scanobjectnn_non_linear_classification/cfgs/LR_0.0006/ckpt-last.pth
2023-10-08 07:14:44,362 - fewshot_scanobjectnn_non_linear_classification - INFO - [Training] EPOCH: 16 EpochTime = 1.711 (s) Losses = ['1.5568', '52.0833'] lr = 0.000583
2023-10-08 07:14:45,605 - fewshot_scanobjectnn_non_linear_classification - INFO - [Validation] EPOCH: 16  acc = 45.0000
2023-10-08 07:14:46,157 - fewshot_scanobjectnn_non_linear_classification - INFO - Save checkpoint at ./experiments/fewshot_scanobjectnn_non_linear_classification/cfgs/LR_0.0006/ckpt-last.pth
2023-10-08 07:14:47,942 - fewshot_scanobjectnn_non_linear_classification - INFO - [Training] EPOCH: 17 EpochTime = 1.784 (s) Losses = ['1.4992', '52.6042'] lr = 0.000581
2023-10-08 07:14:49,176 - fewshot_scanobjectnn_non_linear_classification - INFO - [Validation] EPOCH: 17  acc = 43.5000
2023-10-08 07:14:49,668 - fewshot_scanobjectnn_non_linear_classification - INFO - Save checkpoint at ./experiments/fewshot_scanobjectnn_non_linear_classification/cfgs/LR_0.0006/ckpt-last.pth
2023-10-08 07:14:51,395 - fewshot_scanobjectnn_non_linear_classification - INFO - [Training] EPOCH: 18 EpochTime = 1.726 (s) Losses = ['1.4450', '50.5208'] lr = 0.000579
2023-10-08 07:14:52,641 - fewshot_scanobjectnn_non_linear_classification - INFO - [Validation] EPOCH: 18  acc = 45.5000
2023-10-08 07:14:53,111 - fewshot_scanobjectnn_non_linear_classification - INFO - Save checkpoint at ./experiments/fewshot_scanobjectnn_non_linear_classification/cfgs/LR_0.0006/ckpt-last.pth
2023-10-08 07:14:54,860 - fewshot_scanobjectnn_non_linear_classification - INFO - [Training] EPOCH: 19 EpochTime = 1.747 (s) Losses = ['1.3861', '55.2083'] lr = 0.000577
2023-10-08 07:14:56,095 - fewshot_scanobjectnn_non_linear_classification - INFO - [Validation] EPOCH: 19  acc = 45.5000
2023-10-08 07:14:56,682 - fewshot_scanobjectnn_non_linear_classification - INFO - Save checkpoint at ./experiments/fewshot_scanobjectnn_non_linear_classification/cfgs/LR_0.0006/ckpt-last.pth
2023-10-08 07:14:58,384 - fewshot_scanobjectnn_non_linear_classification - INFO - [Training] EPOCH: 20 EpochTime = 1.700 (s) Losses = ['1.2862', '64.0625'] lr = 0.000574
2023-10-08 07:14:59,733 - fewshot_scanobjectnn_non_linear_classification - INFO - [Validation] EPOCH: 20  acc = 48.0000
2023-10-08 07:15:00,298 - fewshot_scanobjectnn_non_linear_classification - INFO - Save checkpoint at ./experiments/fewshot_scanobjectnn_non_linear_classification/cfgs/LR_0.0006/ckpt-best.pth
2023-10-08 07:15:00,298 - fewshot_scanobjectnn_non_linear_classification - INFO - --------------------------------------------------------------------------------------------
2023-10-08 07:15:00,797 - fewshot_scanobjectnn_non_linear_classification - INFO - Save checkpoint at ./experiments/fewshot_scanobjectnn_non_linear_classification/cfgs/LR_0.0006/ckpt-last.pth
2023-10-08 07:15:02,517 - fewshot_scanobjectnn_non_linear_classification - INFO - [Training] EPOCH: 21 EpochTime = 1.719 (s) Losses = ['1.2871', '64.5833'] lr = 0.000571
2023-10-08 07:15:03,795 - fewshot_scanobjectnn_non_linear_classification - INFO - [Validation] EPOCH: 21  acc = 49.0000
2023-10-08 07:15:04,293 - fewshot_scanobjectnn_non_linear_classification - INFO - Save checkpoint at ./experiments/fewshot_scanobjectnn_non_linear_classification/cfgs/LR_0.0006/ckpt-best.pth
2023-10-08 07:15:04,293 - fewshot_scanobjectnn_non_linear_classification - INFO - --------------------------------------------------------------------------------------------
2023-10-08 07:15:04,750 - fewshot_scanobjectnn_non_linear_classification - INFO - Save checkpoint at ./experiments/fewshot_scanobjectnn_non_linear_classification/cfgs/LR_0.0006/ckpt-last.pth
2023-10-08 07:15:06,474 - fewshot_scanobjectnn_non_linear_classification - INFO - [Training] EPOCH: 22 EpochTime = 1.723 (s) Losses = ['1.1334', '67.7083'] lr = 0.000569
2023-10-08 07:15:07,721 - fewshot_scanobjectnn_non_linear_classification - INFO - [Validation] EPOCH: 22  acc = 45.0000
2023-10-08 07:15:08,276 - fewshot_scanobjectnn_non_linear_classification - INFO - Save checkpoint at ./experiments/fewshot_scanobjectnn_non_linear_classification/cfgs/LR_0.0006/ckpt-last.pth
2023-10-08 07:15:09,998 - fewshot_scanobjectnn_non_linear_classification - INFO - [Training] EPOCH: 23 EpochTime = 1.721 (s) Losses = ['1.1678', '69.2708'] lr = 0.000566
2023-10-08 07:15:11,246 - fewshot_scanobjectnn_non_linear_classification - INFO - [Validation] EPOCH: 23  acc = 47.5000
2023-10-08 07:15:11,796 - fewshot_scanobjectnn_non_linear_classification - INFO - Save checkpoint at ./experiments/fewshot_scanobjectnn_non_linear_classification/cfgs/LR_0.0006/ckpt-last.pth
2023-10-08 07:15:13,490 - fewshot_scanobjectnn_non_linear_classification - INFO - [Training] EPOCH: 24 EpochTime = 1.692 (s) Losses = ['1.0798', '69.7917'] lr = 0.000563
2023-10-08 07:15:14,734 - fewshot_scanobjectnn_non_linear_classification - INFO - [Validation] EPOCH: 24  acc = 50.5000
2023-10-08 07:15:15,314 - fewshot_scanobjectnn_non_linear_classification - INFO - Save checkpoint at ./experiments/fewshot_scanobjectnn_non_linear_classification/cfgs/LR_0.0006/ckpt-best.pth
2023-10-08 07:15:15,314 - fewshot_scanobjectnn_non_linear_classification - INFO - --------------------------------------------------------------------------------------------
2023-10-08 07:15:15,822 - fewshot_scanobjectnn_non_linear_classification - INFO - Save checkpoint at ./experiments/fewshot_scanobjectnn_non_linear_classification/cfgs/LR_0.0006/ckpt-last.pth
2023-10-08 07:15:17,514 - fewshot_scanobjectnn_non_linear_classification - INFO - [Training] EPOCH: 25 EpochTime = 1.691 (s) Losses = ['1.0648', '75.0000'] lr = 0.000560
2023-10-08 07:15:18,740 - fewshot_scanobjectnn_non_linear_classification - INFO - [Validation] EPOCH: 25  acc = 52.0000
2023-10-08 07:15:19,224 - fewshot_scanobjectnn_non_linear_classification - INFO - Save checkpoint at ./experiments/fewshot_scanobjectnn_non_linear_classification/cfgs/LR_0.0006/ckpt-best.pth
2023-10-08 07:15:19,224 - fewshot_scanobjectnn_non_linear_classification - INFO - --------------------------------------------------------------------------------------------
2023-10-08 07:15:19,686 - fewshot_scanobjectnn_non_linear_classification - INFO - Save checkpoint at ./experiments/fewshot_scanobjectnn_non_linear_classification/cfgs/LR_0.0006/ckpt-last.pth
2023-10-08 07:15:21,401 - fewshot_scanobjectnn_non_linear_classification - INFO - [Training] EPOCH: 26 EpochTime = 1.713 (s) Losses = ['1.0167', '71.3542'] lr = 0.000557
2023-10-08 07:15:22,628 - fewshot_scanobjectnn_non_linear_classification - INFO - [Validation] EPOCH: 26  acc = 49.0000
2023-10-08 07:15:23,141 - fewshot_scanobjectnn_non_linear_classification - INFO - Save checkpoint at ./experiments/fewshot_scanobjectnn_non_linear_classification/cfgs/LR_0.0006/ckpt-last.pth
2023-10-08 07:15:24,865 - fewshot_scanobjectnn_non_linear_classification - INFO - [Training] EPOCH: 27 EpochTime = 1.723 (s) Losses = ['0.9823', '74.4792'] lr = 0.000553
2023-10-08 07:15:26,179 - fewshot_scanobjectnn_non_linear_classification - INFO - [Validation] EPOCH: 27  acc = 48.5000
2023-10-08 07:15:26,638 - fewshot_scanobjectnn_non_linear_classification - INFO - Save checkpoint at ./experiments/fewshot_scanobjectnn_non_linear_classification/cfgs/LR_0.0006/ckpt-last.pth
2023-10-08 07:15:28,368 - fewshot_scanobjectnn_non_linear_classification - INFO - [Training] EPOCH: 28 EpochTime = 1.728 (s) Losses = ['0.9227', '75.5208'] lr = 0.000550
2023-10-08 07:15:29,620 - fewshot_scanobjectnn_non_linear_classification - INFO - [Validation] EPOCH: 28  acc = 45.0000
2023-10-08 07:15:30,090 - fewshot_scanobjectnn_non_linear_classification - INFO - Save checkpoint at ./experiments/fewshot_scanobjectnn_non_linear_classification/cfgs/LR_0.0006/ckpt-last.pth
2023-10-08 07:15:31,854 - fewshot_scanobjectnn_non_linear_classification - INFO - [Training] EPOCH: 29 EpochTime = 1.762 (s) Losses = ['0.9150', '75.5208'] lr = 0.000546
2023-10-08 07:15:33,083 - fewshot_scanobjectnn_non_linear_classification - INFO - [Validation] EPOCH: 29  acc = 46.5000
2023-10-08 07:15:33,550 - fewshot_scanobjectnn_non_linear_classification - INFO - Save checkpoint at ./experiments/fewshot_scanobjectnn_non_linear_classification/cfgs/LR_0.0006/ckpt-last.pth
2023-10-08 07:15:35,283 - fewshot_scanobjectnn_non_linear_classification - INFO - [Training] EPOCH: 30 EpochTime = 1.732 (s) Losses = ['0.7998', '81.2500'] lr = 0.000543
2023-10-08 07:15:36,560 - fewshot_scanobjectnn_non_linear_classification - INFO - [Validation] EPOCH: 30  acc = 52.0000
2023-10-08 07:15:37,095 - fewshot_scanobjectnn_non_linear_classification - INFO - Save checkpoint at ./experiments/fewshot_scanobjectnn_non_linear_classification/cfgs/LR_0.0006/ckpt-last.pth
2023-10-08 07:15:38,868 - fewshot_scanobjectnn_non_linear_classification - INFO - [Training] EPOCH: 31 EpochTime = 1.772 (s) Losses = ['0.8292', '79.1667'] lr = 0.000539
2023-10-08 07:15:40,113 - fewshot_scanobjectnn_non_linear_classification - INFO - [Validation] EPOCH: 31  acc = 49.5000
2023-10-08 07:15:40,666 - fewshot_scanobjectnn_non_linear_classification - INFO - Save checkpoint at ./experiments/fewshot_scanobjectnn_non_linear_classification/cfgs/LR_0.0006/ckpt-last.pth
2023-10-08 07:15:42,380 - fewshot_scanobjectnn_non_linear_classification - INFO - [Training] EPOCH: 32 EpochTime = 1.713 (s) Losses = ['0.7896', '82.2917'] lr = 0.000535
2023-10-08 07:15:43,607 - fewshot_scanobjectnn_non_linear_classification - INFO - [Validation] EPOCH: 32  acc = 50.0000
2023-10-08 07:15:44,090 - fewshot_scanobjectnn_non_linear_classification - INFO - Save checkpoint at ./experiments/fewshot_scanobjectnn_non_linear_classification/cfgs/LR_0.0006/ckpt-last.pth
2023-10-08 07:15:45,816 - fewshot_scanobjectnn_non_linear_classification - INFO - [Training] EPOCH: 33 EpochTime = 1.724 (s) Losses = ['0.6867', '85.9375'] lr = 0.000531
2023-10-08 07:15:47,040 - fewshot_scanobjectnn_non_linear_classification - INFO - [Validation] EPOCH: 33  acc = 47.0000
2023-10-08 07:15:47,503 - fewshot_scanobjectnn_non_linear_classification - INFO - Save checkpoint at ./experiments/fewshot_scanobjectnn_non_linear_classification/cfgs/LR_0.0006/ckpt-last.pth
2023-10-08 07:15:49,231 - fewshot_scanobjectnn_non_linear_classification - INFO - [Training] EPOCH: 34 EpochTime = 1.727 (s) Losses = ['0.7406', '82.2917'] lr = 0.000527
2023-10-08 07:15:50,485 - fewshot_scanobjectnn_non_linear_classification - INFO - [Validation] EPOCH: 34  acc = 46.5000
2023-10-08 07:15:51,042 - fewshot_scanobjectnn_non_linear_classification - INFO - Save checkpoint at ./experiments/fewshot_scanobjectnn_non_linear_classification/cfgs/LR_0.0006/ckpt-last.pth
2023-10-08 07:15:52,751 - fewshot_scanobjectnn_non_linear_classification - INFO - [Training] EPOCH: 35 EpochTime = 1.707 (s) Losses = ['0.6946', '85.4167'] lr = 0.000523
2023-10-08 07:15:53,987 - fewshot_scanobjectnn_non_linear_classification - INFO - [Validation] EPOCH: 35  acc = 48.5000
2023-10-08 07:15:54,558 - fewshot_scanobjectnn_non_linear_classification - INFO - Save checkpoint at ./experiments/fewshot_scanobjectnn_non_linear_classification/cfgs/LR_0.0006/ckpt-last.pth
2023-10-08 07:15:56,269 - fewshot_scanobjectnn_non_linear_classification - INFO - [Training] EPOCH: 36 EpochTime = 1.709 (s) Losses = ['0.6918', '82.2917'] lr = 0.000519
2023-10-08 07:15:57,568 - fewshot_scanobjectnn_non_linear_classification - INFO - [Validation] EPOCH: 36  acc = 49.5000
2023-10-08 07:15:58,057 - fewshot_scanobjectnn_non_linear_classification - INFO - Save checkpoint at ./experiments/fewshot_scanobjectnn_non_linear_classification/cfgs/LR_0.0006/ckpt-last.pth
2023-10-08 07:15:59,771 - fewshot_scanobjectnn_non_linear_classification - INFO - [Training] EPOCH: 37 EpochTime = 1.711 (s) Losses = ['0.5863', '86.9792'] lr = 0.000514
2023-10-08 07:16:01,003 - fewshot_scanobjectnn_non_linear_classification - INFO - [Validation] EPOCH: 37  acc = 53.0000
2023-10-08 07:16:01,473 - fewshot_scanobjectnn_non_linear_classification - INFO - Save checkpoint at ./experiments/fewshot_scanobjectnn_non_linear_classification/cfgs/LR_0.0006/ckpt-best.pth
2023-10-08 07:16:01,474 - fewshot_scanobjectnn_non_linear_classification - INFO - --------------------------------------------------------------------------------------------
2023-10-08 07:16:01,940 - fewshot_scanobjectnn_non_linear_classification - INFO - Save checkpoint at ./experiments/fewshot_scanobjectnn_non_linear_classification/cfgs/LR_0.0006/ckpt-last.pth
2023-10-08 07:16:03,657 - fewshot_scanobjectnn_non_linear_classification - INFO - [Training] EPOCH: 38 EpochTime = 1.716 (s) Losses = ['0.5586', '89.0625'] lr = 0.000510
2023-10-08 07:16:04,952 - fewshot_scanobjectnn_non_linear_classification - INFO - [Validation] EPOCH: 38  acc = 52.5000
2023-10-08 07:16:05,430 - fewshot_scanobjectnn_non_linear_classification - INFO - Save checkpoint at ./experiments/fewshot_scanobjectnn_non_linear_classification/cfgs/LR_0.0006/ckpt-last.pth
2023-10-08 07:16:07,142 - fewshot_scanobjectnn_non_linear_classification - INFO - [Training] EPOCH: 39 EpochTime = 1.710 (s) Losses = ['0.5504', '86.4583'] lr = 0.000506
2023-10-08 07:16:08,380 - fewshot_scanobjectnn_non_linear_classification - INFO - [Validation] EPOCH: 39  acc = 50.5000
2023-10-08 07:16:08,823 - fewshot_scanobjectnn_non_linear_classification - INFO - Save checkpoint at ./experiments/fewshot_scanobjectnn_non_linear_classification/cfgs/LR_0.0006/ckpt-last.pth
2023-10-08 07:16:10,515 - fewshot_scanobjectnn_non_linear_classification - INFO - [Training] EPOCH: 40 EpochTime = 1.690 (s) Losses = ['0.5475', '86.4583'] lr = 0.000501
2023-10-08 07:16:11,755 - fewshot_scanobjectnn_non_linear_classification - INFO - [Validation] EPOCH: 40  acc = 50.5000
2023-10-08 07:16:12,253 - fewshot_scanobjectnn_non_linear_classification - INFO - Save checkpoint at ./experiments/fewshot_scanobjectnn_non_linear_classification/cfgs/LR_0.0006/ckpt-last.pth
2023-10-08 07:16:13,978 - fewshot_scanobjectnn_non_linear_classification - INFO - [Training] EPOCH: 41 EpochTime = 1.724 (s) Losses = ['0.4952', '90.1042'] lr = 0.000496
2023-10-08 07:16:15,225 - fewshot_scanobjectnn_non_linear_classification - INFO - [Validation] EPOCH: 41  acc = 51.0000
2023-10-08 07:16:15,719 - fewshot_scanobjectnn_non_linear_classification - INFO - Save checkpoint at ./experiments/fewshot_scanobjectnn_non_linear_classification/cfgs/LR_0.0006/ckpt-last.pth
2023-10-08 07:16:17,441 - fewshot_scanobjectnn_non_linear_classification - INFO - [Training] EPOCH: 42 EpochTime = 1.720 (s) Losses = ['0.5257', '86.9792'] lr = 0.000491
2023-10-08 07:16:18,694 - fewshot_scanobjectnn_non_linear_classification - INFO - [Validation] EPOCH: 42  acc = 52.5000
2023-10-08 07:16:19,135 - fewshot_scanobjectnn_non_linear_classification - INFO - Save checkpoint at ./experiments/fewshot_scanobjectnn_non_linear_classification/cfgs/LR_0.0006/ckpt-last.pth
2023-10-08 07:16:20,824 - fewshot_scanobjectnn_non_linear_classification - INFO - [Training] EPOCH: 43 EpochTime = 1.686 (s) Losses = ['0.4917', '86.9792'] lr = 0.000487
2023-10-08 07:16:22,106 - fewshot_scanobjectnn_non_linear_classification - INFO - [Validation] EPOCH: 43  acc = 52.5000
2023-10-08 07:16:22,598 - fewshot_scanobjectnn_non_linear_classification - INFO - Save checkpoint at ./experiments/fewshot_scanobjectnn_non_linear_classification/cfgs/LR_0.0006/ckpt-last.pth
2023-10-08 07:16:24,336 - fewshot_scanobjectnn_non_linear_classification - INFO - [Training] EPOCH: 44 EpochTime = 1.736 (s) Losses = ['0.4887', '89.0625'] lr = 0.000482
2023-10-08 07:16:25,567 - fewshot_scanobjectnn_non_linear_classification - INFO - [Validation] EPOCH: 44  acc = 53.5000
2023-10-08 07:16:26,058 - fewshot_scanobjectnn_non_linear_classification - INFO - Save checkpoint at ./experiments/fewshot_scanobjectnn_non_linear_classification/cfgs/LR_0.0006/ckpt-best.pth
2023-10-08 07:16:26,058 - fewshot_scanobjectnn_non_linear_classification - INFO - --------------------------------------------------------------------------------------------
2023-10-08 07:16:26,472 - fewshot_scanobjectnn_non_linear_classification - INFO - Save checkpoint at ./experiments/fewshot_scanobjectnn_non_linear_classification/cfgs/LR_0.0006/ckpt-last.pth
2023-10-08 07:16:28,153 - fewshot_scanobjectnn_non_linear_classification - INFO - [Training] EPOCH: 45 EpochTime = 1.680 (s) Losses = ['0.4743', '85.4167'] lr = 0.000477
2023-10-08 07:16:29,459 - fewshot_scanobjectnn_non_linear_classification - INFO - [Validation] EPOCH: 45  acc = 50.0000
2023-10-08 07:16:29,879 - fewshot_scanobjectnn_non_linear_classification - INFO - Save checkpoint at ./experiments/fewshot_scanobjectnn_non_linear_classification/cfgs/LR_0.0006/ckpt-last.pth
2023-10-08 07:16:31,584 - fewshot_scanobjectnn_non_linear_classification - INFO - [Training] EPOCH: 46 EpochTime = 1.704 (s) Losses = ['0.4070', '93.2292'] lr = 0.000471
2023-10-08 07:16:32,818 - fewshot_scanobjectnn_non_linear_classification - INFO - [Validation] EPOCH: 46  acc = 51.5000
2023-10-08 07:16:33,361 - fewshot_scanobjectnn_non_linear_classification - INFO - Save checkpoint at ./experiments/fewshot_scanobjectnn_non_linear_classification/cfgs/LR_0.0006/ckpt-last.pth
2023-10-08 07:16:35,077 - fewshot_scanobjectnn_non_linear_classification - INFO - [Training] EPOCH: 47 EpochTime = 1.714 (s) Losses = ['0.3886', '92.7083'] lr = 0.000466
2023-10-08 07:16:36,310 - fewshot_scanobjectnn_non_linear_classification - INFO - [Validation] EPOCH: 47  acc = 50.5000
2023-10-08 07:16:36,770 - fewshot_scanobjectnn_non_linear_classification - INFO - Save checkpoint at ./experiments/fewshot_scanobjectnn_non_linear_classification/cfgs/LR_0.0006/ckpt-last.pth
2023-10-08 07:16:38,494 - fewshot_scanobjectnn_non_linear_classification - INFO - [Training] EPOCH: 48 EpochTime = 1.723 (s) Losses = ['0.3774', '92.1875'] lr = 0.000461
2023-10-08 07:16:39,731 - fewshot_scanobjectnn_non_linear_classification - INFO - [Validation] EPOCH: 48  acc = 51.5000
2023-10-08 07:16:40,186 - fewshot_scanobjectnn_non_linear_classification - INFO - Save checkpoint at ./experiments/fewshot_scanobjectnn_non_linear_classification/cfgs/LR_0.0006/ckpt-last.pth
2023-10-08 07:16:41,895 - fewshot_scanobjectnn_non_linear_classification - INFO - [Training] EPOCH: 49 EpochTime = 1.707 (s) Losses = ['0.4449', '89.0625'] lr = 0.000456
2023-10-08 07:16:43,124 - fewshot_scanobjectnn_non_linear_classification - INFO - [Validation] EPOCH: 49  acc = 48.5000
2023-10-08 07:16:43,602 - fewshot_scanobjectnn_non_linear_classification - INFO - Save checkpoint at ./experiments/fewshot_scanobjectnn_non_linear_classification/cfgs/LR_0.0006/ckpt-last.pth
2023-10-08 07:16:45,322 - fewshot_scanobjectnn_non_linear_classification - INFO - [Training] EPOCH: 50 EpochTime = 1.718 (s) Losses = ['0.3827', '92.7083'] lr = 0.000450
2023-10-08 07:16:46,592 - fewshot_scanobjectnn_non_linear_classification - INFO - [Validation] EPOCH: 50  acc = 52.0000
2023-10-08 07:16:47,099 - fewshot_scanobjectnn_non_linear_classification - INFO - Save checkpoint at ./experiments/fewshot_scanobjectnn_non_linear_classification/cfgs/LR_0.0006/ckpt-last.pth
2023-10-08 07:16:48,785 - fewshot_scanobjectnn_non_linear_classification - INFO - [Training] EPOCH: 51 EpochTime = 1.684 (s) Losses = ['0.3988', '91.1458'] lr = 0.000445
2023-10-08 07:16:50,062 - fewshot_scanobjectnn_non_linear_classification - INFO - [Validation] EPOCH: 51  acc = 53.5000
2023-10-08 07:16:50,574 - fewshot_scanobjectnn_non_linear_classification - INFO - Save checkpoint at ./experiments/fewshot_scanobjectnn_non_linear_classification/cfgs/LR_0.0006/ckpt-last.pth
2023-10-08 07:16:52,355 - fewshot_scanobjectnn_non_linear_classification - INFO - [Training] EPOCH: 52 EpochTime = 1.779 (s) Losses = ['0.3112', '95.3125'] lr = 0.000439
2023-10-08 07:16:53,596 - fewshot_scanobjectnn_non_linear_classification - INFO - [Validation] EPOCH: 52  acc = 54.5000
2023-10-08 07:16:54,042 - fewshot_scanobjectnn_non_linear_classification - INFO - Save checkpoint at ./experiments/fewshot_scanobjectnn_non_linear_classification/cfgs/LR_0.0006/ckpt-best.pth
2023-10-08 07:16:54,042 - fewshot_scanobjectnn_non_linear_classification - INFO - --------------------------------------------------------------------------------------------
2023-10-08 07:16:54,540 - fewshot_scanobjectnn_non_linear_classification - INFO - Save checkpoint at ./experiments/fewshot_scanobjectnn_non_linear_classification/cfgs/LR_0.0006/ckpt-last.pth
2023-10-08 07:16:56,254 - fewshot_scanobjectnn_non_linear_classification - INFO - [Training] EPOCH: 53 EpochTime = 1.713 (s) Losses = ['0.3794', '90.1042'] lr = 0.000434
2023-10-08 07:16:57,508 - fewshot_scanobjectnn_non_linear_classification - INFO - [Validation] EPOCH: 53  acc = 55.0000
2023-10-08 07:16:57,989 - fewshot_scanobjectnn_non_linear_classification - INFO - Save checkpoint at ./experiments/fewshot_scanobjectnn_non_linear_classification/cfgs/LR_0.0006/ckpt-best.pth
2023-10-08 07:16:57,989 - fewshot_scanobjectnn_non_linear_classification - INFO - --------------------------------------------------------------------------------------------
2023-10-08 07:16:58,449 - fewshot_scanobjectnn_non_linear_classification - INFO - Save checkpoint at ./experiments/fewshot_scanobjectnn_non_linear_classification/cfgs/LR_0.0006/ckpt-last.pth
2023-10-08 07:17:00,167 - fewshot_scanobjectnn_non_linear_classification - INFO - [Training] EPOCH: 54 EpochTime = 1.715 (s) Losses = ['0.3150', '95.8333'] lr = 0.000428
2023-10-08 07:17:01,464 - fewshot_scanobjectnn_non_linear_classification - INFO - [Validation] EPOCH: 54  acc = 51.0000
2023-10-08 07:17:01,930 - fewshot_scanobjectnn_non_linear_classification - INFO - Save checkpoint at ./experiments/fewshot_scanobjectnn_non_linear_classification/cfgs/LR_0.0006/ckpt-last.pth
2023-10-08 07:17:03,663 - fewshot_scanobjectnn_non_linear_classification - INFO - [Training] EPOCH: 55 EpochTime = 1.731 (s) Losses = ['0.3343', '93.2292'] lr = 0.000422
2023-10-08 07:17:04,941 - fewshot_scanobjectnn_non_linear_classification - INFO - [Validation] EPOCH: 55  acc = 50.0000
2023-10-08 07:17:05,437 - fewshot_scanobjectnn_non_linear_classification - INFO - Save checkpoint at ./experiments/fewshot_scanobjectnn_non_linear_classification/cfgs/LR_0.0006/ckpt-last.pth
2023-10-08 07:17:07,143 - fewshot_scanobjectnn_non_linear_classification - INFO - [Training] EPOCH: 56 EpochTime = 1.705 (s) Losses = ['0.3144', '94.7917'] lr = 0.000417
2023-10-08 07:17:08,381 - fewshot_scanobjectnn_non_linear_classification - INFO - [Validation] EPOCH: 56  acc = 49.0000
2023-10-08 07:17:08,937 - fewshot_scanobjectnn_non_linear_classification - INFO - Save checkpoint at ./experiments/fewshot_scanobjectnn_non_linear_classification/cfgs/LR_0.0006/ckpt-last.pth
2023-10-08 07:17:10,640 - fewshot_scanobjectnn_non_linear_classification - INFO - [Training] EPOCH: 57 EpochTime = 1.701 (s) Losses = ['0.2489', '95.8333'] lr = 0.000411
2023-10-08 07:17:11,877 - fewshot_scanobjectnn_non_linear_classification - INFO - [Validation] EPOCH: 57  acc = 49.5000
2023-10-08 07:17:12,349 - fewshot_scanobjectnn_non_linear_classification - INFO - Save checkpoint at ./experiments/fewshot_scanobjectnn_non_linear_classification/cfgs/LR_0.0006/ckpt-last.pth
2023-10-08 07:17:14,085 - fewshot_scanobjectnn_non_linear_classification - INFO - [Training] EPOCH: 58 EpochTime = 1.734 (s) Losses = ['0.3027', '94.7917'] lr = 0.000405
2023-10-08 07:17:15,336 - fewshot_scanobjectnn_non_linear_classification - INFO - [Validation] EPOCH: 58  acc = 50.0000
2023-10-08 07:17:15,807 - fewshot_scanobjectnn_non_linear_classification - INFO - Save checkpoint at ./experiments/fewshot_scanobjectnn_non_linear_classification/cfgs/LR_0.0006/ckpt-last.pth
2023-10-08 07:17:17,546 - fewshot_scanobjectnn_non_linear_classification - INFO - [Training] EPOCH: 59 EpochTime = 1.738 (s) Losses = ['0.2885', '93.2292'] lr = 0.000399
2023-10-08 07:17:18,784 - fewshot_scanobjectnn_non_linear_classification - INFO - [Validation] EPOCH: 59  acc = 50.5000
2023-10-08 07:17:19,267 - fewshot_scanobjectnn_non_linear_classification - INFO - Save checkpoint at ./experiments/fewshot_scanobjectnn_non_linear_classification/cfgs/LR_0.0006/ckpt-last.pth
2023-10-08 07:17:20,998 - fewshot_scanobjectnn_non_linear_classification - INFO - [Training] EPOCH: 60 EpochTime = 1.729 (s) Losses = ['0.2717', '95.8333'] lr = 0.000393
2023-10-08 07:17:22,317 - fewshot_scanobjectnn_non_linear_classification - INFO - [Validation] EPOCH: 60  acc = 49.5000
2023-10-08 07:17:22,795 - fewshot_scanobjectnn_non_linear_classification - INFO - Save checkpoint at ./experiments/fewshot_scanobjectnn_non_linear_classification/cfgs/LR_0.0006/ckpt-last.pth
2023-10-08 07:17:24,605 - fewshot_scanobjectnn_non_linear_classification - INFO - [Training] EPOCH: 61 EpochTime = 1.808 (s) Losses = ['0.3599', '92.1875'] lr = 0.000387
2023-10-08 07:17:25,842 - fewshot_scanobjectnn_non_linear_classification - INFO - [Validation] EPOCH: 61  acc = 50.0000
2023-10-08 07:17:26,355 - fewshot_scanobjectnn_non_linear_classification - INFO - Save checkpoint at ./experiments/fewshot_scanobjectnn_non_linear_classification/cfgs/LR_0.0006/ckpt-last.pth
2023-10-08 07:17:28,074 - fewshot_scanobjectnn_non_linear_classification - INFO - [Training] EPOCH: 62 EpochTime = 1.717 (s) Losses = ['0.2960', '94.2708'] lr = 0.000381
2023-10-08 07:17:29,349 - fewshot_scanobjectnn_non_linear_classification - INFO - [Validation] EPOCH: 62  acc = 50.0000
2023-10-08 07:17:29,824 - fewshot_scanobjectnn_non_linear_classification - INFO - Save checkpoint at ./experiments/fewshot_scanobjectnn_non_linear_classification/cfgs/LR_0.0006/ckpt-last.pth
2023-10-08 07:17:31,502 - fewshot_scanobjectnn_non_linear_classification - INFO - [Training] EPOCH: 63 EpochTime = 1.676 (s) Losses = ['0.2279', '96.8750'] lr = 0.000375
2023-10-08 07:17:32,745 - fewshot_scanobjectnn_non_linear_classification - INFO - [Validation] EPOCH: 63  acc = 49.5000
2023-10-08 07:17:33,252 - fewshot_scanobjectnn_non_linear_classification - INFO - Save checkpoint at ./experiments/fewshot_scanobjectnn_non_linear_classification/cfgs/LR_0.0006/ckpt-last.pth
2023-10-08 07:17:34,980 - fewshot_scanobjectnn_non_linear_classification - INFO - [Training] EPOCH: 64 EpochTime = 1.727 (s) Losses = ['0.2385', '96.3542'] lr = 0.000369
2023-10-08 07:17:36,243 - fewshot_scanobjectnn_non_linear_classification - INFO - [Validation] EPOCH: 64  acc = 47.5000
2023-10-08 07:17:36,774 - fewshot_scanobjectnn_non_linear_classification - INFO - Save checkpoint at ./experiments/fewshot_scanobjectnn_non_linear_classification/cfgs/LR_0.0006/ckpt-last.pth
2023-10-08 07:17:38,471 - fewshot_scanobjectnn_non_linear_classification - INFO - [Training] EPOCH: 65 EpochTime = 1.695 (s) Losses = ['0.3009', '93.7500'] lr = 0.000363
2023-10-08 07:17:39,676 - fewshot_scanobjectnn_non_linear_classification - INFO - [Validation] EPOCH: 65  acc = 51.0000
2023-10-08 07:17:40,192 - fewshot_scanobjectnn_non_linear_classification - INFO - Save checkpoint at ./experiments/fewshot_scanobjectnn_non_linear_classification/cfgs/LR_0.0006/ckpt-last.pth
2023-10-08 07:17:41,949 - fewshot_scanobjectnn_non_linear_classification - INFO - [Training] EPOCH: 66 EpochTime = 1.756 (s) Losses = ['0.2706', '93.2292'] lr = 0.000357
2023-10-08 07:17:43,202 - fewshot_scanobjectnn_non_linear_classification - INFO - [Validation] EPOCH: 66  acc = 52.0000
2023-10-08 07:17:43,721 - fewshot_scanobjectnn_non_linear_classification - INFO - Save checkpoint at ./experiments/fewshot_scanobjectnn_non_linear_classification/cfgs/LR_0.0006/ckpt-last.pth
2023-10-08 07:17:45,443 - fewshot_scanobjectnn_non_linear_classification - INFO - [Training] EPOCH: 67 EpochTime = 1.720 (s) Losses = ['0.2334', '97.3958'] lr = 0.000350
2023-10-08 07:17:46,690 - fewshot_scanobjectnn_non_linear_classification - INFO - [Validation] EPOCH: 67  acc = 51.5000
2023-10-08 07:17:47,228 - fewshot_scanobjectnn_non_linear_classification - INFO - Save checkpoint at ./experiments/fewshot_scanobjectnn_non_linear_classification/cfgs/LR_0.0006/ckpt-last.pth
2023-10-08 07:17:48,939 - fewshot_scanobjectnn_non_linear_classification - INFO - [Training] EPOCH: 68 EpochTime = 1.709 (s) Losses = ['0.2243', '96.3542'] lr = 0.000344
2023-10-08 07:17:50,192 - fewshot_scanobjectnn_non_linear_classification - INFO - [Validation] EPOCH: 68  acc = 50.5000
2023-10-08 07:17:50,646 - fewshot_scanobjectnn_non_linear_classification - INFO - Save checkpoint at ./experiments/fewshot_scanobjectnn_non_linear_classification/cfgs/LR_0.0006/ckpt-last.pth
2023-10-08 07:17:52,346 - fewshot_scanobjectnn_non_linear_classification - INFO - [Training] EPOCH: 69 EpochTime = 1.698 (s) Losses = ['0.2390', '95.3125'] lr = 0.000338
2023-10-08 07:17:53,617 - fewshot_scanobjectnn_non_linear_classification - INFO - [Validation] EPOCH: 69  acc = 50.5000
2023-10-08 07:17:54,232 - fewshot_scanobjectnn_non_linear_classification - INFO - Save checkpoint at ./experiments/fewshot_scanobjectnn_non_linear_classification/cfgs/LR_0.0006/ckpt-last.pth
2023-10-08 07:17:55,952 - fewshot_scanobjectnn_non_linear_classification - INFO - [Training] EPOCH: 70 EpochTime = 1.719 (s) Losses = ['0.2721', '94.2708'] lr = 0.000332
2023-10-08 07:17:57,223 - fewshot_scanobjectnn_non_linear_classification - INFO - [Validation] EPOCH: 70  acc = 50.0000
2023-10-08 07:17:57,707 - fewshot_scanobjectnn_non_linear_classification - INFO - Save checkpoint at ./experiments/fewshot_scanobjectnn_non_linear_classification/cfgs/LR_0.0006/ckpt-last.pth
2023-10-08 07:17:59,437 - fewshot_scanobjectnn_non_linear_classification - INFO - [Training] EPOCH: 71 EpochTime = 1.728 (s) Losses = ['0.2352', '94.7917'] lr = 0.000326
2023-10-08 07:18:00,667 - fewshot_scanobjectnn_non_linear_classification - INFO - [Validation] EPOCH: 71  acc = 48.5000
2023-10-08 07:18:01,113 - fewshot_scanobjectnn_non_linear_classification - INFO - Save checkpoint at ./experiments/fewshot_scanobjectnn_non_linear_classification/cfgs/LR_0.0006/ckpt-last.pth
2023-10-08 07:18:02,839 - fewshot_scanobjectnn_non_linear_classification - INFO - [Training] EPOCH: 72 EpochTime = 1.724 (s) Losses = ['0.2370', '95.3125'] lr = 0.000319
2023-10-08 07:18:04,138 - fewshot_scanobjectnn_non_linear_classification - INFO - [Validation] EPOCH: 72  acc = 49.0000
2023-10-08 07:18:04,809 - fewshot_scanobjectnn_non_linear_classification - INFO - Save checkpoint at ./experiments/fewshot_scanobjectnn_non_linear_classification/cfgs/LR_0.0006/ckpt-last.pth
2023-10-08 07:18:06,550 - fewshot_scanobjectnn_non_linear_classification - INFO - [Training] EPOCH: 73 EpochTime = 1.739 (s) Losses = ['0.1998', '95.8333'] lr = 0.000313
2023-10-08 07:18:07,802 - fewshot_scanobjectnn_non_linear_classification - INFO - [Validation] EPOCH: 73  acc = 49.5000
2023-10-08 07:18:08,346 - fewshot_scanobjectnn_non_linear_classification - INFO - Save checkpoint at ./experiments/fewshot_scanobjectnn_non_linear_classification/cfgs/LR_0.0006/ckpt-last.pth
2023-10-08 07:18:10,083 - fewshot_scanobjectnn_non_linear_classification - INFO - [Training] EPOCH: 74 EpochTime = 1.735 (s) Losses = ['0.1924', '96.3542'] lr = 0.000307
2023-10-08 07:18:11,313 - fewshot_scanobjectnn_non_linear_classification - INFO - [Validation] EPOCH: 74  acc = 51.0000
2023-10-08 07:18:11,824 - fewshot_scanobjectnn_non_linear_classification - INFO - Save checkpoint at ./experiments/fewshot_scanobjectnn_non_linear_classification/cfgs/LR_0.0006/ckpt-last.pth
2023-10-08 07:18:13,530 - fewshot_scanobjectnn_non_linear_classification - INFO - [Training] EPOCH: 75 EpochTime = 1.705 (s) Losses = ['0.1812', '96.8750'] lr = 0.000300
2023-10-08 07:18:14,765 - fewshot_scanobjectnn_non_linear_classification - INFO - [Validation] EPOCH: 75  acc = 51.5000
2023-10-08 07:18:15,313 - fewshot_scanobjectnn_non_linear_classification - INFO - Save checkpoint at ./experiments/fewshot_scanobjectnn_non_linear_classification/cfgs/LR_0.0006/ckpt-last.pth
2023-10-08 07:18:17,077 - fewshot_scanobjectnn_non_linear_classification - INFO - [Training] EPOCH: 76 EpochTime = 1.763 (s) Losses = ['0.2159', '96.3542'] lr = 0.000294
2023-10-08 07:18:18,328 - fewshot_scanobjectnn_non_linear_classification - INFO - [Validation] EPOCH: 76  acc = 51.0000
2023-10-08 07:18:18,813 - fewshot_scanobjectnn_non_linear_classification - INFO - Save checkpoint at ./experiments/fewshot_scanobjectnn_non_linear_classification/cfgs/LR_0.0006/ckpt-last.pth
2023-10-08 07:18:20,541 - fewshot_scanobjectnn_non_linear_classification - INFO - [Training] EPOCH: 77 EpochTime = 1.726 (s) Losses = ['0.2363', '94.7917'] lr = 0.000288
2023-10-08 07:18:21,789 - fewshot_scanobjectnn_non_linear_classification - INFO - [Validation] EPOCH: 77  acc = 49.5000
2023-10-08 07:18:22,242 - fewshot_scanobjectnn_non_linear_classification - INFO - Save checkpoint at ./experiments/fewshot_scanobjectnn_non_linear_classification/cfgs/LR_0.0006/ckpt-last.pth
2023-10-08 07:18:23,958 - fewshot_scanobjectnn_non_linear_classification - INFO - [Training] EPOCH: 78 EpochTime = 1.714 (s) Losses = ['0.2104', '95.3125'] lr = 0.000282
2023-10-08 07:18:25,199 - fewshot_scanobjectnn_non_linear_classification - INFO - [Validation] EPOCH: 78  acc = 50.5000
2023-10-08 07:18:25,720 - fewshot_scanobjectnn_non_linear_classification - INFO - Save checkpoint at ./experiments/fewshot_scanobjectnn_non_linear_classification/cfgs/LR_0.0006/ckpt-last.pth
2023-10-08 07:18:27,416 - fewshot_scanobjectnn_non_linear_classification - INFO - [Training] EPOCH: 79 EpochTime = 1.694 (s) Losses = ['0.2335', '96.8750'] lr = 0.000275
2023-10-08 07:18:28,640 - fewshot_scanobjectnn_non_linear_classification - INFO - [Validation] EPOCH: 79  acc = 49.5000
2023-10-08 07:18:29,146 - fewshot_scanobjectnn_non_linear_classification - INFO - Save checkpoint at ./experiments/fewshot_scanobjectnn_non_linear_classification/cfgs/LR_0.0006/ckpt-last.pth
2023-10-08 07:18:30,848 - fewshot_scanobjectnn_non_linear_classification - INFO - [Training] EPOCH: 80 EpochTime = 1.701 (s) Losses = ['0.2078', '95.8333'] lr = 0.000269
2023-10-08 07:18:32,074 - fewshot_scanobjectnn_non_linear_classification - INFO - [Validation] EPOCH: 80  acc = 50.5000
2023-10-08 07:18:32,555 - fewshot_scanobjectnn_non_linear_classification - INFO - Save checkpoint at ./experiments/fewshot_scanobjectnn_non_linear_classification/cfgs/LR_0.0006/ckpt-last.pth
2023-10-08 07:18:34,259 - fewshot_scanobjectnn_non_linear_classification - INFO - [Training] EPOCH: 81 EpochTime = 1.703 (s) Losses = ['0.1740', '97.9167'] lr = 0.000263
2023-10-08 07:18:35,488 - fewshot_scanobjectnn_non_linear_classification - INFO - [Validation] EPOCH: 81  acc = 50.0000
2023-10-08 07:18:35,994 - fewshot_scanobjectnn_non_linear_classification - INFO - Save checkpoint at ./experiments/fewshot_scanobjectnn_non_linear_classification/cfgs/LR_0.0006/ckpt-last.pth
2023-10-08 07:18:37,689 - fewshot_scanobjectnn_non_linear_classification - INFO - [Training] EPOCH: 82 EpochTime = 1.693 (s) Losses = ['0.1740', '95.8333'] lr = 0.000257
2023-10-08 07:18:38,920 - fewshot_scanobjectnn_non_linear_classification - INFO - [Validation] EPOCH: 82  acc = 51.5000
2023-10-08 07:18:39,499 - fewshot_scanobjectnn_non_linear_classification - INFO - Save checkpoint at ./experiments/fewshot_scanobjectnn_non_linear_classification/cfgs/LR_0.0006/ckpt-last.pth
2023-10-08 07:18:41,211 - fewshot_scanobjectnn_non_linear_classification - INFO - [Training] EPOCH: 83 EpochTime = 1.711 (s) Losses = ['0.1618', '97.3958'] lr = 0.000251
2023-10-08 07:18:42,449 - fewshot_scanobjectnn_non_linear_classification - INFO - [Validation] EPOCH: 83  acc = 51.5000
2023-10-08 07:18:42,962 - fewshot_scanobjectnn_non_linear_classification - INFO - Save checkpoint at ./experiments/fewshot_scanobjectnn_non_linear_classification/cfgs/LR_0.0006/ckpt-last.pth
2023-10-08 07:18:44,682 - fewshot_scanobjectnn_non_linear_classification - INFO - [Training] EPOCH: 84 EpochTime = 1.718 (s) Losses = ['0.1341', '99.4792'] lr = 0.000244
2023-10-08 07:18:45,900 - fewshot_scanobjectnn_non_linear_classification - INFO - [Validation] EPOCH: 84  acc = 52.0000
2023-10-08 07:18:46,389 - fewshot_scanobjectnn_non_linear_classification - INFO - Save checkpoint at ./experiments/fewshot_scanobjectnn_non_linear_classification/cfgs/LR_0.0006/ckpt-last.pth
2023-10-08 07:18:48,079 - fewshot_scanobjectnn_non_linear_classification - INFO - [Training] EPOCH: 85 EpochTime = 1.688 (s) Losses = ['0.1872', '96.8750'] lr = 0.000238
2023-10-08 07:18:49,310 - fewshot_scanobjectnn_non_linear_classification - INFO - [Validation] EPOCH: 85  acc = 54.0000
2023-10-08 07:18:49,790 - fewshot_scanobjectnn_non_linear_classification - INFO - Save checkpoint at ./experiments/fewshot_scanobjectnn_non_linear_classification/cfgs/LR_0.0006/ckpt-last.pth
2023-10-08 07:18:51,479 - fewshot_scanobjectnn_non_linear_classification - INFO - [Training] EPOCH: 86 EpochTime = 1.688 (s) Losses = ['0.2134', '95.3125'] lr = 0.000232
2023-10-08 07:18:52,725 - fewshot_scanobjectnn_non_linear_classification - INFO - [Validation] EPOCH: 86  acc = 52.5000
2023-10-08 07:18:53,255 - fewshot_scanobjectnn_non_linear_classification - INFO - Save checkpoint at ./experiments/fewshot_scanobjectnn_non_linear_classification/cfgs/LR_0.0006/ckpt-last.pth
2023-10-08 07:18:54,963 - fewshot_scanobjectnn_non_linear_classification - INFO - [Training] EPOCH: 87 EpochTime = 1.707 (s) Losses = ['0.1548', '97.3958'] lr = 0.000226
2023-10-08 07:18:56,181 - fewshot_scanobjectnn_non_linear_classification - INFO - [Validation] EPOCH: 87  acc = 53.0000
2023-10-08 07:18:56,668 - fewshot_scanobjectnn_non_linear_classification - INFO - Save checkpoint at ./experiments/fewshot_scanobjectnn_non_linear_classification/cfgs/LR_0.0006/ckpt-last.pth
2023-10-08 07:18:58,400 - fewshot_scanobjectnn_non_linear_classification - INFO - [Training] EPOCH: 88 EpochTime = 1.730 (s) Losses = ['0.2162', '95.8333'] lr = 0.000220
2023-10-08 07:18:59,624 - fewshot_scanobjectnn_non_linear_classification - INFO - [Validation] EPOCH: 88  acc = 52.5000
2023-10-08 07:19:00,150 - fewshot_scanobjectnn_non_linear_classification - INFO - Save checkpoint at ./experiments/fewshot_scanobjectnn_non_linear_classification/cfgs/LR_0.0006/ckpt-last.pth
2023-10-08 07:19:01,828 - fewshot_scanobjectnn_non_linear_classification - INFO - [Training] EPOCH: 89 EpochTime = 1.677 (s) Losses = ['0.1850', '95.8333'] lr = 0.000214
2023-10-08 07:19:03,024 - fewshot_scanobjectnn_non_linear_classification - INFO - [Validation] EPOCH: 89  acc = 50.5000
2023-10-08 07:19:03,511 - fewshot_scanobjectnn_non_linear_classification - INFO - Save checkpoint at ./experiments/fewshot_scanobjectnn_non_linear_classification/cfgs/LR_0.0006/ckpt-last.pth
2023-10-08 07:19:05,198 - fewshot_scanobjectnn_non_linear_classification - INFO - [Training] EPOCH: 90 EpochTime = 1.686 (s) Losses = ['0.2108', '95.3125'] lr = 0.000208
2023-10-08 07:19:06,444 - fewshot_scanobjectnn_non_linear_classification - INFO - [Validation] EPOCH: 90  acc = 52.5000
2023-10-08 07:19:07,099 - fewshot_scanobjectnn_non_linear_classification - INFO - Save checkpoint at ./experiments/fewshot_scanobjectnn_non_linear_classification/cfgs/LR_0.0006/ckpt-last.pth
2023-10-08 07:19:08,831 - fewshot_scanobjectnn_non_linear_classification - INFO - [Training] EPOCH: 91 EpochTime = 1.730 (s) Losses = ['0.1662', '96.8750'] lr = 0.000202
2023-10-08 07:19:10,075 - fewshot_scanobjectnn_non_linear_classification - INFO - [Validation] EPOCH: 91  acc = 52.0000
2023-10-08 07:19:10,576 - fewshot_scanobjectnn_non_linear_classification - INFO - Save checkpoint at ./experiments/fewshot_scanobjectnn_non_linear_classification/cfgs/LR_0.0006/ckpt-last.pth
2023-10-08 07:19:12,258 - fewshot_scanobjectnn_non_linear_classification - INFO - [Training] EPOCH: 92 EpochTime = 1.681 (s) Losses = ['0.1565', '97.3958'] lr = 0.000196
2023-10-08 07:19:13,506 - fewshot_scanobjectnn_non_linear_classification - INFO - [Validation] EPOCH: 92  acc = 50.5000
2023-10-08 07:19:13,995 - fewshot_scanobjectnn_non_linear_classification - INFO - Save checkpoint at ./experiments/fewshot_scanobjectnn_non_linear_classification/cfgs/LR_0.0006/ckpt-last.pth
2023-10-08 07:19:15,725 - fewshot_scanobjectnn_non_linear_classification - INFO - [Training] EPOCH: 93 EpochTime = 1.729 (s) Losses = ['0.1766', '95.8333'] lr = 0.000190
2023-10-08 07:19:16,981 - fewshot_scanobjectnn_non_linear_classification - INFO - [Validation] EPOCH: 93  acc = 50.0000
2023-10-08 07:19:17,470 - fewshot_scanobjectnn_non_linear_classification - INFO - Save checkpoint at ./experiments/fewshot_scanobjectnn_non_linear_classification/cfgs/LR_0.0006/ckpt-last.pth
2023-10-08 07:19:19,199 - fewshot_scanobjectnn_non_linear_classification - INFO - [Training] EPOCH: 94 EpochTime = 1.727 (s) Losses = ['0.1578', '98.4375'] lr = 0.000184
2023-10-08 07:19:20,445 - fewshot_scanobjectnn_non_linear_classification - INFO - [Validation] EPOCH: 94  acc = 48.5000
2023-10-08 07:19:20,969 - fewshot_scanobjectnn_non_linear_classification - INFO - Save checkpoint at ./experiments/fewshot_scanobjectnn_non_linear_classification/cfgs/LR_0.0006/ckpt-last.pth
2023-10-08 07:19:22,695 - fewshot_scanobjectnn_non_linear_classification - INFO - [Training] EPOCH: 95 EpochTime = 1.724 (s) Losses = ['0.1702', '98.4375'] lr = 0.000179
2023-10-08 07:19:23,921 - fewshot_scanobjectnn_non_linear_classification - INFO - [Validation] EPOCH: 95  acc = 50.5000
2023-10-08 07:19:24,445 - fewshot_scanobjectnn_non_linear_classification - INFO - Save checkpoint at ./experiments/fewshot_scanobjectnn_non_linear_classification/cfgs/LR_0.0006/ckpt-last.pth
2023-10-08 07:19:26,175 - fewshot_scanobjectnn_non_linear_classification - INFO - [Training] EPOCH: 96 EpochTime = 1.728 (s) Losses = ['0.1365', '98.9583'] lr = 0.000173
2023-10-08 07:19:27,412 - fewshot_scanobjectnn_non_linear_classification - INFO - [Validation] EPOCH: 96  acc = 49.5000
2023-10-08 07:19:27,899 - fewshot_scanobjectnn_non_linear_classification - INFO - Save checkpoint at ./experiments/fewshot_scanobjectnn_non_linear_classification/cfgs/LR_0.0006/ckpt-last.pth
2023-10-08 07:19:29,659 - fewshot_scanobjectnn_non_linear_classification - INFO - [Training] EPOCH: 97 EpochTime = 1.758 (s) Losses = ['0.1664', '96.3542'] lr = 0.000167
2023-10-08 07:19:30,961 - fewshot_scanobjectnn_non_linear_classification - INFO - [Validation] EPOCH: 97  acc = 50.5000
2023-10-08 07:19:31,466 - fewshot_scanobjectnn_non_linear_classification - INFO - Save checkpoint at ./experiments/fewshot_scanobjectnn_non_linear_classification/cfgs/LR_0.0006/ckpt-last.pth
2023-10-08 07:19:33,187 - fewshot_scanobjectnn_non_linear_classification - INFO - [Training] EPOCH: 98 EpochTime = 1.719 (s) Losses = ['0.1644', '96.8750'] lr = 0.000162
2023-10-08 07:19:34,440 - fewshot_scanobjectnn_non_linear_classification - INFO - [Validation] EPOCH: 98  acc = 49.5000
2023-10-08 07:19:35,021 - fewshot_scanobjectnn_non_linear_classification - INFO - Save checkpoint at ./experiments/fewshot_scanobjectnn_non_linear_classification/cfgs/LR_0.0006/ckpt-last.pth
2023-10-08 07:19:36,719 - fewshot_scanobjectnn_non_linear_classification - INFO - [Training] EPOCH: 99 EpochTime = 1.697 (s) Losses = ['0.1957', '95.8333'] lr = 0.000156
2023-10-08 07:19:37,956 - fewshot_scanobjectnn_non_linear_classification - INFO - [Validation] EPOCH: 99  acc = 50.5000
2023-10-08 07:19:38,470 - fewshot_scanobjectnn_non_linear_classification - INFO - Save checkpoint at ./experiments/fewshot_scanobjectnn_non_linear_classification/cfgs/LR_0.0006/ckpt-last.pth
2023-10-08 07:19:40,200 - fewshot_scanobjectnn_non_linear_classification - INFO - [Training] EPOCH: 100 EpochTime = 1.729 (s) Losses = ['0.1830', '95.3125'] lr = 0.000151
2023-10-08 07:19:41,447 - fewshot_scanobjectnn_non_linear_classification - INFO - [Validation] EPOCH: 100  acc = 52.0000
2023-10-08 07:19:41,916 - fewshot_scanobjectnn_non_linear_classification - INFO - Save checkpoint at ./experiments/fewshot_scanobjectnn_non_linear_classification/cfgs/LR_0.0006/ckpt-last.pth
2023-10-08 07:19:43,653 - fewshot_scanobjectnn_non_linear_classification - INFO - [Training] EPOCH: 101 EpochTime = 1.735 (s) Losses = ['0.1260', '96.8750'] lr = 0.000145
2023-10-08 07:19:44,922 - fewshot_scanobjectnn_non_linear_classification - INFO - [Validation] EPOCH: 101  acc = 52.5000
2023-10-08 07:19:45,385 - fewshot_scanobjectnn_non_linear_classification - INFO - Save checkpoint at ./experiments/fewshot_scanobjectnn_non_linear_classification/cfgs/LR_0.0006/ckpt-last.pth
2023-10-08 07:19:47,090 - fewshot_scanobjectnn_non_linear_classification - INFO - [Training] EPOCH: 102 EpochTime = 1.704 (s) Losses = ['0.1517', '97.9167'] lr = 0.000140
2023-10-08 07:19:48,327 - fewshot_scanobjectnn_non_linear_classification - INFO - [Validation] EPOCH: 102  acc = 50.5000
2023-10-08 07:19:48,874 - fewshot_scanobjectnn_non_linear_classification - INFO - Save checkpoint at ./experiments/fewshot_scanobjectnn_non_linear_classification/cfgs/LR_0.0006/ckpt-last.pth
2023-10-08 07:19:50,593 - fewshot_scanobjectnn_non_linear_classification - INFO - [Training] EPOCH: 103 EpochTime = 1.718 (s) Losses = ['0.1635', '96.3542'] lr = 0.000135
2023-10-08 07:19:51,856 - fewshot_scanobjectnn_non_linear_classification - INFO - [Validation] EPOCH: 103  acc = 50.0000
2023-10-08 07:19:52,303 - fewshot_scanobjectnn_non_linear_classification - INFO - Save checkpoint at ./experiments/fewshot_scanobjectnn_non_linear_classification/cfgs/LR_0.0006/ckpt-last.pth
2023-10-08 07:19:54,024 - fewshot_scanobjectnn_non_linear_classification - INFO - [Training] EPOCH: 104 EpochTime = 1.719 (s) Losses = ['0.1275', '99.4792'] lr = 0.000130
2023-10-08 07:19:55,250 - fewshot_scanobjectnn_non_linear_classification - INFO - [Validation] EPOCH: 104  acc = 50.0000
2023-10-08 07:19:55,715 - fewshot_scanobjectnn_non_linear_classification - INFO - Save checkpoint at ./experiments/fewshot_scanobjectnn_non_linear_classification/cfgs/LR_0.0006/ckpt-last.pth
2023-10-08 07:19:57,454 - fewshot_scanobjectnn_non_linear_classification - INFO - [Training] EPOCH: 105 EpochTime = 1.737 (s) Losses = ['0.1921', '94.7917'] lr = 0.000124
2023-10-08 07:19:58,727 - fewshot_scanobjectnn_non_linear_classification - INFO - [Validation] EPOCH: 105  acc = 51.0000
2023-10-08 07:19:59,244 - fewshot_scanobjectnn_non_linear_classification - INFO - Save checkpoint at ./experiments/fewshot_scanobjectnn_non_linear_classification/cfgs/LR_0.0006/ckpt-last.pth
2023-10-08 07:20:00,962 - fewshot_scanobjectnn_non_linear_classification - INFO - [Training] EPOCH: 106 EpochTime = 1.717 (s) Losses = ['0.1671', '96.3542'] lr = 0.000119
2023-10-08 07:20:02,194 - fewshot_scanobjectnn_non_linear_classification - INFO - [Validation] EPOCH: 106  acc = 51.5000
2023-10-08 07:20:02,728 - fewshot_scanobjectnn_non_linear_classification - INFO - Save checkpoint at ./experiments/fewshot_scanobjectnn_non_linear_classification/cfgs/LR_0.0006/ckpt-last.pth
2023-10-08 07:20:04,455 - fewshot_scanobjectnn_non_linear_classification - INFO - [Training] EPOCH: 107 EpochTime = 1.725 (s) Losses = ['0.1833', '94.7917'] lr = 0.000114
2023-10-08 07:20:05,699 - fewshot_scanobjectnn_non_linear_classification - INFO - [Validation] EPOCH: 107  acc = 51.0000
2023-10-08 07:20:06,181 - fewshot_scanobjectnn_non_linear_classification - INFO - Save checkpoint at ./experiments/fewshot_scanobjectnn_non_linear_classification/cfgs/LR_0.0006/ckpt-last.pth
2023-10-08 07:20:07,942 - fewshot_scanobjectnn_non_linear_classification - INFO - [Training] EPOCH: 108 EpochTime = 1.759 (s) Losses = ['0.1232', '98.9583'] lr = 0.000110
2023-10-08 07:20:09,214 - fewshot_scanobjectnn_non_linear_classification - INFO - [Validation] EPOCH: 108  acc = 51.0000
2023-10-08 07:20:09,712 - fewshot_scanobjectnn_non_linear_classification - INFO - Save checkpoint at ./experiments/fewshot_scanobjectnn_non_linear_classification/cfgs/LR_0.0006/ckpt-last.pth
2023-10-08 07:20:11,439 - fewshot_scanobjectnn_non_linear_classification - INFO - [Training] EPOCH: 109 EpochTime = 1.725 (s) Losses = ['0.1525', '96.3542'] lr = 0.000105
2023-10-08 07:20:12,666 - fewshot_scanobjectnn_non_linear_classification - INFO - [Validation] EPOCH: 109  acc = 51.5000
2023-10-08 07:20:13,164 - fewshot_scanobjectnn_non_linear_classification - INFO - Save checkpoint at ./experiments/fewshot_scanobjectnn_non_linear_classification/cfgs/LR_0.0006/ckpt-last.pth
2023-10-08 07:20:14,896 - fewshot_scanobjectnn_non_linear_classification - INFO - [Training] EPOCH: 110 EpochTime = 1.731 (s) Losses = ['0.1414', '97.9167'] lr = 0.000100
2023-10-08 07:20:16,145 - fewshot_scanobjectnn_non_linear_classification - INFO - [Validation] EPOCH: 110  acc = 51.5000
2023-10-08 07:20:16,614 - fewshot_scanobjectnn_non_linear_classification - INFO - Save checkpoint at ./experiments/fewshot_scanobjectnn_non_linear_classification/cfgs/LR_0.0006/ckpt-last.pth
2023-10-08 07:20:18,306 - fewshot_scanobjectnn_non_linear_classification - INFO - [Training] EPOCH: 111 EpochTime = 1.690 (s) Losses = ['0.1394', '97.3958'] lr = 0.000095
2023-10-08 07:20:19,534 - fewshot_scanobjectnn_non_linear_classification - INFO - [Validation] EPOCH: 111  acc = 52.0000
2023-10-08 07:20:20,034 - fewshot_scanobjectnn_non_linear_classification - INFO - Save checkpoint at ./experiments/fewshot_scanobjectnn_non_linear_classification/cfgs/LR_0.0006/ckpt-last.pth
2023-10-08 07:20:21,751 - fewshot_scanobjectnn_non_linear_classification - INFO - [Training] EPOCH: 112 EpochTime = 1.715 (s) Losses = ['0.1752', '96.3542'] lr = 0.000091
2023-10-08 07:20:23,001 - fewshot_scanobjectnn_non_linear_classification - INFO - [Validation] EPOCH: 112  acc = 52.5000
2023-10-08 07:20:23,484 - fewshot_scanobjectnn_non_linear_classification - INFO - Save checkpoint at ./experiments/fewshot_scanobjectnn_non_linear_classification/cfgs/LR_0.0006/ckpt-last.pth
2023-10-08 07:20:25,209 - fewshot_scanobjectnn_non_linear_classification - INFO - [Training] EPOCH: 113 EpochTime = 1.724 (s) Losses = ['0.1169', '98.4375'] lr = 0.000087
2023-10-08 07:20:26,444 - fewshot_scanobjectnn_non_linear_classification - INFO - [Validation] EPOCH: 113  acc = 52.0000
2023-10-08 07:20:26,934 - fewshot_scanobjectnn_non_linear_classification - INFO - Save checkpoint at ./experiments/fewshot_scanobjectnn_non_linear_classification/cfgs/LR_0.0006/ckpt-last.pth
2023-10-08 07:20:28,652 - fewshot_scanobjectnn_non_linear_classification - INFO - [Training] EPOCH: 114 EpochTime = 1.716 (s) Losses = ['0.1704', '94.7917'] lr = 0.000082
2023-10-08 07:20:29,912 - fewshot_scanobjectnn_non_linear_classification - INFO - [Validation] EPOCH: 114  acc = 51.0000
2023-10-08 07:20:30,427 - fewshot_scanobjectnn_non_linear_classification - INFO - Save checkpoint at ./experiments/fewshot_scanobjectnn_non_linear_classification/cfgs/LR_0.0006/ckpt-last.pth
2023-10-08 07:20:32,137 - fewshot_scanobjectnn_non_linear_classification - INFO - [Training] EPOCH: 115 EpochTime = 1.708 (s) Losses = ['0.1719', '96.3542'] lr = 0.000078
2023-10-08 07:20:33,379 - fewshot_scanobjectnn_non_linear_classification - INFO - [Validation] EPOCH: 115  acc = 51.0000
2023-10-08 07:20:33,950 - fewshot_scanobjectnn_non_linear_classification - INFO - Save checkpoint at ./experiments/fewshot_scanobjectnn_non_linear_classification/cfgs/LR_0.0006/ckpt-last.pth
2023-10-08 07:20:35,669 - fewshot_scanobjectnn_non_linear_classification - INFO - [Training] EPOCH: 116 EpochTime = 1.717 (s) Losses = ['0.1253', '98.4375'] lr = 0.000074
2023-10-08 07:20:36,891 - fewshot_scanobjectnn_non_linear_classification - INFO - [Validation] EPOCH: 116  acc = 50.0000
2023-10-08 07:20:37,357 - fewshot_scanobjectnn_non_linear_classification - INFO - Save checkpoint at ./experiments/fewshot_scanobjectnn_non_linear_classification/cfgs/LR_0.0006/ckpt-last.pth
2023-10-08 07:20:39,075 - fewshot_scanobjectnn_non_linear_classification - INFO - [Training] EPOCH: 117 EpochTime = 1.716 (s) Losses = ['0.1420', '96.3542'] lr = 0.000070
2023-10-08 07:20:40,310 - fewshot_scanobjectnn_non_linear_classification - INFO - [Validation] EPOCH: 117  acc = 51.0000
2023-10-08 07:20:40,780 - fewshot_scanobjectnn_non_linear_classification - INFO - Save checkpoint at ./experiments/fewshot_scanobjectnn_non_linear_classification/cfgs/LR_0.0006/ckpt-last.pth
2023-10-08 07:20:42,469 - fewshot_scanobjectnn_non_linear_classification - INFO - [Training] EPOCH: 118 EpochTime = 1.687 (s) Losses = ['0.1180', '97.9167'] lr = 0.000066
2023-10-08 07:20:43,753 - fewshot_scanobjectnn_non_linear_classification - INFO - [Validation] EPOCH: 118  acc = 51.5000
2023-10-08 07:20:44,272 - fewshot_scanobjectnn_non_linear_classification - INFO - Save checkpoint at ./experiments/fewshot_scanobjectnn_non_linear_classification/cfgs/LR_0.0006/ckpt-last.pth
2023-10-08 07:20:45,992 - fewshot_scanobjectnn_non_linear_classification - INFO - [Training] EPOCH: 119 EpochTime = 1.718 (s) Losses = ['0.1639', '96.8750'] lr = 0.000062
2023-10-08 07:20:47,279 - fewshot_scanobjectnn_non_linear_classification - INFO - [Validation] EPOCH: 119  acc = 51.5000
2023-10-08 07:20:47,788 - fewshot_scanobjectnn_non_linear_classification - INFO - Save checkpoint at ./experiments/fewshot_scanobjectnn_non_linear_classification/cfgs/LR_0.0006/ckpt-last.pth
2023-10-08 07:20:49,529 - fewshot_scanobjectnn_non_linear_classification - INFO - [Training] EPOCH: 120 EpochTime = 1.740 (s) Losses = ['0.1460', '95.8333'] lr = 0.000058
2023-10-08 07:20:50,825 - fewshot_scanobjectnn_non_linear_classification - INFO - [Validation] EPOCH: 120  acc = 52.0000
2023-10-08 07:20:51,326 - fewshot_scanobjectnn_non_linear_classification - INFO - Save checkpoint at ./experiments/fewshot_scanobjectnn_non_linear_classification/cfgs/LR_0.0006/ckpt-last.pth
2023-10-08 07:20:53,052 - fewshot_scanobjectnn_non_linear_classification - INFO - [Training] EPOCH: 121 EpochTime = 1.724 (s) Losses = ['0.1258', '97.3958'] lr = 0.000055
2023-10-08 07:20:54,297 - fewshot_scanobjectnn_non_linear_classification - INFO - [Validation] EPOCH: 121  acc = 53.0000
2023-10-08 07:20:54,832 - fewshot_scanobjectnn_non_linear_classification - INFO - Save checkpoint at ./experiments/fewshot_scanobjectnn_non_linear_classification/cfgs/LR_0.0006/ckpt-last.pth
2023-10-08 07:20:56,547 - fewshot_scanobjectnn_non_linear_classification - INFO - [Training] EPOCH: 122 EpochTime = 1.712 (s) Losses = ['0.1112', '98.9583'] lr = 0.000051
2023-10-08 07:20:57,800 - fewshot_scanobjectnn_non_linear_classification - INFO - [Validation] EPOCH: 122  acc = 53.0000
2023-10-08 07:20:58,416 - fewshot_scanobjectnn_non_linear_classification - INFO - Save checkpoint at ./experiments/fewshot_scanobjectnn_non_linear_classification/cfgs/LR_0.0006/ckpt-last.pth
2023-10-08 07:21:00,133 - fewshot_scanobjectnn_non_linear_classification - INFO - [Training] EPOCH: 123 EpochTime = 1.716 (s) Losses = ['0.1396', '97.3958'] lr = 0.000048
2023-10-08 07:21:01,391 - fewshot_scanobjectnn_non_linear_classification - INFO - [Validation] EPOCH: 123  acc = 53.0000
2023-10-08 07:21:01,950 - fewshot_scanobjectnn_non_linear_classification - INFO - Save checkpoint at ./experiments/fewshot_scanobjectnn_non_linear_classification/cfgs/LR_0.0006/ckpt-last.pth
2023-10-08 07:21:03,661 - fewshot_scanobjectnn_non_linear_classification - INFO - [Training] EPOCH: 124 EpochTime = 1.709 (s) Losses = ['0.1518', '96.8750'] lr = 0.000044
2023-10-08 07:21:04,929 - fewshot_scanobjectnn_non_linear_classification - INFO - [Validation] EPOCH: 124  acc = 53.0000
2023-10-08 07:21:05,498 - fewshot_scanobjectnn_non_linear_classification - INFO - Save checkpoint at ./experiments/fewshot_scanobjectnn_non_linear_classification/cfgs/LR_0.0006/ckpt-last.pth
2023-10-08 07:21:07,223 - fewshot_scanobjectnn_non_linear_classification - INFO - [Training] EPOCH: 125 EpochTime = 1.723 (s) Losses = ['0.1438', '97.3958'] lr = 0.000041
2023-10-08 07:21:08,458 - fewshot_scanobjectnn_non_linear_classification - INFO - [Validation] EPOCH: 125  acc = 52.0000
2023-10-08 07:21:08,961 - fewshot_scanobjectnn_non_linear_classification - INFO - Save checkpoint at ./experiments/fewshot_scanobjectnn_non_linear_classification/cfgs/LR_0.0006/ckpt-last.pth
2023-10-08 07:21:10,691 - fewshot_scanobjectnn_non_linear_classification - INFO - [Training] EPOCH: 126 EpochTime = 1.729 (s) Losses = ['0.1258', '98.4375'] lr = 0.000038
2023-10-08 07:21:11,917 - fewshot_scanobjectnn_non_linear_classification - INFO - [Validation] EPOCH: 126  acc = 51.5000
2023-10-08 07:21:12,409 - fewshot_scanobjectnn_non_linear_classification - INFO - Save checkpoint at ./experiments/fewshot_scanobjectnn_non_linear_classification/cfgs/LR_0.0006/ckpt-last.pth
2023-10-08 07:21:14,138 - fewshot_scanobjectnn_non_linear_classification - INFO - [Training] EPOCH: 127 EpochTime = 1.727 (s) Losses = ['0.1244', '96.8750'] lr = 0.000035
2023-10-08 07:21:15,379 - fewshot_scanobjectnn_non_linear_classification - INFO - [Validation] EPOCH: 127  acc = 52.0000
2023-10-08 07:21:15,864 - fewshot_scanobjectnn_non_linear_classification - INFO - Save checkpoint at ./experiments/fewshot_scanobjectnn_non_linear_classification/cfgs/LR_0.0006/ckpt-last.pth
2023-10-08 07:21:17,624 - fewshot_scanobjectnn_non_linear_classification - INFO - [Training] EPOCH: 128 EpochTime = 1.759 (s) Losses = ['0.1558', '97.9167'] lr = 0.000032
2023-10-08 07:21:18,899 - fewshot_scanobjectnn_non_linear_classification - INFO - [Validation] EPOCH: 128  acc = 51.0000
2023-10-08 07:21:19,365 - fewshot_scanobjectnn_non_linear_classification - INFO - Save checkpoint at ./experiments/fewshot_scanobjectnn_non_linear_classification/cfgs/LR_0.0006/ckpt-last.pth
2023-10-08 07:21:21,111 - fewshot_scanobjectnn_non_linear_classification - INFO - [Training] EPOCH: 129 EpochTime = 1.745 (s) Losses = ['0.1474', '96.3542'] lr = 0.000030
2023-10-08 07:21:22,336 - fewshot_scanobjectnn_non_linear_classification - INFO - [Validation] EPOCH: 129  acc = 51.5000
2023-10-08 07:21:22,857 - fewshot_scanobjectnn_non_linear_classification - INFO - Save checkpoint at ./experiments/fewshot_scanobjectnn_non_linear_classification/cfgs/LR_0.0006/ckpt-last.pth
2023-10-08 07:21:24,549 - fewshot_scanobjectnn_non_linear_classification - INFO - [Training] EPOCH: 130 EpochTime = 1.690 (s) Losses = ['0.1480', '96.8750'] lr = 0.000027
2023-10-08 07:21:25,790 - fewshot_scanobjectnn_non_linear_classification - INFO - [Validation] EPOCH: 130  acc = 51.5000
2023-10-08 07:21:26,262 - fewshot_scanobjectnn_non_linear_classification - INFO - Save checkpoint at ./experiments/fewshot_scanobjectnn_non_linear_classification/cfgs/LR_0.0006/ckpt-last.pth
2023-10-08 07:21:28,003 - fewshot_scanobjectnn_non_linear_classification - INFO - [Training] EPOCH: 131 EpochTime = 1.739 (s) Losses = ['0.1294', '97.9167'] lr = 0.000024
2023-10-08 07:21:29,228 - fewshot_scanobjectnn_non_linear_classification - INFO - [Validation] EPOCH: 131  acc = 52.0000
2023-10-08 07:21:29,774 - fewshot_scanobjectnn_non_linear_classification - INFO - Save checkpoint at ./experiments/fewshot_scanobjectnn_non_linear_classification/cfgs/LR_0.0006/ckpt-last.pth
2023-10-08 07:21:31,500 - fewshot_scanobjectnn_non_linear_classification - INFO - [Training] EPOCH: 132 EpochTime = 1.724 (s) Losses = ['0.1465', '96.3542'] lr = 0.000022
2023-10-08 07:21:32,721 - fewshot_scanobjectnn_non_linear_classification - INFO - [Validation] EPOCH: 132  acc = 51.0000
2023-10-08 07:21:33,233 - fewshot_scanobjectnn_non_linear_classification - INFO - Save checkpoint at ./experiments/fewshot_scanobjectnn_non_linear_classification/cfgs/LR_0.0006/ckpt-last.pth
2023-10-08 07:21:34,945 - fewshot_scanobjectnn_non_linear_classification - INFO - [Training] EPOCH: 133 EpochTime = 1.710 (s) Losses = ['0.1395', '96.8750'] lr = 0.000020
2023-10-08 07:21:36,203 - fewshot_scanobjectnn_non_linear_classification - INFO - [Validation] EPOCH: 133  acc = 52.0000
2023-10-08 07:21:36,632 - fewshot_scanobjectnn_non_linear_classification - INFO - Save checkpoint at ./experiments/fewshot_scanobjectnn_non_linear_classification/cfgs/LR_0.0006/ckpt-last.pth
2023-10-08 07:21:38,341 - fewshot_scanobjectnn_non_linear_classification - INFO - [Training] EPOCH: 134 EpochTime = 1.708 (s) Losses = ['0.0812', '98.4375'] lr = 0.000018
2023-10-08 07:21:39,563 - fewshot_scanobjectnn_non_linear_classification - INFO - [Validation] EPOCH: 134  acc = 52.0000
2023-10-08 07:21:40,082 - fewshot_scanobjectnn_non_linear_classification - INFO - Save checkpoint at ./experiments/fewshot_scanobjectnn_non_linear_classification/cfgs/LR_0.0006/ckpt-last.pth
2023-10-08 07:21:41,804 - fewshot_scanobjectnn_non_linear_classification - INFO - [Training] EPOCH: 135 EpochTime = 1.720 (s) Losses = ['0.0995', '98.9583'] lr = 0.000016
2023-10-08 07:21:43,084 - fewshot_scanobjectnn_non_linear_classification - INFO - [Validation] EPOCH: 135  acc = 51.5000
2023-10-08 07:21:43,625 - fewshot_scanobjectnn_non_linear_classification - INFO - Save checkpoint at ./experiments/fewshot_scanobjectnn_non_linear_classification/cfgs/LR_0.0006/ckpt-last.pth
2023-10-08 07:21:45,344 - fewshot_scanobjectnn_non_linear_classification - INFO - [Training] EPOCH: 136 EpochTime = 1.717 (s) Losses = ['0.1291', '97.9167'] lr = 0.000014
2023-10-08 07:21:46,578 - fewshot_scanobjectnn_non_linear_classification - INFO - [Validation] EPOCH: 136  acc = 51.5000
2023-10-08 07:21:47,007 - fewshot_scanobjectnn_non_linear_classification - INFO - Save checkpoint at ./experiments/fewshot_scanobjectnn_non_linear_classification/cfgs/LR_0.0006/ckpt-last.pth
2023-10-08 07:21:48,689 - fewshot_scanobjectnn_non_linear_classification - INFO - [Training] EPOCH: 137 EpochTime = 1.681 (s) Losses = ['0.1648', '95.3125'] lr = 0.000012
2023-10-08 07:21:49,929 - fewshot_scanobjectnn_non_linear_classification - INFO - [Validation] EPOCH: 137  acc = 50.5000
2023-10-08 07:21:50,365 - fewshot_scanobjectnn_non_linear_classification - INFO - Save checkpoint at ./experiments/fewshot_scanobjectnn_non_linear_classification/cfgs/LR_0.0006/ckpt-last.pth
2023-10-08 07:21:52,064 - fewshot_scanobjectnn_non_linear_classification - INFO - [Training] EPOCH: 138 EpochTime = 1.698 (s) Losses = ['0.1068', '97.9167'] lr = 0.000010
2023-10-08 07:21:53,335 - fewshot_scanobjectnn_non_linear_classification - INFO - [Validation] EPOCH: 138  acc = 52.0000
2023-10-08 07:21:53,807 - fewshot_scanobjectnn_non_linear_classification - INFO - Save checkpoint at ./experiments/fewshot_scanobjectnn_non_linear_classification/cfgs/LR_0.0006/ckpt-last.pth
2023-10-08 07:21:55,608 - fewshot_scanobjectnn_non_linear_classification - INFO - [Training] EPOCH: 139 EpochTime = 1.799 (s) Losses = ['0.1489', '96.8750'] lr = 0.000009
2023-10-08 07:21:56,840 - fewshot_scanobjectnn_non_linear_classification - INFO - [Validation] EPOCH: 139  acc = 52.5000
2023-10-08 07:21:57,345 - fewshot_scanobjectnn_non_linear_classification - INFO - Save checkpoint at ./experiments/fewshot_scanobjectnn_non_linear_classification/cfgs/LR_0.0006/ckpt-last.pth
2023-10-08 07:21:59,083 - fewshot_scanobjectnn_non_linear_classification - INFO - [Training] EPOCH: 140 EpochTime = 1.737 (s) Losses = ['0.1131', '99.4792'] lr = 0.000008
2023-10-08 07:22:00,310 - fewshot_scanobjectnn_non_linear_classification - INFO - [Validation] EPOCH: 140  acc = 52.0000
2023-10-08 07:22:00,768 - fewshot_scanobjectnn_non_linear_classification - INFO - Save checkpoint at ./experiments/fewshot_scanobjectnn_non_linear_classification/cfgs/LR_0.0006/ckpt-last.pth
2023-10-08 07:22:02,487 - fewshot_scanobjectnn_non_linear_classification - INFO - [Training] EPOCH: 141 EpochTime = 1.717 (s) Losses = ['0.1278', '97.9167'] lr = 0.000006
2023-10-08 07:22:03,755 - fewshot_scanobjectnn_non_linear_classification - INFO - [Validation] EPOCH: 141  acc = 52.0000
2023-10-08 07:22:04,294 - fewshot_scanobjectnn_non_linear_classification - INFO - Save checkpoint at ./experiments/fewshot_scanobjectnn_non_linear_classification/cfgs/LR_0.0006/ckpt-last.pth
2023-10-08 07:22:04,790 - fewshot_scanobjectnn_non_linear_classification - INFO - Save checkpoint at ./experiments/fewshot_scanobjectnn_non_linear_classification/cfgs/LR_0.0006/ckpt-epoch-141.pth
2023-10-08 07:22:06,514 - fewshot_scanobjectnn_non_linear_classification - INFO - [Training] EPOCH: 142 EpochTime = 1.722 (s) Losses = ['0.1390', '97.3958'] lr = 0.000005
2023-10-08 07:22:07,751 - fewshot_scanobjectnn_non_linear_classification - INFO - [Validation] EPOCH: 142  acc = 51.5000
2023-10-08 07:22:08,223 - fewshot_scanobjectnn_non_linear_classification - INFO - Save checkpoint at ./experiments/fewshot_scanobjectnn_non_linear_classification/cfgs/LR_0.0006/ckpt-last.pth
2023-10-08 07:22:08,632 - fewshot_scanobjectnn_non_linear_classification - INFO - Save checkpoint at ./experiments/fewshot_scanobjectnn_non_linear_classification/cfgs/LR_0.0006/ckpt-epoch-142.pth
2023-10-08 07:22:10,316 - fewshot_scanobjectnn_non_linear_classification - INFO - [Training] EPOCH: 143 EpochTime = 1.683 (s) Losses = ['0.1078', '98.4375'] lr = 0.000004
2023-10-08 07:22:11,549 - fewshot_scanobjectnn_non_linear_classification - INFO - [Validation] EPOCH: 143  acc = 51.5000
2023-10-08 07:22:12,003 - fewshot_scanobjectnn_non_linear_classification - INFO - Save checkpoint at ./experiments/fewshot_scanobjectnn_non_linear_classification/cfgs/LR_0.0006/ckpt-last.pth
2023-10-08 07:22:12,430 - fewshot_scanobjectnn_non_linear_classification - INFO - Save checkpoint at ./experiments/fewshot_scanobjectnn_non_linear_classification/cfgs/LR_0.0006/ckpt-epoch-143.pth
2023-10-08 07:22:14,107 - fewshot_scanobjectnn_non_linear_classification - INFO - [Training] EPOCH: 144 EpochTime = 1.675 (s) Losses = ['0.1103', '99.4792'] lr = 0.000003
2023-10-08 07:22:15,374 - fewshot_scanobjectnn_non_linear_classification - INFO - [Validation] EPOCH: 144  acc = 50.5000
2023-10-08 07:22:15,842 - fewshot_scanobjectnn_non_linear_classification - INFO - Save checkpoint at ./experiments/fewshot_scanobjectnn_non_linear_classification/cfgs/LR_0.0006/ckpt-last.pth
2023-10-08 07:22:16,318 - fewshot_scanobjectnn_non_linear_classification - INFO - Save checkpoint at ./experiments/fewshot_scanobjectnn_non_linear_classification/cfgs/LR_0.0006/ckpt-epoch-144.pth
2023-10-08 07:22:18,050 - fewshot_scanobjectnn_non_linear_classification - INFO - [Training] EPOCH: 145 EpochTime = 1.731 (s) Losses = ['0.1192', '98.9583'] lr = 0.000003
2023-10-08 07:22:19,329 - fewshot_scanobjectnn_non_linear_classification - INFO - [Validation] EPOCH: 145  acc = 50.5000
2023-10-08 07:22:19,863 - fewshot_scanobjectnn_non_linear_classification - INFO - Save checkpoint at ./experiments/fewshot_scanobjectnn_non_linear_classification/cfgs/LR_0.0006/ckpt-last.pth
2023-10-08 07:22:20,932 - fewshot_scanobjectnn_non_linear_classification - INFO - Save checkpoint at ./experiments/fewshot_scanobjectnn_non_linear_classification/cfgs/LR_0.0006/ckpt-epoch-145.pth
2023-10-08 07:22:22,687 - fewshot_scanobjectnn_non_linear_classification - INFO - [Training] EPOCH: 146 EpochTime = 1.753 (s) Losses = ['0.1427', '97.3958'] lr = 0.000002
2023-10-08 07:22:23,958 - fewshot_scanobjectnn_non_linear_classification - INFO - [Validation] EPOCH: 146  acc = 50.0000
2023-10-08 07:22:24,538 - fewshot_scanobjectnn_non_linear_classification - INFO - Save checkpoint at ./experiments/fewshot_scanobjectnn_non_linear_classification/cfgs/LR_0.0006/ckpt-last.pth
2023-10-08 07:22:25,286 - fewshot_scanobjectnn_non_linear_classification - INFO - Save checkpoint at ./experiments/fewshot_scanobjectnn_non_linear_classification/cfgs/LR_0.0006/ckpt-epoch-146.pth
2023-10-08 07:22:27,009 - fewshot_scanobjectnn_non_linear_classification - INFO - [Training] EPOCH: 147 EpochTime = 1.722 (s) Losses = ['0.1081', '98.4375'] lr = 0.000002
2023-10-08 07:22:28,240 - fewshot_scanobjectnn_non_linear_classification - INFO - [Validation] EPOCH: 147  acc = 51.5000
2023-10-08 07:22:28,904 - fewshot_scanobjectnn_non_linear_classification - INFO - Save checkpoint at ./experiments/fewshot_scanobjectnn_non_linear_classification/cfgs/LR_0.0006/ckpt-last.pth
2023-10-08 07:22:29,721 - fewshot_scanobjectnn_non_linear_classification - INFO - Save checkpoint at ./experiments/fewshot_scanobjectnn_non_linear_classification/cfgs/LR_0.0006/ckpt-epoch-147.pth
2023-10-08 07:22:31,448 - fewshot_scanobjectnn_non_linear_classification - INFO - [Training] EPOCH: 148 EpochTime = 1.725 (s) Losses = ['0.1403', '97.3958'] lr = 0.000001
2023-10-08 07:22:32,737 - fewshot_scanobjectnn_non_linear_classification - INFO - [Validation] EPOCH: 148  acc = 51.5000
2023-10-08 07:22:33,535 - fewshot_scanobjectnn_non_linear_classification - INFO - Save checkpoint at ./experiments/fewshot_scanobjectnn_non_linear_classification/cfgs/LR_0.0006/ckpt-last.pth
2023-10-08 07:22:34,337 - fewshot_scanobjectnn_non_linear_classification - INFO - Save checkpoint at ./experiments/fewshot_scanobjectnn_non_linear_classification/cfgs/LR_0.0006/ckpt-epoch-148.pth
2023-10-08 07:22:36,066 - fewshot_scanobjectnn_non_linear_classification - INFO - [Training] EPOCH: 149 EpochTime = 1.727 (s) Losses = ['0.0986', '98.9583'] lr = 0.000001
2023-10-08 07:22:37,316 - fewshot_scanobjectnn_non_linear_classification - INFO - [Validation] EPOCH: 149  acc = 52.5000
2023-10-08 07:22:37,793 - fewshot_scanobjectnn_non_linear_classification - INFO - Save checkpoint at ./experiments/fewshot_scanobjectnn_non_linear_classification/cfgs/LR_0.0006/ckpt-last.pth
2023-10-08 07:22:38,307 - fewshot_scanobjectnn_non_linear_classification - INFO - Save checkpoint at ./experiments/fewshot_scanobjectnn_non_linear_classification/cfgs/LR_0.0006/ckpt-epoch-149.pth
2023-10-08 07:22:40,053 - fewshot_scanobjectnn_non_linear_classification - INFO - [Training] EPOCH: 150 EpochTime = 1.745 (s) Losses = ['0.1016', '99.4792'] lr = 0.000001
2023-10-08 07:22:41,372 - fewshot_scanobjectnn_non_linear_classification - INFO - [Validation] EPOCH: 150  acc = 52.0000
2023-10-08 07:22:41,985 - fewshot_scanobjectnn_non_linear_classification - INFO - Save checkpoint at ./experiments/fewshot_scanobjectnn_non_linear_classification/cfgs/LR_0.0006/ckpt-last.pth
2023-10-08 07:22:42,506 - fewshot_scanobjectnn_non_linear_classification - INFO - Save checkpoint at ./experiments/fewshot_scanobjectnn_non_linear_classification/cfgs/LR_0.0006/ckpt-epoch-150.pth
