2023-11-03 00:06:16,151 - fewshot_modelnet_transferring_features - INFO - Copy the Config file from cfgs/fewshot_modelnet_transferring_features.yaml to ./experiments/fewshot_modelnet_transferring_features/cfgs/LR_0.0015/config.yaml
2023-11-03 00:06:16,151 - fewshot_modelnet_transferring_features - INFO - args.config : cfgs/fewshot_modelnet_transferring_features.yaml
2023-11-03 00:06:16,152 - fewshot_modelnet_transferring_features - INFO - args.launcher : none
2023-11-03 00:06:16,152 - fewshot_modelnet_transferring_features - INFO - args.local_rank : 0
2023-11-03 00:06:16,152 - fewshot_modelnet_transferring_features - INFO - args.num_workers : 8
2023-11-03 00:06:16,152 - fewshot_modelnet_transferring_features - INFO - args.seed : 0
2023-11-03 00:06:16,152 - fewshot_modelnet_transferring_features - INFO - args.deterministic : False
2023-11-03 00:06:16,152 - fewshot_modelnet_transferring_features - INFO - args.sync_bn : True
2023-11-03 00:06:16,153 - fewshot_modelnet_transferring_features - INFO - args.large_group : 5
2023-11-03 00:06:16,153 - fewshot_modelnet_transferring_features - INFO - args.small_group : 10
2023-11-03 00:06:16,153 - fewshot_modelnet_transferring_features - INFO - args.large_patch : 6
2023-11-03 00:06:16,153 - fewshot_modelnet_transferring_features - INFO - args.small_patch : 3
2023-11-03 00:06:16,153 - fewshot_modelnet_transferring_features - INFO - args.queue_length : 8192
2023-11-03 00:06:16,153 - fewshot_modelnet_transferring_features - INFO - args.epoch_queue_starts : 10
2023-11-03 00:06:16,153 - fewshot_modelnet_transferring_features - INFO - args.nmb_crops : 64
2023-11-03 00:06:16,154 - fewshot_modelnet_transferring_features - INFO - args.sample_num : 16
2023-11-03 00:06:16,154 - fewshot_modelnet_transferring_features - INFO - args.fea_dim : 384
2023-11-03 00:06:16,154 - fewshot_modelnet_transferring_features - INFO - args.hidden_mlp : 256
2023-11-03 00:06:16,154 - fewshot_modelnet_transferring_features - INFO - args.output_dim : 128
2023-11-03 00:06:16,154 - fewshot_modelnet_transferring_features - INFO - args.nmb_prototypes : 200
2023-11-03 00:06:16,154 - fewshot_modelnet_transferring_features - INFO - args.temperature : 0.1
2023-11-03 00:06:16,155 - fewshot_modelnet_transferring_features - INFO - args.epsilon : 0.05
2023-11-03 00:06:16,155 - fewshot_modelnet_transferring_features - INFO - args.sinkhorn_iterations : 3
2023-11-03 00:06:16,155 - fewshot_modelnet_transferring_features - INFO - args.world_size : 1
2023-11-03 00:06:16,155 - fewshot_modelnet_transferring_features - INFO - args.exp_name : LR_0.0015
2023-11-03 00:06:16,155 - fewshot_modelnet_transferring_features - INFO - args.loss : cd1
2023-11-03 00:06:16,155 - fewshot_modelnet_transferring_features - INFO - args.start_ckpts : None
2023-11-03 00:06:16,155 - fewshot_modelnet_transferring_features - INFO - args.ckpts : ./experiments/pretrain_MaskSurf/cfgs/add_as_normal/ckpt-last.pth
2023-11-03 00:06:16,156 - fewshot_modelnet_transferring_features - INFO - args.val_freq : 1
2023-11-03 00:06:16,156 - fewshot_modelnet_transferring_features - INFO - args.vote : False
2023-11-03 00:06:16,156 - fewshot_modelnet_transferring_features - INFO - args.resume : False
2023-11-03 00:06:16,156 - fewshot_modelnet_transferring_features - INFO - args.test : False
2023-11-03 00:06:16,156 - fewshot_modelnet_transferring_features - INFO - args.finetune_model : True
2023-11-03 00:06:16,156 - fewshot_modelnet_transferring_features - INFO - args.scratch_model : False
2023-11-03 00:06:16,156 - fewshot_modelnet_transferring_features - INFO - args.mode : None
2023-11-03 00:06:16,157 - fewshot_modelnet_transferring_features - INFO - args.way : 5
2023-11-03 00:06:16,157 - fewshot_modelnet_transferring_features - INFO - args.shot : 20
2023-11-03 00:06:16,157 - fewshot_modelnet_transferring_features - INFO - args.fold : 5
2023-11-03 00:06:16,157 - fewshot_modelnet_transferring_features - INFO - args.experiment_path : ./experiments/fewshot_modelnet_transferring_features/cfgs/LR_0.0015
2023-11-03 00:06:16,157 - fewshot_modelnet_transferring_features - INFO - args.tfboard_path : ./experiments/fewshot_modelnet_transferring_features/cfgs/TFBoard/LR_0.0015
2023-11-03 00:06:16,157 - fewshot_modelnet_transferring_features - INFO - args.log_name : fewshot_modelnet_transferring_features
2023-11-03 00:06:16,158 - fewshot_modelnet_transferring_features - INFO - args.use_gpu : True
2023-11-03 00:06:16,158 - fewshot_modelnet_transferring_features - INFO - args.distributed : False
2023-11-03 00:06:16,158 - fewshot_modelnet_transferring_features - INFO - config.optimizer = edict()
2023-11-03 00:06:16,158 - fewshot_modelnet_transferring_features - INFO - config.optimizer.type : AdamW
2023-11-03 00:06:16,158 - fewshot_modelnet_transferring_features - INFO - config.optimizer.part : all
2023-11-03 00:06:16,158 - fewshot_modelnet_transferring_features - INFO - config.optimizer.kwargs = edict()
2023-11-03 00:06:16,159 - fewshot_modelnet_transferring_features - INFO - config.optimizer.kwargs.lr : 0.0015
2023-11-03 00:06:16,159 - fewshot_modelnet_transferring_features - INFO - config.optimizer.kwargs.weight_decay : 0.05
2023-11-03 00:06:16,159 - fewshot_modelnet_transferring_features - INFO - config.scheduler = edict()
2023-11-03 00:06:16,159 - fewshot_modelnet_transferring_features - INFO - config.scheduler.type : CosLR
2023-11-03 00:06:16,159 - fewshot_modelnet_transferring_features - INFO - config.scheduler.kwargs = edict()
2023-11-03 00:06:16,159 - fewshot_modelnet_transferring_features - INFO - config.scheduler.kwargs.epochs : 150
2023-11-03 00:06:16,159 - fewshot_modelnet_transferring_features - INFO - config.scheduler.kwargs.initial_epochs : 10
2023-11-03 00:06:16,160 - fewshot_modelnet_transferring_features - INFO - config.dataset = edict()
2023-11-03 00:06:16,160 - fewshot_modelnet_transferring_features - INFO - config.dataset.train = edict()
2023-11-03 00:06:16,160 - fewshot_modelnet_transferring_features - INFO - config.dataset.train._base_ = edict()
2023-11-03 00:06:16,160 - fewshot_modelnet_transferring_features - INFO - config.dataset.train._base_.NAME : ModelNetFewShot
2023-11-03 00:06:16,160 - fewshot_modelnet_transferring_features - INFO - config.dataset.train._base_.DATA_PATH : data/ModelNetFewshot
2023-11-03 00:06:16,160 - fewshot_modelnet_transferring_features - INFO - config.dataset.train._base_.N_POINTS : 8192
2023-11-03 00:06:16,161 - fewshot_modelnet_transferring_features - INFO - config.dataset.train._base_.NUM_CATEGORY : 40
2023-11-03 00:06:16,161 - fewshot_modelnet_transferring_features - INFO - config.dataset.train._base_.USE_NORMALS : False
2023-11-03 00:06:16,161 - fewshot_modelnet_transferring_features - INFO - config.dataset.train.others = edict()
2023-11-03 00:06:16,161 - fewshot_modelnet_transferring_features - INFO - config.dataset.train.others.subset : train
2023-11-03 00:06:16,161 - fewshot_modelnet_transferring_features - INFO - config.dataset.train.others.bs : 32
2023-11-03 00:06:16,161 - fewshot_modelnet_transferring_features - INFO - config.dataset.val = edict()
2023-11-03 00:06:16,162 - fewshot_modelnet_transferring_features - INFO - config.dataset.val._base_ = edict()
2023-11-03 00:06:16,162 - fewshot_modelnet_transferring_features - INFO - config.dataset.val._base_.NAME : ModelNetFewShot
2023-11-03 00:06:16,162 - fewshot_modelnet_transferring_features - INFO - config.dataset.val._base_.DATA_PATH : data/ModelNetFewshot
2023-11-03 00:06:16,162 - fewshot_modelnet_transferring_features - INFO - config.dataset.val._base_.N_POINTS : 8192
2023-11-03 00:06:16,162 - fewshot_modelnet_transferring_features - INFO - config.dataset.val._base_.NUM_CATEGORY : 40
2023-11-03 00:06:16,162 - fewshot_modelnet_transferring_features - INFO - config.dataset.val._base_.USE_NORMALS : False
2023-11-03 00:06:16,162 - fewshot_modelnet_transferring_features - INFO - config.dataset.val.others = edict()
2023-11-03 00:06:16,162 - fewshot_modelnet_transferring_features - INFO - config.dataset.val.others.subset : test
2023-11-03 00:06:16,162 - fewshot_modelnet_transferring_features - INFO - config.dataset.val.others.bs : 64
2023-11-03 00:06:16,162 - fewshot_modelnet_transferring_features - INFO - config.dataset.test = edict()
2023-11-03 00:06:16,163 - fewshot_modelnet_transferring_features - INFO - config.dataset.test._base_ = edict()
2023-11-03 00:06:16,163 - fewshot_modelnet_transferring_features - INFO - config.dataset.test._base_.NAME : ModelNet
2023-11-03 00:06:16,163 - fewshot_modelnet_transferring_features - INFO - config.dataset.test._base_.DATA_PATH : data/ModelNet/modelnet40_normal_resampled
2023-11-03 00:06:16,163 - fewshot_modelnet_transferring_features - INFO - config.dataset.test._base_.N_POINTS : 8192
2023-11-03 00:06:16,163 - fewshot_modelnet_transferring_features - INFO - config.dataset.test._base_.NUM_CATEGORY : 40
2023-11-03 00:06:16,163 - fewshot_modelnet_transferring_features - INFO - config.dataset.test._base_.USE_NORMALS : False
2023-11-03 00:06:16,163 - fewshot_modelnet_transferring_features - INFO - config.dataset.test.others = edict()
2023-11-03 00:06:16,163 - fewshot_modelnet_transferring_features - INFO - config.dataset.test.others.subset : test
2023-11-03 00:06:16,163 - fewshot_modelnet_transferring_features - INFO - config.dataset.test.others.bs : 32
2023-11-03 00:06:16,163 - fewshot_modelnet_transferring_features - INFO - config.model = edict()
2023-11-03 00:06:16,163 - fewshot_modelnet_transferring_features - INFO - config.model.NAME : PointTransformer
2023-11-03 00:06:16,163 - fewshot_modelnet_transferring_features - INFO - config.model.trans_dim : 384
2023-11-03 00:06:16,164 - fewshot_modelnet_transferring_features - INFO - config.model.depth : 12
2023-11-03 00:06:16,164 - fewshot_modelnet_transferring_features - INFO - config.model.drop_path_rate : 0.1
2023-11-03 00:06:16,164 - fewshot_modelnet_transferring_features - INFO - config.model.cls_dim : 15
2023-11-03 00:06:16,164 - fewshot_modelnet_transferring_features - INFO - config.model.num_heads : 6
2023-11-03 00:06:16,164 - fewshot_modelnet_transferring_features - INFO - config.model.group_size : 32
2023-11-03 00:06:16,164 - fewshot_modelnet_transferring_features - INFO - config.model.num_group : 64
2023-11-03 00:06:16,164 - fewshot_modelnet_transferring_features - INFO - config.model.encoder_dims : 384
2023-11-03 00:06:16,164 - fewshot_modelnet_transferring_features - INFO - config.npoints : 1024
2023-11-03 00:06:16,164 - fewshot_modelnet_transferring_features - INFO - config.total_bs : 32
2023-11-03 00:06:16,164 - fewshot_modelnet_transferring_features - INFO - config.step_per_update : 1
2023-11-03 00:06:16,164 - fewshot_modelnet_transferring_features - INFO - config.max_epoch : 150
2023-11-03 00:06:16,165 - fewshot_modelnet_transferring_features - INFO - config.grad_norm_clip : 10
2023-11-03 00:06:16,165 - fewshot_modelnet_transferring_features - INFO - Distributed training: False
2023-11-03 00:06:16,165 - fewshot_modelnet_transferring_features - INFO - Set random seed to 0, deterministic: False
2023-11-03 00:06:19,035 - fewshot_modelnet_transferring_features - INFO - Using Data parallel ...
2023-11-03 00:06:27,019 - fewshot_modelnet_transferring_features - INFO - [Training] EPOCH: 0 EpochTime = 7.978 (s) Losses = ['2.7578', '11.4583'] lr = 0.000001
2023-11-03 00:06:28,973 - fewshot_modelnet_transferring_features - INFO - Save checkpoint at ./experiments/fewshot_modelnet_transferring_features/cfgs/LR_0.0015/ckpt-last.pth
2023-11-03 00:06:30,408 - fewshot_modelnet_transferring_features - INFO - [Training] EPOCH: 1 EpochTime = 1.434 (s) Losses = ['2.7867', '7.2917'] lr = 0.000151
2023-11-03 00:06:32,613 - fewshot_modelnet_transferring_features - INFO - [Validation] EPOCH: 1  acc = 17.0000
2023-11-03 00:06:34,960 - fewshot_modelnet_transferring_features - INFO - Save checkpoint at ./experiments/fewshot_modelnet_transferring_features/cfgs/LR_0.0015/ckpt-best.pth
2023-11-03 00:06:34,961 - fewshot_modelnet_transferring_features - INFO - --------------------------------------------------------------------------------------------
2023-11-03 00:06:38,688 - fewshot_modelnet_transferring_features - INFO - Save checkpoint at ./experiments/fewshot_modelnet_transferring_features/cfgs/LR_0.0015/ckpt-last.pth
2023-11-03 00:06:40,016 - fewshot_modelnet_transferring_features - INFO - [Training] EPOCH: 2 EpochTime = 1.326 (s) Losses = ['2.6832', '10.4167'] lr = 0.000301
2023-11-03 00:06:41,594 - fewshot_modelnet_transferring_features - INFO - [Validation] EPOCH: 2  acc = 28.0000
2023-11-03 00:06:45,171 - fewshot_modelnet_transferring_features - INFO - Save checkpoint at ./experiments/fewshot_modelnet_transferring_features/cfgs/LR_0.0015/ckpt-best.pth
2023-11-03 00:06:45,171 - fewshot_modelnet_transferring_features - INFO - --------------------------------------------------------------------------------------------
2023-11-03 00:06:48,649 - fewshot_modelnet_transferring_features - INFO - Save checkpoint at ./experiments/fewshot_modelnet_transferring_features/cfgs/LR_0.0015/ckpt-last.pth
2023-11-03 00:06:50,454 - fewshot_modelnet_transferring_features - INFO - [Training] EPOCH: 3 EpochTime = 1.803 (s) Losses = ['2.2043', '37.5000'] lr = 0.000451
2023-11-03 00:06:51,924 - fewshot_modelnet_transferring_features - INFO - [Validation] EPOCH: 3  acc = 70.0000
2023-11-03 00:06:56,078 - fewshot_modelnet_transferring_features - INFO - Save checkpoint at ./experiments/fewshot_modelnet_transferring_features/cfgs/LR_0.0015/ckpt-best.pth
2023-11-03 00:06:56,078 - fewshot_modelnet_transferring_features - INFO - --------------------------------------------------------------------------------------------
2023-11-03 00:07:00,272 - fewshot_modelnet_transferring_features - INFO - Save checkpoint at ./experiments/fewshot_modelnet_transferring_features/cfgs/LR_0.0015/ckpt-last.pth
2023-11-03 00:07:02,182 - fewshot_modelnet_transferring_features - INFO - [Training] EPOCH: 4 EpochTime = 1.907 (s) Losses = ['1.7574', '63.5417'] lr = 0.000601
2023-11-03 00:07:03,252 - fewshot_modelnet_transferring_features - INFO - [Validation] EPOCH: 4  acc = 87.0000
2023-11-03 00:07:05,889 - fewshot_modelnet_transferring_features - INFO - Save checkpoint at ./experiments/fewshot_modelnet_transferring_features/cfgs/LR_0.0015/ckpt-best.pth
2023-11-03 00:07:05,889 - fewshot_modelnet_transferring_features - INFO - --------------------------------------------------------------------------------------------
2023-11-03 00:07:10,011 - fewshot_modelnet_transferring_features - INFO - Save checkpoint at ./experiments/fewshot_modelnet_transferring_features/cfgs/LR_0.0015/ckpt-last.pth
2023-11-03 00:07:12,215 - fewshot_modelnet_transferring_features - INFO - [Training] EPOCH: 5 EpochTime = 2.201 (s) Losses = ['1.3988', '77.0833'] lr = 0.000751
2023-11-03 00:07:13,697 - fewshot_modelnet_transferring_features - INFO - [Validation] EPOCH: 5  acc = 94.0000
2023-11-03 00:07:16,395 - fewshot_modelnet_transferring_features - INFO - Save checkpoint at ./experiments/fewshot_modelnet_transferring_features/cfgs/LR_0.0015/ckpt-best.pth
2023-11-03 00:07:16,396 - fewshot_modelnet_transferring_features - INFO - --------------------------------------------------------------------------------------------
2023-11-03 00:07:20,245 - fewshot_modelnet_transferring_features - INFO - Save checkpoint at ./experiments/fewshot_modelnet_transferring_features/cfgs/LR_0.0015/ckpt-last.pth
2023-11-03 00:07:22,362 - fewshot_modelnet_transferring_features - INFO - [Training] EPOCH: 6 EpochTime = 2.049 (s) Losses = ['1.0767', '90.6250'] lr = 0.000900
2023-11-03 00:07:23,405 - fewshot_modelnet_transferring_features - INFO - [Validation] EPOCH: 6  acc = 93.0000
2023-11-03 00:07:26,824 - fewshot_modelnet_transferring_features - INFO - Save checkpoint at ./experiments/fewshot_modelnet_transferring_features/cfgs/LR_0.0015/ckpt-last.pth
2023-11-03 00:07:28,901 - fewshot_modelnet_transferring_features - INFO - [Training] EPOCH: 7 EpochTime = 2.073 (s) Losses = ['0.7433', '96.8750'] lr = 0.001050
2023-11-03 00:07:29,983 - fewshot_modelnet_transferring_features - INFO - [Validation] EPOCH: 7  acc = 94.0000
2023-11-03 00:07:32,221 - fewshot_modelnet_transferring_features - INFO - Save checkpoint at ./experiments/fewshot_modelnet_transferring_features/cfgs/LR_0.0015/ckpt-last.pth
2023-11-03 00:07:33,643 - fewshot_modelnet_transferring_features - INFO - [Training] EPOCH: 8 EpochTime = 1.419 (s) Losses = ['0.5098', '97.9167'] lr = 0.001200
2023-11-03 00:07:34,947 - fewshot_modelnet_transferring_features - INFO - [Validation] EPOCH: 8  acc = 95.0000
2023-11-03 00:07:36,959 - fewshot_modelnet_transferring_features - INFO - Save checkpoint at ./experiments/fewshot_modelnet_transferring_features/cfgs/LR_0.0015/ckpt-best.pth
2023-11-03 00:07:36,959 - fewshot_modelnet_transferring_features - INFO - --------------------------------------------------------------------------------------------
2023-11-03 00:07:40,716 - fewshot_modelnet_transferring_features - INFO - Save checkpoint at ./experiments/fewshot_modelnet_transferring_features/cfgs/LR_0.0015/ckpt-last.pth
2023-11-03 00:07:42,149 - fewshot_modelnet_transferring_features - INFO - [Training] EPOCH: 9 EpochTime = 1.430 (s) Losses = ['0.2872', '98.9583'] lr = 0.001350
2023-11-03 00:07:43,767 - fewshot_modelnet_transferring_features - INFO - [Validation] EPOCH: 9  acc = 98.0000
2023-11-03 00:07:48,285 - fewshot_modelnet_transferring_features - INFO - Save checkpoint at ./experiments/fewshot_modelnet_transferring_features/cfgs/LR_0.0015/ckpt-best.pth
2023-11-03 00:07:48,286 - fewshot_modelnet_transferring_features - INFO - --------------------------------------------------------------------------------------------
2023-11-03 00:07:50,370 - fewshot_modelnet_transferring_features - INFO - Save checkpoint at ./experiments/fewshot_modelnet_transferring_features/cfgs/LR_0.0015/ckpt-last.pth
2023-11-03 00:07:52,663 - fewshot_modelnet_transferring_features - INFO - [Training] EPOCH: 10 EpochTime = 2.291 (s) Losses = ['0.2644', '97.9167'] lr = 0.001484
2023-11-03 00:07:53,709 - fewshot_modelnet_transferring_features - INFO - [Validation] EPOCH: 10  acc = 97.0000
2023-11-03 00:07:56,707 - fewshot_modelnet_transferring_features - INFO - Save checkpoint at ./experiments/fewshot_modelnet_transferring_features/cfgs/LR_0.0015/ckpt-last.pth
2023-11-03 00:07:58,704 - fewshot_modelnet_transferring_features - INFO - [Training] EPOCH: 11 EpochTime = 1.996 (s) Losses = ['0.1426', '100.0000'] lr = 0.001480
2023-11-03 00:08:00,138 - fewshot_modelnet_transferring_features - INFO - [Validation] EPOCH: 11  acc = 94.0000
2023-11-03 00:08:02,778 - fewshot_modelnet_transferring_features - INFO - Save checkpoint at ./experiments/fewshot_modelnet_transferring_features/cfgs/LR_0.0015/ckpt-last.pth
2023-11-03 00:08:04,675 - fewshot_modelnet_transferring_features - INFO - [Training] EPOCH: 12 EpochTime = 1.894 (s) Losses = ['0.1304', '100.0000'] lr = 0.001476
2023-11-03 00:08:05,790 - fewshot_modelnet_transferring_features - INFO - [Validation] EPOCH: 12  acc = 96.0000
2023-11-03 00:08:08,599 - fewshot_modelnet_transferring_features - INFO - Save checkpoint at ./experiments/fewshot_modelnet_transferring_features/cfgs/LR_0.0015/ckpt-last.pth
2023-11-03 00:08:09,911 - fewshot_modelnet_transferring_features - INFO - [Training] EPOCH: 13 EpochTime = 1.309 (s) Losses = ['0.0804', '100.0000'] lr = 0.001472
2023-11-03 00:08:10,965 - fewshot_modelnet_transferring_features - INFO - [Validation] EPOCH: 13  acc = 98.0000
2023-11-03 00:08:13,694 - fewshot_modelnet_transferring_features - INFO - Save checkpoint at ./experiments/fewshot_modelnet_transferring_features/cfgs/LR_0.0015/ckpt-last.pth
2023-11-03 00:08:15,834 - fewshot_modelnet_transferring_features - INFO - [Training] EPOCH: 14 EpochTime = 2.138 (s) Losses = ['0.0958', '98.9583'] lr = 0.001468
2023-11-03 00:08:17,262 - fewshot_modelnet_transferring_features - INFO - [Validation] EPOCH: 14  acc = 98.0000
2023-11-03 00:08:19,719 - fewshot_modelnet_transferring_features - INFO - Save checkpoint at ./experiments/fewshot_modelnet_transferring_features/cfgs/LR_0.0015/ckpt-last.pth
2023-11-03 00:08:21,591 - fewshot_modelnet_transferring_features - INFO - [Training] EPOCH: 15 EpochTime = 1.869 (s) Losses = ['0.0928', '98.9583'] lr = 0.001463
2023-11-03 00:08:23,063 - fewshot_modelnet_transferring_features - INFO - [Validation] EPOCH: 15  acc = 99.0000
2023-11-03 00:08:25,332 - fewshot_modelnet_transferring_features - INFO - Save checkpoint at ./experiments/fewshot_modelnet_transferring_features/cfgs/LR_0.0015/ckpt-best.pth
2023-11-03 00:08:25,332 - fewshot_modelnet_transferring_features - INFO - --------------------------------------------------------------------------------------------
2023-11-03 00:08:29,479 - fewshot_modelnet_transferring_features - INFO - Save checkpoint at ./experiments/fewshot_modelnet_transferring_features/cfgs/LR_0.0015/ckpt-last.pth
2023-11-03 00:08:31,842 - fewshot_modelnet_transferring_features - INFO - [Training] EPOCH: 16 EpochTime = 2.361 (s) Losses = ['0.0812', '98.9583'] lr = 0.001458
2023-11-03 00:08:33,592 - fewshot_modelnet_transferring_features - INFO - [Validation] EPOCH: 16  acc = 97.0000
2023-11-03 00:08:37,954 - fewshot_modelnet_transferring_features - INFO - Save checkpoint at ./experiments/fewshot_modelnet_transferring_features/cfgs/LR_0.0015/ckpt-last.pth
2023-11-03 00:08:39,402 - fewshot_modelnet_transferring_features - INFO - [Training] EPOCH: 17 EpochTime = 1.446 (s) Losses = ['0.0469', '100.0000'] lr = 0.001453
2023-11-03 00:08:40,903 - fewshot_modelnet_transferring_features - INFO - [Validation] EPOCH: 17  acc = 96.0000
2023-11-03 00:08:45,655 - fewshot_modelnet_transferring_features - INFO - Save checkpoint at ./experiments/fewshot_modelnet_transferring_features/cfgs/LR_0.0015/ckpt-last.pth
2023-11-03 00:08:47,138 - fewshot_modelnet_transferring_features - INFO - [Training] EPOCH: 18 EpochTime = 1.482 (s) Losses = ['0.0415', '100.0000'] lr = 0.001447
2023-11-03 00:08:48,800 - fewshot_modelnet_transferring_features - INFO - [Validation] EPOCH: 18  acc = 96.0000
2023-11-03 00:08:52,161 - fewshot_modelnet_transferring_features - INFO - Save checkpoint at ./experiments/fewshot_modelnet_transferring_features/cfgs/LR_0.0015/ckpt-last.pth
2023-11-03 00:08:54,230 - fewshot_modelnet_transferring_features - INFO - [Training] EPOCH: 19 EpochTime = 2.067 (s) Losses = ['0.0430', '100.0000'] lr = 0.001441
2023-11-03 00:08:55,722 - fewshot_modelnet_transferring_features - INFO - [Validation] EPOCH: 19  acc = 96.0000
2023-11-03 00:09:00,260 - fewshot_modelnet_transferring_features - INFO - Save checkpoint at ./experiments/fewshot_modelnet_transferring_features/cfgs/LR_0.0015/ckpt-last.pth
2023-11-03 00:09:01,611 - fewshot_modelnet_transferring_features - INFO - [Training] EPOCH: 20 EpochTime = 1.349 (s) Losses = ['0.0328', '100.0000'] lr = 0.001435
2023-11-03 00:09:02,632 - fewshot_modelnet_transferring_features - INFO - [Validation] EPOCH: 20  acc = 96.0000
2023-11-03 00:09:06,155 - fewshot_modelnet_transferring_features - INFO - Save checkpoint at ./experiments/fewshot_modelnet_transferring_features/cfgs/LR_0.0015/ckpt-last.pth
2023-11-03 00:09:07,901 - fewshot_modelnet_transferring_features - INFO - [Training] EPOCH: 21 EpochTime = 1.744 (s) Losses = ['0.0355', '100.0000'] lr = 0.001429
2023-11-03 00:09:08,984 - fewshot_modelnet_transferring_features - INFO - [Validation] EPOCH: 21  acc = 97.0000
2023-11-03 00:09:11,916 - fewshot_modelnet_transferring_features - INFO - Save checkpoint at ./experiments/fewshot_modelnet_transferring_features/cfgs/LR_0.0015/ckpt-last.pth
2023-11-03 00:09:13,496 - fewshot_modelnet_transferring_features - INFO - [Training] EPOCH: 22 EpochTime = 1.578 (s) Losses = ['0.0318', '100.0000'] lr = 0.001422
2023-11-03 00:09:14,900 - fewshot_modelnet_transferring_features - INFO - [Validation] EPOCH: 22  acc = 98.0000
2023-11-03 00:09:16,915 - fewshot_modelnet_transferring_features - INFO - Save checkpoint at ./experiments/fewshot_modelnet_transferring_features/cfgs/LR_0.0015/ckpt-last.pth
2023-11-03 00:09:19,733 - fewshot_modelnet_transferring_features - INFO - [Training] EPOCH: 23 EpochTime = 2.816 (s) Losses = ['0.0398', '100.0000'] lr = 0.001415
2023-11-03 00:09:21,107 - fewshot_modelnet_transferring_features - INFO - [Validation] EPOCH: 23  acc = 99.0000
2023-11-03 00:09:24,466 - fewshot_modelnet_transferring_features - INFO - Save checkpoint at ./experiments/fewshot_modelnet_transferring_features/cfgs/LR_0.0015/ckpt-last.pth
2023-11-03 00:09:25,787 - fewshot_modelnet_transferring_features - INFO - [Training] EPOCH: 24 EpochTime = 1.318 (s) Losses = ['0.0283', '100.0000'] lr = 0.001407
2023-11-03 00:09:27,297 - fewshot_modelnet_transferring_features - INFO - [Validation] EPOCH: 24  acc = 99.0000
2023-11-03 00:09:30,332 - fewshot_modelnet_transferring_features - INFO - Save checkpoint at ./experiments/fewshot_modelnet_transferring_features/cfgs/LR_0.0015/ckpt-last.pth
2023-11-03 00:09:31,628 - fewshot_modelnet_transferring_features - INFO - [Training] EPOCH: 25 EpochTime = 1.295 (s) Losses = ['0.0180', '100.0000'] lr = 0.001400
2023-11-03 00:09:33,092 - fewshot_modelnet_transferring_features - INFO - [Validation] EPOCH: 25  acc = 98.0000
2023-11-03 00:09:36,094 - fewshot_modelnet_transferring_features - INFO - Save checkpoint at ./experiments/fewshot_modelnet_transferring_features/cfgs/LR_0.0015/ckpt-last.pth
2023-11-03 00:09:37,969 - fewshot_modelnet_transferring_features - INFO - [Training] EPOCH: 26 EpochTime = 1.872 (s) Losses = ['0.0253', '100.0000'] lr = 0.001392
2023-11-03 00:09:39,385 - fewshot_modelnet_transferring_features - INFO - [Validation] EPOCH: 26  acc = 97.0000
2023-11-03 00:09:42,022 - fewshot_modelnet_transferring_features - INFO - Save checkpoint at ./experiments/fewshot_modelnet_transferring_features/cfgs/LR_0.0015/ckpt-last.pth
2023-11-03 00:09:43,786 - fewshot_modelnet_transferring_features - INFO - [Training] EPOCH: 27 EpochTime = 1.762 (s) Losses = ['0.0187', '100.0000'] lr = 0.001383
2023-11-03 00:09:44,891 - fewshot_modelnet_transferring_features - INFO - [Validation] EPOCH: 27  acc = 97.0000
2023-11-03 00:09:47,329 - fewshot_modelnet_transferring_features - INFO - Save checkpoint at ./experiments/fewshot_modelnet_transferring_features/cfgs/LR_0.0015/ckpt-last.pth
2023-11-03 00:09:48,668 - fewshot_modelnet_transferring_features - INFO - [Training] EPOCH: 28 EpochTime = 1.337 (s) Losses = ['0.0144', '100.0000'] lr = 0.001375
2023-11-03 00:09:49,732 - fewshot_modelnet_transferring_features - INFO - [Validation] EPOCH: 28  acc = 97.0000
2023-11-03 00:09:53,512 - fewshot_modelnet_transferring_features - INFO - Save checkpoint at ./experiments/fewshot_modelnet_transferring_features/cfgs/LR_0.0015/ckpt-last.pth
2023-11-03 00:09:55,437 - fewshot_modelnet_transferring_features - INFO - [Training] EPOCH: 29 EpochTime = 1.923 (s) Losses = ['0.0199', '100.0000'] lr = 0.001366
2023-11-03 00:09:56,778 - fewshot_modelnet_transferring_features - INFO - [Validation] EPOCH: 29  acc = 97.0000
2023-11-03 00:09:59,108 - fewshot_modelnet_transferring_features - INFO - Save checkpoint at ./experiments/fewshot_modelnet_transferring_features/cfgs/LR_0.0015/ckpt-last.pth
2023-11-03 00:10:00,877 - fewshot_modelnet_transferring_features - INFO - [Training] EPOCH: 30 EpochTime = 1.767 (s) Losses = ['0.0174', '100.0000'] lr = 0.001357
2023-11-03 00:10:02,174 - fewshot_modelnet_transferring_features - INFO - [Validation] EPOCH: 30  acc = 96.0000
2023-11-03 00:10:04,608 - fewshot_modelnet_transferring_features - INFO - Save checkpoint at ./experiments/fewshot_modelnet_transferring_features/cfgs/LR_0.0015/ckpt-last.pth
2023-11-03 00:10:06,643 - fewshot_modelnet_transferring_features - INFO - [Training] EPOCH: 31 EpochTime = 2.032 (s) Losses = ['0.0158', '100.0000'] lr = 0.001347
2023-11-03 00:10:07,845 - fewshot_modelnet_transferring_features - INFO - [Validation] EPOCH: 31  acc = 96.0000
2023-11-03 00:10:09,905 - fewshot_modelnet_transferring_features - INFO - Save checkpoint at ./experiments/fewshot_modelnet_transferring_features/cfgs/LR_0.0015/ckpt-last.pth
2023-11-03 00:10:12,223 - fewshot_modelnet_transferring_features - INFO - [Training] EPOCH: 32 EpochTime = 2.313 (s) Losses = ['0.0664', '97.9167'] lr = 0.001338
2023-11-03 00:10:13,633 - fewshot_modelnet_transferring_features - INFO - [Validation] EPOCH: 32  acc = 96.0000
2023-11-03 00:10:15,460 - fewshot_modelnet_transferring_features - INFO - Save checkpoint at ./experiments/fewshot_modelnet_transferring_features/cfgs/LR_0.0015/ckpt-last.pth
2023-11-03 00:10:17,639 - fewshot_modelnet_transferring_features - INFO - [Training] EPOCH: 33 EpochTime = 2.177 (s) Losses = ['0.0529', '98.9583'] lr = 0.001328
2023-11-03 00:10:19,199 - fewshot_modelnet_transferring_features - INFO - [Validation] EPOCH: 33  acc = 94.0000
2023-11-03 00:10:21,880 - fewshot_modelnet_transferring_features - INFO - Save checkpoint at ./experiments/fewshot_modelnet_transferring_features/cfgs/LR_0.0015/ckpt-last.pth
2023-11-03 00:10:23,328 - fewshot_modelnet_transferring_features - INFO - [Training] EPOCH: 34 EpochTime = 1.446 (s) Losses = ['0.0622', '98.9583'] lr = 0.001318
2023-11-03 00:10:24,443 - fewshot_modelnet_transferring_features - INFO - [Validation] EPOCH: 34  acc = 97.0000
2023-11-03 00:10:26,787 - fewshot_modelnet_transferring_features - INFO - Save checkpoint at ./experiments/fewshot_modelnet_transferring_features/cfgs/LR_0.0015/ckpt-last.pth
2023-11-03 00:10:28,196 - fewshot_modelnet_transferring_features - INFO - [Training] EPOCH: 35 EpochTime = 1.408 (s) Losses = ['0.0176', '100.0000'] lr = 0.001307
2023-11-03 00:10:29,307 - fewshot_modelnet_transferring_features - INFO - [Validation] EPOCH: 35  acc = 98.0000
2023-11-03 00:10:33,341 - fewshot_modelnet_transferring_features - INFO - Save checkpoint at ./experiments/fewshot_modelnet_transferring_features/cfgs/LR_0.0015/ckpt-last.pth
2023-11-03 00:10:34,779 - fewshot_modelnet_transferring_features - INFO - [Training] EPOCH: 36 EpochTime = 1.435 (s) Losses = ['0.0268', '100.0000'] lr = 0.001297
2023-11-03 00:10:36,070 - fewshot_modelnet_transferring_features - INFO - [Validation] EPOCH: 36  acc = 97.0000
2023-11-03 00:10:38,648 - fewshot_modelnet_transferring_features - INFO - Save checkpoint at ./experiments/fewshot_modelnet_transferring_features/cfgs/LR_0.0015/ckpt-last.pth
2023-11-03 00:10:40,186 - fewshot_modelnet_transferring_features - INFO - [Training] EPOCH: 37 EpochTime = 1.427 (s) Losses = ['0.0114', '100.0000'] lr = 0.001286
2023-11-03 00:10:41,295 - fewshot_modelnet_transferring_features - INFO - [Validation] EPOCH: 37  acc = 97.0000
2023-11-03 00:10:43,159 - fewshot_modelnet_transferring_features - INFO - Save checkpoint at ./experiments/fewshot_modelnet_transferring_features/cfgs/LR_0.0015/ckpt-last.pth
2023-11-03 00:10:45,883 - fewshot_modelnet_transferring_features - INFO - [Training] EPOCH: 38 EpochTime = 2.720 (s) Losses = ['0.0101', '100.0000'] lr = 0.001275
2023-11-03 00:10:47,082 - fewshot_modelnet_transferring_features - INFO - [Validation] EPOCH: 38  acc = 96.0000
2023-11-03 00:10:48,840 - fewshot_modelnet_transferring_features - INFO - Save checkpoint at ./experiments/fewshot_modelnet_transferring_features/cfgs/LR_0.0015/ckpt-last.pth
2023-11-03 00:10:51,274 - fewshot_modelnet_transferring_features - INFO - [Training] EPOCH: 39 EpochTime = 2.431 (s) Losses = ['0.0139', '100.0000'] lr = 0.001264
2023-11-03 00:10:52,696 - fewshot_modelnet_transferring_features - INFO - [Validation] EPOCH: 39  acc = 96.0000
2023-11-03 00:10:55,947 - fewshot_modelnet_transferring_features - INFO - Save checkpoint at ./experiments/fewshot_modelnet_transferring_features/cfgs/LR_0.0015/ckpt-last.pth
2023-11-03 00:10:57,970 - fewshot_modelnet_transferring_features - INFO - [Training] EPOCH: 40 EpochTime = 2.019 (s) Losses = ['0.0191', '100.0000'] lr = 0.001252
2023-11-03 00:10:59,752 - fewshot_modelnet_transferring_features - INFO - [Validation] EPOCH: 40  acc = 97.0000
2023-11-03 00:11:05,245 - fewshot_modelnet_transferring_features - INFO - Save checkpoint at ./experiments/fewshot_modelnet_transferring_features/cfgs/LR_0.0015/ckpt-last.pth
2023-11-03 00:11:06,979 - fewshot_modelnet_transferring_features - INFO - [Training] EPOCH: 41 EpochTime = 1.730 (s) Losses = ['0.0146', '100.0000'] lr = 0.001240
2023-11-03 00:11:08,593 - fewshot_modelnet_transferring_features - INFO - [Validation] EPOCH: 41  acc = 98.0000
2023-11-03 00:11:13,688 - fewshot_modelnet_transferring_features - INFO - Save checkpoint at ./experiments/fewshot_modelnet_transferring_features/cfgs/LR_0.0015/ckpt-last.pth
2023-11-03 00:11:16,186 - fewshot_modelnet_transferring_features - INFO - [Training] EPOCH: 42 EpochTime = 2.494 (s) Losses = ['0.0167', '100.0000'] lr = 0.001228
2023-11-03 00:11:17,764 - fewshot_modelnet_transferring_features - INFO - [Validation] EPOCH: 42  acc = 98.0000
2023-11-03 00:11:21,030 - fewshot_modelnet_transferring_features - INFO - Save checkpoint at ./experiments/fewshot_modelnet_transferring_features/cfgs/LR_0.0015/ckpt-last.pth
2023-11-03 00:11:23,094 - fewshot_modelnet_transferring_features - INFO - [Training] EPOCH: 43 EpochTime = 2.062 (s) Losses = ['0.0210', '100.0000'] lr = 0.001216
2023-11-03 00:11:24,246 - fewshot_modelnet_transferring_features - INFO - [Validation] EPOCH: 43  acc = 98.0000
2023-11-03 00:11:26,950 - fewshot_modelnet_transferring_features - INFO - Save checkpoint at ./experiments/fewshot_modelnet_transferring_features/cfgs/LR_0.0015/ckpt-last.pth
2023-11-03 00:11:28,382 - fewshot_modelnet_transferring_features - INFO - [Training] EPOCH: 44 EpochTime = 1.430 (s) Losses = ['0.0117', '100.0000'] lr = 0.001204
2023-11-03 00:11:29,726 - fewshot_modelnet_transferring_features - INFO - [Validation] EPOCH: 44  acc = 98.0000
2023-11-03 00:11:32,780 - fewshot_modelnet_transferring_features - INFO - Save checkpoint at ./experiments/fewshot_modelnet_transferring_features/cfgs/LR_0.0015/ckpt-last.pth
2023-11-03 00:11:34,239 - fewshot_modelnet_transferring_features - INFO - [Training] EPOCH: 45 EpochTime = 1.457 (s) Losses = ['0.0145', '100.0000'] lr = 0.001191
2023-11-03 00:11:35,929 - fewshot_modelnet_transferring_features - INFO - [Validation] EPOCH: 45  acc = 98.0000
2023-11-03 00:11:38,103 - fewshot_modelnet_transferring_features - INFO - Save checkpoint at ./experiments/fewshot_modelnet_transferring_features/cfgs/LR_0.0015/ckpt-last.pth
2023-11-03 00:11:39,517 - fewshot_modelnet_transferring_features - INFO - [Training] EPOCH: 46 EpochTime = 1.412 (s) Losses = ['0.0203', '100.0000'] lr = 0.001178
2023-11-03 00:11:40,812 - fewshot_modelnet_transferring_features - INFO - [Validation] EPOCH: 46  acc = 98.0000
2023-11-03 00:11:43,163 - fewshot_modelnet_transferring_features - INFO - Save checkpoint at ./experiments/fewshot_modelnet_transferring_features/cfgs/LR_0.0015/ckpt-last.pth
2023-11-03 00:11:44,569 - fewshot_modelnet_transferring_features - INFO - [Training] EPOCH: 47 EpochTime = 1.404 (s) Losses = ['0.0131', '100.0000'] lr = 0.001165
2023-11-03 00:11:46,223 - fewshot_modelnet_transferring_features - INFO - [Validation] EPOCH: 47  acc = 98.0000
2023-11-03 00:11:49,811 - fewshot_modelnet_transferring_features - INFO - Save checkpoint at ./experiments/fewshot_modelnet_transferring_features/cfgs/LR_0.0015/ckpt-last.pth
2023-11-03 00:11:51,875 - fewshot_modelnet_transferring_features - INFO - [Training] EPOCH: 48 EpochTime = 2.058 (s) Losses = ['0.0084', '100.0000'] lr = 0.001152
2023-11-03 00:11:53,107 - fewshot_modelnet_transferring_features - INFO - [Validation] EPOCH: 48  acc = 97.0000
2023-11-03 00:11:55,629 - fewshot_modelnet_transferring_features - INFO - Save checkpoint at ./experiments/fewshot_modelnet_transferring_features/cfgs/LR_0.0015/ckpt-last.pth
2023-11-03 00:11:57,412 - fewshot_modelnet_transferring_features - INFO - [Training] EPOCH: 49 EpochTime = 1.778 (s) Losses = ['0.0094', '100.0000'] lr = 0.001139
2023-11-03 00:11:58,741 - fewshot_modelnet_transferring_features - INFO - [Validation] EPOCH: 49  acc = 98.0000
2023-11-03 00:12:01,007 - fewshot_modelnet_transferring_features - INFO - Save checkpoint at ./experiments/fewshot_modelnet_transferring_features/cfgs/LR_0.0015/ckpt-last.pth
2023-11-03 00:12:02,470 - fewshot_modelnet_transferring_features - INFO - [Training] EPOCH: 50 EpochTime = 1.461 (s) Losses = ['0.0081', '100.0000'] lr = 0.001125
2023-11-03 00:12:03,853 - fewshot_modelnet_transferring_features - INFO - [Validation] EPOCH: 50  acc = 97.0000
2023-11-03 00:12:07,329 - fewshot_modelnet_transferring_features - INFO - Save checkpoint at ./experiments/fewshot_modelnet_transferring_features/cfgs/LR_0.0015/ckpt-last.pth
2023-11-03 00:12:09,174 - fewshot_modelnet_transferring_features - INFO - [Training] EPOCH: 51 EpochTime = 1.843 (s) Losses = ['0.0047', '100.0000'] lr = 0.001112
2023-11-03 00:12:10,786 - fewshot_modelnet_transferring_features - INFO - [Validation] EPOCH: 51  acc = 97.0000
2023-11-03 00:12:13,287 - fewshot_modelnet_transferring_features - INFO - Save checkpoint at ./experiments/fewshot_modelnet_transferring_features/cfgs/LR_0.0015/ckpt-last.pth
2023-11-03 00:12:14,725 - fewshot_modelnet_transferring_features - INFO - [Training] EPOCH: 52 EpochTime = 1.436 (s) Losses = ['0.0111', '100.0000'] lr = 0.001098
2023-11-03 00:12:16,069 - fewshot_modelnet_transferring_features - INFO - [Validation] EPOCH: 52  acc = 97.0000
2023-11-03 00:12:18,816 - fewshot_modelnet_transferring_features - INFO - Save checkpoint at ./experiments/fewshot_modelnet_transferring_features/cfgs/LR_0.0015/ckpt-last.pth
2023-11-03 00:12:20,810 - fewshot_modelnet_transferring_features - INFO - [Training] EPOCH: 53 EpochTime = 1.993 (s) Losses = ['0.0081', '100.0000'] lr = 0.001084
2023-11-03 00:12:21,950 - fewshot_modelnet_transferring_features - INFO - [Validation] EPOCH: 53  acc = 97.0000
2023-11-03 00:12:25,821 - fewshot_modelnet_transferring_features - INFO - Save checkpoint at ./experiments/fewshot_modelnet_transferring_features/cfgs/LR_0.0015/ckpt-last.pth
2023-11-03 00:12:28,392 - fewshot_modelnet_transferring_features - INFO - [Training] EPOCH: 54 EpochTime = 2.569 (s) Losses = ['0.0073', '100.0000'] lr = 0.001070
2023-11-03 00:12:29,529 - fewshot_modelnet_transferring_features - INFO - [Validation] EPOCH: 54  acc = 97.0000
2023-11-03 00:12:31,408 - fewshot_modelnet_transferring_features - INFO - Save checkpoint at ./experiments/fewshot_modelnet_transferring_features/cfgs/LR_0.0015/ckpt-last.pth
2023-11-03 00:12:33,489 - fewshot_modelnet_transferring_features - INFO - [Training] EPOCH: 55 EpochTime = 2.080 (s) Losses = ['0.0056', '100.0000'] lr = 0.001055
2023-11-03 00:12:34,654 - fewshot_modelnet_transferring_features - INFO - [Validation] EPOCH: 55  acc = 97.0000
2023-11-03 00:12:36,728 - fewshot_modelnet_transferring_features - INFO - Save checkpoint at ./experiments/fewshot_modelnet_transferring_features/cfgs/LR_0.0015/ckpt-last.pth
2023-11-03 00:12:39,099 - fewshot_modelnet_transferring_features - INFO - [Training] EPOCH: 56 EpochTime = 2.368 (s) Losses = ['0.0171', '100.0000'] lr = 0.001041
2023-11-03 00:12:40,362 - fewshot_modelnet_transferring_features - INFO - [Validation] EPOCH: 56  acc = 97.0000
2023-11-03 00:12:42,573 - fewshot_modelnet_transferring_features - INFO - Save checkpoint at ./experiments/fewshot_modelnet_transferring_features/cfgs/LR_0.0015/ckpt-last.pth
2023-11-03 00:12:44,709 - fewshot_modelnet_transferring_features - INFO - [Training] EPOCH: 57 EpochTime = 2.133 (s) Losses = ['0.0081', '100.0000'] lr = 0.001026
2023-11-03 00:12:46,256 - fewshot_modelnet_transferring_features - INFO - [Validation] EPOCH: 57  acc = 97.0000
2023-11-03 00:12:49,179 - fewshot_modelnet_transferring_features - INFO - Save checkpoint at ./experiments/fewshot_modelnet_transferring_features/cfgs/LR_0.0015/ckpt-last.pth
2023-11-03 00:12:51,630 - fewshot_modelnet_transferring_features - INFO - [Training] EPOCH: 58 EpochTime = 2.450 (s) Losses = ['0.0080', '100.0000'] lr = 0.001012
2023-11-03 00:12:52,839 - fewshot_modelnet_transferring_features - INFO - [Validation] EPOCH: 58  acc = 98.0000
2023-11-03 00:12:54,509 - fewshot_modelnet_transferring_features - INFO - Save checkpoint at ./experiments/fewshot_modelnet_transferring_features/cfgs/LR_0.0015/ckpt-last.pth
2023-11-03 00:12:55,986 - fewshot_modelnet_transferring_features - INFO - [Training] EPOCH: 59 EpochTime = 1.474 (s) Losses = ['0.0110', '100.0000'] lr = 0.000997
2023-11-03 00:12:57,400 - fewshot_modelnet_transferring_features - INFO - [Validation] EPOCH: 59  acc = 98.0000
2023-11-03 00:12:59,286 - fewshot_modelnet_transferring_features - INFO - Save checkpoint at ./experiments/fewshot_modelnet_transferring_features/cfgs/LR_0.0015/ckpt-last.pth
2023-11-03 00:13:00,819 - fewshot_modelnet_transferring_features - INFO - [Training] EPOCH: 60 EpochTime = 1.529 (s) Losses = ['0.0069', '100.0000'] lr = 0.000982
2023-11-03 00:13:02,317 - fewshot_modelnet_transferring_features - INFO - [Validation] EPOCH: 60  acc = 98.0000
2023-11-03 00:13:05,155 - fewshot_modelnet_transferring_features - INFO - Save checkpoint at ./experiments/fewshot_modelnet_transferring_features/cfgs/LR_0.0015/ckpt-last.pth
2023-11-03 00:13:06,854 - fewshot_modelnet_transferring_features - INFO - [Training] EPOCH: 61 EpochTime = 1.695 (s) Losses = ['0.0120', '100.0000'] lr = 0.000967
2023-11-03 00:13:08,476 - fewshot_modelnet_transferring_features - INFO - [Validation] EPOCH: 61  acc = 98.0000
2023-11-03 00:13:11,787 - fewshot_modelnet_transferring_features - INFO - Save checkpoint at ./experiments/fewshot_modelnet_transferring_features/cfgs/LR_0.0015/ckpt-last.pth
2023-11-03 00:13:13,174 - fewshot_modelnet_transferring_features - INFO - [Training] EPOCH: 62 EpochTime = 1.385 (s) Losses = ['0.0052', '100.0000'] lr = 0.000952
2023-11-03 00:13:14,781 - fewshot_modelnet_transferring_features - INFO - [Validation] EPOCH: 62  acc = 98.0000
2023-11-03 00:13:17,245 - fewshot_modelnet_transferring_features - INFO - Save checkpoint at ./experiments/fewshot_modelnet_transferring_features/cfgs/LR_0.0015/ckpt-last.pth
2023-11-03 00:13:18,665 - fewshot_modelnet_transferring_features - INFO - [Training] EPOCH: 63 EpochTime = 1.417 (s) Losses = ['0.0089', '100.0000'] lr = 0.000937
2023-11-03 00:13:20,460 - fewshot_modelnet_transferring_features - INFO - [Validation] EPOCH: 63  acc = 97.0000
2023-11-03 00:13:22,859 - fewshot_modelnet_transferring_features - INFO - Save checkpoint at ./experiments/fewshot_modelnet_transferring_features/cfgs/LR_0.0015/ckpt-last.pth
2023-11-03 00:13:24,326 - fewshot_modelnet_transferring_features - INFO - [Training] EPOCH: 64 EpochTime = 1.464 (s) Losses = ['0.0052', '100.0000'] lr = 0.000922
2023-11-03 00:13:25,741 - fewshot_modelnet_transferring_features - INFO - [Validation] EPOCH: 64  acc = 97.0000
2023-11-03 00:13:27,283 - fewshot_modelnet_transferring_features - INFO - Save checkpoint at ./experiments/fewshot_modelnet_transferring_features/cfgs/LR_0.0015/ckpt-last.pth
2023-11-03 00:13:28,942 - fewshot_modelnet_transferring_features - INFO - [Training] EPOCH: 65 EpochTime = 1.658 (s) Losses = ['0.0055', '100.0000'] lr = 0.000906
2023-11-03 00:13:30,461 - fewshot_modelnet_transferring_features - INFO - [Validation] EPOCH: 65  acc = 97.0000
2023-11-03 00:13:32,231 - fewshot_modelnet_transferring_features - INFO - Save checkpoint at ./experiments/fewshot_modelnet_transferring_features/cfgs/LR_0.0015/ckpt-last.pth
2023-11-03 00:13:34,454 - fewshot_modelnet_transferring_features - INFO - [Training] EPOCH: 66 EpochTime = 2.220 (s) Losses = ['0.0055', '100.0000'] lr = 0.000891
2023-11-03 00:13:35,634 - fewshot_modelnet_transferring_features - INFO - [Validation] EPOCH: 66  acc = 97.0000
2023-11-03 00:13:37,875 - fewshot_modelnet_transferring_features - INFO - Save checkpoint at ./experiments/fewshot_modelnet_transferring_features/cfgs/LR_0.0015/ckpt-last.pth
2023-11-03 00:13:39,342 - fewshot_modelnet_transferring_features - INFO - [Training] EPOCH: 67 EpochTime = 1.463 (s) Losses = ['0.0081', '100.0000'] lr = 0.000875
2023-11-03 00:13:40,975 - fewshot_modelnet_transferring_features - INFO - [Validation] EPOCH: 67  acc = 97.0000
2023-11-03 00:13:42,566 - fewshot_modelnet_transferring_features - INFO - Save checkpoint at ./experiments/fewshot_modelnet_transferring_features/cfgs/LR_0.0015/ckpt-last.pth
2023-11-03 00:13:44,043 - fewshot_modelnet_transferring_features - INFO - [Training] EPOCH: 68 EpochTime = 1.472 (s) Losses = ['0.0065', '100.0000'] lr = 0.000860
2023-11-03 00:13:45,399 - fewshot_modelnet_transferring_features - INFO - [Validation] EPOCH: 68  acc = 97.0000
2023-11-03 00:13:49,226 - fewshot_modelnet_transferring_features - INFO - Save checkpoint at ./experiments/fewshot_modelnet_transferring_features/cfgs/LR_0.0015/ckpt-last.pth
2023-11-03 00:13:50,694 - fewshot_modelnet_transferring_features - INFO - [Training] EPOCH: 69 EpochTime = 1.467 (s) Losses = ['0.0071', '100.0000'] lr = 0.000844
2023-11-03 00:13:52,284 - fewshot_modelnet_transferring_features - INFO - [Validation] EPOCH: 69  acc = 98.0000
2023-11-03 00:13:53,973 - fewshot_modelnet_transferring_features - INFO - Save checkpoint at ./experiments/fewshot_modelnet_transferring_features/cfgs/LR_0.0015/ckpt-last.pth
2023-11-03 00:13:55,507 - fewshot_modelnet_transferring_features - INFO - [Training] EPOCH: 70 EpochTime = 1.530 (s) Losses = ['0.0076', '100.0000'] lr = 0.000829
2023-11-03 00:13:56,852 - fewshot_modelnet_transferring_features - INFO - [Validation] EPOCH: 70  acc = 98.0000
2023-11-03 00:13:59,960 - fewshot_modelnet_transferring_features - INFO - Save checkpoint at ./experiments/fewshot_modelnet_transferring_features/cfgs/LR_0.0015/ckpt-last.pth
2023-11-03 00:14:01,630 - fewshot_modelnet_transferring_features - INFO - [Training] EPOCH: 71 EpochTime = 1.663 (s) Losses = ['0.0074', '100.0000'] lr = 0.000813
2023-11-03 00:14:03,096 - fewshot_modelnet_transferring_features - INFO - [Validation] EPOCH: 71  acc = 98.0000
2023-11-03 00:14:06,177 - fewshot_modelnet_transferring_features - INFO - Save checkpoint at ./experiments/fewshot_modelnet_transferring_features/cfgs/LR_0.0015/ckpt-last.pth
2023-11-03 00:14:07,761 - fewshot_modelnet_transferring_features - INFO - [Training] EPOCH: 72 EpochTime = 1.582 (s) Losses = ['0.0077', '100.0000'] lr = 0.000798
2023-11-03 00:14:09,384 - fewshot_modelnet_transferring_features - INFO - [Validation] EPOCH: 72  acc = 98.0000
2023-11-03 00:14:12,341 - fewshot_modelnet_transferring_features - INFO - Save checkpoint at ./experiments/fewshot_modelnet_transferring_features/cfgs/LR_0.0015/ckpt-last.pth
2023-11-03 00:14:14,147 - fewshot_modelnet_transferring_features - INFO - [Training] EPOCH: 73 EpochTime = 1.805 (s) Losses = ['0.0121', '100.0000'] lr = 0.000782
2023-11-03 00:14:15,585 - fewshot_modelnet_transferring_features - INFO - [Validation] EPOCH: 73  acc = 98.0000
2023-11-03 00:14:17,942 - fewshot_modelnet_transferring_features - INFO - Save checkpoint at ./experiments/fewshot_modelnet_transferring_features/cfgs/LR_0.0015/ckpt-last.pth
2023-11-03 00:14:20,147 - fewshot_modelnet_transferring_features - INFO - [Training] EPOCH: 74 EpochTime = 2.203 (s) Losses = ['0.0046', '100.0000'] lr = 0.000766
2023-11-03 00:14:21,288 - fewshot_modelnet_transferring_features - INFO - [Validation] EPOCH: 74  acc = 98.0000
2023-11-03 00:14:23,065 - fewshot_modelnet_transferring_features - INFO - Save checkpoint at ./experiments/fewshot_modelnet_transferring_features/cfgs/LR_0.0015/ckpt-last.pth
2023-11-03 00:14:25,183 - fewshot_modelnet_transferring_features - INFO - [Training] EPOCH: 75 EpochTime = 2.116 (s) Losses = ['0.0055', '100.0000'] lr = 0.000751
2023-11-03 00:14:26,494 - fewshot_modelnet_transferring_features - INFO - [Validation] EPOCH: 75  acc = 98.0000
2023-11-03 00:14:28,491 - fewshot_modelnet_transferring_features - INFO - Save checkpoint at ./experiments/fewshot_modelnet_transferring_features/cfgs/LR_0.0015/ckpt-last.pth
2023-11-03 00:14:30,620 - fewshot_modelnet_transferring_features - INFO - [Training] EPOCH: 76 EpochTime = 2.125 (s) Losses = ['0.0079', '100.0000'] lr = 0.000735
2023-11-03 00:14:31,979 - fewshot_modelnet_transferring_features - INFO - [Validation] EPOCH: 76  acc = 98.0000
2023-11-03 00:14:33,701 - fewshot_modelnet_transferring_features - INFO - Save checkpoint at ./experiments/fewshot_modelnet_transferring_features/cfgs/LR_0.0015/ckpt-last.pth
2023-11-03 00:14:36,065 - fewshot_modelnet_transferring_features - INFO - [Training] EPOCH: 77 EpochTime = 2.363 (s) Losses = ['0.0038', '100.0000'] lr = 0.000719
2023-11-03 00:14:37,249 - fewshot_modelnet_transferring_features - INFO - [Validation] EPOCH: 77  acc = 98.0000
2023-11-03 00:14:39,839 - fewshot_modelnet_transferring_features - INFO - Save checkpoint at ./experiments/fewshot_modelnet_transferring_features/cfgs/LR_0.0015/ckpt-last.pth
2023-11-03 00:14:42,269 - fewshot_modelnet_transferring_features - INFO - [Training] EPOCH: 78 EpochTime = 2.428 (s) Losses = ['0.0035', '100.0000'] lr = 0.000703
2023-11-03 00:14:43,997 - fewshot_modelnet_transferring_features - INFO - [Validation] EPOCH: 78  acc = 98.0000
2023-11-03 00:14:46,923 - fewshot_modelnet_transferring_features - INFO - Save checkpoint at ./experiments/fewshot_modelnet_transferring_features/cfgs/LR_0.0015/ckpt-last.pth
2023-11-03 00:14:49,037 - fewshot_modelnet_transferring_features - INFO - [Training] EPOCH: 79 EpochTime = 2.112 (s) Losses = ['0.0069', '100.0000'] lr = 0.000688
2023-11-03 00:14:50,555 - fewshot_modelnet_transferring_features - INFO - [Validation] EPOCH: 79  acc = 98.0000
2023-11-03 00:14:52,652 - fewshot_modelnet_transferring_features - INFO - Save checkpoint at ./experiments/fewshot_modelnet_transferring_features/cfgs/LR_0.0015/ckpt-last.pth
2023-11-03 00:14:54,055 - fewshot_modelnet_transferring_features - INFO - [Training] EPOCH: 80 EpochTime = 1.401 (s) Losses = ['0.0066', '100.0000'] lr = 0.000672
2023-11-03 00:14:55,234 - fewshot_modelnet_transferring_features - INFO - [Validation] EPOCH: 80  acc = 98.0000
2023-11-03 00:14:57,054 - fewshot_modelnet_transferring_features - INFO - Save checkpoint at ./experiments/fewshot_modelnet_transferring_features/cfgs/LR_0.0015/ckpt-last.pth
2023-11-03 00:14:59,583 - fewshot_modelnet_transferring_features - INFO - [Training] EPOCH: 81 EpochTime = 2.525 (s) Losses = ['0.0049', '100.0000'] lr = 0.000657
2023-11-03 00:15:00,771 - fewshot_modelnet_transferring_features - INFO - [Validation] EPOCH: 81  acc = 97.0000
2023-11-03 00:15:03,848 - fewshot_modelnet_transferring_features - INFO - Save checkpoint at ./experiments/fewshot_modelnet_transferring_features/cfgs/LR_0.0015/ckpt-last.pth
2023-11-03 00:15:05,568 - fewshot_modelnet_transferring_features - INFO - [Training] EPOCH: 82 EpochTime = 1.719 (s) Losses = ['0.0058', '100.0000'] lr = 0.000641
2023-11-03 00:15:06,787 - fewshot_modelnet_transferring_features - INFO - [Validation] EPOCH: 82  acc = 97.0000
2023-11-03 00:15:09,099 - fewshot_modelnet_transferring_features - INFO - Save checkpoint at ./experiments/fewshot_modelnet_transferring_features/cfgs/LR_0.0015/ckpt-last.pth
2023-11-03 00:15:11,021 - fewshot_modelnet_transferring_features - INFO - [Training] EPOCH: 83 EpochTime = 1.918 (s) Losses = ['0.0099', '100.0000'] lr = 0.000626
2023-11-03 00:15:12,468 - fewshot_modelnet_transferring_features - INFO - [Validation] EPOCH: 83  acc = 98.0000
2023-11-03 00:15:14,193 - fewshot_modelnet_transferring_features - INFO - Save checkpoint at ./experiments/fewshot_modelnet_transferring_features/cfgs/LR_0.0015/ckpt-last.pth
2023-11-03 00:15:16,117 - fewshot_modelnet_transferring_features - INFO - [Training] EPOCH: 84 EpochTime = 1.923 (s) Losses = ['0.0067', '100.0000'] lr = 0.000610
2023-11-03 00:15:17,506 - fewshot_modelnet_transferring_features - INFO - [Validation] EPOCH: 84  acc = 98.0000
2023-11-03 00:15:21,313 - fewshot_modelnet_transferring_features - INFO - Save checkpoint at ./experiments/fewshot_modelnet_transferring_features/cfgs/LR_0.0015/ckpt-last.pth
2023-11-03 00:15:23,220 - fewshot_modelnet_transferring_features - INFO - [Training] EPOCH: 85 EpochTime = 1.905 (s) Losses = ['0.0065', '100.0000'] lr = 0.000595
2023-11-03 00:15:24,681 - fewshot_modelnet_transferring_features - INFO - [Validation] EPOCH: 85  acc = 97.0000
2023-11-03 00:15:27,194 - fewshot_modelnet_transferring_features - INFO - Save checkpoint at ./experiments/fewshot_modelnet_transferring_features/cfgs/LR_0.0015/ckpt-last.pth
2023-11-03 00:15:28,678 - fewshot_modelnet_transferring_features - INFO - [Training] EPOCH: 86 EpochTime = 1.482 (s) Losses = ['0.0038', '100.0000'] lr = 0.000579
2023-11-03 00:15:30,332 - fewshot_modelnet_transferring_features - INFO - [Validation] EPOCH: 86  acc = 97.0000
2023-11-03 00:15:32,609 - fewshot_modelnet_transferring_features - INFO - Save checkpoint at ./experiments/fewshot_modelnet_transferring_features/cfgs/LR_0.0015/ckpt-last.pth
2023-11-03 00:15:34,065 - fewshot_modelnet_transferring_features - INFO - [Training] EPOCH: 87 EpochTime = 1.454 (s) Losses = ['0.0088', '100.0000'] lr = 0.000564
2023-11-03 00:15:35,685 - fewshot_modelnet_transferring_features - INFO - [Validation] EPOCH: 87  acc = 97.0000
2023-11-03 00:15:38,148 - fewshot_modelnet_transferring_features - INFO - Save checkpoint at ./experiments/fewshot_modelnet_transferring_features/cfgs/LR_0.0015/ckpt-last.pth
2023-11-03 00:15:40,296 - fewshot_modelnet_transferring_features - INFO - [Training] EPOCH: 88 EpochTime = 2.145 (s) Losses = ['0.0057', '100.0000'] lr = 0.000549
2023-11-03 00:15:41,407 - fewshot_modelnet_transferring_features - INFO - [Validation] EPOCH: 88  acc = 97.0000
2023-11-03 00:15:43,087 - fewshot_modelnet_transferring_features - INFO - Save checkpoint at ./experiments/fewshot_modelnet_transferring_features/cfgs/LR_0.0015/ckpt-last.pth
2023-11-03 00:15:44,861 - fewshot_modelnet_transferring_features - INFO - [Training] EPOCH: 89 EpochTime = 1.773 (s) Losses = ['0.0034', '100.0000'] lr = 0.000534
2023-11-03 00:15:46,086 - fewshot_modelnet_transferring_features - INFO - [Validation] EPOCH: 89  acc = 97.0000
2023-11-03 00:15:48,388 - fewshot_modelnet_transferring_features - INFO - Save checkpoint at ./experiments/fewshot_modelnet_transferring_features/cfgs/LR_0.0015/ckpt-last.pth
2023-11-03 00:15:50,883 - fewshot_modelnet_transferring_features - INFO - [Training] EPOCH: 90 EpochTime = 2.494 (s) Losses = ['0.0044', '100.0000'] lr = 0.000519
2023-11-03 00:15:52,119 - fewshot_modelnet_transferring_features - INFO - [Validation] EPOCH: 90  acc = 98.0000
2023-11-03 00:15:53,827 - fewshot_modelnet_transferring_features - INFO - Save checkpoint at ./experiments/fewshot_modelnet_transferring_features/cfgs/LR_0.0015/ckpt-last.pth
2023-11-03 00:15:56,389 - fewshot_modelnet_transferring_features - INFO - [Training] EPOCH: 91 EpochTime = 2.560 (s) Losses = ['0.0073', '100.0000'] lr = 0.000504
2023-11-03 00:15:57,695 - fewshot_modelnet_transferring_features - INFO - [Validation] EPOCH: 91  acc = 98.0000
2023-11-03 00:16:00,200 - fewshot_modelnet_transferring_features - INFO - Save checkpoint at ./experiments/fewshot_modelnet_transferring_features/cfgs/LR_0.0015/ckpt-last.pth
2023-11-03 00:16:02,062 - fewshot_modelnet_transferring_features - INFO - [Training] EPOCH: 92 EpochTime = 1.859 (s) Losses = ['0.0055', '100.0000'] lr = 0.000489
2023-11-03 00:16:03,713 - fewshot_modelnet_transferring_features - INFO - [Validation] EPOCH: 92  acc = 98.0000
2023-11-03 00:16:06,398 - fewshot_modelnet_transferring_features - INFO - Save checkpoint at ./experiments/fewshot_modelnet_transferring_features/cfgs/LR_0.0015/ckpt-last.pth
2023-11-03 00:16:08,132 - fewshot_modelnet_transferring_features - INFO - [Training] EPOCH: 93 EpochTime = 1.733 (s) Losses = ['0.0040', '100.0000'] lr = 0.000475
2023-11-03 00:16:09,909 - fewshot_modelnet_transferring_features - INFO - [Validation] EPOCH: 93  acc = 97.0000
2023-11-03 00:16:12,622 - fewshot_modelnet_transferring_features - INFO - Save checkpoint at ./experiments/fewshot_modelnet_transferring_features/cfgs/LR_0.0015/ckpt-last.pth
2023-11-03 00:16:15,422 - fewshot_modelnet_transferring_features - INFO - [Training] EPOCH: 94 EpochTime = 2.797 (s) Losses = ['0.0061', '100.0000'] lr = 0.000460
2023-11-03 00:16:17,005 - fewshot_modelnet_transferring_features - INFO - [Validation] EPOCH: 94  acc = 98.0000
2023-11-03 00:16:20,195 - fewshot_modelnet_transferring_features - INFO - Save checkpoint at ./experiments/fewshot_modelnet_transferring_features/cfgs/LR_0.0015/ckpt-last.pth
2023-11-03 00:16:21,669 - fewshot_modelnet_transferring_features - INFO - [Training] EPOCH: 95 EpochTime = 1.472 (s) Losses = ['0.0052', '100.0000'] lr = 0.000446
2023-11-03 00:16:23,124 - fewshot_modelnet_transferring_features - INFO - [Validation] EPOCH: 95  acc = 97.0000
2023-11-03 00:16:26,546 - fewshot_modelnet_transferring_features - INFO - Save checkpoint at ./experiments/fewshot_modelnet_transferring_features/cfgs/LR_0.0015/ckpt-last.pth
2023-11-03 00:16:27,975 - fewshot_modelnet_transferring_features - INFO - [Training] EPOCH: 96 EpochTime = 1.427 (s) Losses = ['0.0080', '100.0000'] lr = 0.000431
2023-11-03 00:16:29,418 - fewshot_modelnet_transferring_features - INFO - [Validation] EPOCH: 96  acc = 97.0000
2023-11-03 00:16:31,899 - fewshot_modelnet_transferring_features - INFO - Save checkpoint at ./experiments/fewshot_modelnet_transferring_features/cfgs/LR_0.0015/ckpt-last.pth
2023-11-03 00:16:33,327 - fewshot_modelnet_transferring_features - INFO - [Training] EPOCH: 97 EpochTime = 1.426 (s) Losses = ['0.0080', '100.0000'] lr = 0.000417
2023-11-03 00:16:34,488 - fewshot_modelnet_transferring_features - INFO - [Validation] EPOCH: 97  acc = 97.0000
2023-11-03 00:16:36,201 - fewshot_modelnet_transferring_features - INFO - Save checkpoint at ./experiments/fewshot_modelnet_transferring_features/cfgs/LR_0.0015/ckpt-last.pth
2023-11-03 00:16:38,070 - fewshot_modelnet_transferring_features - INFO - [Training] EPOCH: 98 EpochTime = 1.866 (s) Losses = ['0.0064', '100.0000'] lr = 0.000403
2023-11-03 00:16:39,246 - fewshot_modelnet_transferring_features - INFO - [Validation] EPOCH: 98  acc = 97.0000
2023-11-03 00:16:40,978 - fewshot_modelnet_transferring_features - INFO - Save checkpoint at ./experiments/fewshot_modelnet_transferring_features/cfgs/LR_0.0015/ckpt-last.pth
2023-11-03 00:16:42,486 - fewshot_modelnet_transferring_features - INFO - [Training] EPOCH: 99 EpochTime = 1.503 (s) Losses = ['0.0045', '100.0000'] lr = 0.000389
2023-11-03 00:16:43,886 - fewshot_modelnet_transferring_features - INFO - [Validation] EPOCH: 99  acc = 97.0000
2023-11-03 00:16:45,694 - fewshot_modelnet_transferring_features - INFO - Save checkpoint at ./experiments/fewshot_modelnet_transferring_features/cfgs/LR_0.0015/ckpt-last.pth
2023-11-03 00:16:47,145 - fewshot_modelnet_transferring_features - INFO - [Training] EPOCH: 100 EpochTime = 1.447 (s) Losses = ['0.0040', '100.0000'] lr = 0.000376
2023-11-03 00:16:48,583 - fewshot_modelnet_transferring_features - INFO - [Validation] EPOCH: 100  acc = 97.0000
2023-11-03 00:16:52,043 - fewshot_modelnet_transferring_features - INFO - Save checkpoint at ./experiments/fewshot_modelnet_transferring_features/cfgs/LR_0.0015/ckpt-last.pth
2023-11-03 00:16:54,184 - fewshot_modelnet_transferring_features - INFO - [Training] EPOCH: 101 EpochTime = 2.137 (s) Losses = ['0.0034', '100.0000'] lr = 0.000362
2023-11-03 00:16:55,769 - fewshot_modelnet_transferring_features - INFO - [Validation] EPOCH: 101  acc = 96.0000
2023-11-03 00:16:57,804 - fewshot_modelnet_transferring_features - INFO - Save checkpoint at ./experiments/fewshot_modelnet_transferring_features/cfgs/LR_0.0015/ckpt-last.pth
2023-11-03 00:16:59,216 - fewshot_modelnet_transferring_features - INFO - [Training] EPOCH: 102 EpochTime = 1.410 (s) Losses = ['0.0036', '100.0000'] lr = 0.000349
2023-11-03 00:17:00,330 - fewshot_modelnet_transferring_features - INFO - [Validation] EPOCH: 102  acc = 97.0000
2023-11-03 00:17:02,704 - fewshot_modelnet_transferring_features - INFO - Save checkpoint at ./experiments/fewshot_modelnet_transferring_features/cfgs/LR_0.0015/ckpt-last.pth
2023-11-03 00:17:05,018 - fewshot_modelnet_transferring_features - INFO - [Training] EPOCH: 103 EpochTime = 2.313 (s) Losses = ['0.0070', '100.0000'] lr = 0.000336
2023-11-03 00:17:06,165 - fewshot_modelnet_transferring_features - INFO - [Validation] EPOCH: 103  acc = 96.0000
2023-11-03 00:17:08,844 - fewshot_modelnet_transferring_features - INFO - Save checkpoint at ./experiments/fewshot_modelnet_transferring_features/cfgs/LR_0.0015/ckpt-last.pth
2023-11-03 00:17:11,208 - fewshot_modelnet_transferring_features - INFO - [Training] EPOCH: 104 EpochTime = 2.362 (s) Losses = ['0.0057', '100.0000'] lr = 0.000323
2023-11-03 00:17:12,333 - fewshot_modelnet_transferring_features - INFO - [Validation] EPOCH: 104  acc = 96.0000
2023-11-03 00:17:13,952 - fewshot_modelnet_transferring_features - INFO - Save checkpoint at ./experiments/fewshot_modelnet_transferring_features/cfgs/LR_0.0015/ckpt-last.pth
2023-11-03 00:17:15,989 - fewshot_modelnet_transferring_features - INFO - [Training] EPOCH: 105 EpochTime = 2.035 (s) Losses = ['0.0044', '100.0000'] lr = 0.000310
2023-11-03 00:17:17,339 - fewshot_modelnet_transferring_features - INFO - [Validation] EPOCH: 105  acc = 96.0000
2023-11-03 00:17:19,704 - fewshot_modelnet_transferring_features - INFO - Save checkpoint at ./experiments/fewshot_modelnet_transferring_features/cfgs/LR_0.0015/ckpt-last.pth
2023-11-03 00:17:21,131 - fewshot_modelnet_transferring_features - INFO - [Training] EPOCH: 106 EpochTime = 1.423 (s) Losses = ['0.0048', '100.0000'] lr = 0.000297
2023-11-03 00:17:22,488 - fewshot_modelnet_transferring_features - INFO - [Validation] EPOCH: 106  acc = 96.0000
2023-11-03 00:17:26,731 - fewshot_modelnet_transferring_features - INFO - Save checkpoint at ./experiments/fewshot_modelnet_transferring_features/cfgs/LR_0.0015/ckpt-last.pth
2023-11-03 00:17:28,954 - fewshot_modelnet_transferring_features - INFO - [Training] EPOCH: 107 EpochTime = 2.222 (s) Losses = ['0.0071', '100.0000'] lr = 0.000285
2023-11-03 00:17:30,155 - fewshot_modelnet_transferring_features - INFO - [Validation] EPOCH: 107  acc = 96.0000
2023-11-03 00:17:32,925 - fewshot_modelnet_transferring_features - INFO - Save checkpoint at ./experiments/fewshot_modelnet_transferring_features/cfgs/LR_0.0015/ckpt-last.pth
2023-11-03 00:17:34,695 - fewshot_modelnet_transferring_features - INFO - [Training] EPOCH: 108 EpochTime = 1.767 (s) Losses = ['0.0052', '100.0000'] lr = 0.000273
2023-11-03 00:17:36,420 - fewshot_modelnet_transferring_features - INFO - [Validation] EPOCH: 108  acc = 97.0000
2023-11-03 00:17:38,873 - fewshot_modelnet_transferring_features - INFO - Save checkpoint at ./experiments/fewshot_modelnet_transferring_features/cfgs/LR_0.0015/ckpt-last.pth
2023-11-03 00:17:40,225 - fewshot_modelnet_transferring_features - INFO - [Training] EPOCH: 109 EpochTime = 1.350 (s) Losses = ['0.0111', '100.0000'] lr = 0.000261
2023-11-03 00:17:41,955 - fewshot_modelnet_transferring_features - INFO - [Validation] EPOCH: 109  acc = 97.0000
2023-11-03 00:17:45,512 - fewshot_modelnet_transferring_features - INFO - Save checkpoint at ./experiments/fewshot_modelnet_transferring_features/cfgs/LR_0.0015/ckpt-last.pth
2023-11-03 00:17:47,492 - fewshot_modelnet_transferring_features - INFO - [Training] EPOCH: 110 EpochTime = 1.978 (s) Losses = ['0.0041', '100.0000'] lr = 0.000249
2023-11-03 00:17:48,779 - fewshot_modelnet_transferring_features - INFO - [Validation] EPOCH: 110  acc = 97.0000
2023-11-03 00:17:52,591 - fewshot_modelnet_transferring_features - INFO - Save checkpoint at ./experiments/fewshot_modelnet_transferring_features/cfgs/LR_0.0015/ckpt-last.pth
2023-11-03 00:17:54,489 - fewshot_modelnet_transferring_features - INFO - [Training] EPOCH: 111 EpochTime = 1.896 (s) Losses = ['0.0039', '100.0000'] lr = 0.000237
2023-11-03 00:17:55,758 - fewshot_modelnet_transferring_features - INFO - [Validation] EPOCH: 111  acc = 97.0000
2023-11-03 00:17:58,915 - fewshot_modelnet_transferring_features - INFO - Save checkpoint at ./experiments/fewshot_modelnet_transferring_features/cfgs/LR_0.0015/ckpt-last.pth
2023-11-03 00:18:00,729 - fewshot_modelnet_transferring_features - INFO - [Training] EPOCH: 112 EpochTime = 1.812 (s) Losses = ['0.0046', '100.0000'] lr = 0.000226
2023-11-03 00:18:02,136 - fewshot_modelnet_transferring_features - INFO - [Validation] EPOCH: 112  acc = 97.0000
2023-11-03 00:18:05,716 - fewshot_modelnet_transferring_features - INFO - Save checkpoint at ./experiments/fewshot_modelnet_transferring_features/cfgs/LR_0.0015/ckpt-last.pth
2023-11-03 00:18:08,206 - fewshot_modelnet_transferring_features - INFO - [Training] EPOCH: 113 EpochTime = 2.489 (s) Losses = ['0.0050', '100.0000'] lr = 0.000215
2023-11-03 00:18:09,962 - fewshot_modelnet_transferring_features - INFO - [Validation] EPOCH: 113  acc = 97.0000
2023-11-03 00:18:14,316 - fewshot_modelnet_transferring_features - INFO - Save checkpoint at ./experiments/fewshot_modelnet_transferring_features/cfgs/LR_0.0015/ckpt-last.pth
2023-11-03 00:18:16,435 - fewshot_modelnet_transferring_features - INFO - [Training] EPOCH: 114 EpochTime = 2.116 (s) Losses = ['0.0068', '100.0000'] lr = 0.000204
2023-11-03 00:18:18,491 - fewshot_modelnet_transferring_features - INFO - [Validation] EPOCH: 114  acc = 97.0000
2023-11-03 00:18:22,027 - fewshot_modelnet_transferring_features - INFO - Save checkpoint at ./experiments/fewshot_modelnet_transferring_features/cfgs/LR_0.0015/ckpt-last.pth
2023-11-03 00:18:24,509 - fewshot_modelnet_transferring_features - INFO - [Training] EPOCH: 115 EpochTime = 2.479 (s) Losses = ['0.0037', '100.0000'] lr = 0.000194
2023-11-03 00:18:25,760 - fewshot_modelnet_transferring_features - INFO - [Validation] EPOCH: 115  acc = 97.0000
2023-11-03 00:18:30,034 - fewshot_modelnet_transferring_features - INFO - Save checkpoint at ./experiments/fewshot_modelnet_transferring_features/cfgs/LR_0.0015/ckpt-last.pth
2023-11-03 00:18:32,099 - fewshot_modelnet_transferring_features - INFO - [Training] EPOCH: 116 EpochTime = 2.063 (s) Losses = ['0.0035', '100.0000'] lr = 0.000183
2023-11-03 00:18:33,202 - fewshot_modelnet_transferring_features - INFO - [Validation] EPOCH: 116  acc = 97.0000
2023-11-03 00:18:36,533 - fewshot_modelnet_transferring_features - INFO - Save checkpoint at ./experiments/fewshot_modelnet_transferring_features/cfgs/LR_0.0015/ckpt-last.pth
2023-11-03 00:18:38,516 - fewshot_modelnet_transferring_features - INFO - [Training] EPOCH: 117 EpochTime = 1.982 (s) Losses = ['0.0049', '100.0000'] lr = 0.000173
2023-11-03 00:18:40,330 - fewshot_modelnet_transferring_features - INFO - [Validation] EPOCH: 117  acc = 97.0000
2023-11-03 00:18:43,762 - fewshot_modelnet_transferring_features - INFO - Save checkpoint at ./experiments/fewshot_modelnet_transferring_features/cfgs/LR_0.0015/ckpt-last.pth
2023-11-03 00:18:46,287 - fewshot_modelnet_transferring_features - INFO - [Training] EPOCH: 118 EpochTime = 2.520 (s) Losses = ['0.0036', '100.0000'] lr = 0.000163
2023-11-03 00:18:47,507 - fewshot_modelnet_transferring_features - INFO - [Validation] EPOCH: 118  acc = 97.0000
2023-11-03 00:18:49,673 - fewshot_modelnet_transferring_features - INFO - Save checkpoint at ./experiments/fewshot_modelnet_transferring_features/cfgs/LR_0.0015/ckpt-last.pth
2023-11-03 00:18:52,128 - fewshot_modelnet_transferring_features - INFO - [Training] EPOCH: 119 EpochTime = 2.452 (s) Losses = ['0.0054', '100.0000'] lr = 0.000154
2023-11-03 00:18:53,905 - fewshot_modelnet_transferring_features - INFO - [Validation] EPOCH: 119  acc = 97.0000
2023-11-03 00:18:56,195 - fewshot_modelnet_transferring_features - INFO - Save checkpoint at ./experiments/fewshot_modelnet_transferring_features/cfgs/LR_0.0015/ckpt-last.pth
2023-11-03 00:18:58,017 - fewshot_modelnet_transferring_features - INFO - [Training] EPOCH: 120 EpochTime = 1.818 (s) Losses = ['0.0047', '100.0000'] lr = 0.000144
2023-11-03 00:18:59,695 - fewshot_modelnet_transferring_features - INFO - [Validation] EPOCH: 120  acc = 97.0000
2023-11-03 00:19:02,389 - fewshot_modelnet_transferring_features - INFO - Save checkpoint at ./experiments/fewshot_modelnet_transferring_features/cfgs/LR_0.0015/ckpt-last.pth
2023-11-03 00:19:04,788 - fewshot_modelnet_transferring_features - INFO - [Training] EPOCH: 121 EpochTime = 2.396 (s) Losses = ['0.0052', '100.0000'] lr = 0.000135
2023-11-03 00:19:06,278 - fewshot_modelnet_transferring_features - INFO - [Validation] EPOCH: 121  acc = 97.0000
2023-11-03 00:19:08,267 - fewshot_modelnet_transferring_features - INFO - Save checkpoint at ./experiments/fewshot_modelnet_transferring_features/cfgs/LR_0.0015/ckpt-last.pth
2023-11-03 00:19:10,225 - fewshot_modelnet_transferring_features - INFO - [Training] EPOCH: 122 EpochTime = 1.957 (s) Losses = ['0.0047', '100.0000'] lr = 0.000126
2023-11-03 00:19:11,714 - fewshot_modelnet_transferring_features - INFO - [Validation] EPOCH: 122  acc = 97.0000
2023-11-03 00:19:13,655 - fewshot_modelnet_transferring_features - INFO - Save checkpoint at ./experiments/fewshot_modelnet_transferring_features/cfgs/LR_0.0015/ckpt-last.pth
2023-11-03 00:19:15,792 - fewshot_modelnet_transferring_features - INFO - [Training] EPOCH: 123 EpochTime = 2.135 (s) Losses = ['0.0043', '100.0000'] lr = 0.000118
2023-11-03 00:19:17,354 - fewshot_modelnet_transferring_features - INFO - [Validation] EPOCH: 123  acc = 97.0000
2023-11-03 00:19:19,830 - fewshot_modelnet_transferring_features - INFO - Save checkpoint at ./experiments/fewshot_modelnet_transferring_features/cfgs/LR_0.0015/ckpt-last.pth
2023-11-03 00:19:21,635 - fewshot_modelnet_transferring_features - INFO - [Training] EPOCH: 124 EpochTime = 1.802 (s) Losses = ['0.0034', '100.0000'] lr = 0.000109
2023-11-03 00:19:23,389 - fewshot_modelnet_transferring_features - INFO - [Validation] EPOCH: 124  acc = 97.0000
2023-11-03 00:19:26,259 - fewshot_modelnet_transferring_features - INFO - Save checkpoint at ./experiments/fewshot_modelnet_transferring_features/cfgs/LR_0.0015/ckpt-last.pth
2023-11-03 00:19:27,996 - fewshot_modelnet_transferring_features - INFO - [Training] EPOCH: 125 EpochTime = 1.735 (s) Losses = ['0.0053', '100.0000'] lr = 0.000101
2023-11-03 00:19:29,386 - fewshot_modelnet_transferring_features - INFO - [Validation] EPOCH: 125  acc = 97.0000
2023-11-03 00:19:32,629 - fewshot_modelnet_transferring_features - INFO - Save checkpoint at ./experiments/fewshot_modelnet_transferring_features/cfgs/LR_0.0015/ckpt-last.pth
2023-11-03 00:19:34,453 - fewshot_modelnet_transferring_features - INFO - [Training] EPOCH: 126 EpochTime = 1.822 (s) Losses = ['0.0046', '100.0000'] lr = 0.000094
2023-11-03 00:19:35,883 - fewshot_modelnet_transferring_features - INFO - [Validation] EPOCH: 126  acc = 97.0000
2023-11-03 00:19:39,688 - fewshot_modelnet_transferring_features - INFO - Save checkpoint at ./experiments/fewshot_modelnet_transferring_features/cfgs/LR_0.0015/ckpt-last.pth
2023-11-03 00:19:41,847 - fewshot_modelnet_transferring_features - INFO - [Training] EPOCH: 127 EpochTime = 2.158 (s) Losses = ['0.0046', '100.0000'] lr = 0.000086
2023-11-03 00:19:43,042 - fewshot_modelnet_transferring_features - INFO - [Validation] EPOCH: 127  acc = 98.0000
2023-11-03 00:19:46,739 - fewshot_modelnet_transferring_features - INFO - Save checkpoint at ./experiments/fewshot_modelnet_transferring_features/cfgs/LR_0.0015/ckpt-last.pth
2023-11-03 00:19:48,169 - fewshot_modelnet_transferring_features - INFO - [Training] EPOCH: 128 EpochTime = 1.428 (s) Losses = ['0.0055', '100.0000'] lr = 0.000079
2023-11-03 00:19:49,621 - fewshot_modelnet_transferring_features - INFO - [Validation] EPOCH: 128  acc = 98.0000
2023-11-03 00:19:51,815 - fewshot_modelnet_transferring_features - INFO - Save checkpoint at ./experiments/fewshot_modelnet_transferring_features/cfgs/LR_0.0015/ckpt-last.pth
2023-11-03 00:19:53,866 - fewshot_modelnet_transferring_features - INFO - [Training] EPOCH: 129 EpochTime = 2.048 (s) Losses = ['0.0031', '100.0000'] lr = 0.000072
2023-11-03 00:19:55,053 - fewshot_modelnet_transferring_features - INFO - [Validation] EPOCH: 129  acc = 97.0000
2023-11-03 00:19:59,030 - fewshot_modelnet_transferring_features - INFO - Save checkpoint at ./experiments/fewshot_modelnet_transferring_features/cfgs/LR_0.0015/ckpt-last.pth
2023-11-03 00:20:00,502 - fewshot_modelnet_transferring_features - INFO - [Training] EPOCH: 130 EpochTime = 1.470 (s) Losses = ['0.0042', '100.0000'] lr = 0.000066
2023-11-03 00:20:02,032 - fewshot_modelnet_transferring_features - INFO - [Validation] EPOCH: 130  acc = 98.0000
2023-11-03 00:20:05,600 - fewshot_modelnet_transferring_features - INFO - Save checkpoint at ./experiments/fewshot_modelnet_transferring_features/cfgs/LR_0.0015/ckpt-last.pth
2023-11-03 00:20:07,475 - fewshot_modelnet_transferring_features - INFO - [Training] EPOCH: 131 EpochTime = 1.872 (s) Losses = ['0.0037', '100.0000'] lr = 0.000060
2023-11-03 00:20:08,684 - fewshot_modelnet_transferring_features - INFO - [Validation] EPOCH: 131  acc = 97.0000
2023-11-03 00:20:10,585 - fewshot_modelnet_transferring_features - INFO - Save checkpoint at ./experiments/fewshot_modelnet_transferring_features/cfgs/LR_0.0015/ckpt-last.pth
2023-11-03 00:20:13,007 - fewshot_modelnet_transferring_features - INFO - [Training] EPOCH: 132 EpochTime = 2.420 (s) Losses = ['0.0032', '100.0000'] lr = 0.000054
2023-11-03 00:20:14,214 - fewshot_modelnet_transferring_features - INFO - [Validation] EPOCH: 132  acc = 97.0000
2023-11-03 00:20:17,020 - fewshot_modelnet_transferring_features - INFO - Save checkpoint at ./experiments/fewshot_modelnet_transferring_features/cfgs/LR_0.0015/ckpt-last.pth
2023-11-03 00:20:19,644 - fewshot_modelnet_transferring_features - INFO - [Training] EPOCH: 133 EpochTime = 2.620 (s) Losses = ['0.0073', '100.0000'] lr = 0.000048
2023-11-03 00:20:20,783 - fewshot_modelnet_transferring_features - INFO - [Validation] EPOCH: 133  acc = 97.0000
2023-11-03 00:20:24,247 - fewshot_modelnet_transferring_features - INFO - Save checkpoint at ./experiments/fewshot_modelnet_transferring_features/cfgs/LR_0.0015/ckpt-last.pth
2023-11-03 00:20:26,960 - fewshot_modelnet_transferring_features - INFO - [Training] EPOCH: 134 EpochTime = 2.712 (s) Losses = ['0.0068', '100.0000'] lr = 0.000043
2023-11-03 00:20:28,099 - fewshot_modelnet_transferring_features - INFO - [Validation] EPOCH: 134  acc = 97.0000
2023-11-03 00:20:31,520 - fewshot_modelnet_transferring_features - INFO - Save checkpoint at ./experiments/fewshot_modelnet_transferring_features/cfgs/LR_0.0015/ckpt-last.pth
2023-11-03 00:20:32,923 - fewshot_modelnet_transferring_features - INFO - [Training] EPOCH: 135 EpochTime = 1.400 (s) Losses = ['0.0104', '100.0000'] lr = 0.000038
2023-11-03 00:20:34,007 - fewshot_modelnet_transferring_features - INFO - [Validation] EPOCH: 135  acc = 97.0000
2023-11-03 00:20:36,197 - fewshot_modelnet_transferring_features - INFO - Save checkpoint at ./experiments/fewshot_modelnet_transferring_features/cfgs/LR_0.0015/ckpt-last.pth
2023-11-03 00:20:38,187 - fewshot_modelnet_transferring_features - INFO - [Training] EPOCH: 136 EpochTime = 1.987 (s) Losses = ['0.0063', '100.0000'] lr = 0.000033
2023-11-03 00:20:39,914 - fewshot_modelnet_transferring_features - INFO - [Validation] EPOCH: 136  acc = 97.0000
2023-11-03 00:20:44,979 - fewshot_modelnet_transferring_features - INFO - Save checkpoint at ./experiments/fewshot_modelnet_transferring_features/cfgs/LR_0.0015/ckpt-last.pth
2023-11-03 00:20:46,838 - fewshot_modelnet_transferring_features - INFO - [Training] EPOCH: 137 EpochTime = 1.857 (s) Losses = ['0.0028', '100.0000'] lr = 0.000029
2023-11-03 00:20:48,771 - fewshot_modelnet_transferring_features - INFO - [Validation] EPOCH: 137  acc = 97.0000
2023-11-03 00:20:52,545 - fewshot_modelnet_transferring_features - INFO - Save checkpoint at ./experiments/fewshot_modelnet_transferring_features/cfgs/LR_0.0015/ckpt-last.pth
2023-11-03 00:20:54,939 - fewshot_modelnet_transferring_features - INFO - [Training] EPOCH: 138 EpochTime = 2.392 (s) Losses = ['0.0032', '100.0000'] lr = 0.000025
2023-11-03 00:20:56,068 - fewshot_modelnet_transferring_features - INFO - [Validation] EPOCH: 138  acc = 97.0000
2023-11-03 00:20:59,649 - fewshot_modelnet_transferring_features - INFO - Save checkpoint at ./experiments/fewshot_modelnet_transferring_features/cfgs/LR_0.0015/ckpt-last.pth
2023-11-03 00:21:01,244 - fewshot_modelnet_transferring_features - INFO - [Training] EPOCH: 139 EpochTime = 1.594 (s) Losses = ['0.0034', '100.0000'] lr = 0.000021
2023-11-03 00:21:02,618 - fewshot_modelnet_transferring_features - INFO - [Validation] EPOCH: 139  acc = 97.0000
2023-11-03 00:21:06,032 - fewshot_modelnet_transferring_features - INFO - Save checkpoint at ./experiments/fewshot_modelnet_transferring_features/cfgs/LR_0.0015/ckpt-last.pth
2023-11-03 00:21:08,349 - fewshot_modelnet_transferring_features - INFO - [Training] EPOCH: 140 EpochTime = 2.314 (s) Losses = ['0.0040', '100.0000'] lr = 0.000017
2023-11-03 00:21:09,885 - fewshot_modelnet_transferring_features - INFO - [Validation] EPOCH: 140  acc = 98.0000
2023-11-03 00:21:12,958 - fewshot_modelnet_transferring_features - INFO - Save checkpoint at ./experiments/fewshot_modelnet_transferring_features/cfgs/LR_0.0015/ckpt-last.pth
2023-11-03 00:21:14,638 - fewshot_modelnet_transferring_features - INFO - [Training] EPOCH: 141 EpochTime = 1.677 (s) Losses = ['0.0077', '100.0000'] lr = 0.000014
2023-11-03 00:21:15,785 - fewshot_modelnet_transferring_features - INFO - [Validation] EPOCH: 141  acc = 98.0000
2023-11-03 00:21:18,341 - fewshot_modelnet_transferring_features - INFO - Save checkpoint at ./experiments/fewshot_modelnet_transferring_features/cfgs/LR_0.0015/ckpt-last.pth
2023-11-03 00:21:21,662 - fewshot_modelnet_transferring_features - INFO - Save checkpoint at ./experiments/fewshot_modelnet_transferring_features/cfgs/LR_0.0015/ckpt-epoch-141.pth
2023-11-03 00:21:23,756 - fewshot_modelnet_transferring_features - INFO - [Training] EPOCH: 142 EpochTime = 2.091 (s) Losses = ['0.0081', '100.0000'] lr = 0.000011
2023-11-03 00:21:25,268 - fewshot_modelnet_transferring_features - INFO - [Validation] EPOCH: 142  acc = 98.0000
2023-11-03 00:21:28,892 - fewshot_modelnet_transferring_features - INFO - Save checkpoint at ./experiments/fewshot_modelnet_transferring_features/cfgs/LR_0.0015/ckpt-last.pth
2023-11-03 00:21:34,549 - fewshot_modelnet_transferring_features - INFO - Save checkpoint at ./experiments/fewshot_modelnet_transferring_features/cfgs/LR_0.0015/ckpt-epoch-142.pth
2023-11-03 00:21:35,995 - fewshot_modelnet_transferring_features - INFO - [Training] EPOCH: 143 EpochTime = 1.444 (s) Losses = ['0.0066', '100.0000'] lr = 0.000009
2023-11-03 00:21:37,621 - fewshot_modelnet_transferring_features - INFO - [Validation] EPOCH: 143  acc = 98.0000
2023-11-03 00:21:41,317 - fewshot_modelnet_transferring_features - INFO - Save checkpoint at ./experiments/fewshot_modelnet_transferring_features/cfgs/LR_0.0015/ckpt-last.pth
2023-11-03 00:21:44,489 - fewshot_modelnet_transferring_features - INFO - Save checkpoint at ./experiments/fewshot_modelnet_transferring_features/cfgs/LR_0.0015/ckpt-epoch-143.pth
2023-11-03 00:21:46,150 - fewshot_modelnet_transferring_features - INFO - [Training] EPOCH: 144 EpochTime = 1.659 (s) Losses = ['0.0070', '100.0000'] lr = 0.000007
2023-11-03 00:21:47,218 - fewshot_modelnet_transferring_features - INFO - [Validation] EPOCH: 144  acc = 97.0000
2023-11-03 00:21:49,778 - fewshot_modelnet_transferring_features - INFO - Save checkpoint at ./experiments/fewshot_modelnet_transferring_features/cfgs/LR_0.0015/ckpt-last.pth
2023-11-03 00:21:54,366 - fewshot_modelnet_transferring_features - INFO - Save checkpoint at ./experiments/fewshot_modelnet_transferring_features/cfgs/LR_0.0015/ckpt-epoch-144.pth
2023-11-03 00:21:56,767 - fewshot_modelnet_transferring_features - INFO - [Training] EPOCH: 145 EpochTime = 2.399 (s) Losses = ['0.0055', '100.0000'] lr = 0.000005
2023-11-03 00:21:58,183 - fewshot_modelnet_transferring_features - INFO - [Validation] EPOCH: 145  acc = 97.0000
2023-11-03 00:22:01,527 - fewshot_modelnet_transferring_features - INFO - Save checkpoint at ./experiments/fewshot_modelnet_transferring_features/cfgs/LR_0.0015/ckpt-last.pth
2023-11-03 00:22:06,115 - fewshot_modelnet_transferring_features - INFO - Save checkpoint at ./experiments/fewshot_modelnet_transferring_features/cfgs/LR_0.0015/ckpt-epoch-145.pth
2023-11-03 00:22:07,775 - fewshot_modelnet_transferring_features - INFO - [Training] EPOCH: 146 EpochTime = 1.659 (s) Losses = ['0.0094', '100.0000'] lr = 0.000004
2023-11-03 00:22:09,140 - fewshot_modelnet_transferring_features - INFO - [Validation] EPOCH: 146  acc = 97.0000
2023-11-03 00:22:10,845 - fewshot_modelnet_transferring_features - INFO - Save checkpoint at ./experiments/fewshot_modelnet_transferring_features/cfgs/LR_0.0015/ckpt-last.pth
2023-11-03 00:22:14,759 - fewshot_modelnet_transferring_features - INFO - Save checkpoint at ./experiments/fewshot_modelnet_transferring_features/cfgs/LR_0.0015/ckpt-epoch-146.pth
2023-11-03 00:22:16,528 - fewshot_modelnet_transferring_features - INFO - [Training] EPOCH: 147 EpochTime = 1.765 (s) Losses = ['0.0089', '100.0000'] lr = 0.000002
2023-11-03 00:22:17,806 - fewshot_modelnet_transferring_features - INFO - [Validation] EPOCH: 147  acc = 97.0000
2023-11-03 00:22:20,364 - fewshot_modelnet_transferring_features - INFO - Save checkpoint at ./experiments/fewshot_modelnet_transferring_features/cfgs/LR_0.0015/ckpt-last.pth
2023-11-03 00:22:23,985 - fewshot_modelnet_transferring_features - INFO - Save checkpoint at ./experiments/fewshot_modelnet_transferring_features/cfgs/LR_0.0015/ckpt-epoch-147.pth
2023-11-03 00:22:26,856 - fewshot_modelnet_transferring_features - INFO - [Training] EPOCH: 148 EpochTime = 2.868 (s) Losses = ['0.0054', '100.0000'] lr = 0.000002
2023-11-03 00:22:28,362 - fewshot_modelnet_transferring_features - INFO - [Validation] EPOCH: 148  acc = 97.0000
2023-11-03 00:22:32,345 - fewshot_modelnet_transferring_features - INFO - Save checkpoint at ./experiments/fewshot_modelnet_transferring_features/cfgs/LR_0.0015/ckpt-last.pth
2023-11-03 00:22:36,276 - fewshot_modelnet_transferring_features - INFO - Save checkpoint at ./experiments/fewshot_modelnet_transferring_features/cfgs/LR_0.0015/ckpt-epoch-148.pth
2023-11-03 00:22:37,691 - fewshot_modelnet_transferring_features - INFO - [Training] EPOCH: 149 EpochTime = 1.414 (s) Losses = ['0.0037', '100.0000'] lr = 0.000001
2023-11-03 00:22:39,139 - fewshot_modelnet_transferring_features - INFO - [Validation] EPOCH: 149  acc = 98.0000
2023-11-03 00:22:40,821 - fewshot_modelnet_transferring_features - INFO - Save checkpoint at ./experiments/fewshot_modelnet_transferring_features/cfgs/LR_0.0015/ckpt-last.pth
2023-11-03 00:22:43,051 - fewshot_modelnet_transferring_features - INFO - Save checkpoint at ./experiments/fewshot_modelnet_transferring_features/cfgs/LR_0.0015/ckpt-epoch-149.pth
2023-11-03 00:22:44,470 - fewshot_modelnet_transferring_features - INFO - [Training] EPOCH: 150 EpochTime = 1.417 (s) Losses = ['0.0057', '100.0000'] lr = 0.000001
2023-11-03 00:22:46,133 - fewshot_modelnet_transferring_features - INFO - [Validation] EPOCH: 150  acc = 97.0000
2023-11-03 00:22:47,965 - fewshot_modelnet_transferring_features - INFO - Save checkpoint at ./experiments/fewshot_modelnet_transferring_features/cfgs/LR_0.0015/ckpt-last.pth
2023-11-03 00:22:52,398 - fewshot_modelnet_transferring_features - INFO - Save checkpoint at ./experiments/fewshot_modelnet_transferring_features/cfgs/LR_0.0015/ckpt-epoch-150.pth
