2023-09-18 06:38:58,158 - fewshot_modelnet_transferring_features - INFO - Copy the Config file from cfgs/fewshot_modelnet_transferring_features.yaml to ./experiments/fewshot_modelnet_transferring_features/cfgs/add_as_normal/config.yaml
2023-09-18 06:38:58,158 - fewshot_modelnet_transferring_features - INFO - args.config : cfgs/fewshot_modelnet_transferring_features.yaml
2023-09-18 06:38:58,158 - fewshot_modelnet_transferring_features - INFO - args.launcher : none
2023-09-18 06:38:58,158 - fewshot_modelnet_transferring_features - INFO - args.local_rank : 0
2023-09-18 06:38:58,158 - fewshot_modelnet_transferring_features - INFO - args.num_workers : 8
2023-09-18 06:38:58,158 - fewshot_modelnet_transferring_features - INFO - args.seed : 0
2023-09-18 06:38:58,158 - fewshot_modelnet_transferring_features - INFO - args.deterministic : False
2023-09-18 06:38:58,158 - fewshot_modelnet_transferring_features - INFO - args.sync_bn : True
2023-09-18 06:38:58,159 - fewshot_modelnet_transferring_features - INFO - args.update_weights_every : 1
2023-09-18 06:38:58,159 - fewshot_modelnet_transferring_features - INFO - args.main_task : 0
2023-09-18 06:38:58,159 - fewshot_modelnet_transferring_features - INFO - args.nashmtl_optim_niter : 20
2023-09-18 06:38:58,159 - fewshot_modelnet_transferring_features - INFO - args.c : 0.4
2023-09-18 06:38:58,159 - fewshot_modelnet_transferring_features - INFO - args.dwa_temp : 2.0
2023-09-18 06:38:58,159 - fewshot_modelnet_transferring_features - INFO - args.method_params_lr : 0.025
2023-09-18 06:38:58,159 - fewshot_modelnet_transferring_features - INFO - args.method : nashmtl
2023-09-18 06:38:58,159 - fewshot_modelnet_transferring_features - INFO - args.gpu : 5
2023-09-18 06:38:58,159 - fewshot_modelnet_transferring_features - INFO - args.large_group : 5
2023-09-18 06:38:58,159 - fewshot_modelnet_transferring_features - INFO - args.small_group : 10
2023-09-18 06:38:58,159 - fewshot_modelnet_transferring_features - INFO - args.large_patch : 6
2023-09-18 06:38:58,159 - fewshot_modelnet_transferring_features - INFO - args.small_patch : 3
2023-09-18 06:38:58,159 - fewshot_modelnet_transferring_features - INFO - args.queue_length : 8192
2023-09-18 06:38:58,159 - fewshot_modelnet_transferring_features - INFO - args.epoch_queue_starts : 10
2023-09-18 06:38:58,159 - fewshot_modelnet_transferring_features - INFO - args.nmb_crops : [5, 10]
2023-09-18 06:38:58,159 - fewshot_modelnet_transferring_features - INFO - args.fea_dim : 384
2023-09-18 06:38:58,159 - fewshot_modelnet_transferring_features - INFO - args.hidden_mlp : 256
2023-09-18 06:38:58,159 - fewshot_modelnet_transferring_features - INFO - args.output_dim : 128
2023-09-18 06:38:58,159 - fewshot_modelnet_transferring_features - INFO - args.nmb_prototypes : 200
2023-09-18 06:38:58,159 - fewshot_modelnet_transferring_features - INFO - args.temperature : 0.1
2023-09-18 06:38:58,160 - fewshot_modelnet_transferring_features - INFO - args.epsilon : 0.05
2023-09-18 06:38:58,160 - fewshot_modelnet_transferring_features - INFO - args.sinkhorn_iterations : 3
2023-09-18 06:38:58,160 - fewshot_modelnet_transferring_features - INFO - args.world_size : 1
2023-09-18 06:38:58,160 - fewshot_modelnet_transferring_features - INFO - args.exp_name : add_as_normal
2023-09-18 06:38:58,160 - fewshot_modelnet_transferring_features - INFO - args.loss : cd1
2023-09-18 06:38:58,160 - fewshot_modelnet_transferring_features - INFO - args.start_ckpts : None
2023-09-18 06:38:58,160 - fewshot_modelnet_transferring_features - INFO - args.ckpts : ./experiments/pretrain_MaskSurf/cfgs/add_as_normal/ckpt-last.pth
2023-09-18 06:38:58,160 - fewshot_modelnet_transferring_features - INFO - args.val_freq : 1
2023-09-18 06:38:58,160 - fewshot_modelnet_transferring_features - INFO - args.vote : False
2023-09-18 06:38:58,160 - fewshot_modelnet_transferring_features - INFO - args.resume : False
2023-09-18 06:38:58,160 - fewshot_modelnet_transferring_features - INFO - args.test : False
2023-09-18 06:38:58,160 - fewshot_modelnet_transferring_features - INFO - args.finetune_model : True
2023-09-18 06:38:58,160 - fewshot_modelnet_transferring_features - INFO - args.scratch_model : False
2023-09-18 06:38:58,160 - fewshot_modelnet_transferring_features - INFO - args.mode : None
2023-09-18 06:38:58,160 - fewshot_modelnet_transferring_features - INFO - args.way : 10
2023-09-18 06:38:58,160 - fewshot_modelnet_transferring_features - INFO - args.shot : 20
2023-09-18 06:38:58,160 - fewshot_modelnet_transferring_features - INFO - args.fold : 2
2023-09-18 06:38:58,160 - fewshot_modelnet_transferring_features - INFO - args.experiment_path : ./experiments/fewshot_modelnet_transferring_features/cfgs/add_as_normal
2023-09-18 06:38:58,160 - fewshot_modelnet_transferring_features - INFO - args.tfboard_path : ./experiments/fewshot_modelnet_transferring_features/cfgs/TFBoard/add_as_normal
2023-09-18 06:38:58,160 - fewshot_modelnet_transferring_features - INFO - args.log_name : fewshot_modelnet_transferring_features
2023-09-18 06:38:58,161 - fewshot_modelnet_transferring_features - INFO - args.use_gpu : True
2023-09-18 06:38:58,161 - fewshot_modelnet_transferring_features - INFO - args.distributed : False
2023-09-18 06:38:58,161 - fewshot_modelnet_transferring_features - INFO - config.optimizer = edict()
2023-09-18 06:38:58,161 - fewshot_modelnet_transferring_features - INFO - config.optimizer.type : AdamW
2023-09-18 06:38:58,161 - fewshot_modelnet_transferring_features - INFO - config.optimizer.part : all
2023-09-18 06:38:58,161 - fewshot_modelnet_transferring_features - INFO - config.optimizer.kwargs = edict()
2023-09-18 06:38:58,161 - fewshot_modelnet_transferring_features - INFO - config.optimizer.kwargs.lr : 0.0005
2023-09-18 06:38:58,161 - fewshot_modelnet_transferring_features - INFO - config.optimizer.kwargs.weight_decay : 0.05
2023-09-18 06:38:58,161 - fewshot_modelnet_transferring_features - INFO - config.scheduler = edict()
2023-09-18 06:38:58,161 - fewshot_modelnet_transferring_features - INFO - config.scheduler.type : CosLR
2023-09-18 06:38:58,161 - fewshot_modelnet_transferring_features - INFO - config.scheduler.kwargs = edict()
2023-09-18 06:38:58,161 - fewshot_modelnet_transferring_features - INFO - config.scheduler.kwargs.epochs : 150
2023-09-18 06:38:58,161 - fewshot_modelnet_transferring_features - INFO - config.scheduler.kwargs.initial_epochs : 10
2023-09-18 06:38:58,161 - fewshot_modelnet_transferring_features - INFO - config.dataset = edict()
2023-09-18 06:38:58,161 - fewshot_modelnet_transferring_features - INFO - config.dataset.train = edict()
2023-09-18 06:38:58,161 - fewshot_modelnet_transferring_features - INFO - config.dataset.train._base_ = edict()
2023-09-18 06:38:58,161 - fewshot_modelnet_transferring_features - INFO - config.dataset.train._base_.NAME : ModelNetFewShot
2023-09-18 06:38:58,161 - fewshot_modelnet_transferring_features - INFO - config.dataset.train._base_.DATA_PATH : data/ModelNetFewshot
2023-09-18 06:38:58,161 - fewshot_modelnet_transferring_features - INFO - config.dataset.train._base_.N_POINTS : 8192
2023-09-18 06:38:58,161 - fewshot_modelnet_transferring_features - INFO - config.dataset.train._base_.NUM_CATEGORY : 40
2023-09-18 06:38:58,162 - fewshot_modelnet_transferring_features - INFO - config.dataset.train._base_.USE_NORMALS : False
2023-09-18 06:38:58,162 - fewshot_modelnet_transferring_features - INFO - config.dataset.train.others = edict()
2023-09-18 06:38:58,162 - fewshot_modelnet_transferring_features - INFO - config.dataset.train.others.subset : train
2023-09-18 06:38:58,162 - fewshot_modelnet_transferring_features - INFO - config.dataset.train.others.bs : 32
2023-09-18 06:38:58,162 - fewshot_modelnet_transferring_features - INFO - config.dataset.val = edict()
2023-09-18 06:38:58,162 - fewshot_modelnet_transferring_features - INFO - config.dataset.val._base_ = edict()
2023-09-18 06:38:58,162 - fewshot_modelnet_transferring_features - INFO - config.dataset.val._base_.NAME : ModelNetFewShot
2023-09-18 06:38:58,162 - fewshot_modelnet_transferring_features - INFO - config.dataset.val._base_.DATA_PATH : data/ModelNetFewshot
2023-09-18 06:38:58,162 - fewshot_modelnet_transferring_features - INFO - config.dataset.val._base_.N_POINTS : 8192
2023-09-18 06:38:58,162 - fewshot_modelnet_transferring_features - INFO - config.dataset.val._base_.NUM_CATEGORY : 40
2023-09-18 06:38:58,162 - fewshot_modelnet_transferring_features - INFO - config.dataset.val._base_.USE_NORMALS : False
2023-09-18 06:38:58,162 - fewshot_modelnet_transferring_features - INFO - config.dataset.val.others = edict()
2023-09-18 06:38:58,162 - fewshot_modelnet_transferring_features - INFO - config.dataset.val.others.subset : test
2023-09-18 06:38:58,162 - fewshot_modelnet_transferring_features - INFO - config.dataset.val.others.bs : 64
2023-09-18 06:38:58,162 - fewshot_modelnet_transferring_features - INFO - config.dataset.test = edict()
2023-09-18 06:38:58,162 - fewshot_modelnet_transferring_features - INFO - config.dataset.test._base_ = edict()
2023-09-18 06:38:58,162 - fewshot_modelnet_transferring_features - INFO - config.dataset.test._base_.NAME : ModelNet
2023-09-18 06:38:58,162 - fewshot_modelnet_transferring_features - INFO - config.dataset.test._base_.DATA_PATH : data/ModelNet/modelnet40_normal_resampled
2023-09-18 06:38:58,163 - fewshot_modelnet_transferring_features - INFO - config.dataset.test._base_.N_POINTS : 8192
2023-09-18 06:38:58,163 - fewshot_modelnet_transferring_features - INFO - config.dataset.test._base_.NUM_CATEGORY : 40
2023-09-18 06:38:58,163 - fewshot_modelnet_transferring_features - INFO - config.dataset.test._base_.USE_NORMALS : False
2023-09-18 06:38:58,163 - fewshot_modelnet_transferring_features - INFO - config.dataset.test.others = edict()
2023-09-18 06:38:58,163 - fewshot_modelnet_transferring_features - INFO - config.dataset.test.others.subset : test
2023-09-18 06:38:58,163 - fewshot_modelnet_transferring_features - INFO - config.dataset.test.others.bs : 32
2023-09-18 06:38:58,163 - fewshot_modelnet_transferring_features - INFO - config.model = edict()
2023-09-18 06:38:58,163 - fewshot_modelnet_transferring_features - INFO - config.model.NAME : PointTransformer
2023-09-18 06:38:58,163 - fewshot_modelnet_transferring_features - INFO - config.model.trans_dim : 384
2023-09-18 06:38:58,163 - fewshot_modelnet_transferring_features - INFO - config.model.depth : 12
2023-09-18 06:38:58,163 - fewshot_modelnet_transferring_features - INFO - config.model.drop_path_rate : 0.1
2023-09-18 06:38:58,163 - fewshot_modelnet_transferring_features - INFO - config.model.cls_dim : 15
2023-09-18 06:38:58,163 - fewshot_modelnet_transferring_features - INFO - config.model.num_heads : 6
2023-09-18 06:38:58,163 - fewshot_modelnet_transferring_features - INFO - config.model.group_size : 32
2023-09-18 06:38:58,163 - fewshot_modelnet_transferring_features - INFO - config.model.num_group : 64
2023-09-18 06:38:58,163 - fewshot_modelnet_transferring_features - INFO - config.model.encoder_dims : 384
2023-09-18 06:38:58,163 - fewshot_modelnet_transferring_features - INFO - config.npoints : 1024
2023-09-18 06:38:58,163 - fewshot_modelnet_transferring_features - INFO - config.total_bs : 32
2023-09-18 06:38:58,163 - fewshot_modelnet_transferring_features - INFO - config.step_per_update : 1
2023-09-18 06:38:58,164 - fewshot_modelnet_transferring_features - INFO - config.max_epoch : 150
2023-09-18 06:38:58,164 - fewshot_modelnet_transferring_features - INFO - config.grad_norm_clip : 10
2023-09-18 06:38:58,164 - fewshot_modelnet_transferring_features - INFO - Distributed training: False
2023-09-18 06:38:58,164 - fewshot_modelnet_transferring_features - INFO - Set random seed to 0, deterministic: False
2023-09-18 06:39:00,507 - fewshot_modelnet_transferring_features - INFO - Using Data parallel ...
2023-09-18 06:39:06,276 - fewshot_modelnet_transferring_features - INFO - [Training] EPOCH: 0 EpochTime = 5.763 (s) Losses = ['2.8028', '7.2917'] lr = 0.000001
2023-09-18 06:39:07,926 - fewshot_modelnet_transferring_features - INFO - Save checkpoint at ./experiments/fewshot_modelnet_transferring_features/cfgs/add_as_normal/ckpt-last.pth
2023-09-18 06:39:09,856 - fewshot_modelnet_transferring_features - INFO - [Training] EPOCH: 1 EpochTime = 1.929 (s) Losses = ['2.8337', '7.2917'] lr = 0.000051
2023-09-18 06:39:11,862 - fewshot_modelnet_transferring_features - INFO - [Validation] EPOCH: 1  acc = 8.5000
2023-09-18 06:39:14,010 - fewshot_modelnet_transferring_features - INFO - Save checkpoint at ./experiments/fewshot_modelnet_transferring_features/cfgs/add_as_normal/ckpt-best.pth
2023-09-18 06:39:14,010 - fewshot_modelnet_transferring_features - INFO - --------------------------------------------------------------------------------------------
2023-09-18 06:39:17,663 - fewshot_modelnet_transferring_features - INFO - Save checkpoint at ./experiments/fewshot_modelnet_transferring_features/cfgs/add_as_normal/ckpt-last.pth
2023-09-18 06:39:19,557 - fewshot_modelnet_transferring_features - INFO - [Training] EPOCH: 2 EpochTime = 1.893 (s) Losses = ['2.7104', '8.3333'] lr = 0.000101
2023-09-18 06:39:20,999 - fewshot_modelnet_transferring_features - INFO - [Validation] EPOCH: 2  acc = 15.0000
2023-09-18 06:39:22,696 - fewshot_modelnet_transferring_features - INFO - Save checkpoint at ./experiments/fewshot_modelnet_transferring_features/cfgs/add_as_normal/ckpt-best.pth
2023-09-18 06:39:22,696 - fewshot_modelnet_transferring_features - INFO - --------------------------------------------------------------------------------------------
2023-09-18 06:39:24,458 - fewshot_modelnet_transferring_features - INFO - Save checkpoint at ./experiments/fewshot_modelnet_transferring_features/cfgs/add_as_normal/ckpt-last.pth
2023-09-18 06:39:26,330 - fewshot_modelnet_transferring_features - INFO - [Training] EPOCH: 3 EpochTime = 1.870 (s) Losses = ['2.5902', '14.0625'] lr = 0.000151
2023-09-18 06:39:27,929 - fewshot_modelnet_transferring_features - INFO - [Validation] EPOCH: 3  acc = 38.5000
2023-09-18 06:39:29,486 - fewshot_modelnet_transferring_features - INFO - Save checkpoint at ./experiments/fewshot_modelnet_transferring_features/cfgs/add_as_normal/ckpt-best.pth
2023-09-18 06:39:29,486 - fewshot_modelnet_transferring_features - INFO - --------------------------------------------------------------------------------------------
2023-09-18 06:39:32,854 - fewshot_modelnet_transferring_features - INFO - Save checkpoint at ./experiments/fewshot_modelnet_transferring_features/cfgs/add_as_normal/ckpt-last.pth
2023-09-18 06:39:34,764 - fewshot_modelnet_transferring_features - INFO - [Training] EPOCH: 4 EpochTime = 1.908 (s) Losses = ['2.4855', '20.3125'] lr = 0.000201
2023-09-18 06:39:36,219 - fewshot_modelnet_transferring_features - INFO - [Validation] EPOCH: 4  acc = 50.5000
2023-09-18 06:39:39,051 - fewshot_modelnet_transferring_features - INFO - Save checkpoint at ./experiments/fewshot_modelnet_transferring_features/cfgs/add_as_normal/ckpt-best.pth
2023-09-18 06:39:39,052 - fewshot_modelnet_transferring_features - INFO - --------------------------------------------------------------------------------------------
2023-09-18 06:39:40,740 - fewshot_modelnet_transferring_features - INFO - Save checkpoint at ./experiments/fewshot_modelnet_transferring_features/cfgs/add_as_normal/ckpt-last.pth
2023-09-18 06:39:42,557 - fewshot_modelnet_transferring_features - INFO - [Training] EPOCH: 5 EpochTime = 1.816 (s) Losses = ['2.2484', '33.3333'] lr = 0.000251
2023-09-18 06:39:44,061 - fewshot_modelnet_transferring_features - INFO - [Validation] EPOCH: 5  acc = 60.0000
2023-09-18 06:39:45,985 - fewshot_modelnet_transferring_features - INFO - Save checkpoint at ./experiments/fewshot_modelnet_transferring_features/cfgs/add_as_normal/ckpt-best.pth
2023-09-18 06:39:45,985 - fewshot_modelnet_transferring_features - INFO - --------------------------------------------------------------------------------------------
2023-09-18 06:39:48,417 - fewshot_modelnet_transferring_features - INFO - Save checkpoint at ./experiments/fewshot_modelnet_transferring_features/cfgs/add_as_normal/ckpt-last.pth
2023-09-18 06:39:50,351 - fewshot_modelnet_transferring_features - INFO - [Training] EPOCH: 6 EpochTime = 1.932 (s) Losses = ['2.0433', '42.7083'] lr = 0.000300
2023-09-18 06:39:51,936 - fewshot_modelnet_transferring_features - INFO - [Validation] EPOCH: 6  acc = 63.5000
2023-09-18 06:39:54,340 - fewshot_modelnet_transferring_features - INFO - Save checkpoint at ./experiments/fewshot_modelnet_transferring_features/cfgs/add_as_normal/ckpt-best.pth
2023-09-18 06:39:54,340 - fewshot_modelnet_transferring_features - INFO - --------------------------------------------------------------------------------------------
2023-09-18 06:39:56,090 - fewshot_modelnet_transferring_features - INFO - Save checkpoint at ./experiments/fewshot_modelnet_transferring_features/cfgs/add_as_normal/ckpt-last.pth
2023-09-18 06:39:57,930 - fewshot_modelnet_transferring_features - INFO - [Training] EPOCH: 7 EpochTime = 1.838 (s) Losses = ['1.8570', '55.2083'] lr = 0.000350
2023-09-18 06:39:59,373 - fewshot_modelnet_transferring_features - INFO - [Validation] EPOCH: 7  acc = 69.0000
2023-09-18 06:40:01,181 - fewshot_modelnet_transferring_features - INFO - Save checkpoint at ./experiments/fewshot_modelnet_transferring_features/cfgs/add_as_normal/ckpt-best.pth
2023-09-18 06:40:01,181 - fewshot_modelnet_transferring_features - INFO - --------------------------------------------------------------------------------------------
2023-09-18 06:40:04,026 - fewshot_modelnet_transferring_features - INFO - Save checkpoint at ./experiments/fewshot_modelnet_transferring_features/cfgs/add_as_normal/ckpt-last.pth
2023-09-18 06:40:05,850 - fewshot_modelnet_transferring_features - INFO - [Training] EPOCH: 8 EpochTime = 1.822 (s) Losses = ['1.6024', '65.6250'] lr = 0.000400
2023-09-18 06:40:07,310 - fewshot_modelnet_transferring_features - INFO - [Validation] EPOCH: 8  acc = 72.0000
2023-09-18 06:40:10,747 - fewshot_modelnet_transferring_features - INFO - Save checkpoint at ./experiments/fewshot_modelnet_transferring_features/cfgs/add_as_normal/ckpt-best.pth
2023-09-18 06:40:10,748 - fewshot_modelnet_transferring_features - INFO - --------------------------------------------------------------------------------------------
2023-09-18 06:40:12,434 - fewshot_modelnet_transferring_features - INFO - Save checkpoint at ./experiments/fewshot_modelnet_transferring_features/cfgs/add_as_normal/ckpt-last.pth
2023-09-18 06:40:14,252 - fewshot_modelnet_transferring_features - INFO - [Training] EPOCH: 9 EpochTime = 1.816 (s) Losses = ['1.4727', '65.1042'] lr = 0.000450
2023-09-18 06:40:15,744 - fewshot_modelnet_transferring_features - INFO - [Validation] EPOCH: 9  acc = 78.5000
2023-09-18 06:40:17,556 - fewshot_modelnet_transferring_features - INFO - Save checkpoint at ./experiments/fewshot_modelnet_transferring_features/cfgs/add_as_normal/ckpt-best.pth
2023-09-18 06:40:17,556 - fewshot_modelnet_transferring_features - INFO - --------------------------------------------------------------------------------------------
2023-09-18 06:40:20,622 - fewshot_modelnet_transferring_features - INFO - Save checkpoint at ./experiments/fewshot_modelnet_transferring_features/cfgs/add_as_normal/ckpt-last.pth
2023-09-18 06:40:22,611 - fewshot_modelnet_transferring_features - INFO - [Training] EPOCH: 10 EpochTime = 1.935 (s) Losses = ['1.2790', '71.8750'] lr = 0.000495
2023-09-18 06:40:24,066 - fewshot_modelnet_transferring_features - INFO - [Validation] EPOCH: 10  acc = 81.0000
2023-09-18 06:40:25,677 - fewshot_modelnet_transferring_features - INFO - Save checkpoint at ./experiments/fewshot_modelnet_transferring_features/cfgs/add_as_normal/ckpt-best.pth
2023-09-18 06:40:25,794 - fewshot_modelnet_transferring_features - INFO - --------------------------------------------------------------------------------------------
2023-09-18 06:40:27,512 - fewshot_modelnet_transferring_features - INFO - Save checkpoint at ./experiments/fewshot_modelnet_transferring_features/cfgs/add_as_normal/ckpt-last.pth
2023-09-18 06:40:29,364 - fewshot_modelnet_transferring_features - INFO - [Training] EPOCH: 11 EpochTime = 1.850 (s) Losses = ['1.1649', '79.6875'] lr = 0.000493
2023-09-18 06:40:30,946 - fewshot_modelnet_transferring_features - INFO - [Validation] EPOCH: 11  acc = 81.0000
2023-09-18 06:40:32,644 - fewshot_modelnet_transferring_features - INFO - Save checkpoint at ./experiments/fewshot_modelnet_transferring_features/cfgs/add_as_normal/ckpt-last.pth
2023-09-18 06:40:34,449 - fewshot_modelnet_transferring_features - INFO - [Training] EPOCH: 12 EpochTime = 1.803 (s) Losses = ['1.0251', '80.2083'] lr = 0.000492
2023-09-18 06:40:35,895 - fewshot_modelnet_transferring_features - INFO - [Validation] EPOCH: 12  acc = 82.0000
2023-09-18 06:40:37,703 - fewshot_modelnet_transferring_features - INFO - Save checkpoint at ./experiments/fewshot_modelnet_transferring_features/cfgs/add_as_normal/ckpt-best.pth
2023-09-18 06:40:37,704 - fewshot_modelnet_transferring_features - INFO - --------------------------------------------------------------------------------------------
2023-09-18 06:40:40,369 - fewshot_modelnet_transferring_features - INFO - Save checkpoint at ./experiments/fewshot_modelnet_transferring_features/cfgs/add_as_normal/ckpt-last.pth
2023-09-18 06:40:42,193 - fewshot_modelnet_transferring_features - INFO - [Training] EPOCH: 13 EpochTime = 1.822 (s) Losses = ['0.8961', '82.2917'] lr = 0.000491
2023-09-18 06:40:43,723 - fewshot_modelnet_transferring_features - INFO - [Validation] EPOCH: 13  acc = 83.5000
2023-09-18 06:40:45,420 - fewshot_modelnet_transferring_features - INFO - Save checkpoint at ./experiments/fewshot_modelnet_transferring_features/cfgs/add_as_normal/ckpt-best.pth
2023-09-18 06:40:45,420 - fewshot_modelnet_transferring_features - INFO - --------------------------------------------------------------------------------------------
2023-09-18 06:40:48,400 - fewshot_modelnet_transferring_features - INFO - Save checkpoint at ./experiments/fewshot_modelnet_transferring_features/cfgs/add_as_normal/ckpt-last.pth
2023-09-18 06:40:50,234 - fewshot_modelnet_transferring_features - INFO - [Training] EPOCH: 14 EpochTime = 1.831 (s) Losses = ['0.7168', '86.4583'] lr = 0.000489
2023-09-18 06:40:51,791 - fewshot_modelnet_transferring_features - INFO - [Validation] EPOCH: 14  acc = 83.5000
2023-09-18 06:40:53,954 - fewshot_modelnet_transferring_features - INFO - Save checkpoint at ./experiments/fewshot_modelnet_transferring_features/cfgs/add_as_normal/ckpt-last.pth
2023-09-18 06:40:55,923 - fewshot_modelnet_transferring_features - INFO - [Training] EPOCH: 15 EpochTime = 1.967 (s) Losses = ['0.6511', '87.5000'] lr = 0.000488
2023-09-18 06:40:57,360 - fewshot_modelnet_transferring_features - INFO - [Validation] EPOCH: 15  acc = 83.0000
2023-09-18 06:40:59,051 - fewshot_modelnet_transferring_features - INFO - Save checkpoint at ./experiments/fewshot_modelnet_transferring_features/cfgs/add_as_normal/ckpt-last.pth
2023-09-18 06:41:00,968 - fewshot_modelnet_transferring_features - INFO - [Training] EPOCH: 16 EpochTime = 1.915 (s) Losses = ['0.6165', '83.3333'] lr = 0.000486
2023-09-18 06:41:02,415 - fewshot_modelnet_transferring_features - INFO - [Validation] EPOCH: 16  acc = 85.0000
2023-09-18 06:41:04,356 - fewshot_modelnet_transferring_features - INFO - Save checkpoint at ./experiments/fewshot_modelnet_transferring_features/cfgs/add_as_normal/ckpt-best.pth
2023-09-18 06:41:04,357 - fewshot_modelnet_transferring_features - INFO - --------------------------------------------------------------------------------------------
2023-09-18 06:41:06,311 - fewshot_modelnet_transferring_features - INFO - Save checkpoint at ./experiments/fewshot_modelnet_transferring_features/cfgs/add_as_normal/ckpt-last.pth
2023-09-18 06:41:08,165 - fewshot_modelnet_transferring_features - INFO - [Training] EPOCH: 17 EpochTime = 1.852 (s) Losses = ['0.5118', '92.7083'] lr = 0.000484
2023-09-18 06:41:09,673 - fewshot_modelnet_transferring_features - INFO - [Validation] EPOCH: 17  acc = 83.5000
2023-09-18 06:41:11,826 - fewshot_modelnet_transferring_features - INFO - Save checkpoint at ./experiments/fewshot_modelnet_transferring_features/cfgs/add_as_normal/ckpt-last.pth
2023-09-18 06:41:13,772 - fewshot_modelnet_transferring_features - INFO - [Training] EPOCH: 18 EpochTime = 1.944 (s) Losses = ['0.4649', '94.2708'] lr = 0.000482
2023-09-18 06:41:15,346 - fewshot_modelnet_transferring_features - INFO - [Validation] EPOCH: 18  acc = 84.0000
2023-09-18 06:41:17,102 - fewshot_modelnet_transferring_features - INFO - Save checkpoint at ./experiments/fewshot_modelnet_transferring_features/cfgs/add_as_normal/ckpt-last.pth
2023-09-18 06:41:18,938 - fewshot_modelnet_transferring_features - INFO - [Training] EPOCH: 19 EpochTime = 1.835 (s) Losses = ['0.4727', '93.2292'] lr = 0.000481
2023-09-18 06:41:20,402 - fewshot_modelnet_transferring_features - INFO - [Validation] EPOCH: 19  acc = 85.5000
2023-09-18 06:41:22,330 - fewshot_modelnet_transferring_features - INFO - Save checkpoint at ./experiments/fewshot_modelnet_transferring_features/cfgs/add_as_normal/ckpt-best.pth
2023-09-18 06:41:22,331 - fewshot_modelnet_transferring_features - INFO - --------------------------------------------------------------------------------------------
2023-09-18 06:41:25,052 - fewshot_modelnet_transferring_features - INFO - Save checkpoint at ./experiments/fewshot_modelnet_transferring_features/cfgs/add_as_normal/ckpt-last.pth
2023-09-18 06:41:26,968 - fewshot_modelnet_transferring_features - INFO - [Training] EPOCH: 20 EpochTime = 1.914 (s) Losses = ['0.4226', '93.2292'] lr = 0.000478
2023-09-18 06:41:28,427 - fewshot_modelnet_transferring_features - INFO - [Validation] EPOCH: 20  acc = 86.5000
2023-09-18 06:41:30,792 - fewshot_modelnet_transferring_features - INFO - Save checkpoint at ./experiments/fewshot_modelnet_transferring_features/cfgs/add_as_normal/ckpt-best.pth
2023-09-18 06:41:30,793 - fewshot_modelnet_transferring_features - INFO - --------------------------------------------------------------------------------------------
2023-09-18 06:41:32,755 - fewshot_modelnet_transferring_features - INFO - Save checkpoint at ./experiments/fewshot_modelnet_transferring_features/cfgs/add_as_normal/ckpt-last.pth
2023-09-18 06:41:34,570 - fewshot_modelnet_transferring_features - INFO - [Training] EPOCH: 21 EpochTime = 1.813 (s) Losses = ['0.3336', '96.3542'] lr = 0.000476
2023-09-18 06:41:36,062 - fewshot_modelnet_transferring_features - INFO - [Validation] EPOCH: 21  acc = 86.5000
2023-09-18 06:41:37,589 - fewshot_modelnet_transferring_features - INFO - Save checkpoint at ./experiments/fewshot_modelnet_transferring_features/cfgs/add_as_normal/ckpt-last.pth
2023-09-18 06:41:39,509 - fewshot_modelnet_transferring_features - INFO - [Training] EPOCH: 22 EpochTime = 1.919 (s) Losses = ['0.3042', '96.3542'] lr = 0.000474
2023-09-18 06:41:40,962 - fewshot_modelnet_transferring_features - INFO - [Validation] EPOCH: 22  acc = 84.0000
2023-09-18 06:41:42,486 - fewshot_modelnet_transferring_features - INFO - Save checkpoint at ./experiments/fewshot_modelnet_transferring_features/cfgs/add_as_normal/ckpt-last.pth
2023-09-18 06:41:44,311 - fewshot_modelnet_transferring_features - INFO - [Training] EPOCH: 23 EpochTime = 1.824 (s) Losses = ['0.3144', '96.3542'] lr = 0.000472
2023-09-18 06:41:45,735 - fewshot_modelnet_transferring_features - INFO - [Validation] EPOCH: 23  acc = 87.0000
2023-09-18 06:41:47,338 - fewshot_modelnet_transferring_features - INFO - Save checkpoint at ./experiments/fewshot_modelnet_transferring_features/cfgs/add_as_normal/ckpt-best.pth
2023-09-18 06:41:47,339 - fewshot_modelnet_transferring_features - INFO - --------------------------------------------------------------------------------------------
2023-09-18 06:41:49,703 - fewshot_modelnet_transferring_features - INFO - Save checkpoint at ./experiments/fewshot_modelnet_transferring_features/cfgs/add_as_normal/ckpt-last.pth
2023-09-18 06:41:51,556 - fewshot_modelnet_transferring_features - INFO - [Training] EPOCH: 24 EpochTime = 1.852 (s) Losses = ['0.2714', '97.3958'] lr = 0.000469
2023-09-18 06:41:53,013 - fewshot_modelnet_transferring_features - INFO - [Validation] EPOCH: 24  acc = 86.0000
2023-09-18 06:41:54,701 - fewshot_modelnet_transferring_features - INFO - Save checkpoint at ./experiments/fewshot_modelnet_transferring_features/cfgs/add_as_normal/ckpt-last.pth
2023-09-18 06:41:56,591 - fewshot_modelnet_transferring_features - INFO - [Training] EPOCH: 25 EpochTime = 1.888 (s) Losses = ['0.2285', '99.4792'] lr = 0.000467
2023-09-18 06:41:58,074 - fewshot_modelnet_transferring_features - INFO - [Validation] EPOCH: 25  acc = 86.0000
2023-09-18 06:41:59,810 - fewshot_modelnet_transferring_features - INFO - Save checkpoint at ./experiments/fewshot_modelnet_transferring_features/cfgs/add_as_normal/ckpt-last.pth
2023-09-18 06:42:01,615 - fewshot_modelnet_transferring_features - INFO - [Training] EPOCH: 26 EpochTime = 1.803 (s) Losses = ['0.2048', '96.8750'] lr = 0.000464
2023-09-18 06:42:03,115 - fewshot_modelnet_transferring_features - INFO - [Validation] EPOCH: 26  acc = 85.5000
2023-09-18 06:42:05,257 - fewshot_modelnet_transferring_features - INFO - Save checkpoint at ./experiments/fewshot_modelnet_transferring_features/cfgs/add_as_normal/ckpt-last.pth
2023-09-18 06:42:07,087 - fewshot_modelnet_transferring_features - INFO - [Training] EPOCH: 27 EpochTime = 1.828 (s) Losses = ['0.1900', '97.9167'] lr = 0.000461
2023-09-18 06:42:08,547 - fewshot_modelnet_transferring_features - INFO - [Validation] EPOCH: 27  acc = 83.5000
2023-09-18 06:42:10,205 - fewshot_modelnet_transferring_features - INFO - Save checkpoint at ./experiments/fewshot_modelnet_transferring_features/cfgs/add_as_normal/ckpt-last.pth
2023-09-18 06:42:12,029 - fewshot_modelnet_transferring_features - INFO - [Training] EPOCH: 28 EpochTime = 1.823 (s) Losses = ['0.1776', '98.9583'] lr = 0.000458
2023-09-18 06:42:13,479 - fewshot_modelnet_transferring_features - INFO - [Validation] EPOCH: 28  acc = 85.5000
2023-09-18 06:42:14,993 - fewshot_modelnet_transferring_features - INFO - Save checkpoint at ./experiments/fewshot_modelnet_transferring_features/cfgs/add_as_normal/ckpt-last.pth
2023-09-18 06:42:16,816 - fewshot_modelnet_transferring_features - INFO - [Training] EPOCH: 29 EpochTime = 1.821 (s) Losses = ['0.1841', '99.4792'] lr = 0.000455
2023-09-18 06:42:18,328 - fewshot_modelnet_transferring_features - INFO - [Validation] EPOCH: 29  acc = 83.0000
2023-09-18 06:42:19,955 - fewshot_modelnet_transferring_features - INFO - Save checkpoint at ./experiments/fewshot_modelnet_transferring_features/cfgs/add_as_normal/ckpt-last.pth
2023-09-18 06:42:21,790 - fewshot_modelnet_transferring_features - INFO - [Training] EPOCH: 30 EpochTime = 1.833 (s) Losses = ['0.1326', '99.4792'] lr = 0.000452
2023-09-18 06:42:23,270 - fewshot_modelnet_transferring_features - INFO - [Validation] EPOCH: 30  acc = 86.5000
2023-09-18 06:42:25,235 - fewshot_modelnet_transferring_features - INFO - Save checkpoint at ./experiments/fewshot_modelnet_transferring_features/cfgs/add_as_normal/ckpt-last.pth
2023-09-18 06:42:27,140 - fewshot_modelnet_transferring_features - INFO - [Training] EPOCH: 31 EpochTime = 1.904 (s) Losses = ['0.1666', '98.9583'] lr = 0.000449
2023-09-18 06:42:28,593 - fewshot_modelnet_transferring_features - INFO - [Validation] EPOCH: 31  acc = 85.5000
2023-09-18 06:42:31,369 - fewshot_modelnet_transferring_features - INFO - Save checkpoint at ./experiments/fewshot_modelnet_transferring_features/cfgs/add_as_normal/ckpt-last.pth
2023-09-18 06:42:33,343 - fewshot_modelnet_transferring_features - INFO - [Training] EPOCH: 32 EpochTime = 1.972 (s) Losses = ['0.1214', '99.4792'] lr = 0.000446
2023-09-18 06:42:34,797 - fewshot_modelnet_transferring_features - INFO - [Validation] EPOCH: 32  acc = 86.5000
2023-09-18 06:42:36,551 - fewshot_modelnet_transferring_features - INFO - Save checkpoint at ./experiments/fewshot_modelnet_transferring_features/cfgs/add_as_normal/ckpt-last.pth
2023-09-18 06:42:38,363 - fewshot_modelnet_transferring_features - INFO - [Training] EPOCH: 33 EpochTime = 1.809 (s) Losses = ['0.1249', '99.4792'] lr = 0.000443
2023-09-18 06:42:39,846 - fewshot_modelnet_transferring_features - INFO - [Validation] EPOCH: 33  acc = 86.5000
2023-09-18 06:42:41,552 - fewshot_modelnet_transferring_features - INFO - Save checkpoint at ./experiments/fewshot_modelnet_transferring_features/cfgs/add_as_normal/ckpt-last.pth
2023-09-18 06:42:43,391 - fewshot_modelnet_transferring_features - INFO - [Training] EPOCH: 34 EpochTime = 1.837 (s) Losses = ['0.1014', '100.0000'] lr = 0.000439
2023-09-18 06:42:44,848 - fewshot_modelnet_transferring_features - INFO - [Validation] EPOCH: 34  acc = 87.0000
2023-09-18 06:42:46,651 - fewshot_modelnet_transferring_features - INFO - Save checkpoint at ./experiments/fewshot_modelnet_transferring_features/cfgs/add_as_normal/ckpt-last.pth
2023-09-18 06:42:48,462 - fewshot_modelnet_transferring_features - INFO - [Training] EPOCH: 35 EpochTime = 1.809 (s) Losses = ['0.1212', '99.4792'] lr = 0.000436
2023-09-18 06:42:49,937 - fewshot_modelnet_transferring_features - INFO - [Validation] EPOCH: 35  acc = 85.0000
2023-09-18 06:42:51,677 - fewshot_modelnet_transferring_features - INFO - Save checkpoint at ./experiments/fewshot_modelnet_transferring_features/cfgs/add_as_normal/ckpt-last.pth
2023-09-18 06:42:53,526 - fewshot_modelnet_transferring_features - INFO - [Training] EPOCH: 36 EpochTime = 1.847 (s) Losses = ['0.0950', '99.4792'] lr = 0.000432
2023-09-18 06:42:55,018 - fewshot_modelnet_transferring_features - INFO - [Validation] EPOCH: 36  acc = 87.5000
2023-09-18 06:42:56,779 - fewshot_modelnet_transferring_features - INFO - Save checkpoint at ./experiments/fewshot_modelnet_transferring_features/cfgs/add_as_normal/ckpt-best.pth
2023-09-18 06:42:56,780 - fewshot_modelnet_transferring_features - INFO - --------------------------------------------------------------------------------------------
2023-09-18 06:43:00,289 - fewshot_modelnet_transferring_features - INFO - Save checkpoint at ./experiments/fewshot_modelnet_transferring_features/cfgs/add_as_normal/ckpt-last.pth
2023-09-18 06:43:02,364 - fewshot_modelnet_transferring_features - INFO - [Training] EPOCH: 37 EpochTime = 2.073 (s) Losses = ['0.0990', '99.4792'] lr = 0.000429
2023-09-18 06:43:03,854 - fewshot_modelnet_transferring_features - INFO - [Validation] EPOCH: 37  acc = 85.0000
2023-09-18 06:43:06,480 - fewshot_modelnet_transferring_features - INFO - Save checkpoint at ./experiments/fewshot_modelnet_transferring_features/cfgs/add_as_normal/ckpt-last.pth
2023-09-18 06:43:08,427 - fewshot_modelnet_transferring_features - INFO - [Training] EPOCH: 38 EpochTime = 1.945 (s) Losses = ['0.1259', '99.4792'] lr = 0.000425
2023-09-18 06:43:09,877 - fewshot_modelnet_transferring_features - INFO - [Validation] EPOCH: 38  acc = 82.0000
2023-09-18 06:43:11,653 - fewshot_modelnet_transferring_features - INFO - Save checkpoint at ./experiments/fewshot_modelnet_transferring_features/cfgs/add_as_normal/ckpt-last.pth
2023-09-18 06:43:13,487 - fewshot_modelnet_transferring_features - INFO - [Training] EPOCH: 39 EpochTime = 1.833 (s) Losses = ['0.1750', '96.3542'] lr = 0.000421
2023-09-18 06:43:14,975 - fewshot_modelnet_transferring_features - INFO - [Validation] EPOCH: 39  acc = 85.5000
2023-09-18 06:43:16,993 - fewshot_modelnet_transferring_features - INFO - Save checkpoint at ./experiments/fewshot_modelnet_transferring_features/cfgs/add_as_normal/ckpt-last.pth
2023-09-18 06:43:18,892 - fewshot_modelnet_transferring_features - INFO - [Training] EPOCH: 40 EpochTime = 1.897 (s) Losses = ['0.0912', '98.4375'] lr = 0.000417
2023-09-18 06:43:20,438 - fewshot_modelnet_transferring_features - INFO - [Validation] EPOCH: 40  acc = 85.0000
2023-09-18 06:43:22,048 - fewshot_modelnet_transferring_features - INFO - Save checkpoint at ./experiments/fewshot_modelnet_transferring_features/cfgs/add_as_normal/ckpt-last.pth
2023-09-18 06:43:23,908 - fewshot_modelnet_transferring_features - INFO - [Training] EPOCH: 41 EpochTime = 1.858 (s) Losses = ['0.1132', '97.9167'] lr = 0.000414
2023-09-18 06:43:25,415 - fewshot_modelnet_transferring_features - INFO - [Validation] EPOCH: 41  acc = 87.5000
2023-09-18 06:43:28,634 - fewshot_modelnet_transferring_features - INFO - Save checkpoint at ./experiments/fewshot_modelnet_transferring_features/cfgs/add_as_normal/ckpt-last.pth
2023-09-18 06:43:30,470 - fewshot_modelnet_transferring_features - INFO - [Training] EPOCH: 42 EpochTime = 1.834 (s) Losses = ['0.0835', '100.0000'] lr = 0.000410
2023-09-18 06:43:31,935 - fewshot_modelnet_transferring_features - INFO - [Validation] EPOCH: 42  acc = 82.5000
2023-09-18 06:43:33,611 - fewshot_modelnet_transferring_features - INFO - Save checkpoint at ./experiments/fewshot_modelnet_transferring_features/cfgs/add_as_normal/ckpt-last.pth
2023-09-18 06:43:35,593 - fewshot_modelnet_transferring_features - INFO - [Training] EPOCH: 43 EpochTime = 1.980 (s) Losses = ['0.0823', '98.4375'] lr = 0.000405
2023-09-18 06:43:37,088 - fewshot_modelnet_transferring_features - INFO - [Validation] EPOCH: 43  acc = 85.5000
2023-09-18 06:43:38,679 - fewshot_modelnet_transferring_features - INFO - Save checkpoint at ./experiments/fewshot_modelnet_transferring_features/cfgs/add_as_normal/ckpt-last.pth
2023-09-18 06:43:40,520 - fewshot_modelnet_transferring_features - INFO - [Training] EPOCH: 44 EpochTime = 1.840 (s) Losses = ['0.0811', '98.9583'] lr = 0.000401
2023-09-18 06:43:42,067 - fewshot_modelnet_transferring_features - INFO - [Validation] EPOCH: 44  acc = 87.5000
2023-09-18 06:43:43,677 - fewshot_modelnet_transferring_features - INFO - Save checkpoint at ./experiments/fewshot_modelnet_transferring_features/cfgs/add_as_normal/ckpt-last.pth
2023-09-18 06:43:45,505 - fewshot_modelnet_transferring_features - INFO - [Training] EPOCH: 45 EpochTime = 1.826 (s) Losses = ['0.0965', '98.9583'] lr = 0.000397
2023-09-18 06:43:47,125 - fewshot_modelnet_transferring_features - INFO - [Validation] EPOCH: 45  acc = 86.5000
2023-09-18 06:43:49,334 - fewshot_modelnet_transferring_features - INFO - Save checkpoint at ./experiments/fewshot_modelnet_transferring_features/cfgs/add_as_normal/ckpt-last.pth
2023-09-18 06:43:51,164 - fewshot_modelnet_transferring_features - INFO - [Training] EPOCH: 46 EpochTime = 1.828 (s) Losses = ['0.0833', '100.0000'] lr = 0.000393
2023-09-18 06:43:52,627 - fewshot_modelnet_transferring_features - INFO - [Validation] EPOCH: 46  acc = 86.0000
2023-09-18 06:43:54,343 - fewshot_modelnet_transferring_features - INFO - Save checkpoint at ./experiments/fewshot_modelnet_transferring_features/cfgs/add_as_normal/ckpt-last.pth
2023-09-18 06:43:56,175 - fewshot_modelnet_transferring_features - INFO - [Training] EPOCH: 47 EpochTime = 1.830 (s) Losses = ['0.1034', '98.9583'] lr = 0.000389
2023-09-18 06:43:57,783 - fewshot_modelnet_transferring_features - INFO - [Validation] EPOCH: 47  acc = 86.0000
2023-09-18 06:43:59,494 - fewshot_modelnet_transferring_features - INFO - Save checkpoint at ./experiments/fewshot_modelnet_transferring_features/cfgs/add_as_normal/ckpt-last.pth
2023-09-18 06:44:01,345 - fewshot_modelnet_transferring_features - INFO - [Training] EPOCH: 48 EpochTime = 1.849 (s) Losses = ['0.0536', '100.0000'] lr = 0.000384
2023-09-18 06:44:02,780 - fewshot_modelnet_transferring_features - INFO - [Validation] EPOCH: 48  acc = 86.0000
2023-09-18 06:44:04,674 - fewshot_modelnet_transferring_features - INFO - Save checkpoint at ./experiments/fewshot_modelnet_transferring_features/cfgs/add_as_normal/ckpt-last.pth
2023-09-18 06:44:06,577 - fewshot_modelnet_transferring_features - INFO - [Training] EPOCH: 49 EpochTime = 1.902 (s) Losses = ['0.0778', '100.0000'] lr = 0.000380
2023-09-18 06:44:08,047 - fewshot_modelnet_transferring_features - INFO - [Validation] EPOCH: 49  acc = 85.0000
2023-09-18 06:44:11,098 - fewshot_modelnet_transferring_features - INFO - Save checkpoint at ./experiments/fewshot_modelnet_transferring_features/cfgs/add_as_normal/ckpt-last.pth
2023-09-18 06:44:12,928 - fewshot_modelnet_transferring_features - INFO - [Training] EPOCH: 50 EpochTime = 1.828 (s) Losses = ['0.0709', '99.4792'] lr = 0.000375
2023-09-18 06:44:14,411 - fewshot_modelnet_transferring_features - INFO - [Validation] EPOCH: 50  acc = 85.5000
2023-09-18 06:44:15,947 - fewshot_modelnet_transferring_features - INFO - Save checkpoint at ./experiments/fewshot_modelnet_transferring_features/cfgs/add_as_normal/ckpt-last.pth
2023-09-18 06:44:17,772 - fewshot_modelnet_transferring_features - INFO - [Training] EPOCH: 51 EpochTime = 1.823 (s) Losses = ['0.0496', '100.0000'] lr = 0.000371
2023-09-18 06:44:19,248 - fewshot_modelnet_transferring_features - INFO - [Validation] EPOCH: 51  acc = 87.0000
2023-09-18 06:44:21,330 - fewshot_modelnet_transferring_features - INFO - Save checkpoint at ./experiments/fewshot_modelnet_transferring_features/cfgs/add_as_normal/ckpt-last.pth
2023-09-18 06:44:23,148 - fewshot_modelnet_transferring_features - INFO - [Training] EPOCH: 52 EpochTime = 1.816 (s) Losses = ['0.0682', '100.0000'] lr = 0.000366
2023-09-18 06:44:24,598 - fewshot_modelnet_transferring_features - INFO - [Validation] EPOCH: 52  acc = 86.5000
2023-09-18 06:44:26,313 - fewshot_modelnet_transferring_features - INFO - Save checkpoint at ./experiments/fewshot_modelnet_transferring_features/cfgs/add_as_normal/ckpt-last.pth
2023-09-18 06:44:28,186 - fewshot_modelnet_transferring_features - INFO - [Training] EPOCH: 53 EpochTime = 1.871 (s) Losses = ['0.0523', '100.0000'] lr = 0.000361
2023-09-18 06:44:29,743 - fewshot_modelnet_transferring_features - INFO - [Validation] EPOCH: 53  acc = 86.5000
2023-09-18 06:44:31,428 - fewshot_modelnet_transferring_features - INFO - Save checkpoint at ./experiments/fewshot_modelnet_transferring_features/cfgs/add_as_normal/ckpt-last.pth
2023-09-18 06:44:33,274 - fewshot_modelnet_transferring_features - INFO - [Training] EPOCH: 54 EpochTime = 1.844 (s) Losses = ['0.0509', '100.0000'] lr = 0.000357
2023-09-18 06:44:34,737 - fewshot_modelnet_transferring_features - INFO - [Validation] EPOCH: 54  acc = 86.0000
2023-09-18 06:44:36,589 - fewshot_modelnet_transferring_features - INFO - Save checkpoint at ./experiments/fewshot_modelnet_transferring_features/cfgs/add_as_normal/ckpt-last.pth
2023-09-18 06:44:38,418 - fewshot_modelnet_transferring_features - INFO - [Training] EPOCH: 55 EpochTime = 1.827 (s) Losses = ['0.0511', '100.0000'] lr = 0.000352
2023-09-18 06:44:39,887 - fewshot_modelnet_transferring_features - INFO - [Validation] EPOCH: 55  acc = 87.0000
2023-09-18 06:44:41,910 - fewshot_modelnet_transferring_features - INFO - Save checkpoint at ./experiments/fewshot_modelnet_transferring_features/cfgs/add_as_normal/ckpt-last.pth
2023-09-18 06:44:43,776 - fewshot_modelnet_transferring_features - INFO - [Training] EPOCH: 56 EpochTime = 1.863 (s) Losses = ['0.0448', '100.0000'] lr = 0.000347
2023-09-18 06:44:45,442 - fewshot_modelnet_transferring_features - INFO - [Validation] EPOCH: 56  acc = 86.5000
2023-09-18 06:44:47,077 - fewshot_modelnet_transferring_features - INFO - Save checkpoint at ./experiments/fewshot_modelnet_transferring_features/cfgs/add_as_normal/ckpt-last.pth
2023-09-18 06:44:48,914 - fewshot_modelnet_transferring_features - INFO - [Training] EPOCH: 57 EpochTime = 1.836 (s) Losses = ['0.0527', '99.4792'] lr = 0.000342
2023-09-18 06:44:50,573 - fewshot_modelnet_transferring_features - INFO - [Validation] EPOCH: 57  acc = 86.5000
2023-09-18 06:44:52,329 - fewshot_modelnet_transferring_features - INFO - Save checkpoint at ./experiments/fewshot_modelnet_transferring_features/cfgs/add_as_normal/ckpt-last.pth
2023-09-18 06:44:54,165 - fewshot_modelnet_transferring_features - INFO - [Training] EPOCH: 58 EpochTime = 1.834 (s) Losses = ['0.0504', '99.4792'] lr = 0.000337
2023-09-18 06:44:55,637 - fewshot_modelnet_transferring_features - INFO - [Validation] EPOCH: 58  acc = 85.5000
2023-09-18 06:44:57,481 - fewshot_modelnet_transferring_features - INFO - Save checkpoint at ./experiments/fewshot_modelnet_transferring_features/cfgs/add_as_normal/ckpt-last.pth
2023-09-18 06:44:59,526 - fewshot_modelnet_transferring_features - INFO - [Training] EPOCH: 59 EpochTime = 2.043 (s) Losses = ['0.0404', '100.0000'] lr = 0.000333
2023-09-18 06:45:01,136 - fewshot_modelnet_transferring_features - INFO - [Validation] EPOCH: 59  acc = 85.5000
2023-09-18 06:45:02,906 - fewshot_modelnet_transferring_features - INFO - Save checkpoint at ./experiments/fewshot_modelnet_transferring_features/cfgs/add_as_normal/ckpt-last.pth
2023-09-18 06:45:04,739 - fewshot_modelnet_transferring_features - INFO - [Training] EPOCH: 60 EpochTime = 1.832 (s) Losses = ['0.0540', '99.4792'] lr = 0.000328
2023-09-18 06:45:06,319 - fewshot_modelnet_transferring_features - INFO - [Validation] EPOCH: 60  acc = 82.0000
2023-09-18 06:45:09,666 - fewshot_modelnet_transferring_features - INFO - Save checkpoint at ./experiments/fewshot_modelnet_transferring_features/cfgs/add_as_normal/ckpt-last.pth
2023-09-18 06:45:11,497 - fewshot_modelnet_transferring_features - INFO - [Training] EPOCH: 61 EpochTime = 1.829 (s) Losses = ['0.0697', '98.4375'] lr = 0.000323
2023-09-18 06:45:12,965 - fewshot_modelnet_transferring_features - INFO - [Validation] EPOCH: 61  acc = 85.0000
2023-09-18 06:45:15,071 - fewshot_modelnet_transferring_features - INFO - Save checkpoint at ./experiments/fewshot_modelnet_transferring_features/cfgs/add_as_normal/ckpt-last.pth
2023-09-18 06:45:16,892 - fewshot_modelnet_transferring_features - INFO - [Training] EPOCH: 62 EpochTime = 1.819 (s) Losses = ['0.0904', '97.9167'] lr = 0.000318
2023-09-18 06:45:18,341 - fewshot_modelnet_transferring_features - INFO - [Validation] EPOCH: 62  acc = 86.0000
2023-09-18 06:45:20,152 - fewshot_modelnet_transferring_features - INFO - Save checkpoint at ./experiments/fewshot_modelnet_transferring_features/cfgs/add_as_normal/ckpt-last.pth
2023-09-18 06:45:21,976 - fewshot_modelnet_transferring_features - INFO - [Training] EPOCH: 63 EpochTime = 1.822 (s) Losses = ['0.0995', '97.3958'] lr = 0.000313
2023-09-18 06:45:23,517 - fewshot_modelnet_transferring_features - INFO - [Validation] EPOCH: 63  acc = 84.5000
2023-09-18 06:45:25,297 - fewshot_modelnet_transferring_features - INFO - Save checkpoint at ./experiments/fewshot_modelnet_transferring_features/cfgs/add_as_normal/ckpt-last.pth
2023-09-18 06:45:27,154 - fewshot_modelnet_transferring_features - INFO - [Training] EPOCH: 64 EpochTime = 1.854 (s) Losses = ['0.0617', '98.9583'] lr = 0.000307
2023-09-18 06:45:28,592 - fewshot_modelnet_transferring_features - INFO - [Validation] EPOCH: 64  acc = 85.5000
2023-09-18 06:45:30,345 - fewshot_modelnet_transferring_features - INFO - Save checkpoint at ./experiments/fewshot_modelnet_transferring_features/cfgs/add_as_normal/ckpt-last.pth
2023-09-18 06:45:32,221 - fewshot_modelnet_transferring_features - INFO - [Training] EPOCH: 65 EpochTime = 1.874 (s) Losses = ['0.0524', '100.0000'] lr = 0.000302
2023-09-18 06:45:33,662 - fewshot_modelnet_transferring_features - INFO - [Validation] EPOCH: 65  acc = 86.5000
2023-09-18 06:45:37,351 - fewshot_modelnet_transferring_features - INFO - Save checkpoint at ./experiments/fewshot_modelnet_transferring_features/cfgs/add_as_normal/ckpt-last.pth
2023-09-18 06:45:39,357 - fewshot_modelnet_transferring_features - INFO - [Training] EPOCH: 66 EpochTime = 2.004 (s) Losses = ['0.0925', '98.4375'] lr = 0.000297
2023-09-18 06:45:40,814 - fewshot_modelnet_transferring_features - INFO - [Validation] EPOCH: 66  acc = 83.0000
2023-09-18 06:45:43,785 - fewshot_modelnet_transferring_features - INFO - Save checkpoint at ./experiments/fewshot_modelnet_transferring_features/cfgs/add_as_normal/ckpt-last.pth
2023-09-18 06:45:45,728 - fewshot_modelnet_transferring_features - INFO - [Training] EPOCH: 67 EpochTime = 1.941 (s) Losses = ['0.0648', '98.9583'] lr = 0.000292
2023-09-18 06:45:47,209 - fewshot_modelnet_transferring_features - INFO - [Validation] EPOCH: 67  acc = 86.0000
2023-09-18 06:45:49,705 - fewshot_modelnet_transferring_features - INFO - Save checkpoint at ./experiments/fewshot_modelnet_transferring_features/cfgs/add_as_normal/ckpt-last.pth
2023-09-18 06:45:51,561 - fewshot_modelnet_transferring_features - INFO - [Training] EPOCH: 68 EpochTime = 1.855 (s) Losses = ['0.0410', '100.0000'] lr = 0.000287
2023-09-18 06:45:53,130 - fewshot_modelnet_transferring_features - INFO - [Validation] EPOCH: 68  acc = 85.0000
2023-09-18 06:45:55,206 - fewshot_modelnet_transferring_features - INFO - Save checkpoint at ./experiments/fewshot_modelnet_transferring_features/cfgs/add_as_normal/ckpt-last.pth
2023-09-18 06:45:57,035 - fewshot_modelnet_transferring_features - INFO - [Training] EPOCH: 69 EpochTime = 1.828 (s) Losses = ['0.0489', '100.0000'] lr = 0.000282
2023-09-18 06:45:58,487 - fewshot_modelnet_transferring_features - INFO - [Validation] EPOCH: 69  acc = 86.0000
2023-09-18 06:46:00,616 - fewshot_modelnet_transferring_features - INFO - Save checkpoint at ./experiments/fewshot_modelnet_transferring_features/cfgs/add_as_normal/ckpt-last.pth
2023-09-18 06:46:02,429 - fewshot_modelnet_transferring_features - INFO - [Training] EPOCH: 70 EpochTime = 1.812 (s) Losses = ['0.0502', '99.4792'] lr = 0.000277
2023-09-18 06:46:03,893 - fewshot_modelnet_transferring_features - INFO - [Validation] EPOCH: 70  acc = 84.5000
2023-09-18 06:46:05,642 - fewshot_modelnet_transferring_features - INFO - Save checkpoint at ./experiments/fewshot_modelnet_transferring_features/cfgs/add_as_normal/ckpt-last.pth
2023-09-18 06:46:07,512 - fewshot_modelnet_transferring_features - INFO - [Training] EPOCH: 71 EpochTime = 1.868 (s) Losses = ['0.0525', '99.4792'] lr = 0.000271
2023-09-18 06:46:08,961 - fewshot_modelnet_transferring_features - INFO - [Validation] EPOCH: 71  acc = 82.0000
2023-09-18 06:46:11,483 - fewshot_modelnet_transferring_features - INFO - Save checkpoint at ./experiments/fewshot_modelnet_transferring_features/cfgs/add_as_normal/ckpt-last.pth
2023-09-18 06:46:13,356 - fewshot_modelnet_transferring_features - INFO - [Training] EPOCH: 72 EpochTime = 1.872 (s) Losses = ['0.0660', '98.9583'] lr = 0.000266
2023-09-18 06:46:14,815 - fewshot_modelnet_transferring_features - INFO - [Validation] EPOCH: 72  acc = 84.0000
2023-09-18 06:46:16,508 - fewshot_modelnet_transferring_features - INFO - Save checkpoint at ./experiments/fewshot_modelnet_transferring_features/cfgs/add_as_normal/ckpt-last.pth
2023-09-18 06:46:18,339 - fewshot_modelnet_transferring_features - INFO - [Training] EPOCH: 73 EpochTime = 1.830 (s) Losses = ['0.0377', '99.4792'] lr = 0.000261
2023-09-18 06:46:19,789 - fewshot_modelnet_transferring_features - INFO - [Validation] EPOCH: 73  acc = 86.0000
2023-09-18 06:46:21,363 - fewshot_modelnet_transferring_features - INFO - Save checkpoint at ./experiments/fewshot_modelnet_transferring_features/cfgs/add_as_normal/ckpt-last.pth
2023-09-18 06:46:23,256 - fewshot_modelnet_transferring_features - INFO - [Training] EPOCH: 74 EpochTime = 1.892 (s) Losses = ['0.0505', '99.4792'] lr = 0.000256
2023-09-18 06:46:24,763 - fewshot_modelnet_transferring_features - INFO - [Validation] EPOCH: 74  acc = 86.5000
2023-09-18 06:46:27,983 - fewshot_modelnet_transferring_features - INFO - Save checkpoint at ./experiments/fewshot_modelnet_transferring_features/cfgs/add_as_normal/ckpt-last.pth
2023-09-18 06:46:29,818 - fewshot_modelnet_transferring_features - INFO - [Training] EPOCH: 75 EpochTime = 1.833 (s) Losses = ['0.0336', '100.0000'] lr = 0.000251
2023-09-18 06:46:31,353 - fewshot_modelnet_transferring_features - INFO - [Validation] EPOCH: 75  acc = 85.5000
2023-09-18 06:46:33,741 - fewshot_modelnet_transferring_features - INFO - Save checkpoint at ./experiments/fewshot_modelnet_transferring_features/cfgs/add_as_normal/ckpt-last.pth
2023-09-18 06:46:35,560 - fewshot_modelnet_transferring_features - INFO - [Training] EPOCH: 76 EpochTime = 1.818 (s) Losses = ['0.0330', '100.0000'] lr = 0.000245
2023-09-18 06:46:36,997 - fewshot_modelnet_transferring_features - INFO - [Validation] EPOCH: 76  acc = 83.5000
2023-09-18 06:46:38,564 - fewshot_modelnet_transferring_features - INFO - Save checkpoint at ./experiments/fewshot_modelnet_transferring_features/cfgs/add_as_normal/ckpt-last.pth
2023-09-18 06:46:40,416 - fewshot_modelnet_transferring_features - INFO - [Training] EPOCH: 77 EpochTime = 1.849 (s) Losses = ['0.0496', '99.4792'] lr = 0.000240
2023-09-18 06:46:41,894 - fewshot_modelnet_transferring_features - INFO - [Validation] EPOCH: 77  acc = 86.5000
2023-09-18 06:46:43,706 - fewshot_modelnet_transferring_features - INFO - Save checkpoint at ./experiments/fewshot_modelnet_transferring_features/cfgs/add_as_normal/ckpt-last.pth
2023-09-18 06:46:45,537 - fewshot_modelnet_transferring_features - INFO - [Training] EPOCH: 78 EpochTime = 1.830 (s) Losses = ['0.0387', '100.0000'] lr = 0.000235
2023-09-18 06:46:47,111 - fewshot_modelnet_transferring_features - INFO - [Validation] EPOCH: 78  acc = 86.0000
2023-09-18 06:46:49,163 - fewshot_modelnet_transferring_features - INFO - Save checkpoint at ./experiments/fewshot_modelnet_transferring_features/cfgs/add_as_normal/ckpt-last.pth
2023-09-18 06:46:51,031 - fewshot_modelnet_transferring_features - INFO - [Training] EPOCH: 79 EpochTime = 1.867 (s) Losses = ['0.0673', '98.9583'] lr = 0.000230
2023-09-18 06:46:52,635 - fewshot_modelnet_transferring_features - INFO - [Validation] EPOCH: 79  acc = 85.5000
2023-09-18 06:46:54,829 - fewshot_modelnet_transferring_features - INFO - Save checkpoint at ./experiments/fewshot_modelnet_transferring_features/cfgs/add_as_normal/ckpt-last.pth
2023-09-18 06:46:56,701 - fewshot_modelnet_transferring_features - INFO - [Training] EPOCH: 80 EpochTime = 1.870 (s) Losses = ['0.0455', '99.4792'] lr = 0.000224
2023-09-18 06:46:58,174 - fewshot_modelnet_transferring_features - INFO - [Validation] EPOCH: 80  acc = 86.5000
2023-09-18 06:47:00,050 - fewshot_modelnet_transferring_features - INFO - Save checkpoint at ./experiments/fewshot_modelnet_transferring_features/cfgs/add_as_normal/ckpt-last.pth
2023-09-18 06:47:01,905 - fewshot_modelnet_transferring_features - INFO - [Training] EPOCH: 81 EpochTime = 1.853 (s) Losses = ['0.0337', '100.0000'] lr = 0.000219
2023-09-18 06:47:03,390 - fewshot_modelnet_transferring_features - INFO - [Validation] EPOCH: 81  acc = 83.5000
2023-09-18 06:47:05,783 - fewshot_modelnet_transferring_features - INFO - Save checkpoint at ./experiments/fewshot_modelnet_transferring_features/cfgs/add_as_normal/ckpt-last.pth
2023-09-18 06:47:07,642 - fewshot_modelnet_transferring_features - INFO - [Training] EPOCH: 82 EpochTime = 1.858 (s) Losses = ['0.0407', '99.4792'] lr = 0.000214
2023-09-18 06:47:09,127 - fewshot_modelnet_transferring_features - INFO - [Validation] EPOCH: 82  acc = 83.0000
2023-09-18 06:47:11,847 - fewshot_modelnet_transferring_features - INFO - Save checkpoint at ./experiments/fewshot_modelnet_transferring_features/cfgs/add_as_normal/ckpt-last.pth
2023-09-18 06:47:13,752 - fewshot_modelnet_transferring_features - INFO - [Training] EPOCH: 83 EpochTime = 1.903 (s) Losses = ['0.0576', '98.4375'] lr = 0.000209
2023-09-18 06:47:15,239 - fewshot_modelnet_transferring_features - INFO - [Validation] EPOCH: 83  acc = 85.5000
2023-09-18 06:47:17,155 - fewshot_modelnet_transferring_features - INFO - Save checkpoint at ./experiments/fewshot_modelnet_transferring_features/cfgs/add_as_normal/ckpt-last.pth
2023-09-18 06:47:19,039 - fewshot_modelnet_transferring_features - INFO - [Training] EPOCH: 84 EpochTime = 1.882 (s) Losses = ['0.0609', '99.4792'] lr = 0.000204
2023-09-18 06:47:20,629 - fewshot_modelnet_transferring_features - INFO - [Validation] EPOCH: 84  acc = 86.0000
2023-09-18 06:47:22,904 - fewshot_modelnet_transferring_features - INFO - Save checkpoint at ./experiments/fewshot_modelnet_transferring_features/cfgs/add_as_normal/ckpt-last.pth
2023-09-18 06:47:24,809 - fewshot_modelnet_transferring_features - INFO - [Training] EPOCH: 85 EpochTime = 1.904 (s) Losses = ['0.0331', '100.0000'] lr = 0.000199
2023-09-18 06:47:26,277 - fewshot_modelnet_transferring_features - INFO - [Validation] EPOCH: 85  acc = 85.5000
2023-09-18 06:47:28,278 - fewshot_modelnet_transferring_features - INFO - Save checkpoint at ./experiments/fewshot_modelnet_transferring_features/cfgs/add_as_normal/ckpt-last.pth
2023-09-18 06:47:30,136 - fewshot_modelnet_transferring_features - INFO - [Training] EPOCH: 86 EpochTime = 1.856 (s) Losses = ['0.0291', '100.0000'] lr = 0.000194
2023-09-18 06:47:31,627 - fewshot_modelnet_transferring_features - INFO - [Validation] EPOCH: 86  acc = 86.5000
2023-09-18 06:47:33,081 - fewshot_modelnet_transferring_features - INFO - Save checkpoint at ./experiments/fewshot_modelnet_transferring_features/cfgs/add_as_normal/ckpt-last.pth
2023-09-18 06:47:34,922 - fewshot_modelnet_transferring_features - INFO - [Training] EPOCH: 87 EpochTime = 1.838 (s) Losses = ['0.0292', '100.0000'] lr = 0.000188
2023-09-18 06:47:36,420 - fewshot_modelnet_transferring_features - INFO - [Validation] EPOCH: 87  acc = 86.5000
2023-09-18 06:47:38,736 - fewshot_modelnet_transferring_features - INFO - Save checkpoint at ./experiments/fewshot_modelnet_transferring_features/cfgs/add_as_normal/ckpt-last.pth
2023-09-18 06:47:40,788 - fewshot_modelnet_transferring_features - INFO - [Training] EPOCH: 88 EpochTime = 2.050 (s) Losses = ['0.0341', '100.0000'] lr = 0.000183
2023-09-18 06:47:42,288 - fewshot_modelnet_transferring_features - INFO - [Validation] EPOCH: 88  acc = 87.0000
2023-09-18 06:47:44,045 - fewshot_modelnet_transferring_features - INFO - Save checkpoint at ./experiments/fewshot_modelnet_transferring_features/cfgs/add_as_normal/ckpt-last.pth
2023-09-18 06:47:45,927 - fewshot_modelnet_transferring_features - INFO - [Training] EPOCH: 89 EpochTime = 1.880 (s) Losses = ['0.0272', '100.0000'] lr = 0.000178
2023-09-18 06:47:47,408 - fewshot_modelnet_transferring_features - INFO - [Validation] EPOCH: 89  acc = 87.5000
2023-09-18 06:47:49,293 - fewshot_modelnet_transferring_features - INFO - Save checkpoint at ./experiments/fewshot_modelnet_transferring_features/cfgs/add_as_normal/ckpt-last.pth
2023-09-18 06:47:51,226 - fewshot_modelnet_transferring_features - INFO - [Training] EPOCH: 90 EpochTime = 1.932 (s) Losses = ['0.0256', '100.0000'] lr = 0.000173
2023-09-18 06:47:52,723 - fewshot_modelnet_transferring_features - INFO - [Validation] EPOCH: 90  acc = 87.5000
2023-09-18 06:47:55,053 - fewshot_modelnet_transferring_features - INFO - Save checkpoint at ./experiments/fewshot_modelnet_transferring_features/cfgs/add_as_normal/ckpt-last.pth
2023-09-18 06:47:56,982 - fewshot_modelnet_transferring_features - INFO - [Training] EPOCH: 91 EpochTime = 1.928 (s) Losses = ['0.0325', '100.0000'] lr = 0.000168
2023-09-18 06:47:58,428 - fewshot_modelnet_transferring_features - INFO - [Validation] EPOCH: 91  acc = 87.5000
2023-09-18 06:48:00,554 - fewshot_modelnet_transferring_features - INFO - Save checkpoint at ./experiments/fewshot_modelnet_transferring_features/cfgs/add_as_normal/ckpt-last.pth
2023-09-18 06:48:02,413 - fewshot_modelnet_transferring_features - INFO - [Training] EPOCH: 92 EpochTime = 1.857 (s) Losses = ['0.0304', '100.0000'] lr = 0.000164
2023-09-18 06:48:03,905 - fewshot_modelnet_transferring_features - INFO - [Validation] EPOCH: 92  acc = 88.0000
2023-09-18 06:48:05,747 - fewshot_modelnet_transferring_features - INFO - Save checkpoint at ./experiments/fewshot_modelnet_transferring_features/cfgs/add_as_normal/ckpt-best.pth
2023-09-18 06:48:05,747 - fewshot_modelnet_transferring_features - INFO - --------------------------------------------------------------------------------------------
2023-09-18 06:48:07,403 - fewshot_modelnet_transferring_features - INFO - Save checkpoint at ./experiments/fewshot_modelnet_transferring_features/cfgs/add_as_normal/ckpt-last.pth
2023-09-18 06:48:09,292 - fewshot_modelnet_transferring_features - INFO - [Training] EPOCH: 93 EpochTime = 1.888 (s) Losses = ['0.0306', '100.0000'] lr = 0.000159
2023-09-18 06:48:10,840 - fewshot_modelnet_transferring_features - INFO - [Validation] EPOCH: 93  acc = 88.0000
2023-09-18 06:48:12,434 - fewshot_modelnet_transferring_features - INFO - Save checkpoint at ./experiments/fewshot_modelnet_transferring_features/cfgs/add_as_normal/ckpt-last.pth
2023-09-18 06:48:14,267 - fewshot_modelnet_transferring_features - INFO - [Training] EPOCH: 94 EpochTime = 1.831 (s) Losses = ['0.0231', '100.0000'] lr = 0.000154
2023-09-18 06:48:15,772 - fewshot_modelnet_transferring_features - INFO - [Validation] EPOCH: 94  acc = 88.0000
2023-09-18 06:48:17,947 - fewshot_modelnet_transferring_features - INFO - Save checkpoint at ./experiments/fewshot_modelnet_transferring_features/cfgs/add_as_normal/ckpt-last.pth
2023-09-18 06:48:19,801 - fewshot_modelnet_transferring_features - INFO - [Training] EPOCH: 95 EpochTime = 1.853 (s) Losses = ['0.0253', '100.0000'] lr = 0.000149
2023-09-18 06:48:21,268 - fewshot_modelnet_transferring_features - INFO - [Validation] EPOCH: 95  acc = 88.5000
2023-09-18 06:48:23,020 - fewshot_modelnet_transferring_features - INFO - Save checkpoint at ./experiments/fewshot_modelnet_transferring_features/cfgs/add_as_normal/ckpt-best.pth
2023-09-18 06:48:23,021 - fewshot_modelnet_transferring_features - INFO - --------------------------------------------------------------------------------------------
2023-09-18 06:48:24,916 - fewshot_modelnet_transferring_features - INFO - Save checkpoint at ./experiments/fewshot_modelnet_transferring_features/cfgs/add_as_normal/ckpt-last.pth
2023-09-18 06:48:26,789 - fewshot_modelnet_transferring_features - INFO - [Training] EPOCH: 96 EpochTime = 1.871 (s) Losses = ['0.0296', '100.0000'] lr = 0.000144
2023-09-18 06:48:28,261 - fewshot_modelnet_transferring_features - INFO - [Validation] EPOCH: 96  acc = 88.5000
2023-09-18 06:48:30,341 - fewshot_modelnet_transferring_features - INFO - Save checkpoint at ./experiments/fewshot_modelnet_transferring_features/cfgs/add_as_normal/ckpt-last.pth
2023-09-18 06:48:32,217 - fewshot_modelnet_transferring_features - INFO - [Training] EPOCH: 97 EpochTime = 1.874 (s) Losses = ['0.0320', '99.4792'] lr = 0.000140
2023-09-18 06:48:33,695 - fewshot_modelnet_transferring_features - INFO - [Validation] EPOCH: 97  acc = 87.0000
2023-09-18 06:48:35,253 - fewshot_modelnet_transferring_features - INFO - Save checkpoint at ./experiments/fewshot_modelnet_transferring_features/cfgs/add_as_normal/ckpt-last.pth
2023-09-18 06:48:37,102 - fewshot_modelnet_transferring_features - INFO - [Training] EPOCH: 98 EpochTime = 1.847 (s) Losses = ['0.0286', '100.0000'] lr = 0.000135
2023-09-18 06:48:38,646 - fewshot_modelnet_transferring_features - INFO - [Validation] EPOCH: 98  acc = 86.5000
2023-09-18 06:48:40,489 - fewshot_modelnet_transferring_features - INFO - Save checkpoint at ./experiments/fewshot_modelnet_transferring_features/cfgs/add_as_normal/ckpt-last.pth
2023-09-18 06:48:42,348 - fewshot_modelnet_transferring_features - INFO - [Training] EPOCH: 99 EpochTime = 1.858 (s) Losses = ['0.0245', '100.0000'] lr = 0.000130
2023-09-18 06:48:43,856 - fewshot_modelnet_transferring_features - INFO - [Validation] EPOCH: 99  acc = 86.5000
2023-09-18 06:48:45,535 - fewshot_modelnet_transferring_features - INFO - Save checkpoint at ./experiments/fewshot_modelnet_transferring_features/cfgs/add_as_normal/ckpt-last.pth
2023-09-18 06:48:47,505 - fewshot_modelnet_transferring_features - INFO - [Training] EPOCH: 100 EpochTime = 1.968 (s) Losses = ['0.0310', '99.4792'] lr = 0.000126
2023-09-18 06:48:48,957 - fewshot_modelnet_transferring_features - INFO - [Validation] EPOCH: 100  acc = 87.5000
2023-09-18 06:48:51,052 - fewshot_modelnet_transferring_features - INFO - Save checkpoint at ./experiments/fewshot_modelnet_transferring_features/cfgs/add_as_normal/ckpt-last.pth
2023-09-18 06:48:52,947 - fewshot_modelnet_transferring_features - INFO - [Training] EPOCH: 101 EpochTime = 1.893 (s) Losses = ['0.0277', '100.0000'] lr = 0.000121
2023-09-18 06:48:54,427 - fewshot_modelnet_transferring_features - INFO - [Validation] EPOCH: 101  acc = 88.0000
2023-09-18 06:48:56,840 - fewshot_modelnet_transferring_features - INFO - Save checkpoint at ./experiments/fewshot_modelnet_transferring_features/cfgs/add_as_normal/ckpt-last.pth
2023-09-18 06:48:58,726 - fewshot_modelnet_transferring_features - INFO - [Training] EPOCH: 102 EpochTime = 1.884 (s) Losses = ['0.0231', '100.0000'] lr = 0.000117
2023-09-18 06:49:00,274 - fewshot_modelnet_transferring_features - INFO - [Validation] EPOCH: 102  acc = 88.5000
2023-09-18 06:49:01,937 - fewshot_modelnet_transferring_features - INFO - Save checkpoint at ./experiments/fewshot_modelnet_transferring_features/cfgs/add_as_normal/ckpt-last.pth
2023-09-18 06:49:03,790 - fewshot_modelnet_transferring_features - INFO - [Training] EPOCH: 103 EpochTime = 1.852 (s) Losses = ['0.0262', '100.0000'] lr = 0.000112
2023-09-18 06:49:05,259 - fewshot_modelnet_transferring_features - INFO - [Validation] EPOCH: 103  acc = 88.5000
2023-09-18 06:49:07,130 - fewshot_modelnet_transferring_features - INFO - Save checkpoint at ./experiments/fewshot_modelnet_transferring_features/cfgs/add_as_normal/ckpt-last.pth
2023-09-18 06:49:09,093 - fewshot_modelnet_transferring_features - INFO - [Training] EPOCH: 104 EpochTime = 1.961 (s) Losses = ['0.0281', '100.0000'] lr = 0.000108
2023-09-18 06:49:10,572 - fewshot_modelnet_transferring_features - INFO - [Validation] EPOCH: 104  acc = 87.5000
2023-09-18 06:49:12,175 - fewshot_modelnet_transferring_features - INFO - Save checkpoint at ./experiments/fewshot_modelnet_transferring_features/cfgs/add_as_normal/ckpt-last.pth
2023-09-18 06:49:14,066 - fewshot_modelnet_transferring_features - INFO - [Training] EPOCH: 105 EpochTime = 1.889 (s) Losses = ['0.0291', '100.0000'] lr = 0.000104
2023-09-18 06:49:15,524 - fewshot_modelnet_transferring_features - INFO - [Validation] EPOCH: 105  acc = 88.0000
2023-09-18 06:49:17,887 - fewshot_modelnet_transferring_features - INFO - Save checkpoint at ./experiments/fewshot_modelnet_transferring_features/cfgs/add_as_normal/ckpt-last.pth
2023-09-18 06:49:19,890 - fewshot_modelnet_transferring_features - INFO - [Training] EPOCH: 106 EpochTime = 2.001 (s) Losses = ['0.0189', '100.0000'] lr = 0.000100
2023-09-18 06:49:21,381 - fewshot_modelnet_transferring_features - INFO - [Validation] EPOCH: 106  acc = 87.0000
2023-09-18 06:49:23,000 - fewshot_modelnet_transferring_features - INFO - Save checkpoint at ./experiments/fewshot_modelnet_transferring_features/cfgs/add_as_normal/ckpt-last.pth
2023-09-18 06:49:24,857 - fewshot_modelnet_transferring_features - INFO - [Training] EPOCH: 107 EpochTime = 1.855 (s) Losses = ['0.0293', '100.0000'] lr = 0.000096
2023-09-18 06:49:26,369 - fewshot_modelnet_transferring_features - INFO - [Validation] EPOCH: 107  acc = 88.0000
2023-09-18 06:49:28,112 - fewshot_modelnet_transferring_features - INFO - Save checkpoint at ./experiments/fewshot_modelnet_transferring_features/cfgs/add_as_normal/ckpt-last.pth
2023-09-18 06:49:29,978 - fewshot_modelnet_transferring_features - INFO - [Training] EPOCH: 108 EpochTime = 1.865 (s) Losses = ['0.0234', '100.0000'] lr = 0.000091
2023-09-18 06:49:31,623 - fewshot_modelnet_transferring_features - INFO - [Validation] EPOCH: 108  acc = 88.0000
2023-09-18 06:49:34,221 - fewshot_modelnet_transferring_features - INFO - Save checkpoint at ./experiments/fewshot_modelnet_transferring_features/cfgs/add_as_normal/ckpt-last.pth
2023-09-18 06:49:36,066 - fewshot_modelnet_transferring_features - INFO - [Training] EPOCH: 109 EpochTime = 1.844 (s) Losses = ['0.0222', '100.0000'] lr = 0.000087
2023-09-18 06:49:37,553 - fewshot_modelnet_transferring_features - INFO - [Validation] EPOCH: 109  acc = 88.0000
2023-09-18 06:49:39,857 - fewshot_modelnet_transferring_features - INFO - Save checkpoint at ./experiments/fewshot_modelnet_transferring_features/cfgs/add_as_normal/ckpt-last.pth
2023-09-18 06:49:41,711 - fewshot_modelnet_transferring_features - INFO - [Training] EPOCH: 110 EpochTime = 1.851 (s) Losses = ['0.0345', '99.4792'] lr = 0.000084
2023-09-18 06:49:43,219 - fewshot_modelnet_transferring_features - INFO - [Validation] EPOCH: 110  acc = 88.0000
2023-09-18 06:49:45,418 - fewshot_modelnet_transferring_features - INFO - Save checkpoint at ./experiments/fewshot_modelnet_transferring_features/cfgs/add_as_normal/ckpt-last.pth
2023-09-18 06:49:47,328 - fewshot_modelnet_transferring_features - INFO - [Training] EPOCH: 111 EpochTime = 1.908 (s) Losses = ['0.0220', '100.0000'] lr = 0.000080
2023-09-18 06:49:48,797 - fewshot_modelnet_transferring_features - INFO - [Validation] EPOCH: 111  acc = 88.0000
2023-09-18 06:49:50,437 - fewshot_modelnet_transferring_features - INFO - Save checkpoint at ./experiments/fewshot_modelnet_transferring_features/cfgs/add_as_normal/ckpt-last.pth
2023-09-18 06:49:52,375 - fewshot_modelnet_transferring_features - INFO - [Training] EPOCH: 112 EpochTime = 1.935 (s) Losses = ['0.0249', '100.0000'] lr = 0.000076
2023-09-18 06:49:53,837 - fewshot_modelnet_transferring_features - INFO - [Validation] EPOCH: 112  acc = 88.0000
2023-09-18 06:49:56,106 - fewshot_modelnet_transferring_features - INFO - Save checkpoint at ./experiments/fewshot_modelnet_transferring_features/cfgs/add_as_normal/ckpt-last.pth
2023-09-18 06:49:58,006 - fewshot_modelnet_transferring_features - INFO - [Training] EPOCH: 113 EpochTime = 1.899 (s) Losses = ['0.0312', '100.0000'] lr = 0.000072
2023-09-18 06:49:59,496 - fewshot_modelnet_transferring_features - INFO - [Validation] EPOCH: 113  acc = 88.0000
2023-09-18 06:50:01,559 - fewshot_modelnet_transferring_features - INFO - Save checkpoint at ./experiments/fewshot_modelnet_transferring_features/cfgs/add_as_normal/ckpt-last.pth
2023-09-18 06:50:03,479 - fewshot_modelnet_transferring_features - INFO - [Training] EPOCH: 114 EpochTime = 1.917 (s) Losses = ['0.0243', '100.0000'] lr = 0.000069
2023-09-18 06:50:04,991 - fewshot_modelnet_transferring_features - INFO - [Validation] EPOCH: 114  acc = 88.0000
2023-09-18 06:50:06,649 - fewshot_modelnet_transferring_features - INFO - Save checkpoint at ./experiments/fewshot_modelnet_transferring_features/cfgs/add_as_normal/ckpt-last.pth
2023-09-18 06:50:08,530 - fewshot_modelnet_transferring_features - INFO - [Training] EPOCH: 115 EpochTime = 1.879 (s) Losses = ['0.0237', '99.4792'] lr = 0.000065
2023-09-18 06:50:10,031 - fewshot_modelnet_transferring_features - INFO - [Validation] EPOCH: 115  acc = 88.0000
2023-09-18 06:50:12,374 - fewshot_modelnet_transferring_features - INFO - Save checkpoint at ./experiments/fewshot_modelnet_transferring_features/cfgs/add_as_normal/ckpt-last.pth
2023-09-18 06:50:14,250 - fewshot_modelnet_transferring_features - INFO - [Training] EPOCH: 116 EpochTime = 1.875 (s) Losses = ['0.0502', '99.4792'] lr = 0.000062
2023-09-18 06:50:15,729 - fewshot_modelnet_transferring_features - INFO - [Validation] EPOCH: 116  acc = 88.0000
2023-09-18 06:50:18,014 - fewshot_modelnet_transferring_features - INFO - Save checkpoint at ./experiments/fewshot_modelnet_transferring_features/cfgs/add_as_normal/ckpt-last.pth
2023-09-18 06:50:20,157 - fewshot_modelnet_transferring_features - INFO - [Training] EPOCH: 117 EpochTime = 2.140 (s) Losses = ['0.0166', '100.0000'] lr = 0.000058
2023-09-18 06:50:21,646 - fewshot_modelnet_transferring_features - INFO - [Validation] EPOCH: 117  acc = 87.5000
2023-09-18 06:50:23,320 - fewshot_modelnet_transferring_features - INFO - Save checkpoint at ./experiments/fewshot_modelnet_transferring_features/cfgs/add_as_normal/ckpt-last.pth
2023-09-18 06:50:25,224 - fewshot_modelnet_transferring_features - INFO - [Training] EPOCH: 118 EpochTime = 1.902 (s) Losses = ['0.0196', '100.0000'] lr = 0.000055
2023-09-18 06:50:26,776 - fewshot_modelnet_transferring_features - INFO - [Validation] EPOCH: 118  acc = 87.5000
2023-09-18 06:50:28,548 - fewshot_modelnet_transferring_features - INFO - Save checkpoint at ./experiments/fewshot_modelnet_transferring_features/cfgs/add_as_normal/ckpt-last.pth
2023-09-18 06:50:30,409 - fewshot_modelnet_transferring_features - INFO - [Training] EPOCH: 119 EpochTime = 1.859 (s) Losses = ['0.0189', '100.0000'] lr = 0.000052
2023-09-18 06:50:31,925 - fewshot_modelnet_transferring_features - INFO - [Validation] EPOCH: 119  acc = 87.0000
2023-09-18 06:50:35,085 - fewshot_modelnet_transferring_features - INFO - Save checkpoint at ./experiments/fewshot_modelnet_transferring_features/cfgs/add_as_normal/ckpt-last.pth
2023-09-18 06:50:36,930 - fewshot_modelnet_transferring_features - INFO - [Training] EPOCH: 120 EpochTime = 1.843 (s) Losses = ['0.0213', '100.0000'] lr = 0.000049
2023-09-18 06:50:38,421 - fewshot_modelnet_transferring_features - INFO - [Validation] EPOCH: 120  acc = 87.0000
2023-09-18 06:50:40,171 - fewshot_modelnet_transferring_features - INFO - Save checkpoint at ./experiments/fewshot_modelnet_transferring_features/cfgs/add_as_normal/ckpt-last.pth
2023-09-18 06:50:42,021 - fewshot_modelnet_transferring_features - INFO - [Training] EPOCH: 121 EpochTime = 1.849 (s) Losses = ['0.0188', '100.0000'] lr = 0.000046
2023-09-18 06:50:43,483 - fewshot_modelnet_transferring_features - INFO - [Validation] EPOCH: 121  acc = 87.0000
2023-09-18 06:50:45,852 - fewshot_modelnet_transferring_features - INFO - Save checkpoint at ./experiments/fewshot_modelnet_transferring_features/cfgs/add_as_normal/ckpt-last.pth
2023-09-18 06:50:47,703 - fewshot_modelnet_transferring_features - INFO - [Training] EPOCH: 122 EpochTime = 1.849 (s) Losses = ['0.0276', '100.0000'] lr = 0.000043
2023-09-18 06:50:49,316 - fewshot_modelnet_transferring_features - INFO - [Validation] EPOCH: 122  acc = 87.0000
2023-09-18 06:50:51,204 - fewshot_modelnet_transferring_features - INFO - Save checkpoint at ./experiments/fewshot_modelnet_transferring_features/cfgs/add_as_normal/ckpt-last.pth
2023-09-18 06:50:53,056 - fewshot_modelnet_transferring_features - INFO - [Training] EPOCH: 123 EpochTime = 1.850 (s) Losses = ['0.0215', '100.0000'] lr = 0.000040
2023-09-18 06:50:54,514 - fewshot_modelnet_transferring_features - INFO - [Validation] EPOCH: 123  acc = 87.0000
2023-09-18 06:50:56,179 - fewshot_modelnet_transferring_features - INFO - Save checkpoint at ./experiments/fewshot_modelnet_transferring_features/cfgs/add_as_normal/ckpt-last.pth
2023-09-18 06:50:58,093 - fewshot_modelnet_transferring_features - INFO - [Training] EPOCH: 124 EpochTime = 1.912 (s) Losses = ['0.0190', '100.0000'] lr = 0.000037
2023-09-18 06:50:59,646 - fewshot_modelnet_transferring_features - INFO - [Validation] EPOCH: 124  acc = 87.0000
2023-09-18 06:51:01,395 - fewshot_modelnet_transferring_features - INFO - Save checkpoint at ./experiments/fewshot_modelnet_transferring_features/cfgs/add_as_normal/ckpt-last.pth
2023-09-18 06:51:03,277 - fewshot_modelnet_transferring_features - INFO - [Training] EPOCH: 125 EpochTime = 1.880 (s) Losses = ['0.0299', '100.0000'] lr = 0.000034
2023-09-18 06:51:04,762 - fewshot_modelnet_transferring_features - INFO - [Validation] EPOCH: 125  acc = 87.5000
2023-09-18 06:51:06,609 - fewshot_modelnet_transferring_features - INFO - Save checkpoint at ./experiments/fewshot_modelnet_transferring_features/cfgs/add_as_normal/ckpt-last.pth
2023-09-18 06:51:08,455 - fewshot_modelnet_transferring_features - INFO - [Training] EPOCH: 126 EpochTime = 1.844 (s) Losses = ['0.0232', '100.0000'] lr = 0.000032
2023-09-18 06:51:10,017 - fewshot_modelnet_transferring_features - INFO - [Validation] EPOCH: 126  acc = 88.5000
2023-09-18 06:51:12,097 - fewshot_modelnet_transferring_features - INFO - Save checkpoint at ./experiments/fewshot_modelnet_transferring_features/cfgs/add_as_normal/ckpt-last.pth
2023-09-18 06:51:13,948 - fewshot_modelnet_transferring_features - INFO - [Training] EPOCH: 127 EpochTime = 1.850 (s) Losses = ['0.0227', '100.0000'] lr = 0.000029
2023-09-18 06:51:15,421 - fewshot_modelnet_transferring_features - INFO - [Validation] EPOCH: 127  acc = 88.5000
2023-09-18 06:51:17,304 - fewshot_modelnet_transferring_features - INFO - Save checkpoint at ./experiments/fewshot_modelnet_transferring_features/cfgs/add_as_normal/ckpt-last.pth
2023-09-18 06:51:19,155 - fewshot_modelnet_transferring_features - INFO - [Training] EPOCH: 128 EpochTime = 1.850 (s) Losses = ['0.0232', '100.0000'] lr = 0.000027
2023-09-18 06:51:20,615 - fewshot_modelnet_transferring_features - INFO - [Validation] EPOCH: 128  acc = 88.5000
2023-09-18 06:51:22,915 - fewshot_modelnet_transferring_features - INFO - Save checkpoint at ./experiments/fewshot_modelnet_transferring_features/cfgs/add_as_normal/ckpt-last.pth
2023-09-18 06:51:24,800 - fewshot_modelnet_transferring_features - INFO - [Training] EPOCH: 129 EpochTime = 1.883 (s) Losses = ['0.0171', '100.0000'] lr = 0.000025
2023-09-18 06:51:26,373 - fewshot_modelnet_transferring_features - INFO - [Validation] EPOCH: 129  acc = 88.5000
2023-09-18 06:51:27,893 - fewshot_modelnet_transferring_features - INFO - Save checkpoint at ./experiments/fewshot_modelnet_transferring_features/cfgs/add_as_normal/ckpt-last.pth
2023-09-18 06:51:29,753 - fewshot_modelnet_transferring_features - INFO - [Training] EPOCH: 130 EpochTime = 1.859 (s) Losses = ['0.0214', '100.0000'] lr = 0.000023
2023-09-18 06:51:31,238 - fewshot_modelnet_transferring_features - INFO - [Validation] EPOCH: 130  acc = 88.5000
2023-09-18 06:51:33,214 - fewshot_modelnet_transferring_features - INFO - Save checkpoint at ./experiments/fewshot_modelnet_transferring_features/cfgs/add_as_normal/ckpt-last.pth
2023-09-18 06:51:35,182 - fewshot_modelnet_transferring_features - INFO - [Training] EPOCH: 131 EpochTime = 1.966 (s) Losses = ['0.0233', '100.0000'] lr = 0.000020
2023-09-18 06:51:36,663 - fewshot_modelnet_transferring_features - INFO - [Validation] EPOCH: 131  acc = 88.5000
2023-09-18 06:51:38,786 - fewshot_modelnet_transferring_features - INFO - Save checkpoint at ./experiments/fewshot_modelnet_transferring_features/cfgs/add_as_normal/ckpt-last.pth
2023-09-18 06:51:40,763 - fewshot_modelnet_transferring_features - INFO - [Training] EPOCH: 132 EpochTime = 1.916 (s) Losses = ['0.0184', '100.0000'] lr = 0.000019
2023-09-18 06:51:42,260 - fewshot_modelnet_transferring_features - INFO - [Validation] EPOCH: 132  acc = 88.5000
2023-09-18 06:51:43,922 - fewshot_modelnet_transferring_features - INFO - Save checkpoint at ./experiments/fewshot_modelnet_transferring_features/cfgs/add_as_normal/ckpt-last.pth
2023-09-18 06:51:45,771 - fewshot_modelnet_transferring_features - INFO - [Training] EPOCH: 133 EpochTime = 1.847 (s) Losses = ['0.0266', '100.0000'] lr = 0.000017
2023-09-18 06:51:47,231 - fewshot_modelnet_transferring_features - INFO - [Validation] EPOCH: 133  acc = 88.5000
2023-09-18 06:51:50,017 - fewshot_modelnet_transferring_features - INFO - Save checkpoint at ./experiments/fewshot_modelnet_transferring_features/cfgs/add_as_normal/ckpt-last.pth
2023-09-18 06:51:51,909 - fewshot_modelnet_transferring_features - INFO - [Training] EPOCH: 134 EpochTime = 1.891 (s) Losses = ['0.0181', '100.0000'] lr = 0.000015
2023-09-18 06:51:53,422 - fewshot_modelnet_transferring_features - INFO - [Validation] EPOCH: 134  acc = 88.5000
2023-09-18 06:51:55,113 - fewshot_modelnet_transferring_features - INFO - Save checkpoint at ./experiments/fewshot_modelnet_transferring_features/cfgs/add_as_normal/ckpt-last.pth
2023-09-18 06:51:56,967 - fewshot_modelnet_transferring_features - INFO - [Training] EPOCH: 135 EpochTime = 1.852 (s) Losses = ['0.0176', '100.0000'] lr = 0.000013
2023-09-18 06:51:58,417 - fewshot_modelnet_transferring_features - INFO - [Validation] EPOCH: 135  acc = 88.5000
2023-09-18 06:52:01,037 - fewshot_modelnet_transferring_features - INFO - Save checkpoint at ./experiments/fewshot_modelnet_transferring_features/cfgs/add_as_normal/ckpt-last.pth
2023-09-18 06:52:02,906 - fewshot_modelnet_transferring_features - INFO - [Training] EPOCH: 136 EpochTime = 1.868 (s) Losses = ['0.0199', '100.0000'] lr = 0.000012
2023-09-18 06:52:04,361 - fewshot_modelnet_transferring_features - INFO - [Validation] EPOCH: 136  acc = 88.0000
2023-09-18 06:52:06,264 - fewshot_modelnet_transferring_features - INFO - Save checkpoint at ./experiments/fewshot_modelnet_transferring_features/cfgs/add_as_normal/ckpt-last.pth
2023-09-18 06:52:08,118 - fewshot_modelnet_transferring_features - INFO - [Training] EPOCH: 137 EpochTime = 1.852 (s) Losses = ['0.0242', '99.4792'] lr = 0.000010
2023-09-18 06:52:09,594 - fewshot_modelnet_transferring_features - INFO - [Validation] EPOCH: 137  acc = 88.5000
2023-09-18 06:52:11,198 - fewshot_modelnet_transferring_features - INFO - Save checkpoint at ./experiments/fewshot_modelnet_transferring_features/cfgs/add_as_normal/ckpt-last.pth
2023-09-18 06:52:13,031 - fewshot_modelnet_transferring_features - INFO - [Training] EPOCH: 138 EpochTime = 1.831 (s) Losses = ['0.0203', '100.0000'] lr = 0.000009
2023-09-18 06:52:14,541 - fewshot_modelnet_transferring_features - INFO - [Validation] EPOCH: 138  acc = 88.5000
2023-09-18 06:52:16,688 - fewshot_modelnet_transferring_features - INFO - Save checkpoint at ./experiments/fewshot_modelnet_transferring_features/cfgs/add_as_normal/ckpt-last.pth
2023-09-18 06:52:18,608 - fewshot_modelnet_transferring_features - INFO - [Training] EPOCH: 139 EpochTime = 1.919 (s) Losses = ['0.0409', '99.4792'] lr = 0.000008
2023-09-18 06:52:20,191 - fewshot_modelnet_transferring_features - INFO - [Validation] EPOCH: 139  acc = 88.5000
2023-09-18 06:52:22,045 - fewshot_modelnet_transferring_features - INFO - Save checkpoint at ./experiments/fewshot_modelnet_transferring_features/cfgs/add_as_normal/ckpt-last.pth
2023-09-18 06:52:23,971 - fewshot_modelnet_transferring_features - INFO - [Training] EPOCH: 140 EpochTime = 1.924 (s) Losses = ['0.0192', '100.0000'] lr = 0.000006
2023-09-18 06:52:25,509 - fewshot_modelnet_transferring_features - INFO - [Validation] EPOCH: 140  acc = 88.0000
2023-09-18 06:52:28,189 - fewshot_modelnet_transferring_features - INFO - Save checkpoint at ./experiments/fewshot_modelnet_transferring_features/cfgs/add_as_normal/ckpt-last.pth
2023-09-18 06:52:30,090 - fewshot_modelnet_transferring_features - INFO - [Training] EPOCH: 141 EpochTime = 1.899 (s) Losses = ['0.0258', '99.4792'] lr = 0.000005
2023-09-18 06:52:31,552 - fewshot_modelnet_transferring_features - INFO - [Validation] EPOCH: 141  acc = 88.5000
2023-09-18 06:52:33,472 - fewshot_modelnet_transferring_features - INFO - Save checkpoint at ./experiments/fewshot_modelnet_transferring_features/cfgs/add_as_normal/ckpt-last.pth
2023-09-18 06:52:35,117 - fewshot_modelnet_transferring_features - INFO - Save checkpoint at ./experiments/fewshot_modelnet_transferring_features/cfgs/add_as_normal/ckpt-epoch-141.pth
2023-09-18 06:52:37,028 - fewshot_modelnet_transferring_features - INFO - [Training] EPOCH: 142 EpochTime = 1.909 (s) Losses = ['0.0226', '100.0000'] lr = 0.000004
2023-09-18 06:52:38,479 - fewshot_modelnet_transferring_features - INFO - [Validation] EPOCH: 142  acc = 88.5000
2023-09-18 06:52:40,703 - fewshot_modelnet_transferring_features - INFO - Save checkpoint at ./experiments/fewshot_modelnet_transferring_features/cfgs/add_as_normal/ckpt-last.pth
2023-09-18 06:52:42,862 - fewshot_modelnet_transferring_features - INFO - Save checkpoint at ./experiments/fewshot_modelnet_transferring_features/cfgs/add_as_normal/ckpt-epoch-142.pth
2023-09-18 06:52:44,749 - fewshot_modelnet_transferring_features - INFO - [Training] EPOCH: 143 EpochTime = 1.885 (s) Losses = ['0.0224', '100.0000'] lr = 0.000004
2023-09-18 06:52:46,341 - fewshot_modelnet_transferring_features - INFO - [Validation] EPOCH: 143  acc = 88.5000
2023-09-18 06:52:47,973 - fewshot_modelnet_transferring_features - INFO - Save checkpoint at ./experiments/fewshot_modelnet_transferring_features/cfgs/add_as_normal/ckpt-last.pth
2023-09-18 06:52:50,276 - fewshot_modelnet_transferring_features - INFO - Save checkpoint at ./experiments/fewshot_modelnet_transferring_features/cfgs/add_as_normal/ckpt-epoch-143.pth
2023-09-18 06:52:52,152 - fewshot_modelnet_transferring_features - INFO - [Training] EPOCH: 144 EpochTime = 1.873 (s) Losses = ['0.0155', '100.0000'] lr = 0.000003
2023-09-18 06:52:53,712 - fewshot_modelnet_transferring_features - INFO - [Validation] EPOCH: 144  acc = 88.5000
2023-09-18 06:52:55,968 - fewshot_modelnet_transferring_features - INFO - Save checkpoint at ./experiments/fewshot_modelnet_transferring_features/cfgs/add_as_normal/ckpt-last.pth
2023-09-18 06:52:58,066 - fewshot_modelnet_transferring_features - INFO - Save checkpoint at ./experiments/fewshot_modelnet_transferring_features/cfgs/add_as_normal/ckpt-epoch-144.pth
2023-09-18 06:52:59,907 - fewshot_modelnet_transferring_features - INFO - [Training] EPOCH: 145 EpochTime = 1.839 (s) Losses = ['0.0237', '100.0000'] lr = 0.000002
2023-09-18 06:53:01,414 - fewshot_modelnet_transferring_features - INFO - [Validation] EPOCH: 145  acc = 88.5000
2023-09-18 06:53:03,352 - fewshot_modelnet_transferring_features - INFO - Save checkpoint at ./experiments/fewshot_modelnet_transferring_features/cfgs/add_as_normal/ckpt-last.pth
2023-09-18 06:53:04,754 - fewshot_modelnet_transferring_features - INFO - Save checkpoint at ./experiments/fewshot_modelnet_transferring_features/cfgs/add_as_normal/ckpt-epoch-145.pth
2023-09-18 06:53:06,681 - fewshot_modelnet_transferring_features - INFO - [Training] EPOCH: 146 EpochTime = 1.926 (s) Losses = ['0.0190', '100.0000'] lr = 0.000002
2023-09-18 06:53:08,154 - fewshot_modelnet_transferring_features - INFO - [Validation] EPOCH: 146  acc = 88.5000
2023-09-18 06:53:10,605 - fewshot_modelnet_transferring_features - INFO - Save checkpoint at ./experiments/fewshot_modelnet_transferring_features/cfgs/add_as_normal/ckpt-last.pth
2023-09-18 06:53:12,716 - fewshot_modelnet_transferring_features - INFO - Save checkpoint at ./experiments/fewshot_modelnet_transferring_features/cfgs/add_as_normal/ckpt-epoch-146.pth
2023-09-18 06:53:14,610 - fewshot_modelnet_transferring_features - INFO - [Training] EPOCH: 147 EpochTime = 1.892 (s) Losses = ['0.0201', '100.0000'] lr = 0.000001
2023-09-18 06:53:16,137 - fewshot_modelnet_transferring_features - INFO - [Validation] EPOCH: 147  acc = 88.0000
2023-09-18 06:53:17,773 - fewshot_modelnet_transferring_features - INFO - Save checkpoint at ./experiments/fewshot_modelnet_transferring_features/cfgs/add_as_normal/ckpt-last.pth
2023-09-18 06:53:20,388 - fewshot_modelnet_transferring_features - INFO - Save checkpoint at ./experiments/fewshot_modelnet_transferring_features/cfgs/add_as_normal/ckpt-epoch-147.pth
2023-09-18 06:53:22,264 - fewshot_modelnet_transferring_features - INFO - [Training] EPOCH: 148 EpochTime = 1.875 (s) Losses = ['0.0252', '100.0000'] lr = 0.000001
2023-09-18 06:53:23,724 - fewshot_modelnet_transferring_features - INFO - [Validation] EPOCH: 148  acc = 88.0000
2023-09-18 06:53:26,671 - fewshot_modelnet_transferring_features - INFO - Save checkpoint at ./experiments/fewshot_modelnet_transferring_features/cfgs/add_as_normal/ckpt-last.pth
2023-09-18 06:53:28,386 - fewshot_modelnet_transferring_features - INFO - Save checkpoint at ./experiments/fewshot_modelnet_transferring_features/cfgs/add_as_normal/ckpt-epoch-148.pth
2023-09-18 06:53:30,227 - fewshot_modelnet_transferring_features - INFO - [Training] EPOCH: 149 EpochTime = 1.839 (s) Losses = ['0.0283', '100.0000'] lr = 0.000001
2023-09-18 06:53:31,760 - fewshot_modelnet_transferring_features - INFO - [Validation] EPOCH: 149  acc = 88.5000
2023-09-18 06:53:33,986 - fewshot_modelnet_transferring_features - INFO - Save checkpoint at ./experiments/fewshot_modelnet_transferring_features/cfgs/add_as_normal/ckpt-last.pth
2023-09-18 06:53:35,660 - fewshot_modelnet_transferring_features - INFO - Save checkpoint at ./experiments/fewshot_modelnet_transferring_features/cfgs/add_as_normal/ckpt-epoch-149.pth
2023-09-18 06:53:37,585 - fewshot_modelnet_transferring_features - INFO - [Training] EPOCH: 150 EpochTime = 1.923 (s) Losses = ['0.0225', '100.0000'] lr = 0.000001
2023-09-18 06:53:39,124 - fewshot_modelnet_transferring_features - INFO - [Validation] EPOCH: 150  acc = 88.5000
2023-09-18 06:53:41,725 - fewshot_modelnet_transferring_features - INFO - Save checkpoint at ./experiments/fewshot_modelnet_transferring_features/cfgs/add_as_normal/ckpt-last.pth
2023-09-18 06:53:43,399 - fewshot_modelnet_transferring_features - INFO - Save checkpoint at ./experiments/fewshot_modelnet_transferring_features/cfgs/add_as_normal/ckpt-epoch-150.pth
