2023-09-27 09:41:30,129 - fewshot_modelnet_transferring_features - INFO - Copy the Config file from cfgs/fewshot_modelnet_transferring_features.yaml to ./experiments/fewshot_modelnet_transferring_features/cfgs/LR_0.0007/config.yaml
2023-09-27 09:41:30,130 - fewshot_modelnet_transferring_features - INFO - args.config : cfgs/fewshot_modelnet_transferring_features.yaml
2023-09-27 09:41:30,130 - fewshot_modelnet_transferring_features - INFO - args.launcher : none
2023-09-27 09:41:30,130 - fewshot_modelnet_transferring_features - INFO - args.local_rank : 0
2023-09-27 09:41:30,130 - fewshot_modelnet_transferring_features - INFO - args.num_workers : 8
2023-09-27 09:41:30,130 - fewshot_modelnet_transferring_features - INFO - args.seed : 0
2023-09-27 09:41:30,130 - fewshot_modelnet_transferring_features - INFO - args.deterministic : False
2023-09-27 09:41:30,130 - fewshot_modelnet_transferring_features - INFO - args.sync_bn : True
2023-09-27 09:41:30,131 - fewshot_modelnet_transferring_features - INFO - args.update_weights_every : 1
2023-09-27 09:41:30,131 - fewshot_modelnet_transferring_features - INFO - args.main_task : 0
2023-09-27 09:41:30,131 - fewshot_modelnet_transferring_features - INFO - args.nashmtl_optim_niter : 20
2023-09-27 09:41:30,131 - fewshot_modelnet_transferring_features - INFO - args.c : 0.4
2023-09-27 09:41:30,131 - fewshot_modelnet_transferring_features - INFO - args.dwa_temp : 2.0
2023-09-27 09:41:30,131 - fewshot_modelnet_transferring_features - INFO - args.method_params_lr : 0.025
2023-09-27 09:41:30,131 - fewshot_modelnet_transferring_features - INFO - args.method : nashmtl
2023-09-27 09:41:30,131 - fewshot_modelnet_transferring_features - INFO - args.gpu : 5
2023-09-27 09:41:30,131 - fewshot_modelnet_transferring_features - INFO - args.large_group : 5
2023-09-27 09:41:30,132 - fewshot_modelnet_transferring_features - INFO - args.small_group : 10
2023-09-27 09:41:30,132 - fewshot_modelnet_transferring_features - INFO - args.large_patch : 6
2023-09-27 09:41:30,132 - fewshot_modelnet_transferring_features - INFO - args.small_patch : 3
2023-09-27 09:41:30,132 - fewshot_modelnet_transferring_features - INFO - args.queue_length : 8192
2023-09-27 09:41:30,132 - fewshot_modelnet_transferring_features - INFO - args.epoch_queue_starts : 10
2023-09-27 09:41:30,132 - fewshot_modelnet_transferring_features - INFO - args.nmb_crops : [5, 10]
2023-09-27 09:41:30,132 - fewshot_modelnet_transferring_features - INFO - args.fea_dim : 384
2023-09-27 09:41:30,132 - fewshot_modelnet_transferring_features - INFO - args.hidden_mlp : 256
2023-09-27 09:41:30,133 - fewshot_modelnet_transferring_features - INFO - args.output_dim : 128
2023-09-27 09:41:30,133 - fewshot_modelnet_transferring_features - INFO - args.nmb_prototypes : 200
2023-09-27 09:41:30,133 - fewshot_modelnet_transferring_features - INFO - args.temperature : 0.1
2023-09-27 09:41:30,133 - fewshot_modelnet_transferring_features - INFO - args.epsilon : 0.05
2023-09-27 09:41:30,133 - fewshot_modelnet_transferring_features - INFO - args.sinkhorn_iterations : 3
2023-09-27 09:41:30,133 - fewshot_modelnet_transferring_features - INFO - args.world_size : 1
2023-09-27 09:41:30,133 - fewshot_modelnet_transferring_features - INFO - args.exp_name : LR_0.0007
2023-09-27 09:41:30,133 - fewshot_modelnet_transferring_features - INFO - args.loss : cd1
2023-09-27 09:41:30,133 - fewshot_modelnet_transferring_features - INFO - args.start_ckpts : None
2023-09-27 09:41:30,134 - fewshot_modelnet_transferring_features - INFO - args.ckpts : ./experiments/pretrain_MaskSurf/cfgs/add_as_normal/ckpt-last.pth
2023-09-27 09:41:30,134 - fewshot_modelnet_transferring_features - INFO - args.val_freq : 1
2023-09-27 09:41:30,134 - fewshot_modelnet_transferring_features - INFO - args.vote : False
2023-09-27 09:41:30,134 - fewshot_modelnet_transferring_features - INFO - args.resume : False
2023-09-27 09:41:30,134 - fewshot_modelnet_transferring_features - INFO - args.test : False
2023-09-27 09:41:30,134 - fewshot_modelnet_transferring_features - INFO - args.finetune_model : True
2023-09-27 09:41:30,134 - fewshot_modelnet_transferring_features - INFO - args.scratch_model : False
2023-09-27 09:41:30,134 - fewshot_modelnet_transferring_features - INFO - args.mode : None
2023-09-27 09:41:30,135 - fewshot_modelnet_transferring_features - INFO - args.way : 5
2023-09-27 09:41:30,135 - fewshot_modelnet_transferring_features - INFO - args.shot : 10
2023-09-27 09:41:30,135 - fewshot_modelnet_transferring_features - INFO - args.fold : 3
2023-09-27 09:41:30,135 - fewshot_modelnet_transferring_features - INFO - args.experiment_path : ./experiments/fewshot_modelnet_transferring_features/cfgs/LR_0.0007
2023-09-27 09:41:30,135 - fewshot_modelnet_transferring_features - INFO - args.tfboard_path : ./experiments/fewshot_modelnet_transferring_features/cfgs/TFBoard/LR_0.0007
2023-09-27 09:41:30,135 - fewshot_modelnet_transferring_features - INFO - args.log_name : fewshot_modelnet_transferring_features
2023-09-27 09:41:30,135 - fewshot_modelnet_transferring_features - INFO - args.use_gpu : True
2023-09-27 09:41:30,135 - fewshot_modelnet_transferring_features - INFO - args.distributed : False
2023-09-27 09:41:30,136 - fewshot_modelnet_transferring_features - INFO - config.optimizer = edict()
2023-09-27 09:41:30,136 - fewshot_modelnet_transferring_features - INFO - config.optimizer.type : AdamW
2023-09-27 09:41:30,136 - fewshot_modelnet_transferring_features - INFO - config.optimizer.part : all
2023-09-27 09:41:30,136 - fewshot_modelnet_transferring_features - INFO - config.optimizer.kwargs = edict()
2023-09-27 09:41:30,136 - fewshot_modelnet_transferring_features - INFO - config.optimizer.kwargs.lr : 0.0007
2023-09-27 09:41:30,136 - fewshot_modelnet_transferring_features - INFO - config.optimizer.kwargs.weight_decay : 0.05
2023-09-27 09:41:30,136 - fewshot_modelnet_transferring_features - INFO - config.scheduler = edict()
2023-09-27 09:41:30,136 - fewshot_modelnet_transferring_features - INFO - config.scheduler.type : CosLR
2023-09-27 09:41:30,136 - fewshot_modelnet_transferring_features - INFO - config.scheduler.kwargs = edict()
2023-09-27 09:41:30,137 - fewshot_modelnet_transferring_features - INFO - config.scheduler.kwargs.epochs : 150
2023-09-27 09:41:30,137 - fewshot_modelnet_transferring_features - INFO - config.scheduler.kwargs.initial_epochs : 10
2023-09-27 09:41:30,137 - fewshot_modelnet_transferring_features - INFO - config.dataset = edict()
2023-09-27 09:41:30,137 - fewshot_modelnet_transferring_features - INFO - config.dataset.train = edict()
2023-09-27 09:41:30,137 - fewshot_modelnet_transferring_features - INFO - config.dataset.train._base_ = edict()
2023-09-27 09:41:30,137 - fewshot_modelnet_transferring_features - INFO - config.dataset.train._base_.NAME : ModelNetFewShot
2023-09-27 09:41:30,137 - fewshot_modelnet_transferring_features - INFO - config.dataset.train._base_.DATA_PATH : data/ModelNetFewshot
2023-09-27 09:41:30,137 - fewshot_modelnet_transferring_features - INFO - config.dataset.train._base_.N_POINTS : 8192
2023-09-27 09:41:30,138 - fewshot_modelnet_transferring_features - INFO - config.dataset.train._base_.NUM_CATEGORY : 40
2023-09-27 09:41:30,138 - fewshot_modelnet_transferring_features - INFO - config.dataset.train._base_.USE_NORMALS : False
2023-09-27 09:41:30,138 - fewshot_modelnet_transferring_features - INFO - config.dataset.train.others = edict()
2023-09-27 09:41:30,138 - fewshot_modelnet_transferring_features - INFO - config.dataset.train.others.subset : train
2023-09-27 09:41:30,138 - fewshot_modelnet_transferring_features - INFO - config.dataset.train.others.bs : 32
2023-09-27 09:41:30,138 - fewshot_modelnet_transferring_features - INFO - config.dataset.val = edict()
2023-09-27 09:41:30,138 - fewshot_modelnet_transferring_features - INFO - config.dataset.val._base_ = edict()
2023-09-27 09:41:30,138 - fewshot_modelnet_transferring_features - INFO - config.dataset.val._base_.NAME : ModelNetFewShot
2023-09-27 09:41:30,138 - fewshot_modelnet_transferring_features - INFO - config.dataset.val._base_.DATA_PATH : data/ModelNetFewshot
2023-09-27 09:41:30,139 - fewshot_modelnet_transferring_features - INFO - config.dataset.val._base_.N_POINTS : 8192
2023-09-27 09:41:30,139 - fewshot_modelnet_transferring_features - INFO - config.dataset.val._base_.NUM_CATEGORY : 40
2023-09-27 09:41:30,139 - fewshot_modelnet_transferring_features - INFO - config.dataset.val._base_.USE_NORMALS : False
2023-09-27 09:41:30,139 - fewshot_modelnet_transferring_features - INFO - config.dataset.val.others = edict()
2023-09-27 09:41:30,139 - fewshot_modelnet_transferring_features - INFO - config.dataset.val.others.subset : test
2023-09-27 09:41:30,139 - fewshot_modelnet_transferring_features - INFO - config.dataset.val.others.bs : 64
2023-09-27 09:41:30,139 - fewshot_modelnet_transferring_features - INFO - config.dataset.test = edict()
2023-09-27 09:41:30,139 - fewshot_modelnet_transferring_features - INFO - config.dataset.test._base_ = edict()
2023-09-27 09:41:30,139 - fewshot_modelnet_transferring_features - INFO - config.dataset.test._base_.NAME : ModelNet
2023-09-27 09:41:30,139 - fewshot_modelnet_transferring_features - INFO - config.dataset.test._base_.DATA_PATH : data/ModelNet/modelnet40_normal_resampled
2023-09-27 09:41:30,139 - fewshot_modelnet_transferring_features - INFO - config.dataset.test._base_.N_POINTS : 8192
2023-09-27 09:41:30,139 - fewshot_modelnet_transferring_features - INFO - config.dataset.test._base_.NUM_CATEGORY : 40
2023-09-27 09:41:30,139 - fewshot_modelnet_transferring_features - INFO - config.dataset.test._base_.USE_NORMALS : False
2023-09-27 09:41:30,139 - fewshot_modelnet_transferring_features - INFO - config.dataset.test.others = edict()
2023-09-27 09:41:30,139 - fewshot_modelnet_transferring_features - INFO - config.dataset.test.others.subset : test
2023-09-27 09:41:30,139 - fewshot_modelnet_transferring_features - INFO - config.dataset.test.others.bs : 32
2023-09-27 09:41:30,139 - fewshot_modelnet_transferring_features - INFO - config.model = edict()
2023-09-27 09:41:30,139 - fewshot_modelnet_transferring_features - INFO - config.model.NAME : PointTransformer
2023-09-27 09:41:30,140 - fewshot_modelnet_transferring_features - INFO - config.model.trans_dim : 384
2023-09-27 09:41:30,140 - fewshot_modelnet_transferring_features - INFO - config.model.depth : 12
2023-09-27 09:41:30,140 - fewshot_modelnet_transferring_features - INFO - config.model.drop_path_rate : 0.1
2023-09-27 09:41:30,140 - fewshot_modelnet_transferring_features - INFO - config.model.cls_dim : 15
2023-09-27 09:41:30,140 - fewshot_modelnet_transferring_features - INFO - config.model.num_heads : 6
2023-09-27 09:41:30,140 - fewshot_modelnet_transferring_features - INFO - config.model.group_size : 32
2023-09-27 09:41:30,140 - fewshot_modelnet_transferring_features - INFO - config.model.num_group : 64
2023-09-27 09:41:30,140 - fewshot_modelnet_transferring_features - INFO - config.model.encoder_dims : 384
2023-09-27 09:41:30,140 - fewshot_modelnet_transferring_features - INFO - config.npoints : 1024
2023-09-27 09:41:30,140 - fewshot_modelnet_transferring_features - INFO - config.total_bs : 32
2023-09-27 09:41:30,140 - fewshot_modelnet_transferring_features - INFO - config.step_per_update : 1
2023-09-27 09:41:30,140 - fewshot_modelnet_transferring_features - INFO - config.max_epoch : 150
2023-09-27 09:41:30,140 - fewshot_modelnet_transferring_features - INFO - config.grad_norm_clip : 10
2023-09-27 09:41:30,140 - fewshot_modelnet_transferring_features - INFO - Distributed training: False
2023-09-27 09:41:30,140 - fewshot_modelnet_transferring_features - INFO - Set random seed to 0, deterministic: False
2023-09-27 09:41:33,599 - fewshot_modelnet_transferring_features - INFO - Using Data parallel ...
2023-09-27 09:41:38,361 - fewshot_modelnet_transferring_features - INFO - [Training] EPOCH: 0 EpochTime = 4.755 (s) Losses = ['2.7568', '9.3750'] lr = 0.000001
2023-09-27 09:41:40,350 - fewshot_modelnet_transferring_features - INFO - Save checkpoint at ./experiments/fewshot_modelnet_transferring_features/cfgs/LR_0.0007/ckpt-last.pth
2023-09-27 09:41:41,215 - fewshot_modelnet_transferring_features - INFO - [Training] EPOCH: 1 EpochTime = 0.863 (s) Losses = ['2.7193', '12.5000'] lr = 0.000071
2023-09-27 09:41:43,565 - fewshot_modelnet_transferring_features - INFO - [Validation] EPOCH: 1  acc = 19.0000
2023-09-27 09:41:46,148 - fewshot_modelnet_transferring_features - INFO - Save checkpoint at ./experiments/fewshot_modelnet_transferring_features/cfgs/LR_0.0007/ckpt-best.pth
2023-09-27 09:41:46,149 - fewshot_modelnet_transferring_features - INFO - --------------------------------------------------------------------------------------------
2023-09-27 09:41:47,958 - fewshot_modelnet_transferring_features - INFO - Save checkpoint at ./experiments/fewshot_modelnet_transferring_features/cfgs/LR_0.0007/ckpt-last.pth
2023-09-27 09:41:48,835 - fewshot_modelnet_transferring_features - INFO - [Training] EPOCH: 2 EpochTime = 0.875 (s) Losses = ['2.6987', '9.3750'] lr = 0.000141
2023-09-27 09:41:49,874 - fewshot_modelnet_transferring_features - INFO - [Validation] EPOCH: 2  acc = 20.0000
2023-09-27 09:41:51,444 - fewshot_modelnet_transferring_features - INFO - Save checkpoint at ./experiments/fewshot_modelnet_transferring_features/cfgs/LR_0.0007/ckpt-best.pth
2023-09-27 09:41:51,445 - fewshot_modelnet_transferring_features - INFO - --------------------------------------------------------------------------------------------
2023-09-27 09:41:53,932 - fewshot_modelnet_transferring_features - INFO - Save checkpoint at ./experiments/fewshot_modelnet_transferring_features/cfgs/LR_0.0007/ckpt-last.pth
2023-09-27 09:41:54,904 - fewshot_modelnet_transferring_features - INFO - [Training] EPOCH: 3 EpochTime = 0.968 (s) Losses = ['2.8340', '6.2500'] lr = 0.000211
2023-09-27 09:41:55,901 - fewshot_modelnet_transferring_features - INFO - [Validation] EPOCH: 3  acc = 21.0000
2023-09-27 09:41:57,582 - fewshot_modelnet_transferring_features - INFO - Save checkpoint at ./experiments/fewshot_modelnet_transferring_features/cfgs/LR_0.0007/ckpt-best.pth
2023-09-27 09:41:57,583 - fewshot_modelnet_transferring_features - INFO - --------------------------------------------------------------------------------------------
2023-09-27 09:41:59,908 - fewshot_modelnet_transferring_features - INFO - Save checkpoint at ./experiments/fewshot_modelnet_transferring_features/cfgs/LR_0.0007/ckpt-last.pth
2023-09-27 09:42:00,871 - fewshot_modelnet_transferring_features - INFO - [Training] EPOCH: 4 EpochTime = 0.959 (s) Losses = ['2.5512', '12.5000'] lr = 0.000281
2023-09-27 09:42:01,978 - fewshot_modelnet_transferring_features - INFO - [Validation] EPOCH: 4  acc = 24.0000
2023-09-27 09:42:04,133 - fewshot_modelnet_transferring_features - INFO - Save checkpoint at ./experiments/fewshot_modelnet_transferring_features/cfgs/LR_0.0007/ckpt-best.pth
2023-09-27 09:42:04,133 - fewshot_modelnet_transferring_features - INFO - --------------------------------------------------------------------------------------------
2023-09-27 09:42:06,221 - fewshot_modelnet_transferring_features - INFO - Save checkpoint at ./experiments/fewshot_modelnet_transferring_features/cfgs/LR_0.0007/ckpt-last.pth
2023-09-27 09:42:07,147 - fewshot_modelnet_transferring_features - INFO - [Training] EPOCH: 5 EpochTime = 0.923 (s) Losses = ['2.5405', '15.6250'] lr = 0.000351
2023-09-27 09:42:08,072 - fewshot_modelnet_transferring_features - INFO - [Validation] EPOCH: 5  acc = 25.0000
2023-09-27 09:42:09,688 - fewshot_modelnet_transferring_features - INFO - Save checkpoint at ./experiments/fewshot_modelnet_transferring_features/cfgs/LR_0.0007/ckpt-best.pth
2023-09-27 09:42:09,688 - fewshot_modelnet_transferring_features - INFO - --------------------------------------------------------------------------------------------
2023-09-27 09:42:12,355 - fewshot_modelnet_transferring_features - INFO - Save checkpoint at ./experiments/fewshot_modelnet_transferring_features/cfgs/LR_0.0007/ckpt-last.pth
2023-09-27 09:42:13,426 - fewshot_modelnet_transferring_features - INFO - [Training] EPOCH: 6 EpochTime = 0.837 (s) Losses = ['2.4868', '15.6250'] lr = 0.000420
2023-09-27 09:42:14,387 - fewshot_modelnet_transferring_features - INFO - [Validation] EPOCH: 6  acc = 39.0000
2023-09-27 09:42:17,150 - fewshot_modelnet_transferring_features - INFO - Save checkpoint at ./experiments/fewshot_modelnet_transferring_features/cfgs/LR_0.0007/ckpt-best.pth
2023-09-27 09:42:17,150 - fewshot_modelnet_transferring_features - INFO - --------------------------------------------------------------------------------------------
2023-09-27 09:42:18,921 - fewshot_modelnet_transferring_features - INFO - Save checkpoint at ./experiments/fewshot_modelnet_transferring_features/cfgs/LR_0.0007/ckpt-last.pth
2023-09-27 09:42:19,850 - fewshot_modelnet_transferring_features - INFO - [Training] EPOCH: 7 EpochTime = 0.925 (s) Losses = ['2.3509', '25.0000'] lr = 0.000490
2023-09-27 09:42:20,901 - fewshot_modelnet_transferring_features - INFO - [Validation] EPOCH: 7  acc = 43.0000
2023-09-27 09:42:23,101 - fewshot_modelnet_transferring_features - INFO - Save checkpoint at ./experiments/fewshot_modelnet_transferring_features/cfgs/LR_0.0007/ckpt-best.pth
2023-09-27 09:42:23,101 - fewshot_modelnet_transferring_features - INFO - --------------------------------------------------------------------------------------------
2023-09-27 09:42:25,067 - fewshot_modelnet_transferring_features - INFO - Save checkpoint at ./experiments/fewshot_modelnet_transferring_features/cfgs/LR_0.0007/ckpt-last.pth
2023-09-27 09:42:26,009 - fewshot_modelnet_transferring_features - INFO - [Training] EPOCH: 8 EpochTime = 0.940 (s) Losses = ['2.0427', '59.3750'] lr = 0.000560
2023-09-27 09:42:27,018 - fewshot_modelnet_transferring_features - INFO - [Validation] EPOCH: 8  acc = 50.0000
2023-09-27 09:42:28,639 - fewshot_modelnet_transferring_features - INFO - Save checkpoint at ./experiments/fewshot_modelnet_transferring_features/cfgs/LR_0.0007/ckpt-best.pth
2023-09-27 09:42:28,640 - fewshot_modelnet_transferring_features - INFO - --------------------------------------------------------------------------------------------
2023-09-27 09:42:30,925 - fewshot_modelnet_transferring_features - INFO - Save checkpoint at ./experiments/fewshot_modelnet_transferring_features/cfgs/LR_0.0007/ckpt-last.pth
2023-09-27 09:42:32,027 - fewshot_modelnet_transferring_features - INFO - [Training] EPOCH: 9 EpochTime = 1.097 (s) Losses = ['1.8612', '56.2500'] lr = 0.000630
2023-09-27 09:42:33,297 - fewshot_modelnet_transferring_features - INFO - [Validation] EPOCH: 9  acc = 61.0000
2023-09-27 09:42:35,794 - fewshot_modelnet_transferring_features - INFO - Save checkpoint at ./experiments/fewshot_modelnet_transferring_features/cfgs/LR_0.0007/ckpt-best.pth
2023-09-27 09:42:35,795 - fewshot_modelnet_transferring_features - INFO - --------------------------------------------------------------------------------------------
2023-09-27 09:42:37,705 - fewshot_modelnet_transferring_features - INFO - Save checkpoint at ./experiments/fewshot_modelnet_transferring_features/cfgs/LR_0.0007/ckpt-last.pth
2023-09-27 09:42:38,520 - fewshot_modelnet_transferring_features - INFO - [Training] EPOCH: 10 EpochTime = 0.813 (s) Losses = ['1.8166', '56.2500'] lr = 0.000692
2023-09-27 09:42:39,554 - fewshot_modelnet_transferring_features - INFO - [Validation] EPOCH: 10  acc = 75.0000
2023-09-27 09:42:41,361 - fewshot_modelnet_transferring_features - INFO - Save checkpoint at ./experiments/fewshot_modelnet_transferring_features/cfgs/LR_0.0007/ckpt-best.pth
2023-09-27 09:42:41,362 - fewshot_modelnet_transferring_features - INFO - --------------------------------------------------------------------------------------------
2023-09-27 09:42:44,037 - fewshot_modelnet_transferring_features - INFO - Save checkpoint at ./experiments/fewshot_modelnet_transferring_features/cfgs/LR_0.0007/ckpt-last.pth
2023-09-27 09:42:44,897 - fewshot_modelnet_transferring_features - INFO - [Training] EPOCH: 11 EpochTime = 0.857 (s) Losses = ['1.6308', '59.3750'] lr = 0.000691
2023-09-27 09:42:45,892 - fewshot_modelnet_transferring_features - INFO - [Validation] EPOCH: 11  acc = 82.0000
2023-09-27 09:42:47,503 - fewshot_modelnet_transferring_features - INFO - Save checkpoint at ./experiments/fewshot_modelnet_transferring_features/cfgs/LR_0.0007/ckpt-best.pth
2023-09-27 09:42:47,503 - fewshot_modelnet_transferring_features - INFO - --------------------------------------------------------------------------------------------
2023-09-27 09:42:49,940 - fewshot_modelnet_transferring_features - INFO - Save checkpoint at ./experiments/fewshot_modelnet_transferring_features/cfgs/LR_0.0007/ckpt-last.pth
2023-09-27 09:42:50,787 - fewshot_modelnet_transferring_features - INFO - [Training] EPOCH: 12 EpochTime = 0.844 (s) Losses = ['1.5413', '68.7500'] lr = 0.000689
2023-09-27 09:42:51,715 - fewshot_modelnet_transferring_features - INFO - [Validation] EPOCH: 12  acc = 84.0000
2023-09-27 09:42:54,289 - fewshot_modelnet_transferring_features - INFO - Save checkpoint at ./experiments/fewshot_modelnet_transferring_features/cfgs/LR_0.0007/ckpt-best.pth
2023-09-27 09:42:54,290 - fewshot_modelnet_transferring_features - INFO - --------------------------------------------------------------------------------------------
2023-09-27 09:42:56,526 - fewshot_modelnet_transferring_features - INFO - Save checkpoint at ./experiments/fewshot_modelnet_transferring_features/cfgs/LR_0.0007/ckpt-last.pth
2023-09-27 09:42:57,399 - fewshot_modelnet_transferring_features - INFO - [Training] EPOCH: 13 EpochTime = 0.870 (s) Losses = ['1.2978', '71.8750'] lr = 0.000687
2023-09-27 09:42:58,328 - fewshot_modelnet_transferring_features - INFO - [Validation] EPOCH: 13  acc = 81.0000
2023-09-27 09:43:00,077 - fewshot_modelnet_transferring_features - INFO - Save checkpoint at ./experiments/fewshot_modelnet_transferring_features/cfgs/LR_0.0007/ckpt-last.pth
2023-09-27 09:43:00,911 - fewshot_modelnet_transferring_features - INFO - [Training] EPOCH: 14 EpochTime = 0.831 (s) Losses = ['1.1515', '81.2500'] lr = 0.000685
2023-09-27 09:43:01,802 - fewshot_modelnet_transferring_features - INFO - [Validation] EPOCH: 14  acc = 79.0000
2023-09-27 09:43:03,444 - fewshot_modelnet_transferring_features - INFO - Save checkpoint at ./experiments/fewshot_modelnet_transferring_features/cfgs/LR_0.0007/ckpt-last.pth
2023-09-27 09:43:04,169 - fewshot_modelnet_transferring_features - INFO - [Training] EPOCH: 15 EpochTime = 0.723 (s) Losses = ['1.1926', '81.2500'] lr = 0.000683
2023-09-27 09:43:05,059 - fewshot_modelnet_transferring_features - INFO - [Validation] EPOCH: 15  acc = 81.0000
2023-09-27 09:43:06,580 - fewshot_modelnet_transferring_features - INFO - Save checkpoint at ./experiments/fewshot_modelnet_transferring_features/cfgs/LR_0.0007/ckpt-last.pth
2023-09-27 09:43:07,388 - fewshot_modelnet_transferring_features - INFO - [Training] EPOCH: 16 EpochTime = 0.806 (s) Losses = ['0.9941', '90.6250'] lr = 0.000681
2023-09-27 09:43:08,447 - fewshot_modelnet_transferring_features - INFO - [Validation] EPOCH: 16  acc = 80.0000
2023-09-27 09:43:10,216 - fewshot_modelnet_transferring_features - INFO - Save checkpoint at ./experiments/fewshot_modelnet_transferring_features/cfgs/LR_0.0007/ckpt-last.pth
2023-09-27 09:43:11,033 - fewshot_modelnet_transferring_features - INFO - [Training] EPOCH: 17 EpochTime = 0.815 (s) Losses = ['0.9523', '93.7500'] lr = 0.000678
2023-09-27 09:43:11,985 - fewshot_modelnet_transferring_features - INFO - [Validation] EPOCH: 17  acc = 80.0000
2023-09-27 09:43:13,574 - fewshot_modelnet_transferring_features - INFO - Save checkpoint at ./experiments/fewshot_modelnet_transferring_features/cfgs/LR_0.0007/ckpt-last.pth
2023-09-27 09:43:14,395 - fewshot_modelnet_transferring_features - INFO - [Training] EPOCH: 18 EpochTime = 0.819 (s) Losses = ['0.9311', '84.3750'] lr = 0.000675
2023-09-27 09:43:15,460 - fewshot_modelnet_transferring_features - INFO - [Validation] EPOCH: 18  acc = 81.0000
2023-09-27 09:43:17,196 - fewshot_modelnet_transferring_features - INFO - Save checkpoint at ./experiments/fewshot_modelnet_transferring_features/cfgs/LR_0.0007/ckpt-last.pth
2023-09-27 09:43:18,068 - fewshot_modelnet_transferring_features - INFO - [Training] EPOCH: 19 EpochTime = 0.869 (s) Losses = ['0.8539', '90.6250'] lr = 0.000673
2023-09-27 09:43:19,194 - fewshot_modelnet_transferring_features - INFO - [Validation] EPOCH: 19  acc = 81.0000
2023-09-27 09:43:20,848 - fewshot_modelnet_transferring_features - INFO - Save checkpoint at ./experiments/fewshot_modelnet_transferring_features/cfgs/LR_0.0007/ckpt-last.pth
2023-09-27 09:43:21,731 - fewshot_modelnet_transferring_features - INFO - [Training] EPOCH: 20 EpochTime = 0.880 (s) Losses = ['0.7888', '93.7500'] lr = 0.000670
2023-09-27 09:43:22,910 - fewshot_modelnet_transferring_features - INFO - [Validation] EPOCH: 20  acc = 82.0000
2023-09-27 09:43:24,621 - fewshot_modelnet_transferring_features - INFO - Save checkpoint at ./experiments/fewshot_modelnet_transferring_features/cfgs/LR_0.0007/ckpt-last.pth
2023-09-27 09:43:25,468 - fewshot_modelnet_transferring_features - INFO - [Training] EPOCH: 21 EpochTime = 0.845 (s) Losses = ['0.8035', '87.5000'] lr = 0.000667
2023-09-27 09:43:26,446 - fewshot_modelnet_transferring_features - INFO - [Validation] EPOCH: 21  acc = 82.0000
2023-09-27 09:43:28,038 - fewshot_modelnet_transferring_features - INFO - Save checkpoint at ./experiments/fewshot_modelnet_transferring_features/cfgs/LR_0.0007/ckpt-last.pth
2023-09-27 09:43:28,951 - fewshot_modelnet_transferring_features - INFO - [Training] EPOCH: 22 EpochTime = 0.910 (s) Losses = ['0.6306', '96.8750'] lr = 0.000664
2023-09-27 09:43:30,051 - fewshot_modelnet_transferring_features - INFO - [Validation] EPOCH: 22  acc = 85.0000
2023-09-27 09:43:31,706 - fewshot_modelnet_transferring_features - INFO - Save checkpoint at ./experiments/fewshot_modelnet_transferring_features/cfgs/LR_0.0007/ckpt-best.pth
2023-09-27 09:43:31,706 - fewshot_modelnet_transferring_features - INFO - --------------------------------------------------------------------------------------------
2023-09-27 09:43:34,395 - fewshot_modelnet_transferring_features - INFO - Save checkpoint at ./experiments/fewshot_modelnet_transferring_features/cfgs/LR_0.0007/ckpt-last.pth
2023-09-27 09:43:35,429 - fewshot_modelnet_transferring_features - INFO - [Training] EPOCH: 23 EpochTime = 1.032 (s) Losses = ['0.5165', '100.0000'] lr = 0.000660
2023-09-27 09:43:36,360 - fewshot_modelnet_transferring_features - INFO - [Validation] EPOCH: 23  acc = 86.0000
2023-09-27 09:43:37,950 - fewshot_modelnet_transferring_features - INFO - Save checkpoint at ./experiments/fewshot_modelnet_transferring_features/cfgs/LR_0.0007/ckpt-best.pth
2023-09-27 09:43:37,951 - fewshot_modelnet_transferring_features - INFO - --------------------------------------------------------------------------------------------
2023-09-27 09:43:40,277 - fewshot_modelnet_transferring_features - INFO - Save checkpoint at ./experiments/fewshot_modelnet_transferring_features/cfgs/LR_0.0007/ckpt-last.pth
2023-09-27 09:43:41,107 - fewshot_modelnet_transferring_features - INFO - [Training] EPOCH: 24 EpochTime = 0.828 (s) Losses = ['0.5394', '93.7500'] lr = 0.000657
2023-09-27 09:43:42,104 - fewshot_modelnet_transferring_features - INFO - [Validation] EPOCH: 24  acc = 89.0000
2023-09-27 09:43:43,989 - fewshot_modelnet_transferring_features - INFO - Save checkpoint at ./experiments/fewshot_modelnet_transferring_features/cfgs/LR_0.0007/ckpt-best.pth
2023-09-27 09:43:43,989 - fewshot_modelnet_transferring_features - INFO - --------------------------------------------------------------------------------------------
2023-09-27 09:43:46,268 - fewshot_modelnet_transferring_features - INFO - Save checkpoint at ./experiments/fewshot_modelnet_transferring_features/cfgs/LR_0.0007/ckpt-last.pth
2023-09-27 09:43:47,150 - fewshot_modelnet_transferring_features - INFO - [Training] EPOCH: 25 EpochTime = 0.880 (s) Losses = ['0.4039', '96.8750'] lr = 0.000653
2023-09-27 09:43:48,126 - fewshot_modelnet_transferring_features - INFO - [Validation] EPOCH: 25  acc = 89.0000
2023-09-27 09:43:49,661 - fewshot_modelnet_transferring_features - INFO - Save checkpoint at ./experiments/fewshot_modelnet_transferring_features/cfgs/LR_0.0007/ckpt-last.pth
2023-09-27 09:43:50,507 - fewshot_modelnet_transferring_features - INFO - [Training] EPOCH: 26 EpochTime = 0.843 (s) Losses = ['0.4641', '96.8750'] lr = 0.000649
2023-09-27 09:43:51,425 - fewshot_modelnet_transferring_features - INFO - [Validation] EPOCH: 26  acc = 90.0000
2023-09-27 09:43:53,253 - fewshot_modelnet_transferring_features - INFO - Save checkpoint at ./experiments/fewshot_modelnet_transferring_features/cfgs/LR_0.0007/ckpt-best.pth
2023-09-27 09:43:53,253 - fewshot_modelnet_transferring_features - INFO - --------------------------------------------------------------------------------------------
2023-09-27 09:43:55,740 - fewshot_modelnet_transferring_features - INFO - Save checkpoint at ./experiments/fewshot_modelnet_transferring_features/cfgs/LR_0.0007/ckpt-last.pth
2023-09-27 09:43:56,628 - fewshot_modelnet_transferring_features - INFO - [Training] EPOCH: 27 EpochTime = 0.886 (s) Losses = ['0.4299', '93.7500'] lr = 0.000646
2023-09-27 09:43:57,580 - fewshot_modelnet_transferring_features - INFO - [Validation] EPOCH: 27  acc = 90.0000
2023-09-27 09:43:59,191 - fewshot_modelnet_transferring_features - INFO - Save checkpoint at ./experiments/fewshot_modelnet_transferring_features/cfgs/LR_0.0007/ckpt-last.pth
2023-09-27 09:44:00,008 - fewshot_modelnet_transferring_features - INFO - [Training] EPOCH: 28 EpochTime = 0.815 (s) Losses = ['0.3558', '96.8750'] lr = 0.000642
2023-09-27 09:44:00,929 - fewshot_modelnet_transferring_features - INFO - [Validation] EPOCH: 28  acc = 91.0000
2023-09-27 09:44:02,442 - fewshot_modelnet_transferring_features - INFO - Save checkpoint at ./experiments/fewshot_modelnet_transferring_features/cfgs/LR_0.0007/ckpt-best.pth
2023-09-27 09:44:02,442 - fewshot_modelnet_transferring_features - INFO - --------------------------------------------------------------------------------------------
2023-09-27 09:44:04,527 - fewshot_modelnet_transferring_features - INFO - Save checkpoint at ./experiments/fewshot_modelnet_transferring_features/cfgs/LR_0.0007/ckpt-last.pth
2023-09-27 09:44:05,321 - fewshot_modelnet_transferring_features - INFO - [Training] EPOCH: 29 EpochTime = 0.792 (s) Losses = ['0.3018', '100.0000'] lr = 0.000637
2023-09-27 09:44:06,411 - fewshot_modelnet_transferring_features - INFO - [Validation] EPOCH: 29  acc = 92.0000
2023-09-27 09:44:08,050 - fewshot_modelnet_transferring_features - INFO - Save checkpoint at ./experiments/fewshot_modelnet_transferring_features/cfgs/LR_0.0007/ckpt-best.pth
2023-09-27 09:44:08,050 - fewshot_modelnet_transferring_features - INFO - --------------------------------------------------------------------------------------------
2023-09-27 09:44:10,894 - fewshot_modelnet_transferring_features - INFO - Save checkpoint at ./experiments/fewshot_modelnet_transferring_features/cfgs/LR_0.0007/ckpt-last.pth
2023-09-27 09:44:11,825 - fewshot_modelnet_transferring_features - INFO - [Training] EPOCH: 30 EpochTime = 0.929 (s) Losses = ['0.3970', '93.7500'] lr = 0.000633
2023-09-27 09:44:12,708 - fewshot_modelnet_transferring_features - INFO - [Validation] EPOCH: 30  acc = 92.0000
2023-09-27 09:44:14,217 - fewshot_modelnet_transferring_features - INFO - Save checkpoint at ./experiments/fewshot_modelnet_transferring_features/cfgs/LR_0.0007/ckpt-last.pth
2023-09-27 09:44:15,098 - fewshot_modelnet_transferring_features - INFO - [Training] EPOCH: 31 EpochTime = 0.878 (s) Losses = ['0.3144', '100.0000'] lr = 0.000629
2023-09-27 09:44:16,146 - fewshot_modelnet_transferring_features - INFO - [Validation] EPOCH: 31  acc = 92.0000
2023-09-27 09:44:17,963 - fewshot_modelnet_transferring_features - INFO - Save checkpoint at ./experiments/fewshot_modelnet_transferring_features/cfgs/LR_0.0007/ckpt-last.pth
2023-09-27 09:44:18,783 - fewshot_modelnet_transferring_features - INFO - [Training] EPOCH: 32 EpochTime = 0.817 (s) Losses = ['0.2621', '100.0000'] lr = 0.000624
2023-09-27 09:44:19,718 - fewshot_modelnet_transferring_features - INFO - [Validation] EPOCH: 32  acc = 92.0000
2023-09-27 09:44:22,556 - fewshot_modelnet_transferring_features - INFO - Save checkpoint at ./experiments/fewshot_modelnet_transferring_features/cfgs/LR_0.0007/ckpt-last.pth
2023-09-27 09:44:23,397 - fewshot_modelnet_transferring_features - INFO - [Training] EPOCH: 33 EpochTime = 0.839 (s) Losses = ['0.2071', '100.0000'] lr = 0.000620
2023-09-27 09:44:24,351 - fewshot_modelnet_transferring_features - INFO - [Validation] EPOCH: 33  acc = 92.0000
2023-09-27 09:44:25,985 - fewshot_modelnet_transferring_features - INFO - Save checkpoint at ./experiments/fewshot_modelnet_transferring_features/cfgs/LR_0.0007/ckpt-last.pth
2023-09-27 09:44:26,838 - fewshot_modelnet_transferring_features - INFO - [Training] EPOCH: 34 EpochTime = 0.851 (s) Losses = ['0.2816', '93.7500'] lr = 0.000615
2023-09-27 09:44:27,787 - fewshot_modelnet_transferring_features - INFO - [Validation] EPOCH: 34  acc = 92.0000
2023-09-27 09:44:29,985 - fewshot_modelnet_transferring_features - INFO - Save checkpoint at ./experiments/fewshot_modelnet_transferring_features/cfgs/LR_0.0007/ckpt-last.pth
2023-09-27 09:44:30,954 - fewshot_modelnet_transferring_features - INFO - [Training] EPOCH: 35 EpochTime = 0.966 (s) Losses = ['0.2943', '93.7500'] lr = 0.000610
2023-09-27 09:44:31,951 - fewshot_modelnet_transferring_features - INFO - [Validation] EPOCH: 35  acc = 92.0000
2023-09-27 09:44:35,373 - fewshot_modelnet_transferring_features - INFO - Save checkpoint at ./experiments/fewshot_modelnet_transferring_features/cfgs/LR_0.0007/ckpt-last.pth
2023-09-27 09:44:36,205 - fewshot_modelnet_transferring_features - INFO - [Training] EPOCH: 36 EpochTime = 0.830 (s) Losses = ['0.2237', '96.8750'] lr = 0.000605
2023-09-27 09:44:37,238 - fewshot_modelnet_transferring_features - INFO - [Validation] EPOCH: 36  acc = 92.0000
2023-09-27 09:44:39,284 - fewshot_modelnet_transferring_features - INFO - Save checkpoint at ./experiments/fewshot_modelnet_transferring_features/cfgs/LR_0.0007/ckpt-last.pth
2023-09-27 09:44:40,167 - fewshot_modelnet_transferring_features - INFO - [Training] EPOCH: 37 EpochTime = 0.880 (s) Losses = ['0.2314', '93.7500'] lr = 0.000600
2023-09-27 09:44:41,264 - fewshot_modelnet_transferring_features - INFO - [Validation] EPOCH: 37  acc = 92.0000
2023-09-27 09:44:43,450 - fewshot_modelnet_transferring_features - INFO - Save checkpoint at ./experiments/fewshot_modelnet_transferring_features/cfgs/LR_0.0007/ckpt-last.pth
2023-09-27 09:44:44,295 - fewshot_modelnet_transferring_features - INFO - [Training] EPOCH: 38 EpochTime = 0.843 (s) Losses = ['0.1826', '96.8750'] lr = 0.000595
2023-09-27 09:44:45,186 - fewshot_modelnet_transferring_features - INFO - [Validation] EPOCH: 38  acc = 92.0000
2023-09-27 09:44:48,353 - fewshot_modelnet_transferring_features - INFO - Save checkpoint at ./experiments/fewshot_modelnet_transferring_features/cfgs/LR_0.0007/ckpt-last.pth
2023-09-27 09:44:49,120 - fewshot_modelnet_transferring_features - INFO - [Training] EPOCH: 39 EpochTime = 0.765 (s) Losses = ['0.1899', '96.8750'] lr = 0.000590
2023-09-27 09:44:50,083 - fewshot_modelnet_transferring_features - INFO - [Validation] EPOCH: 39  acc = 92.0000
2023-09-27 09:44:52,818 - fewshot_modelnet_transferring_features - INFO - Save checkpoint at ./experiments/fewshot_modelnet_transferring_features/cfgs/LR_0.0007/ckpt-last.pth
2023-09-27 09:44:53,673 - fewshot_modelnet_transferring_features - INFO - [Training] EPOCH: 40 EpochTime = 0.853 (s) Losses = ['0.2355', '93.7500'] lr = 0.000584
2023-09-27 09:44:54,610 - fewshot_modelnet_transferring_features - INFO - [Validation] EPOCH: 40  acc = 92.0000
2023-09-27 09:44:56,267 - fewshot_modelnet_transferring_features - INFO - Save checkpoint at ./experiments/fewshot_modelnet_transferring_features/cfgs/LR_0.0007/ckpt-last.pth
2023-09-27 09:44:57,063 - fewshot_modelnet_transferring_features - INFO - [Training] EPOCH: 41 EpochTime = 0.794 (s) Losses = ['0.1652', '100.0000'] lr = 0.000579
2023-09-27 09:44:58,073 - fewshot_modelnet_transferring_features - INFO - [Validation] EPOCH: 41  acc = 92.0000
2023-09-27 09:45:00,414 - fewshot_modelnet_transferring_features - INFO - Save checkpoint at ./experiments/fewshot_modelnet_transferring_features/cfgs/LR_0.0007/ckpt-last.pth
2023-09-27 09:45:01,332 - fewshot_modelnet_transferring_features - INFO - [Training] EPOCH: 42 EpochTime = 0.914 (s) Losses = ['0.2113', '100.0000'] lr = 0.000573
2023-09-27 09:45:02,262 - fewshot_modelnet_transferring_features - INFO - [Validation] EPOCH: 42  acc = 92.0000
2023-09-27 09:45:05,096 - fewshot_modelnet_transferring_features - INFO - Save checkpoint at ./experiments/fewshot_modelnet_transferring_features/cfgs/LR_0.0007/ckpt-last.pth
2023-09-27 09:45:06,072 - fewshot_modelnet_transferring_features - INFO - [Training] EPOCH: 43 EpochTime = 0.973 (s) Losses = ['0.1629', '96.8750'] lr = 0.000568
2023-09-27 09:45:07,432 - fewshot_modelnet_transferring_features - INFO - [Validation] EPOCH: 43  acc = 92.0000
2023-09-27 09:45:09,592 - fewshot_modelnet_transferring_features - INFO - Save checkpoint at ./experiments/fewshot_modelnet_transferring_features/cfgs/LR_0.0007/ckpt-last.pth
2023-09-27 09:45:10,478 - fewshot_modelnet_transferring_features - INFO - [Training] EPOCH: 44 EpochTime = 0.882 (s) Losses = ['0.1452', '96.8750'] lr = 0.000562
2023-09-27 09:45:11,467 - fewshot_modelnet_transferring_features - INFO - [Validation] EPOCH: 44  acc = 92.0000
2023-09-27 09:45:13,173 - fewshot_modelnet_transferring_features - INFO - Save checkpoint at ./experiments/fewshot_modelnet_transferring_features/cfgs/LR_0.0007/ckpt-last.pth
2023-09-27 09:45:14,151 - fewshot_modelnet_transferring_features - INFO - [Training] EPOCH: 45 EpochTime = 0.974 (s) Losses = ['0.1629', '100.0000'] lr = 0.000556
2023-09-27 09:45:15,138 - fewshot_modelnet_transferring_features - INFO - [Validation] EPOCH: 45  acc = 92.0000
2023-09-27 09:45:17,749 - fewshot_modelnet_transferring_features - INFO - Save checkpoint at ./experiments/fewshot_modelnet_transferring_features/cfgs/LR_0.0007/ckpt-last.pth
2023-09-27 09:45:18,582 - fewshot_modelnet_transferring_features - INFO - [Training] EPOCH: 46 EpochTime = 0.830 (s) Losses = ['0.2294', '93.7500'] lr = 0.000550
2023-09-27 09:45:19,503 - fewshot_modelnet_transferring_features - INFO - [Validation] EPOCH: 46  acc = 92.0000
2023-09-27 09:45:21,080 - fewshot_modelnet_transferring_features - INFO - Save checkpoint at ./experiments/fewshot_modelnet_transferring_features/cfgs/LR_0.0007/ckpt-last.pth
2023-09-27 09:45:21,930 - fewshot_modelnet_transferring_features - INFO - [Training] EPOCH: 47 EpochTime = 0.848 (s) Losses = ['0.1537', '100.0000'] lr = 0.000544
2023-09-27 09:45:22,881 - fewshot_modelnet_transferring_features - INFO - [Validation] EPOCH: 47  acc = 92.0000
2023-09-27 09:45:24,456 - fewshot_modelnet_transferring_features - INFO - Save checkpoint at ./experiments/fewshot_modelnet_transferring_features/cfgs/LR_0.0007/ckpt-last.pth
2023-09-27 09:45:25,340 - fewshot_modelnet_transferring_features - INFO - [Training] EPOCH: 48 EpochTime = 0.882 (s) Losses = ['0.1474', '96.8750'] lr = 0.000538
2023-09-27 09:45:26,300 - fewshot_modelnet_transferring_features - INFO - [Validation] EPOCH: 48  acc = 93.0000
2023-09-27 09:45:27,863 - fewshot_modelnet_transferring_features - INFO - Save checkpoint at ./experiments/fewshot_modelnet_transferring_features/cfgs/LR_0.0007/ckpt-best.pth
2023-09-27 09:45:27,864 - fewshot_modelnet_transferring_features - INFO - --------------------------------------------------------------------------------------------
2023-09-27 09:45:29,496 - fewshot_modelnet_transferring_features - INFO - Save checkpoint at ./experiments/fewshot_modelnet_transferring_features/cfgs/LR_0.0007/ckpt-last.pth
2023-09-27 09:45:30,395 - fewshot_modelnet_transferring_features - INFO - [Training] EPOCH: 49 EpochTime = 0.896 (s) Losses = ['0.1061', '100.0000'] lr = 0.000532
2023-09-27 09:45:31,520 - fewshot_modelnet_transferring_features - INFO - [Validation] EPOCH: 49  acc = 93.0000
2023-09-27 09:45:33,954 - fewshot_modelnet_transferring_features - INFO - Save checkpoint at ./experiments/fewshot_modelnet_transferring_features/cfgs/LR_0.0007/ckpt-last.pth
2023-09-27 09:45:34,801 - fewshot_modelnet_transferring_features - INFO - [Training] EPOCH: 50 EpochTime = 0.845 (s) Losses = ['0.0932', '100.0000'] lr = 0.000525
2023-09-27 09:45:35,957 - fewshot_modelnet_transferring_features - INFO - [Validation] EPOCH: 50  acc = 93.0000
2023-09-27 09:45:38,585 - fewshot_modelnet_transferring_features - INFO - Save checkpoint at ./experiments/fewshot_modelnet_transferring_features/cfgs/LR_0.0007/ckpt-last.pth
2023-09-27 09:45:39,623 - fewshot_modelnet_transferring_features - INFO - [Training] EPOCH: 51 EpochTime = 1.035 (s) Losses = ['0.0973', '100.0000'] lr = 0.000519
2023-09-27 09:45:40,611 - fewshot_modelnet_transferring_features - INFO - [Validation] EPOCH: 51  acc = 93.0000
2023-09-27 09:45:42,159 - fewshot_modelnet_transferring_features - INFO - Save checkpoint at ./experiments/fewshot_modelnet_transferring_features/cfgs/LR_0.0007/ckpt-last.pth
2023-09-27 09:45:43,028 - fewshot_modelnet_transferring_features - INFO - [Training] EPOCH: 52 EpochTime = 0.866 (s) Losses = ['0.0879', '100.0000'] lr = 0.000512
2023-09-27 09:45:44,243 - fewshot_modelnet_transferring_features - INFO - [Validation] EPOCH: 52  acc = 93.0000
2023-09-27 09:45:46,119 - fewshot_modelnet_transferring_features - INFO - Save checkpoint at ./experiments/fewshot_modelnet_transferring_features/cfgs/LR_0.0007/ckpt-last.pth
2023-09-27 09:45:47,017 - fewshot_modelnet_transferring_features - INFO - [Training] EPOCH: 53 EpochTime = 0.896 (s) Losses = ['0.1291', '100.0000'] lr = 0.000506
2023-09-27 09:45:48,121 - fewshot_modelnet_transferring_features - INFO - [Validation] EPOCH: 53  acc = 93.0000
2023-09-27 09:45:50,587 - fewshot_modelnet_transferring_features - INFO - Save checkpoint at ./experiments/fewshot_modelnet_transferring_features/cfgs/LR_0.0007/ckpt-last.pth
2023-09-27 09:45:51,510 - fewshot_modelnet_transferring_features - INFO - [Training] EPOCH: 54 EpochTime = 0.921 (s) Losses = ['0.0907', '100.0000'] lr = 0.000499
2023-09-27 09:45:52,561 - fewshot_modelnet_transferring_features - INFO - [Validation] EPOCH: 54  acc = 93.0000
2023-09-27 09:45:54,229 - fewshot_modelnet_transferring_features - INFO - Save checkpoint at ./experiments/fewshot_modelnet_transferring_features/cfgs/LR_0.0007/ckpt-last.pth
2023-09-27 09:45:55,116 - fewshot_modelnet_transferring_features - INFO - [Training] EPOCH: 55 EpochTime = 0.885 (s) Losses = ['0.0720', '100.0000'] lr = 0.000493
2023-09-27 09:45:56,206 - fewshot_modelnet_transferring_features - INFO - [Validation] EPOCH: 55  acc = 93.0000
2023-09-27 09:45:58,314 - fewshot_modelnet_transferring_features - INFO - Save checkpoint at ./experiments/fewshot_modelnet_transferring_features/cfgs/LR_0.0007/ckpt-last.pth
2023-09-27 09:45:59,236 - fewshot_modelnet_transferring_features - INFO - [Training] EPOCH: 56 EpochTime = 0.920 (s) Losses = ['0.1178', '100.0000'] lr = 0.000486
2023-09-27 09:46:00,591 - fewshot_modelnet_transferring_features - INFO - [Validation] EPOCH: 56  acc = 93.0000
2023-09-27 09:46:02,709 - fewshot_modelnet_transferring_features - INFO - Save checkpoint at ./experiments/fewshot_modelnet_transferring_features/cfgs/LR_0.0007/ckpt-last.pth
2023-09-27 09:46:03,546 - fewshot_modelnet_transferring_features - INFO - [Training] EPOCH: 57 EpochTime = 0.833 (s) Losses = ['0.0892', '100.0000'] lr = 0.000479
2023-09-27 09:46:04,638 - fewshot_modelnet_transferring_features - INFO - [Validation] EPOCH: 57  acc = 93.0000
2023-09-27 09:46:07,636 - fewshot_modelnet_transferring_features - INFO - Save checkpoint at ./experiments/fewshot_modelnet_transferring_features/cfgs/LR_0.0007/ckpt-last.pth
2023-09-27 09:46:08,516 - fewshot_modelnet_transferring_features - INFO - [Training] EPOCH: 58 EpochTime = 0.878 (s) Losses = ['0.0917', '100.0000'] lr = 0.000472
2023-09-27 09:46:09,716 - fewshot_modelnet_transferring_features - INFO - [Validation] EPOCH: 58  acc = 93.0000
2023-09-27 09:46:11,860 - fewshot_modelnet_transferring_features - INFO - Save checkpoint at ./experiments/fewshot_modelnet_transferring_features/cfgs/LR_0.0007/ckpt-last.pth
2023-09-27 09:46:12,745 - fewshot_modelnet_transferring_features - INFO - [Training] EPOCH: 59 EpochTime = 0.881 (s) Losses = ['0.0871', '100.0000'] lr = 0.000465
2023-09-27 09:46:13,702 - fewshot_modelnet_transferring_features - INFO - [Validation] EPOCH: 59  acc = 93.0000
2023-09-27 09:46:15,709 - fewshot_modelnet_transferring_features - INFO - Save checkpoint at ./experiments/fewshot_modelnet_transferring_features/cfgs/LR_0.0007/ckpt-last.pth
2023-09-27 09:46:16,716 - fewshot_modelnet_transferring_features - INFO - [Training] EPOCH: 60 EpochTime = 0.944 (s) Losses = ['0.0817', '100.0000'] lr = 0.000459
2023-09-27 09:46:17,618 - fewshot_modelnet_transferring_features - INFO - [Validation] EPOCH: 60  acc = 94.0000
2023-09-27 09:46:19,472 - fewshot_modelnet_transferring_features - INFO - Save checkpoint at ./experiments/fewshot_modelnet_transferring_features/cfgs/LR_0.0007/ckpt-best.pth
2023-09-27 09:46:19,473 - fewshot_modelnet_transferring_features - INFO - --------------------------------------------------------------------------------------------
2023-09-27 09:46:21,755 - fewshot_modelnet_transferring_features - INFO - Save checkpoint at ./experiments/fewshot_modelnet_transferring_features/cfgs/LR_0.0007/ckpt-last.pth
2023-09-27 09:46:22,593 - fewshot_modelnet_transferring_features - INFO - [Training] EPOCH: 61 EpochTime = 0.836 (s) Losses = ['0.1099', '100.0000'] lr = 0.000452
2023-09-27 09:46:23,624 - fewshot_modelnet_transferring_features - INFO - [Validation] EPOCH: 61  acc = 94.0000
2023-09-27 09:46:25,328 - fewshot_modelnet_transferring_features - INFO - Save checkpoint at ./experiments/fewshot_modelnet_transferring_features/cfgs/LR_0.0007/ckpt-last.pth
2023-09-27 09:46:26,192 - fewshot_modelnet_transferring_features - INFO - [Training] EPOCH: 62 EpochTime = 0.862 (s) Losses = ['0.0876', '100.0000'] lr = 0.000444
2023-09-27 09:46:27,399 - fewshot_modelnet_transferring_features - INFO - [Validation] EPOCH: 62  acc = 93.0000
2023-09-27 09:46:29,633 - fewshot_modelnet_transferring_features - INFO - Save checkpoint at ./experiments/fewshot_modelnet_transferring_features/cfgs/LR_0.0007/ckpt-last.pth
2023-09-27 09:46:30,700 - fewshot_modelnet_transferring_features - INFO - [Training] EPOCH: 63 EpochTime = 1.064 (s) Losses = ['0.0743', '100.0000'] lr = 0.000437
2023-09-27 09:46:31,857 - fewshot_modelnet_transferring_features - INFO - [Validation] EPOCH: 63  acc = 94.0000
2023-09-27 09:46:33,924 - fewshot_modelnet_transferring_features - INFO - Save checkpoint at ./experiments/fewshot_modelnet_transferring_features/cfgs/LR_0.0007/ckpt-last.pth
2023-09-27 09:46:34,877 - fewshot_modelnet_transferring_features - INFO - [Training] EPOCH: 64 EpochTime = 0.951 (s) Losses = ['0.0586', '100.0000'] lr = 0.000430
2023-09-27 09:46:35,995 - fewshot_modelnet_transferring_features - INFO - [Validation] EPOCH: 64  acc = 94.0000
2023-09-27 09:46:38,226 - fewshot_modelnet_transferring_features - INFO - Save checkpoint at ./experiments/fewshot_modelnet_transferring_features/cfgs/LR_0.0007/ckpt-last.pth
2023-09-27 09:46:39,224 - fewshot_modelnet_transferring_features - INFO - [Training] EPOCH: 65 EpochTime = 0.996 (s) Losses = ['0.0738', '100.0000'] lr = 0.000423
2023-09-27 09:46:40,635 - fewshot_modelnet_transferring_features - INFO - [Validation] EPOCH: 65  acc = 93.0000
2023-09-27 09:46:42,766 - fewshot_modelnet_transferring_features - INFO - Save checkpoint at ./experiments/fewshot_modelnet_transferring_features/cfgs/LR_0.0007/ckpt-last.pth
2023-09-27 09:46:43,631 - fewshot_modelnet_transferring_features - INFO - [Training] EPOCH: 66 EpochTime = 0.862 (s) Losses = ['0.0818', '100.0000'] lr = 0.000416
2023-09-27 09:46:44,528 - fewshot_modelnet_transferring_features - INFO - [Validation] EPOCH: 66  acc = 93.0000
2023-09-27 09:46:46,092 - fewshot_modelnet_transferring_features - INFO - Save checkpoint at ./experiments/fewshot_modelnet_transferring_features/cfgs/LR_0.0007/ckpt-last.pth
2023-09-27 09:46:46,851 - fewshot_modelnet_transferring_features - INFO - [Training] EPOCH: 67 EpochTime = 0.756 (s) Losses = ['0.0523', '100.0000'] lr = 0.000409
2023-09-27 09:46:48,096 - fewshot_modelnet_transferring_features - INFO - [Validation] EPOCH: 67  acc = 93.0000
2023-09-27 09:46:50,217 - fewshot_modelnet_transferring_features - INFO - Save checkpoint at ./experiments/fewshot_modelnet_transferring_features/cfgs/LR_0.0007/ckpt-last.pth
2023-09-27 09:46:51,025 - fewshot_modelnet_transferring_features - INFO - [Training] EPOCH: 68 EpochTime = 0.805 (s) Losses = ['0.0818', '100.0000'] lr = 0.000402
2023-09-27 09:46:52,101 - fewshot_modelnet_transferring_features - INFO - [Validation] EPOCH: 68  acc = 93.0000
2023-09-27 09:46:54,162 - fewshot_modelnet_transferring_features - INFO - Save checkpoint at ./experiments/fewshot_modelnet_transferring_features/cfgs/LR_0.0007/ckpt-last.pth
2023-09-27 09:46:55,096 - fewshot_modelnet_transferring_features - INFO - [Training] EPOCH: 69 EpochTime = 0.932 (s) Losses = ['0.0662', '100.0000'] lr = 0.000394
2023-09-27 09:46:56,085 - fewshot_modelnet_transferring_features - INFO - [Validation] EPOCH: 69  acc = 93.0000
2023-09-27 09:46:58,365 - fewshot_modelnet_transferring_features - INFO - Save checkpoint at ./experiments/fewshot_modelnet_transferring_features/cfgs/LR_0.0007/ckpt-last.pth
2023-09-27 09:46:59,191 - fewshot_modelnet_transferring_features - INFO - [Training] EPOCH: 70 EpochTime = 0.825 (s) Losses = ['0.0598', '100.0000'] lr = 0.000387
2023-09-27 09:47:00,296 - fewshot_modelnet_transferring_features - INFO - [Validation] EPOCH: 70  acc = 93.0000
2023-09-27 09:47:02,574 - fewshot_modelnet_transferring_features - INFO - Save checkpoint at ./experiments/fewshot_modelnet_transferring_features/cfgs/LR_0.0007/ckpt-last.pth
2023-09-27 09:47:03,396 - fewshot_modelnet_transferring_features - INFO - [Training] EPOCH: 71 EpochTime = 0.820 (s) Losses = ['0.0560', '100.0000'] lr = 0.000380
2023-09-27 09:47:04,546 - fewshot_modelnet_transferring_features - INFO - [Validation] EPOCH: 71  acc = 93.0000
2023-09-27 09:47:06,478 - fewshot_modelnet_transferring_features - INFO - Save checkpoint at ./experiments/fewshot_modelnet_transferring_features/cfgs/LR_0.0007/ckpt-last.pth
2023-09-27 09:47:07,348 - fewshot_modelnet_transferring_features - INFO - [Training] EPOCH: 72 EpochTime = 0.869 (s) Losses = ['0.0530', '100.0000'] lr = 0.000372
2023-09-27 09:47:08,401 - fewshot_modelnet_transferring_features - INFO - [Validation] EPOCH: 72  acc = 93.0000
2023-09-27 09:47:09,971 - fewshot_modelnet_transferring_features - INFO - Save checkpoint at ./experiments/fewshot_modelnet_transferring_features/cfgs/LR_0.0007/ckpt-last.pth
2023-09-27 09:47:10,733 - fewshot_modelnet_transferring_features - INFO - [Training] EPOCH: 73 EpochTime = 0.760 (s) Losses = ['0.0617', '100.0000'] lr = 0.000365
2023-09-27 09:47:11,730 - fewshot_modelnet_transferring_features - INFO - [Validation] EPOCH: 73  acc = 93.0000
2023-09-27 09:47:14,041 - fewshot_modelnet_transferring_features - INFO - Save checkpoint at ./experiments/fewshot_modelnet_transferring_features/cfgs/LR_0.0007/ckpt-last.pth
2023-09-27 09:47:14,966 - fewshot_modelnet_transferring_features - INFO - [Training] EPOCH: 74 EpochTime = 0.923 (s) Losses = ['0.0853', '100.0000'] lr = 0.000358
2023-09-27 09:47:16,093 - fewshot_modelnet_transferring_features - INFO - [Validation] EPOCH: 74  acc = 93.0000
2023-09-27 09:47:17,806 - fewshot_modelnet_transferring_features - INFO - Save checkpoint at ./experiments/fewshot_modelnet_transferring_features/cfgs/LR_0.0007/ckpt-last.pth
2023-09-27 09:47:18,771 - fewshot_modelnet_transferring_features - INFO - [Training] EPOCH: 75 EpochTime = 0.963 (s) Losses = ['0.0549', '100.0000'] lr = 0.000351
2023-09-27 09:47:19,766 - fewshot_modelnet_transferring_features - INFO - [Validation] EPOCH: 75  acc = 93.0000
2023-09-27 09:47:21,524 - fewshot_modelnet_transferring_features - INFO - Save checkpoint at ./experiments/fewshot_modelnet_transferring_features/cfgs/LR_0.0007/ckpt-last.pth
2023-09-27 09:47:22,384 - fewshot_modelnet_transferring_features - INFO - [Training] EPOCH: 76 EpochTime = 0.858 (s) Losses = ['0.0519', '100.0000'] lr = 0.000343
2023-09-27 09:47:23,843 - fewshot_modelnet_transferring_features - INFO - [Validation] EPOCH: 76  acc = 93.0000
2023-09-27 09:47:25,607 - fewshot_modelnet_transferring_features - INFO - Save checkpoint at ./experiments/fewshot_modelnet_transferring_features/cfgs/LR_0.0007/ckpt-last.pth
2023-09-27 09:47:26,541 - fewshot_modelnet_transferring_features - INFO - [Training] EPOCH: 77 EpochTime = 0.931 (s) Losses = ['0.0878', '100.0000'] lr = 0.000336
2023-09-27 09:47:27,780 - fewshot_modelnet_transferring_features - INFO - [Validation] EPOCH: 77  acc = 93.0000
2023-09-27 09:47:30,019 - fewshot_modelnet_transferring_features - INFO - Save checkpoint at ./experiments/fewshot_modelnet_transferring_features/cfgs/LR_0.0007/ckpt-last.pth
2023-09-27 09:47:30,873 - fewshot_modelnet_transferring_features - INFO - [Training] EPOCH: 78 EpochTime = 0.852 (s) Losses = ['0.0623', '100.0000'] lr = 0.000329
2023-09-27 09:47:31,869 - fewshot_modelnet_transferring_features - INFO - [Validation] EPOCH: 78  acc = 93.0000
2023-09-27 09:47:34,578 - fewshot_modelnet_transferring_features - INFO - Save checkpoint at ./experiments/fewshot_modelnet_transferring_features/cfgs/LR_0.0007/ckpt-last.pth
2023-09-27 09:47:35,660 - fewshot_modelnet_transferring_features - INFO - [Training] EPOCH: 79 EpochTime = 1.080 (s) Losses = ['0.0434', '100.0000'] lr = 0.000321
2023-09-27 09:47:36,681 - fewshot_modelnet_transferring_features - INFO - [Validation] EPOCH: 79  acc = 93.0000
2023-09-27 09:47:38,422 - fewshot_modelnet_transferring_features - INFO - Save checkpoint at ./experiments/fewshot_modelnet_transferring_features/cfgs/LR_0.0007/ckpt-last.pth
2023-09-27 09:47:39,525 - fewshot_modelnet_transferring_features - INFO - [Training] EPOCH: 80 EpochTime = 1.100 (s) Losses = ['0.0612', '100.0000'] lr = 0.000314
2023-09-27 09:47:40,613 - fewshot_modelnet_transferring_features - INFO - [Validation] EPOCH: 80  acc = 93.0000
2023-09-27 09:47:42,231 - fewshot_modelnet_transferring_features - INFO - Save checkpoint at ./experiments/fewshot_modelnet_transferring_features/cfgs/LR_0.0007/ckpt-last.pth
2023-09-27 09:47:43,092 - fewshot_modelnet_transferring_features - INFO - [Training] EPOCH: 81 EpochTime = 0.859 (s) Losses = ['0.0592', '100.0000'] lr = 0.000307
2023-09-27 09:47:44,225 - fewshot_modelnet_transferring_features - INFO - [Validation] EPOCH: 81  acc = 93.0000
2023-09-27 09:47:46,415 - fewshot_modelnet_transferring_features - INFO - Save checkpoint at ./experiments/fewshot_modelnet_transferring_features/cfgs/LR_0.0007/ckpt-last.pth
2023-09-27 09:47:47,224 - fewshot_modelnet_transferring_features - INFO - [Training] EPOCH: 82 EpochTime = 0.807 (s) Losses = ['0.0475', '100.0000'] lr = 0.000299
2023-09-27 09:47:48,138 - fewshot_modelnet_transferring_features - INFO - [Validation] EPOCH: 82  acc = 93.0000
2023-09-27 09:47:50,252 - fewshot_modelnet_transferring_features - INFO - Save checkpoint at ./experiments/fewshot_modelnet_transferring_features/cfgs/LR_0.0007/ckpt-last.pth
2023-09-27 09:47:51,198 - fewshot_modelnet_transferring_features - INFO - [Training] EPOCH: 83 EpochTime = 0.944 (s) Losses = ['0.0564', '100.0000'] lr = 0.000292
2023-09-27 09:47:52,395 - fewshot_modelnet_transferring_features - INFO - [Validation] EPOCH: 83  acc = 93.0000
2023-09-27 09:47:54,615 - fewshot_modelnet_transferring_features - INFO - Save checkpoint at ./experiments/fewshot_modelnet_transferring_features/cfgs/LR_0.0007/ckpt-last.pth
2023-09-27 09:47:55,788 - fewshot_modelnet_transferring_features - INFO - [Training] EPOCH: 84 EpochTime = 1.170 (s) Losses = ['0.0449', '100.0000'] lr = 0.000285
2023-09-27 09:47:56,753 - fewshot_modelnet_transferring_features - INFO - [Validation] EPOCH: 84  acc = 93.0000
2023-09-27 09:47:58,466 - fewshot_modelnet_transferring_features - INFO - Save checkpoint at ./experiments/fewshot_modelnet_transferring_features/cfgs/LR_0.0007/ckpt-last.pth
2023-09-27 09:47:59,493 - fewshot_modelnet_transferring_features - INFO - [Training] EPOCH: 85 EpochTime = 1.024 (s) Losses = ['0.0704', '100.0000'] lr = 0.000278
2023-09-27 09:48:00,573 - fewshot_modelnet_transferring_features - INFO - [Validation] EPOCH: 85  acc = 94.0000
2023-09-27 09:48:02,302 - fewshot_modelnet_transferring_features - INFO - Save checkpoint at ./experiments/fewshot_modelnet_transferring_features/cfgs/LR_0.0007/ckpt-last.pth
2023-09-27 09:48:03,115 - fewshot_modelnet_transferring_features - INFO - [Training] EPOCH: 86 EpochTime = 0.811 (s) Losses = ['0.0552', '100.0000'] lr = 0.000271
2023-09-27 09:48:04,103 - fewshot_modelnet_transferring_features - INFO - [Validation] EPOCH: 86  acc = 94.0000
2023-09-27 09:48:06,371 - fewshot_modelnet_transferring_features - INFO - Save checkpoint at ./experiments/fewshot_modelnet_transferring_features/cfgs/LR_0.0007/ckpt-last.pth
2023-09-27 09:48:07,349 - fewshot_modelnet_transferring_features - INFO - [Training] EPOCH: 87 EpochTime = 0.975 (s) Losses = ['0.0821', '100.0000'] lr = 0.000264
2023-09-27 09:48:08,331 - fewshot_modelnet_transferring_features - INFO - [Validation] EPOCH: 87  acc = 93.0000
2023-09-27 09:48:10,506 - fewshot_modelnet_transferring_features - INFO - Save checkpoint at ./experiments/fewshot_modelnet_transferring_features/cfgs/LR_0.0007/ckpt-last.pth
2023-09-27 09:48:11,353 - fewshot_modelnet_transferring_features - INFO - [Training] EPOCH: 88 EpochTime = 0.846 (s) Losses = ['0.0534', '100.0000'] lr = 0.000257
2023-09-27 09:48:12,404 - fewshot_modelnet_transferring_features - INFO - [Validation] EPOCH: 88  acc = 94.0000
2023-09-27 09:48:14,429 - fewshot_modelnet_transferring_features - INFO - Save checkpoint at ./experiments/fewshot_modelnet_transferring_features/cfgs/LR_0.0007/ckpt-last.pth
2023-09-27 09:48:15,672 - fewshot_modelnet_transferring_features - INFO - [Training] EPOCH: 89 EpochTime = 1.240 (s) Losses = ['0.0594', '100.0000'] lr = 0.000249
2023-09-27 09:48:16,700 - fewshot_modelnet_transferring_features - INFO - [Validation] EPOCH: 89  acc = 94.0000
2023-09-27 09:48:18,475 - fewshot_modelnet_transferring_features - INFO - Save checkpoint at ./experiments/fewshot_modelnet_transferring_features/cfgs/LR_0.0007/ckpt-last.pth
2023-09-27 09:48:19,264 - fewshot_modelnet_transferring_features - INFO - [Training] EPOCH: 90 EpochTime = 0.787 (s) Losses = ['0.0437', '100.0000'] lr = 0.000242
2023-09-27 09:48:20,198 - fewshot_modelnet_transferring_features - INFO - [Validation] EPOCH: 90  acc = 94.0000
2023-09-27 09:48:21,795 - fewshot_modelnet_transferring_features - INFO - Save checkpoint at ./experiments/fewshot_modelnet_transferring_features/cfgs/LR_0.0007/ckpt-last.pth
2023-09-27 09:48:22,709 - fewshot_modelnet_transferring_features - INFO - [Training] EPOCH: 91 EpochTime = 0.910 (s) Losses = ['0.0645', '100.0000'] lr = 0.000236
2023-09-27 09:48:23,846 - fewshot_modelnet_transferring_features - INFO - [Validation] EPOCH: 91  acc = 94.0000
2023-09-27 09:48:26,662 - fewshot_modelnet_transferring_features - INFO - Save checkpoint at ./experiments/fewshot_modelnet_transferring_features/cfgs/LR_0.0007/ckpt-last.pth
2023-09-27 09:48:27,629 - fewshot_modelnet_transferring_features - INFO - [Training] EPOCH: 92 EpochTime = 0.965 (s) Losses = ['0.0553', '100.0000'] lr = 0.000229
2023-09-27 09:48:28,635 - fewshot_modelnet_transferring_features - INFO - [Validation] EPOCH: 92  acc = 94.0000
2023-09-27 09:48:30,407 - fewshot_modelnet_transferring_features - INFO - Save checkpoint at ./experiments/fewshot_modelnet_transferring_features/cfgs/LR_0.0007/ckpt-last.pth
2023-09-27 09:48:31,260 - fewshot_modelnet_transferring_features - INFO - [Training] EPOCH: 93 EpochTime = 0.849 (s) Losses = ['0.0676', '100.0000'] lr = 0.000222
2023-09-27 09:48:32,356 - fewshot_modelnet_transferring_features - INFO - [Validation] EPOCH: 93  acc = 94.0000
2023-09-27 09:48:34,636 - fewshot_modelnet_transferring_features - INFO - Save checkpoint at ./experiments/fewshot_modelnet_transferring_features/cfgs/LR_0.0007/ckpt-last.pth
2023-09-27 09:48:35,469 - fewshot_modelnet_transferring_features - INFO - [Training] EPOCH: 94 EpochTime = 0.829 (s) Losses = ['0.0564', '100.0000'] lr = 0.000215
2023-09-27 09:48:36,384 - fewshot_modelnet_transferring_features - INFO - [Validation] EPOCH: 94  acc = 94.0000
2023-09-27 09:48:38,100 - fewshot_modelnet_transferring_features - INFO - Save checkpoint at ./experiments/fewshot_modelnet_transferring_features/cfgs/LR_0.0007/ckpt-last.pth
2023-09-27 09:48:39,060 - fewshot_modelnet_transferring_features - INFO - [Training] EPOCH: 95 EpochTime = 0.958 (s) Losses = ['0.0894', '100.0000'] lr = 0.000208
2023-09-27 09:48:40,073 - fewshot_modelnet_transferring_features - INFO - [Validation] EPOCH: 95  acc = 94.0000
2023-09-27 09:48:41,658 - fewshot_modelnet_transferring_features - INFO - Save checkpoint at ./experiments/fewshot_modelnet_transferring_features/cfgs/LR_0.0007/ckpt-last.pth
2023-09-27 09:48:42,459 - fewshot_modelnet_transferring_features - INFO - [Training] EPOCH: 96 EpochTime = 0.798 (s) Losses = ['0.0432', '100.0000'] lr = 0.000202
2023-09-27 09:48:43,432 - fewshot_modelnet_transferring_features - INFO - [Validation] EPOCH: 96  acc = 94.0000
2023-09-27 09:48:45,697 - fewshot_modelnet_transferring_features - INFO - Save checkpoint at ./experiments/fewshot_modelnet_transferring_features/cfgs/LR_0.0007/ckpt-last.pth
2023-09-27 09:48:46,654 - fewshot_modelnet_transferring_features - INFO - [Training] EPOCH: 97 EpochTime = 0.955 (s) Losses = ['0.0749', '100.0000'] lr = 0.000195
2023-09-27 09:48:47,601 - fewshot_modelnet_transferring_features - INFO - [Validation] EPOCH: 97  acc = 94.0000
2023-09-27 09:48:49,182 - fewshot_modelnet_transferring_features - INFO - Save checkpoint at ./experiments/fewshot_modelnet_transferring_features/cfgs/LR_0.0007/ckpt-last.pth
2023-09-27 09:48:49,928 - fewshot_modelnet_transferring_features - INFO - [Training] EPOCH: 98 EpochTime = 0.744 (s) Losses = ['0.0568', '100.0000'] lr = 0.000189
2023-09-27 09:48:51,008 - fewshot_modelnet_transferring_features - INFO - [Validation] EPOCH: 98  acc = 94.0000
2023-09-27 09:48:52,898 - fewshot_modelnet_transferring_features - INFO - Save checkpoint at ./experiments/fewshot_modelnet_transferring_features/cfgs/LR_0.0007/ckpt-last.pth
2023-09-27 09:48:53,855 - fewshot_modelnet_transferring_features - INFO - [Training] EPOCH: 99 EpochTime = 0.819 (s) Losses = ['0.0398', '100.0000'] lr = 0.000182
2023-09-27 09:48:54,784 - fewshot_modelnet_transferring_features - INFO - [Validation] EPOCH: 99  acc = 94.0000
2023-09-27 09:48:56,475 - fewshot_modelnet_transferring_features - INFO - Save checkpoint at ./experiments/fewshot_modelnet_transferring_features/cfgs/LR_0.0007/ckpt-last.pth
2023-09-27 09:48:57,286 - fewshot_modelnet_transferring_features - INFO - [Training] EPOCH: 100 EpochTime = 0.807 (s) Losses = ['0.0516', '100.0000'] lr = 0.000176
2023-09-27 09:48:58,257 - fewshot_modelnet_transferring_features - INFO - [Validation] EPOCH: 100  acc = 94.0000
2023-09-27 09:49:00,366 - fewshot_modelnet_transferring_features - INFO - Save checkpoint at ./experiments/fewshot_modelnet_transferring_features/cfgs/LR_0.0007/ckpt-last.pth
2023-09-27 09:49:01,246 - fewshot_modelnet_transferring_features - INFO - [Training] EPOCH: 101 EpochTime = 0.878 (s) Losses = ['0.0428', '100.0000'] lr = 0.000169
2023-09-27 09:49:02,298 - fewshot_modelnet_transferring_features - INFO - [Validation] EPOCH: 101  acc = 93.0000
2023-09-27 09:49:04,464 - fewshot_modelnet_transferring_features - INFO - Save checkpoint at ./experiments/fewshot_modelnet_transferring_features/cfgs/LR_0.0007/ckpt-last.pth
2023-09-27 09:49:05,438 - fewshot_modelnet_transferring_features - INFO - [Training] EPOCH: 102 EpochTime = 0.971 (s) Losses = ['0.0490', '100.0000'] lr = 0.000163
2023-09-27 09:49:06,570 - fewshot_modelnet_transferring_features - INFO - [Validation] EPOCH: 102  acc = 94.0000
2023-09-27 09:49:08,364 - fewshot_modelnet_transferring_features - INFO - Save checkpoint at ./experiments/fewshot_modelnet_transferring_features/cfgs/LR_0.0007/ckpt-last.pth
2023-09-27 09:49:09,205 - fewshot_modelnet_transferring_features - INFO - [Training] EPOCH: 103 EpochTime = 0.839 (s) Losses = ['0.0453', '100.0000'] lr = 0.000157
2023-09-27 09:49:10,166 - fewshot_modelnet_transferring_features - INFO - [Validation] EPOCH: 103  acc = 94.0000
2023-09-27 09:49:11,663 - fewshot_modelnet_transferring_features - INFO - Save checkpoint at ./experiments/fewshot_modelnet_transferring_features/cfgs/LR_0.0007/ckpt-last.pth
2023-09-27 09:49:12,601 - fewshot_modelnet_transferring_features - INFO - [Training] EPOCH: 104 EpochTime = 0.936 (s) Losses = ['0.0448', '100.0000'] lr = 0.000151
2023-09-27 09:49:13,703 - fewshot_modelnet_transferring_features - INFO - [Validation] EPOCH: 104  acc = 94.0000
2023-09-27 09:49:15,399 - fewshot_modelnet_transferring_features - INFO - Save checkpoint at ./experiments/fewshot_modelnet_transferring_features/cfgs/LR_0.0007/ckpt-last.pth
2023-09-27 09:49:16,418 - fewshot_modelnet_transferring_features - INFO - [Training] EPOCH: 105 EpochTime = 1.015 (s) Losses = ['0.0392', '100.0000'] lr = 0.000145
2023-09-27 09:49:17,419 - fewshot_modelnet_transferring_features - INFO - [Validation] EPOCH: 105  acc = 94.0000
2023-09-27 09:49:19,106 - fewshot_modelnet_transferring_features - INFO - Save checkpoint at ./experiments/fewshot_modelnet_transferring_features/cfgs/LR_0.0007/ckpt-last.pth
2023-09-27 09:49:19,967 - fewshot_modelnet_transferring_features - INFO - [Training] EPOCH: 106 EpochTime = 0.860 (s) Losses = ['0.0369', '100.0000'] lr = 0.000139
2023-09-27 09:49:21,215 - fewshot_modelnet_transferring_features - INFO - [Validation] EPOCH: 106  acc = 94.0000
2023-09-27 09:49:23,106 - fewshot_modelnet_transferring_features - INFO - Save checkpoint at ./experiments/fewshot_modelnet_transferring_features/cfgs/LR_0.0007/ckpt-last.pth
2023-09-27 09:49:23,934 - fewshot_modelnet_transferring_features - INFO - [Training] EPOCH: 107 EpochTime = 0.826 (s) Losses = ['0.0492', '100.0000'] lr = 0.000133
2023-09-27 09:49:24,904 - fewshot_modelnet_transferring_features - INFO - [Validation] EPOCH: 107  acc = 94.0000
2023-09-27 09:49:27,052 - fewshot_modelnet_transferring_features - INFO - Save checkpoint at ./experiments/fewshot_modelnet_transferring_features/cfgs/LR_0.0007/ckpt-last.pth
2023-09-27 09:49:28,251 - fewshot_modelnet_transferring_features - INFO - [Training] EPOCH: 108 EpochTime = 1.197 (s) Losses = ['0.0690', '100.0000'] lr = 0.000128
2023-09-27 09:49:29,239 - fewshot_modelnet_transferring_features - INFO - [Validation] EPOCH: 108  acc = 94.0000
2023-09-27 09:49:30,862 - fewshot_modelnet_transferring_features - INFO - Save checkpoint at ./experiments/fewshot_modelnet_transferring_features/cfgs/LR_0.0007/ckpt-last.pth
2023-09-27 09:49:31,607 - fewshot_modelnet_transferring_features - INFO - [Training] EPOCH: 109 EpochTime = 0.744 (s) Losses = ['0.0380', '100.0000'] lr = 0.000122
2023-09-27 09:49:32,744 - fewshot_modelnet_transferring_features - INFO - [Validation] EPOCH: 109  acc = 94.0000
2023-09-27 09:49:34,799 - fewshot_modelnet_transferring_features - INFO - Save checkpoint at ./experiments/fewshot_modelnet_transferring_features/cfgs/LR_0.0007/ckpt-last.pth
2023-09-27 09:49:35,605 - fewshot_modelnet_transferring_features - INFO - [Training] EPOCH: 110 EpochTime = 0.804 (s) Losses = ['0.0626', '100.0000'] lr = 0.000117
2023-09-27 09:49:36,589 - fewshot_modelnet_transferring_features - INFO - [Validation] EPOCH: 110  acc = 94.0000
2023-09-27 09:49:38,834 - fewshot_modelnet_transferring_features - INFO - Save checkpoint at ./experiments/fewshot_modelnet_transferring_features/cfgs/LR_0.0007/ckpt-last.pth
2023-09-27 09:49:39,802 - fewshot_modelnet_transferring_features - INFO - [Training] EPOCH: 111 EpochTime = 0.883 (s) Losses = ['0.0387', '100.0000'] lr = 0.000111
2023-09-27 09:49:40,753 - fewshot_modelnet_transferring_features - INFO - [Validation] EPOCH: 111  acc = 94.0000
2023-09-27 09:49:42,990 - fewshot_modelnet_transferring_features - INFO - Save checkpoint at ./experiments/fewshot_modelnet_transferring_features/cfgs/LR_0.0007/ckpt-last.pth
2023-09-27 09:49:43,742 - fewshot_modelnet_transferring_features - INFO - [Training] EPOCH: 112 EpochTime = 0.750 (s) Losses = ['0.0407', '100.0000'] lr = 0.000106
2023-09-27 09:49:44,682 - fewshot_modelnet_transferring_features - INFO - [Validation] EPOCH: 112  acc = 94.0000
2023-09-27 09:49:46,856 - fewshot_modelnet_transferring_features - INFO - Save checkpoint at ./experiments/fewshot_modelnet_transferring_features/cfgs/LR_0.0007/ckpt-last.pth
2023-09-27 09:49:47,680 - fewshot_modelnet_transferring_features - INFO - [Training] EPOCH: 113 EpochTime = 0.822 (s) Losses = ['0.0659', '100.0000'] lr = 0.000101
2023-09-27 09:49:48,747 - fewshot_modelnet_transferring_features - INFO - [Validation] EPOCH: 113  acc = 94.0000
2023-09-27 09:49:51,056 - fewshot_modelnet_transferring_features - INFO - Save checkpoint at ./experiments/fewshot_modelnet_transferring_features/cfgs/LR_0.0007/ckpt-last.pth
2023-09-27 09:49:52,317 - fewshot_modelnet_transferring_features - INFO - [Training] EPOCH: 114 EpochTime = 1.257 (s) Losses = ['0.0420', '100.0000'] lr = 0.000096
2023-09-27 09:49:53,467 - fewshot_modelnet_transferring_features - INFO - [Validation] EPOCH: 114  acc = 94.0000
2023-09-27 09:49:55,191 - fewshot_modelnet_transferring_features - INFO - Save checkpoint at ./experiments/fewshot_modelnet_transferring_features/cfgs/LR_0.0007/ckpt-last.pth
2023-09-27 09:49:56,209 - fewshot_modelnet_transferring_features - INFO - [Training] EPOCH: 115 EpochTime = 1.016 (s) Losses = ['0.0501', '100.0000'] lr = 0.000091
2023-09-27 09:49:57,168 - fewshot_modelnet_transferring_features - INFO - [Validation] EPOCH: 115  acc = 94.0000
2023-09-27 09:49:58,792 - fewshot_modelnet_transferring_features - INFO - Save checkpoint at ./experiments/fewshot_modelnet_transferring_features/cfgs/LR_0.0007/ckpt-last.pth
2023-09-27 09:49:59,604 - fewshot_modelnet_transferring_features - INFO - [Training] EPOCH: 116 EpochTime = 0.809 (s) Losses = ['0.0519', '100.0000'] lr = 0.000086
2023-09-27 09:50:00,610 - fewshot_modelnet_transferring_features - INFO - [Validation] EPOCH: 116  acc = 94.0000
2023-09-27 09:50:02,910 - fewshot_modelnet_transferring_features - INFO - Save checkpoint at ./experiments/fewshot_modelnet_transferring_features/cfgs/LR_0.0007/ckpt-last.pth
2023-09-27 09:50:03,762 - fewshot_modelnet_transferring_features - INFO - [Training] EPOCH: 117 EpochTime = 0.850 (s) Losses = ['0.0590', '100.0000'] lr = 0.000081
2023-09-27 09:50:04,790 - fewshot_modelnet_transferring_features - INFO - [Validation] EPOCH: 117  acc = 94.0000
2023-09-27 09:50:06,969 - fewshot_modelnet_transferring_features - INFO - Save checkpoint at ./experiments/fewshot_modelnet_transferring_features/cfgs/LR_0.0007/ckpt-last.pth
2023-09-27 09:50:08,085 - fewshot_modelnet_transferring_features - INFO - [Training] EPOCH: 118 EpochTime = 1.115 (s) Losses = ['0.0425', '100.0000'] lr = 0.000077
2023-09-27 09:50:09,046 - fewshot_modelnet_transferring_features - INFO - [Validation] EPOCH: 118  acc = 94.0000
2023-09-27 09:50:12,045 - fewshot_modelnet_transferring_features - INFO - Save checkpoint at ./experiments/fewshot_modelnet_transferring_features/cfgs/LR_0.0007/ckpt-last.pth
2023-09-27 09:50:13,018 - fewshot_modelnet_transferring_features - INFO - [Training] EPOCH: 119 EpochTime = 0.972 (s) Losses = ['0.0521', '100.0000'] lr = 0.000072
2023-09-27 09:50:14,230 - fewshot_modelnet_transferring_features - INFO - [Validation] EPOCH: 119  acc = 94.0000
2023-09-27 09:50:16,328 - fewshot_modelnet_transferring_features - INFO - Save checkpoint at ./experiments/fewshot_modelnet_transferring_features/cfgs/LR_0.0007/ckpt-last.pth
2023-09-27 09:50:17,238 - fewshot_modelnet_transferring_features - INFO - [Training] EPOCH: 120 EpochTime = 0.908 (s) Losses = ['0.0295', '100.0000'] lr = 0.000068
2023-09-27 09:50:18,316 - fewshot_modelnet_transferring_features - INFO - [Validation] EPOCH: 120  acc = 94.0000
2023-09-27 09:50:20,044 - fewshot_modelnet_transferring_features - INFO - Save checkpoint at ./experiments/fewshot_modelnet_transferring_features/cfgs/LR_0.0007/ckpt-last.pth
2023-09-27 09:50:20,884 - fewshot_modelnet_transferring_features - INFO - [Training] EPOCH: 121 EpochTime = 0.837 (s) Losses = ['0.0312', '100.0000'] lr = 0.000064
2023-09-27 09:50:22,110 - fewshot_modelnet_transferring_features - INFO - [Validation] EPOCH: 121  acc = 94.0000
2023-09-27 09:50:23,797 - fewshot_modelnet_transferring_features - INFO - Save checkpoint at ./experiments/fewshot_modelnet_transferring_features/cfgs/LR_0.0007/ckpt-last.pth
2023-09-27 09:50:24,564 - fewshot_modelnet_transferring_features - INFO - [Training] EPOCH: 122 EpochTime = 0.765 (s) Losses = ['0.0404', '100.0000'] lr = 0.000059
2023-09-27 09:50:25,644 - fewshot_modelnet_transferring_features - INFO - [Validation] EPOCH: 122  acc = 94.0000
2023-09-27 09:50:27,628 - fewshot_modelnet_transferring_features - INFO - Save checkpoint at ./experiments/fewshot_modelnet_transferring_features/cfgs/LR_0.0007/ckpt-last.pth
2023-09-27 09:50:28,622 - fewshot_modelnet_transferring_features - INFO - [Training] EPOCH: 123 EpochTime = 0.993 (s) Losses = ['0.0429', '100.0000'] lr = 0.000055
2023-09-27 09:50:29,587 - fewshot_modelnet_transferring_features - INFO - [Validation] EPOCH: 123  acc = 94.0000
2023-09-27 09:50:31,270 - fewshot_modelnet_transferring_features - INFO - Save checkpoint at ./experiments/fewshot_modelnet_transferring_features/cfgs/LR_0.0007/ckpt-last.pth
2023-09-27 09:50:32,103 - fewshot_modelnet_transferring_features - INFO - [Training] EPOCH: 124 EpochTime = 0.831 (s) Losses = ['0.0455', '100.0000'] lr = 0.000052
2023-09-27 09:50:33,226 - fewshot_modelnet_transferring_features - INFO - [Validation] EPOCH: 124  acc = 94.0000
2023-09-27 09:50:35,405 - fewshot_modelnet_transferring_features - INFO - Save checkpoint at ./experiments/fewshot_modelnet_transferring_features/cfgs/LR_0.0007/ckpt-last.pth
2023-09-27 09:50:36,321 - fewshot_modelnet_transferring_features - INFO - [Training] EPOCH: 125 EpochTime = 0.912 (s) Losses = ['0.0404', '100.0000'] lr = 0.000048
2023-09-27 09:50:37,539 - fewshot_modelnet_transferring_features - INFO - [Validation] EPOCH: 125  acc = 94.0000
2023-09-27 09:50:40,425 - fewshot_modelnet_transferring_features - INFO - Save checkpoint at ./experiments/fewshot_modelnet_transferring_features/cfgs/LR_0.0007/ckpt-last.pth
2023-09-27 09:50:41,249 - fewshot_modelnet_transferring_features - INFO - [Training] EPOCH: 126 EpochTime = 0.822 (s) Losses = ['0.0299', '100.0000'] lr = 0.000044
2023-09-27 09:50:42,362 - fewshot_modelnet_transferring_features - INFO - [Validation] EPOCH: 126  acc = 94.0000
2023-09-27 09:50:44,542 - fewshot_modelnet_transferring_features - INFO - Save checkpoint at ./experiments/fewshot_modelnet_transferring_features/cfgs/LR_0.0007/ckpt-last.pth
2023-09-27 09:50:45,768 - fewshot_modelnet_transferring_features - INFO - [Training] EPOCH: 127 EpochTime = 1.172 (s) Losses = ['0.0504', '100.0000'] lr = 0.000041
2023-09-27 09:50:46,968 - fewshot_modelnet_transferring_features - INFO - [Validation] EPOCH: 127  acc = 93.0000
2023-09-27 09:50:49,041 - fewshot_modelnet_transferring_features - INFO - Save checkpoint at ./experiments/fewshot_modelnet_transferring_features/cfgs/LR_0.0007/ckpt-last.pth
2023-09-27 09:50:49,891 - fewshot_modelnet_transferring_features - INFO - [Training] EPOCH: 128 EpochTime = 0.848 (s) Losses = ['0.0457', '100.0000'] lr = 0.000037
2023-09-27 09:50:50,890 - fewshot_modelnet_transferring_features - INFO - [Validation] EPOCH: 128  acc = 94.0000
2023-09-27 09:50:52,621 - fewshot_modelnet_transferring_features - INFO - Save checkpoint at ./experiments/fewshot_modelnet_transferring_features/cfgs/LR_0.0007/ckpt-last.pth
2023-09-27 09:50:53,654 - fewshot_modelnet_transferring_features - INFO - [Training] EPOCH: 129 EpochTime = 1.031 (s) Losses = ['0.0512', '100.0000'] lr = 0.000034
2023-09-27 09:50:54,746 - fewshot_modelnet_transferring_features - INFO - [Validation] EPOCH: 129  acc = 94.0000
2023-09-27 09:50:56,334 - fewshot_modelnet_transferring_features - INFO - Save checkpoint at ./experiments/fewshot_modelnet_transferring_features/cfgs/LR_0.0007/ckpt-last.pth
2023-09-27 09:50:57,299 - fewshot_modelnet_transferring_features - INFO - [Training] EPOCH: 130 EpochTime = 0.960 (s) Losses = ['0.0562', '100.0000'] lr = 0.000031
2023-09-27 09:50:58,472 - fewshot_modelnet_transferring_features - INFO - [Validation] EPOCH: 130  acc = 94.0000
2023-09-27 09:51:00,472 - fewshot_modelnet_transferring_features - INFO - Save checkpoint at ./experiments/fewshot_modelnet_transferring_features/cfgs/LR_0.0007/ckpt-last.pth
2023-09-27 09:51:01,210 - fewshot_modelnet_transferring_features - INFO - [Training] EPOCH: 131 EpochTime = 0.736 (s) Losses = ['0.0467', '100.0000'] lr = 0.000028
2023-09-27 09:51:02,183 - fewshot_modelnet_transferring_features - INFO - [Validation] EPOCH: 131  acc = 93.0000
2023-09-27 09:51:04,378 - fewshot_modelnet_transferring_features - INFO - Save checkpoint at ./experiments/fewshot_modelnet_transferring_features/cfgs/LR_0.0007/ckpt-last.pth
2023-09-27 09:51:05,207 - fewshot_modelnet_transferring_features - INFO - [Training] EPOCH: 132 EpochTime = 0.828 (s) Losses = ['0.0412', '100.0000'] lr = 0.000026
2023-09-27 09:51:06,277 - fewshot_modelnet_transferring_features - INFO - [Validation] EPOCH: 132  acc = 93.0000
2023-09-27 09:51:08,507 - fewshot_modelnet_transferring_features - INFO - Save checkpoint at ./experiments/fewshot_modelnet_transferring_features/cfgs/LR_0.0007/ckpt-last.pth
2023-09-27 09:51:09,331 - fewshot_modelnet_transferring_features - INFO - [Training] EPOCH: 133 EpochTime = 0.822 (s) Losses = ['0.0621', '100.0000'] lr = 0.000023
2023-09-27 09:51:10,530 - fewshot_modelnet_transferring_features - INFO - [Validation] EPOCH: 133  acc = 93.0000
2023-09-27 09:51:13,118 - fewshot_modelnet_transferring_features - INFO - Save checkpoint at ./experiments/fewshot_modelnet_transferring_features/cfgs/LR_0.0007/ckpt-last.pth
2023-09-27 09:51:13,997 - fewshot_modelnet_transferring_features - INFO - [Training] EPOCH: 134 EpochTime = 0.877 (s) Losses = ['0.0427', '100.0000'] lr = 0.000020
2023-09-27 09:51:14,994 - fewshot_modelnet_transferring_features - INFO - [Validation] EPOCH: 134  acc = 93.0000
2023-09-27 09:51:17,132 - fewshot_modelnet_transferring_features - INFO - Save checkpoint at ./experiments/fewshot_modelnet_transferring_features/cfgs/LR_0.0007/ckpt-last.pth
2023-09-27 09:51:17,940 - fewshot_modelnet_transferring_features - INFO - [Training] EPOCH: 135 EpochTime = 0.806 (s) Losses = ['0.0354', '100.0000'] lr = 0.000018
2023-09-27 09:51:19,011 - fewshot_modelnet_transferring_features - INFO - [Validation] EPOCH: 135  acc = 93.0000
2023-09-27 09:51:21,557 - fewshot_modelnet_transferring_features - INFO - Save checkpoint at ./experiments/fewshot_modelnet_transferring_features/cfgs/LR_0.0007/ckpt-last.pth
2023-09-27 09:51:22,589 - fewshot_modelnet_transferring_features - INFO - [Training] EPOCH: 136 EpochTime = 1.030 (s) Losses = ['0.0299', '100.0000'] lr = 0.000016
2023-09-27 09:51:23,513 - fewshot_modelnet_transferring_features - INFO - [Validation] EPOCH: 136  acc = 93.0000
2023-09-27 09:51:25,060 - fewshot_modelnet_transferring_features - INFO - Save checkpoint at ./experiments/fewshot_modelnet_transferring_features/cfgs/LR_0.0007/ckpt-last.pth
2023-09-27 09:51:25,843 - fewshot_modelnet_transferring_features - INFO - [Training] EPOCH: 137 EpochTime = 0.780 (s) Losses = ['0.0345', '100.0000'] lr = 0.000014
2023-09-27 09:51:26,727 - fewshot_modelnet_transferring_features - INFO - [Validation] EPOCH: 137  acc = 93.0000
2023-09-27 09:51:28,350 - fewshot_modelnet_transferring_features - INFO - Save checkpoint at ./experiments/fewshot_modelnet_transferring_features/cfgs/LR_0.0007/ckpt-last.pth
2023-09-27 09:51:29,121 - fewshot_modelnet_transferring_features - INFO - [Training] EPOCH: 138 EpochTime = 0.768 (s) Losses = ['0.0366', '100.0000'] lr = 0.000012
2023-09-27 09:51:30,247 - fewshot_modelnet_transferring_features - INFO - [Validation] EPOCH: 138  acc = 93.0000
2023-09-27 09:51:32,529 - fewshot_modelnet_transferring_features - INFO - Save checkpoint at ./experiments/fewshot_modelnet_transferring_features/cfgs/LR_0.0007/ckpt-last.pth
2023-09-27 09:51:33,511 - fewshot_modelnet_transferring_features - INFO - [Training] EPOCH: 139 EpochTime = 0.981 (s) Losses = ['0.0293', '100.0000'] lr = 0.000010
2023-09-27 09:51:34,726 - fewshot_modelnet_transferring_features - INFO - [Validation] EPOCH: 139  acc = 93.0000
2023-09-27 09:51:36,925 - fewshot_modelnet_transferring_features - INFO - Save checkpoint at ./experiments/fewshot_modelnet_transferring_features/cfgs/LR_0.0007/ckpt-last.pth
2023-09-27 09:51:37,780 - fewshot_modelnet_transferring_features - INFO - [Training] EPOCH: 140 EpochTime = 0.853 (s) Losses = ['0.0406', '100.0000'] lr = 0.000009
2023-09-27 09:51:38,788 - fewshot_modelnet_transferring_features - INFO - [Validation] EPOCH: 140  acc = 93.0000
2023-09-27 09:51:40,365 - fewshot_modelnet_transferring_features - INFO - Save checkpoint at ./experiments/fewshot_modelnet_transferring_features/cfgs/LR_0.0007/ckpt-last.pth
2023-09-27 09:51:41,182 - fewshot_modelnet_transferring_features - INFO - [Training] EPOCH: 141 EpochTime = 0.815 (s) Losses = ['0.0503', '100.0000'] lr = 0.000007
2023-09-27 09:51:42,190 - fewshot_modelnet_transferring_features - INFO - [Validation] EPOCH: 141  acc = 93.0000
2023-09-27 09:51:43,738 - fewshot_modelnet_transferring_features - INFO - Save checkpoint at ./experiments/fewshot_modelnet_transferring_features/cfgs/LR_0.0007/ckpt-last.pth
2023-09-27 09:51:45,299 - fewshot_modelnet_transferring_features - INFO - Save checkpoint at ./experiments/fewshot_modelnet_transferring_features/cfgs/LR_0.0007/ckpt-epoch-141.pth
2023-09-27 09:51:46,144 - fewshot_modelnet_transferring_features - INFO - [Training] EPOCH: 142 EpochTime = 0.843 (s) Losses = ['0.0448', '100.0000'] lr = 0.000006
2023-09-27 09:51:47,333 - fewshot_modelnet_transferring_features - INFO - [Validation] EPOCH: 142  acc = 93.0000
2023-09-27 09:51:48,861 - fewshot_modelnet_transferring_features - INFO - Save checkpoint at ./experiments/fewshot_modelnet_transferring_features/cfgs/LR_0.0007/ckpt-last.pth
2023-09-27 09:51:51,059 - fewshot_modelnet_transferring_features - INFO - Save checkpoint at ./experiments/fewshot_modelnet_transferring_features/cfgs/LR_0.0007/ckpt-epoch-142.pth
2023-09-27 09:51:51,921 - fewshot_modelnet_transferring_features - INFO - [Training] EPOCH: 143 EpochTime = 0.858 (s) Losses = ['0.0506', '100.0000'] lr = 0.000005
2023-09-27 09:51:53,175 - fewshot_modelnet_transferring_features - INFO - [Validation] EPOCH: 143  acc = 94.0000
2023-09-27 09:51:55,985 - fewshot_modelnet_transferring_features - INFO - Save checkpoint at ./experiments/fewshot_modelnet_transferring_features/cfgs/LR_0.0007/ckpt-last.pth
2023-09-27 09:51:57,622 - fewshot_modelnet_transferring_features - INFO - Save checkpoint at ./experiments/fewshot_modelnet_transferring_features/cfgs/LR_0.0007/ckpt-epoch-143.pth
2023-09-27 09:51:58,490 - fewshot_modelnet_transferring_features - INFO - [Training] EPOCH: 144 EpochTime = 0.866 (s) Losses = ['0.0361', '100.0000'] lr = 0.000004
2023-09-27 09:51:59,546 - fewshot_modelnet_transferring_features - INFO - [Validation] EPOCH: 144  acc = 93.0000
2023-09-27 09:52:01,848 - fewshot_modelnet_transferring_features - INFO - Save checkpoint at ./experiments/fewshot_modelnet_transferring_features/cfgs/LR_0.0007/ckpt-last.pth
2023-09-27 09:52:03,525 - fewshot_modelnet_transferring_features - INFO - Save checkpoint at ./experiments/fewshot_modelnet_transferring_features/cfgs/LR_0.0007/ckpt-epoch-144.pth
2023-09-27 09:52:04,331 - fewshot_modelnet_transferring_features - INFO - [Training] EPOCH: 145 EpochTime = 0.804 (s) Losses = ['0.0430', '100.0000'] lr = 0.000003
2023-09-27 09:52:05,418 - fewshot_modelnet_transferring_features - INFO - [Validation] EPOCH: 145  acc = 93.0000
2023-09-27 09:52:07,768 - fewshot_modelnet_transferring_features - INFO - Save checkpoint at ./experiments/fewshot_modelnet_transferring_features/cfgs/LR_0.0007/ckpt-last.pth
2023-09-27 09:52:10,028 - fewshot_modelnet_transferring_features - INFO - Save checkpoint at ./experiments/fewshot_modelnet_transferring_features/cfgs/LR_0.0007/ckpt-epoch-145.pth
2023-09-27 09:52:10,841 - fewshot_modelnet_transferring_features - INFO - [Training] EPOCH: 146 EpochTime = 0.812 (s) Losses = ['0.0408', '100.0000'] lr = 0.000002
2023-09-27 09:52:11,758 - fewshot_modelnet_transferring_features - INFO - [Validation] EPOCH: 146  acc = 93.0000
2023-09-27 09:52:13,863 - fewshot_modelnet_transferring_features - INFO - Save checkpoint at ./experiments/fewshot_modelnet_transferring_features/cfgs/LR_0.0007/ckpt-last.pth
2023-09-27 09:52:18,453 - fewshot_modelnet_transferring_features - INFO - Save checkpoint at ./experiments/fewshot_modelnet_transferring_features/cfgs/LR_0.0007/ckpt-epoch-146.pth
2023-09-27 09:52:19,333 - fewshot_modelnet_transferring_features - INFO - [Training] EPOCH: 147 EpochTime = 0.878 (s) Losses = ['0.0351', '100.0000'] lr = 0.000002
2023-09-27 09:52:20,318 - fewshot_modelnet_transferring_features - INFO - [Validation] EPOCH: 147  acc = 93.0000
2023-09-27 09:52:22,091 - fewshot_modelnet_transferring_features - INFO - Save checkpoint at ./experiments/fewshot_modelnet_transferring_features/cfgs/LR_0.0007/ckpt-last.pth
2023-09-27 09:52:24,065 - fewshot_modelnet_transferring_features - INFO - Save checkpoint at ./experiments/fewshot_modelnet_transferring_features/cfgs/LR_0.0007/ckpt-epoch-147.pth
2023-09-27 09:52:25,008 - fewshot_modelnet_transferring_features - INFO - [Training] EPOCH: 148 EpochTime = 0.939 (s) Losses = ['0.0473', '100.0000'] lr = 0.000001
2023-09-27 09:52:25,917 - fewshot_modelnet_transferring_features - INFO - [Validation] EPOCH: 148  acc = 93.0000
2023-09-27 09:52:27,516 - fewshot_modelnet_transferring_features - INFO - Save checkpoint at ./experiments/fewshot_modelnet_transferring_features/cfgs/LR_0.0007/ckpt-last.pth
2023-09-27 09:52:30,059 - fewshot_modelnet_transferring_features - INFO - Save checkpoint at ./experiments/fewshot_modelnet_transferring_features/cfgs/LR_0.0007/ckpt-epoch-148.pth
2023-09-27 09:52:31,120 - fewshot_modelnet_transferring_features - INFO - [Training] EPOCH: 149 EpochTime = 1.059 (s) Losses = ['0.0356', '100.0000'] lr = 0.000001
2023-09-27 09:52:32,104 - fewshot_modelnet_transferring_features - INFO - [Validation] EPOCH: 149  acc = 93.0000
2023-09-27 09:52:33,704 - fewshot_modelnet_transferring_features - INFO - Save checkpoint at ./experiments/fewshot_modelnet_transferring_features/cfgs/LR_0.0007/ckpt-last.pth
2023-09-27 09:52:36,003 - fewshot_modelnet_transferring_features - INFO - Save checkpoint at ./experiments/fewshot_modelnet_transferring_features/cfgs/LR_0.0007/ckpt-epoch-149.pth
2023-09-27 09:52:37,139 - fewshot_modelnet_transferring_features - INFO - [Training] EPOCH: 150 EpochTime = 1.133 (s) Losses = ['0.0318', '100.0000'] lr = 0.000001
2023-09-27 09:52:38,362 - fewshot_modelnet_transferring_features - INFO - [Validation] EPOCH: 150  acc = 93.0000
2023-09-27 09:52:40,659 - fewshot_modelnet_transferring_features - INFO - Save checkpoint at ./experiments/fewshot_modelnet_transferring_features/cfgs/LR_0.0007/ckpt-last.pth
2023-09-27 09:52:42,634 - fewshot_modelnet_transferring_features - INFO - Save checkpoint at ./experiments/fewshot_modelnet_transferring_features/cfgs/LR_0.0007/ckpt-epoch-150.pth
