2023-11-03 03:15:35,712 - fewshot_modelnet_transferring_features - INFO - Copy the Config file from cfgs/fewshot_modelnet_transferring_features.yaml to ./experiments/fewshot_modelnet_transferring_features/cfgs/LR_0.0015/config.yaml
2023-11-03 03:15:35,712 - fewshot_modelnet_transferring_features - INFO - args.config : cfgs/fewshot_modelnet_transferring_features.yaml
2023-11-03 03:15:35,712 - fewshot_modelnet_transferring_features - INFO - args.launcher : none
2023-11-03 03:15:35,712 - fewshot_modelnet_transferring_features - INFO - args.local_rank : 0
2023-11-03 03:15:35,712 - fewshot_modelnet_transferring_features - INFO - args.num_workers : 8
2023-11-03 03:15:35,712 - fewshot_modelnet_transferring_features - INFO - args.seed : 0
2023-11-03 03:15:35,712 - fewshot_modelnet_transferring_features - INFO - args.deterministic : False
2023-11-03 03:15:35,712 - fewshot_modelnet_transferring_features - INFO - args.sync_bn : True
2023-11-03 03:15:35,712 - fewshot_modelnet_transferring_features - INFO - args.large_group : 5
2023-11-03 03:15:35,712 - fewshot_modelnet_transferring_features - INFO - args.small_group : 10
2023-11-03 03:15:35,713 - fewshot_modelnet_transferring_features - INFO - args.large_patch : 6
2023-11-03 03:15:35,713 - fewshot_modelnet_transferring_features - INFO - args.small_patch : 3
2023-11-03 03:15:35,713 - fewshot_modelnet_transferring_features - INFO - args.queue_length : 8192
2023-11-03 03:15:35,713 - fewshot_modelnet_transferring_features - INFO - args.epoch_queue_starts : 10
2023-11-03 03:15:35,713 - fewshot_modelnet_transferring_features - INFO - args.nmb_crops : 64
2023-11-03 03:15:35,713 - fewshot_modelnet_transferring_features - INFO - args.sample_num : 16
2023-11-03 03:15:35,713 - fewshot_modelnet_transferring_features - INFO - args.fea_dim : 384
2023-11-03 03:15:35,713 - fewshot_modelnet_transferring_features - INFO - args.hidden_mlp : 256
2023-11-03 03:15:35,713 - fewshot_modelnet_transferring_features - INFO - args.output_dim : 128
2023-11-03 03:15:35,713 - fewshot_modelnet_transferring_features - INFO - args.nmb_prototypes : 200
2023-11-03 03:15:35,713 - fewshot_modelnet_transferring_features - INFO - args.temperature : 0.1
2023-11-03 03:15:35,713 - fewshot_modelnet_transferring_features - INFO - args.epsilon : 0.05
2023-11-03 03:15:35,713 - fewshot_modelnet_transferring_features - INFO - args.sinkhorn_iterations : 3
2023-11-03 03:15:35,713 - fewshot_modelnet_transferring_features - INFO - args.world_size : 1
2023-11-03 03:15:35,713 - fewshot_modelnet_transferring_features - INFO - args.exp_name : LR_0.0015
2023-11-03 03:15:35,713 - fewshot_modelnet_transferring_features - INFO - args.loss : cd1
2023-11-03 03:15:35,713 - fewshot_modelnet_transferring_features - INFO - args.start_ckpts : None
2023-11-03 03:15:35,713 - fewshot_modelnet_transferring_features - INFO - args.ckpts : ./experiments/pretrain_MaskSurf/cfgs/add_as_normal/ckpt-last.pth
2023-11-03 03:15:35,714 - fewshot_modelnet_transferring_features - INFO - args.val_freq : 1
2023-11-03 03:15:35,714 - fewshot_modelnet_transferring_features - INFO - args.vote : False
2023-11-03 03:15:35,714 - fewshot_modelnet_transferring_features - INFO - args.resume : False
2023-11-03 03:15:35,714 - fewshot_modelnet_transferring_features - INFO - args.test : False
2023-11-03 03:15:35,714 - fewshot_modelnet_transferring_features - INFO - args.finetune_model : True
2023-11-03 03:15:35,714 - fewshot_modelnet_transferring_features - INFO - args.scratch_model : False
2023-11-03 03:15:35,714 - fewshot_modelnet_transferring_features - INFO - args.mode : None
2023-11-03 03:15:35,714 - fewshot_modelnet_transferring_features - INFO - args.way : 10
2023-11-03 03:15:35,714 - fewshot_modelnet_transferring_features - INFO - args.shot : 10
2023-11-03 03:15:35,714 - fewshot_modelnet_transferring_features - INFO - args.fold : 8
2023-11-03 03:15:35,714 - fewshot_modelnet_transferring_features - INFO - args.experiment_path : ./experiments/fewshot_modelnet_transferring_features/cfgs/LR_0.0015
2023-11-03 03:15:35,714 - fewshot_modelnet_transferring_features - INFO - args.tfboard_path : ./experiments/fewshot_modelnet_transferring_features/cfgs/TFBoard/LR_0.0015
2023-11-03 03:15:35,714 - fewshot_modelnet_transferring_features - INFO - args.log_name : fewshot_modelnet_transferring_features
2023-11-03 03:15:35,714 - fewshot_modelnet_transferring_features - INFO - args.use_gpu : True
2023-11-03 03:15:35,714 - fewshot_modelnet_transferring_features - INFO - args.distributed : False
2023-11-03 03:15:35,714 - fewshot_modelnet_transferring_features - INFO - config.optimizer = edict()
2023-11-03 03:15:35,714 - fewshot_modelnet_transferring_features - INFO - config.optimizer.type : AdamW
2023-11-03 03:15:35,714 - fewshot_modelnet_transferring_features - INFO - config.optimizer.part : all
2023-11-03 03:15:35,714 - fewshot_modelnet_transferring_features - INFO - config.optimizer.kwargs = edict()
2023-11-03 03:15:35,715 - fewshot_modelnet_transferring_features - INFO - config.optimizer.kwargs.lr : 0.0015
2023-11-03 03:15:35,715 - fewshot_modelnet_transferring_features - INFO - config.optimizer.kwargs.weight_decay : 0.05
2023-11-03 03:15:35,715 - fewshot_modelnet_transferring_features - INFO - config.scheduler = edict()
2023-11-03 03:15:35,715 - fewshot_modelnet_transferring_features - INFO - config.scheduler.type : CosLR
2023-11-03 03:15:35,715 - fewshot_modelnet_transferring_features - INFO - config.scheduler.kwargs = edict()
2023-11-03 03:15:35,715 - fewshot_modelnet_transferring_features - INFO - config.scheduler.kwargs.epochs : 150
2023-11-03 03:15:35,715 - fewshot_modelnet_transferring_features - INFO - config.scheduler.kwargs.initial_epochs : 10
2023-11-03 03:15:35,715 - fewshot_modelnet_transferring_features - INFO - config.dataset = edict()
2023-11-03 03:15:35,715 - fewshot_modelnet_transferring_features - INFO - config.dataset.train = edict()
2023-11-03 03:15:35,715 - fewshot_modelnet_transferring_features - INFO - config.dataset.train._base_ = edict()
2023-11-03 03:15:35,715 - fewshot_modelnet_transferring_features - INFO - config.dataset.train._base_.NAME : ModelNetFewShot
2023-11-03 03:15:35,715 - fewshot_modelnet_transferring_features - INFO - config.dataset.train._base_.DATA_PATH : data/ModelNetFewshot
2023-11-03 03:15:35,715 - fewshot_modelnet_transferring_features - INFO - config.dataset.train._base_.N_POINTS : 8192
2023-11-03 03:15:35,715 - fewshot_modelnet_transferring_features - INFO - config.dataset.train._base_.NUM_CATEGORY : 40
2023-11-03 03:15:35,715 - fewshot_modelnet_transferring_features - INFO - config.dataset.train._base_.USE_NORMALS : False
2023-11-03 03:15:35,715 - fewshot_modelnet_transferring_features - INFO - config.dataset.train.others = edict()
2023-11-03 03:15:35,715 - fewshot_modelnet_transferring_features - INFO - config.dataset.train.others.subset : train
2023-11-03 03:15:35,715 - fewshot_modelnet_transferring_features - INFO - config.dataset.train.others.bs : 32
2023-11-03 03:15:35,715 - fewshot_modelnet_transferring_features - INFO - config.dataset.val = edict()
2023-11-03 03:15:35,716 - fewshot_modelnet_transferring_features - INFO - config.dataset.val._base_ = edict()
2023-11-03 03:15:35,716 - fewshot_modelnet_transferring_features - INFO - config.dataset.val._base_.NAME : ModelNetFewShot
2023-11-03 03:15:35,716 - fewshot_modelnet_transferring_features - INFO - config.dataset.val._base_.DATA_PATH : data/ModelNetFewshot
2023-11-03 03:15:35,716 - fewshot_modelnet_transferring_features - INFO - config.dataset.val._base_.N_POINTS : 8192
2023-11-03 03:15:35,716 - fewshot_modelnet_transferring_features - INFO - config.dataset.val._base_.NUM_CATEGORY : 40
2023-11-03 03:15:35,716 - fewshot_modelnet_transferring_features - INFO - config.dataset.val._base_.USE_NORMALS : False
2023-11-03 03:15:35,716 - fewshot_modelnet_transferring_features - INFO - config.dataset.val.others = edict()
2023-11-03 03:15:35,716 - fewshot_modelnet_transferring_features - INFO - config.dataset.val.others.subset : test
2023-11-03 03:15:35,716 - fewshot_modelnet_transferring_features - INFO - config.dataset.val.others.bs : 64
2023-11-03 03:15:35,716 - fewshot_modelnet_transferring_features - INFO - config.dataset.test = edict()
2023-11-03 03:15:35,716 - fewshot_modelnet_transferring_features - INFO - config.dataset.test._base_ = edict()
2023-11-03 03:15:35,716 - fewshot_modelnet_transferring_features - INFO - config.dataset.test._base_.NAME : ModelNet
2023-11-03 03:15:35,716 - fewshot_modelnet_transferring_features - INFO - config.dataset.test._base_.DATA_PATH : data/ModelNet/modelnet40_normal_resampled
2023-11-03 03:15:35,716 - fewshot_modelnet_transferring_features - INFO - config.dataset.test._base_.N_POINTS : 8192
2023-11-03 03:15:35,716 - fewshot_modelnet_transferring_features - INFO - config.dataset.test._base_.NUM_CATEGORY : 40
2023-11-03 03:15:35,716 - fewshot_modelnet_transferring_features - INFO - config.dataset.test._base_.USE_NORMALS : False
2023-11-03 03:15:35,716 - fewshot_modelnet_transferring_features - INFO - config.dataset.test.others = edict()
2023-11-03 03:15:35,716 - fewshot_modelnet_transferring_features - INFO - config.dataset.test.others.subset : test
2023-11-03 03:15:35,716 - fewshot_modelnet_transferring_features - INFO - config.dataset.test.others.bs : 32
2023-11-03 03:15:35,717 - fewshot_modelnet_transferring_features - INFO - config.model = edict()
2023-11-03 03:15:35,717 - fewshot_modelnet_transferring_features - INFO - config.model.NAME : PointTransformer
2023-11-03 03:15:35,717 - fewshot_modelnet_transferring_features - INFO - config.model.trans_dim : 384
2023-11-03 03:15:35,717 - fewshot_modelnet_transferring_features - INFO - config.model.depth : 12
2023-11-03 03:15:35,717 - fewshot_modelnet_transferring_features - INFO - config.model.drop_path_rate : 0.1
2023-11-03 03:15:35,717 - fewshot_modelnet_transferring_features - INFO - config.model.cls_dim : 15
2023-11-03 03:15:35,717 - fewshot_modelnet_transferring_features - INFO - config.model.num_heads : 6
2023-11-03 03:15:35,717 - fewshot_modelnet_transferring_features - INFO - config.model.group_size : 32
2023-11-03 03:15:35,717 - fewshot_modelnet_transferring_features - INFO - config.model.num_group : 64
2023-11-03 03:15:35,717 - fewshot_modelnet_transferring_features - INFO - config.model.encoder_dims : 384
2023-11-03 03:15:35,717 - fewshot_modelnet_transferring_features - INFO - config.npoints : 1024
2023-11-03 03:15:35,717 - fewshot_modelnet_transferring_features - INFO - config.total_bs : 32
2023-11-03 03:15:35,717 - fewshot_modelnet_transferring_features - INFO - config.step_per_update : 1
2023-11-03 03:15:35,717 - fewshot_modelnet_transferring_features - INFO - config.max_epoch : 150
2023-11-03 03:15:35,717 - fewshot_modelnet_transferring_features - INFO - config.grad_norm_clip : 10
2023-11-03 03:15:35,717 - fewshot_modelnet_transferring_features - INFO - Distributed training: False
2023-11-03 03:15:35,717 - fewshot_modelnet_transferring_features - INFO - Set random seed to 0, deterministic: False
2023-11-03 03:15:38,082 - fewshot_modelnet_transferring_features - INFO - Using Data parallel ...
2023-11-03 03:15:43,798 - fewshot_modelnet_transferring_features - INFO - [Training] EPOCH: 0 EpochTime = 5.708 (s) Losses = ['2.7600', '8.3333'] lr = 0.000001
2023-11-03 03:15:45,337 - fewshot_modelnet_transferring_features - INFO - Save checkpoint at ./experiments/fewshot_modelnet_transferring_features/cfgs/LR_0.0015/ckpt-last.pth
2023-11-03 03:15:46,804 - fewshot_modelnet_transferring_features - INFO - [Training] EPOCH: 1 EpochTime = 1.466 (s) Losses = ['2.8939', '8.3333'] lr = 0.000151
2023-11-03 03:15:49,459 - fewshot_modelnet_transferring_features - INFO - [Validation] EPOCH: 1  acc = 9.5000
2023-11-03 03:15:51,867 - fewshot_modelnet_transferring_features - INFO - Save checkpoint at ./experiments/fewshot_modelnet_transferring_features/cfgs/LR_0.0015/ckpt-best.pth
2023-11-03 03:15:51,867 - fewshot_modelnet_transferring_features - INFO - --------------------------------------------------------------------------------------------
2023-11-03 03:15:53,522 - fewshot_modelnet_transferring_features - INFO - Save checkpoint at ./experiments/fewshot_modelnet_transferring_features/cfgs/LR_0.0015/ckpt-last.pth
2023-11-03 03:15:55,767 - fewshot_modelnet_transferring_features - INFO - [Training] EPOCH: 2 EpochTime = 2.243 (s) Losses = ['2.8095', '12.5000'] lr = 0.000301
2023-11-03 03:15:57,475 - fewshot_modelnet_transferring_features - INFO - [Validation] EPOCH: 2  acc = 11.5000
2023-11-03 03:15:59,239 - fewshot_modelnet_transferring_features - INFO - Save checkpoint at ./experiments/fewshot_modelnet_transferring_features/cfgs/LR_0.0015/ckpt-best.pth
2023-11-03 03:15:59,240 - fewshot_modelnet_transferring_features - INFO - --------------------------------------------------------------------------------------------
2023-11-03 03:16:01,444 - fewshot_modelnet_transferring_features - INFO - Save checkpoint at ./experiments/fewshot_modelnet_transferring_features/cfgs/LR_0.0015/ckpt-last.pth
2023-11-03 03:16:03,183 - fewshot_modelnet_transferring_features - INFO - [Training] EPOCH: 3 EpochTime = 1.737 (s) Losses = ['2.5063', '13.5417'] lr = 0.000451
2023-11-03 03:16:05,217 - fewshot_modelnet_transferring_features - INFO - [Validation] EPOCH: 3  acc = 42.0000
2023-11-03 03:16:06,874 - fewshot_modelnet_transferring_features - INFO - Save checkpoint at ./experiments/fewshot_modelnet_transferring_features/cfgs/LR_0.0015/ckpt-best.pth
2023-11-03 03:16:06,875 - fewshot_modelnet_transferring_features - INFO - --------------------------------------------------------------------------------------------
2023-11-03 03:16:08,686 - fewshot_modelnet_transferring_features - INFO - Save checkpoint at ./experiments/fewshot_modelnet_transferring_features/cfgs/LR_0.0015/ckpt-last.pth
2023-11-03 03:16:10,115 - fewshot_modelnet_transferring_features - INFO - [Training] EPOCH: 4 EpochTime = 1.427 (s) Losses = ['2.1050', '38.5417'] lr = 0.000601
2023-11-03 03:16:11,915 - fewshot_modelnet_transferring_features - INFO - [Validation] EPOCH: 4  acc = 55.0000
2023-11-03 03:16:13,509 - fewshot_modelnet_transferring_features - INFO - Save checkpoint at ./experiments/fewshot_modelnet_transferring_features/cfgs/LR_0.0015/ckpt-best.pth
2023-11-03 03:16:13,509 - fewshot_modelnet_transferring_features - INFO - --------------------------------------------------------------------------------------------
2023-11-03 03:16:15,895 - fewshot_modelnet_transferring_features - INFO - Save checkpoint at ./experiments/fewshot_modelnet_transferring_features/cfgs/LR_0.0015/ckpt-last.pth
2023-11-03 03:16:18,021 - fewshot_modelnet_transferring_features - INFO - [Training] EPOCH: 5 EpochTime = 2.125 (s) Losses = ['1.9427', '47.9167'] lr = 0.000751
2023-11-03 03:16:19,903 - fewshot_modelnet_transferring_features - INFO - [Validation] EPOCH: 5  acc = 79.0000
2023-11-03 03:16:21,447 - fewshot_modelnet_transferring_features - INFO - Save checkpoint at ./experiments/fewshot_modelnet_transferring_features/cfgs/LR_0.0015/ckpt-best.pth
2023-11-03 03:16:21,448 - fewshot_modelnet_transferring_features - INFO - --------------------------------------------------------------------------------------------
2023-11-03 03:16:23,626 - fewshot_modelnet_transferring_features - INFO - Save checkpoint at ./experiments/fewshot_modelnet_transferring_features/cfgs/LR_0.0015/ckpt-last.pth
2023-11-03 03:16:25,355 - fewshot_modelnet_transferring_features - INFO - [Training] EPOCH: 6 EpochTime = 1.727 (s) Losses = ['1.6309', '70.8333'] lr = 0.000900
2023-11-03 03:16:27,359 - fewshot_modelnet_transferring_features - INFO - [Validation] EPOCH: 6  acc = 97.0000
2023-11-03 03:16:29,016 - fewshot_modelnet_transferring_features - INFO - Save checkpoint at ./experiments/fewshot_modelnet_transferring_features/cfgs/LR_0.0015/ckpt-best.pth
2023-11-03 03:16:29,016 - fewshot_modelnet_transferring_features - INFO - --------------------------------------------------------------------------------------------
2023-11-03 03:16:30,736 - fewshot_modelnet_transferring_features - INFO - Save checkpoint at ./experiments/fewshot_modelnet_transferring_features/cfgs/LR_0.0015/ckpt-last.pth
2023-11-03 03:16:32,283 - fewshot_modelnet_transferring_features - INFO - [Training] EPOCH: 7 EpochTime = 1.545 (s) Losses = ['1.4196', '67.7083'] lr = 0.001050
2023-11-03 03:16:34,072 - fewshot_modelnet_transferring_features - INFO - [Validation] EPOCH: 7  acc = 96.5000
2023-11-03 03:16:36,207 - fewshot_modelnet_transferring_features - INFO - Save checkpoint at ./experiments/fewshot_modelnet_transferring_features/cfgs/LR_0.0015/ckpt-last.pth
2023-11-03 03:16:38,172 - fewshot_modelnet_transferring_features - INFO - [Training] EPOCH: 8 EpochTime = 1.964 (s) Losses = ['1.1587', '81.2500'] lr = 0.001200
2023-11-03 03:16:40,112 - fewshot_modelnet_transferring_features - INFO - [Validation] EPOCH: 8  acc = 97.5000
2023-11-03 03:16:42,910 - fewshot_modelnet_transferring_features - INFO - Save checkpoint at ./experiments/fewshot_modelnet_transferring_features/cfgs/LR_0.0015/ckpt-best.pth
2023-11-03 03:16:42,911 - fewshot_modelnet_transferring_features - INFO - --------------------------------------------------------------------------------------------
2023-11-03 03:16:44,600 - fewshot_modelnet_transferring_features - INFO - Save checkpoint at ./experiments/fewshot_modelnet_transferring_features/cfgs/LR_0.0015/ckpt-last.pth
2023-11-03 03:16:46,006 - fewshot_modelnet_transferring_features - INFO - [Training] EPOCH: 9 EpochTime = 1.405 (s) Losses = ['0.9636', '89.5833'] lr = 0.001350
2023-11-03 03:16:47,779 - fewshot_modelnet_transferring_features - INFO - [Validation] EPOCH: 9  acc = 95.0000
2023-11-03 03:16:50,116 - fewshot_modelnet_transferring_features - INFO - Save checkpoint at ./experiments/fewshot_modelnet_transferring_features/cfgs/LR_0.0015/ckpt-last.pth
2023-11-03 03:16:51,799 - fewshot_modelnet_transferring_features - INFO - [Training] EPOCH: 10 EpochTime = 1.682 (s) Losses = ['0.7760', '93.7500'] lr = 0.001484
2023-11-03 03:16:53,849 - fewshot_modelnet_transferring_features - INFO - [Validation] EPOCH: 10  acc = 93.5000
2023-11-03 03:16:55,431 - fewshot_modelnet_transferring_features - INFO - Save checkpoint at ./experiments/fewshot_modelnet_transferring_features/cfgs/LR_0.0015/ckpt-last.pth
2023-11-03 03:16:56,889 - fewshot_modelnet_transferring_features - INFO - [Training] EPOCH: 11 EpochTime = 1.456 (s) Losses = ['0.5655', '96.8750'] lr = 0.001480
2023-11-03 03:16:58,497 - fewshot_modelnet_transferring_features - INFO - [Validation] EPOCH: 11  acc = 95.5000
2023-11-03 03:16:59,989 - fewshot_modelnet_transferring_features - INFO - Save checkpoint at ./experiments/fewshot_modelnet_transferring_features/cfgs/LR_0.0015/ckpt-last.pth
2023-11-03 03:17:02,092 - fewshot_modelnet_transferring_features - INFO - [Training] EPOCH: 12 EpochTime = 2.101 (s) Losses = ['0.4711', '98.9583'] lr = 0.001476
2023-11-03 03:17:04,017 - fewshot_modelnet_transferring_features - INFO - [Validation] EPOCH: 12  acc = 95.5000
2023-11-03 03:17:05,568 - fewshot_modelnet_transferring_features - INFO - Save checkpoint at ./experiments/fewshot_modelnet_transferring_features/cfgs/LR_0.0015/ckpt-last.pth
2023-11-03 03:17:07,002 - fewshot_modelnet_transferring_features - INFO - [Training] EPOCH: 13 EpochTime = 1.431 (s) Losses = ['0.4095', '98.9583'] lr = 0.001472
2023-11-03 03:17:09,057 - fewshot_modelnet_transferring_features - INFO - [Validation] EPOCH: 13  acc = 96.0000
2023-11-03 03:17:10,794 - fewshot_modelnet_transferring_features - INFO - Save checkpoint at ./experiments/fewshot_modelnet_transferring_features/cfgs/LR_0.0015/ckpt-last.pth
2023-11-03 03:17:12,251 - fewshot_modelnet_transferring_features - INFO - [Training] EPOCH: 14 EpochTime = 1.455 (s) Losses = ['0.2507', '100.0000'] lr = 0.001468
2023-11-03 03:17:14,312 - fewshot_modelnet_transferring_features - INFO - [Validation] EPOCH: 14  acc = 98.0000
2023-11-03 03:17:15,941 - fewshot_modelnet_transferring_features - INFO - Save checkpoint at ./experiments/fewshot_modelnet_transferring_features/cfgs/LR_0.0015/ckpt-best.pth
2023-11-03 03:17:15,941 - fewshot_modelnet_transferring_features - INFO - --------------------------------------------------------------------------------------------
2023-11-03 03:17:17,630 - fewshot_modelnet_transferring_features - INFO - Save checkpoint at ./experiments/fewshot_modelnet_transferring_features/cfgs/LR_0.0015/ckpt-last.pth
2023-11-03 03:17:19,010 - fewshot_modelnet_transferring_features - INFO - [Training] EPOCH: 15 EpochTime = 1.377 (s) Losses = ['0.2277', '100.0000'] lr = 0.001463
2023-11-03 03:17:20,631 - fewshot_modelnet_transferring_features - INFO - [Validation] EPOCH: 15  acc = 99.0000
2023-11-03 03:17:22,217 - fewshot_modelnet_transferring_features - INFO - Save checkpoint at ./experiments/fewshot_modelnet_transferring_features/cfgs/LR_0.0015/ckpt-best.pth
2023-11-03 03:17:22,217 - fewshot_modelnet_transferring_features - INFO - --------------------------------------------------------------------------------------------
2023-11-03 03:17:23,819 - fewshot_modelnet_transferring_features - INFO - Save checkpoint at ./experiments/fewshot_modelnet_transferring_features/cfgs/LR_0.0015/ckpt-last.pth
2023-11-03 03:17:25,226 - fewshot_modelnet_transferring_features - INFO - [Training] EPOCH: 16 EpochTime = 1.406 (s) Losses = ['0.2053', '98.9583'] lr = 0.001458
2023-11-03 03:17:27,037 - fewshot_modelnet_transferring_features - INFO - [Validation] EPOCH: 16  acc = 99.0000
2023-11-03 03:17:28,809 - fewshot_modelnet_transferring_features - INFO - Save checkpoint at ./experiments/fewshot_modelnet_transferring_features/cfgs/LR_0.0015/ckpt-last.pth
2023-11-03 03:17:30,779 - fewshot_modelnet_transferring_features - INFO - [Training] EPOCH: 17 EpochTime = 1.968 (s) Losses = ['0.1455', '100.0000'] lr = 0.001453
2023-11-03 03:17:32,580 - fewshot_modelnet_transferring_features - INFO - [Validation] EPOCH: 17  acc = 99.0000
2023-11-03 03:17:34,847 - fewshot_modelnet_transferring_features - INFO - Save checkpoint at ./experiments/fewshot_modelnet_transferring_features/cfgs/LR_0.0015/ckpt-last.pth
2023-11-03 03:17:36,858 - fewshot_modelnet_transferring_features - INFO - [Training] EPOCH: 18 EpochTime = 2.009 (s) Losses = ['0.1306', '100.0000'] lr = 0.001447
2023-11-03 03:17:38,641 - fewshot_modelnet_transferring_features - INFO - [Validation] EPOCH: 18  acc = 99.0000
2023-11-03 03:17:41,274 - fewshot_modelnet_transferring_features - INFO - Save checkpoint at ./experiments/fewshot_modelnet_transferring_features/cfgs/LR_0.0015/ckpt-last.pth
2023-11-03 03:17:43,251 - fewshot_modelnet_transferring_features - INFO - [Training] EPOCH: 19 EpochTime = 1.975 (s) Losses = ['0.0900', '100.0000'] lr = 0.001441
2023-11-03 03:17:45,066 - fewshot_modelnet_transferring_features - INFO - [Validation] EPOCH: 19  acc = 99.0000
2023-11-03 03:17:47,493 - fewshot_modelnet_transferring_features - INFO - Save checkpoint at ./experiments/fewshot_modelnet_transferring_features/cfgs/LR_0.0015/ckpt-last.pth
2023-11-03 03:17:49,592 - fewshot_modelnet_transferring_features - INFO - [Training] EPOCH: 20 EpochTime = 2.097 (s) Losses = ['0.0988', '100.0000'] lr = 0.001435
2023-11-03 03:17:51,291 - fewshot_modelnet_transferring_features - INFO - [Validation] EPOCH: 20  acc = 99.0000
2023-11-03 03:17:53,580 - fewshot_modelnet_transferring_features - INFO - Save checkpoint at ./experiments/fewshot_modelnet_transferring_features/cfgs/LR_0.0015/ckpt-last.pth
2023-11-03 03:17:55,401 - fewshot_modelnet_transferring_features - INFO - [Training] EPOCH: 21 EpochTime = 1.820 (s) Losses = ['0.0884', '100.0000'] lr = 0.001429
2023-11-03 03:17:56,983 - fewshot_modelnet_transferring_features - INFO - [Validation] EPOCH: 21  acc = 99.0000
2023-11-03 03:17:58,649 - fewshot_modelnet_transferring_features - INFO - Save checkpoint at ./experiments/fewshot_modelnet_transferring_features/cfgs/LR_0.0015/ckpt-last.pth
2023-11-03 03:18:00,057 - fewshot_modelnet_transferring_features - INFO - [Training] EPOCH: 22 EpochTime = 1.407 (s) Losses = ['0.0842', '100.0000'] lr = 0.001422
2023-11-03 03:18:02,107 - fewshot_modelnet_transferring_features - INFO - [Validation] EPOCH: 22  acc = 99.0000
2023-11-03 03:18:04,381 - fewshot_modelnet_transferring_features - INFO - Save checkpoint at ./experiments/fewshot_modelnet_transferring_features/cfgs/LR_0.0015/ckpt-last.pth
2023-11-03 03:18:05,790 - fewshot_modelnet_transferring_features - INFO - [Training] EPOCH: 23 EpochTime = 1.407 (s) Losses = ['0.0899', '100.0000'] lr = 0.001415
2023-11-03 03:18:07,929 - fewshot_modelnet_transferring_features - INFO - [Validation] EPOCH: 23  acc = 99.0000
2023-11-03 03:18:09,497 - fewshot_modelnet_transferring_features - INFO - Save checkpoint at ./experiments/fewshot_modelnet_transferring_features/cfgs/LR_0.0015/ckpt-last.pth
2023-11-03 03:18:10,934 - fewshot_modelnet_transferring_features - INFO - [Training] EPOCH: 24 EpochTime = 1.435 (s) Losses = ['0.0646', '100.0000'] lr = 0.001407
2023-11-03 03:18:12,956 - fewshot_modelnet_transferring_features - INFO - [Validation] EPOCH: 24  acc = 99.0000
2023-11-03 03:18:14,566 - fewshot_modelnet_transferring_features - INFO - Save checkpoint at ./experiments/fewshot_modelnet_transferring_features/cfgs/LR_0.0015/ckpt-last.pth
2023-11-03 03:18:15,961 - fewshot_modelnet_transferring_features - INFO - [Training] EPOCH: 25 EpochTime = 1.394 (s) Losses = ['0.0567', '100.0000'] lr = 0.001400
2023-11-03 03:18:18,076 - fewshot_modelnet_transferring_features - INFO - [Validation] EPOCH: 25  acc = 99.0000
2023-11-03 03:18:19,584 - fewshot_modelnet_transferring_features - INFO - Save checkpoint at ./experiments/fewshot_modelnet_transferring_features/cfgs/LR_0.0015/ckpt-last.pth
2023-11-03 03:18:21,005 - fewshot_modelnet_transferring_features - INFO - [Training] EPOCH: 26 EpochTime = 1.419 (s) Losses = ['0.0625', '100.0000'] lr = 0.001392
2023-11-03 03:18:23,121 - fewshot_modelnet_transferring_features - INFO - [Validation] EPOCH: 26  acc = 98.5000
2023-11-03 03:18:24,682 - fewshot_modelnet_transferring_features - INFO - Save checkpoint at ./experiments/fewshot_modelnet_transferring_features/cfgs/LR_0.0015/ckpt-last.pth
2023-11-03 03:18:26,058 - fewshot_modelnet_transferring_features - INFO - [Training] EPOCH: 27 EpochTime = 1.374 (s) Losses = ['0.0484', '100.0000'] lr = 0.001383
2023-11-03 03:18:27,690 - fewshot_modelnet_transferring_features - INFO - [Validation] EPOCH: 27  acc = 97.5000
2023-11-03 03:18:29,270 - fewshot_modelnet_transferring_features - INFO - Save checkpoint at ./experiments/fewshot_modelnet_transferring_features/cfgs/LR_0.0015/ckpt-last.pth
2023-11-03 03:18:30,712 - fewshot_modelnet_transferring_features - INFO - [Training] EPOCH: 28 EpochTime = 1.441 (s) Losses = ['0.0419', '100.0000'] lr = 0.001375
2023-11-03 03:18:32,403 - fewshot_modelnet_transferring_features - INFO - [Validation] EPOCH: 28  acc = 97.5000
2023-11-03 03:18:33,946 - fewshot_modelnet_transferring_features - INFO - Save checkpoint at ./experiments/fewshot_modelnet_transferring_features/cfgs/LR_0.0015/ckpt-last.pth
2023-11-03 03:18:35,390 - fewshot_modelnet_transferring_features - INFO - [Training] EPOCH: 29 EpochTime = 1.440 (s) Losses = ['0.0548', '100.0000'] lr = 0.001366
2023-11-03 03:18:37,034 - fewshot_modelnet_transferring_features - INFO - [Validation] EPOCH: 29  acc = 97.0000
2023-11-03 03:18:38,550 - fewshot_modelnet_transferring_features - INFO - Save checkpoint at ./experiments/fewshot_modelnet_transferring_features/cfgs/LR_0.0015/ckpt-last.pth
2023-11-03 03:18:40,064 - fewshot_modelnet_transferring_features - INFO - [Training] EPOCH: 30 EpochTime = 1.513 (s) Losses = ['0.0372', '100.0000'] lr = 0.001357
2023-11-03 03:18:42,269 - fewshot_modelnet_transferring_features - INFO - [Validation] EPOCH: 30  acc = 97.0000
2023-11-03 03:18:43,911 - fewshot_modelnet_transferring_features - INFO - Save checkpoint at ./experiments/fewshot_modelnet_transferring_features/cfgs/LR_0.0015/ckpt-last.pth
2023-11-03 03:18:45,339 - fewshot_modelnet_transferring_features - INFO - [Training] EPOCH: 31 EpochTime = 1.427 (s) Losses = ['0.0455', '100.0000'] lr = 0.001347
2023-11-03 03:18:47,379 - fewshot_modelnet_transferring_features - INFO - [Validation] EPOCH: 31  acc = 97.5000
2023-11-03 03:18:48,935 - fewshot_modelnet_transferring_features - INFO - Save checkpoint at ./experiments/fewshot_modelnet_transferring_features/cfgs/LR_0.0015/ckpt-last.pth
2023-11-03 03:18:50,453 - fewshot_modelnet_transferring_features - INFO - [Training] EPOCH: 32 EpochTime = 1.515 (s) Losses = ['0.0372', '100.0000'] lr = 0.001338
2023-11-03 03:18:52,288 - fewshot_modelnet_transferring_features - INFO - [Validation] EPOCH: 32  acc = 98.5000
2023-11-03 03:18:53,914 - fewshot_modelnet_transferring_features - INFO - Save checkpoint at ./experiments/fewshot_modelnet_transferring_features/cfgs/LR_0.0015/ckpt-last.pth
2023-11-03 03:18:55,379 - fewshot_modelnet_transferring_features - INFO - [Training] EPOCH: 33 EpochTime = 1.463 (s) Losses = ['0.0334', '100.0000'] lr = 0.001328
2023-11-03 03:18:57,194 - fewshot_modelnet_transferring_features - INFO - [Validation] EPOCH: 33  acc = 99.0000
2023-11-03 03:18:58,751 - fewshot_modelnet_transferring_features - INFO - Save checkpoint at ./experiments/fewshot_modelnet_transferring_features/cfgs/LR_0.0015/ckpt-last.pth
2023-11-03 03:19:00,270 - fewshot_modelnet_transferring_features - INFO - [Training] EPOCH: 34 EpochTime = 1.517 (s) Losses = ['0.0395', '100.0000'] lr = 0.001318
2023-11-03 03:19:02,114 - fewshot_modelnet_transferring_features - INFO - [Validation] EPOCH: 34  acc = 99.5000
2023-11-03 03:19:03,638 - fewshot_modelnet_transferring_features - INFO - Save checkpoint at ./experiments/fewshot_modelnet_transferring_features/cfgs/LR_0.0015/ckpt-best.pth
2023-11-03 03:19:03,638 - fewshot_modelnet_transferring_features - INFO - --------------------------------------------------------------------------------------------
2023-11-03 03:19:05,250 - fewshot_modelnet_transferring_features - INFO - Save checkpoint at ./experiments/fewshot_modelnet_transferring_features/cfgs/LR_0.0015/ckpt-last.pth
2023-11-03 03:19:06,636 - fewshot_modelnet_transferring_features - INFO - [Training] EPOCH: 35 EpochTime = 1.382 (s) Losses = ['0.0418', '100.0000'] lr = 0.001307
2023-11-03 03:19:08,651 - fewshot_modelnet_transferring_features - INFO - [Validation] EPOCH: 35  acc = 99.5000
2023-11-03 03:19:10,281 - fewshot_modelnet_transferring_features - INFO - Save checkpoint at ./experiments/fewshot_modelnet_transferring_features/cfgs/LR_0.0015/ckpt-last.pth
2023-11-03 03:19:11,666 - fewshot_modelnet_transferring_features - INFO - [Training] EPOCH: 36 EpochTime = 1.383 (s) Losses = ['0.0475', '100.0000'] lr = 0.001297
2023-11-03 03:19:13,276 - fewshot_modelnet_transferring_features - INFO - [Validation] EPOCH: 36  acc = 99.5000
2023-11-03 03:19:14,842 - fewshot_modelnet_transferring_features - INFO - Save checkpoint at ./experiments/fewshot_modelnet_transferring_features/cfgs/LR_0.0015/ckpt-last.pth
2023-11-03 03:19:16,597 - fewshot_modelnet_transferring_features - INFO - [Training] EPOCH: 37 EpochTime = 1.753 (s) Losses = ['0.0389', '100.0000'] lr = 0.001286
2023-11-03 03:19:18,215 - fewshot_modelnet_transferring_features - INFO - [Validation] EPOCH: 37  acc = 99.5000
2023-11-03 03:19:19,750 - fewshot_modelnet_transferring_features - INFO - Save checkpoint at ./experiments/fewshot_modelnet_transferring_features/cfgs/LR_0.0015/ckpt-last.pth
2023-11-03 03:19:21,473 - fewshot_modelnet_transferring_features - INFO - [Training] EPOCH: 38 EpochTime = 1.721 (s) Losses = ['0.0333', '100.0000'] lr = 0.001275
2023-11-03 03:19:23,262 - fewshot_modelnet_transferring_features - INFO - [Validation] EPOCH: 38  acc = 99.5000
2023-11-03 03:19:25,284 - fewshot_modelnet_transferring_features - INFO - Save checkpoint at ./experiments/fewshot_modelnet_transferring_features/cfgs/LR_0.0015/ckpt-last.pth
2023-11-03 03:19:26,678 - fewshot_modelnet_transferring_features - INFO - [Training] EPOCH: 39 EpochTime = 1.392 (s) Losses = ['0.0232', '100.0000'] lr = 0.001264
2023-11-03 03:19:28,754 - fewshot_modelnet_transferring_features - INFO - [Validation] EPOCH: 39  acc = 99.5000
2023-11-03 03:19:30,293 - fewshot_modelnet_transferring_features - INFO - Save checkpoint at ./experiments/fewshot_modelnet_transferring_features/cfgs/LR_0.0015/ckpt-last.pth
2023-11-03 03:19:31,873 - fewshot_modelnet_transferring_features - INFO - [Training] EPOCH: 40 EpochTime = 1.578 (s) Losses = ['0.0214', '100.0000'] lr = 0.001252
2023-11-03 03:19:34,041 - fewshot_modelnet_transferring_features - INFO - [Validation] EPOCH: 40  acc = 99.0000
2023-11-03 03:19:35,580 - fewshot_modelnet_transferring_features - INFO - Save checkpoint at ./experiments/fewshot_modelnet_transferring_features/cfgs/LR_0.0015/ckpt-last.pth
2023-11-03 03:19:37,161 - fewshot_modelnet_transferring_features - INFO - [Training] EPOCH: 41 EpochTime = 1.579 (s) Losses = ['0.0228', '100.0000'] lr = 0.001240
2023-11-03 03:19:39,359 - fewshot_modelnet_transferring_features - INFO - [Validation] EPOCH: 41  acc = 99.0000
2023-11-03 03:19:40,852 - fewshot_modelnet_transferring_features - INFO - Save checkpoint at ./experiments/fewshot_modelnet_transferring_features/cfgs/LR_0.0015/ckpt-last.pth
2023-11-03 03:19:42,395 - fewshot_modelnet_transferring_features - INFO - [Training] EPOCH: 42 EpochTime = 1.542 (s) Losses = ['0.0373', '100.0000'] lr = 0.001228
2023-11-03 03:19:44,346 - fewshot_modelnet_transferring_features - INFO - [Validation] EPOCH: 42  acc = 99.5000
2023-11-03 03:19:46,539 - fewshot_modelnet_transferring_features - INFO - Save checkpoint at ./experiments/fewshot_modelnet_transferring_features/cfgs/LR_0.0015/ckpt-last.pth
2023-11-03 03:19:48,260 - fewshot_modelnet_transferring_features - INFO - [Training] EPOCH: 43 EpochTime = 1.718 (s) Losses = ['0.0364', '100.0000'] lr = 0.001216
2023-11-03 03:19:50,000 - fewshot_modelnet_transferring_features - INFO - [Validation] EPOCH: 43  acc = 99.5000
2023-11-03 03:19:52,552 - fewshot_modelnet_transferring_features - INFO - Save checkpoint at ./experiments/fewshot_modelnet_transferring_features/cfgs/LR_0.0015/ckpt-last.pth
2023-11-03 03:19:54,303 - fewshot_modelnet_transferring_features - INFO - [Training] EPOCH: 44 EpochTime = 1.748 (s) Losses = ['0.0270', '100.0000'] lr = 0.001204
2023-11-03 03:19:56,256 - fewshot_modelnet_transferring_features - INFO - [Validation] EPOCH: 44  acc = 99.5000
2023-11-03 03:19:57,785 - fewshot_modelnet_transferring_features - INFO - Save checkpoint at ./experiments/fewshot_modelnet_transferring_features/cfgs/LR_0.0015/ckpt-last.pth
2023-11-03 03:20:00,041 - fewshot_modelnet_transferring_features - INFO - [Training] EPOCH: 45 EpochTime = 2.254 (s) Losses = ['0.0181', '100.0000'] lr = 0.001191
2023-11-03 03:20:01,789 - fewshot_modelnet_transferring_features - INFO - [Validation] EPOCH: 45  acc = 99.5000
2023-11-03 03:20:03,264 - fewshot_modelnet_transferring_features - INFO - Save checkpoint at ./experiments/fewshot_modelnet_transferring_features/cfgs/LR_0.0015/ckpt-last.pth
2023-11-03 03:20:05,162 - fewshot_modelnet_transferring_features - INFO - [Training] EPOCH: 46 EpochTime = 1.896 (s) Losses = ['0.0270', '100.0000'] lr = 0.001178
2023-11-03 03:20:07,380 - fewshot_modelnet_transferring_features - INFO - [Validation] EPOCH: 46  acc = 99.5000
2023-11-03 03:20:08,942 - fewshot_modelnet_transferring_features - INFO - Save checkpoint at ./experiments/fewshot_modelnet_transferring_features/cfgs/LR_0.0015/ckpt-last.pth
2023-11-03 03:20:10,506 - fewshot_modelnet_transferring_features - INFO - [Training] EPOCH: 47 EpochTime = 1.561 (s) Losses = ['0.0224', '100.0000'] lr = 0.001165
2023-11-03 03:20:12,578 - fewshot_modelnet_transferring_features - INFO - [Validation] EPOCH: 47  acc = 99.5000
2023-11-03 03:20:14,248 - fewshot_modelnet_transferring_features - INFO - Save checkpoint at ./experiments/fewshot_modelnet_transferring_features/cfgs/LR_0.0015/ckpt-last.pth
2023-11-03 03:20:16,004 - fewshot_modelnet_transferring_features - INFO - [Training] EPOCH: 48 EpochTime = 1.754 (s) Losses = ['0.0134', '100.0000'] lr = 0.001152
2023-11-03 03:20:17,765 - fewshot_modelnet_transferring_features - INFO - [Validation] EPOCH: 48  acc = 99.5000
2023-11-03 03:20:19,950 - fewshot_modelnet_transferring_features - INFO - Save checkpoint at ./experiments/fewshot_modelnet_transferring_features/cfgs/LR_0.0015/ckpt-last.pth
2023-11-03 03:20:21,625 - fewshot_modelnet_transferring_features - INFO - [Training] EPOCH: 49 EpochTime = 1.673 (s) Losses = ['0.0225', '100.0000'] lr = 0.001139
2023-11-03 03:20:23,387 - fewshot_modelnet_transferring_features - INFO - [Validation] EPOCH: 49  acc = 99.5000
2023-11-03 03:20:24,928 - fewshot_modelnet_transferring_features - INFO - Save checkpoint at ./experiments/fewshot_modelnet_transferring_features/cfgs/LR_0.0015/ckpt-last.pth
2023-11-03 03:20:27,278 - fewshot_modelnet_transferring_features - INFO - [Training] EPOCH: 50 EpochTime = 2.349 (s) Losses = ['0.0246', '100.0000'] lr = 0.001125
2023-11-03 03:20:29,082 - fewshot_modelnet_transferring_features - INFO - [Validation] EPOCH: 50  acc = 99.5000
2023-11-03 03:20:30,561 - fewshot_modelnet_transferring_features - INFO - Save checkpoint at ./experiments/fewshot_modelnet_transferring_features/cfgs/LR_0.0015/ckpt-last.pth
2023-11-03 03:20:32,298 - fewshot_modelnet_transferring_features - INFO - [Training] EPOCH: 51 EpochTime = 1.735 (s) Losses = ['0.0217', '100.0000'] lr = 0.001112
2023-11-03 03:20:34,637 - fewshot_modelnet_transferring_features - INFO - [Validation] EPOCH: 51  acc = 99.5000
2023-11-03 03:20:36,112 - fewshot_modelnet_transferring_features - INFO - Save checkpoint at ./experiments/fewshot_modelnet_transferring_features/cfgs/LR_0.0015/ckpt-last.pth
2023-11-03 03:20:37,669 - fewshot_modelnet_transferring_features - INFO - [Training] EPOCH: 52 EpochTime = 1.555 (s) Losses = ['0.0188', '100.0000'] lr = 0.001098
2023-11-03 03:20:39,508 - fewshot_modelnet_transferring_features - INFO - [Validation] EPOCH: 52  acc = 99.5000
2023-11-03 03:20:41,088 - fewshot_modelnet_transferring_features - INFO - Save checkpoint at ./experiments/fewshot_modelnet_transferring_features/cfgs/LR_0.0015/ckpt-last.pth
2023-11-03 03:20:43,161 - fewshot_modelnet_transferring_features - INFO - [Training] EPOCH: 53 EpochTime = 2.072 (s) Losses = ['0.0202', '100.0000'] lr = 0.001084
2023-11-03 03:20:45,342 - fewshot_modelnet_transferring_features - INFO - [Validation] EPOCH: 53  acc = 99.5000
2023-11-03 03:20:47,895 - fewshot_modelnet_transferring_features - INFO - Save checkpoint at ./experiments/fewshot_modelnet_transferring_features/cfgs/LR_0.0015/ckpt-last.pth
2023-11-03 03:20:49,837 - fewshot_modelnet_transferring_features - INFO - [Training] EPOCH: 54 EpochTime = 1.941 (s) Losses = ['0.0202', '100.0000'] lr = 0.001070
2023-11-03 03:20:51,987 - fewshot_modelnet_transferring_features - INFO - [Validation] EPOCH: 54  acc = 99.5000
2023-11-03 03:20:53,591 - fewshot_modelnet_transferring_features - INFO - Save checkpoint at ./experiments/fewshot_modelnet_transferring_features/cfgs/LR_0.0015/ckpt-last.pth
2023-11-03 03:20:56,020 - fewshot_modelnet_transferring_features - INFO - [Training] EPOCH: 55 EpochTime = 2.427 (s) Losses = ['0.0150', '100.0000'] lr = 0.001055
2023-11-03 03:20:58,395 - fewshot_modelnet_transferring_features - INFO - [Validation] EPOCH: 55  acc = 99.5000
2023-11-03 03:20:59,933 - fewshot_modelnet_transferring_features - INFO - Save checkpoint at ./experiments/fewshot_modelnet_transferring_features/cfgs/LR_0.0015/ckpt-last.pth
2023-11-03 03:21:01,500 - fewshot_modelnet_transferring_features - INFO - [Training] EPOCH: 56 EpochTime = 1.565 (s) Losses = ['0.0187', '100.0000'] lr = 0.001041
2023-11-03 03:21:03,678 - fewshot_modelnet_transferring_features - INFO - [Validation] EPOCH: 56  acc = 99.0000
2023-11-03 03:21:05,195 - fewshot_modelnet_transferring_features - INFO - Save checkpoint at ./experiments/fewshot_modelnet_transferring_features/cfgs/LR_0.0015/ckpt-last.pth
2023-11-03 03:21:06,965 - fewshot_modelnet_transferring_features - INFO - [Training] EPOCH: 57 EpochTime = 1.768 (s) Losses = ['0.0185', '100.0000'] lr = 0.001026
2023-11-03 03:21:08,730 - fewshot_modelnet_transferring_features - INFO - [Validation] EPOCH: 57  acc = 98.5000
2023-11-03 03:21:10,982 - fewshot_modelnet_transferring_features - INFO - Save checkpoint at ./experiments/fewshot_modelnet_transferring_features/cfgs/LR_0.0015/ckpt-last.pth
2023-11-03 03:21:12,543 - fewshot_modelnet_transferring_features - INFO - [Training] EPOCH: 58 EpochTime = 1.559 (s) Losses = ['0.0161', '100.0000'] lr = 0.001012
2023-11-03 03:21:14,325 - fewshot_modelnet_transferring_features - INFO - [Validation] EPOCH: 58  acc = 98.5000
2023-11-03 03:21:16,966 - fewshot_modelnet_transferring_features - INFO - Save checkpoint at ./experiments/fewshot_modelnet_transferring_features/cfgs/LR_0.0015/ckpt-last.pth
2023-11-03 03:21:18,524 - fewshot_modelnet_transferring_features - INFO - [Training] EPOCH: 59 EpochTime = 1.556 (s) Losses = ['0.0157', '100.0000'] lr = 0.000997
2023-11-03 03:21:20,862 - fewshot_modelnet_transferring_features - INFO - [Validation] EPOCH: 59  acc = 99.0000
2023-11-03 03:21:22,402 - fewshot_modelnet_transferring_features - INFO - Save checkpoint at ./experiments/fewshot_modelnet_transferring_features/cfgs/LR_0.0015/ckpt-last.pth
2023-11-03 03:21:23,954 - fewshot_modelnet_transferring_features - INFO - [Training] EPOCH: 60 EpochTime = 1.550 (s) Losses = ['0.0170', '100.0000'] lr = 0.000982
2023-11-03 03:21:26,035 - fewshot_modelnet_transferring_features - INFO - [Validation] EPOCH: 60  acc = 99.0000
2023-11-03 03:21:27,689 - fewshot_modelnet_transferring_features - INFO - Save checkpoint at ./experiments/fewshot_modelnet_transferring_features/cfgs/LR_0.0015/ckpt-last.pth
2023-11-03 03:21:29,789 - fewshot_modelnet_transferring_features - INFO - [Training] EPOCH: 61 EpochTime = 2.099 (s) Losses = ['0.0201', '100.0000'] lr = 0.000967
2023-11-03 03:21:31,948 - fewshot_modelnet_transferring_features - INFO - [Validation] EPOCH: 61  acc = 99.5000
2023-11-03 03:21:34,124 - fewshot_modelnet_transferring_features - INFO - Save checkpoint at ./experiments/fewshot_modelnet_transferring_features/cfgs/LR_0.0015/ckpt-last.pth
2023-11-03 03:21:35,699 - fewshot_modelnet_transferring_features - INFO - [Training] EPOCH: 62 EpochTime = 1.573 (s) Losses = ['0.0158', '100.0000'] lr = 0.000952
2023-11-03 03:21:37,466 - fewshot_modelnet_transferring_features - INFO - [Validation] EPOCH: 62  acc = 99.5000
2023-11-03 03:21:39,681 - fewshot_modelnet_transferring_features - INFO - Save checkpoint at ./experiments/fewshot_modelnet_transferring_features/cfgs/LR_0.0015/ckpt-last.pth
2023-11-03 03:21:41,223 - fewshot_modelnet_transferring_features - INFO - [Training] EPOCH: 63 EpochTime = 1.541 (s) Losses = ['0.0199', '100.0000'] lr = 0.000937
2023-11-03 03:21:43,501 - fewshot_modelnet_transferring_features - INFO - [Validation] EPOCH: 63  acc = 99.5000
2023-11-03 03:21:44,975 - fewshot_modelnet_transferring_features - INFO - Save checkpoint at ./experiments/fewshot_modelnet_transferring_features/cfgs/LR_0.0015/ckpt-last.pth
2023-11-03 03:21:46,951 - fewshot_modelnet_transferring_features - INFO - [Training] EPOCH: 64 EpochTime = 1.974 (s) Losses = ['0.0110', '100.0000'] lr = 0.000922
2023-11-03 03:21:49,170 - fewshot_modelnet_transferring_features - INFO - [Validation] EPOCH: 64  acc = 99.5000
2023-11-03 03:21:51,466 - fewshot_modelnet_transferring_features - INFO - Save checkpoint at ./experiments/fewshot_modelnet_transferring_features/cfgs/LR_0.0015/ckpt-last.pth
2023-11-03 03:21:53,024 - fewshot_modelnet_transferring_features - INFO - [Training] EPOCH: 65 EpochTime = 1.556 (s) Losses = ['0.0161', '100.0000'] lr = 0.000906
2023-11-03 03:21:54,767 - fewshot_modelnet_transferring_features - INFO - [Validation] EPOCH: 65  acc = 99.5000
2023-11-03 03:21:56,290 - fewshot_modelnet_transferring_features - INFO - Save checkpoint at ./experiments/fewshot_modelnet_transferring_features/cfgs/LR_0.0015/ckpt-last.pth
2023-11-03 03:21:58,262 - fewshot_modelnet_transferring_features - INFO - [Training] EPOCH: 66 EpochTime = 1.970 (s) Losses = ['0.0129', '100.0000'] lr = 0.000891
2023-11-03 03:22:00,054 - fewshot_modelnet_transferring_features - INFO - [Validation] EPOCH: 66  acc = 99.5000
2023-11-03 03:22:01,618 - fewshot_modelnet_transferring_features - INFO - Save checkpoint at ./experiments/fewshot_modelnet_transferring_features/cfgs/LR_0.0015/ckpt-last.pth
2023-11-03 03:22:03,279 - fewshot_modelnet_transferring_features - INFO - [Training] EPOCH: 67 EpochTime = 1.659 (s) Losses = ['0.0182', '100.0000'] lr = 0.000875
2023-11-03 03:22:05,478 - fewshot_modelnet_transferring_features - INFO - [Validation] EPOCH: 67  acc = 99.5000
2023-11-03 03:22:07,005 - fewshot_modelnet_transferring_features - INFO - Save checkpoint at ./experiments/fewshot_modelnet_transferring_features/cfgs/LR_0.0015/ckpt-last.pth
2023-11-03 03:22:08,597 - fewshot_modelnet_transferring_features - INFO - [Training] EPOCH: 68 EpochTime = 1.590 (s) Losses = ['0.0104', '100.0000'] lr = 0.000860
2023-11-03 03:22:10,577 - fewshot_modelnet_transferring_features - INFO - [Validation] EPOCH: 68  acc = 99.5000
2023-11-03 03:22:12,369 - fewshot_modelnet_transferring_features - INFO - Save checkpoint at ./experiments/fewshot_modelnet_transferring_features/cfgs/LR_0.0015/ckpt-last.pth
2023-11-03 03:22:14,398 - fewshot_modelnet_transferring_features - INFO - [Training] EPOCH: 69 EpochTime = 2.024 (s) Losses = ['0.0126', '100.0000'] lr = 0.000844
2023-11-03 03:22:16,642 - fewshot_modelnet_transferring_features - INFO - [Validation] EPOCH: 69  acc = 99.5000
2023-11-03 03:22:18,837 - fewshot_modelnet_transferring_features - INFO - Save checkpoint at ./experiments/fewshot_modelnet_transferring_features/cfgs/LR_0.0015/ckpt-last.pth
2023-11-03 03:22:20,491 - fewshot_modelnet_transferring_features - INFO - [Training] EPOCH: 70 EpochTime = 1.652 (s) Losses = ['0.0102', '100.0000'] lr = 0.000829
2023-11-03 03:22:22,232 - fewshot_modelnet_transferring_features - INFO - [Validation] EPOCH: 70  acc = 99.5000
2023-11-03 03:22:23,843 - fewshot_modelnet_transferring_features - INFO - Save checkpoint at ./experiments/fewshot_modelnet_transferring_features/cfgs/LR_0.0015/ckpt-last.pth
2023-11-03 03:22:25,660 - fewshot_modelnet_transferring_features - INFO - [Training] EPOCH: 71 EpochTime = 1.815 (s) Losses = ['0.0100', '100.0000'] lr = 0.000813
2023-11-03 03:22:27,907 - fewshot_modelnet_transferring_features - INFO - [Validation] EPOCH: 71  acc = 99.5000
2023-11-03 03:22:29,512 - fewshot_modelnet_transferring_features - INFO - Save checkpoint at ./experiments/fewshot_modelnet_transferring_features/cfgs/LR_0.0015/ckpt-last.pth
2023-11-03 03:22:31,090 - fewshot_modelnet_transferring_features - INFO - [Training] EPOCH: 72 EpochTime = 1.576 (s) Losses = ['0.0129', '100.0000'] lr = 0.000798
2023-11-03 03:22:32,998 - fewshot_modelnet_transferring_features - INFO - [Validation] EPOCH: 72  acc = 99.5000
2023-11-03 03:22:34,650 - fewshot_modelnet_transferring_features - INFO - Save checkpoint at ./experiments/fewshot_modelnet_transferring_features/cfgs/LR_0.0015/ckpt-last.pth
2023-11-03 03:22:36,774 - fewshot_modelnet_transferring_features - INFO - [Training] EPOCH: 73 EpochTime = 2.122 (s) Losses = ['0.0097', '100.0000'] lr = 0.000782
2023-11-03 03:22:39,072 - fewshot_modelnet_transferring_features - INFO - [Validation] EPOCH: 73  acc = 99.5000
2023-11-03 03:22:41,314 - fewshot_modelnet_transferring_features - INFO - Save checkpoint at ./experiments/fewshot_modelnet_transferring_features/cfgs/LR_0.0015/ckpt-last.pth
2023-11-03 03:22:43,035 - fewshot_modelnet_transferring_features - INFO - [Training] EPOCH: 74 EpochTime = 1.719 (s) Losses = ['0.0145', '100.0000'] lr = 0.000766
2023-11-03 03:22:44,799 - fewshot_modelnet_transferring_features - INFO - [Validation] EPOCH: 74  acc = 99.0000
2023-11-03 03:22:46,409 - fewshot_modelnet_transferring_features - INFO - Save checkpoint at ./experiments/fewshot_modelnet_transferring_features/cfgs/LR_0.0015/ckpt-last.pth
2023-11-03 03:22:48,111 - fewshot_modelnet_transferring_features - INFO - [Training] EPOCH: 75 EpochTime = 1.700 (s) Losses = ['0.0088', '100.0000'] lr = 0.000751
2023-11-03 03:22:50,399 - fewshot_modelnet_transferring_features - INFO - [Validation] EPOCH: 75  acc = 99.5000
2023-11-03 03:22:52,003 - fewshot_modelnet_transferring_features - INFO - Save checkpoint at ./experiments/fewshot_modelnet_transferring_features/cfgs/LR_0.0015/ckpt-last.pth
2023-11-03 03:22:53,541 - fewshot_modelnet_transferring_features - INFO - [Training] EPOCH: 76 EpochTime = 1.537 (s) Losses = ['0.0228', '100.0000'] lr = 0.000735
2023-11-03 03:22:55,575 - fewshot_modelnet_transferring_features - INFO - [Validation] EPOCH: 76  acc = 99.5000
2023-11-03 03:22:57,207 - fewshot_modelnet_transferring_features - INFO - Save checkpoint at ./experiments/fewshot_modelnet_transferring_features/cfgs/LR_0.0015/ckpt-last.pth
2023-11-03 03:22:58,993 - fewshot_modelnet_transferring_features - INFO - [Training] EPOCH: 77 EpochTime = 1.784 (s) Losses = ['0.0122', '100.0000'] lr = 0.000719
2023-11-03 03:23:00,760 - fewshot_modelnet_transferring_features - INFO - [Validation] EPOCH: 77  acc = 99.5000
2023-11-03 03:23:03,150 - fewshot_modelnet_transferring_features - INFO - Save checkpoint at ./experiments/fewshot_modelnet_transferring_features/cfgs/LR_0.0015/ckpt-last.pth
2023-11-03 03:23:05,111 - fewshot_modelnet_transferring_features - INFO - [Training] EPOCH: 78 EpochTime = 1.958 (s) Losses = ['0.0110', '100.0000'] lr = 0.000703
2023-11-03 03:23:07,089 - fewshot_modelnet_transferring_features - INFO - [Validation] EPOCH: 78  acc = 99.5000
2023-11-03 03:23:09,338 - fewshot_modelnet_transferring_features - INFO - Save checkpoint at ./experiments/fewshot_modelnet_transferring_features/cfgs/LR_0.0015/ckpt-last.pth
2023-11-03 03:23:10,892 - fewshot_modelnet_transferring_features - INFO - [Training] EPOCH: 79 EpochTime = 1.552 (s) Losses = ['0.0184', '100.0000'] lr = 0.000688
2023-11-03 03:23:12,643 - fewshot_modelnet_transferring_features - INFO - [Validation] EPOCH: 79  acc = 99.5000
2023-11-03 03:23:14,165 - fewshot_modelnet_transferring_features - INFO - Save checkpoint at ./experiments/fewshot_modelnet_transferring_features/cfgs/LR_0.0015/ckpt-last.pth
2023-11-03 03:23:16,170 - fewshot_modelnet_transferring_features - INFO - [Training] EPOCH: 80 EpochTime = 2.003 (s) Losses = ['0.0131', '100.0000'] lr = 0.000672
2023-11-03 03:23:18,368 - fewshot_modelnet_transferring_features - INFO - [Validation] EPOCH: 80  acc = 99.5000
2023-11-03 03:23:19,953 - fewshot_modelnet_transferring_features - INFO - Save checkpoint at ./experiments/fewshot_modelnet_transferring_features/cfgs/LR_0.0015/ckpt-last.pth
2023-11-03 03:23:21,505 - fewshot_modelnet_transferring_features - INFO - [Training] EPOCH: 81 EpochTime = 1.550 (s) Losses = ['0.0156', '100.0000'] lr = 0.000657
2023-11-03 03:23:23,600 - fewshot_modelnet_transferring_features - INFO - [Validation] EPOCH: 81  acc = 99.5000
2023-11-03 03:23:25,303 - fewshot_modelnet_transferring_features - INFO - Save checkpoint at ./experiments/fewshot_modelnet_transferring_features/cfgs/LR_0.0015/ckpt-last.pth
2023-11-03 03:23:27,082 - fewshot_modelnet_transferring_features - INFO - [Training] EPOCH: 82 EpochTime = 1.778 (s) Losses = ['0.0096', '100.0000'] lr = 0.000641
2023-11-03 03:23:28,948 - fewshot_modelnet_transferring_features - INFO - [Validation] EPOCH: 82  acc = 99.5000
2023-11-03 03:23:31,063 - fewshot_modelnet_transferring_features - INFO - Save checkpoint at ./experiments/fewshot_modelnet_transferring_features/cfgs/LR_0.0015/ckpt-last.pth
2023-11-03 03:23:33,113 - fewshot_modelnet_transferring_features - INFO - [Training] EPOCH: 83 EpochTime = 2.048 (s) Losses = ['0.0097', '100.0000'] lr = 0.000626
2023-11-03 03:23:35,301 - fewshot_modelnet_transferring_features - INFO - [Validation] EPOCH: 83  acc = 99.0000
2023-11-03 03:23:36,881 - fewshot_modelnet_transferring_features - INFO - Save checkpoint at ./experiments/fewshot_modelnet_transferring_features/cfgs/LR_0.0015/ckpt-last.pth
2023-11-03 03:23:38,860 - fewshot_modelnet_transferring_features - INFO - [Training] EPOCH: 84 EpochTime = 1.978 (s) Losses = ['0.0144', '100.0000'] lr = 0.000610
2023-11-03 03:23:40,681 - fewshot_modelnet_transferring_features - INFO - [Validation] EPOCH: 84  acc = 99.0000
2023-11-03 03:23:42,326 - fewshot_modelnet_transferring_features - INFO - Save checkpoint at ./experiments/fewshot_modelnet_transferring_features/cfgs/LR_0.0015/ckpt-last.pth
2023-11-03 03:23:43,869 - fewshot_modelnet_transferring_features - INFO - [Training] EPOCH: 85 EpochTime = 1.542 (s) Losses = ['0.0122', '100.0000'] lr = 0.000595
2023-11-03 03:23:46,100 - fewshot_modelnet_transferring_features - INFO - [Validation] EPOCH: 85  acc = 99.0000
2023-11-03 03:23:47,666 - fewshot_modelnet_transferring_features - INFO - Save checkpoint at ./experiments/fewshot_modelnet_transferring_features/cfgs/LR_0.0015/ckpt-last.pth
2023-11-03 03:23:49,214 - fewshot_modelnet_transferring_features - INFO - [Training] EPOCH: 86 EpochTime = 1.546 (s) Losses = ['0.0099', '100.0000'] lr = 0.000579
2023-11-03 03:23:51,332 - fewshot_modelnet_transferring_features - INFO - [Validation] EPOCH: 86  acc = 99.0000
2023-11-03 03:23:52,881 - fewshot_modelnet_transferring_features - INFO - Save checkpoint at ./experiments/fewshot_modelnet_transferring_features/cfgs/LR_0.0015/ckpt-last.pth
2023-11-03 03:23:54,655 - fewshot_modelnet_transferring_features - INFO - [Training] EPOCH: 87 EpochTime = 1.772 (s) Losses = ['0.0102', '100.0000'] lr = 0.000564
2023-11-03 03:23:56,421 - fewshot_modelnet_transferring_features - INFO - [Validation] EPOCH: 87  acc = 99.0000
2023-11-03 03:23:58,554 - fewshot_modelnet_transferring_features - INFO - Save checkpoint at ./experiments/fewshot_modelnet_transferring_features/cfgs/LR_0.0015/ckpt-last.pth
2023-11-03 03:24:00,581 - fewshot_modelnet_transferring_features - INFO - [Training] EPOCH: 88 EpochTime = 2.026 (s) Losses = ['0.0098', '100.0000'] lr = 0.000549
2023-11-03 03:24:03,109 - fewshot_modelnet_transferring_features - INFO - [Validation] EPOCH: 88  acc = 99.0000
2023-11-03 03:24:04,737 - fewshot_modelnet_transferring_features - INFO - Save checkpoint at ./experiments/fewshot_modelnet_transferring_features/cfgs/LR_0.0015/ckpt-last.pth
2023-11-03 03:24:06,582 - fewshot_modelnet_transferring_features - INFO - [Training] EPOCH: 89 EpochTime = 1.843 (s) Losses = ['0.0091', '100.0000'] lr = 0.000534
2023-11-03 03:24:08,335 - fewshot_modelnet_transferring_features - INFO - [Validation] EPOCH: 89  acc = 99.0000
2023-11-03 03:24:09,837 - fewshot_modelnet_transferring_features - INFO - Save checkpoint at ./experiments/fewshot_modelnet_transferring_features/cfgs/LR_0.0015/ckpt-last.pth
2023-11-03 03:24:11,708 - fewshot_modelnet_transferring_features - INFO - [Training] EPOCH: 90 EpochTime = 1.869 (s) Losses = ['0.0070', '100.0000'] lr = 0.000519
2023-11-03 03:24:13,878 - fewshot_modelnet_transferring_features - INFO - [Validation] EPOCH: 90  acc = 99.5000
2023-11-03 03:24:15,391 - fewshot_modelnet_transferring_features - INFO - Save checkpoint at ./experiments/fewshot_modelnet_transferring_features/cfgs/LR_0.0015/ckpt-last.pth
2023-11-03 03:24:16,968 - fewshot_modelnet_transferring_features - INFO - [Training] EPOCH: 91 EpochTime = 1.575 (s) Losses = ['0.0093', '100.0000'] lr = 0.000504
2023-11-03 03:24:19,024 - fewshot_modelnet_transferring_features - INFO - [Validation] EPOCH: 91  acc = 99.5000
2023-11-03 03:24:20,686 - fewshot_modelnet_transferring_features - INFO - Save checkpoint at ./experiments/fewshot_modelnet_transferring_features/cfgs/LR_0.0015/ckpt-last.pth
2023-11-03 03:24:22,440 - fewshot_modelnet_transferring_features - INFO - [Training] EPOCH: 92 EpochTime = 1.752 (s) Losses = ['0.0088', '100.0000'] lr = 0.000489
2023-11-03 03:24:24,275 - fewshot_modelnet_transferring_features - INFO - [Validation] EPOCH: 92  acc = 99.5000
2023-11-03 03:24:26,408 - fewshot_modelnet_transferring_features - INFO - Save checkpoint at ./experiments/fewshot_modelnet_transferring_features/cfgs/LR_0.0015/ckpt-last.pth
2023-11-03 03:24:28,193 - fewshot_modelnet_transferring_features - INFO - [Training] EPOCH: 93 EpochTime = 1.784 (s) Losses = ['0.0083', '100.0000'] lr = 0.000475
2023-11-03 03:24:30,168 - fewshot_modelnet_transferring_features - INFO - [Validation] EPOCH: 93  acc = 99.5000
2023-11-03 03:24:31,639 - fewshot_modelnet_transferring_features - INFO - Save checkpoint at ./experiments/fewshot_modelnet_transferring_features/cfgs/LR_0.0015/ckpt-last.pth
2023-11-03 03:24:33,875 - fewshot_modelnet_transferring_features - INFO - [Training] EPOCH: 94 EpochTime = 2.234 (s) Losses = ['0.0131', '100.0000'] lr = 0.000460
2023-11-03 03:24:35,846 - fewshot_modelnet_transferring_features - INFO - [Validation] EPOCH: 94  acc = 99.0000
2023-11-03 03:24:37,333 - fewshot_modelnet_transferring_features - INFO - Save checkpoint at ./experiments/fewshot_modelnet_transferring_features/cfgs/LR_0.0015/ckpt-last.pth
2023-11-03 03:24:38,914 - fewshot_modelnet_transferring_features - INFO - [Training] EPOCH: 95 EpochTime = 1.578 (s) Losses = ['0.0094', '100.0000'] lr = 0.000446
2023-11-03 03:24:41,201 - fewshot_modelnet_transferring_features - INFO - [Validation] EPOCH: 95  acc = 99.0000
2023-11-03 03:24:42,809 - fewshot_modelnet_transferring_features - INFO - Save checkpoint at ./experiments/fewshot_modelnet_transferring_features/cfgs/LR_0.0015/ckpt-last.pth
2023-11-03 03:24:44,377 - fewshot_modelnet_transferring_features - INFO - [Training] EPOCH: 96 EpochTime = 1.566 (s) Losses = ['0.0087', '100.0000'] lr = 0.000431
2023-11-03 03:24:46,553 - fewshot_modelnet_transferring_features - INFO - [Validation] EPOCH: 96  acc = 99.0000
2023-11-03 03:24:49,016 - fewshot_modelnet_transferring_features - INFO - Save checkpoint at ./experiments/fewshot_modelnet_transferring_features/cfgs/LR_0.0015/ckpt-last.pth
2023-11-03 03:24:50,718 - fewshot_modelnet_transferring_features - INFO - [Training] EPOCH: 97 EpochTime = 1.700 (s) Losses = ['0.0091', '100.0000'] lr = 0.000417
2023-11-03 03:24:52,450 - fewshot_modelnet_transferring_features - INFO - [Validation] EPOCH: 97  acc = 99.0000
2023-11-03 03:24:54,556 - fewshot_modelnet_transferring_features - INFO - Save checkpoint at ./experiments/fewshot_modelnet_transferring_features/cfgs/LR_0.0015/ckpt-last.pth
2023-11-03 03:24:56,274 - fewshot_modelnet_transferring_features - INFO - [Training] EPOCH: 98 EpochTime = 1.717 (s) Losses = ['0.0084', '100.0000'] lr = 0.000403
2023-11-03 03:24:58,224 - fewshot_modelnet_transferring_features - INFO - [Validation] EPOCH: 98  acc = 99.0000
2023-11-03 03:24:59,818 - fewshot_modelnet_transferring_features - INFO - Save checkpoint at ./experiments/fewshot_modelnet_transferring_features/cfgs/LR_0.0015/ckpt-last.pth
2023-11-03 03:25:02,049 - fewshot_modelnet_transferring_features - INFO - [Training] EPOCH: 99 EpochTime = 2.229 (s) Losses = ['0.0160', '100.0000'] lr = 0.000389
2023-11-03 03:25:04,081 - fewshot_modelnet_transferring_features - INFO - [Validation] EPOCH: 99  acc = 99.0000
2023-11-03 03:25:05,613 - fewshot_modelnet_transferring_features - INFO - Save checkpoint at ./experiments/fewshot_modelnet_transferring_features/cfgs/LR_0.0015/ckpt-last.pth
2023-11-03 03:25:07,237 - fewshot_modelnet_transferring_features - INFO - [Training] EPOCH: 100 EpochTime = 1.622 (s) Losses = ['0.0168', '100.0000'] lr = 0.000376
2023-11-03 03:25:09,418 - fewshot_modelnet_transferring_features - INFO - [Validation] EPOCH: 100  acc = 99.5000
2023-11-03 03:25:10,904 - fewshot_modelnet_transferring_features - INFO - Save checkpoint at ./experiments/fewshot_modelnet_transferring_features/cfgs/LR_0.0015/ckpt-last.pth
2023-11-03 03:25:12,595 - fewshot_modelnet_transferring_features - INFO - [Training] EPOCH: 101 EpochTime = 1.689 (s) Losses = ['0.0078', '100.0000'] lr = 0.000362
2023-11-03 03:25:14,530 - fewshot_modelnet_transferring_features - INFO - [Validation] EPOCH: 101  acc = 99.5000
2023-11-03 03:25:17,429 - fewshot_modelnet_transferring_features - INFO - Save checkpoint at ./experiments/fewshot_modelnet_transferring_features/cfgs/LR_0.0015/ckpt-last.pth
2023-11-03 03:25:19,014 - fewshot_modelnet_transferring_features - INFO - [Training] EPOCH: 102 EpochTime = 1.583 (s) Losses = ['0.0097', '100.0000'] lr = 0.000349
2023-11-03 03:25:20,881 - fewshot_modelnet_transferring_features - INFO - [Validation] EPOCH: 102  acc = 99.0000
2023-11-03 03:25:22,489 - fewshot_modelnet_transferring_features - INFO - Save checkpoint at ./experiments/fewshot_modelnet_transferring_features/cfgs/LR_0.0015/ckpt-last.pth
2023-11-03 03:25:24,471 - fewshot_modelnet_transferring_features - INFO - [Training] EPOCH: 103 EpochTime = 1.980 (s) Losses = ['0.0104', '100.0000'] lr = 0.000336
2023-11-03 03:25:26,221 - fewshot_modelnet_transferring_features - INFO - [Validation] EPOCH: 103  acc = 99.0000
2023-11-03 03:25:27,749 - fewshot_modelnet_transferring_features - INFO - Save checkpoint at ./experiments/fewshot_modelnet_transferring_features/cfgs/LR_0.0015/ckpt-last.pth
2023-11-03 03:25:29,445 - fewshot_modelnet_transferring_features - INFO - [Training] EPOCH: 104 EpochTime = 1.695 (s) Losses = ['0.0152', '100.0000'] lr = 0.000323
2023-11-03 03:25:31,656 - fewshot_modelnet_transferring_features - INFO - [Validation] EPOCH: 104  acc = 99.0000
2023-11-03 03:25:33,174 - fewshot_modelnet_transferring_features - INFO - Save checkpoint at ./experiments/fewshot_modelnet_transferring_features/cfgs/LR_0.0015/ckpt-last.pth
2023-11-03 03:25:34,684 - fewshot_modelnet_transferring_features - INFO - [Training] EPOCH: 105 EpochTime = 1.508 (s) Losses = ['0.0149', '100.0000'] lr = 0.000310
2023-11-03 03:25:36,703 - fewshot_modelnet_transferring_features - INFO - [Validation] EPOCH: 105  acc = 99.5000
2023-11-03 03:25:38,426 - fewshot_modelnet_transferring_features - INFO - Save checkpoint at ./experiments/fewshot_modelnet_transferring_features/cfgs/LR_0.0015/ckpt-last.pth
2023-11-03 03:25:40,200 - fewshot_modelnet_transferring_features - INFO - [Training] EPOCH: 106 EpochTime = 1.771 (s) Losses = ['0.0100', '100.0000'] lr = 0.000297
2023-11-03 03:25:41,961 - fewshot_modelnet_transferring_features - INFO - [Validation] EPOCH: 106  acc = 99.5000
2023-11-03 03:25:44,031 - fewshot_modelnet_transferring_features - INFO - Save checkpoint at ./experiments/fewshot_modelnet_transferring_features/cfgs/LR_0.0015/ckpt-last.pth
2023-11-03 03:25:45,918 - fewshot_modelnet_transferring_features - INFO - [Training] EPOCH: 107 EpochTime = 1.885 (s) Losses = ['0.0114', '100.0000'] lr = 0.000285
2023-11-03 03:25:47,884 - fewshot_modelnet_transferring_features - INFO - [Validation] EPOCH: 107  acc = 99.5000
2023-11-03 03:25:49,402 - fewshot_modelnet_transferring_features - INFO - Save checkpoint at ./experiments/fewshot_modelnet_transferring_features/cfgs/LR_0.0015/ckpt-last.pth
2023-11-03 03:25:51,598 - fewshot_modelnet_transferring_features - INFO - [Training] EPOCH: 108 EpochTime = 2.194 (s) Losses = ['0.0108', '100.0000'] lr = 0.000273
2023-11-03 03:25:53,545 - fewshot_modelnet_transferring_features - INFO - [Validation] EPOCH: 108  acc = 99.5000
2023-11-03 03:25:55,343 - fewshot_modelnet_transferring_features - INFO - Save checkpoint at ./experiments/fewshot_modelnet_transferring_features/cfgs/LR_0.0015/ckpt-last.pth
2023-11-03 03:25:56,882 - fewshot_modelnet_transferring_features - INFO - [Training] EPOCH: 109 EpochTime = 1.537 (s) Losses = ['0.0133', '100.0000'] lr = 0.000261
2023-11-03 03:25:59,101 - fewshot_modelnet_transferring_features - INFO - [Validation] EPOCH: 109  acc = 99.5000
2023-11-03 03:26:00,697 - fewshot_modelnet_transferring_features - INFO - Save checkpoint at ./experiments/fewshot_modelnet_transferring_features/cfgs/LR_0.0015/ckpt-last.pth
2023-11-03 03:26:02,473 - fewshot_modelnet_transferring_features - INFO - [Training] EPOCH: 110 EpochTime = 1.775 (s) Losses = ['0.0078', '100.0000'] lr = 0.000249
2023-11-03 03:26:04,206 - fewshot_modelnet_transferring_features - INFO - [Validation] EPOCH: 110  acc = 99.5000
2023-11-03 03:26:06,386 - fewshot_modelnet_transferring_features - INFO - Save checkpoint at ./experiments/fewshot_modelnet_transferring_features/cfgs/LR_0.0015/ckpt-last.pth
2023-11-03 03:26:07,976 - fewshot_modelnet_transferring_features - INFO - [Training] EPOCH: 111 EpochTime = 1.587 (s) Losses = ['0.0163', '100.0000'] lr = 0.000237
2023-11-03 03:26:09,749 - fewshot_modelnet_transferring_features - INFO - [Validation] EPOCH: 111  acc = 99.5000
2023-11-03 03:26:11,420 - fewshot_modelnet_transferring_features - INFO - Save checkpoint at ./experiments/fewshot_modelnet_transferring_features/cfgs/LR_0.0015/ckpt-last.pth
2023-11-03 03:26:13,715 - fewshot_modelnet_transferring_features - INFO - [Training] EPOCH: 112 EpochTime = 2.293 (s) Losses = ['0.0095', '100.0000'] lr = 0.000226
2023-11-03 03:26:15,842 - fewshot_modelnet_transferring_features - INFO - [Validation] EPOCH: 112  acc = 99.5000
2023-11-03 03:26:17,443 - fewshot_modelnet_transferring_features - INFO - Save checkpoint at ./experiments/fewshot_modelnet_transferring_features/cfgs/LR_0.0015/ckpt-last.pth
2023-11-03 03:26:18,966 - fewshot_modelnet_transferring_features - INFO - [Training] EPOCH: 113 EpochTime = 1.522 (s) Losses = ['0.0072', '100.0000'] lr = 0.000215
2023-11-03 03:26:21,159 - fewshot_modelnet_transferring_features - INFO - [Validation] EPOCH: 113  acc = 99.5000
2023-11-03 03:26:22,735 - fewshot_modelnet_transferring_features - INFO - Save checkpoint at ./experiments/fewshot_modelnet_transferring_features/cfgs/LR_0.0015/ckpt-last.pth
2023-11-03 03:26:24,290 - fewshot_modelnet_transferring_features - INFO - [Training] EPOCH: 114 EpochTime = 1.553 (s) Losses = ['0.0119', '100.0000'] lr = 0.000204
2023-11-03 03:26:26,084 - fewshot_modelnet_transferring_features - INFO - [Validation] EPOCH: 114  acc = 99.5000
2023-11-03 03:26:28,252 - fewshot_modelnet_transferring_features - INFO - Save checkpoint at ./experiments/fewshot_modelnet_transferring_features/cfgs/LR_0.0015/ckpt-last.pth
2023-11-03 03:26:30,063 - fewshot_modelnet_transferring_features - INFO - [Training] EPOCH: 115 EpochTime = 1.808 (s) Losses = ['0.0107', '100.0000'] lr = 0.000194
2023-11-03 03:26:32,074 - fewshot_modelnet_transferring_features - INFO - [Validation] EPOCH: 115  acc = 99.5000
2023-11-03 03:26:33,554 - fewshot_modelnet_transferring_features - INFO - Save checkpoint at ./experiments/fewshot_modelnet_transferring_features/cfgs/LR_0.0015/ckpt-last.pth
2023-11-03 03:26:35,535 - fewshot_modelnet_transferring_features - INFO - [Training] EPOCH: 116 EpochTime = 1.979 (s) Losses = ['0.0094', '100.0000'] lr = 0.000183
2023-11-03 03:26:37,315 - fewshot_modelnet_transferring_features - INFO - [Validation] EPOCH: 116  acc = 99.5000
2023-11-03 03:26:38,875 - fewshot_modelnet_transferring_features - INFO - Save checkpoint at ./experiments/fewshot_modelnet_transferring_features/cfgs/LR_0.0015/ckpt-last.pth
2023-11-03 03:26:40,534 - fewshot_modelnet_transferring_features - INFO - [Training] EPOCH: 117 EpochTime = 1.657 (s) Losses = ['0.0095', '100.0000'] lr = 0.000173
2023-11-03 03:26:42,711 - fewshot_modelnet_transferring_features - INFO - [Validation] EPOCH: 117  acc = 99.5000
2023-11-03 03:26:44,281 - fewshot_modelnet_transferring_features - INFO - Save checkpoint at ./experiments/fewshot_modelnet_transferring_features/cfgs/LR_0.0015/ckpt-last.pth
2023-11-03 03:26:45,817 - fewshot_modelnet_transferring_features - INFO - [Training] EPOCH: 118 EpochTime = 1.534 (s) Losses = ['0.0079', '100.0000'] lr = 0.000163
2023-11-03 03:26:47,843 - fewshot_modelnet_transferring_features - INFO - [Validation] EPOCH: 118  acc = 99.5000
2023-11-03 03:26:49,465 - fewshot_modelnet_transferring_features - INFO - Save checkpoint at ./experiments/fewshot_modelnet_transferring_features/cfgs/LR_0.0015/ckpt-last.pth
2023-11-03 03:26:51,017 - fewshot_modelnet_transferring_features - INFO - [Training] EPOCH: 119 EpochTime = 1.550 (s) Losses = ['0.0097', '100.0000'] lr = 0.000154
2023-11-03 03:26:52,770 - fewshot_modelnet_transferring_features - INFO - [Validation] EPOCH: 119  acc = 99.5000
2023-11-03 03:26:54,823 - fewshot_modelnet_transferring_features - INFO - Save checkpoint at ./experiments/fewshot_modelnet_transferring_features/cfgs/LR_0.0015/ckpt-last.pth
2023-11-03 03:26:56,872 - fewshot_modelnet_transferring_features - INFO - [Training] EPOCH: 120 EpochTime = 2.048 (s) Losses = ['0.0113', '100.0000'] lr = 0.000144
2023-11-03 03:26:59,071 - fewshot_modelnet_transferring_features - INFO - [Validation] EPOCH: 120  acc = 99.5000
2023-11-03 03:27:00,637 - fewshot_modelnet_transferring_features - INFO - Save checkpoint at ./experiments/fewshot_modelnet_transferring_features/cfgs/LR_0.0015/ckpt-last.pth
2023-11-03 03:27:02,567 - fewshot_modelnet_transferring_features - INFO - [Training] EPOCH: 121 EpochTime = 1.927 (s) Losses = ['0.0112', '100.0000'] lr = 0.000135
2023-11-03 03:27:04,311 - fewshot_modelnet_transferring_features - INFO - [Validation] EPOCH: 121  acc = 99.5000
2023-11-03 03:27:05,804 - fewshot_modelnet_transferring_features - INFO - Save checkpoint at ./experiments/fewshot_modelnet_transferring_features/cfgs/LR_0.0015/ckpt-last.pth
2023-11-03 03:27:07,738 - fewshot_modelnet_transferring_features - INFO - [Training] EPOCH: 122 EpochTime = 1.932 (s) Losses = ['0.0120', '100.0000'] lr = 0.000126
2023-11-03 03:27:09,958 - fewshot_modelnet_transferring_features - INFO - [Validation] EPOCH: 122  acc = 99.5000
2023-11-03 03:27:11,469 - fewshot_modelnet_transferring_features - INFO - Save checkpoint at ./experiments/fewshot_modelnet_transferring_features/cfgs/LR_0.0015/ckpt-last.pth
2023-11-03 03:27:13,002 - fewshot_modelnet_transferring_features - INFO - [Training] EPOCH: 123 EpochTime = 1.530 (s) Losses = ['0.0087', '100.0000'] lr = 0.000118
2023-11-03 03:27:15,163 - fewshot_modelnet_transferring_features - INFO - [Validation] EPOCH: 123  acc = 99.5000
2023-11-03 03:27:16,803 - fewshot_modelnet_transferring_features - INFO - Save checkpoint at ./experiments/fewshot_modelnet_transferring_features/cfgs/LR_0.0015/ckpt-last.pth
2023-11-03 03:27:18,561 - fewshot_modelnet_transferring_features - INFO - [Training] EPOCH: 124 EpochTime = 1.756 (s) Losses = ['0.0062', '100.0000'] lr = 0.000109
2023-11-03 03:27:20,309 - fewshot_modelnet_transferring_features - INFO - [Validation] EPOCH: 124  acc = 99.5000
2023-11-03 03:27:22,183 - fewshot_modelnet_transferring_features - INFO - Save checkpoint at ./experiments/fewshot_modelnet_transferring_features/cfgs/LR_0.0015/ckpt-last.pth
2023-11-03 03:27:24,259 - fewshot_modelnet_transferring_features - INFO - [Training] EPOCH: 125 EpochTime = 2.074 (s) Losses = ['0.0098', '100.0000'] lr = 0.000101
2023-11-03 03:27:26,463 - fewshot_modelnet_transferring_features - INFO - [Validation] EPOCH: 125  acc = 99.5000
2023-11-03 03:27:28,025 - fewshot_modelnet_transferring_features - INFO - Save checkpoint at ./experiments/fewshot_modelnet_transferring_features/cfgs/LR_0.0015/ckpt-last.pth
2023-11-03 03:27:29,933 - fewshot_modelnet_transferring_features - INFO - [Training] EPOCH: 126 EpochTime = 1.907 (s) Losses = ['0.0078', '100.0000'] lr = 0.000094
2023-11-03 03:27:31,716 - fewshot_modelnet_transferring_features - INFO - [Validation] EPOCH: 126  acc = 99.5000
2023-11-03 03:27:33,357 - fewshot_modelnet_transferring_features - INFO - Save checkpoint at ./experiments/fewshot_modelnet_transferring_features/cfgs/LR_0.0015/ckpt-last.pth
2023-11-03 03:27:35,054 - fewshot_modelnet_transferring_features - INFO - [Training] EPOCH: 127 EpochTime = 1.695 (s) Losses = ['0.0152', '100.0000'] lr = 0.000086
2023-11-03 03:27:37,270 - fewshot_modelnet_transferring_features - INFO - [Validation] EPOCH: 127  acc = 99.5000
2023-11-03 03:27:38,776 - fewshot_modelnet_transferring_features - INFO - Save checkpoint at ./experiments/fewshot_modelnet_transferring_features/cfgs/LR_0.0015/ckpt-last.pth
2023-11-03 03:27:40,310 - fewshot_modelnet_transferring_features - INFO - [Training] EPOCH: 128 EpochTime = 1.533 (s) Losses = ['0.0069', '100.0000'] lr = 0.000079
2023-11-03 03:27:42,441 - fewshot_modelnet_transferring_features - INFO - [Validation] EPOCH: 128  acc = 99.5000
2023-11-03 03:27:43,964 - fewshot_modelnet_transferring_features - INFO - Save checkpoint at ./experiments/fewshot_modelnet_transferring_features/cfgs/LR_0.0015/ckpt-last.pth
2023-11-03 03:27:45,725 - fewshot_modelnet_transferring_features - INFO - [Training] EPOCH: 129 EpochTime = 1.760 (s) Losses = ['0.0081', '100.0000'] lr = 0.000072
2023-11-03 03:27:47,544 - fewshot_modelnet_transferring_features - INFO - [Validation] EPOCH: 129  acc = 99.5000
2023-11-03 03:27:49,577 - fewshot_modelnet_transferring_features - INFO - Save checkpoint at ./experiments/fewshot_modelnet_transferring_features/cfgs/LR_0.0015/ckpt-last.pth
2023-11-03 03:27:51,312 - fewshot_modelnet_transferring_features - INFO - [Training] EPOCH: 130 EpochTime = 1.733 (s) Losses = ['0.0081', '100.0000'] lr = 0.000066
2023-11-03 03:27:53,282 - fewshot_modelnet_transferring_features - INFO - [Validation] EPOCH: 130  acc = 99.5000
2023-11-03 03:27:54,728 - fewshot_modelnet_transferring_features - INFO - Save checkpoint at ./experiments/fewshot_modelnet_transferring_features/cfgs/LR_0.0015/ckpt-last.pth
2023-11-03 03:27:56,726 - fewshot_modelnet_transferring_features - INFO - [Training] EPOCH: 131 EpochTime = 1.997 (s) Losses = ['0.0098', '100.0000'] lr = 0.000060
2023-11-03 03:27:58,460 - fewshot_modelnet_transferring_features - INFO - [Validation] EPOCH: 131  acc = 99.5000
2023-11-03 03:27:59,909 - fewshot_modelnet_transferring_features - INFO - Save checkpoint at ./experiments/fewshot_modelnet_transferring_features/cfgs/LR_0.0015/ckpt-last.pth
2023-11-03 03:28:01,806 - fewshot_modelnet_transferring_features - INFO - [Training] EPOCH: 132 EpochTime = 1.895 (s) Losses = ['0.0109', '100.0000'] lr = 0.000054
2023-11-03 03:28:03,993 - fewshot_modelnet_transferring_features - INFO - [Validation] EPOCH: 132  acc = 99.5000
2023-11-03 03:28:05,499 - fewshot_modelnet_transferring_features - INFO - Save checkpoint at ./experiments/fewshot_modelnet_transferring_features/cfgs/LR_0.0015/ckpt-last.pth
2023-11-03 03:28:07,044 - fewshot_modelnet_transferring_features - INFO - [Training] EPOCH: 133 EpochTime = 1.543 (s) Losses = ['0.0074', '100.0000'] lr = 0.000048
2023-11-03 03:28:09,237 - fewshot_modelnet_transferring_features - INFO - [Validation] EPOCH: 133  acc = 99.5000
2023-11-03 03:28:10,856 - fewshot_modelnet_transferring_features - INFO - Save checkpoint at ./experiments/fewshot_modelnet_transferring_features/cfgs/LR_0.0015/ckpt-last.pth
2023-11-03 03:28:12,612 - fewshot_modelnet_transferring_features - INFO - [Training] EPOCH: 134 EpochTime = 1.754 (s) Losses = ['0.0091', '100.0000'] lr = 0.000043
2023-11-03 03:28:14,418 - fewshot_modelnet_transferring_features - INFO - [Validation] EPOCH: 134  acc = 99.5000
2023-11-03 03:28:16,468 - fewshot_modelnet_transferring_features - INFO - Save checkpoint at ./experiments/fewshot_modelnet_transferring_features/cfgs/LR_0.0015/ckpt-last.pth
2023-11-03 03:28:18,118 - fewshot_modelnet_transferring_features - INFO - [Training] EPOCH: 135 EpochTime = 1.648 (s) Losses = ['0.0095', '100.0000'] lr = 0.000038
2023-11-03 03:28:19,951 - fewshot_modelnet_transferring_features - INFO - [Validation] EPOCH: 135  acc = 99.5000
2023-11-03 03:28:21,573 - fewshot_modelnet_transferring_features - INFO - Save checkpoint at ./experiments/fewshot_modelnet_transferring_features/cfgs/LR_0.0015/ckpt-last.pth
2023-11-03 03:28:23,811 - fewshot_modelnet_transferring_features - INFO - [Training] EPOCH: 136 EpochTime = 2.236 (s) Losses = ['0.0119', '100.0000'] lr = 0.000033
2023-11-03 03:28:25,942 - fewshot_modelnet_transferring_features - INFO - [Validation] EPOCH: 136  acc = 99.5000
2023-11-03 03:28:27,532 - fewshot_modelnet_transferring_features - INFO - Save checkpoint at ./experiments/fewshot_modelnet_transferring_features/cfgs/LR_0.0015/ckpt-last.pth
2023-11-03 03:28:29,079 - fewshot_modelnet_transferring_features - INFO - [Training] EPOCH: 137 EpochTime = 1.545 (s) Losses = ['0.0131', '100.0000'] lr = 0.000029
2023-11-03 03:28:31,283 - fewshot_modelnet_transferring_features - INFO - [Validation] EPOCH: 137  acc = 99.5000
2023-11-03 03:28:32,864 - fewshot_modelnet_transferring_features - INFO - Save checkpoint at ./experiments/fewshot_modelnet_transferring_features/cfgs/LR_0.0015/ckpt-last.pth
2023-11-03 03:28:34,643 - fewshot_modelnet_transferring_features - INFO - [Training] EPOCH: 138 EpochTime = 1.777 (s) Losses = ['0.0089', '100.0000'] lr = 0.000025
2023-11-03 03:28:36,381 - fewshot_modelnet_transferring_features - INFO - [Validation] EPOCH: 138  acc = 99.5000
2023-11-03 03:28:38,521 - fewshot_modelnet_transferring_features - INFO - Save checkpoint at ./experiments/fewshot_modelnet_transferring_features/cfgs/LR_0.0015/ckpt-last.pth
2023-11-03 03:28:40,464 - fewshot_modelnet_transferring_features - INFO - [Training] EPOCH: 139 EpochTime = 1.941 (s) Losses = ['0.0127', '100.0000'] lr = 0.000021
2023-11-03 03:28:42,640 - fewshot_modelnet_transferring_features - INFO - [Validation] EPOCH: 139  acc = 99.5000
2023-11-03 03:28:44,216 - fewshot_modelnet_transferring_features - INFO - Save checkpoint at ./experiments/fewshot_modelnet_transferring_features/cfgs/LR_0.0015/ckpt-last.pth
2023-11-03 03:28:46,119 - fewshot_modelnet_transferring_features - INFO - [Training] EPOCH: 140 EpochTime = 1.901 (s) Losses = ['0.0092', '100.0000'] lr = 0.000017
2023-11-03 03:28:47,909 - fewshot_modelnet_transferring_features - INFO - [Validation] EPOCH: 140  acc = 99.5000
2023-11-03 03:28:49,469 - fewshot_modelnet_transferring_features - INFO - Save checkpoint at ./experiments/fewshot_modelnet_transferring_features/cfgs/LR_0.0015/ckpt-last.pth
2023-11-03 03:28:51,151 - fewshot_modelnet_transferring_features - INFO - [Training] EPOCH: 141 EpochTime = 1.681 (s) Losses = ['0.0096', '100.0000'] lr = 0.000014
2023-11-03 03:28:53,415 - fewshot_modelnet_transferring_features - INFO - [Validation] EPOCH: 141  acc = 99.5000
2023-11-03 03:28:54,941 - fewshot_modelnet_transferring_features - INFO - Save checkpoint at ./experiments/fewshot_modelnet_transferring_features/cfgs/LR_0.0015/ckpt-last.pth
2023-11-03 03:28:57,144 - fewshot_modelnet_transferring_features - INFO - Save checkpoint at ./experiments/fewshot_modelnet_transferring_features/cfgs/LR_0.0015/ckpt-epoch-141.pth
2023-11-03 03:28:58,660 - fewshot_modelnet_transferring_features - INFO - [Training] EPOCH: 142 EpochTime = 1.514 (s) Losses = ['0.0070', '100.0000'] lr = 0.000011
2023-11-03 03:29:00,408 - fewshot_modelnet_transferring_features - INFO - [Validation] EPOCH: 142  acc = 99.5000
2023-11-03 03:29:02,004 - fewshot_modelnet_transferring_features - INFO - Save checkpoint at ./experiments/fewshot_modelnet_transferring_features/cfgs/LR_0.0015/ckpt-last.pth
2023-11-03 03:29:03,560 - fewshot_modelnet_transferring_features - INFO - Save checkpoint at ./experiments/fewshot_modelnet_transferring_features/cfgs/LR_0.0015/ckpt-epoch-142.pth
2023-11-03 03:29:05,329 - fewshot_modelnet_transferring_features - INFO - [Training] EPOCH: 143 EpochTime = 1.767 (s) Losses = ['0.0080', '100.0000'] lr = 0.000009
2023-11-03 03:29:07,049 - fewshot_modelnet_transferring_features - INFO - [Validation] EPOCH: 143  acc = 99.5000
2023-11-03 03:29:09,341 - fewshot_modelnet_transferring_features - INFO - Save checkpoint at ./experiments/fewshot_modelnet_transferring_features/cfgs/LR_0.0015/ckpt-last.pth
2023-11-03 03:29:10,904 - fewshot_modelnet_transferring_features - INFO - Save checkpoint at ./experiments/fewshot_modelnet_transferring_features/cfgs/LR_0.0015/ckpt-epoch-143.pth
2023-11-03 03:29:12,911 - fewshot_modelnet_transferring_features - INFO - [Training] EPOCH: 144 EpochTime = 2.006 (s) Losses = ['0.0161', '100.0000'] lr = 0.000007
2023-11-03 03:29:15,096 - fewshot_modelnet_transferring_features - INFO - [Validation] EPOCH: 144  acc = 99.5000
2023-11-03 03:29:16,595 - fewshot_modelnet_transferring_features - INFO - Save checkpoint at ./experiments/fewshot_modelnet_transferring_features/cfgs/LR_0.0015/ckpt-last.pth
2023-11-03 03:29:19,024 - fewshot_modelnet_transferring_features - INFO - Save checkpoint at ./experiments/fewshot_modelnet_transferring_features/cfgs/LR_0.0015/ckpt-epoch-144.pth
2023-11-03 03:29:20,819 - fewshot_modelnet_transferring_features - INFO - [Training] EPOCH: 145 EpochTime = 1.792 (s) Losses = ['0.0125', '100.0000'] lr = 0.000005
2023-11-03 03:29:22,799 - fewshot_modelnet_transferring_features - INFO - [Validation] EPOCH: 145  acc = 99.5000
2023-11-03 03:29:24,300 - fewshot_modelnet_transferring_features - INFO - Save checkpoint at ./experiments/fewshot_modelnet_transferring_features/cfgs/LR_0.0015/ckpt-last.pth
2023-11-03 03:29:26,750 - fewshot_modelnet_transferring_features - INFO - Save checkpoint at ./experiments/fewshot_modelnet_transferring_features/cfgs/LR_0.0015/ckpt-epoch-145.pth
2023-11-03 03:29:28,315 - fewshot_modelnet_transferring_features - INFO - [Training] EPOCH: 146 EpochTime = 1.563 (s) Losses = ['0.0102', '100.0000'] lr = 0.000004
2023-11-03 03:29:30,622 - fewshot_modelnet_transferring_features - INFO - [Validation] EPOCH: 146  acc = 99.5000
2023-11-03 03:29:32,088 - fewshot_modelnet_transferring_features - INFO - Save checkpoint at ./experiments/fewshot_modelnet_transferring_features/cfgs/LR_0.0015/ckpt-last.pth
2023-11-03 03:29:34,391 - fewshot_modelnet_transferring_features - INFO - Save checkpoint at ./experiments/fewshot_modelnet_transferring_features/cfgs/LR_0.0015/ckpt-epoch-146.pth
2023-11-03 03:29:36,159 - fewshot_modelnet_transferring_features - INFO - [Training] EPOCH: 147 EpochTime = 1.767 (s) Losses = ['0.0061', '100.0000'] lr = 0.000002
2023-11-03 03:29:37,908 - fewshot_modelnet_transferring_features - INFO - [Validation] EPOCH: 147  acc = 99.5000
2023-11-03 03:29:39,794 - fewshot_modelnet_transferring_features - INFO - Save checkpoint at ./experiments/fewshot_modelnet_transferring_features/cfgs/LR_0.0015/ckpt-last.pth
2023-11-03 03:29:41,867 - fewshot_modelnet_transferring_features - INFO - Save checkpoint at ./experiments/fewshot_modelnet_transferring_features/cfgs/LR_0.0015/ckpt-epoch-147.pth
2023-11-03 03:29:43,874 - fewshot_modelnet_transferring_features - INFO - [Training] EPOCH: 148 EpochTime = 2.006 (s) Losses = ['0.0102', '100.0000'] lr = 0.000002
2023-11-03 03:29:45,592 - fewshot_modelnet_transferring_features - INFO - [Validation] EPOCH: 148  acc = 99.5000
2023-11-03 03:29:47,774 - fewshot_modelnet_transferring_features - INFO - Save checkpoint at ./experiments/fewshot_modelnet_transferring_features/cfgs/LR_0.0015/ckpt-last.pth
2023-11-03 03:29:49,911 - fewshot_modelnet_transferring_features - INFO - Save checkpoint at ./experiments/fewshot_modelnet_transferring_features/cfgs/LR_0.0015/ckpt-epoch-148.pth
2023-11-03 03:29:51,653 - fewshot_modelnet_transferring_features - INFO - [Training] EPOCH: 149 EpochTime = 1.740 (s) Losses = ['0.0082', '100.0000'] lr = 0.000001
2023-11-03 03:29:53,384 - fewshot_modelnet_transferring_features - INFO - [Validation] EPOCH: 149  acc = 99.5000
2023-11-03 03:29:55,637 - fewshot_modelnet_transferring_features - INFO - Save checkpoint at ./experiments/fewshot_modelnet_transferring_features/cfgs/LR_0.0015/ckpt-last.pth
2023-11-03 03:29:57,368 - fewshot_modelnet_transferring_features - INFO - Save checkpoint at ./experiments/fewshot_modelnet_transferring_features/cfgs/LR_0.0015/ckpt-epoch-149.pth
2023-11-03 03:29:59,372 - fewshot_modelnet_transferring_features - INFO - [Training] EPOCH: 150 EpochTime = 2.001 (s) Losses = ['0.0103', '100.0000'] lr = 0.000001
2023-11-03 03:30:01,093 - fewshot_modelnet_transferring_features - INFO - [Validation] EPOCH: 150  acc = 99.5000
2023-11-03 03:30:02,701 - fewshot_modelnet_transferring_features - INFO - Save checkpoint at ./experiments/fewshot_modelnet_transferring_features/cfgs/LR_0.0015/ckpt-last.pth
2023-11-03 03:30:04,245 - fewshot_modelnet_transferring_features - INFO - Save checkpoint at ./experiments/fewshot_modelnet_transferring_features/cfgs/LR_0.0015/ckpt-epoch-150.pth
