2023-11-03 02:48:41,153 - fewshot_modelnet_transferring_features - INFO - Copy the Config file from cfgs/fewshot_modelnet_transferring_features.yaml to ./experiments/fewshot_modelnet_transferring_features/cfgs/LR_0.0015/config.yaml
2023-11-03 02:48:41,153 - fewshot_modelnet_transferring_features - INFO - args.config : cfgs/fewshot_modelnet_transferring_features.yaml
2023-11-03 02:48:41,153 - fewshot_modelnet_transferring_features - INFO - args.launcher : none
2023-11-03 02:48:41,153 - fewshot_modelnet_transferring_features - INFO - args.local_rank : 0
2023-11-03 02:48:41,153 - fewshot_modelnet_transferring_features - INFO - args.num_workers : 8
2023-11-03 02:48:41,153 - fewshot_modelnet_transferring_features - INFO - args.seed : 0
2023-11-03 02:48:41,153 - fewshot_modelnet_transferring_features - INFO - args.deterministic : False
2023-11-03 02:48:41,153 - fewshot_modelnet_transferring_features - INFO - args.sync_bn : True
2023-11-03 02:48:41,153 - fewshot_modelnet_transferring_features - INFO - args.large_group : 5
2023-11-03 02:48:41,153 - fewshot_modelnet_transferring_features - INFO - args.small_group : 10
2023-11-03 02:48:41,154 - fewshot_modelnet_transferring_features - INFO - args.large_patch : 6
2023-11-03 02:48:41,154 - fewshot_modelnet_transferring_features - INFO - args.small_patch : 3
2023-11-03 02:48:41,154 - fewshot_modelnet_transferring_features - INFO - args.queue_length : 8192
2023-11-03 02:48:41,154 - fewshot_modelnet_transferring_features - INFO - args.epoch_queue_starts : 10
2023-11-03 02:48:41,154 - fewshot_modelnet_transferring_features - INFO - args.nmb_crops : 64
2023-11-03 02:48:41,154 - fewshot_modelnet_transferring_features - INFO - args.sample_num : 16
2023-11-03 02:48:41,154 - fewshot_modelnet_transferring_features - INFO - args.fea_dim : 384
2023-11-03 02:48:41,154 - fewshot_modelnet_transferring_features - INFO - args.hidden_mlp : 256
2023-11-03 02:48:41,154 - fewshot_modelnet_transferring_features - INFO - args.output_dim : 128
2023-11-03 02:48:41,154 - fewshot_modelnet_transferring_features - INFO - args.nmb_prototypes : 200
2023-11-03 02:48:41,154 - fewshot_modelnet_transferring_features - INFO - args.temperature : 0.1
2023-11-03 02:48:41,154 - fewshot_modelnet_transferring_features - INFO - args.epsilon : 0.05
2023-11-03 02:48:41,154 - fewshot_modelnet_transferring_features - INFO - args.sinkhorn_iterations : 3
2023-11-03 02:48:41,154 - fewshot_modelnet_transferring_features - INFO - args.world_size : 1
2023-11-03 02:48:41,154 - fewshot_modelnet_transferring_features - INFO - args.exp_name : LR_0.0015
2023-11-03 02:48:41,154 - fewshot_modelnet_transferring_features - INFO - args.loss : cd1
2023-11-03 02:48:41,154 - fewshot_modelnet_transferring_features - INFO - args.start_ckpts : None
2023-11-03 02:48:41,154 - fewshot_modelnet_transferring_features - INFO - args.ckpts : ./experiments/pretrain_MaskSurf/cfgs/add_as_normal/ckpt-last.pth
2023-11-03 02:48:41,154 - fewshot_modelnet_transferring_features - INFO - args.val_freq : 1
2023-11-03 02:48:41,154 - fewshot_modelnet_transferring_features - INFO - args.vote : False
2023-11-03 02:48:41,154 - fewshot_modelnet_transferring_features - INFO - args.resume : False
2023-11-03 02:48:41,154 - fewshot_modelnet_transferring_features - INFO - args.test : False
2023-11-03 02:48:41,154 - fewshot_modelnet_transferring_features - INFO - args.finetune_model : True
2023-11-03 02:48:41,155 - fewshot_modelnet_transferring_features - INFO - args.scratch_model : False
2023-11-03 02:48:41,155 - fewshot_modelnet_transferring_features - INFO - args.mode : None
2023-11-03 02:48:41,155 - fewshot_modelnet_transferring_features - INFO - args.way : 10
2023-11-03 02:48:41,155 - fewshot_modelnet_transferring_features - INFO - args.shot : 10
2023-11-03 02:48:41,155 - fewshot_modelnet_transferring_features - INFO - args.fold : 6
2023-11-03 02:48:41,155 - fewshot_modelnet_transferring_features - INFO - args.experiment_path : ./experiments/fewshot_modelnet_transferring_features/cfgs/LR_0.0015
2023-11-03 02:48:41,155 - fewshot_modelnet_transferring_features - INFO - args.tfboard_path : ./experiments/fewshot_modelnet_transferring_features/cfgs/TFBoard/LR_0.0015
2023-11-03 02:48:41,155 - fewshot_modelnet_transferring_features - INFO - args.log_name : fewshot_modelnet_transferring_features
2023-11-03 02:48:41,155 - fewshot_modelnet_transferring_features - INFO - args.use_gpu : True
2023-11-03 02:48:41,155 - fewshot_modelnet_transferring_features - INFO - args.distributed : False
2023-11-03 02:48:41,155 - fewshot_modelnet_transferring_features - INFO - config.optimizer = edict()
2023-11-03 02:48:41,155 - fewshot_modelnet_transferring_features - INFO - config.optimizer.type : AdamW
2023-11-03 02:48:41,155 - fewshot_modelnet_transferring_features - INFO - config.optimizer.part : all
2023-11-03 02:48:41,155 - fewshot_modelnet_transferring_features - INFO - config.optimizer.kwargs = edict()
2023-11-03 02:48:41,155 - fewshot_modelnet_transferring_features - INFO - config.optimizer.kwargs.lr : 0.0015
2023-11-03 02:48:41,155 - fewshot_modelnet_transferring_features - INFO - config.optimizer.kwargs.weight_decay : 0.05
2023-11-03 02:48:41,155 - fewshot_modelnet_transferring_features - INFO - config.scheduler = edict()
2023-11-03 02:48:41,155 - fewshot_modelnet_transferring_features - INFO - config.scheduler.type : CosLR
2023-11-03 02:48:41,155 - fewshot_modelnet_transferring_features - INFO - config.scheduler.kwargs = edict()
2023-11-03 02:48:41,155 - fewshot_modelnet_transferring_features - INFO - config.scheduler.kwargs.epochs : 150
2023-11-03 02:48:41,155 - fewshot_modelnet_transferring_features - INFO - config.scheduler.kwargs.initial_epochs : 10
2023-11-03 02:48:41,155 - fewshot_modelnet_transferring_features - INFO - config.dataset = edict()
2023-11-03 02:48:41,156 - fewshot_modelnet_transferring_features - INFO - config.dataset.train = edict()
2023-11-03 02:48:41,156 - fewshot_modelnet_transferring_features - INFO - config.dataset.train._base_ = edict()
2023-11-03 02:48:41,156 - fewshot_modelnet_transferring_features - INFO - config.dataset.train._base_.NAME : ModelNetFewShot
2023-11-03 02:48:41,156 - fewshot_modelnet_transferring_features - INFO - config.dataset.train._base_.DATA_PATH : data/ModelNetFewshot
2023-11-03 02:48:41,156 - fewshot_modelnet_transferring_features - INFO - config.dataset.train._base_.N_POINTS : 8192
2023-11-03 02:48:41,156 - fewshot_modelnet_transferring_features - INFO - config.dataset.train._base_.NUM_CATEGORY : 40
2023-11-03 02:48:41,156 - fewshot_modelnet_transferring_features - INFO - config.dataset.train._base_.USE_NORMALS : False
2023-11-03 02:48:41,156 - fewshot_modelnet_transferring_features - INFO - config.dataset.train.others = edict()
2023-11-03 02:48:41,156 - fewshot_modelnet_transferring_features - INFO - config.dataset.train.others.subset : train
2023-11-03 02:48:41,156 - fewshot_modelnet_transferring_features - INFO - config.dataset.train.others.bs : 32
2023-11-03 02:48:41,156 - fewshot_modelnet_transferring_features - INFO - config.dataset.val = edict()
2023-11-03 02:48:41,156 - fewshot_modelnet_transferring_features - INFO - config.dataset.val._base_ = edict()
2023-11-03 02:48:41,156 - fewshot_modelnet_transferring_features - INFO - config.dataset.val._base_.NAME : ModelNetFewShot
2023-11-03 02:48:41,156 - fewshot_modelnet_transferring_features - INFO - config.dataset.val._base_.DATA_PATH : data/ModelNetFewshot
2023-11-03 02:48:41,156 - fewshot_modelnet_transferring_features - INFO - config.dataset.val._base_.N_POINTS : 8192
2023-11-03 02:48:41,156 - fewshot_modelnet_transferring_features - INFO - config.dataset.val._base_.NUM_CATEGORY : 40
2023-11-03 02:48:41,156 - fewshot_modelnet_transferring_features - INFO - config.dataset.val._base_.USE_NORMALS : False
2023-11-03 02:48:41,156 - fewshot_modelnet_transferring_features - INFO - config.dataset.val.others = edict()
2023-11-03 02:48:41,156 - fewshot_modelnet_transferring_features - INFO - config.dataset.val.others.subset : test
2023-11-03 02:48:41,156 - fewshot_modelnet_transferring_features - INFO - config.dataset.val.others.bs : 64
2023-11-03 02:48:41,156 - fewshot_modelnet_transferring_features - INFO - config.dataset.test = edict()
2023-11-03 02:48:41,156 - fewshot_modelnet_transferring_features - INFO - config.dataset.test._base_ = edict()
2023-11-03 02:48:41,156 - fewshot_modelnet_transferring_features - INFO - config.dataset.test._base_.NAME : ModelNet
2023-11-03 02:48:41,157 - fewshot_modelnet_transferring_features - INFO - config.dataset.test._base_.DATA_PATH : data/ModelNet/modelnet40_normal_resampled
2023-11-03 02:48:41,157 - fewshot_modelnet_transferring_features - INFO - config.dataset.test._base_.N_POINTS : 8192
2023-11-03 02:48:41,157 - fewshot_modelnet_transferring_features - INFO - config.dataset.test._base_.NUM_CATEGORY : 40
2023-11-03 02:48:41,157 - fewshot_modelnet_transferring_features - INFO - config.dataset.test._base_.USE_NORMALS : False
2023-11-03 02:48:41,157 - fewshot_modelnet_transferring_features - INFO - config.dataset.test.others = edict()
2023-11-03 02:48:41,157 - fewshot_modelnet_transferring_features - INFO - config.dataset.test.others.subset : test
2023-11-03 02:48:41,157 - fewshot_modelnet_transferring_features - INFO - config.dataset.test.others.bs : 32
2023-11-03 02:48:41,157 - fewshot_modelnet_transferring_features - INFO - config.model = edict()
2023-11-03 02:48:41,157 - fewshot_modelnet_transferring_features - INFO - config.model.NAME : PointTransformer
2023-11-03 02:48:41,157 - fewshot_modelnet_transferring_features - INFO - config.model.trans_dim : 384
2023-11-03 02:48:41,157 - fewshot_modelnet_transferring_features - INFO - config.model.depth : 12
2023-11-03 02:48:41,157 - fewshot_modelnet_transferring_features - INFO - config.model.drop_path_rate : 0.1
2023-11-03 02:48:41,157 - fewshot_modelnet_transferring_features - INFO - config.model.cls_dim : 15
2023-11-03 02:48:41,157 - fewshot_modelnet_transferring_features - INFO - config.model.num_heads : 6
2023-11-03 02:48:41,157 - fewshot_modelnet_transferring_features - INFO - config.model.group_size : 32
2023-11-03 02:48:41,157 - fewshot_modelnet_transferring_features - INFO - config.model.num_group : 64
2023-11-03 02:48:41,157 - fewshot_modelnet_transferring_features - INFO - config.model.encoder_dims : 384
2023-11-03 02:48:41,157 - fewshot_modelnet_transferring_features - INFO - config.npoints : 1024
2023-11-03 02:48:41,157 - fewshot_modelnet_transferring_features - INFO - config.total_bs : 32
2023-11-03 02:48:41,157 - fewshot_modelnet_transferring_features - INFO - config.step_per_update : 1
2023-11-03 02:48:41,157 - fewshot_modelnet_transferring_features - INFO - config.max_epoch : 150
2023-11-03 02:48:41,157 - fewshot_modelnet_transferring_features - INFO - config.grad_norm_clip : 10
2023-11-03 02:48:41,158 - fewshot_modelnet_transferring_features - INFO - Distributed training: False
2023-11-03 02:48:41,158 - fewshot_modelnet_transferring_features - INFO - Set random seed to 0, deterministic: False
2023-11-03 02:48:43,778 - fewshot_modelnet_transferring_features - INFO - Using Data parallel ...
2023-11-03 02:48:48,984 - fewshot_modelnet_transferring_features - INFO - [Training] EPOCH: 0 EpochTime = 5.201 (s) Losses = ['2.8144', '7.2917'] lr = 0.000001
2023-11-03 02:48:50,554 - fewshot_modelnet_transferring_features - INFO - Save checkpoint at ./experiments/fewshot_modelnet_transferring_features/cfgs/LR_0.0015/ckpt-last.pth
2023-11-03 02:48:52,467 - fewshot_modelnet_transferring_features - INFO - [Training] EPOCH: 1 EpochTime = 1.912 (s) Losses = ['2.9011', '9.3750'] lr = 0.000151
2023-11-03 02:48:55,467 - fewshot_modelnet_transferring_features - INFO - [Validation] EPOCH: 1  acc = 8.0000
2023-11-03 02:48:56,938 - fewshot_modelnet_transferring_features - INFO - Save checkpoint at ./experiments/fewshot_modelnet_transferring_features/cfgs/LR_0.0015/ckpt-best.pth
2023-11-03 02:48:56,938 - fewshot_modelnet_transferring_features - INFO - --------------------------------------------------------------------------------------------
2023-11-03 02:48:58,789 - fewshot_modelnet_transferring_features - INFO - Save checkpoint at ./experiments/fewshot_modelnet_transferring_features/cfgs/LR_0.0015/ckpt-last.pth
2023-11-03 02:49:00,218 - fewshot_modelnet_transferring_features - INFO - [Training] EPOCH: 2 EpochTime = 1.427 (s) Losses = ['2.7941', '10.4167'] lr = 0.000301
2023-11-03 02:49:01,783 - fewshot_modelnet_transferring_features - INFO - [Validation] EPOCH: 2  acc = 13.5000
2023-11-03 02:49:03,361 - fewshot_modelnet_transferring_features - INFO - Save checkpoint at ./experiments/fewshot_modelnet_transferring_features/cfgs/LR_0.0015/ckpt-best.pth
2023-11-03 02:49:03,361 - fewshot_modelnet_transferring_features - INFO - --------------------------------------------------------------------------------------------
2023-11-03 02:49:04,852 - fewshot_modelnet_transferring_features - INFO - Save checkpoint at ./experiments/fewshot_modelnet_transferring_features/cfgs/LR_0.0015/ckpt-last.pth
2023-11-03 02:49:06,210 - fewshot_modelnet_transferring_features - INFO - [Training] EPOCH: 3 EpochTime = 1.357 (s) Losses = ['2.6195', '13.5417'] lr = 0.000451
2023-11-03 02:49:08,014 - fewshot_modelnet_transferring_features - INFO - [Validation] EPOCH: 3  acc = 33.0000
2023-11-03 02:49:09,582 - fewshot_modelnet_transferring_features - INFO - Save checkpoint at ./experiments/fewshot_modelnet_transferring_features/cfgs/LR_0.0015/ckpt-best.pth
2023-11-03 02:49:09,582 - fewshot_modelnet_transferring_features - INFO - --------------------------------------------------------------------------------------------
2023-11-03 02:49:11,817 - fewshot_modelnet_transferring_features - INFO - Save checkpoint at ./experiments/fewshot_modelnet_transferring_features/cfgs/LR_0.0015/ckpt-last.pth
2023-11-03 02:49:13,937 - fewshot_modelnet_transferring_features - INFO - [Training] EPOCH: 4 EpochTime = 2.119 (s) Losses = ['2.3037', '31.2500'] lr = 0.000601
2023-11-03 02:49:15,649 - fewshot_modelnet_transferring_features - INFO - [Validation] EPOCH: 4  acc = 40.0000
2023-11-03 02:49:17,159 - fewshot_modelnet_transferring_features - INFO - Save checkpoint at ./experiments/fewshot_modelnet_transferring_features/cfgs/LR_0.0015/ckpt-best.pth
2023-11-03 02:49:17,159 - fewshot_modelnet_transferring_features - INFO - --------------------------------------------------------------------------------------------
2023-11-03 02:49:18,686 - fewshot_modelnet_transferring_features - INFO - Save checkpoint at ./experiments/fewshot_modelnet_transferring_features/cfgs/LR_0.0015/ckpt-last.pth
2023-11-03 02:49:20,257 - fewshot_modelnet_transferring_features - INFO - [Training] EPOCH: 5 EpochTime = 1.570 (s) Losses = ['2.0877', '39.5833'] lr = 0.000751
2023-11-03 02:49:21,851 - fewshot_modelnet_transferring_features - INFO - [Validation] EPOCH: 5  acc = 51.5000
2023-11-03 02:49:23,598 - fewshot_modelnet_transferring_features - INFO - Save checkpoint at ./experiments/fewshot_modelnet_transferring_features/cfgs/LR_0.0015/ckpt-best.pth
2023-11-03 02:49:23,598 - fewshot_modelnet_transferring_features - INFO - --------------------------------------------------------------------------------------------
2023-11-03 02:49:25,242 - fewshot_modelnet_transferring_features - INFO - Save checkpoint at ./experiments/fewshot_modelnet_transferring_features/cfgs/LR_0.0015/ckpt-last.pth
2023-11-03 02:49:27,290 - fewshot_modelnet_transferring_features - INFO - [Training] EPOCH: 6 EpochTime = 2.046 (s) Losses = ['1.8575', '52.0833'] lr = 0.000900
2023-11-03 02:49:28,888 - fewshot_modelnet_transferring_features - INFO - [Validation] EPOCH: 6  acc = 63.5000
2023-11-03 02:49:30,347 - fewshot_modelnet_transferring_features - INFO - Save checkpoint at ./experiments/fewshot_modelnet_transferring_features/cfgs/LR_0.0015/ckpt-best.pth
2023-11-03 02:49:30,347 - fewshot_modelnet_transferring_features - INFO - --------------------------------------------------------------------------------------------
2023-11-03 02:49:32,155 - fewshot_modelnet_transferring_features - INFO - Save checkpoint at ./experiments/fewshot_modelnet_transferring_features/cfgs/LR_0.0015/ckpt-last.pth
2023-11-03 02:49:34,074 - fewshot_modelnet_transferring_features - INFO - [Training] EPOCH: 7 EpochTime = 1.918 (s) Losses = ['1.6302', '59.3750'] lr = 0.001050
2023-11-03 02:49:35,732 - fewshot_modelnet_transferring_features - INFO - [Validation] EPOCH: 7  acc = 68.0000
2023-11-03 02:49:38,158 - fewshot_modelnet_transferring_features - INFO - Save checkpoint at ./experiments/fewshot_modelnet_transferring_features/cfgs/LR_0.0015/ckpt-best.pth
2023-11-03 02:49:38,158 - fewshot_modelnet_transferring_features - INFO - --------------------------------------------------------------------------------------------
2023-11-03 02:49:39,747 - fewshot_modelnet_transferring_features - INFO - Save checkpoint at ./experiments/fewshot_modelnet_transferring_features/cfgs/LR_0.0015/ckpt-last.pth
2023-11-03 02:49:41,109 - fewshot_modelnet_transferring_features - INFO - [Training] EPOCH: 8 EpochTime = 1.360 (s) Losses = ['1.3553', '75.0000'] lr = 0.001200
2023-11-03 02:49:43,203 - fewshot_modelnet_transferring_features - INFO - [Validation] EPOCH: 8  acc = 69.5000
2023-11-03 02:49:44,690 - fewshot_modelnet_transferring_features - INFO - Save checkpoint at ./experiments/fewshot_modelnet_transferring_features/cfgs/LR_0.0015/ckpt-best.pth
2023-11-03 02:49:44,691 - fewshot_modelnet_transferring_features - INFO - --------------------------------------------------------------------------------------------
2023-11-03 02:49:46,745 - fewshot_modelnet_transferring_features - INFO - Save checkpoint at ./experiments/fewshot_modelnet_transferring_features/cfgs/LR_0.0015/ckpt-last.pth
2023-11-03 02:49:48,278 - fewshot_modelnet_transferring_features - INFO - [Training] EPOCH: 9 EpochTime = 1.531 (s) Losses = ['1.1989', '76.0417'] lr = 0.001350
2023-11-03 02:49:50,061 - fewshot_modelnet_transferring_features - INFO - [Validation] EPOCH: 9  acc = 68.5000
2023-11-03 02:49:51,646 - fewshot_modelnet_transferring_features - INFO - Save checkpoint at ./experiments/fewshot_modelnet_transferring_features/cfgs/LR_0.0015/ckpt-last.pth
2023-11-03 02:49:53,743 - fewshot_modelnet_transferring_features - INFO - [Training] EPOCH: 10 EpochTime = 2.095 (s) Losses = ['0.9038', '89.5833'] lr = 0.001484
2023-11-03 02:49:55,340 - fewshot_modelnet_transferring_features - INFO - [Validation] EPOCH: 10  acc = 69.0000
2023-11-03 02:49:56,822 - fewshot_modelnet_transferring_features - INFO - Save checkpoint at ./experiments/fewshot_modelnet_transferring_features/cfgs/LR_0.0015/ckpt-last.pth
2023-11-03 02:49:58,569 - fewshot_modelnet_transferring_features - INFO - [Training] EPOCH: 11 EpochTime = 1.745 (s) Losses = ['0.7784', '93.7500'] lr = 0.001480
2023-11-03 02:50:00,532 - fewshot_modelnet_transferring_features - INFO - [Validation] EPOCH: 11  acc = 72.0000
2023-11-03 02:50:02,074 - fewshot_modelnet_transferring_features - INFO - Save checkpoint at ./experiments/fewshot_modelnet_transferring_features/cfgs/LR_0.0015/ckpt-best.pth
2023-11-03 02:50:02,074 - fewshot_modelnet_transferring_features - INFO - --------------------------------------------------------------------------------------------
2023-11-03 02:50:04,448 - fewshot_modelnet_transferring_features - INFO - Save checkpoint at ./experiments/fewshot_modelnet_transferring_features/cfgs/LR_0.0015/ckpt-last.pth
2023-11-03 02:50:06,132 - fewshot_modelnet_transferring_features - INFO - [Training] EPOCH: 12 EpochTime = 1.682 (s) Losses = ['0.5998', '94.7917'] lr = 0.001476
2023-11-03 02:50:08,133 - fewshot_modelnet_transferring_features - INFO - [Validation] EPOCH: 12  acc = 72.5000
2023-11-03 02:50:09,596 - fewshot_modelnet_transferring_features - INFO - Save checkpoint at ./experiments/fewshot_modelnet_transferring_features/cfgs/LR_0.0015/ckpt-best.pth
2023-11-03 02:50:09,596 - fewshot_modelnet_transferring_features - INFO - --------------------------------------------------------------------------------------------
2023-11-03 02:50:11,175 - fewshot_modelnet_transferring_features - INFO - Save checkpoint at ./experiments/fewshot_modelnet_transferring_features/cfgs/LR_0.0015/ckpt-last.pth
2023-11-03 02:50:12,546 - fewshot_modelnet_transferring_features - INFO - [Training] EPOCH: 13 EpochTime = 1.369 (s) Losses = ['0.5211', '94.7917'] lr = 0.001472
2023-11-03 02:50:14,665 - fewshot_modelnet_transferring_features - INFO - [Validation] EPOCH: 13  acc = 72.0000
2023-11-03 02:50:16,297 - fewshot_modelnet_transferring_features - INFO - Save checkpoint at ./experiments/fewshot_modelnet_transferring_features/cfgs/LR_0.0015/ckpt-last.pth
2023-11-03 02:50:17,654 - fewshot_modelnet_transferring_features - INFO - [Training] EPOCH: 14 EpochTime = 1.355 (s) Losses = ['0.3915', '97.9167'] lr = 0.001468
2023-11-03 02:50:19,601 - fewshot_modelnet_transferring_features - INFO - [Validation] EPOCH: 14  acc = 78.5000
2023-11-03 02:50:21,291 - fewshot_modelnet_transferring_features - INFO - Save checkpoint at ./experiments/fewshot_modelnet_transferring_features/cfgs/LR_0.0015/ckpt-best.pth
2023-11-03 02:50:21,291 - fewshot_modelnet_transferring_features - INFO - --------------------------------------------------------------------------------------------
2023-11-03 02:50:23,078 - fewshot_modelnet_transferring_features - INFO - Save checkpoint at ./experiments/fewshot_modelnet_transferring_features/cfgs/LR_0.0015/ckpt-last.pth
2023-11-03 02:50:24,866 - fewshot_modelnet_transferring_features - INFO - [Training] EPOCH: 15 EpochTime = 1.786 (s) Losses = ['0.3477', '97.9167'] lr = 0.001463
2023-11-03 02:50:26,422 - fewshot_modelnet_transferring_features - INFO - [Validation] EPOCH: 15  acc = 81.0000
2023-11-03 02:50:28,670 - fewshot_modelnet_transferring_features - INFO - Save checkpoint at ./experiments/fewshot_modelnet_transferring_features/cfgs/LR_0.0015/ckpt-best.pth
2023-11-03 02:50:28,670 - fewshot_modelnet_transferring_features - INFO - --------------------------------------------------------------------------------------------
2023-11-03 02:50:30,467 - fewshot_modelnet_transferring_features - INFO - Save checkpoint at ./experiments/fewshot_modelnet_transferring_features/cfgs/LR_0.0015/ckpt-last.pth
2023-11-03 02:50:32,308 - fewshot_modelnet_transferring_features - INFO - [Training] EPOCH: 16 EpochTime = 1.840 (s) Losses = ['0.2946', '97.9167'] lr = 0.001458
2023-11-03 02:50:34,393 - fewshot_modelnet_transferring_features - INFO - [Validation] EPOCH: 16  acc = 82.0000
2023-11-03 02:50:36,339 - fewshot_modelnet_transferring_features - INFO - Save checkpoint at ./experiments/fewshot_modelnet_transferring_features/cfgs/LR_0.0015/ckpt-best.pth
2023-11-03 02:50:36,339 - fewshot_modelnet_transferring_features - INFO - --------------------------------------------------------------------------------------------
2023-11-03 02:50:37,868 - fewshot_modelnet_transferring_features - INFO - Save checkpoint at ./experiments/fewshot_modelnet_transferring_features/cfgs/LR_0.0015/ckpt-last.pth
2023-11-03 02:50:39,365 - fewshot_modelnet_transferring_features - INFO - [Training] EPOCH: 17 EpochTime = 1.495 (s) Losses = ['0.2338', '98.9583'] lr = 0.001453
2023-11-03 02:50:41,408 - fewshot_modelnet_transferring_features - INFO - [Validation] EPOCH: 17  acc = 82.5000
2023-11-03 02:50:42,906 - fewshot_modelnet_transferring_features - INFO - Save checkpoint at ./experiments/fewshot_modelnet_transferring_features/cfgs/LR_0.0015/ckpt-best.pth
2023-11-03 02:50:42,906 - fewshot_modelnet_transferring_features - INFO - --------------------------------------------------------------------------------------------
2023-11-03 02:50:45,243 - fewshot_modelnet_transferring_features - INFO - Save checkpoint at ./experiments/fewshot_modelnet_transferring_features/cfgs/LR_0.0015/ckpt-last.pth
2023-11-03 02:50:46,792 - fewshot_modelnet_transferring_features - INFO - [Training] EPOCH: 18 EpochTime = 1.546 (s) Losses = ['0.1701', '100.0000'] lr = 0.001447
2023-11-03 02:50:48,742 - fewshot_modelnet_transferring_features - INFO - [Validation] EPOCH: 18  acc = 83.5000
2023-11-03 02:50:50,265 - fewshot_modelnet_transferring_features - INFO - Save checkpoint at ./experiments/fewshot_modelnet_transferring_features/cfgs/LR_0.0015/ckpt-best.pth
2023-11-03 02:50:50,265 - fewshot_modelnet_transferring_features - INFO - --------------------------------------------------------------------------------------------
2023-11-03 02:50:51,742 - fewshot_modelnet_transferring_features - INFO - Save checkpoint at ./experiments/fewshot_modelnet_transferring_features/cfgs/LR_0.0015/ckpt-last.pth
2023-11-03 02:50:53,118 - fewshot_modelnet_transferring_features - INFO - [Training] EPOCH: 19 EpochTime = 1.375 (s) Losses = ['0.1617', '97.9167'] lr = 0.001441
2023-11-03 02:50:55,124 - fewshot_modelnet_transferring_features - INFO - [Validation] EPOCH: 19  acc = 84.0000
2023-11-03 02:50:56,689 - fewshot_modelnet_transferring_features - INFO - Save checkpoint at ./experiments/fewshot_modelnet_transferring_features/cfgs/LR_0.0015/ckpt-best.pth
2023-11-03 02:50:56,689 - fewshot_modelnet_transferring_features - INFO - --------------------------------------------------------------------------------------------
2023-11-03 02:50:58,969 - fewshot_modelnet_transferring_features - INFO - Save checkpoint at ./experiments/fewshot_modelnet_transferring_features/cfgs/LR_0.0015/ckpt-last.pth
2023-11-03 02:51:00,431 - fewshot_modelnet_transferring_features - INFO - [Training] EPOCH: 20 EpochTime = 1.459 (s) Losses = ['0.1139', '100.0000'] lr = 0.001435
2023-11-03 02:51:02,009 - fewshot_modelnet_transferring_features - INFO - [Validation] EPOCH: 20  acc = 85.0000
2023-11-03 02:51:03,674 - fewshot_modelnet_transferring_features - INFO - Save checkpoint at ./experiments/fewshot_modelnet_transferring_features/cfgs/LR_0.0015/ckpt-best.pth
2023-11-03 02:51:03,674 - fewshot_modelnet_transferring_features - INFO - --------------------------------------------------------------------------------------------
2023-11-03 02:51:05,342 - fewshot_modelnet_transferring_features - INFO - Save checkpoint at ./experiments/fewshot_modelnet_transferring_features/cfgs/LR_0.0015/ckpt-last.pth
2023-11-03 02:51:06,696 - fewshot_modelnet_transferring_features - INFO - [Training] EPOCH: 21 EpochTime = 1.352 (s) Losses = ['0.0999', '100.0000'] lr = 0.001429
2023-11-03 02:51:08,562 - fewshot_modelnet_transferring_features - INFO - [Validation] EPOCH: 21  acc = 86.0000
2023-11-03 02:51:10,216 - fewshot_modelnet_transferring_features - INFO - Save checkpoint at ./experiments/fewshot_modelnet_transferring_features/cfgs/LR_0.0015/ckpt-best.pth
2023-11-03 02:51:10,216 - fewshot_modelnet_transferring_features - INFO - --------------------------------------------------------------------------------------------
2023-11-03 02:51:12,042 - fewshot_modelnet_transferring_features - INFO - Save checkpoint at ./experiments/fewshot_modelnet_transferring_features/cfgs/LR_0.0015/ckpt-last.pth
2023-11-03 02:51:14,072 - fewshot_modelnet_transferring_features - INFO - [Training] EPOCH: 22 EpochTime = 2.028 (s) Losses = ['0.1185', '100.0000'] lr = 0.001422
2023-11-03 02:51:15,622 - fewshot_modelnet_transferring_features - INFO - [Validation] EPOCH: 22  acc = 86.5000
2023-11-03 02:51:17,180 - fewshot_modelnet_transferring_features - INFO - Save checkpoint at ./experiments/fewshot_modelnet_transferring_features/cfgs/LR_0.0015/ckpt-best.pth
2023-11-03 02:51:17,181 - fewshot_modelnet_transferring_features - INFO - --------------------------------------------------------------------------------------------
2023-11-03 02:51:18,961 - fewshot_modelnet_transferring_features - INFO - Save checkpoint at ./experiments/fewshot_modelnet_transferring_features/cfgs/LR_0.0015/ckpt-last.pth
2023-11-03 02:51:20,914 - fewshot_modelnet_transferring_features - INFO - [Training] EPOCH: 23 EpochTime = 1.951 (s) Losses = ['0.1159', '98.9583'] lr = 0.001415
2023-11-03 02:51:22,776 - fewshot_modelnet_transferring_features - INFO - [Validation] EPOCH: 23  acc = 84.5000
2023-11-03 02:51:24,655 - fewshot_modelnet_transferring_features - INFO - Save checkpoint at ./experiments/fewshot_modelnet_transferring_features/cfgs/LR_0.0015/ckpt-last.pth
2023-11-03 02:51:26,405 - fewshot_modelnet_transferring_features - INFO - [Training] EPOCH: 24 EpochTime = 1.748 (s) Losses = ['0.1065', '100.0000'] lr = 0.001407
2023-11-03 02:51:28,422 - fewshot_modelnet_transferring_features - INFO - [Validation] EPOCH: 24  acc = 84.5000
2023-11-03 02:51:29,975 - fewshot_modelnet_transferring_features - INFO - Save checkpoint at ./experiments/fewshot_modelnet_transferring_features/cfgs/LR_0.0015/ckpt-last.pth
2023-11-03 02:51:31,382 - fewshot_modelnet_transferring_features - INFO - [Training] EPOCH: 25 EpochTime = 1.406 (s) Losses = ['0.0843', '98.9583'] lr = 0.001400
2023-11-03 02:51:32,950 - fewshot_modelnet_transferring_features - INFO - [Validation] EPOCH: 25  acc = 86.5000
2023-11-03 02:51:34,612 - fewshot_modelnet_transferring_features - INFO - Save checkpoint at ./experiments/fewshot_modelnet_transferring_features/cfgs/LR_0.0015/ckpt-last.pth
2023-11-03 02:51:36,701 - fewshot_modelnet_transferring_features - INFO - [Training] EPOCH: 26 EpochTime = 2.087 (s) Losses = ['0.0902', '100.0000'] lr = 0.001392
2023-11-03 02:51:38,460 - fewshot_modelnet_transferring_features - INFO - [Validation] EPOCH: 26  acc = 87.5000
2023-11-03 02:51:39,993 - fewshot_modelnet_transferring_features - INFO - Save checkpoint at ./experiments/fewshot_modelnet_transferring_features/cfgs/LR_0.0015/ckpt-best.pth
2023-11-03 02:51:39,993 - fewshot_modelnet_transferring_features - INFO - --------------------------------------------------------------------------------------------
2023-11-03 02:51:41,773 - fewshot_modelnet_transferring_features - INFO - Save checkpoint at ./experiments/fewshot_modelnet_transferring_features/cfgs/LR_0.0015/ckpt-last.pth
2023-11-03 02:51:43,639 - fewshot_modelnet_transferring_features - INFO - [Training] EPOCH: 27 EpochTime = 1.864 (s) Losses = ['0.0648', '100.0000'] lr = 0.001383
2023-11-03 02:51:45,465 - fewshot_modelnet_transferring_features - INFO - [Validation] EPOCH: 27  acc = 87.5000
2023-11-03 02:51:47,740 - fewshot_modelnet_transferring_features - INFO - Save checkpoint at ./experiments/fewshot_modelnet_transferring_features/cfgs/LR_0.0015/ckpt-last.pth
2023-11-03 02:51:49,190 - fewshot_modelnet_transferring_features - INFO - [Training] EPOCH: 28 EpochTime = 1.448 (s) Losses = ['0.0510', '100.0000'] lr = 0.001375
2023-11-03 02:51:50,915 - fewshot_modelnet_transferring_features - INFO - [Validation] EPOCH: 28  acc = 86.0000
2023-11-03 02:51:52,453 - fewshot_modelnet_transferring_features - INFO - Save checkpoint at ./experiments/fewshot_modelnet_transferring_features/cfgs/LR_0.0015/ckpt-last.pth
2023-11-03 02:51:54,179 - fewshot_modelnet_transferring_features - INFO - [Training] EPOCH: 29 EpochTime = 1.724 (s) Losses = ['0.0581', '100.0000'] lr = 0.001366
2023-11-03 02:51:55,713 - fewshot_modelnet_transferring_features - INFO - [Validation] EPOCH: 29  acc = 85.5000
2023-11-03 02:51:57,286 - fewshot_modelnet_transferring_features - INFO - Save checkpoint at ./experiments/fewshot_modelnet_transferring_features/cfgs/LR_0.0015/ckpt-last.pth
2023-11-03 02:51:59,018 - fewshot_modelnet_transferring_features - INFO - [Training] EPOCH: 30 EpochTime = 1.731 (s) Losses = ['0.0547', '100.0000'] lr = 0.001357
2023-11-03 02:52:00,948 - fewshot_modelnet_transferring_features - INFO - [Validation] EPOCH: 30  acc = 85.5000
2023-11-03 02:52:02,463 - fewshot_modelnet_transferring_features - INFO - Save checkpoint at ./experiments/fewshot_modelnet_transferring_features/cfgs/LR_0.0015/ckpt-last.pth
2023-11-03 02:52:03,793 - fewshot_modelnet_transferring_features - INFO - [Training] EPOCH: 31 EpochTime = 1.329 (s) Losses = ['0.0414', '100.0000'] lr = 0.001347
2023-11-03 02:52:05,817 - fewshot_modelnet_transferring_features - INFO - [Validation] EPOCH: 31  acc = 85.0000
2023-11-03 02:52:07,329 - fewshot_modelnet_transferring_features - INFO - Save checkpoint at ./experiments/fewshot_modelnet_transferring_features/cfgs/LR_0.0015/ckpt-last.pth
2023-11-03 02:52:08,689 - fewshot_modelnet_transferring_features - INFO - [Training] EPOCH: 32 EpochTime = 1.358 (s) Losses = ['0.0390', '100.0000'] lr = 0.001338
2023-11-03 02:52:10,668 - fewshot_modelnet_transferring_features - INFO - [Validation] EPOCH: 32  acc = 85.5000
2023-11-03 02:52:12,298 - fewshot_modelnet_transferring_features - INFO - Save checkpoint at ./experiments/fewshot_modelnet_transferring_features/cfgs/LR_0.0015/ckpt-last.pth
2023-11-03 02:52:13,716 - fewshot_modelnet_transferring_features - INFO - [Training] EPOCH: 33 EpochTime = 1.416 (s) Losses = ['0.0449', '100.0000'] lr = 0.001328
2023-11-03 02:52:15,773 - fewshot_modelnet_transferring_features - INFO - [Validation] EPOCH: 33  acc = 86.0000
2023-11-03 02:52:17,364 - fewshot_modelnet_transferring_features - INFO - Save checkpoint at ./experiments/fewshot_modelnet_transferring_features/cfgs/LR_0.0015/ckpt-last.pth
2023-11-03 02:52:18,747 - fewshot_modelnet_transferring_features - INFO - [Training] EPOCH: 34 EpochTime = 1.381 (s) Losses = ['0.0491', '100.0000'] lr = 0.001318
2023-11-03 02:52:20,530 - fewshot_modelnet_transferring_features - INFO - [Validation] EPOCH: 34  acc = 86.0000
2023-11-03 02:52:22,127 - fewshot_modelnet_transferring_features - INFO - Save checkpoint at ./experiments/fewshot_modelnet_transferring_features/cfgs/LR_0.0015/ckpt-last.pth
2023-11-03 02:52:23,490 - fewshot_modelnet_transferring_features - INFO - [Training] EPOCH: 35 EpochTime = 1.362 (s) Losses = ['0.0534', '100.0000'] lr = 0.001307
2023-11-03 02:52:25,283 - fewshot_modelnet_transferring_features - INFO - [Validation] EPOCH: 35  acc = 85.0000
2023-11-03 02:52:27,127 - fewshot_modelnet_transferring_features - INFO - Save checkpoint at ./experiments/fewshot_modelnet_transferring_features/cfgs/LR_0.0015/ckpt-last.pth
2023-11-03 02:52:28,480 - fewshot_modelnet_transferring_features - INFO - [Training] EPOCH: 36 EpochTime = 1.351 (s) Losses = ['0.0292', '100.0000'] lr = 0.001297
2023-11-03 02:52:30,295 - fewshot_modelnet_transferring_features - INFO - [Validation] EPOCH: 36  acc = 84.5000
2023-11-03 02:52:31,902 - fewshot_modelnet_transferring_features - INFO - Save checkpoint at ./experiments/fewshot_modelnet_transferring_features/cfgs/LR_0.0015/ckpt-last.pth
2023-11-03 02:52:33,279 - fewshot_modelnet_transferring_features - INFO - [Training] EPOCH: 37 EpochTime = 1.375 (s) Losses = ['0.0373', '100.0000'] lr = 0.001286
2023-11-03 02:52:35,072 - fewshot_modelnet_transferring_features - INFO - [Validation] EPOCH: 37  acc = 84.5000
2023-11-03 02:52:36,670 - fewshot_modelnet_transferring_features - INFO - Save checkpoint at ./experiments/fewshot_modelnet_transferring_features/cfgs/LR_0.0015/ckpt-last.pth
2023-11-03 02:52:38,462 - fewshot_modelnet_transferring_features - INFO - [Training] EPOCH: 38 EpochTime = 1.791 (s) Losses = ['0.0347', '100.0000'] lr = 0.001275
2023-11-03 02:52:40,159 - fewshot_modelnet_transferring_features - INFO - [Validation] EPOCH: 38  acc = 84.0000
2023-11-03 02:52:42,297 - fewshot_modelnet_transferring_features - INFO - Save checkpoint at ./experiments/fewshot_modelnet_transferring_features/cfgs/LR_0.0015/ckpt-last.pth
2023-11-03 02:52:43,976 - fewshot_modelnet_transferring_features - INFO - [Training] EPOCH: 39 EpochTime = 1.677 (s) Losses = ['0.0258', '100.0000'] lr = 0.001264
2023-11-03 02:52:46,033 - fewshot_modelnet_transferring_features - INFO - [Validation] EPOCH: 39  acc = 85.5000
2023-11-03 02:52:48,315 - fewshot_modelnet_transferring_features - INFO - Save checkpoint at ./experiments/fewshot_modelnet_transferring_features/cfgs/LR_0.0015/ckpt-last.pth
2023-11-03 02:52:50,172 - fewshot_modelnet_transferring_features - INFO - [Training] EPOCH: 40 EpochTime = 1.855 (s) Losses = ['0.0235', '100.0000'] lr = 0.001252
2023-11-03 02:52:52,108 - fewshot_modelnet_transferring_features - INFO - [Validation] EPOCH: 40  acc = 85.5000
2023-11-03 02:52:53,549 - fewshot_modelnet_transferring_features - INFO - Save checkpoint at ./experiments/fewshot_modelnet_transferring_features/cfgs/LR_0.0015/ckpt-last.pth
2023-11-03 02:52:55,011 - fewshot_modelnet_transferring_features - INFO - [Training] EPOCH: 41 EpochTime = 1.461 (s) Losses = ['0.0400', '100.0000'] lr = 0.001240
2023-11-03 02:52:57,051 - fewshot_modelnet_transferring_features - INFO - [Validation] EPOCH: 41  acc = 86.0000
2023-11-03 02:52:58,548 - fewshot_modelnet_transferring_features - INFO - Save checkpoint at ./experiments/fewshot_modelnet_transferring_features/cfgs/LR_0.0015/ckpt-last.pth
2023-11-03 02:52:59,966 - fewshot_modelnet_transferring_features - INFO - [Training] EPOCH: 42 EpochTime = 1.416 (s) Losses = ['0.0355', '100.0000'] lr = 0.001228
2023-11-03 02:53:01,974 - fewshot_modelnet_transferring_features - INFO - [Validation] EPOCH: 42  acc = 86.0000
2023-11-03 02:53:03,640 - fewshot_modelnet_transferring_features - INFO - Save checkpoint at ./experiments/fewshot_modelnet_transferring_features/cfgs/LR_0.0015/ckpt-last.pth
2023-11-03 02:53:05,007 - fewshot_modelnet_transferring_features - INFO - [Training] EPOCH: 43 EpochTime = 1.365 (s) Losses = ['0.0265', '100.0000'] lr = 0.001216
2023-11-03 02:53:07,024 - fewshot_modelnet_transferring_features - INFO - [Validation] EPOCH: 43  acc = 85.5000
2023-11-03 02:53:08,501 - fewshot_modelnet_transferring_features - INFO - Save checkpoint at ./experiments/fewshot_modelnet_transferring_features/cfgs/LR_0.0015/ckpt-last.pth
2023-11-03 02:53:09,889 - fewshot_modelnet_transferring_features - INFO - [Training] EPOCH: 44 EpochTime = 1.386 (s) Losses = ['0.0285', '100.0000'] lr = 0.001204
2023-11-03 02:53:11,668 - fewshot_modelnet_transferring_features - INFO - [Validation] EPOCH: 44  acc = 86.0000
2023-11-03 02:53:13,357 - fewshot_modelnet_transferring_features - INFO - Save checkpoint at ./experiments/fewshot_modelnet_transferring_features/cfgs/LR_0.0015/ckpt-last.pth
2023-11-03 02:53:15,301 - fewshot_modelnet_transferring_features - INFO - [Training] EPOCH: 45 EpochTime = 1.943 (s) Losses = ['0.0213', '100.0000'] lr = 0.001191
2023-11-03 02:53:17,119 - fewshot_modelnet_transferring_features - INFO - [Validation] EPOCH: 45  acc = 86.5000
2023-11-03 02:53:19,369 - fewshot_modelnet_transferring_features - INFO - Save checkpoint at ./experiments/fewshot_modelnet_transferring_features/cfgs/LR_0.0015/ckpt-last.pth
2023-11-03 02:53:20,752 - fewshot_modelnet_transferring_features - INFO - [Training] EPOCH: 46 EpochTime = 1.381 (s) Losses = ['0.0265', '100.0000'] lr = 0.001178
2023-11-03 02:53:22,370 - fewshot_modelnet_transferring_features - INFO - [Validation] EPOCH: 46  acc = 86.0000
2023-11-03 02:53:23,948 - fewshot_modelnet_transferring_features - INFO - Save checkpoint at ./experiments/fewshot_modelnet_transferring_features/cfgs/LR_0.0015/ckpt-last.pth
2023-11-03 02:53:26,042 - fewshot_modelnet_transferring_features - INFO - [Training] EPOCH: 47 EpochTime = 2.092 (s) Losses = ['0.0284', '100.0000'] lr = 0.001165
2023-11-03 02:53:27,696 - fewshot_modelnet_transferring_features - INFO - [Validation] EPOCH: 47  acc = 85.5000
2023-11-03 02:53:29,332 - fewshot_modelnet_transferring_features - INFO - Save checkpoint at ./experiments/fewshot_modelnet_transferring_features/cfgs/LR_0.0015/ckpt-last.pth
2023-11-03 02:53:30,859 - fewshot_modelnet_transferring_features - INFO - [Training] EPOCH: 48 EpochTime = 1.524 (s) Losses = ['0.0266', '100.0000'] lr = 0.001152
2023-11-03 02:53:32,901 - fewshot_modelnet_transferring_features - INFO - [Validation] EPOCH: 48  acc = 85.5000
2023-11-03 02:53:34,421 - fewshot_modelnet_transferring_features - INFO - Save checkpoint at ./experiments/fewshot_modelnet_transferring_features/cfgs/LR_0.0015/ckpt-last.pth
2023-11-03 02:53:35,801 - fewshot_modelnet_transferring_features - INFO - [Training] EPOCH: 49 EpochTime = 1.378 (s) Losses = ['0.0182', '100.0000'] lr = 0.001139
2023-11-03 02:53:37,794 - fewshot_modelnet_transferring_features - INFO - [Validation] EPOCH: 49  acc = 86.0000
2023-11-03 02:53:39,313 - fewshot_modelnet_transferring_features - INFO - Save checkpoint at ./experiments/fewshot_modelnet_transferring_features/cfgs/LR_0.0015/ckpt-last.pth
2023-11-03 02:53:40,682 - fewshot_modelnet_transferring_features - INFO - [Training] EPOCH: 50 EpochTime = 1.366 (s) Losses = ['0.0282', '100.0000'] lr = 0.001125
2023-11-03 02:53:42,895 - fewshot_modelnet_transferring_features - INFO - [Validation] EPOCH: 50  acc = 86.0000
2023-11-03 02:53:44,390 - fewshot_modelnet_transferring_features - INFO - Save checkpoint at ./experiments/fewshot_modelnet_transferring_features/cfgs/LR_0.0015/ckpt-last.pth
2023-11-03 02:53:45,769 - fewshot_modelnet_transferring_features - INFO - [Training] EPOCH: 51 EpochTime = 1.378 (s) Losses = ['0.0246', '100.0000'] lr = 0.001112
2023-11-03 02:53:47,566 - fewshot_modelnet_transferring_features - INFO - [Validation] EPOCH: 51  acc = 86.5000
2023-11-03 02:53:49,185 - fewshot_modelnet_transferring_features - INFO - Save checkpoint at ./experiments/fewshot_modelnet_transferring_features/cfgs/LR_0.0015/ckpt-last.pth
2023-11-03 02:53:50,600 - fewshot_modelnet_transferring_features - INFO - [Training] EPOCH: 52 EpochTime = 1.413 (s) Losses = ['0.0235', '100.0000'] lr = 0.001098
2023-11-03 02:53:52,360 - fewshot_modelnet_transferring_features - INFO - [Validation] EPOCH: 52  acc = 86.5000
2023-11-03 02:53:54,014 - fewshot_modelnet_transferring_features - INFO - Save checkpoint at ./experiments/fewshot_modelnet_transferring_features/cfgs/LR_0.0015/ckpt-last.pth
2023-11-03 02:53:55,370 - fewshot_modelnet_transferring_features - INFO - [Training] EPOCH: 53 EpochTime = 1.355 (s) Losses = ['0.0208', '100.0000'] lr = 0.001084
2023-11-03 02:53:57,443 - fewshot_modelnet_transferring_features - INFO - [Validation] EPOCH: 53  acc = 86.0000
2023-11-03 02:53:59,006 - fewshot_modelnet_transferring_features - INFO - Save checkpoint at ./experiments/fewshot_modelnet_transferring_features/cfgs/LR_0.0015/ckpt-last.pth
2023-11-03 02:54:00,382 - fewshot_modelnet_transferring_features - INFO - [Training] EPOCH: 54 EpochTime = 1.374 (s) Losses = ['0.0197', '100.0000'] lr = 0.001070
2023-11-03 02:54:02,338 - fewshot_modelnet_transferring_features - INFO - [Validation] EPOCH: 54  acc = 86.0000
2023-11-03 02:54:03,920 - fewshot_modelnet_transferring_features - INFO - Save checkpoint at ./experiments/fewshot_modelnet_transferring_features/cfgs/LR_0.0015/ckpt-last.pth
2023-11-03 02:54:05,438 - fewshot_modelnet_transferring_features - INFO - [Training] EPOCH: 55 EpochTime = 1.515 (s) Losses = ['0.0200', '100.0000'] lr = 0.001055
2023-11-03 02:54:07,737 - fewshot_modelnet_transferring_features - INFO - [Validation] EPOCH: 55  acc = 86.0000
2023-11-03 02:54:09,427 - fewshot_modelnet_transferring_features - INFO - Save checkpoint at ./experiments/fewshot_modelnet_transferring_features/cfgs/LR_0.0015/ckpt-last.pth
2023-11-03 02:54:10,796 - fewshot_modelnet_transferring_features - INFO - [Training] EPOCH: 56 EpochTime = 1.367 (s) Losses = ['0.0172', '100.0000'] lr = 0.001041
2023-11-03 02:54:12,917 - fewshot_modelnet_transferring_features - INFO - [Validation] EPOCH: 56  acc = 87.0000
2023-11-03 02:54:14,442 - fewshot_modelnet_transferring_features - INFO - Save checkpoint at ./experiments/fewshot_modelnet_transferring_features/cfgs/LR_0.0015/ckpt-last.pth
2023-11-03 02:54:15,816 - fewshot_modelnet_transferring_features - INFO - [Training] EPOCH: 57 EpochTime = 1.373 (s) Losses = ['0.0222', '100.0000'] lr = 0.001026
2023-11-03 02:54:17,694 - fewshot_modelnet_transferring_features - INFO - [Validation] EPOCH: 57  acc = 86.5000
2023-11-03 02:54:19,194 - fewshot_modelnet_transferring_features - INFO - Save checkpoint at ./experiments/fewshot_modelnet_transferring_features/cfgs/LR_0.0015/ckpt-last.pth
2023-11-03 02:54:20,617 - fewshot_modelnet_transferring_features - INFO - [Training] EPOCH: 58 EpochTime = 1.420 (s) Losses = ['0.0224', '100.0000'] lr = 0.001012
2023-11-03 02:54:22,357 - fewshot_modelnet_transferring_features - INFO - [Validation] EPOCH: 58  acc = 86.5000
2023-11-03 02:54:23,891 - fewshot_modelnet_transferring_features - INFO - Save checkpoint at ./experiments/fewshot_modelnet_transferring_features/cfgs/LR_0.0015/ckpt-last.pth
2023-11-03 02:54:25,398 - fewshot_modelnet_transferring_features - INFO - [Training] EPOCH: 59 EpochTime = 1.505 (s) Losses = ['0.0213', '100.0000'] lr = 0.000997
2023-11-03 02:54:27,144 - fewshot_modelnet_transferring_features - INFO - [Validation] EPOCH: 59  acc = 86.5000
2023-11-03 02:54:28,880 - fewshot_modelnet_transferring_features - INFO - Save checkpoint at ./experiments/fewshot_modelnet_transferring_features/cfgs/LR_0.0015/ckpt-last.pth
2023-11-03 02:54:30,237 - fewshot_modelnet_transferring_features - INFO - [Training] EPOCH: 60 EpochTime = 1.355 (s) Losses = ['0.0203', '100.0000'] lr = 0.000982
2023-11-03 02:54:32,186 - fewshot_modelnet_transferring_features - INFO - [Validation] EPOCH: 60  acc = 87.0000
2023-11-03 02:54:33,710 - fewshot_modelnet_transferring_features - INFO - Save checkpoint at ./experiments/fewshot_modelnet_transferring_features/cfgs/LR_0.0015/ckpt-last.pth
2023-11-03 02:54:35,096 - fewshot_modelnet_transferring_features - INFO - [Training] EPOCH: 61 EpochTime = 1.383 (s) Losses = ['0.0198', '100.0000'] lr = 0.000967
2023-11-03 02:54:36,655 - fewshot_modelnet_transferring_features - INFO - [Validation] EPOCH: 61  acc = 86.0000
2023-11-03 02:54:38,171 - fewshot_modelnet_transferring_features - INFO - Save checkpoint at ./experiments/fewshot_modelnet_transferring_features/cfgs/LR_0.0015/ckpt-last.pth
2023-11-03 02:54:40,113 - fewshot_modelnet_transferring_features - INFO - [Training] EPOCH: 62 EpochTime = 1.940 (s) Losses = ['0.0151', '100.0000'] lr = 0.000952
2023-11-03 02:54:41,663 - fewshot_modelnet_transferring_features - INFO - [Validation] EPOCH: 62  acc = 86.0000
2023-11-03 02:54:43,236 - fewshot_modelnet_transferring_features - INFO - Save checkpoint at ./experiments/fewshot_modelnet_transferring_features/cfgs/LR_0.0015/ckpt-last.pth
2023-11-03 02:54:44,572 - fewshot_modelnet_transferring_features - INFO - [Training] EPOCH: 63 EpochTime = 1.334 (s) Losses = ['0.0126', '100.0000'] lr = 0.000937
2023-11-03 02:54:46,112 - fewshot_modelnet_transferring_features - INFO - [Validation] EPOCH: 63  acc = 86.0000
2023-11-03 02:54:47,672 - fewshot_modelnet_transferring_features - INFO - Save checkpoint at ./experiments/fewshot_modelnet_transferring_features/cfgs/LR_0.0015/ckpt-last.pth
2023-11-03 02:54:49,169 - fewshot_modelnet_transferring_features - INFO - [Training] EPOCH: 64 EpochTime = 1.496 (s) Losses = ['0.0197', '100.0000'] lr = 0.000922
2023-11-03 02:54:50,783 - fewshot_modelnet_transferring_features - INFO - [Validation] EPOCH: 64  acc = 86.0000
2023-11-03 02:54:52,365 - fewshot_modelnet_transferring_features - INFO - Save checkpoint at ./experiments/fewshot_modelnet_transferring_features/cfgs/LR_0.0015/ckpt-last.pth
2023-11-03 02:54:54,290 - fewshot_modelnet_transferring_features - INFO - [Training] EPOCH: 65 EpochTime = 1.923 (s) Losses = ['0.0162', '100.0000'] lr = 0.000906
2023-11-03 02:54:56,124 - fewshot_modelnet_transferring_features - INFO - [Validation] EPOCH: 65  acc = 86.0000
2023-11-03 02:54:57,661 - fewshot_modelnet_transferring_features - INFO - Save checkpoint at ./experiments/fewshot_modelnet_transferring_features/cfgs/LR_0.0015/ckpt-last.pth
2023-11-03 02:54:59,657 - fewshot_modelnet_transferring_features - INFO - [Training] EPOCH: 66 EpochTime = 1.993 (s) Losses = ['0.0135', '100.0000'] lr = 0.000891
2023-11-03 02:55:01,190 - fewshot_modelnet_transferring_features - INFO - [Validation] EPOCH: 66  acc = 86.5000
2023-11-03 02:55:03,299 - fewshot_modelnet_transferring_features - INFO - Save checkpoint at ./experiments/fewshot_modelnet_transferring_features/cfgs/LR_0.0015/ckpt-last.pth
2023-11-03 02:55:04,662 - fewshot_modelnet_transferring_features - INFO - [Training] EPOCH: 67 EpochTime = 1.361 (s) Losses = ['0.0153', '100.0000'] lr = 0.000875
2023-11-03 02:55:06,446 - fewshot_modelnet_transferring_features - INFO - [Validation] EPOCH: 67  acc = 86.5000
2023-11-03 02:55:08,048 - fewshot_modelnet_transferring_features - INFO - Save checkpoint at ./experiments/fewshot_modelnet_transferring_features/cfgs/LR_0.0015/ckpt-last.pth
2023-11-03 02:55:09,456 - fewshot_modelnet_transferring_features - INFO - [Training] EPOCH: 68 EpochTime = 1.406 (s) Losses = ['0.0154', '100.0000'] lr = 0.000860
2023-11-03 02:55:11,233 - fewshot_modelnet_transferring_features - INFO - [Validation] EPOCH: 68  acc = 86.5000
2023-11-03 02:55:12,848 - fewshot_modelnet_transferring_features - INFO - Save checkpoint at ./experiments/fewshot_modelnet_transferring_features/cfgs/LR_0.0015/ckpt-last.pth
2023-11-03 02:55:14,295 - fewshot_modelnet_transferring_features - INFO - [Training] EPOCH: 69 EpochTime = 1.446 (s) Losses = ['0.0140', '100.0000'] lr = 0.000844
2023-11-03 02:55:15,994 - fewshot_modelnet_transferring_features - INFO - [Validation] EPOCH: 69  acc = 86.5000
2023-11-03 02:55:17,706 - fewshot_modelnet_transferring_features - INFO - Save checkpoint at ./experiments/fewshot_modelnet_transferring_features/cfgs/LR_0.0015/ckpt-last.pth
2023-11-03 02:55:19,092 - fewshot_modelnet_transferring_features - INFO - [Training] EPOCH: 70 EpochTime = 1.384 (s) Losses = ['0.0104', '100.0000'] lr = 0.000829
2023-11-03 02:55:20,845 - fewshot_modelnet_transferring_features - INFO - [Validation] EPOCH: 70  acc = 86.5000
2023-11-03 02:55:22,390 - fewshot_modelnet_transferring_features - INFO - Save checkpoint at ./experiments/fewshot_modelnet_transferring_features/cfgs/LR_0.0015/ckpt-last.pth
2023-11-03 02:55:23,897 - fewshot_modelnet_transferring_features - INFO - [Training] EPOCH: 71 EpochTime = 1.506 (s) Losses = ['0.0171', '100.0000'] lr = 0.000813
2023-11-03 02:55:25,580 - fewshot_modelnet_transferring_features - INFO - [Validation] EPOCH: 71  acc = 86.5000
2023-11-03 02:55:27,122 - fewshot_modelnet_transferring_features - INFO - Save checkpoint at ./experiments/fewshot_modelnet_transferring_features/cfgs/LR_0.0015/ckpt-last.pth
2023-11-03 02:55:28,700 - fewshot_modelnet_transferring_features - INFO - [Training] EPOCH: 72 EpochTime = 1.577 (s) Losses = ['0.0176', '100.0000'] lr = 0.000798
2023-11-03 02:55:30,259 - fewshot_modelnet_transferring_features - INFO - [Validation] EPOCH: 72  acc = 86.0000
2023-11-03 02:55:31,842 - fewshot_modelnet_transferring_features - INFO - Save checkpoint at ./experiments/fewshot_modelnet_transferring_features/cfgs/LR_0.0015/ckpt-last.pth
2023-11-03 02:55:33,518 - fewshot_modelnet_transferring_features - INFO - [Training] EPOCH: 73 EpochTime = 1.674 (s) Losses = ['0.0154', '100.0000'] lr = 0.000782
2023-11-03 02:55:35,176 - fewshot_modelnet_transferring_features - INFO - [Validation] EPOCH: 73  acc = 86.0000
2023-11-03 02:55:36,753 - fewshot_modelnet_transferring_features - INFO - Save checkpoint at ./experiments/fewshot_modelnet_transferring_features/cfgs/LR_0.0015/ckpt-last.pth
2023-11-03 02:55:38,326 - fewshot_modelnet_transferring_features - INFO - [Training] EPOCH: 74 EpochTime = 1.570 (s) Losses = ['0.0139', '100.0000'] lr = 0.000766
2023-11-03 02:55:40,069 - fewshot_modelnet_transferring_features - INFO - [Validation] EPOCH: 74  acc = 86.0000
2023-11-03 02:55:41,675 - fewshot_modelnet_transferring_features - INFO - Save checkpoint at ./experiments/fewshot_modelnet_transferring_features/cfgs/LR_0.0015/ckpt-last.pth
2023-11-03 02:55:43,091 - fewshot_modelnet_transferring_features - INFO - [Training] EPOCH: 75 EpochTime = 1.414 (s) Losses = ['0.0155', '100.0000'] lr = 0.000751
2023-11-03 02:55:44,858 - fewshot_modelnet_transferring_features - INFO - [Validation] EPOCH: 75  acc = 86.0000
2023-11-03 02:55:46,499 - fewshot_modelnet_transferring_features - INFO - Save checkpoint at ./experiments/fewshot_modelnet_transferring_features/cfgs/LR_0.0015/ckpt-last.pth
2023-11-03 02:55:47,932 - fewshot_modelnet_transferring_features - INFO - [Training] EPOCH: 76 EpochTime = 1.431 (s) Losses = ['0.0167', '100.0000'] lr = 0.000735
2023-11-03 02:55:49,714 - fewshot_modelnet_transferring_features - INFO - [Validation] EPOCH: 76  acc = 85.5000
2023-11-03 02:55:51,192 - fewshot_modelnet_transferring_features - INFO - Save checkpoint at ./experiments/fewshot_modelnet_transferring_features/cfgs/LR_0.0015/ckpt-last.pth
2023-11-03 02:55:52,759 - fewshot_modelnet_transferring_features - INFO - [Training] EPOCH: 77 EpochTime = 1.566 (s) Losses = ['0.0140', '100.0000'] lr = 0.000719
2023-11-03 02:55:54,334 - fewshot_modelnet_transferring_features - INFO - [Validation] EPOCH: 77  acc = 85.5000
2023-11-03 02:55:56,247 - fewshot_modelnet_transferring_features - INFO - Save checkpoint at ./experiments/fewshot_modelnet_transferring_features/cfgs/LR_0.0015/ckpt-last.pth
2023-11-03 02:55:57,667 - fewshot_modelnet_transferring_features - INFO - [Training] EPOCH: 78 EpochTime = 1.417 (s) Losses = ['0.0092', '100.0000'] lr = 0.000703
2023-11-03 02:55:59,488 - fewshot_modelnet_transferring_features - INFO - [Validation] EPOCH: 78  acc = 85.5000
2023-11-03 02:56:00,929 - fewshot_modelnet_transferring_features - INFO - Save checkpoint at ./experiments/fewshot_modelnet_transferring_features/cfgs/LR_0.0015/ckpt-last.pth
2023-11-03 02:56:02,548 - fewshot_modelnet_transferring_features - INFO - [Training] EPOCH: 79 EpochTime = 1.617 (s) Losses = ['0.0123', '100.0000'] lr = 0.000688
2023-11-03 02:56:04,316 - fewshot_modelnet_transferring_features - INFO - [Validation] EPOCH: 79  acc = 85.5000
2023-11-03 02:56:05,900 - fewshot_modelnet_transferring_features - INFO - Save checkpoint at ./experiments/fewshot_modelnet_transferring_features/cfgs/LR_0.0015/ckpt-last.pth
2023-11-03 02:56:07,348 - fewshot_modelnet_transferring_features - INFO - [Training] EPOCH: 80 EpochTime = 1.446 (s) Losses = ['0.0109', '100.0000'] lr = 0.000672
2023-11-03 02:56:09,121 - fewshot_modelnet_transferring_features - INFO - [Validation] EPOCH: 80  acc = 85.5000
2023-11-03 02:56:10,642 - fewshot_modelnet_transferring_features - INFO - Save checkpoint at ./experiments/fewshot_modelnet_transferring_features/cfgs/LR_0.0015/ckpt-last.pth
2023-11-03 02:56:12,149 - fewshot_modelnet_transferring_features - INFO - [Training] EPOCH: 81 EpochTime = 1.505 (s) Losses = ['0.0122', '100.0000'] lr = 0.000657
2023-11-03 02:56:13,980 - fewshot_modelnet_transferring_features - INFO - [Validation] EPOCH: 81  acc = 85.5000
2023-11-03 02:56:15,599 - fewshot_modelnet_transferring_features - INFO - Save checkpoint at ./experiments/fewshot_modelnet_transferring_features/cfgs/LR_0.0015/ckpt-last.pth
2023-11-03 02:56:17,026 - fewshot_modelnet_transferring_features - INFO - [Training] EPOCH: 82 EpochTime = 1.425 (s) Losses = ['0.0121', '100.0000'] lr = 0.000641
2023-11-03 02:56:19,246 - fewshot_modelnet_transferring_features - INFO - [Validation] EPOCH: 82  acc = 85.5000
2023-11-03 02:56:20,734 - fewshot_modelnet_transferring_features - INFO - Save checkpoint at ./experiments/fewshot_modelnet_transferring_features/cfgs/LR_0.0015/ckpt-last.pth
2023-11-03 02:56:22,125 - fewshot_modelnet_transferring_features - INFO - [Training] EPOCH: 83 EpochTime = 1.389 (s) Losses = ['0.0147', '100.0000'] lr = 0.000626
2023-11-03 02:56:24,262 - fewshot_modelnet_transferring_features - INFO - [Validation] EPOCH: 83  acc = 86.0000
2023-11-03 02:56:25,732 - fewshot_modelnet_transferring_features - INFO - Save checkpoint at ./experiments/fewshot_modelnet_transferring_features/cfgs/LR_0.0015/ckpt-last.pth
2023-11-03 02:56:27,078 - fewshot_modelnet_transferring_features - INFO - [Training] EPOCH: 84 EpochTime = 1.344 (s) Losses = ['0.0133', '100.0000'] lr = 0.000610
2023-11-03 02:56:29,067 - fewshot_modelnet_transferring_features - INFO - [Validation] EPOCH: 84  acc = 86.0000
2023-11-03 02:56:30,582 - fewshot_modelnet_transferring_features - INFO - Save checkpoint at ./experiments/fewshot_modelnet_transferring_features/cfgs/LR_0.0015/ckpt-last.pth
2023-11-03 02:56:31,986 - fewshot_modelnet_transferring_features - INFO - [Training] EPOCH: 85 EpochTime = 1.402 (s) Losses = ['0.0126', '100.0000'] lr = 0.000595
2023-11-03 02:56:33,756 - fewshot_modelnet_transferring_features - INFO - [Validation] EPOCH: 85  acc = 86.0000
2023-11-03 02:56:36,806 - fewshot_modelnet_transferring_features - INFO - Save checkpoint at ./experiments/fewshot_modelnet_transferring_features/cfgs/LR_0.0015/ckpt-last.pth
2023-11-03 02:56:38,639 - fewshot_modelnet_transferring_features - INFO - [Training] EPOCH: 86 EpochTime = 1.832 (s) Losses = ['0.0092', '100.0000'] lr = 0.000579
2023-11-03 02:56:40,839 - fewshot_modelnet_transferring_features - INFO - [Validation] EPOCH: 86  acc = 86.5000
2023-11-03 02:56:42,326 - fewshot_modelnet_transferring_features - INFO - Save checkpoint at ./experiments/fewshot_modelnet_transferring_features/cfgs/LR_0.0015/ckpt-last.pth
2023-11-03 02:56:43,675 - fewshot_modelnet_transferring_features - INFO - [Training] EPOCH: 87 EpochTime = 1.347 (s) Losses = ['0.0115', '100.0000'] lr = 0.000564
2023-11-03 02:56:45,258 - fewshot_modelnet_transferring_features - INFO - [Validation] EPOCH: 87  acc = 86.5000
2023-11-03 02:56:46,819 - fewshot_modelnet_transferring_features - INFO - Save checkpoint at ./experiments/fewshot_modelnet_transferring_features/cfgs/LR_0.0015/ckpt-last.pth
2023-11-03 02:56:48,925 - fewshot_modelnet_transferring_features - INFO - [Training] EPOCH: 88 EpochTime = 2.104 (s) Losses = ['0.0130', '100.0000'] lr = 0.000549
2023-11-03 02:56:50,473 - fewshot_modelnet_transferring_features - INFO - [Validation] EPOCH: 88  acc = 87.0000
2023-11-03 02:56:52,038 - fewshot_modelnet_transferring_features - INFO - Save checkpoint at ./experiments/fewshot_modelnet_transferring_features/cfgs/LR_0.0015/ckpt-last.pth
2023-11-03 02:56:53,541 - fewshot_modelnet_transferring_features - INFO - [Training] EPOCH: 89 EpochTime = 1.501 (s) Losses = ['0.0165', '100.0000'] lr = 0.000534
2023-11-03 02:56:55,157 - fewshot_modelnet_transferring_features - INFO - [Validation] EPOCH: 89  acc = 87.0000
2023-11-03 02:56:56,721 - fewshot_modelnet_transferring_features - INFO - Save checkpoint at ./experiments/fewshot_modelnet_transferring_features/cfgs/LR_0.0015/ckpt-last.pth
2023-11-03 02:56:58,585 - fewshot_modelnet_transferring_features - INFO - [Training] EPOCH: 90 EpochTime = 1.862 (s) Losses = ['0.0116', '100.0000'] lr = 0.000519
2023-11-03 02:57:00,557 - fewshot_modelnet_transferring_features - INFO - [Validation] EPOCH: 90  acc = 86.5000
2023-11-03 02:57:02,062 - fewshot_modelnet_transferring_features - INFO - Save checkpoint at ./experiments/fewshot_modelnet_transferring_features/cfgs/LR_0.0015/ckpt-last.pth
2023-11-03 02:57:03,411 - fewshot_modelnet_transferring_features - INFO - [Training] EPOCH: 91 EpochTime = 1.348 (s) Losses = ['0.0177', '100.0000'] lr = 0.000504
2023-11-03 02:57:05,414 - fewshot_modelnet_transferring_features - INFO - [Validation] EPOCH: 91  acc = 87.0000
2023-11-03 02:57:06,956 - fewshot_modelnet_transferring_features - INFO - Save checkpoint at ./experiments/fewshot_modelnet_transferring_features/cfgs/LR_0.0015/ckpt-last.pth
2023-11-03 02:57:08,322 - fewshot_modelnet_transferring_features - INFO - [Training] EPOCH: 92 EpochTime = 1.365 (s) Losses = ['0.0115', '100.0000'] lr = 0.000489
2023-11-03 02:57:10,498 - fewshot_modelnet_transferring_features - INFO - [Validation] EPOCH: 92  acc = 87.5000
2023-11-03 02:57:12,079 - fewshot_modelnet_transferring_features - INFO - Save checkpoint at ./experiments/fewshot_modelnet_transferring_features/cfgs/LR_0.0015/ckpt-last.pth
2023-11-03 02:57:13,455 - fewshot_modelnet_transferring_features - INFO - [Training] EPOCH: 93 EpochTime = 1.375 (s) Losses = ['0.0100', '100.0000'] lr = 0.000475
2023-11-03 02:57:15,514 - fewshot_modelnet_transferring_features - INFO - [Validation] EPOCH: 93  acc = 87.0000
2023-11-03 02:57:17,228 - fewshot_modelnet_transferring_features - INFO - Save checkpoint at ./experiments/fewshot_modelnet_transferring_features/cfgs/LR_0.0015/ckpt-last.pth
2023-11-03 02:57:18,590 - fewshot_modelnet_transferring_features - INFO - [Training] EPOCH: 94 EpochTime = 1.361 (s) Losses = ['0.0149', '100.0000'] lr = 0.000460
2023-11-03 02:57:20,604 - fewshot_modelnet_transferring_features - INFO - [Validation] EPOCH: 94  acc = 87.0000
2023-11-03 02:57:22,120 - fewshot_modelnet_transferring_features - INFO - Save checkpoint at ./experiments/fewshot_modelnet_transferring_features/cfgs/LR_0.0015/ckpt-last.pth
2023-11-03 02:57:23,482 - fewshot_modelnet_transferring_features - INFO - [Training] EPOCH: 95 EpochTime = 1.360 (s) Losses = ['0.0083', '100.0000'] lr = 0.000446
2023-11-03 02:57:25,603 - fewshot_modelnet_transferring_features - INFO - [Validation] EPOCH: 95  acc = 87.0000
2023-11-03 02:57:27,102 - fewshot_modelnet_transferring_features - INFO - Save checkpoint at ./experiments/fewshot_modelnet_transferring_features/cfgs/LR_0.0015/ckpt-last.pth
2023-11-03 02:57:28,461 - fewshot_modelnet_transferring_features - INFO - [Training] EPOCH: 96 EpochTime = 1.357 (s) Losses = ['0.0087', '100.0000'] lr = 0.000431
2023-11-03 02:57:30,294 - fewshot_modelnet_transferring_features - INFO - [Validation] EPOCH: 96  acc = 87.0000
2023-11-03 02:57:31,879 - fewshot_modelnet_transferring_features - INFO - Save checkpoint at ./experiments/fewshot_modelnet_transferring_features/cfgs/LR_0.0015/ckpt-last.pth
2023-11-03 02:57:33,481 - fewshot_modelnet_transferring_features - INFO - [Training] EPOCH: 97 EpochTime = 1.601 (s) Losses = ['0.0103', '100.0000'] lr = 0.000417
2023-11-03 02:57:35,072 - fewshot_modelnet_transferring_features - INFO - [Validation] EPOCH: 97  acc = 87.0000
2023-11-03 02:57:36,789 - fewshot_modelnet_transferring_features - INFO - Save checkpoint at ./experiments/fewshot_modelnet_transferring_features/cfgs/LR_0.0015/ckpt-last.pth
2023-11-03 02:57:38,654 - fewshot_modelnet_transferring_features - INFO - [Training] EPOCH: 98 EpochTime = 1.864 (s) Losses = ['0.0120', '100.0000'] lr = 0.000403
2023-11-03 02:57:40,320 - fewshot_modelnet_transferring_features - INFO - [Validation] EPOCH: 98  acc = 86.5000
2023-11-03 02:57:42,316 - fewshot_modelnet_transferring_features - INFO - Save checkpoint at ./experiments/fewshot_modelnet_transferring_features/cfgs/LR_0.0015/ckpt-last.pth
2023-11-03 02:57:44,148 - fewshot_modelnet_transferring_features - INFO - [Training] EPOCH: 99 EpochTime = 1.829 (s) Losses = ['0.0152', '100.0000'] lr = 0.000389
2023-11-03 02:57:46,378 - fewshot_modelnet_transferring_features - INFO - [Validation] EPOCH: 99  acc = 86.5000
2023-11-03 02:57:47,872 - fewshot_modelnet_transferring_features - INFO - Save checkpoint at ./experiments/fewshot_modelnet_transferring_features/cfgs/LR_0.0015/ckpt-last.pth
2023-11-03 02:57:49,289 - fewshot_modelnet_transferring_features - INFO - [Training] EPOCH: 100 EpochTime = 1.415 (s) Losses = ['0.0117', '100.0000'] lr = 0.000376
2023-11-03 02:57:50,881 - fewshot_modelnet_transferring_features - INFO - [Validation] EPOCH: 100  acc = 86.5000
2023-11-03 02:57:52,347 - fewshot_modelnet_transferring_features - INFO - Save checkpoint at ./experiments/fewshot_modelnet_transferring_features/cfgs/LR_0.0015/ckpt-last.pth
2023-11-03 02:57:53,819 - fewshot_modelnet_transferring_features - INFO - [Training] EPOCH: 101 EpochTime = 1.470 (s) Losses = ['0.0115', '100.0000'] lr = 0.000362
2023-11-03 02:57:55,365 - fewshot_modelnet_transferring_features - INFO - [Validation] EPOCH: 101  acc = 86.5000
2023-11-03 02:57:56,907 - fewshot_modelnet_transferring_features - INFO - Save checkpoint at ./experiments/fewshot_modelnet_transferring_features/cfgs/LR_0.0015/ckpt-last.pth
2023-11-03 02:57:59,036 - fewshot_modelnet_transferring_features - INFO - [Training] EPOCH: 102 EpochTime = 2.128 (s) Losses = ['0.0109', '100.0000'] lr = 0.000349
2023-11-03 02:58:00,584 - fewshot_modelnet_transferring_features - INFO - [Validation] EPOCH: 102  acc = 86.5000
2023-11-03 02:58:02,210 - fewshot_modelnet_transferring_features - INFO - Save checkpoint at ./experiments/fewshot_modelnet_transferring_features/cfgs/LR_0.0015/ckpt-last.pth
2023-11-03 02:58:04,187 - fewshot_modelnet_transferring_features - INFO - [Training] EPOCH: 103 EpochTime = 1.976 (s) Losses = ['0.0198', '100.0000'] lr = 0.000336
2023-11-03 02:58:06,146 - fewshot_modelnet_transferring_features - INFO - [Validation] EPOCH: 103  acc = 86.5000
2023-11-03 02:58:07,655 - fewshot_modelnet_transferring_features - INFO - Save checkpoint at ./experiments/fewshot_modelnet_transferring_features/cfgs/LR_0.0015/ckpt-last.pth
2023-11-03 02:58:09,035 - fewshot_modelnet_transferring_features - INFO - [Training] EPOCH: 104 EpochTime = 1.378 (s) Losses = ['0.0128', '100.0000'] lr = 0.000323
2023-11-03 02:58:11,002 - fewshot_modelnet_transferring_features - INFO - [Validation] EPOCH: 104  acc = 86.5000
2023-11-03 02:58:12,569 - fewshot_modelnet_transferring_features - INFO - Save checkpoint at ./experiments/fewshot_modelnet_transferring_features/cfgs/LR_0.0015/ckpt-last.pth
2023-11-03 02:58:13,914 - fewshot_modelnet_transferring_features - INFO - [Training] EPOCH: 105 EpochTime = 1.344 (s) Losses = ['0.0129', '100.0000'] lr = 0.000310
2023-11-03 02:58:15,888 - fewshot_modelnet_transferring_features - INFO - [Validation] EPOCH: 105  acc = 87.0000
2023-11-03 02:58:17,393 - fewshot_modelnet_transferring_features - INFO - Save checkpoint at ./experiments/fewshot_modelnet_transferring_features/cfgs/LR_0.0015/ckpt-last.pth
2023-11-03 02:58:18,879 - fewshot_modelnet_transferring_features - INFO - [Training] EPOCH: 106 EpochTime = 1.484 (s) Losses = ['0.0103', '100.0000'] lr = 0.000297
2023-11-03 02:58:20,853 - fewshot_modelnet_transferring_features - INFO - [Validation] EPOCH: 106  acc = 86.5000
2023-11-03 02:58:22,424 - fewshot_modelnet_transferring_features - INFO - Save checkpoint at ./experiments/fewshot_modelnet_transferring_features/cfgs/LR_0.0015/ckpt-last.pth
2023-11-03 02:58:23,826 - fewshot_modelnet_transferring_features - INFO - [Training] EPOCH: 107 EpochTime = 1.401 (s) Losses = ['0.0090', '100.0000'] lr = 0.000285
2023-11-03 02:58:25,605 - fewshot_modelnet_transferring_features - INFO - [Validation] EPOCH: 107  acc = 86.5000
2023-11-03 02:58:27,320 - fewshot_modelnet_transferring_features - INFO - Save checkpoint at ./experiments/fewshot_modelnet_transferring_features/cfgs/LR_0.0015/ckpt-last.pth
2023-11-03 02:58:29,116 - fewshot_modelnet_transferring_features - INFO - [Training] EPOCH: 108 EpochTime = 1.795 (s) Losses = ['0.0075', '100.0000'] lr = 0.000273
2023-11-03 02:58:30,672 - fewshot_modelnet_transferring_features - INFO - [Validation] EPOCH: 108  acc = 86.5000
2023-11-03 02:58:32,996 - fewshot_modelnet_transferring_features - INFO - Save checkpoint at ./experiments/fewshot_modelnet_transferring_features/cfgs/LR_0.0015/ckpt-last.pth
2023-11-03 02:58:34,539 - fewshot_modelnet_transferring_features - INFO - [Training] EPOCH: 109 EpochTime = 1.541 (s) Losses = ['0.0128', '100.0000'] lr = 0.000261
2023-11-03 02:58:36,528 - fewshot_modelnet_transferring_features - INFO - [Validation] EPOCH: 109  acc = 87.0000
2023-11-03 02:58:38,702 - fewshot_modelnet_transferring_features - INFO - Save checkpoint at ./experiments/fewshot_modelnet_transferring_features/cfgs/LR_0.0015/ckpt-last.pth
2023-11-03 02:58:40,653 - fewshot_modelnet_transferring_features - INFO - [Training] EPOCH: 110 EpochTime = 1.949 (s) Losses = ['0.0086', '100.0000'] lr = 0.000249
2023-11-03 02:58:42,628 - fewshot_modelnet_transferring_features - INFO - [Validation] EPOCH: 110  acc = 87.0000
2023-11-03 02:58:44,224 - fewshot_modelnet_transferring_features - INFO - Save checkpoint at ./experiments/fewshot_modelnet_transferring_features/cfgs/LR_0.0015/ckpt-last.pth
2023-11-03 02:58:45,578 - fewshot_modelnet_transferring_features - INFO - [Training] EPOCH: 111 EpochTime = 1.352 (s) Losses = ['0.0094', '100.0000'] lr = 0.000237
2023-11-03 02:58:47,742 - fewshot_modelnet_transferring_features - INFO - [Validation] EPOCH: 111  acc = 87.0000
2023-11-03 02:58:49,388 - fewshot_modelnet_transferring_features - INFO - Save checkpoint at ./experiments/fewshot_modelnet_transferring_features/cfgs/LR_0.0015/ckpt-last.pth
2023-11-03 02:58:50,822 - fewshot_modelnet_transferring_features - INFO - [Training] EPOCH: 112 EpochTime = 1.431 (s) Losses = ['0.0118', '100.0000'] lr = 0.000226
2023-11-03 02:58:52,869 - fewshot_modelnet_transferring_features - INFO - [Validation] EPOCH: 112  acc = 87.0000
2023-11-03 02:58:54,785 - fewshot_modelnet_transferring_features - INFO - Save checkpoint at ./experiments/fewshot_modelnet_transferring_features/cfgs/LR_0.0015/ckpt-last.pth
2023-11-03 02:58:56,361 - fewshot_modelnet_transferring_features - INFO - [Training] EPOCH: 113 EpochTime = 1.574 (s) Losses = ['0.0109', '100.0000'] lr = 0.000215
2023-11-03 02:58:57,951 - fewshot_modelnet_transferring_features - INFO - [Validation] EPOCH: 113  acc = 87.0000
2023-11-03 02:59:00,248 - fewshot_modelnet_transferring_features - INFO - Save checkpoint at ./experiments/fewshot_modelnet_transferring_features/cfgs/LR_0.0015/ckpt-last.pth
2023-11-03 02:59:01,962 - fewshot_modelnet_transferring_features - INFO - [Training] EPOCH: 114 EpochTime = 1.712 (s) Losses = ['0.0097', '100.0000'] lr = 0.000204
2023-11-03 02:59:03,966 - fewshot_modelnet_transferring_features - INFO - [Validation] EPOCH: 114  acc = 87.0000
2023-11-03 02:59:06,119 - fewshot_modelnet_transferring_features - INFO - Save checkpoint at ./experiments/fewshot_modelnet_transferring_features/cfgs/LR_0.0015/ckpt-last.pth
2023-11-03 02:59:07,918 - fewshot_modelnet_transferring_features - INFO - [Training] EPOCH: 115 EpochTime = 1.798 (s) Losses = ['0.0081', '100.0000'] lr = 0.000194
2023-11-03 02:59:09,500 - fewshot_modelnet_transferring_features - INFO - [Validation] EPOCH: 115  acc = 87.0000
2023-11-03 02:59:11,164 - fewshot_modelnet_transferring_features - INFO - Save checkpoint at ./experiments/fewshot_modelnet_transferring_features/cfgs/LR_0.0015/ckpt-last.pth
2023-11-03 02:59:12,878 - fewshot_modelnet_transferring_features - INFO - [Training] EPOCH: 116 EpochTime = 1.711 (s) Losses = ['0.0081', '100.0000'] lr = 0.000183
2023-11-03 02:59:14,850 - fewshot_modelnet_transferring_features - INFO - [Validation] EPOCH: 116  acc = 87.0000
2023-11-03 02:59:16,438 - fewshot_modelnet_transferring_features - INFO - Save checkpoint at ./experiments/fewshot_modelnet_transferring_features/cfgs/LR_0.0015/ckpt-last.pth
2023-11-03 02:59:17,792 - fewshot_modelnet_transferring_features - INFO - [Training] EPOCH: 117 EpochTime = 1.352 (s) Losses = ['0.0087', '100.0000'] lr = 0.000173
2023-11-03 02:59:19,738 - fewshot_modelnet_transferring_features - INFO - [Validation] EPOCH: 117  acc = 87.0000
2023-11-03 02:59:21,378 - fewshot_modelnet_transferring_features - INFO - Save checkpoint at ./experiments/fewshot_modelnet_transferring_features/cfgs/LR_0.0015/ckpt-last.pth
2023-11-03 02:59:22,769 - fewshot_modelnet_transferring_features - INFO - [Training] EPOCH: 118 EpochTime = 1.388 (s) Losses = ['0.0078', '100.0000'] lr = 0.000163
2023-11-03 02:59:24,774 - fewshot_modelnet_transferring_features - INFO - [Validation] EPOCH: 118  acc = 87.0000
2023-11-03 02:59:26,354 - fewshot_modelnet_transferring_features - INFO - Save checkpoint at ./experiments/fewshot_modelnet_transferring_features/cfgs/LR_0.0015/ckpt-last.pth
2023-11-03 02:59:27,723 - fewshot_modelnet_transferring_features - INFO - [Training] EPOCH: 119 EpochTime = 1.367 (s) Losses = ['0.0101', '100.0000'] lr = 0.000154
2023-11-03 02:59:29,748 - fewshot_modelnet_transferring_features - INFO - [Validation] EPOCH: 119  acc = 86.5000
2023-11-03 02:59:31,306 - fewshot_modelnet_transferring_features - INFO - Save checkpoint at ./experiments/fewshot_modelnet_transferring_features/cfgs/LR_0.0015/ckpt-last.pth
2023-11-03 02:59:32,683 - fewshot_modelnet_transferring_features - INFO - [Training] EPOCH: 120 EpochTime = 1.375 (s) Losses = ['0.0114', '100.0000'] lr = 0.000144
2023-11-03 02:59:34,465 - fewshot_modelnet_transferring_features - INFO - [Validation] EPOCH: 120  acc = 86.5000
2023-11-03 02:59:36,136 - fewshot_modelnet_transferring_features - INFO - Save checkpoint at ./experiments/fewshot_modelnet_transferring_features/cfgs/LR_0.0015/ckpt-last.pth
2023-11-03 02:59:38,030 - fewshot_modelnet_transferring_features - INFO - [Training] EPOCH: 121 EpochTime = 1.892 (s) Losses = ['0.0118', '100.0000'] lr = 0.000135
2023-11-03 02:59:39,768 - fewshot_modelnet_transferring_features - INFO - [Validation] EPOCH: 121  acc = 87.0000
2023-11-03 02:59:42,021 - fewshot_modelnet_transferring_features - INFO - Save checkpoint at ./experiments/fewshot_modelnet_transferring_features/cfgs/LR_0.0015/ckpt-last.pth
2023-11-03 02:59:43,529 - fewshot_modelnet_transferring_features - INFO - [Training] EPOCH: 122 EpochTime = 1.505 (s) Losses = ['0.0091', '100.0000'] lr = 0.000126
2023-11-03 02:59:45,152 - fewshot_modelnet_transferring_features - INFO - [Validation] EPOCH: 122  acc = 87.0000
2023-11-03 02:59:46,806 - fewshot_modelnet_transferring_features - INFO - Save checkpoint at ./experiments/fewshot_modelnet_transferring_features/cfgs/LR_0.0015/ckpt-last.pth
2023-11-03 02:59:48,884 - fewshot_modelnet_transferring_features - INFO - [Training] EPOCH: 123 EpochTime = 2.076 (s) Losses = ['0.0145', '100.0000'] lr = 0.000118
2023-11-03 02:59:50,650 - fewshot_modelnet_transferring_features - INFO - [Validation] EPOCH: 123  acc = 87.0000
2023-11-03 02:59:52,219 - fewshot_modelnet_transferring_features - INFO - Save checkpoint at ./experiments/fewshot_modelnet_transferring_features/cfgs/LR_0.0015/ckpt-last.pth
2023-11-03 02:59:53,699 - fewshot_modelnet_transferring_features - INFO - [Training] EPOCH: 124 EpochTime = 1.478 (s) Losses = ['0.0105', '100.0000'] lr = 0.000109
2023-11-03 02:59:55,738 - fewshot_modelnet_transferring_features - INFO - [Validation] EPOCH: 124  acc = 87.0000
2023-11-03 02:59:57,220 - fewshot_modelnet_transferring_features - INFO - Save checkpoint at ./experiments/fewshot_modelnet_transferring_features/cfgs/LR_0.0015/ckpt-last.pth
2023-11-03 02:59:58,592 - fewshot_modelnet_transferring_features - INFO - [Training] EPOCH: 125 EpochTime = 1.371 (s) Losses = ['0.0066', '100.0000'] lr = 0.000101
2023-11-03 03:00:00,640 - fewshot_modelnet_transferring_features - INFO - [Validation] EPOCH: 125  acc = 87.0000
2023-11-03 03:00:02,135 - fewshot_modelnet_transferring_features - INFO - Save checkpoint at ./experiments/fewshot_modelnet_transferring_features/cfgs/LR_0.0015/ckpt-last.pth
2023-11-03 03:00:03,523 - fewshot_modelnet_transferring_features - INFO - [Training] EPOCH: 126 EpochTime = 1.386 (s) Losses = ['0.0100', '100.0000'] lr = 0.000094
2023-11-03 03:00:05,637 - fewshot_modelnet_transferring_features - INFO - [Validation] EPOCH: 126  acc = 87.0000
2023-11-03 03:00:07,149 - fewshot_modelnet_transferring_features - INFO - Save checkpoint at ./experiments/fewshot_modelnet_transferring_features/cfgs/LR_0.0015/ckpt-last.pth
2023-11-03 03:00:08,542 - fewshot_modelnet_transferring_features - INFO - [Training] EPOCH: 127 EpochTime = 1.390 (s) Losses = ['0.0116', '100.0000'] lr = 0.000086
2023-11-03 03:00:10,314 - fewshot_modelnet_transferring_features - INFO - [Validation] EPOCH: 127  acc = 87.0000
2023-11-03 03:00:11,975 - fewshot_modelnet_transferring_features - INFO - Save checkpoint at ./experiments/fewshot_modelnet_transferring_features/cfgs/LR_0.0015/ckpt-last.pth
2023-11-03 03:00:13,325 - fewshot_modelnet_transferring_features - INFO - [Training] EPOCH: 128 EpochTime = 1.348 (s) Losses = ['0.0091', '100.0000'] lr = 0.000079
2023-11-03 03:00:15,118 - fewshot_modelnet_transferring_features - INFO - [Validation] EPOCH: 128  acc = 87.0000
2023-11-03 03:00:16,677 - fewshot_modelnet_transferring_features - INFO - Save checkpoint at ./experiments/fewshot_modelnet_transferring_features/cfgs/LR_0.0015/ckpt-last.pth
2023-11-03 03:00:18,016 - fewshot_modelnet_transferring_features - INFO - [Training] EPOCH: 129 EpochTime = 1.338 (s) Losses = ['0.0114', '100.0000'] lr = 0.000072
2023-11-03 03:00:19,835 - fewshot_modelnet_transferring_features - INFO - [Validation] EPOCH: 129  acc = 87.0000
2023-11-03 03:00:21,519 - fewshot_modelnet_transferring_features - INFO - Save checkpoint at ./experiments/fewshot_modelnet_transferring_features/cfgs/LR_0.0015/ckpt-last.pth
2023-11-03 03:00:22,849 - fewshot_modelnet_transferring_features - INFO - [Training] EPOCH: 130 EpochTime = 1.329 (s) Losses = ['0.0102', '100.0000'] lr = 0.000066
2023-11-03 03:00:25,084 - fewshot_modelnet_transferring_features - INFO - [Validation] EPOCH: 130  acc = 87.0000
2023-11-03 03:00:27,413 - fewshot_modelnet_transferring_features - INFO - Save checkpoint at ./experiments/fewshot_modelnet_transferring_features/cfgs/LR_0.0015/ckpt-last.pth
2023-11-03 03:00:28,770 - fewshot_modelnet_transferring_features - INFO - [Training] EPOCH: 131 EpochTime = 1.355 (s) Losses = ['0.0195', '100.0000'] lr = 0.000060
2023-11-03 03:00:30,642 - fewshot_modelnet_transferring_features - INFO - [Validation] EPOCH: 131  acc = 87.0000
2023-11-03 03:00:32,312 - fewshot_modelnet_transferring_features - INFO - Save checkpoint at ./experiments/fewshot_modelnet_transferring_features/cfgs/LR_0.0015/ckpt-last.pth
2023-11-03 03:00:33,663 - fewshot_modelnet_transferring_features - INFO - [Training] EPOCH: 132 EpochTime = 1.349 (s) Losses = ['0.0085', '100.0000'] lr = 0.000054
2023-11-03 03:00:35,801 - fewshot_modelnet_transferring_features - INFO - [Validation] EPOCH: 132  acc = 87.0000
2023-11-03 03:00:37,438 - fewshot_modelnet_transferring_features - INFO - Save checkpoint at ./experiments/fewshot_modelnet_transferring_features/cfgs/LR_0.0015/ckpt-last.pth
2023-11-03 03:00:38,837 - fewshot_modelnet_transferring_features - INFO - [Training] EPOCH: 133 EpochTime = 1.396 (s) Losses = ['0.0099', '100.0000'] lr = 0.000048
2023-11-03 03:00:40,637 - fewshot_modelnet_transferring_features - INFO - [Validation] EPOCH: 133  acc = 87.0000
2023-11-03 03:00:43,503 - fewshot_modelnet_transferring_features - INFO - Save checkpoint at ./experiments/fewshot_modelnet_transferring_features/cfgs/LR_0.0015/ckpt-last.pth
2023-11-03 03:00:45,416 - fewshot_modelnet_transferring_features - INFO - [Training] EPOCH: 134 EpochTime = 1.911 (s) Losses = ['0.0073', '100.0000'] lr = 0.000043
2023-11-03 03:00:47,385 - fewshot_modelnet_transferring_features - INFO - [Validation] EPOCH: 134  acc = 87.0000
2023-11-03 03:00:49,626 - fewshot_modelnet_transferring_features - INFO - Save checkpoint at ./experiments/fewshot_modelnet_transferring_features/cfgs/LR_0.0015/ckpt-last.pth
2023-11-03 03:00:51,070 - fewshot_modelnet_transferring_features - INFO - [Training] EPOCH: 135 EpochTime = 1.443 (s) Losses = ['0.0143', '100.0000'] lr = 0.000038
2023-11-03 03:00:52,664 - fewshot_modelnet_transferring_features - INFO - [Validation] EPOCH: 135  acc = 87.0000
2023-11-03 03:00:54,546 - fewshot_modelnet_transferring_features - INFO - Save checkpoint at ./experiments/fewshot_modelnet_transferring_features/cfgs/LR_0.0015/ckpt-last.pth
2023-11-03 03:00:56,448 - fewshot_modelnet_transferring_features - INFO - [Training] EPOCH: 136 EpochTime = 1.900 (s) Losses = ['0.0137', '100.0000'] lr = 0.000033
2023-11-03 03:00:58,447 - fewshot_modelnet_transferring_features - INFO - [Validation] EPOCH: 136  acc = 87.0000
2023-11-03 03:01:00,026 - fewshot_modelnet_transferring_features - INFO - Save checkpoint at ./experiments/fewshot_modelnet_transferring_features/cfgs/LR_0.0015/ckpt-last.pth
2023-11-03 03:01:01,382 - fewshot_modelnet_transferring_features - INFO - [Training] EPOCH: 137 EpochTime = 1.354 (s) Losses = ['0.0094', '100.0000'] lr = 0.000029
2023-11-03 03:01:03,510 - fewshot_modelnet_transferring_features - INFO - [Validation] EPOCH: 137  acc = 87.0000
2023-11-03 03:01:05,136 - fewshot_modelnet_transferring_features - INFO - Save checkpoint at ./experiments/fewshot_modelnet_transferring_features/cfgs/LR_0.0015/ckpt-last.pth
2023-11-03 03:01:06,513 - fewshot_modelnet_transferring_features - INFO - [Training] EPOCH: 138 EpochTime = 1.374 (s) Losses = ['0.0086', '100.0000'] lr = 0.000025
2023-11-03 03:01:08,560 - fewshot_modelnet_transferring_features - INFO - [Validation] EPOCH: 138  acc = 87.0000
2023-11-03 03:01:10,178 - fewshot_modelnet_transferring_features - INFO - Save checkpoint at ./experiments/fewshot_modelnet_transferring_features/cfgs/LR_0.0015/ckpt-last.pth
2023-11-03 03:01:11,589 - fewshot_modelnet_transferring_features - INFO - [Training] EPOCH: 139 EpochTime = 1.409 (s) Losses = ['0.0130', '100.0000'] lr = 0.000021
2023-11-03 03:01:13,357 - fewshot_modelnet_transferring_features - INFO - [Validation] EPOCH: 139  acc = 87.0000
2023-11-03 03:01:14,984 - fewshot_modelnet_transferring_features - INFO - Save checkpoint at ./experiments/fewshot_modelnet_transferring_features/cfgs/LR_0.0015/ckpt-last.pth
2023-11-03 03:01:16,322 - fewshot_modelnet_transferring_features - INFO - [Training] EPOCH: 140 EpochTime = 1.336 (s) Losses = ['0.0063', '100.0000'] lr = 0.000017
2023-11-03 03:01:18,294 - fewshot_modelnet_transferring_features - INFO - [Validation] EPOCH: 140  acc = 87.0000
2023-11-03 03:01:19,860 - fewshot_modelnet_transferring_features - INFO - Save checkpoint at ./experiments/fewshot_modelnet_transferring_features/cfgs/LR_0.0015/ckpt-last.pth
2023-11-03 03:01:21,255 - fewshot_modelnet_transferring_features - INFO - [Training] EPOCH: 141 EpochTime = 1.394 (s) Losses = ['0.0135', '100.0000'] lr = 0.000014
2023-11-03 03:01:23,055 - fewshot_modelnet_transferring_features - INFO - [Validation] EPOCH: 141  acc = 87.0000
2023-11-03 03:01:24,798 - fewshot_modelnet_transferring_features - INFO - Save checkpoint at ./experiments/fewshot_modelnet_transferring_features/cfgs/LR_0.0015/ckpt-last.pth
2023-11-03 03:01:26,447 - fewshot_modelnet_transferring_features - INFO - Save checkpoint at ./experiments/fewshot_modelnet_transferring_features/cfgs/LR_0.0015/ckpt-epoch-141.pth
2023-11-03 03:01:27,799 - fewshot_modelnet_transferring_features - INFO - [Training] EPOCH: 142 EpochTime = 1.350 (s) Losses = ['0.0112', '100.0000'] lr = 0.000011
2023-11-03 03:01:29,415 - fewshot_modelnet_transferring_features - INFO - [Validation] EPOCH: 142  acc = 87.0000
2023-11-03 03:01:31,006 - fewshot_modelnet_transferring_features - INFO - Save checkpoint at ./experiments/fewshot_modelnet_transferring_features/cfgs/LR_0.0015/ckpt-last.pth
2023-11-03 03:01:32,630 - fewshot_modelnet_transferring_features - INFO - Save checkpoint at ./experiments/fewshot_modelnet_transferring_features/cfgs/LR_0.0015/ckpt-epoch-142.pth
2023-11-03 03:01:34,054 - fewshot_modelnet_transferring_features - INFO - [Training] EPOCH: 143 EpochTime = 1.422 (s) Losses = ['0.0118', '100.0000'] lr = 0.000009
2023-11-03 03:01:35,823 - fewshot_modelnet_transferring_features - INFO - [Validation] EPOCH: 143  acc = 87.0000
2023-11-03 03:01:37,458 - fewshot_modelnet_transferring_features - INFO - Save checkpoint at ./experiments/fewshot_modelnet_transferring_features/cfgs/LR_0.0015/ckpt-last.pth
2023-11-03 03:01:39,274 - fewshot_modelnet_transferring_features - INFO - Save checkpoint at ./experiments/fewshot_modelnet_transferring_features/cfgs/LR_0.0015/ckpt-epoch-143.pth
2023-11-03 03:01:40,715 - fewshot_modelnet_transferring_features - INFO - [Training] EPOCH: 144 EpochTime = 1.439 (s) Losses = ['0.0098', '100.0000'] lr = 0.000007
2023-11-03 03:01:42,263 - fewshot_modelnet_transferring_features - INFO - [Validation] EPOCH: 144  acc = 87.0000
2023-11-03 03:01:43,748 - fewshot_modelnet_transferring_features - INFO - Save checkpoint at ./experiments/fewshot_modelnet_transferring_features/cfgs/LR_0.0015/ckpt-last.pth
2023-11-03 03:01:45,294 - fewshot_modelnet_transferring_features - INFO - Save checkpoint at ./experiments/fewshot_modelnet_transferring_features/cfgs/LR_0.0015/ckpt-epoch-144.pth
2023-11-03 03:01:46,647 - fewshot_modelnet_transferring_features - INFO - [Training] EPOCH: 145 EpochTime = 1.351 (s) Losses = ['0.0108', '100.0000'] lr = 0.000005
2023-11-03 03:01:48,628 - fewshot_modelnet_transferring_features - INFO - [Validation] EPOCH: 145  acc = 87.0000
2023-11-03 03:01:50,210 - fewshot_modelnet_transferring_features - INFO - Save checkpoint at ./experiments/fewshot_modelnet_transferring_features/cfgs/LR_0.0015/ckpt-last.pth
2023-11-03 03:01:52,163 - fewshot_modelnet_transferring_features - INFO - Save checkpoint at ./experiments/fewshot_modelnet_transferring_features/cfgs/LR_0.0015/ckpt-epoch-145.pth
2023-11-03 03:01:53,529 - fewshot_modelnet_transferring_features - INFO - [Training] EPOCH: 146 EpochTime = 1.364 (s) Losses = ['0.0123', '100.0000'] lr = 0.000004
2023-11-03 03:01:55,247 - fewshot_modelnet_transferring_features - INFO - [Validation] EPOCH: 146  acc = 87.0000
2023-11-03 03:01:56,798 - fewshot_modelnet_transferring_features - INFO - Save checkpoint at ./experiments/fewshot_modelnet_transferring_features/cfgs/LR_0.0015/ckpt-last.pth
2023-11-03 03:01:58,432 - fewshot_modelnet_transferring_features - INFO - Save checkpoint at ./experiments/fewshot_modelnet_transferring_features/cfgs/LR_0.0015/ckpt-epoch-146.pth
2023-11-03 03:01:59,790 - fewshot_modelnet_transferring_features - INFO - [Training] EPOCH: 147 EpochTime = 1.356 (s) Losses = ['0.0099', '100.0000'] lr = 0.000002
2023-11-03 03:02:01,677 - fewshot_modelnet_transferring_features - INFO - [Validation] EPOCH: 147  acc = 87.0000
2023-11-03 03:02:03,461 - fewshot_modelnet_transferring_features - INFO - Save checkpoint at ./experiments/fewshot_modelnet_transferring_features/cfgs/LR_0.0015/ckpt-last.pth
2023-11-03 03:02:05,324 - fewshot_modelnet_transferring_features - INFO - Save checkpoint at ./experiments/fewshot_modelnet_transferring_features/cfgs/LR_0.0015/ckpt-epoch-147.pth
2023-11-03 03:02:07,364 - fewshot_modelnet_transferring_features - INFO - [Training] EPOCH: 148 EpochTime = 2.038 (s) Losses = ['0.0083', '100.0000'] lr = 0.000002
2023-11-03 03:02:08,914 - fewshot_modelnet_transferring_features - INFO - [Validation] EPOCH: 148  acc = 87.0000
2023-11-03 03:02:10,444 - fewshot_modelnet_transferring_features - INFO - Save checkpoint at ./experiments/fewshot_modelnet_transferring_features/cfgs/LR_0.0015/ckpt-last.pth
2023-11-03 03:02:12,000 - fewshot_modelnet_transferring_features - INFO - Save checkpoint at ./experiments/fewshot_modelnet_transferring_features/cfgs/LR_0.0015/ckpt-epoch-148.pth
2023-11-03 03:02:13,372 - fewshot_modelnet_transferring_features - INFO - [Training] EPOCH: 149 EpochTime = 1.371 (s) Losses = ['0.0075', '100.0000'] lr = 0.000001
2023-11-03 03:02:15,146 - fewshot_modelnet_transferring_features - INFO - [Validation] EPOCH: 149  acc = 87.0000
2023-11-03 03:02:16,727 - fewshot_modelnet_transferring_features - INFO - Save checkpoint at ./experiments/fewshot_modelnet_transferring_features/cfgs/LR_0.0015/ckpt-last.pth
2023-11-03 03:02:18,821 - fewshot_modelnet_transferring_features - INFO - Save checkpoint at ./experiments/fewshot_modelnet_transferring_features/cfgs/LR_0.0015/ckpt-epoch-149.pth
2023-11-03 03:02:20,180 - fewshot_modelnet_transferring_features - INFO - [Training] EPOCH: 150 EpochTime = 1.356 (s) Losses = ['0.0078', '100.0000'] lr = 0.000001
2023-11-03 03:02:21,999 - fewshot_modelnet_transferring_features - INFO - [Validation] EPOCH: 150  acc = 87.0000
2023-11-03 03:02:23,570 - fewshot_modelnet_transferring_features - INFO - Save checkpoint at ./experiments/fewshot_modelnet_transferring_features/cfgs/LR_0.0015/ckpt-last.pth
2023-11-03 03:02:25,346 - fewshot_modelnet_transferring_features - INFO - Save checkpoint at ./experiments/fewshot_modelnet_transferring_features/cfgs/LR_0.0015/ckpt-epoch-150.pth
