2023-11-03 02:20:39,867 - fewshot_modelnet_transferring_features - INFO - Copy the Config file from cfgs/fewshot_modelnet_transferring_features.yaml to ./experiments/fewshot_modelnet_transferring_features/cfgs/LR_0.0015/config.yaml
2023-11-03 02:20:39,868 - fewshot_modelnet_transferring_features - INFO - args.config : cfgs/fewshot_modelnet_transferring_features.yaml
2023-11-03 02:20:39,868 - fewshot_modelnet_transferring_features - INFO - args.launcher : none
2023-11-03 02:20:39,868 - fewshot_modelnet_transferring_features - INFO - args.local_rank : 0
2023-11-03 02:20:39,868 - fewshot_modelnet_transferring_features - INFO - args.num_workers : 8
2023-11-03 02:20:39,868 - fewshot_modelnet_transferring_features - INFO - args.seed : 0
2023-11-03 02:20:39,868 - fewshot_modelnet_transferring_features - INFO - args.deterministic : False
2023-11-03 02:20:39,868 - fewshot_modelnet_transferring_features - INFO - args.sync_bn : True
2023-11-03 02:20:39,868 - fewshot_modelnet_transferring_features - INFO - args.large_group : 5
2023-11-03 02:20:39,868 - fewshot_modelnet_transferring_features - INFO - args.small_group : 10
2023-11-03 02:20:39,868 - fewshot_modelnet_transferring_features - INFO - args.large_patch : 6
2023-11-03 02:20:39,868 - fewshot_modelnet_transferring_features - INFO - args.small_patch : 3
2023-11-03 02:20:39,869 - fewshot_modelnet_transferring_features - INFO - args.queue_length : 8192
2023-11-03 02:20:39,869 - fewshot_modelnet_transferring_features - INFO - args.epoch_queue_starts : 10
2023-11-03 02:20:39,869 - fewshot_modelnet_transferring_features - INFO - args.nmb_crops : 64
2023-11-03 02:20:39,869 - fewshot_modelnet_transferring_features - INFO - args.sample_num : 16
2023-11-03 02:20:39,869 - fewshot_modelnet_transferring_features - INFO - args.fea_dim : 384
2023-11-03 02:20:39,869 - fewshot_modelnet_transferring_features - INFO - args.hidden_mlp : 256
2023-11-03 02:20:39,869 - fewshot_modelnet_transferring_features - INFO - args.output_dim : 128
2023-11-03 02:20:39,869 - fewshot_modelnet_transferring_features - INFO - args.nmb_prototypes : 200
2023-11-03 02:20:39,869 - fewshot_modelnet_transferring_features - INFO - args.temperature : 0.1
2023-11-03 02:20:39,869 - fewshot_modelnet_transferring_features - INFO - args.epsilon : 0.05
2023-11-03 02:20:39,869 - fewshot_modelnet_transferring_features - INFO - args.sinkhorn_iterations : 3
2023-11-03 02:20:39,870 - fewshot_modelnet_transferring_features - INFO - args.world_size : 1
2023-11-03 02:20:39,870 - fewshot_modelnet_transferring_features - INFO - args.exp_name : LR_0.0015
2023-11-03 02:20:39,870 - fewshot_modelnet_transferring_features - INFO - args.loss : cd1
2023-11-03 02:20:39,870 - fewshot_modelnet_transferring_features - INFO - args.start_ckpts : None
2023-11-03 02:20:39,870 - fewshot_modelnet_transferring_features - INFO - args.ckpts : ./experiments/pretrain_MaskSurf/cfgs/add_as_normal/ckpt-last.pth
2023-11-03 02:20:39,870 - fewshot_modelnet_transferring_features - INFO - args.val_freq : 1
2023-11-03 02:20:39,870 - fewshot_modelnet_transferring_features - INFO - args.vote : False
2023-11-03 02:20:39,870 - fewshot_modelnet_transferring_features - INFO - args.resume : False
2023-11-03 02:20:39,870 - fewshot_modelnet_transferring_features - INFO - args.test : False
2023-11-03 02:20:39,870 - fewshot_modelnet_transferring_features - INFO - args.finetune_model : True
2023-11-03 02:20:39,870 - fewshot_modelnet_transferring_features - INFO - args.scratch_model : False
2023-11-03 02:20:39,870 - fewshot_modelnet_transferring_features - INFO - args.mode : None
2023-11-03 02:20:39,871 - fewshot_modelnet_transferring_features - INFO - args.way : 10
2023-11-03 02:20:39,871 - fewshot_modelnet_transferring_features - INFO - args.shot : 10
2023-11-03 02:20:39,871 - fewshot_modelnet_transferring_features - INFO - args.fold : 4
2023-11-03 02:20:39,871 - fewshot_modelnet_transferring_features - INFO - args.experiment_path : ./experiments/fewshot_modelnet_transferring_features/cfgs/LR_0.0015
2023-11-03 02:20:39,871 - fewshot_modelnet_transferring_features - INFO - args.tfboard_path : ./experiments/fewshot_modelnet_transferring_features/cfgs/TFBoard/LR_0.0015
2023-11-03 02:20:39,871 - fewshot_modelnet_transferring_features - INFO - args.log_name : fewshot_modelnet_transferring_features
2023-11-03 02:20:39,871 - fewshot_modelnet_transferring_features - INFO - args.use_gpu : True
2023-11-03 02:20:39,871 - fewshot_modelnet_transferring_features - INFO - args.distributed : False
2023-11-03 02:20:39,871 - fewshot_modelnet_transferring_features - INFO - config.optimizer = edict()
2023-11-03 02:20:39,871 - fewshot_modelnet_transferring_features - INFO - config.optimizer.type : AdamW
2023-11-03 02:20:39,871 - fewshot_modelnet_transferring_features - INFO - config.optimizer.part : all
2023-11-03 02:20:39,872 - fewshot_modelnet_transferring_features - INFO - config.optimizer.kwargs = edict()
2023-11-03 02:20:39,872 - fewshot_modelnet_transferring_features - INFO - config.optimizer.kwargs.lr : 0.0015
2023-11-03 02:20:39,872 - fewshot_modelnet_transferring_features - INFO - config.optimizer.kwargs.weight_decay : 0.05
2023-11-03 02:20:39,872 - fewshot_modelnet_transferring_features - INFO - config.scheduler = edict()
2023-11-03 02:20:39,872 - fewshot_modelnet_transferring_features - INFO - config.scheduler.type : CosLR
2023-11-03 02:20:39,872 - fewshot_modelnet_transferring_features - INFO - config.scheduler.kwargs = edict()
2023-11-03 02:20:39,872 - fewshot_modelnet_transferring_features - INFO - config.scheduler.kwargs.epochs : 150
2023-11-03 02:20:39,872 - fewshot_modelnet_transferring_features - INFO - config.scheduler.kwargs.initial_epochs : 10
2023-11-03 02:20:39,872 - fewshot_modelnet_transferring_features - INFO - config.dataset = edict()
2023-11-03 02:20:39,872 - fewshot_modelnet_transferring_features - INFO - config.dataset.train = edict()
2023-11-03 02:20:39,872 - fewshot_modelnet_transferring_features - INFO - config.dataset.train._base_ = edict()
2023-11-03 02:20:39,872 - fewshot_modelnet_transferring_features - INFO - config.dataset.train._base_.NAME : ModelNetFewShot
2023-11-03 02:20:39,873 - fewshot_modelnet_transferring_features - INFO - config.dataset.train._base_.DATA_PATH : data/ModelNetFewshot
2023-11-03 02:20:39,873 - fewshot_modelnet_transferring_features - INFO - config.dataset.train._base_.N_POINTS : 8192
2023-11-03 02:20:39,873 - fewshot_modelnet_transferring_features - INFO - config.dataset.train._base_.NUM_CATEGORY : 40
2023-11-03 02:20:39,873 - fewshot_modelnet_transferring_features - INFO - config.dataset.train._base_.USE_NORMALS : False
2023-11-03 02:20:39,873 - fewshot_modelnet_transferring_features - INFO - config.dataset.train.others = edict()
2023-11-03 02:20:39,873 - fewshot_modelnet_transferring_features - INFO - config.dataset.train.others.subset : train
2023-11-03 02:20:39,873 - fewshot_modelnet_transferring_features - INFO - config.dataset.train.others.bs : 32
2023-11-03 02:20:39,873 - fewshot_modelnet_transferring_features - INFO - config.dataset.val = edict()
2023-11-03 02:20:39,873 - fewshot_modelnet_transferring_features - INFO - config.dataset.val._base_ = edict()
2023-11-03 02:20:39,873 - fewshot_modelnet_transferring_features - INFO - config.dataset.val._base_.NAME : ModelNetFewShot
2023-11-03 02:20:39,873 - fewshot_modelnet_transferring_features - INFO - config.dataset.val._base_.DATA_PATH : data/ModelNetFewshot
2023-11-03 02:20:39,874 - fewshot_modelnet_transferring_features - INFO - config.dataset.val._base_.N_POINTS : 8192
2023-11-03 02:20:39,874 - fewshot_modelnet_transferring_features - INFO - config.dataset.val._base_.NUM_CATEGORY : 40
2023-11-03 02:20:39,874 - fewshot_modelnet_transferring_features - INFO - config.dataset.val._base_.USE_NORMALS : False
2023-11-03 02:20:39,874 - fewshot_modelnet_transferring_features - INFO - config.dataset.val.others = edict()
2023-11-03 02:20:39,874 - fewshot_modelnet_transferring_features - INFO - config.dataset.val.others.subset : test
2023-11-03 02:20:39,874 - fewshot_modelnet_transferring_features - INFO - config.dataset.val.others.bs : 64
2023-11-03 02:20:39,874 - fewshot_modelnet_transferring_features - INFO - config.dataset.test = edict()
2023-11-03 02:20:39,874 - fewshot_modelnet_transferring_features - INFO - config.dataset.test._base_ = edict()
2023-11-03 02:20:39,874 - fewshot_modelnet_transferring_features - INFO - config.dataset.test._base_.NAME : ModelNet
2023-11-03 02:20:39,874 - fewshot_modelnet_transferring_features - INFO - config.dataset.test._base_.DATA_PATH : data/ModelNet/modelnet40_normal_resampled
2023-11-03 02:20:39,874 - fewshot_modelnet_transferring_features - INFO - config.dataset.test._base_.N_POINTS : 8192
2023-11-03 02:20:39,874 - fewshot_modelnet_transferring_features - INFO - config.dataset.test._base_.NUM_CATEGORY : 40
2023-11-03 02:20:39,875 - fewshot_modelnet_transferring_features - INFO - config.dataset.test._base_.USE_NORMALS : False
2023-11-03 02:20:39,875 - fewshot_modelnet_transferring_features - INFO - config.dataset.test.others = edict()
2023-11-03 02:20:39,875 - fewshot_modelnet_transferring_features - INFO - config.dataset.test.others.subset : test
2023-11-03 02:20:39,875 - fewshot_modelnet_transferring_features - INFO - config.dataset.test.others.bs : 32
2023-11-03 02:20:39,875 - fewshot_modelnet_transferring_features - INFO - config.model = edict()
2023-11-03 02:20:39,875 - fewshot_modelnet_transferring_features - INFO - config.model.NAME : PointTransformer
2023-11-03 02:20:39,875 - fewshot_modelnet_transferring_features - INFO - config.model.trans_dim : 384
2023-11-03 02:20:39,875 - fewshot_modelnet_transferring_features - INFO - config.model.depth : 12
2023-11-03 02:20:39,875 - fewshot_modelnet_transferring_features - INFO - config.model.drop_path_rate : 0.1
2023-11-03 02:20:39,875 - fewshot_modelnet_transferring_features - INFO - config.model.cls_dim : 15
2023-11-03 02:20:39,875 - fewshot_modelnet_transferring_features - INFO - config.model.num_heads : 6
2023-11-03 02:20:39,876 - fewshot_modelnet_transferring_features - INFO - config.model.group_size : 32
2023-11-03 02:20:39,876 - fewshot_modelnet_transferring_features - INFO - config.model.num_group : 64
2023-11-03 02:20:39,876 - fewshot_modelnet_transferring_features - INFO - config.model.encoder_dims : 384
2023-11-03 02:20:39,876 - fewshot_modelnet_transferring_features - INFO - config.npoints : 1024
2023-11-03 02:20:39,876 - fewshot_modelnet_transferring_features - INFO - config.total_bs : 32
2023-11-03 02:20:39,876 - fewshot_modelnet_transferring_features - INFO - config.step_per_update : 1
2023-11-03 02:20:39,876 - fewshot_modelnet_transferring_features - INFO - config.max_epoch : 150
2023-11-03 02:20:39,876 - fewshot_modelnet_transferring_features - INFO - config.grad_norm_clip : 10
2023-11-03 02:20:39,876 - fewshot_modelnet_transferring_features - INFO - Distributed training: False
2023-11-03 02:20:39,876 - fewshot_modelnet_transferring_features - INFO - Set random seed to 0, deterministic: False
2023-11-03 02:20:42,170 - fewshot_modelnet_transferring_features - INFO - Using Data parallel ...
2023-11-03 02:20:47,901 - fewshot_modelnet_transferring_features - INFO - [Training] EPOCH: 0 EpochTime = 5.724 (s) Losses = ['2.7427', '14.5833'] lr = 0.000001
2023-11-03 02:20:50,679 - fewshot_modelnet_transferring_features - INFO - Save checkpoint at ./experiments/fewshot_modelnet_transferring_features/cfgs/LR_0.0015/ckpt-last.pth
2023-11-03 02:20:52,575 - fewshot_modelnet_transferring_features - INFO - [Training] EPOCH: 1 EpochTime = 1.894 (s) Losses = ['2.6999', '12.5000'] lr = 0.000151
2023-11-03 02:20:55,378 - fewshot_modelnet_transferring_features - INFO - [Validation] EPOCH: 1  acc = 12.5000
2023-11-03 02:20:57,133 - fewshot_modelnet_transferring_features - INFO - Save checkpoint at ./experiments/fewshot_modelnet_transferring_features/cfgs/LR_0.0015/ckpt-best.pth
2023-11-03 02:20:57,133 - fewshot_modelnet_transferring_features - INFO - --------------------------------------------------------------------------------------------
2023-11-03 02:20:58,696 - fewshot_modelnet_transferring_features - INFO - Save checkpoint at ./experiments/fewshot_modelnet_transferring_features/cfgs/LR_0.0015/ckpt-last.pth
2023-11-03 02:21:00,293 - fewshot_modelnet_transferring_features - INFO - [Training] EPOCH: 2 EpochTime = 1.595 (s) Losses = ['2.6410', '11.4583'] lr = 0.000301
2023-11-03 02:21:01,901 - fewshot_modelnet_transferring_features - INFO - [Validation] EPOCH: 2  acc = 24.0000
2023-11-03 02:21:04,070 - fewshot_modelnet_transferring_features - INFO - Save checkpoint at ./experiments/fewshot_modelnet_transferring_features/cfgs/LR_0.0015/ckpt-best.pth
2023-11-03 02:21:04,070 - fewshot_modelnet_transferring_features - INFO - --------------------------------------------------------------------------------------------
2023-11-03 02:21:05,717 - fewshot_modelnet_transferring_features - INFO - Save checkpoint at ./experiments/fewshot_modelnet_transferring_features/cfgs/LR_0.0015/ckpt-last.pth
2023-11-03 02:21:07,109 - fewshot_modelnet_transferring_features - INFO - [Training] EPOCH: 3 EpochTime = 1.390 (s) Losses = ['2.3398', '27.0833'] lr = 0.000451
2023-11-03 02:21:08,678 - fewshot_modelnet_transferring_features - INFO - [Validation] EPOCH: 3  acc = 41.5000
2023-11-03 02:21:10,304 - fewshot_modelnet_transferring_features - INFO - Save checkpoint at ./experiments/fewshot_modelnet_transferring_features/cfgs/LR_0.0015/ckpt-best.pth
2023-11-03 02:21:10,304 - fewshot_modelnet_transferring_features - INFO - --------------------------------------------------------------------------------------------
2023-11-03 02:21:12,673 - fewshot_modelnet_transferring_features - INFO - Save checkpoint at ./experiments/fewshot_modelnet_transferring_features/cfgs/LR_0.0015/ckpt-last.pth
2023-11-03 02:21:14,299 - fewshot_modelnet_transferring_features - INFO - [Training] EPOCH: 4 EpochTime = 1.625 (s) Losses = ['2.0896', '39.5833'] lr = 0.000601
2023-11-03 02:21:15,869 - fewshot_modelnet_transferring_features - INFO - [Validation] EPOCH: 4  acc = 67.5000
2023-11-03 02:21:18,246 - fewshot_modelnet_transferring_features - INFO - Save checkpoint at ./experiments/fewshot_modelnet_transferring_features/cfgs/LR_0.0015/ckpt-best.pth
2023-11-03 02:21:18,247 - fewshot_modelnet_transferring_features - INFO - --------------------------------------------------------------------------------------------
2023-11-03 02:21:19,933 - fewshot_modelnet_transferring_features - INFO - Save checkpoint at ./experiments/fewshot_modelnet_transferring_features/cfgs/LR_0.0015/ckpt-last.pth
2023-11-03 02:21:22,067 - fewshot_modelnet_transferring_features - INFO - [Training] EPOCH: 5 EpochTime = 2.132 (s) Losses = ['1.8084', '58.3333'] lr = 0.000751
2023-11-03 02:21:23,846 - fewshot_modelnet_transferring_features - INFO - [Validation] EPOCH: 5  acc = 79.0000
2023-11-03 02:21:25,371 - fewshot_modelnet_transferring_features - INFO - Save checkpoint at ./experiments/fewshot_modelnet_transferring_features/cfgs/LR_0.0015/ckpt-best.pth
2023-11-03 02:21:25,371 - fewshot_modelnet_transferring_features - INFO - --------------------------------------------------------------------------------------------
2023-11-03 02:21:27,215 - fewshot_modelnet_transferring_features - INFO - Save checkpoint at ./experiments/fewshot_modelnet_transferring_features/cfgs/LR_0.0015/ckpt-last.pth
2023-11-03 02:21:29,246 - fewshot_modelnet_transferring_features - INFO - [Training] EPOCH: 6 EpochTime = 1.741 (s) Losses = ['1.5184', '70.8333'] lr = 0.000900
2023-11-03 02:21:31,182 - fewshot_modelnet_transferring_features - INFO - [Validation] EPOCH: 6  acc = 85.0000
2023-11-03 02:21:32,988 - fewshot_modelnet_transferring_features - INFO - Save checkpoint at ./experiments/fewshot_modelnet_transferring_features/cfgs/LR_0.0015/ckpt-best.pth
2023-11-03 02:21:32,988 - fewshot_modelnet_transferring_features - INFO - --------------------------------------------------------------------------------------------
2023-11-03 02:21:34,552 - fewshot_modelnet_transferring_features - INFO - Save checkpoint at ./experiments/fewshot_modelnet_transferring_features/cfgs/LR_0.0015/ckpt-last.pth
2023-11-03 02:21:35,935 - fewshot_modelnet_transferring_features - INFO - [Training] EPOCH: 7 EpochTime = 1.381 (s) Losses = ['1.2340', '84.3750'] lr = 0.001050
2023-11-03 02:21:38,007 - fewshot_modelnet_transferring_features - INFO - [Validation] EPOCH: 7  acc = 85.5000
2023-11-03 02:21:40,438 - fewshot_modelnet_transferring_features - INFO - Save checkpoint at ./experiments/fewshot_modelnet_transferring_features/cfgs/LR_0.0015/ckpt-best.pth
2023-11-03 02:21:40,438 - fewshot_modelnet_transferring_features - INFO - --------------------------------------------------------------------------------------------
2023-11-03 02:21:43,082 - fewshot_modelnet_transferring_features - INFO - Save checkpoint at ./experiments/fewshot_modelnet_transferring_features/cfgs/LR_0.0015/ckpt-last.pth
2023-11-03 02:21:44,481 - fewshot_modelnet_transferring_features - INFO - [Training] EPOCH: 8 EpochTime = 1.398 (s) Losses = ['1.1076', '88.5417'] lr = 0.001200
2023-11-03 02:21:46,674 - fewshot_modelnet_transferring_features - INFO - [Validation] EPOCH: 8  acc = 85.0000
2023-11-03 02:21:48,280 - fewshot_modelnet_transferring_features - INFO - Save checkpoint at ./experiments/fewshot_modelnet_transferring_features/cfgs/LR_0.0015/ckpt-last.pth
2023-11-03 02:21:49,649 - fewshot_modelnet_transferring_features - INFO - [Training] EPOCH: 9 EpochTime = 1.368 (s) Losses = ['0.8577', '87.5000'] lr = 0.001350
2023-11-03 02:21:51,677 - fewshot_modelnet_transferring_features - INFO - [Validation] EPOCH: 9  acc = 85.0000
2023-11-03 02:21:53,330 - fewshot_modelnet_transferring_features - INFO - Save checkpoint at ./experiments/fewshot_modelnet_transferring_features/cfgs/LR_0.0015/ckpt-last.pth
2023-11-03 02:21:54,916 - fewshot_modelnet_transferring_features - INFO - [Training] EPOCH: 10 EpochTime = 1.585 (s) Losses = ['0.6720', '91.6667'] lr = 0.001484
2023-11-03 02:21:56,503 - fewshot_modelnet_transferring_features - INFO - [Validation] EPOCH: 10  acc = 87.0000
2023-11-03 02:21:58,675 - fewshot_modelnet_transferring_features - INFO - Save checkpoint at ./experiments/fewshot_modelnet_transferring_features/cfgs/LR_0.0015/ckpt-best.pth
2023-11-03 02:21:58,676 - fewshot_modelnet_transferring_features - INFO - --------------------------------------------------------------------------------------------
2023-11-03 02:22:00,286 - fewshot_modelnet_transferring_features - INFO - Save checkpoint at ./experiments/fewshot_modelnet_transferring_features/cfgs/LR_0.0015/ckpt-last.pth
2023-11-03 02:22:02,045 - fewshot_modelnet_transferring_features - INFO - [Training] EPOCH: 11 EpochTime = 1.757 (s) Losses = ['0.5514', '94.7917'] lr = 0.001480
2023-11-03 02:22:03,660 - fewshot_modelnet_transferring_features - INFO - [Validation] EPOCH: 11  acc = 87.5000
2023-11-03 02:22:05,272 - fewshot_modelnet_transferring_features - INFO - Save checkpoint at ./experiments/fewshot_modelnet_transferring_features/cfgs/LR_0.0015/ckpt-best.pth
2023-11-03 02:22:05,272 - fewshot_modelnet_transferring_features - INFO - --------------------------------------------------------------------------------------------
2023-11-03 02:22:08,101 - fewshot_modelnet_transferring_features - INFO - Save checkpoint at ./experiments/fewshot_modelnet_transferring_features/cfgs/LR_0.0015/ckpt-last.pth
2023-11-03 02:22:09,845 - fewshot_modelnet_transferring_features - INFO - [Training] EPOCH: 12 EpochTime = 1.631 (s) Losses = ['0.4525', '95.8333'] lr = 0.001476
2023-11-03 02:22:11,703 - fewshot_modelnet_transferring_features - INFO - [Validation] EPOCH: 12  acc = 93.5000
2023-11-03 02:22:13,234 - fewshot_modelnet_transferring_features - INFO - Save checkpoint at ./experiments/fewshot_modelnet_transferring_features/cfgs/LR_0.0015/ckpt-best.pth
2023-11-03 02:22:13,234 - fewshot_modelnet_transferring_features - INFO - --------------------------------------------------------------------------------------------
2023-11-03 02:22:14,726 - fewshot_modelnet_transferring_features - INFO - Save checkpoint at ./experiments/fewshot_modelnet_transferring_features/cfgs/LR_0.0015/ckpt-last.pth
2023-11-03 02:22:16,099 - fewshot_modelnet_transferring_features - INFO - [Training] EPOCH: 13 EpochTime = 1.370 (s) Losses = ['0.3359', '98.9583'] lr = 0.001472
2023-11-03 02:22:18,215 - fewshot_modelnet_transferring_features - INFO - [Validation] EPOCH: 13  acc = 91.5000
2023-11-03 02:22:19,720 - fewshot_modelnet_transferring_features - INFO - Save checkpoint at ./experiments/fewshot_modelnet_transferring_features/cfgs/LR_0.0015/ckpt-last.pth
2023-11-03 02:22:21,083 - fewshot_modelnet_transferring_features - INFO - [Training] EPOCH: 14 EpochTime = 1.361 (s) Losses = ['0.3424', '94.7917'] lr = 0.001468
2023-11-03 02:22:23,014 - fewshot_modelnet_transferring_features - INFO - [Validation] EPOCH: 14  acc = 90.5000
2023-11-03 02:22:24,612 - fewshot_modelnet_transferring_features - INFO - Save checkpoint at ./experiments/fewshot_modelnet_transferring_features/cfgs/LR_0.0015/ckpt-last.pth
2023-11-03 02:22:26,175 - fewshot_modelnet_transferring_features - INFO - [Training] EPOCH: 15 EpochTime = 1.562 (s) Losses = ['0.2846', '96.8750'] lr = 0.001463
2023-11-03 02:22:27,766 - fewshot_modelnet_transferring_features - INFO - [Validation] EPOCH: 15  acc = 94.0000
2023-11-03 02:22:29,915 - fewshot_modelnet_transferring_features - INFO - Save checkpoint at ./experiments/fewshot_modelnet_transferring_features/cfgs/LR_0.0015/ckpt-best.pth
2023-11-03 02:22:29,916 - fewshot_modelnet_transferring_features - INFO - --------------------------------------------------------------------------------------------
2023-11-03 02:22:31,491 - fewshot_modelnet_transferring_features - INFO - Save checkpoint at ./experiments/fewshot_modelnet_transferring_features/cfgs/LR_0.0015/ckpt-last.pth
2023-11-03 02:22:33,158 - fewshot_modelnet_transferring_features - INFO - [Training] EPOCH: 16 EpochTime = 1.665 (s) Losses = ['0.2176', '98.9583'] lr = 0.001458
2023-11-03 02:22:35,213 - fewshot_modelnet_transferring_features - INFO - [Validation] EPOCH: 16  acc = 92.5000
2023-11-03 02:22:36,868 - fewshot_modelnet_transferring_features - INFO - Save checkpoint at ./experiments/fewshot_modelnet_transferring_features/cfgs/LR_0.0015/ckpt-last.pth
2023-11-03 02:22:38,238 - fewshot_modelnet_transferring_features - INFO - [Training] EPOCH: 17 EpochTime = 1.368 (s) Losses = ['0.1867', '98.9583'] lr = 0.001453
2023-11-03 02:22:40,361 - fewshot_modelnet_transferring_features - INFO - [Validation] EPOCH: 17  acc = 91.0000
2023-11-03 02:22:41,971 - fewshot_modelnet_transferring_features - INFO - Save checkpoint at ./experiments/fewshot_modelnet_transferring_features/cfgs/LR_0.0015/ckpt-last.pth
2023-11-03 02:22:43,334 - fewshot_modelnet_transferring_features - INFO - [Training] EPOCH: 18 EpochTime = 1.362 (s) Losses = ['0.1412', '98.9583'] lr = 0.001447
2023-11-03 02:22:45,461 - fewshot_modelnet_transferring_features - INFO - [Validation] EPOCH: 18  acc = 88.0000
2023-11-03 02:22:47,051 - fewshot_modelnet_transferring_features - INFO - Save checkpoint at ./experiments/fewshot_modelnet_transferring_features/cfgs/LR_0.0015/ckpt-last.pth
2023-11-03 02:22:48,436 - fewshot_modelnet_transferring_features - INFO - [Training] EPOCH: 19 EpochTime = 1.384 (s) Losses = ['0.1321', '97.9167'] lr = 0.001441
2023-11-03 02:22:50,226 - fewshot_modelnet_transferring_features - INFO - [Validation] EPOCH: 19  acc = 94.0000
2023-11-03 02:22:51,968 - fewshot_modelnet_transferring_features - INFO - Save checkpoint at ./experiments/fewshot_modelnet_transferring_features/cfgs/LR_0.0015/ckpt-last.pth
2023-11-03 02:22:53,926 - fewshot_modelnet_transferring_features - INFO - [Training] EPOCH: 20 EpochTime = 1.955 (s) Losses = ['0.1259', '98.9583'] lr = 0.001435
2023-11-03 02:22:56,080 - fewshot_modelnet_transferring_features - INFO - [Validation] EPOCH: 20  acc = 90.0000
2023-11-03 02:22:58,281 - fewshot_modelnet_transferring_features - INFO - Save checkpoint at ./experiments/fewshot_modelnet_transferring_features/cfgs/LR_0.0015/ckpt-last.pth
2023-11-03 02:22:59,824 - fewshot_modelnet_transferring_features - INFO - [Training] EPOCH: 21 EpochTime = 1.541 (s) Losses = ['0.1099', '100.0000'] lr = 0.001429
2023-11-03 02:23:01,403 - fewshot_modelnet_transferring_features - INFO - [Validation] EPOCH: 21  acc = 95.0000
2023-11-03 02:23:03,044 - fewshot_modelnet_transferring_features - INFO - Save checkpoint at ./experiments/fewshot_modelnet_transferring_features/cfgs/LR_0.0015/ckpt-best.pth
2023-11-03 02:23:03,044 - fewshot_modelnet_transferring_features - INFO - --------------------------------------------------------------------------------------------
2023-11-03 02:23:04,638 - fewshot_modelnet_transferring_features - INFO - Save checkpoint at ./experiments/fewshot_modelnet_transferring_features/cfgs/LR_0.0015/ckpt-last.pth
2023-11-03 02:23:06,007 - fewshot_modelnet_transferring_features - INFO - [Training] EPOCH: 22 EpochTime = 1.368 (s) Losses = ['0.1019', '97.9167'] lr = 0.001422
2023-11-03 02:23:08,005 - fewshot_modelnet_transferring_features - INFO - [Validation] EPOCH: 22  acc = 93.5000
2023-11-03 02:23:09,608 - fewshot_modelnet_transferring_features - INFO - Save checkpoint at ./experiments/fewshot_modelnet_transferring_features/cfgs/LR_0.0015/ckpt-last.pth
2023-11-03 02:23:11,007 - fewshot_modelnet_transferring_features - INFO - [Training] EPOCH: 23 EpochTime = 1.397 (s) Losses = ['0.0823', '100.0000'] lr = 0.001415
2023-11-03 02:23:12,811 - fewshot_modelnet_transferring_features - INFO - [Validation] EPOCH: 23  acc = 89.5000
2023-11-03 02:23:14,560 - fewshot_modelnet_transferring_features - INFO - Save checkpoint at ./experiments/fewshot_modelnet_transferring_features/cfgs/LR_0.0015/ckpt-last.pth
2023-11-03 02:23:16,423 - fewshot_modelnet_transferring_features - INFO - [Training] EPOCH: 24 EpochTime = 1.861 (s) Losses = ['0.0903', '100.0000'] lr = 0.001407
2023-11-03 02:23:18,292 - fewshot_modelnet_transferring_features - INFO - [Validation] EPOCH: 24  acc = 93.0000
2023-11-03 02:23:20,549 - fewshot_modelnet_transferring_features - INFO - Save checkpoint at ./experiments/fewshot_modelnet_transferring_features/cfgs/LR_0.0015/ckpt-last.pth
2023-11-03 02:23:21,975 - fewshot_modelnet_transferring_features - INFO - [Training] EPOCH: 25 EpochTime = 1.424 (s) Losses = ['0.0768', '100.0000'] lr = 0.001400
2023-11-03 02:23:23,683 - fewshot_modelnet_transferring_features - INFO - [Validation] EPOCH: 25  acc = 94.5000
2023-11-03 02:23:25,428 - fewshot_modelnet_transferring_features - INFO - Save checkpoint at ./experiments/fewshot_modelnet_transferring_features/cfgs/LR_0.0015/ckpt-last.pth
2023-11-03 02:23:27,234 - fewshot_modelnet_transferring_features - INFO - [Training] EPOCH: 26 EpochTime = 1.803 (s) Losses = ['0.0548', '100.0000'] lr = 0.001392
2023-11-03 02:23:28,826 - fewshot_modelnet_transferring_features - INFO - [Validation] EPOCH: 26  acc = 93.0000
2023-11-03 02:23:30,378 - fewshot_modelnet_transferring_features - INFO - Save checkpoint at ./experiments/fewshot_modelnet_transferring_features/cfgs/LR_0.0015/ckpt-last.pth
2023-11-03 02:23:32,261 - fewshot_modelnet_transferring_features - INFO - [Training] EPOCH: 27 EpochTime = 1.881 (s) Losses = ['0.0603', '100.0000'] lr = 0.001383
2023-11-03 02:23:34,375 - fewshot_modelnet_transferring_features - INFO - [Validation] EPOCH: 27  acc = 92.0000
2023-11-03 02:23:35,863 - fewshot_modelnet_transferring_features - INFO - Save checkpoint at ./experiments/fewshot_modelnet_transferring_features/cfgs/LR_0.0015/ckpt-last.pth
2023-11-03 02:23:37,219 - fewshot_modelnet_transferring_features - INFO - [Training] EPOCH: 28 EpochTime = 1.355 (s) Losses = ['0.0532', '100.0000'] lr = 0.001375
2023-11-03 02:23:39,207 - fewshot_modelnet_transferring_features - INFO - [Validation] EPOCH: 28  acc = 91.5000
2023-11-03 02:23:40,783 - fewshot_modelnet_transferring_features - INFO - Save checkpoint at ./experiments/fewshot_modelnet_transferring_features/cfgs/LR_0.0015/ckpt-last.pth
2023-11-03 02:23:42,346 - fewshot_modelnet_transferring_features - INFO - [Training] EPOCH: 29 EpochTime = 1.562 (s) Losses = ['0.0402', '100.0000'] lr = 0.001366
2023-11-03 02:23:43,960 - fewshot_modelnet_transferring_features - INFO - [Validation] EPOCH: 29  acc = 92.5000
2023-11-03 02:23:46,957 - fewshot_modelnet_transferring_features - INFO - Save checkpoint at ./experiments/fewshot_modelnet_transferring_features/cfgs/LR_0.0015/ckpt-last.pth
2023-11-03 02:23:48,889 - fewshot_modelnet_transferring_features - INFO - [Training] EPOCH: 30 EpochTime = 1.931 (s) Losses = ['0.0642', '100.0000'] lr = 0.001357
2023-11-03 02:23:50,707 - fewshot_modelnet_transferring_features - INFO - [Validation] EPOCH: 30  acc = 92.5000
2023-11-03 02:23:52,877 - fewshot_modelnet_transferring_features - INFO - Save checkpoint at ./experiments/fewshot_modelnet_transferring_features/cfgs/LR_0.0015/ckpt-last.pth
2023-11-03 02:23:54,253 - fewshot_modelnet_transferring_features - INFO - [Training] EPOCH: 31 EpochTime = 1.374 (s) Losses = ['0.0365', '100.0000'] lr = 0.001347
2023-11-03 02:23:55,893 - fewshot_modelnet_transferring_features - INFO - [Validation] EPOCH: 31  acc = 93.5000
2023-11-03 02:23:57,451 - fewshot_modelnet_transferring_features - INFO - Save checkpoint at ./experiments/fewshot_modelnet_transferring_features/cfgs/LR_0.0015/ckpt-last.pth
2023-11-03 02:23:59,521 - fewshot_modelnet_transferring_features - INFO - [Training] EPOCH: 32 EpochTime = 2.068 (s) Losses = ['0.0362', '100.0000'] lr = 0.001338
2023-11-03 02:24:01,479 - fewshot_modelnet_transferring_features - INFO - [Validation] EPOCH: 32  acc = 93.0000
2023-11-03 02:24:02,973 - fewshot_modelnet_transferring_features - INFO - Save checkpoint at ./experiments/fewshot_modelnet_transferring_features/cfgs/LR_0.0015/ckpt-last.pth
2023-11-03 02:24:04,338 - fewshot_modelnet_transferring_features - INFO - [Training] EPOCH: 33 EpochTime = 1.364 (s) Losses = ['0.0498', '98.9583'] lr = 0.001328
2023-11-03 02:24:06,427 - fewshot_modelnet_transferring_features - INFO - [Validation] EPOCH: 33  acc = 92.5000
2023-11-03 02:24:07,916 - fewshot_modelnet_transferring_features - INFO - Save checkpoint at ./experiments/fewshot_modelnet_transferring_features/cfgs/LR_0.0015/ckpt-last.pth
2023-11-03 02:24:09,274 - fewshot_modelnet_transferring_features - INFO - [Training] EPOCH: 34 EpochTime = 1.355 (s) Losses = ['0.0367', '100.0000'] lr = 0.001318
2023-11-03 02:24:11,205 - fewshot_modelnet_transferring_features - INFO - [Validation] EPOCH: 34  acc = 92.5000
2023-11-03 02:24:12,789 - fewshot_modelnet_transferring_features - INFO - Save checkpoint at ./experiments/fewshot_modelnet_transferring_features/cfgs/LR_0.0015/ckpt-last.pth
2023-11-03 02:24:14,205 - fewshot_modelnet_transferring_features - INFO - [Training] EPOCH: 35 EpochTime = 1.415 (s) Losses = ['0.0302', '100.0000'] lr = 0.001307
2023-11-03 02:24:15,987 - fewshot_modelnet_transferring_features - INFO - [Validation] EPOCH: 35  acc = 94.0000
2023-11-03 02:24:17,943 - fewshot_modelnet_transferring_features - INFO - Save checkpoint at ./experiments/fewshot_modelnet_transferring_features/cfgs/LR_0.0015/ckpt-last.pth
2023-11-03 02:24:19,860 - fewshot_modelnet_transferring_features - INFO - [Training] EPOCH: 36 EpochTime = 1.914 (s) Losses = ['0.0355', '100.0000'] lr = 0.001297
2023-11-03 02:24:21,832 - fewshot_modelnet_transferring_features - INFO - [Validation] EPOCH: 36  acc = 95.5000
2023-11-03 02:24:24,158 - fewshot_modelnet_transferring_features - INFO - Save checkpoint at ./experiments/fewshot_modelnet_transferring_features/cfgs/LR_0.0015/ckpt-best.pth
2023-11-03 02:24:24,158 - fewshot_modelnet_transferring_features - INFO - --------------------------------------------------------------------------------------------
2023-11-03 02:24:25,758 - fewshot_modelnet_transferring_features - INFO - Save checkpoint at ./experiments/fewshot_modelnet_transferring_features/cfgs/LR_0.0015/ckpt-last.pth
2023-11-03 02:24:27,127 - fewshot_modelnet_transferring_features - INFO - [Training] EPOCH: 37 EpochTime = 1.367 (s) Losses = ['0.0422', '100.0000'] lr = 0.001286
2023-11-03 02:24:29,300 - fewshot_modelnet_transferring_features - INFO - [Validation] EPOCH: 37  acc = 94.5000
2023-11-03 02:24:31,017 - fewshot_modelnet_transferring_features - INFO - Save checkpoint at ./experiments/fewshot_modelnet_transferring_features/cfgs/LR_0.0015/ckpt-last.pth
2023-11-03 02:24:32,418 - fewshot_modelnet_transferring_features - INFO - [Training] EPOCH: 38 EpochTime = 1.399 (s) Losses = ['0.0234', '100.0000'] lr = 0.001275
2023-11-03 02:24:34,199 - fewshot_modelnet_transferring_features - INFO - [Validation] EPOCH: 38  acc = 93.0000
2023-11-03 02:24:35,974 - fewshot_modelnet_transferring_features - INFO - Save checkpoint at ./experiments/fewshot_modelnet_transferring_features/cfgs/LR_0.0015/ckpt-last.pth
2023-11-03 02:24:37,847 - fewshot_modelnet_transferring_features - INFO - [Training] EPOCH: 39 EpochTime = 1.871 (s) Losses = ['0.0356', '100.0000'] lr = 0.001264
2023-11-03 02:24:39,823 - fewshot_modelnet_transferring_features - INFO - [Validation] EPOCH: 39  acc = 92.5000
2023-11-03 02:24:41,981 - fewshot_modelnet_transferring_features - INFO - Save checkpoint at ./experiments/fewshot_modelnet_transferring_features/cfgs/LR_0.0015/ckpt-last.pth
2023-11-03 02:24:43,443 - fewshot_modelnet_transferring_features - INFO - [Training] EPOCH: 40 EpochTime = 1.461 (s) Losses = ['0.0314', '100.0000'] lr = 0.001252
2023-11-03 02:24:45,037 - fewshot_modelnet_transferring_features - INFO - [Validation] EPOCH: 40  acc = 91.5000
2023-11-03 02:24:46,578 - fewshot_modelnet_transferring_features - INFO - Save checkpoint at ./experiments/fewshot_modelnet_transferring_features/cfgs/LR_0.0015/ckpt-last.pth
2023-11-03 02:24:48,414 - fewshot_modelnet_transferring_features - INFO - [Training] EPOCH: 41 EpochTime = 1.834 (s) Losses = ['0.0296', '100.0000'] lr = 0.001240
2023-11-03 02:24:50,419 - fewshot_modelnet_transferring_features - INFO - [Validation] EPOCH: 41  acc = 92.0000
2023-11-03 02:24:51,921 - fewshot_modelnet_transferring_features - INFO - Save checkpoint at ./experiments/fewshot_modelnet_transferring_features/cfgs/LR_0.0015/ckpt-last.pth
2023-11-03 02:24:53,309 - fewshot_modelnet_transferring_features - INFO - [Training] EPOCH: 42 EpochTime = 1.387 (s) Losses = ['0.0287', '100.0000'] lr = 0.001228
2023-11-03 02:24:55,380 - fewshot_modelnet_transferring_features - INFO - [Validation] EPOCH: 42  acc = 92.5000
2023-11-03 02:24:56,893 - fewshot_modelnet_transferring_features - INFO - Save checkpoint at ./experiments/fewshot_modelnet_transferring_features/cfgs/LR_0.0015/ckpt-last.pth
2023-11-03 02:24:58,284 - fewshot_modelnet_transferring_features - INFO - [Training] EPOCH: 43 EpochTime = 1.389 (s) Losses = ['0.0341', '100.0000'] lr = 0.001216
2023-11-03 02:25:00,069 - fewshot_modelnet_transferring_features - INFO - [Validation] EPOCH: 43  acc = 93.5000
2023-11-03 02:25:01,784 - fewshot_modelnet_transferring_features - INFO - Save checkpoint at ./experiments/fewshot_modelnet_transferring_features/cfgs/LR_0.0015/ckpt-last.pth
2023-11-03 02:25:03,677 - fewshot_modelnet_transferring_features - INFO - [Training] EPOCH: 44 EpochTime = 1.891 (s) Losses = ['0.0205', '100.0000'] lr = 0.001204
2023-11-03 02:25:05,832 - fewshot_modelnet_transferring_features - INFO - [Validation] EPOCH: 44  acc = 94.0000
2023-11-03 02:25:07,884 - fewshot_modelnet_transferring_features - INFO - Save checkpoint at ./experiments/fewshot_modelnet_transferring_features/cfgs/LR_0.0015/ckpt-last.pth
2023-11-03 02:25:09,345 - fewshot_modelnet_transferring_features - INFO - [Training] EPOCH: 45 EpochTime = 1.458 (s) Losses = ['0.0251', '100.0000'] lr = 0.001191
2023-11-03 02:25:10,916 - fewshot_modelnet_transferring_features - INFO - [Validation] EPOCH: 45  acc = 94.5000
2023-11-03 02:25:12,452 - fewshot_modelnet_transferring_features - INFO - Save checkpoint at ./experiments/fewshot_modelnet_transferring_features/cfgs/LR_0.0015/ckpt-last.pth
2023-11-03 02:25:14,308 - fewshot_modelnet_transferring_features - INFO - [Training] EPOCH: 46 EpochTime = 1.855 (s) Losses = ['0.0755', '97.9167'] lr = 0.001178
2023-11-03 02:25:16,412 - fewshot_modelnet_transferring_features - INFO - [Validation] EPOCH: 46  acc = 86.0000
2023-11-03 02:25:17,954 - fewshot_modelnet_transferring_features - INFO - Save checkpoint at ./experiments/fewshot_modelnet_transferring_features/cfgs/LR_0.0015/ckpt-last.pth
2023-11-03 02:25:19,328 - fewshot_modelnet_transferring_features - INFO - [Training] EPOCH: 47 EpochTime = 1.372 (s) Losses = ['0.1748', '94.7917'] lr = 0.001165
2023-11-03 02:25:21,407 - fewshot_modelnet_transferring_features - INFO - [Validation] EPOCH: 47  acc = 89.0000
2023-11-03 02:25:23,068 - fewshot_modelnet_transferring_features - INFO - Save checkpoint at ./experiments/fewshot_modelnet_transferring_features/cfgs/LR_0.0015/ckpt-last.pth
2023-11-03 02:25:24,649 - fewshot_modelnet_transferring_features - INFO - [Training] EPOCH: 48 EpochTime = 1.579 (s) Losses = ['0.0994', '97.9167'] lr = 0.001152
2023-11-03 02:25:26,228 - fewshot_modelnet_transferring_features - INFO - [Validation] EPOCH: 48  acc = 94.0000
2023-11-03 02:25:28,474 - fewshot_modelnet_transferring_features - INFO - Save checkpoint at ./experiments/fewshot_modelnet_transferring_features/cfgs/LR_0.0015/ckpt-last.pth
2023-11-03 02:25:30,006 - fewshot_modelnet_transferring_features - INFO - [Training] EPOCH: 49 EpochTime = 1.530 (s) Losses = ['0.0730', '97.9167'] lr = 0.001139
2023-11-03 02:25:31,659 - fewshot_modelnet_transferring_features - INFO - [Validation] EPOCH: 49  acc = 91.0000
2023-11-03 02:25:33,263 - fewshot_modelnet_transferring_features - INFO - Save checkpoint at ./experiments/fewshot_modelnet_transferring_features/cfgs/LR_0.0015/ckpt-last.pth
2023-11-03 02:25:35,279 - fewshot_modelnet_transferring_features - INFO - [Training] EPOCH: 50 EpochTime = 2.015 (s) Losses = ['0.2163', '93.7500'] lr = 0.001125
2023-11-03 02:25:37,290 - fewshot_modelnet_transferring_features - INFO - [Validation] EPOCH: 50  acc = 88.5000
2023-11-03 02:25:38,900 - fewshot_modelnet_transferring_features - INFO - Save checkpoint at ./experiments/fewshot_modelnet_transferring_features/cfgs/LR_0.0015/ckpt-last.pth
2023-11-03 02:25:40,288 - fewshot_modelnet_transferring_features - INFO - [Training] EPOCH: 51 EpochTime = 1.386 (s) Losses = ['0.0795', '97.9167'] lr = 0.001112
2023-11-03 02:25:42,450 - fewshot_modelnet_transferring_features - INFO - [Validation] EPOCH: 51  acc = 84.0000
2023-11-03 02:25:44,197 - fewshot_modelnet_transferring_features - INFO - Save checkpoint at ./experiments/fewshot_modelnet_transferring_features/cfgs/LR_0.0015/ckpt-last.pth
2023-11-03 02:25:45,813 - fewshot_modelnet_transferring_features - INFO - [Training] EPOCH: 52 EpochTime = 1.613 (s) Losses = ['0.0700', '96.8750'] lr = 0.001098
2023-11-03 02:25:47,390 - fewshot_modelnet_transferring_features - INFO - [Validation] EPOCH: 52  acc = 85.0000
2023-11-03 02:25:49,817 - fewshot_modelnet_transferring_features - INFO - Save checkpoint at ./experiments/fewshot_modelnet_transferring_features/cfgs/LR_0.0015/ckpt-last.pth
2023-11-03 02:25:51,192 - fewshot_modelnet_transferring_features - INFO - [Training] EPOCH: 53 EpochTime = 1.374 (s) Losses = ['0.0533', '100.0000'] lr = 0.001084
2023-11-03 02:25:52,774 - fewshot_modelnet_transferring_features - INFO - [Validation] EPOCH: 53  acc = 90.5000
2023-11-03 02:25:54,332 - fewshot_modelnet_transferring_features - INFO - Save checkpoint at ./experiments/fewshot_modelnet_transferring_features/cfgs/LR_0.0015/ckpt-last.pth
2023-11-03 02:25:56,350 - fewshot_modelnet_transferring_features - INFO - [Training] EPOCH: 54 EpochTime = 2.016 (s) Losses = ['0.0440', '100.0000'] lr = 0.001070
2023-11-03 02:25:58,340 - fewshot_modelnet_transferring_features - INFO - [Validation] EPOCH: 54  acc = 94.5000
2023-11-03 02:25:59,866 - fewshot_modelnet_transferring_features - INFO - Save checkpoint at ./experiments/fewshot_modelnet_transferring_features/cfgs/LR_0.0015/ckpt-last.pth
2023-11-03 02:26:01,232 - fewshot_modelnet_transferring_features - INFO - [Training] EPOCH: 55 EpochTime = 1.365 (s) Losses = ['0.0870', '98.9583'] lr = 0.001055
2023-11-03 02:26:03,377 - fewshot_modelnet_transferring_features - INFO - [Validation] EPOCH: 55  acc = 90.0000
2023-11-03 02:26:04,854 - fewshot_modelnet_transferring_features - INFO - Save checkpoint at ./experiments/fewshot_modelnet_transferring_features/cfgs/LR_0.0015/ckpt-last.pth
2023-11-03 02:26:06,259 - fewshot_modelnet_transferring_features - INFO - [Training] EPOCH: 56 EpochTime = 1.403 (s) Losses = ['0.0270', '100.0000'] lr = 0.001041
2023-11-03 02:26:08,053 - fewshot_modelnet_transferring_features - INFO - [Validation] EPOCH: 56  acc = 87.5000
2023-11-03 02:26:09,757 - fewshot_modelnet_transferring_features - INFO - Save checkpoint at ./experiments/fewshot_modelnet_transferring_features/cfgs/LR_0.0015/ckpt-last.pth
2023-11-03 02:26:11,551 - fewshot_modelnet_transferring_features - INFO - [Training] EPOCH: 57 EpochTime = 1.792 (s) Losses = ['0.0484', '98.9583'] lr = 0.001026
2023-11-03 02:26:13,208 - fewshot_modelnet_transferring_features - INFO - [Validation] EPOCH: 57  acc = 94.0000
2023-11-03 02:26:15,440 - fewshot_modelnet_transferring_features - INFO - Save checkpoint at ./experiments/fewshot_modelnet_transferring_features/cfgs/LR_0.0015/ckpt-last.pth
2023-11-03 02:26:16,898 - fewshot_modelnet_transferring_features - INFO - [Training] EPOCH: 58 EpochTime = 1.456 (s) Losses = ['0.0695', '98.9583'] lr = 0.001012
2023-11-03 02:26:18,532 - fewshot_modelnet_transferring_features - INFO - [Validation] EPOCH: 58  acc = 94.5000
2023-11-03 02:26:20,166 - fewshot_modelnet_transferring_features - INFO - Save checkpoint at ./experiments/fewshot_modelnet_transferring_features/cfgs/LR_0.0015/ckpt-last.pth
2023-11-03 02:26:22,134 - fewshot_modelnet_transferring_features - INFO - [Training] EPOCH: 59 EpochTime = 1.966 (s) Losses = ['0.0334', '100.0000'] lr = 0.000997
2023-11-03 02:26:24,121 - fewshot_modelnet_transferring_features - INFO - [Validation] EPOCH: 59  acc = 92.0000
2023-11-03 02:26:25,629 - fewshot_modelnet_transferring_features - INFO - Save checkpoint at ./experiments/fewshot_modelnet_transferring_features/cfgs/LR_0.0015/ckpt-last.pth
2023-11-03 02:26:26,997 - fewshot_modelnet_transferring_features - INFO - [Training] EPOCH: 60 EpochTime = 1.366 (s) Losses = ['0.0523', '98.9583'] lr = 0.000982
2023-11-03 02:26:29,238 - fewshot_modelnet_transferring_features - INFO - [Validation] EPOCH: 60  acc = 94.0000
2023-11-03 02:26:30,791 - fewshot_modelnet_transferring_features - INFO - Save checkpoint at ./experiments/fewshot_modelnet_transferring_features/cfgs/LR_0.0015/ckpt-last.pth
2023-11-03 02:26:32,398 - fewshot_modelnet_transferring_features - INFO - [Training] EPOCH: 61 EpochTime = 1.606 (s) Losses = ['0.0282', '100.0000'] lr = 0.000967
2023-11-03 02:26:33,981 - fewshot_modelnet_transferring_features - INFO - [Validation] EPOCH: 61  acc = 93.0000
2023-11-03 02:26:35,670 - fewshot_modelnet_transferring_features - INFO - Save checkpoint at ./experiments/fewshot_modelnet_transferring_features/cfgs/LR_0.0015/ckpt-last.pth
2023-11-03 02:26:37,042 - fewshot_modelnet_transferring_features - INFO - [Training] EPOCH: 62 EpochTime = 1.370 (s) Losses = ['0.0839', '96.8750'] lr = 0.000952
2023-11-03 02:26:39,162 - fewshot_modelnet_transferring_features - INFO - [Validation] EPOCH: 62  acc = 92.5000
2023-11-03 02:26:40,665 - fewshot_modelnet_transferring_features - INFO - Save checkpoint at ./experiments/fewshot_modelnet_transferring_features/cfgs/LR_0.0015/ckpt-last.pth
2023-11-03 02:26:42,231 - fewshot_modelnet_transferring_features - INFO - [Training] EPOCH: 63 EpochTime = 1.564 (s) Losses = ['0.0213', '100.0000'] lr = 0.000937
2023-11-03 02:26:43,832 - fewshot_modelnet_transferring_features - INFO - [Validation] EPOCH: 63  acc = 93.0000
2023-11-03 02:26:45,452 - fewshot_modelnet_transferring_features - INFO - Save checkpoint at ./experiments/fewshot_modelnet_transferring_features/cfgs/LR_0.0015/ckpt-last.pth
2023-11-03 02:26:47,302 - fewshot_modelnet_transferring_features - INFO - [Training] EPOCH: 64 EpochTime = 1.849 (s) Losses = ['0.0237', '100.0000'] lr = 0.000922
2023-11-03 02:26:49,464 - fewshot_modelnet_transferring_features - INFO - [Validation] EPOCH: 64  acc = 90.5000
2023-11-03 02:26:51,602 - fewshot_modelnet_transferring_features - INFO - Save checkpoint at ./experiments/fewshot_modelnet_transferring_features/cfgs/LR_0.0015/ckpt-last.pth
2023-11-03 02:26:53,363 - fewshot_modelnet_transferring_features - INFO - [Training] EPOCH: 65 EpochTime = 1.759 (s) Losses = ['0.0268', '100.0000'] lr = 0.000906
2023-11-03 02:26:54,926 - fewshot_modelnet_transferring_features - INFO - [Validation] EPOCH: 65  acc = 89.5000
2023-11-03 02:26:56,433 - fewshot_modelnet_transferring_features - INFO - Save checkpoint at ./experiments/fewshot_modelnet_transferring_features/cfgs/LR_0.0015/ckpt-last.pth
2023-11-03 02:26:58,060 - fewshot_modelnet_transferring_features - INFO - [Training] EPOCH: 66 EpochTime = 1.625 (s) Losses = ['0.0367', '98.9583'] lr = 0.000891
2023-11-03 02:27:00,221 - fewshot_modelnet_transferring_features - INFO - [Validation] EPOCH: 66  acc = 91.5000
2023-11-03 02:27:01,851 - fewshot_modelnet_transferring_features - INFO - Save checkpoint at ./experiments/fewshot_modelnet_transferring_features/cfgs/LR_0.0015/ckpt-last.pth
2023-11-03 02:27:03,323 - fewshot_modelnet_transferring_features - INFO - [Training] EPOCH: 67 EpochTime = 1.397 (s) Losses = ['0.0341', '100.0000'] lr = 0.000875
2023-11-03 02:27:05,097 - fewshot_modelnet_transferring_features - INFO - [Validation] EPOCH: 67  acc = 90.5000
2023-11-03 02:27:06,722 - fewshot_modelnet_transferring_features - INFO - Save checkpoint at ./experiments/fewshot_modelnet_transferring_features/cfgs/LR_0.0015/ckpt-last.pth
2023-11-03 02:27:08,567 - fewshot_modelnet_transferring_features - INFO - [Training] EPOCH: 68 EpochTime = 1.843 (s) Losses = ['0.0622', '97.9167'] lr = 0.000860
2023-11-03 02:27:10,497 - fewshot_modelnet_transferring_features - INFO - [Validation] EPOCH: 68  acc = 94.5000
2023-11-03 02:27:12,689 - fewshot_modelnet_transferring_features - INFO - Save checkpoint at ./experiments/fewshot_modelnet_transferring_features/cfgs/LR_0.0015/ckpt-last.pth
2023-11-03 02:27:14,139 - fewshot_modelnet_transferring_features - INFO - [Training] EPOCH: 69 EpochTime = 1.449 (s) Losses = ['0.0347', '100.0000'] lr = 0.000844
2023-11-03 02:27:15,709 - fewshot_modelnet_transferring_features - INFO - [Validation] EPOCH: 69  acc = 93.0000
2023-11-03 02:27:17,179 - fewshot_modelnet_transferring_features - INFO - Save checkpoint at ./experiments/fewshot_modelnet_transferring_features/cfgs/LR_0.0015/ckpt-last.pth
2023-11-03 02:27:19,083 - fewshot_modelnet_transferring_features - INFO - [Training] EPOCH: 70 EpochTime = 1.902 (s) Losses = ['0.0317', '98.9583'] lr = 0.000829
2023-11-03 02:27:21,124 - fewshot_modelnet_transferring_features - INFO - [Validation] EPOCH: 70  acc = 94.5000
2023-11-03 02:27:22,611 - fewshot_modelnet_transferring_features - INFO - Save checkpoint at ./experiments/fewshot_modelnet_transferring_features/cfgs/LR_0.0015/ckpt-last.pth
2023-11-03 02:27:24,113 - fewshot_modelnet_transferring_features - INFO - [Training] EPOCH: 71 EpochTime = 1.500 (s) Losses = ['0.0209', '100.0000'] lr = 0.000813
2023-11-03 02:27:26,056 - fewshot_modelnet_transferring_features - INFO - [Validation] EPOCH: 71  acc = 93.5000
2023-11-03 02:27:27,644 - fewshot_modelnet_transferring_features - INFO - Save checkpoint at ./experiments/fewshot_modelnet_transferring_features/cfgs/LR_0.0015/ckpt-last.pth
2023-11-03 02:27:29,019 - fewshot_modelnet_transferring_features - INFO - [Training] EPOCH: 72 EpochTime = 1.373 (s) Losses = ['0.0207', '100.0000'] lr = 0.000798
2023-11-03 02:27:30,814 - fewshot_modelnet_transferring_features - INFO - [Validation] EPOCH: 72  acc = 93.5000
2023-11-03 02:27:32,367 - fewshot_modelnet_transferring_features - INFO - Save checkpoint at ./experiments/fewshot_modelnet_transferring_features/cfgs/LR_0.0015/ckpt-last.pth
2023-11-03 02:27:34,310 - fewshot_modelnet_transferring_features - INFO - [Training] EPOCH: 73 EpochTime = 1.942 (s) Losses = ['0.0594', '97.9167'] lr = 0.000782
2023-11-03 02:27:36,249 - fewshot_modelnet_transferring_features - INFO - [Validation] EPOCH: 73  acc = 97.0000
2023-11-03 02:27:38,374 - fewshot_modelnet_transferring_features - INFO - Save checkpoint at ./experiments/fewshot_modelnet_transferring_features/cfgs/LR_0.0015/ckpt-best.pth
2023-11-03 02:27:38,374 - fewshot_modelnet_transferring_features - INFO - --------------------------------------------------------------------------------------------
2023-11-03 02:27:40,028 - fewshot_modelnet_transferring_features - INFO - Save checkpoint at ./experiments/fewshot_modelnet_transferring_features/cfgs/LR_0.0015/ckpt-last.pth
2023-11-03 02:27:41,396 - fewshot_modelnet_transferring_features - INFO - [Training] EPOCH: 74 EpochTime = 1.366 (s) Losses = ['0.0278', '100.0000'] lr = 0.000766
2023-11-03 02:27:43,446 - fewshot_modelnet_transferring_features - INFO - [Validation] EPOCH: 74  acc = 98.0000
2023-11-03 02:27:45,029 - fewshot_modelnet_transferring_features - INFO - Save checkpoint at ./experiments/fewshot_modelnet_transferring_features/cfgs/LR_0.0015/ckpt-best.pth
2023-11-03 02:27:45,029 - fewshot_modelnet_transferring_features - INFO - --------------------------------------------------------------------------------------------
2023-11-03 02:27:46,843 - fewshot_modelnet_transferring_features - INFO - Save checkpoint at ./experiments/fewshot_modelnet_transferring_features/cfgs/LR_0.0015/ckpt-last.pth
2023-11-03 02:27:48,215 - fewshot_modelnet_transferring_features - INFO - [Training] EPOCH: 75 EpochTime = 1.370 (s) Losses = ['0.0421', '97.9167'] lr = 0.000751
2023-11-03 02:27:49,778 - fewshot_modelnet_transferring_features - INFO - [Validation] EPOCH: 75  acc = 97.5000
2023-11-03 02:27:51,347 - fewshot_modelnet_transferring_features - INFO - Save checkpoint at ./experiments/fewshot_modelnet_transferring_features/cfgs/LR_0.0015/ckpt-last.pth
2023-11-03 02:27:53,326 - fewshot_modelnet_transferring_features - INFO - [Training] EPOCH: 76 EpochTime = 1.977 (s) Losses = ['0.0151', '100.0000'] lr = 0.000735
2023-11-03 02:27:54,936 - fewshot_modelnet_transferring_features - INFO - [Validation] EPOCH: 76  acc = 96.0000
2023-11-03 02:27:56,549 - fewshot_modelnet_transferring_features - INFO - Save checkpoint at ./experiments/fewshot_modelnet_transferring_features/cfgs/LR_0.0015/ckpt-last.pth
2023-11-03 02:27:58,374 - fewshot_modelnet_transferring_features - INFO - [Training] EPOCH: 77 EpochTime = 1.823 (s) Losses = ['0.0172', '100.0000'] lr = 0.000719
2023-11-03 02:28:00,520 - fewshot_modelnet_transferring_features - INFO - [Validation] EPOCH: 77  acc = 95.0000
2023-11-03 02:28:02,045 - fewshot_modelnet_transferring_features - INFO - Save checkpoint at ./experiments/fewshot_modelnet_transferring_features/cfgs/LR_0.0015/ckpt-last.pth
2023-11-03 02:28:03,414 - fewshot_modelnet_transferring_features - INFO - [Training] EPOCH: 78 EpochTime = 1.368 (s) Losses = ['0.0129', '100.0000'] lr = 0.000703
2023-11-03 02:28:05,433 - fewshot_modelnet_transferring_features - INFO - [Validation] EPOCH: 78  acc = 94.0000
2023-11-03 02:28:06,992 - fewshot_modelnet_transferring_features - INFO - Save checkpoint at ./experiments/fewshot_modelnet_transferring_features/cfgs/LR_0.0015/ckpt-last.pth
2023-11-03 02:28:08,507 - fewshot_modelnet_transferring_features - INFO - [Training] EPOCH: 79 EpochTime = 1.513 (s) Losses = ['0.0177', '100.0000'] lr = 0.000688
2023-11-03 02:28:10,188 - fewshot_modelnet_transferring_features - INFO - [Validation] EPOCH: 79  acc = 94.0000
2023-11-03 02:28:11,872 - fewshot_modelnet_transferring_features - INFO - Save checkpoint at ./experiments/fewshot_modelnet_transferring_features/cfgs/LR_0.0015/ckpt-last.pth
2023-11-03 02:28:13,845 - fewshot_modelnet_transferring_features - INFO - [Training] EPOCH: 80 EpochTime = 1.972 (s) Losses = ['0.0131', '100.0000'] lr = 0.000672
2023-11-03 02:28:15,950 - fewshot_modelnet_transferring_features - INFO - [Validation] EPOCH: 80  acc = 94.0000
2023-11-03 02:28:18,201 - fewshot_modelnet_transferring_features - INFO - Save checkpoint at ./experiments/fewshot_modelnet_transferring_features/cfgs/LR_0.0015/ckpt-last.pth
2023-11-03 02:28:19,715 - fewshot_modelnet_transferring_features - INFO - [Training] EPOCH: 81 EpochTime = 1.513 (s) Losses = ['0.0167', '100.0000'] lr = 0.000657
2023-11-03 02:28:21,294 - fewshot_modelnet_transferring_features - INFO - [Validation] EPOCH: 81  acc = 95.5000
2023-11-03 02:28:22,821 - fewshot_modelnet_transferring_features - INFO - Save checkpoint at ./experiments/fewshot_modelnet_transferring_features/cfgs/LR_0.0015/ckpt-last.pth
2023-11-03 02:28:24,531 - fewshot_modelnet_transferring_features - INFO - [Training] EPOCH: 82 EpochTime = 1.708 (s) Losses = ['0.0254', '100.0000'] lr = 0.000641
2023-11-03 02:28:26,613 - fewshot_modelnet_transferring_features - INFO - [Validation] EPOCH: 82  acc = 96.5000
2023-11-03 02:28:28,082 - fewshot_modelnet_transferring_features - INFO - Save checkpoint at ./experiments/fewshot_modelnet_transferring_features/cfgs/LR_0.0015/ckpt-last.pth
2023-11-03 02:28:29,444 - fewshot_modelnet_transferring_features - INFO - [Training] EPOCH: 83 EpochTime = 1.360 (s) Losses = ['0.0163', '100.0000'] lr = 0.000626
2023-11-03 02:28:31,489 - fewshot_modelnet_transferring_features - INFO - [Validation] EPOCH: 83  acc = 96.0000
2023-11-03 02:28:33,034 - fewshot_modelnet_transferring_features - INFO - Save checkpoint at ./experiments/fewshot_modelnet_transferring_features/cfgs/LR_0.0015/ckpt-last.pth
2023-11-03 02:28:34,416 - fewshot_modelnet_transferring_features - INFO - [Training] EPOCH: 84 EpochTime = 1.380 (s) Losses = ['0.0175', '100.0000'] lr = 0.000610
2023-11-03 02:28:36,205 - fewshot_modelnet_transferring_features - INFO - [Validation] EPOCH: 84  acc = 95.5000
2023-11-03 02:28:37,797 - fewshot_modelnet_transferring_features - INFO - Save checkpoint at ./experiments/fewshot_modelnet_transferring_features/cfgs/LR_0.0015/ckpt-last.pth
2023-11-03 02:28:39,601 - fewshot_modelnet_transferring_features - INFO - [Training] EPOCH: 85 EpochTime = 1.802 (s) Losses = ['0.0200', '100.0000'] lr = 0.000595
2023-11-03 02:28:41,211 - fewshot_modelnet_transferring_features - INFO - [Validation] EPOCH: 85  acc = 95.5000
2023-11-03 02:28:43,506 - fewshot_modelnet_transferring_features - INFO - Save checkpoint at ./experiments/fewshot_modelnet_transferring_features/cfgs/LR_0.0015/ckpt-last.pth
2023-11-03 02:28:44,974 - fewshot_modelnet_transferring_features - INFO - [Training] EPOCH: 86 EpochTime = 1.465 (s) Losses = ['0.0134', '100.0000'] lr = 0.000579
2023-11-03 02:28:46,621 - fewshot_modelnet_transferring_features - INFO - [Validation] EPOCH: 86  acc = 96.5000
2023-11-03 02:28:48,150 - fewshot_modelnet_transferring_features - INFO - Save checkpoint at ./experiments/fewshot_modelnet_transferring_features/cfgs/LR_0.0015/ckpt-last.pth
2023-11-03 02:28:50,265 - fewshot_modelnet_transferring_features - INFO - [Training] EPOCH: 87 EpochTime = 2.114 (s) Losses = ['0.0191', '100.0000'] lr = 0.000564
2023-11-03 02:28:52,265 - fewshot_modelnet_transferring_features - INFO - [Validation] EPOCH: 87  acc = 97.0000
2023-11-03 02:28:53,838 - fewshot_modelnet_transferring_features - INFO - Save checkpoint at ./experiments/fewshot_modelnet_transferring_features/cfgs/LR_0.0015/ckpt-last.pth
2023-11-03 02:28:55,205 - fewshot_modelnet_transferring_features - INFO - [Training] EPOCH: 88 EpochTime = 1.365 (s) Losses = ['0.0146', '100.0000'] lr = 0.000549
2023-11-03 02:28:57,304 - fewshot_modelnet_transferring_features - INFO - [Validation] EPOCH: 88  acc = 97.0000
2023-11-03 02:28:58,810 - fewshot_modelnet_transferring_features - INFO - Save checkpoint at ./experiments/fewshot_modelnet_transferring_features/cfgs/LR_0.0015/ckpt-last.pth
2023-11-03 02:29:00,183 - fewshot_modelnet_transferring_features - INFO - [Training] EPOCH: 89 EpochTime = 1.371 (s) Losses = ['0.0160', '100.0000'] lr = 0.000534
2023-11-03 02:29:01,975 - fewshot_modelnet_transferring_features - INFO - [Validation] EPOCH: 89  acc = 96.5000
2023-11-03 02:29:03,684 - fewshot_modelnet_transferring_features - INFO - Save checkpoint at ./experiments/fewshot_modelnet_transferring_features/cfgs/LR_0.0015/ckpt-last.pth
2023-11-03 02:29:05,580 - fewshot_modelnet_transferring_features - INFO - [Training] EPOCH: 90 EpochTime = 1.894 (s) Losses = ['0.0124', '100.0000'] lr = 0.000519
2023-11-03 02:29:07,554 - fewshot_modelnet_transferring_features - INFO - [Validation] EPOCH: 90  acc = 96.5000
2023-11-03 02:29:09,522 - fewshot_modelnet_transferring_features - INFO - Save checkpoint at ./experiments/fewshot_modelnet_transferring_features/cfgs/LR_0.0015/ckpt-last.pth
2023-11-03 02:29:10,888 - fewshot_modelnet_transferring_features - INFO - [Training] EPOCH: 91 EpochTime = 1.364 (s) Losses = ['0.0327', '98.9583'] lr = 0.000504
2023-11-03 02:29:12,618 - fewshot_modelnet_transferring_features - INFO - [Validation] EPOCH: 91  acc = 95.5000
2023-11-03 02:29:14,214 - fewshot_modelnet_transferring_features - INFO - Save checkpoint at ./experiments/fewshot_modelnet_transferring_features/cfgs/LR_0.0015/ckpt-last.pth
2023-11-03 02:29:16,158 - fewshot_modelnet_transferring_features - INFO - [Training] EPOCH: 92 EpochTime = 1.942 (s) Losses = ['0.0143', '100.0000'] lr = 0.000489
2023-11-03 02:29:18,158 - fewshot_modelnet_transferring_features - INFO - [Validation] EPOCH: 92  acc = 94.0000
2023-11-03 02:29:20,570 - fewshot_modelnet_transferring_features - INFO - Save checkpoint at ./experiments/fewshot_modelnet_transferring_features/cfgs/LR_0.0015/ckpt-last.pth
2023-11-03 02:29:21,930 - fewshot_modelnet_transferring_features - INFO - [Training] EPOCH: 93 EpochTime = 1.358 (s) Losses = ['0.0098', '100.0000'] lr = 0.000475
2023-11-03 02:29:23,989 - fewshot_modelnet_transferring_features - INFO - [Validation] EPOCH: 93  acc = 93.5000
2023-11-03 02:29:25,468 - fewshot_modelnet_transferring_features - INFO - Save checkpoint at ./experiments/fewshot_modelnet_transferring_features/cfgs/LR_0.0015/ckpt-last.pth
2023-11-03 02:29:27,041 - fewshot_modelnet_transferring_features - INFO - [Training] EPOCH: 94 EpochTime = 1.572 (s) Losses = ['0.0142', '100.0000'] lr = 0.000460
2023-11-03 02:29:28,628 - fewshot_modelnet_transferring_features - INFO - [Validation] EPOCH: 94  acc = 93.0000
2023-11-03 02:29:30,938 - fewshot_modelnet_transferring_features - INFO - Save checkpoint at ./experiments/fewshot_modelnet_transferring_features/cfgs/LR_0.0015/ckpt-last.pth
2023-11-03 02:29:32,677 - fewshot_modelnet_transferring_features - INFO - [Training] EPOCH: 95 EpochTime = 1.736 (s) Losses = ['0.0365', '98.9583'] lr = 0.000446
2023-11-03 02:29:34,714 - fewshot_modelnet_transferring_features - INFO - [Validation] EPOCH: 95  acc = 95.0000
2023-11-03 02:29:36,218 - fewshot_modelnet_transferring_features - INFO - Save checkpoint at ./experiments/fewshot_modelnet_transferring_features/cfgs/LR_0.0015/ckpt-last.pth
2023-11-03 02:29:37,986 - fewshot_modelnet_transferring_features - INFO - [Training] EPOCH: 96 EpochTime = 1.766 (s) Losses = ['0.0084', '100.0000'] lr = 0.000431
2023-11-03 02:29:39,625 - fewshot_modelnet_transferring_features - INFO - [Validation] EPOCH: 96  acc = 95.5000
2023-11-03 02:29:41,050 - fewshot_modelnet_transferring_features - INFO - Save checkpoint at ./experiments/fewshot_modelnet_transferring_features/cfgs/LR_0.0015/ckpt-last.pth
2023-11-03 02:29:42,758 - fewshot_modelnet_transferring_features - INFO - [Training] EPOCH: 97 EpochTime = 1.707 (s) Losses = ['0.0239', '100.0000'] lr = 0.000417
2023-11-03 02:29:44,839 - fewshot_modelnet_transferring_features - INFO - [Validation] EPOCH: 97  acc = 95.5000
2023-11-03 02:29:46,341 - fewshot_modelnet_transferring_features - INFO - Save checkpoint at ./experiments/fewshot_modelnet_transferring_features/cfgs/LR_0.0015/ckpt-last.pth
2023-11-03 02:29:47,703 - fewshot_modelnet_transferring_features - INFO - [Training] EPOCH: 98 EpochTime = 1.360 (s) Losses = ['0.0341', '98.9583'] lr = 0.000403
2023-11-03 02:29:49,857 - fewshot_modelnet_transferring_features - INFO - [Validation] EPOCH: 98  acc = 95.5000
2023-11-03 02:29:51,341 - fewshot_modelnet_transferring_features - INFO - Save checkpoint at ./experiments/fewshot_modelnet_transferring_features/cfgs/LR_0.0015/ckpt-last.pth
2023-11-03 02:29:52,706 - fewshot_modelnet_transferring_features - INFO - [Training] EPOCH: 99 EpochTime = 1.364 (s) Losses = ['0.0201', '100.0000'] lr = 0.000389
2023-11-03 02:29:54,529 - fewshot_modelnet_transferring_features - INFO - [Validation] EPOCH: 99  acc = 97.0000
2023-11-03 02:29:57,249 - fewshot_modelnet_transferring_features - INFO - Save checkpoint at ./experiments/fewshot_modelnet_transferring_features/cfgs/LR_0.0015/ckpt-last.pth
2023-11-03 02:29:59,020 - fewshot_modelnet_transferring_features - INFO - [Training] EPOCH: 100 EpochTime = 1.769 (s) Losses = ['0.0261', '100.0000'] lr = 0.000376
2023-11-03 02:30:01,022 - fewshot_modelnet_transferring_features - INFO - [Validation] EPOCH: 100  acc = 95.5000
2023-11-03 02:30:02,484 - fewshot_modelnet_transferring_features - INFO - Save checkpoint at ./experiments/fewshot_modelnet_transferring_features/cfgs/LR_0.0015/ckpt-last.pth
2023-11-03 02:30:04,246 - fewshot_modelnet_transferring_features - INFO - [Training] EPOCH: 101 EpochTime = 1.761 (s) Losses = ['0.0124', '100.0000'] lr = 0.000362
2023-11-03 02:30:05,809 - fewshot_modelnet_transferring_features - INFO - [Validation] EPOCH: 101  acc = 94.5000
2023-11-03 02:30:07,337 - fewshot_modelnet_transferring_features - INFO - Save checkpoint at ./experiments/fewshot_modelnet_transferring_features/cfgs/LR_0.0015/ckpt-last.pth
2023-11-03 02:30:08,906 - fewshot_modelnet_transferring_features - INFO - [Training] EPOCH: 102 EpochTime = 1.567 (s) Losses = ['0.0122', '100.0000'] lr = 0.000349
2023-11-03 02:30:10,997 - fewshot_modelnet_transferring_features - INFO - [Validation] EPOCH: 102  acc = 92.5000
2023-11-03 02:30:12,582 - fewshot_modelnet_transferring_features - INFO - Save checkpoint at ./experiments/fewshot_modelnet_transferring_features/cfgs/LR_0.0015/ckpt-last.pth
2023-11-03 02:30:13,930 - fewshot_modelnet_transferring_features - INFO - [Training] EPOCH: 103 EpochTime = 1.347 (s) Losses = ['0.0200', '100.0000'] lr = 0.000336
2023-11-03 02:30:15,965 - fewshot_modelnet_transferring_features - INFO - [Validation] EPOCH: 103  acc = 92.5000
2023-11-03 02:30:17,518 - fewshot_modelnet_transferring_features - INFO - Save checkpoint at ./experiments/fewshot_modelnet_transferring_features/cfgs/LR_0.0015/ckpt-last.pth
2023-11-03 02:30:19,086 - fewshot_modelnet_transferring_features - INFO - [Training] EPOCH: 104 EpochTime = 1.566 (s) Losses = ['0.0123', '100.0000'] lr = 0.000323
2023-11-03 02:30:20,679 - fewshot_modelnet_transferring_features - INFO - [Validation] EPOCH: 104  acc = 92.5000
2023-11-03 02:30:22,825 - fewshot_modelnet_transferring_features - INFO - Save checkpoint at ./experiments/fewshot_modelnet_transferring_features/cfgs/LR_0.0015/ckpt-last.pth
2023-11-03 02:30:24,786 - fewshot_modelnet_transferring_features - INFO - [Training] EPOCH: 105 EpochTime = 1.958 (s) Losses = ['0.0129', '100.0000'] lr = 0.000310
2023-11-03 02:30:27,186 - fewshot_modelnet_transferring_features - INFO - [Validation] EPOCH: 105  acc = 93.0000
2023-11-03 02:30:29,166 - fewshot_modelnet_transferring_features - INFO - Save checkpoint at ./experiments/fewshot_modelnet_transferring_features/cfgs/LR_0.0015/ckpt-last.pth
2023-11-03 02:30:30,533 - fewshot_modelnet_transferring_features - INFO - [Training] EPOCH: 106 EpochTime = 1.365 (s) Losses = ['0.0143', '100.0000'] lr = 0.000297
2023-11-03 02:30:32,146 - fewshot_modelnet_transferring_features - INFO - [Validation] EPOCH: 106  acc = 93.5000
2023-11-03 02:30:33,727 - fewshot_modelnet_transferring_features - INFO - Save checkpoint at ./experiments/fewshot_modelnet_transferring_features/cfgs/LR_0.0015/ckpt-last.pth
2023-11-03 02:30:35,406 - fewshot_modelnet_transferring_features - INFO - [Training] EPOCH: 107 EpochTime = 1.677 (s) Losses = ['0.0210', '100.0000'] lr = 0.000285
2023-11-03 02:30:36,988 - fewshot_modelnet_transferring_features - INFO - [Validation] EPOCH: 107  acc = 94.0000
2023-11-03 02:30:38,513 - fewshot_modelnet_transferring_features - INFO - Save checkpoint at ./experiments/fewshot_modelnet_transferring_features/cfgs/LR_0.0015/ckpt-last.pth
2023-11-03 02:30:40,562 - fewshot_modelnet_transferring_features - INFO - [Training] EPOCH: 108 EpochTime = 2.047 (s) Losses = ['0.0154', '100.0000'] lr = 0.000273
2023-11-03 02:30:42,143 - fewshot_modelnet_transferring_features - INFO - [Validation] EPOCH: 108  acc = 94.0000
2023-11-03 02:30:43,698 - fewshot_modelnet_transferring_features - INFO - Save checkpoint at ./experiments/fewshot_modelnet_transferring_features/cfgs/LR_0.0015/ckpt-last.pth
2023-11-03 02:30:45,244 - fewshot_modelnet_transferring_features - INFO - [Training] EPOCH: 109 EpochTime = 1.545 (s) Losses = ['0.0156', '100.0000'] lr = 0.000261
2023-11-03 02:30:47,152 - fewshot_modelnet_transferring_features - INFO - [Validation] EPOCH: 109  acc = 94.5000
2023-11-03 02:30:48,661 - fewshot_modelnet_transferring_features - INFO - Save checkpoint at ./experiments/fewshot_modelnet_transferring_features/cfgs/LR_0.0015/ckpt-last.pth
2023-11-03 02:30:50,020 - fewshot_modelnet_transferring_features - INFO - [Training] EPOCH: 110 EpochTime = 1.357 (s) Losses = ['0.0153', '100.0000'] lr = 0.000249
2023-11-03 02:30:52,090 - fewshot_modelnet_transferring_features - INFO - [Validation] EPOCH: 110  acc = 94.5000
2023-11-03 02:30:53,653 - fewshot_modelnet_transferring_features - INFO - Save checkpoint at ./experiments/fewshot_modelnet_transferring_features/cfgs/LR_0.0015/ckpt-last.pth
2023-11-03 02:30:55,022 - fewshot_modelnet_transferring_features - INFO - [Training] EPOCH: 111 EpochTime = 1.368 (s) Losses = ['0.0144', '100.0000'] lr = 0.000237
2023-11-03 02:30:57,022 - fewshot_modelnet_transferring_features - INFO - [Validation] EPOCH: 111  acc = 94.5000
2023-11-03 02:30:58,643 - fewshot_modelnet_transferring_features - INFO - Save checkpoint at ./experiments/fewshot_modelnet_transferring_features/cfgs/LR_0.0015/ckpt-last.pth
2023-11-03 02:31:00,002 - fewshot_modelnet_transferring_features - INFO - [Training] EPOCH: 112 EpochTime = 1.357 (s) Losses = ['0.0097', '100.0000'] lr = 0.000226
2023-11-03 02:31:02,101 - fewshot_modelnet_transferring_features - INFO - [Validation] EPOCH: 112  acc = 94.5000
2023-11-03 02:31:03,692 - fewshot_modelnet_transferring_features - INFO - Save checkpoint at ./experiments/fewshot_modelnet_transferring_features/cfgs/LR_0.0015/ckpt-last.pth
2023-11-03 02:31:05,072 - fewshot_modelnet_transferring_features - INFO - [Training] EPOCH: 113 EpochTime = 1.378 (s) Losses = ['0.0118', '100.0000'] lr = 0.000215
2023-11-03 02:31:07,097 - fewshot_modelnet_transferring_features - INFO - [Validation] EPOCH: 113  acc = 94.5000
2023-11-03 02:31:08,901 - fewshot_modelnet_transferring_features - INFO - Save checkpoint at ./experiments/fewshot_modelnet_transferring_features/cfgs/LR_0.0015/ckpt-last.pth
2023-11-03 02:31:10,289 - fewshot_modelnet_transferring_features - INFO - [Training] EPOCH: 114 EpochTime = 1.387 (s) Losses = ['0.0060', '100.0000'] lr = 0.000204
2023-11-03 02:31:11,860 - fewshot_modelnet_transferring_features - INFO - [Validation] EPOCH: 114  acc = 94.5000
2023-11-03 02:31:13,461 - fewshot_modelnet_transferring_features - INFO - Save checkpoint at ./experiments/fewshot_modelnet_transferring_features/cfgs/LR_0.0015/ckpt-last.pth
2023-11-03 02:31:14,863 - fewshot_modelnet_transferring_features - INFO - [Training] EPOCH: 115 EpochTime = 1.401 (s) Losses = ['0.0133', '100.0000'] lr = 0.000194
2023-11-03 02:31:16,539 - fewshot_modelnet_transferring_features - INFO - [Validation] EPOCH: 115  acc = 94.5000
2023-11-03 02:31:18,157 - fewshot_modelnet_transferring_features - INFO - Save checkpoint at ./experiments/fewshot_modelnet_transferring_features/cfgs/LR_0.0015/ckpt-last.pth
2023-11-03 02:31:19,604 - fewshot_modelnet_transferring_features - INFO - [Training] EPOCH: 116 EpochTime = 1.444 (s) Losses = ['0.0168', '100.0000'] lr = 0.000183
2023-11-03 02:31:21,247 - fewshot_modelnet_transferring_features - INFO - [Validation] EPOCH: 116  acc = 94.5000
2023-11-03 02:31:22,853 - fewshot_modelnet_transferring_features - INFO - Save checkpoint at ./experiments/fewshot_modelnet_transferring_features/cfgs/LR_0.0015/ckpt-last.pth
2023-11-03 02:31:24,223 - fewshot_modelnet_transferring_features - INFO - [Training] EPOCH: 117 EpochTime = 1.369 (s) Losses = ['0.0143', '100.0000'] lr = 0.000173
2023-11-03 02:31:26,337 - fewshot_modelnet_transferring_features - INFO - [Validation] EPOCH: 117  acc = 94.5000
2023-11-03 02:31:27,969 - fewshot_modelnet_transferring_features - INFO - Save checkpoint at ./experiments/fewshot_modelnet_transferring_features/cfgs/LR_0.0015/ckpt-last.pth
2023-11-03 02:31:29,441 - fewshot_modelnet_transferring_features - INFO - [Training] EPOCH: 118 EpochTime = 1.471 (s) Losses = ['0.0125', '100.0000'] lr = 0.000163
2023-11-03 02:31:31,484 - fewshot_modelnet_transferring_features - INFO - [Validation] EPOCH: 118  acc = 94.5000
2023-11-03 02:31:33,073 - fewshot_modelnet_transferring_features - INFO - Save checkpoint at ./experiments/fewshot_modelnet_transferring_features/cfgs/LR_0.0015/ckpt-last.pth
2023-11-03 02:31:34,560 - fewshot_modelnet_transferring_features - INFO - [Training] EPOCH: 119 EpochTime = 1.485 (s) Losses = ['0.0144', '100.0000'] lr = 0.000154
2023-11-03 02:31:36,339 - fewshot_modelnet_transferring_features - INFO - [Validation] EPOCH: 119  acc = 95.0000
2023-11-03 02:31:37,797 - fewshot_modelnet_transferring_features - INFO - Save checkpoint at ./experiments/fewshot_modelnet_transferring_features/cfgs/LR_0.0015/ckpt-last.pth
2023-11-03 02:31:39,459 - fewshot_modelnet_transferring_features - INFO - [Training] EPOCH: 120 EpochTime = 1.660 (s) Losses = ['0.0137', '100.0000'] lr = 0.000144
2023-11-03 02:31:41,157 - fewshot_modelnet_transferring_features - INFO - [Validation] EPOCH: 120  acc = 94.5000
2023-11-03 02:31:42,643 - fewshot_modelnet_transferring_features - INFO - Save checkpoint at ./experiments/fewshot_modelnet_transferring_features/cfgs/LR_0.0015/ckpt-last.pth
2023-11-03 02:31:44,337 - fewshot_modelnet_transferring_features - INFO - [Training] EPOCH: 121 EpochTime = 1.692 (s) Losses = ['0.0128', '100.0000'] lr = 0.000135
2023-11-03 02:31:46,156 - fewshot_modelnet_transferring_features - INFO - [Validation] EPOCH: 121  acc = 94.5000
2023-11-03 02:31:47,754 - fewshot_modelnet_transferring_features - INFO - Save checkpoint at ./experiments/fewshot_modelnet_transferring_features/cfgs/LR_0.0015/ckpt-last.pth
2023-11-03 02:31:49,325 - fewshot_modelnet_transferring_features - INFO - [Training] EPOCH: 122 EpochTime = 1.568 (s) Losses = ['0.0105', '100.0000'] lr = 0.000126
2023-11-03 02:31:51,172 - fewshot_modelnet_transferring_features - INFO - [Validation] EPOCH: 122  acc = 95.0000
2023-11-03 02:31:52,688 - fewshot_modelnet_transferring_features - INFO - Save checkpoint at ./experiments/fewshot_modelnet_transferring_features/cfgs/LR_0.0015/ckpt-last.pth
2023-11-03 02:31:54,233 - fewshot_modelnet_transferring_features - INFO - [Training] EPOCH: 123 EpochTime = 1.543 (s) Losses = ['0.0107', '100.0000'] lr = 0.000118
2023-11-03 02:31:56,099 - fewshot_modelnet_transferring_features - INFO - [Validation] EPOCH: 123  acc = 94.5000
2023-11-03 02:31:57,655 - fewshot_modelnet_transferring_features - INFO - Save checkpoint at ./experiments/fewshot_modelnet_transferring_features/cfgs/LR_0.0015/ckpt-last.pth
2023-11-03 02:31:59,154 - fewshot_modelnet_transferring_features - INFO - [Training] EPOCH: 124 EpochTime = 1.497 (s) Losses = ['0.0144', '100.0000'] lr = 0.000109
2023-11-03 02:32:00,734 - fewshot_modelnet_transferring_features - INFO - [Validation] EPOCH: 124  acc = 94.5000
2023-11-03 02:32:02,345 - fewshot_modelnet_transferring_features - INFO - Save checkpoint at ./experiments/fewshot_modelnet_transferring_features/cfgs/LR_0.0015/ckpt-last.pth
2023-11-03 02:32:04,528 - fewshot_modelnet_transferring_features - INFO - [Training] EPOCH: 125 EpochTime = 2.181 (s) Losses = ['0.0114', '100.0000'] lr = 0.000101
2023-11-03 02:32:06,112 - fewshot_modelnet_transferring_features - INFO - [Validation] EPOCH: 125  acc = 95.0000
2023-11-03 02:32:07,828 - fewshot_modelnet_transferring_features - INFO - Save checkpoint at ./experiments/fewshot_modelnet_transferring_features/cfgs/LR_0.0015/ckpt-last.pth
2023-11-03 02:32:09,375 - fewshot_modelnet_transferring_features - INFO - [Training] EPOCH: 126 EpochTime = 1.545 (s) Losses = ['0.0072', '100.0000'] lr = 0.000094
2023-11-03 02:32:11,201 - fewshot_modelnet_transferring_features - INFO - [Validation] EPOCH: 126  acc = 95.0000
2023-11-03 02:32:12,790 - fewshot_modelnet_transferring_features - INFO - Save checkpoint at ./experiments/fewshot_modelnet_transferring_features/cfgs/LR_0.0015/ckpt-last.pth
2023-11-03 02:32:14,293 - fewshot_modelnet_transferring_features - INFO - [Training] EPOCH: 127 EpochTime = 1.501 (s) Losses = ['0.0110', '100.0000'] lr = 0.000086
2023-11-03 02:32:16,078 - fewshot_modelnet_transferring_features - INFO - [Validation] EPOCH: 127  acc = 95.0000
2023-11-03 02:32:17,684 - fewshot_modelnet_transferring_features - INFO - Save checkpoint at ./experiments/fewshot_modelnet_transferring_features/cfgs/LR_0.0015/ckpt-last.pth
2023-11-03 02:32:19,135 - fewshot_modelnet_transferring_features - INFO - [Training] EPOCH: 128 EpochTime = 1.449 (s) Losses = ['0.0109', '100.0000'] lr = 0.000079
2023-11-03 02:32:21,219 - fewshot_modelnet_transferring_features - INFO - [Validation] EPOCH: 128  acc = 95.5000
2023-11-03 02:32:22,715 - fewshot_modelnet_transferring_features - INFO - Save checkpoint at ./experiments/fewshot_modelnet_transferring_features/cfgs/LR_0.0015/ckpt-last.pth
2023-11-03 02:32:24,114 - fewshot_modelnet_transferring_features - INFO - [Training] EPOCH: 129 EpochTime = 1.397 (s) Losses = ['0.0069', '100.0000'] lr = 0.000072
2023-11-03 02:32:26,082 - fewshot_modelnet_transferring_features - INFO - [Validation] EPOCH: 129  acc = 95.0000
2023-11-03 02:32:27,554 - fewshot_modelnet_transferring_features - INFO - Save checkpoint at ./experiments/fewshot_modelnet_transferring_features/cfgs/LR_0.0015/ckpt-last.pth
2023-11-03 02:32:28,946 - fewshot_modelnet_transferring_features - INFO - [Training] EPOCH: 130 EpochTime = 1.390 (s) Losses = ['0.0132', '100.0000'] lr = 0.000066
2023-11-03 02:32:30,783 - fewshot_modelnet_transferring_features - INFO - [Validation] EPOCH: 130  acc = 95.5000
2023-11-03 02:32:32,371 - fewshot_modelnet_transferring_features - INFO - Save checkpoint at ./experiments/fewshot_modelnet_transferring_features/cfgs/LR_0.0015/ckpt-last.pth
2023-11-03 02:32:33,810 - fewshot_modelnet_transferring_features - INFO - [Training] EPOCH: 131 EpochTime = 1.436 (s) Losses = ['0.0109', '100.0000'] lr = 0.000060
2023-11-03 02:32:35,650 - fewshot_modelnet_transferring_features - INFO - [Validation] EPOCH: 131  acc = 95.5000
2023-11-03 02:32:37,251 - fewshot_modelnet_transferring_features - INFO - Save checkpoint at ./experiments/fewshot_modelnet_transferring_features/cfgs/LR_0.0015/ckpt-last.pth
2023-11-03 02:32:38,693 - fewshot_modelnet_transferring_features - INFO - [Training] EPOCH: 132 EpochTime = 1.439 (s) Losses = ['0.0078', '100.0000'] lr = 0.000054
2023-11-03 02:32:40,481 - fewshot_modelnet_transferring_features - INFO - [Validation] EPOCH: 132  acc = 95.5000
2023-11-03 02:32:42,088 - fewshot_modelnet_transferring_features - INFO - Save checkpoint at ./experiments/fewshot_modelnet_transferring_features/cfgs/LR_0.0015/ckpt-last.pth
2023-11-03 02:32:43,551 - fewshot_modelnet_transferring_features - INFO - [Training] EPOCH: 133 EpochTime = 1.462 (s) Losses = ['0.0094', '100.0000'] lr = 0.000048
2023-11-03 02:32:45,607 - fewshot_modelnet_transferring_features - INFO - [Validation] EPOCH: 133  acc = 95.0000
2023-11-03 02:32:47,143 - fewshot_modelnet_transferring_features - INFO - Save checkpoint at ./experiments/fewshot_modelnet_transferring_features/cfgs/LR_0.0015/ckpt-last.pth
2023-11-03 02:32:48,510 - fewshot_modelnet_transferring_features - INFO - [Training] EPOCH: 134 EpochTime = 1.365 (s) Losses = ['0.0100', '100.0000'] lr = 0.000043
2023-11-03 02:32:50,686 - fewshot_modelnet_transferring_features - INFO - [Validation] EPOCH: 134  acc = 94.5000
2023-11-03 02:32:52,226 - fewshot_modelnet_transferring_features - INFO - Save checkpoint at ./experiments/fewshot_modelnet_transferring_features/cfgs/LR_0.0015/ckpt-last.pth
2023-11-03 02:32:53,616 - fewshot_modelnet_transferring_features - INFO - [Training] EPOCH: 135 EpochTime = 1.388 (s) Losses = ['0.0067', '100.0000'] lr = 0.000038
2023-11-03 02:32:55,581 - fewshot_modelnet_transferring_features - INFO - [Validation] EPOCH: 135  acc = 95.5000
2023-11-03 02:32:58,175 - fewshot_modelnet_transferring_features - INFO - Save checkpoint at ./experiments/fewshot_modelnet_transferring_features/cfgs/LR_0.0015/ckpt-last.pth
2023-11-03 02:32:59,625 - fewshot_modelnet_transferring_features - INFO - [Training] EPOCH: 136 EpochTime = 1.448 (s) Losses = ['0.0098', '100.0000'] lr = 0.000033
2023-11-03 02:33:01,609 - fewshot_modelnet_transferring_features - INFO - [Validation] EPOCH: 136  acc = 95.5000
2023-11-03 02:33:03,329 - fewshot_modelnet_transferring_features - INFO - Save checkpoint at ./experiments/fewshot_modelnet_transferring_features/cfgs/LR_0.0015/ckpt-last.pth
2023-11-03 02:33:04,737 - fewshot_modelnet_transferring_features - INFO - [Training] EPOCH: 137 EpochTime = 1.406 (s) Losses = ['0.0116', '100.0000'] lr = 0.000029
2023-11-03 02:33:06,508 - fewshot_modelnet_transferring_features - INFO - [Validation] EPOCH: 137  acc = 95.0000
2023-11-03 02:33:08,291 - fewshot_modelnet_transferring_features - INFO - Save checkpoint at ./experiments/fewshot_modelnet_transferring_features/cfgs/LR_0.0015/ckpt-last.pth
2023-11-03 02:33:09,643 - fewshot_modelnet_transferring_features - INFO - [Training] EPOCH: 138 EpochTime = 1.350 (s) Losses = ['0.0063', '100.0000'] lr = 0.000025
2023-11-03 02:33:11,726 - fewshot_modelnet_transferring_features - INFO - [Validation] EPOCH: 138  acc = 95.5000
2023-11-03 02:33:13,350 - fewshot_modelnet_transferring_features - INFO - Save checkpoint at ./experiments/fewshot_modelnet_transferring_features/cfgs/LR_0.0015/ckpt-last.pth
2023-11-03 02:33:14,795 - fewshot_modelnet_transferring_features - INFO - [Training] EPOCH: 139 EpochTime = 1.443 (s) Losses = ['0.0184', '100.0000'] lr = 0.000021
2023-11-03 02:33:16,957 - fewshot_modelnet_transferring_features - INFO - [Validation] EPOCH: 139  acc = 94.5000
2023-11-03 02:33:18,489 - fewshot_modelnet_transferring_features - INFO - Save checkpoint at ./experiments/fewshot_modelnet_transferring_features/cfgs/LR_0.0015/ckpt-last.pth
2023-11-03 02:33:19,895 - fewshot_modelnet_transferring_features - INFO - [Training] EPOCH: 140 EpochTime = 1.404 (s) Losses = ['0.0069', '100.0000'] lr = 0.000017
2023-11-03 02:33:21,816 - fewshot_modelnet_transferring_features - INFO - [Validation] EPOCH: 140  acc = 94.5000
2023-11-03 02:33:23,580 - fewshot_modelnet_transferring_features - INFO - Save checkpoint at ./experiments/fewshot_modelnet_transferring_features/cfgs/LR_0.0015/ckpt-last.pth
2023-11-03 02:33:24,984 - fewshot_modelnet_transferring_features - INFO - [Training] EPOCH: 141 EpochTime = 1.402 (s) Losses = ['0.0140', '100.0000'] lr = 0.000014
2023-11-03 02:33:26,842 - fewshot_modelnet_transferring_features - INFO - [Validation] EPOCH: 141  acc = 95.0000
2023-11-03 02:33:28,589 - fewshot_modelnet_transferring_features - INFO - Save checkpoint at ./experiments/fewshot_modelnet_transferring_features/cfgs/LR_0.0015/ckpt-last.pth
2023-11-03 02:33:30,294 - fewshot_modelnet_transferring_features - INFO - Save checkpoint at ./experiments/fewshot_modelnet_transferring_features/cfgs/LR_0.0015/ckpt-epoch-141.pth
2023-11-03 02:33:32,063 - fewshot_modelnet_transferring_features - INFO - [Training] EPOCH: 142 EpochTime = 1.768 (s) Losses = ['0.0137', '100.0000'] lr = 0.000011
2023-11-03 02:33:33,677 - fewshot_modelnet_transferring_features - INFO - [Validation] EPOCH: 142  acc = 94.5000
2023-11-03 02:33:35,382 - fewshot_modelnet_transferring_features - INFO - Save checkpoint at ./experiments/fewshot_modelnet_transferring_features/cfgs/LR_0.0015/ckpt-last.pth
2023-11-03 02:33:37,059 - fewshot_modelnet_transferring_features - INFO - Save checkpoint at ./experiments/fewshot_modelnet_transferring_features/cfgs/LR_0.0015/ckpt-epoch-142.pth
2023-11-03 02:33:39,033 - fewshot_modelnet_transferring_features - INFO - [Training] EPOCH: 143 EpochTime = 1.973 (s) Losses = ['0.0070', '100.0000'] lr = 0.000009
2023-11-03 02:33:40,716 - fewshot_modelnet_transferring_features - INFO - [Validation] EPOCH: 143  acc = 94.5000
2023-11-03 02:33:42,982 - fewshot_modelnet_transferring_features - INFO - Save checkpoint at ./experiments/fewshot_modelnet_transferring_features/cfgs/LR_0.0015/ckpt-last.pth
2023-11-03 02:33:44,682 - fewshot_modelnet_transferring_features - INFO - Save checkpoint at ./experiments/fewshot_modelnet_transferring_features/cfgs/LR_0.0015/ckpt-epoch-143.pth
2023-11-03 02:33:46,137 - fewshot_modelnet_transferring_features - INFO - [Training] EPOCH: 144 EpochTime = 1.454 (s) Losses = ['0.0124', '100.0000'] lr = 0.000007
2023-11-03 02:33:48,232 - fewshot_modelnet_transferring_features - INFO - [Validation] EPOCH: 144  acc = 94.5000
2023-11-03 02:33:49,752 - fewshot_modelnet_transferring_features - INFO - Save checkpoint at ./experiments/fewshot_modelnet_transferring_features/cfgs/LR_0.0015/ckpt-last.pth
2023-11-03 02:33:52,294 - fewshot_modelnet_transferring_features - INFO - Save checkpoint at ./experiments/fewshot_modelnet_transferring_features/cfgs/LR_0.0015/ckpt-epoch-144.pth
2023-11-03 02:33:53,822 - fewshot_modelnet_transferring_features - INFO - [Training] EPOCH: 145 EpochTime = 1.525 (s) Losses = ['0.0097', '100.0000'] lr = 0.000005
2023-11-03 02:33:55,608 - fewshot_modelnet_transferring_features - INFO - [Validation] EPOCH: 145  acc = 94.5000
2023-11-03 02:33:57,207 - fewshot_modelnet_transferring_features - INFO - Save checkpoint at ./experiments/fewshot_modelnet_transferring_features/cfgs/LR_0.0015/ckpt-last.pth
2023-11-03 02:33:58,686 - fewshot_modelnet_transferring_features - INFO - Save checkpoint at ./experiments/fewshot_modelnet_transferring_features/cfgs/LR_0.0015/ckpt-epoch-145.pth
2023-11-03 02:34:00,075 - fewshot_modelnet_transferring_features - INFO - [Training] EPOCH: 146 EpochTime = 1.388 (s) Losses = ['0.0102', '100.0000'] lr = 0.000004
2023-11-03 02:34:02,094 - fewshot_modelnet_transferring_features - INFO - [Validation] EPOCH: 146  acc = 95.5000
2023-11-03 02:34:03,607 - fewshot_modelnet_transferring_features - INFO - Save checkpoint at ./experiments/fewshot_modelnet_transferring_features/cfgs/LR_0.0015/ckpt-last.pth
2023-11-03 02:34:05,867 - fewshot_modelnet_transferring_features - INFO - Save checkpoint at ./experiments/fewshot_modelnet_transferring_features/cfgs/LR_0.0015/ckpt-epoch-146.pth
2023-11-03 02:34:07,346 - fewshot_modelnet_transferring_features - INFO - [Training] EPOCH: 147 EpochTime = 1.478 (s) Losses = ['0.0253', '98.9583'] lr = 0.000002
2023-11-03 02:34:09,171 - fewshot_modelnet_transferring_features - INFO - [Validation] EPOCH: 147  acc = 95.5000
2023-11-03 02:34:10,832 - fewshot_modelnet_transferring_features - INFO - Save checkpoint at ./experiments/fewshot_modelnet_transferring_features/cfgs/LR_0.0015/ckpt-last.pth
2023-11-03 02:34:12,433 - fewshot_modelnet_transferring_features - INFO - Save checkpoint at ./experiments/fewshot_modelnet_transferring_features/cfgs/LR_0.0015/ckpt-epoch-147.pth
2023-11-03 02:34:13,898 - fewshot_modelnet_transferring_features - INFO - [Training] EPOCH: 148 EpochTime = 1.463 (s) Losses = ['0.0173', '100.0000'] lr = 0.000002
2023-11-03 02:34:15,987 - fewshot_modelnet_transferring_features - INFO - [Validation] EPOCH: 148  acc = 95.5000
2023-11-03 02:34:17,548 - fewshot_modelnet_transferring_features - INFO - Save checkpoint at ./experiments/fewshot_modelnet_transferring_features/cfgs/LR_0.0015/ckpt-last.pth
2023-11-03 02:34:20,200 - fewshot_modelnet_transferring_features - INFO - Save checkpoint at ./experiments/fewshot_modelnet_transferring_features/cfgs/LR_0.0015/ckpt-epoch-148.pth
2023-11-03 02:34:21,856 - fewshot_modelnet_transferring_features - INFO - [Training] EPOCH: 149 EpochTime = 1.654 (s) Losses = ['0.0117', '100.0000'] lr = 0.000001
2023-11-03 02:34:23,461 - fewshot_modelnet_transferring_features - INFO - [Validation] EPOCH: 149  acc = 95.5000
2023-11-03 02:34:25,022 - fewshot_modelnet_transferring_features - INFO - Save checkpoint at ./experiments/fewshot_modelnet_transferring_features/cfgs/LR_0.0015/ckpt-last.pth
2023-11-03 02:34:26,605 - fewshot_modelnet_transferring_features - INFO - Save checkpoint at ./experiments/fewshot_modelnet_transferring_features/cfgs/LR_0.0015/ckpt-epoch-149.pth
2023-11-03 02:34:28,047 - fewshot_modelnet_transferring_features - INFO - [Training] EPOCH: 150 EpochTime = 1.440 (s) Losses = ['0.0107', '100.0000'] lr = 0.000001
2023-11-03 02:34:30,039 - fewshot_modelnet_transferring_features - INFO - [Validation] EPOCH: 150  acc = 95.0000
2023-11-03 02:34:31,678 - fewshot_modelnet_transferring_features - INFO - Save checkpoint at ./experiments/fewshot_modelnet_transferring_features/cfgs/LR_0.0015/ckpt-last.pth
2023-11-03 02:34:33,328 - fewshot_modelnet_transferring_features - INFO - Save checkpoint at ./experiments/fewshot_modelnet_transferring_features/cfgs/LR_0.0015/ckpt-epoch-150.pth
