2023-09-27 10:03:31,104 - fewshot_modelnet_transferring_features - INFO - Copy the Config file from cfgs/fewshot_modelnet_transferring_features.yaml to ./experiments/fewshot_modelnet_transferring_features/cfgs/LR_0.0007/config.yaml
2023-09-27 10:03:31,105 - fewshot_modelnet_transferring_features - INFO - args.config : cfgs/fewshot_modelnet_transferring_features.yaml
2023-09-27 10:03:31,105 - fewshot_modelnet_transferring_features - INFO - args.launcher : none
2023-09-27 10:03:31,105 - fewshot_modelnet_transferring_features - INFO - args.local_rank : 0
2023-09-27 10:03:31,105 - fewshot_modelnet_transferring_features - INFO - args.num_workers : 8
2023-09-27 10:03:31,105 - fewshot_modelnet_transferring_features - INFO - args.seed : 0
2023-09-27 10:03:31,105 - fewshot_modelnet_transferring_features - INFO - args.deterministic : False
2023-09-27 10:03:31,105 - fewshot_modelnet_transferring_features - INFO - args.sync_bn : True
2023-09-27 10:03:31,105 - fewshot_modelnet_transferring_features - INFO - args.update_weights_every : 1
2023-09-27 10:03:31,105 - fewshot_modelnet_transferring_features - INFO - args.main_task : 0
2023-09-27 10:03:31,105 - fewshot_modelnet_transferring_features - INFO - args.nashmtl_optim_niter : 20
2023-09-27 10:03:31,105 - fewshot_modelnet_transferring_features - INFO - args.c : 0.4
2023-09-27 10:03:31,106 - fewshot_modelnet_transferring_features - INFO - args.dwa_temp : 2.0
2023-09-27 10:03:31,106 - fewshot_modelnet_transferring_features - INFO - args.method_params_lr : 0.025
2023-09-27 10:03:31,106 - fewshot_modelnet_transferring_features - INFO - args.method : nashmtl
2023-09-27 10:03:31,106 - fewshot_modelnet_transferring_features - INFO - args.gpu : 5
2023-09-27 10:03:31,106 - fewshot_modelnet_transferring_features - INFO - args.large_group : 5
2023-09-27 10:03:31,106 - fewshot_modelnet_transferring_features - INFO - args.small_group : 10
2023-09-27 10:03:31,106 - fewshot_modelnet_transferring_features - INFO - args.large_patch : 6
2023-09-27 10:03:31,106 - fewshot_modelnet_transferring_features - INFO - args.small_patch : 3
2023-09-27 10:03:31,106 - fewshot_modelnet_transferring_features - INFO - args.queue_length : 8192
2023-09-27 10:03:31,106 - fewshot_modelnet_transferring_features - INFO - args.epoch_queue_starts : 10
2023-09-27 10:03:31,106 - fewshot_modelnet_transferring_features - INFO - args.nmb_crops : [5, 10]
2023-09-27 10:03:31,107 - fewshot_modelnet_transferring_features - INFO - args.fea_dim : 384
2023-09-27 10:03:31,107 - fewshot_modelnet_transferring_features - INFO - args.hidden_mlp : 256
2023-09-27 10:03:31,107 - fewshot_modelnet_transferring_features - INFO - args.output_dim : 128
2023-09-27 10:03:31,107 - fewshot_modelnet_transferring_features - INFO - args.nmb_prototypes : 200
2023-09-27 10:03:31,107 - fewshot_modelnet_transferring_features - INFO - args.temperature : 0.1
2023-09-27 10:03:31,107 - fewshot_modelnet_transferring_features - INFO - args.epsilon : 0.05
2023-09-27 10:03:31,107 - fewshot_modelnet_transferring_features - INFO - args.sinkhorn_iterations : 3
2023-09-27 10:03:31,107 - fewshot_modelnet_transferring_features - INFO - args.world_size : 1
2023-09-27 10:03:31,107 - fewshot_modelnet_transferring_features - INFO - args.exp_name : LR_0.0007
2023-09-27 10:03:31,107 - fewshot_modelnet_transferring_features - INFO - args.loss : cd1
2023-09-27 10:03:31,107 - fewshot_modelnet_transferring_features - INFO - args.start_ckpts : None
2023-09-27 10:03:31,107 - fewshot_modelnet_transferring_features - INFO - args.ckpts : ./experiments/pretrain_MaskSurf/cfgs/add_as_normal/ckpt-last.pth
2023-09-27 10:03:31,108 - fewshot_modelnet_transferring_features - INFO - args.val_freq : 1
2023-09-27 10:03:31,108 - fewshot_modelnet_transferring_features - INFO - args.vote : False
2023-09-27 10:03:31,108 - fewshot_modelnet_transferring_features - INFO - args.resume : False
2023-09-27 10:03:31,108 - fewshot_modelnet_transferring_features - INFO - args.test : False
2023-09-27 10:03:31,108 - fewshot_modelnet_transferring_features - INFO - args.finetune_model : True
2023-09-27 10:03:31,108 - fewshot_modelnet_transferring_features - INFO - args.scratch_model : False
2023-09-27 10:03:31,108 - fewshot_modelnet_transferring_features - INFO - args.mode : None
2023-09-27 10:03:31,108 - fewshot_modelnet_transferring_features - INFO - args.way : 5
2023-09-27 10:03:31,108 - fewshot_modelnet_transferring_features - INFO - args.shot : 10
2023-09-27 10:03:31,108 - fewshot_modelnet_transferring_features - INFO - args.fold : 5
2023-09-27 10:03:31,108 - fewshot_modelnet_transferring_features - INFO - args.experiment_path : ./experiments/fewshot_modelnet_transferring_features/cfgs/LR_0.0007
2023-09-27 10:03:31,108 - fewshot_modelnet_transferring_features - INFO - args.tfboard_path : ./experiments/fewshot_modelnet_transferring_features/cfgs/TFBoard/LR_0.0007
2023-09-27 10:03:31,109 - fewshot_modelnet_transferring_features - INFO - args.log_name : fewshot_modelnet_transferring_features
2023-09-27 10:03:31,109 - fewshot_modelnet_transferring_features - INFO - args.use_gpu : True
2023-09-27 10:03:31,109 - fewshot_modelnet_transferring_features - INFO - args.distributed : False
2023-09-27 10:03:31,109 - fewshot_modelnet_transferring_features - INFO - config.optimizer = edict()
2023-09-27 10:03:31,109 - fewshot_modelnet_transferring_features - INFO - config.optimizer.type : AdamW
2023-09-27 10:03:31,109 - fewshot_modelnet_transferring_features - INFO - config.optimizer.part : all
2023-09-27 10:03:31,109 - fewshot_modelnet_transferring_features - INFO - config.optimizer.kwargs = edict()
2023-09-27 10:03:31,109 - fewshot_modelnet_transferring_features - INFO - config.optimizer.kwargs.lr : 0.0007
2023-09-27 10:03:31,109 - fewshot_modelnet_transferring_features - INFO - config.optimizer.kwargs.weight_decay : 0.05
2023-09-27 10:03:31,109 - fewshot_modelnet_transferring_features - INFO - config.scheduler = edict()
2023-09-27 10:03:31,109 - fewshot_modelnet_transferring_features - INFO - config.scheduler.type : CosLR
2023-09-27 10:03:31,110 - fewshot_modelnet_transferring_features - INFO - config.scheduler.kwargs = edict()
2023-09-27 10:03:31,110 - fewshot_modelnet_transferring_features - INFO - config.scheduler.kwargs.epochs : 150
2023-09-27 10:03:31,110 - fewshot_modelnet_transferring_features - INFO - config.scheduler.kwargs.initial_epochs : 10
2023-09-27 10:03:31,110 - fewshot_modelnet_transferring_features - INFO - config.dataset = edict()
2023-09-27 10:03:31,110 - fewshot_modelnet_transferring_features - INFO - config.dataset.train = edict()
2023-09-27 10:03:31,110 - fewshot_modelnet_transferring_features - INFO - config.dataset.train._base_ = edict()
2023-09-27 10:03:31,110 - fewshot_modelnet_transferring_features - INFO - config.dataset.train._base_.NAME : ModelNetFewShot
2023-09-27 10:03:31,110 - fewshot_modelnet_transferring_features - INFO - config.dataset.train._base_.DATA_PATH : data/ModelNetFewshot
2023-09-27 10:03:31,110 - fewshot_modelnet_transferring_features - INFO - config.dataset.train._base_.N_POINTS : 8192
2023-09-27 10:03:31,110 - fewshot_modelnet_transferring_features - INFO - config.dataset.train._base_.NUM_CATEGORY : 40
2023-09-27 10:03:31,110 - fewshot_modelnet_transferring_features - INFO - config.dataset.train._base_.USE_NORMALS : False
2023-09-27 10:03:31,110 - fewshot_modelnet_transferring_features - INFO - config.dataset.train.others = edict()
2023-09-27 10:03:31,111 - fewshot_modelnet_transferring_features - INFO - config.dataset.train.others.subset : train
2023-09-27 10:03:31,111 - fewshot_modelnet_transferring_features - INFO - config.dataset.train.others.bs : 32
2023-09-27 10:03:31,111 - fewshot_modelnet_transferring_features - INFO - config.dataset.val = edict()
2023-09-27 10:03:31,111 - fewshot_modelnet_transferring_features - INFO - config.dataset.val._base_ = edict()
2023-09-27 10:03:31,111 - fewshot_modelnet_transferring_features - INFO - config.dataset.val._base_.NAME : ModelNetFewShot
2023-09-27 10:03:31,111 - fewshot_modelnet_transferring_features - INFO - config.dataset.val._base_.DATA_PATH : data/ModelNetFewshot
2023-09-27 10:03:31,111 - fewshot_modelnet_transferring_features - INFO - config.dataset.val._base_.N_POINTS : 8192
2023-09-27 10:03:31,111 - fewshot_modelnet_transferring_features - INFO - config.dataset.val._base_.NUM_CATEGORY : 40
2023-09-27 10:03:31,111 - fewshot_modelnet_transferring_features - INFO - config.dataset.val._base_.USE_NORMALS : False
2023-09-27 10:03:31,111 - fewshot_modelnet_transferring_features - INFO - config.dataset.val.others = edict()
2023-09-27 10:03:31,112 - fewshot_modelnet_transferring_features - INFO - config.dataset.val.others.subset : test
2023-09-27 10:03:31,112 - fewshot_modelnet_transferring_features - INFO - config.dataset.val.others.bs : 64
2023-09-27 10:03:31,112 - fewshot_modelnet_transferring_features - INFO - config.dataset.test = edict()
2023-09-27 10:03:31,112 - fewshot_modelnet_transferring_features - INFO - config.dataset.test._base_ = edict()
2023-09-27 10:03:31,112 - fewshot_modelnet_transferring_features - INFO - config.dataset.test._base_.NAME : ModelNet
2023-09-27 10:03:31,112 - fewshot_modelnet_transferring_features - INFO - config.dataset.test._base_.DATA_PATH : data/ModelNet/modelnet40_normal_resampled
2023-09-27 10:03:31,112 - fewshot_modelnet_transferring_features - INFO - config.dataset.test._base_.N_POINTS : 8192
2023-09-27 10:03:31,112 - fewshot_modelnet_transferring_features - INFO - config.dataset.test._base_.NUM_CATEGORY : 40
2023-09-27 10:03:31,112 - fewshot_modelnet_transferring_features - INFO - config.dataset.test._base_.USE_NORMALS : False
2023-09-27 10:03:31,112 - fewshot_modelnet_transferring_features - INFO - config.dataset.test.others = edict()
2023-09-27 10:03:31,112 - fewshot_modelnet_transferring_features - INFO - config.dataset.test.others.subset : test
2023-09-27 10:03:31,112 - fewshot_modelnet_transferring_features - INFO - config.dataset.test.others.bs : 32
2023-09-27 10:03:31,113 - fewshot_modelnet_transferring_features - INFO - config.model = edict()
2023-09-27 10:03:31,113 - fewshot_modelnet_transferring_features - INFO - config.model.NAME : PointTransformer
2023-09-27 10:03:31,113 - fewshot_modelnet_transferring_features - INFO - config.model.trans_dim : 384
2023-09-27 10:03:31,113 - fewshot_modelnet_transferring_features - INFO - config.model.depth : 12
2023-09-27 10:03:31,113 - fewshot_modelnet_transferring_features - INFO - config.model.drop_path_rate : 0.1
2023-09-27 10:03:31,113 - fewshot_modelnet_transferring_features - INFO - config.model.cls_dim : 15
2023-09-27 10:03:31,113 - fewshot_modelnet_transferring_features - INFO - config.model.num_heads : 6
2023-09-27 10:03:31,113 - fewshot_modelnet_transferring_features - INFO - config.model.group_size : 32
2023-09-27 10:03:31,113 - fewshot_modelnet_transferring_features - INFO - config.model.num_group : 64
2023-09-27 10:03:31,113 - fewshot_modelnet_transferring_features - INFO - config.model.encoder_dims : 384
2023-09-27 10:03:31,113 - fewshot_modelnet_transferring_features - INFO - config.npoints : 1024
2023-09-27 10:03:31,113 - fewshot_modelnet_transferring_features - INFO - config.total_bs : 32
2023-09-27 10:03:31,113 - fewshot_modelnet_transferring_features - INFO - config.step_per_update : 1
2023-09-27 10:03:31,114 - fewshot_modelnet_transferring_features - INFO - config.max_epoch : 150
2023-09-27 10:03:31,114 - fewshot_modelnet_transferring_features - INFO - config.grad_norm_clip : 10
2023-09-27 10:03:31,114 - fewshot_modelnet_transferring_features - INFO - Distributed training: False
2023-09-27 10:03:31,114 - fewshot_modelnet_transferring_features - INFO - Set random seed to 0, deterministic: False
2023-09-27 10:03:33,864 - fewshot_modelnet_transferring_features - INFO - Using Data parallel ...
2023-09-27 10:03:38,865 - fewshot_modelnet_transferring_features - INFO - [Training] EPOCH: 0 EpochTime = 4.995 (s) Losses = ['2.7714', '3.1250'] lr = 0.000001
2023-09-27 10:03:41,472 - fewshot_modelnet_transferring_features - INFO - Save checkpoint at ./experiments/fewshot_modelnet_transferring_features/cfgs/LR_0.0007/ckpt-last.pth
2023-09-27 10:03:42,381 - fewshot_modelnet_transferring_features - INFO - [Training] EPOCH: 1 EpochTime = 0.907 (s) Losses = ['2.6071', '12.5000'] lr = 0.000071
2023-09-27 10:03:44,482 - fewshot_modelnet_transferring_features - INFO - [Validation] EPOCH: 1  acc = 18.0000
2023-09-27 10:03:46,858 - fewshot_modelnet_transferring_features - INFO - Save checkpoint at ./experiments/fewshot_modelnet_transferring_features/cfgs/LR_0.0007/ckpt-best.pth
2023-09-27 10:03:46,859 - fewshot_modelnet_transferring_features - INFO - --------------------------------------------------------------------------------------------
2023-09-27 10:03:48,639 - fewshot_modelnet_transferring_features - INFO - Save checkpoint at ./experiments/fewshot_modelnet_transferring_features/cfgs/LR_0.0007/ckpt-last.pth
2023-09-27 10:03:49,588 - fewshot_modelnet_transferring_features - INFO - [Training] EPOCH: 2 EpochTime = 0.947 (s) Losses = ['2.7009', '12.5000'] lr = 0.000141
2023-09-27 10:03:50,590 - fewshot_modelnet_transferring_features - INFO - [Validation] EPOCH: 2  acc = 18.0000
2023-09-27 10:03:52,295 - fewshot_modelnet_transferring_features - INFO - Save checkpoint at ./experiments/fewshot_modelnet_transferring_features/cfgs/LR_0.0007/ckpt-last.pth
2023-09-27 10:03:53,230 - fewshot_modelnet_transferring_features - INFO - [Training] EPOCH: 3 EpochTime = 0.933 (s) Losses = ['2.8168', '6.2500'] lr = 0.000211
2023-09-27 10:03:54,401 - fewshot_modelnet_transferring_features - INFO - [Validation] EPOCH: 3  acc = 19.0000
2023-09-27 10:03:56,027 - fewshot_modelnet_transferring_features - INFO - Save checkpoint at ./experiments/fewshot_modelnet_transferring_features/cfgs/LR_0.0007/ckpt-best.pth
2023-09-27 10:03:56,027 - fewshot_modelnet_transferring_features - INFO - --------------------------------------------------------------------------------------------
2023-09-27 10:03:58,797 - fewshot_modelnet_transferring_features - INFO - Save checkpoint at ./experiments/fewshot_modelnet_transferring_features/cfgs/LR_0.0007/ckpt-last.pth
2023-09-27 10:03:59,695 - fewshot_modelnet_transferring_features - INFO - [Training] EPOCH: 4 EpochTime = 0.895 (s) Losses = ['2.5851', '9.3750'] lr = 0.000281
2023-09-27 10:04:00,651 - fewshot_modelnet_transferring_features - INFO - [Validation] EPOCH: 4  acc = 21.0000
2023-09-27 10:04:02,972 - fewshot_modelnet_transferring_features - INFO - Save checkpoint at ./experiments/fewshot_modelnet_transferring_features/cfgs/LR_0.0007/ckpt-best.pth
2023-09-27 10:04:02,973 - fewshot_modelnet_transferring_features - INFO - --------------------------------------------------------------------------------------------
2023-09-27 10:04:04,526 - fewshot_modelnet_transferring_features - INFO - Save checkpoint at ./experiments/fewshot_modelnet_transferring_features/cfgs/LR_0.0007/ckpt-last.pth
2023-09-27 10:04:05,527 - fewshot_modelnet_transferring_features - INFO - [Training] EPOCH: 5 EpochTime = 0.999 (s) Losses = ['2.4225', '18.7500'] lr = 0.000351
2023-09-27 10:04:06,710 - fewshot_modelnet_transferring_features - INFO - [Validation] EPOCH: 5  acc = 27.0000
2023-09-27 10:04:08,348 - fewshot_modelnet_transferring_features - INFO - Save checkpoint at ./experiments/fewshot_modelnet_transferring_features/cfgs/LR_0.0007/ckpt-best.pth
2023-09-27 10:04:08,348 - fewshot_modelnet_transferring_features - INFO - --------------------------------------------------------------------------------------------
2023-09-27 10:04:11,027 - fewshot_modelnet_transferring_features - INFO - Save checkpoint at ./experiments/fewshot_modelnet_transferring_features/cfgs/LR_0.0007/ckpt-last.pth
2023-09-27 10:04:12,218 - fewshot_modelnet_transferring_features - INFO - [Training] EPOCH: 6 EpochTime = 1.189 (s) Losses = ['2.3162', '28.1250'] lr = 0.000420
2023-09-27 10:04:13,259 - fewshot_modelnet_transferring_features - INFO - [Validation] EPOCH: 6  acc = 41.0000
2023-09-27 10:04:14,938 - fewshot_modelnet_transferring_features - INFO - Save checkpoint at ./experiments/fewshot_modelnet_transferring_features/cfgs/LR_0.0007/ckpt-best.pth
2023-09-27 10:04:14,938 - fewshot_modelnet_transferring_features - INFO - --------------------------------------------------------------------------------------------
2023-09-27 10:04:17,086 - fewshot_modelnet_transferring_features - INFO - Save checkpoint at ./experiments/fewshot_modelnet_transferring_features/cfgs/LR_0.0007/ckpt-last.pth
2023-09-27 10:04:18,253 - fewshot_modelnet_transferring_features - INFO - [Training] EPOCH: 7 EpochTime = 1.163 (s) Losses = ['2.0404', '46.8750'] lr = 0.000490
2023-09-27 10:04:19,326 - fewshot_modelnet_transferring_features - INFO - [Validation] EPOCH: 7  acc = 59.0000
2023-09-27 10:04:21,347 - fewshot_modelnet_transferring_features - INFO - Save checkpoint at ./experiments/fewshot_modelnet_transferring_features/cfgs/LR_0.0007/ckpt-best.pth
2023-09-27 10:04:21,347 - fewshot_modelnet_transferring_features - INFO - --------------------------------------------------------------------------------------------
2023-09-27 10:04:23,794 - fewshot_modelnet_transferring_features - INFO - Save checkpoint at ./experiments/fewshot_modelnet_transferring_features/cfgs/LR_0.0007/ckpt-last.pth
2023-09-27 10:04:24,731 - fewshot_modelnet_transferring_features - INFO - [Training] EPOCH: 8 EpochTime = 0.934 (s) Losses = ['1.9928', '56.2500'] lr = 0.000560
2023-09-27 10:04:25,699 - fewshot_modelnet_transferring_features - INFO - [Validation] EPOCH: 8  acc = 64.0000
2023-09-27 10:04:27,389 - fewshot_modelnet_transferring_features - INFO - Save checkpoint at ./experiments/fewshot_modelnet_transferring_features/cfgs/LR_0.0007/ckpt-best.pth
2023-09-27 10:04:27,389 - fewshot_modelnet_transferring_features - INFO - --------------------------------------------------------------------------------------------
2023-09-27 10:04:30,028 - fewshot_modelnet_transferring_features - INFO - Save checkpoint at ./experiments/fewshot_modelnet_transferring_features/cfgs/LR_0.0007/ckpt-last.pth
2023-09-27 10:04:31,197 - fewshot_modelnet_transferring_features - INFO - [Training] EPOCH: 9 EpochTime = 1.167 (s) Losses = ['1.6554', '62.5000'] lr = 0.000630
2023-09-27 10:04:32,580 - fewshot_modelnet_transferring_features - INFO - [Validation] EPOCH: 9  acc = 70.0000
2023-09-27 10:04:34,937 - fewshot_modelnet_transferring_features - INFO - Save checkpoint at ./experiments/fewshot_modelnet_transferring_features/cfgs/LR_0.0007/ckpt-best.pth
2023-09-27 10:04:34,938 - fewshot_modelnet_transferring_features - INFO - --------------------------------------------------------------------------------------------
2023-09-27 10:04:36,669 - fewshot_modelnet_transferring_features - INFO - Save checkpoint at ./experiments/fewshot_modelnet_transferring_features/cfgs/LR_0.0007/ckpt-last.pth
2023-09-27 10:04:37,639 - fewshot_modelnet_transferring_features - INFO - [Training] EPOCH: 10 EpochTime = 0.967 (s) Losses = ['1.7488', '56.2500'] lr = 0.000692
2023-09-27 10:04:38,725 - fewshot_modelnet_transferring_features - INFO - [Validation] EPOCH: 10  acc = 71.0000
2023-09-27 10:04:40,300 - fewshot_modelnet_transferring_features - INFO - Save checkpoint at ./experiments/fewshot_modelnet_transferring_features/cfgs/LR_0.0007/ckpt-best.pth
2023-09-27 10:04:40,301 - fewshot_modelnet_transferring_features - INFO - --------------------------------------------------------------------------------------------
2023-09-27 10:04:43,287 - fewshot_modelnet_transferring_features - INFO - Save checkpoint at ./experiments/fewshot_modelnet_transferring_features/cfgs/LR_0.0007/ckpt-last.pth
2023-09-27 10:04:44,278 - fewshot_modelnet_transferring_features - INFO - [Training] EPOCH: 11 EpochTime = 0.988 (s) Losses = ['1.4750', '78.1250'] lr = 0.000691
2023-09-27 10:04:45,491 - fewshot_modelnet_transferring_features - INFO - [Validation] EPOCH: 11  acc = 79.0000
2023-09-27 10:04:47,208 - fewshot_modelnet_transferring_features - INFO - Save checkpoint at ./experiments/fewshot_modelnet_transferring_features/cfgs/LR_0.0007/ckpt-best.pth
2023-09-27 10:04:47,208 - fewshot_modelnet_transferring_features - INFO - --------------------------------------------------------------------------------------------
2023-09-27 10:04:49,437 - fewshot_modelnet_transferring_features - INFO - Save checkpoint at ./experiments/fewshot_modelnet_transferring_features/cfgs/LR_0.0007/ckpt-last.pth
2023-09-27 10:04:50,462 - fewshot_modelnet_transferring_features - INFO - [Training] EPOCH: 12 EpochTime = 1.023 (s) Losses = ['1.3799', '81.2500'] lr = 0.000689
2023-09-27 10:04:51,430 - fewshot_modelnet_transferring_features - INFO - [Validation] EPOCH: 12  acc = 84.0000
2023-09-27 10:04:53,623 - fewshot_modelnet_transferring_features - INFO - Save checkpoint at ./experiments/fewshot_modelnet_transferring_features/cfgs/LR_0.0007/ckpt-best.pth
2023-09-27 10:04:53,624 - fewshot_modelnet_transferring_features - INFO - --------------------------------------------------------------------------------------------
2023-09-27 10:04:55,347 - fewshot_modelnet_transferring_features - INFO - Save checkpoint at ./experiments/fewshot_modelnet_transferring_features/cfgs/LR_0.0007/ckpt-last.pth
2023-09-27 10:04:56,296 - fewshot_modelnet_transferring_features - INFO - [Training] EPOCH: 13 EpochTime = 0.948 (s) Losses = ['1.2030', '87.5000'] lr = 0.000687
2023-09-27 10:04:57,335 - fewshot_modelnet_transferring_features - INFO - [Validation] EPOCH: 13  acc = 86.0000
2023-09-27 10:04:58,800 - fewshot_modelnet_transferring_features - INFO - Save checkpoint at ./experiments/fewshot_modelnet_transferring_features/cfgs/LR_0.0007/ckpt-best.pth
2023-09-27 10:04:58,800 - fewshot_modelnet_transferring_features - INFO - --------------------------------------------------------------------------------------------
2023-09-27 10:05:01,417 - fewshot_modelnet_transferring_features - INFO - Save checkpoint at ./experiments/fewshot_modelnet_transferring_features/cfgs/LR_0.0007/ckpt-last.pth
2023-09-27 10:05:02,340 - fewshot_modelnet_transferring_features - INFO - [Training] EPOCH: 14 EpochTime = 0.921 (s) Losses = ['1.0741', '87.5000'] lr = 0.000685
2023-09-27 10:05:03,311 - fewshot_modelnet_transferring_features - INFO - [Validation] EPOCH: 14  acc = 87.0000
2023-09-27 10:05:05,834 - fewshot_modelnet_transferring_features - INFO - Save checkpoint at ./experiments/fewshot_modelnet_transferring_features/cfgs/LR_0.0007/ckpt-best.pth
2023-09-27 10:05:05,834 - fewshot_modelnet_transferring_features - INFO - --------------------------------------------------------------------------------------------
2023-09-27 10:05:08,169 - fewshot_modelnet_transferring_features - INFO - Save checkpoint at ./experiments/fewshot_modelnet_transferring_features/cfgs/LR_0.0007/ckpt-last.pth
2023-09-27 10:05:08,996 - fewshot_modelnet_transferring_features - INFO - [Training] EPOCH: 15 EpochTime = 0.825 (s) Losses = ['1.1045', '90.6250'] lr = 0.000683
2023-09-27 10:05:10,038 - fewshot_modelnet_transferring_features - INFO - [Validation] EPOCH: 15  acc = 90.0000
2023-09-27 10:05:11,933 - fewshot_modelnet_transferring_features - INFO - Save checkpoint at ./experiments/fewshot_modelnet_transferring_features/cfgs/LR_0.0007/ckpt-best.pth
2023-09-27 10:05:11,933 - fewshot_modelnet_transferring_features - INFO - --------------------------------------------------------------------------------------------
2023-09-27 10:05:14,279 - fewshot_modelnet_transferring_features - INFO - Save checkpoint at ./experiments/fewshot_modelnet_transferring_features/cfgs/LR_0.0007/ckpt-last.pth
2023-09-27 10:05:15,288 - fewshot_modelnet_transferring_features - INFO - [Training] EPOCH: 16 EpochTime = 1.006 (s) Losses = ['0.7833', '90.6250'] lr = 0.000681
2023-09-27 10:05:16,301 - fewshot_modelnet_transferring_features - INFO - [Validation] EPOCH: 16  acc = 92.0000
2023-09-27 10:05:17,834 - fewshot_modelnet_transferring_features - INFO - Save checkpoint at ./experiments/fewshot_modelnet_transferring_features/cfgs/LR_0.0007/ckpt-best.pth
2023-09-27 10:05:17,835 - fewshot_modelnet_transferring_features - INFO - --------------------------------------------------------------------------------------------
2023-09-27 10:05:20,358 - fewshot_modelnet_transferring_features - INFO - Save checkpoint at ./experiments/fewshot_modelnet_transferring_features/cfgs/LR_0.0007/ckpt-last.pth
2023-09-27 10:05:21,577 - fewshot_modelnet_transferring_features - INFO - [Training] EPOCH: 17 EpochTime = 1.217 (s) Losses = ['0.7923', '96.8750'] lr = 0.000678
2023-09-27 10:05:22,867 - fewshot_modelnet_transferring_features - INFO - [Validation] EPOCH: 17  acc = 92.0000
2023-09-27 10:05:25,197 - fewshot_modelnet_transferring_features - INFO - Save checkpoint at ./experiments/fewshot_modelnet_transferring_features/cfgs/LR_0.0007/ckpt-last.pth
2023-09-27 10:05:26,188 - fewshot_modelnet_transferring_features - INFO - [Training] EPOCH: 18 EpochTime = 0.988 (s) Losses = ['0.6362', '96.8750'] lr = 0.000675
2023-09-27 10:05:27,247 - fewshot_modelnet_transferring_features - INFO - [Validation] EPOCH: 18  acc = 91.0000
2023-09-27 10:05:31,154 - fewshot_modelnet_transferring_features - INFO - Save checkpoint at ./experiments/fewshot_modelnet_transferring_features/cfgs/LR_0.0007/ckpt-last.pth
2023-09-27 10:05:32,056 - fewshot_modelnet_transferring_features - INFO - [Training] EPOCH: 19 EpochTime = 0.899 (s) Losses = ['0.7059', '93.7500'] lr = 0.000673
2023-09-27 10:05:33,038 - fewshot_modelnet_transferring_features - INFO - [Validation] EPOCH: 19  acc = 90.0000
2023-09-27 10:05:35,661 - fewshot_modelnet_transferring_features - INFO - Save checkpoint at ./experiments/fewshot_modelnet_transferring_features/cfgs/LR_0.0007/ckpt-last.pth
2023-09-27 10:05:36,613 - fewshot_modelnet_transferring_features - INFO - [Training] EPOCH: 20 EpochTime = 0.949 (s) Losses = ['0.5605', '96.8750'] lr = 0.000670
2023-09-27 10:05:37,637 - fewshot_modelnet_transferring_features - INFO - [Validation] EPOCH: 20  acc = 91.0000
2023-09-27 10:05:39,239 - fewshot_modelnet_transferring_features - INFO - Save checkpoint at ./experiments/fewshot_modelnet_transferring_features/cfgs/LR_0.0007/ckpt-last.pth
2023-09-27 10:05:40,175 - fewshot_modelnet_transferring_features - INFO - [Training] EPOCH: 21 EpochTime = 0.934 (s) Losses = ['0.6144', '93.7500'] lr = 0.000667
2023-09-27 10:05:41,206 - fewshot_modelnet_transferring_features - INFO - [Validation] EPOCH: 21  acc = 91.0000
2023-09-27 10:05:42,833 - fewshot_modelnet_transferring_features - INFO - Save checkpoint at ./experiments/fewshot_modelnet_transferring_features/cfgs/LR_0.0007/ckpt-last.pth
2023-09-27 10:05:43,815 - fewshot_modelnet_transferring_features - INFO - [Training] EPOCH: 22 EpochTime = 0.980 (s) Losses = ['0.5202', '96.8750'] lr = 0.000664
2023-09-27 10:05:44,857 - fewshot_modelnet_transferring_features - INFO - [Validation] EPOCH: 22  acc = 91.0000
2023-09-27 10:05:46,432 - fewshot_modelnet_transferring_features - INFO - Save checkpoint at ./experiments/fewshot_modelnet_transferring_features/cfgs/LR_0.0007/ckpt-last.pth
2023-09-27 10:05:47,372 - fewshot_modelnet_transferring_features - INFO - [Training] EPOCH: 23 EpochTime = 0.937 (s) Losses = ['0.4400', '100.0000'] lr = 0.000660
2023-09-27 10:05:48,448 - fewshot_modelnet_transferring_features - INFO - [Validation] EPOCH: 23  acc = 93.0000
2023-09-27 10:05:50,070 - fewshot_modelnet_transferring_features - INFO - Save checkpoint at ./experiments/fewshot_modelnet_transferring_features/cfgs/LR_0.0007/ckpt-best.pth
2023-09-27 10:05:50,071 - fewshot_modelnet_transferring_features - INFO - --------------------------------------------------------------------------------------------
2023-09-27 10:05:52,646 - fewshot_modelnet_transferring_features - INFO - Save checkpoint at ./experiments/fewshot_modelnet_transferring_features/cfgs/LR_0.0007/ckpt-last.pth
2023-09-27 10:05:53,711 - fewshot_modelnet_transferring_features - INFO - [Training] EPOCH: 24 EpochTime = 1.062 (s) Losses = ['0.4757', '100.0000'] lr = 0.000657
2023-09-27 10:05:54,671 - fewshot_modelnet_transferring_features - INFO - [Validation] EPOCH: 24  acc = 93.0000
2023-09-27 10:05:56,176 - fewshot_modelnet_transferring_features - INFO - Save checkpoint at ./experiments/fewshot_modelnet_transferring_features/cfgs/LR_0.0007/ckpt-last.pth
2023-09-27 10:05:57,301 - fewshot_modelnet_transferring_features - INFO - [Training] EPOCH: 25 EpochTime = 1.122 (s) Losses = ['0.3628', '100.0000'] lr = 0.000653
2023-09-27 10:05:58,425 - fewshot_modelnet_transferring_features - INFO - [Validation] EPOCH: 25  acc = 93.0000
2023-09-27 10:06:00,034 - fewshot_modelnet_transferring_features - INFO - Save checkpoint at ./experiments/fewshot_modelnet_transferring_features/cfgs/LR_0.0007/ckpt-last.pth
2023-09-27 10:06:00,978 - fewshot_modelnet_transferring_features - INFO - [Training] EPOCH: 26 EpochTime = 0.942 (s) Losses = ['0.3284', '100.0000'] lr = 0.000649
2023-09-27 10:06:02,073 - fewshot_modelnet_transferring_features - INFO - [Validation] EPOCH: 26  acc = 94.0000
2023-09-27 10:06:03,677 - fewshot_modelnet_transferring_features - INFO - Save checkpoint at ./experiments/fewshot_modelnet_transferring_features/cfgs/LR_0.0007/ckpt-best.pth
2023-09-27 10:06:03,677 - fewshot_modelnet_transferring_features - INFO - --------------------------------------------------------------------------------------------
2023-09-27 10:06:06,134 - fewshot_modelnet_transferring_features - INFO - Save checkpoint at ./experiments/fewshot_modelnet_transferring_features/cfgs/LR_0.0007/ckpt-last.pth
2023-09-27 10:06:07,393 - fewshot_modelnet_transferring_features - INFO - [Training] EPOCH: 27 EpochTime = 1.257 (s) Losses = ['0.2598', '100.0000'] lr = 0.000646
2023-09-27 10:06:08,639 - fewshot_modelnet_transferring_features - INFO - [Validation] EPOCH: 27  acc = 94.0000
2023-09-27 10:06:11,224 - fewshot_modelnet_transferring_features - INFO - Save checkpoint at ./experiments/fewshot_modelnet_transferring_features/cfgs/LR_0.0007/ckpt-last.pth
2023-09-27 10:06:12,354 - fewshot_modelnet_transferring_features - INFO - [Training] EPOCH: 28 EpochTime = 1.128 (s) Losses = ['0.3076', '100.0000'] lr = 0.000642
2023-09-27 10:06:13,442 - fewshot_modelnet_transferring_features - INFO - [Validation] EPOCH: 28  acc = 94.0000
2023-09-27 10:06:15,268 - fewshot_modelnet_transferring_features - INFO - Save checkpoint at ./experiments/fewshot_modelnet_transferring_features/cfgs/LR_0.0007/ckpt-last.pth
2023-09-27 10:06:16,162 - fewshot_modelnet_transferring_features - INFO - [Training] EPOCH: 29 EpochTime = 0.892 (s) Losses = ['0.2907', '96.8750'] lr = 0.000637
2023-09-27 10:06:17,146 - fewshot_modelnet_transferring_features - INFO - [Validation] EPOCH: 29  acc = 94.0000
2023-09-27 10:06:18,747 - fewshot_modelnet_transferring_features - INFO - Save checkpoint at ./experiments/fewshot_modelnet_transferring_features/cfgs/LR_0.0007/ckpt-last.pth
2023-09-27 10:06:19,781 - fewshot_modelnet_transferring_features - INFO - [Training] EPOCH: 30 EpochTime = 1.032 (s) Losses = ['0.2662', '100.0000'] lr = 0.000633
2023-09-27 10:06:20,707 - fewshot_modelnet_transferring_features - INFO - [Validation] EPOCH: 30  acc = 93.0000
2023-09-27 10:06:22,287 - fewshot_modelnet_transferring_features - INFO - Save checkpoint at ./experiments/fewshot_modelnet_transferring_features/cfgs/LR_0.0007/ckpt-last.pth
2023-09-27 10:06:23,188 - fewshot_modelnet_transferring_features - INFO - [Training] EPOCH: 31 EpochTime = 0.899 (s) Losses = ['0.2266', '100.0000'] lr = 0.000629
2023-09-27 10:06:24,207 - fewshot_modelnet_transferring_features - INFO - [Validation] EPOCH: 31  acc = 93.0000
2023-09-27 10:06:25,861 - fewshot_modelnet_transferring_features - INFO - Save checkpoint at ./experiments/fewshot_modelnet_transferring_features/cfgs/LR_0.0007/ckpt-last.pth
2023-09-27 10:06:26,695 - fewshot_modelnet_transferring_features - INFO - [Training] EPOCH: 32 EpochTime = 0.832 (s) Losses = ['0.1286', '100.0000'] lr = 0.000624
2023-09-27 10:06:27,616 - fewshot_modelnet_transferring_features - INFO - [Validation] EPOCH: 32  acc = 92.0000
2023-09-27 10:06:29,175 - fewshot_modelnet_transferring_features - INFO - Save checkpoint at ./experiments/fewshot_modelnet_transferring_features/cfgs/LR_0.0007/ckpt-last.pth
2023-09-27 10:06:30,011 - fewshot_modelnet_transferring_features - INFO - [Training] EPOCH: 33 EpochTime = 0.834 (s) Losses = ['0.2288', '100.0000'] lr = 0.000620
2023-09-27 10:06:31,019 - fewshot_modelnet_transferring_features - INFO - [Validation] EPOCH: 33  acc = 93.0000
2023-09-27 10:06:32,691 - fewshot_modelnet_transferring_features - INFO - Save checkpoint at ./experiments/fewshot_modelnet_transferring_features/cfgs/LR_0.0007/ckpt-last.pth
2023-09-27 10:06:33,680 - fewshot_modelnet_transferring_features - INFO - [Training] EPOCH: 34 EpochTime = 0.986 (s) Losses = ['0.2322', '100.0000'] lr = 0.000615
2023-09-27 10:06:34,793 - fewshot_modelnet_transferring_features - INFO - [Validation] EPOCH: 34  acc = 93.0000
2023-09-27 10:06:36,431 - fewshot_modelnet_transferring_features - INFO - Save checkpoint at ./experiments/fewshot_modelnet_transferring_features/cfgs/LR_0.0007/ckpt-last.pth
2023-09-27 10:06:37,414 - fewshot_modelnet_transferring_features - INFO - [Training] EPOCH: 35 EpochTime = 0.980 (s) Losses = ['0.2158', '100.0000'] lr = 0.000610
2023-09-27 10:06:38,745 - fewshot_modelnet_transferring_features - INFO - [Validation] EPOCH: 35  acc = 93.0000
2023-09-27 10:06:40,411 - fewshot_modelnet_transferring_features - INFO - Save checkpoint at ./experiments/fewshot_modelnet_transferring_features/cfgs/LR_0.0007/ckpt-last.pth
2023-09-27 10:06:41,378 - fewshot_modelnet_transferring_features - INFO - [Training] EPOCH: 36 EpochTime = 0.965 (s) Losses = ['0.1733', '100.0000'] lr = 0.000605
2023-09-27 10:06:42,548 - fewshot_modelnet_transferring_features - INFO - [Validation] EPOCH: 36  acc = 93.0000
2023-09-27 10:06:44,166 - fewshot_modelnet_transferring_features - INFO - Save checkpoint at ./experiments/fewshot_modelnet_transferring_features/cfgs/LR_0.0007/ckpt-last.pth
2023-09-27 10:06:45,042 - fewshot_modelnet_transferring_features - INFO - [Training] EPOCH: 37 EpochTime = 0.873 (s) Losses = ['0.1561', '100.0000'] lr = 0.000600
2023-09-27 10:06:46,165 - fewshot_modelnet_transferring_features - INFO - [Validation] EPOCH: 37  acc = 93.0000
2023-09-27 10:06:47,699 - fewshot_modelnet_transferring_features - INFO - Save checkpoint at ./experiments/fewshot_modelnet_transferring_features/cfgs/LR_0.0007/ckpt-last.pth
2023-09-27 10:06:48,660 - fewshot_modelnet_transferring_features - INFO - [Training] EPOCH: 38 EpochTime = 0.959 (s) Losses = ['0.1331', '100.0000'] lr = 0.000595
2023-09-27 10:06:49,777 - fewshot_modelnet_transferring_features - INFO - [Validation] EPOCH: 38  acc = 93.0000
2023-09-27 10:06:51,526 - fewshot_modelnet_transferring_features - INFO - Save checkpoint at ./experiments/fewshot_modelnet_transferring_features/cfgs/LR_0.0007/ckpt-last.pth
2023-09-27 10:06:52,454 - fewshot_modelnet_transferring_features - INFO - [Training] EPOCH: 39 EpochTime = 0.925 (s) Losses = ['0.1589', '100.0000'] lr = 0.000590
2023-09-27 10:06:53,709 - fewshot_modelnet_transferring_features - INFO - [Validation] EPOCH: 39  acc = 93.0000
2023-09-27 10:06:55,670 - fewshot_modelnet_transferring_features - INFO - Save checkpoint at ./experiments/fewshot_modelnet_transferring_features/cfgs/LR_0.0007/ckpt-last.pth
2023-09-27 10:06:56,593 - fewshot_modelnet_transferring_features - INFO - [Training] EPOCH: 40 EpochTime = 0.921 (s) Losses = ['0.1269', '100.0000'] lr = 0.000584
2023-09-27 10:06:57,699 - fewshot_modelnet_transferring_features - INFO - [Validation] EPOCH: 40  acc = 93.0000
2023-09-27 10:06:59,257 - fewshot_modelnet_transferring_features - INFO - Save checkpoint at ./experiments/fewshot_modelnet_transferring_features/cfgs/LR_0.0007/ckpt-last.pth
2023-09-27 10:07:00,118 - fewshot_modelnet_transferring_features - INFO - [Training] EPOCH: 41 EpochTime = 0.859 (s) Losses = ['0.1404', '100.0000'] lr = 0.000579
2023-09-27 10:07:01,205 - fewshot_modelnet_transferring_features - INFO - [Validation] EPOCH: 41  acc = 93.0000
2023-09-27 10:07:02,939 - fewshot_modelnet_transferring_features - INFO - Save checkpoint at ./experiments/fewshot_modelnet_transferring_features/cfgs/LR_0.0007/ckpt-last.pth
2023-09-27 10:07:03,908 - fewshot_modelnet_transferring_features - INFO - [Training] EPOCH: 42 EpochTime = 0.965 (s) Losses = ['0.1474', '100.0000'] lr = 0.000573
2023-09-27 10:07:05,199 - fewshot_modelnet_transferring_features - INFO - [Validation] EPOCH: 42  acc = 93.0000
2023-09-27 10:07:06,846 - fewshot_modelnet_transferring_features - INFO - Save checkpoint at ./experiments/fewshot_modelnet_transferring_features/cfgs/LR_0.0007/ckpt-last.pth
2023-09-27 10:07:07,838 - fewshot_modelnet_transferring_features - INFO - [Training] EPOCH: 43 EpochTime = 0.989 (s) Losses = ['0.1492', '100.0000'] lr = 0.000568
2023-09-27 10:07:09,030 - fewshot_modelnet_transferring_features - INFO - [Validation] EPOCH: 43  acc = 93.0000
2023-09-27 10:07:10,301 - fewshot_modelnet_transferring_features - INFO - Save checkpoint at ./experiments/fewshot_modelnet_transferring_features/cfgs/LR_0.0007/ckpt-last.pth
2023-09-27 10:07:11,248 - fewshot_modelnet_transferring_features - INFO - [Training] EPOCH: 44 EpochTime = 0.945 (s) Losses = ['0.0976', '100.0000'] lr = 0.000562
2023-09-27 10:07:12,369 - fewshot_modelnet_transferring_features - INFO - [Validation] EPOCH: 44  acc = 93.0000
2023-09-27 10:07:13,996 - fewshot_modelnet_transferring_features - INFO - Save checkpoint at ./experiments/fewshot_modelnet_transferring_features/cfgs/LR_0.0007/ckpt-last.pth
2023-09-27 10:07:14,894 - fewshot_modelnet_transferring_features - INFO - [Training] EPOCH: 45 EpochTime = 0.894 (s) Losses = ['0.1100', '100.0000'] lr = 0.000556
2023-09-27 10:07:15,933 - fewshot_modelnet_transferring_features - INFO - [Validation] EPOCH: 45  acc = 95.0000
2023-09-27 10:07:17,475 - fewshot_modelnet_transferring_features - INFO - Save checkpoint at ./experiments/fewshot_modelnet_transferring_features/cfgs/LR_0.0007/ckpt-best.pth
2023-09-27 10:07:17,475 - fewshot_modelnet_transferring_features - INFO - --------------------------------------------------------------------------------------------
2023-09-27 10:07:20,304 - fewshot_modelnet_transferring_features - INFO - Save checkpoint at ./experiments/fewshot_modelnet_transferring_features/cfgs/LR_0.0007/ckpt-last.pth
2023-09-27 10:07:21,434 - fewshot_modelnet_transferring_features - INFO - [Training] EPOCH: 46 EpochTime = 1.128 (s) Losses = ['0.1033', '100.0000'] lr = 0.000550
2023-09-27 10:07:22,519 - fewshot_modelnet_transferring_features - INFO - [Validation] EPOCH: 46  acc = 94.0000
2023-09-27 10:07:24,403 - fewshot_modelnet_transferring_features - INFO - Save checkpoint at ./experiments/fewshot_modelnet_transferring_features/cfgs/LR_0.0007/ckpt-last.pth
2023-09-27 10:07:25,454 - fewshot_modelnet_transferring_features - INFO - [Training] EPOCH: 47 EpochTime = 1.049 (s) Losses = ['0.1670', '100.0000'] lr = 0.000544
2023-09-27 10:07:26,648 - fewshot_modelnet_transferring_features - INFO - [Validation] EPOCH: 47  acc = 94.0000
2023-09-27 10:07:28,249 - fewshot_modelnet_transferring_features - INFO - Save checkpoint at ./experiments/fewshot_modelnet_transferring_features/cfgs/LR_0.0007/ckpt-last.pth
2023-09-27 10:07:29,332 - fewshot_modelnet_transferring_features - INFO - [Training] EPOCH: 48 EpochTime = 1.078 (s) Losses = ['0.1015', '100.0000'] lr = 0.000538
2023-09-27 10:07:30,412 - fewshot_modelnet_transferring_features - INFO - [Validation] EPOCH: 48  acc = 95.0000
2023-09-27 10:07:32,050 - fewshot_modelnet_transferring_features - INFO - Save checkpoint at ./experiments/fewshot_modelnet_transferring_features/cfgs/LR_0.0007/ckpt-last.pth
2023-09-27 10:07:32,990 - fewshot_modelnet_transferring_features - INFO - [Training] EPOCH: 49 EpochTime = 0.937 (s) Losses = ['0.0751', '100.0000'] lr = 0.000532
2023-09-27 10:07:34,003 - fewshot_modelnet_transferring_features - INFO - [Validation] EPOCH: 49  acc = 95.0000
2023-09-27 10:07:35,592 - fewshot_modelnet_transferring_features - INFO - Save checkpoint at ./experiments/fewshot_modelnet_transferring_features/cfgs/LR_0.0007/ckpt-last.pth
2023-09-27 10:07:36,590 - fewshot_modelnet_transferring_features - INFO - [Training] EPOCH: 50 EpochTime = 0.996 (s) Losses = ['0.0722', '100.0000'] lr = 0.000525
2023-09-27 10:07:37,901 - fewshot_modelnet_transferring_features - INFO - [Validation] EPOCH: 50  acc = 94.0000
2023-09-27 10:07:39,458 - fewshot_modelnet_transferring_features - INFO - Save checkpoint at ./experiments/fewshot_modelnet_transferring_features/cfgs/LR_0.0007/ckpt-last.pth
2023-09-27 10:07:40,421 - fewshot_modelnet_transferring_features - INFO - [Training] EPOCH: 51 EpochTime = 0.960 (s) Losses = ['0.0836', '100.0000'] lr = 0.000519
2023-09-27 10:07:41,786 - fewshot_modelnet_transferring_features - INFO - [Validation] EPOCH: 51  acc = 94.0000
2023-09-27 10:07:43,351 - fewshot_modelnet_transferring_features - INFO - Save checkpoint at ./experiments/fewshot_modelnet_transferring_features/cfgs/LR_0.0007/ckpt-last.pth
2023-09-27 10:07:44,272 - fewshot_modelnet_transferring_features - INFO - [Training] EPOCH: 52 EpochTime = 0.919 (s) Losses = ['0.0988', '100.0000'] lr = 0.000512
2023-09-27 10:07:45,507 - fewshot_modelnet_transferring_features - INFO - [Validation] EPOCH: 52  acc = 96.0000
2023-09-27 10:07:47,137 - fewshot_modelnet_transferring_features - INFO - Save checkpoint at ./experiments/fewshot_modelnet_transferring_features/cfgs/LR_0.0007/ckpt-best.pth
2023-09-27 10:07:47,138 - fewshot_modelnet_transferring_features - INFO - --------------------------------------------------------------------------------------------
2023-09-27 10:07:49,690 - fewshot_modelnet_transferring_features - INFO - Save checkpoint at ./experiments/fewshot_modelnet_transferring_features/cfgs/LR_0.0007/ckpt-last.pth
2023-09-27 10:07:50,861 - fewshot_modelnet_transferring_features - INFO - [Training] EPOCH: 53 EpochTime = 1.169 (s) Losses = ['0.0805', '100.0000'] lr = 0.000506
2023-09-27 10:07:51,805 - fewshot_modelnet_transferring_features - INFO - [Validation] EPOCH: 53  acc = 95.0000
2023-09-27 10:07:53,352 - fewshot_modelnet_transferring_features - INFO - Save checkpoint at ./experiments/fewshot_modelnet_transferring_features/cfgs/LR_0.0007/ckpt-last.pth
2023-09-27 10:07:54,193 - fewshot_modelnet_transferring_features - INFO - [Training] EPOCH: 54 EpochTime = 0.838 (s) Losses = ['0.0783', '100.0000'] lr = 0.000499
2023-09-27 10:07:55,145 - fewshot_modelnet_transferring_features - INFO - [Validation] EPOCH: 54  acc = 95.0000
2023-09-27 10:07:56,766 - fewshot_modelnet_transferring_features - INFO - Save checkpoint at ./experiments/fewshot_modelnet_transferring_features/cfgs/LR_0.0007/ckpt-last.pth
2023-09-27 10:07:57,574 - fewshot_modelnet_transferring_features - INFO - [Training] EPOCH: 55 EpochTime = 0.806 (s) Losses = ['0.0841', '100.0000'] lr = 0.000493
2023-09-27 10:07:58,506 - fewshot_modelnet_transferring_features - INFO - [Validation] EPOCH: 55  acc = 96.0000
2023-09-27 10:08:00,109 - fewshot_modelnet_transferring_features - INFO - Save checkpoint at ./experiments/fewshot_modelnet_transferring_features/cfgs/LR_0.0007/ckpt-last.pth
2023-09-27 10:08:00,928 - fewshot_modelnet_transferring_features - INFO - [Training] EPOCH: 56 EpochTime = 0.817 (s) Losses = ['0.0580', '100.0000'] lr = 0.000486
2023-09-27 10:08:01,875 - fewshot_modelnet_transferring_features - INFO - [Validation] EPOCH: 56  acc = 96.0000
2023-09-27 10:08:03,445 - fewshot_modelnet_transferring_features - INFO - Save checkpoint at ./experiments/fewshot_modelnet_transferring_features/cfgs/LR_0.0007/ckpt-last.pth
2023-09-27 10:08:04,412 - fewshot_modelnet_transferring_features - INFO - [Training] EPOCH: 57 EpochTime = 0.964 (s) Losses = ['0.0765', '100.0000'] lr = 0.000479
2023-09-27 10:08:05,449 - fewshot_modelnet_transferring_features - INFO - [Validation] EPOCH: 57  acc = 95.0000
2023-09-27 10:08:07,090 - fewshot_modelnet_transferring_features - INFO - Save checkpoint at ./experiments/fewshot_modelnet_transferring_features/cfgs/LR_0.0007/ckpt-last.pth
2023-09-27 10:08:08,056 - fewshot_modelnet_transferring_features - INFO - [Training] EPOCH: 58 EpochTime = 0.964 (s) Losses = ['0.0689', '100.0000'] lr = 0.000472
2023-09-27 10:08:09,313 - fewshot_modelnet_transferring_features - INFO - [Validation] EPOCH: 58  acc = 95.0000
2023-09-27 10:08:10,954 - fewshot_modelnet_transferring_features - INFO - Save checkpoint at ./experiments/fewshot_modelnet_transferring_features/cfgs/LR_0.0007/ckpt-last.pth
2023-09-27 10:08:11,811 - fewshot_modelnet_transferring_features - INFO - [Training] EPOCH: 59 EpochTime = 0.854 (s) Losses = ['0.0726', '100.0000'] lr = 0.000465
2023-09-27 10:08:12,933 - fewshot_modelnet_transferring_features - INFO - [Validation] EPOCH: 59  acc = 95.0000
2023-09-27 10:08:14,464 - fewshot_modelnet_transferring_features - INFO - Save checkpoint at ./experiments/fewshot_modelnet_transferring_features/cfgs/LR_0.0007/ckpt-last.pth
2023-09-27 10:08:15,336 - fewshot_modelnet_transferring_features - INFO - [Training] EPOCH: 60 EpochTime = 0.871 (s) Losses = ['0.0747', '100.0000'] lr = 0.000459
2023-09-27 10:08:16,313 - fewshot_modelnet_transferring_features - INFO - [Validation] EPOCH: 60  acc = 95.0000
2023-09-27 10:08:18,711 - fewshot_modelnet_transferring_features - INFO - Save checkpoint at ./experiments/fewshot_modelnet_transferring_features/cfgs/LR_0.0007/ckpt-last.pth
2023-09-27 10:08:19,883 - fewshot_modelnet_transferring_features - INFO - [Training] EPOCH: 61 EpochTime = 1.168 (s) Losses = ['0.0640', '100.0000'] lr = 0.000452
2023-09-27 10:08:20,985 - fewshot_modelnet_transferring_features - INFO - [Validation] EPOCH: 61  acc = 95.0000
2023-09-27 10:08:24,035 - fewshot_modelnet_transferring_features - INFO - Save checkpoint at ./experiments/fewshot_modelnet_transferring_features/cfgs/LR_0.0007/ckpt-last.pth
2023-09-27 10:08:25,066 - fewshot_modelnet_transferring_features - INFO - [Training] EPOCH: 62 EpochTime = 1.028 (s) Losses = ['0.0499', '100.0000'] lr = 0.000444
2023-09-27 10:08:26,161 - fewshot_modelnet_transferring_features - INFO - [Validation] EPOCH: 62  acc = 95.0000
2023-09-27 10:08:29,405 - fewshot_modelnet_transferring_features - INFO - Save checkpoint at ./experiments/fewshot_modelnet_transferring_features/cfgs/LR_0.0007/ckpt-last.pth
2023-09-27 10:08:30,433 - fewshot_modelnet_transferring_features - INFO - [Training] EPOCH: 63 EpochTime = 1.026 (s) Losses = ['0.0531', '100.0000'] lr = 0.000437
2023-09-27 10:08:31,583 - fewshot_modelnet_transferring_features - INFO - [Validation] EPOCH: 63  acc = 95.0000
2023-09-27 10:08:34,965 - fewshot_modelnet_transferring_features - INFO - Save checkpoint at ./experiments/fewshot_modelnet_transferring_features/cfgs/LR_0.0007/ckpt-last.pth
2023-09-27 10:08:35,926 - fewshot_modelnet_transferring_features - INFO - [Training] EPOCH: 64 EpochTime = 0.959 (s) Losses = ['0.0752', '100.0000'] lr = 0.000430
2023-09-27 10:08:36,969 - fewshot_modelnet_transferring_features - INFO - [Validation] EPOCH: 64  acc = 95.0000
2023-09-27 10:08:39,263 - fewshot_modelnet_transferring_features - INFO - Save checkpoint at ./experiments/fewshot_modelnet_transferring_features/cfgs/LR_0.0007/ckpt-last.pth
2023-09-27 10:08:40,175 - fewshot_modelnet_transferring_features - INFO - [Training] EPOCH: 65 EpochTime = 0.910 (s) Losses = ['0.0685', '100.0000'] lr = 0.000423
2023-09-27 10:08:41,205 - fewshot_modelnet_transferring_features - INFO - [Validation] EPOCH: 65  acc = 95.0000
2023-09-27 10:08:43,064 - fewshot_modelnet_transferring_features - INFO - Save checkpoint at ./experiments/fewshot_modelnet_transferring_features/cfgs/LR_0.0007/ckpt-last.pth
2023-09-27 10:08:44,119 - fewshot_modelnet_transferring_features - INFO - [Training] EPOCH: 66 EpochTime = 1.052 (s) Losses = ['0.0716', '100.0000'] lr = 0.000416
2023-09-27 10:08:45,187 - fewshot_modelnet_transferring_features - INFO - [Validation] EPOCH: 66  acc = 95.0000
2023-09-27 10:08:48,144 - fewshot_modelnet_transferring_features - INFO - Save checkpoint at ./experiments/fewshot_modelnet_transferring_features/cfgs/LR_0.0007/ckpt-last.pth
2023-09-27 10:08:49,242 - fewshot_modelnet_transferring_features - INFO - [Training] EPOCH: 67 EpochTime = 1.096 (s) Losses = ['0.0599', '100.0000'] lr = 0.000409
2023-09-27 10:08:50,396 - fewshot_modelnet_transferring_features - INFO - [Validation] EPOCH: 67  acc = 95.0000
2023-09-27 10:08:53,066 - fewshot_modelnet_transferring_features - INFO - Save checkpoint at ./experiments/fewshot_modelnet_transferring_features/cfgs/LR_0.0007/ckpt-last.pth
2023-09-27 10:08:54,334 - fewshot_modelnet_transferring_features - INFO - [Training] EPOCH: 68 EpochTime = 1.266 (s) Losses = ['0.0590', '100.0000'] lr = 0.000402
2023-09-27 10:08:55,359 - fewshot_modelnet_transferring_features - INFO - [Validation] EPOCH: 68  acc = 95.0000
2023-09-27 10:08:57,455 - fewshot_modelnet_transferring_features - INFO - Save checkpoint at ./experiments/fewshot_modelnet_transferring_features/cfgs/LR_0.0007/ckpt-last.pth
2023-09-27 10:08:58,480 - fewshot_modelnet_transferring_features - INFO - [Training] EPOCH: 69 EpochTime = 1.022 (s) Losses = ['0.1045', '100.0000'] lr = 0.000394
2023-09-27 10:08:59,562 - fewshot_modelnet_transferring_features - INFO - [Validation] EPOCH: 69  acc = 95.0000
2023-09-27 10:09:01,286 - fewshot_modelnet_transferring_features - INFO - Save checkpoint at ./experiments/fewshot_modelnet_transferring_features/cfgs/LR_0.0007/ckpt-last.pth
2023-09-27 10:09:02,428 - fewshot_modelnet_transferring_features - INFO - [Training] EPOCH: 70 EpochTime = 1.137 (s) Losses = ['0.0635', '100.0000'] lr = 0.000387
2023-09-27 10:09:03,451 - fewshot_modelnet_transferring_features - INFO - [Validation] EPOCH: 70  acc = 96.0000
2023-09-27 10:09:06,396 - fewshot_modelnet_transferring_features - INFO - Save checkpoint at ./experiments/fewshot_modelnet_transferring_features/cfgs/LR_0.0007/ckpt-last.pth
2023-09-27 10:09:07,456 - fewshot_modelnet_transferring_features - INFO - [Training] EPOCH: 71 EpochTime = 1.058 (s) Losses = ['0.0579', '100.0000'] lr = 0.000380
2023-09-27 10:09:08,695 - fewshot_modelnet_transferring_features - INFO - [Validation] EPOCH: 71  acc = 95.0000
2023-09-27 10:09:11,410 - fewshot_modelnet_transferring_features - INFO - Save checkpoint at ./experiments/fewshot_modelnet_transferring_features/cfgs/LR_0.0007/ckpt-last.pth
2023-09-27 10:09:12,501 - fewshot_modelnet_transferring_features - INFO - [Training] EPOCH: 72 EpochTime = 1.087 (s) Losses = ['0.0621', '100.0000'] lr = 0.000372
2023-09-27 10:09:13,596 - fewshot_modelnet_transferring_features - INFO - [Validation] EPOCH: 72  acc = 95.0000
2023-09-27 10:09:15,200 - fewshot_modelnet_transferring_features - INFO - Save checkpoint at ./experiments/fewshot_modelnet_transferring_features/cfgs/LR_0.0007/ckpt-last.pth
2023-09-27 10:09:16,299 - fewshot_modelnet_transferring_features - INFO - [Training] EPOCH: 73 EpochTime = 1.097 (s) Losses = ['0.0522', '100.0000'] lr = 0.000365
2023-09-27 10:09:17,344 - fewshot_modelnet_transferring_features - INFO - [Validation] EPOCH: 73  acc = 95.0000
2023-09-27 10:09:18,894 - fewshot_modelnet_transferring_features - INFO - Save checkpoint at ./experiments/fewshot_modelnet_transferring_features/cfgs/LR_0.0007/ckpt-last.pth
2023-09-27 10:09:19,845 - fewshot_modelnet_transferring_features - INFO - [Training] EPOCH: 74 EpochTime = 0.948 (s) Losses = ['0.0426', '100.0000'] lr = 0.000358
2023-09-27 10:09:20,926 - fewshot_modelnet_transferring_features - INFO - [Validation] EPOCH: 74  acc = 95.0000
2023-09-27 10:09:22,465 - fewshot_modelnet_transferring_features - INFO - Save checkpoint at ./experiments/fewshot_modelnet_transferring_features/cfgs/LR_0.0007/ckpt-last.pth
2023-09-27 10:09:23,431 - fewshot_modelnet_transferring_features - INFO - [Training] EPOCH: 75 EpochTime = 0.964 (s) Losses = ['0.0534', '100.0000'] lr = 0.000351
2023-09-27 10:09:24,504 - fewshot_modelnet_transferring_features - INFO - [Validation] EPOCH: 75  acc = 95.0000
2023-09-27 10:09:26,089 - fewshot_modelnet_transferring_features - INFO - Save checkpoint at ./experiments/fewshot_modelnet_transferring_features/cfgs/LR_0.0007/ckpt-last.pth
2023-09-27 10:09:26,954 - fewshot_modelnet_transferring_features - INFO - [Training] EPOCH: 76 EpochTime = 0.863 (s) Losses = ['0.0464', '100.0000'] lr = 0.000343
2023-09-27 10:09:28,000 - fewshot_modelnet_transferring_features - INFO - [Validation] EPOCH: 76  acc = 95.0000
2023-09-27 10:09:29,542 - fewshot_modelnet_transferring_features - INFO - Save checkpoint at ./experiments/fewshot_modelnet_transferring_features/cfgs/LR_0.0007/ckpt-last.pth
2023-09-27 10:09:30,478 - fewshot_modelnet_transferring_features - INFO - [Training] EPOCH: 77 EpochTime = 0.934 (s) Losses = ['0.0674', '100.0000'] lr = 0.000336
2023-09-27 10:09:31,445 - fewshot_modelnet_transferring_features - INFO - [Validation] EPOCH: 77  acc = 95.0000
2023-09-27 10:09:33,036 - fewshot_modelnet_transferring_features - INFO - Save checkpoint at ./experiments/fewshot_modelnet_transferring_features/cfgs/LR_0.0007/ckpt-last.pth
2023-09-27 10:09:34,022 - fewshot_modelnet_transferring_features - INFO - [Training] EPOCH: 78 EpochTime = 0.984 (s) Losses = ['0.0306', '100.0000'] lr = 0.000329
2023-09-27 10:09:35,028 - fewshot_modelnet_transferring_features - INFO - [Validation] EPOCH: 78  acc = 95.0000
2023-09-27 10:09:38,028 - fewshot_modelnet_transferring_features - INFO - Save checkpoint at ./experiments/fewshot_modelnet_transferring_features/cfgs/LR_0.0007/ckpt-last.pth
2023-09-27 10:09:39,104 - fewshot_modelnet_transferring_features - INFO - [Training] EPOCH: 79 EpochTime = 1.074 (s) Losses = ['0.0439', '100.0000'] lr = 0.000321
2023-09-27 10:09:40,262 - fewshot_modelnet_transferring_features - INFO - [Validation] EPOCH: 79  acc = 95.0000
2023-09-27 10:09:41,803 - fewshot_modelnet_transferring_features - INFO - Save checkpoint at ./experiments/fewshot_modelnet_transferring_features/cfgs/LR_0.0007/ckpt-last.pth
2023-09-27 10:09:42,788 - fewshot_modelnet_transferring_features - INFO - [Training] EPOCH: 80 EpochTime = 0.983 (s) Losses = ['0.0397', '100.0000'] lr = 0.000314
2023-09-27 10:09:44,119 - fewshot_modelnet_transferring_features - INFO - [Validation] EPOCH: 80  acc = 95.0000
2023-09-27 10:09:46,038 - fewshot_modelnet_transferring_features - INFO - Save checkpoint at ./experiments/fewshot_modelnet_transferring_features/cfgs/LR_0.0007/ckpt-last.pth
2023-09-27 10:09:47,056 - fewshot_modelnet_transferring_features - INFO - [Training] EPOCH: 81 EpochTime = 1.014 (s) Losses = ['0.0521', '100.0000'] lr = 0.000307
2023-09-27 10:09:48,127 - fewshot_modelnet_transferring_features - INFO - [Validation] EPOCH: 81  acc = 96.0000
2023-09-27 10:09:50,467 - fewshot_modelnet_transferring_features - INFO - Save checkpoint at ./experiments/fewshot_modelnet_transferring_features/cfgs/LR_0.0007/ckpt-last.pth
2023-09-27 10:09:51,396 - fewshot_modelnet_transferring_features - INFO - [Training] EPOCH: 82 EpochTime = 0.926 (s) Losses = ['0.0371', '100.0000'] lr = 0.000299
2023-09-27 10:09:52,557 - fewshot_modelnet_transferring_features - INFO - [Validation] EPOCH: 82  acc = 96.0000
2023-09-27 10:09:54,586 - fewshot_modelnet_transferring_features - INFO - Save checkpoint at ./experiments/fewshot_modelnet_transferring_features/cfgs/LR_0.0007/ckpt-last.pth
2023-09-27 10:09:55,583 - fewshot_modelnet_transferring_features - INFO - [Training] EPOCH: 83 EpochTime = 0.994 (s) Losses = ['0.0855', '100.0000'] lr = 0.000292
2023-09-27 10:09:56,800 - fewshot_modelnet_transferring_features - INFO - [Validation] EPOCH: 83  acc = 96.0000
2023-09-27 10:09:58,540 - fewshot_modelnet_transferring_features - INFO - Save checkpoint at ./experiments/fewshot_modelnet_transferring_features/cfgs/LR_0.0007/ckpt-last.pth
2023-09-27 10:09:59,577 - fewshot_modelnet_transferring_features - INFO - [Training] EPOCH: 84 EpochTime = 1.034 (s) Losses = ['0.0493', '100.0000'] lr = 0.000285
2023-09-27 10:10:00,642 - fewshot_modelnet_transferring_features - INFO - [Validation] EPOCH: 84  acc = 96.0000
2023-09-27 10:10:02,250 - fewshot_modelnet_transferring_features - INFO - Save checkpoint at ./experiments/fewshot_modelnet_transferring_features/cfgs/LR_0.0007/ckpt-last.pth
2023-09-27 10:10:03,276 - fewshot_modelnet_transferring_features - INFO - [Training] EPOCH: 85 EpochTime = 0.910 (s) Losses = ['0.0471', '100.0000'] lr = 0.000278
2023-09-27 10:10:04,691 - fewshot_modelnet_transferring_features - INFO - [Validation] EPOCH: 85  acc = 96.0000
2023-09-27 10:10:07,011 - fewshot_modelnet_transferring_features - INFO - Save checkpoint at ./experiments/fewshot_modelnet_transferring_features/cfgs/LR_0.0007/ckpt-last.pth
2023-09-27 10:10:08,247 - fewshot_modelnet_transferring_features - INFO - [Training] EPOCH: 86 EpochTime = 1.233 (s) Losses = ['0.0499', '100.0000'] lr = 0.000271
2023-09-27 10:10:09,325 - fewshot_modelnet_transferring_features - INFO - [Validation] EPOCH: 86  acc = 96.0000
2023-09-27 10:10:11,086 - fewshot_modelnet_transferring_features - INFO - Save checkpoint at ./experiments/fewshot_modelnet_transferring_features/cfgs/LR_0.0007/ckpt-last.pth
2023-09-27 10:10:11,952 - fewshot_modelnet_transferring_features - INFO - [Training] EPOCH: 87 EpochTime = 0.864 (s) Losses = ['0.0552', '100.0000'] lr = 0.000264
2023-09-27 10:10:13,158 - fewshot_modelnet_transferring_features - INFO - [Validation] EPOCH: 87  acc = 96.0000
2023-09-27 10:10:15,235 - fewshot_modelnet_transferring_features - INFO - Save checkpoint at ./experiments/fewshot_modelnet_transferring_features/cfgs/LR_0.0007/ckpt-last.pth
2023-09-27 10:10:16,148 - fewshot_modelnet_transferring_features - INFO - [Training] EPOCH: 88 EpochTime = 0.911 (s) Losses = ['0.0490', '100.0000'] lr = 0.000257
2023-09-27 10:10:17,277 - fewshot_modelnet_transferring_features - INFO - [Validation] EPOCH: 88  acc = 96.0000
2023-09-27 10:10:19,765 - fewshot_modelnet_transferring_features - INFO - Save checkpoint at ./experiments/fewshot_modelnet_transferring_features/cfgs/LR_0.0007/ckpt-last.pth
2023-09-27 10:10:20,742 - fewshot_modelnet_transferring_features - INFO - [Training] EPOCH: 89 EpochTime = 0.974 (s) Losses = ['0.0390', '100.0000'] lr = 0.000249
2023-09-27 10:10:21,775 - fewshot_modelnet_transferring_features - INFO - [Validation] EPOCH: 89  acc = 96.0000
2023-09-27 10:10:23,548 - fewshot_modelnet_transferring_features - INFO - Save checkpoint at ./experiments/fewshot_modelnet_transferring_features/cfgs/LR_0.0007/ckpt-last.pth
2023-09-27 10:10:24,519 - fewshot_modelnet_transferring_features - INFO - [Training] EPOCH: 90 EpochTime = 0.969 (s) Losses = ['0.0353', '100.0000'] lr = 0.000242
2023-09-27 10:10:25,804 - fewshot_modelnet_transferring_features - INFO - [Validation] EPOCH: 90  acc = 96.0000
2023-09-27 10:10:27,875 - fewshot_modelnet_transferring_features - INFO - Save checkpoint at ./experiments/fewshot_modelnet_transferring_features/cfgs/LR_0.0007/ckpt-last.pth
2023-09-27 10:10:28,951 - fewshot_modelnet_transferring_features - INFO - [Training] EPOCH: 91 EpochTime = 1.006 (s) Losses = ['0.0411', '100.0000'] lr = 0.000236
2023-09-27 10:10:30,106 - fewshot_modelnet_transferring_features - INFO - [Validation] EPOCH: 91  acc = 96.0000
2023-09-27 10:10:32,115 - fewshot_modelnet_transferring_features - INFO - Save checkpoint at ./experiments/fewshot_modelnet_transferring_features/cfgs/LR_0.0007/ckpt-last.pth
2023-09-27 10:10:33,095 - fewshot_modelnet_transferring_features - INFO - [Training] EPOCH: 92 EpochTime = 0.977 (s) Losses = ['0.0569', '100.0000'] lr = 0.000229
2023-09-27 10:10:34,266 - fewshot_modelnet_transferring_features - INFO - [Validation] EPOCH: 92  acc = 95.0000
2023-09-27 10:10:36,693 - fewshot_modelnet_transferring_features - INFO - Save checkpoint at ./experiments/fewshot_modelnet_transferring_features/cfgs/LR_0.0007/ckpt-last.pth
2023-09-27 10:10:37,695 - fewshot_modelnet_transferring_features - INFO - [Training] EPOCH: 93 EpochTime = 1.000 (s) Losses = ['0.0566', '100.0000'] lr = 0.000222
2023-09-27 10:10:38,708 - fewshot_modelnet_transferring_features - INFO - [Validation] EPOCH: 93  acc = 96.0000
2023-09-27 10:10:40,301 - fewshot_modelnet_transferring_features - INFO - Save checkpoint at ./experiments/fewshot_modelnet_transferring_features/cfgs/LR_0.0007/ckpt-last.pth
2023-09-27 10:10:41,239 - fewshot_modelnet_transferring_features - INFO - [Training] EPOCH: 94 EpochTime = 0.935 (s) Losses = ['0.0534', '100.0000'] lr = 0.000215
2023-09-27 10:10:42,319 - fewshot_modelnet_transferring_features - INFO - [Validation] EPOCH: 94  acc = 96.0000
2023-09-27 10:10:44,122 - fewshot_modelnet_transferring_features - INFO - Save checkpoint at ./experiments/fewshot_modelnet_transferring_features/cfgs/LR_0.0007/ckpt-last.pth
2023-09-27 10:10:44,988 - fewshot_modelnet_transferring_features - INFO - [Training] EPOCH: 95 EpochTime = 0.864 (s) Losses = ['0.0420', '100.0000'] lr = 0.000208
2023-09-27 10:10:46,062 - fewshot_modelnet_transferring_features - INFO - [Validation] EPOCH: 95  acc = 96.0000
2023-09-27 10:10:48,328 - fewshot_modelnet_transferring_features - INFO - Save checkpoint at ./experiments/fewshot_modelnet_transferring_features/cfgs/LR_0.0007/ckpt-last.pth
2023-09-27 10:10:49,428 - fewshot_modelnet_transferring_features - INFO - [Training] EPOCH: 96 EpochTime = 1.098 (s) Losses = ['0.0353', '100.0000'] lr = 0.000202
2023-09-27 10:10:50,663 - fewshot_modelnet_transferring_features - INFO - [Validation] EPOCH: 96  acc = 95.0000
2023-09-27 10:10:52,781 - fewshot_modelnet_transferring_features - INFO - Save checkpoint at ./experiments/fewshot_modelnet_transferring_features/cfgs/LR_0.0007/ckpt-last.pth
2023-09-27 10:10:53,943 - fewshot_modelnet_transferring_features - INFO - [Training] EPOCH: 97 EpochTime = 1.159 (s) Losses = ['0.0415', '100.0000'] lr = 0.000195
2023-09-27 10:10:54,883 - fewshot_modelnet_transferring_features - INFO - [Validation] EPOCH: 97  acc = 95.0000
2023-09-27 10:10:56,445 - fewshot_modelnet_transferring_features - INFO - Save checkpoint at ./experiments/fewshot_modelnet_transferring_features/cfgs/LR_0.0007/ckpt-last.pth
2023-09-27 10:10:57,295 - fewshot_modelnet_transferring_features - INFO - [Training] EPOCH: 98 EpochTime = 0.847 (s) Losses = ['0.0496', '100.0000'] lr = 0.000189
2023-09-27 10:10:58,422 - fewshot_modelnet_transferring_features - INFO - [Validation] EPOCH: 98  acc = 95.0000
2023-09-27 10:11:00,699 - fewshot_modelnet_transferring_features - INFO - Save checkpoint at ./experiments/fewshot_modelnet_transferring_features/cfgs/LR_0.0007/ckpt-last.pth
2023-09-27 10:11:01,608 - fewshot_modelnet_transferring_features - INFO - [Training] EPOCH: 99 EpochTime = 0.907 (s) Losses = ['0.0318', '100.0000'] lr = 0.000182
2023-09-27 10:11:02,734 - fewshot_modelnet_transferring_features - INFO - [Validation] EPOCH: 99  acc = 95.0000
2023-09-27 10:11:04,529 - fewshot_modelnet_transferring_features - INFO - Save checkpoint at ./experiments/fewshot_modelnet_transferring_features/cfgs/LR_0.0007/ckpt-last.pth
2023-09-27 10:11:05,428 - fewshot_modelnet_transferring_features - INFO - [Training] EPOCH: 100 EpochTime = 0.897 (s) Losses = ['0.0372', '100.0000'] lr = 0.000176
2023-09-27 10:11:06,460 - fewshot_modelnet_transferring_features - INFO - [Validation] EPOCH: 100  acc = 95.0000
2023-09-27 10:11:08,121 - fewshot_modelnet_transferring_features - INFO - Save checkpoint at ./experiments/fewshot_modelnet_transferring_features/cfgs/LR_0.0007/ckpt-last.pth
2023-09-27 10:11:09,100 - fewshot_modelnet_transferring_features - INFO - [Training] EPOCH: 101 EpochTime = 0.890 (s) Losses = ['0.0365', '100.0000'] lr = 0.000169
2023-09-27 10:11:10,552 - fewshot_modelnet_transferring_features - INFO - [Validation] EPOCH: 101  acc = 96.0000
2023-09-27 10:11:12,310 - fewshot_modelnet_transferring_features - INFO - Save checkpoint at ./experiments/fewshot_modelnet_transferring_features/cfgs/LR_0.0007/ckpt-last.pth
2023-09-27 10:11:13,269 - fewshot_modelnet_transferring_features - INFO - [Training] EPOCH: 102 EpochTime = 0.956 (s) Losses = ['0.0384', '100.0000'] lr = 0.000163
2023-09-27 10:11:14,406 - fewshot_modelnet_transferring_features - INFO - [Validation] EPOCH: 102  acc = 96.0000
2023-09-27 10:11:16,636 - fewshot_modelnet_transferring_features - INFO - Save checkpoint at ./experiments/fewshot_modelnet_transferring_features/cfgs/LR_0.0007/ckpt-last.pth
2023-09-27 10:11:17,504 - fewshot_modelnet_transferring_features - INFO - [Training] EPOCH: 103 EpochTime = 0.867 (s) Losses = ['0.0277', '100.0000'] lr = 0.000157
2023-09-27 10:11:18,612 - fewshot_modelnet_transferring_features - INFO - [Validation] EPOCH: 103  acc = 96.0000
2023-09-27 10:11:20,865 - fewshot_modelnet_transferring_features - INFO - Save checkpoint at ./experiments/fewshot_modelnet_transferring_features/cfgs/LR_0.0007/ckpt-last.pth
2023-09-27 10:11:21,835 - fewshot_modelnet_transferring_features - INFO - [Training] EPOCH: 104 EpochTime = 0.968 (s) Losses = ['0.0519', '100.0000'] lr = 0.000151
2023-09-27 10:11:23,069 - fewshot_modelnet_transferring_features - INFO - [Validation] EPOCH: 104  acc = 96.0000
2023-09-27 10:11:24,783 - fewshot_modelnet_transferring_features - INFO - Save checkpoint at ./experiments/fewshot_modelnet_transferring_features/cfgs/LR_0.0007/ckpt-last.pth
2023-09-27 10:11:25,764 - fewshot_modelnet_transferring_features - INFO - [Training] EPOCH: 105 EpochTime = 0.978 (s) Losses = ['0.0454', '100.0000'] lr = 0.000145
2023-09-27 10:11:26,900 - fewshot_modelnet_transferring_features - INFO - [Validation] EPOCH: 105  acc = 95.0000
2023-09-27 10:11:28,535 - fewshot_modelnet_transferring_features - INFO - Save checkpoint at ./experiments/fewshot_modelnet_transferring_features/cfgs/LR_0.0007/ckpt-last.pth
2023-09-27 10:11:29,563 - fewshot_modelnet_transferring_features - INFO - [Training] EPOCH: 106 EpochTime = 1.026 (s) Losses = ['0.0363', '100.0000'] lr = 0.000139
2023-09-27 10:11:31,009 - fewshot_modelnet_transferring_features - INFO - [Validation] EPOCH: 106  acc = 95.0000
2023-09-27 10:11:32,884 - fewshot_modelnet_transferring_features - INFO - Save checkpoint at ./experiments/fewshot_modelnet_transferring_features/cfgs/LR_0.0007/ckpt-last.pth
2023-09-27 10:11:33,910 - fewshot_modelnet_transferring_features - INFO - [Training] EPOCH: 107 EpochTime = 1.024 (s) Losses = ['0.0334', '100.0000'] lr = 0.000133
2023-09-27 10:11:35,018 - fewshot_modelnet_transferring_features - INFO - [Validation] EPOCH: 107  acc = 94.0000
2023-09-27 10:11:37,316 - fewshot_modelnet_transferring_features - INFO - Save checkpoint at ./experiments/fewshot_modelnet_transferring_features/cfgs/LR_0.0007/ckpt-last.pth
2023-09-27 10:11:38,123 - fewshot_modelnet_transferring_features - INFO - [Training] EPOCH: 108 EpochTime = 0.805 (s) Losses = ['0.0356', '100.0000'] lr = 0.000128
2023-09-27 10:11:39,249 - fewshot_modelnet_transferring_features - INFO - [Validation] EPOCH: 108  acc = 94.0000
2023-09-27 10:11:41,561 - fewshot_modelnet_transferring_features - INFO - Save checkpoint at ./experiments/fewshot_modelnet_transferring_features/cfgs/LR_0.0007/ckpt-last.pth
2023-09-27 10:11:42,525 - fewshot_modelnet_transferring_features - INFO - [Training] EPOCH: 109 EpochTime = 0.962 (s) Losses = ['0.0337', '100.0000'] lr = 0.000122
2023-09-27 10:11:43,543 - fewshot_modelnet_transferring_features - INFO - [Validation] EPOCH: 109  acc = 94.0000
2023-09-27 10:11:45,730 - fewshot_modelnet_transferring_features - INFO - Save checkpoint at ./experiments/fewshot_modelnet_transferring_features/cfgs/LR_0.0007/ckpt-last.pth
2023-09-27 10:11:46,532 - fewshot_modelnet_transferring_features - INFO - [Training] EPOCH: 110 EpochTime = 0.799 (s) Losses = ['0.0321', '100.0000'] lr = 0.000117
2023-09-27 10:11:47,488 - fewshot_modelnet_transferring_features - INFO - [Validation] EPOCH: 110  acc = 94.0000
2023-09-27 10:11:49,574 - fewshot_modelnet_transferring_features - INFO - Save checkpoint at ./experiments/fewshot_modelnet_transferring_features/cfgs/LR_0.0007/ckpt-last.pth
2023-09-27 10:11:50,527 - fewshot_modelnet_transferring_features - INFO - [Training] EPOCH: 111 EpochTime = 0.950 (s) Losses = ['0.0496', '100.0000'] lr = 0.000111
2023-09-27 10:11:51,733 - fewshot_modelnet_transferring_features - INFO - [Validation] EPOCH: 111  acc = 94.0000
2023-09-27 10:11:53,914 - fewshot_modelnet_transferring_features - INFO - Save checkpoint at ./experiments/fewshot_modelnet_transferring_features/cfgs/LR_0.0007/ckpt-last.pth
2023-09-27 10:11:55,083 - fewshot_modelnet_transferring_features - INFO - [Training] EPOCH: 112 EpochTime = 1.167 (s) Losses = ['0.0362', '100.0000'] lr = 0.000106
2023-09-27 10:11:56,349 - fewshot_modelnet_transferring_features - INFO - [Validation] EPOCH: 112  acc = 94.0000
2023-09-27 10:11:58,526 - fewshot_modelnet_transferring_features - INFO - Save checkpoint at ./experiments/fewshot_modelnet_transferring_features/cfgs/LR_0.0007/ckpt-last.pth
2023-09-27 10:12:00,000 - fewshot_modelnet_transferring_features - INFO - [Training] EPOCH: 113 EpochTime = 1.471 (s) Losses = ['0.0406', '100.0000'] lr = 0.000101
2023-09-27 10:12:01,308 - fewshot_modelnet_transferring_features - INFO - [Validation] EPOCH: 113  acc = 95.0000
2023-09-27 10:12:03,173 - fewshot_modelnet_transferring_features - INFO - Save checkpoint at ./experiments/fewshot_modelnet_transferring_features/cfgs/LR_0.0007/ckpt-last.pth
2023-09-27 10:12:04,215 - fewshot_modelnet_transferring_features - INFO - [Training] EPOCH: 114 EpochTime = 1.040 (s) Losses = ['0.0387', '100.0000'] lr = 0.000096
2023-09-27 10:12:05,314 - fewshot_modelnet_transferring_features - INFO - [Validation] EPOCH: 114  acc = 94.0000
2023-09-27 10:12:06,873 - fewshot_modelnet_transferring_features - INFO - Save checkpoint at ./experiments/fewshot_modelnet_transferring_features/cfgs/LR_0.0007/ckpt-last.pth
2023-09-27 10:12:07,783 - fewshot_modelnet_transferring_features - INFO - [Training] EPOCH: 115 EpochTime = 0.908 (s) Losses = ['0.0348', '100.0000'] lr = 0.000091
2023-09-27 10:12:09,135 - fewshot_modelnet_transferring_features - INFO - [Validation] EPOCH: 115  acc = 94.0000
2023-09-27 10:12:10,849 - fewshot_modelnet_transferring_features - INFO - Save checkpoint at ./experiments/fewshot_modelnet_transferring_features/cfgs/LR_0.0007/ckpt-last.pth
2023-09-27 10:12:11,702 - fewshot_modelnet_transferring_features - INFO - [Training] EPOCH: 116 EpochTime = 0.851 (s) Losses = ['0.0350', '100.0000'] lr = 0.000086
2023-09-27 10:12:12,762 - fewshot_modelnet_transferring_features - INFO - [Validation] EPOCH: 116  acc = 95.0000
2023-09-27 10:12:14,888 - fewshot_modelnet_transferring_features - INFO - Save checkpoint at ./experiments/fewshot_modelnet_transferring_features/cfgs/LR_0.0007/ckpt-last.pth
2023-09-27 10:12:15,920 - fewshot_modelnet_transferring_features - INFO - [Training] EPOCH: 117 EpochTime = 1.029 (s) Losses = ['0.0270', '100.0000'] lr = 0.000081
2023-09-27 10:12:17,170 - fewshot_modelnet_transferring_features - INFO - [Validation] EPOCH: 117  acc = 96.0000
2023-09-27 10:12:19,269 - fewshot_modelnet_transferring_features - INFO - Save checkpoint at ./experiments/fewshot_modelnet_transferring_features/cfgs/LR_0.0007/ckpt-last.pth
2023-09-27 10:12:20,345 - fewshot_modelnet_transferring_features - INFO - [Training] EPOCH: 118 EpochTime = 1.073 (s) Losses = ['0.0278', '100.0000'] lr = 0.000077
2023-09-27 10:12:21,599 - fewshot_modelnet_transferring_features - INFO - [Validation] EPOCH: 118  acc = 96.0000
2023-09-27 10:12:23,368 - fewshot_modelnet_transferring_features - INFO - Save checkpoint at ./experiments/fewshot_modelnet_transferring_features/cfgs/LR_0.0007/ckpt-last.pth
2023-09-27 10:12:24,270 - fewshot_modelnet_transferring_features - INFO - [Training] EPOCH: 119 EpochTime = 0.900 (s) Losses = ['0.0462', '100.0000'] lr = 0.000072
2023-09-27 10:12:25,309 - fewshot_modelnet_transferring_features - INFO - [Validation] EPOCH: 119  acc = 96.0000
2023-09-27 10:12:26,856 - fewshot_modelnet_transferring_features - INFO - Save checkpoint at ./experiments/fewshot_modelnet_transferring_features/cfgs/LR_0.0007/ckpt-last.pth
2023-09-27 10:12:27,726 - fewshot_modelnet_transferring_features - INFO - [Training] EPOCH: 120 EpochTime = 0.867 (s) Losses = ['0.0287', '100.0000'] lr = 0.000068
2023-09-27 10:12:28,859 - fewshot_modelnet_transferring_features - INFO - [Validation] EPOCH: 120  acc = 96.0000
2023-09-27 10:12:30,969 - fewshot_modelnet_transferring_features - INFO - Save checkpoint at ./experiments/fewshot_modelnet_transferring_features/cfgs/LR_0.0007/ckpt-last.pth
2023-09-27 10:12:31,794 - fewshot_modelnet_transferring_features - INFO - [Training] EPOCH: 121 EpochTime = 0.824 (s) Losses = ['0.0314', '100.0000'] lr = 0.000064
2023-09-27 10:12:33,043 - fewshot_modelnet_transferring_features - INFO - [Validation] EPOCH: 121  acc = 96.0000
2023-09-27 10:12:35,286 - fewshot_modelnet_transferring_features - INFO - Save checkpoint at ./experiments/fewshot_modelnet_transferring_features/cfgs/LR_0.0007/ckpt-last.pth
2023-09-27 10:12:36,169 - fewshot_modelnet_transferring_features - INFO - [Training] EPOCH: 122 EpochTime = 0.881 (s) Losses = ['0.0321', '100.0000'] lr = 0.000059
2023-09-27 10:12:37,244 - fewshot_modelnet_transferring_features - INFO - [Validation] EPOCH: 122  acc = 95.0000
2023-09-27 10:12:39,293 - fewshot_modelnet_transferring_features - INFO - Save checkpoint at ./experiments/fewshot_modelnet_transferring_features/cfgs/LR_0.0007/ckpt-last.pth
2023-09-27 10:12:40,291 - fewshot_modelnet_transferring_features - INFO - [Training] EPOCH: 123 EpochTime = 0.996 (s) Losses = ['0.0388', '100.0000'] lr = 0.000055
2023-09-27 10:12:41,651 - fewshot_modelnet_transferring_features - INFO - [Validation] EPOCH: 123  acc = 96.0000
2023-09-27 10:12:43,831 - fewshot_modelnet_transferring_features - INFO - Save checkpoint at ./experiments/fewshot_modelnet_transferring_features/cfgs/LR_0.0007/ckpt-last.pth
2023-09-27 10:12:45,301 - fewshot_modelnet_transferring_features - INFO - [Training] EPOCH: 124 EpochTime = 1.467 (s) Losses = ['0.0369', '100.0000'] lr = 0.000052
2023-09-27 10:12:46,359 - fewshot_modelnet_transferring_features - INFO - [Validation] EPOCH: 124  acc = 96.0000
2023-09-27 10:12:48,523 - fewshot_modelnet_transferring_features - INFO - Save checkpoint at ./experiments/fewshot_modelnet_transferring_features/cfgs/LR_0.0007/ckpt-last.pth
2023-09-27 10:12:49,438 - fewshot_modelnet_transferring_features - INFO - [Training] EPOCH: 125 EpochTime = 0.913 (s) Losses = ['0.0598', '100.0000'] lr = 0.000048
2023-09-27 10:12:50,579 - fewshot_modelnet_transferring_features - INFO - [Validation] EPOCH: 125  acc = 95.0000
2023-09-27 10:12:52,630 - fewshot_modelnet_transferring_features - INFO - Save checkpoint at ./experiments/fewshot_modelnet_transferring_features/cfgs/LR_0.0007/ckpt-last.pth
2023-09-27 10:12:53,633 - fewshot_modelnet_transferring_features - INFO - [Training] EPOCH: 126 EpochTime = 1.002 (s) Losses = ['0.0420', '100.0000'] lr = 0.000044
2023-09-27 10:12:54,702 - fewshot_modelnet_transferring_features - INFO - [Validation] EPOCH: 126  acc = 95.0000
2023-09-27 10:12:56,318 - fewshot_modelnet_transferring_features - INFO - Save checkpoint at ./experiments/fewshot_modelnet_transferring_features/cfgs/LR_0.0007/ckpt-last.pth
2023-09-27 10:12:57,180 - fewshot_modelnet_transferring_features - INFO - [Training] EPOCH: 127 EpochTime = 0.861 (s) Losses = ['0.0320', '100.0000'] lr = 0.000041
2023-09-27 10:12:58,343 - fewshot_modelnet_transferring_features - INFO - [Validation] EPOCH: 127  acc = 95.0000
2023-09-27 10:13:00,209 - fewshot_modelnet_transferring_features - INFO - Save checkpoint at ./experiments/fewshot_modelnet_transferring_features/cfgs/LR_0.0007/ckpt-last.pth
2023-09-27 10:13:01,075 - fewshot_modelnet_transferring_features - INFO - [Training] EPOCH: 128 EpochTime = 0.864 (s) Losses = ['0.0515', '100.0000'] lr = 0.000037
2023-09-27 10:13:02,110 - fewshot_modelnet_transferring_features - INFO - [Validation] EPOCH: 128  acc = 95.0000
2023-09-27 10:13:04,151 - fewshot_modelnet_transferring_features - INFO - Save checkpoint at ./experiments/fewshot_modelnet_transferring_features/cfgs/LR_0.0007/ckpt-last.pth
2023-09-27 10:13:04,966 - fewshot_modelnet_transferring_features - INFO - [Training] EPOCH: 129 EpochTime = 0.813 (s) Losses = ['0.0295', '100.0000'] lr = 0.000034
2023-09-27 10:13:06,050 - fewshot_modelnet_transferring_features - INFO - [Validation] EPOCH: 129  acc = 95.0000
2023-09-27 10:13:08,106 - fewshot_modelnet_transferring_features - INFO - Save checkpoint at ./experiments/fewshot_modelnet_transferring_features/cfgs/LR_0.0007/ckpt-last.pth
2023-09-27 10:13:09,144 - fewshot_modelnet_transferring_features - INFO - [Training] EPOCH: 130 EpochTime = 1.035 (s) Losses = ['0.0281', '100.0000'] lr = 0.000031
2023-09-27 10:13:10,329 - fewshot_modelnet_transferring_features - INFO - [Validation] EPOCH: 130  acc = 95.0000
2023-09-27 10:13:12,575 - fewshot_modelnet_transferring_features - INFO - Save checkpoint at ./experiments/fewshot_modelnet_transferring_features/cfgs/LR_0.0007/ckpt-last.pth
2023-09-27 10:13:13,596 - fewshot_modelnet_transferring_features - INFO - [Training] EPOCH: 131 EpochTime = 1.019 (s) Losses = ['0.0411', '100.0000'] lr = 0.000028
2023-09-27 10:13:14,709 - fewshot_modelnet_transferring_features - INFO - [Validation] EPOCH: 131  acc = 95.0000
2023-09-27 10:13:16,518 - fewshot_modelnet_transferring_features - INFO - Save checkpoint at ./experiments/fewshot_modelnet_transferring_features/cfgs/LR_0.0007/ckpt-last.pth
2023-09-27 10:13:17,393 - fewshot_modelnet_transferring_features - INFO - [Training] EPOCH: 132 EpochTime = 0.872 (s) Losses = ['0.0444', '100.0000'] lr = 0.000026
2023-09-27 10:13:18,392 - fewshot_modelnet_transferring_features - INFO - [Validation] EPOCH: 132  acc = 95.0000
2023-09-27 10:13:19,992 - fewshot_modelnet_transferring_features - INFO - Save checkpoint at ./experiments/fewshot_modelnet_transferring_features/cfgs/LR_0.0007/ckpt-last.pth
2023-09-27 10:13:20,926 - fewshot_modelnet_transferring_features - INFO - [Training] EPOCH: 133 EpochTime = 0.932 (s) Losses = ['0.0492', '100.0000'] lr = 0.000023
2023-09-27 10:13:22,483 - fewshot_modelnet_transferring_features - INFO - [Validation] EPOCH: 133  acc = 95.0000
2023-09-27 10:13:24,306 - fewshot_modelnet_transferring_features - INFO - Save checkpoint at ./experiments/fewshot_modelnet_transferring_features/cfgs/LR_0.0007/ckpt-last.pth
2023-09-27 10:13:25,250 - fewshot_modelnet_transferring_features - INFO - [Training] EPOCH: 134 EpochTime = 0.941 (s) Losses = ['0.0301', '100.0000'] lr = 0.000020
2023-09-27 10:13:26,456 - fewshot_modelnet_transferring_features - INFO - [Validation] EPOCH: 134  acc = 95.0000
2023-09-27 10:13:28,565 - fewshot_modelnet_transferring_features - INFO - Save checkpoint at ./experiments/fewshot_modelnet_transferring_features/cfgs/LR_0.0007/ckpt-last.pth
2023-09-27 10:13:29,707 - fewshot_modelnet_transferring_features - INFO - [Training] EPOCH: 135 EpochTime = 1.140 (s) Losses = ['0.0338', '100.0000'] lr = 0.000018
2023-09-27 10:13:30,881 - fewshot_modelnet_transferring_features - INFO - [Validation] EPOCH: 135  acc = 95.0000
2023-09-27 10:13:32,454 - fewshot_modelnet_transferring_features - INFO - Save checkpoint at ./experiments/fewshot_modelnet_transferring_features/cfgs/LR_0.0007/ckpt-last.pth
2023-09-27 10:13:33,390 - fewshot_modelnet_transferring_features - INFO - [Training] EPOCH: 136 EpochTime = 0.934 (s) Losses = ['0.0258', '100.0000'] lr = 0.000016
2023-09-27 10:13:34,384 - fewshot_modelnet_transferring_features - INFO - [Validation] EPOCH: 136  acc = 93.0000
2023-09-27 10:13:36,017 - fewshot_modelnet_transferring_features - INFO - Save checkpoint at ./experiments/fewshot_modelnet_transferring_features/cfgs/LR_0.0007/ckpt-last.pth
2023-09-27 10:13:36,860 - fewshot_modelnet_transferring_features - INFO - [Training] EPOCH: 137 EpochTime = 0.841 (s) Losses = ['0.0463', '100.0000'] lr = 0.000014
2023-09-27 10:13:37,840 - fewshot_modelnet_transferring_features - INFO - [Validation] EPOCH: 137  acc = 95.0000
2023-09-27 10:13:40,098 - fewshot_modelnet_transferring_features - INFO - Save checkpoint at ./experiments/fewshot_modelnet_transferring_features/cfgs/LR_0.0007/ckpt-last.pth
2023-09-27 10:13:40,998 - fewshot_modelnet_transferring_features - INFO - [Training] EPOCH: 138 EpochTime = 0.897 (s) Losses = ['0.0317', '100.0000'] lr = 0.000012
2023-09-27 10:13:42,244 - fewshot_modelnet_transferring_features - INFO - [Validation] EPOCH: 138  acc = 95.0000
2023-09-27 10:13:44,528 - fewshot_modelnet_transferring_features - INFO - Save checkpoint at ./experiments/fewshot_modelnet_transferring_features/cfgs/LR_0.0007/ckpt-last.pth
2023-09-27 10:13:45,592 - fewshot_modelnet_transferring_features - INFO - [Training] EPOCH: 139 EpochTime = 1.061 (s) Losses = ['0.0340', '100.0000'] lr = 0.000010
2023-09-27 10:13:46,800 - fewshot_modelnet_transferring_features - INFO - [Validation] EPOCH: 139  acc = 95.0000
2023-09-27 10:13:48,864 - fewshot_modelnet_transferring_features - INFO - Save checkpoint at ./experiments/fewshot_modelnet_transferring_features/cfgs/LR_0.0007/ckpt-last.pth
2023-09-27 10:13:49,996 - fewshot_modelnet_transferring_features - INFO - [Training] EPOCH: 140 EpochTime = 1.130 (s) Losses = ['0.0316', '100.0000'] lr = 0.000009
2023-09-27 10:13:50,980 - fewshot_modelnet_transferring_features - INFO - [Validation] EPOCH: 140  acc = 95.0000
2023-09-27 10:13:52,819 - fewshot_modelnet_transferring_features - INFO - Save checkpoint at ./experiments/fewshot_modelnet_transferring_features/cfgs/LR_0.0007/ckpt-last.pth
2023-09-27 10:13:53,734 - fewshot_modelnet_transferring_features - INFO - [Training] EPOCH: 141 EpochTime = 0.914 (s) Losses = ['0.0330', '100.0000'] lr = 0.000007
2023-09-27 10:13:55,122 - fewshot_modelnet_transferring_features - INFO - [Validation] EPOCH: 141  acc = 95.0000
2023-09-27 10:13:56,799 - fewshot_modelnet_transferring_features - INFO - Save checkpoint at ./experiments/fewshot_modelnet_transferring_features/cfgs/LR_0.0007/ckpt-last.pth
2023-09-27 10:13:58,858 - fewshot_modelnet_transferring_features - INFO - Save checkpoint at ./experiments/fewshot_modelnet_transferring_features/cfgs/LR_0.0007/ckpt-epoch-141.pth
2023-09-27 10:13:59,800 - fewshot_modelnet_transferring_features - INFO - [Training] EPOCH: 142 EpochTime = 0.939 (s) Losses = ['0.0324', '100.0000'] lr = 0.000006
2023-09-27 10:14:00,837 - fewshot_modelnet_transferring_features - INFO - [Validation] EPOCH: 142  acc = 95.0000
2023-09-27 10:14:03,107 - fewshot_modelnet_transferring_features - INFO - Save checkpoint at ./experiments/fewshot_modelnet_transferring_features/cfgs/LR_0.0007/ckpt-last.pth
2023-09-27 10:14:05,460 - fewshot_modelnet_transferring_features - INFO - Save checkpoint at ./experiments/fewshot_modelnet_transferring_features/cfgs/LR_0.0007/ckpt-epoch-142.pth
2023-09-27 10:14:06,389 - fewshot_modelnet_transferring_features - INFO - [Training] EPOCH: 143 EpochTime = 0.927 (s) Losses = ['0.0351', '100.0000'] lr = 0.000005
2023-09-27 10:14:07,578 - fewshot_modelnet_transferring_features - INFO - [Validation] EPOCH: 143  acc = 95.0000
2023-09-27 10:14:09,732 - fewshot_modelnet_transferring_features - INFO - Save checkpoint at ./experiments/fewshot_modelnet_transferring_features/cfgs/LR_0.0007/ckpt-last.pth
2023-09-27 10:14:11,693 - fewshot_modelnet_transferring_features - INFO - Save checkpoint at ./experiments/fewshot_modelnet_transferring_features/cfgs/LR_0.0007/ckpt-epoch-143.pth
2023-09-27 10:14:12,881 - fewshot_modelnet_transferring_features - INFO - [Training] EPOCH: 144 EpochTime = 1.183 (s) Losses = ['0.0412', '100.0000'] lr = 0.000004
2023-09-27 10:14:14,088 - fewshot_modelnet_transferring_features - INFO - [Validation] EPOCH: 144  acc = 95.0000
2023-09-27 10:14:16,189 - fewshot_modelnet_transferring_features - INFO - Save checkpoint at ./experiments/fewshot_modelnet_transferring_features/cfgs/LR_0.0007/ckpt-last.pth
2023-09-27 10:14:18,344 - fewshot_modelnet_transferring_features - INFO - Save checkpoint at ./experiments/fewshot_modelnet_transferring_features/cfgs/LR_0.0007/ckpt-epoch-144.pth
2023-09-27 10:14:19,432 - fewshot_modelnet_transferring_features - INFO - [Training] EPOCH: 145 EpochTime = 1.086 (s) Losses = ['0.0492', '100.0000'] lr = 0.000003
2023-09-27 10:14:20,511 - fewshot_modelnet_transferring_features - INFO - [Validation] EPOCH: 145  acc = 95.0000
2023-09-27 10:14:22,116 - fewshot_modelnet_transferring_features - INFO - Save checkpoint at ./experiments/fewshot_modelnet_transferring_features/cfgs/LR_0.0007/ckpt-last.pth
2023-09-27 10:14:24,319 - fewshot_modelnet_transferring_features - INFO - Save checkpoint at ./experiments/fewshot_modelnet_transferring_features/cfgs/LR_0.0007/ckpt-epoch-145.pth
2023-09-27 10:14:25,389 - fewshot_modelnet_transferring_features - INFO - [Training] EPOCH: 146 EpochTime = 1.068 (s) Losses = ['0.0381', '100.0000'] lr = 0.000002
2023-09-27 10:14:26,829 - fewshot_modelnet_transferring_features - INFO - [Validation] EPOCH: 146  acc = 95.0000
2023-09-27 10:14:28,662 - fewshot_modelnet_transferring_features - INFO - Save checkpoint at ./experiments/fewshot_modelnet_transferring_features/cfgs/LR_0.0007/ckpt-last.pth
2023-09-27 10:14:30,849 - fewshot_modelnet_transferring_features - INFO - Save checkpoint at ./experiments/fewshot_modelnet_transferring_features/cfgs/LR_0.0007/ckpt-epoch-146.pth
2023-09-27 10:14:31,815 - fewshot_modelnet_transferring_features - INFO - [Training] EPOCH: 147 EpochTime = 0.964 (s) Losses = ['0.0356', '100.0000'] lr = 0.000002
2023-09-27 10:14:33,193 - fewshot_modelnet_transferring_features - INFO - [Validation] EPOCH: 147  acc = 95.0000
2023-09-27 10:14:35,476 - fewshot_modelnet_transferring_features - INFO - Save checkpoint at ./experiments/fewshot_modelnet_transferring_features/cfgs/LR_0.0007/ckpt-last.pth
2023-09-27 10:14:37,687 - fewshot_modelnet_transferring_features - INFO - Save checkpoint at ./experiments/fewshot_modelnet_transferring_features/cfgs/LR_0.0007/ckpt-epoch-147.pth
2023-09-27 10:14:39,266 - fewshot_modelnet_transferring_features - INFO - [Training] EPOCH: 148 EpochTime = 1.572 (s) Losses = ['0.0598', '100.0000'] lr = 0.000001
2023-09-27 10:14:40,479 - fewshot_modelnet_transferring_features - INFO - [Validation] EPOCH: 148  acc = 95.0000
2023-09-27 10:14:42,942 - fewshot_modelnet_transferring_features - INFO - Save checkpoint at ./experiments/fewshot_modelnet_transferring_features/cfgs/LR_0.0007/ckpt-last.pth
2023-09-27 10:14:46,244 - fewshot_modelnet_transferring_features - INFO - Save checkpoint at ./experiments/fewshot_modelnet_transferring_features/cfgs/LR_0.0007/ckpt-epoch-148.pth
2023-09-27 10:14:47,247 - fewshot_modelnet_transferring_features - INFO - [Training] EPOCH: 149 EpochTime = 1.002 (s) Losses = ['0.0295', '100.0000'] lr = 0.000001
2023-09-27 10:14:48,341 - fewshot_modelnet_transferring_features - INFO - [Validation] EPOCH: 149  acc = 95.0000
2023-09-27 10:14:51,100 - fewshot_modelnet_transferring_features - INFO - Save checkpoint at ./experiments/fewshot_modelnet_transferring_features/cfgs/LR_0.0007/ckpt-last.pth
2023-09-27 10:14:53,154 - fewshot_modelnet_transferring_features - INFO - Save checkpoint at ./experiments/fewshot_modelnet_transferring_features/cfgs/LR_0.0007/ckpt-epoch-149.pth
2023-09-27 10:14:54,086 - fewshot_modelnet_transferring_features - INFO - [Training] EPOCH: 150 EpochTime = 0.930 (s) Losses = ['0.0359', '100.0000'] lr = 0.000001
2023-09-27 10:14:55,463 - fewshot_modelnet_transferring_features - INFO - [Validation] EPOCH: 150  acc = 95.0000
2023-09-27 10:14:57,545 - fewshot_modelnet_transferring_features - INFO - Save checkpoint at ./experiments/fewshot_modelnet_transferring_features/cfgs/LR_0.0007/ckpt-last.pth
2023-09-27 10:14:59,877 - fewshot_modelnet_transferring_features - INFO - Save checkpoint at ./experiments/fewshot_modelnet_transferring_features/cfgs/LR_0.0007/ckpt-epoch-150.pth
